<?xml version="1.0" encoding="UTF-8" ?>
<testsuite errors="0" failures="0" hostname="atalati-mac" name="org.netbeans.modules.java.hints.suggestions.TooStrongCastTest" skipped="0" tests="28" time="16.649" timestamp="2024-05-27T11:07:28">
  <properties>
    <property name="java/api.java.dir" value="/Users/atalati/vscode-extension/main-repo/javavscode/netbeans/nbbuild/netbeans/java" />
    <property name="php/php.apigen.dir" value="/Users/atalati/vscode-extension/main-repo/javavscode/netbeans/nbbuild/netbeans/php" />
    <property name="j2ee.ddloaders.dir" value="/Users/atalati/vscode-extension/main-repo/javavscode/netbeans/nbbuild/netbeans/enterprise" />
    <property name="java/java.guards.dir" value="/Users/atalati/vscode-extension/main-repo/javavscode/netbeans/nbbuild/netbeans/java" />
    <property name="java.hints.legacy.spi.dir" value="/Users/atalati/vscode-extension/main-repo/javavscode/netbeans/nbbuild/netbeans/java" />
    <property name="java/java.mx.project.dir" value="/Users/atalati/vscode-extension/main-repo/javavscode/netbeans/nbbuild/netbeans/java" />
    <property name="java/java.j2seplatform.dir" value="/Users/atalati/vscode-extension/main-repo/javavscode/netbeans/nbbuild/netbeans/java" />
    <property name="php.refactoring.dir" value="/Users/atalati/vscode-extension/main-repo/javavscode/netbeans/nbbuild/netbeans/php" />
    <property name="module.files.toString" value="patternSet{ includes: [modules/org-netbeans-modules-java-hints.jar, modules/docs/org-netbeans-modules-java-hints.jar:if-&gt;has.javahelp, config/Modules/org-netbeans-modules-java-hints.xml, config/ModuleAutoDeps/org-netbeans-modules-java-hints.xml:if-&gt;has.module.auto.deps, ant/nblib/org-netbeans-modules-java-hints.jar] excludes: [] }" />
    <property name="javascript2.source.query.dir" value="/Users/atalati/vscode-extension/main-repo/javavscode/netbeans/nbbuild/netbeans/webcommon" />
    <property name="java/debugger.jpda.kit.dir" value="/Users/atalati/vscode-extension/main-repo/javavscode/netbeans/nbbuild/netbeans/java" />
    <property name="enterprise/jakartaee9.api.dir" value="/Users/atalati/vscode-extension/main-repo/javavscode/netbeans/nbbuild/netbeans/enterprise" />
    <property name="nb.cluster.websvccommon.dir" value="websvccommon" />
    <property name="nb.cluster.webcommon.dir" value="webcommon" />
    <property name="webcommon/javascript2.jquery.dir" value="/Users/atalati/vscode-extension/main-repo/javavscode/netbeans/nbbuild/netbeans/webcommon" />
    <property name="openide.nodes.dir" value="/Users/atalati/vscode-extension/main-repo/javavscode/netbeans/nbbuild/netbeans/platform" />
    <property name="groovy/groovy.samples.dir" value="/Users/atalati/vscode-extension/main-repo/javavscode/netbeans/nbbuild/netbeans/groovy" />
    <property name="cpplite/cpplite.kit.dir" value="/Users/atalati/vscode-extension/main-repo/javavscode/netbeans/nbbuild/netbeans/cpplite" />
    <property name="profiler/profiler.nbmodule.dir" value="/Users/atalati/vscode-extension/main-repo/javavscode/netbeans/nbbuild/netbeans/profiler" />
    <property name="ide/editor.util.dir" value="/Users/atalati/vscode-extension/main-repo/javavscode/netbeans/nbbuild/netbeans/ide" />
    <property name="ant.freeform.dir" value="/Users/atalati/vscode-extension/main-repo/javavscode/netbeans/nbbuild/netbeans/java" />
    <property name="code.name.base.dashes" value="org-netbeans-modules-java-hints" />
    <property name="enterprise/j2ee.clientproject.dir" value="/Users/atalati/vscode-extension/main-repo/javavscode/netbeans/nbbuild/netbeans/enterprise" />
    <property name="cpplite/cpplite.debugger.dir" value="/Users/atalati/vscode-extension/main-repo/javavscode/netbeans/nbbuild/netbeans/cpplite" />
    <property name="ide/editor.tools.storage.dir" value="/Users/atalati/vscode-extension/main-repo/javavscode/netbeans/nbbuild/netbeans/ide" />
    <property name="ide/o.eclipse.mylyn.commons.net.dir" value="/Users/atalati/vscode-extension/main-repo/javavscode/netbeans/nbbuild/netbeans/ide" />
    <property name="gradle.dependencies.dir" value="/Users/atalati/vscode-extension/main-repo/javavscode/netbeans/nbbuild/netbeans/java" />
    <property name="groovy/groovy.gsp.dir" value="/Users/atalati/vscode-extension/main-repo/javavscode/netbeans/nbbuild/netbeans/groovy" />
    <property name="j2ee.persistenceapi.dir" value="/Users/atalati/vscode-extension/main-repo/javavscode/netbeans/nbbuild/netbeans/java" />
    <property name="websvc.restkit.dir" value="/Users/atalati/vscode-extension/main-repo/javavscode/netbeans/nbbuild/netbeans/enterprise" />
    <property name="nb.cluster.harness.depends" value="nb.cluster.platform" />
    <property name="o.eclipse.mylyn.tasks.core.dir" value="/Users/atalati/vscode-extension/main-repo/javavscode/netbeans/nbbuild/netbeans/ide" />
    <property name="payara.micro.dir" value="/Users/atalati/vscode-extension/main-repo/javavscode/netbeans/nbbuild/netbeans/enterprise" />
    <property name="ide/gsf.testrunner.ui.dir" value="/Users/atalati/vscode-extension/main-repo/javavscode/netbeans/nbbuild/netbeans/ide" />
    <property name="platform/core.multitabs.dir" value="/Users/atalati/vscode-extension/main-repo/javavscode/netbeans/nbbuild/netbeans/platform" />
    <property name="xml.wsdl.model.dir" value="/Users/atalati/vscode-extension/main-repo/javavscode/netbeans/nbbuild/netbeans/ide" />
    <property name="el.lexer.dir" value="/Users/atalati/vscode-extension/main-repo/javavscode/netbeans/nbbuild/netbeans/enterprise" />
    <property name="enterprise/cloud.oracle.dir" value="/Users/atalati/vscode-extension/main-repo/javavscode/netbeans/nbbuild/netbeans/enterprise" />
    <property name="php.api.templates.dir" value="/Users/atalati/vscode-extension/main-repo/javavscode/netbeans/nbbuild/netbeans/php" />
    <property name="enterprise/maven.j2ee.dir" value="/Users/atalati/vscode-extension/main-repo/javavscode/netbeans/nbbuild/netbeans/enterprise" />
    <property name="db.dataview.dir" value="/Users/atalati/vscode-extension/main-repo/javavscode/netbeans/nbbuild/netbeans/ide" />
    <property name="core.browser.webview.dir" value="/Users/atalati/vscode-extension/main-repo/javavscode/netbeans/nbbuild/netbeans/ide" />
    <property name="gradle.htmlui.dir" value="/Users/atalati/vscode-extension/main-repo/javavscode/netbeans/nbbuild/netbeans/java" />
    <property name="php/php.api.editor.dir" value="/Users/atalati/vscode-extension/main-repo/javavscode/netbeans/nbbuild/netbeans/php" />
    <property name="java.examples.dir" value="/Users/atalati/vscode-extension/main-repo/javavscode/netbeans/nbbuild/netbeans/java" />
    <property name="platform/javahelp.dir" value="/Users/atalati/vscode-extension/main-repo/javavscode/netbeans/nbbuild/netbeans/platform" />
    <property name="php/php.composer.dir" value="/Users/atalati/vscode-extension/main-repo/javavscode/netbeans/nbbuild/netbeans/php" />
    <property name="java/java.preprocessorbridge.dir" value="/Users/atalati/vscode-extension/main-repo/javavscode/netbeans/nbbuild/netbeans/java" />
    <property name="test.nbjdk.home" value="/Users/atalati/vscode-extension/main-repo/javavscode/netbeans/java/java.hints" />
    <property name="ide/c.jcraft.jzlib.dir" value="/Users/atalati/vscode-extension/main-repo/javavscode/netbeans/nbbuild/netbeans/ide" />
    <property name="form.kit.dir" value="/Users/atalati/vscode-extension/main-repo/javavscode/netbeans/nbbuild/netbeans/java" />
    <property name="libs.graaljs.dir" value="/Users/atalati/vscode-extension/main-repo/javavscode/netbeans/nbbuild/netbeans/webcommon" />
    <property name="bcprov.dir" value="/Users/atalati/vscode-extension/main-repo/javavscode/netbeans/nbbuild/netbeans/ide" />
    <property name="enterprise/web.jspparser.dir" value="/Users/atalati/vscode-extension/main-repo/javavscode/netbeans/nbbuild/netbeans/enterprise" />
    <property name="cloud.oracle.dir" value="/Users/atalati/vscode-extension/main-repo/javavscode/netbeans/nbbuild/netbeans/enterprise" />
    <property name="hints-tools.jar.location" value="/Library/Java/JavaVirtualMachines/jdk-17.0.8.jdk/Contents/Home/lib/tools.jar" />
    <property name="ide/bcutil.dir" value="/Users/atalati/vscode-extension/main-repo/javavscode/netbeans/nbbuild/netbeans/ide" />
    <property name="java/maven.embedder.dir" value="/Users/atalati/vscode-extension/main-repo/javavscode/netbeans/nbbuild/netbeans/java" />
    <property name="test.unit.src.dir" value="/Users/atalati/vscode-extension/main-repo/javavscode/netbeans/java/java.hints/test/unit/src" />
    <property name="web.browser.api.dir" value="/Users/atalati/vscode-extension/main-repo/javavscode/netbeans/nbbuild/netbeans/ide" />
    <property name="api.htmlui.dir" value="/Users/atalati/vscode-extension/main-repo/javavscode/netbeans/nbbuild/netbeans/platform" />
    <property name="libs.nbjavacapi.dir" value="/Users/atalati/vscode-extension/main-repo/javavscode/netbeans/nbbuild/netbeans/java" />
    <property name="java/gradle.spring.dir" value="/Users/atalati/vscode-extension/main-repo/javavscode/netbeans/nbbuild/netbeans/java" />
    <property name="platform/openide.text.dir" value="/Users/atalati/vscode-extension/main-repo/javavscode/netbeans/nbbuild/netbeans/platform" />
    <property name="j2ee.ejbjarproject.dir" value="/Users/atalati/vscode-extension/main-repo/javavscode/netbeans/nbbuild/netbeans/enterprise" />
    <property name="ide/html.parser.dir" value="/Users/atalati/vscode-extension/main-repo/javavscode/netbeans/nbbuild/netbeans/ide" />
    <property name="hudson.CONDA_PREFIX" value="/opt/homebrew/Caskroom/miniconda/base" />
    <property name="apisupport.kit.dir" value="/Users/atalati/vscode-extension/main-repo/javavscode/netbeans/nbbuild/netbeans/apisupport" />
    <property name="enterprise/websvc.design.dir" value="/Users/atalati/vscode-extension/main-repo/javavscode/netbeans/nbbuild/netbeans/enterprise" />
    <property name="enterprise/payara.micro.dir" value="/Users/atalati/vscode-extension/main-repo/javavscode/netbeans/nbbuild/netbeans/enterprise" />
    <property name="libs.nashorn.dir" value="/Users/atalati/vscode-extension/main-repo/javavscode/netbeans/nbbuild/netbeans/webcommon" />
    <property name="java/lib.nbjshell9.dir" value="/Users/atalati/vscode-extension/main-repo/javavscode/netbeans/nbbuild/netbeans/java" />
    <property name="ide/xml.axi.dir" value="/Users/atalati/vscode-extension/main-repo/javavscode/netbeans/nbbuild/netbeans/ide" />
    <property name="javascript2.extdoc.dir" value="/Users/atalati/vscode-extension/main-repo/javavscode/netbeans/nbbuild/netbeans/webcommon" />
    <property name="java.preprocessorbridge.dir" value="/Users/atalati/vscode-extension/main-repo/javavscode/netbeans/nbbuild/netbeans/java" />
    <property name="native.encoding" value="UTF-8" />
    <property name="test.unit.compile.cp" value="/Users/atalati/vscode-extension/main-repo/javavscode/netbeans/nbbuild/netbeans/platform/modules/org-netbeans-core.jar:/Users/atalati/vscode-extension/main-repo/javavscode/netbeans/nbbuild/netbeans/platform/core/core.jar:/Users/atalati/vscode-extension/main-repo/javavscode/netbeans/nbbuild/netbeans/harness/modules/org-netbeans-insane.jar:/Users/atalati/vscode-extension/main-repo/javavscode/netbeans/nbbuild/netbeans/platform/modules/org-netbeans-modules-queries.jar:/Users/atalati/vscode-extension/main-repo/javavscode/netbeans/nbbuild/netbeans/platform/core/org-openide-filesystems.jar:/Users/atalati/vscode-extension/main-repo/javavscode/netbeans/nbbuild/netbeans/platform/lib/org-openide-util-lookup.jar:/Users/atalati/vscode-extension/main-repo/javavscode/netbeans/nbbuild/netbeans/platform/lib/org-openide-util-ui.jar:/Users/atalati/vscode-extension/main-repo/javavscode/netbeans/nbbuild/netbeans/ide/modules/org-netbeans-libs-freemarker.jar:/Users/atalati/vscode-extension/main-repo/javavscode/netbeans/nbbuild/netbeans/platform/lib/org-openide-util.jar:/Users/atalati/vscode-extension/main-repo/javavscode/netbeans/nbbuild/netbeans/platform/modules/org-netbeans-libs-junit4.jar:/Users/atalati/vscode-extension/main-repo/javavscode/netbeans/nbbuild/netbeans/platform/modules/org-netbeans-libs-testng.jar:/Users/atalati/vscode-extension/main-repo/javavscode/netbeans/nbbuild/netbeans/platform/modules/org-netbeans-modules-editor-mimelookup.jar:/Users/atalati/vscode-extension/main-repo/javavscode/netbeans/nbbuild/build/testdist/unit/platform/org-netbeans-modules-editor-mimelookup/tests.jar:/Users/atalati/vscode-extension/main-repo/javavscode/netbeans/nbbuild/netbeans/platform/modules/org-netbeans-modules-editor-mimelookup-impl.jar:/Users/atalati/vscode-extension/main-repo/javavscode/netbeans/nbbuild/netbeans/extide/modules/org-netbeans-modules-options-java.jar:/Users/atalati/vscode-extension/main-repo/javavscode/netbeans/nbbuild/netbeans/ide/modules/org-netbeans-modules-editor-settings-storage.jar:/Users/atalati/vscode-extension/main-repo/javavscode/netbeans/nbbuild/netbeans/java/modules/org-netbeans-libs-javacapi.jar:/Users/atalati/vscode-extension/main-repo/javavscode/netbeans/nbbuild/netbeans/ide/modules/org-apache-xml-resolver.jar:/Users/atalati/vscode-extension/main-repo/javavscode/netbeans/nbbuild/netbeans/platform/modules/org-netbeans-swing-plaf.jar:/Users/atalati/vscode-extension/main-repo/javavscode/netbeans/nbbuild/netbeans/ide/modules/org-netbeans-modules-editor-settings-lib.jar:/Users/atalati/vscode-extension/main-repo/javavscode/netbeans/nbbuild/netbeans/platform/modules/org-netbeans-modules-autoupdate-services.jar:/Users/atalati/vscode-extension/main-repo/javavscode/netbeans/nbbuild/netbeans/ide/modules/org-netbeans-modules-editor-document.jar:/Users/atalati/vscode-extension/main-repo/javavscode/netbeans/nbbuild/netbeans/ide/modules/org-netbeans-modules-extexecution.jar:/Users/atalati/vscode-extension/main-repo/javavscode/netbeans/nbbuild/netbeans/java/modules/org-netbeans-api-java.jar:/Users/atalati/vscode-extension/main-repo/javavscode/netbeans/nbbuild/netbeans/ide/modules/org-netbeans-modules-xml-catalog.jar:/Users/atalati/vscode-extension/main-repo/javavscode/netbeans/nbbuild/netbeans/ide/modules/org-netbeans-modules-project-ant-ui.jar:/Users/atalati/vscode-extension/main-repo/javavscode/netbeans/nbbuild/netbeans/platform/modules/org-netbeans-modules-options-api.jar:/Users/atalati/vscode-extension/main-repo/javavscode/netbeans/nbbuild/netbeans/platform/lib/org-openide-modules.jar:/Users/atalati/vscode-extension/main-repo/javavscode/netbeans/nbbuild/netbeans/platform/modules/org-netbeans-api-search.jar:/Users/atalati/vscode-extension/main-repo/javavscode/netbeans/nbbuild/netbeans/java/modules/org-netbeans-modules-java-platform-ui.jar:/Users/atalati/vscode-extension/main-repo/javavscode/netbeans/nbbuild/netbeans/ide/modules/org-netbeans-modules-editor-guards.jar:/Users/atalati/vscode-extension/main-repo/javavscode/netbeans/nbbuild/netbeans/platform/modules/org-openide-filesystems-nb.jar:/Users/atalati/vscode-extension/main-repo/javavscode/netbeans/nbbuild/netbeans/ide/modules/org-netbeans-spi-tasklist.jar:/Users/atalati/vscode-extension/main-repo/javavscode/netbeans/nbbuild/netbeans/platform/modules/org-netbeans-modules-keyring.jar:/Users/atalati/vscode-extension/main-repo/javavscode/netbeans/nbbuild/netbeans/java/modules/org-netbeans-lib-nbjavac.jar:/Users/atalati/vscode-extension/main-repo/javavscode/netbeans/nbbuild/netbeans/platform/modules/org-netbeans-api-templates.jar:/Users/atalati/vscode-extension/main-repo/javavscode/netbeans/nbbuild/netbeans/ide/modules/org-netbeans-spi-navigator.jar:/Users/atalati/vscode-extension/main-repo/javavscode/netbeans/nbbuild/netbeans/platform/modules/org-netbeans-api-annotations-common.jar:/Users/atalati/vscode-extension/main-repo/javavscode/netbeans/nbbuild/netbeans/java/modules/org-netbeans-spi-java-hints.jar:/Users/atalati/vscode-extension/main-repo/javavscode/netbeans/nbbuild/netbeans/ide/modules/org-netbeans-modules-refactoring-api.jar:/Users/atalati/vscode-extension/main-repo/javavscode/netbeans/nbbuild/netbeans/platform/lib/boot.jar:/Users/atalati/vscode-extension/main-repo/javavscode/netbeans/nbbuild/netbeans/ide/modules/org-netbeans-api-xml-ui.jar:/Users/atalati/vscode-extension/main-repo/javavscode/netbeans/nbbuild/netbeans/java/modules/org-netbeans-modules-refactoring-java.jar:/Users/atalati/vscode-extension/main-repo/javavscode/netbeans/nbbuild/netbeans/platform/modules/org-openide-execution.jar:/Users/atalati/vscode-extension/main-repo/javavscode/netbeans/nbbuild/netbeans/java/modules/org-netbeans-modules-classfile.jar:/Users/atalati/vscode-extension/main-repo/javavscode/netbeans/nbbuild/netbeans/platform/modules/org-netbeans-spi-quicksearch.jar:/Users/atalati/vscode-extension/main-repo/javavscode/netbeans/nbbuild/netbeans/platform/modules/org-openide-windows.jar:/Users/atalati/vscode-extension/main-repo/javavscode/netbeans/nbbuild/netbeans/ide/modules/org-netbeans-modules-editor-indent.jar:/Users/atalati/vscode-extension/main-repo/javavscode/netbeans/nbbuild/netbeans/java/modules/org-netbeans-modules-java-preprocessorbridge.jar:/Users/atalati/vscode-extension/main-repo/javavscode/netbeans/nbbuild/netbeans/platform/modules/org-netbeans-modules-sampler.jar:/Users/atalati/vscode-extension/main-repo/javavscode/netbeans/nbbuild/netbeans/java/modules/org-netbeans-modules-java-sourceui.jar:/Users/atalati/vscode-extension/main-repo/javavscode/netbeans/nbbuild/netbeans/ide/modules/org-netbeans-modules-gototest.jar:/Users/atalati/vscode-extension/main-repo/javavscode/netbeans/nbbuild/netbeans/java/modules/org-netbeans-api-debugger-jpda.jar:/Users/atalati/vscode-extension/main-repo/javavscode/netbeans/nbbuild/netbeans/platform/modules/org-openide-dialogs.jar:/Users/atalati/vscode-extension/main-repo/javavscode/netbeans/nbbuild/netbeans/ide/modules/org-netbeans-modules-projectuiapi.jar:/Users/atalati/vscode-extension/main-repo/javavscode/netbeans/nbbuild/netbeans/ide/modules/org-netbeans-modules-editor-errorstripe.jar:/Users/atalati/vscode-extension/main-repo/javavscode/netbeans/nbbuild/netbeans/ide/modules/org-netbeans-modules-projectapi.jar:/Users/atalati/vscode-extension/main-repo/javavscode/netbeans/nbbuild/netbeans/ide/modules/org-netbeans-modules-gsf-testrunner-ui.jar:/Users/atalati/vscode-extension/main-repo/javavscode/netbeans/nbbuild/netbeans/ide/modules/org-netbeans-modules-project-libraries-ui.jar:/Users/atalati/vscode-extension/main-repo/javavscode/netbeans/nbbuild/netbeans/platform/modules/org-openide-awt.jar:/Users/atalati/vscode-extension/main-repo/javavscode/netbeans/nbbuild/netbeans/platform/modules/org-openide-actions.jar:/Users/atalati/vscode-extension/main-repo/javavscode/netbeans/nbbuild/netbeans/java/modules/org-netbeans-modules-java-source.jar:/Users/atalati/vscode-extension/main-repo/javavscode/netbeans/nbbuild/netbeans/ide/modules/org-netbeans-modules-editor.jar:/Users/atalati/vscode-extension/main-repo/javavscode/netbeans/nbbuild/netbeans/ide/modules/org-netbeans-modules-editor-settings.jar:/Users/atalati/vscode-extension/main-repo/javavscode/netbeans/nbbuild/netbeans/platform/modules/org-netbeans-api-io.jar:/Users/atalati/vscode-extension/main-repo/javavscode/netbeans/nbbuild/netbeans/platform/modules/org-netbeans-api-intent.jar:/Users/atalati/vscode-extension/main-repo/javavscode/netbeans/nbbuild/netbeans/platform/modules/org-openide-loaders.jar:/Users/atalati/vscode-extension/main-repo/javavscode/netbeans/nbbuild/netbeans/platform/modules/org-openide-nodes.jar:/Users/atalati/vscode-extension/main-repo/javavscode/netbeans/nbbuild/netbeans/platform/modules/org-netbeans-swing-outline.jar:/Users/atalati/vscode-extension/main-repo/javavscode/netbeans/nbbuild/netbeans/platform/modules/org-netbeans-api-progress-nb.jar:/Users/atalati/vscode-extension/main-repo/javavscode/netbeans/nbbuild/netbeans/java/modules/org-netbeans-modules-java-completion.jar:/Users/atalati/vscode-extension/main-repo/javavscode/netbeans/nbbuild/netbeans/platform/modules/org-openide-io.jar:/Users/atalati/vscode-extension/main-repo/javavscode/netbeans/nbbuild/netbeans/ide/modules/org-netbeans-modules-options-editor.jar:/Users/atalati/vscode-extension/main-repo/javavscode/netbeans/nbbuild/netbeans/ide/modules/org-netbeans-modules-projectuiapi-base.jar:/Users/atalati/vscode-extension/main-repo/javavscode/netbeans/nbbuild/netbeans/platform/modules/org-netbeans-api-progress.jar:/Users/atalati/vscode-extension/main-repo/javavscode/netbeans/nbbuild/netbeans/ide/modules/org-netbeans-modules-editor-codetemplates.jar:/Users/atalati/vscode-extension/main-repo/javavscode/netbeans/nbbuild/netbeans/ide/modules/org-netbeans-api-xml.jar:/Users/atalati/vscode-extension/main-repo/javavscode/netbeans/nbbuild/netbeans/ide/modules/org-netbeans-modules-editor-fold.jar:/Users/atalati/vscode-extension/main-repo/javavscode/netbeans/nbbuild/netbeans/ide/modules/org-netbeans-modules-editor-fold-nbui.jar:/Users/atalati/vscode-extension/main-repo/javavscode/netbeans/nbbuild/netbeans/ide/modules/org-netbeans-modules-editor-completion.jar:/Users/atalati/vscode-extension/main-repo/javavscode/netbeans/nbbuild/netbeans/platform/core/org-netbeans-libs-asm.jar:/Users/atalati/vscode-extension/main-repo/javavscode/netbeans/nbbuild/netbeans/platform/modules/org-openide-text.jar:/Users/atalati/vscode-extension/main-repo/javavscode/netbeans/nbbuild/netbeans/ide/modules/org-netbeans-modules-jumpto.jar:/Users/atalati/vscode-extension/main-repo/javavscode/netbeans/nbbuild/netbeans/extide/modules/org-apache-tools-ant-module.jar:/Users/atalati/vscode-extension/main-repo/javavscode/netbeans/nbbuild/netbeans/platform/modules/org-netbeans-modules-options-keymap.jar:/Users/atalati/vscode-extension/main-repo/javavscode/netbeans/nbbuild/netbeans/ide/modules/org-netbeans-modules-project-indexingbridge.jar:/Users/atalati/vscode-extension/main-repo/javavscode/netbeans/nbbuild/netbeans/ide/modules/org-netbeans-modules-diff.jar:/Users/atalati/vscode-extension/main-repo/javavscode/netbeans/nbbuild/netbeans/ide/modules/org-netbeans-modules-project-spi-intern.jar:/Users/atalati/vscode-extension/main-repo/javavscode/netbeans/nbbuild/netbeans/ide/modules/org-netbeans-api-java-classpath.jar:/Users/atalati/vscode-extension/main-repo/javavscode/netbeans/nbbuild/netbeans/ide/modules/org-netbeans-modules-lexer.jar:/Users/atalati/vscode-extension/main-repo/javavscode/netbeans/nbbuild/netbeans/java/modules/org-netbeans-modules-libs-corba-omgapi.jar:/Users/atalati/vscode-extension/main-repo/javavscode/netbeans/nbbuild/netbeans/ide/modules/org-netbeans-modules-project-ant.jar:/Users/atalati/vscode-extension/main-repo/javavscode/netbeans/nbbuild/netbeans/java/modules/org-netbeans-modules-java-platform.jar:/Users/atalati/vscode-extension/main-repo/javavscode/netbeans/nbbuild/netbeans/ide/modules/org-netbeans-modules-editor-indent-project.jar:/Users/atalati/vscode-extension/main-repo/javavscode/netbeans/nbbuild/netbeans/ide/modules/org-netbeans-spi-editor-hints.jar:/Users/atalati/vscode-extension/main-repo/javavscode/netbeans/nbbuild/netbeans/java/modules/org-netbeans-modules-java-lexer.jar:/Users/atalati/vscode-extension/main-repo/javavscode/netbeans/nbbuild/netbeans/java/modules/org-netbeans-modules-java-editor.jar:/Users/atalati/vscode-extension/main-repo/javavscode/netbeans/nbbuild/netbeans/java/modules/org-netbeans-modules-java-file-launcher.jar:/Users/atalati/vscode-extension/main-repo/javavscode/netbeans/nbbuild/netbeans/ide/modules/org-netbeans-modules-editor-util.jar:/Users/atalati/vscode-extension/main-repo/javavscode/netbeans/nbbuild/netbeans/java/modules/org-netbeans-modules-java-editor-base.jar:/Users/atalati/vscode-extension/main-repo/javavscode/netbeans/nbbuild/netbeans/platform/modules/org-netbeans-core-multiview.jar:/Users/atalati/vscode-extension/main-repo/javavscode/netbeans/nbbuild/netbeans/ide/modules/org-netbeans-modules-code-analysis.jar:/Users/atalati/vscode-extension/main-repo/javavscode/netbeans/nbbuild/netbeans/ide/modules/org-netbeans-modules-parsing-indexing.jar:/Users/atalati/vscode-extension/main-repo/javavscode/netbeans/nbbuild/netbeans/platform/modules/org-netbeans-modules-settings.jar:/Users/atalati/vscode-extension/main-repo/javavscode/netbeans/nbbuild/netbeans/ide/modules/org-netbeans-modules-editor-errorstripe-api.jar:/Users/atalati/vscode-extension/main-repo/javavscode/netbeans/nbbuild/netbeans/java/modules/org-netbeans-modules-java-project.jar:/Users/atalati/vscode-extension/main-repo/javavscode/netbeans/nbbuild/netbeans/platform/modules/org-netbeans-modules-masterfs.jar:/Users/atalati/vscode-extension/main-repo/javavscode/netbeans/nbbuild/netbeans/ide/modules/org-netbeans-libs-lucene.jar:/Users/atalati/vscode-extension/main-repo/javavscode/netbeans/nbbuild/netbeans/platform/modules/org-openide-explorer.jar:/Users/atalati/vscode-extension/main-repo/javavscode/netbeans/nbbuild/netbeans/java/modules/org-netbeans-modules-whitelist.jar:/Users/atalati/vscode-extension/main-repo/javavscode/netbeans/nbbuild/netbeans/ide/modules/org-netbeans-modules-editor-lib.jar:/Users/atalati/vscode-extension/main-repo/javavscode/netbeans/nbbuild/netbeans/ide/modules/org-netbeans-modules-project-libraries.jar:/Users/atalati/vscode-extension/main-repo/javavscode/netbeans/nbbuild/netbeans/java/modules/org-netbeans-modules-java-project-ui.jar:/Users/atalati/vscode-extension/main-repo/javavscode/netbeans/nbbuild/netbeans/ide/modules/org-netbeans-modules-editor-indent-support.jar:/Users/atalati/vscode-extension/main-repo/javavscode/netbeans/nbbuild/netbeans/platform/modules/org-netbeans-api-scripting.jar:/Users/atalati/vscode-extension/main-repo/javavscode/netbeans/nbbuild/netbeans/ide/modules/org-netbeans-modules-extexecution-base.jar:/Users/atalati/vscode-extension/main-repo/javavscode/netbeans/nbbuild/netbeans/platform/modules/org-netbeans-swing-tabcontrol.jar:/Users/atalati/vscode-extension/main-repo/javavscode/netbeans/nbbuild/netbeans/ide/modules/org-netbeans-modules-gsf-testrunner.jar:/Users/atalati/vscode-extension/main-repo/javavscode/netbeans/nbbuild/netbeans/ide/modules/org-netbeans-modules-parsing-lucene.jar:/Users/atalati/vscode-extension/main-repo/javavscode/netbeans/nbbuild/netbeans/java/modules/org-netbeans-modules-java-source-base.jar:/Users/atalati/vscode-extension/main-repo/javavscode/netbeans/nbbuild/netbeans/ide/modules/org-netbeans-api-lsp.jar:/Users/atalati/vscode-extension/main-repo/javavscode/netbeans/nbbuild/netbeans/platform/modules/org-netbeans-core-ui.jar:/Users/atalati/vscode-extension/main-repo/javavscode/netbeans/nbbuild/netbeans/ide/modules/org-netbeans-modules-editor-lib2.jar:/Users/atalati/vscode-extension/main-repo/javavscode/netbeans/nbbuild/netbeans/ide/modules/org-netbeans-modules-editor-bracesmatching.jar:/Users/atalati/vscode-extension/main-repo/javavscode/netbeans/nbbuild/netbeans/platform/core/core-base.jar:/Users/atalati/vscode-extension/main-repo/javavscode/netbeans/nbbuild/netbeans/platform/modules/org-netbeans-modules-javahelp.jar:/Users/atalati/vscode-extension/main-repo/javavscode/netbeans/nbbuild/netbeans/ide/modules/org-netbeans-modules-parsing-api.jar:/Users/atalati/vscode-extension/main-repo/javavscode/netbeans/nbbuild/netbeans/ide/modules/org-netbeans-api-debugger.jar:/Users/atalati/vscode-extension/main-repo/javavscode/netbeans/nbbuild/netbeans/java/modules/org-netbeans-modules-java-hints-test.jar:/Users/atalati/vscode-extension/main-repo/javavscode/netbeans/nbbuild/build/testdist/unit/java/org-netbeans-modules-java-source-base/tests.jar:/Users/atalati/vscode-extension/main-repo/javavscode/netbeans/nbbuild/netbeans/harness/modules/org-netbeans-modules-nbjunit.jar:/Users/atalati/vscode-extension/main-repo/javavscode/netbeans/nbbuild/build/testdist/unit/ide/org-netbeans-modules-parsing-api/tests.jar:/Users/atalati/vscode-extension/main-repo/javavscode/netbeans/nbbuild/build/testdist/unit/java/org-netbeans-spi-java-hints/tests.jar" />
    <property name="test.modules" value="java/java.completion,java/java.hints,java/java.source.base,java/java.lsp.server" />
    <property name="html.knockout.dir" value="/Users/atalati/vscode-extension/main-repo/javavscode/netbeans/nbbuild/netbeans/webcommon" />
    <property name="server.dir" value="/Users/atalati/vscode-extension/main-repo/javavscode/netbeans/nbbuild/netbeans/ide" />
    <property name="selenium2.webclient.dir" value="/Users/atalati/vscode-extension/main-repo/javavscode/netbeans/nbbuild/netbeans/webcommon" />
    <property name="platform/o.apache.commons.commons_io.dir" value="/Users/atalati/vscode-extension/main-repo/javavscode/netbeans/nbbuild/netbeans/platform" />
    <property name="websvc.restlib.dir" value="/Users/atalati/vscode-extension/main-repo/javavscode/netbeans/nbbuild/netbeans/enterprise" />
    <property name="ant.file.type" value="file" />
    <property name="ide/csl.types.dir" value="/Users/atalati/vscode-extension/main-repo/javavscode/netbeans/nbbuild/netbeans/ide" />
    <property name="ide/bugtracking.dir" value="/Users/atalati/vscode-extension/main-repo/javavscode/netbeans/nbbuild/netbeans/ide" />
    <property name="nb.cluster.dlight.depends" value="nb.cluster.platform,nb.cluster.ide" />
    <property name="nb.cluster.extide" value="gradle,gradle.dists,gradle.editor,libs.gradle,o.apache.tools.ant.module,options.java" />
    <property name="spellchecker.bindings.properties.dir" value="/Users/atalati/vscode-extension/main-repo/javavscode/netbeans/nbbuild/netbeans/ide" />
    <property name="editor.fold.dir" value="/Users/atalati/vscode-extension/main-repo/javavscode/netbeans/nbbuild/netbeans/ide" />
    <property name="maven.indexer.ui.dir" value="/Users/atalati/vscode-extension/main-repo/javavscode/netbeans/nbbuild/netbeans/java" />
    <property name="o.n.swing.laf.flatlaf.dir" value="/Users/atalati/vscode-extension/main-repo/javavscode/netbeans/nbbuild/netbeans/platform" />
    <property name="cpplite/cpplite.project.dir" value="/Users/atalati/vscode-extension/main-repo/javavscode/netbeans/nbbuild/netbeans/cpplite" />
    <property name="ide/extexecution.process.dir" value="/Users/atalati/vscode-extension/main-repo/javavscode/netbeans/nbbuild/netbeans/ide" />
    <property name="gradle.test.dir" value="/Users/atalati/vscode-extension/main-repo/javavscode/netbeans/nbbuild/netbeans/java" />
    <property name="platform/junitlib.dir" value="/Users/atalati/vscode-extension/main-repo/javavscode/netbeans/nbbuild/netbeans/platform" />
    <property name="platform/spi.actions.dir" value="/Users/atalati/vscode-extension/main-repo/javavscode/netbeans/nbbuild/netbeans/platform" />
    <property name="java.sourceui.dir" value="/Users/atalati/vscode-extension/main-repo/javavscode/netbeans/nbbuild/netbeans/java" />
    <property name="java.vm.specification.version" value="17" />
    <property name="debugger.jpda.ui.dir" value="/Users/atalati/vscode-extension/main-repo/javavscode/netbeans/nbbuild/netbeans/java" />
    <property name="o.apache.commons.lang.dir" value="/Users/atalati/vscode-extension/main-repo/javavscode/netbeans/nbbuild/netbeans/ide" />
    <property name="enterprise/websvc.utilities.dir" value="/Users/atalati/vscode-extension/main-repo/javavscode/netbeans/nbbuild/netbeans/enterprise" />
    <property name="spi.quicksearch.dir" value="/Users/atalati/vscode-extension/main-repo/javavscode/netbeans/nbbuild/netbeans/platform" />
    <property name="platform/core.multiview.dir" value="/Users/atalati/vscode-extension/main-repo/javavscode/netbeans/nbbuild/netbeans/platform" />
    <property name="enterprise/cloud.amazon.dir" value="/Users/atalati/vscode-extension/main-repo/javavscode/netbeans/nbbuild/netbeans/enterprise" />
    <property name="javahelp.search" value="JavaHelpSearch" />
    <property name="api.maven.dir" value="/Users/atalati/vscode-extension/main-repo/javavscode/netbeans/nbbuild/netbeans/java" />
    <property name="ide/hudson.subversion.dir" value="/Users/atalati/vscode-extension/main-repo/javavscode/netbeans/nbbuild/netbeans/ide" />
    <property name="java/nashorn.execution.dir" value="/Users/atalati/vscode-extension/main-repo/javavscode/netbeans/nbbuild/netbeans/java" />
    <property name="java/testng.ui.dir" value="/Users/atalati/vscode-extension/main-repo/javavscode/netbeans/nbbuild/netbeans/java" />
    <property name="slf4j.api.dir" value="/Users/atalati/vscode-extension/main-repo/javavscode/netbeans/nbbuild/netbeans/ide" />
    <property name="nb.cluster.cpplite" value="cpplite.debugger,cpplite.editor,cpplite.kit,cpplite.project" />
    <property name="autoupdate.ui.dir" value="/Users/atalati/vscode-extension/main-repo/javavscode/netbeans/nbbuild/netbeans/platform" />
    <property name="java.j2seproject.dir" value="/Users/atalati/vscode-extension/main-repo/javavscode/netbeans/nbbuild/netbeans/java" />
    <property name="enterprise/web.jsf.editor.dir" value="/Users/atalati/vscode-extension/main-repo/javavscode/netbeans/nbbuild/netbeans/enterprise" />
    <property name="tasklist.projectint.dir" value="/Users/atalati/vscode-extension/main-repo/javavscode/netbeans/nbbuild/netbeans/ide" />
    <property name="j2ee.platform.dir" value="/Users/atalati/vscode-extension/main-repo/javavscode/netbeans/nbbuild/netbeans/enterprise" />
    <property name="web.freeform.dir" value="/Users/atalati/vscode-extension/main-repo/javavscode/netbeans/nbbuild/netbeans/enterprise" />
    <property name="enterprise/web.el.dir" value="/Users/atalati/vscode-extension/main-repo/javavscode/netbeans/nbbuild/netbeans/enterprise" />
    <property name="j2ee.core.utilities.dir" value="/Users/atalati/vscode-extension/main-repo/javavscode/netbeans/nbbuild/netbeans/java" />
    <property name="javahelp.jar.dir" value="modules/docs" />
    <property name="nb.cluster.java" value="ant.browsetask,ant.debugger,ant.freeform,ant.grammar,ant.hints,ant.kit,api.debugger.jpda,api.java,api.maven,beans,classfile,dbschema,debugger.jpda,debugger.jpda.ant,debugger.jpda.js,debugger.jpda.jsui,debugger.jpda.kit,debugger.jpda.projects,debugger.jpda.projectsui,debugger.jpda.truffle,debugger.jpda.trufflenode,debugger.jpda.ui,debugger.jpda.visual,editor.htmlui,form,form.kit,form.nb,form.refactoring,gradle.dependencies,gradle.htmlui,gradle.java,gradle.java.coverage,gradle.kit,gradle.persistence,gradle.spring,gradle.test,hudson.ant,hudson.maven,i18n,i18n.form,j2ee.core.utilities,j2ee.eclipselink,j2ee.eclipselinkmodelgen,j2ee.jpa.refactoring,j2ee.jpa.verification,j2ee.metadata,j2ee.metadata.model.support,j2ee.persistence,j2ee.persistence.kit,j2ee.persistenceapi,java.api.common,java.completion,java.debug,java.disco,java.editor,java.editor.base,java.editor.lib,java.examples,java.file.launcher,java.freeform,java.graph,java.guards,java.hints,java.hints.declarative,java.hints.declarative.test,java.hints.legacy.spi,java.hints.test,java.hints.ui,java.j2sedeploy,java.j2seembedded,java.j2semodule,java.j2seplatform,java.j2seprofiles,java.j2seproject,java.kit,java.lexer,java.lsp.server,java.metrics,java.module.graph,java.mx.project,java.nativeimage.debugger,java.navigation,java.openjdk.project,java.platform,java.platform.ui,java.preprocessorbridge,java.project,java.project.ui,java.source,java.source.ant,java.source.base,java.source.compat8,java.source.queries,java.source.queriesimpl,java.sourceui,java.testrunner,java.testrunner.ant,java.testrunner.ui,javadoc,javaee.injection,javawebstart,jellytools.java,jshell.support,junit,junit.ant,junit.ant.ui,junit.ui,ko4j.debugging,kotlin.editor,languages.antlr,lib.jshell.agent,lib.nbjavac,lib.nbjshell,lib.nbjshell9,libs.cglib,libs.corba.omgapi,libs.javacapi,libs.nbjavacapi,libs.springframework,maven,maven.checkstyle,maven.coverage,maven.embedder,maven.grammar,maven.graph,maven.hints,maven.indexer,maven.indexer.ui,maven.junit,maven.junit.ui,maven.kit,maven.model,maven.osgi,maven.persistence,maven.refactoring,maven.repository,maven.search,maven.spring,nashorn.execution,projectimport.eclipse.core,projectimport.eclipse.j2se,refactoring.java,selenium2.java,selenium2.maven,spellchecker.bindings.java,spi.debugger.jpda.ui,spi.java.hints,spring.beans,testng,testng.ant,testng.maven,testng.ui,websvc.jaxws21,websvc.jaxws21api,websvc.saas.codegen.java,whitelist,xml.jaxb,xml.tools.java" />
    <property name="have-custom-javac-task" value="true" />
    <property name="enterprise/web.freeform.dir" value="/Users/atalati/vscode-extension/main-repo/javavscode/netbeans/nbbuild/netbeans/enterprise" />
    <property name="platform/libs.flatlaf.dir" value="/Users/atalati/vscode-extension/main-repo/javavscode/netbeans/nbbuild/netbeans/platform" />
    <property name="javahelp.jar" value="modules/docs/org-netbeans-modules-java-hints.jar" />
    <property name="profiler.oql.language.dir" value="/Users/atalati/vscode-extension/main-repo/javavscode/netbeans/nbbuild/netbeans/profiler" />
    <property name="profiler/profiler.options.dir" value="/Users/atalati/vscode-extension/main-repo/javavscode/netbeans/nbbuild/netbeans/profiler" />
    <property name="ide/usersguide.dir" value="/Users/atalati/vscode-extension/main-repo/javavscode/netbeans/nbbuild/netbeans/ide" />
    <property name="ide/api.lsp.dir" value="/Users/atalati/vscode-extension/main-repo/javavscode/netbeans/nbbuild/netbeans/ide" />
    <property name="os.version" value="14.4.1" />
    <property name="selenium2.maven.dir" value="/Users/atalati/vscode-extension/main-repo/javavscode/netbeans/nbbuild/netbeans/java" />
    <property name="ide/web.browser.api.dir" value="/Users/atalati/vscode-extension/main-repo/javavscode/netbeans/nbbuild/netbeans/ide" />
    <property name="masterfs.nio2.dir" value="/Users/atalati/vscode-extension/main-repo/javavscode/netbeans/nbbuild/netbeans/platform" />
    <property name="enterprise/jakarta.web.beans.dir" value="/Users/atalati/vscode-extension/main-repo/javavscode/netbeans/nbbuild/netbeans/enterprise" />
    <property name="ide/html.validation.dir" value="/Users/atalati/vscode-extension/main-repo/javavscode/netbeans/nbbuild/netbeans/ide" />
    <property name="java/java.j2seprofiles.dir" value="/Users/atalati/vscode-extension/main-repo/javavscode/netbeans/nbbuild/netbeans/java" />
    <property name="websvc.restapi.dir" value="/Users/atalati/vscode-extension/main-repo/javavscode/netbeans/nbbuild/netbeans/enterprise" />
    <property name="public.package.jar.dir" value="/Users/atalati/vscode-extension/main-repo/javavscode/netbeans/nbbuild/build/public-package-jars" />
    <property name="extexecution.process.jdk9.dir" value="/Users/atalati/vscode-extension/main-repo/javavscode/netbeans/nbbuild/netbeans/ide" />
    <property name="cpplite.debugger.dir" value="/Users/atalati/vscode-extension/main-repo/javavscode/netbeans/nbbuild/netbeans/cpplite" />
    <property name="nb.cluster.nb.depends" value="nb.cluster.platform,nb.cluster.ide,nb.cluster.3rdparty,nb.cluster.harness" />
    <property name="libs.felix.dir" value="/Users/atalati/vscode-extension/main-repo/javavscode/netbeans/nbbuild/netbeans/platform" />
    <property name="editor.indent.support.dir" value="/Users/atalati/vscode-extension/main-repo/javavscode/netbeans/nbbuild/netbeans/ide" />
    <property name="ide/db.metadata.model.dir" value="/Users/atalati/vscode-extension/main-repo/javavscode/netbeans/nbbuild/netbeans/ide" />
    <property name="enterprise/j2eeserver.dir" value="/Users/atalati/vscode-extension/main-repo/javavscode/netbeans/nbbuild/netbeans/enterprise" />
    <property name="websvc.editor.hints.dir" value="/Users/atalati/vscode-extension/main-repo/javavscode/netbeans/nbbuild/netbeans/enterprise" />
    <property name="nb.cluster.java.dir" value="java" />
    <property name="nb/welcome.dir" value="/Users/atalati/vscode-extension/main-repo/javavscode/netbeans/nbbuild/netbeans/nb" />
    <property name="cloud.amazon.dir" value="/Users/atalati/vscode-extension/main-repo/javavscode/netbeans/nbbuild/netbeans/enterprise" />
    <property name="apisupport/apisupport.refactoring.dir" value="/Users/atalati/vscode-extension/main-repo/javavscode/netbeans/nbbuild/netbeans/apisupport" />
    <property name="webcommon/javascript2.extjs.dir" value="/Users/atalati/vscode-extension/main-repo/javavscode/netbeans/nbbuild/netbeans/webcommon" />
    <property name="hudson.JAVA_HOME" value="/Library/Java/JavaVirtualMachines/jdk-17.0.8.jdk/Contents/Home" />
    <property name="spellchecker.bindings.php.dir" value="/Users/atalati/vscode-extension/main-repo/javavscode/netbeans/nbbuild/netbeans/php" />
    <property name="enterprise/tomcat5.dir" value="/Users/atalati/vscode-extension/main-repo/javavscode/netbeans/nbbuild/netbeans/enterprise" />
    <property name="javafx/javafx2.kit.dir" value="/Users/atalati/vscode-extension/main-repo/javavscode/netbeans/nbbuild/netbeans/javafx" />
    <property name="ide/spi.viewmodel.dir" value="/Users/atalati/vscode-extension/main-repo/javavscode/netbeans/nbbuild/netbeans/ide" />
    <property name="enterprise/libs.amazon.dir" value="/Users/atalati/vscode-extension/main-repo/javavscode/netbeans/nbbuild/netbeans/enterprise" />
    <property name="is.jar.uptodate" value="true" />
    <property name="php.phpdoc.dir" value="/Users/atalati/vscode-extension/main-repo/javavscode/netbeans/nbbuild/netbeans/php" />
    <property name="webcommon/javascript2.sdoc.dir" value="/Users/atalati/vscode-extension/main-repo/javavscode/netbeans/nbbuild/netbeans/webcommon" />
    <property name="java/maven.kit.dir" value="/Users/atalati/vscode-extension/main-repo/javavscode/netbeans/nbbuild/netbeans/java" />
    <property name="ant.library.dir" value="/opt/homebrew/Cellar/ant/1.10.14/libexec/lib" />
    <property name="enterprise/javaee.project.dir" value="/Users/atalati/vscode-extension/main-repo/javavscode/netbeans/nbbuild/netbeans/enterprise" />
    <property name="ide/editor.errorstripe.dir" value="/Users/atalati/vscode-extension/main-repo/javavscode/netbeans/nbbuild/netbeans/ide" />
    <property name="versioning.indexingbridge.dir" value="/Users/atalati/vscode-extension/main-repo/javavscode/netbeans/nbbuild/netbeans/ide" />
    <property name="web.kit.dir" value="/Users/atalati/vscode-extension/main-repo/javavscode/netbeans/nbbuild/netbeans/enterprise" />
    <property name="cpplite.project.dir" value="/Users/atalati/vscode-extension/main-repo/javavscode/netbeans/nbbuild/netbeans/cpplite" />
    <property name="enterprise/websvc.saas.codegen.j2ee.dir" value="/Users/atalati/vscode-extension/main-repo/javavscode/netbeans/nbbuild/netbeans/enterprise" />
    <property name="o.n.swing.outline.dir" value="/Users/atalati/vscode-extension/main-repo/javavscode/netbeans/nbbuild/netbeans/platform" />
    <property name="platform/core.ui.dir" value="/Users/atalati/vscode-extension/main-repo/javavscode/netbeans/nbbuild/netbeans/platform" />
    <property name="o.n.core.dir" value="/Users/atalati/vscode-extension/main-repo/javavscode/netbeans/nbbuild/netbeans/platform" />
    <property name="editor.guards.dir" value="/Users/atalati/vscode-extension/main-repo/javavscode/netbeans/nbbuild/netbeans/ide" />
    <property name="debugger.jpda.js.dir" value="/Users/atalati/vscode-extension/main-repo/javavscode/netbeans/nbbuild/netbeans/java" />
    <property name="platform/o.n.swing.plaf.dir" value="/Users/atalati/vscode-extension/main-repo/javavscode/netbeans/nbbuild/netbeans/platform" />
    <property name="java/projectimport.eclipse.core.dir" value="/Users/atalati/vscode-extension/main-repo/javavscode/netbeans/nbbuild/netbeans/java" />
    <property name="api.visual.dir" value="/Users/atalati/vscode-extension/main-repo/javavscode/netbeans/nbbuild/netbeans/platform" />
    <property name="clusters.config.full.list" value="nb.cluster.rust,nb.cluster.harness,nb.cluster.bootstrap,nb.cluster.platform,nb.cluster.ide,nb.cluster.extide,nb.cluster.websvccommon,nb.cluster.java,nb.cluster.javafx,nb.cluster.profiler,nb.cluster.3rdparty,nb.cluster.nb,nb.cluster.apisupport,nb.cluster.webcommon,nb.cluster.php,nb.cluster.groovy,nb.cluster.enterprise,nb.cluster.cpplite,nb.cluster.ergonomics" />
    <property name="php.smarty.dir" value="/Users/atalati/vscode-extension/main-repo/javavscode/netbeans/nbbuild/netbeans/php" />
    <property name="java/websvc.jaxws21api.dir" value="/Users/atalati/vscode-extension/main-repo/javavscode/netbeans/nbbuild/netbeans/java" />
    <property name="javascript.gulp.dir" value="/Users/atalati/vscode-extension/main-repo/javavscode/netbeans/nbbuild/netbeans/webcommon" />
    <property name="extbrowser.chrome.dir" value="/Users/atalati/vscode-extension/main-repo/javavscode/netbeans/nbbuild/netbeans/webcommon" />
    <property name="gradle.java.coverage.dir" value="/Users/atalati/vscode-extension/main-repo/javavscode/netbeans/nbbuild/netbeans/java" />
    <property name="webcommon/javascript.grunt.dir" value="/Users/atalati/vscode-extension/main-repo/javavscode/netbeans/nbbuild/netbeans/webcommon" />
    <property name="lib.uihandler.dir" value="/Users/atalati/vscode-extension/main-repo/javavscode/netbeans/nbbuild/netbeans/platform" />
    <property name="maven.graph.dir" value="/Users/atalati/vscode-extension/main-repo/javavscode/netbeans/nbbuild/netbeans/java" />
    <property name="java.module.graph.dir" value="/Users/atalati/vscode-extension/main-repo/javavscode/netbeans/nbbuild/netbeans/java" />
    <property name="api.debugger.dir" value="/Users/atalati/vscode-extension/main-repo/javavscode/netbeans/nbbuild/netbeans/ide" />
    <property name="j2ee.metadata.model.support.dir" value="/Users/atalati/vscode-extension/main-repo/javavscode/netbeans/nbbuild/netbeans/java" />
    <property name="javaee7.api.dir" value="/Users/atalati/vscode-extension/main-repo/javavscode/netbeans/nbbuild/netbeans/enterprise" />
    <property name="profiler/profiler.oql.language.dir" value="/Users/atalati/vscode-extension/main-repo/javavscode/netbeans/nbbuild/netbeans/profiler" />
    <property name="nb.cluster.ergonomics" value="ide.ergonomics" />
    <property name="languages.antlr.dir" value="/Users/atalati/vscode-extension/main-repo/javavscode/netbeans/nbbuild/netbeans/java" />
    <property name="java.j2seembedded.dir" value="/Users/atalati/vscode-extension/main-repo/javavscode/netbeans/nbbuild/netbeans/java" />
    <property name="websvc.manager.dir" value="/Users/atalati/vscode-extension/main-repo/javavscode/netbeans/nbbuild/netbeans/enterprise" />
    <property name="ide/xml.schema.completion.dir" value="/Users/atalati/vscode-extension/main-repo/javavscode/netbeans/nbbuild/netbeans/ide" />
    <property name="net.java.html.dir" value="/Users/atalati/vscode-extension/main-repo/javavscode/netbeans/nbbuild/netbeans/platform" />
    <property name="websvc.metro.lib.dir" value="/Users/atalati/vscode-extension/main-repo/javavscode/netbeans/nbbuild/netbeans/enterprise" />
    <property name="platform/o.n.bootstrap.dir" value="/Users/atalati/vscode-extension/main-repo/javavscode/netbeans/nbbuild/netbeans/platform" />
    <property name="platform/api.htmlui.dir" value="/Users/atalati/vscode-extension/main-repo/javavscode/netbeans/nbbuild/netbeans/platform" />
    <property name="java/java.editor.lib.dir" value="/Users/atalati/vscode-extension/main-repo/javavscode/netbeans/nbbuild/netbeans/java" />
    <property name="maven.jaxws.dir" value="/Users/atalati/vscode-extension/main-repo/javavscode/netbeans/nbbuild/netbeans/enterprise" />
    <property name="hudson.JAVA_MAIN_CLASS_30827" value="org.apache.tools.ant.launch.Launcher" />
    <property name="apisupport.project.dir" value="/Users/atalati/vscode-extension/main-repo/javavscode/netbeans/nbbuild/netbeans/apisupport" />
    <property name="java/java.api.common.dir" value="/Users/atalati/vscode-extension/main-repo/javavscode/netbeans/nbbuild/netbeans/java" />
    <property name="languages.manifest.dir" value="/Users/atalati/vscode-extension/main-repo/javavscode/netbeans/nbbuild/netbeans/ide" />
    <property name="build.dir" value="/Users/atalati/vscode-extension/main-repo/javavscode/netbeans/java/java.hints/build" />
    <property name="ide/xml.multiview.dir" value="/Users/atalati/vscode-extension/main-repo/javavscode/netbeans/nbbuild/netbeans/ide" />
    <property name="profiler.freeform.dir" value="/Users/atalati/vscode-extension/main-repo/javavscode/netbeans/nbbuild/netbeans/profiler" />
    <property name="java.nativeimage.debugger.dir" value="/Users/atalati/vscode-extension/main-repo/javavscode/netbeans/nbbuild/netbeans/java" />
    <property name="openide.windows.dir" value="/Users/atalati/vscode-extension/main-repo/javavscode/netbeans/nbbuild/netbeans/platform" />
    <property name="enterprise/j2ee.sun.dd.dir" value="/Users/atalati/vscode-extension/main-repo/javavscode/netbeans/nbbuild/netbeans/enterprise" />
    <property name="ide/docker.ui.dir" value="/Users/atalati/vscode-extension/main-repo/javavscode/netbeans/nbbuild/netbeans/ide" />
    <property name="bugzilla.exceptionreporter.dir" value="/Users/atalati/vscode-extension/main-repo/javavscode/netbeans/nbbuild/netbeans/nb" />
    <property name="apisupport/maven.apisupport.dir" value="/Users/atalati/vscode-extension/main-repo/javavscode/netbeans/nbbuild/netbeans/apisupport" />
    <property name="xml.schema.completion.dir" value="/Users/atalati/vscode-extension/main-repo/javavscode/netbeans/nbbuild/netbeans/ide" />
    <property name="enterprise/j2ee.api.ejbmodule.dir" value="/Users/atalati/vscode-extension/main-repo/javavscode/netbeans/nbbuild/netbeans/enterprise" />
    <property name="maven.profiler.dir" value="/Users/atalati/vscode-extension/main-repo/javavscode/netbeans/nbbuild/netbeans/profiler" />
    <property name="java/i18n.dir" value="/Users/atalati/vscode-extension/main-repo/javavscode/netbeans/nbbuild/netbeans/java" />
    <property name="selenium2.webclient.mocha.dir" value="/Users/atalati/vscode-extension/main-repo/javavscode/netbeans/nbbuild/netbeans/webcommon" />
    <property name="spi.actions.dir" value="/Users/atalati/vscode-extension/main-repo/javavscode/netbeans/nbbuild/netbeans/platform" />
    <property name="platform/o.apache.commons.lang3.dir" value="/Users/atalati/vscode-extension/main-repo/javavscode/netbeans/nbbuild/netbeans/platform" />
    <property name="web.client.rest.dir" value="/Users/atalati/vscode-extension/main-repo/javavscode/netbeans/nbbuild/netbeans/enterprise" />
    <property name="platform/openide.filesystems.nb.dir" value="/Users/atalati/vscode-extension/main-repo/javavscode/netbeans/nbbuild/netbeans/platform" />
    <property name="tests.failed" value="true" />
    <property name="javascript2.lexer.dir" value="/Users/atalati/vscode-extension/main-repo/javavscode/netbeans/nbbuild/netbeans/webcommon" />
    <property name="web.primefaces.dir" value="/Users/atalati/vscode-extension/main-repo/javavscode/netbeans/nbbuild/netbeans/enterprise" />
    <property name="ide/project.ant.dir" value="/Users/atalati/vscode-extension/main-repo/javavscode/netbeans/nbbuild/netbeans/ide" />
    <property name="enterprise/el.lexer.dir" value="/Users/atalati/vscode-extension/main-repo/javavscode/netbeans/nbbuild/netbeans/enterprise" />
    <property name="ide/bcpg.dir" value="/Users/atalati/vscode-extension/main-repo/javavscode/netbeans/nbbuild/netbeans/ide" />
    <property name="nbm.homepage" value="http://www.netbeans.org/" />
    <property name="enterprise/libs.jackson.dir" value="/Users/atalati/vscode-extension/main-repo/javavscode/netbeans/nbbuild/netbeans/enterprise" />
    <property name="ide/css.lib.dir" value="/Users/atalati/vscode-extension/main-repo/javavscode/netbeans/nbbuild/netbeans/ide" />
    <property name="web.common.dir" value="/Users/atalati/vscode-extension/main-repo/javavscode/netbeans/nbbuild/netbeans/ide" />
    <property name="nb.cluster.ergonomics.dir" value="ergonomics" />
    <property name="bcpg.dir" value="/Users/atalati/vscode-extension/main-repo/javavscode/netbeans/nbbuild/netbeans/ide" />
    <property name="java/java.testrunner.ui.dir" value="/Users/atalati/vscode-extension/main-repo/javavscode/netbeans/nbbuild/netbeans/java" />
    <property name="platform/openide.dialogs.dir" value="/Users/atalati/vscode-extension/main-repo/javavscode/netbeans/nbbuild/netbeans/platform" />
    <property name="ide/xsl.dir" value="/Users/atalati/vscode-extension/main-repo/javavscode/netbeans/nbbuild/netbeans/ide" />
    <property name="java/ant.kit.dir" value="/Users/atalati/vscode-extension/main-repo/javavscode/netbeans/nbbuild/netbeans/java" />
    <property name="ide/bcprov.dir" value="/Users/atalati/vscode-extension/main-repo/javavscode/netbeans/nbbuild/netbeans/ide" />
    <property name="test.qa-functional.folder" value="/Users/atalati/vscode-extension/main-repo/javavscode/netbeans/nbbuild/build/testdist/qa-functional/java/org-netbeans-modules-java-hints" />
    <property name="javascript.jstestdriver.dir" value="/Users/atalati/vscode-extension/main-repo/javavscode/netbeans/nbbuild/netbeans/webcommon" />
    <property name="webcommon/libs.graaljs.dir" value="/Users/atalati/vscode-extension/main-repo/javavscode/netbeans/nbbuild/netbeans/webcommon" />
    <property name="php.symfony.dir" value="/Users/atalati/vscode-extension/main-repo/javavscode/netbeans/nbbuild/netbeans/php" />
    <property name="versioning.ui.dir" value="/Users/atalati/vscode-extension/main-repo/javavscode/netbeans/nbbuild/netbeans/ide" />
    <property name="ide/bugtracking.commons.dir" value="/Users/atalati/vscode-extension/main-repo/javavscode/netbeans/nbbuild/netbeans/ide" />
    <property name="dist.base.structured" value="http://deadlock.netbeans.org/job/nbms-and-javadoc/lastStableBuild/artifact/nbbuild/nbms" />
    <property name="platform/o.n.swing.outline.dir" value="/Users/atalati/vscode-extension/main-repo/javavscode/netbeans/nbbuild/netbeans/platform" />
    <property name="clusters.config.platform.list" value="nb.cluster.harness,nb.cluster.bootstrap,nb.cluster.platform" />
    <property name="o.eclipse.equinox.security.dir" value="/Users/atalati/vscode-extension/main-repo/javavscode/netbeans/nbbuild/netbeans/ide" />
    <property name="platform/api.annotations.common.dir" value="/Users/atalati/vscode-extension/main-repo/javavscode/netbeans/nbbuild/netbeans/platform" />
    <property name="profiler.oql.dir" value="/Users/atalati/vscode-extension/main-repo/javavscode/netbeans/nbbuild/netbeans/profiler" />
    <property name="openide.util.ui.dir" value="/Users/atalati/vscode-extension/main-repo/javavscode/netbeans/nbbuild/netbeans/platform" />
    <property name="code.analysis.dir" value="/Users/atalati/vscode-extension/main-repo/javavscode/netbeans/nbbuild/netbeans/ide" />
    <property name="jms-tools.flags.jvm" value="--add-modules=jdk.jshell --add-opens=jdk.jshell/jdk.jshell=ALL-UNNAMED --add-exports=jdk.jshell/jdk.internal.jshell.debug=ALL-UNNAMED --add-exports=jdk.jdeps/com.sun.tools.classfile=ALL-UNNAMED --add-exports=jdk.jdeps/com.sun.tools.javap=ALL-UNNAMED --add-exports=jdk.internal.jvmstat/sun.jvmstat.monitor=ALL-UNNAMED --add-exports=jdk.internal.opt/jdk.internal.opt=ALL-UNNAMED --add-exports=java.management/sun.management=ALL-UNNAMED " />
    <property name="javafx2.project.dir" value="/Users/atalati/vscode-extension/main-repo/javavscode/netbeans/nbbuild/netbeans/javafx" />
    <property name="profiler/lib.profiler.common.dir" value="/Users/atalati/vscode-extension/main-repo/javavscode/netbeans/nbbuild/netbeans/profiler" />
    <property name="updatecenters.dir" value="/Users/atalati/vscode-extension/main-repo/javavscode/netbeans/nbbuild/netbeans/nb" />
    <property name="ide/xml.xam.dir" value="/Users/atalati/vscode-extension/main-repo/javavscode/netbeans/nbbuild/netbeans/ide" />
    <property name="ide/libs.snakeyaml_engine.dir" value="/Users/atalati/vscode-extension/main-repo/javavscode/netbeans/nbbuild/netbeans/ide" />
    <property name="xml.dir" value="/Users/atalati/vscode-extension/main-repo/javavscode/netbeans/nbbuild/netbeans/ide" />
    <property name="api.io.dir" value="/Users/atalati/vscode-extension/main-repo/javavscode/netbeans/nbbuild/netbeans/platform" />
    <property name="hudson.CONDA_EXE" value="/opt/homebrew/Caskroom/miniconda/base/bin/conda" />
    <property name="openide.compat.dir" value="/Users/atalati/vscode-extension/main-repo/javavscode/netbeans/nbbuild/netbeans/platform" />
    <property name="platform/autoupdate.services.dir" value="/Users/atalati/vscode-extension/main-repo/javavscode/netbeans/nbbuild/netbeans/platform" />
    <property name="css.visual.dir" value="/Users/atalati/vscode-extension/main-repo/javavscode/netbeans/nbbuild/netbeans/ide" />
    <property name="ide/terminal.nb.dir" value="/Users/atalati/vscode-extension/main-repo/javavscode/netbeans/nbbuild/netbeans/ide" />
    <property name="webcommon/web.webkit.tooling.dir" value="/Users/atalati/vscode-extension/main-repo/javavscode/netbeans/nbbuild/netbeans/webcommon" />
    <property name="release.files" value="" />
    <property name="ide/o.eclipse.mylyn.bugzilla.core.dir" value="/Users/atalati/vscode-extension/main-repo/javavscode/netbeans/nbbuild/netbeans/ide" />
    <property name="xml.jaxb.api.dir" value="/Users/atalati/vscode-extension/main-repo/javavscode/netbeans/nbbuild/netbeans/ide" />
    <property name="ide/libs.graalsdk.dir" value="/Users/atalati/vscode-extension/main-repo/javavscode/netbeans/nbbuild/netbeans/ide" />
    <property name="net.java.html.sound.dir" value="/Users/atalati/vscode-extension/main-repo/javavscode/netbeans/nbbuild/netbeans/platform" />
    <property name="testng.dir" value="/Users/atalati/vscode-extension/main-repo/javavscode/netbeans/nbbuild/netbeans/java" />
    <property name="core.io.ui.dir" value="/Users/atalati/vscode-extension/main-repo/javavscode/netbeans/nbbuild/netbeans/platform" />
    <property name="profiler.snaptracer.dir" value="/Users/atalati/vscode-extension/main-repo/javavscode/netbeans/nbbuild/netbeans/profiler" />
    <property name="libs.jna.dir" value="/Users/atalati/vscode-extension/main-repo/javavscode/netbeans/nbbuild/netbeans/platform" />
    <property name="o.apache.tools.ant.module.dir" value="/Users/atalati/vscode-extension/main-repo/javavscode/netbeans/nbbuild/netbeans/extide" />
    <property name="php/php.kit.dir" value="/Users/atalati/vscode-extension/main-repo/javavscode/netbeans/nbbuild/netbeans/php" />
    <property name="db.metadata.model.dir" value="/Users/atalati/vscode-extension/main-repo/javavscode/netbeans/nbbuild/netbeans/ide" />
    <property name="ant.core.lib" value="/opt/homebrew/Cellar/ant/1.10.14/libexec/lib/ant.jar" />
    <property name="ide/spi.editor.hints.dir" value="/Users/atalati/vscode-extension/main-repo/javavscode/netbeans/nbbuild/netbeans/ide" />
    <property name="web.project.dir" value="/Users/atalati/vscode-extension/main-repo/javavscode/netbeans/nbbuild/netbeans/enterprise" />
    <property name="ide/xml.tools.dir" value="/Users/atalati/vscode-extension/main-repo/javavscode/netbeans/nbbuild/netbeans/ide" />
    <property name="bcutil.dir" value="/Users/atalati/vscode-extension/main-repo/javavscode/netbeans/nbbuild/netbeans/ide" />
    <property name="jms-desktop.flags" value=" -J--add-opens=java.desktop/javax.swing.plaf.basic=ALL-UNNAMED -J--add-opens=java.desktop/javax.swing.text=ALL-UNNAMED -J--add-opens=java.desktop/javax.swing=ALL-UNNAMED -J--add-opens=java.desktop/java.awt=ALL-UNNAMED -J--add-opens=java.desktop/java.awt.event=ALL-UNNAMED -J--add-opens=java.desktop/sun.awt.X11=ALL-UNNAMED -J--add-opens=java.desktop/javax.swing.plaf.synth=ALL-UNNAMED -J--add-opens=java.desktop/com.sun.java.swing.plaf.gtk=ALL-UNNAMED -J--add-opens=java.desktop/com.sun.java.swing.plaf.windows=ALL-UNNAMED -J--add-opens=java.desktop/com.apple.laf=ALL-UNNAMED -J--add-opens=java.desktop/sun.awt.shell=ALL-UNNAMED -J--add-opens=java.desktop/sun.awt.im=ALL-UNNAMED -J--add-exports=java.desktop/sun.awt=ALL-UNNAMED -J--add-exports=java.desktop/java.awt.peer=ALL-UNNAMED -J--add-exports=java.desktop/com.sun.beans.editors=ALL-UNNAMED -J--add-exports=java.desktop/sun.swing=ALL-UNNAMED -J--add-exports=java.desktop/sun.awt.im=ALL-UNNAMED -J--add-exports=java.desktop/com.sun.java.swing.plaf.motif=ALL-UNNAMED -J--add-exports=java.desktop/com.apple.eio=ALL-UNNAMED" />
    <property name="ide/core.browser.dir" value="/Users/atalati/vscode-extension/main-repo/javavscode/netbeans/nbbuild/netbeans/ide" />
    <property name="java/maven.repository.dir" value="/Users/atalati/vscode-extension/main-repo/javavscode/netbeans/nbbuild/netbeans/java" />
    <property name="ide/editor.lib.dir" value="/Users/atalati/vscode-extension/main-repo/javavscode/netbeans/nbbuild/netbeans/ide" />
    <property name="test.insane.prepend.args" value="--patch-module=java.base=/Users/atalati/vscode-extension/main-repo/javavscode/netbeans/nbbuild/netbeans/harness/modules/ext/org-netbeans-insane-hook.jar --add-exports=java.base/org.netbeans.insane.hook=ALL-UNNAMED" />
    <property name="ide/db.kit.dir" value="/Users/atalati/vscode-extension/main-repo/javavscode/netbeans/nbbuild/netbeans/ide" />
    <property name="platform/openide.loaders.dir" value="/Users/atalati/vscode-extension/main-repo/javavscode/netbeans/nbbuild/netbeans/platform" />
    <property name="java/java.j2seproject.dir" value="/Users/atalati/vscode-extension/main-repo/javavscode/netbeans/nbbuild/netbeans/java" />
    <property name="cluster" value="/Users/atalati/vscode-extension/main-repo/javavscode/netbeans/nbbuild/netbeans/java" />
    <property name="java.api.common.dir" value="/Users/atalati/vscode-extension/main-repo/javavscode/netbeans/nbbuild/netbeans/java" />
    <property name="jbrowse.external" value="../../retouche" />
    <property name="cpplite.editor.dir" value="/Users/atalati/vscode-extension/main-repo/javavscode/netbeans/nbbuild/netbeans/cpplite" />
    <property name="nb.cluster.rust" value="rust.cargo,rust.grammar,rust.kit,rust.options,rust.project,rust.project.api,rust.sources" />
    <property name="editor.plain.lib.dir" value="/Users/atalati/vscode-extension/main-repo/javavscode/netbeans/nbbuild/netbeans/ide" />
    <property name="ide/o.eclipse.jgit.ssh.jsch.dir" value="/Users/atalati/vscode-extension/main-repo/javavscode/netbeans/nbbuild/netbeans/ide" />
    <property name="maven.junit.ui.dir" value="/Users/atalati/vscode-extension/main-repo/javavscode/netbeans/nbbuild/netbeans/java" />
    <property name="profiler/profiler.j2se.dir" value="/Users/atalati/vscode-extension/main-repo/javavscode/netbeans/nbbuild/netbeans/profiler" />
    <property name="clusters.list.file" value="/Users/atalati/vscode-extension/main-repo/javavscode/netbeans/nbbuild/cluster.properties" />
    <property name="nbm.release.date" value="" />
    <property name="ant.grammar.dir" value="/Users/atalati/vscode-extension/main-repo/javavscode/netbeans/nbbuild/netbeans/java" />
    <property name="platform/api.scripting.dir" value="/Users/atalati/vscode-extension/main-repo/javavscode/netbeans/nbbuild/netbeans/platform" />
    <property name="websvc.saas.codegen.java.dir" value="/Users/atalati/vscode-extension/main-repo/javavscode/netbeans/nbbuild/netbeans/java" />
    <property name="gsf.testrunner.ui.dir" value="/Users/atalati/vscode-extension/main-repo/javavscode/netbeans/nbbuild/netbeans/ide" />
    <property name="nbm.executable.files" value="[NOTHING]" />
    <property name="platform/core.output2.dir" value="/Users/atalati/vscode-extension/main-repo/javavscode/netbeans/nbbuild/netbeans/platform" />
    <property name="maven.checkstyle.dir" value="/Users/atalati/vscode-extension/main-repo/javavscode/netbeans/nbbuild/netbeans/java" />
    <property name="web.client.samples.dir" value="/Users/atalati/vscode-extension/main-repo/javavscode/netbeans/nbbuild/netbeans/webcommon" />
    <property name="harness/apisupport.harness.dir" value="/Users/atalati/vscode-extension/main-repo/javavscode/netbeans/nbbuild/netbeans/harness" />
    <property name="enterprise/j2eeapis.dir" value="/Users/atalati/vscode-extension/main-repo/javavscode/netbeans/nbbuild/netbeans/enterprise" />
    <property name="java/debugger.jpda.ui.dir" value="/Users/atalati/vscode-extension/main-repo/javavscode/netbeans/nbbuild/netbeans/java" />
    <property name="profiler/profiler.oql.dir" value="/Users/atalati/vscode-extension/main-repo/javavscode/netbeans/nbbuild/netbeans/profiler" />
    <property name="php.api.annotation.dir" value="/Users/atalati/vscode-extension/main-repo/javavscode/netbeans/nbbuild/netbeans/php" />
    <property name="platform/autoupdate.cli.dir" value="/Users/atalati/vscode-extension/main-repo/javavscode/netbeans/nbbuild/netbeans/platform" />
    <property name="versioning.util.dir" value="/Users/atalati/vscode-extension/main-repo/javavscode/netbeans/nbbuild/netbeans/ide" />
    <property name="javafx2.scenebuilder.dir" value="/Users/atalati/vscode-extension/main-repo/javavscode/netbeans/nbbuild/netbeans/javafx" />
    <property name="groovy/groovy.kit.dir" value="/Users/atalati/vscode-extension/main-repo/javavscode/netbeans/nbbuild/netbeans/groovy" />
    <property name="o.apache.xml.resolver.dir" value="/Users/atalati/vscode-extension/main-repo/javavscode/netbeans/nbbuild/netbeans/ide" />
    <property name="jakartaee10.api.dir" value="/Users/atalati/vscode-extension/main-repo/javavscode/netbeans/nbbuild/netbeans/enterprise" />
    <property name="profiler/debugger.jpda.heapwalk.dir" value="/Users/atalati/vscode-extension/main-repo/javavscode/netbeans/nbbuild/netbeans/profiler" />
    <property name="java.home" value="/Library/Java/JavaVirtualMachines/jdk-17.0.8.jdk/Contents/Home" />
    <property name="java/java.debug.dir" value="/Users/atalati/vscode-extension/main-repo/javavscode/netbeans/nbbuild/netbeans/java" />
    <property name="extide/gradle.dists.dir" value="/Users/atalati/vscode-extension/main-repo/javavscode/netbeans/nbbuild/netbeans/extide" />
    <property name="ide/db.dataview.dir" value="/Users/atalati/vscode-extension/main-repo/javavscode/netbeans/nbbuild/netbeans/ide" />
    <property name="platform/libs.osgi.dir" value="/Users/atalati/vscode-extension/main-repo/javavscode/netbeans/nbbuild/netbeans/platform" />
    <property name="o.apache.commons.commons_io.dir" value="/Users/atalati/vscode-extension/main-repo/javavscode/netbeans/nbbuild/netbeans/platform" />
    <property name="nb.cluster.ide" value="api.debugger,api.java.classpath,api.lsp,api.xml,api.xml.ui,bcpg,bcpkix,bcprov,bcutil,bugtracking,bugtracking.bridge,bugtracking.commons,bugzilla,c.google.gson,c.google.guava,c.google.guava.failureaccess,c.googlecode.javaewah.JavaEWAH,c.jcraft.jsch,c.jcraft.jzlib,code.analysis,core.browser,core.browser.webview,core.ide,core.multitabs.project,csl.api,csl.types,css.editor,css.lib,css.model,css.prep,css.visual,db,db.core,db.dataview,db.drivers,db.kit,db.metadata.model,db.mysql,db.sql.editor,db.sql.visualeditor,dbapi,defaults,derby,diff,dlight.nativeexecution,dlight.nativeexecution.nb,dlight.terminal,docker.api,docker.editor,docker.ui,editor,editor.actions,editor.autosave,editor.bookmarks,editor.bracesmatching,editor.breadcrumbs,editor.codetemplates,editor.completion,editor.deprecated.pre65formatting,editor.document,editor.errorstripe,editor.errorstripe.api,editor.fold,editor.fold.nbui,editor.global.format,editor.guards,editor.indent,editor.indent.project,editor.indent.support,editor.kit,editor.lib,editor.lib2,editor.macros,editor.plain,editor.plain.lib,editor.search,editor.settings,editor.settings.lib,editor.settings.storage,editor.structure,editor.tools.storage,editor.util,extbrowser,extexecution,extexecution.base,extexecution.impl,extexecution.process,extexecution.process.jdk9,git,go.lang,gototest,gsf.codecoverage,gsf.testrunner,gsf.testrunner.ui,html,html.custom,html.editor,html.editor.lib,html.indexing,html.lexer,html.parser,html.validation,httpserver,hudson,hudson.git,hudson.mercurial,hudson.subversion,hudson.tasklist,hudson.ui,ide.kit,image,javascript2.debug,javascript2.debug.ui,jellytools.ide,jumpto,languages,languages.diff,languages.go,languages.hcl,languages.manifest,languages.toml,languages.yaml,lexer,lexer.antlr4,lexer.nbbridge,lib.terminalemulator,libs.antlr3.runtime,libs.antlr4.runtime,libs.c.kohlschutter.junixsocket,libs.commons_compress,libs.commons_net,libs.flexmark,libs.freemarker,libs.git,libs.graalsdk,libs.graalsdk.system,libs.ini4j,libs.jaxb,libs.jcodings,libs.jsch.agentproxy,libs.json_simple,libs.lucene,libs.snakeyaml_engine,libs.svnClientAdapter,libs.svnClientAdapter.javahl,libs.tomlj,libs.truffleapi,libs.xerces,localhistory,localtasks,lsp.client,markdown,mercurial,mylyn.util,nativeimage.api,notifications,o.apache.commons.httpclient,o.apache.commons.lang,o.apache.ws.commons.util,o.apache.xml.resolver,o.apache.xmlrpc,o.eclipse.core.contenttype,o.eclipse.core.jobs,o.eclipse.core.net,o.eclipse.core.runtime,o.eclipse.core.runtime.compatibility.auth,o.eclipse.equinox.app,o.eclipse.equinox.common,o.eclipse.equinox.preferences,o.eclipse.equinox.registry,o.eclipse.equinox.security,o.eclipse.jgit,o.eclipse.jgit.gpg.bc,o.eclipse.jgit.lfs,o.eclipse.jgit.ssh.jsch,o.eclipse.mylyn.bugzilla.core,o.eclipse.mylyn.commons.core,o.eclipse.mylyn.commons.net,o.eclipse.mylyn.commons.repositories.core,o.eclipse.mylyn.commons.xmlrpc,o.eclipse.mylyn.tasks.core,o.eclipse.mylyn.wikitext.confluence.core,o.eclipse.mylyn.wikitext.core,o.eclipse.mylyn.wikitext.markdown.core,o.eclipse.mylyn.wikitext.textile.core,o.n.swing.dirchooser,o.openidex.util,options.editor,parsing.api,parsing.indexing,parsing.lucene,parsing.nb,parsing.ui,print.editor,project.ant,project.ant.compat8,project.ant.ui,project.dependency,project.indexingbridge,project.libraries,project.libraries.ui,project.spi.intern,project.spi.intern.impl,projectapi,projectapi.nb,projectui,projectui.buildmenu,projectuiapi,projectuiapi.base,properties,properties.syntax,refactoring.api,schema2beans,selenium2,selenium2.server,server,servletapi,slf4j.api,slf4j.jdk14,spellchecker,spellchecker.apimodule,spellchecker.bindings.htmlxml,spellchecker.bindings.properties,spellchecker.dictionary_en,spellchecker.kit,spi.debugger.ui,spi.editor.hints,spi.editor.hints.projects,spi.navigator,spi.palette,spi.tasklist,spi.viewmodel,subversion,swing.validation,target.iterator,tasklist.kit,tasklist.projectint,tasklist.todo,tasklist.ui,team.commons,team.ide,terminal,terminal.nb,textmate.lexer,usersguide,utilities,utilities.project,versioning,versioning.core,versioning.indexingbridge,versioning.masterfs,versioning.system.cvss.installer,versioning.ui,versioning.util,web.browser.api,web.common,web.common.ui,web.indent,web.webkit.debugging,xml,xml.axi,xml.catalog,xml.catalog.ui,xml.core,xml.jaxb.api,xml.lexer,xml.multiview,xml.retriever,xml.schema.completion,xml.schema.model,xml.tax,xml.text,xml.text.obsolete90,xml.tools,xml.wsdl.model,xml.xam,xml.xdm,xsl" />
    <property name="javascript2.nodejs.dir" value="/Users/atalati/vscode-extension/main-repo/javavscode/netbeans/nbbuild/netbeans/webcommon" />
    <property name="php/php.samples.dir" value="/Users/atalati/vscode-extension/main-repo/javavscode/netbeans/nbbuild/netbeans/php" />
    <property name="web.jsf20.dir" value="/Users/atalati/vscode-extension/main-repo/javavscode/netbeans/nbbuild/netbeans/enterprise" />
    <property name="enterprise/libs.glassfish_logging.dir" value="/Users/atalati/vscode-extension/main-repo/javavscode/netbeans/nbbuild/netbeans/enterprise" />
    <property name="core.ide.dir" value="/Users/atalati/vscode-extension/main-repo/javavscode/netbeans/nbbuild/netbeans/ide" />
    <property name="nb.cluster.jira" value="c.atlassian.connector.eclipse.commons.core,c.atlassian.connector.eclipse.jira.core,c.atlassian.connector.eclipse.jira.core.rest,c.s.jersey,c.s.mail.javax.mail,javax.servlet,javax.wsdl,javax.xml.rpc,javax.xml.soap,jira,jira.rest,jira.xmlrpc,libs.jira.rest,o.apache.axis,o.apache.commons.discovery,o.codehaus.jettison,o.eclipse.mylyn.commons.soap,o.eclipse.mylyn.monitor.ui.dummy,o.joda.time" />
    <property name="j2ee.eclipselinkmodelgen.dir" value="/Users/atalati/vscode-extension/main-repo/javavscode/netbeans/nbbuild/netbeans/java" />
    <property name="groovy.editor.dir" value="/Users/atalati/vscode-extension/main-repo/javavscode/netbeans/nbbuild/netbeans/groovy" />
    <property name="web.bootsfaces.dir" value="/Users/atalati/vscode-extension/main-repo/javavscode/netbeans/nbbuild/netbeans/enterprise" />
    <property name="hudson.NVM_BIN" value="/Users/atalati/.nvm/versions/node/v20.10.0/bin" />
    <property name="cp.extra" value="" />
    <property name="enterprise/web.bootsfaces.dir" value="/Users/atalati/vscode-extension/main-repo/javavscode/netbeans/nbbuild/netbeans/enterprise" />
    <property name="masterfs.ui.dir" value="/Users/atalati/vscode-extension/main-repo/javavscode/netbeans/nbbuild/netbeans/platform" />
    <property name="libs.graalsdk.dir" value="/Users/atalati/vscode-extension/main-repo/javavscode/netbeans/nbbuild/netbeans/ide" />
    <property name="j2ee.dd.dir" value="/Users/atalati/vscode-extension/main-repo/javavscode/netbeans/nbbuild/netbeans/enterprise" />
    <property name="jakarta.transformer.dir" value="/Users/atalati/vscode-extension/main-repo/javavscode/netbeans/nbbuild/netbeans/enterprise" />
    <property name="hudson.LC_TERMINAL_VERSION" value="3.5.0" />
    <property name="micronaut.dir" value="/Users/atalati/vscode-extension/main-repo/javavscode/netbeans/nbbuild/netbeans/enterprise" />
    <property name="test-qa-functional-sys-prop.branding.token" value="nb" />
    <property name="ide/css.prep.dir" value="/Users/atalati/vscode-extension/main-repo/javavscode/netbeans/nbbuild/netbeans/ide" />
    <property name="nb.cluster.enterprise" value="api.web.webmodule,cloud.amazon,cloud.common,cloud.oracle,el.lexer,glassfish.common,glassfish.eecommon,glassfish.javaee,glassfish.tooling,gradle.javaee,j2ee.ant,j2ee.api.ejbmodule,j2ee.clientproject,j2ee.common,j2ee.core,j2ee.dd,j2ee.dd.webservice,j2ee.ddloaders,j2ee.earproject,j2ee.ejbcore,j2ee.ejbjarproject,j2ee.ejbrefactoring,j2ee.ejbverification,j2ee.genericserver,j2ee.kit,j2ee.platform,j2ee.sun.appsrv,j2ee.sun.dd,j2ee.sun.ddui,j2eeapis,j2eeserver,jakarta.transformer,jakarta.web.beans,jakartaee10.api,jakartaee10.platform,jakartaee8.api,jakartaee8.platform,jakartaee9.api,jakartaee9.platform,javaee.api,javaee.beanvalidation,javaee.project,javaee.resources,javaee.specs.support,javaee.wildfly,javaee7.api,javaee8.api,jellytools.enterprise,jsp.lexer,libs.amazon,libs.commons_fileupload,libs.elimpl,libs.glassfish_logging,libs.jackson,libs.jstl,maven.j2ee,maven.jaxws,micronaut,payara.common,payara.eecommon,payara.jakartaee,payara.micro,payara.tooling,profiler.j2ee,projectimport.eclipse.web,servletjspapi,spring.webmvc,tomcat5,web.beans,web.bootsfaces,web.client.rest,web.core,web.core.syntax,web.debug,web.el,web.freeform,web.jsf,web.jsf.editor,web.jsf.icefaces,web.jsf.kit,web.jsf.navigation,web.jsf.richfaces,web.jsf12,web.jsf12ri,web.jsf20,web.jsfapi,web.jspparser,web.kit,web.monitor,web.primefaces,web.project,web.refactoring,web.struts,weblogic.common,websocket,websvc.clientapi,websvc.core,websvc.customization,websvc.design,websvc.editor.hints,websvc.jaxws.lightapi,websvc.jaxwsapi,websvc.jaxwsmodel,websvc.kit,websvc.manager,websvc.metro.lib,websvc.owsm,websvc.projectapi,websvc.rest,websvc.restapi,websvc.restkit,websvc.restlib,websvc.saas.codegen.j2ee,websvc.utilities,websvc.websvcapi,websvc.wsstackapi" />
    <property name="ide/spellchecker.apimodule.dir" value="/Users/atalati/vscode-extension/main-repo/javavscode/netbeans/nbbuild/netbeans/ide" />
    <property name="lib.v8debug.dir" value="/Users/atalati/vscode-extension/main-repo/javavscode/netbeans/nbbuild/netbeans/webcommon" />
    <property name="j2ee.sun.appsrv.dir" value="/Users/atalati/vscode-extension/main-repo/javavscode/netbeans/nbbuild/netbeans/enterprise" />
    <property name="web.common.ui.dir" value="/Users/atalati/vscode-extension/main-repo/javavscode/netbeans/nbbuild/netbeans/ide" />
    <property name="groovy/libs.groovy.dir" value="/Users/atalati/vscode-extension/main-repo/javavscode/netbeans/nbbuild/netbeans/groovy" />
    <property name="ide/lib.terminalemulator.dir" value="/Users/atalati/vscode-extension/main-repo/javavscode/netbeans/nbbuild/netbeans/ide" />
    <property name="editor.structure.dir" value="/Users/atalati/vscode-extension/main-repo/javavscode/netbeans/nbbuild/netbeans/ide" />
    <property name="libs.freemarker.dir" value="/Users/atalati/vscode-extension/main-repo/javavscode/netbeans/nbbuild/netbeans/ide" />
    <property name="php.codeception.dir" value="/Users/atalati/vscode-extension/main-repo/javavscode/netbeans/nbbuild/netbeans/php" />
    <property name="nbantext.jar" value="/Users/atalati/vscode-extension/main-repo/javavscode/netbeans/nbbuild/build/nbantext.jar" />
    <property name="ide/editor.global.format.dir" value="/Users/atalati/vscode-extension/main-repo/javavscode/netbeans/nbbuild/netbeans/ide" />
    <property name="platform/libs.junit5.dir" value="/Users/atalati/vscode-extension/main-repo/javavscode/netbeans/nbbuild/netbeans/platform" />
    <property name="libs.javacapi.dir" value="/Users/atalati/vscode-extension/main-repo/javavscode/netbeans/nbbuild/netbeans/java" />
    <property name="websvc.owsm.dir" value="/Users/atalati/vscode-extension/main-repo/javavscode/netbeans/nbbuild/netbeans/enterprise" />
    <property name="platform/api.visual.dir" value="/Users/atalati/vscode-extension/main-repo/javavscode/netbeans/nbbuild/netbeans/platform" />
    <property name="libs.javacup.dir" value="/Users/atalati/vscode-extension/main-repo/javavscode/netbeans/nbbuild/netbeans/php" />
    <property name="ide/languages.manifest.dir" value="/Users/atalati/vscode-extension/main-repo/javavscode/netbeans/nbbuild/netbeans/ide" />
    <property name="test.run.args" value="-ea -Xms1200m -Xmx1200m -XX:+UseParallelGC --add-opens=java.base/java.net=ALL-UNNAMED --add-opens=java.base/java.lang.ref=ALL-UNNAMED --add-opens=java.base/java.lang=ALL-UNNAMED --add-opens=java.base/java.security=ALL-UNNAMED --add-opens=java.base/java.util=ALL-UNNAMED --add-opens=java.base/java.nio=ALL-UNNAMED --add-exports=java.base/sun.reflect.annotation=ALL-UNNAMED --add-opens=java.prefs/java.util.prefs=ALL-UNNAMED --add-opens=java.desktop/javax.swing.plaf.basic=ALL-UNNAMED --add-opens=java.desktop/javax.swing.text=ALL-UNNAMED --add-opens=java.desktop/javax.swing=ALL-UNNAMED --add-opens=java.desktop/java.awt=ALL-UNNAMED --add-opens=java.desktop/java.awt.event=ALL-UNNAMED --add-opens=java.desktop/sun.awt.X11=ALL-UNNAMED --add-opens=java.desktop/javax.swing.plaf.synth=ALL-UNNAMED --add-opens=java.desktop/com.sun.java.swing.plaf.gtk=ALL-UNNAMED --add-opens=java.desktop/com.sun.java.swing.plaf.windows=ALL-UNNAMED --add-opens=java.desktop/com.apple.laf=ALL-UNNAMED --add-opens=java.desktop/sun.awt.shell=ALL-UNNAMED --add-opens=java.desktop/sun.awt.im=ALL-UNNAMED --add-exports=java.desktop/sun.awt=ALL-UNNAMED --add-exports=java.desktop/java.awt.peer=ALL-UNNAMED --add-exports=java.desktop/com.sun.beans.editors=ALL-UNNAMED --add-exports=java.desktop/sun.swing=ALL-UNNAMED --add-exports=java.desktop/sun.awt.im=ALL-UNNAMED --add-exports=java.desktop/com.sun.java.swing.plaf.motif=ALL-UNNAMED --add-exports=java.desktop/com.apple.eio=ALL-UNNAMED --add-opens=jdk.compiler/com.sun.tools.javac.api=ALL-UNNAMED --add-opens=jdk.compiler/com.sun.tools.javac.code=ALL-UNNAMED --add-opens=jdk.compiler/com.sun.tools.javac.comp=ALL-UNNAMED --add-opens=jdk.compiler/com.sun.tools.javac.file=ALL-UNNAMED --add-opens=jdk.compiler/com.sun.tools.javac.jvm=ALL-UNNAMED --add-opens=jdk.compiler/com.sun.tools.javac.main=ALL-UNNAMED --add-opens=jdk.compiler/com.sun.tools.javac.model=ALL-UNNAMED --add-opens=jdk.compiler/com.sun.tools.javac.parser=ALL-UNNAMED --add-opens=jdk.compiler/com.sun.tools.javac.processing=ALL-UNNAMED --add-opens=jdk.compiler/com.sun.tools.javac.tree=ALL-UNNAMED --add-opens=jdk.compiler/com.sun.tools.javac.util=ALL-UNNAMED --add-exports=jdk.compiler/com.sun.tools.javac.api=ALL-UNNAMED --add-exports=jdk.compiler/com.sun.tools.javac.code=ALL-UNNAMED --add-exports=jdk.compiler/com.sun.tools.javac.comp=ALL-UNNAMED --add-exports=jdk.compiler/com.sun.tools.javac.file=ALL-UNNAMED --add-exports=jdk.compiler/com.sun.tools.javac.jvm=ALL-UNNAMED --add-exports=jdk.compiler/com.sun.tools.javac.main=ALL-UNNAMED --add-exports=jdk.compiler/com.sun.tools.javac.model=ALL-UNNAMED --add-exports=jdk.compiler/com.sun.tools.javac.parser=ALL-UNNAMED --add-exports=jdk.compiler/com.sun.tools.javac.processing=ALL-UNNAMED --add-exports=jdk.compiler/com.sun.tools.javac.tree=ALL-UNNAMED --add-exports=jdk.compiler/com.sun.tools.javac.util=ALL-UNNAMED  --add-opens=java.base/java.net=ALL-UNNAMED --add-opens=java.prefs/java.util.prefs=ALL-UNNAMED --add-opens=java.desktop/javax.swing.text=ALL-UNNAMED --add-opens=java.desktop/sun.awt=ALL-UNNAMED -XX:+IgnoreUnrecognizedVMOptions" />
    <property name="java/classfile.dir" value="/Users/atalati/vscode-extension/main-repo/javavscode/netbeans/nbbuild/netbeans/java" />
    <property name="project.ant.dir" value="/Users/atalati/vscode-extension/main-repo/javavscode/netbeans/nbbuild/netbeans/ide" />
    <property name="php.dbgp.dir" value="/Users/atalati/vscode-extension/main-repo/javavscode/netbeans/nbbuild/netbeans/php" />
    <property name="java/gradle.java.dir" value="/Users/atalati/vscode-extension/main-repo/javavscode/netbeans/nbbuild/netbeans/java" />
    <property name="o.eclipse.equinox.registry.dir" value="/Users/atalati/vscode-extension/main-repo/javavscode/netbeans/nbbuild/netbeans/ide" />
    <property name="webcommon/extbrowser.chrome.dir" value="/Users/atalati/vscode-extension/main-repo/javavscode/netbeans/nbbuild/netbeans/webcommon" />
    <property name="build.sysclasspath" value="ignore" />
    <property name="os.name" value="Mac OS X" />
    <property name="php.apigen.dir" value="/Users/atalati/vscode-extension/main-repo/javavscode/netbeans/nbbuild/netbeans/php" />
    <property name="spi.editor.hints.dir" value="/Users/atalati/vscode-extension/main-repo/javavscode/netbeans/nbbuild/netbeans/ide" />
    <property name="enterprise/glassfish.eecommon.dir" value="/Users/atalati/vscode-extension/main-repo/javavscode/netbeans/nbbuild/netbeans/enterprise" />
    <property name="java/selenium2.maven.dir" value="/Users/atalati/vscode-extension/main-repo/javavscode/netbeans/nbbuild/netbeans/java" />
    <property name="web.jsf12ri.dir" value="/Users/atalati/vscode-extension/main-repo/javavscode/netbeans/nbbuild/netbeans/enterprise" />
    <property name="php/php.zend.dir" value="/Users/atalati/vscode-extension/main-repo/javavscode/netbeans/nbbuild/netbeans/php" />
    <property name="ide/xml.text.dir" value="/Users/atalati/vscode-extension/main-repo/javavscode/netbeans/nbbuild/netbeans/ide" />
    <property name="webcommon/javascript2.jade.dir" value="/Users/atalati/vscode-extension/main-repo/javavscode/netbeans/nbbuild/netbeans/webcommon" />
    <property name="xml.tax.dir" value="/Users/atalati/vscode-extension/main-repo/javavscode/netbeans/nbbuild/netbeans/ide" />
    <property name="ide/libs.flexmark.dir" value="/Users/atalati/vscode-extension/main-repo/javavscode/netbeans/nbbuild/netbeans/ide" />
    <property name="o.n.swing.tabcontrol.dir" value="/Users/atalati/vscode-extension/main-repo/javavscode/netbeans/nbbuild/netbeans/platform" />
    <property name="module.name.temp" value="/Users/atalati/vscode-extension/main-repo/javavscode/netbeans/java/java.hints" />
    <property name="platform/o.n.html.presenters.spi.dir" value="/Users/atalati/vscode-extension/main-repo/javavscode/netbeans/nbbuild/netbeans/platform" />
    <property name="payara.eecommon.dir" value="/Users/atalati/vscode-extension/main-repo/javavscode/netbeans/nbbuild/netbeans/enterprise" />
    <property name="libs.commons_net.dir" value="/Users/atalati/vscode-extension/main-repo/javavscode/netbeans/nbbuild/netbeans/ide" />
    <property name="php.twig.dir" value="/Users/atalati/vscode-extension/main-repo/javavscode/netbeans/nbbuild/netbeans/php" />
    <property name="openide.filesystems.dir" value="/Users/atalati/vscode-extension/main-repo/javavscode/netbeans/nbbuild/netbeans/platform" />
    <property name="j2ee.metadata.dir" value="/Users/atalati/vscode-extension/main-repo/javavscode/netbeans/nbbuild/netbeans/java" />
    <property name="php.samples.dir" value="/Users/atalati/vscode-extension/main-repo/javavscode/netbeans/nbbuild/netbeans/php" />
    <property name="core.kit.dir" value="/Users/atalati/vscode-extension/main-repo/javavscode/netbeans/nbbuild/netbeans/platform" />
    <property name="metabuild.jms-flags" value=" -J--add-opens=java.base/java.net=ALL-UNNAMED -J--add-opens=java.base/java.lang.ref=ALL-UNNAMED -J--add-opens=java.base/java.lang=ALL-UNNAMED -J--add-opens=java.base/java.security=ALL-UNNAMED -J--add-opens=java.base/java.util=ALL-UNNAMED -J--add-opens=java.base/java.nio=ALL-UNNAMED -J--add-exports=java.base/sun.reflect.annotation=ALL-UNNAMED -J--add-opens=java.prefs/java.util.prefs=ALL-UNNAMED -J--add-opens=java.desktop/javax.swing.plaf.basic=ALL-UNNAMED -J--add-opens=java.desktop/javax.swing.text=ALL-UNNAMED -J--add-opens=java.desktop/javax.swing=ALL-UNNAMED -J--add-opens=java.desktop/java.awt=ALL-UNNAMED -J--add-opens=java.desktop/java.awt.event=ALL-UNNAMED -J--add-opens=java.desktop/sun.awt.X11=ALL-UNNAMED -J--add-opens=java.desktop/javax.swing.plaf.synth=ALL-UNNAMED -J--add-opens=java.desktop/com.sun.java.swing.plaf.gtk=ALL-UNNAMED -J--add-opens=java.desktop/com.sun.java.swing.plaf.windows=ALL-UNNAMED -J--add-opens=java.desktop/com.apple.laf=ALL-UNNAMED -J--add-opens=java.desktop/sun.awt.shell=ALL-UNNAMED -J--add-opens=java.desktop/sun.awt.im=ALL-UNNAMED -J--add-exports=java.desktop/sun.awt=ALL-UNNAMED -J--add-exports=java.desktop/java.awt.peer=ALL-UNNAMED -J--add-exports=java.desktop/com.sun.beans.editors=ALL-UNNAMED -J--add-exports=java.desktop/sun.swing=ALL-UNNAMED -J--add-exports=java.desktop/sun.awt.im=ALL-UNNAMED -J--add-exports=java.desktop/com.sun.java.swing.plaf.motif=ALL-UNNAMED -J--add-exports=java.desktop/com.apple.eio=ALL-UNNAMED -J--add-opens=jdk.compiler/com.sun.tools.javac.api=ALL-UNNAMED -J--add-opens=jdk.compiler/com.sun.tools.javac.code=ALL-UNNAMED -J--add-opens=jdk.compiler/com.sun.tools.javac.comp=ALL-UNNAMED -J--add-opens=jdk.compiler/com.sun.tools.javac.file=ALL-UNNAMED -J--add-opens=jdk.compiler/com.sun.tools.javac.jvm=ALL-UNNAMED -J--add-opens=jdk.compiler/com.sun.tools.javac.main=ALL-UNNAMED -J--add-opens=jdk.compiler/com.sun.tools.javac.model=ALL-UNNAMED -J--add-opens=jdk.compiler/com.sun.tools.javac.parser=ALL-UNNAMED -J--add-opens=jdk.compiler/com.sun.tools.javac.processing=ALL-UNNAMED -J--add-opens=jdk.compiler/com.sun.tools.javac.tree=ALL-UNNAMED -J--add-opens=jdk.compiler/com.sun.tools.javac.util=ALL-UNNAMED -J--add-exports=jdk.compiler/com.sun.tools.javac.api=ALL-UNNAMED -J--add-exports=jdk.compiler/com.sun.tools.javac.code=ALL-UNNAMED -J--add-exports=jdk.compiler/com.sun.tools.javac.comp=ALL-UNNAMED -J--add-exports=jdk.compiler/com.sun.tools.javac.file=ALL-UNNAMED -J--add-exports=jdk.compiler/com.sun.tools.javac.jvm=ALL-UNNAMED -J--add-exports=jdk.compiler/com.sun.tools.javac.main=ALL-UNNAMED -J--add-exports=jdk.compiler/com.sun.tools.javac.model=ALL-UNNAMED -J--add-exports=jdk.compiler/com.sun.tools.javac.parser=ALL-UNNAMED -J--add-exports=jdk.compiler/com.sun.tools.javac.processing=ALL-UNNAMED -J--add-exports=jdk.compiler/com.sun.tools.javac.tree=ALL-UNNAMED -J--add-exports=jdk.compiler/com.sun.tools.javac.util=ALL-UNNAMED -J--add-modules=jdk.jshell -J--add-opens=jdk.jshell/jdk.jshell=ALL-UNNAMED -J--add-exports=jdk.jshell/jdk.internal.jshell.debug=ALL-UNNAMED -J--add-exports=jdk.jdeps/com.sun.tools.classfile=ALL-UNNAMED -J--add-exports=jdk.jdeps/com.sun.tools.javap=ALL-UNNAMED -J--add-exports=jdk.internal.jvmstat/sun.jvmstat.monitor=ALL-UNNAMED -J--add-exports=jdk.internal.opt/jdk.internal.opt=ALL-UNNAMED -J--add-exports=java.management/sun.management=ALL-UNNAMED" />
    <property name="openide.execution.compat8.dir" value="/Users/atalati/vscode-extension/main-repo/javavscode/netbeans/nbbuild/netbeans/platform" />
    <property name="o.eclipse.core.contenttype.dir" value="/Users/atalati/vscode-extension/main-repo/javavscode/netbeans/nbbuild/netbeans/ide" />
    <property name="web.jsf.icefaces.dir" value="/Users/atalati/vscode-extension/main-repo/javavscode/netbeans/nbbuild/netbeans/enterprise" />
    <property name="cpplite.kit.dir" value="/Users/atalati/vscode-extension/main-repo/javavscode/netbeans/nbbuild/netbeans/cpplite" />
    <property name="ant.file" value="/Users/atalati/vscode-extension/main-repo/javavscode/netbeans/java/java.hints/build.xml" />
    <property name="utilities.project.dir" value="/Users/atalati/vscode-extension/main-repo/javavscode/netbeans/nbbuild/netbeans/ide" />
    <property name="javascript2.debug.ui.dir" value="/Users/atalati/vscode-extension/main-repo/javavscode/netbeans/nbbuild/netbeans/ide" />
    <property name="clusters.list" value="nb.cluster.rust,nb.cluster.harness,nb.cluster.bootstrap,nb.cluster.platform,nb.cluster.ide,nb.cluster.extide,nb.cluster.websvccommon,nb.cluster.java,nb.cluster.javafx,nb.cluster.profiler,nb.cluster.3rdparty,nb.cluster.nb,nb.cluster.apisupport,nb.cluster.webcommon,nb.cluster.php,nb.cluster.groovy,nb.cluster.enterprise,nb.cluster.cpplite,nb.cluster.ergonomics" />
    <property name="platform/o.n.swing.laf.flatlaf.dir" value="/Users/atalati/vscode-extension/main-repo/javavscode/netbeans/nbbuild/netbeans/platform" />
    <property name="java/java.source.dir" value="/Users/atalati/vscode-extension/main-repo/javavscode/netbeans/nbbuild/netbeans/java" />
    <property name="nb.build.dir" value="/Users/atalati/vscode-extension/main-repo/javavscode/netbeans/nbbuild/build" />
    <property name="editor.lib2.dir" value="/Users/atalati/vscode-extension/main-repo/javavscode/netbeans/nbbuild/netbeans/ide" />
    <property name="java.home.parent" value="/Library/Java/JavaVirtualMachines/jdk-17.0.8.jdk/Contents" />
    <property name="javascript2.react.dir" value="/Users/atalati/vscode-extension/main-repo/javavscode/netbeans/nbbuild/netbeans/webcommon" />
    <property name="jms-compiler.flags.jvm" value="--add-opens=jdk.compiler/com.sun.tools.javac.api=ALL-UNNAMED --add-opens=jdk.compiler/com.sun.tools.javac.code=ALL-UNNAMED --add-opens=jdk.compiler/com.sun.tools.javac.comp=ALL-UNNAMED --add-opens=jdk.compiler/com.sun.tools.javac.file=ALL-UNNAMED --add-opens=jdk.compiler/com.sun.tools.javac.jvm=ALL-UNNAMED --add-opens=jdk.compiler/com.sun.tools.javac.main=ALL-UNNAMED --add-opens=jdk.compiler/com.sun.tools.javac.model=ALL-UNNAMED --add-opens=jdk.compiler/com.sun.tools.javac.parser=ALL-UNNAMED --add-opens=jdk.compiler/com.sun.tools.javac.processing=ALL-UNNAMED --add-opens=jdk.compiler/com.sun.tools.javac.tree=ALL-UNNAMED --add-opens=jdk.compiler/com.sun.tools.javac.util=ALL-UNNAMED --add-exports=jdk.compiler/com.sun.tools.javac.api=ALL-UNNAMED --add-exports=jdk.compiler/com.sun.tools.javac.code=ALL-UNNAMED --add-exports=jdk.compiler/com.sun.tools.javac.comp=ALL-UNNAMED --add-exports=jdk.compiler/com.sun.tools.javac.file=ALL-UNNAMED --add-exports=jdk.compiler/com.sun.tools.javac.jvm=ALL-UNNAMED --add-exports=jdk.compiler/com.sun.tools.javac.main=ALL-UNNAMED --add-exports=jdk.compiler/com.sun.tools.javac.model=ALL-UNNAMED --add-exports=jdk.compiler/com.sun.tools.javac.parser=ALL-UNNAMED --add-exports=jdk.compiler/com.sun.tools.javac.processing=ALL-UNNAMED --add-exports=jdk.compiler/com.sun.tools.javac.tree=ALL-UNNAMED --add-exports=jdk.compiler/com.sun.tools.javac.util=ALL-UNNAMED " />
    <property name="ide/spellchecker.dictionary_en.dir" value="/Users/atalati/vscode-extension/main-repo/javavscode/netbeans/nbbuild/netbeans/ide" />
    <property name="java/debugger.jpda.projectsui.dir" value="/Users/atalati/vscode-extension/main-repo/javavscode/netbeans/nbbuild/netbeans/java" />
    <property name="test.timeout" value="600000" />
    <property name="usersguide.dir" value="/Users/atalati/vscode-extension/main-repo/javavscode/netbeans/nbbuild/netbeans/ide" />
    <property name="ide/editor.indent.support.dir" value="/Users/atalati/vscode-extension/main-repo/javavscode/netbeans/nbbuild/netbeans/ide" />
    <property name="java.editor.lib.dir" value="/Users/atalati/vscode-extension/main-repo/javavscode/netbeans/nbbuild/netbeans/java" />
    <property name="apisupport.harness.dir" value="/Users/atalati/vscode-extension/main-repo/javavscode/netbeans/nbbuild/netbeans/harness" />
    <property name="php/php.zend2.dir" value="/Users/atalati/vscode-extension/main-repo/javavscode/netbeans/nbbuild/netbeans/php" />
    <property name="ide/versioning.util.dir" value="/Users/atalati/vscode-extension/main-repo/javavscode/netbeans/nbbuild/netbeans/ide" />
    <property name="jms-base.flags.jvm" value="--add-opens=java.base/java.net=ALL-UNNAMED --add-opens=java.base/java.lang.ref=ALL-UNNAMED --add-opens=java.base/java.lang=ALL-UNNAMED --add-opens=java.base/java.security=ALL-UNNAMED --add-opens=java.base/java.util=ALL-UNNAMED --add-opens=java.base/java.nio=ALL-UNNAMED --add-exports=java.base/sun.reflect.annotation=ALL-UNNAMED --add-opens=java.prefs/java.util.prefs=ALL-UNNAMED " />
    <property name="options.editor.dir" value="/Users/atalati/vscode-extension/main-repo/javavscode/netbeans/nbbuild/netbeans/ide" />
    <property name="websvc.rest.dir" value="/Users/atalati/vscode-extension/main-repo/javavscode/netbeans/nbbuild/netbeans/enterprise" />
    <property name="harness/libs.nbi.ant.dir" value="/Users/atalati/vscode-extension/main-repo/javavscode/netbeans/nbbuild/netbeans/harness" />
    <property name="platform/masterfs.dir" value="/Users/atalati/vscode-extension/main-repo/javavscode/netbeans/nbbuild/netbeans/platform" />
    <property name="test.extra.nb.javac.deps" value="" />
    <property name="java.class.version" value="61.0" />
    <property name="src.dir" value="/Users/atalati/vscode-extension/main-repo/javavscode/netbeans/java/java.hints/src" />
    <property name="javascript.bower.dir" value="/Users/atalati/vscode-extension/main-repo/javavscode/netbeans/nbbuild/netbeans/webcommon" />
    <property name="webcommon/web.clientproject.dir" value="/Users/atalati/vscode-extension/main-repo/javavscode/netbeans/nbbuild/netbeans/webcommon" />
    <property name="java/maven.search.dir" value="/Users/atalati/vscode-extension/main-repo/javavscode/netbeans/nbbuild/netbeans/java" />
    <property name="java.editor.dir" value="/Users/atalati/vscode-extension/main-repo/javavscode/netbeans/nbbuild/netbeans/java" />
    <property name="java/ant.debugger.dir" value="/Users/atalati/vscode-extension/main-repo/javavscode/netbeans/nbbuild/netbeans/java" />
    <property name="java.platform.ui.dir" value="/Users/atalati/vscode-extension/main-repo/javavscode/netbeans/nbbuild/netbeans/java" />
    <property name="enterprise/glassfish.javaee.dir" value="/Users/atalati/vscode-extension/main-repo/javavscode/netbeans/nbbuild/netbeans/enterprise" />
    <property name="nb.cluster.groovy.dir" value="groovy" />
    <property name="web.client.kit.dir" value="/Users/atalati/vscode-extension/main-repo/javavscode/netbeans/nbbuild/netbeans/webcommon" />
    <property name="nb.cluster.3rdparty" value="libs.javafx.linux,libs.javafx.linux.aarch64,libs.javafx.macosx,libs.javafx.macosx.aarch64,libs.javafx.win" />
    <property name="nb.cluster.team.dir" value="extra" />
    <property name="maven.hints.dir" value="/Users/atalati/vscode-extension/main-repo/javavscode/netbeans/nbbuild/netbeans/java" />
    <property name="webcommon/web.javascript.debugger.dir" value="/Users/atalati/vscode-extension/main-repo/javavscode/netbeans/nbbuild/netbeans/webcommon" />
    <property name="bugzilla.dir" value="/Users/atalati/vscode-extension/main-repo/javavscode/netbeans/nbbuild/netbeans/ide" />
    <property name="javaee.resources.dir" value="/Users/atalati/vscode-extension/main-repo/javavscode/netbeans/nbbuild/netbeans/enterprise" />
    <property name="j2ee.earproject.dir" value="/Users/atalati/vscode-extension/main-repo/javavscode/netbeans/nbbuild/netbeans/enterprise" />
    <property name="webcommon/javascript2.jsdoc.dir" value="/Users/atalati/vscode-extension/main-repo/javavscode/netbeans/nbbuild/netbeans/webcommon" />
    <property name="platform/api.templates.dir" value="/Users/atalati/vscode-extension/main-repo/javavscode/netbeans/nbbuild/netbeans/platform" />
    <property name="php.composer.dir" value="/Users/atalati/vscode-extension/main-repo/javavscode/netbeans/nbbuild/netbeans/php" />
    <property name="whitelist.dir" value="/Users/atalati/vscode-extension/main-repo/javavscode/netbeans/nbbuild/netbeans/java" />
    <property name="enterprise/libs.commons_fileupload.dir" value="/Users/atalati/vscode-extension/main-repo/javavscode/netbeans/nbbuild/netbeans/enterprise" />
    <property name="hudson.maven.dir" value="/Users/atalati/vscode-extension/main-repo/javavscode/netbeans/nbbuild/netbeans/java" />
    <property name="o.eclipse.core.runtime.dir" value="/Users/atalati/vscode-extension/main-repo/javavscode/netbeans/nbbuild/netbeans/ide" />
    <property name=".exe" value="" />
    <property name="line.separator" value="&#xa;" />
    <property name="hudson.CONDA_SHLVL" value="1" />
    <property name="java/java.freeform.dir" value="/Users/atalati/vscode-extension/main-repo/javavscode/netbeans/nbbuild/netbeans/java" />
    <property name="enterprise/web.refactoring.dir" value="/Users/atalati/vscode-extension/main-repo/javavscode/netbeans/nbbuild/netbeans/enterprise" />
    <property name="java.hints.declarative.dir" value="/Users/atalati/vscode-extension/main-repo/javavscode/netbeans/nbbuild/netbeans/java" />
    <property name="platform/libs.felix.dir" value="/Users/atalati/vscode-extension/main-repo/javavscode/netbeans/nbbuild/netbeans/platform" />
    <property name="web.webkit.debugging.dir" value="/Users/atalati/vscode-extension/main-repo/javavscode/netbeans/nbbuild/netbeans/ide" />
    <property name="ide/api.debugger.dir" value="/Users/atalati/vscode-extension/main-repo/javavscode/netbeans/nbbuild/netbeans/ide" />
    <property name="platform/api.progress.nb.dir" value="/Users/atalati/vscode-extension/main-repo/javavscode/netbeans/nbbuild/netbeans/platform" />
    <property name="ide/languages.go.dir" value="/Users/atalati/vscode-extension/main-repo/javavscode/netbeans/nbbuild/netbeans/ide" />
    <property name="buildnumber" value="20240527-unknown-revn" />
    <property name="enterprise/j2ee.ejbcore.dir" value="/Users/atalati/vscode-extension/main-repo/javavscode/netbeans/nbbuild/netbeans/enterprise" />
    <property name="nb.cluster.rust.dir" value="rust" />
    <property name="ide/editor.bookmarks.dir" value="/Users/atalati/vscode-extension/main-repo/javavscode/netbeans/nbbuild/netbeans/ide" />
    <property name="webcommon/netserver.dir" value="/Users/atalati/vscode-extension/main-repo/javavscode/netbeans/nbbuild/netbeans/webcommon" />
    <property name="build.compiler.debug" value="true" />
    <property name="jakarta.web.beans.dir" value="/Users/atalati/vscode-extension/main-repo/javavscode/netbeans/nbbuild/netbeans/enterprise" />
    <property name="java/java.disco.dir" value="/Users/atalati/vscode-extension/main-repo/javavscode/netbeans/nbbuild/netbeans/java" />
    <property name="validation.nb.cluster.ide" value="ide.kit" />
    <property name="java/java.kit.dir" value="/Users/atalati/vscode-extension/main-repo/javavscode/netbeans/nbbuild/netbeans/java" />
    <property name="javascript2.model.dir" value="/Users/atalati/vscode-extension/main-repo/javavscode/netbeans/nbbuild/netbeans/webcommon" />
    <property name="libs.jackson.dir" value="/Users/atalati/vscode-extension/main-repo/javavscode/netbeans/nbbuild/netbeans/enterprise" />
    <property name="enterprise/j2ee.core.dir" value="/Users/atalati/vscode-extension/main-repo/javavscode/netbeans/nbbuild/netbeans/enterprise" />
    <property name="enterprise/websvc.restkit.dir" value="/Users/atalati/vscode-extension/main-repo/javavscode/netbeans/nbbuild/netbeans/enterprise" />
    <property name="ide/spellchecker.bindings.htmlxml.dir" value="/Users/atalati/vscode-extension/main-repo/javavscode/netbeans/nbbuild/netbeans/ide" />
    <property name="platform/openide.filesystems.dir" value="/Users/atalati/vscode-extension/main-repo/javavscode/netbeans/nbbuild/netbeans/platform" />
    <property name="java/ko4j.debugging.dir" value="/Users/atalati/vscode-extension/main-repo/javavscode/netbeans/nbbuild/netbeans/java" />
    <property name="module.jar.dir" value="modules" />
    <property name="platform/keyring.impl.dir" value="/Users/atalati/vscode-extension/main-repo/javavscode/netbeans/nbbuild/netbeans/platform" />
    <property name="enterprise/websvc.restlib.dir" value="/Users/atalati/vscode-extension/main-repo/javavscode/netbeans/nbbuild/netbeans/enterprise" />
    <property name="cluster.dir.fallback" value="extra" />
    <property name="ant.home" value="/opt/homebrew/Cellar/ant/1.10.14/libexec" />
    <property name="hudson.ant.dir" value="/Users/atalati/vscode-extension/main-repo/javavscode/netbeans/nbbuild/netbeans/java" />
    <property name="nb.cluster.stableuc" value="apisupport.apidocs,db.mysql.sakila,deployment.deviceanywhere,j2me.cdc.kit,j2me.cdc.platform,j2me.cdc.platform.nokias80,j2me.cdc.platform.ojec,j2me.cdc.platform.semc,j2me.cdc.platform.sjmc,j2me.cdc.platform.sun,j2me.cdc.project,j2me.cdc.project.execui,j2me.cdc.project.execuiimpl,j2me.cdc.project.nokiaS80,j2me.cdc.project.ojec,j2me.cdc.project.savaje,j2me.cdc.project.semc,j2me.cdc.project.sjmc,jconsole,jmx,jmx.common,libs.aguiswinglayout,libs.oracle.cloud,libs.ppawtlayout,loadgenerator,maven.util,mvd,o.apache.tools.ant.module.docs,profiler.commandrunner,profiler.loadgen,svg.perseus,swingapplib,vmd.analyzer,vmd.codegen,vmd.components.midp,vmd.components.midp.pda,vmd.components.midp.wma,vmd.components.svg,vmd.componentssupport,vmd.examples,vmd.flow,vmd.game,vmd.inspector,vmd.io,vmd.io.javame,vmd.kit,vmd.midp,vmd.midp.converter,vmd.midpnb,vmd.model,vmd.palette,vmd.properties,vmd.screen,vmd.structure" />
    <property name="ant.file.type.java/java.hints" value="file" />
    <property name="nb.cluster.cnd.depends" value="nb.cluster.harness,nb.cluster.platform,nb.cluster.dlight,nb.cluster.ide" />
    <property name="javac.target" value="1.8" />
    <property name="ide/xml.jaxb.api.dir" value="/Users/atalati/vscode-extension/main-repo/javavscode/netbeans/nbbuild/netbeans/ide" />
    <property name="testng.ant.dir" value="/Users/atalati/vscode-extension/main-repo/javavscode/netbeans/nbbuild/netbeans/java" />
    <property name="nb/uihandler.exceptionreporter.dir" value="/Users/atalati/vscode-extension/main-repo/javavscode/netbeans/nbbuild/netbeans/nb" />
    <property name="javafx/javafx2.platform.dir" value="/Users/atalati/vscode-extension/main-repo/javavscode/netbeans/nbbuild/netbeans/javafx" />
    <property name="test.qa-functional.dir" value="/Users/atalati/vscode-extension/main-repo/javavscode/netbeans/java/java.hints/test/qa-functional" />
    <property name="api.search.dir" value="/Users/atalati/vscode-extension/main-repo/javavscode/netbeans/nbbuild/netbeans/platform" />
    <property name="hudson.CONDA_DEFAULT_ENV" value="base" />
    <property name="module.jar.basename" value="org-netbeans-modules-java-hints.jar" />
    <property name="ide/utilities.project.dir" value="/Users/atalati/vscode-extension/main-repo/javavscode/netbeans/nbbuild/netbeans/ide" />
    <property name="ide/o.eclipse.equinox.preferences.dir" value="/Users/atalati/vscode-extension/main-repo/javavscode/netbeans/nbbuild/netbeans/ide" />
    <property name="ide/db.core.dir" value="/Users/atalati/vscode-extension/main-repo/javavscode/netbeans/nbbuild/netbeans/ide" />
    <property name="platform/core.windows.dir" value="/Users/atalati/vscode-extension/main-repo/javavscode/netbeans/nbbuild/netbeans/platform" />
    <property name="ide/db.drivers.dir" value="/Users/atalati/vscode-extension/main-repo/javavscode/netbeans/nbbuild/netbeans/ide" />
    <property name="apisupport/apisupport.installer.maven.dir" value="/Users/atalati/vscode-extension/main-repo/javavscode/netbeans/nbbuild/netbeans/apisupport" />
    <property name="ide/refactoring.api.dir" value="/Users/atalati/vscode-extension/main-repo/javavscode/netbeans/nbbuild/netbeans/ide" />
    <property name="ide/web.common.dir" value="/Users/atalati/vscode-extension/main-repo/javavscode/netbeans/nbbuild/netbeans/ide" />
    <property name="o.n.html.xhr4j.dir" value="/Users/atalati/vscode-extension/main-repo/javavscode/netbeans/nbbuild/netbeans/platform" />
    <property name="java/javawebstart.dir" value="/Users/atalati/vscode-extension/main-repo/javavscode/netbeans/nbbuild/netbeans/java" />
    <property name="debugger.jpda.truffle.dir" value="/Users/atalati/vscode-extension/main-repo/javavscode/netbeans/nbbuild/netbeans/java" />
    <property name="editor.dir" value="/Users/atalati/vscode-extension/main-repo/javavscode/netbeans/nbbuild/netbeans/ide" />
    <property name="ant.file.projectized" value="/Users/atalati/vscode-extension/main-repo/javavscode/netbeans/nbbuild/templates/projectized.xml" />
    <property name="versioning.masterfs.dir" value="/Users/atalati/vscode-extension/main-repo/javavscode/netbeans/nbbuild/netbeans/ide" />
    <property name="apisupport.ant.dir" value="/Users/atalati/vscode-extension/main-repo/javavscode/netbeans/nbbuild/netbeans/apisupport" />
    <property name="sampler.dir" value="/Users/atalati/vscode-extension/main-repo/javavscode/netbeans/nbbuild/netbeans/platform" />
    <property name="libs.jcodings.dir" value="/Users/atalati/vscode-extension/main-repo/javavscode/netbeans/nbbuild/netbeans/ide" />
    <property name="enterprise/javaee.beanvalidation.dir" value="/Users/atalati/vscode-extension/main-repo/javavscode/netbeans/nbbuild/netbeans/enterprise" />
    <property name="progress.ui.dir" value="/Users/atalati/vscode-extension/main-repo/javavscode/netbeans/nbbuild/netbeans/platform" />
    <property name="nb/o.n.upgrader.dir" value="/Users/atalati/vscode-extension/main-repo/javavscode/netbeans/nbbuild/netbeans/nb" />
    <property name="php/php.smarty.dir" value="/Users/atalati/vscode-extension/main-repo/javavscode/netbeans/nbbuild/netbeans/php" />
    <property name="test.config.batch1.includes" value="**/*Test.class" />
    <property name="nb.cluster.harness.dir" value="harness" />
    <property name="java/form.nb.dir" value="/Users/atalati/vscode-extension/main-repo/javavscode/netbeans/nbbuild/netbeans/java" />
    <property name="spring.beans.dir" value="/Users/atalati/vscode-extension/main-repo/javavscode/netbeans/nbbuild/netbeans/java" />
    <property name="maven.dir" value="/Users/atalati/vscode-extension/main-repo/javavscode/netbeans/nbbuild/netbeans/java" />
    <property name="javafx/javafx2.samples.dir" value="/Users/atalati/vscode-extension/main-repo/javavscode/netbeans/nbbuild/netbeans/javafx" />
    <property name="webcommon/javascript.karma.dir" value="/Users/atalati/vscode-extension/main-repo/javavscode/netbeans/nbbuild/netbeans/webcommon" />
    <property name="libs.javafx.win.dir" value="/Users/atalati/vscode-extension/main-repo/javavscode/netbeans/nbbuild/netbeans/extra" />
    <property name="nb.cluster.platform.depends" value="nb.cluster.bootstrap" />
    <property name="enterprise/weblogic.common.dir" value="/Users/atalati/vscode-extension/main-repo/javavscode/netbeans/nbbuild/netbeans/enterprise" />
    <property name="openide.modules.dir" value="/Users/atalati/vscode-extension/main-repo/javavscode/netbeans/nbbuild/netbeans/platform" />
    <property name="o.n.swing.laf.dark.dir" value="/Users/atalati/vscode-extension/main-repo/javavscode/netbeans/nbbuild/netbeans/platform" />
    <property name="project.spi.intern.dir" value="/Users/atalati/vscode-extension/main-repo/javavscode/netbeans/nbbuild/netbeans/ide" />
    <property name="webcommon/javascript.v8debug.dir" value="/Users/atalati/vscode-extension/main-repo/javavscode/netbeans/nbbuild/netbeans/webcommon" />
    <property name="jakartaee9.api.dir" value="/Users/atalati/vscode-extension/main-repo/javavscode/netbeans/nbbuild/netbeans/enterprise" />
    <property name="ide/db.sql.visualeditor.dir" value="/Users/atalati/vscode-extension/main-repo/javavscode/netbeans/nbbuild/netbeans/ide" />
    <property name="platform/core.io.ui.dir" value="/Users/atalati/vscode-extension/main-repo/javavscode/netbeans/nbbuild/netbeans/platform" />
    <property name="nb.cluster.dlight.dir" value="dlight" />
    <property name="jellytools.enterprise.dir" value="/Users/atalati/vscode-extension/main-repo/javavscode/netbeans/nbbuild/netbeans/enterprise" />
    <property name="libs.javafx.dir" value="/Users/atalati/vscode-extension/main-repo/javavscode/netbeans/nbbuild/netbeans/platform" />
    <property name="ide/db.sql.editor.dir" value="/Users/atalati/vscode-extension/main-repo/javavscode/netbeans/nbbuild/netbeans/ide" />
    <property name="ide/css.visual.dir" value="/Users/atalati/vscode-extension/main-repo/javavscode/netbeans/nbbuild/netbeans/ide" />
    <property name="php/php.api.framework.dir" value="/Users/atalati/vscode-extension/main-repo/javavscode/netbeans/nbbuild/netbeans/php" />
    <property name="java/maven.persistence.dir" value="/Users/atalati/vscode-extension/main-repo/javavscode/netbeans/nbbuild/netbeans/java" />
    <property name="project.libraries.ui.dir" value="/Users/atalati/vscode-extension/main-repo/javavscode/netbeans/nbbuild/netbeans/ide" />
    <property name="extra/libs.javafx.macosx.aarch64.dir" value="/Users/atalati/vscode-extension/main-repo/javavscode/netbeans/nbbuild/netbeans/extra" />
    <property name="java/beans.dir" value="/Users/atalati/vscode-extension/main-repo/javavscode/netbeans/nbbuild/netbeans/java" />
    <property name="refactoring.java.dir" value="/Users/atalati/vscode-extension/main-repo/javavscode/netbeans/nbbuild/netbeans/java" />
    <property name="ant.project.invoked-targets" value="-do-junit" />
    <property name="nbm.is.preferredupdate" value="" />
    <property name="nb/ide.branding.kit.dir" value="/Users/atalati/vscode-extension/main-repo/javavscode/netbeans/nbbuild/netbeans/nb" />
    <property name="core.windows.dir" value="/Users/atalati/vscode-extension/main-repo/javavscode/netbeans/nbbuild/netbeans/platform" />
    <property name="enterprise/spring.webmvc.dir" value="/Users/atalati/vscode-extension/main-repo/javavscode/netbeans/nbbuild/netbeans/enterprise" />
    <property name="ide/o.eclipse.equinox.app.dir" value="/Users/atalati/vscode-extension/main-repo/javavscode/netbeans/nbbuild/netbeans/ide" />
    <property name="spi.java.hints.dir" value="/Users/atalati/vscode-extension/main-repo/javavscode/netbeans/nbbuild/netbeans/java" />
    <property name="html.validation.dir" value="/Users/atalati/vscode-extension/main-repo/javavscode/netbeans/nbbuild/netbeans/ide" />
    <property name="TODAY" value="May 27 2024" />
    <property name="ide.kit.dir" value="/Users/atalati/vscode-extension/main-repo/javavscode/netbeans/nbbuild/netbeans/ide" />
    <property name="ide/o.eclipse.equinox.common.dir" value="/Users/atalati/vscode-extension/main-repo/javavscode/netbeans/nbbuild/netbeans/ide" />
    <property name="versioning.core.dir" value="/Users/atalati/vscode-extension/main-repo/javavscode/netbeans/nbbuild/netbeans/ide" />
    <property name="dtd.cp" value="/Users/atalati/vscode-extension/main-repo/javavscode/netbeans/platform/openide.filesystems/src" />
    <property name="maven.repository.dir" value="/Users/atalati/vscode-extension/main-repo/javavscode/netbeans/nbbuild/netbeans/java" />
    <property name="o.eclipse.equinox.app.dir" value="/Users/atalati/vscode-extension/main-repo/javavscode/netbeans/nbbuild/netbeans/ide" />
    <property name="ide/schema2beans.dir" value="/Users/atalati/vscode-extension/main-repo/javavscode/netbeans/nbbuild/netbeans/ide" />
    <property name="profiler/lib.profiler.charts.dir" value="/Users/atalati/vscode-extension/main-repo/javavscode/netbeans/nbbuild/netbeans/profiler" />
    <property name="test.qa-functional.runtime.cp" value="/Users/atalati/vscode-extension/main-repo/javavscode/netbeans/nbbuild/netbeans/platform/modules/org-netbeans-libs-junit4.jar:/Users/atalati/vscode-extension/main-repo/javavscode/netbeans/nbbuild/netbeans/harness/modules/org-netbeans-modules-nbjunit.jar:/Users/atalati/vscode-extension/main-repo/javavscode/netbeans/nbbuild/netbeans/harness/modules/org-netbeans-insane.jar:/Users/atalati/vscode-extension/main-repo/javavscode/netbeans/nbbuild/netbeans/java/modules/org-netbeans-modules-java-j2seproject.jar:/Users/atalati/vscode-extension/main-repo/javavscode/netbeans/nbbuild/build/testdist/qa-functional/java/org-netbeans-modules-java-j2seproject/tests.jar:/Users/atalati/vscode-extension/main-repo/javavscode/netbeans/nbbuild/build/testdist/unit/java/org-netbeans-modules-java-j2seproject/tests.jar:/Users/atalati/vscode-extension/main-repo/javavscode/netbeans/nbbuild/netbeans/extide/modules/org-netbeans-modules-options-java.jar:/Users/atalati/vscode-extension/main-repo/javavscode/netbeans/nbbuild/netbeans/ide/modules/org-netbeans-modules-editor-settings-storage.jar:/Users/atalati/vscode-extension/main-repo/javavscode/netbeans/nbbuild/netbeans/java/modules/org-netbeans-libs-javacapi.jar:/Users/atalati/vscode-extension/main-repo/javavscode/netbeans/nbbuild/netbeans/ide/modules/org-netbeans-modules-web-browser-api.jar:/Users/atalati/vscode-extension/main-repo/javavscode/netbeans/nbbuild/netbeans/ide/modules/org-apache-xml-resolver.jar:/Users/atalati/vscode-extension/main-repo/javavscode/netbeans/nbbuild/netbeans/platform/modules/org-netbeans-swing-plaf.jar:/Users/atalati/vscode-extension/main-repo/javavscode/netbeans/nbbuild/netbeans/ide/modules/org-netbeans-modules-editor-settings-lib.jar:/Users/atalati/vscode-extension/main-repo/javavscode/netbeans/nbbuild/netbeans/platform/modules/org-netbeans-modules-autoupdate-services.jar:/Users/atalati/vscode-extension/main-repo/javavscode/netbeans/nbbuild/netbeans/ide/modules/org-netbeans-modules-editor-document.jar:/Users/atalati/vscode-extension/main-repo/javavscode/netbeans/nbbuild/netbeans/ide/modules/org-netbeans-modules-extexecution.jar:/Users/atalati/vscode-extension/main-repo/javavscode/netbeans/nbbuild/netbeans/java/modules/org-netbeans-api-java.jar:/Users/atalati/vscode-extension/main-repo/javavscode/netbeans/nbbuild/netbeans/ide/modules/org-netbeans-modules-xml-catalog.jar:/Users/atalati/vscode-extension/main-repo/javavscode/netbeans/nbbuild/netbeans/java/modules/org-netbeans-modules-debugger-jpda-ant.jar:/Users/atalati/vscode-extension/main-repo/javavscode/netbeans/nbbuild/netbeans/ide/modules/org-netbeans-modules-project-ant-ui.jar:/Users/atalati/vscode-extension/main-repo/javavscode/netbeans/nbbuild/netbeans/platform/modules/org-netbeans-modules-options-api.jar:/Users/atalati/vscode-extension/main-repo/javavscode/netbeans/nbbuild/netbeans/platform/lib/org-openide-modules.jar:/Users/atalati/vscode-extension/main-repo/javavscode/netbeans/nbbuild/netbeans/java/modules/org-netbeans-modules-java-platform-ui.jar:/Users/atalati/vscode-extension/main-repo/javavscode/netbeans/nbbuild/netbeans/platform/modules/org-netbeans-api-search.jar:/Users/atalati/vscode-extension/main-repo/javavscode/netbeans/nbbuild/netbeans/platform/modules/org-openide-filesystems-nb.jar:/Users/atalati/vscode-extension/main-repo/javavscode/netbeans/nbbuild/netbeans/ide/modules/org-netbeans-modules-editor-guards.jar:/Users/atalati/vscode-extension/main-repo/javavscode/netbeans/nbbuild/netbeans/ide/modules/org-netbeans-spi-tasklist.jar:/Users/atalati/vscode-extension/main-repo/javavscode/netbeans/nbbuild/netbeans/platform/modules/org-netbeans-modules-keyring.jar:/Users/atalati/vscode-extension/main-repo/javavscode/netbeans/nbbuild/netbeans/java/modules/org-netbeans-lib-nbjavac.jar:/Users/atalati/vscode-extension/main-repo/javavscode/netbeans/nbbuild/netbeans/platform/modules/org-netbeans-api-templates.jar:/Users/atalati/vscode-extension/main-repo/javavscode/netbeans/nbbuild/netbeans/platform/lib/org-openide-util-lookup.jar:/Users/atalati/vscode-extension/main-repo/javavscode/netbeans/nbbuild/netbeans/ide/modules/org-netbeans-modules-web-common.jar:/Users/atalati/vscode-extension/main-repo/javavscode/netbeans/nbbuild/netbeans/ide/modules/org-netbeans-spi-navigator.jar:/Users/atalati/vscode-extension/main-repo/javavscode/netbeans/nbbuild/netbeans/platform/modules/org-netbeans-api-annotations-common.jar:/Users/atalati/vscode-extension/main-repo/javavscode/netbeans/nbbuild/netbeans/ide/modules/org-netbeans-modules-refactoring-api.jar:/Users/atalati/vscode-extension/main-repo/javavscode/netbeans/nbbuild/netbeans/ide/modules/org-netbeans-api-xml-ui.jar:/Users/atalati/vscode-extension/main-repo/javavscode/netbeans/nbbuild/netbeans/platform/lib/boot.jar:/Users/atalati/vscode-extension/main-repo/javavscode/netbeans/nbbuild/netbeans/platform/modules/org-openide-execution.jar:/Users/atalati/vscode-extension/main-repo/javavscode/netbeans/nbbuild/netbeans/java/modules/org-netbeans-modules-j2ee-metadata-model-support.jar:/Users/atalati/vscode-extension/main-repo/javavscode/netbeans/nbbuild/netbeans/java/modules/org-netbeans-modules-classfile.jar:/Users/atalati/vscode-extension/main-repo/javavscode/netbeans/nbbuild/netbeans/platform/lib/org-openide-util.jar:/Users/atalati/vscode-extension/main-repo/javavscode/netbeans/nbbuild/netbeans/platform/modules/org-netbeans-spi-quicksearch.jar:/Users/atalati/vscode-extension/main-repo/javavscode/netbeans/nbbuild/netbeans/platform/modules/org-openide-windows.jar:/Users/atalati/vscode-extension/main-repo/javavscode/netbeans/nbbuild/netbeans/ide/modules/org-netbeans-modules-editor-indent.jar:/Users/atalati/vscode-extension/main-repo/javavscode/netbeans/nbbuild/netbeans/java/modules/org-netbeans-modules-java-preprocessorbridge.jar:/Users/atalati/vscode-extension/main-repo/javavscode/netbeans/nbbuild/netbeans/platform/modules/org-netbeans-modules-sampler.jar:/Users/atalati/vscode-extension/main-repo/javavscode/netbeans/nbbuild/netbeans/java/modules/org-netbeans-api-debugger-jpda.jar:/Users/atalati/vscode-extension/main-repo/javavscode/netbeans/nbbuild/netbeans/java/modules/org-netbeans-modules-java-sourceui.jar:/Users/atalati/vscode-extension/main-repo/javavscode/netbeans/nbbuild/netbeans/platform/modules/org-openide-dialogs.jar:/Users/atalati/vscode-extension/main-repo/javavscode/netbeans/nbbuild/netbeans/ide/modules/org-netbeans-modules-projectuiapi.jar:/Users/atalati/vscode-extension/main-repo/javavscode/netbeans/nbbuild/netbeans/ide/modules/org-netbeans-modules-projectapi.jar:/Users/atalati/vscode-extension/main-repo/javavscode/netbeans/nbbuild/netbeans/ide/modules/org-netbeans-modules-editor-errorstripe.jar:/Users/atalati/vscode-extension/main-repo/javavscode/netbeans/nbbuild/netbeans/ide/modules/org-netbeans-modules-project-libraries-ui.jar:/Users/atalati/vscode-extension/main-repo/javavscode/netbeans/nbbuild/netbeans/platform/modules/org-openide-awt.jar:/Users/atalati/vscode-extension/main-repo/javavscode/netbeans/nbbuild/netbeans/java/modules/org-netbeans-modules-j2ee-metadata.jar:/Users/atalati/vscode-extension/main-repo/javavscode/netbeans/nbbuild/netbeans/ide/modules/org-netbeans-modules-extbrowser.jar:/Users/atalati/vscode-extension/main-repo/javavscode/netbeans/nbbuild/netbeans/platform/modules/org-openide-actions.jar:/Users/atalati/vscode-extension/main-repo/javavscode/netbeans/nbbuild/netbeans/java/modules/org-netbeans-modules-java-source.jar:/Users/atalati/vscode-extension/main-repo/javavscode/netbeans/nbbuild/netbeans/platform/modules/org-netbeans-api-io.jar:/Users/atalati/vscode-extension/main-repo/javavscode/netbeans/nbbuild/netbeans/ide/modules/org-netbeans-modules-editor-settings.jar:/Users/atalati/vscode-extension/main-repo/javavscode/netbeans/nbbuild/netbeans/ide/modules/org-netbeans-modules-editor.jar:/Users/atalati/vscode-extension/main-repo/javavscode/netbeans/nbbuild/netbeans/platform/modules/org-openide-loaders.jar:/Users/atalati/vscode-extension/main-repo/javavscode/netbeans/nbbuild/netbeans/platform/modules/org-netbeans-api-intent.jar:/Users/atalati/vscode-extension/main-repo/javavscode/netbeans/nbbuild/netbeans/platform/modules/org-openide-nodes.jar:/Users/atalati/vscode-extension/main-repo/javavscode/netbeans/nbbuild/netbeans/platform/modules/org-netbeans-swing-outline.jar:/Users/atalati/vscode-extension/main-repo/javavscode/netbeans/nbbuild/netbeans/platform/modules/org-netbeans-api-progress-nb.jar:/Users/atalati/vscode-extension/main-repo/javavscode/netbeans/nbbuild/netbeans/platform/modules/org-openide-io.jar:/Users/atalati/vscode-extension/main-repo/javavscode/netbeans/nbbuild/netbeans/ide/modules/org-netbeans-modules-options-editor.jar:/Users/atalati/vscode-extension/main-repo/javavscode/netbeans/nbbuild/netbeans/ide/modules/org-netbeans-modules-projectuiapi-base.jar:/Users/atalati/vscode-extension/main-repo/javavscode/netbeans/nbbuild/netbeans/platform/modules/org-netbeans-api-progress.jar:/Users/atalati/vscode-extension/main-repo/javavscode/netbeans/nbbuild/netbeans/ide/modules/org-netbeans-libs-antlr3-runtime.jar:/Users/atalati/vscode-extension/main-repo/javavscode/netbeans/nbbuild/netbeans/ide/modules/org-netbeans-api-xml.jar:/Users/atalati/vscode-extension/main-repo/javavscode/netbeans/nbbuild/netbeans/platform/lib/org-openide-util-ui.jar:/Users/atalati/vscode-extension/main-repo/javavscode/netbeans/nbbuild/netbeans/ide/modules/org-netbeans-modules-editor-fold.jar:/Users/atalati/vscode-extension/main-repo/javavscode/netbeans/nbbuild/netbeans/ide/modules/org-netbeans-modules-editor-fold-nbui.jar:/Users/atalati/vscode-extension/main-repo/javavscode/netbeans/nbbuild/netbeans/java/modules/org-netbeans-modules-j2ee-persistenceapi.jar:/Users/atalati/vscode-extension/main-repo/javavscode/netbeans/nbbuild/netbeans/platform/modules/org-openide-text.jar:/Users/atalati/vscode-extension/main-repo/javavscode/netbeans/nbbuild/netbeans/platform/core/org-netbeans-libs-asm.jar:/Users/atalati/vscode-extension/main-repo/javavscode/netbeans/nbbuild/netbeans/ide/modules/org-netbeans-modules-jumpto.jar:/Users/atalati/vscode-extension/main-repo/javavscode/netbeans/nbbuild/netbeans/extide/modules/org-apache-tools-ant-module.jar:/Users/atalati/vscode-extension/main-repo/javavscode/netbeans/nbbuild/netbeans/platform/modules/org-netbeans-modules-favorites.jar:/Users/atalati/vscode-extension/main-repo/javavscode/netbeans/nbbuild/netbeans/platform/modules/org-netbeans-modules-options-keymap.jar:/Users/atalati/vscode-extension/main-repo/javavscode/netbeans/nbbuild/netbeans/platform/core/core.jar:/Users/atalati/vscode-extension/main-repo/javavscode/netbeans/nbbuild/netbeans/ide/modules/org-netbeans-modules-project-indexingbridge.jar:/Users/atalati/vscode-extension/main-repo/javavscode/netbeans/nbbuild/netbeans/ide/modules/org-netbeans-modules-diff.jar:/Users/atalati/vscode-extension/main-repo/javavscode/netbeans/nbbuild/netbeans/ide/modules/org-netbeans-modules-project-spi-intern.jar:/Users/atalati/vscode-extension/main-repo/javavscode/netbeans/nbbuild/netbeans/platform/modules/org-netbeans-modules-queries.jar:/Users/atalati/vscode-extension/main-repo/javavscode/netbeans/nbbuild/netbeans/ide/modules/org-netbeans-api-java-classpath.jar:/Users/atalati/vscode-extension/main-repo/javavscode/netbeans/nbbuild/netbeans/ide/modules/org-netbeans-modules-lexer.jar:/Users/atalati/vscode-extension/main-repo/javavscode/netbeans/nbbuild/netbeans/java/modules/org-netbeans-modules-libs-corba-omgapi.jar:/Users/atalati/vscode-extension/main-repo/javavscode/netbeans/nbbuild/netbeans/ide/modules/org-netbeans-modules-project-ant.jar:/Users/atalati/vscode-extension/main-repo/javavscode/netbeans/nbbuild/netbeans/platform/modules/org-netbeans-core-execution.jar:/Users/atalati/vscode-extension/main-repo/javavscode/netbeans/nbbuild/netbeans/platform/modules/org-netbeans-modules-editor-mimelookup.jar:/Users/atalati/vscode-extension/main-repo/javavscode/netbeans/nbbuild/netbeans/java/modules/org-netbeans-modules-java-platform.jar:/Users/atalati/vscode-extension/main-repo/javavscode/netbeans/nbbuild/netbeans/ide/modules/org-netbeans-modules-editor-indent-project.jar:/Users/atalati/vscode-extension/main-repo/javavscode/netbeans/nbbuild/netbeans/java/modules/org-netbeans-modules-java-lexer.jar:/Users/atalati/vscode-extension/main-repo/javavscode/netbeans/nbbuild/netbeans/platform/modules/org-netbeans-core.jar:/Users/atalati/vscode-extension/main-repo/javavscode/netbeans/nbbuild/netbeans/platform/modules/org-netbeans-modules-sendopts.jar:/Users/atalati/vscode-extension/main-repo/javavscode/netbeans/nbbuild/netbeans/ide/modules/org-netbeans-modules-projectui.jar:/Users/atalati/vscode-extension/main-repo/javavscode/netbeans/nbbuild/netbeans/ide/modules/org-netbeans-modules-editor-util.jar:/Users/atalati/vscode-extension/main-repo/javavscode/netbeans/nbbuild/netbeans/platform/modules/org-netbeans-core-multiview.jar:/Users/atalati/vscode-extension/main-repo/javavscode/netbeans/nbbuild/netbeans/platform/modules/org-netbeans-modules-settings.jar:/Users/atalati/vscode-extension/main-repo/javavscode/netbeans/nbbuild/netbeans/ide/modules/org-netbeans-modules-parsing-indexing.jar:/Users/atalati/vscode-extension/main-repo/javavscode/netbeans/nbbuild/netbeans/ide/modules/org-netbeans-modules-editor-errorstripe-api.jar:/Users/atalati/vscode-extension/main-repo/javavscode/netbeans/nbbuild/netbeans/java/modules/org-netbeans-modules-java-project.jar:/Users/atalati/vscode-extension/main-repo/javavscode/netbeans/nbbuild/netbeans/platform/modules/org-netbeans-modules-masterfs.jar:/Users/atalati/vscode-extension/main-repo/javavscode/netbeans/nbbuild/netbeans/ide/modules/org-netbeans-libs-lucene.jar:/Users/atalati/vscode-extension/main-repo/javavscode/netbeans/nbbuild/netbeans/java/modules/org-netbeans-modules-java-api-common.jar:/Users/atalati/vscode-extension/main-repo/javavscode/netbeans/nbbuild/netbeans/platform/modules/org-openide-explorer.jar:/Users/atalati/vscode-extension/main-repo/javavscode/netbeans/nbbuild/netbeans/java/modules/org-netbeans-modules-whitelist.jar:/Users/atalati/vscode-extension/main-repo/javavscode/netbeans/nbbuild/netbeans/ide/modules/org-netbeans-modules-editor-lib.jar:/Users/atalati/vscode-extension/main-repo/javavscode/netbeans/nbbuild/netbeans/ide/modules/org-netbeans-modules-project-libraries.jar:/Users/atalati/vscode-extension/main-repo/javavscode/netbeans/nbbuild/netbeans/java/modules/org-netbeans-modules-java-project-ui.jar:/Users/atalati/vscode-extension/main-repo/javavscode/netbeans/nbbuild/netbeans/platform/core/org-openide-filesystems.jar:/Users/atalati/vscode-extension/main-repo/javavscode/netbeans/nbbuild/netbeans/ide/modules/org-netbeans-modules-editor-indent-support.jar:/Users/atalati/vscode-extension/main-repo/javavscode/netbeans/nbbuild/netbeans/platform/modules/org-netbeans-api-scripting.jar:/Users/atalati/vscode-extension/main-repo/javavscode/netbeans/nbbuild/netbeans/ide/modules/org-netbeans-modules-extexecution-base.jar:/Users/atalati/vscode-extension/main-repo/javavscode/netbeans/nbbuild/netbeans/platform/modules/org-netbeans-swing-tabcontrol.jar:/Users/atalati/vscode-extension/main-repo/javavscode/netbeans/nbbuild/netbeans/java/modules/org-netbeans-modules-ant-browsetask.jar:/Users/atalati/vscode-extension/main-repo/javavscode/netbeans/nbbuild/netbeans/ide/modules/org-netbeans-modules-parsing-lucene.jar:/Users/atalati/vscode-extension/main-repo/javavscode/netbeans/nbbuild/netbeans/java/modules/org-netbeans-modules-java-source-base.jar:/Users/atalati/vscode-extension/main-repo/javavscode/netbeans/nbbuild/netbeans/ide/modules/org-netbeans-api-lsp.jar:/Users/atalati/vscode-extension/main-repo/javavscode/netbeans/nbbuild/netbeans/platform/modules/org-netbeans-core-ui.jar:/Users/atalati/vscode-extension/main-repo/javavscode/netbeans/nbbuild/netbeans/ide/modules/org-netbeans-modules-editor-lib2.jar:/Users/atalati/vscode-extension/main-repo/javavscode/netbeans/nbbuild/netbeans/platform/core/core-base.jar:/Users/atalati/vscode-extension/main-repo/javavscode/netbeans/nbbuild/netbeans/ide/modules/org-netbeans-libs-json_simple.jar:/Users/atalati/vscode-extension/main-repo/javavscode/netbeans/nbbuild/netbeans/ide/modules/org-netbeans-modules-parsing-api.jar:/Users/atalati/vscode-extension/main-repo/javavscode/netbeans/nbbuild/netbeans/ide/modules/org-netbeans-api-debugger.jar:/Users/atalati/vscode-extension/main-repo/javavscode/netbeans/nbbuild/netbeans/harness/modules/org-netbeans-modules-jemmy.jar" />
    <property name="ide/o.apache.ws.commons.util.dir" value="/Users/atalati/vscode-extension/main-repo/javavscode/netbeans/nbbuild/netbeans/ide" />
    <property name="java/java.platform.dir" value="/Users/atalati/vscode-extension/main-repo/javavscode/netbeans/nbbuild/netbeans/java" />
    <property name="platform/keyring.dir" value="/Users/atalati/vscode-extension/main-repo/javavscode/netbeans/nbbuild/netbeans/platform" />
    <property name="core.netigso.dir" value="/Users/atalati/vscode-extension/main-repo/javavscode/netbeans/nbbuild/netbeans/platform" />
    <property name="nbm.target.cluster" value="java" />
    <property name="test.unit.data.dir" value="/Users/atalati/vscode-extension/main-repo/javavscode/netbeans/java/java.hints/test/unit/data" />
    <property name="java.specification.version" value="17" />
    <property name="java.hints.ui.dir" value="/Users/atalati/vscode-extension/main-repo/javavscode/netbeans/nbbuild/netbeans/java" />
    <property name="ide/textmate.lexer.dir" value="/Users/atalati/vscode-extension/main-repo/javavscode/netbeans/nbbuild/netbeans/ide" />
    <property name="html.editor.dir" value="/Users/atalati/vscode-extension/main-repo/javavscode/netbeans/nbbuild/netbeans/ide" />
    <property name="ide/editor.actions.dir" value="/Users/atalati/vscode-extension/main-repo/javavscode/netbeans/nbbuild/netbeans/ide" />
    <property name="java.file.launcher.dir" value="/Users/atalati/vscode-extension/main-repo/javavscode/netbeans/nbbuild/netbeans/java" />
    <property name="nb.cluster.profiler.depends" value="nb.cluster.ide,nb.cluster.java,nb.cluster.extide,nb.cluster.platform" />
    <property name="java.vendor.url" value="https://java.oracle.com/" />
    <property name="ide/editor.document.dir" value="/Users/atalati/vscode-extension/main-repo/javavscode/netbeans/nbbuild/netbeans/ide" />
    <property name="gradle.dists.dir" value="/Users/atalati/vscode-extension/main-repo/javavscode/netbeans/nbbuild/netbeans/extide" />
    <property name="javafx2.kit.dir" value="/Users/atalati/vscode-extension/main-repo/javavscode/netbeans/nbbuild/netbeans/javafx" />
    <property name="module.dependencies" value="org.netbeans.api.annotations.common/1 &gt; 1.4, org.netbeans.api.java/1 &gt; 1.18, org.netbeans.api.java.classpath/1 &gt; 1.24, org.netbeans.api.lsp/1 &gt; 1.18, org.netbeans.api.progress/1 &gt; 1.40, org.netbeans.api.progress.nb &gt; 1.40, org.netbeans.api.templates &gt; 1.21, org.netbeans.libs.javacapi = 3, org.netbeans.libs.lucene/3 &gt; 3.0, org.netbeans.modules.editor/3 &gt; 1.53, org.netbeans.modules.editor.document &gt; 1.3, org.netbeans.modules.editor.errorstripe.api/1 &gt; 2.3, org.netbeans.modules.editor.lib/3 &gt; 4.0, org.netbeans.modules.editor.lib2/1 &gt; 2.0, org.netbeans.modules.editor.mimelookup/1 &gt; 1.15, org.netbeans.modules.editor.settings/1 &gt; 1.28, org.netbeans.modules.editor.tools.storage &gt; 1.31, org.netbeans.modules.editor.util/1 &gt; 1.33, org.netbeans.modules.java.completion &gt; 1.0, org.netbeans.modules.java.editor/1 = 12, org.netbeans.modules.java.editor.base = 1, org.netbeans.modules.java.hints.legacy.spi/1 = 1, org.netbeans.modules.java.lexer/1 &gt; 1.0, org.netbeans.modules.java.platform/1 &gt; 1.16, org.netbeans.modules.java.preprocessorbridge &gt; 1.12, org.netbeans.modules.java.project/1 &gt; 1.62, org.netbeans.modules.java.source = 32, org.netbeans.modules.java.source.base = 6, org.netbeans.modules.java.sourceui/1 &gt; 1.26, org.netbeans.modules.lexer/2 &gt; 1.25, org.netbeans.modules.options.api/1 &gt; 1.5, org.netbeans.modules.options.editor/1 &gt; 1.20, org.netbeans.modules.parsing.api/1 &gt; 9.0, org.netbeans.modules.parsing.indexing &gt; 9.0, org.netbeans.modules.projectapi/1 &gt; 1.28, org.netbeans.modules.projectuiapi/1 &gt; 1.78, org.netbeans.modules.queries/1 &gt; 1.18, org.netbeans.modules.refactoring.api = 1, org.netbeans.modules.refactoring.java/1 = 1, org.netbeans.modules.settings/1 &gt; 1.61, org.netbeans.spi.editor.hints/0-1 &gt; 1.22, org.netbeans.spi.java.hints = 13, org.openide.actions &gt; 6.15, org.openide.awt &gt; 7.42, org.openide.dialogs &gt; 7.0, org.openide.explorer &gt; 6.22, org.openide.filesystems &gt; 9.0, org.openide.loaders &gt; 7.61, org.openide.modules &gt; 7.3, org.openide.nodes &gt; 6.2, org.openide.text &gt; 6.16, org.openide.util &gt; 9.3, org.openide.util.lookup &gt; 8.0, org.openide.util.ui &gt; 9.3, org.openide.windows &gt; 6.16" />
    <property name="sun.boot.library.path" value="/Library/Java/JavaVirtualMachines/jdk-17.0.8.jdk/Contents/Home/lib" />
    <property name="extbrowser.dir" value="/Users/atalati/vscode-extension/main-repo/javavscode/netbeans/nbbuild/netbeans/ide" />
    <property name="_build.dir" value="/Users/atalati/vscode-extension/main-repo/javavscode/netbeans/java/java.hints" />
    <property name="parsing.indexing.dir" value="/Users/atalati/vscode-extension/main-repo/javavscode/netbeans/nbbuild/netbeans/ide" />
    <property name="profiler/lib.profiler.ui.dir" value="/Users/atalati/vscode-extension/main-repo/javavscode/netbeans/nbbuild/netbeans/profiler" />
    <property name="platform/o.n.swing.laf.dark.dir" value="/Users/atalati/vscode-extension/main-repo/javavscode/netbeans/nbbuild/netbeans/platform" />
    <property name="core.multitabs.project.dir" value="/Users/atalati/vscode-extension/main-repo/javavscode/netbeans/nbbuild/netbeans/ide" />
    <property name="test-unit-sys-prop.branding.token" value="nb" />
    <property name="java/libs.cglib.dir" value="/Users/atalati/vscode-extension/main-repo/javavscode/netbeans/nbbuild/netbeans/java" />
    <property name="test.excludes" value="" />
    <property name="enterprise/web.kit.dir" value="/Users/atalati/vscode-extension/main-repo/javavscode/netbeans/nbbuild/netbeans/enterprise" />
    <property name="webcommon/javascript2.json.dir" value="/Users/atalati/vscode-extension/main-repo/javavscode/netbeans/nbbuild/netbeans/webcommon" />
    <property name="ant.file.type.no-testcoverage" value="file" />
    <property name="spi.tasklist.dir" value="/Users/atalati/vscode-extension/main-repo/javavscode/netbeans/nbbuild/netbeans/ide" />
    <property name="lib.profiler.ui.dir" value="/Users/atalati/vscode-extension/main-repo/javavscode/netbeans/nbbuild/netbeans/profiler" />
    <property name="net.java.html.boot.script.dir" value="/Users/atalati/vscode-extension/main-repo/javavscode/netbeans/nbbuild/netbeans/platform" />
    <property name="java.specification.name" value="Java Platform API Specification" />
    <property name="jakartaee9.platform.dir" value="/Users/atalati/vscode-extension/main-repo/javavscode/netbeans/nbbuild/netbeans/enterprise" />
    <property name="docker.api.dir" value="/Users/atalati/vscode-extension/main-repo/javavscode/netbeans/nbbuild/netbeans/ide" />
    <property name="groovy.debug.dir" value="/Users/atalati/vscode-extension/main-repo/javavscode/netbeans/nbbuild/netbeans/groovy" />
    <property name="debugger.jpda.dir" value="/Users/atalati/vscode-extension/main-repo/javavscode/netbeans/nbbuild/netbeans/java" />
    <property name="ide/projectuiapi.dir" value="/Users/atalati/vscode-extension/main-repo/javavscode/netbeans/nbbuild/netbeans/ide" />
    <property name="hudson.HOME" value="/Users/atalati" />
    <property name="libs.elimpl.dir" value="/Users/atalati/vscode-extension/main-repo/javavscode/netbeans/nbbuild/netbeans/enterprise" />
    <property name="editor.global.format.dir" value="/Users/atalati/vscode-extension/main-repo/javavscode/netbeans/nbbuild/netbeans/ide" />
    <property name="build.test.unit.results.dir" value="/Users/atalati/vscode-extension/main-repo/javavscode/netbeans/java/java.hints/build/test/unit/results" />
    <property name="o.eclipse.mylyn.wikitext.textile.core.dir" value="/Users/atalati/vscode-extension/main-repo/javavscode/netbeans/nbbuild/netbeans/ide" />
    <property name="ant.file.type.projectized-common" value="file" />
    <property name="profiler/profiler.api.dir" value="/Users/atalati/vscode-extension/main-repo/javavscode/netbeans/nbbuild/netbeans/profiler" />
    <property name="ide/api.xml.dir" value="/Users/atalati/vscode-extension/main-repo/javavscode/netbeans/nbbuild/netbeans/ide" />
    <property name="websvc.core.dir" value="/Users/atalati/vscode-extension/main-repo/javavscode/netbeans/nbbuild/netbeans/enterprise" />
    <property name="profiler.j2ee.dir" value="/Users/atalati/vscode-extension/main-repo/javavscode/netbeans/nbbuild/netbeans/enterprise" />
    <property name="form.dir" value="/Users/atalati/vscode-extension/main-repo/javavscode/netbeans/nbbuild/netbeans/java" />
    <property name="libs.commons_compress.dir" value="/Users/atalati/vscode-extension/main-repo/javavscode/netbeans/nbbuild/netbeans/ide" />
    <property name="xml.multiview.dir" value="/Users/atalati/vscode-extension/main-repo/javavscode/netbeans/nbbuild/netbeans/ide" />
    <property name="project.ant.compat8.dir" value="/Users/atalati/vscode-extension/main-repo/javavscode/netbeans/nbbuild/netbeans/ide" />
    <property name="ide/o.eclipse.mylyn.tasks.core.dir" value="/Users/atalati/vscode-extension/main-repo/javavscode/netbeans/nbbuild/netbeans/ide" />
    <property name="enterprise/websvc.jaxwsmodel.dir" value="/Users/atalati/vscode-extension/main-repo/javavscode/netbeans/nbbuild/netbeans/enterprise" />
    <property name="ant.file.type.main" value="file" />
    <property name="java/gradle.kit.dir" value="/Users/atalati/vscode-extension/main-repo/javavscode/netbeans/nbbuild/netbeans/java" />
    <property name="ide/xml.schema.model.dir" value="/Users/atalati/vscode-extension/main-repo/javavscode/netbeans/nbbuild/netbeans/ide" />
    <property name="java.version" value="17.0.8" />
    <property name="webcommon/selenium2.webclient.mocha.dir" value="/Users/atalati/vscode-extension/main-repo/javavscode/netbeans/nbbuild/netbeans/webcommon" />
    <property name="j2ee.jpa.refactoring.dir" value="/Users/atalati/vscode-extension/main-repo/javavscode/netbeans/nbbuild/netbeans/java" />
    <property name="javafx/maven.htmlui.dir" value="/Users/atalati/vscode-extension/main-repo/javavscode/netbeans/nbbuild/netbeans/javafx" />
    <property name="ide/libs.truffleapi.dir" value="/Users/atalati/vscode-extension/main-repo/javavscode/netbeans/nbbuild/netbeans/ide" />
    <property name="libs.osgi.dir" value="/Users/atalati/vscode-extension/main-repo/javavscode/netbeans/nbbuild/netbeans/platform" />
    <property name="tomcat5.dir" value="/Users/atalati/vscode-extension/main-repo/javavscode/netbeans/nbbuild/netbeans/enterprise" />
    <property name="jms-base.flags" value=" -J--add-opens=java.base/java.net=ALL-UNNAMED -J--add-opens=java.base/java.lang.ref=ALL-UNNAMED -J--add-opens=java.base/java.lang=ALL-UNNAMED -J--add-opens=java.base/java.security=ALL-UNNAMED -J--add-opens=java.base/java.util=ALL-UNNAMED -J--add-opens=java.base/java.nio=ALL-UNNAMED -J--add-exports=java.base/sun.reflect.annotation=ALL-UNNAMED -J--add-opens=java.prefs/java.util.prefs=ALL-UNNAMED" />
    <property name="projectapi.nb.dir" value="/Users/atalati/vscode-extension/main-repo/javavscode/netbeans/nbbuild/netbeans/ide" />
    <property name="terminal.dir" value="/Users/atalati/vscode-extension/main-repo/javavscode/netbeans/nbbuild/netbeans/ide" />
    <property name="openide.filesystems.nb.dir" value="/Users/atalati/vscode-extension/main-repo/javavscode/netbeans/nbbuild/netbeans/platform" />
    <property name="ide/xml.catalog.dir" value="/Users/atalati/vscode-extension/main-repo/javavscode/netbeans/nbbuild/netbeans/ide" />
    <property name="editor.search.dir" value="/Users/atalati/vscode-extension/main-repo/javavscode/netbeans/nbbuild/netbeans/ide" />
    <property name="ide/o.apache.xml.resolver.dir" value="/Users/atalati/vscode-extension/main-repo/javavscode/netbeans/nbbuild/netbeans/ide" />
    <property name="java/java.project.ui.dir" value="/Users/atalati/vscode-extension/main-repo/javavscode/netbeans/nbbuild/netbeans/java" />
    <property name="nbm_alias" value="nb_ide" />
    <property name="j2ee.common.dir" value="/Users/atalati/vscode-extension/main-repo/javavscode/netbeans/nbbuild/netbeans/enterprise" />
    <property name="hudson.COLORTERM" value="truecolor" />
    <property name="classfile.dir" value="/Users/atalati/vscode-extension/main-repo/javavscode/netbeans/nbbuild/netbeans/java" />
    <property name="net.java.html.boot.fx.dir" value="/Users/atalati/vscode-extension/main-repo/javavscode/netbeans/nbbuild/netbeans/platform" />
    <property name="editor.codetemplates.dir" value="/Users/atalati/vscode-extension/main-repo/javavscode/netbeans/nbbuild/netbeans/ide" />
    <property name="ide/ide.kit.dir" value="/Users/atalati/vscode-extension/main-repo/javavscode/netbeans/nbbuild/netbeans/ide" />
    <property name="netbeans.dest.dir.excludes" value="/Users/atalati/vscode-extension/main-repo/javavscode/netbeans/nbbuild/netbeans/extra" />
    <property name="java/libs.nbjavacapi.dir" value="/Users/atalati/vscode-extension/main-repo/javavscode/netbeans/nbbuild/netbeans/java" />
    <property name="harness/jemmy.dir" value="/Users/atalati/vscode-extension/main-repo/javavscode/netbeans/nbbuild/netbeans/harness" />
    <property name="java/j2ee.eclipselink.dir" value="/Users/atalati/vscode-extension/main-repo/javavscode/netbeans/nbbuild/netbeans/java" />
    <property name="enterprise/web.jsfapi.dir" value="/Users/atalati/vscode-extension/main-repo/javavscode/netbeans/nbbuild/netbeans/enterprise" />
    <property name="websvc.saas.api.dir" value="/Users/atalati/vscode-extension/main-repo/javavscode/netbeans/nbbuild/netbeans/websvccommon" />
    <property name="user.timezone" value="Asia/Kolkata" />
    <property name="enterprise/web.beans.dir" value="/Users/atalati/vscode-extension/main-repo/javavscode/netbeans/nbbuild/netbeans/enterprise" />
    <property name="clusters.config.rust.list" value="nb.cluster.harness,nb.cluster.bootstrap,nb.cluster.platform,nb.cluster.ide,nb.cluster.rust,nb.cluster.nb" />
    <property name="core.multiview.dir" value="/Users/atalati/vscode-extension/main-repo/javavscode/netbeans/nbbuild/netbeans/platform" />
    <property name="java/gradle.persistence.dir" value="/Users/atalati/vscode-extension/main-repo/javavscode/netbeans/nbbuild/netbeans/java" />
    <property name="php.atoum.dir" value="/Users/atalati/vscode-extension/main-repo/javavscode/netbeans/nbbuild/netbeans/php" />
    <property name="ide/gsf.testrunner.dir" value="/Users/atalati/vscode-extension/main-repo/javavscode/netbeans/nbbuild/netbeans/ide" />
    <property name="nb.cluster.groovy" value="gradle.groovy,groovy.antproject,groovy.debug,groovy.editor,groovy.gsp,groovy.kit,groovy.refactoring,groovy.samples,groovy.support,libs.groovy,maven.groovy" />
    <property name="ide/project.ant.ui.dir" value="/Users/atalati/vscode-extension/main-repo/javavscode/netbeans/nbbuild/netbeans/ide" />
    <property name="ide/c.google.guava.failureaccess.dir" value="/Users/atalati/vscode-extension/main-repo/javavscode/netbeans/nbbuild/netbeans/ide" />
    <property name="ide/languages.diff.dir" value="/Users/atalati/vscode-extension/main-repo/javavscode/netbeans/nbbuild/netbeans/ide" />
    <property name="javaee.project.dir" value="/Users/atalati/vscode-extension/main-repo/javavscode/netbeans/nbbuild/netbeans/enterprise" />
    <property name="ide/mylyn.util.dir" value="/Users/atalati/vscode-extension/main-repo/javavscode/netbeans/nbbuild/netbeans/ide" />
    <property name="hudson.TERMINFO_DIRS" value="/Applications/iTerm.app/Contents/Resources/terminfo:/usr/share/terminfo" />
    <property name="enterprise/javaee8.api.dir" value="/Users/atalati/vscode-extension/main-repo/javavscode/netbeans/nbbuild/netbeans/enterprise" />
    <property name="hudson.TERM" value="xterm-256color" />
    <property name="spellchecker.bindings.htmlxml.dir" value="/Users/atalati/vscode-extension/main-repo/javavscode/netbeans/nbbuild/netbeans/ide" />
    <property name="c.google.guava.failureaccess.dir" value="/Users/atalati/vscode-extension/main-repo/javavscode/netbeans/nbbuild/netbeans/ide" />
    <property name="websocket.dir" value="/Users/atalati/vscode-extension/main-repo/javavscode/netbeans/nbbuild/netbeans/enterprise" />
    <property name="ide/project.libraries.dir" value="/Users/atalati/vscode-extension/main-repo/javavscode/netbeans/nbbuild/netbeans/ide" />
    <property name="ide/languages.hcl.dir" value="/Users/atalati/vscode-extension/main-repo/javavscode/netbeans/nbbuild/netbeans/ide" />
    <property name="platform/libs.jna.platform.dir" value="/Users/atalati/vscode-extension/main-repo/javavscode/netbeans/nbbuild/netbeans/platform" />
    <property name="ide/extexecution.impl.dir" value="/Users/atalati/vscode-extension/main-repo/javavscode/netbeans/nbbuild/netbeans/ide" />
    <property name="platform/htmlui.dir" value="/Users/atalati/vscode-extension/main-repo/javavscode/netbeans/nbbuild/netbeans/platform" />
    <property name="editor.completion.dir" value="/Users/atalati/vscode-extension/main-repo/javavscode/netbeans/nbbuild/netbeans/ide" />
    <property name="nb/bugzilla.exceptionreporter.dir" value="/Users/atalati/vscode-extension/main-repo/javavscode/netbeans/nbbuild/netbeans/nb" />
    <property name="ide/o.eclipse.mylyn.commons.core.dir" value="/Users/atalati/vscode-extension/main-repo/javavscode/netbeans/nbbuild/netbeans/ide" />
    <property name="editor.errorstripe.dir" value="/Users/atalati/vscode-extension/main-repo/javavscode/netbeans/nbbuild/netbeans/ide" />
    <property name="clusters.config.basic.list" value="nb.cluster.harness,nb.cluster.bootstrap,nb.cluster.platform,nb.cluster.ide,nb.cluster.extide,nb.cluster.websvccommon,nb.cluster.java,nb.cluster.javafx,nb.cluster.profiler,nb.cluster.3rdparty,nb.cluster.nb,nb.cluster.apisupport,nb.cluster.ergonomics" />
    <property name="platform/api.io.dir" value="/Users/atalati/vscode-extension/main-repo/javavscode/netbeans/nbbuild/netbeans/platform" />
    <property name="ant.browsetask.dir" value="/Users/atalati/vscode-extension/main-repo/javavscode/netbeans/nbbuild/netbeans/java" />
    <property name="profiler/profiler.kit.dir" value="/Users/atalati/vscode-extension/main-repo/javavscode/netbeans/nbbuild/netbeans/profiler" />
    <property name="javascript2.jade.dir" value="/Users/atalati/vscode-extension/main-repo/javavscode/netbeans/nbbuild/netbeans/webcommon" />
    <property name="enterprise/jellytools.enterprise.dir" value="/Users/atalati/vscode-extension/main-repo/javavscode/netbeans/nbbuild/netbeans/enterprise" />
    <property name="css.lib.dir" value="/Users/atalati/vscode-extension/main-repo/javavscode/netbeans/nbbuild/netbeans/ide" />
    <property name="enterprise/websvc.restapi.dir" value="/Users/atalati/vscode-extension/main-repo/javavscode/netbeans/nbbuild/netbeans/enterprise" />
    <property name="profiler.dir" value="/Users/atalati/vscode-extension/main-repo/javavscode/netbeans/nbbuild/netbeans/profiler" />
    <property name="buildday" value="27 May 2024" />
    <property name="enterprise/api.web.webmodule.dir" value="/Users/atalati/vscode-extension/main-repo/javavscode/netbeans/nbbuild/netbeans/enterprise" />
    <property name="ide/docker.editor.dir" value="/Users/atalati/vscode-extension/main-repo/javavscode/netbeans/nbbuild/netbeans/ide" />
    <property name="maven.spring.dir" value="/Users/atalati/vscode-extension/main-repo/javavscode/netbeans/nbbuild/netbeans/java" />
    <property name="ide/dlight.terminal.dir" value="/Users/atalati/vscode-extension/main-repo/javavscode/netbeans/nbbuild/netbeans/ide" />
    <property name="groovy.refactoring.dir" value="/Users/atalati/vscode-extension/main-repo/javavscode/netbeans/nbbuild/netbeans/groovy" />
    <property name="apisupport/timers.dir" value="/Users/atalati/vscode-extension/main-repo/javavscode/netbeans/nbbuild/netbeans/apisupport" />
    <property name="ide/editor.settings.dir" value="/Users/atalati/vscode-extension/main-repo/javavscode/netbeans/nbbuild/netbeans/ide" />
    <property name="web.beans.dir" value="/Users/atalati/vscode-extension/main-repo/javavscode/netbeans/nbbuild/netbeans/enterprise" />
    <property name="libs.glassfish_logging.dir" value="/Users/atalati/vscode-extension/main-repo/javavscode/netbeans/nbbuild/netbeans/enterprise" />
    <property name="javac.default.target" value="1.8" />
    <property name="clusters.config.dlight.list" value="nb.cluster.platform,nb.cluster.harness,nb.cluster.ide,nb.cluster.dlight,nb.cluster.nb" />
    <property name="libs.graalsdk.system.dir" value="/Users/atalati/vscode-extension/main-repo/javavscode/netbeans/nbbuild/netbeans/ide" />
    <property name="i18n.form.dir" value="/Users/atalati/vscode-extension/main-repo/javavscode/netbeans/nbbuild/netbeans/java" />
    <property name="webcommon/cordova.platforms.android.dir" value="/Users/atalati/vscode-extension/main-repo/javavscode/netbeans/nbbuild/netbeans/webcommon" />
    <property name="enterprise/websocket.dir" value="/Users/atalati/vscode-extension/main-repo/javavscode/netbeans/nbbuild/netbeans/enterprise" />
    <property name="java/libs.corba.omgapi.dir" value="/Users/atalati/vscode-extension/main-repo/javavscode/netbeans/nbbuild/netbeans/java" />
    <property name="php.doctrine2.dir" value="/Users/atalati/vscode-extension/main-repo/javavscode/netbeans/nbbuild/netbeans/php" />
    <property name="webcommon/javascript2.lexer.dir" value="/Users/atalati/vscode-extension/main-repo/javavscode/netbeans/nbbuild/netbeans/webcommon" />
    <property name="j2ee.persistence.kit.dir" value="/Users/atalati/vscode-extension/main-repo/javavscode/netbeans/nbbuild/netbeans/java" />
    <property name="diff.dir" value="/Users/atalati/vscode-extension/main-repo/javavscode/netbeans/nbbuild/netbeans/ide" />
    <property name="enterprise/web.jsf.icefaces.dir" value="/Users/atalati/vscode-extension/main-repo/javavscode/netbeans/nbbuild/netbeans/enterprise" />
    <property name="lib.profiler.dir" value="/Users/atalati/vscode-extension/main-repo/javavscode/netbeans/nbbuild/netbeans/profiler" />
    <property name="xml.tools.dir" value="/Users/atalati/vscode-extension/main-repo/javavscode/netbeans/nbbuild/netbeans/ide" />
    <property name="go.lang.dir" value="/Users/atalati/vscode-extension/main-repo/javavscode/netbeans/nbbuild/netbeans/ide" />
    <property name="html.lexer.dir" value="/Users/atalati/vscode-extension/main-repo/javavscode/netbeans/nbbuild/netbeans/ide" />
    <property name="xml.schema.model.dir" value="/Users/atalati/vscode-extension/main-repo/javavscode/netbeans/nbbuild/netbeans/ide" />
    <property name="java/maven.refactoring.dir" value="/Users/atalati/vscode-extension/main-repo/javavscode/netbeans/nbbuild/netbeans/java" />
    <property name="ide/csl.api.dir" value="/Users/atalati/vscode-extension/main-repo/javavscode/netbeans/nbbuild/netbeans/ide" />
    <property name="enterprise/j2ee.ejbjarproject.dir" value="/Users/atalati/vscode-extension/main-repo/javavscode/netbeans/nbbuild/netbeans/enterprise" />
    <property name="ide/project.spi.intern.impl.dir" value="/Users/atalati/vscode-extension/main-repo/javavscode/netbeans/nbbuild/netbeans/ide" />
    <property name="refactoring.api.dir" value="/Users/atalati/vscode-extension/main-repo/javavscode/netbeans/nbbuild/netbeans/ide" />
    <property name="java/maven.hints.dir" value="/Users/atalati/vscode-extension/main-repo/javavscode/netbeans/nbbuild/netbeans/java" />
    <property name="php.symfony2.dir" value="/Users/atalati/vscode-extension/main-repo/javavscode/netbeans/nbbuild/netbeans/php" />
    <property name="javahelp.base" value="org/netbeans/modules/java/hints/docs" />
    <property name="libs.flatlaf.dir" value="/Users/atalati/vscode-extension/main-repo/javavscode/netbeans/nbbuild/netbeans/platform" />
    <property name="php.api.testing.dir" value="/Users/atalati/vscode-extension/main-repo/javavscode/netbeans/nbbuild/netbeans/php" />
    <property name="enterprise/javaee.api.dir" value="/Users/atalati/vscode-extension/main-repo/javavscode/netbeans/nbbuild/netbeans/enterprise" />
    <property name="java/debugger.jpda.dir" value="/Users/atalati/vscode-extension/main-repo/javavscode/netbeans/nbbuild/netbeans/java" />
    <property name="php/php.phpunit.dir" value="/Users/atalati/vscode-extension/main-repo/javavscode/netbeans/nbbuild/netbeans/php" />
    <property name="print.dir" value="/Users/atalati/vscode-extension/main-repo/javavscode/netbeans/nbbuild/netbeans/platform" />
    <property name="editor.bracesmatching.dir" value="/Users/atalati/vscode-extension/main-repo/javavscode/netbeans/nbbuild/netbeans/ide" />
    <property name="hudson.CONDA_PROMPT_MODIFIER" value="(base) " />
    <property name="jumpto.dir" value="/Users/atalati/vscode-extension/main-repo/javavscode/netbeans/nbbuild/netbeans/ide" />
    <property name="php.api.executable.dir" value="/Users/atalati/vscode-extension/main-repo/javavscode/netbeans/nbbuild/netbeans/php" />
    <property name="ide/libs.git.dir" value="/Users/atalati/vscode-extension/main-repo/javavscode/netbeans/nbbuild/netbeans/ide" />
    <property name="web.jsf.navigation.dir" value="/Users/atalati/vscode-extension/main-repo/javavscode/netbeans/nbbuild/netbeans/enterprise" />
    <property name="manifest.mf" value="/Users/atalati/vscode-extension/main-repo/javavscode/netbeans/java/java.hints/manifest.mf" />
    <property name="profiler/maven.profiler.dir" value="/Users/atalati/vscode-extension/main-repo/javavscode/netbeans/nbbuild/netbeans/profiler" />
    <property name="javadoc.dir" value="/Users/atalati/vscode-extension/main-repo/javavscode/netbeans/nbbuild/netbeans/java" />
    <property name="project.indexingbridge.dir" value="/Users/atalati/vscode-extension/main-repo/javavscode/netbeans/nbbuild/netbeans/ide" />
    <property name="websvc.clientapi.dir" value="/Users/atalati/vscode-extension/main-repo/javavscode/netbeans/nbbuild/netbeans/enterprise" />
    <property name="enterprise/payara.common.dir" value="/Users/atalati/vscode-extension/main-repo/javavscode/netbeans/nbbuild/netbeans/enterprise" />
    <property name="ide/lexer.nbbridge.dir" value="/Users/atalati/vscode-extension/main-repo/javavscode/netbeans/nbbuild/netbeans/ide" />
    <property name="platform/libs.batik.read.dir" value="/Users/atalati/vscode-extension/main-repo/javavscode/netbeans/nbbuild/netbeans/platform" />
    <property name="php/php.api.executable.dir" value="/Users/atalati/vscode-extension/main-repo/javavscode/netbeans/nbbuild/netbeans/php" />
    <property name="webcommon/javascript.v8debug.ui.dir" value="/Users/atalati/vscode-extension/main-repo/javavscode/netbeans/nbbuild/netbeans/webcommon" />
    <property name="ide/projectui.dir" value="/Users/atalati/vscode-extension/main-repo/javavscode/netbeans/nbbuild/netbeans/ide" />
    <property name="j2ee.ejbverification.dir" value="/Users/atalati/vscode-extension/main-repo/javavscode/netbeans/nbbuild/netbeans/enterprise" />
    <property name="test.config.batch1.excludes" value="**/errors/*Test.class,**/jdk/*Test.class" />
    <property name="websvc.kit.dir" value="/Users/atalati/vscode-extension/main-repo/javavscode/netbeans/nbbuild/netbeans/enterprise" />
    <property name="ide/project.dependency.dir" value="/Users/atalati/vscode-extension/main-repo/javavscode/netbeans/nbbuild/netbeans/ide" />
    <property name="ide/editor.plain.dir" value="/Users/atalati/vscode-extension/main-repo/javavscode/netbeans/nbbuild/netbeans/ide" />
    <property name="docker.ui.dir" value="/Users/atalati/vscode-extension/main-repo/javavscode/netbeans/nbbuild/netbeans/ide" />
    <property name="ide/spellchecker.dir" value="/Users/atalati/vscode-extension/main-repo/javavscode/netbeans/nbbuild/netbeans/ide" />
    <property name="hudson.XPC_FLAGS" value="0x0" />
    <property name="hudson.ui.dir" value="/Users/atalati/vscode-extension/main-repo/javavscode/netbeans/nbbuild/netbeans/ide" />
    <property name="o.eclipse.core.jobs.dir" value="/Users/atalati/vscode-extension/main-repo/javavscode/netbeans/nbbuild/netbeans/ide" />
    <property name="ide/selenium2.server.dir" value="/Users/atalati/vscode-extension/main-repo/javavscode/netbeans/nbbuild/netbeans/ide" />
    <property name="groovy.gsp.dir" value="/Users/atalati/vscode-extension/main-repo/javavscode/netbeans/nbbuild/netbeans/groovy" />
    <property name="web.core.dir" value="/Users/atalati/vscode-extension/main-repo/javavscode/netbeans/nbbuild/netbeans/enterprise" />
    <property name="hudson.dir" value="/Users/atalati/vscode-extension/main-repo/javavscode/netbeans/nbbuild/netbeans/ide" />
    <property name="webcommon/libs.jstestdriver.dir" value="/Users/atalati/vscode-extension/main-repo/javavscode/netbeans/nbbuild/netbeans/webcommon" />
    <property name="enterprise/j2ee.ddloaders.dir" value="/Users/atalati/vscode-extension/main-repo/javavscode/netbeans/nbbuild/netbeans/enterprise" />
    <property name="platform/core.startup.base.dir" value="/Users/atalati/vscode-extension/main-repo/javavscode/netbeans/nbbuild/netbeans/platform" />
    <property name="platform/sampler.dir" value="/Users/atalati/vscode-extension/main-repo/javavscode/netbeans/nbbuild/netbeans/platform" />
    <property name="web.jsf.editor.dir" value="/Users/atalati/vscode-extension/main-repo/javavscode/netbeans/nbbuild/netbeans/enterprise" />
    <property name="janitor.dir" value="/Users/atalati/vscode-extension/main-repo/javavscode/netbeans/nbbuild/netbeans/platform" />
    <property name="hudson.PATH" value="/opt/homebrew/Caskroom/miniconda/base/bin:/opt/homebrew/Caskroom/miniconda/base/condabin:/Users/atalati/.nvm/versions/node/v20.10.0/bin:/opt/homebrew/bin:/opt/homebrew/sbin:/usr/local/bin:/System/Cryptexes/App/usr/bin:/usr/bin:/bin:/usr/sbin:/sbin:/var/run/com.apple.security.cryptexd/codex.system/bootstrap/usr/local/bin:/var/run/com.apple.security.cryptexd/codex.system/bootstrap/usr/bin:/var/run/com.apple.security.cryptexd/codex.system/bootstrap/usr/appleinternal/bin:/usr/local/go/bin:/Applications/iTerm.app/Contents/Resources/utilities" />
    <property name="ide/libs.antlr3.runtime.dir" value="/Users/atalati/vscode-extension/main-repo/javavscode/netbeans/nbbuild/netbeans/ide" />
    <property name="ide/editor.errorstripe.api.dir" value="/Users/atalati/vscode-extension/main-repo/javavscode/netbeans/nbbuild/netbeans/ide" />
    <property name="o.eclipse.core.net.dir" value="/Users/atalati/vscode-extension/main-repo/javavscode/netbeans/nbbuild/netbeans/ide" />
    <property name="maven.j2ee.dir" value="/Users/atalati/vscode-extension/main-repo/javavscode/netbeans/nbbuild/netbeans/enterprise" />
    <property name="editor.errorstripe.api.dir" value="/Users/atalati/vscode-extension/main-repo/javavscode/netbeans/nbbuild/netbeans/ide" />
    <property name="openide.util.ui.svg.dir" value="/Users/atalati/vscode-extension/main-repo/javavscode/netbeans/nbbuild/netbeans/platform" />
    <property name="enterprise/j2ee.common.dir" value="/Users/atalati/vscode-extension/main-repo/javavscode/netbeans/nbbuild/netbeans/enterprise" />
    <property name="hudson.TERM_PROGRAM_VERSION" value="3.5.0" />
    <property name="php/php.api.templates.dir" value="/Users/atalati/vscode-extension/main-repo/javavscode/netbeans/nbbuild/netbeans/php" />
    <property name="ide/versioning.indexingbridge.dir" value="/Users/atalati/vscode-extension/main-repo/javavscode/netbeans/nbbuild/netbeans/ide" />
    <property name="o.eclipse.equinox.preferences.dir" value="/Users/atalati/vscode-extension/main-repo/javavscode/netbeans/nbbuild/netbeans/ide" />
    <property name="webcommon/languages.apacheconf.dir" value="/Users/atalati/vscode-extension/main-repo/javavscode/netbeans/nbbuild/netbeans/webcommon" />
    <property name="libs.testng.dir" value="/Users/atalati/vscode-extension/main-repo/javavscode/netbeans/nbbuild/netbeans/platform" />
    <property name="validation.nb.cluster.ergonomics" value="ide.ergonomics" />
    <property name="css.prep.dir" value="/Users/atalati/vscode-extension/main-repo/javavscode/netbeans/nbbuild/netbeans/ide" />
    <property name="ide/tasklist.kit.dir" value="/Users/atalati/vscode-extension/main-repo/javavscode/netbeans/nbbuild/netbeans/ide" />
    <property name="ide/extexecution.dir" value="/Users/atalati/vscode-extension/main-repo/javavscode/netbeans/nbbuild/netbeans/ide" />
    <property name="core.startup.dir" value="/Users/atalati/vscode-extension/main-repo/javavscode/netbeans/nbbuild/netbeans/platform" />
    <property name="extexecution.impl.dir" value="/Users/atalati/vscode-extension/main-repo/javavscode/netbeans/nbbuild/netbeans/ide" />
    <property name="javaee.wildfly.dir" value="/Users/atalati/vscode-extension/main-repo/javavscode/netbeans/nbbuild/netbeans/enterprise" />
    <property name="ide/gototest.dir" value="/Users/atalati/vscode-extension/main-repo/javavscode/netbeans/nbbuild/netbeans/ide" />
    <property name="db.drivers.dir" value="/Users/atalati/vscode-extension/main-repo/javavscode/netbeans/nbbuild/netbeans/ide" />
    <property name="j2ee.sun.ddui.dir" value="/Users/atalati/vscode-extension/main-repo/javavscode/netbeans/nbbuild/netbeans/enterprise" />
    <property name="spi.palette.dir" value="/Users/atalati/vscode-extension/main-repo/javavscode/netbeans/nbbuild/netbeans/ide" />
    <property name="sun.java.launcher" value="SUN_STANDARD" />
    <property name="j2ee.ejbcore.dir" value="/Users/atalati/vscode-extension/main-repo/javavscode/netbeans/nbbuild/netbeans/enterprise" />
    <property name="java/i18n.form.dir" value="/Users/atalati/vscode-extension/main-repo/javavscode/netbeans/nbbuild/netbeans/java" />
    <property name="projectimport.eclipse.core.dir" value="/Users/atalati/vscode-extension/main-repo/javavscode/netbeans/nbbuild/netbeans/java" />
    <property name="maven.search.dir" value="/Users/atalati/vscode-extension/main-repo/javavscode/netbeans/nbbuild/netbeans/java" />
    <property name="ide/selenium2.dir" value="/Users/atalati/vscode-extension/main-repo/javavscode/netbeans/nbbuild/netbeans/ide" />
    <property name="j2ee.kit.dir" value="/Users/atalati/vscode-extension/main-repo/javavscode/netbeans/nbbuild/netbeans/enterprise" />
    <property name="webcommon/javascript.jstestdriver.dir" value="/Users/atalati/vscode-extension/main-repo/javavscode/netbeans/nbbuild/netbeans/webcommon" />
    <property name="test.javac.excludes" value="" />
    <property name="nb.cluster.ergonomics.depends" value="nb.cluster.ide,nb.cluster.platform" />
    <property name="libs.tomlj.dir" value="/Users/atalati/vscode-extension/main-repo/javavscode/netbeans/nbbuild/netbeans/ide" />
    <property name="friends" value="org.netbeans.modules.jshell.support" />
    <property name="nb.cluster.identity.depends" value="nb.cluster.platform,nb.cluster.java,nb.cluster.ide,nb.cluster.enterprise,nb.cluster.extide" />
    <property name="extra/libs.javafx.win.dir" value="/Users/atalati/vscode-extension/main-repo/javavscode/netbeans/nbbuild/netbeans/extra" />
    <property name="test.unit.dir" value="/Users/atalati/vscode-extension/main-repo/javavscode/netbeans/java/java.hints/test/unit" />
    <property name="nb.cluster.websvccommon" value="websvc.jaxwsmodelapi,websvc.saas.api,websvc.saas.codegen,websvc.saas.kit,websvc.saas.ui" />
    <property name="java/ant.freeform.dir" value="/Users/atalati/vscode-extension/main-repo/javavscode/netbeans/nbbuild/netbeans/java" />
    <property name="test.qa-functional.cp.extra" value="" />
    <property name="brandings" value="" />
    <property name="websvc.utilities.dir" value="/Users/atalati/vscode-extension/main-repo/javavscode/netbeans/nbbuild/netbeans/enterprise" />
    <property name="j2ee.jpa.verification.dir" value="/Users/atalati/vscode-extension/main-repo/javavscode/netbeans/nbbuild/netbeans/java" />
    <property name="glassfish.eecommon.dir" value="/Users/atalati/vscode-extension/main-repo/javavscode/netbeans/nbbuild/netbeans/enterprise" />
    <property name="jellytools.ide.dir" value="/Users/atalati/vscode-extension/main-repo/javavscode/netbeans/nbbuild/netbeans/ide" />
    <property name="test.unit.testdep" value="/Users/atalati/vscode-extension/main-repo/javavscode/netbeans/ide/editor:/Users/atalati/vscode-extension/main-repo/javavscode/netbeans/platform/openide.text:/Users/atalati/vscode-extension/main-repo/javavscode/netbeans/java/spi.java.hints" />
    <property name="java/maven.model.dir" value="/Users/atalati/vscode-extension/main-repo/javavscode/netbeans/nbbuild/netbeans/java" />
    <property name="java/refactoring.java.dir" value="/Users/atalati/vscode-extension/main-repo/javavscode/netbeans/nbbuild/netbeans/java" />
    <property name="platform/api.search.dir" value="/Users/atalati/vscode-extension/main-repo/javavscode/netbeans/nbbuild/netbeans/platform" />
    <property name="nbm.needs.restart" value="false" />
    <property name="ide.ergonomics.dir" value="/Users/atalati/vscode-extension/main-repo/javavscode/netbeans/nbbuild/netbeans/ergonomics" />
    <property name="ide/c.google.guava.dir" value="/Users/atalati/vscode-extension/main-repo/javavscode/netbeans/nbbuild/netbeans/ide" />
    <property name="nb.cluster.apisupport.dir" value="apisupport" />
    <property name="maven.persistence.dir" value="/Users/atalati/vscode-extension/main-repo/javavscode/netbeans/nbbuild/netbeans/java" />
    <property name="apisupport/apisupport.installer.dir" value="/Users/atalati/vscode-extension/main-repo/javavscode/netbeans/nbbuild/netbeans/apisupport" />
    <property name="nbroot" value="../.." />
    <property name="libs.flexmark.dir" value="/Users/atalati/vscode-extension/main-repo/javavscode/netbeans/nbbuild/netbeans/ide" />
    <property name="maven.groovy.dir" value="/Users/atalati/vscode-extension/main-repo/javavscode/netbeans/nbbuild/netbeans/groovy" />
    <property name="ant.kit.dir" value="/Users/atalati/vscode-extension/main-repo/javavscode/netbeans/nbbuild/netbeans/java" />
    <property name="extide/libs.gradle.dir" value="/Users/atalati/vscode-extension/main-repo/javavscode/netbeans/nbbuild/netbeans/extide" />
    <property name="db.sql.visualeditor.dir" value="/Users/atalati/vscode-extension/main-repo/javavscode/netbeans/nbbuild/netbeans/ide" />
    <property name="ant.file.type.jdk" value="file" />
    <property name="libs.commons_fileupload.dir" value="/Users/atalati/vscode-extension/main-repo/javavscode/netbeans/nbbuild/netbeans/enterprise" />
    <property name="ide/libs.jsch.agentproxy.dir" value="/Users/atalati/vscode-extension/main-repo/javavscode/netbeans/nbbuild/netbeans/ide" />
    <property name="build.package.index" value="false" />
    <property name="api.progress.nb.dir" value="/Users/atalati/vscode-extension/main-repo/javavscode/netbeans/nbbuild/netbeans/platform" />
    <property name="maven.embedder.dir" value="/Users/atalati/vscode-extension/main-repo/javavscode/netbeans/nbbuild/netbeans/java" />
    <property name="api.lsp.dir" value="/Users/atalati/vscode-extension/main-repo/javavscode/netbeans/nbbuild/netbeans/ide" />
    <property name="keyring.fallback.dir" value="/Users/atalati/vscode-extension/main-repo/javavscode/netbeans/nbbuild/netbeans/platform" />
    <property name="core.execution.dir" value="/Users/atalati/vscode-extension/main-repo/javavscode/netbeans/nbbuild/netbeans/platform" />
    <property name="libs.ini4j.dir" value="/Users/atalati/vscode-extension/main-repo/javavscode/netbeans/nbbuild/netbeans/ide" />
    <property name="ide/html.editor.dir" value="/Users/atalati/vscode-extension/main-repo/javavscode/netbeans/nbbuild/netbeans/ide" />
    <property name="enterprise/jsp.lexer.dir" value="/Users/atalati/vscode-extension/main-repo/javavscode/netbeans/nbbuild/netbeans/enterprise" />
    <property name="ant.file.main" value="/Users/atalati/vscode-extension/main-repo/javavscode/netbeans/build.xml" />
    <property name="continue.after.failing.tests" value="true" />
    <property name="javascript.v8debug.ui.dir" value="/Users/atalati/vscode-extension/main-repo/javavscode/netbeans/nbbuild/netbeans/webcommon" />
    <property name="hudson.HOMEBREW_REPOSITORY" value="/opt/homebrew" />
    <property name="sun.arch.data.model" value="64" />
    <property name="java/spring.beans.dir" value="/Users/atalati/vscode-extension/main-repo/javavscode/netbeans/nbbuild/netbeans/java" />
    <property name="java/maven.indexer.ui.dir" value="/Users/atalati/vscode-extension/main-repo/javavscode/netbeans/nbbuild/netbeans/java" />
    <property name="ide/hudson.mercurial.dir" value="/Users/atalati/vscode-extension/main-repo/javavscode/netbeans/nbbuild/netbeans/ide" />
    <property name="ide/docker.api.dir" value="/Users/atalati/vscode-extension/main-repo/javavscode/netbeans/nbbuild/netbeans/ide" />
    <property name="profiler/profiler.dir" value="/Users/atalati/vscode-extension/main-repo/javavscode/netbeans/nbbuild/netbeans/profiler" />
    <property name="ide/o.eclipse.core.runtime.compatibility.auth.dir" value="/Users/atalati/vscode-extension/main-repo/javavscode/netbeans/nbbuild/netbeans/ide" />
    <property name="core.ui.dir" value="/Users/atalati/vscode-extension/main-repo/javavscode/netbeans/nbbuild/netbeans/platform" />
    <property name="ide/extbrowser.dir" value="/Users/atalati/vscode-extension/main-repo/javavscode/netbeans/nbbuild/netbeans/ide" />
    <property name="module.startlevel" value="" />
    <property name="ide/go.lang.dir" value="/Users/atalati/vscode-extension/main-repo/javavscode/netbeans/nbbuild/netbeans/ide" />
    <property name="websvc.jaxws21.dir" value="/Users/atalati/vscode-extension/main-repo/javavscode/netbeans/nbbuild/netbeans/java" />
    <property name="clusters.config.cndext.list" value="nb.cluster.harness,nb.cluster.bootstrap,nb.cluster.platform,nb.cluster.ide,nb.cluster.cnd,nb.cluster.nb,nb.cluster.dlight,nb.cluster.cndext,nb.cluster.extide,nb.cluster.java" />
    <property name="webcommon/selenium2.webclient.dir" value="/Users/atalati/vscode-extension/main-repo/javavscode/netbeans/nbbuild/netbeans/webcommon" />
    <property name="nb.cluster.profiler.dir" value="profiler" />
    <property name="java.guards.dir" value="/Users/atalati/vscode-extension/main-repo/javavscode/netbeans/nbbuild/netbeans/java" />
    <property name="enterprise/websvc.jaxws.lightapi.dir" value="/Users/atalati/vscode-extension/main-repo/javavscode/netbeans/nbbuild/netbeans/enterprise" />
    <property name="ant.file.type.default" value="file" />
    <property name="websvc.jaxwsmodel.dir" value="/Users/atalati/vscode-extension/main-repo/javavscode/netbeans/nbbuild/netbeans/enterprise" />
    <property name="git.dir" value="/Users/atalati/vscode-extension/main-repo/javavscode/netbeans/nbbuild/netbeans/ide" />
    <property name="webcommon/selenium2.webclient.protractor.dir" value="/Users/atalati/vscode-extension/main-repo/javavscode/netbeans/nbbuild/netbeans/webcommon" />
    <property name="ide/web.indent.dir" value="/Users/atalati/vscode-extension/main-repo/javavscode/netbeans/nbbuild/netbeans/ide" />
    <property name="enterprise/micronaut.dir" value="/Users/atalati/vscode-extension/main-repo/javavscode/netbeans/nbbuild/netbeans/enterprise" />
    <property name="o.eclipse.mylyn.wikitext.markdown.core.dir" value="/Users/atalati/vscode-extension/main-repo/javavscode/netbeans/nbbuild/netbeans/ide" />
    <property name="java/java.source.compat8.dir" value="/Users/atalati/vscode-extension/main-repo/javavscode/netbeans/nbbuild/netbeans/java" />
    <property name="branding.token" value="nb" />
    <property name="webcommon/web.inspect.dir" value="/Users/atalati/vscode-extension/main-repo/javavscode/netbeans/nbbuild/netbeans/webcommon" />
    <property name="ide/o.openidex.util.dir" value="/Users/atalati/vscode-extension/main-repo/javavscode/netbeans/nbbuild/netbeans/ide" />
    <property name="java/junit.ant.dir" value="/Users/atalati/vscode-extension/main-repo/javavscode/netbeans/nbbuild/netbeans/java" />
    <property name="openide.actions.dir" value="/Users/atalati/vscode-extension/main-repo/javavscode/netbeans/nbbuild/netbeans/platform" />
    <property name="platform/core.nativeaccess.dir" value="/Users/atalati/vscode-extension/main-repo/javavscode/netbeans/nbbuild/netbeans/platform" />
    <property name="platform/openide.compat.dir" value="/Users/atalati/vscode-extension/main-repo/javavscode/netbeans/nbbuild/netbeans/platform" />
    <property name="java.j2seprofiles.dir" value="/Users/atalati/vscode-extension/main-repo/javavscode/netbeans/nbbuild/netbeans/java" />
    <property name="ide/libs.commons_compress.dir" value="/Users/atalati/vscode-extension/main-repo/javavscode/netbeans/nbbuild/netbeans/ide" />
    <property name="enterprise/web.jsf.navigation.dir" value="/Users/atalati/vscode-extension/main-repo/javavscode/netbeans/nbbuild/netbeans/enterprise" />
    <property name="nb.cluster.java.depends" value="nb.cluster.ide,nb.cluster.extide,nb.cluster.platform,nb.cluster.webcommon,nb.cluster.websvccommon,nb.cluster.harness" />
    <property name="jnlp.dest.dir" value="/Users/atalati/vscode-extension/main-repo/javavscode/netbeans/nbbuild/build/jnlp" />
    <property name="php/php.phpdoc.dir" value="/Users/atalati/vscode-extension/main-repo/javavscode/netbeans/nbbuild/netbeans/php" />
    <property name="enterprise/websvc.clientapi.dir" value="/Users/atalati/vscode-extension/main-repo/javavscode/netbeans/nbbuild/netbeans/enterprise" />
    <property name="ide/editor.macros.dir" value="/Users/atalati/vscode-extension/main-repo/javavscode/netbeans/nbbuild/netbeans/ide" />
    <property name="ide/editor.deprecated.pre65formatting.dir" value="/Users/atalati/vscode-extension/main-repo/javavscode/netbeans/nbbuild/netbeans/ide" />
    <property name="openide.util.dir" value="/Users/atalati/vscode-extension/main-repo/javavscode/netbeans/nbbuild/netbeans/platform" />
    <property name="ide/notifications.dir" value="/Users/atalati/vscode-extension/main-repo/javavscode/netbeans/nbbuild/netbeans/ide" />
    <property name="test-unit-sys-prop.cluster.path.final" value="/Users/atalati/vscode-extension/main-repo/javavscode/netbeans/nbbuild/netbeans/platform:/Users/atalati/vscode-extension/main-repo/javavscode/netbeans/nbbuild/netbeans/ide:/Users/atalati/vscode-extension/main-repo/javavscode/netbeans/nbbuild/netbeans/java:/Users/atalati/vscode-extension/main-repo/javavscode/netbeans/nbbuild/netbeans/apisupport:/Users/atalati/vscode-extension/main-repo/javavscode/netbeans/nbbuild/netbeans/enterprise:/Users/atalati/vscode-extension/main-repo/javavscode/netbeans/nbbuild/netbeans/ergonomics:/Users/atalati/vscode-extension/main-repo/javavscode/netbeans/nbbuild/netbeans/nb:/Users/atalati/vscode-extension/main-repo/javavscode/netbeans/nbbuild/netbeans/extra:/Users/atalati/vscode-extension/main-repo/javavscode/netbeans/nbbuild/netbeans/harness:/Users/atalati/vscode-extension/main-repo/javavscode/netbeans/nbbuild/netbeans/profiler:/Users/atalati/vscode-extension/main-repo/javavscode/netbeans/nbbuild/netbeans/php:/Users/atalati/vscode-extension/main-repo/javavscode/netbeans/nbbuild/netbeans/groovy:/Users/atalati/vscode-extension/main-repo/javavscode/netbeans/nbbuild/netbeans/identity:/Users/atalati/vscode-extension/main-repo/javavscode/netbeans/nbbuild/netbeans/cnd:/Users/atalati/vscode-extension/main-repo/javavscode/netbeans/nbbuild/netbeans/cndext:/Users/atalati/vscode-extension/main-repo/javavscode/netbeans/nbbuild/netbeans/rust:/Users/atalati/vscode-extension/main-repo/javavscode/netbeans/nbbuild/netbeans/cpplite:/Users/atalati/vscode-extension/main-repo/javavscode/netbeans/nbbuild/netbeans/dlight:/Users/atalati/vscode-extension/main-repo/javavscode/netbeans/nbbuild/netbeans/extide:/Users/atalati/vscode-extension/main-repo/javavscode/netbeans/nbbuild/netbeans/webcommon:/Users/atalati/vscode-extension/main-repo/javavscode/netbeans/nbbuild/netbeans/websvccommon:/Users/atalati/vscode-extension/main-repo/javavscode/netbeans/nbbuild/netbeans/javafx:/Users/atalati/vscode-extension/main-repo/javavscode/netbeans/nbbuild/netbeans/java" />
    <property name="editor.htmlui.dir" value="/Users/atalati/vscode-extension/main-repo/javavscode/netbeans/nbbuild/netbeans/java" />
    <property name="o.n.html.presenters.spi.dir" value="/Users/atalati/vscode-extension/main-repo/javavscode/netbeans/nbbuild/netbeans/platform" />
    <property name="o.eclipse.jgit.lfs.dir" value="/Users/atalati/vscode-extension/main-repo/javavscode/netbeans/nbbuild/netbeans/ide" />
    <property name="enterprise/libs.elimpl.dir" value="/Users/atalati/vscode-extension/main-repo/javavscode/netbeans/nbbuild/netbeans/enterprise" />
    <property name="websvc.jaxws.lightapi.dir" value="/Users/atalati/vscode-extension/main-repo/javavscode/netbeans/nbbuild/netbeans/enterprise" />
    <property name="ide/c.jcraft.jsch.dir" value="/Users/atalati/vscode-extension/main-repo/javavscode/netbeans/nbbuild/netbeans/ide" />
    <property name="groovy.support.dir" value="/Users/atalati/vscode-extension/main-repo/javavscode/netbeans/nbbuild/netbeans/groovy" />
    <property name="editor.indent.dir" value="/Users/atalati/vscode-extension/main-repo/javavscode/netbeans/nbbuild/netbeans/ide" />
    <property name="license.file" value="/Users/atalati/vscode-extension/main-repo/javavscode/netbeans/nbbuild/standard-nbm-license.txt" />
    <property name="autoupdate.services.dir" value="/Users/atalati/vscode-extension/main-repo/javavscode/netbeans/nbbuild/netbeans/platform" />
    <property name="java/java.graph.dir" value="/Users/atalati/vscode-extension/main-repo/javavscode/netbeans/nbbuild/netbeans/java" />
    <property name="ide/html.indexing.dir" value="/Users/atalati/vscode-extension/main-repo/javavscode/netbeans/nbbuild/netbeans/ide" />
    <property name="sun.io.unicode.encoding" value="UnicodeBig" />
    <property name="java/j2ee.metadata.dir" value="/Users/atalati/vscode-extension/main-repo/javavscode/netbeans/nbbuild/netbeans/java" />
    <property name="release.dir" value="/Users/atalati/vscode-extension/main-repo/javavscode/netbeans/java/java.hints/release" />
    <property name="javascript2.debug.dir" value="/Users/atalati/vscode-extension/main-repo/javavscode/netbeans/nbbuild/netbeans/ide" />
    <property name="lib.nbjshell.dir" value="/Users/atalati/vscode-extension/main-repo/javavscode/netbeans/nbbuild/netbeans/java" />
    <property name="masterfs.macosx.dir" value="/Users/atalati/vscode-extension/main-repo/javavscode/netbeans/nbbuild/netbeans/platform" />
    <property name="bootclasspath.prepend.nb" value="/Users/atalati/vscode-extension/main-repo/javavscode/netbeans/java/libs.javacapi/external/nb-javac-jdk-22+33-api.jar:/Users/atalati/vscode-extension/main-repo/javavscode/netbeans/java/libs.javacapi/external/nb-javac-jdk-22+33.jar" />
    <property name="nb.cluster.profiler" value="debugger.jpda.heapwalk,lib.profiler,lib.profiler.charts,lib.profiler.common,lib.profiler.ui,maven.profiler,profiler,profiler.api,profiler.attach,profiler.freeform,profiler.heapwalker,profiler.j2se,profiler.kit,profiler.nbimpl,profiler.nbmodule,profiler.options,profiler.oql,profiler.oql.language,profiler.ppoints,profiler.projectsupport,profiler.snaptracer,profiler.utilities" />
    <property name="webcommon/libs.nashorn.dir" value="/Users/atalati/vscode-extension/main-repo/javavscode/netbeans/nbbuild/netbeans/webcommon" />
    <property name="hudson.ITERM_PROFILE" value="Default" />
    <property name="java/maven.osgi.dir" value="/Users/atalati/vscode-extension/main-repo/javavscode/netbeans/nbbuild/netbeans/java" />
    <property name="php.phing.dir" value="/Users/atalati/vscode-extension/main-repo/javavscode/netbeans/nbbuild/netbeans/php" />
    <property name="ide/editor.structure.dir" value="/Users/atalati/vscode-extension/main-repo/javavscode/netbeans/nbbuild/netbeans/ide" />
    <property name="platform/masterfs.ui.dir" value="/Users/atalati/vscode-extension/main-repo/javavscode/netbeans/nbbuild/netbeans/platform" />
    <property name="test-unit-sys-prop.hints-tools.jar.location" value="/Library/Java/JavaVirtualMachines/jdk-17.0.8.jdk/Contents/Home/lib/tools.jar" />
    <property name="nbm.target.dir" value="/Users/atalati/vscode-extension/main-repo/javavscode/netbeans/java/java.hints/build" />
    <property name="enterprise/gradle.javaee.dir" value="/Users/atalati/vscode-extension/main-repo/javavscode/netbeans/nbbuild/netbeans/enterprise" />
    <property name="java/java.file.launcher.dir" value="/Users/atalati/vscode-extension/main-repo/javavscode/netbeans/nbbuild/netbeans/java" />
    <property name="ide/tasklist.projectint.dir" value="/Users/atalati/vscode-extension/main-repo/javavscode/netbeans/nbbuild/netbeans/ide" />
    <property name="o.eclipse.mylyn.commons.net.dir" value="/Users/atalati/vscode-extension/main-repo/javavscode/netbeans/nbbuild/netbeans/ide" />
    <property name="ide/o.eclipse.mylyn.commons.xmlrpc.dir" value="/Users/atalati/vscode-extension/main-repo/javavscode/netbeans/nbbuild/netbeans/ide" />
    <property name="ide/web.common.ui.dir" value="/Users/atalati/vscode-extension/main-repo/javavscode/netbeans/nbbuild/netbeans/ide" />
    <property name="javascript2.doc.dir" value="/Users/atalati/vscode-extension/main-repo/javavscode/netbeans/nbbuild/netbeans/webcommon" />
    <property name="c.googlecode.javaewah.JavaEWAH.dir" value="/Users/atalati/vscode-extension/main-repo/javavscode/netbeans/nbbuild/netbeans/ide" />
    <property name="java.hints.declarative.test.dir" value="/Users/atalati/vscode-extension/main-repo/javavscode/netbeans/nbbuild/netbeans/java" />
    <property name="ide/bugzilla.dir" value="/Users/atalati/vscode-extension/main-repo/javavscode/netbeans/nbbuild/netbeans/ide" />
    <property name="webcommon/web.client.samples.dir" value="/Users/atalati/vscode-extension/main-repo/javavscode/netbeans/nbbuild/netbeans/webcommon" />
    <property name="have-jdk-1.5" value="true" />
    <property name="libs.springframework.dir" value="/Users/atalati/vscode-extension/main-repo/javavscode/netbeans/nbbuild/netbeans/java" />
    <property name="have-jdk-1.4" value="true" />
    <property name="spring.webmvc.dir" value="/Users/atalati/vscode-extension/main-repo/javavscode/netbeans/nbbuild/netbeans/enterprise" />
    <property name="have-jdk-1.9" value="true" />
    <property name="have-jdk-1.8" value="true" />
    <property name="have-jdk-1.7" value="true" />
    <property name="have-jdk-1.6" value="true" />
    <property name="moduleCluster.file" value="/Users/atalati/vscode-extension/main-repo/javavscode/netbeans/nbbuild/netbeans/moduleCluster.properties" />
    <property name="path.separator" value=":" />
    <property name="test.bootclasspath.prepend.args" value="--limit-modules=java.base,java.logging,java.xml,java.prefs,java.desktop,java.management,java.instrument,jdk.zipfs,java.scripting,java.naming,jdk.jdi,jdk.unsupported,java.sql" />
    <property name="debugger.jpda.jsui.dir" value="/Users/atalati/vscode-extension/main-repo/javavscode/netbeans/nbbuild/netbeans/java" />
    <property name="java/gradle.htmlui.dir" value="/Users/atalati/vscode-extension/main-repo/javavscode/netbeans/nbbuild/netbeans/java" />
    <property name="net.java.html.json.dir" value="/Users/atalati/vscode-extension/main-repo/javavscode/netbeans/nbbuild/netbeans/platform" />
    <property name="ide/code.analysis.dir" value="/Users/atalati/vscode-extension/main-repo/javavscode/netbeans/nbbuild/netbeans/ide" />
    <property name="module.name" value="java/java.hints" />
    <property name="spellchecker.dictionary_en.dir" value="/Users/atalati/vscode-extension/main-repo/javavscode/netbeans/nbbuild/netbeans/ide" />
    <property name="web.clientproject.api.dir" value="/Users/atalati/vscode-extension/main-repo/javavscode/netbeans/nbbuild/netbeans/webcommon" />
    <property name="ide/markdown.dir" value="/Users/atalati/vscode-extension/main-repo/javavscode/netbeans/nbbuild/netbeans/ide" />
    <property name="java/j2ee.metadata.model.support.dir" value="/Users/atalati/vscode-extension/main-repo/javavscode/netbeans/nbbuild/netbeans/java" />
    <property name="enterprise/jakartaee8.api.dir" value="/Users/atalati/vscode-extension/main-repo/javavscode/netbeans/nbbuild/netbeans/enterprise" />
    <property name="java/ant.hints.dir" value="/Users/atalati/vscode-extension/main-repo/javavscode/netbeans/nbbuild/netbeans/java" />
    <property name="glassfish.tooling.dir" value="/Users/atalati/vscode-extension/main-repo/javavscode/netbeans/nbbuild/netbeans/enterprise" />
    <property name="testcoverage.import" value="no-testcoverage.xml" />
    <property name="hudson.HOMEBREW_CELLAR" value="/opt/homebrew/Cellar" />
    <property name="ide/editor.bracesmatching.dir" value="/Users/atalati/vscode-extension/main-repo/javavscode/netbeans/nbbuild/netbeans/ide" />
    <property name="nb.cluster.extide.depends" value="nb.cluster.ide,nb.cluster.platform" />
    <property name="java/java.j2seembedded.dir" value="/Users/atalati/vscode-extension/main-repo/javavscode/netbeans/nbbuild/netbeans/java" />
    <property name="lib.jshell.agent.dir" value="/Users/atalati/vscode-extension/main-repo/javavscode/netbeans/nbbuild/netbeans/java" />
    <property name="ide/libs.svnClientAdapter.javahl.dir" value="/Users/atalati/vscode-extension/main-repo/javavscode/netbeans/nbbuild/netbeans/ide" />
    <property name="webcommon/languages.ini.dir" value="/Users/atalati/vscode-extension/main-repo/javavscode/netbeans/nbbuild/netbeans/webcommon" />
    <property name="queries.dir" value="/Users/atalati/vscode-extension/main-repo/javavscode/netbeans/nbbuild/netbeans/platform" />
    <property name="binaries.cache" value="/Users/atalati/.hgexternalcache" />
    <property name="groovy/gradle.groovy.dir" value="/Users/atalati/vscode-extension/main-repo/javavscode/netbeans/nbbuild/netbeans/groovy" />
    <property name="platform/openide.util.ui.dir" value="/Users/atalati/vscode-extension/main-repo/javavscode/netbeans/nbbuild/netbeans/platform" />
    <property name="ant.project.default-target" value="build" />
    <property name="payara.tooling.dir" value="/Users/atalati/vscode-extension/main-repo/javavscode/netbeans/nbbuild/netbeans/enterprise" />
    <property name="ide/db.mysql.dir" value="/Users/atalati/vscode-extension/main-repo/javavscode/netbeans/nbbuild/netbeans/ide" />
    <property name="webcommon/javascript2.model.dir" value="/Users/atalati/vscode-extension/main-repo/javavscode/netbeans/nbbuild/netbeans/webcommon" />
    <property name="java/debugger.jpda.ant.dir" value="/Users/atalati/vscode-extension/main-repo/javavscode/netbeans/nbbuild/netbeans/java" />
    <property name="java/maven.coverage.dir" value="/Users/atalati/vscode-extension/main-repo/javavscode/netbeans/nbbuild/netbeans/java" />
    <property name="kotlin.editor.dir" value="/Users/atalati/vscode-extension/main-repo/javavscode/netbeans/nbbuild/netbeans/java" />
    <property name="ide/html.lexer.dir" value="/Users/atalati/vscode-extension/main-repo/javavscode/netbeans/nbbuild/netbeans/ide" />
    <property name="bootclasspath.prepend" value="/Users/atalati/vscode-extension/main-repo/javavscode/netbeans/java/libs.javacapi/external/nb-javac-jdk-22+33-api.jar:/Users/atalati/vscode-extension/main-repo/javavscode/netbeans/java/libs.javacapi/external/nb-javac-jdk-22+33.jar" />
    <property name="ide/editor.completion.dir" value="/Users/atalati/vscode-extension/main-repo/javavscode/netbeans/nbbuild/netbeans/ide" />
    <property name="maven.htmlui.dir" value="/Users/atalati/vscode-extension/main-repo/javavscode/netbeans/nbbuild/netbeans/javafx" />
    <property name="buildstamp" value="20240527" />
    <property name="ide/html.dir" value="/Users/atalati/vscode-extension/main-repo/javavscode/netbeans/nbbuild/netbeans/ide" />
    <property name="nb.cluster.javafx.dir" value="javafx" />
    <property name="java/java.hints.ui.dir" value="/Users/atalati/vscode-extension/main-repo/javavscode/netbeans/nbbuild/netbeans/java" />
    <property name="java/maven.grammar.dir" value="/Users/atalati/vscode-extension/main-repo/javavscode/netbeans/nbbuild/netbeans/java" />
    <property name="java/jshell.support.dir" value="/Users/atalati/vscode-extension/main-repo/javavscode/netbeans/nbbuild/netbeans/java" />
    <property name="netbeans.javadoc.dir" value="/Users/atalati/vscode-extension/main-repo/javavscode/netbeans/nbbuild/build/javadoc" />
    <property name="enterprise/websvc.wsstackapi.dir" value="/Users/atalati/vscode-extension/main-repo/javavscode/netbeans/nbbuild/netbeans/enterprise" />
    <property name="php.latte.dir" value="/Users/atalati/vscode-extension/main-repo/javavscode/netbeans/nbbuild/netbeans/php" />
    <property name="j2ee.clientproject.dir" value="/Users/atalati/vscode-extension/main-repo/javavscode/netbeans/nbbuild/netbeans/enterprise" />
    <property name="sun.stdout.encoding" value="UTF-8" />
    <property name="platform/net.java.html.boot.dir" value="/Users/atalati/vscode-extension/main-repo/javavscode/netbeans/nbbuild/netbeans/platform" />
    <property name="hudson.tasklist.dir" value="/Users/atalati/vscode-extension/main-repo/javavscode/netbeans/nbbuild/netbeans/ide" />
    <property name="hudson.NVM_CD_FLAGS" value="-q" />
    <property name="java/xml.jaxb.dir" value="/Users/atalati/vscode-extension/main-repo/javavscode/netbeans/nbbuild/netbeans/java" />
    <property name="java/form.dir" value="/Users/atalati/vscode-extension/main-repo/javavscode/netbeans/nbbuild/netbeans/java" />
    <property name="php/php.refactoring.dir" value="/Users/atalati/vscode-extension/main-repo/javavscode/netbeans/nbbuild/netbeans/php" />
    <property name="ide/o.eclipse.mylyn.wikitext.markdown.core.dir" value="/Users/atalati/vscode-extension/main-repo/javavscode/netbeans/nbbuild/netbeans/ide" />
    <property name="java.mx.project.dir" value="/Users/atalati/vscode-extension/main-repo/javavscode/netbeans/nbbuild/netbeans/java" />
    <property name="html.angular.dir" value="/Users/atalati/vscode-extension/main-repo/javavscode/netbeans/nbbuild/netbeans/webcommon" />
    <property name="java/hudson.maven.dir" value="/Users/atalati/vscode-extension/main-repo/javavscode/netbeans/nbbuild/netbeans/java" />
    <property name="java/java.examples.dir" value="/Users/atalati/vscode-extension/main-repo/javavscode/netbeans/nbbuild/netbeans/java" />
    <property name="hudson.ITERM_SESSION_ID" value="w0t2p0:1EF74545-B0D6-4BEA-AEFA-CBED2E22EA6F" />
    <property name="nbjdk.versioninfo" value="java version &quot;17.0.8&quot; 2023-07-18 LTS&#xa;Java(TM) SE Runtime Environment (build 17.0.8+9-LTS-211)&#xa;Java HotSpot(TM) 64-Bit Server VM (build 17.0.8+9-LTS-211, mixed mode, sharing)" />
    <property name="ide/derby.dir" value="/Users/atalati/vscode-extension/main-repo/javavscode/netbeans/nbbuild/netbeans/ide" />
    <property name="clusters.config.release.list" value="nb.cluster.harness,nb.cluster.bootstrap,nb.cluster.platform,nb.cluster.ide,nb.cluster.extide,nb.cluster.websvccommon,nb.cluster.java,nb.cluster.javafx,nb.cluster.profiler,nb.cluster.3rdparty,nb.cluster.nb,nb.cluster.apisupport,nb.cluster.webcommon,nb.cluster.php,nb.cluster.groovy,nb.cluster.enterprise,nb.cluster.cpplite,nb.cluster.ergonomics" />
    <property name="build.classes.dir" value="/Users/atalati/vscode-extension/main-repo/javavscode/netbeans/java/java.hints/build/classes" />
    <property name="enterprise/glassfish.tooling.dir" value="/Users/atalati/vscode-extension/main-repo/javavscode/netbeans/nbbuild/netbeans/enterprise" />
    <property name="core.browser.dir" value="/Users/atalati/vscode-extension/main-repo/javavscode/netbeans/nbbuild/netbeans/ide" />
    <property name="ide/libs.jcodings.dir" value="/Users/atalati/vscode-extension/main-repo/javavscode/netbeans/nbbuild/netbeans/ide" />
    <property name="nb.cluster.ide.dir" value="ide" />
    <property name="editor.fold.nbui.dir" value="/Users/atalati/vscode-extension/main-repo/javavscode/netbeans/nbbuild/netbeans/ide" />
    <property name="editor.bookmarks.dir" value="/Users/atalati/vscode-extension/main-repo/javavscode/netbeans/nbbuild/netbeans/ide" />
    <property name="db.sql.editor.dir" value="/Users/atalati/vscode-extension/main-repo/javavscode/netbeans/nbbuild/netbeans/ide" />
    <property name="java/java.lexer.dir" value="/Users/atalati/vscode-extension/main-repo/javavscode/netbeans/nbbuild/netbeans/java" />
    <property name="nb.cluster.harness" value="apisupport.harness,jellytools.platform,jemmy,libs.nbi.ant,libs.nbi.engine,nbjunit,o.n.insane" />
    <property name="check.module.startlevel" value="true" />
    <property name="libs.junit4.dir" value="/Users/atalati/vscode-extension/main-repo/javavscode/netbeans/nbbuild/netbeans/platform" />
    <property name="java/xml.tools.java.dir" value="/Users/atalati/vscode-extension/main-repo/javavscode/netbeans/nbbuild/netbeans/java" />
    <property name="java/api.debugger.jpda.dir" value="/Users/atalati/vscode-extension/main-repo/javavscode/netbeans/nbbuild/netbeans/java" />
    <property name="form.nb.dir" value="/Users/atalati/vscode-extension/main-repo/javavscode/netbeans/nbbuild/netbeans/java" />
    <property name="projectimport.eclipse.j2se.dir" value="/Users/atalati/vscode-extension/main-repo/javavscode/netbeans/nbbuild/netbeans/java" />
    <property name="api.intent.dir" value="/Users/atalati/vscode-extension/main-repo/javavscode/netbeans/nbbuild/netbeans/platform" />
    <property name="java/j2ee.jpa.refactoring.dir" value="/Users/atalati/vscode-extension/main-repo/javavscode/netbeans/nbbuild/netbeans/java" />
    <property name="platform/spi.quicksearch.dir" value="/Users/atalati/vscode-extension/main-repo/javavscode/netbeans/nbbuild/netbeans/platform" />
    <property name="platform/libs.javafx.dir" value="/Users/atalati/vscode-extension/main-repo/javavscode/netbeans/nbbuild/netbeans/platform" />
    <property name="junitlib.dir" value="/Users/atalati/vscode-extension/main-repo/javavscode/netbeans/nbbuild/netbeans/platform" />
    <property name="module.javadoc.packages" value="org.netbeans.modules.java.hints.friendapi" />
    <property name="java/junit.ui.dir" value="/Users/atalati/vscode-extension/main-repo/javavscode/netbeans/nbbuild/netbeans/java" />
    <property name="platform/openide.options.dir" value="/Users/atalati/vscode-extension/main-repo/javavscode/netbeans/nbbuild/netbeans/platform" />
    <property name="enterprise/web.jsf.dir" value="/Users/atalati/vscode-extension/main-repo/javavscode/netbeans/nbbuild/netbeans/enterprise" />
    <property name="openide.dialogs.dir" value="/Users/atalati/vscode-extension/main-repo/javavscode/netbeans/nbbuild/netbeans/platform" />
    <property name="hudson.SHELL" value="/bin/zsh" />
    <property name="clusters.config.java.list" value="nb.cluster.harness,nb.cluster.bootstrap,nb.cluster.platform,nb.cluster.ide,nb.cluster.extide,nb.cluster.websvccommon,nb.cluster.java,nb.cluster.javafx,nb.cluster.profiler,nb.cluster.3rdparty,nb.cluster.nb" />
    <property name="c.google.gson.dir" value="/Users/atalati/vscode-extension/main-repo/javavscode/netbeans/nbbuild/netbeans/ide" />
    <property name="build.test.qa-functional.results.dir" value="/Users/atalati/vscode-extension/main-repo/javavscode/netbeans/java/java.hints/build/test/qa-functional/results" />
    <property name="clusters.config.cnd.list" value="nb.cluster.harness,nb.cluster.bootstrap,nb.cluster.platform,nb.cluster.ide,nb.cluster.cnd,nb.cluster.nb,nb.cluster.dlight" />
    <property name="ide/editor.settings.lib.dir" value="/Users/atalati/vscode-extension/main-repo/javavscode/netbeans/nbbuild/netbeans/ide" />
    <property name="webcommon/javascript.cdnjs.dir" value="/Users/atalati/vscode-extension/main-repo/javavscode/netbeans/nbbuild/netbeans/webcommon" />
    <property name="java/j2ee.persistence.kit.dir" value="/Users/atalati/vscode-extension/main-repo/javavscode/netbeans/nbbuild/netbeans/java" />
    <property name="platform/o.n.html.xhr4j.dir" value="/Users/atalati/vscode-extension/main-repo/javavscode/netbeans/nbbuild/netbeans/platform" />
    <property name="mods.sorted" value="/Users/atalati/vscode-extension/main-repo/javavscode/netbeans/platform/openide.text:/Users/atalati/vscode-extension/main-repo/javavscode/netbeans/ide/editor:/Users/atalati/vscode-extension/main-repo/javavscode/netbeans/java/spi.java.hints" />
    <property name="php.nette.tester.dir" value="/Users/atalati/vscode-extension/main-repo/javavscode/netbeans/nbbuild/netbeans/php" />
    <property name="profiler.j2se.dir" value="/Users/atalati/vscode-extension/main-repo/javavscode/netbeans/nbbuild/netbeans/profiler" />
    <property name="masterfs.windows.dir" value="/Users/atalati/vscode-extension/main-repo/javavscode/netbeans/nbbuild/netbeans/platform" />
    <property name="javac.compilerargs" value="" />
    <property name="dbschema.dir" value="/Users/atalati/vscode-extension/main-repo/javavscode/netbeans/nbbuild/netbeans/java" />
    <property name="editor.lib.dir" value="/Users/atalati/vscode-extension/main-repo/javavscode/netbeans/nbbuild/netbeans/ide" />
    <property name="platform/masterfs.macosx.dir" value="/Users/atalati/vscode-extension/main-repo/javavscode/netbeans/nbbuild/netbeans/platform" />
    <property name="platform/o.apache.commons.codec.dir" value="/Users/atalati/vscode-extension/main-repo/javavscode/netbeans/nbbuild/netbeans/platform" />
    <property name="sun.cpu.endian" value="little" />
    <property name="platform/openide.util.dir" value="/Users/atalati/vscode-extension/main-repo/javavscode/netbeans/nbbuild/netbeans/platform" />
    <property name="projectui.buildmenu.dir" value="/Users/atalati/vscode-extension/main-repo/javavscode/netbeans/nbbuild/netbeans/ide" />
    <property name="languages.toml.dir" value="/Users/atalati/vscode-extension/main-repo/javavscode/netbeans/nbbuild/netbeans/ide" />
    <property name="ide/editor.fold.dir" value="/Users/atalati/vscode-extension/main-repo/javavscode/netbeans/nbbuild/netbeans/ide" />
    <property name="platform/net.java.html.dir" value="/Users/atalati/vscode-extension/main-repo/javavscode/netbeans/nbbuild/netbeans/platform" />
    <property name="webcommon/lib.v8debug.dir" value="/Users/atalati/vscode-extension/main-repo/javavscode/netbeans/nbbuild/netbeans/webcommon" />
    <property name="ide/libs.tomlj.dir" value="/Users/atalati/vscode-extension/main-repo/javavscode/netbeans/nbbuild/netbeans/ide" />
    <property name="welcome.dir" value="/Users/atalati/vscode-extension/main-repo/javavscode/netbeans/nbbuild/netbeans/nb" />
    <property name="bugtracking.bridge.dir" value="/Users/atalati/vscode-extension/main-repo/javavscode/netbeans/nbbuild/netbeans/ide" />
    <property name="web.el.dir" value="/Users/atalati/vscode-extension/main-repo/javavscode/netbeans/nbbuild/netbeans/enterprise" />
    <property name="build.test.qa-functional.work.dir" value="/Users/atalati/vscode-extension/main-repo/javavscode/netbeans/java/java.hints/build/test/qa-functional/work" />
    <property name="bugtracking.commons.dir" value="/Users/atalati/vscode-extension/main-repo/javavscode/netbeans/nbbuild/netbeans/ide" />
    <property name="o.n.bootstrap.dir" value="/Users/atalati/vscode-extension/main-repo/javavscode/netbeans/nbbuild/netbeans/platform" />
    <property name="spellchecker.bindings.java.dir" value="/Users/atalati/vscode-extension/main-repo/javavscode/netbeans/nbbuild/netbeans/java" />
    <property name="openide.text.dir" value="/Users/atalati/vscode-extension/main-repo/javavscode/netbeans/nbbuild/netbeans/platform" />
    <property name="nb.cluster.rust.depends" value="nb.cluster.harness,nb.cluster.platform,nb.cluster.ide" />
    <property name="j2ee.core.dir" value="/Users/atalati/vscode-extension/main-repo/javavscode/netbeans/nbbuild/netbeans/enterprise" />
    <property name="j2ee.ant.dir" value="/Users/atalati/vscode-extension/main-repo/javavscode/netbeans/nbbuild/netbeans/enterprise" />
    <property name="ide/lsp.client.dir" value="/Users/atalati/vscode-extension/main-repo/javavscode/netbeans/nbbuild/netbeans/ide" />
    <property name="php.nette2.dir" value="/Users/atalati/vscode-extension/main-repo/javavscode/netbeans/nbbuild/netbeans/php" />
    <property name="platform/openide.explorer.dir" value="/Users/atalati/vscode-extension/main-repo/javavscode/netbeans/nbbuild/netbeans/platform" />
    <property name="java/java.editor.base.dir" value="/Users/atalati/vscode-extension/main-repo/javavscode/netbeans/nbbuild/netbeans/java" />
    <property name="nb.cluster.enterprise.depends" value="nb.cluster.java,nb.cluster.ide,nb.cluster.extide,nb.cluster.profiler,nb.cluster.webcommon,nb.cluster.websvccommon,nb.cluster.platform,nb.cluster.harness" />
    <property name="libs.svnClientAdapter.dir" value="/Users/atalati/vscode-extension/main-repo/javavscode/netbeans/nbbuild/netbeans/ide" />
    <property name="maven.model.dir" value="/Users/atalati/vscode-extension/main-repo/javavscode/netbeans/nbbuild/netbeans/java" />
    <property name="profiler.utilities.dir" value="/Users/atalati/vscode-extension/main-repo/javavscode/netbeans/nbbuild/netbeans/profiler" />
    <property name="test.runner" value="junit" />
    <property name="build.javahelp.dir" value="/Users/atalati/vscode-extension/main-repo/javavscode/netbeans/java/java.hints/build/javahelp" />
    <property name="hudson.PWD" value="/Users/atalati/vscode-extension/main-repo/javavscode/netbeans" />
    <property name="o.n.swing.dirchooser.dir" value="/Users/atalati/vscode-extension/main-repo/javavscode/netbeans/nbbuild/netbeans/ide" />
    <property name="hudson.__CF_USER_TEXT_ENCODING" value="0x1F5:0x0:0x0" />
    <property name="testng.ui.dir" value="/Users/atalati/vscode-extension/main-repo/javavscode/netbeans/nbbuild/netbeans/java" />
    <property name="java/libs.springframework.dir" value="/Users/atalati/vscode-extension/main-repo/javavscode/netbeans/nbbuild/netbeans/java" />
    <property name="nb.cluster.identity.dir" value="identity" />
    <property name="groovy/groovy.refactoring.dir" value="/Users/atalati/vscode-extension/main-repo/javavscode/netbeans/nbbuild/netbeans/groovy" />
    <property name="platform/libs.jna.dir" value="/Users/atalati/vscode-extension/main-repo/javavscode/netbeans/nbbuild/netbeans/platform" />
    <property name="ide/libs.svnClientAdapter.dir" value="/Users/atalati/vscode-extension/main-repo/javavscode/netbeans/nbbuild/netbeans/ide" />
    <property name="java.j2seplatform.dir" value="/Users/atalati/vscode-extension/main-repo/javavscode/netbeans/nbbuild/netbeans/java" />
    <property name="o.n.insane.dir" value="/Users/atalati/vscode-extension/main-repo/javavscode/netbeans/nbbuild/netbeans/harness" />
    <property name="testng.maven.dir" value="/Users/atalati/vscode-extension/main-repo/javavscode/netbeans/nbbuild/netbeans/java" />
    <property name="php.api.documentation.dir" value="/Users/atalati/vscode-extension/main-repo/javavscode/netbeans/nbbuild/netbeans/php" />
    <property name="maven.grammar.dir" value="/Users/atalati/vscode-extension/main-repo/javavscode/netbeans/nbbuild/netbeans/java" />
    <property name="tasklist.ui.dir" value="/Users/atalati/vscode-extension/main-repo/javavscode/netbeans/nbbuild/netbeans/ide" />
    <property name="apisupport.refactoring.dir" value="/Users/atalati/vscode-extension/main-repo/javavscode/netbeans/nbbuild/netbeans/apisupport" />
    <property name="cordova.platforms.android.dir" value="/Users/atalati/vscode-extension/main-repo/javavscode/netbeans/nbbuild/netbeans/webcommon" />
    <property name="gradle.javaee.dir" value="/Users/atalati/vscode-extension/main-repo/javavscode/netbeans/nbbuild/netbeans/enterprise" />
    <property name="ant.file.nbbuild" value="/Users/atalati/vscode-extension/main-repo/javavscode/netbeans/nbbuild/build.xml" />
    <property name="enterprise/websvc.rest.dir" value="/Users/atalati/vscode-extension/main-repo/javavscode/netbeans/nbbuild/netbeans/enterprise" />
    <property name="java.graph.dir" value="/Users/atalati/vscode-extension/main-repo/javavscode/netbeans/nbbuild/netbeans/java" />
    <property name="nbm.is.global" value="" />
    <property name="ide/o.eclipse.mylyn.wikitext.textile.core.dir" value="/Users/atalati/vscode-extension/main-repo/javavscode/netbeans/nbbuild/netbeans/ide" />
    <property name="php/php.editor.dir" value="/Users/atalati/vscode-extension/main-repo/javavscode/netbeans/nbbuild/netbeans/php" />
    <property name="tsaurl" value="" />
    <property name="ide/xml.dir" value="/Users/atalati/vscode-extension/main-repo/javavscode/netbeans/nbbuild/netbeans/ide" />
    <property name="nb.cluster.3rdparty.dir" value="extra" />
    <property name="xml.tools.java.dir" value="/Users/atalati/vscode-extension/main-repo/javavscode/netbeans/nbbuild/netbeans/java" />
    <property name="nb/deadlock.detector.dir" value="/Users/atalati/vscode-extension/main-repo/javavscode/netbeans/nbbuild/netbeans/nb" />
    <property name="maven.kit.dir" value="/Users/atalati/vscode-extension/main-repo/javavscode/netbeans/nbbuild/netbeans/java" />
    <property name="ide/o.eclipse.core.jobs.dir" value="/Users/atalati/vscode-extension/main-repo/javavscode/netbeans/nbbuild/netbeans/ide" />
    <property name="weblogic.common.dir" value="/Users/atalati/vscode-extension/main-repo/javavscode/netbeans/nbbuild/netbeans/enterprise" />
    <property name="parsing.lucene.dir" value="/Users/atalati/vscode-extension/main-repo/javavscode/netbeans/nbbuild/netbeans/ide" />
    <property name="o.eclipse.mylyn.wikitext.confluence.core.dir" value="/Users/atalati/vscode-extension/main-repo/javavscode/netbeans/nbbuild/netbeans/ide" />
    <property name="clusters.prefix" value="libnb" />
    <property name="debugger.jpda.visual.dir" value="/Users/atalati/vscode-extension/main-repo/javavscode/netbeans/nbbuild/netbeans/java" />
    <property name="openide.loaders.dir" value="/Users/atalati/vscode-extension/main-repo/javavscode/netbeans/nbbuild/netbeans/platform" />
    <property name="java.vm.specification.vendor" value="Oracle Corporation" />
    <property name="keyring.dir" value="/Users/atalati/vscode-extension/main-repo/javavscode/netbeans/nbbuild/netbeans/platform" />
    <property name="csl.api.dir" value="/Users/atalati/vscode-extension/main-repo/javavscode/netbeans/nbbuild/netbeans/ide" />
    <property name="ide/image.dir" value="/Users/atalati/vscode-extension/main-repo/javavscode/netbeans/nbbuild/netbeans/ide" />
    <property name="libs.jsr223.dir" value="/Users/atalati/vscode-extension/main-repo/javavscode/netbeans/nbbuild/netbeans/platform" />
    <property name="platform/queries.dir" value="/Users/atalati/vscode-extension/main-repo/javavscode/netbeans/nbbuild/netbeans/platform" />
    <property name="platform/keyring.fallback.dir" value="/Users/atalati/vscode-extension/main-repo/javavscode/netbeans/nbbuild/netbeans/platform" />
    <property name="j2ee.genericserver.dir" value="/Users/atalati/vscode-extension/main-repo/javavscode/netbeans/nbbuild/netbeans/enterprise" />
    <property name="web.indent.dir" value="/Users/atalati/vscode-extension/main-repo/javavscode/netbeans/nbbuild/netbeans/ide" />
    <property name="xml.text.dir" value="/Users/atalati/vscode-extension/main-repo/javavscode/netbeans/nbbuild/netbeans/ide" />
    <property name="o.eclipse.mylyn.bugzilla.core.dir" value="/Users/atalati/vscode-extension/main-repo/javavscode/netbeans/nbbuild/netbeans/ide" />
    <property name="profiler/profiler.projectsupport.dir" value="/Users/atalati/vscode-extension/main-repo/javavscode/netbeans/nbbuild/netbeans/profiler" />
    <property name="php/php.code.analysis.dir" value="/Users/atalati/vscode-extension/main-repo/javavscode/netbeans/nbbuild/netbeans/php" />
    <property name="php/php.api.testing.dir" value="/Users/atalati/vscode-extension/main-repo/javavscode/netbeans/nbbuild/netbeans/php" />
    <property name="platform/libs.jsr223.dir" value="/Users/atalati/vscode-extension/main-repo/javavscode/netbeans/nbbuild/netbeans/platform" />
    <property name="ide.branding.dir" value="/Users/atalati/vscode-extension/main-repo/javavscode/netbeans/nbbuild/netbeans/nb" />
    <property name="localtasks.dir" value="/Users/atalati/vscode-extension/main-repo/javavscode/netbeans/nbbuild/netbeans/ide" />
    <property name="languages.dir" value="/Users/atalati/vscode-extension/main-repo/javavscode/netbeans/nbbuild/netbeans/ide" />
    <property name="deadlock.detector.dir" value="/Users/atalati/vscode-extension/main-repo/javavscode/netbeans/nbbuild/netbeans/nb" />
    <property name="javascript.grunt.dir" value="/Users/atalati/vscode-extension/main-repo/javavscode/netbeans/nbbuild/netbeans/webcommon" />
    <property name="o.eclipse.mylyn.commons.xmlrpc.dir" value="/Users/atalati/vscode-extension/main-repo/javavscode/netbeans/nbbuild/netbeans/ide" />
    <property name="java/java.project.dir" value="/Users/atalati/vscode-extension/main-repo/javavscode/netbeans/nbbuild/netbeans/java" />
    <property name="java/java.hints.declarative.test.dir" value="/Users/atalati/vscode-extension/main-repo/javavscode/netbeans/nbbuild/netbeans/java" />
    <property name="ant.file.no-testcoverage" value="/Users/atalati/vscode-extension/main-repo/javavscode/netbeans/nbbuild/templates/no-testcoverage.xml" />
    <property name="php/languages.neon.dir" value="/Users/atalati/vscode-extension/main-repo/javavscode/netbeans/nbbuild/netbeans/php" />
    <property name="php/php.symfony2.dir" value="/Users/atalati/vscode-extension/main-repo/javavscode/netbeans/nbbuild/netbeans/php" />
    <property name="public.packages" value="org.netbeans.modules.java.hints.friendapi.*" />
    <property name="libs.nbi.ant.dir" value="/Users/atalati/vscode-extension/main-repo/javavscode/netbeans/nbbuild/netbeans/harness" />
    <property name="ide/xml.text.obsolete90.dir" value="/Users/atalati/vscode-extension/main-repo/javavscode/netbeans/nbbuild/netbeans/ide" />
    <property name="php/php.nette.tester.dir" value="/Users/atalati/vscode-extension/main-repo/javavscode/netbeans/nbbuild/netbeans/php" />
    <property name="ide/libs.xerces.dir" value="/Users/atalati/vscode-extension/main-repo/javavscode/netbeans/nbbuild/netbeans/ide" />
    <property name="enterprise/websvc.kit.dir" value="/Users/atalati/vscode-extension/main-repo/javavscode/netbeans/nbbuild/netbeans/enterprise" />
    <property name="java/java.hints.declarative.dir" value="/Users/atalati/vscode-extension/main-repo/javavscode/netbeans/nbbuild/netbeans/java" />
    <property name="webcommon/libs.plist.dir" value="/Users/atalati/vscode-extension/main-repo/javavscode/netbeans/nbbuild/netbeans/webcommon" />
    <property name="validation.nb.cluster.profiler" value="profiler.kit" />
    <property name="javascript2.sdoc.dir" value="/Users/atalati/vscode-extension/main-repo/javavscode/netbeans/nbbuild/netbeans/webcommon" />
    <property name="apisupport.wizards.dir" value="/Users/atalati/vscode-extension/main-repo/javavscode/netbeans/nbbuild/netbeans/apisupport" />
    <property name="java.openjdk.project.dir" value="/Users/atalati/vscode-extension/main-repo/javavscode/netbeans/nbbuild/netbeans/java" />
    <property name="jms-desktop.flags.jvm" value="--add-opens=java.desktop/javax.swing.plaf.basic=ALL-UNNAMED --add-opens=java.desktop/javax.swing.text=ALL-UNNAMED --add-opens=java.desktop/javax.swing=ALL-UNNAMED --add-opens=java.desktop/java.awt=ALL-UNNAMED --add-opens=java.desktop/java.awt.event=ALL-UNNAMED --add-opens=java.desktop/sun.awt.X11=ALL-UNNAMED --add-opens=java.desktop/javax.swing.plaf.synth=ALL-UNNAMED --add-opens=java.desktop/com.sun.java.swing.plaf.gtk=ALL-UNNAMED --add-opens=java.desktop/com.sun.java.swing.plaf.windows=ALL-UNNAMED --add-opens=java.desktop/com.apple.laf=ALL-UNNAMED --add-opens=java.desktop/sun.awt.shell=ALL-UNNAMED --add-opens=java.desktop/sun.awt.im=ALL-UNNAMED --add-exports=java.desktop/sun.awt=ALL-UNNAMED --add-exports=java.desktop/java.awt.peer=ALL-UNNAMED --add-exports=java.desktop/com.sun.beans.editors=ALL-UNNAMED --add-exports=java.desktop/sun.swing=ALL-UNNAMED --add-exports=java.desktop/sun.awt.im=ALL-UNNAMED --add-exports=java.desktop/com.sun.java.swing.plaf.motif=ALL-UNNAMED --add-exports=java.desktop/com.apple.eio=ALL-UNNAMED " />
    <property name="test.includes" value="**/*Test.class" />
    <property name="web.debug.dir" value="/Users/atalati/vscode-extension/main-repo/javavscode/netbeans/nbbuild/netbeans/enterprise" />
    <property name="platform/masterfs.linux.dir" value="/Users/atalati/vscode-extension/main-repo/javavscode/netbeans/nbbuild/netbeans/platform" />
    <property name="module.auto.deps.xml" value="/Users/atalati/vscode-extension/main-repo/javavscode/netbeans/java/java.hints/module-auto-deps.xml" />
    <property name="java/java.source.queries.dir" value="/Users/atalati/vscode-extension/main-repo/javavscode/netbeans/nbbuild/netbeans/java" />
    <property name="net.java.html.geo.dir" value="/Users/atalati/vscode-extension/main-repo/javavscode/netbeans/nbbuild/netbeans/platform" />
    <property name="java/debugger.jpda.jsui.dir" value="/Users/atalati/vscode-extension/main-repo/javavscode/netbeans/nbbuild/netbeans/java" />
    <property name="groovy/groovy.editor.dir" value="/Users/atalati/vscode-extension/main-repo/javavscode/netbeans/nbbuild/netbeans/groovy" />
    <property name="php.phpunit.dir" value="/Users/atalati/vscode-extension/main-repo/javavscode/netbeans/nbbuild/netbeans/php" />
    <property name="module.l10n.files.toString" value="patternSet{ includes: [I/dont/exist/at/all] excludes: [] }" />
    <property name="nb.cluster.team" value="bugtracking.kenai,c.tasktop.c2c.server.cloud.api,c.tasktop.c2c.server.common.api,c.tasktop.c2c.server.profile.api,c.tasktop.c2c.server.scm.api,c.tasktop.c2c.server.tasks.api,c.tasktop.c2c.server.wiki.api,kenai,kenai.kit,kenai.maven,kenai.ui,lib.cvsclient,o.codehaus.jackson.core,o.codehaus.jackson.mapper,odcs,odcs.git,odcs.hudson,odcs.kit,odcs.tasks,odcs.tasks.bridge,odcs.ui,odcs.versioning,oracle.clouddev.server.profile.activity.client.api,oracle.clouddev.server.profile.activity.client.rest,oracle.eclipse.tools.cloud.dev.tasks,team.server,team.server.nb,versioning.kenai,versioning.system.cvss" />
    <property name="java.disco.dir" value="/Users/atalati/vscode-extension/main-repo/javavscode/netbeans/nbbuild/netbeans/java" />
    <property name="o.n.upgrader.dir" value="/Users/atalati/vscode-extension/main-repo/javavscode/netbeans/nbbuild/netbeans/nb" />
    <property name="websvc.customization.dir" value="/Users/atalati/vscode-extension/main-repo/javavscode/netbeans/nbbuild/netbeans/enterprise" />
    <property name="jakartaee8.api.dir" value="/Users/atalati/vscode-extension/main-repo/javavscode/netbeans/nbbuild/netbeans/enterprise" />
    <property name="platform/core.kit.dir" value="/Users/atalati/vscode-extension/main-repo/javavscode/netbeans/nbbuild/netbeans/platform" />
    <property name="module.id" value="java.hints" />
    <property name="profiler/profiler.freeform.dir" value="/Users/atalati/vscode-extension/main-repo/javavscode/netbeans/nbbuild/netbeans/profiler" />
    <property name="user.home" value="/Users/atalati" />
    <property name="gsf.codecoverage.dir" value="/Users/atalati/vscode-extension/main-repo/javavscode/netbeans/nbbuild/netbeans/ide" />
    <property name="spi.navigator.dir" value="/Users/atalati/vscode-extension/main-repo/javavscode/netbeans/nbbuild/netbeans/ide" />
    <property name="j2ee.sun.dd.dir" value="/Users/atalati/vscode-extension/main-repo/javavscode/netbeans/nbbuild/netbeans/enterprise" />
    <property name="gradle.groovy.dir" value="/Users/atalati/vscode-extension/main-repo/javavscode/netbeans/nbbuild/netbeans/groovy" />
    <property name="core.osgi.dir" value="/Users/atalati/vscode-extension/main-repo/javavscode/netbeans/nbbuild/netbeans/platform" />
    <property name="ide/lexer.antlr4.dir" value="/Users/atalati/vscode-extension/main-repo/javavscode/netbeans/nbbuild/netbeans/ide" />
    <property name="cluster.path.evaluated" value=":/Users/atalati/vscode-extension/main-repo/javavscode/netbeans/nbbuild/netbeans/platform:/Users/atalati/vscode-extension/main-repo/javavscode/netbeans/nbbuild/netbeans/platform:/Users/atalati/vscode-extension/main-repo/javavscode/netbeans/nbbuild/netbeans/ide:/Users/atalati/vscode-extension/main-repo/javavscode/netbeans/nbbuild/netbeans/java:/Users/atalati/vscode-extension/main-repo/javavscode/netbeans/nbbuild/netbeans/apisupport:/Users/atalati/vscode-extension/main-repo/javavscode/netbeans/nbbuild/netbeans/enterprise:/Users/atalati/vscode-extension/main-repo/javavscode/netbeans/nbbuild/netbeans/ergonomics:/Users/atalati/vscode-extension/main-repo/javavscode/netbeans/nbbuild/netbeans/nb:/Users/atalati/vscode-extension/main-repo/javavscode/netbeans/nbbuild/netbeans/extra:/Users/atalati/vscode-extension/main-repo/javavscode/netbeans/nbbuild/netbeans/harness:/Users/atalati/vscode-extension/main-repo/javavscode/netbeans/nbbuild/netbeans/profiler:/Users/atalati/vscode-extension/main-repo/javavscode/netbeans/nbbuild/netbeans/php:/Users/atalati/vscode-extension/main-repo/javavscode/netbeans/nbbuild/netbeans/groovy:/Users/atalati/vscode-extension/main-repo/javavscode/netbeans/nbbuild/netbeans/identity:/Users/atalati/vscode-extension/main-repo/javavscode/netbeans/nbbuild/netbeans/cnd:/Users/atalati/vscode-extension/main-repo/javavscode/netbeans/nbbuild/netbeans/cndext:/Users/atalati/vscode-extension/main-repo/javavscode/netbeans/nbbuild/netbeans/rust:/Users/atalati/vscode-extension/main-repo/javavscode/netbeans/nbbuild/netbeans/cpplite:/Users/atalati/vscode-extension/main-repo/javavscode/netbeans/nbbuild/netbeans/dlight:/Users/atalati/vscode-extension/main-repo/javavscode/netbeans/nbbuild/netbeans/extra:/Users/atalati/vscode-extension/main-repo/javavscode/netbeans/nbbuild/netbeans/extra:/Users/atalati/vscode-extension/main-repo/javavscode/netbeans/nbbuild/netbeans/extra:/Users/atalati/vscode-extension/main-repo/javavscode/netbeans/nbbuild/netbeans/extide:/Users/atalati/vscode-extension/main-repo/javavscode/netbeans/nbbuild/netbeans/webcommon:/Users/atalati/vscode-extension/main-repo/javavscode/netbeans/nbbuild/netbeans/websvccommon:/Users/atalati/vscode-extension/main-repo/javavscode/netbeans/nbbuild/netbeans/javafx" />
    <property name="debugger.jpda.trufflenode.dir" value="/Users/atalati/vscode-extension/main-repo/javavscode/netbeans/nbbuild/netbeans/java" />
    <property name="jellytools.java.dir" value="/Users/atalati/vscode-extension/main-repo/javavscode/netbeans/nbbuild/netbeans/java" />
    <property name="build.package.compress" value="false" />
    <property name="o.apache.xmlrpc.dir" value="/Users/atalati/vscode-extension/main-repo/javavscode/netbeans/nbbuild/netbeans/ide" />
    <property name="lexer.antlr4.dir" value="/Users/atalati/vscode-extension/main-repo/javavscode/netbeans/nbbuild/netbeans/ide" />
    <property name="php/selenium2.php.dir" value="/Users/atalati/vscode-extension/main-repo/javavscode/netbeans/nbbuild/netbeans/php" />
    <property name="favorites.dir" value="/Users/atalati/vscode-extension/main-repo/javavscode/netbeans/nbbuild/netbeans/platform" />
    <property name="websvccommon/websvc.saas.api.dir" value="/Users/atalati/vscode-extension/main-repo/javavscode/netbeans/nbbuild/netbeans/websvccommon" />
    <property name="enterprise/web.client.rest.dir" value="/Users/atalati/vscode-extension/main-repo/javavscode/netbeans/nbbuild/netbeans/enterprise" />
    <property name="platform/openide.nodes.dir" value="/Users/atalati/vscode-extension/main-repo/javavscode/netbeans/nbbuild/netbeans/platform" />
    <property name="core.startup.base.dir" value="/Users/atalati/vscode-extension/main-repo/javavscode/netbeans/nbbuild/netbeans/platform" />
    <property name="profiler.api.dir" value="/Users/atalati/vscode-extension/main-repo/javavscode/netbeans/nbbuild/netbeans/profiler" />
    <property name="test.unit.run.cp.extra" value="/Users/atalati/vscode-extension/main-repo/javavscode/netbeans/nbbuild/netbeans/ide/modules/org-netbeans-modules-editor-lib.jar:/Users/atalati/vscode-extension/main-repo/javavscode/netbeans/nbbuild/netbeans/ide/modules/org-netbeans-modules-editor-codetemplates.jar:/Users/atalati/vscode-extension/main-repo/javavscode/netbeans/nbbuild/netbeans/java/modules/org-netbeans-modules-java-editor-lib.jar:/Users/atalati/vscode-extension/main-repo/javavscode/netbeans/nbbuild/netbeans/ide/modules/org-netbeans-modules-editor-util.jar:/Users/atalati/vscode-extension/main-repo/javavscode/netbeans/nbbuild/netbeans/platform/modules/org-netbeans-modules-editor-mimelookup.jar:/Users/atalati/vscode-extension/main-repo/javavscode/netbeans/nbbuild/netbeans/ide/modules/org-netbeans-modules-editor-settings.jar:/Users/atalati/vscode-extension/main-repo/javavscode/netbeans/nbbuild/netbeans/ide/modules/org-netbeans-modules-editor-settings-storage.jar:/Users/atalati/vscode-extension/main-repo/javavscode/netbeans/nbbuild/netbeans/platform/modules/org-netbeans-modules-masterfs.jar:/Users/atalati/vscode-extension/main-repo/javavscode/netbeans/nbbuild/netbeans/ide/modules/org-netbeans-modules-defaults.jar:/Users/atalati/vscode-extension/main-repo/javavscode/netbeans/nbbuild/netbeans/ide/modules/org-openidex-util.jar:/Users/atalati/vscode-extension/main-repo/javavscode/netbeans/nbbuild/netbeans/ide/modules/org-netbeans-modules-projectui.jar:${jackpot/engine.dir}/modules/org-netbeans-jackpot.jar:/Users/atalati/vscode-extension/main-repo/javavscode/netbeans/nbbuild/netbeans/platform/modules/org-openide-windows.jar:/Users/atalati/vscode-extension/main-repo/javavscode/netbeans/nbbuild/netbeans/platform/modules/org-openide-dialogs.jar:/Users/atalati/vscode-extension/main-repo/javavscode/netbeans/nbbuild/netbeans/platform/modules/org-openide-awt.jar:/Users/atalati/vscode-extension/main-repo/javavscode/netbeans/nbbuild/netbeans/platform/modules/org-openide-options.jar:${retouche/javacimpl.dir}/modules/ext/javac-impl.jar:/Users/atalati/vscode-extension/main-repo/javavscode/netbeans/nbbuild/netbeans/platform/core/core.jar:/Users/atalati/vscode-extension/main-repo/javavscode/netbeans/nbbuild/netbeans/platform/lib/boot.jar:/Users/atalati/vscode-extension/main-repo/javavscode/netbeans/nbbuild/netbeans/java/modules/org-netbeans-modules-classfile.jar:${contrib/editorhints/editorhighlights.dir}/modules/org-netbeans-modules-editor-highlights.jar" />
    <property name="java.source.dir" value="/Users/atalati/vscode-extension/main-repo/javavscode/netbeans/nbbuild/netbeans/java" />
    <property name="build.test.qa-functional.dir" value="/Users/atalati/vscode-extension/main-repo/javavscode/netbeans/java/java.hints/build/test/qa-functional" />
    <property name="platform/openide.actions.dir" value="/Users/atalati/vscode-extension/main-repo/javavscode/netbeans/nbbuild/netbeans/platform" />
    <property name="spi.debugger.jpda.ui.dir" value="/Users/atalati/vscode-extension/main-repo/javavscode/netbeans/nbbuild/netbeans/java" />
    <property name="javafx/javafx2.project.dir" value="/Users/atalati/vscode-extension/main-repo/javavscode/netbeans/nbbuild/netbeans/javafx" />
    <property name="java.j2sedeploy.dir" value="/Users/atalati/vscode-extension/main-repo/javavscode/netbeans/nbbuild/netbeans/java" />
    <property name="nb.cluster.php.dir" value="php" />
    <property name="enterprise/web.debug.dir" value="/Users/atalati/vscode-extension/main-repo/javavscode/netbeans/nbbuild/netbeans/enterprise" />
    <property name="masterfs.dir" value="/Users/atalati/vscode-extension/main-repo/javavscode/netbeans/nbbuild/netbeans/platform" />
    <property name="platform/openide.modules.dir" value="/Users/atalati/vscode-extension/main-repo/javavscode/netbeans/nbbuild/netbeans/platform" />
    <property name="java.debug.dir" value="/Users/atalati/vscode-extension/main-repo/javavscode/netbeans/nbbuild/netbeans/java" />
    <property name="locjar.locales" value="" />
    <property name="enterprise/web.project.dir" value="/Users/atalati/vscode-extension/main-repo/javavscode/netbeans/nbbuild/netbeans/enterprise" />
    <property name="tsacert" value="" />
    <property name="platform/applemenu.dir" value="/Users/atalati/vscode-extension/main-repo/javavscode/netbeans/nbbuild/netbeans/platform" />
    <property name="httpserver.dir" value="/Users/atalati/vscode-extension/main-repo/javavscode/netbeans/nbbuild/netbeans/ide" />
    <property name="java/form.refactoring.dir" value="/Users/atalati/vscode-extension/main-repo/javavscode/netbeans/nbbuild/netbeans/java" />
    <property name="enterprise/websvc.customization.dir" value="/Users/atalati/vscode-extension/main-repo/javavscode/netbeans/nbbuild/netbeans/enterprise" />
    <property name="ide/mercurial.dir" value="/Users/atalati/vscode-extension/main-repo/javavscode/netbeans/nbbuild/netbeans/ide" />
    <property name="project.dependency.dir" value="/Users/atalati/vscode-extension/main-repo/javavscode/netbeans/nbbuild/netbeans/ide" />
    <property name="hudson.TERM_FEATURES" value="T3LrMSc7UUw9Ts3BFGsSyHNoSxF" />
    <property name="nb.clusters.list" value="nb.cluster.harness,nb.cluster.bootstrap,nb.cluster.platform,nb.cluster.ide,nb.cluster.extide,nb.cluster.websvccommon,nb.cluster.java,nb.cluster.javafx,nb.cluster.profiler,nb.cluster.3rdparty,nb.cluster.nb,nb.cluster.apisupport,nb.cluster.webcommon,nb.cluster.php,nb.cluster.groovy,nb.cluster.enterprise,nb.cluster.cpplite,nb.cluster.ergonomics" />
    <property name="ide/gsf.codecoverage.dir" value="/Users/atalati/vscode-extension/main-repo/javavscode/netbeans/nbbuild/netbeans/ide" />
    <property name="php/php.project.dir" value="/Users/atalati/vscode-extension/main-repo/javavscode/netbeans/nbbuild/netbeans/php" />
    <property name="ide/o.apache.commons.httpclient.dir" value="/Users/atalati/vscode-extension/main-repo/javavscode/netbeans/nbbuild/netbeans/ide" />
    <property name="javascript2.kit.dir" value="/Users/atalati/vscode-extension/main-repo/javavscode/netbeans/nbbuild/netbeans/webcommon" />
    <property name="webcommon/web.clientproject.api.dir" value="/Users/atalati/vscode-extension/main-repo/javavscode/netbeans/nbbuild/netbeans/webcommon" />
    <property name="xml.retriever.dir" value="/Users/atalati/vscode-extension/main-repo/javavscode/netbeans/nbbuild/netbeans/ide" />
    <property name="ant.file.jdk" value="/Users/atalati/vscode-extension/main-repo/javavscode/netbeans/nbbuild/jdk.xml" />
    <property name="platform/uihandler.dir" value="/Users/atalati/vscode-extension/main-repo/javavscode/netbeans/nbbuild/netbeans/platform" />
    <property name="test.qa-functional.compile.cp" value="/Users/atalati/vscode-extension/main-repo/javavscode/netbeans/nbbuild/netbeans/platform/modules/org-netbeans-libs-junit4.jar:/Users/atalati/vscode-extension/main-repo/javavscode/netbeans/nbbuild/netbeans/harness/modules/org-netbeans-modules-nbjunit.jar:/Users/atalati/vscode-extension/main-repo/javavscode/netbeans/nbbuild/netbeans/harness/modules/org-netbeans-insane.jar:/Users/atalati/vscode-extension/main-repo/javavscode/netbeans/nbbuild/netbeans/java/modules/org-netbeans-modules-java-j2seproject.jar:/Users/atalati/vscode-extension/main-repo/javavscode/netbeans/nbbuild/build/testdist/qa-functional/java/org-netbeans-modules-java-j2seproject/tests.jar:/Users/atalati/vscode-extension/main-repo/javavscode/netbeans/nbbuild/build/testdist/unit/java/org-netbeans-modules-java-j2seproject/tests.jar:/Users/atalati/vscode-extension/main-repo/javavscode/netbeans/nbbuild/netbeans/harness/modules/org-netbeans-modules-jemmy.jar" />
    <property name="enterprise/glassfish.common.dir" value="/Users/atalati/vscode-extension/main-repo/javavscode/netbeans/nbbuild/netbeans/enterprise" />
    <property name="hudson.php.dir" value="/Users/atalati/vscode-extension/main-repo/javavscode/netbeans/nbbuild/netbeans/php" />
    <property name="java/lib.nbjshell.dir" value="/Users/atalati/vscode-extension/main-repo/javavscode/netbeans/nbbuild/netbeans/java" />
    <property name="java/java.editor.dir" value="/Users/atalati/vscode-extension/main-repo/javavscode/netbeans/nbbuild/netbeans/java" />
    <property name="libs.corba.omgapi.dir" value="/Users/atalati/vscode-extension/main-repo/javavscode/netbeans/nbbuild/netbeans/java" />
    <property name="enterprise/payara.jakartaee.dir" value="/Users/atalati/vscode-extension/main-repo/javavscode/netbeans/nbbuild/netbeans/enterprise" />
    <property name="websvc.websvcapi.dir" value="/Users/atalati/vscode-extension/main-repo/javavscode/netbeans/nbbuild/netbeans/enterprise" />
    <property name="enterprise/web.jsf12ri.dir" value="/Users/atalati/vscode-extension/main-repo/javavscode/netbeans/nbbuild/netbeans/enterprise" />
    <property name="platform/masterfs.windows.dir" value="/Users/atalati/vscode-extension/main-repo/javavscode/netbeans/nbbuild/netbeans/platform" />
    <property name="nb.cluster.php.depends" value="nb.cluster.platform,nb.cluster.ide,nb.cluster.extide,nb.cluster.webcommon,nb.cluster.websvccommon" />
    <property name="webcommon/typescript.editor.dir" value="/Users/atalati/vscode-extension/main-repo/javavscode/netbeans/nbbuild/netbeans/webcommon" />
    <property name="openide.options.dir" value="/Users/atalati/vscode-extension/main-repo/javavscode/netbeans/nbbuild/netbeans/platform" />
    <property name="ide/editor.settings.storage.dir" value="/Users/atalati/vscode-extension/main-repo/javavscode/netbeans/nbbuild/netbeans/ide" />
    <property name="spec.version.base.fatal.warning" value="true" />
    <property name="java/testng.ant.dir" value="/Users/atalati/vscode-extension/main-repo/javavscode/netbeans/nbbuild/netbeans/java" />
    <property name="html.indexing.dir" value="/Users/atalati/vscode-extension/main-repo/javavscode/netbeans/nbbuild/netbeans/ide" />
    <property name="libs.json_simple.dir" value="/Users/atalati/vscode-extension/main-repo/javavscode/netbeans/nbbuild/netbeans/ide" />
    <property name="ide/tasklist.todo.dir" value="/Users/atalati/vscode-extension/main-repo/javavscode/netbeans/nbbuild/netbeans/ide" />
    <property name="nbm" value="org-netbeans-modules-java-hints.nbm" />
    <property name="ide/swing.validation.dir" value="/Users/atalati/vscode-extension/main-repo/javavscode/netbeans/nbbuild/netbeans/ide" />
    <property name="project.spi.intern.impl.dir" value="/Users/atalati/vscode-extension/main-repo/javavscode/netbeans/nbbuild/netbeans/ide" />
    <property name="nb.cluster.extide.dir" value="extide" />
    <property name="platform/core.startup.dir" value="/Users/atalati/vscode-extension/main-repo/javavscode/netbeans/nbbuild/netbeans/platform" />
    <property name="lib.profiler.charts.dir" value="/Users/atalati/vscode-extension/main-repo/javavscode/netbeans/nbbuild/netbeans/profiler" />
    <property name="java/java.source.ant.dir" value="/Users/atalati/vscode-extension/main-repo/javavscode/netbeans/nbbuild/netbeans/java" />
    <property name="java/javadoc.dir" value="/Users/atalati/vscode-extension/main-repo/javavscode/netbeans/nbbuild/netbeans/java" />
    <property name="o.apache.commons.lang3.dir" value="/Users/atalati/vscode-extension/main-repo/javavscode/netbeans/nbbuild/netbeans/platform" />
    <property name="libs.git.dir" value="/Users/atalati/vscode-extension/main-repo/javavscode/netbeans/nbbuild/netbeans/ide" />
    <property name="web.jsfapi.dir" value="/Users/atalati/vscode-extension/main-repo/javavscode/netbeans/nbbuild/netbeans/enterprise" />
    <property name="ide/editor.search.dir" value="/Users/atalati/vscode-extension/main-repo/javavscode/netbeans/nbbuild/netbeans/ide" />
    <property name="build.compiler.deprecation" value="true" />
    <property name="debugger.jpda.heapwalk.dir" value="/Users/atalati/vscode-extension/main-repo/javavscode/netbeans/nbbuild/netbeans/profiler" />
    <property name="java.testrunner.ui.dir" value="/Users/atalati/vscode-extension/main-repo/javavscode/netbeans/nbbuild/netbeans/java" />
    <property name="junit.dir" value="/Users/atalati/vscode-extension/main-repo/javavscode/netbeans/nbbuild/netbeans/java" />
    <property name="projectuiapi.base.dir" value="/Users/atalati/vscode-extension/main-repo/javavscode/netbeans/nbbuild/netbeans/ide" />
    <property name="ide/defaults.dir" value="/Users/atalati/vscode-extension/main-repo/javavscode/netbeans/nbbuild/netbeans/ide" />
    <property name="cloud.common.dir" value="/Users/atalati/vscode-extension/main-repo/javavscode/netbeans/nbbuild/netbeans/enterprise" />
    <property name="o.apache.commons.httpclient.dir" value="/Users/atalati/vscode-extension/main-repo/javavscode/netbeans/nbbuild/netbeans/ide" />
    <property name="junit.ant.ui.dir" value="/Users/atalati/vscode-extension/main-repo/javavscode/netbeans/nbbuild/netbeans/java" />
    <property name="libs.batik.read.dir" value="/Users/atalati/vscode-extension/main-repo/javavscode/netbeans/nbbuild/netbeans/platform" />
    <property name="nbjunit.dir" value="/Users/atalati/vscode-extension/main-repo/javavscode/netbeans/nbbuild/netbeans/harness" />
    <property name="hudson.TMPDIR" value="/var/folders/gy/6knb6bv9547_4hb7kryqlnv40000gn/T/" />
    <property name="ide/team.commons.dir" value="/Users/atalati/vscode-extension/main-repo/javavscode/netbeans/nbbuild/netbeans/ide" />
    <property name="locales" value="" />
    <property name="websvc.wsstackapi.dir" value="/Users/atalati/vscode-extension/main-repo/javavscode/netbeans/nbbuild/netbeans/enterprise" />
    <property name="properties.dir" value="/Users/atalati/vscode-extension/main-repo/javavscode/netbeans/nbbuild/netbeans/ide" />
    <property name="hudson._CE_CONDA" value="" />
    <property name="cluster.dir" value="java" />
    <property name="webcommon/javascript2.requirejs.dir" value="/Users/atalati/vscode-extension/main-repo/javavscode/netbeans/nbbuild/netbeans/webcommon" />
    <property name="validation.nb.cluster.platform" value="o.n.core,core.windows,javahelp" />
    <property name="php/php.latte.dir" value="/Users/atalati/vscode-extension/main-repo/javavscode/netbeans/nbbuild/netbeans/php" />
    <property name="hudson.LC_TERMINAL" value="iTerm2" />
    <property name="apisupport.installer.maven.dir" value="/Users/atalati/vscode-extension/main-repo/javavscode/netbeans/nbbuild/netbeans/apisupport" />
    <property name="ide/options.editor.dir" value="/Users/atalati/vscode-extension/main-repo/javavscode/netbeans/nbbuild/netbeans/ide" />
    <property name="enterprise/servletjspapi.dir" value="/Users/atalati/vscode-extension/main-repo/javavscode/netbeans/nbbuild/netbeans/enterprise" />
    <property name="ide/core.browser.webview.dir" value="/Users/atalati/vscode-extension/main-repo/javavscode/netbeans/nbbuild/netbeans/ide" />
    <property name="o.eclipse.core.runtime.compatibility.auth.dir" value="/Users/atalati/vscode-extension/main-repo/javavscode/netbeans/nbbuild/netbeans/ide" />
    <property name="java/selenium2.java.dir" value="/Users/atalati/vscode-extension/main-repo/javavscode/netbeans/nbbuild/netbeans/java" />
    <property name="gradle.spring.dir" value="/Users/atalati/vscode-extension/main-repo/javavscode/netbeans/nbbuild/netbeans/java" />
    <property name="swing.validation.dir" value="/Users/atalati/vscode-extension/main-repo/javavscode/netbeans/nbbuild/netbeans/ide" />
    <property name="net.java.html.boot.dir" value="/Users/atalati/vscode-extension/main-repo/javavscode/netbeans/nbbuild/netbeans/platform" />
    <property name="jakartaee10.platform.dir" value="/Users/atalati/vscode-extension/main-repo/javavscode/netbeans/nbbuild/netbeans/enterprise" />
    <property name="languages.diff.dir" value="/Users/atalati/vscode-extension/main-repo/javavscode/netbeans/nbbuild/netbeans/ide" />
    <property name="openide.execution.dir" value="/Users/atalati/vscode-extension/main-repo/javavscode/netbeans/nbbuild/netbeans/platform" />
    <property name="layer.file" value="org/netbeans/modules/java/hints/resources/layer.xml" />
    <property name="webcommon/javascript.nodejs.dir" value="/Users/atalati/vscode-extension/main-repo/javavscode/netbeans/nbbuild/netbeans/webcommon" />
    <property name="platform/openide.util.ui.svg.dir" value="/Users/atalati/vscode-extension/main-repo/javavscode/netbeans/nbbuild/netbeans/platform" />
    <property name="i18n.dir" value="/Users/atalati/vscode-extension/main-repo/javavscode/netbeans/nbbuild/netbeans/java" />
    <property name="platform/settings.dir" value="/Users/atalati/vscode-extension/main-repo/javavscode/netbeans/nbbuild/netbeans/platform" />
    <property name="user.country" value="IN" />
    <property name="enterprise/websvc.projectapi.dir" value="/Users/atalati/vscode-extension/main-repo/javavscode/netbeans/nbbuild/netbeans/enterprise" />
    <property name="javafx/javafx2.editor.dir" value="/Users/atalati/vscode-extension/main-repo/javavscode/netbeans/nbbuild/netbeans/javafx" />
    <property name="javaee.api.dir" value="/Users/atalati/vscode-extension/main-repo/javavscode/netbeans/nbbuild/netbeans/enterprise" />
    <property name="profiler.nbmodule.dir" value="/Users/atalati/vscode-extension/main-repo/javavscode/netbeans/nbbuild/netbeans/profiler" />
    <property name="disable.apple.ui" value="true" />
    <property name="locmakenbm.locales" value="" />
    <property name="ide/bcpkix.dir" value="/Users/atalati/vscode-extension/main-repo/javavscode/netbeans/nbbuild/netbeans/ide" />
    <property name="j2ee.persistence.dir" value="/Users/atalati/vscode-extension/main-repo/javavscode/netbeans/nbbuild/netbeans/java" />
    <property name="php.api.phpmodule.dir" value="/Users/atalati/vscode-extension/main-repo/javavscode/netbeans/nbbuild/netbeans/php" />
    <property name="lib.nbjshell9.dir" value="/Users/atalati/vscode-extension/main-repo/javavscode/netbeans/nbbuild/netbeans/java" />
    <property name="spellchecker.kit.dir" value="/Users/atalati/vscode-extension/main-repo/javavscode/netbeans/nbbuild/netbeans/ide" />
    <property name="nb.cluster.cnd.dir" value="cnd" />
    <property name="languages.apacheconf.dir" value="/Users/atalati/vscode-extension/main-repo/javavscode/netbeans/nbbuild/netbeans/webcommon" />
    <property name="java.source.base.dir" value="/Users/atalati/vscode-extension/main-repo/javavscode/netbeans/nbbuild/netbeans/java" />
    <property name="platform/openide.io.dir" value="/Users/atalati/vscode-extension/main-repo/javavscode/netbeans/nbbuild/netbeans/platform" />
    <property name="validation.nb.cluster.java" value="java.hints,java.kit" />
    <property name="jellytools.platform.dir" value="/Users/atalati/vscode-extension/main-repo/javavscode/netbeans/nbbuild/netbeans/harness" />
    <property name="ide/javascript2.debug.dir" value="/Users/atalati/vscode-extension/main-repo/javavscode/netbeans/nbbuild/netbeans/ide" />
    <property name="xml.core.dir" value="/Users/atalati/vscode-extension/main-repo/javavscode/netbeans/nbbuild/netbeans/ide" />
    <property name="ide/subversion.dir" value="/Users/atalati/vscode-extension/main-repo/javavscode/netbeans/nbbuild/netbeans/ide" />
    <property name="build.compiler.optimize" value="off" />
    <property name="parsing.ui.dir" value="/Users/atalati/vscode-extension/main-repo/javavscode/netbeans/nbbuild/netbeans/ide" />
    <property name="clusters.config.groovy.list" value="nb.cluster.harness,nb.cluster.bootstrap,nb.cluster.platform,nb.cluster.ide,nb.cluster.extide,nb.cluster.websvccommon,nb.cluster.java,nb.cluster.javafx,nb.cluster.profiler,nb.cluster.3rdparty,nb.cluster.nb,nb.cluster.groovy" />
    <property name="gototest.dir" value="/Users/atalati/vscode-extension/main-repo/javavscode/netbeans/nbbuild/netbeans/ide" />
    <property name="netbeans.zipped.sources.dir" value="/Users/atalati/vscode-extension/main-repo/javavscode/netbeans/java/java.hints/${build}/sources" />
    <property name="glassfish.javaee.dir" value="/Users/atalati/vscode-extension/main-repo/javavscode/netbeans/nbbuild/netbeans/enterprise" />
    <property name="php/php.codeception.dir" value="/Users/atalati/vscode-extension/main-repo/javavscode/netbeans/nbbuild/netbeans/php" />
    <property name="lsp.client.dir" value="/Users/atalati/vscode-extension/main-repo/javavscode/netbeans/nbbuild/netbeans/ide" />
    <property name="java.runtime.name" value="Java(TM) SE Runtime Environment" />
    <property name="enterprise/j2ee.ejbverification.dir" value="/Users/atalati/vscode-extension/main-repo/javavscode/netbeans/nbbuild/netbeans/enterprise" />
    <property name="hudson.http_proxy" value="http://www-proxy.us.oracle.com:80" />
    <property name="ide/versioning.masterfs.dir" value="/Users/atalati/vscode-extension/main-repo/javavscode/netbeans/nbbuild/netbeans/ide" />
    <property name="utilities.dir" value="/Users/atalati/vscode-extension/main-repo/javavscode/netbeans/nbbuild/netbeans/ide" />
    <property name="test.config" value="default" />
    <property name="java/api.maven.dir" value="/Users/atalati/vscode-extension/main-repo/javavscode/netbeans/nbbuild/netbeans/java" />
    <property name="ide/spi.editor.hints.projects.dir" value="/Users/atalati/vscode-extension/main-repo/javavscode/netbeans/nbbuild/netbeans/ide" />
    <property name="java/maven.spring.dir" value="/Users/atalati/vscode-extension/main-repo/javavscode/netbeans/nbbuild/netbeans/java" />
    <property name="test.qa-functional.src.dir" value="/Users/atalati/vscode-extension/main-repo/javavscode/netbeans/java/java.hints/test/qa-functional/src" />
    <property name="enterprise/javaee7.api.dir" value="/Users/atalati/vscode-extension/main-repo/javavscode/netbeans/nbbuild/netbeans/enterprise" />
    <property name="ide/bugtracking.bridge.dir" value="/Users/atalati/vscode-extension/main-repo/javavscode/netbeans/nbbuild/netbeans/ide" />
    <property name="ide/css.editor.dir" value="/Users/atalati/vscode-extension/main-repo/javavscode/netbeans/nbbuild/netbeans/ide" />
    <property name="ide/xml.lexer.dir" value="/Users/atalati/vscode-extension/main-repo/javavscode/netbeans/nbbuild/netbeans/ide" />
    <property name="javascript2.requirejs.dir" value="/Users/atalati/vscode-extension/main-repo/javavscode/netbeans/nbbuild/netbeans/webcommon" />
    <property name="profiler/lib.profiler.dir" value="/Users/atalati/vscode-extension/main-repo/javavscode/netbeans/nbbuild/netbeans/profiler" />
    <property name="ide/o.apache.xmlrpc.dir" value="/Users/atalati/vscode-extension/main-repo/javavscode/netbeans/nbbuild/netbeans/ide" />
    <property name="webcommon/javascript2.extdoc.dir" value="/Users/atalati/vscode-extension/main-repo/javavscode/netbeans/nbbuild/netbeans/webcommon" />
    <property name="nb.cluster.apisupport" value="apisupport.ant,apisupport.installer,apisupport.installer.maven,apisupport.kit,apisupport.project,apisupport.refactoring,apisupport.wizards,maven.apisupport,timers" />
    <property name="ide/xml.xdm.dir" value="/Users/atalati/vscode-extension/main-repo/javavscode/netbeans/nbbuild/netbeans/ide" />
    <property name="netbeans.dest.dir" value="/Users/atalati/vscode-extension/main-repo/javavscode/netbeans/nbbuild/netbeans" />
    <property name="java/ant.browsetask.dir" value="/Users/atalati/vscode-extension/main-repo/javavscode/netbeans/nbbuild/netbeans/java" />
    <property name="enterprise/j2ee.sun.appsrv.dir" value="/Users/atalati/vscode-extension/main-repo/javavscode/netbeans/nbbuild/netbeans/enterprise" />
    <property name="ide/web.webkit.debugging.dir" value="/Users/atalati/vscode-extension/main-repo/javavscode/netbeans/nbbuild/netbeans/ide" />
    <property name="ide/print.editor.dir" value="/Users/atalati/vscode-extension/main-repo/javavscode/netbeans/nbbuild/netbeans/ide" />
    <property name="slf4j.jdk14.dir" value="/Users/atalati/vscode-extension/main-repo/javavscode/netbeans/nbbuild/netbeans/ide" />
    <property name="extra/libs.javafx.linux.aarch64.dir" value="/Users/atalati/vscode-extension/main-repo/javavscode/netbeans/nbbuild/netbeans/extra" />
    <property name="nb.cluster.cndext.depends" value="nb.cluster.cnd,nb.cluster.extide,nb.cluster.java" />
    <property name="hudson.__CFBundleIdentifier" value="com.googlecode.iterm2" />
    <property name="openide.io.dir" value="/Users/atalati/vscode-extension/main-repo/javavscode/netbeans/nbbuild/netbeans/platform" />
    <property name="javaee.injection.dir" value="/Users/atalati/vscode-extension/main-repo/javavscode/netbeans/nbbuild/netbeans/java" />
    <property name="webcommon/html.angular.dir" value="/Users/atalati/vscode-extension/main-repo/javavscode/netbeans/nbbuild/netbeans/webcommon" />
    <property name="web.webkit.tooling.dir" value="/Users/atalati/vscode-extension/main-repo/javavscode/netbeans/nbbuild/netbeans/webcommon" />
    <property name="platform/print.dir" value="/Users/atalati/vscode-extension/main-repo/javavscode/netbeans/nbbuild/netbeans/platform" />
    <property name="enterprise/websvc.core.dir" value="/Users/atalati/vscode-extension/main-repo/javavscode/netbeans/nbbuild/netbeans/enterprise" />
    <property name="web.struts.dir" value="/Users/atalati/vscode-extension/main-repo/javavscode/netbeans/nbbuild/netbeans/enterprise" />
    <property name="platform/lib.uihandler.dir" value="/Users/atalati/vscode-extension/main-repo/javavscode/netbeans/nbbuild/netbeans/platform" />
    <property name="libs.xerces.dir" value="/Users/atalati/vscode-extension/main-repo/javavscode/netbeans/nbbuild/netbeans/ide" />
    <property name="javafx2.samples.dir" value="/Users/atalati/vscode-extension/main-repo/javavscode/netbeans/nbbuild/netbeans/javafx" />
    <property name="test-qa-functional-sys-prop.cluster.path.final" value="/Users/atalati/vscode-extension/main-repo/javavscode/netbeans/nbbuild/netbeans/platform:/Users/atalati/vscode-extension/main-repo/javavscode/netbeans/nbbuild/netbeans/ide:/Users/atalati/vscode-extension/main-repo/javavscode/netbeans/nbbuild/netbeans/java:/Users/atalati/vscode-extension/main-repo/javavscode/netbeans/nbbuild/netbeans/apisupport:/Users/atalati/vscode-extension/main-repo/javavscode/netbeans/nbbuild/netbeans/enterprise:/Users/atalati/vscode-extension/main-repo/javavscode/netbeans/nbbuild/netbeans/ergonomics:/Users/atalati/vscode-extension/main-repo/javavscode/netbeans/nbbuild/netbeans/nb:/Users/atalati/vscode-extension/main-repo/javavscode/netbeans/nbbuild/netbeans/extra:/Users/atalati/vscode-extension/main-repo/javavscode/netbeans/nbbuild/netbeans/harness:/Users/atalati/vscode-extension/main-repo/javavscode/netbeans/nbbuild/netbeans/profiler:/Users/atalati/vscode-extension/main-repo/javavscode/netbeans/nbbuild/netbeans/php:/Users/atalati/vscode-extension/main-repo/javavscode/netbeans/nbbuild/netbeans/groovy:/Users/atalati/vscode-extension/main-repo/javavscode/netbeans/nbbuild/netbeans/identity:/Users/atalati/vscode-extension/main-repo/javavscode/netbeans/nbbuild/netbeans/cnd:/Users/atalati/vscode-extension/main-repo/javavscode/netbeans/nbbuild/netbeans/cndext:/Users/atalati/vscode-extension/main-repo/javavscode/netbeans/nbbuild/netbeans/rust:/Users/atalati/vscode-extension/main-repo/javavscode/netbeans/nbbuild/netbeans/cpplite:/Users/atalati/vscode-extension/main-repo/javavscode/netbeans/nbbuild/netbeans/dlight:/Users/atalati/vscode-extension/main-repo/javavscode/netbeans/nbbuild/netbeans/extide:/Users/atalati/vscode-extension/main-repo/javavscode/netbeans/nbbuild/netbeans/webcommon:/Users/atalati/vscode-extension/main-repo/javavscode/netbeans/nbbuild/netbeans/websvccommon:/Users/atalati/vscode-extension/main-repo/javavscode/netbeans/nbbuild/netbeans/javafx:/Users/atalati/vscode-extension/main-repo/javavscode/netbeans/nbbuild/netbeans/java" />
    <property name="ide/html.editor.lib.dir" value="/Users/atalati/vscode-extension/main-repo/javavscode/netbeans/nbbuild/netbeans/ide" />
    <property name="gradle.editor.dir" value="/Users/atalati/vscode-extension/main-repo/javavscode/netbeans/nbbuild/netbeans/extide" />
    <property name="enterprise/web.jsf12.dir" value="/Users/atalati/vscode-extension/main-repo/javavscode/netbeans/nbbuild/netbeans/enterprise" />
    <property name="enterprise/websvc.editor.hints.dir" value="/Users/atalati/vscode-extension/main-repo/javavscode/netbeans/nbbuild/netbeans/enterprise" />
    <property name="hudson.NVM_DIR" value="/Users/atalati/.nvm" />
    <property name="c.jcraft.jzlib.dir" value="/Users/atalati/vscode-extension/main-repo/javavscode/netbeans/nbbuild/netbeans/ide" />
    <property name="libs.amazon.dir" value="/Users/atalati/vscode-extension/main-repo/javavscode/netbeans/nbbuild/netbeans/enterprise" />
    <property name="enterprise/jakartaee10.platform.dir" value="/Users/atalati/vscode-extension/main-repo/javavscode/netbeans/nbbuild/netbeans/enterprise" />
    <property name="javac.source" value="1.8" />
    <property name="java.version.date" value="2023-07-18" />
    <property name="locjhindexer.locales" value="" />
    <property name="j2ee.eclipselink.dir" value="/Users/atalati/vscode-extension/main-repo/javavscode/netbeans/nbbuild/netbeans/java" />
    <property name="java.hints.dir" value="/Users/atalati/vscode-extension/main-repo/javavscode/netbeans/nbbuild/netbeans/java" />
    <property name="platform/net.java.html.geo.dir" value="/Users/atalati/vscode-extension/main-repo/javavscode/netbeans/nbbuild/netbeans/platform" />
    <property name="enterprise/j2ee.platform.dir" value="/Users/atalati/vscode-extension/main-repo/javavscode/netbeans/nbbuild/netbeans/enterprise" />
    <property name="java/kotlin.editor.dir" value="/Users/atalati/vscode-extension/main-repo/javavscode/netbeans/nbbuild/netbeans/java" />
    <property name="php/php.api.annotation.dir" value="/Users/atalati/vscode-extension/main-repo/javavscode/netbeans/nbbuild/netbeans/php" />
    <property name="enterprise/payara.eecommon.dir" value="/Users/atalati/vscode-extension/main-repo/javavscode/netbeans/nbbuild/netbeans/enterprise" />
    <property name="java/java.source.queriesimpl.dir" value="/Users/atalati/vscode-extension/main-repo/javavscode/netbeans/nbbuild/netbeans/java" />
    <property name="maven.indexer.dir" value="/Users/atalati/vscode-extension/main-repo/javavscode/netbeans/nbbuild/netbeans/java" />
    <property name="platform/editor.mimelookup.impl.dir" value="/Users/atalati/vscode-extension/main-repo/javavscode/netbeans/nbbuild/netbeans/platform" />
    <property name="o.eclipse.jgit.ssh.jsch.dir" value="/Users/atalati/vscode-extension/main-repo/javavscode/netbeans/nbbuild/netbeans/ide" />
    <property name="profiler/profiler.nbimpl.dir" value="/Users/atalati/vscode-extension/main-repo/javavscode/netbeans/nbbuild/netbeans/profiler" />
    <property name="nb.cluster.cndext" value="cnd.mixeddev" />
    <property name="sun.management.compiler" value="HotSpot 64-Bit Tiered Compilers" />
    <property name="test.qa-functional.data.dir" value="/Users/atalati/vscode-extension/main-repo/javavscode/netbeans/java/java.hints/test/qa-functional/data" />
    <property name="openide.util.lookup.dir" value="/Users/atalati/vscode-extension/main-repo/javavscode/netbeans/nbbuild/netbeans/platform" />
    <property name="java.project.dir" value="/Users/atalati/vscode-extension/main-repo/javavscode/netbeans/nbbuild/netbeans/java" />
    <property name="libs.jaxb.dir" value="/Users/atalati/vscode-extension/main-repo/javavscode/netbeans/nbbuild/netbeans/ide" />
    <property name="apisupport/apisupport.project.dir" value="/Users/atalati/vscode-extension/main-repo/javavscode/netbeans/nbbuild/netbeans/apisupport" />
    <property name="libs.antlr4.runtime.dir" value="/Users/atalati/vscode-extension/main-repo/javavscode/netbeans/nbbuild/netbeans/ide" />
    <property name="extexecution.process.dir" value="/Users/atalati/vscode-extension/main-repo/javavscode/netbeans/nbbuild/netbeans/ide" />
    <property name="gradle.dir" value="/Users/atalati/vscode-extension/main-repo/javavscode/netbeans/nbbuild/netbeans/extide" />
    <property name="nativeimage.api.dir" value="/Users/atalati/vscode-extension/main-repo/javavscode/netbeans/nbbuild/netbeans/ide" />
    <property name="ide/nativeimage.api.dir" value="/Users/atalati/vscode-extension/main-repo/javavscode/netbeans/nbbuild/netbeans/ide" />
    <property name="projectui.dir" value="/Users/atalati/vscode-extension/main-repo/javavscode/netbeans/nbbuild/netbeans/ide" />
    <property name="php.api.framework.dir" value="/Users/atalati/vscode-extension/main-repo/javavscode/netbeans/nbbuild/netbeans/php" />
    <property name="jsp.lexer.dir" value="/Users/atalati/vscode-extension/main-repo/javavscode/netbeans/nbbuild/netbeans/enterprise" />
    <property name="enterprise/profiler.j2ee.dir" value="/Users/atalati/vscode-extension/main-repo/javavscode/netbeans/nbbuild/netbeans/enterprise" />
    <property name="ant.hints.dir" value="/Users/atalati/vscode-extension/main-repo/javavscode/netbeans/nbbuild/netbeans/java" />
    <property name="templates.dir" value="/Users/atalati/vscode-extension/main-repo/javavscode/netbeans/nbbuild/netbeans/platform" />
    <property name="languages.ini.dir" value="/Users/atalati/vscode-extension/main-repo/javavscode/netbeans/nbbuild/netbeans/webcommon" />
    <property name="ide/parsing.nb.dir" value="/Users/atalati/vscode-extension/main-repo/javavscode/netbeans/nbbuild/netbeans/ide" />
    <property name="java.source.compat8.dir" value="/Users/atalati/vscode-extension/main-repo/javavscode/netbeans/nbbuild/netbeans/java" />
    <property name="java/maven.dir" value="/Users/atalati/vscode-extension/main-repo/javavscode/netbeans/nbbuild/netbeans/java" />
    <property name="platform/editor.mimelookup.dir" value="/Users/atalati/vscode-extension/main-repo/javavscode/netbeans/nbbuild/netbeans/platform" />
    <property name="libs.svnClientAdapter.javahl.dir" value="/Users/atalati/vscode-extension/main-repo/javavscode/netbeans/nbbuild/netbeans/ide" />
    <property name="javaee8.api.dir" value="/Users/atalati/vscode-extension/main-repo/javavscode/netbeans/nbbuild/netbeans/enterprise" />
    <property name="php/php.api.phpmodule.dir" value="/Users/atalati/vscode-extension/main-repo/javavscode/netbeans/nbbuild/netbeans/php" />
    <property name="libs.cglib.dir" value="/Users/atalati/vscode-extension/main-repo/javavscode/netbeans/nbbuild/netbeans/java" />
    <property name="nb.cluster.stableuc.dir" value="extra" />
    <property name="webcommon/javascript2.prototypejs.dir" value="/Users/atalati/vscode-extension/main-repo/javavscode/netbeans/nbbuild/netbeans/webcommon" />
    <property name="java/junit.ant.ui.dir" value="/Users/atalati/vscode-extension/main-repo/javavscode/netbeans/nbbuild/netbeans/java" />
    <property name="java/testng.maven.dir" value="/Users/atalati/vscode-extension/main-repo/javavscode/netbeans/nbbuild/netbeans/java" />
    <property name="j2ee.dd.webservice.dir" value="/Users/atalati/vscode-extension/main-repo/javavscode/netbeans/nbbuild/netbeans/enterprise" />
    <property name="webcommon/javascript2.types.dir" value="/Users/atalati/vscode-extension/main-repo/javavscode/netbeans/nbbuild/netbeans/webcommon" />
    <property name="xml.catalog.dir" value="/Users/atalati/vscode-extension/main-repo/javavscode/netbeans/nbbuild/netbeans/ide" />
    <property name="autoupdate.catalog.url" value="http://bits.netbeans.org/dev/nbms-and-javadoc/lastSuccessfulBuild/artifact/nbbuild/nbms/updates.xml.gz" />
    <property name="apisupport/apisupport.kit.dir" value="/Users/atalati/vscode-extension/main-repo/javavscode/netbeans/nbbuild/netbeans/apisupport" />
    <property name="php.zend.dir" value="/Users/atalati/vscode-extension/main-repo/javavscode/netbeans/nbbuild/netbeans/php" />
    <property name="websvc.jaxws21api.dir" value="/Users/atalati/vscode-extension/main-repo/javavscode/netbeans/nbbuild/netbeans/java" />
    <property name="ant.file.type.nbbuild" value="file" />
    <property name="ant.file.2" value="/Users/atalati/vscode-extension/main-repo/javavscode/netbeans/java/java.hints/build.xml" />
    <property name="ide/languages.toml.dir" value="/Users/atalati/vscode-extension/main-repo/javavscode/netbeans/nbbuild/netbeans/ide" />
    <property name="ant.file.1" value="/Users/atalati/vscode-extension/main-repo/javavscode/netbeans/java/java.hints/build.xml" />
    <property name="apisupport/apisupport.ant.dir" value="/Users/atalati/vscode-extension/main-repo/javavscode/netbeans/nbbuild/netbeans/apisupport" />
    <property name="core.output2.dir" value="/Users/atalati/vscode-extension/main-repo/javavscode/netbeans/nbbuild/netbeans/platform" />
    <property name="platform/core.netigso.dir" value="/Users/atalati/vscode-extension/main-repo/javavscode/netbeans/nbbuild/netbeans/platform" />
    <property name="hudson.HOMEBREW_PREFIX" value="/opt/homebrew" />
    <property name="test.nbjdk.java" value="/Library/Java/JavaVirtualMachines/jdk-17.0.8.jdk/Contents/Home/bin/java" />
    <property name="ide/libs.json_simple.dir" value="/Users/atalati/vscode-extension/main-repo/javavscode/netbeans/nbbuild/netbeans/ide" />
    <property name="ide/libs.jaxb.dir" value="/Users/atalati/vscode-extension/main-repo/javavscode/netbeans/nbbuild/netbeans/ide" />
    <property name="ide/api.java.classpath.dir" value="/Users/atalati/vscode-extension/main-repo/javavscode/netbeans/nbbuild/netbeans/ide" />
    <property name="nb.cluster.jira.dir" value="extra" />
    <property name="nb.cluster.stableuc.depends" value="nb.cluster.rust,nb.cluster.harness,nb.cluster.bootstrap,nb.cluster.platform,nb.cluster.ide,nb.cluster.extide,nb.cluster.websvccommon,nb.cluster.java,nb.cluster.javafx,nb.cluster.profiler,nb.cluster.3rdparty,nb.cluster.nb,nb.cluster.apisupport,nb.cluster.webcommon,nb.cluster.php,nb.cluster.groovy,nb.cluster.enterprise,nb.cluster.cpplite,nb.cluster.ergonomics" />
    <property name="html.editor.lib.dir" value="/Users/atalati/vscode-extension/main-repo/javavscode/netbeans/nbbuild/netbeans/ide" />
    <property name="ide/spi.palette.dir" value="/Users/atalati/vscode-extension/main-repo/javavscode/netbeans/nbbuild/netbeans/ide" />
    <property name="profiler.nbimpl.dir" value="/Users/atalati/vscode-extension/main-repo/javavscode/netbeans/nbbuild/netbeans/profiler" />
    <property name="api.web.webmodule.dir" value="/Users/atalati/vscode-extension/main-repo/javavscode/netbeans/nbbuild/netbeans/enterprise" />
    <property name="clusters.config.stableuc.list" value="nb.cluster.rust,nb.cluster.harness,nb.cluster.bootstrap,nb.cluster.platform,nb.cluster.ide,nb.cluster.extide,nb.cluster.websvccommon,nb.cluster.java,nb.cluster.javafx,nb.cluster.profiler,nb.cluster.3rdparty,nb.cluster.nb,nb.cluster.apisupport,nb.cluster.webcommon,nb.cluster.php,nb.cluster.groovy,nb.cluster.enterprise,nb.cluster.cpplite,nb.cluster.ergonomics,nb.cluster.jira,nb.cluster.team,nb.cluster.stableuc" />
    <property name="ide/o.eclipse.jgit.lfs.dir" value="/Users/atalati/vscode-extension/main-repo/javavscode/netbeans/nbbuild/netbeans/ide" />
    <property name="platform/autoupdate.ui.dir" value="/Users/atalati/vscode-extension/main-repo/javavscode/netbeans/nbbuild/netbeans/platform" />
    <property name="mylyn.util.dir" value="/Users/atalati/vscode-extension/main-repo/javavscode/netbeans/nbbuild/netbeans/ide" />
    <property name="enterprise/jakartaee9.platform.dir" value="/Users/atalati/vscode-extension/main-repo/javavscode/netbeans/nbbuild/netbeans/enterprise" />
    <property name="projectimport.eclipse.web.dir" value="/Users/atalati/vscode-extension/main-repo/javavscode/netbeans/nbbuild/netbeans/enterprise" />
    <property name="webcommon/javascript2.doc.dir" value="/Users/atalati/vscode-extension/main-repo/javavscode/netbeans/nbbuild/netbeans/webcommon" />
    <property name="ide/editor.indent.dir" value="/Users/atalati/vscode-extension/main-repo/javavscode/netbeans/nbbuild/netbeans/ide" />
    <property name="libs.javafx.linux.dir" value="/Users/atalati/vscode-extension/main-repo/javavscode/netbeans/nbbuild/netbeans/extra" />
    <property name="ide/project.libraries.ui.dir" value="/Users/atalati/vscode-extension/main-repo/javavscode/netbeans/nbbuild/netbeans/ide" />
    <property name="parsing.api.dir" value="/Users/atalati/vscode-extension/main-repo/javavscode/netbeans/nbbuild/netbeans/ide" />
    <property name="junit.ant.dir" value="/Users/atalati/vscode-extension/main-repo/javavscode/netbeans/nbbuild/netbeans/java" />
    <property name="hudson.HTTPS_PROXY" value="http://www-proxy.us.oracle.com:80" />
    <property name="ide/spellchecker.kit.dir" value="/Users/atalati/vscode-extension/main-repo/javavscode/netbeans/nbbuild/netbeans/ide" />
    <property name="ide/httpserver.dir" value="/Users/atalati/vscode-extension/main-repo/javavscode/netbeans/nbbuild/netbeans/ide" />
    <property name="platform/libs.asm.dir" value="/Users/atalati/vscode-extension/main-repo/javavscode/netbeans/nbbuild/netbeans/platform" />
    <property name="is.regular" value="true" />
    <property name="java/java.j2semodule.dir" value="/Users/atalati/vscode-extension/main-repo/javavscode/netbeans/nbbuild/netbeans/java" />
    <property name="php.kit.dir" value="/Users/atalati/vscode-extension/main-repo/javavscode/netbeans/nbbuild/netbeans/php" />
    <property name="derby.dir" value="/Users/atalati/vscode-extension/main-repo/javavscode/netbeans/nbbuild/netbeans/ide" />
    <property name="java.metrics.dir" value="/Users/atalati/vscode-extension/main-repo/javavscode/netbeans/nbbuild/netbeans/java" />
    <property name="nb.cluster.3rdparty.depends" value="nb.cluster.platform" />
    <property name="ide/hudson.git.dir" value="/Users/atalati/vscode-extension/main-repo/javavscode/netbeans/nbbuild/netbeans/ide" />
    <property name="platform/openide.execution.dir" value="/Users/atalati/vscode-extension/main-repo/javavscode/netbeans/nbbuild/netbeans/platform" />
    <property name="ide/terminal.dir" value="/Users/atalati/vscode-extension/main-repo/javavscode/netbeans/nbbuild/netbeans/ide" />
    <property name="webcommon/html.knockout.dir" value="/Users/atalati/vscode-extension/main-repo/javavscode/netbeans/nbbuild/netbeans/webcommon" />
    <property name="print.editor.dir" value="/Users/atalati/vscode-extension/main-repo/javavscode/netbeans/nbbuild/netbeans/ide" />
    <property name="ko4j.debugging.dir" value="/Users/atalati/vscode-extension/main-repo/javavscode/netbeans/nbbuild/netbeans/java" />
    <property name="javaee.beanvalidation.dir" value="/Users/atalati/vscode-extension/main-repo/javavscode/netbeans/nbbuild/netbeans/enterprise" />
    <property name="hudson.INFOPATH" value="/opt/homebrew/share/info:" />
    <property name="image.dir" value="/Users/atalati/vscode-extension/main-repo/javavscode/netbeans/nbbuild/netbeans/ide" />
    <property name="form.refactoring.dir" value="/Users/atalati/vscode-extension/main-repo/javavscode/netbeans/nbbuild/netbeans/java" />
    <property name="ide/languages.yaml.dir" value="/Users/atalati/vscode-extension/main-repo/javavscode/netbeans/nbbuild/netbeans/ide" />
    <property name="java.vm.info" value="mixed mode" />
    <property name="ide/hudson.tasklist.dir" value="/Users/atalati/vscode-extension/main-repo/javavscode/netbeans/nbbuild/netbeans/ide" />
    <property name="ide/tasklist.ui.dir" value="/Users/atalati/vscode-extension/main-repo/javavscode/netbeans/nbbuild/netbeans/ide" />
    <property name="java.testrunner.dir" value="/Users/atalati/vscode-extension/main-repo/javavscode/netbeans/nbbuild/netbeans/java" />
    <property name="php.editor.dir" value="/Users/atalati/vscode-extension/main-repo/javavscode/netbeans/nbbuild/netbeans/php" />
    <property name="module.classpath" value="/Users/atalati/vscode-extension/main-repo/javavscode/netbeans/nbbuild/build/public-package-jars/org-netbeans-api-annotations-common.jar:/Users/atalati/vscode-extension/main-repo/javavscode/netbeans/nbbuild/build/public-package-jars/org-netbeans-api-java.jar:/Users/atalati/vscode-extension/main-repo/javavscode/netbeans/nbbuild/build/public-package-jars/org-netbeans-api-java-classpath.jar:/Users/atalati/vscode-extension/main-repo/javavscode/netbeans/nbbuild/build/public-package-jars/org-netbeans-api-lsp.jar:/Users/atalati/vscode-extension/main-repo/javavscode/netbeans/nbbuild/build/public-package-jars/org-netbeans-api-progress.jar:/Users/atalati/vscode-extension/main-repo/javavscode/netbeans/nbbuild/build/public-package-jars/org-netbeans-api-progress-nb.jar:/Users/atalati/vscode-extension/main-repo/javavscode/netbeans/nbbuild/build/public-package-jars/org-netbeans-api-templates.jar:/Users/atalati/vscode-extension/main-repo/javavscode/netbeans/nbbuild/netbeans/java/modules/org-netbeans-libs-javacapi.jar:/Users/atalati/vscode-extension/main-repo/javavscode/netbeans/java/libs.javacapi/external/nb-javac-jdk-22+33-api.jar:/Users/atalati/vscode-extension/main-repo/javavscode/netbeans/java/libs.javacapi/external/nb-javac-jdk-22+33.jar:/Users/atalati/vscode-extension/main-repo/javavscode/netbeans/nbbuild/build/public-package-jars/org-netbeans-libs-lucene.jar:/Users/atalati/vscode-extension/main-repo/javavscode/netbeans/nbbuild/build/public-package-jars/org-netbeans-modules-editor.jar:/Users/atalati/vscode-extension/main-repo/javavscode/netbeans/nbbuild/build/public-package-jars/org-netbeans-modules-editor-document.jar:/Users/atalati/vscode-extension/main-repo/javavscode/netbeans/nbbuild/build/public-package-jars/org-netbeans-modules-editor-errorstripe-api.jar:/Users/atalati/vscode-extension/main-repo/javavscode/netbeans/nbbuild/build/public-package-jars/org-netbeans-modules-editor-lib.jar:/Users/atalati/vscode-extension/main-repo/javavscode/netbeans/nbbuild/build/public-package-jars/org-netbeans-modules-editor-lib2.jar:/Users/atalati/vscode-extension/main-repo/javavscode/netbeans/nbbuild/build/public-package-jars/org-netbeans-modules-editor-mimelookup.jar:/Users/atalati/vscode-extension/main-repo/javavscode/netbeans/nbbuild/build/public-package-jars/org-netbeans-modules-editor-settings.jar:/Users/atalati/vscode-extension/main-repo/javavscode/netbeans/nbbuild/build/public-package-jars/org-netbeans-modules-editor-tools-storage.jar:/Users/atalati/vscode-extension/main-repo/javavscode/netbeans/nbbuild/build/public-package-jars/org-netbeans-modules-editor-util.jar:/Users/atalati/vscode-extension/main-repo/javavscode/netbeans/nbbuild/build/public-package-jars/org-netbeans-modules-java-completion.jar:/Users/atalati/vscode-extension/main-repo/javavscode/netbeans/nbbuild/netbeans/java/modules/org-netbeans-modules-java-editor.jar:/Users/atalati/vscode-extension/main-repo/javavscode/netbeans/nbbuild/netbeans/java/modules/org-netbeans-modules-java-editor-base.jar:/Users/atalati/vscode-extension/main-repo/javavscode/netbeans/nbbuild/netbeans/java/modules/org-netbeans-modules-java-hints-legacy-spi.jar:/Users/atalati/vscode-extension/main-repo/javavscode/netbeans/nbbuild/build/public-package-jars/org-netbeans-modules-java-lexer.jar:/Users/atalati/vscode-extension/main-repo/javavscode/netbeans/nbbuild/build/public-package-jars/org-netbeans-modules-java-platform.jar:/Users/atalati/vscode-extension/main-repo/javavscode/netbeans/nbbuild/build/public-package-jars/org-netbeans-modules-java-preprocessorbridge.jar:/Users/atalati/vscode-extension/main-repo/javavscode/netbeans/nbbuild/build/public-package-jars/org-netbeans-modules-java-project.jar:/Users/atalati/vscode-extension/main-repo/javavscode/netbeans/nbbuild/netbeans/java/modules/org-netbeans-modules-java-source.jar:/Users/atalati/vscode-extension/main-repo/javavscode/netbeans/nbbuild/netbeans/java/modules/org-netbeans-modules-java-source-base.jar:/Users/atalati/vscode-extension/main-repo/javavscode/netbeans/nbbuild/build/public-package-jars/org-netbeans-modules-java-sourceui.jar:/Users/atalati/vscode-extension/main-repo/javavscode/netbeans/nbbuild/build/public-package-jars/org-netbeans-modules-lexer.jar:/Users/atalati/vscode-extension/main-repo/javavscode/netbeans/nbbuild/build/public-package-jars/org-netbeans-modules-options-api.jar:/Users/atalati/vscode-extension/main-repo/javavscode/netbeans/nbbuild/build/public-package-jars/org-netbeans-modules-options-editor.jar:/Users/atalati/vscode-extension/main-repo/javavscode/netbeans/nbbuild/build/public-package-jars/org-netbeans-modules-parsing-api.jar:/Users/atalati/vscode-extension/main-repo/javavscode/netbeans/nbbuild/build/public-package-jars/org-netbeans-modules-parsing-indexing.jar:/Users/atalati/vscode-extension/main-repo/javavscode/netbeans/nbbuild/build/public-package-jars/org-netbeans-modules-projectapi.jar:/Users/atalati/vscode-extension/main-repo/javavscode/netbeans/nbbuild/build/public-package-jars/org-netbeans-modules-projectuiapi.jar:/Users/atalati/vscode-extension/main-repo/javavscode/netbeans/nbbuild/build/public-package-jars/org-netbeans-modules-queries.jar:/Users/atalati/vscode-extension/main-repo/javavscode/netbeans/nbbuild/netbeans/ide/modules/org-netbeans-modules-refactoring-api.jar:/Users/atalati/vscode-extension/main-repo/javavscode/netbeans/nbbuild/netbeans/java/modules/org-netbeans-modules-refactoring-java.jar:/Users/atalati/vscode-extension/main-repo/javavscode/netbeans/nbbuild/build/public-package-jars/org-netbeans-modules-settings.jar:/Users/atalati/vscode-extension/main-repo/javavscode/netbeans/nbbuild/build/public-package-jars/org-netbeans-spi-editor-hints.jar:/Users/atalati/vscode-extension/main-repo/javavscode/netbeans/nbbuild/netbeans/java/modules/org-netbeans-spi-java-hints.jar:/Users/atalati/vscode-extension/main-repo/javavscode/netbeans/nbbuild/build/public-package-jars/org-openide-actions.jar:/Users/atalati/vscode-extension/main-repo/javavscode/netbeans/nbbuild/build/public-package-jars/org-openide-awt.jar:/Users/atalati/vscode-extension/main-repo/javavscode/netbeans/nbbuild/build/public-package-jars/org-openide-dialogs.jar:/Users/atalati/vscode-extension/main-repo/javavscode/netbeans/nbbuild/build/public-package-jars/org-openide-explorer.jar:/Users/atalati/vscode-extension/main-repo/javavscode/netbeans/nbbuild/build/public-package-jars/org-openide-filesystems.jar:/Users/atalati/vscode-extension/main-repo/javavscode/netbeans/nbbuild/build/public-package-jars/org-openide-loaders.jar:/Users/atalati/vscode-extension/main-repo/javavscode/netbeans/nbbuild/build/public-package-jars/org-openide-modules.jar:/Users/atalati/vscode-extension/main-repo/javavscode/netbeans/nbbuild/build/public-package-jars/org-openide-nodes.jar:/Users/atalati/vscode-extension/main-repo/javavscode/netbeans/nbbuild/build/public-package-jars/org-openide-text.jar:/Users/atalati/vscode-extension/main-repo/javavscode/netbeans/nbbuild/build/public-package-jars/org-openide-util.jar:/Users/atalati/vscode-extension/main-repo/javavscode/netbeans/nbbuild/build/public-package-jars/org-openide-util-lookup.jar:/Users/atalati/vscode-extension/main-repo/javavscode/netbeans/nbbuild/build/public-package-jars/org-openide-util-ui.jar:/Users/atalati/vscode-extension/main-repo/javavscode/netbeans/nbbuild/build/public-package-jars/org-openide-windows.jar" />
    <property name="nb.cluster.javafx.depends" value="nb.cluster.ide,nb.cluster.extide,nb.cluster.platform,nb.cluster.java,nb.cluster.websvccommon,nb.cluster.harness" />
    <property name="libs.jna.platform.dir" value="/Users/atalati/vscode-extension/main-repo/javavscode/netbeans/nbbuild/netbeans/platform" />
    <property name="sun.jnu.encoding" value="UTF-8" />
    <property name="extexecution.base.dir" value="/Users/atalati/vscode-extension/main-repo/javavscode/netbeans/nbbuild/netbeans/ide" />
    <property name="java/hudson.ant.dir" value="/Users/atalati/vscode-extension/main-repo/javavscode/netbeans/nbbuild/netbeans/java" />
    <property name="java/maven.graph.dir" value="/Users/atalati/vscode-extension/main-repo/javavscode/netbeans/nbbuild/netbeans/java" />
    <property name="java.navigation.dir" value="/Users/atalati/vscode-extension/main-repo/javavscode/netbeans/nbbuild/netbeans/java" />
    <property name="nb.cluster.bootstrap.dir" value="platform" />
    <property name="javascript.nodejs.dir" value="/Users/atalati/vscode-extension/main-repo/javavscode/netbeans/nbbuild/netbeans/webcommon" />
    <property name="enterprise/j2ee.earproject.dir" value="/Users/atalati/vscode-extension/main-repo/javavscode/netbeans/nbbuild/netbeans/enterprise" />
    <property name="nb.cluster.nb" value="autoupdate.pluginimporter,bugzilla.exceptionreporter,deadlock.detector,ide.branding,ide.branding.kit,o.n.upgrader,uihandler.exceptionreporter,updatecenters,welcome" />
    <property name="javascript2.jquery.dir" value="/Users/atalati/vscode-extension/main-repo/javavscode/netbeans/nbbuild/netbeans/webcommon" />
    <property name="cpplite/cpplite.editor.dir" value="/Users/atalati/vscode-extension/main-repo/javavscode/netbeans/nbbuild/netbeans/cpplite" />
    <property name="extra.test.libs.short" value="${extra.test.libs.dir}/nb-javac-jdk-22+33-api.jar:\&#xa;${extra.test.libs.dir}/nb-javac-jdk-22+33.jar:\&#xa;${extra.test.libs.dir}/lucene-core-3.6.2.jar:\&#xa;${extra.test.libs.dir}/asm-9.6.jar:\&#xa;${extra.test.libs.dir}/asm-tree-9.6.jar:\&#xa;${extra.test.libs.dir}/asm-commons-9.6.jar:\&#xa;${extra.test.libs.dir}/resolver-1.2.jar:\&#xa;${extra.test.libs.dir}/jhall-2.0_05.jar" />
    <property name="java.hints.test.dir" value="/Users/atalati/vscode-extension/main-repo/javavscode/netbeans/nbbuild/netbeans/java" />
    <property name="clusters.config.cpplite.list" value="nb.cluster.harness,nb.cluster.bootstrap,nb.cluster.platform,nb.cluster.ide,nb.cluster.cpplite,nb.cluster.nb" />
    <property name="spellchecker.dir" value="/Users/atalati/vscode-extension/main-repo/javavscode/netbeans/nbbuild/netbeans/ide" />
    <property name="api.xml.dir" value="/Users/atalati/vscode-extension/main-repo/javavscode/netbeans/nbbuild/netbeans/ide" />
    <property name="sun.stderr.encoding" value="UTF-8" />
    <property name="nb.cluster.enterprise.dir" value="enterprise" />
    <property name="web.refactoring.dir" value="/Users/atalati/vscode-extension/main-repo/javavscode/netbeans/nbbuild/netbeans/enterprise" />
    <property name="ant.file.projectized-common" value="/Users/atalati/vscode-extension/main-repo/javavscode/netbeans/nbbuild/templates/common.xml" />
    <property name="file.separator" value="/" />
    <property name="java/editor.htmlui.dir" value="/Users/atalati/vscode-extension/main-repo/javavscode/netbeans/nbbuild/netbeans/java" />
    <property name="build.test.qa-functional.classes.dir" value="/Users/atalati/vscode-extension/main-repo/javavscode/netbeans/java/java.hints/build/test/qa-functional/classes" />
    <property name="csl.types.dir" value="/Users/atalati/vscode-extension/main-repo/javavscode/netbeans/nbbuild/netbeans/ide" />
    <property name="php/spellchecker.bindings.php.dir" value="/Users/atalati/vscode-extension/main-repo/javavscode/netbeans/nbbuild/netbeans/php" />
    <property name="c.jcraft.jsch.dir" value="/Users/atalati/vscode-extension/main-repo/javavscode/netbeans/nbbuild/netbeans/ide" />
    <property name="nb.cluster.webcommon" value="api.knockout,cordova,cordova.platforms,cordova.platforms.android,extbrowser.chrome,html.angular,html.knockout,javascript.bower,javascript.cdnjs,javascript.grunt,javascript.gulp,javascript.jstestdriver,javascript.karma,javascript.nodejs,javascript.v8debug,javascript.v8debug.ui,javascript2.doc,javascript2.editor,javascript2.extdoc,javascript2.extjs,javascript2.html,javascript2.jade,javascript2.jquery,javascript2.jsdoc,javascript2.json,javascript2.kit,javascript2.knockout,javascript2.lexer,javascript2.model,javascript2.nodejs,javascript2.prototypejs,javascript2.react,javascript2.requirejs,javascript2.sdoc,javascript2.source.query,javascript2.types,languages.apacheconf,languages.ini,lib.v8debug,libs.graaljs,libs.jstestdriver,libs.nashorn,libs.plist,netserver,selenium2.webclient,selenium2.webclient.mocha,selenium2.webclient.protractor,typescript.editor,web.client.kit,web.client.samples,web.clientproject,web.clientproject.api,web.inspect,web.javascript.debugger,web.webkit.tooling" />
    <property name="exists.test.unit.data" value="true" />
    <property name="platform/libs.junit4.dir" value="/Users/atalati/vscode-extension/main-repo/javavscode/netbeans/nbbuild/netbeans/platform" />
    <property name="ide/extexecution.base.dir" value="/Users/atalati/vscode-extension/main-repo/javavscode/netbeans/nbbuild/netbeans/ide" />
    <property name="java/spi.java.hints.dir" value="/Users/atalati/vscode-extension/main-repo/javavscode/netbeans/nbbuild/netbeans/java" />
    <property name="test.unit.run.cp.short" value="${netbeans.dest.dir}/platform/modules/org-netbeans-core.jar:\&#xa;${netbeans.dest.dir}/platform/core/core.jar:\&#xa;${netbeans.dest.dir}/harness/modules/org-netbeans-insane.jar:\&#xa;${netbeans.dest.dir}/platform/modules/org-netbeans-modules-queries.jar:\&#xa;${netbeans.dest.dir}/platform/core/org-openide-filesystems.jar:\&#xa;${netbeans.dest.dir}/platform/lib/org-openide-util-lookup.jar:\&#xa;${netbeans.dest.dir}/platform/lib/org-openide-util-ui.jar:\&#xa;${netbeans.dest.dir}/ide/modules/org-netbeans-libs-freemarker.jar:\&#xa;${netbeans.dest.dir}/platform/lib/org-openide-util.jar:\&#xa;${netbeans.dest.dir}/platform/modules/org-netbeans-libs-junit4.jar:\&#xa;${netbeans.dest.dir}/platform/modules/org-netbeans-libs-testng.jar:\&#xa;${netbeans.dest.dir}/java/modules/org-netbeans-modules-classfile.jar:\&#xa;${netbeans.dest.dir}/ide/modules/org-netbeans-modules-defaults.jar:\&#xa;${netbeans.dest.dir}/ide/modules/org-netbeans-modules-editor.jar:\&#xa;${test.dist.dir}/unit/ide/org-netbeans-modules-editor/tests.jar:\&#xa;${netbeans.dest.dir}/platform/modules/org-netbeans-modules-editor-mimelookup.jar:\&#xa;${test.dist.dir}/unit/platform/org-netbeans-modules-editor-mimelookup/tests.jar:\&#xa;${netbeans.dest.dir}/platform/modules/org-netbeans-modules-editor-mimelookup-impl.jar:\&#xa;${netbeans.dest.dir}/ide/modules/org-netbeans-modules-editor-settings.jar:\&#xa;${netbeans.dest.dir}/ide/modules/org-netbeans-modules-editor-settings-storage.jar:\&#xa;${netbeans.dest.dir}/ide/modules/org-netbeans-modules-editor-util.jar:\&#xa;${netbeans.dest.dir}/extide/modules/org-netbeans-modules-options-java.jar:\&#xa;${netbeans.dest.dir}/java/modules/org-netbeans-libs-javacapi.jar:\&#xa;${netbeans.dest.dir}/ide/modules/org-apache-xml-resolver.jar:\&#xa;${netbeans.dest.dir}/platform/modules/org-netbeans-swing-plaf.jar:\&#xa;${netbeans.dest.dir}/ide/modules/org-netbeans-modules-editor-settings-lib.jar:\&#xa;${netbeans.dest.dir}/platform/modules/org-netbeans-modules-autoupdate-services.jar:\&#xa;${netbeans.dest.dir}/ide/modules/org-netbeans-modules-editor-document.jar:\&#xa;${netbeans.dest.dir}/ide/modules/org-netbeans-modules-extexecution.jar:\&#xa;${netbeans.dest.dir}/java/modules/org-netbeans-api-java.jar:\&#xa;${netbeans.dest.dir}/ide/modules/org-netbeans-modules-xml-catalog.jar:\&#xa;${netbeans.dest.dir}/ide/modules/org-netbeans-modules-project-ant-ui.jar:\&#xa;${netbeans.dest.dir}/platform/modules/org-netbeans-modules-options-api.jar:\&#xa;${netbeans.dest.dir}/platform/lib/org-openide-modules.jar:\&#xa;${netbeans.dest.dir}/platform/modules/org-netbeans-api-search.jar:\&#xa;${netbeans.dest.dir}/java/modules/org-netbeans-modules-java-platform-ui.jar:\&#xa;${netbeans.dest.dir}/ide/modules/org-netbeans-modules-editor-guards.jar:\&#xa;${netbeans.dest.dir}/platform/modules/org-openide-filesystems-nb.jar:\&#xa;${netbeans.dest.dir}/ide/modules/org-netbeans-spi-tasklist.jar:\&#xa;${netbeans.dest.dir}/platform/modules/org-netbeans-modules-keyring.jar:\&#xa;${netbeans.dest.dir}/java/modules/org-netbeans-lib-nbjavac.jar:\&#xa;${netbeans.dest.dir}/platform/modules/org-netbeans-api-templates.jar:\&#xa;${netbeans.dest.dir}/ide/modules/org-netbeans-spi-navigator.jar:\&#xa;${netbeans.dest.dir}/platform/modules/org-netbeans-api-annotations-common.jar:\&#xa;${netbeans.dest.dir}/java/modules/org-netbeans-spi-java-hints.jar:\&#xa;${netbeans.dest.dir}/ide/modules/org-netbeans-modules-refactoring-api.jar:\&#xa;${netbeans.dest.dir}/platform/lib/boot.jar:\&#xa;${netbeans.dest.dir}/ide/modules/org-netbeans-api-xml-ui.jar:\&#xa;${netbeans.dest.dir}/java/modules/org-netbeans-modules-refactoring-java.jar:\&#xa;${netbeans.dest.dir}/platform/modules/org-openide-execution.jar:\&#xa;${netbeans.dest.dir}/platform/modules/org-netbeans-spi-quicksearch.jar:\&#xa;${netbeans.dest.dir}/platform/modules/org-openide-windows.jar:\&#xa;${netbeans.dest.dir}/ide/modules/org-netbeans-modules-editor-indent.jar:\&#xa;${netbeans.dest.dir}/java/modules/org-netbeans-modules-java-preprocessorbridge.jar:\&#xa;${netbeans.dest.dir}/platform/modules/org-netbeans-modules-sampler.jar:\&#xa;${netbeans.dest.dir}/java/modules/org-netbeans-modules-java-sourceui.jar:\&#xa;${netbeans.dest.dir}/ide/modules/org-netbeans-modules-gototest.jar:\&#xa;${netbeans.dest.dir}/java/modules/org-netbeans-api-debugger-jpda.jar:\&#xa;${netbeans.dest.dir}/platform/modules/org-openide-dialogs.jar:\&#xa;${netbeans.dest.dir}/ide/modules/org-netbeans-modules-projectuiapi.jar:\&#xa;${netbeans.dest.dir}/ide/modules/org-netbeans-modules-editor-errorstripe.jar:\&#xa;${netbeans.dest.dir}/ide/modules/org-netbeans-modules-projectapi.jar:\&#xa;${netbeans.dest.dir}/ide/modules/org-netbeans-modules-gsf-testrunner-ui.jar:\&#xa;${netbeans.dest.dir}/ide/modules/org-netbeans-modules-project-libraries-ui.jar:\&#xa;${netbeans.dest.dir}/platform/modules/org-openide-awt.jar:\&#xa;${netbeans.dest.dir}/platform/modules/org-openide-actions.jar:\&#xa;${netbeans.dest.dir}/java/modules/org-netbeans-modules-java-source.jar:\&#xa;${netbeans.dest.dir}/platform/modules/org-netbeans-api-io.jar:\&#xa;${netbeans.dest.dir}/platform/modules/org-netbeans-api-intent.jar:\&#xa;${netbeans.dest.dir}/platform/modules/org-openide-loaders.jar:\&#xa;${netbeans.dest.dir}/platform/modules/org-openide-nodes.jar:\&#xa;${netbeans.dest.dir}/platform/modules/org-netbeans-swing-outline.jar:\&#xa;${netbeans.dest.dir}/platform/modules/org-netbeans-api-progress-nb.jar:\&#xa;${netbeans.dest.dir}/java/modules/org-netbeans-modules-java-completion.jar:\&#xa;${netbeans.dest.dir}/platform/modules/org-openide-io.jar:\&#xa;${netbeans.dest.dir}/ide/modules/org-netbeans-modules-options-editor.jar:\&#xa;${netbeans.dest.dir}/ide/modules/org-netbeans-modules-projectuiapi-base.jar:\&#xa;${netbeans.dest.dir}/platform/modules/org-netbeans-api-progress.jar:\&#xa;${netbeans.dest.dir}/ide/modules/org-netbeans-modules-editor-codetemplates.jar:\&#xa;${netbeans.dest.dir}/ide/modules/org-netbeans-api-xml.jar:\&#xa;${netbeans.dest.dir}/ide/modules/org-netbeans-modules-editor-fold.jar:\&#xa;${netbeans.dest.dir}/ide/modules/org-netbeans-modules-editor-fold-nbui.jar:\&#xa;${netbeans.dest.dir}/ide/modules/org-netbeans-modules-editor-completion.jar:\&#xa;${netbeans.dest.dir}/platform/core/org-netbeans-libs-asm.jar:\&#xa;${netbeans.dest.dir}/platform/modules/org-openide-text.jar:\&#xa;${netbeans.dest.dir}/ide/modules/org-netbeans-modules-jumpto.jar:\&#xa;${netbeans.dest.dir}/extide/modules/org-apache-tools-ant-module.jar:\&#xa;${netbeans.dest.dir}/platform/modules/org-netbeans-modules-options-keymap.jar:\&#xa;${netbeans.dest.dir}/ide/modules/org-netbeans-modules-project-indexingbridge.jar:\&#xa;${netbeans.dest.dir}/ide/modules/org-netbeans-modules-diff.jar:\&#xa;${netbeans.dest.dir}/ide/modules/org-netbeans-modules-project-spi-intern.jar:\&#xa;${netbeans.dest.dir}/ide/modules/org-netbeans-api-java-classpath.jar:\&#xa;${netbeans.dest.dir}/ide/modules/org-netbeans-modules-lexer.jar:\&#xa;${netbeans.dest.dir}/java/modules/org-netbeans-modules-libs-corba-omgapi.jar:\&#xa;${netbeans.dest.dir}/ide/modules/org-netbeans-modules-project-ant.jar:\&#xa;${netbeans.dest.dir}/java/modules/org-netbeans-modules-java-platform.jar:\&#xa;${netbeans.dest.dir}/ide/modules/org-netbeans-modules-editor-indent-project.jar:\&#xa;${netbeans.dest.dir}/ide/modules/org-netbeans-spi-editor-hints.jar:\&#xa;${netbeans.dest.dir}/java/modules/org-netbeans-modules-java-lexer.jar:\&#xa;${netbeans.dest.dir}/java/modules/org-netbeans-modules-java-editor.jar:\&#xa;${netbeans.dest.dir}/java/modules/org-netbeans-modules-java-file-launcher.jar:\&#xa;${netbeans.dest.dir}/java/modules/org-netbeans-modules-java-editor-base.jar:\&#xa;${netbeans.dest.dir}/platform/modules/org-netbeans-core-multiview.jar:\&#xa;${netbeans.dest.dir}/ide/modules/org-netbeans-modules-code-analysis.jar:\&#xa;${netbeans.dest.dir}/ide/modules/org-netbeans-modules-parsing-indexing.jar:\&#xa;${netbeans.dest.dir}/platform/modules/org-netbeans-modules-settings.jar:\&#xa;${netbeans.dest.dir}/ide/modules/org-netbeans-modules-editor-errorstripe-api.jar:\&#xa;${netbeans.dest.dir}/java/modules/org-netbeans-modules-java-project.jar:\&#xa;${netbeans.dest.dir}/platform/modules/org-netbeans-modules-masterfs.jar:\&#xa;${netbeans.dest.dir}/ide/modules/org-netbeans-libs-lucene.jar:\&#xa;${netbeans.dest.dir}/platform/modules/org-openide-explorer.jar:\&#xa;${netbeans.dest.dir}/java/modules/org-netbeans-modules-whitelist.jar:\&#xa;${netbeans.dest.dir}/ide/modules/org-netbeans-modules-editor-lib.jar:\&#xa;${netbeans.dest.dir}/ide/modules/org-netbeans-modules-project-libraries.jar:\&#xa;${netbeans.dest.dir}/java/modules/org-netbeans-modules-java-project-ui.jar:\&#xa;${netbeans.dest.dir}/ide/modules/org-netbeans-modules-editor-indent-support.jar:\&#xa;${netbeans.dest.dir}/platform/modules/org-netbeans-api-scripting.jar:\&#xa;${netbeans.dest.dir}/ide/modules/org-netbeans-modules-extexecution-base.jar:\&#xa;${netbeans.dest.dir}/platform/modules/org-netbeans-swing-tabcontrol.jar:\&#xa;${netbeans.dest.dir}/ide/modules/org-netbeans-modules-gsf-testrunner.jar:\&#xa;${netbeans.dest.dir}/ide/modules/org-netbeans-modules-parsing-lucene.jar:\&#xa;${netbeans.dest.dir}/java/modules/org-netbeans-modules-java-source-base.jar:\&#xa;${netbeans.dest.dir}/ide/modules/org-netbeans-api-lsp.jar:\&#xa;${netbeans.dest.dir}/platform/modules/org-netbeans-core-ui.jar:\&#xa;${netbeans.dest.dir}/ide/modules/org-netbeans-modules-editor-lib2.jar:\&#xa;${netbeans.dest.dir}/ide/modules/org-netbeans-modules-editor-bracesmatching.jar:\&#xa;${netbeans.dest.dir}/platform/core/core-base.jar:\&#xa;${netbeans.dest.dir}/platform/modules/org-netbeans-modules-javahelp.jar:\&#xa;${netbeans.dest.dir}/ide/modules/org-netbeans-modules-parsing-api.jar:\&#xa;${netbeans.dest.dir}/ide/modules/org-netbeans-api-debugger.jar:\&#xa;${netbeans.dest.dir}/java/modules/org-netbeans-modules-java-hints-declarative.jar:\&#xa;${netbeans.dest.dir}/java/modules/org-netbeans-modules-java-hints-test.jar:\&#xa;${netbeans.dest.dir}/java/modules/org-netbeans-modules-java-j2seplatform.jar:\&#xa;${test.dist.dir}/unit/java/org-netbeans-modules-java-source-base/tests.jar:\&#xa;${netbeans.dest.dir}/harness/modules/org-netbeans-modules-nbjunit.jar:\&#xa;${test.dist.dir}/unit/ide/org-netbeans-modules-parsing-api/tests.jar:\&#xa;${netbeans.dest.dir}/ide/modules/org-netbeans-modules-parsing-nb.jar:\&#xa;${test.dist.dir}/unit/ide/org-netbeans-modules-parsing-nb/tests.jar:\&#xa;${netbeans.dest.dir}/platform/modules/org-netbeans-modules-progress-ui.jar:\&#xa;${netbeans.dest.dir}/ide/modules/org-netbeans-modules-projectapi-nb.jar:\&#xa;${netbeans.dest.dir}/ide/modules/org-netbeans-modules-projectui.jar:\&#xa;${test.dist.dir}/unit/java/org-netbeans-spi-java-hints/tests.jar:\&#xa;${netbeans.dest.dir}/java/modules/org-netbeans-modules-java-hints.jar:\&#xa;${netbeans.dest.dir}/ide/modules/ext/lucene-core-3.6.2.jar:\&#xa;${netbeans.dest.dir}/platform/core/asm-9.6.jar:\&#xa;${netbeans.dest.dir}/platform/core/asm-tree-9.6.jar:\&#xa;${netbeans.dest.dir}/platform/core/asm-commons-9.6.jar:\&#xa;${netbeans.dest.dir}/ide/modules/org-netbeans-modules-editor-tools-storage.jar:\&#xa;${netbeans.dest.dir}/ide/modules/ext/resolver-1.2.jar:\&#xa;${netbeans.dest.dir}/platform/modules/ext/updater.jar:\&#xa;${netbeans.dest.dir}/java/modules/ext/corba/omgapi/glassfish-corba-omgapi.jar:\&#xa;${netbeans.dest.dir}/java/modules/org-netbeans-modules-java-hints-legacy-spi.jar:\&#xa;${netbeans.dest.dir}/java/modules/org-netbeans-modules-java-editor-lib.jar:\&#xa;${netbeans.dest.dir}/ide/modules/org-openidex-util.jar:\&#xa;${netbeans.dest.dir}/platform/modules/org-openide-options.jar" />
    <property name="db.dir" value="/Users/atalati/vscode-extension/main-repo/javavscode/netbeans/nbbuild/netbeans/ide" />
    <property name="ide/editor.fold.nbui.dir" value="/Users/atalati/vscode-extension/main-repo/javavscode/netbeans/nbbuild/netbeans/ide" />
    <property name="editor.macros.dir" value="/Users/atalati/vscode-extension/main-repo/javavscode/netbeans/nbbuild/netbeans/ide" />
    <property name="enterprise/websvc.owsm.dir" value="/Users/atalati/vscode-extension/main-repo/javavscode/netbeans/nbbuild/netbeans/enterprise" />
    <property name="websvccommon/websvc.saas.ui.dir" value="/Users/atalati/vscode-extension/main-repo/javavscode/netbeans/nbbuild/netbeans/websvccommon" />
    <property name="javaee.specs.support.dir" value="/Users/atalati/vscode-extension/main-repo/javavscode/netbeans/nbbuild/netbeans/enterprise" />
    <property name="test.unit.out.folder" value="/Users/atalati/vscode-extension/main-repo/javavscode/netbeans/nbbuild/build/testdist/unit/java/org-netbeans-modules-java-hints" />
    <property name="o.openidex.util.dir" value="/Users/atalati/vscode-extension/main-repo/javavscode/netbeans/nbbuild/netbeans/ide" />
    <property name="hudson.LANG" value="en_GB.UTF-8" />
    <property name="o.eclipse.mylyn.commons.core.dir" value="/Users/atalati/vscode-extension/main-repo/javavscode/netbeans/nbbuild/netbeans/ide" />
    <property name="java/gradle.test.dir" value="/Users/atalati/vscode-extension/main-repo/javavscode/netbeans/nbbuild/netbeans/java" />
    <property name="websvccommon/websvc.saas.kit.dir" value="/Users/atalati/vscode-extension/main-repo/javavscode/netbeans/nbbuild/netbeans/websvccommon" />
    <property name="enterprise/libs.jstl.dir" value="/Users/atalati/vscode-extension/main-repo/javavscode/netbeans/nbbuild/netbeans/enterprise" />
    <property name="dbapi.dir" value="/Users/atalati/vscode-extension/main-repo/javavscode/netbeans/nbbuild/netbeans/ide" />
    <property name="project.libraries.dir" value="/Users/atalati/vscode-extension/main-repo/javavscode/netbeans/nbbuild/netbeans/ide" />
    <property name="css.model.dir" value="/Users/atalati/vscode-extension/main-repo/javavscode/netbeans/nbbuild/netbeans/ide" />
    <property name="masterfs.linux.dir" value="/Users/atalati/vscode-extension/main-repo/javavscode/netbeans/nbbuild/netbeans/platform" />
    <property name="java.source.queries.dir" value="/Users/atalati/vscode-extension/main-repo/javavscode/netbeans/nbbuild/netbeans/java" />
    <property name="hudson.mercurial.dir" value="/Users/atalati/vscode-extension/main-repo/javavscode/netbeans/nbbuild/netbeans/ide" />
    <property name="xml.axi.dir" value="/Users/atalati/vscode-extension/main-repo/javavscode/netbeans/nbbuild/netbeans/ide" />
    <property name="java/java.module.graph.dir" value="/Users/atalati/vscode-extension/main-repo/javavscode/netbeans/nbbuild/netbeans/java" />
    <property name="ide/properties.dir" value="/Users/atalati/vscode-extension/main-repo/javavscode/netbeans/nbbuild/netbeans/ide" />
    <property name="module.processor.classpath" value="/Users/atalati/vscode-extension/main-repo/javavscode/netbeans/nbbuild/netbeans/platform/modules/org-netbeans-api-annotations-common.jar:/Users/atalati/vscode-extension/main-repo/javavscode/netbeans/nbbuild/netbeans/java/modules/org-netbeans-api-java.jar:/Users/atalati/vscode-extension/main-repo/javavscode/netbeans/nbbuild/netbeans/platform/modules/org-netbeans-api-annotations-common.jar:/Users/atalati/vscode-extension/main-repo/javavscode/netbeans/nbbuild/netbeans/ide/modules/org-netbeans-api-java-classpath.jar:/Users/atalati/vscode-extension/main-repo/javavscode/netbeans/nbbuild/netbeans/platform/core/org-openide-filesystems.jar:/Users/atalati/vscode-extension/main-repo/javavscode/netbeans/nbbuild/netbeans/platform/lib/org-openide-util.jar:/Users/atalati/vscode-extension/main-repo/javavscode/netbeans/nbbuild/netbeans/platform/lib/org-openide-util-lookup.jar:/Users/atalati/vscode-extension/main-repo/javavscode/netbeans/nbbuild/netbeans/platform/lib/org-openide-modules.jar:/Users/atalati/vscode-extension/main-repo/javavscode/netbeans/nbbuild/netbeans/platform/lib/org-openide-util-ui.jar:/Users/atalati/vscode-extension/main-repo/javavscode/netbeans/nbbuild/netbeans/ide/modules/org-netbeans-api-java-classpath.jar:/Users/atalati/vscode-extension/main-repo/javavscode/netbeans/nbbuild/netbeans/platform/modules/org-netbeans-api-annotations-common.jar:/Users/atalati/vscode-extension/main-repo/javavscode/netbeans/nbbuild/netbeans/platform/core/org-openide-filesystems.jar:/Users/atalati/vscode-extension/main-repo/javavscode/netbeans/nbbuild/netbeans/platform/lib/org-openide-util.jar:/Users/atalati/vscode-extension/main-repo/javavscode/netbeans/nbbuild/netbeans/platform/lib/org-openide-util-lookup.jar:/Users/atalati/vscode-extension/main-repo/javavscode/netbeans/nbbuild/netbeans/ide/modules/org-netbeans-api-lsp.jar:/Users/atalati/vscode-extension/main-repo/javavscode/netbeans/nbbuild/netbeans/platform/modules/org-netbeans-api-annotations-common.jar:/Users/atalati/vscode-extension/main-repo/javavscode/netbeans/nbbuild/netbeans/platform/modules/org-netbeans-modules-editor-mimelookup.jar:/Users/atalati/vscode-extension/main-repo/javavscode/netbeans/nbbuild/netbeans/platform/core/org-openide-filesystems.jar:/Users/atalati/vscode-extension/main-repo/javavscode/netbeans/nbbuild/netbeans/platform/lib/org-openide-util.jar:/Users/atalati/vscode-extension/main-repo/javavscode/netbeans/nbbuild/netbeans/platform/lib/org-openide-util-lookup.jar:/Users/atalati/vscode-extension/main-repo/javavscode/netbeans/nbbuild/netbeans/ide/modules/org-netbeans-modules-editor-util.jar:/Users/atalati/vscode-extension/main-repo/javavscode/netbeans/nbbuild/netbeans/platform/modules/org-netbeans-api-progress.jar:/Users/atalati/vscode-extension/main-repo/javavscode/netbeans/nbbuild/netbeans/platform/lib/org-openide-modules.jar:/Users/atalati/vscode-extension/main-repo/javavscode/netbeans/nbbuild/netbeans/platform/lib/org-openide-util-ui.jar:/Users/atalati/vscode-extension/main-repo/javavscode/netbeans/nbbuild/netbeans/platform/lib/org-openide-util.jar:/Users/atalati/vscode-extension/main-repo/javavscode/netbeans/nbbuild/netbeans/platform/lib/org-openide-util-lookup.jar:/Users/atalati/vscode-extension/main-repo/javavscode/netbeans/nbbuild/netbeans/platform/modules/org-netbeans-api-progress-nb.jar:/Users/atalati/vscode-extension/main-repo/javavscode/netbeans/nbbuild/netbeans/platform/lib/org-openide-util.jar:/Users/atalati/vscode-extension/main-repo/javavscode/netbeans/nbbuild/netbeans/platform/lib/org-openide-util-lookup.jar:/Users/atalati/vscode-extension/main-repo/javavscode/netbeans/nbbuild/netbeans/platform/modules/org-openide-awt.jar:/Users/atalati/vscode-extension/main-repo/javavscode/netbeans/nbbuild/netbeans/platform/modules/org-netbeans-api-annotations-common.jar:/Users/atalati/vscode-extension/main-repo/javavscode/netbeans/nbbuild/netbeans/platform/core/org-openide-filesystems.jar:/Users/atalati/vscode-extension/main-repo/javavscode/netbeans/nbbuild/netbeans/platform/lib/org-openide-util-ui.jar:/Users/atalati/vscode-extension/main-repo/javavscode/netbeans/nbbuild/netbeans/platform/modules/org-netbeans-api-progress.jar:/Users/atalati/vscode-extension/main-repo/javavscode/netbeans/nbbuild/netbeans/platform/lib/org-openide-modules.jar:/Users/atalati/vscode-extension/main-repo/javavscode/netbeans/nbbuild/netbeans/platform/modules/org-netbeans-api-templates.jar:/Users/atalati/vscode-extension/main-repo/javavscode/netbeans/nbbuild/netbeans/platform/modules/org-netbeans-api-annotations-common.jar:/Users/atalati/vscode-extension/main-repo/javavscode/netbeans/nbbuild/netbeans/platform/modules/org-netbeans-api-scripting.jar:/Users/atalati/vscode-extension/main-repo/javavscode/netbeans/nbbuild/netbeans/platform/lib/org-openide-util-lookup.jar:/Users/atalati/vscode-extension/main-repo/javavscode/netbeans/nbbuild/netbeans/platform/modules/org-netbeans-modules-queries.jar:/Users/atalati/vscode-extension/main-repo/javavscode/netbeans/nbbuild/netbeans/platform/core/org-openide-filesystems.jar:/Users/atalati/vscode-extension/main-repo/javavscode/netbeans/nbbuild/netbeans/platform/lib/org-openide-util.jar:/Users/atalati/vscode-extension/main-repo/javavscode/netbeans/nbbuild/netbeans/java/modules/org-netbeans-libs-javacapi.jar:/Users/atalati/vscode-extension/main-repo/javavscode/netbeans/java/libs.javacapi/external/nb-javac-jdk-22+33-api.jar:/Users/atalati/vscode-extension/main-repo/javavscode/netbeans/java/libs.javacapi/external/nb-javac-jdk-22+33.jar:/Users/atalati/vscode-extension/main-repo/javavscode/netbeans/java/libs.javacapi/external/nb-javac-jdk-22+33-api.jar:/Users/atalati/vscode-extension/main-repo/javavscode/netbeans/java/libs.javacapi/external/nb-javac-jdk-22+33.jar:/Users/atalati/vscode-extension/main-repo/javavscode/netbeans/nbbuild/netbeans/ide/modules/org-netbeans-libs-lucene.jar:/Users/atalati/vscode-extension/main-repo/javavscode/netbeans/ide/libs.lucene/external/lucene-core-3.6.2.jar:/Users/atalati/vscode-extension/main-repo/javavscode/netbeans/nbbuild/netbeans/ide/modules/ext/lucene-core-3.6.2.jar:/Users/atalati/vscode-extension/main-repo/javavscode/netbeans/ide/libs.lucene/external/lucene-core-3.6.2.jar:/Users/atalati/vscode-extension/main-repo/javavscode/netbeans/nbbuild/netbeans/ide/modules/ext/lucene-core-3.6.2.jar:/Users/atalati/vscode-extension/main-repo/javavscode/netbeans/nbbuild/netbeans/ide/modules/org-netbeans-modules-editor.jar:/Users/atalati/vscode-extension/main-repo/javavscode/netbeans/nbbuild/netbeans/ide/modules/org-netbeans-api-lsp.jar:/Users/atalati/vscode-extension/main-repo/javavscode/netbeans/nbbuild/netbeans/platform/modules/org-netbeans-api-annotations-common.jar:/Users/atalati/vscode-extension/main-repo/javavscode/netbeans/nbbuild/netbeans/platform/modules/org-netbeans-modules-editor-mimelookup.jar:/Users/atalati/vscode-extension/main-repo/javavscode/netbeans/nbbuild/netbeans/platform/core/org-openide-filesystems.jar:/Users/atalati/vscode-extension/main-repo/javavscode/netbeans/nbbuild/netbeans/platform/lib/org-openide-util.jar:/Users/atalati/vscode-extension/main-repo/javavscode/netbeans/nbbuild/netbeans/platform/lib/org-openide-util-lookup.jar:/Users/atalati/vscode-extension/main-repo/javavscode/netbeans/nbbuild/netbeans/ide/modules/org-netbeans-modules-editor-util.jar:/Users/atalati/vscode-extension/main-repo/javavscode/netbeans/nbbuild/netbeans/platform/modules/org-netbeans-api-progress.jar:/Users/atalati/vscode-extension/main-repo/javavscode/netbeans/nbbuild/netbeans/platform/lib/org-openide-modules.jar:/Users/atalati/vscode-extension/main-repo/javavscode/netbeans/nbbuild/netbeans/platform/lib/org-openide-util-ui.jar:/Users/atalati/vscode-extension/main-repo/javavscode/netbeans/nbbuild/netbeans/platform/modules/org-netbeans-api-progress-nb.jar:/Users/atalati/vscode-extension/main-repo/javavscode/netbeans/nbbuild/netbeans/platform/modules/org-openide-awt.jar:/Users/atalati/vscode-extension/main-repo/javavscode/netbeans/nbbuild/netbeans/ide/modules/org-netbeans-modules-editor-document.jar:/Users/atalati/vscode-extension/main-repo/javavscode/netbeans/nbbuild/netbeans/ide/modules/org-netbeans-modules-editor-fold.jar:/Users/atalati/vscode-extension/main-repo/javavscode/netbeans/nbbuild/netbeans/ide/modules/org-netbeans-modules-editor-settings.jar:/Users/atalati/vscode-extension/main-repo/javavscode/netbeans/nbbuild/netbeans/ide/modules/org-netbeans-modules-lexer.jar:/Users/atalati/vscode-extension/main-repo/javavscode/netbeans/nbbuild/netbeans/ide/modules/org-netbeans-modules-editor-settings-lib.jar:/Users/atalati/vscode-extension/main-repo/javavscode/netbeans/nbbuild/netbeans/ide/modules/org-netbeans-modules-editor-guards.jar:/Users/atalati/vscode-extension/main-repo/javavscode/netbeans/nbbuild/netbeans/ide/modules/org-netbeans-modules-editor-indent.jar:/Users/atalati/vscode-extension/main-repo/javavscode/netbeans/nbbuild/netbeans/ide/modules/org-netbeans-modules-editor-lib.jar:/Users/atalati/vscode-extension/main-repo/javavscode/netbeans/nbbuild/netbeans/ide/modules/org-netbeans-modules-editor-lib2.jar:/Users/atalati/vscode-extension/main-repo/javavscode/netbeans/nbbuild/netbeans/platform/modules/org-openide-dialogs.jar:/Users/atalati/vscode-extension/main-repo/javavscode/netbeans/nbbuild/netbeans/platform/modules/org-openide-actions.jar:/Users/atalati/vscode-extension/main-repo/javavscode/netbeans/nbbuild/netbeans/platform/modules/org-openide-explorer.jar:/Users/atalati/vscode-extension/main-repo/javavscode/netbeans/nbbuild/netbeans/platform/modules/org-netbeans-swing-outline.jar:/Users/atalati/vscode-extension/main-repo/javavscode/netbeans/nbbuild/netbeans/platform/modules/org-netbeans-swing-tabcontrol.jar:/Users/atalati/vscode-extension/main-repo/javavscode/netbeans/nbbuild/netbeans/platform/modules/org-openide-windows.jar:/Users/atalati/vscode-extension/main-repo/javavscode/netbeans/nbbuild/netbeans/platform/modules/org-openide-nodes.jar:/Users/atalati/vscode-extension/main-repo/javavscode/netbeans/nbbuild/netbeans/platform/modules/org-openide-text.jar:/Users/atalati/vscode-extension/main-repo/javavscode/netbeans/nbbuild/netbeans/platform/modules/org-openide-filesystems-nb.jar:/Users/atalati/vscode-extension/main-repo/javavscode/netbeans/nbbuild/netbeans/platform/modules/org-openide-loaders.jar:/Users/atalati/vscode-extension/main-repo/javavscode/netbeans/nbbuild/netbeans/platform/modules/org-netbeans-api-scripting.jar:/Users/atalati/vscode-extension/main-repo/javavscode/netbeans/nbbuild/netbeans/platform/modules/org-netbeans-api-templates.jar:/Users/atalati/vscode-extension/main-repo/javavscode/netbeans/nbbuild/netbeans/platform/modules/org-netbeans-modules-queries.jar:/Users/atalati/vscode-extension/main-repo/javavscode/netbeans/nbbuild/netbeans/ide/modules/org-netbeans-modules-editor-document.jar:/Users/atalati/vscode-extension/main-repo/javavscode/netbeans/nbbuild/netbeans/platform/modules/org-netbeans-api-annotations-common.jar:/Users/atalati/vscode-extension/main-repo/javavscode/netbeans/nbbuild/netbeans/platform/modules/org-netbeans-modules-editor-mimelookup.jar:/Users/atalati/vscode-extension/main-repo/javavscode/netbeans/nbbuild/netbeans/platform/core/org-openide-filesystems.jar:/Users/atalati/vscode-extension/main-repo/javavscode/netbeans/nbbuild/netbeans/platform/lib/org-openide-util.jar:/Users/atalati/vscode-extension/main-repo/javavscode/netbeans/nbbuild/netbeans/platform/lib/org-openide-util-lookup.jar:/Users/atalati/vscode-extension/main-repo/javavscode/netbeans/nbbuild/netbeans/ide/modules/org-netbeans-modules-editor-util.jar:/Users/atalati/vscode-extension/main-repo/javavscode/netbeans/nbbuild/netbeans/ide/modules/org-netbeans-modules-editor-errorstripe-api.jar:/Users/atalati/vscode-extension/main-repo/javavscode/netbeans/nbbuild/netbeans/platform/modules/org-netbeans-modules-editor-mimelookup.jar:/Users/atalati/vscode-extension/main-repo/javavscode/netbeans/nbbuild/netbeans/platform/core/org-openide-filesystems.jar:/Users/atalati/vscode-extension/main-repo/javavscode/netbeans/nbbuild/netbeans/platform/lib/org-openide-util.jar:/Users/atalati/vscode-extension/main-repo/javavscode/netbeans/nbbuild/netbeans/platform/lib/org-openide-util-lookup.jar:/Users/atalati/vscode-extension/main-repo/javavscode/netbeans/nbbuild/netbeans/ide/modules/org-netbeans-modules-editor-lib.jar:/Users/atalati/vscode-extension/main-repo/javavscode/netbeans/nbbuild/netbeans/platform/modules/org-netbeans-api-annotations-common.jar:/Users/atalati/vscode-extension/main-repo/javavscode/netbeans/nbbuild/netbeans/platform/modules/org-netbeans-api-progress.jar:/Users/atalati/vscode-extension/main-repo/javavscode/netbeans/nbbuild/netbeans/platform/lib/org-openide-modules.jar:/Users/atalati/vscode-extension/main-repo/javavscode/netbeans/nbbuild/netbeans/platform/lib/org-openide-util-ui.jar:/Users/atalati/vscode-extension/main-repo/javavscode/netbeans/nbbuild/netbeans/platform/lib/org-openide-util.jar:/Users/atalati/vscode-extension/main-repo/javavscode/netbeans/nbbuild/netbeans/platform/lib/org-openide-util-lookup.jar:/Users/atalati/vscode-extension/main-repo/javavscode/netbeans/nbbuild/netbeans/platform/modules/org-netbeans-api-progress-nb.jar:/Users/atalati/vscode-extension/main-repo/javavscode/netbeans/nbbuild/netbeans/platform/modules/org-openide-awt.jar:/Users/atalati/vscode-extension/main-repo/javavscode/netbeans/nbbuild/netbeans/platform/core/org-openide-filesystems.jar:/Users/atalati/vscode-extension/main-repo/javavscode/netbeans/nbbuild/netbeans/ide/modules/org-netbeans-modules-editor-document.jar:/Users/atalati/vscode-extension/main-repo/javavscode/netbeans/nbbuild/netbeans/platform/modules/org-netbeans-modules-editor-mimelookup.jar:/Users/atalati/vscode-extension/main-repo/javavscode/netbeans/nbbuild/netbeans/ide/modules/org-netbeans-modules-editor-util.jar:/Users/atalati/vscode-extension/main-repo/javavscode/netbeans/nbbuild/netbeans/ide/modules/org-netbeans-modules-editor-fold.jar:/Users/atalati/vscode-extension/main-repo/javavscode/netbeans/nbbuild/netbeans/ide/modules/org-netbeans-modules-editor-settings.jar:/Users/atalati/vscode-extension/main-repo/javavscode/netbeans/nbbuild/netbeans/ide/modules/org-netbeans-modules-lexer.jar:/Users/atalati/vscode-extension/main-repo/javavscode/netbeans/nbbuild/netbeans/ide/modules/org-netbeans-modules-editor-settings-lib.jar:/Users/atalati/vscode-extension/main-repo/javavscode/netbeans/nbbuild/netbeans/ide/modules/org-netbeans-modules-editor-guards.jar:/Users/atalati/vscode-extension/main-repo/javavscode/netbeans/nbbuild/netbeans/ide/modules/org-netbeans-modules-editor-indent.jar:/Users/atalati/vscode-extension/main-repo/javavscode/netbeans/nbbuild/netbeans/ide/modules/org-netbeans-modules-editor-lib2.jar:/Users/atalati/vscode-extension/main-repo/javavscode/netbeans/nbbuild/netbeans/platform/modules/org-openide-dialogs.jar:/Users/atalati/vscode-extension/main-repo/javavscode/netbeans/nbbuild/netbeans/ide/modules/org-netbeans-modules-editor-lib2.jar:/Users/atalati/vscode-extension/main-repo/javavscode/netbeans/nbbuild/netbeans/platform/modules/org-netbeans-api-annotations-common.jar:/Users/atalati/vscode-extension/main-repo/javavscode/netbeans/nbbuild/netbeans/ide/modules/org-netbeans-modules-editor-document.jar:/Users/atalati/vscode-extension/main-repo/javavscode/netbeans/nbbuild/netbeans/platform/modules/org-netbeans-modules-editor-mimelookup.jar:/Users/atalati/vscode-extension/main-repo/javavscode/netbeans/nbbuild/netbeans/platform/core/org-openide-filesystems.jar:/Users/atalati/vscode-extension/main-repo/javavscode/netbeans/nbbuild/netbeans/platform/lib/org-openide-util.jar:/Users/atalati/vscode-extension/main-repo/javavscode/netbeans/nbbuild/netbeans/platform/lib/org-openide-util-lookup.jar:/Users/atalati/vscode-extension/main-repo/javavscode/netbeans/nbbuild/netbeans/ide/modules/org-netbeans-modules-editor-util.jar:/Users/atalati/vscode-extension/main-repo/javavscode/netbeans/nbbuild/netbeans/ide/modules/org-netbeans-modules-editor-settings.jar:/Users/atalati/vscode-extension/main-repo/javavscode/netbeans/nbbuild/netbeans/platform/lib/org-openide-modules.jar:/Users/atalati/vscode-extension/main-repo/javavscode/netbeans/nbbuild/netbeans/platform/lib/org-openide-util-ui.jar:/Users/atalati/vscode-extension/main-repo/javavscode/netbeans/nbbuild/netbeans/ide/modules/org-netbeans-modules-lexer.jar:/Users/atalati/vscode-extension/main-repo/javavscode/netbeans/nbbuild/netbeans/platform/modules/org-openide-awt.jar:/Users/atalati/vscode-extension/main-repo/javavscode/netbeans/nbbuild/netbeans/platform/modules/org-openide-dialogs.jar:/Users/atalati/vscode-extension/main-repo/javavscode/netbeans/nbbuild/netbeans/platform/modules/org-netbeans-api-progress.jar:/Users/atalati/vscode-extension/main-repo/javavscode/netbeans/nbbuild/netbeans/platform/modules/org-netbeans-api-progress-nb.jar:/Users/atalati/vscode-extension/main-repo/javavscode/netbeans/nbbuild/netbeans/platform/modules/org-netbeans-modules-editor-mimelookup.jar:/Users/atalati/vscode-extension/main-repo/javavscode/netbeans/nbbuild/netbeans/platform/core/org-openide-filesystems.jar:/Users/atalati/vscode-extension/main-repo/javavscode/netbeans/nbbuild/netbeans/platform/lib/org-openide-util.jar:/Users/atalati/vscode-extension/main-repo/javavscode/netbeans/nbbuild/netbeans/platform/lib/org-openide-util-lookup.jar:/Users/atalati/vscode-extension/main-repo/javavscode/netbeans/nbbuild/netbeans/ide/modules/org-netbeans-modules-editor-settings.jar:/Users/atalati/vscode-extension/main-repo/javavscode/netbeans/nbbuild/netbeans/platform/lib/org-openide-modules.jar:/Users/atalati/vscode-extension/main-repo/javavscode/netbeans/nbbuild/netbeans/platform/lib/org-openide-util-ui.jar:/Users/atalati/vscode-extension/main-repo/javavscode/netbeans/nbbuild/netbeans/platform/lib/org-openide-util.jar:/Users/atalati/vscode-extension/main-repo/javavscode/netbeans/nbbuild/netbeans/platform/lib/org-openide-util-lookup.jar:/Users/atalati/vscode-extension/main-repo/javavscode/netbeans/nbbuild/netbeans/ide/modules/org-netbeans-modules-editor-tools-storage.jar:/Users/atalati/vscode-extension/main-repo/javavscode/netbeans/nbbuild/netbeans/platform/modules/org-netbeans-api-annotations-common.jar:/Users/atalati/vscode-extension/main-repo/javavscode/netbeans/nbbuild/netbeans/ide/modules/org-netbeans-modules-editor-lib.jar:/Users/atalati/vscode-extension/main-repo/javavscode/netbeans/nbbuild/netbeans/platform/modules/org-netbeans-api-progress.jar:/Users/atalati/vscode-extension/main-repo/javavscode/netbeans/nbbuild/netbeans/platform/lib/org-openide-modules.jar:/Users/atalati/vscode-extension/main-repo/javavscode/netbeans/nbbuild/netbeans/platform/lib/org-openide-util-ui.jar:/Users/atalati/vscode-extension/main-repo/javavscode/netbeans/nbbuild/netbeans/platform/lib/org-openide-util.jar:/Users/atalati/vscode-extension/main-repo/javavscode/netbeans/nbbuild/netbeans/platform/lib/org-openide-util-lookup.jar:/Users/atalati/vscode-extension/main-repo/javavscode/netbeans/nbbuild/netbeans/platform/modules/org-netbeans-api-progress-nb.jar:/Users/atalati/vscode-extension/main-repo/javavscode/netbeans/nbbuild/netbeans/platform/modules/org-openide-awt.jar:/Users/atalati/vscode-extension/main-repo/javavscode/netbeans/nbbuild/netbeans/platform/core/org-openide-filesystems.jar:/Users/atalati/vscode-extension/main-repo/javavscode/netbeans/nbbuild/netbeans/ide/modules/org-netbeans-modules-editor-document.jar:/Users/atalati/vscode-extension/main-repo/javavscode/netbeans/nbbuild/netbeans/platform/modules/org-netbeans-modules-editor-mimelookup.jar:/Users/atalati/vscode-extension/main-repo/javavscode/netbeans/nbbuild/netbeans/ide/modules/org-netbeans-modules-editor-util.jar:/Users/atalati/vscode-extension/main-repo/javavscode/netbeans/nbbuild/netbeans/ide/modules/org-netbeans-modules-editor-fold.jar:/Users/atalati/vscode-extension/main-repo/javavscode/netbeans/nbbuild/netbeans/ide/modules/org-netbeans-modules-editor-settings.jar:/Users/atalati/vscode-extension/main-repo/javavscode/netbeans/nbbuild/netbeans/ide/modules/org-netbeans-modules-lexer.jar:/Users/atalati/vscode-extension/main-repo/javavscode/netbeans/nbbuild/netbeans/ide/modules/org-netbeans-modules-editor-settings-lib.jar:/Users/atalati/vscode-extension/main-repo/javavscode/netbeans/nbbuild/netbeans/ide/modules/org-netbeans-modules-editor-guards.jar:/Users/atalati/vscode-extension/main-repo/javavscode/netbeans/nbbuild/netbeans/ide/modules/org-netbeans-modules-editor-indent.jar:/Users/atalati/vscode-extension/main-repo/javavscode/netbeans/nbbuild/netbeans/ide/modules/org-netbeans-modules-editor-lib2.jar:/Users/atalati/vscode-extension/main-repo/javavscode/netbeans/nbbuild/netbeans/platform/modules/org-openide-dialogs.jar:/Users/atalati/vscode-extension/main-repo/javavscode/netbeans/nbbuild/netbeans/platform/modules/org-netbeans-modules-options-api.jar:/Users/atalati/vscode-extension/main-repo/javavscode/netbeans/nbbuild/netbeans/platform/modules/org-netbeans-core.jar:/Users/atalati/vscode-extension/main-repo/javavscode/netbeans/nbbuild/netbeans/platform/lib/boot.jar:/Users/atalati/vscode-extension/main-repo/javavscode/netbeans/nbbuild/netbeans/platform/core/core.jar:/Users/atalati/vscode-extension/main-repo/javavscode/netbeans/nbbuild/netbeans/platform/core/org-netbeans-libs-asm.jar:/Users/atalati/vscode-extension/main-repo/javavscode/netbeans/platform/libs.asm/external/asm-9.6.jar:/Users/atalati/vscode-extension/main-repo/javavscode/netbeans/nbbuild/netbeans/platform/core/asm-9.6.jar:/Users/atalati/vscode-extension/main-repo/javavscode/netbeans/platform/libs.asm/external/asm-tree-9.6.jar:/Users/atalati/vscode-extension/main-repo/javavscode/netbeans/nbbuild/netbeans/platform/core/asm-tree-9.6.jar:/Users/atalati/vscode-extension/main-repo/javavscode/netbeans/platform/libs.asm/external/asm-commons-9.6.jar:/Users/atalati/vscode-extension/main-repo/javavscode/netbeans/nbbuild/netbeans/platform/core/asm-commons-9.6.jar:/Users/atalati/vscode-extension/main-repo/javavscode/netbeans/nbbuild/netbeans/platform/core/core-base.jar:/Users/atalati/vscode-extension/main-repo/javavscode/netbeans/nbbuild/netbeans/platform/modules/org-netbeans-modules-keyring.jar:/Users/atalati/vscode-extension/main-repo/javavscode/netbeans/nbbuild/netbeans/platform/modules/org-netbeans-modules-sampler.jar:/Users/atalati/vscode-extension/main-repo/javavscode/netbeans/nbbuild/netbeans/platform/modules/org-netbeans-swing-plaf.jar:/Users/atalati/vscode-extension/main-repo/javavscode/netbeans/nbbuild/netbeans/platform/modules/org-openide-actions.jar:/Users/atalati/vscode-extension/main-repo/javavscode/netbeans/nbbuild/netbeans/platform/modules/org-openide-explorer.jar:/Users/atalati/vscode-extension/main-repo/javavscode/netbeans/nbbuild/netbeans/platform/modules/org-netbeans-swing-outline.jar:/Users/atalati/vscode-extension/main-repo/javavscode/netbeans/nbbuild/netbeans/platform/modules/org-netbeans-swing-tabcontrol.jar:/Users/atalati/vscode-extension/main-repo/javavscode/netbeans/nbbuild/netbeans/platform/modules/org-openide-windows.jar:/Users/atalati/vscode-extension/main-repo/javavscode/netbeans/nbbuild/netbeans/platform/modules/org-openide-nodes.jar:/Users/atalati/vscode-extension/main-repo/javavscode/netbeans/nbbuild/netbeans/platform/modules/org-openide-text.jar:/Users/atalati/vscode-extension/main-repo/javavscode/netbeans/nbbuild/netbeans/platform/modules/org-openide-io.jar:/Users/atalati/vscode-extension/main-repo/javavscode/netbeans/nbbuild/netbeans/platform/modules/org-netbeans-api-intent.jar:/Users/atalati/vscode-extension/main-repo/javavscode/netbeans/nbbuild/netbeans/platform/modules/org-netbeans-api-io.jar:/Users/atalati/vscode-extension/main-repo/javavscode/netbeans/nbbuild/netbeans/platform/modules/org-openide-loaders.jar:/Users/atalati/vscode-extension/main-repo/javavscode/netbeans/nbbuild/netbeans/platform/modules/org-netbeans-api-scripting.jar:/Users/atalati/vscode-extension/main-repo/javavscode/netbeans/nbbuild/netbeans/platform/modules/org-netbeans-api-templates.jar:/Users/atalati/vscode-extension/main-repo/javavscode/netbeans/nbbuild/netbeans/platform/modules/org-netbeans-modules-queries.jar:/Users/atalati/vscode-extension/main-repo/javavscode/netbeans/nbbuild/netbeans/platform/modules/org-openide-filesystems-nb.jar:/Users/atalati/vscode-extension/main-repo/javavscode/netbeans/nbbuild/netbeans/platform/modules/org-netbeans-spi-quicksearch.jar:/Users/atalati/vscode-extension/main-repo/javavscode/netbeans/nbbuild/netbeans/ide/modules/org-netbeans-modules-projectapi.jar:/Users/atalati/vscode-extension/main-repo/javavscode/netbeans/nbbuild/netbeans/ide/modules/org-netbeans-modules-projectuiapi.jar:/Users/atalati/vscode-extension/main-repo/javavscode/netbeans/nbbuild/netbeans/ide/modules/org-netbeans-modules-projectuiapi-base.jar:/Users/atalati/vscode-extension/main-repo/javavscode/netbeans/nbbuild/netbeans/ide/modules/org-netbeans-modules-editor-util.jar:/Users/atalati/vscode-extension/main-repo/javavscode/netbeans/nbbuild/netbeans/platform/lib/org-openide-util.jar:/Users/atalati/vscode-extension/main-repo/javavscode/netbeans/nbbuild/netbeans/platform/lib/org-openide-util-lookup.jar:/Users/atalati/vscode-extension/main-repo/javavscode/netbeans/nbbuild/netbeans/java/modules/org-netbeans-modules-java-completion.jar:/Users/atalati/vscode-extension/main-repo/javavscode/netbeans/nbbuild/netbeans/platform/modules/org-netbeans-api-annotations-common.jar:/Users/atalati/vscode-extension/main-repo/javavscode/netbeans/nbbuild/netbeans/ide/modules/org-netbeans-api-java-classpath.jar:/Users/atalati/vscode-extension/main-repo/javavscode/netbeans/nbbuild/netbeans/platform/core/org-openide-filesystems.jar:/Users/atalati/vscode-extension/main-repo/javavscode/netbeans/nbbuild/netbeans/platform/lib/org-openide-util.jar:/Users/atalati/vscode-extension/main-repo/javavscode/netbeans/nbbuild/netbeans/platform/lib/org-openide-util-lookup.jar:/Users/atalati/vscode-extension/main-repo/javavscode/netbeans/nbbuild/netbeans/java/modules/org-netbeans-libs-javacapi.jar:/Users/atalati/vscode-extension/main-repo/javavscode/netbeans/java/libs.javacapi/external/nb-javac-jdk-22+33-api.jar:/Users/atalati/vscode-extension/main-repo/javavscode/netbeans/java/libs.javacapi/external/nb-javac-jdk-22+33.jar:/Users/atalati/vscode-extension/main-repo/javavscode/netbeans/nbbuild/netbeans/platform/modules/org-netbeans-modules-editor-mimelookup.jar:/Users/atalati/vscode-extension/main-repo/javavscode/netbeans/nbbuild/netbeans/java/modules/org-netbeans-modules-java-lexer.jar:/Users/atalati/vscode-extension/main-repo/javavscode/netbeans/nbbuild/netbeans/ide/modules/org-netbeans-modules-lexer.jar:/Users/atalati/vscode-extension/main-repo/javavscode/netbeans/nbbuild/netbeans/ide/modules/org-netbeans-modules-editor-util.jar:/Users/atalati/vscode-extension/main-repo/javavscode/netbeans/nbbuild/netbeans/platform/lib/org-openide-util-ui.jar:/Users/atalati/vscode-extension/main-repo/javavscode/netbeans/nbbuild/netbeans/java/modules/org-netbeans-modules-java-source-base.jar:/Users/atalati/vscode-extension/main-repo/javavscode/netbeans/nbbuild/netbeans/java/modules/org-netbeans-api-java.jar:/Users/atalati/vscode-extension/main-repo/javavscode/netbeans/nbbuild/netbeans/platform/lib/org-openide-modules.jar:/Users/atalati/vscode-extension/main-repo/javavscode/netbeans/nbbuild/netbeans/platform/modules/org-netbeans-api-progress.jar:/Users/atalati/vscode-extension/main-repo/javavscode/netbeans/nbbuild/netbeans/platform/modules/org-netbeans-api-scripting.jar:/Users/atalati/vscode-extension/main-repo/javavscode/netbeans/nbbuild/netbeans/java/modules/org-netbeans-lib-nbjavac.jar:/Users/atalati/vscode-extension/main-repo/javavscode/netbeans/nbbuild/netbeans/platform/core/org-netbeans-libs-asm.jar:/Users/atalati/vscode-extension/main-repo/javavscode/netbeans/platform/libs.asm/external/asm-9.6.jar:/Users/atalati/vscode-extension/main-repo/javavscode/netbeans/nbbuild/netbeans/platform/core/asm-9.6.jar:/Users/atalati/vscode-extension/main-repo/javavscode/netbeans/platform/libs.asm/external/asm-tree-9.6.jar:/Users/atalati/vscode-extension/main-repo/javavscode/netbeans/nbbuild/netbeans/platform/core/asm-tree-9.6.jar:/Users/atalati/vscode-extension/main-repo/javavscode/netbeans/platform/libs.asm/external/asm-commons-9.6.jar:/Users/atalati/vscode-extension/main-repo/javavscode/netbeans/nbbuild/netbeans/platform/core/asm-commons-9.6.jar:/Users/atalati/vscode-extension/main-repo/javavscode/netbeans/nbbuild/netbeans/ide/modules/org-netbeans-libs-lucene.jar:/Users/atalati/vscode-extension/main-repo/javavscode/netbeans/ide/libs.lucene/external/lucene-core-3.6.2.jar:/Users/atalati/vscode-extension/main-repo/javavscode/netbeans/nbbuild/netbeans/ide/modules/ext/lucene-core-3.6.2.jar:/Users/atalati/vscode-extension/main-repo/javavscode/netbeans/nbbuild/netbeans/java/modules/org-netbeans-modules-classfile.jar:/Users/atalati/vscode-extension/main-repo/javavscode/netbeans/nbbuild/netbeans/ide/modules/org-netbeans-modules-editor-document.jar:/Users/atalati/vscode-extension/main-repo/javavscode/netbeans/nbbuild/netbeans/ide/modules/org-netbeans-modules-editor-guards.jar:/Users/atalati/vscode-extension/main-repo/javavscode/netbeans/nbbuild/netbeans/ide/modules/org-netbeans-modules-editor-indent.jar:/Users/atalati/vscode-extension/main-repo/javavscode/netbeans/nbbuild/netbeans/ide/modules/org-netbeans-modules-editor-settings.jar:/Users/atalati/vscode-extension/main-repo/javavscode/netbeans/nbbuild/netbeans/java/modules/org-netbeans-modules-java-platform.jar:/Users/atalati/vscode-extension/main-repo/javavscode/netbeans/nbbuild/netbeans/java/modules/org-netbeans-modules-java-preprocessorbridge.jar:/Users/atalati/vscode-extension/main-repo/javavscode/netbeans/nbbuild/netbeans/ide/modules/org-netbeans-modules-parsing-api.jar:/Users/atalati/vscode-extension/main-repo/javavscode/netbeans/nbbuild/netbeans/ide/modules/org-netbeans-modules-parsing-lucene.jar:/Users/atalati/vscode-extension/main-repo/javavscode/netbeans/nbbuild/netbeans/platform/modules/org-netbeans-modules-masterfs.jar:/Users/atalati/vscode-extension/main-repo/javavscode/netbeans/nbbuild/netbeans/platform/modules/org-netbeans-modules-queries.jar:/Users/atalati/vscode-extension/main-repo/javavscode/netbeans/nbbuild/netbeans/ide/modules/org-netbeans-modules-projectapi.jar:/Users/atalati/vscode-extension/main-repo/javavscode/netbeans/nbbuild/netbeans/ide/modules/org-netbeans-modules-parsing-indexing.jar:/Users/atalati/vscode-extension/main-repo/javavscode/netbeans/nbbuild/netbeans/ide/modules/org-netbeans-modules-project-indexingbridge.jar:/Users/atalati/vscode-extension/main-repo/javavscode/netbeans/nbbuild/netbeans/ide/modules/org-netbeans-modules-projectuiapi-base.jar:/Users/atalati/vscode-extension/main-repo/javavscode/netbeans/nbbuild/netbeans/platform/modules/org-openide-explorer.jar:/Users/atalati/vscode-extension/main-repo/javavscode/netbeans/nbbuild/netbeans/platform/modules/org-netbeans-swing-outline.jar:/Users/atalati/vscode-extension/main-repo/javavscode/netbeans/nbbuild/netbeans/platform/modules/org-netbeans-swing-tabcontrol.jar:/Users/atalati/vscode-extension/main-repo/javavscode/netbeans/nbbuild/netbeans/platform/modules/org-openide-awt.jar:/Users/atalati/vscode-extension/main-repo/javavscode/netbeans/nbbuild/netbeans/platform/modules/org-openide-windows.jar:/Users/atalati/vscode-extension/main-repo/javavscode/netbeans/nbbuild/netbeans/platform/modules/org-openide-nodes.jar:/Users/atalati/vscode-extension/main-repo/javavscode/netbeans/nbbuild/netbeans/platform/modules/org-openide-dialogs.jar:/Users/atalati/vscode-extension/main-repo/javavscode/netbeans/nbbuild/netbeans/platform/modules/org-netbeans-api-progress-nb.jar:/Users/atalati/vscode-extension/main-repo/javavscode/netbeans/nbbuild/netbeans/ide/modules/org-netbeans-spi-tasklist.jar:/Users/atalati/vscode-extension/main-repo/javavscode/netbeans/nbbuild/netbeans/ide/modules/org-netbeans-modules-refactoring-api.jar:/Users/atalati/vscode-extension/main-repo/javavscode/netbeans/nbbuild/netbeans/ide/modules/org-netbeans-modules-diff.jar:/Users/atalati/vscode-extension/main-repo/javavscode/netbeans/nbbuild/netbeans/ide/modules/org-netbeans-modules-editor-errorstripe.jar:/Users/atalati/vscode-extension/main-repo/javavscode/netbeans/nbbuild/netbeans/ide/modules/org-netbeans-modules-editor-errorstripe-api.jar:/Users/atalati/vscode-extension/main-repo/javavscode/netbeans/nbbuild/netbeans/ide/modules/org-netbeans-modules-editor-fold.jar:/Users/atalati/vscode-extension/main-repo/javavscode/netbeans/nbbuild/netbeans/ide/modules/org-netbeans-modules-editor-settings-lib.jar:/Users/atalati/vscode-extension/main-repo/javavscode/netbeans/nbbuild/netbeans/ide/modules/org-netbeans-modules-editor-lib.jar:/Users/atalati/vscode-extension/main-repo/javavscode/netbeans/nbbuild/netbeans/ide/modules/org-netbeans-modules-editor-lib2.jar:/Users/atalati/vscode-extension/main-repo/javavscode/netbeans/nbbuild/netbeans/platform/modules/org-openide-loaders.jar:/Users/atalati/vscode-extension/main-repo/javavscode/netbeans/nbbuild/netbeans/platform/modules/org-netbeans-api-templates.jar:/Users/atalati/vscode-extension/main-repo/javavscode/netbeans/nbbuild/netbeans/platform/modules/org-openide-actions.jar:/Users/atalati/vscode-extension/main-repo/javavscode/netbeans/nbbuild/netbeans/platform/modules/org-openide-text.jar:/Users/atalati/vscode-extension/main-repo/javavscode/netbeans/nbbuild/netbeans/platform/modules/org-openide-filesystems-nb.jar:/Users/atalati/vscode-extension/main-repo/javavscode/netbeans/nbbuild/netbeans/platform/modules/org-netbeans-modules-options-api.jar:/Users/atalati/vscode-extension/main-repo/javavscode/netbeans/nbbuild/netbeans/platform/modules/org-netbeans-core.jar:/Users/atalati/vscode-extension/main-repo/javavscode/netbeans/nbbuild/netbeans/platform/lib/boot.jar:/Users/atalati/vscode-extension/main-repo/javavscode/netbeans/nbbuild/netbeans/platform/core/core.jar:/Users/atalati/vscode-extension/main-repo/javavscode/netbeans/nbbuild/netbeans/platform/core/core-base.jar:/Users/atalati/vscode-extension/main-repo/javavscode/netbeans/nbbuild/netbeans/platform/modules/org-netbeans-modules-keyring.jar:/Users/atalati/vscode-extension/main-repo/javavscode/netbeans/nbbuild/netbeans/platform/modules/org-netbeans-modules-sampler.jar:/Users/atalati/vscode-extension/main-repo/javavscode/netbeans/nbbuild/netbeans/platform/modules/org-netbeans-swing-plaf.jar:/Users/atalati/vscode-extension/main-repo/javavscode/netbeans/nbbuild/netbeans/platform/modules/org-openide-io.jar:/Users/atalati/vscode-extension/main-repo/javavscode/netbeans/nbbuild/netbeans/platform/modules/org-netbeans-api-intent.jar:/Users/atalati/vscode-extension/main-repo/javavscode/netbeans/nbbuild/netbeans/platform/modules/org-netbeans-api-io.jar:/Users/atalati/vscode-extension/main-repo/javavscode/netbeans/nbbuild/netbeans/platform/modules/org-netbeans-spi-quicksearch.jar:/Users/atalati/vscode-extension/main-repo/javavscode/netbeans/nbbuild/netbeans/ide/modules/org-netbeans-modules-options-editor.jar:/Users/atalati/vscode-extension/main-repo/javavscode/netbeans/nbbuild/netbeans/ide/modules/org-netbeans-modules-editor.jar:/Users/atalati/vscode-extension/main-repo/javavscode/netbeans/nbbuild/netbeans/ide/modules/org-netbeans-api-lsp.jar:/Users/atalati/vscode-extension/main-repo/javavscode/netbeans/nbbuild/netbeans/ide/modules/org-netbeans-modules-editor-settings-storage.jar:/Users/atalati/vscode-extension/main-repo/javavscode/netbeans/nbbuild/netbeans/platform/modules/org-netbeans-modules-options-keymap.jar:/Users/atalati/vscode-extension/main-repo/javavscode/netbeans/nbbuild/netbeans/java/modules/org-netbeans-modules-java-editor.jar:/Users/atalati/vscode-extension/main-repo/javavscode/netbeans/nbbuild/netbeans/platform/modules/org-netbeans-api-annotations-common.jar:/Users/atalati/vscode-extension/main-repo/javavscode/netbeans/nbbuild/netbeans/java/modules/org-netbeans-api-java.jar:/Users/atalati/vscode-extension/main-repo/javavscode/netbeans/nbbuild/netbeans/ide/modules/org-netbeans-api-java-classpath.jar:/Users/atalati/vscode-extension/main-repo/javavscode/netbeans/nbbuild/netbeans/platform/core/org-openide-filesystems.jar:/Users/atalati/vscode-extension/main-repo/javavscode/netbeans/nbbuild/netbeans/platform/lib/org-openide-util.jar:/Users/atalati/vscode-extension/main-repo/javavscode/netbeans/nbbuild/netbeans/platform/lib/org-openide-util-lookup.jar:/Users/atalati/vscode-extension/main-repo/javavscode/netbeans/nbbuild/netbeans/platform/lib/org-openide-modules.jar:/Users/atalati/vscode-extension/main-repo/javavscode/netbeans/nbbuild/netbeans/platform/lib/org-openide-util-ui.jar:/Users/atalati/vscode-extension/main-repo/javavscode/netbeans/nbbuild/netbeans/ide/modules/org-netbeans-api-lsp.jar:/Users/atalati/vscode-extension/main-repo/javavscode/netbeans/nbbuild/netbeans/platform/modules/org-netbeans-modules-editor-mimelookup.jar:/Users/atalati/vscode-extension/main-repo/javavscode/netbeans/nbbuild/netbeans/ide/modules/org-netbeans-modules-editor-util.jar:/Users/atalati/vscode-extension/main-repo/javavscode/netbeans/nbbuild/netbeans/platform/modules/org-netbeans-api-progress.jar:/Users/atalati/vscode-extension/main-repo/javavscode/netbeans/nbbuild/netbeans/platform/modules/org-netbeans-api-progress-nb.jar:/Users/atalati/vscode-extension/main-repo/javavscode/netbeans/nbbuild/netbeans/platform/modules/org-openide-awt.jar:/Users/atalati/vscode-extension/main-repo/javavscode/netbeans/nbbuild/netbeans/java/modules/org-netbeans-libs-javacapi.jar:/Users/atalati/vscode-extension/main-repo/javavscode/netbeans/java/libs.javacapi/external/nb-javac-jdk-22+33-api.jar:/Users/atalati/vscode-extension/main-repo/javavscode/netbeans/java/libs.javacapi/external/nb-javac-jdk-22+33.jar:/Users/atalati/vscode-extension/main-repo/javavscode/netbeans/nbbuild/netbeans/ide/modules/org-netbeans-modules-editor.jar:/Users/atalati/vscode-extension/main-repo/javavscode/netbeans/nbbuild/netbeans/ide/modules/org-netbeans-modules-editor-document.jar:/Users/atalati/vscode-extension/main-repo/javavscode/netbeans/nbbuild/netbeans/ide/modules/org-netbeans-modules-editor-fold.jar:/Users/atalati/vscode-extension/main-repo/javavscode/netbeans/nbbuild/netbeans/ide/modules/org-netbeans-modules-editor-settings.jar:/Users/atalati/vscode-extension/main-repo/javavscode/netbeans/nbbuild/netbeans/ide/modules/org-netbeans-modules-lexer.jar:/Users/atalati/vscode-extension/main-repo/javavscode/netbeans/nbbuild/netbeans/ide/modules/org-netbeans-modules-editor-settings-lib.jar:/Users/atalati/vscode-extension/main-repo/javavscode/netbeans/nbbuild/netbeans/ide/modules/org-netbeans-modules-editor-guards.jar:/Users/atalati/vscode-extension/main-repo/javavscode/netbeans/nbbuild/netbeans/ide/modules/org-netbeans-modules-editor-indent.jar:/Users/atalati/vscode-extension/main-repo/javavscode/netbeans/nbbuild/netbeans/ide/modules/org-netbeans-modules-editor-lib.jar:/Users/atalati/vscode-extension/main-repo/javavscode/netbeans/nbbuild/netbeans/ide/modules/org-netbeans-modules-editor-lib2.jar:/Users/atalati/vscode-extension/main-repo/javavscode/netbeans/nbbuild/netbeans/platform/modules/org-openide-dialogs.jar:/Users/atalati/vscode-extension/main-repo/javavscode/netbeans/nbbuild/netbeans/platform/modules/org-openide-actions.jar:/Users/atalati/vscode-extension/main-repo/javavscode/netbeans/nbbuild/netbeans/platform/modules/org-openide-explorer.jar:/Users/atalati/vscode-extension/main-repo/javavscode/netbeans/nbbuild/netbeans/platform/modules/org-netbeans-swing-outline.jar:/Users/atalati/vscode-extension/main-repo/javavscode/netbeans/nbbuild/netbeans/platform/modules/org-netbeans-swing-tabcontrol.jar:/Users/atalati/vscode-extension/main-repo/javavscode/netbeans/nbbuild/netbeans/platform/modules/org-openide-windows.jar:/Users/atalati/vscode-extension/main-repo/javavscode/netbeans/nbbuild/netbeans/platform/modules/org-openide-nodes.jar:/Users/atalati/vscode-extension/main-repo/javavscode/netbeans/nbbuild/netbeans/platform/modules/org-openide-text.jar:/Users/atalati/vscode-extension/main-repo/javavscode/netbeans/nbbuild/netbeans/platform/modules/org-openide-filesystems-nb.jar:/Users/atalati/vscode-extension/main-repo/javavscode/netbeans/nbbuild/netbeans/platform/modules/org-openide-loaders.jar:/Users/atalati/vscode-extension/main-repo/javavscode/netbeans/nbbuild/netbeans/platform/modules/org-netbeans-api-scripting.jar:/Users/atalati/vscode-extension/main-repo/javavscode/netbeans/nbbuild/netbeans/platform/modules/org-netbeans-api-templates.jar:/Users/atalati/vscode-extension/main-repo/javavscode/netbeans/nbbuild/netbeans/platform/modules/org-netbeans-modules-queries.jar:/Users/atalati/vscode-extension/main-repo/javavscode/netbeans/nbbuild/netbeans/ide/modules/org-netbeans-modules-editor-bracesmatching.jar:/Users/atalati/vscode-extension/main-repo/javavscode/netbeans/nbbuild/netbeans/ide/modules/org-netbeans-modules-editor-codetemplates.jar:/Users/atalati/vscode-extension/main-repo/javavscode/netbeans/nbbuild/netbeans/ide/modules/org-netbeans-modules-editor-completion.jar:/Users/atalati/vscode-extension/main-repo/javavscode/netbeans/nbbuild/netbeans/platform/modules/org-netbeans-modules-sampler.jar:/Users/atalati/vscode-extension/main-repo/javavscode/netbeans/nbbuild/netbeans/ide/modules/org-netbeans-modules-editor-settings-storage.jar:/Users/atalati/vscode-extension/main-repo/javavscode/netbeans/nbbuild/netbeans/platform/modules/org-netbeans-modules-options-keymap.jar:/Users/atalati/vscode-extension/main-repo/javavscode/netbeans/nbbuild/netbeans/platform/modules/org-netbeans-modules-options-api.jar:/Users/atalati/vscode-extension/main-repo/javavscode/netbeans/nbbuild/netbeans/platform/modules/org-netbeans-core.jar:/Users/atalati/vscode-extension/main-repo/javavscode/netbeans/nbbuild/netbeans/platform/lib/boot.jar:/Users/atalati/vscode-extension/main-repo/javavscode/netbeans/nbbuild/netbeans/platform/core/core.jar:/Users/atalati/vscode-extension/main-repo/javavscode/netbeans/nbbuild/netbeans/platform/core/org-netbeans-libs-asm.jar:/Users/atalati/vscode-extension/main-repo/javavscode/netbeans/platform/libs.asm/external/asm-9.6.jar:/Users/atalati/vscode-extension/main-repo/javavscode/netbeans/nbbuild/netbeans/platform/core/asm-9.6.jar:/Users/atalati/vscode-extension/main-repo/javavscode/netbeans/platform/libs.asm/external/asm-tree-9.6.jar:/Users/atalati/vscode-extension/main-repo/javavscode/netbeans/nbbuild/netbeans/platform/core/asm-tree-9.6.jar:/Users/atalati/vscode-extension/main-repo/javavscode/netbeans/platform/libs.asm/external/asm-commons-9.6.jar:/Users/atalati/vscode-extension/main-repo/javavscode/netbeans/nbbuild/netbeans/platform/core/asm-commons-9.6.jar:/Users/atalati/vscode-extension/main-repo/javavscode/netbeans/nbbuild/netbeans/platform/core/core-base.jar:/Users/atalati/vscode-extension/main-repo/javavscode/netbeans/nbbuild/netbeans/platform/modules/org-netbeans-modules-keyring.jar:/Users/atalati/vscode-extension/main-repo/javavscode/netbeans/nbbuild/netbeans/platform/modules/org-netbeans-swing-plaf.jar:/Users/atalati/vscode-extension/main-repo/javavscode/netbeans/nbbuild/netbeans/platform/modules/org-openide-io.jar:/Users/atalati/vscode-extension/main-repo/javavscode/netbeans/nbbuild/netbeans/platform/modules/org-netbeans-api-intent.jar:/Users/atalati/vscode-extension/main-repo/javavscode/netbeans/nbbuild/netbeans/platform/modules/org-netbeans-api-io.jar:/Users/atalati/vscode-extension/main-repo/javavscode/netbeans/nbbuild/netbeans/platform/modules/org-netbeans-spi-quicksearch.jar:/Users/atalati/vscode-extension/main-repo/javavscode/netbeans/nbbuild/netbeans/ide/modules/org-netbeans-spi-editor-hints.jar:/Users/atalati/vscode-extension/main-repo/javavscode/netbeans/nbbuild/netbeans/ide/modules/org-netbeans-modules-editor-errorstripe.jar:/Users/atalati/vscode-extension/main-repo/javavscode/netbeans/nbbuild/netbeans/ide/modules/org-netbeans-modules-editor-errorstripe-api.jar:/Users/atalati/vscode-extension/main-repo/javavscode/netbeans/nbbuild/netbeans/java/modules/org-netbeans-modules-java-completion.jar:/Users/atalati/vscode-extension/main-repo/javavscode/netbeans/nbbuild/netbeans/java/modules/org-netbeans-modules-java-lexer.jar:/Users/atalati/vscode-extension/main-repo/javavscode/netbeans/nbbuild/netbeans/java/modules/org-netbeans-modules-java-source-base.jar:/Users/atalati/vscode-extension/main-repo/javavscode/netbeans/nbbuild/netbeans/java/modules/org-netbeans-lib-nbjavac.jar:/Users/atalati/vscode-extension/main-repo/javavscode/netbeans/nbbuild/netbeans/ide/modules/org-netbeans-libs-lucene.jar:/Users/atalati/vscode-extension/main-repo/javavscode/netbeans/ide/libs.lucene/external/lucene-core-3.6.2.jar:/Users/atalati/vscode-extension/main-repo/javavscode/netbeans/nbbuild/netbeans/ide/modules/ext/lucene-core-3.6.2.jar:/Users/atalati/vscode-extension/main-repo/javavscode/netbeans/nbbuild/netbeans/java/modules/org-netbeans-modules-classfile.jar:/Users/atalati/vscode-extension/main-repo/javavscode/netbeans/nbbuild/netbeans/java/modules/org-netbeans-modules-java-platform.jar:/Users/atalati/vscode-extension/main-repo/javavscode/netbeans/nbbuild/netbeans/java/modules/org-netbeans-modules-java-preprocessorbridge.jar:/Users/atalati/vscode-extension/main-repo/javavscode/netbeans/nbbuild/netbeans/ide/modules/org-netbeans-modules-parsing-api.jar:/Users/atalati/vscode-extension/main-repo/javavscode/netbeans/nbbuild/netbeans/ide/modules/org-netbeans-modules-parsing-lucene.jar:/Users/atalati/vscode-extension/main-repo/javavscode/netbeans/nbbuild/netbeans/platform/modules/org-netbeans-modules-masterfs.jar:/Users/atalati/vscode-extension/main-repo/javavscode/netbeans/nbbuild/netbeans/ide/modules/org-netbeans-modules-projectapi.jar:/Users/atalati/vscode-extension/main-repo/javavscode/netbeans/nbbuild/netbeans/ide/modules/org-netbeans-modules-parsing-indexing.jar:/Users/atalati/vscode-extension/main-repo/javavscode/netbeans/nbbuild/netbeans/ide/modules/org-netbeans-modules-project-indexingbridge.jar:/Users/atalati/vscode-extension/main-repo/javavscode/netbeans/nbbuild/netbeans/ide/modules/org-netbeans-modules-projectuiapi-base.jar:/Users/atalati/vscode-extension/main-repo/javavscode/netbeans/nbbuild/netbeans/ide/modules/org-netbeans-spi-tasklist.jar:/Users/atalati/vscode-extension/main-repo/javavscode/netbeans/nbbuild/netbeans/ide/modules/org-netbeans-modules-refactoring-api.jar:/Users/atalati/vscode-extension/main-repo/javavscode/netbeans/nbbuild/netbeans/ide/modules/org-netbeans-modules-diff.jar:/Users/atalati/vscode-extension/main-repo/javavscode/netbeans/nbbuild/netbeans/ide/modules/org-netbeans-modules-options-editor.jar:/Users/atalati/vscode-extension/main-repo/javavscode/netbeans/nbbuild/netbeans/java/modules/org-netbeans-modules-java-editor-base.jar:/Users/atalati/vscode-extension/main-repo/javavscode/netbeans/nbbuild/netbeans/java/modules/org-netbeans-modules-java-project.jar:/Users/atalati/vscode-extension/main-repo/javavscode/netbeans/nbbuild/netbeans/ide/modules/org-netbeans-modules-project-ant.jar:/Users/atalati/vscode-extension/main-repo/javavscode/netbeans/nbbuild/netbeans/ide/modules/org-netbeans-modules-project-libraries.jar:/Users/atalati/vscode-extension/main-repo/javavscode/netbeans/nbbuild/netbeans/ide/modules/org-netbeans-modules-project-spi-intern.jar:/Users/atalati/vscode-extension/main-repo/javavscode/netbeans/nbbuild/netbeans/ide/modules/org-netbeans-modules-xml-catalog.jar:/Users/atalati/vscode-extension/main-repo/javavscode/netbeans/nbbuild/netbeans/ide/modules/org-apache-xml-resolver.jar:/Users/atalati/vscode-extension/main-repo/javavscode/netbeans/ide/o.apache.xml.resolver/external/resolver-1.2.jar:/Users/atalati/vscode-extension/main-repo/javavscode/netbeans/nbbuild/netbeans/ide/modules/ext/resolver-1.2.jar:/Users/atalati/vscode-extension/main-repo/javavscode/netbeans/nbbuild/netbeans/ide/modules/org-netbeans-api-xml.jar:/Users/atalati/vscode-extension/main-repo/javavscode/netbeans/nbbuild/netbeans/java/modules/org-netbeans-spi-java-hints.jar:/Users/atalati/vscode-extension/main-repo/javavscode/netbeans/nbbuild/netbeans/ide/modules/org-netbeans-modules-code-analysis.jar:/Users/atalati/vscode-extension/main-repo/javavscode/netbeans/nbbuild/netbeans/platform/modules/org-netbeans-modules-autoupdate-services.jar:/Users/atalati/vscode-extension/main-repo/javavscode/netbeans/nbbuild/netbeans/platform/modules/ext/updater.jar:/Users/atalati/vscode-extension/main-repo/javavscode/netbeans/nbbuild/netbeans/ide/modules/org-netbeans-modules-projectuiapi.jar:/Users/atalati/vscode-extension/main-repo/javavscode/netbeans/nbbuild/netbeans/platform/modules/org-netbeans-modules-settings.jar:/Users/atalati/vscode-extension/main-repo/javavscode/netbeans/nbbuild/netbeans/java/modules/org-netbeans-modules-java-source.jar:/Users/atalati/vscode-extension/main-repo/javavscode/netbeans/nbbuild/netbeans/platform/modules/org-netbeans-core-multiview.jar:/Users/atalati/vscode-extension/main-repo/javavscode/netbeans/nbbuild/netbeans/ide/modules/org-netbeans-modules-editor-indent-project.jar:/Users/atalati/vscode-extension/main-repo/javavscode/netbeans/nbbuild/netbeans/java/modules/org-netbeans-modules-java-sourceui.jar:/Users/atalati/vscode-extension/main-repo/javavscode/netbeans/nbbuild/netbeans/ide/modules/org-netbeans-modules-jumpto.jar:/Users/atalati/vscode-extension/main-repo/javavscode/netbeans/nbbuild/netbeans/platform/modules/org-netbeans-api-search.jar:/Users/atalati/vscode-extension/main-repo/javavscode/netbeans/nbbuild/netbeans/java/modules/org-netbeans-modules-refactoring-java.jar:/Users/atalati/vscode-extension/main-repo/javavscode/netbeans/nbbuild/netbeans/ide/modules/org-netbeans-modules-gototest.jar:/Users/atalati/vscode-extension/main-repo/javavscode/netbeans/nbbuild/netbeans/ide/modules/org-netbeans-modules-gsf-testrunner.jar:/Users/atalati/vscode-extension/main-repo/javavscode/netbeans/nbbuild/netbeans/ide/modules/org-netbeans-modules-extexecution.jar:/Users/atalati/vscode-extension/main-repo/javavscode/netbeans/nbbuild/netbeans/ide/modules/org-netbeans-modules-extexecution-base.jar:/Users/atalati/vscode-extension/main-repo/javavscode/netbeans/nbbuild/netbeans/ide/modules/org-netbeans-modules-gsf-testrunner-ui.jar:/Users/atalati/vscode-extension/main-repo/javavscode/netbeans/nbbuild/netbeans/java/modules/org-netbeans-modules-java-file-launcher.jar:/Users/atalati/vscode-extension/main-repo/javavscode/netbeans/nbbuild/netbeans/java/modules/org-netbeans-api-debugger-jpda.jar:/Users/atalati/vscode-extension/main-repo/javavscode/netbeans/nbbuild/netbeans/ide/modules/org-netbeans-api-debugger.jar:/Users/atalati/vscode-extension/main-repo/javavscode/netbeans/nbbuild/netbeans/java/modules/org-netbeans-modules-java-project-ui.jar:/Users/atalati/vscode-extension/main-repo/javavscode/netbeans/nbbuild/netbeans/extide/modules/org-apache-tools-ant-module.jar:/Users/atalati/vscode-extension/main-repo/javavscode/netbeans/nbbuild/netbeans/ide/modules/org-netbeans-api-xml-ui.jar:/Users/atalati/vscode-extension/main-repo/javavscode/netbeans/nbbuild/netbeans/extide/modules/org-netbeans-modules-options-java.jar:/Users/atalati/vscode-extension/main-repo/javavscode/netbeans/nbbuild/netbeans/ide/modules/org-netbeans-spi-navigator.jar:/Users/atalati/vscode-extension/main-repo/javavscode/netbeans/nbbuild/netbeans/platform/modules/org-openide-execution.jar:/Users/atalati/vscode-extension/main-repo/javavscode/netbeans/nbbuild/netbeans/java/modules/org-netbeans-modules-java-platform-ui.jar:/Users/atalati/vscode-extension/main-repo/javavscode/netbeans/nbbuild/netbeans/ide/modules/org-netbeans-modules-project-ant-ui.jar:/Users/atalati/vscode-extension/main-repo/javavscode/netbeans/nbbuild/netbeans/ide/modules/org-netbeans-modules-project-libraries-ui.jar:/Users/atalati/vscode-extension/main-repo/javavscode/netbeans/nbbuild/netbeans/platform/modules/org-netbeans-modules-javahelp.jar:/Users/atalati/vscode-extension/main-repo/javavscode/netbeans/platform/javahelp/external/jhall-2.0_05.jar:/Users/atalati/vscode-extension/main-repo/javavscode/netbeans/nbbuild/netbeans/java/modules/org-netbeans-modules-whitelist.jar:/Users/atalati/vscode-extension/main-repo/javavscode/netbeans/nbbuild/netbeans/java/modules/org-netbeans-modules-libs-corba-omgapi.jar:/Users/atalati/vscode-extension/main-repo/javavscode/netbeans/nbbuild/netbeans/java/modules/ext/corba/omgapi/glassfish-corba-omgapi.jar:/Users/atalati/vscode-extension/main-repo/javavscode/netbeans/nbbuild/netbeans/java/modules/org-netbeans-modules-java-editor-base.jar:/Users/atalati/vscode-extension/main-repo/javavscode/netbeans/nbbuild/netbeans/platform/modules/org-netbeans-api-annotations-common.jar:/Users/atalati/vscode-extension/main-repo/javavscode/netbeans/nbbuild/netbeans/ide/modules/org-netbeans-api-java-classpath.jar:/Users/atalati/vscode-extension/main-repo/javavscode/netbeans/nbbuild/netbeans/platform/core/org-openide-filesystems.jar:/Users/atalati/vscode-extension/main-repo/javavscode/netbeans/nbbuild/netbeans/platform/lib/org-openide-util.jar:/Users/atalati/vscode-extension/main-repo/javavscode/netbeans/nbbuild/netbeans/platform/lib/org-openide-util-lookup.jar:/Users/atalati/vscode-extension/main-repo/javavscode/netbeans/nbbuild/netbeans/java/modules/org-netbeans-libs-javacapi.jar:/Users/atalati/vscode-extension/main-repo/javavscode/netbeans/java/libs.javacapi/external/nb-javac-jdk-22+33-api.jar:/Users/atalati/vscode-extension/main-repo/javavscode/netbeans/java/libs.javacapi/external/nb-javac-jdk-22+33.jar:/Users/atalati/vscode-extension/main-repo/javavscode/netbeans/nbbuild/netbeans/platform/modules/org-netbeans-modules-editor-mimelookup.jar:/Users/atalati/vscode-extension/main-repo/javavscode/netbeans/nbbuild/netbeans/ide/modules/org-netbeans-modules-editor-settings.jar:/Users/atalati/vscode-extension/main-repo/javavscode/netbeans/nbbuild/netbeans/platform/lib/org-openide-modules.jar:/Users/atalati/vscode-extension/main-repo/javavscode/netbeans/nbbuild/netbeans/platform/lib/org-openide-util-ui.jar:/Users/atalati/vscode-extension/main-repo/javavscode/netbeans/nbbuild/netbeans/java/modules/org-netbeans-modules-java-lexer.jar:/Users/atalati/vscode-extension/main-repo/javavscode/netbeans/nbbuild/netbeans/ide/modules/org-netbeans-modules-lexer.jar:/Users/atalati/vscode-extension/main-repo/javavscode/netbeans/nbbuild/netbeans/ide/modules/org-netbeans-modules-editor-util.jar:/Users/atalati/vscode-extension/main-repo/javavscode/netbeans/nbbuild/netbeans/java/modules/org-netbeans-modules-java-project.jar:/Users/atalati/vscode-extension/main-repo/javavscode/netbeans/nbbuild/netbeans/java/modules/org-netbeans-api-java.jar:/Users/atalati/vscode-extension/main-repo/javavscode/netbeans/nbbuild/netbeans/java/modules/org-netbeans-modules-classfile.jar:/Users/atalati/vscode-extension/main-repo/javavscode/netbeans/nbbuild/netbeans/java/modules/org-netbeans-modules-java-platform.jar:/Users/atalati/vscode-extension/main-repo/javavscode/netbeans/nbbuild/netbeans/java/modules/org-netbeans-modules-java-source-base.jar:/Users/atalati/vscode-extension/main-repo/javavscode/netbeans/nbbuild/netbeans/platform/modules/org-netbeans-api-progress.jar:/Users/atalati/vscode-extension/main-repo/javavscode/netbeans/nbbuild/netbeans/platform/modules/org-netbeans-api-scripting.jar:/Users/atalati/vscode-extension/main-repo/javavscode/netbeans/nbbuild/netbeans/java/modules/org-netbeans-lib-nbjavac.jar:/Users/atalati/vscode-extension/main-repo/javavscode/netbeans/nbbuild/netbeans/platform/core/org-netbeans-libs-asm.jar:/Users/atalati/vscode-extension/main-repo/javavscode/netbeans/platform/libs.asm/external/asm-9.6.jar:/Users/atalati/vscode-extension/main-repo/javavscode/netbeans/nbbuild/netbeans/platform/core/asm-9.6.jar:/Users/atalati/vscode-extension/main-repo/javavscode/netbeans/platform/libs.asm/external/asm-tree-9.6.jar:/Users/atalati/vscode-extension/main-repo/javavscode/netbeans/nbbuild/netbeans/platform/core/asm-tree-9.6.jar:/Users/atalati/vscode-extension/main-repo/javavscode/netbeans/platform/libs.asm/external/asm-commons-9.6.jar:/Users/atalati/vscode-extension/main-repo/javavscode/netbeans/nbbuild/netbeans/platform/core/asm-commons-9.6.jar:/Users/atalati/vscode-extension/main-repo/javavscode/netbeans/nbbuild/netbeans/ide/modules/org-netbeans-libs-lucene.jar:/Users/atalati/vscode-extension/main-repo/javavscode/netbeans/ide/libs.lucene/external/lucene-core-3.6.2.jar:/Users/atalati/vscode-extension/main-repo/javavscode/netbeans/nbbuild/netbeans/ide/modules/ext/lucene-core-3.6.2.jar:/Users/atalati/vscode-extension/main-repo/javavscode/netbeans/nbbuild/netbeans/ide/modules/org-netbeans-modules-editor-document.jar:/Users/atalati/vscode-extension/main-repo/javavscode/netbeans/nbbuild/netbeans/ide/modules/org-netbeans-modules-editor-guards.jar:/Users/atalati/vscode-extension/main-repo/javavscode/netbeans/nbbuild/netbeans/ide/modules/org-netbeans-modules-editor-indent.jar:/Users/atalati/vscode-extension/main-repo/javavscode/netbeans/nbbuild/netbeans/java/modules/org-netbeans-modules-java-preprocessorbridge.jar:/Users/atalati/vscode-extension/main-repo/javavscode/netbeans/nbbuild/netbeans/ide/modules/org-netbeans-modules-parsing-api.jar:/Users/atalati/vscode-extension/main-repo/javavscode/netbeans/nbbuild/netbeans/ide/modules/org-netbeans-modules-parsing-lucene.jar:/Users/atalati/vscode-extension/main-repo/javavscode/netbeans/nbbuild/netbeans/platform/modules/org-netbeans-modules-masterfs.jar:/Users/atalati/vscode-extension/main-repo/javavscode/netbeans/nbbuild/netbeans/platform/modules/org-netbeans-modules-queries.jar:/Users/atalati/vscode-extension/main-repo/javavscode/netbeans/nbbuild/netbeans/ide/modules/org-netbeans-modules-projectapi.jar:/Users/atalati/vscode-extension/main-repo/javavscode/netbeans/nbbuild/netbeans/ide/modules/org-netbeans-modules-parsing-indexing.jar:/Users/atalati/vscode-extension/main-repo/javavscode/netbeans/nbbuild/netbeans/ide/modules/org-netbeans-modules-project-indexingbridge.jar:/Users/atalati/vscode-extension/main-repo/javavscode/netbeans/nbbuild/netbeans/ide/modules/org-netbeans-modules-projectuiapi-base.jar:/Users/atalati/vscode-extension/main-repo/javavscode/netbeans/nbbuild/netbeans/platform/modules/org-openide-explorer.jar:/Users/atalati/vscode-extension/main-repo/javavscode/netbeans/nbbuild/netbeans/platform/modules/org-netbeans-swing-outline.jar:/Users/atalati/vscode-extension/main-repo/javavscode/netbeans/nbbuild/netbeans/platform/modules/org-netbeans-swing-tabcontrol.jar:/Users/atalati/vscode-extension/main-repo/javavscode/netbeans/nbbuild/netbeans/platform/modules/org-openide-awt.jar:/Users/atalati/vscode-extension/main-repo/javavscode/netbeans/nbbuild/netbeans/platform/modules/org-openide-windows.jar:/Users/atalati/vscode-extension/main-repo/javavscode/netbeans/nbbuild/netbeans/platform/modules/org-openide-nodes.jar:/Users/atalati/vscode-extension/main-repo/javavscode/netbeans/nbbuild/netbeans/platform/modules/org-openide-dialogs.jar:/Users/atalati/vscode-extension/main-repo/javavscode/netbeans/nbbuild/netbeans/platform/modules/org-netbeans-api-progress-nb.jar:/Users/atalati/vscode-extension/main-repo/javavscode/netbeans/nbbuild/netbeans/ide/modules/org-netbeans-spi-tasklist.jar:/Users/atalati/vscode-extension/main-repo/javavscode/netbeans/nbbuild/netbeans/ide/modules/org-netbeans-modules-refactoring-api.jar:/Users/atalati/vscode-extension/main-repo/javavscode/netbeans/nbbuild/netbeans/ide/modules/org-netbeans-modules-diff.jar:/Users/atalati/vscode-extension/main-repo/javavscode/netbeans/nbbuild/netbeans/ide/modules/org-netbeans-modules-editor-errorstripe.jar:/Users/atalati/vscode-extension/main-repo/javavscode/netbeans/nbbuild/netbeans/ide/modules/org-netbeans-modules-editor-errorstripe-api.jar:/Users/atalati/vscode-extension/main-repo/javavscode/netbeans/nbbuild/netbeans/ide/modules/org-netbeans-modules-editor-fold.jar:/Users/atalati/vscode-extension/main-repo/javavscode/netbeans/nbbuild/netbeans/ide/modules/org-netbeans-modules-editor-settings-lib.jar:/Users/atalati/vscode-extension/main-repo/javavscode/netbeans/nbbuild/netbeans/ide/modules/org-netbeans-modules-editor-lib.jar:/Users/atalati/vscode-extension/main-repo/javavscode/netbeans/nbbuild/netbeans/ide/modules/org-netbeans-modules-editor-lib2.jar:/Users/atalati/vscode-extension/main-repo/javavscode/netbeans/nbbuild/netbeans/platform/modules/org-openide-loaders.jar:/Users/atalati/vscode-extension/main-repo/javavscode/netbeans/nbbuild/netbeans/platform/modules/org-netbeans-api-templates.jar:/Users/atalati/vscode-extension/main-repo/javavscode/netbeans/nbbuild/netbeans/platform/modules/org-openide-actions.jar:/Users/atalati/vscode-extension/main-repo/javavscode/netbeans/nbbuild/netbeans/platform/modules/org-openide-text.jar:/Users/atalati/vscode-extension/main-repo/javavscode/netbeans/nbbuild/netbeans/platform/modules/org-openide-filesystems-nb.jar:/Users/atalati/vscode-extension/main-repo/javavscode/netbeans/nbbuild/netbeans/platform/modules/org-netbeans-modules-options-api.jar:/Users/atalati/vscode-extension/main-repo/javavscode/netbeans/nbbuild/netbeans/platform/modules/org-netbeans-core.jar:/Users/atalati/vscode-extension/main-repo/javavscode/netbeans/nbbuild/netbeans/platform/lib/boot.jar:/Users/atalati/vscode-extension/main-repo/javavscode/netbeans/nbbuild/netbeans/platform/core/core.jar:/Users/atalati/vscode-extension/main-repo/javavscode/netbeans/nbbuild/netbeans/platform/core/core-base.jar:/Users/atalati/vscode-extension/main-repo/javavscode/netbeans/nbbuild/netbeans/platform/modules/org-netbeans-modules-keyring.jar:/Users/atalati/vscode-extension/main-repo/javavscode/netbeans/nbbuild/netbeans/platform/modules/org-netbeans-modules-sampler.jar:/Users/atalati/vscode-extension/main-repo/javavscode/netbeans/nbbuild/netbeans/platform/modules/org-netbeans-swing-plaf.jar:/Users/atalati/vscode-extension/main-repo/javavscode/netbeans/nbbuild/netbeans/platform/modules/org-openide-io.jar:/Users/atalati/vscode-extension/main-repo/javavscode/netbeans/nbbuild/netbeans/platform/modules/org-netbeans-api-intent.jar:/Users/atalati/vscode-extension/main-repo/javavscode/netbeans/nbbuild/netbeans/platform/modules/org-netbeans-api-io.jar:/Users/atalati/vscode-extension/main-repo/javavscode/netbeans/nbbuild/netbeans/platform/modules/org-netbeans-spi-quicksearch.jar:/Users/atalati/vscode-extension/main-repo/javavscode/netbeans/nbbuild/netbeans/ide/modules/org-netbeans-modules-options-editor.jar:/Users/atalati/vscode-extension/main-repo/javavscode/netbeans/nbbuild/netbeans/ide/modules/org-netbeans-modules-editor.jar:/Users/atalati/vscode-extension/main-repo/javavscode/netbeans/nbbuild/netbeans/ide/modules/org-netbeans-api-lsp.jar:/Users/atalati/vscode-extension/main-repo/javavscode/netbeans/nbbuild/netbeans/ide/modules/org-netbeans-modules-editor-settings-storage.jar:/Users/atalati/vscode-extension/main-repo/javavscode/netbeans/nbbuild/netbeans/platform/modules/org-netbeans-modules-options-keymap.jar:/Users/atalati/vscode-extension/main-repo/javavscode/netbeans/nbbuild/netbeans/ide/modules/org-netbeans-modules-project-ant.jar:/Users/atalati/vscode-extension/main-repo/javavscode/netbeans/nbbuild/netbeans/ide/modules/org-netbeans-modules-project-libraries.jar:/Users/atalati/vscode-extension/main-repo/javavscode/netbeans/nbbuild/netbeans/ide/modules/org-netbeans-modules-project-spi-intern.jar:/Users/atalati/vscode-extension/main-repo/javavscode/netbeans/nbbuild/netbeans/ide/modules/org-netbeans-modules-xml-catalog.jar:/Users/atalati/vscode-extension/main-repo/javavscode/netbeans/nbbuild/netbeans/ide/modules/org-apache-xml-resolver.jar:/Users/atalati/vscode-extension/main-repo/javavscode/netbeans/ide/o.apache.xml.resolver/external/resolver-1.2.jar:/Users/atalati/vscode-extension/main-repo/javavscode/netbeans/nbbuild/netbeans/ide/modules/ext/resolver-1.2.jar:/Users/atalati/vscode-extension/main-repo/javavscode/netbeans/nbbuild/netbeans/ide/modules/org-netbeans-api-xml.jar:/Users/atalati/vscode-extension/main-repo/javavscode/netbeans/nbbuild/netbeans/java/modules/org-netbeans-spi-java-hints.jar:/Users/atalati/vscode-extension/main-repo/javavscode/netbeans/nbbuild/netbeans/ide/modules/org-netbeans-modules-code-analysis.jar:/Users/atalati/vscode-extension/main-repo/javavscode/netbeans/nbbuild/netbeans/platform/modules/org-netbeans-modules-autoupdate-services.jar:/Users/atalati/vscode-extension/main-repo/javavscode/netbeans/nbbuild/netbeans/platform/modules/ext/updater.jar:/Users/atalati/vscode-extension/main-repo/javavscode/netbeans/nbbuild/netbeans/ide/modules/org-netbeans-modules-projectuiapi.jar:/Users/atalati/vscode-extension/main-repo/javavscode/netbeans/nbbuild/netbeans/platform/modules/org-netbeans-modules-settings.jar:/Users/atalati/vscode-extension/main-repo/javavscode/netbeans/nbbuild/netbeans/ide/modules/org-netbeans-spi-editor-hints.jar:/Users/atalati/vscode-extension/main-repo/javavscode/netbeans/nbbuild/netbeans/java/modules/org-netbeans-modules-java-source.jar:/Users/atalati/vscode-extension/main-repo/javavscode/netbeans/nbbuild/netbeans/platform/modules/org-netbeans-core-multiview.jar:/Users/atalati/vscode-extension/main-repo/javavscode/netbeans/nbbuild/netbeans/ide/modules/org-netbeans-modules-editor-indent-project.jar:/Users/atalati/vscode-extension/main-repo/javavscode/netbeans/nbbuild/netbeans/java/modules/org-netbeans-modules-java-hints-legacy-spi.jar:/Users/atalati/vscode-extension/main-repo/javavscode/netbeans/nbbuild/netbeans/java/modules/org-netbeans-libs-javacapi.jar:/Users/atalati/vscode-extension/main-repo/javavscode/netbeans/java/libs.javacapi/external/nb-javac-jdk-22+33-api.jar:/Users/atalati/vscode-extension/main-repo/javavscode/netbeans/java/libs.javacapi/external/nb-javac-jdk-22+33.jar:/Users/atalati/vscode-extension/main-repo/javavscode/netbeans/nbbuild/netbeans/java/modules/org-netbeans-modules-java-source-base.jar:/Users/atalati/vscode-extension/main-repo/javavscode/netbeans/nbbuild/netbeans/platform/modules/org-netbeans-api-annotations-common.jar:/Users/atalati/vscode-extension/main-repo/javavscode/netbeans/nbbuild/netbeans/java/modules/org-netbeans-api-java.jar:/Users/atalati/vscode-extension/main-repo/javavscode/netbeans/nbbuild/netbeans/ide/modules/org-netbeans-api-java-classpath.jar:/Users/atalati/vscode-extension/main-repo/javavscode/netbeans/nbbuild/netbeans/platform/core/org-openide-filesystems.jar:/Users/atalati/vscode-extension/main-repo/javavscode/netbeans/nbbuild/netbeans/platform/lib/org-openide-util.jar:/Users/atalati/vscode-extension/main-repo/javavscode/netbeans/nbbuild/netbeans/platform/lib/org-openide-util-lookup.jar:/Users/atalati/vscode-extension/main-repo/javavscode/netbeans/nbbuild/netbeans/platform/lib/org-openide-modules.jar:/Users/atalati/vscode-extension/main-repo/javavscode/netbeans/nbbuild/netbeans/platform/lib/org-openide-util-ui.jar:/Users/atalati/vscode-extension/main-repo/javavscode/netbeans/nbbuild/netbeans/platform/modules/org-netbeans-api-progress.jar:/Users/atalati/vscode-extension/main-repo/javavscode/netbeans/nbbuild/netbeans/platform/modules/org-netbeans-api-scripting.jar:/Users/atalati/vscode-extension/main-repo/javavscode/netbeans/nbbuild/netbeans/java/modules/org-netbeans-lib-nbjavac.jar:/Users/atalati/vscode-extension/main-repo/javavscode/netbeans/nbbuild/netbeans/platform/core/org-netbeans-libs-asm.jar:/Users/atalati/vscode-extension/main-repo/javavscode/netbeans/platform/libs.asm/external/asm-9.6.jar:/Users/atalati/vscode-extension/main-repo/javavscode/netbeans/nbbuild/netbeans/platform/core/asm-9.6.jar:/Users/atalati/vscode-extension/main-repo/javavscode/netbeans/platform/libs.asm/external/asm-tree-9.6.jar:/Users/atalati/vscode-extension/main-repo/javavscode/netbeans/nbbuild/netbeans/platform/core/asm-tree-9.6.jar:/Users/atalati/vscode-extension/main-repo/javavscode/netbeans/platform/libs.asm/external/asm-commons-9.6.jar:/Users/atalati/vscode-extension/main-repo/javavscode/netbeans/nbbuild/netbeans/platform/core/asm-commons-9.6.jar:/Users/atalati/vscode-extension/main-repo/javavscode/netbeans/nbbuild/netbeans/ide/modules/org-netbeans-libs-lucene.jar:/Users/atalati/vscode-extension/main-repo/javavscode/netbeans/ide/libs.lucene/external/lucene-core-3.6.2.jar:/Users/atalati/vscode-extension/main-repo/javavscode/netbeans/nbbuild/netbeans/ide/modules/ext/lucene-core-3.6.2.jar:/Users/atalati/vscode-extension/main-repo/javavscode/netbeans/nbbuild/netbeans/java/modules/org-netbeans-modules-classfile.jar:/Users/atalati/vscode-extension/main-repo/javavscode/netbeans/nbbuild/netbeans/ide/modules/org-netbeans-modules-editor-document.jar:/Users/atalati/vscode-extension/main-repo/javavscode/netbeans/nbbuild/netbeans/platform/modules/org-netbeans-modules-editor-mimelookup.jar:/Users/atalati/vscode-extension/main-repo/javavscode/netbeans/nbbuild/netbeans/ide/modules/org-netbeans-modules-editor-util.jar:/Users/atalati/vscode-extension/main-repo/javavscode/netbeans/nbbuild/netbeans/ide/modules/org-netbeans-modules-editor-guards.jar:/Users/atalati/vscode-extension/main-repo/javavscode/netbeans/nbbuild/netbeans/ide/modules/org-netbeans-modules-editor-indent.jar:/Users/atalati/vscode-extension/main-repo/javavscode/netbeans/nbbuild/netbeans/ide/modules/org-netbeans-modules-editor-settings.jar:/Users/atalati/vscode-extension/main-repo/javavscode/netbeans/nbbuild/netbeans/ide/modules/org-netbeans-modules-lexer.jar:/Users/atalati/vscode-extension/main-repo/javavscode/netbeans/nbbuild/netbeans/java/modules/org-netbeans-modules-java-lexer.jar:/Users/atalati/vscode-extension/main-repo/javavscode/netbeans/nbbuild/netbeans/java/modules/org-netbeans-modules-java-platform.jar:/Users/atalati/vscode-extension/main-repo/javavscode/netbeans/nbbuild/netbeans/java/modules/org-netbeans-modules-java-preprocessorbridge.jar:/Users/atalati/vscode-extension/main-repo/javavscode/netbeans/nbbuild/netbeans/ide/modules/org-netbeans-modules-parsing-api.jar:/Users/atalati/vscode-extension/main-repo/javavscode/netbeans/nbbuild/netbeans/ide/modules/org-netbeans-modules-parsing-lucene.jar:/Users/atalati/vscode-extension/main-repo/javavscode/netbeans/nbbuild/netbeans/platform/modules/org-netbeans-modules-masterfs.jar:/Users/atalati/vscode-extension/main-repo/javavscode/netbeans/nbbuild/netbeans/platform/modules/org-netbeans-modules-queries.jar:/Users/atalati/vscode-extension/main-repo/javavscode/netbeans/nbbuild/netbeans/ide/modules/org-netbeans-modules-projectapi.jar:/Users/atalati/vscode-extension/main-repo/javavscode/netbeans/nbbuild/netbeans/ide/modules/org-netbeans-modules-parsing-indexing.jar:/Users/atalati/vscode-extension/main-repo/javavscode/netbeans/nbbuild/netbeans/ide/modules/org-netbeans-modules-project-indexingbridge.jar:/Users/atalati/vscode-extension/main-repo/javavscode/netbeans/nbbuild/netbeans/ide/modules/org-netbeans-modules-projectuiapi-base.jar:/Users/atalati/vscode-extension/main-repo/javavscode/netbeans/nbbuild/netbeans/platform/modules/org-openide-explorer.jar:/Users/atalati/vscode-extension/main-repo/javavscode/netbeans/nbbuild/netbeans/platform/modules/org-netbeans-swing-outline.jar:/Users/atalati/vscode-extension/main-repo/javavscode/netbeans/nbbuild/netbeans/platform/modules/org-netbeans-swing-tabcontrol.jar:/Users/atalati/vscode-extension/main-repo/javavscode/netbeans/nbbuild/netbeans/platform/modules/org-openide-awt.jar:/Users/atalati/vscode-extension/main-repo/javavscode/netbeans/nbbuild/netbeans/platform/modules/org-openide-windows.jar:/Users/atalati/vscode-extension/main-repo/javavscode/netbeans/nbbuild/netbeans/platform/modules/org-openide-nodes.jar:/Users/atalati/vscode-extension/main-repo/javavscode/netbeans/nbbuild/netbeans/platform/modules/org-openide-dialogs.jar:/Users/atalati/vscode-extension/main-repo/javavscode/netbeans/nbbuild/netbeans/platform/modules/org-netbeans-api-progress-nb.jar:/Users/atalati/vscode-extension/main-repo/javavscode/netbeans/nbbuild/netbeans/ide/modules/org-netbeans-spi-tasklist.jar:/Users/atalati/vscode-extension/main-repo/javavscode/netbeans/nbbuild/netbeans/ide/modules/org-netbeans-modules-refactoring-api.jar:/Users/atalati/vscode-extension/main-repo/javavscode/netbeans/nbbuild/netbeans/ide/modules/org-netbeans-modules-diff.jar:/Users/atalati/vscode-extension/main-repo/javavscode/netbeans/nbbuild/netbeans/ide/modules/org-netbeans-modules-editor-errorstripe.jar:/Users/atalati/vscode-extension/main-repo/javavscode/netbeans/nbbuild/netbeans/ide/modules/org-netbeans-modules-editor-errorstripe-api.jar:/Users/atalati/vscode-extension/main-repo/javavscode/netbeans/nbbuild/netbeans/ide/modules/org-netbeans-modules-editor-fold.jar:/Users/atalati/vscode-extension/main-repo/javavscode/netbeans/nbbuild/netbeans/ide/modules/org-netbeans-modules-editor-settings-lib.jar:/Users/atalati/vscode-extension/main-repo/javavscode/netbeans/nbbuild/netbeans/ide/modules/org-netbeans-modules-editor-lib.jar:/Users/atalati/vscode-extension/main-repo/javavscode/netbeans/nbbuild/netbeans/ide/modules/org-netbeans-modules-editor-lib2.jar:/Users/atalati/vscode-extension/main-repo/javavscode/netbeans/nbbuild/netbeans/platform/modules/org-openide-loaders.jar:/Users/atalati/vscode-extension/main-repo/javavscode/netbeans/nbbuild/netbeans/platform/modules/org-netbeans-api-templates.jar:/Users/atalati/vscode-extension/main-repo/javavscode/netbeans/nbbuild/netbeans/platform/modules/org-openide-actions.jar:/Users/atalati/vscode-extension/main-repo/javavscode/netbeans/nbbuild/netbeans/platform/modules/org-openide-text.jar:/Users/atalati/vscode-extension/main-repo/javavscode/netbeans/nbbuild/netbeans/platform/modules/org-openide-filesystems-nb.jar:/Users/atalati/vscode-extension/main-repo/javavscode/netbeans/nbbuild/netbeans/platform/modules/org-netbeans-modules-options-api.jar:/Users/atalati/vscode-extension/main-repo/javavscode/netbeans/nbbuild/netbeans/platform/modules/org-netbeans-core.jar:/Users/atalati/vscode-extension/main-repo/javavscode/netbeans/nbbuild/netbeans/platform/lib/boot.jar:/Users/atalati/vscode-extension/main-repo/javavscode/netbeans/nbbuild/netbeans/platform/core/core.jar:/Users/atalati/vscode-extension/main-repo/javavscode/netbeans/nbbuild/netbeans/platform/core/core-base.jar:/Users/atalati/vscode-extension/main-repo/javavscode/netbeans/nbbuild/netbeans/platform/modules/org-netbeans-modules-keyring.jar:/Users/atalati/vscode-extension/main-repo/javavscode/netbeans/nbbuild/netbeans/platform/modules/org-netbeans-modules-sampler.jar:/Users/atalati/vscode-extension/main-repo/javavscode/netbeans/nbbuild/netbeans/platform/modules/org-netbeans-swing-plaf.jar:/Users/atalati/vscode-extension/main-repo/javavscode/netbeans/nbbuild/netbeans/platform/modules/org-openide-io.jar:/Users/atalati/vscode-extension/main-repo/javavscode/netbeans/nbbuild/netbeans/platform/modules/org-netbeans-api-intent.jar:/Users/atalati/vscode-extension/main-repo/javavscode/netbeans/nbbuild/netbeans/platform/modules/org-netbeans-api-io.jar:/Users/atalati/vscode-extension/main-repo/javavscode/netbeans/nbbuild/netbeans/platform/modules/org-netbeans-spi-quicksearch.jar:/Users/atalati/vscode-extension/main-repo/javavscode/netbeans/nbbuild/netbeans/ide/modules/org-netbeans-modules-options-editor.jar:/Users/atalati/vscode-extension/main-repo/javavscode/netbeans/nbbuild/netbeans/ide/modules/org-netbeans-modules-editor.jar:/Users/atalati/vscode-extension/main-repo/javavscode/netbeans/nbbuild/netbeans/ide/modules/org-netbeans-api-lsp.jar:/Users/atalati/vscode-extension/main-repo/javavscode/netbeans/nbbuild/netbeans/ide/modules/org-netbeans-modules-editor-settings-storage.jar:/Users/atalati/vscode-extension/main-repo/javavscode/netbeans/nbbuild/netbeans/platform/modules/org-netbeans-modules-options-keymap.jar:/Users/atalati/vscode-extension/main-repo/javavscode/netbeans/nbbuild/netbeans/ide/modules/org-netbeans-spi-editor-hints.jar:/Users/atalati/vscode-extension/main-repo/javavscode/netbeans/nbbuild/netbeans/java/modules/org-netbeans-spi-java-hints.jar:/Users/atalati/vscode-extension/main-repo/javavscode/netbeans/nbbuild/netbeans/ide/modules/org-netbeans-modules-code-analysis.jar:/Users/atalati/vscode-extension/main-repo/javavscode/netbeans/nbbuild/netbeans/platform/modules/org-netbeans-modules-autoupdate-services.jar:/Users/atalati/vscode-extension/main-repo/javavscode/netbeans/nbbuild/netbeans/platform/modules/ext/updater.jar:/Users/atalati/vscode-extension/main-repo/javavscode/netbeans/nbbuild/netbeans/ide/modules/org-netbeans-modules-projectuiapi.jar:/Users/atalati/vscode-extension/main-repo/javavscode/netbeans/nbbuild/netbeans/platform/modules/org-netbeans-modules-settings.jar:/Users/atalati/vscode-extension/main-repo/javavscode/netbeans/nbbuild/netbeans/java/modules/org-netbeans-modules-java-project.jar:/Users/atalati/vscode-extension/main-repo/javavscode/netbeans/nbbuild/netbeans/ide/modules/org-netbeans-modules-project-ant.jar:/Users/atalati/vscode-extension/main-repo/javavscode/netbeans/nbbuild/netbeans/ide/modules/org-netbeans-modules-project-libraries.jar:/Users/atalati/vscode-extension/main-repo/javavscode/netbeans/nbbuild/netbeans/ide/modules/org-netbeans-modules-project-spi-intern.jar:/Users/atalati/vscode-extension/main-repo/javavscode/netbeans/nbbuild/netbeans/ide/modules/org-netbeans-modules-xml-catalog.jar:/Users/atalati/vscode-extension/main-repo/javavscode/netbeans/nbbuild/netbeans/ide/modules/org-apache-xml-resolver.jar:/Users/atalati/vscode-extension/main-repo/javavscode/netbeans/ide/o.apache.xml.resolver/external/resolver-1.2.jar:/Users/atalati/vscode-extension/main-repo/javavscode/netbeans/nbbuild/netbeans/ide/modules/ext/resolver-1.2.jar:/Users/atalati/vscode-extension/main-repo/javavscode/netbeans/nbbuild/netbeans/ide/modules/org-netbeans-api-xml.jar:/Users/atalati/vscode-extension/main-repo/javavscode/netbeans/nbbuild/netbeans/java/modules/org-netbeans-modules-java-source.jar:/Users/atalati/vscode-extension/main-repo/javavscode/netbeans/nbbuild/netbeans/platform/modules/org-netbeans-core-multiview.jar:/Users/atalati/vscode-extension/main-repo/javavscode/netbeans/nbbuild/netbeans/ide/modules/org-netbeans-modules-editor-indent-project.jar:/Users/atalati/vscode-extension/main-repo/javavscode/netbeans/nbbuild/netbeans/java/modules/org-netbeans-modules-java-lexer.jar:/Users/atalati/vscode-extension/main-repo/javavscode/netbeans/nbbuild/netbeans/ide/modules/org-netbeans-modules-lexer.jar:/Users/atalati/vscode-extension/main-repo/javavscode/netbeans/nbbuild/netbeans/ide/modules/org-netbeans-modules-editor-util.jar:/Users/atalati/vscode-extension/main-repo/javavscode/netbeans/nbbuild/netbeans/platform/lib/org-openide-util.jar:/Users/atalati/vscode-extension/main-repo/javavscode/netbeans/nbbuild/netbeans/platform/lib/org-openide-util-lookup.jar:/Users/atalati/vscode-extension/main-repo/javavscode/netbeans/nbbuild/netbeans/platform/lib/org-openide-util-ui.jar:/Users/atalati/vscode-extension/main-repo/javavscode/netbeans/nbbuild/netbeans/java/modules/org-netbeans-modules-java-platform.jar:/Users/atalati/vscode-extension/main-repo/javavscode/netbeans/nbbuild/netbeans/platform/modules/org-netbeans-api-annotations-common.jar:/Users/atalati/vscode-extension/main-repo/javavscode/netbeans/nbbuild/netbeans/java/modules/org-netbeans-api-java.jar:/Users/atalati/vscode-extension/main-repo/javavscode/netbeans/nbbuild/netbeans/ide/modules/org-netbeans-api-java-classpath.jar:/Users/atalati/vscode-extension/main-repo/javavscode/netbeans/nbbuild/netbeans/platform/core/org-openide-filesystems.jar:/Users/atalati/vscode-extension/main-repo/javavscode/netbeans/nbbuild/netbeans/platform/lib/org-openide-util.jar:/Users/atalati/vscode-extension/main-repo/javavscode/netbeans/nbbuild/netbeans/platform/lib/org-openide-util-lookup.jar:/Users/atalati/vscode-extension/main-repo/javavscode/netbeans/nbbuild/netbeans/platform/lib/org-openide-modules.jar:/Users/atalati/vscode-extension/main-repo/javavscode/netbeans/nbbuild/netbeans/platform/lib/org-openide-util-ui.jar:/Users/atalati/vscode-extension/main-repo/javavscode/netbeans/nbbuild/netbeans/java/modules/org-netbeans-modules-java-preprocessorbridge.jar:/Users/atalati/vscode-extension/main-repo/javavscode/netbeans/nbbuild/netbeans/platform/modules/org-netbeans-api-annotations-common.jar:/Users/atalati/vscode-extension/main-repo/javavscode/netbeans/nbbuild/netbeans/ide/modules/org-netbeans-api-java-classpath.jar:/Users/atalati/vscode-extension/main-repo/javavscode/netbeans/nbbuild/netbeans/platform/core/org-openide-filesystems.jar:/Users/atalati/vscode-extension/main-repo/javavscode/netbeans/nbbuild/netbeans/platform/lib/org-openide-util.jar:/Users/atalati/vscode-extension/main-repo/javavscode/netbeans/nbbuild/netbeans/platform/lib/org-openide-util-lookup.jar:/Users/atalati/vscode-extension/main-repo/javavscode/netbeans/nbbuild/netbeans/java/modules/org-netbeans-libs-javacapi.jar:/Users/atalati/vscode-extension/main-repo/javavscode/netbeans/java/libs.javacapi/external/nb-javac-jdk-22+33-api.jar:/Users/atalati/vscode-extension/main-repo/javavscode/netbeans/java/libs.javacapi/external/nb-javac-jdk-22+33.jar:/Users/atalati/vscode-extension/main-repo/javavscode/netbeans/nbbuild/netbeans/ide/modules/org-netbeans-modules-parsing-api.jar:/Users/atalati/vscode-extension/main-repo/javavscode/netbeans/nbbuild/netbeans/ide/modules/org-netbeans-modules-editor-document.jar:/Users/atalati/vscode-extension/main-repo/javavscode/netbeans/nbbuild/netbeans/platform/modules/org-netbeans-modules-editor-mimelookup.jar:/Users/atalati/vscode-extension/main-repo/javavscode/netbeans/nbbuild/netbeans/ide/modules/org-netbeans-modules-editor-util.jar:/Users/atalati/vscode-extension/main-repo/javavscode/netbeans/nbbuild/netbeans/ide/modules/org-netbeans-modules-lexer.jar:/Users/atalati/vscode-extension/main-repo/javavscode/netbeans/nbbuild/netbeans/platform/lib/org-openide-util-ui.jar:/Users/atalati/vscode-extension/main-repo/javavscode/netbeans/nbbuild/netbeans/ide/modules/org-netbeans-modules-parsing-lucene.jar:/Users/atalati/vscode-extension/main-repo/javavscode/netbeans/nbbuild/netbeans/ide/modules/org-netbeans-libs-lucene.jar:/Users/atalati/vscode-extension/main-repo/javavscode/netbeans/ide/libs.lucene/external/lucene-core-3.6.2.jar:/Users/atalati/vscode-extension/main-repo/javavscode/netbeans/nbbuild/netbeans/ide/modules/ext/lucene-core-3.6.2.jar:/Users/atalati/vscode-extension/main-repo/javavscode/netbeans/nbbuild/netbeans/platform/modules/org-netbeans-modules-masterfs.jar:/Users/atalati/vscode-extension/main-repo/javavscode/netbeans/nbbuild/netbeans/platform/modules/org-netbeans-modules-queries.jar:/Users/atalati/vscode-extension/main-repo/javavscode/netbeans/nbbuild/netbeans/platform/lib/org-openide-modules.jar:/Users/atalati/vscode-extension/main-repo/javavscode/netbeans/nbbuild/netbeans/ide/modules/org-netbeans-modules-projectapi.jar:/Users/atalati/vscode-extension/main-repo/javavscode/netbeans/nbbuild/netbeans/ide/modules/org-netbeans-modules-parsing-indexing.jar:/Users/atalati/vscode-extension/main-repo/javavscode/netbeans/nbbuild/netbeans/platform/modules/org-netbeans-api-progress.jar:/Users/atalati/vscode-extension/main-repo/javavscode/netbeans/nbbuild/netbeans/ide/modules/org-netbeans-modules-project-indexingbridge.jar:/Users/atalati/vscode-extension/main-repo/javavscode/netbeans/nbbuild/netbeans/ide/modules/org-netbeans-modules-projectuiapi-base.jar:/Users/atalati/vscode-extension/main-repo/javavscode/netbeans/nbbuild/netbeans/platform/modules/org-openide-explorer.jar:/Users/atalati/vscode-extension/main-repo/javavscode/netbeans/nbbuild/netbeans/platform/modules/org-netbeans-swing-outline.jar:/Users/atalati/vscode-extension/main-repo/javavscode/netbeans/nbbuild/netbeans/platform/modules/org-netbeans-swing-tabcontrol.jar:/Users/atalati/vscode-extension/main-repo/javavscode/netbeans/nbbuild/netbeans/platform/modules/org-openide-awt.jar:/Users/atalati/vscode-extension/main-repo/javavscode/netbeans/nbbuild/netbeans/platform/modules/org-openide-windows.jar:/Users/atalati/vscode-extension/main-repo/javavscode/netbeans/nbbuild/netbeans/platform/modules/org-openide-nodes.jar:/Users/atalati/vscode-extension/main-repo/javavscode/netbeans/nbbuild/netbeans/platform/modules/org-openide-dialogs.jar:/Users/atalati/vscode-extension/main-repo/javavscode/netbeans/nbbuild/netbeans/platform/modules/org-netbeans-api-progress-nb.jar:/Users/atalati/vscode-extension/main-repo/javavscode/netbeans/nbbuild/netbeans/ide/modules/org-netbeans-spi-tasklist.jar:/Users/atalati/vscode-extension/main-repo/javavscode/netbeans/nbbuild/netbeans/java/modules/org-netbeans-modules-java-project.jar:/Users/atalati/vscode-extension/main-repo/javavscode/netbeans/nbbuild/netbeans/platform/modules/org-netbeans-api-annotations-common.jar:/Users/atalati/vscode-extension/main-repo/javavscode/netbeans/nbbuild/netbeans/java/modules/org-netbeans-api-java.jar:/Users/atalati/vscode-extension/main-repo/javavscode/netbeans/nbbuild/netbeans/ide/modules/org-netbeans-api-java-classpath.jar:/Users/atalati/vscode-extension/main-repo/javavscode/netbeans/nbbuild/netbeans/platform/core/org-openide-filesystems.jar:/Users/atalati/vscode-extension/main-repo/javavscode/netbeans/nbbuild/netbeans/platform/lib/org-openide-util.jar:/Users/atalati/vscode-extension/main-repo/javavscode/netbeans/nbbuild/netbeans/platform/lib/org-openide-util-lookup.jar:/Users/atalati/vscode-extension/main-repo/javavscode/netbeans/nbbuild/netbeans/platform/lib/org-openide-modules.jar:/Users/atalati/vscode-extension/main-repo/javavscode/netbeans/nbbuild/netbeans/platform/lib/org-openide-util-ui.jar:/Users/atalati/vscode-extension/main-repo/javavscode/netbeans/nbbuild/netbeans/java/modules/org-netbeans-modules-classfile.jar:/Users/atalati/vscode-extension/main-repo/javavscode/netbeans/nbbuild/netbeans/java/modules/org-netbeans-modules-java-platform.jar:/Users/atalati/vscode-extension/main-repo/javavscode/netbeans/nbbuild/netbeans/java/modules/org-netbeans-modules-java-source-base.jar:/Users/atalati/vscode-extension/main-repo/javavscode/netbeans/nbbuild/netbeans/platform/modules/org-netbeans-api-progress.jar:/Users/atalati/vscode-extension/main-repo/javavscode/netbeans/nbbuild/netbeans/platform/modules/org-netbeans-api-scripting.jar:/Users/atalati/vscode-extension/main-repo/javavscode/netbeans/nbbuild/netbeans/java/modules/org-netbeans-lib-nbjavac.jar:/Users/atalati/vscode-extension/main-repo/javavscode/netbeans/nbbuild/netbeans/java/modules/org-netbeans-libs-javacapi.jar:/Users/atalati/vscode-extension/main-repo/javavscode/netbeans/java/libs.javacapi/external/nb-javac-jdk-22+33-api.jar:/Users/atalati/vscode-extension/main-repo/javavscode/netbeans/java/libs.javacapi/external/nb-javac-jdk-22+33.jar:/Users/atalati/vscode-extension/main-repo/javavscode/netbeans/nbbuild/netbeans/platform/core/org-netbeans-libs-asm.jar:/Users/atalati/vscode-extension/main-repo/javavscode/netbeans/platform/libs.asm/external/asm-9.6.jar:/Users/atalati/vscode-extension/main-repo/javavscode/netbeans/nbbuild/netbeans/platform/core/asm-9.6.jar:/Users/atalati/vscode-extension/main-repo/javavscode/netbeans/platform/libs.asm/external/asm-tree-9.6.jar:/Users/atalati/vscode-extension/main-repo/javavscode/netbeans/nbbuild/netbeans/platform/core/asm-tree-9.6.jar:/Users/atalati/vscode-extension/main-repo/javavscode/netbeans/platform/libs.asm/external/asm-commons-9.6.jar:/Users/atalati/vscode-extension/main-repo/javavscode/netbeans/nbbuild/netbeans/platform/core/asm-commons-9.6.jar:/Users/atalati/vscode-extension/main-repo/javavscode/netbeans/nbbuild/netbeans/ide/modules/org-netbeans-libs-lucene.jar:/Users/atalati/vscode-extension/main-repo/javavscode/netbeans/ide/libs.lucene/external/lucene-core-3.6.2.jar:/Users/atalati/vscode-extension/main-repo/javavscode/netbeans/nbbuild/netbeans/ide/modules/ext/lucene-core-3.6.2.jar:/Users/atalati/vscode-extension/main-repo/javavscode/netbeans/nbbuild/netbeans/ide/modules/org-netbeans-modules-editor-document.jar:/Users/atalati/vscode-extension/main-repo/javavscode/netbeans/nbbuild/netbeans/platform/modules/org-netbeans-modules-editor-mimelookup.jar:/Users/atalati/vscode-extension/main-repo/javavscode/netbeans/nbbuild/netbeans/ide/modules/org-netbeans-modules-editor-util.jar:/Users/atalati/vscode-extension/main-repo/javavscode/netbeans/nbbuild/netbeans/ide/modules/org-netbeans-modules-editor-guards.jar:/Users/atalati/vscode-extension/main-repo/javavscode/netbeans/nbbuild/netbeans/ide/modules/org-netbeans-modules-editor-indent.jar:/Users/atalati/vscode-extension/main-repo/javavscode/netbeans/nbbuild/netbeans/ide/modules/org-netbeans-modules-editor-settings.jar:/Users/atalati/vscode-extension/main-repo/javavscode/netbeans/nbbuild/netbeans/ide/modules/org-netbeans-modules-lexer.jar:/Users/atalati/vscode-extension/main-repo/javavscode/netbeans/nbbuild/netbeans/java/modules/org-netbeans-modules-java-lexer.jar:/Users/atalati/vscode-extension/main-repo/javavscode/netbeans/nbbuild/netbeans/java/modules/org-netbeans-modules-java-preprocessorbridge.jar:/Users/atalati/vscode-extension/main-repo/javavscode/netbeans/nbbuild/netbeans/ide/modules/org-netbeans-modules-parsing-api.jar:/Users/atalati/vscode-extension/main-repo/javavscode/netbeans/nbbuild/netbeans/ide/modules/org-netbeans-modules-parsing-lucene.jar:/Users/atalati/vscode-extension/main-repo/javavscode/netbeans/nbbuild/netbeans/platform/modules/org-netbeans-modules-masterfs.jar:/Users/atalati/vscode-extension/main-repo/javavscode/netbeans/nbbuild/netbeans/platform/modules/org-netbeans-modules-queries.jar:/Users/atalati/vscode-extension/main-repo/javavscode/netbeans/nbbuild/netbeans/ide/modules/org-netbeans-modules-projectapi.jar:/Users/atalati/vscode-extension/main-repo/javavscode/netbeans/nbbuild/netbeans/ide/modules/org-netbeans-modules-parsing-indexing.jar:/Users/atalati/vscode-extension/main-repo/javavscode/netbeans/nbbuild/netbeans/ide/modules/org-netbeans-modules-project-indexingbridge.jar:/Users/atalati/vscode-extension/main-repo/javavscode/netbeans/nbbuild/netbeans/ide/modules/org-netbeans-modules-projectuiapi-base.jar:/Users/atalati/vscode-extension/main-repo/javavscode/netbeans/nbbuild/netbeans/platform/modules/org-openide-explorer.jar:/Users/atalati/vscode-extension/main-repo/javavscode/netbeans/nbbuild/netbeans/platform/modules/org-netbeans-swing-outline.jar:/Users/atalati/vscode-extension/main-repo/javavscode/netbeans/nbbuild/netbeans/platform/modules/org-netbeans-swing-tabcontrol.jar:/Users/atalati/vscode-extension/main-repo/javavscode/netbeans/nbbuild/netbeans/platform/modules/org-openide-awt.jar:/Users/atalati/vscode-extension/main-repo/javavscode/netbeans/nbbuild/netbeans/platform/modules/org-openide-windows.jar:/Users/atalati/vscode-extension/main-repo/javavscode/netbeans/nbbuild/netbeans/platform/modules/org-openide-nodes.jar:/Users/atalati/vscode-extension/main-repo/javavscode/netbeans/nbbuild/netbeans/platform/modules/org-openide-dialogs.jar:/Users/atalati/vscode-extension/main-repo/javavscode/netbeans/nbbuild/netbeans/platform/modules/org-netbeans-api-progress-nb.jar:/Users/atalati/vscode-extension/main-repo/javavscode/netbeans/nbbuild/netbeans/ide/modules/org-netbeans-spi-tasklist.jar:/Users/atalati/vscode-extension/main-repo/javavscode/netbeans/nbbuild/netbeans/ide/modules/org-netbeans-modules-refactoring-api.jar:/Users/atalati/vscode-extension/main-repo/javavscode/netbeans/nbbuild/netbeans/ide/modules/org-netbeans-modules-diff.jar:/Users/atalati/vscode-extension/main-repo/javavscode/netbeans/nbbuild/netbeans/ide/modules/org-netbeans-modules-editor-errorstripe.jar:/Users/atalati/vscode-extension/main-repo/javavscode/netbeans/nbbuild/netbeans/ide/modules/org-netbeans-modules-editor-errorstripe-api.jar:/Users/atalati/vscode-extension/main-repo/javavscode/netbeans/nbbuild/netbeans/ide/modules/org-netbeans-modules-editor-fold.jar:/Users/atalati/vscode-extension/main-repo/javavscode/netbeans/nbbuild/netbeans/ide/modules/org-netbeans-modules-editor-settings-lib.jar:/Users/atalati/vscode-extension/main-repo/javavscode/netbeans/nbbuild/netbeans/ide/modules/org-netbeans-modules-editor-lib.jar:/Users/atalati/vscode-extension/main-repo/javavscode/netbeans/nbbuild/netbeans/ide/modules/org-netbeans-modules-editor-lib2.jar:/Users/atalati/vscode-extension/main-repo/javavscode/netbeans/nbbuild/netbeans/platform/modules/org-openide-loaders.jar:/Users/atalati/vscode-extension/main-repo/javavscode/netbeans/nbbuild/netbeans/platform/modules/org-netbeans-api-templates.jar:/Users/atalati/vscode-extension/main-repo/javavscode/netbeans/nbbuild/netbeans/platform/modules/org-openide-actions.jar:/Users/atalati/vscode-extension/main-repo/javavscode/netbeans/nbbuild/netbeans/platform/modules/org-openide-text.jar:/Users/atalati/vscode-extension/main-repo/javavscode/netbeans/nbbuild/netbeans/platform/modules/org-openide-filesystems-nb.jar:/Users/atalati/vscode-extension/main-repo/javavscode/netbeans/nbbuild/netbeans/platform/modules/org-netbeans-modules-options-api.jar:/Users/atalati/vscode-extension/main-repo/javavscode/netbeans/nbbuild/netbeans/platform/modules/org-netbeans-core.jar:/Users/atalati/vscode-extension/main-repo/javavscode/netbeans/nbbuild/netbeans/platform/lib/boot.jar:/Users/atalati/vscode-extension/main-repo/javavscode/netbeans/nbbuild/netbeans/platform/core/core.jar:/Users/atalati/vscode-extension/main-repo/javavscode/netbeans/nbbuild/netbeans/platform/core/core-base.jar:/Users/atalati/vscode-extension/main-repo/javavscode/netbeans/nbbuild/netbeans/platform/modules/org-netbeans-modules-keyring.jar:/Users/atalati/vscode-extension/main-repo/javavscode/netbeans/nbbuild/netbeans/platform/modules/org-netbeans-modules-sampler.jar:/Users/atalati/vscode-extension/main-repo/javavscode/netbeans/nbbuild/netbeans/platform/modules/org-netbeans-swing-plaf.jar:/Users/atalati/vscode-extension/main-repo/javavscode/netbeans/nbbuild/netbeans/platform/modules/org-openide-io.jar:/Users/atalati/vscode-extension/main-repo/javavscode/netbeans/nbbuild/netbeans/platform/modules/org-netbeans-api-intent.jar:/Users/atalati/vscode-extension/main-repo/javavscode/netbeans/nbbuild/netbeans/platform/modules/org-netbeans-api-io.jar:/Users/atalati/vscode-extension/main-repo/javavscode/netbeans/nbbuild/netbeans/platform/modules/org-netbeans-spi-quicksearch.jar:/Users/atalati/vscode-extension/main-repo/javavscode/netbeans/nbbuild/netbeans/ide/modules/org-netbeans-modules-options-editor.jar:/Users/atalati/vscode-extension/main-repo/javavscode/netbeans/nbbuild/netbeans/ide/modules/org-netbeans-modules-editor.jar:/Users/atalati/vscode-extension/main-repo/javavscode/netbeans/nbbuild/netbeans/ide/modules/org-netbeans-api-lsp.jar:/Users/atalati/vscode-extension/main-repo/javavscode/netbeans/nbbuild/netbeans/ide/modules/org-netbeans-modules-editor-settings-storage.jar:/Users/atalati/vscode-extension/main-repo/javavscode/netbeans/nbbuild/netbeans/platform/modules/org-netbeans-modules-options-keymap.jar:/Users/atalati/vscode-extension/main-repo/javavscode/netbeans/nbbuild/netbeans/ide/modules/org-netbeans-modules-project-ant.jar:/Users/atalati/vscode-extension/main-repo/javavscode/netbeans/nbbuild/netbeans/ide/modules/org-netbeans-modules-project-libraries.jar:/Users/atalati/vscode-extension/main-repo/javavscode/netbeans/nbbuild/netbeans/ide/modules/org-netbeans-modules-project-spi-intern.jar:/Users/atalati/vscode-extension/main-repo/javavscode/netbeans/nbbuild/netbeans/ide/modules/org-netbeans-modules-xml-catalog.jar:/Users/atalati/vscode-extension/main-repo/javavscode/netbeans/nbbuild/netbeans/ide/modules/org-apache-xml-resolver.jar:/Users/atalati/vscode-extension/main-repo/javavscode/netbeans/ide/o.apache.xml.resolver/external/resolver-1.2.jar:/Users/atalati/vscode-extension/main-repo/javavscode/netbeans/nbbuild/netbeans/ide/modules/ext/resolver-1.2.jar:/Users/atalati/vscode-extension/main-repo/javavscode/netbeans/nbbuild/netbeans/ide/modules/org-netbeans-api-xml.jar:/Users/atalati/vscode-extension/main-repo/javavscode/netbeans/nbbuild/netbeans/java/modules/org-netbeans-modules-java-source.jar:/Users/atalati/vscode-extension/main-repo/javavscode/netbeans/nbbuild/netbeans/platform/modules/org-netbeans-api-annotations-common.jar:/Users/atalati/vscode-extension/main-repo/javavscode/netbeans/nbbuild/netbeans/java/modules/org-netbeans-api-java.jar:/Users/atalati/vscode-extension/main-repo/javavscode/netbeans/nbbuild/netbeans/ide/modules/org-netbeans-api-java-classpath.jar:/Users/atalati/vscode-extension/main-repo/javavscode/netbeans/nbbuild/netbeans/platform/core/org-openide-filesystems.jar:/Users/atalati/vscode-extension/main-repo/javavscode/netbeans/nbbuild/netbeans/platform/lib/org-openide-util.jar:/Users/atalati/vscode-extension/main-repo/javavscode/netbeans/nbbuild/netbeans/platform/lib/org-openide-util-lookup.jar:/Users/atalati/vscode-extension/main-repo/javavscode/netbeans/nbbuild/netbeans/platform/lib/org-openide-modules.jar:/Users/atalati/vscode-extension/main-repo/javavscode/netbeans/nbbuild/netbeans/platform/lib/org-openide-util-ui.jar:/Users/atalati/vscode-extension/main-repo/javavscode/netbeans/nbbuild/netbeans/platform/modules/org-netbeans-api-progress.jar:/Users/atalati/vscode-extension/main-repo/javavscode/netbeans/nbbuild/netbeans/platform/modules/org-netbeans-api-progress-nb.jar:/Users/atalati/vscode-extension/main-repo/javavscode/netbeans/nbbuild/netbeans/platform/modules/org-openide-awt.jar:/Users/atalati/vscode-extension/main-repo/javavscode/netbeans/nbbuild/netbeans/platform/modules/org-netbeans-api-templates.jar:/Users/atalati/vscode-extension/main-repo/javavscode/netbeans/nbbuild/netbeans/platform/modules/org-netbeans-api-scripting.jar:/Users/atalati/vscode-extension/main-repo/javavscode/netbeans/nbbuild/netbeans/platform/modules/org-netbeans-modules-queries.jar:/Users/atalati/vscode-extension/main-repo/javavscode/netbeans/nbbuild/netbeans/platform/modules/org-netbeans-core-multiview.jar:/Users/atalati/vscode-extension/main-repo/javavscode/netbeans/nbbuild/netbeans/platform/modules/org-netbeans-modules-editor-mimelookup.jar:/Users/atalati/vscode-extension/main-repo/javavscode/netbeans/nbbuild/netbeans/platform/modules/org-openide-dialogs.jar:/Users/atalati/vscode-extension/main-repo/javavscode/netbeans/nbbuild/netbeans/platform/modules/org-openide-nodes.jar:/Users/atalati/vscode-extension/main-repo/javavscode/netbeans/nbbuild/netbeans/platform/modules/org-openide-text.jar:/Users/atalati/vscode-extension/main-repo/javavscode/netbeans/nbbuild/netbeans/platform/modules/org-openide-windows.jar:/Users/atalati/vscode-extension/main-repo/javavscode/netbeans/nbbuild/netbeans/java/modules/org-netbeans-lib-nbjavac.jar:/Users/atalati/vscode-extension/main-repo/javavscode/netbeans/nbbuild/netbeans/java/modules/org-netbeans-libs-javacapi.jar:/Users/atalati/vscode-extension/main-repo/javavscode/netbeans/java/libs.javacapi/external/nb-javac-jdk-22+33-api.jar:/Users/atalati/vscode-extension/main-repo/javavscode/netbeans/java/libs.javacapi/external/nb-javac-jdk-22+33.jar:/Users/atalati/vscode-extension/main-repo/javavscode/netbeans/nbbuild/netbeans/ide/modules/org-netbeans-libs-lucene.jar:/Users/atalati/vscode-extension/main-repo/javavscode/netbeans/ide/libs.lucene/external/lucene-core-3.6.2.jar:/Users/atalati/vscode-extension/main-repo/javavscode/netbeans/nbbuild/netbeans/ide/modules/ext/lucene-core-3.6.2.jar:/Users/atalati/vscode-extension/main-repo/javavscode/netbeans/nbbuild/netbeans/platform/modules/org-netbeans-modules-autoupdate-services.jar:/Users/atalati/vscode-extension/main-repo/javavscode/netbeans/nbbuild/netbeans/platform/modules/ext/updater.jar:/Users/atalati/vscode-extension/main-repo/javavscode/netbeans/nbbuild/netbeans/platform/lib/boot.jar:/Users/atalati/vscode-extension/main-repo/javavscode/netbeans/nbbuild/netbeans/platform/core/core.jar:/Users/atalati/vscode-extension/main-repo/javavscode/netbeans/nbbuild/netbeans/platform/core/org-netbeans-libs-asm.jar:/Users/atalati/vscode-extension/main-repo/javavscode/netbeans/platform/libs.asm/external/asm-9.6.jar:/Users/atalati/vscode-extension/main-repo/javavscode/netbeans/nbbuild/netbeans/platform/core/asm-9.6.jar:/Users/atalati/vscode-extension/main-repo/javavscode/netbeans/platform/libs.asm/external/asm-tree-9.6.jar:/Users/atalati/vscode-extension/main-repo/javavscode/netbeans/nbbuild/netbeans/platform/core/asm-tree-9.6.jar:/Users/atalati/vscode-extension/main-repo/javavscode/netbeans/platform/libs.asm/external/asm-commons-9.6.jar:/Users/atalati/vscode-extension/main-repo/javavscode/netbeans/nbbuild/netbeans/platform/core/asm-commons-9.6.jar:/Users/atalati/vscode-extension/main-repo/javavscode/netbeans/nbbuild/netbeans/platform/core/core-base.jar:/Users/atalati/vscode-extension/main-repo/javavscode/netbeans/nbbuild/netbeans/java/modules/org-netbeans-modules-classfile.jar:/Users/atalati/vscode-extension/main-repo/javavscode/netbeans/nbbuild/netbeans/ide/modules/org-netbeans-modules-editor-document.jar:/Users/atalati/vscode-extension/main-repo/javavscode/netbeans/nbbuild/netbeans/ide/modules/org-netbeans-modules-editor-util.jar:/Users/atalati/vscode-extension/main-repo/javavscode/netbeans/nbbuild/netbeans/ide/modules/org-netbeans-modules-editor-guards.jar:/Users/atalati/vscode-extension/main-repo/javavscode/netbeans/nbbuild/netbeans/ide/modules/org-netbeans-modules-editor-indent.jar:/Users/atalati/vscode-extension/main-repo/javavscode/netbeans/nbbuild/netbeans/ide/modules/org-netbeans-modules-editor-settings.jar:/Users/atalati/vscode-extension/main-repo/javavscode/netbeans/nbbuild/netbeans/ide/modules/org-netbeans-modules-lexer.jar:/Users/atalati/vscode-extension/main-repo/javavscode/netbeans/nbbuild/netbeans/ide/modules/org-netbeans-modules-editor-indent-project.jar:/Users/atalati/vscode-extension/main-repo/javavscode/netbeans/nbbuild/netbeans/ide/modules/org-netbeans-modules-editor-lib2.jar:/Users/atalati/vscode-extension/main-repo/javavscode/netbeans/nbbuild/netbeans/ide/modules/org-netbeans-modules-editor-settings-storage.jar:/Users/atalati/vscode-extension/main-repo/javavscode/netbeans/nbbuild/netbeans/platform/modules/org-openide-filesystems-nb.jar:/Users/atalati/vscode-extension/main-repo/javavscode/netbeans/nbbuild/netbeans/platform/modules/org-netbeans-modules-options-keymap.jar:/Users/atalati/vscode-extension/main-repo/javavscode/netbeans/nbbuild/netbeans/platform/modules/org-netbeans-modules-options-api.jar:/Users/atalati/vscode-extension/main-repo/javavscode/netbeans/nbbuild/netbeans/platform/modules/org-netbeans-core.jar:/Users/atalati/vscode-extension/main-repo/javavscode/netbeans/nbbuild/netbeans/platform/modules/org-netbeans-modules-keyring.jar:/Users/atalati/vscode-extension/main-repo/javavscode/netbeans/nbbuild/netbeans/platform/modules/org-netbeans-modules-sampler.jar:/Users/atalati/vscode-extension/main-repo/javavscode/netbeans/nbbuild/netbeans/platform/modules/org-netbeans-swing-plaf.jar:/Users/atalati/vscode-extension/main-repo/javavscode/netbeans/nbbuild/netbeans/platform/modules/org-openide-actions.jar:/Users/atalati/vscode-extension/main-repo/javavscode/netbeans/nbbuild/netbeans/platform/modules/org-openide-explorer.jar:/Users/atalati/vscode-extension/main-repo/javavscode/netbeans/nbbuild/netbeans/platform/modules/org-netbeans-swing-outline.jar:/Users/atalati/vscode-extension/main-repo/javavscode/netbeans/nbbuild/netbeans/platform/modules/org-netbeans-swing-tabcontrol.jar:/Users/atalati/vscode-extension/main-repo/javavscode/netbeans/nbbuild/netbeans/platform/modules/org-openide-io.jar:/Users/atalati/vscode-extension/main-repo/javavscode/netbeans/nbbuild/netbeans/platform/modules/org-netbeans-api-intent.jar:/Users/atalati/vscode-extension/main-repo/javavscode/netbeans/nbbuild/netbeans/platform/modules/org-netbeans-api-io.jar:/Users/atalati/vscode-extension/main-repo/javavscode/netbeans/nbbuild/netbeans/platform/modules/org-openide-loaders.jar:/Users/atalati/vscode-extension/main-repo/javavscode/netbeans/nbbuild/netbeans/platform/modules/org-netbeans-spi-quicksearch.jar:/Users/atalati/vscode-extension/main-repo/javavscode/netbeans/nbbuild/netbeans/ide/modules/org-netbeans-modules-editor-settings-lib.jar:/Users/atalati/vscode-extension/main-repo/javavscode/netbeans/nbbuild/netbeans/ide/modules/org-netbeans-modules-options-editor.jar:/Users/atalati/vscode-extension/main-repo/javavscode/netbeans/nbbuild/netbeans/ide/modules/org-netbeans-modules-editor.jar:/Users/atalati/vscode-extension/main-repo/javavscode/netbeans/nbbuild/netbeans/ide/modules/org-netbeans-api-lsp.jar:/Users/atalati/vscode-extension/main-repo/javavscode/netbeans/nbbuild/netbeans/ide/modules/org-netbeans-modules-editor-fold.jar:/Users/atalati/vscode-extension/main-repo/javavscode/netbeans/nbbuild/netbeans/ide/modules/org-netbeans-modules-editor-lib.jar:/Users/atalati/vscode-extension/main-repo/javavscode/netbeans/nbbuild/netbeans/ide/modules/org-netbeans-modules-projectapi.jar:/Users/atalati/vscode-extension/main-repo/javavscode/netbeans/nbbuild/netbeans/ide/modules/org-netbeans-modules-projectuiapi.jar:/Users/atalati/vscode-extension/main-repo/javavscode/netbeans/nbbuild/netbeans/ide/modules/org-netbeans-modules-projectuiapi-base.jar:/Users/atalati/vscode-extension/main-repo/javavscode/netbeans/nbbuild/netbeans/java/modules/org-netbeans-modules-java-platform.jar:/Users/atalati/vscode-extension/main-repo/javavscode/netbeans/nbbuild/netbeans/java/modules/org-netbeans-modules-java-preprocessorbridge.jar:/Users/atalati/vscode-extension/main-repo/javavscode/netbeans/nbbuild/netbeans/ide/modules/org-netbeans-modules-parsing-api.jar:/Users/atalati/vscode-extension/main-repo/javavscode/netbeans/nbbuild/netbeans/ide/modules/org-netbeans-modules-parsing-lucene.jar:/Users/atalati/vscode-extension/main-repo/javavscode/netbeans/nbbuild/netbeans/platform/modules/org-netbeans-modules-masterfs.jar:/Users/atalati/vscode-extension/main-repo/javavscode/netbeans/nbbuild/netbeans/ide/modules/org-netbeans-modules-parsing-indexing.jar:/Users/atalati/vscode-extension/main-repo/javavscode/netbeans/nbbuild/netbeans/ide/modules/org-netbeans-modules-project-indexingbridge.jar:/Users/atalati/vscode-extension/main-repo/javavscode/netbeans/nbbuild/netbeans/ide/modules/org-netbeans-spi-tasklist.jar:/Users/atalati/vscode-extension/main-repo/javavscode/netbeans/nbbuild/netbeans/java/modules/org-netbeans-modules-java-source-base.jar:/Users/atalati/vscode-extension/main-repo/javavscode/netbeans/nbbuild/netbeans/java/modules/org-netbeans-modules-java-lexer.jar:/Users/atalati/vscode-extension/main-repo/javavscode/netbeans/nbbuild/netbeans/ide/modules/org-netbeans-modules-refactoring-api.jar:/Users/atalati/vscode-extension/main-repo/javavscode/netbeans/nbbuild/netbeans/ide/modules/org-netbeans-modules-diff.jar:/Users/atalati/vscode-extension/main-repo/javavscode/netbeans/nbbuild/netbeans/ide/modules/org-netbeans-modules-editor-errorstripe.jar:/Users/atalati/vscode-extension/main-repo/javavscode/netbeans/nbbuild/netbeans/ide/modules/org-netbeans-modules-editor-errorstripe-api.jar:/Users/atalati/vscode-extension/main-repo/javavscode/netbeans/nbbuild/netbeans/java/modules/org-netbeans-modules-java-source-base.jar:/Users/atalati/vscode-extension/main-repo/javavscode/netbeans/nbbuild/netbeans/platform/modules/org-netbeans-api-annotations-common.jar:/Users/atalati/vscode-extension/main-repo/javavscode/netbeans/nbbuild/netbeans/java/modules/org-netbeans-api-java.jar:/Users/atalati/vscode-extension/main-repo/javavscode/netbeans/nbbuild/netbeans/ide/modules/org-netbeans-api-java-classpath.jar:/Users/atalati/vscode-extension/main-repo/javavscode/netbeans/nbbuild/netbeans/platform/core/org-openide-filesystems.jar:/Users/atalati/vscode-extension/main-repo/javavscode/netbeans/nbbuild/netbeans/platform/lib/org-openide-util.jar:/Users/atalati/vscode-extension/main-repo/javavscode/netbeans/nbbuild/netbeans/platform/lib/org-openide-util-lookup.jar:/Users/atalati/vscode-extension/main-repo/javavscode/netbeans/nbbuild/netbeans/platform/lib/org-openide-modules.jar:/Users/atalati/vscode-extension/main-repo/javavscode/netbeans/nbbuild/netbeans/platform/lib/org-openide-util-ui.jar:/Users/atalati/vscode-extension/main-repo/javavscode/netbeans/nbbuild/netbeans/platform/modules/org-netbeans-api-progress.jar:/Users/atalati/vscode-extension/main-repo/javavscode/netbeans/nbbuild/netbeans/platform/modules/org-netbeans-api-scripting.jar:/Users/atalati/vscode-extension/main-repo/javavscode/netbeans/nbbuild/netbeans/java/modules/org-netbeans-lib-nbjavac.jar:/Users/atalati/vscode-extension/main-repo/javavscode/netbeans/nbbuild/netbeans/java/modules/org-netbeans-libs-javacapi.jar:/Users/atalati/vscode-extension/main-repo/javavscode/netbeans/java/libs.javacapi/external/nb-javac-jdk-22+33-api.jar:/Users/atalati/vscode-extension/main-repo/javavscode/netbeans/java/libs.javacapi/external/nb-javac-jdk-22+33.jar:/Users/atalati/vscode-extension/main-repo/javavscode/netbeans/nbbuild/netbeans/platform/core/org-netbeans-libs-asm.jar:/Users/atalati/vscode-extension/main-repo/javavscode/netbeans/platform/libs.asm/external/asm-9.6.jar:/Users/atalati/vscode-extension/main-repo/javavscode/netbeans/nbbuild/netbeans/platform/core/asm-9.6.jar:/Users/atalati/vscode-extension/main-repo/javavscode/netbeans/platform/libs.asm/external/asm-tree-9.6.jar:/Users/atalati/vscode-extension/main-repo/javavscode/netbeans/nbbuild/netbeans/platform/core/asm-tree-9.6.jar:/Users/atalati/vscode-extension/main-repo/javavscode/netbeans/platform/libs.asm/external/asm-commons-9.6.jar:/Users/atalati/vscode-extension/main-repo/javavscode/netbeans/nbbuild/netbeans/platform/core/asm-commons-9.6.jar:/Users/atalati/vscode-extension/main-repo/javavscode/netbeans/nbbuild/netbeans/ide/modules/org-netbeans-libs-lucene.jar:/Users/atalati/vscode-extension/main-repo/javavscode/netbeans/ide/libs.lucene/external/lucene-core-3.6.2.jar:/Users/atalati/vscode-extension/main-repo/javavscode/netbeans/nbbuild/netbeans/ide/modules/ext/lucene-core-3.6.2.jar:/Users/atalati/vscode-extension/main-repo/javavscode/netbeans/nbbuild/netbeans/java/modules/org-netbeans-modules-classfile.jar:/Users/atalati/vscode-extension/main-repo/javavscode/netbeans/nbbuild/netbeans/ide/modules/org-netbeans-modules-editor-document.jar:/Users/atalati/vscode-extension/main-repo/javavscode/netbeans/nbbuild/netbeans/platform/modules/org-netbeans-modules-editor-mimelookup.jar:/Users/atalati/vscode-extension/main-repo/javavscode/netbeans/nbbuild/netbeans/ide/modules/org-netbeans-modules-editor-util.jar:/Users/atalati/vscode-extension/main-repo/javavscode/netbeans/nbbuild/netbeans/ide/modules/org-netbeans-modules-editor-guards.jar:/Users/atalati/vscode-extension/main-repo/javavscode/netbeans/nbbuild/netbeans/ide/modules/org-netbeans-modules-editor-indent.jar:/Users/atalati/vscode-extension/main-repo/javavscode/netbeans/nbbuild/netbeans/ide/modules/org-netbeans-modules-editor-settings.jar:/Users/atalati/vscode-extension/main-repo/javavscode/netbeans/nbbuild/netbeans/ide/modules/org-netbeans-modules-lexer.jar:/Users/atalati/vscode-extension/main-repo/javavscode/netbeans/nbbuild/netbeans/java/modules/org-netbeans-modules-java-lexer.jar:/Users/atalati/vscode-extension/main-repo/javavscode/netbeans/nbbuild/netbeans/java/modules/org-netbeans-modules-java-platform.jar:/Users/atalati/vscode-extension/main-repo/javavscode/netbeans/nbbuild/netbeans/java/modules/org-netbeans-modules-java-preprocessorbridge.jar:/Users/atalati/vscode-extension/main-repo/javavscode/netbeans/nbbuild/netbeans/ide/modules/org-netbeans-modules-parsing-api.jar:/Users/atalati/vscode-extension/main-repo/javavscode/netbeans/nbbuild/netbeans/ide/modules/org-netbeans-modules-parsing-lucene.jar:/Users/atalati/vscode-extension/main-repo/javavscode/netbeans/nbbuild/netbeans/platform/modules/org-netbeans-modules-masterfs.jar:/Users/atalati/vscode-extension/main-repo/javavscode/netbeans/nbbuild/netbeans/platform/modules/org-netbeans-modules-queries.jar:/Users/atalati/vscode-extension/main-repo/javavscode/netbeans/nbbuild/netbeans/ide/modules/org-netbeans-modules-projectapi.jar:/Users/atalati/vscode-extension/main-repo/javavscode/netbeans/nbbuild/netbeans/ide/modules/org-netbeans-modules-parsing-indexing.jar:/Users/atalati/vscode-extension/main-repo/javavscode/netbeans/nbbuild/netbeans/ide/modules/org-netbeans-modules-project-indexingbridge.jar:/Users/atalati/vscode-extension/main-repo/javavscode/netbeans/nbbuild/netbeans/ide/modules/org-netbeans-modules-projectuiapi-base.jar:/Users/atalati/vscode-extension/main-repo/javavscode/netbeans/nbbuild/netbeans/platform/modules/org-openide-explorer.jar:/Users/atalati/vscode-extension/main-repo/javavscode/netbeans/nbbuild/netbeans/platform/modules/org-netbeans-swing-outline.jar:/Users/atalati/vscode-extension/main-repo/javavscode/netbeans/nbbuild/netbeans/platform/modules/org-netbeans-swing-tabcontrol.jar:/Users/atalati/vscode-extension/main-repo/javavscode/netbeans/nbbuild/netbeans/platform/modules/org-openide-awt.jar:/Users/atalati/vscode-extension/main-repo/javavscode/netbeans/nbbuild/netbeans/platform/modules/org-openide-windows.jar:/Users/atalati/vscode-extension/main-repo/javavscode/netbeans/nbbuild/netbeans/platform/modules/org-openide-nodes.jar:/Users/atalati/vscode-extension/main-repo/javavscode/netbeans/nbbuild/netbeans/platform/modules/org-openide-dialogs.jar:/Users/atalati/vscode-extension/main-repo/javavscode/netbeans/nbbuild/netbeans/platform/modules/org-netbeans-api-progress-nb.jar:/Users/atalati/vscode-extension/main-repo/javavscode/netbeans/nbbuild/netbeans/ide/modules/org-netbeans-spi-tasklist.jar:/Users/atalati/vscode-extension/main-repo/javavscode/netbeans/nbbuild/netbeans/ide/modules/org-netbeans-modules-refactoring-api.jar:/Users/atalati/vscode-extension/main-repo/javavscode/netbeans/nbbuild/netbeans/ide/modules/org-netbeans-modules-diff.jar:/Users/atalati/vscode-extension/main-repo/javavscode/netbeans/nbbuild/netbeans/ide/modules/org-netbeans-modules-editor-errorstripe.jar:/Users/atalati/vscode-extension/main-repo/javavscode/netbeans/nbbuild/netbeans/ide/modules/org-netbeans-modules-editor-errorstripe-api.jar:/Users/atalati/vscode-extension/main-repo/javavscode/netbeans/nbbuild/netbeans/ide/modules/org-netbeans-modules-editor-fold.jar:/Users/atalati/vscode-extension/main-repo/javavscode/netbeans/nbbuild/netbeans/ide/modules/org-netbeans-modules-editor-settings-lib.jar:/Users/atalati/vscode-extension/main-repo/javavscode/netbeans/nbbuild/netbeans/ide/modules/org-netbeans-modules-editor-lib.jar:/Users/atalati/vscode-extension/main-repo/javavscode/netbeans/nbbuild/netbeans/ide/modules/org-netbeans-modules-editor-lib2.jar:/Users/atalati/vscode-extension/main-repo/javavscode/netbeans/nbbuild/netbeans/platform/modules/org-openide-loaders.jar:/Users/atalati/vscode-extension/main-repo/javavscode/netbeans/nbbuild/netbeans/platform/modules/org-netbeans-api-templates.jar:/Users/atalati/vscode-extension/main-repo/javavscode/netbeans/nbbuild/netbeans/platform/modules/org-openide-actions.jar:/Users/atalati/vscode-extension/main-repo/javavscode/netbeans/nbbuild/netbeans/platform/modules/org-openide-text.jar:/Users/atalati/vscode-extension/main-repo/javavscode/netbeans/nbbuild/netbeans/platform/modules/org-openide-filesystems-nb.jar:/Users/atalati/vscode-extension/main-repo/javavscode/netbeans/nbbuild/netbeans/platform/modules/org-netbeans-modules-options-api.jar:/Users/atalati/vscode-extension/main-repo/javavscode/netbeans/nbbuild/netbeans/platform/modules/org-netbeans-core.jar:/Users/atalati/vscode-extension/main-repo/javavscode/netbeans/nbbuild/netbeans/platform/lib/boot.jar:/Users/atalati/vscode-extension/main-repo/javavscode/netbeans/nbbuild/netbeans/platform/core/core.jar:/Users/atalati/vscode-extension/main-repo/javavscode/netbeans/nbbuild/netbeans/platform/core/core-base.jar:/Users/atalati/vscode-extension/main-repo/javavscode/netbeans/nbbuild/netbeans/platform/modules/org-netbeans-modules-keyring.jar:/Users/atalati/vscode-extension/main-repo/javavscode/netbeans/nbbuild/netbeans/platform/modules/org-netbeans-modules-sampler.jar:/Users/atalati/vscode-extension/main-repo/javavscode/netbeans/nbbuild/netbeans/platform/modules/org-netbeans-swing-plaf.jar:/Users/atalati/vscode-extension/main-repo/javavscode/netbeans/nbbuild/netbeans/platform/modules/org-openide-io.jar:/Users/atalati/vscode-extension/main-repo/javavscode/netbeans/nbbuild/netbeans/platform/modules/org-netbeans-api-intent.jar:/Users/atalati/vscode-extension/main-repo/javavscode/netbeans/nbbuild/netbeans/platform/modules/org-netbeans-api-io.jar:/Users/atalati/vscode-extension/main-repo/javavscode/netbeans/nbbuild/netbeans/platform/modules/org-netbeans-spi-quicksearch.jar:/Users/atalati/vscode-extension/main-repo/javavscode/netbeans/nbbuild/netbeans/ide/modules/org-netbeans-modules-options-editor.jar:/Users/atalati/vscode-extension/main-repo/javavscode/netbeans/nbbuild/netbeans/ide/modules/org-netbeans-modules-editor.jar:/Users/atalati/vscode-extension/main-repo/javavscode/netbeans/nbbuild/netbeans/ide/modules/org-netbeans-api-lsp.jar:/Users/atalati/vscode-extension/main-repo/javavscode/netbeans/nbbuild/netbeans/ide/modules/org-netbeans-modules-editor-settings-storage.jar:/Users/atalati/vscode-extension/main-repo/javavscode/netbeans/nbbuild/netbeans/platform/modules/org-netbeans-modules-options-keymap.jar:/Users/atalati/vscode-extension/main-repo/javavscode/netbeans/nbbuild/netbeans/java/modules/org-netbeans-modules-java-sourceui.jar:/Users/atalati/vscode-extension/main-repo/javavscode/netbeans/nbbuild/netbeans/platform/modules/org-netbeans-api-annotations-common.jar:/Users/atalati/vscode-extension/main-repo/javavscode/netbeans/nbbuild/netbeans/java/modules/org-netbeans-api-java.jar:/Users/atalati/vscode-extension/main-repo/javavscode/netbeans/nbbuild/netbeans/ide/modules/org-netbeans-api-java-classpath.jar:/Users/atalati/vscode-extension/main-repo/javavscode/netbeans/nbbuild/netbeans/platform/core/org-openide-filesystems.jar:/Users/atalati/vscode-extension/main-repo/javavscode/netbeans/nbbuild/netbeans/platform/lib/org-openide-util.jar:/Users/atalati/vscode-extension/main-repo/javavscode/netbeans/nbbuild/netbeans/platform/lib/org-openide-util-lookup.jar:/Users/atalati/vscode-extension/main-repo/javavscode/netbeans/nbbuild/netbeans/platform/lib/org-openide-modules.jar:/Users/atalati/vscode-extension/main-repo/javavscode/netbeans/nbbuild/netbeans/platform/lib/org-openide-util-ui.jar:/Users/atalati/vscode-extension/main-repo/javavscode/netbeans/nbbuild/netbeans/ide/modules/org-netbeans-api-lsp.jar:/Users/atalati/vscode-extension/main-repo/javavscode/netbeans/nbbuild/netbeans/platform/modules/org-netbeans-modules-editor-mimelookup.jar:/Users/atalati/vscode-extension/main-repo/javavscode/netbeans/nbbuild/netbeans/ide/modules/org-netbeans-modules-editor-util.jar:/Users/atalati/vscode-extension/main-repo/javavscode/netbeans/nbbuild/netbeans/platform/modules/org-netbeans-api-progress.jar:/Users/atalati/vscode-extension/main-repo/javavscode/netbeans/nbbuild/netbeans/platform/modules/org-netbeans-api-progress-nb.jar:/Users/atalati/vscode-extension/main-repo/javavscode/netbeans/nbbuild/netbeans/platform/modules/org-openide-awt.jar:/Users/atalati/vscode-extension/main-repo/javavscode/netbeans/nbbuild/netbeans/java/modules/org-netbeans-lib-nbjavac.jar:/Users/atalati/vscode-extension/main-repo/javavscode/netbeans/nbbuild/netbeans/java/modules/org-netbeans-libs-javacapi.jar:/Users/atalati/vscode-extension/main-repo/javavscode/netbeans/java/libs.javacapi/external/nb-javac-jdk-22+33-api.jar:/Users/atalati/vscode-extension/main-repo/javavscode/netbeans/java/libs.javacapi/external/nb-javac-jdk-22+33.jar:/Users/atalati/vscode-extension/main-repo/javavscode/netbeans/nbbuild/netbeans/ide/modules/org-netbeans-libs-lucene.jar:/Users/atalati/vscode-extension/main-repo/javavscode/netbeans/ide/libs.lucene/external/lucene-core-3.6.2.jar:/Users/atalati/vscode-extension/main-repo/javavscode/netbeans/nbbuild/netbeans/ide/modules/ext/lucene-core-3.6.2.jar:/Users/atalati/vscode-extension/main-repo/javavscode/netbeans/nbbuild/netbeans/ide/modules/org-netbeans-modules-editor-fold.jar:/Users/atalati/vscode-extension/main-repo/javavscode/netbeans/nbbuild/netbeans/ide/modules/org-netbeans-modules-editor-settings.jar:/Users/atalati/vscode-extension/main-repo/javavscode/netbeans/nbbuild/netbeans/ide/modules/org-netbeans-modules-lexer.jar:/Users/atalati/vscode-extension/main-repo/javavscode/netbeans/nbbuild/netbeans/ide/modules/org-netbeans-modules-editor-settings-lib.jar:/Users/atalati/vscode-extension/main-repo/javavscode/netbeans/nbbuild/netbeans/ide/modules/org-netbeans-modules-editor-lib.jar:/Users/atalati/vscode-extension/main-repo/javavscode/netbeans/nbbuild/netbeans/ide/modules/org-netbeans-modules-editor-document.jar:/Users/atalati/vscode-extension/main-repo/javavscode/netbeans/nbbuild/netbeans/ide/modules/org-netbeans-modules-editor-guards.jar:/Users/atalati/vscode-extension/main-repo/javavscode/netbeans/nbbuild/netbeans/ide/modules/org-netbeans-modules-editor-indent.jar:/Users/atalati/vscode-extension/main-repo/javavscode/netbeans/nbbuild/netbeans/ide/modules/org-netbeans-modules-editor-lib2.jar:/Users/atalati/vscode-extension/main-repo/javavscode/netbeans/nbbuild/netbeans/platform/modules/org-openide-dialogs.jar:/Users/atalati/vscode-extension/main-repo/javavscode/netbeans/nbbuild/netbeans/java/modules/org-netbeans-modules-java-lexer.jar:/Users/atalati/vscode-extension/main-repo/javavscode/netbeans/nbbuild/netbeans/java/modules/org-netbeans-modules-java-platform.jar:/Users/atalati/vscode-extension/main-repo/javavscode/netbeans/nbbuild/netbeans/java/modules/org-netbeans-modules-java-preprocessorbridge.jar:/Users/atalati/vscode-extension/main-repo/javavscode/netbeans/nbbuild/netbeans/ide/modules/org-netbeans-modules-parsing-api.jar:/Users/atalati/vscode-extension/main-repo/javavscode/netbeans/nbbuild/netbeans/ide/modules/org-netbeans-modules-parsing-lucene.jar:/Users/atalati/vscode-extension/main-repo/javavscode/netbeans/nbbuild/netbeans/platform/modules/org-netbeans-modules-masterfs.jar:/Users/atalati/vscode-extension/main-repo/javavscode/netbeans/nbbuild/netbeans/platform/modules/org-netbeans-modules-queries.jar:/Users/atalati/vscode-extension/main-repo/javavscode/netbeans/nbbuild/netbeans/ide/modules/org-netbeans-modules-projectapi.jar:/Users/atalati/vscode-extension/main-repo/javavscode/netbeans/nbbuild/netbeans/ide/modules/org-netbeans-modules-parsing-indexing.jar:/Users/atalati/vscode-extension/main-repo/javavscode/netbeans/nbbuild/netbeans/ide/modules/org-netbeans-modules-project-indexingbridge.jar:/Users/atalati/vscode-extension/main-repo/javavscode/netbeans/nbbuild/netbeans/ide/modules/org-netbeans-modules-projectuiapi-base.jar:/Users/atalati/vscode-extension/main-repo/javavscode/netbeans/nbbuild/netbeans/platform/modules/org-openide-explorer.jar:/Users/atalati/vscode-extension/main-repo/javavscode/netbeans/nbbuild/netbeans/platform/modules/org-netbeans-swing-outline.jar:/Users/atalati/vscode-extension/main-repo/javavscode/netbeans/nbbuild/netbeans/platform/modules/org-netbeans-swing-tabcontrol.jar:/Users/atalati/vscode-extension/main-repo/javavscode/netbeans/nbbuild/netbeans/platform/modules/org-openide-windows.jar:/Users/atalati/vscode-extension/main-repo/javavscode/netbeans/nbbuild/netbeans/platform/modules/org-openide-nodes.jar:/Users/atalati/vscode-extension/main-repo/javavscode/netbeans/nbbuild/netbeans/ide/modules/org-netbeans-spi-tasklist.jar:/Users/atalati/vscode-extension/main-repo/javavscode/netbeans/nbbuild/netbeans/java/modules/org-netbeans-modules-java-source.jar:/Users/atalati/vscode-extension/main-repo/javavscode/netbeans/nbbuild/netbeans/platform/modules/org-netbeans-api-templates.jar:/Users/atalati/vscode-extension/main-repo/javavscode/netbeans/nbbuild/netbeans/platform/modules/org-netbeans-api-scripting.jar:/Users/atalati/vscode-extension/main-repo/javavscode/netbeans/nbbuild/netbeans/platform/modules/org-netbeans-core-multiview.jar:/Users/atalati/vscode-extension/main-repo/javavscode/netbeans/nbbuild/netbeans/platform/modules/org-openide-text.jar:/Users/atalati/vscode-extension/main-repo/javavscode/netbeans/nbbuild/netbeans/platform/modules/org-netbeans-modules-autoupdate-services.jar:/Users/atalati/vscode-extension/main-repo/javavscode/netbeans/nbbuild/netbeans/platform/modules/ext/updater.jar:/Users/atalati/vscode-extension/main-repo/javavscode/netbeans/nbbuild/netbeans/platform/lib/boot.jar:/Users/atalati/vscode-extension/main-repo/javavscode/netbeans/nbbuild/netbeans/platform/core/core.jar:/Users/atalati/vscode-extension/main-repo/javavscode/netbeans/nbbuild/netbeans/platform/core/org-netbeans-libs-asm.jar:/Users/atalati/vscode-extension/main-repo/javavscode/netbeans/platform/libs.asm/external/asm-9.6.jar:/Users/atalati/vscode-extension/main-repo/javavscode/netbeans/nbbuild/netbeans/platform/core/asm-9.6.jar:/Users/atalati/vscode-extension/main-repo/javavscode/netbeans/platform/libs.asm/external/asm-tree-9.6.jar:/Users/atalati/vscode-extension/main-repo/javavscode/netbeans/nbbuild/netbeans/platform/core/asm-tree-9.6.jar:/Users/atalati/vscode-extension/main-repo/javavscode/netbeans/platform/libs.asm/external/asm-commons-9.6.jar:/Users/atalati/vscode-extension/main-repo/javavscode/netbeans/nbbuild/netbeans/platform/core/asm-commons-9.6.jar:/Users/atalati/vscode-extension/main-repo/javavscode/netbeans/nbbuild/netbeans/platform/core/core-base.jar:/Users/atalati/vscode-extension/main-repo/javavscode/netbeans/nbbuild/netbeans/java/modules/org-netbeans-modules-classfile.jar:/Users/atalati/vscode-extension/main-repo/javavscode/netbeans/nbbuild/netbeans/ide/modules/org-netbeans-modules-editor-indent-project.jar:/Users/atalati/vscode-extension/main-repo/javavscode/netbeans/nbbuild/netbeans/ide/modules/org-netbeans-modules-editor-settings-storage.jar:/Users/atalati/vscode-extension/main-repo/javavscode/netbeans/nbbuild/netbeans/platform/modules/org-openide-filesystems-nb.jar:/Users/atalati/vscode-extension/main-repo/javavscode/netbeans/nbbuild/netbeans/platform/modules/org-netbeans-modules-options-keymap.jar:/Users/atalati/vscode-extension/main-repo/javavscode/netbeans/nbbuild/netbeans/platform/modules/org-netbeans-modules-options-api.jar:/Users/atalati/vscode-extension/main-repo/javavscode/netbeans/nbbuild/netbeans/platform/modules/org-netbeans-core.jar:/Users/atalati/vscode-extension/main-repo/javavscode/netbeans/nbbuild/netbeans/platform/modules/org-netbeans-modules-keyring.jar:/Users/atalati/vscode-extension/main-repo/javavscode/netbeans/nbbuild/netbeans/platform/modules/org-netbeans-modules-sampler.jar:/Users/atalati/vscode-extension/main-repo/javavscode/netbeans/nbbuild/netbeans/platform/modules/org-netbeans-swing-plaf.jar:/Users/atalati/vscode-extension/main-repo/javavscode/netbeans/nbbuild/netbeans/platform/modules/org-openide-actions.jar:/Users/atalati/vscode-extension/main-repo/javavscode/netbeans/nbbuild/netbeans/platform/modules/org-openide-io.jar:/Users/atalati/vscode-extension/main-repo/javavscode/netbeans/nbbuild/netbeans/platform/modules/org-netbeans-api-intent.jar:/Users/atalati/vscode-extension/main-repo/javavscode/netbeans/nbbuild/netbeans/platform/modules/org-netbeans-api-io.jar:/Users/atalati/vscode-extension/main-repo/javavscode/netbeans/nbbuild/netbeans/platform/modules/org-openide-loaders.jar:/Users/atalati/vscode-extension/main-repo/javavscode/netbeans/nbbuild/netbeans/platform/modules/org-netbeans-spi-quicksearch.jar:/Users/atalati/vscode-extension/main-repo/javavscode/netbeans/nbbuild/netbeans/ide/modules/org-netbeans-modules-options-editor.jar:/Users/atalati/vscode-extension/main-repo/javavscode/netbeans/nbbuild/netbeans/ide/modules/org-netbeans-modules-editor.jar:/Users/atalati/vscode-extension/main-repo/javavscode/netbeans/nbbuild/netbeans/ide/modules/org-netbeans-modules-projectuiapi.jar:/Users/atalati/vscode-extension/main-repo/javavscode/netbeans/nbbuild/netbeans/java/modules/org-netbeans-modules-java-source-base.jar:/Users/atalati/vscode-extension/main-repo/javavscode/netbeans/nbbuild/netbeans/ide/modules/org-netbeans-modules-refactoring-api.jar:/Users/atalati/vscode-extension/main-repo/javavscode/netbeans/nbbuild/netbeans/ide/modules/org-netbeans-modules-diff.jar:/Users/atalati/vscode-extension/main-repo/javavscode/netbeans/nbbuild/netbeans/ide/modules/org-netbeans-modules-editor-errorstripe.jar:/Users/atalati/vscode-extension/main-repo/javavscode/netbeans/nbbuild/netbeans/ide/modules/org-netbeans-modules-editor-errorstripe-api.jar:/Users/atalati/vscode-extension/main-repo/javavscode/netbeans/nbbuild/netbeans/ide/modules/org-netbeans-modules-jumpto.jar:/Users/atalati/vscode-extension/main-repo/javavscode/netbeans/nbbuild/netbeans/platform/modules/org-netbeans-api-search.jar:/Users/atalati/vscode-extension/main-repo/javavscode/netbeans/nbbuild/netbeans/ide/modules/org-netbeans-modules-lexer.jar:/Users/atalati/vscode-extension/main-repo/javavscode/netbeans/nbbuild/netbeans/ide/modules/org-netbeans-modules-editor-util.jar:/Users/atalati/vscode-extension/main-repo/javavscode/netbeans/nbbuild/netbeans/platform/lib/org-openide-util.jar:/Users/atalati/vscode-extension/main-repo/javavscode/netbeans/nbbuild/netbeans/platform/lib/org-openide-util-lookup.jar:/Users/atalati/vscode-extension/main-repo/javavscode/netbeans/nbbuild/netbeans/platform/lib/org-openide-util-ui.jar:/Users/atalati/vscode-extension/main-repo/javavscode/netbeans/nbbuild/netbeans/platform/modules/org-netbeans-modules-options-api.jar:/Users/atalati/vscode-extension/main-repo/javavscode/netbeans/nbbuild/netbeans/platform/modules/org-netbeans-api-progress.jar:/Users/atalati/vscode-extension/main-repo/javavscode/netbeans/nbbuild/netbeans/platform/lib/org-openide-modules.jar:/Users/atalati/vscode-extension/main-repo/javavscode/netbeans/nbbuild/netbeans/platform/lib/org-openide-util-ui.jar:/Users/atalati/vscode-extension/main-repo/javavscode/netbeans/nbbuild/netbeans/platform/lib/org-openide-util.jar:/Users/atalati/vscode-extension/main-repo/javavscode/netbeans/nbbuild/netbeans/platform/lib/org-openide-util-lookup.jar:/Users/atalati/vscode-extension/main-repo/javavscode/netbeans/nbbuild/netbeans/platform/modules/org-netbeans-api-progress-nb.jar:/Users/atalati/vscode-extension/main-repo/javavscode/netbeans/nbbuild/netbeans/platform/modules/org-openide-awt.jar:/Users/atalati/vscode-extension/main-repo/javavscode/netbeans/nbbuild/netbeans/platform/modules/org-netbeans-api-annotations-common.jar:/Users/atalati/vscode-extension/main-repo/javavscode/netbeans/nbbuild/netbeans/platform/core/org-openide-filesystems.jar:/Users/atalati/vscode-extension/main-repo/javavscode/netbeans/nbbuild/netbeans/platform/modules/org-netbeans-core.jar:/Users/atalati/vscode-extension/main-repo/javavscode/netbeans/nbbuild/netbeans/platform/lib/boot.jar:/Users/atalati/vscode-extension/main-repo/javavscode/netbeans/nbbuild/netbeans/platform/core/core.jar:/Users/atalati/vscode-extension/main-repo/javavscode/netbeans/nbbuild/netbeans/platform/core/org-netbeans-libs-asm.jar:/Users/atalati/vscode-extension/main-repo/javavscode/netbeans/platform/libs.asm/external/asm-9.6.jar:/Users/atalati/vscode-extension/main-repo/javavscode/netbeans/nbbuild/netbeans/platform/core/asm-9.6.jar:/Users/atalati/vscode-extension/main-repo/javavscode/netbeans/platform/libs.asm/external/asm-tree-9.6.jar:/Users/atalati/vscode-extension/main-repo/javavscode/netbeans/nbbuild/netbeans/platform/core/asm-tree-9.6.jar:/Users/atalati/vscode-extension/main-repo/javavscode/netbeans/platform/libs.asm/external/asm-commons-9.6.jar:/Users/atalati/vscode-extension/main-repo/javavscode/netbeans/nbbuild/netbeans/platform/core/asm-commons-9.6.jar:/Users/atalati/vscode-extension/main-repo/javavscode/netbeans/nbbuild/netbeans/platform/core/core-base.jar:/Users/atalati/vscode-extension/main-repo/javavscode/netbeans/nbbuild/netbeans/platform/modules/org-netbeans-modules-keyring.jar:/Users/atalati/vscode-extension/main-repo/javavscode/netbeans/nbbuild/netbeans/platform/modules/org-netbeans-modules-sampler.jar:/Users/atalati/vscode-extension/main-repo/javavscode/netbeans/nbbuild/netbeans/platform/modules/org-netbeans-swing-plaf.jar:/Users/atalati/vscode-extension/main-repo/javavscode/netbeans/nbbuild/netbeans/platform/modules/org-openide-actions.jar:/Users/atalati/vscode-extension/main-repo/javavscode/netbeans/nbbuild/netbeans/platform/modules/org-openide-dialogs.jar:/Users/atalati/vscode-extension/main-repo/javavscode/netbeans/nbbuild/netbeans/platform/modules/org-openide-explorer.jar:/Users/atalati/vscode-extension/main-repo/javavscode/netbeans/nbbuild/netbeans/platform/modules/org-netbeans-swing-outline.jar:/Users/atalati/vscode-extension/main-repo/javavscode/netbeans/nbbuild/netbeans/platform/modules/org-netbeans-swing-tabcontrol.jar:/Users/atalati/vscode-extension/main-repo/javavscode/netbeans/nbbuild/netbeans/platform/modules/org-openide-windows.jar:/Users/atalati/vscode-extension/main-repo/javavscode/netbeans/nbbuild/netbeans/platform/modules/org-openide-nodes.jar:/Users/atalati/vscode-extension/main-repo/javavscode/netbeans/nbbuild/netbeans/platform/modules/org-openide-text.jar:/Users/atalati/vscode-extension/main-repo/javavscode/netbeans/nbbuild/netbeans/platform/modules/org-netbeans-modules-editor-mimelookup.jar:/Users/atalati/vscode-extension/main-repo/javavscode/netbeans/nbbuild/netbeans/platform/modules/org-openide-io.jar:/Users/atalati/vscode-extension/main-repo/javavscode/netbeans/nbbuild/netbeans/platform/modules/org-netbeans-api-intent.jar:/Users/atalati/vscode-extension/main-repo/javavscode/netbeans/nbbuild/netbeans/platform/modules/org-netbeans-api-io.jar:/Users/atalati/vscode-extension/main-repo/javavscode/netbeans/nbbuild/netbeans/platform/modules/org-openide-loaders.jar:/Users/atalati/vscode-extension/main-repo/javavscode/netbeans/nbbuild/netbeans/platform/modules/org-netbeans-api-scripting.jar:/Users/atalati/vscode-extension/main-repo/javavscode/netbeans/nbbuild/netbeans/platform/modules/org-netbeans-api-templates.jar:/Users/atalati/vscode-extension/main-repo/javavscode/netbeans/nbbuild/netbeans/platform/modules/org-netbeans-modules-queries.jar:/Users/atalati/vscode-extension/main-repo/javavscode/netbeans/nbbuild/netbeans/platform/modules/org-openide-filesystems-nb.jar:/Users/atalati/vscode-extension/main-repo/javavscode/netbeans/nbbuild/netbeans/platform/modules/org-netbeans-spi-quicksearch.jar:/Users/atalati/vscode-extension/main-repo/javavscode/netbeans/nbbuild/netbeans/ide/modules/org-netbeans-modules-options-editor.jar:/Users/atalati/vscode-extension/main-repo/javavscode/netbeans/nbbuild/netbeans/ide/modules/org-netbeans-modules-editor.jar:/Users/atalati/vscode-extension/main-repo/javavscode/netbeans/nbbuild/netbeans/ide/modules/org-netbeans-api-lsp.jar:/Users/atalati/vscode-extension/main-repo/javavscode/netbeans/nbbuild/netbeans/platform/modules/org-netbeans-api-annotations-common.jar:/Users/atalati/vscode-extension/main-repo/javavscode/netbeans/nbbuild/netbeans/platform/modules/org-netbeans-modules-editor-mimelookup.jar:/Users/atalati/vscode-extension/main-repo/javavscode/netbeans/nbbuild/netbeans/platform/core/org-openide-filesystems.jar:/Users/atalati/vscode-extension/main-repo/javavscode/netbeans/nbbuild/netbeans/platform/lib/org-openide-util.jar:/Users/atalati/vscode-extension/main-repo/javavscode/netbeans/nbbuild/netbeans/platform/lib/org-openide-util-lookup.jar:/Users/atalati/vscode-extension/main-repo/javavscode/netbeans/nbbuild/netbeans/ide/modules/org-netbeans-modules-editor-util.jar:/Users/atalati/vscode-extension/main-repo/javavscode/netbeans/nbbuild/netbeans/platform/modules/org-netbeans-api-progress.jar:/Users/atalati/vscode-extension/main-repo/javavscode/netbeans/nbbuild/netbeans/platform/lib/org-openide-modules.jar:/Users/atalati/vscode-extension/main-repo/javavscode/netbeans/nbbuild/netbeans/platform/lib/org-openide-util-ui.jar:/Users/atalati/vscode-extension/main-repo/javavscode/netbeans/nbbuild/netbeans/platform/modules/org-netbeans-api-progress-nb.jar:/Users/atalati/vscode-extension/main-repo/javavscode/netbeans/nbbuild/netbeans/platform/modules/org-openide-awt.jar:/Users/atalati/vscode-extension/main-repo/javavscode/netbeans/nbbuild/netbeans/ide/modules/org-netbeans-modules-editor-document.jar:/Users/atalati/vscode-extension/main-repo/javavscode/netbeans/nbbuild/netbeans/ide/modules/org-netbeans-modules-editor-fold.jar:/Users/atalati/vscode-extension/main-repo/javavscode/netbeans/nbbuild/netbeans/ide/modules/org-netbeans-modules-editor-settings.jar:/Users/atalati/vscode-extension/main-repo/javavscode/netbeans/nbbuild/netbeans/ide/modules/org-netbeans-modules-lexer.jar:/Users/atalati/vscode-extension/main-repo/javavscode/netbeans/nbbuild/netbeans/ide/modules/org-netbeans-modules-editor-settings-lib.jar:/Users/atalati/vscode-extension/main-repo/javavscode/netbeans/nbbuild/netbeans/ide/modules/org-netbeans-modules-editor-guards.jar:/Users/atalati/vscode-extension/main-repo/javavscode/netbeans/nbbuild/netbeans/ide/modules/org-netbeans-modules-editor-indent.jar:/Users/atalati/vscode-extension/main-repo/javavscode/netbeans/nbbuild/netbeans/ide/modules/org-netbeans-modules-editor-lib.jar:/Users/atalati/vscode-extension/main-repo/javavscode/netbeans/nbbuild/netbeans/ide/modules/org-netbeans-modules-editor-lib2.jar:/Users/atalati/vscode-extension/main-repo/javavscode/netbeans/nbbuild/netbeans/platform/modules/org-openide-dialogs.jar:/Users/atalati/vscode-extension/main-repo/javavscode/netbeans/nbbuild/netbeans/platform/modules/org-openide-actions.jar:/Users/atalati/vscode-extension/main-repo/javavscode/netbeans/nbbuild/netbeans/platform/modules/org-openide-explorer.jar:/Users/atalati/vscode-extension/main-repo/javavscode/netbeans/nbbuild/netbeans/platform/modules/org-netbeans-swing-outline.jar:/Users/atalati/vscode-extension/main-repo/javavscode/netbeans/nbbuild/netbeans/platform/modules/org-netbeans-swing-tabcontrol.jar:/Users/atalati/vscode-extension/main-repo/javavscode/netbeans/nbbuild/netbeans/platform/modules/org-openide-windows.jar:/Users/atalati/vscode-extension/main-repo/javavscode/netbeans/nbbuild/netbeans/platform/modules/org-openide-nodes.jar:/Users/atalati/vscode-extension/main-repo/javavscode/netbeans/nbbuild/netbeans/platform/modules/org-openide-text.jar:/Users/atalati/vscode-extension/main-repo/javavscode/netbeans/nbbuild/netbeans/platform/modules/org-openide-filesystems-nb.jar:/Users/atalati/vscode-extension/main-repo/javavscode/netbeans/nbbuild/netbeans/platform/modules/org-openide-loaders.jar:/Users/atalati/vscode-extension/main-repo/javavscode/netbeans/nbbuild/netbeans/platform/modules/org-netbeans-api-scripting.jar:/Users/atalati/vscode-extension/main-repo/javavscode/netbeans/nbbuild/netbeans/platform/modules/org-netbeans-api-templates.jar:/Users/atalati/vscode-extension/main-repo/javavscode/netbeans/nbbuild/netbeans/platform/modules/org-netbeans-modules-queries.jar:/Users/atalati/vscode-extension/main-repo/javavscode/netbeans/nbbuild/netbeans/ide/modules/org-netbeans-modules-editor-settings-storage.jar:/Users/atalati/vscode-extension/main-repo/javavscode/netbeans/nbbuild/netbeans/platform/modules/org-netbeans-modules-options-keymap.jar:/Users/atalati/vscode-extension/main-repo/javavscode/netbeans/nbbuild/netbeans/platform/modules/org-netbeans-modules-options-api.jar:/Users/atalati/vscode-extension/main-repo/javavscode/netbeans/nbbuild/netbeans/platform/modules/org-netbeans-core.jar:/Users/atalati/vscode-extension/main-repo/javavscode/netbeans/nbbuild/netbeans/platform/lib/boot.jar:/Users/atalati/vscode-extension/main-repo/javavscode/netbeans/nbbuild/netbeans/platform/core/core.jar:/Users/atalati/vscode-extension/main-repo/javavscode/netbeans/nbbuild/netbeans/platform/core/org-netbeans-libs-asm.jar:/Users/atalati/vscode-extension/main-repo/javavscode/netbeans/platform/libs.asm/external/asm-9.6.jar:/Users/atalati/vscode-extension/main-repo/javavscode/netbeans/nbbuild/netbeans/platform/core/asm-9.6.jar:/Users/atalati/vscode-extension/main-repo/javavscode/netbeans/platform/libs.asm/external/asm-tree-9.6.jar:/Users/atalati/vscode-extension/main-repo/javavscode/netbeans/nbbuild/netbeans/platform/core/asm-tree-9.6.jar:/Users/atalati/vscode-extension/main-repo/javavscode/netbeans/platform/libs.asm/external/asm-commons-9.6.jar:/Users/atalati/vscode-extension/main-repo/javavscode/netbeans/nbbuild/netbeans/platform/core/asm-commons-9.6.jar:/Users/atalati/vscode-extension/main-repo/javavscode/netbeans/nbbuild/netbeans/platform/core/core-base.jar:/Users/atalati/vscode-extension/main-repo/javavscode/netbeans/nbbuild/netbeans/platform/modules/org-netbeans-modules-keyring.jar:/Users/atalati/vscode-extension/main-repo/javavscode/netbeans/nbbuild/netbeans/platform/modules/org-netbeans-modules-sampler.jar:/Users/atalati/vscode-extension/main-repo/javavscode/netbeans/nbbuild/netbeans/platform/modules/org-netbeans-swing-plaf.jar:/Users/atalati/vscode-extension/main-repo/javavscode/netbeans/nbbuild/netbeans/platform/modules/org-openide-io.jar:/Users/atalati/vscode-extension/main-repo/javavscode/netbeans/nbbuild/netbeans/platform/modules/org-netbeans-api-intent.jar:/Users/atalati/vscode-extension/main-repo/javavscode/netbeans/nbbuild/netbeans/platform/modules/org-netbeans-api-io.jar:/Users/atalati/vscode-extension/main-repo/javavscode/netbeans/nbbuild/netbeans/platform/modules/org-netbeans-spi-quicksearch.jar:/Users/atalati/vscode-extension/main-repo/javavscode/netbeans/nbbuild/netbeans/ide/modules/org-netbeans-modules-parsing-api.jar:/Users/atalati/vscode-extension/main-repo/javavscode/netbeans/nbbuild/netbeans/platform/modules/org-netbeans-api-annotations-common.jar:/Users/atalati/vscode-extension/main-repo/javavscode/netbeans/nbbuild/netbeans/ide/modules/org-netbeans-api-java-classpath.jar:/Users/atalati/vscode-extension/main-repo/javavscode/netbeans/nbbuild/netbeans/platform/core/org-openide-filesystems.jar:/Users/atalati/vscode-extension/main-repo/javavscode/netbeans/nbbuild/netbeans/platform/lib/org-openide-util.jar:/Users/atalati/vscode-extension/main-repo/javavscode/netbeans/nbbuild/netbeans/platform/lib/org-openide-util-lookup.jar:/Users/atalati/vscode-extension/main-repo/javavscode/netbeans/nbbuild/netbeans/ide/modules/org-netbeans-modules-editor-document.jar:/Users/atalati/vscode-extension/main-repo/javavscode/netbeans/nbbuild/netbeans/platform/modules/org-netbeans-modules-editor-mimelookup.jar:/Users/atalati/vscode-extension/main-repo/javavscode/netbeans/nbbuild/netbeans/ide/modules/org-netbeans-modules-editor-util.jar:/Users/atalati/vscode-extension/main-repo/javavscode/netbeans/nbbuild/netbeans/ide/modules/org-netbeans-modules-lexer.jar:/Users/atalati/vscode-extension/main-repo/javavscode/netbeans/nbbuild/netbeans/platform/lib/org-openide-util-ui.jar:/Users/atalati/vscode-extension/main-repo/javavscode/netbeans/nbbuild/netbeans/ide/modules/org-netbeans-modules-parsing-lucene.jar:/Users/atalati/vscode-extension/main-repo/javavscode/netbeans/nbbuild/netbeans/ide/modules/org-netbeans-libs-lucene.jar:/Users/atalati/vscode-extension/main-repo/javavscode/netbeans/ide/libs.lucene/external/lucene-core-3.6.2.jar:/Users/atalati/vscode-extension/main-repo/javavscode/netbeans/nbbuild/netbeans/ide/modules/ext/lucene-core-3.6.2.jar:/Users/atalati/vscode-extension/main-repo/javavscode/netbeans/nbbuild/netbeans/platform/modules/org-netbeans-modules-masterfs.jar:/Users/atalati/vscode-extension/main-repo/javavscode/netbeans/nbbuild/netbeans/platform/modules/org-netbeans-modules-queries.jar:/Users/atalati/vscode-extension/main-repo/javavscode/netbeans/nbbuild/netbeans/platform/lib/org-openide-modules.jar:/Users/atalati/vscode-extension/main-repo/javavscode/netbeans/nbbuild/netbeans/ide/modules/org-netbeans-modules-projectapi.jar:/Users/atalati/vscode-extension/main-repo/javavscode/netbeans/nbbuild/netbeans/ide/modules/org-netbeans-modules-parsing-indexing.jar:/Users/atalati/vscode-extension/main-repo/javavscode/netbeans/nbbuild/netbeans/platform/modules/org-netbeans-api-annotations-common.jar:/Users/atalati/vscode-extension/main-repo/javavscode/netbeans/nbbuild/netbeans/ide/modules/org-netbeans-api-java-classpath.jar:/Users/atalati/vscode-extension/main-repo/javavscode/netbeans/nbbuild/netbeans/platform/core/org-openide-filesystems.jar:/Users/atalati/vscode-extension/main-repo/javavscode/netbeans/nbbuild/netbeans/platform/lib/org-openide-util.jar:/Users/atalati/vscode-extension/main-repo/javavscode/netbeans/nbbuild/netbeans/platform/lib/org-openide-util-lookup.jar:/Users/atalati/vscode-extension/main-repo/javavscode/netbeans/nbbuild/netbeans/platform/modules/org-netbeans-api-progress.jar:/Users/atalati/vscode-extension/main-repo/javavscode/netbeans/nbbuild/netbeans/platform/lib/org-openide-modules.jar:/Users/atalati/vscode-extension/main-repo/javavscode/netbeans/nbbuild/netbeans/platform/lib/org-openide-util-ui.jar:/Users/atalati/vscode-extension/main-repo/javavscode/netbeans/nbbuild/netbeans/ide/modules/org-netbeans-libs-lucene.jar:/Users/atalati/vscode-extension/main-repo/javavscode/netbeans/ide/libs.lucene/external/lucene-core-3.6.2.jar:/Users/atalati/vscode-extension/main-repo/javavscode/netbeans/nbbuild/netbeans/ide/modules/ext/lucene-core-3.6.2.jar:/Users/atalati/vscode-extension/main-repo/javavscode/netbeans/nbbuild/netbeans/ide/modules/org-netbeans-modules-editor-document.jar:/Users/atalati/vscode-extension/main-repo/javavscode/netbeans/nbbuild/netbeans/platform/modules/org-netbeans-modules-editor-mimelookup.jar:/Users/atalati/vscode-extension/main-repo/javavscode/netbeans/nbbuild/netbeans/ide/modules/org-netbeans-modules-editor-util.jar:/Users/atalati/vscode-extension/main-repo/javavscode/netbeans/nbbuild/netbeans/ide/modules/org-netbeans-modules-parsing-api.jar:/Users/atalati/vscode-extension/main-repo/javavscode/netbeans/nbbuild/netbeans/ide/modules/org-netbeans-modules-lexer.jar:/Users/atalati/vscode-extension/main-repo/javavscode/netbeans/nbbuild/netbeans/ide/modules/org-netbeans-modules-parsing-lucene.jar:/Users/atalati/vscode-extension/main-repo/javavscode/netbeans/nbbuild/netbeans/platform/modules/org-netbeans-modules-masterfs.jar:/Users/atalati/vscode-extension/main-repo/javavscode/netbeans/nbbuild/netbeans/platform/modules/org-netbeans-modules-queries.jar:/Users/atalati/vscode-extension/main-repo/javavscode/netbeans/nbbuild/netbeans/ide/modules/org-netbeans-modules-projectapi.jar:/Users/atalati/vscode-extension/main-repo/javavscode/netbeans/nbbuild/netbeans/ide/modules/org-netbeans-modules-project-indexingbridge.jar:/Users/atalati/vscode-extension/main-repo/javavscode/netbeans/nbbuild/netbeans/ide/modules/org-netbeans-modules-projectuiapi-base.jar:/Users/atalati/vscode-extension/main-repo/javavscode/netbeans/nbbuild/netbeans/platform/modules/org-openide-explorer.jar:/Users/atalati/vscode-extension/main-repo/javavscode/netbeans/nbbuild/netbeans/platform/modules/org-netbeans-swing-outline.jar:/Users/atalati/vscode-extension/main-repo/javavscode/netbeans/nbbuild/netbeans/platform/modules/org-netbeans-swing-tabcontrol.jar:/Users/atalati/vscode-extension/main-repo/javavscode/netbeans/nbbuild/netbeans/platform/modules/org-openide-awt.jar:/Users/atalati/vscode-extension/main-repo/javavscode/netbeans/nbbuild/netbeans/platform/modules/org-openide-windows.jar:/Users/atalati/vscode-extension/main-repo/javavscode/netbeans/nbbuild/netbeans/platform/modules/org-openide-nodes.jar:/Users/atalati/vscode-extension/main-repo/javavscode/netbeans/nbbuild/netbeans/platform/modules/org-openide-dialogs.jar:/Users/atalati/vscode-extension/main-repo/javavscode/netbeans/nbbuild/netbeans/platform/modules/org-netbeans-api-progress-nb.jar:/Users/atalati/vscode-extension/main-repo/javavscode/netbeans/nbbuild/netbeans/ide/modules/org-netbeans-spi-tasklist.jar:/Users/atalati/vscode-extension/main-repo/javavscode/netbeans/nbbuild/netbeans/ide/modules/org-netbeans-modules-projectapi.jar:/Users/atalati/vscode-extension/main-repo/javavscode/netbeans/nbbuild/netbeans/platform/modules/org-netbeans-api-annotations-common.jar:/Users/atalati/vscode-extension/main-repo/javavscode/netbeans/nbbuild/netbeans/platform/modules/org-netbeans-modules-queries.jar:/Users/atalati/vscode-extension/main-repo/javavscode/netbeans/nbbuild/netbeans/platform/core/org-openide-filesystems.jar:/Users/atalati/vscode-extension/main-repo/javavscode/netbeans/nbbuild/netbeans/platform/lib/org-openide-util.jar:/Users/atalati/vscode-extension/main-repo/javavscode/netbeans/nbbuild/netbeans/platform/lib/org-openide-util-lookup.jar:/Users/atalati/vscode-extension/main-repo/javavscode/netbeans/nbbuild/netbeans/platform/lib/org-openide-modules.jar:/Users/atalati/vscode-extension/main-repo/javavscode/netbeans/nbbuild/netbeans/platform/lib/org-openide-util-ui.jar:/Users/atalati/vscode-extension/main-repo/javavscode/netbeans/nbbuild/netbeans/ide/modules/org-netbeans-modules-projectuiapi.jar:/Users/atalati/vscode-extension/main-repo/javavscode/netbeans/nbbuild/netbeans/platform/modules/org-netbeans-api-annotations-common.jar:/Users/atalati/vscode-extension/main-repo/javavscode/netbeans/nbbuild/netbeans/platform/modules/org-netbeans-api-progress.jar:/Users/atalati/vscode-extension/main-repo/javavscode/netbeans/nbbuild/netbeans/platform/lib/org-openide-modules.jar:/Users/atalati/vscode-extension/main-repo/javavscode/netbeans/nbbuild/netbeans/platform/lib/org-openide-util-ui.jar:/Users/atalati/vscode-extension/main-repo/javavscode/netbeans/nbbuild/netbeans/platform/lib/org-openide-util.jar:/Users/atalati/vscode-extension/main-repo/javavscode/netbeans/nbbuild/netbeans/platform/lib/org-openide-util-lookup.jar:/Users/atalati/vscode-extension/main-repo/javavscode/netbeans/nbbuild/netbeans/platform/modules/org-netbeans-api-progress-nb.jar:/Users/atalati/vscode-extension/main-repo/javavscode/netbeans/nbbuild/netbeans/platform/modules/org-openide-awt.jar:/Users/atalati/vscode-extension/main-repo/javavscode/netbeans/nbbuild/netbeans/platform/core/org-openide-filesystems.jar:/Users/atalati/vscode-extension/main-repo/javavscode/netbeans/nbbuild/netbeans/platform/modules/org-netbeans-api-templates.jar:/Users/atalati/vscode-extension/main-repo/javavscode/netbeans/nbbuild/netbeans/platform/modules/org-netbeans-api-scripting.jar:/Users/atalati/vscode-extension/main-repo/javavscode/netbeans/nbbuild/netbeans/platform/modules/org-netbeans-modules-queries.jar:/Users/atalati/vscode-extension/main-repo/javavscode/netbeans/nbbuild/netbeans/ide/modules/org-netbeans-modules-projectapi.jar:/Users/atalati/vscode-extension/main-repo/javavscode/netbeans/nbbuild/netbeans/ide/modules/org-netbeans-modules-projectuiapi-base.jar:/Users/atalati/vscode-extension/main-repo/javavscode/netbeans/nbbuild/netbeans/platform/modules/org-openide-explorer.jar:/Users/atalati/vscode-extension/main-repo/javavscode/netbeans/nbbuild/netbeans/platform/modules/org-netbeans-swing-outline.jar:/Users/atalati/vscode-extension/main-repo/javavscode/netbeans/nbbuild/netbeans/platform/modules/org-netbeans-swing-tabcontrol.jar:/Users/atalati/vscode-extension/main-repo/javavscode/netbeans/nbbuild/netbeans/platform/modules/org-openide-windows.jar:/Users/atalati/vscode-extension/main-repo/javavscode/netbeans/nbbuild/netbeans/platform/modules/org-openide-nodes.jar:/Users/atalati/vscode-extension/main-repo/javavscode/netbeans/nbbuild/netbeans/platform/modules/org-openide-dialogs.jar:/Users/atalati/vscode-extension/main-repo/javavscode/netbeans/nbbuild/netbeans/platform/modules/org-openide-filesystems-nb.jar:/Users/atalati/vscode-extension/main-repo/javavscode/netbeans/nbbuild/netbeans/platform/modules/org-openide-loaders.jar:/Users/atalati/vscode-extension/main-repo/javavscode/netbeans/nbbuild/netbeans/platform/modules/org-netbeans-modules-editor-mimelookup.jar:/Users/atalati/vscode-extension/main-repo/javavscode/netbeans/nbbuild/netbeans/platform/modules/org-openide-actions.jar:/Users/atalati/vscode-extension/main-repo/javavscode/netbeans/nbbuild/netbeans/platform/modules/org-openide-text.jar:/Users/atalati/vscode-extension/main-repo/javavscode/netbeans/nbbuild/netbeans/platform/modules/org-netbeans-modules-queries.jar:/Users/atalati/vscode-extension/main-repo/javavscode/netbeans/nbbuild/netbeans/platform/core/org-openide-filesystems.jar:/Users/atalati/vscode-extension/main-repo/javavscode/netbeans/nbbuild/netbeans/platform/lib/org-openide-util.jar:/Users/atalati/vscode-extension/main-repo/javavscode/netbeans/nbbuild/netbeans/platform/lib/org-openide-util-lookup.jar:/Users/atalati/vscode-extension/main-repo/javavscode/netbeans/nbbuild/netbeans/ide/modules/org-netbeans-modules-refactoring-api.jar:/Users/atalati/vscode-extension/main-repo/javavscode/netbeans/nbbuild/netbeans/platform/modules/org-netbeans-api-annotations-common.jar:/Users/atalati/vscode-extension/main-repo/javavscode/netbeans/nbbuild/netbeans/platform/modules/org-netbeans-api-progress.jar:/Users/atalati/vscode-extension/main-repo/javavscode/netbeans/nbbuild/netbeans/platform/lib/org-openide-modules.jar:/Users/atalati/vscode-extension/main-repo/javavscode/netbeans/nbbuild/netbeans/platform/lib/org-openide-util-ui.jar:/Users/atalati/vscode-extension/main-repo/javavscode/netbeans/nbbuild/netbeans/platform/lib/org-openide-util.jar:/Users/atalati/vscode-extension/main-repo/javavscode/netbeans/nbbuild/netbeans/platform/lib/org-openide-util-lookup.jar:/Users/atalati/vscode-extension/main-repo/javavscode/netbeans/nbbuild/netbeans/platform/modules/org-netbeans-api-progress-nb.jar:/Users/atalati/vscode-extension/main-repo/javavscode/netbeans/nbbuild/netbeans/platform/modules/org-openide-awt.jar:/Users/atalati/vscode-extension/main-repo/javavscode/netbeans/nbbuild/netbeans/platform/core/org-openide-filesystems.jar:/Users/atalati/vscode-extension/main-repo/javavscode/netbeans/nbbuild/netbeans/ide/modules/org-netbeans-modules-diff.jar:/Users/atalati/vscode-extension/main-repo/javavscode/netbeans/nbbuild/netbeans/ide/modules/org-netbeans-modules-editor-errorstripe.jar:/Users/atalati/vscode-extension/main-repo/javavscode/netbeans/nbbuild/netbeans/ide/modules/org-netbeans-modules-editor-document.jar:/Users/atalati/vscode-extension/main-repo/javavscode/netbeans/nbbuild/netbeans/platform/modules/org-netbeans-modules-editor-mimelookup.jar:/Users/atalati/vscode-extension/main-repo/javavscode/netbeans/nbbuild/netbeans/ide/modules/org-netbeans-modules-editor-util.jar:/Users/atalati/vscode-extension/main-repo/javavscode/netbeans/nbbuild/netbeans/ide/modules/org-netbeans-modules-editor-errorstripe-api.jar:/Users/atalati/vscode-extension/main-repo/javavscode/netbeans/nbbuild/netbeans/ide/modules/org-netbeans-modules-editor-fold.jar:/Users/atalati/vscode-extension/main-repo/javavscode/netbeans/nbbuild/netbeans/ide/modules/org-netbeans-modules-editor-settings.jar:/Users/atalati/vscode-extension/main-repo/javavscode/netbeans/nbbuild/netbeans/ide/modules/org-netbeans-modules-lexer.jar:/Users/atalati/vscode-extension/main-repo/javavscode/netbeans/nbbuild/netbeans/ide/modules/org-netbeans-modules-editor-settings-lib.jar:/Users/atalati/vscode-extension/main-repo/javavscode/netbeans/nbbuild/netbeans/ide/modules/org-netbeans-modules-editor-lib.jar:/Users/atalati/vscode-extension/main-repo/javavscode/netbeans/nbbuild/netbeans/ide/modules/org-netbeans-modules-editor-guards.jar:/Users/atalati/vscode-extension/main-repo/javavscode/netbeans/nbbuild/netbeans/ide/modules/org-netbeans-modules-editor-indent.jar:/Users/atalati/vscode-extension/main-repo/javavscode/netbeans/nbbuild/netbeans/ide/modules/org-netbeans-modules-editor-lib2.jar:/Users/atalati/vscode-extension/main-repo/javavscode/netbeans/nbbuild/netbeans/platform/modules/org-openide-dialogs.jar:/Users/atalati/vscode-extension/main-repo/javavscode/netbeans/nbbuild/netbeans/platform/modules/org-openide-loaders.jar:/Users/atalati/vscode-extension/main-repo/javavscode/netbeans/nbbuild/netbeans/platform/modules/org-netbeans-api-scripting.jar:/Users/atalati/vscode-extension/main-repo/javavscode/netbeans/nbbuild/netbeans/platform/modules/org-netbeans-api-templates.jar:/Users/atalati/vscode-extension/main-repo/javavscode/netbeans/nbbuild/netbeans/platform/modules/org-netbeans-modules-queries.jar:/Users/atalati/vscode-extension/main-repo/javavscode/netbeans/nbbuild/netbeans/platform/modules/org-openide-actions.jar:/Users/atalati/vscode-extension/main-repo/javavscode/netbeans/nbbuild/netbeans/platform/modules/org-openide-explorer.jar:/Users/atalati/vscode-extension/main-repo/javavscode/netbeans/nbbuild/netbeans/platform/modules/org-netbeans-swing-outline.jar:/Users/atalati/vscode-extension/main-repo/javavscode/netbeans/nbbuild/netbeans/platform/modules/org-netbeans-swing-tabcontrol.jar:/Users/atalati/vscode-extension/main-repo/javavscode/netbeans/nbbuild/netbeans/platform/modules/org-openide-windows.jar:/Users/atalati/vscode-extension/main-repo/javavscode/netbeans/nbbuild/netbeans/platform/modules/org-openide-nodes.jar:/Users/atalati/vscode-extension/main-repo/javavscode/netbeans/nbbuild/netbeans/platform/modules/org-openide-text.jar:/Users/atalati/vscode-extension/main-repo/javavscode/netbeans/nbbuild/netbeans/platform/modules/org-openide-filesystems-nb.jar:/Users/atalati/vscode-extension/main-repo/javavscode/netbeans/nbbuild/netbeans/platform/modules/org-netbeans-modules-options-api.jar:/Users/atalati/vscode-extension/main-repo/javavscode/netbeans/nbbuild/netbeans/platform/modules/org-netbeans-core.jar:/Users/atalati/vscode-extension/main-repo/javavscode/netbeans/nbbuild/netbeans/platform/lib/boot.jar:/Users/atalati/vscode-extension/main-repo/javavscode/netbeans/nbbuild/netbeans/platform/core/core.jar:/Users/atalati/vscode-extension/main-repo/javavscode/netbeans/nbbuild/netbeans/platform/core/org-netbeans-libs-asm.jar:/Users/atalati/vscode-extension/main-repo/javavscode/netbeans/platform/libs.asm/external/asm-9.6.jar:/Users/atalati/vscode-extension/main-repo/javavscode/netbeans/nbbuild/netbeans/platform/core/asm-9.6.jar:/Users/atalati/vscode-extension/main-repo/javavscode/netbeans/platform/libs.asm/external/asm-tree-9.6.jar:/Users/atalati/vscode-extension/main-repo/javavscode/netbeans/nbbuild/netbeans/platform/core/asm-tree-9.6.jar:/Users/atalati/vscode-extension/main-repo/javavscode/netbeans/platform/libs.asm/external/asm-commons-9.6.jar:/Users/atalati/vscode-extension/main-repo/javavscode/netbeans/nbbuild/netbeans/platform/core/asm-commons-9.6.jar:/Users/atalati/vscode-extension/main-repo/javavscode/netbeans/nbbuild/netbeans/platform/core/core-base.jar:/Users/atalati/vscode-extension/main-repo/javavscode/netbeans/nbbuild/netbeans/platform/modules/org-netbeans-modules-keyring.jar:/Users/atalati/vscode-extension/main-repo/javavscode/netbeans/nbbuild/netbeans/platform/modules/org-netbeans-modules-sampler.jar:/Users/atalati/vscode-extension/main-repo/javavscode/netbeans/nbbuild/netbeans/platform/modules/org-netbeans-swing-plaf.jar:/Users/atalati/vscode-extension/main-repo/javavscode/netbeans/nbbuild/netbeans/platform/modules/org-openide-io.jar:/Users/atalati/vscode-extension/main-repo/javavscode/netbeans/nbbuild/netbeans/platform/modules/org-netbeans-api-intent.jar:/Users/atalati/vscode-extension/main-repo/javavscode/netbeans/nbbuild/netbeans/platform/modules/org-netbeans-api-io.jar:/Users/atalati/vscode-extension/main-repo/javavscode/netbeans/nbbuild/netbeans/platform/modules/org-netbeans-spi-quicksearch.jar:/Users/atalati/vscode-extension/main-repo/javavscode/netbeans/nbbuild/netbeans/ide/modules/org-netbeans-modules-options-editor.jar:/Users/atalati/vscode-extension/main-repo/javavscode/netbeans/nbbuild/netbeans/ide/modules/org-netbeans-modules-editor.jar:/Users/atalati/vscode-extension/main-repo/javavscode/netbeans/nbbuild/netbeans/ide/modules/org-netbeans-api-lsp.jar:/Users/atalati/vscode-extension/main-repo/javavscode/netbeans/nbbuild/netbeans/ide/modules/org-netbeans-modules-editor-settings-storage.jar:/Users/atalati/vscode-extension/main-repo/javavscode/netbeans/nbbuild/netbeans/platform/modules/org-netbeans-modules-options-keymap.jar:/Users/atalati/vscode-extension/main-repo/javavscode/netbeans/nbbuild/netbeans/ide/modules/org-netbeans-modules-projectapi.jar:/Users/atalati/vscode-extension/main-repo/javavscode/netbeans/nbbuild/netbeans/ide/modules/org-netbeans-modules-parsing-api.jar:/Users/atalati/vscode-extension/main-repo/javavscode/netbeans/nbbuild/netbeans/ide/modules/org-netbeans-api-java-classpath.jar:/Users/atalati/vscode-extension/main-repo/javavscode/netbeans/nbbuild/netbeans/ide/modules/org-netbeans-modules-parsing-lucene.jar:/Users/atalati/vscode-extension/main-repo/javavscode/netbeans/nbbuild/netbeans/ide/modules/org-netbeans-libs-lucene.jar:/Users/atalati/vscode-extension/main-repo/javavscode/netbeans/ide/libs.lucene/external/lucene-core-3.6.2.jar:/Users/atalati/vscode-extension/main-repo/javavscode/netbeans/nbbuild/netbeans/ide/modules/ext/lucene-core-3.6.2.jar:/Users/atalati/vscode-extension/main-repo/javavscode/netbeans/nbbuild/netbeans/platform/modules/org-netbeans-modules-masterfs.jar:/Users/atalati/vscode-extension/main-repo/javavscode/netbeans/nbbuild/netbeans/ide/modules/org-netbeans-modules-parsing-indexing.jar:/Users/atalati/vscode-extension/main-repo/javavscode/netbeans/nbbuild/netbeans/ide/modules/org-netbeans-modules-project-indexingbridge.jar:/Users/atalati/vscode-extension/main-repo/javavscode/netbeans/nbbuild/netbeans/ide/modules/org-netbeans-modules-projectuiapi-base.jar:/Users/atalati/vscode-extension/main-repo/javavscode/netbeans/nbbuild/netbeans/ide/modules/org-netbeans-spi-tasklist.jar:/Users/atalati/vscode-extension/main-repo/javavscode/netbeans/nbbuild/netbeans/java/modules/org-netbeans-modules-refactoring-java.jar:/Users/atalati/vscode-extension/main-repo/javavscode/netbeans/nbbuild/netbeans/platform/modules/org-netbeans-api-annotations-common.jar:/Users/atalati/vscode-extension/main-repo/javavscode/netbeans/nbbuild/netbeans/java/modules/org-netbeans-api-java.jar:/Users/atalati/vscode-extension/main-repo/javavscode/netbeans/nbbuild/netbeans/ide/modules/org-netbeans-api-java-classpath.jar:/Users/atalati/vscode-extension/main-repo/javavscode/netbeans/nbbuild/netbeans/platform/core/org-openide-filesystems.jar:/Users/atalati/vscode-extension/main-repo/javavscode/netbeans/nbbuild/netbeans/platform/lib/org-openide-util.jar:/Users/atalati/vscode-extension/main-repo/javavscode/netbeans/nbbuild/netbeans/platform/lib/org-openide-util-lookup.jar:/Users/atalati/vscode-extension/main-repo/javavscode/netbeans/nbbuild/netbeans/platform/lib/org-openide-modules.jar:/Users/atalati/vscode-extension/main-repo/javavscode/netbeans/nbbuild/netbeans/platform/lib/org-openide-util-ui.jar:/Users/atalati/vscode-extension/main-repo/javavscode/netbeans/nbbuild/netbeans/ide/modules/org-netbeans-api-lsp.jar:/Users/atalati/vscode-extension/main-repo/javavscode/netbeans/nbbuild/netbeans/platform/modules/org-netbeans-modules-editor-mimelookup.jar:/Users/atalati/vscode-extension/main-repo/javavscode/netbeans/nbbuild/netbeans/ide/modules/org-netbeans-modules-editor-util.jar:/Users/atalati/vscode-extension/main-repo/javavscode/netbeans/nbbuild/netbeans/platform/modules/org-netbeans-api-progress.jar:/Users/atalati/vscode-extension/main-repo/javavscode/netbeans/nbbuild/netbeans/platform/modules/org-netbeans-api-progress-nb.jar:/Users/atalati/vscode-extension/main-repo/javavscode/netbeans/nbbuild/netbeans/platform/modules/org-openide-awt.jar:/Users/atalati/vscode-extension/main-repo/javavscode/netbeans/nbbuild/netbeans/java/modules/org-netbeans-libs-javacapi.jar:/Users/atalati/vscode-extension/main-repo/javavscode/netbeans/java/libs.javacapi/external/nb-javac-jdk-22+33-api.jar:/Users/atalati/vscode-extension/main-repo/javavscode/netbeans/java/libs.javacapi/external/nb-javac-jdk-22+33.jar:/Users/atalati/vscode-extension/main-repo/javavscode/netbeans/nbbuild/netbeans/ide/modules/org-netbeans-modules-editor-document.jar:/Users/atalati/vscode-extension/main-repo/javavscode/netbeans/nbbuild/netbeans/ide/modules/org-netbeans-modules-editor-lib.jar:/Users/atalati/vscode-extension/main-repo/javavscode/netbeans/nbbuild/netbeans/ide/modules/org-netbeans-modules-editor-fold.jar:/Users/atalati/vscode-extension/main-repo/javavscode/netbeans/nbbuild/netbeans/ide/modules/org-netbeans-modules-editor-settings.jar:/Users/atalati/vscode-extension/main-repo/javavscode/netbeans/nbbuild/netbeans/ide/modules/org-netbeans-modules-lexer.jar:/Users/atalati/vscode-extension/main-repo/javavscode/netbeans/nbbuild/netbeans/ide/modules/org-netbeans-modules-editor-settings-lib.jar:/Users/atalati/vscode-extension/main-repo/javavscode/netbeans/nbbuild/netbeans/ide/modules/org-netbeans-modules-editor-guards.jar:/Users/atalati/vscode-extension/main-repo/javavscode/netbeans/nbbuild/netbeans/ide/modules/org-netbeans-modules-editor-indent.jar:/Users/atalati/vscode-extension/main-repo/javavscode/netbeans/nbbuild/netbeans/ide/modules/org-netbeans-modules-editor-lib2.jar:/Users/atalati/vscode-extension/main-repo/javavscode/netbeans/nbbuild/netbeans/platform/modules/org-openide-dialogs.jar:/Users/atalati/vscode-extension/main-repo/javavscode/netbeans/nbbuild/netbeans/ide/modules/org-netbeans-modules-gototest.jar:/Users/atalati/vscode-extension/main-repo/javavscode/netbeans/nbbuild/netbeans/ide/modules/org-netbeans-modules-gsf-testrunner.jar:/Users/atalati/vscode-extension/main-repo/javavscode/netbeans/nbbuild/netbeans/ide/modules/org-netbeans-modules-extexecution.jar:/Users/atalati/vscode-extension/main-repo/javavscode/netbeans/nbbuild/netbeans/ide/modules/org-netbeans-modules-extexecution-base.jar:/Users/atalati/vscode-extension/main-repo/javavscode/netbeans/nbbuild/netbeans/platform/modules/org-openide-io.jar:/Users/atalati/vscode-extension/main-repo/javavscode/netbeans/nbbuild/netbeans/platform/modules/org-netbeans-api-intent.jar:/Users/atalati/vscode-extension/main-repo/javavscode/netbeans/nbbuild/netbeans/platform/modules/org-netbeans-api-io.jar:/Users/atalati/vscode-extension/main-repo/javavscode/netbeans/nbbuild/netbeans/ide/modules/org-netbeans-modules-projectapi.jar:/Users/atalati/vscode-extension/main-repo/javavscode/netbeans/nbbuild/netbeans/platform/modules/org-netbeans-modules-queries.jar:/Users/atalati/vscode-extension/main-repo/javavscode/netbeans/nbbuild/netbeans/ide/modules/org-netbeans-modules-gsf-testrunner-ui.jar:/Users/atalati/vscode-extension/main-repo/javavscode/netbeans/nbbuild/netbeans/ide/modules/org-netbeans-modules-diff.jar:/Users/atalati/vscode-extension/main-repo/javavscode/netbeans/nbbuild/netbeans/ide/modules/org-netbeans-modules-editor-errorstripe.jar:/Users/atalati/vscode-extension/main-repo/javavscode/netbeans/nbbuild/netbeans/ide/modules/org-netbeans-modules-editor-errorstripe-api.jar:/Users/atalati/vscode-extension/main-repo/javavscode/netbeans/nbbuild/netbeans/platform/modules/org-openide-loaders.jar:/Users/atalati/vscode-extension/main-repo/javavscode/netbeans/nbbuild/netbeans/platform/modules/org-netbeans-api-scripting.jar:/Users/atalati/vscode-extension/main-repo/javavscode/netbeans/nbbuild/netbeans/platform/modules/org-netbeans-api-templates.jar:/Users/atalati/vscode-extension/main-repo/javavscode/netbeans/nbbuild/netbeans/platform/modules/org-openide-actions.jar:/Users/atalati/vscode-extension/main-repo/javavscode/netbeans/nbbuild/netbeans/platform/modules/org-openide-explorer.jar:/Users/atalati/vscode-extension/main-repo/javavscode/netbeans/nbbuild/netbeans/platform/modules/org-netbeans-swing-outline.jar:/Users/atalati/vscode-extension/main-repo/javavscode/netbeans/nbbuild/netbeans/platform/modules/org-netbeans-swing-tabcontrol.jar:/Users/atalati/vscode-extension/main-repo/javavscode/netbeans/nbbuild/netbeans/platform/modules/org-openide-windows.jar:/Users/atalati/vscode-extension/main-repo/javavscode/netbeans/nbbuild/netbeans/platform/modules/org-openide-nodes.jar:/Users/atalati/vscode-extension/main-repo/javavscode/netbeans/nbbuild/netbeans/platform/modules/org-openide-text.jar:/Users/atalati/vscode-extension/main-repo/javavscode/netbeans/nbbuild/netbeans/platform/modules/org-openide-filesystems-nb.jar:/Users/atalati/vscode-extension/main-repo/javavscode/netbeans/nbbuild/netbeans/platform/modules/org-netbeans-modules-options-api.jar:/Users/atalati/vscode-extension/main-repo/javavscode/netbeans/nbbuild/netbeans/platform/modules/org-netbeans-core.jar:/Users/atalati/vscode-extension/main-repo/javavscode/netbeans/nbbuild/netbeans/platform/lib/boot.jar:/Users/atalati/vscode-extension/main-repo/javavscode/netbeans/nbbuild/netbeans/platform/core/core.jar:/Users/atalati/vscode-extension/main-repo/javavscode/netbeans/nbbuild/netbeans/platform/core/org-netbeans-libs-asm.jar:/Users/atalati/vscode-extension/main-repo/javavscode/netbeans/platform/libs.asm/external/asm-9.6.jar:/Users/atalati/vscode-extension/main-repo/javavscode/netbeans/nbbuild/netbeans/platform/core/asm-9.6.jar:/Users/atalati/vscode-extension/main-repo/javavscode/netbeans/platform/libs.asm/external/asm-tree-9.6.jar:/Users/atalati/vscode-extension/main-repo/javavscode/netbeans/nbbuild/netbeans/platform/core/asm-tree-9.6.jar:/Users/atalati/vscode-extension/main-repo/javavscode/netbeans/platform/libs.asm/external/asm-commons-9.6.jar:/Users/atalati/vscode-extension/main-repo/javavscode/netbeans/nbbuild/netbeans/platform/core/asm-commons-9.6.jar:/Users/atalati/vscode-extension/main-repo/javavscode/netbeans/nbbuild/netbeans/platform/core/core-base.jar:/Users/atalati/vscode-extension/main-repo/javavscode/netbeans/nbbuild/netbeans/platform/modules/org-netbeans-modules-keyring.jar:/Users/atalati/vscode-extension/main-repo/javavscode/netbeans/nbbuild/netbeans/platform/modules/org-netbeans-modules-sampler.jar:/Users/atalati/vscode-extension/main-repo/javavscode/netbeans/nbbuild/netbeans/platform/modules/org-netbeans-swing-plaf.jar:/Users/atalati/vscode-extension/main-repo/javavscode/netbeans/nbbuild/netbeans/platform/modules/org-netbeans-spi-quicksearch.jar:/Users/atalati/vscode-extension/main-repo/javavscode/netbeans/nbbuild/netbeans/ide/modules/org-netbeans-modules-options-editor.jar:/Users/atalati/vscode-extension/main-repo/javavscode/netbeans/nbbuild/netbeans/ide/modules/org-netbeans-modules-editor.jar:/Users/atalati/vscode-extension/main-repo/javavscode/netbeans/nbbuild/netbeans/ide/modules/org-netbeans-modules-editor-settings-storage.jar:/Users/atalati/vscode-extension/main-repo/javavscode/netbeans/nbbuild/netbeans/platform/modules/org-netbeans-modules-options-keymap.jar:/Users/atalati/vscode-extension/main-repo/javavscode/netbeans/nbbuild/netbeans/ide/modules/org-netbeans-modules-parsing-api.jar:/Users/atalati/vscode-extension/main-repo/javavscode/netbeans/nbbuild/netbeans/ide/modules/org-netbeans-modules-parsing-lucene.jar:/Users/atalati/vscode-extension/main-repo/javavscode/netbeans/nbbuild/netbeans/ide/modules/org-netbeans-libs-lucene.jar:/Users/atalati/vscode-extension/main-repo/javavscode/netbeans/ide/libs.lucene/external/lucene-core-3.6.2.jar:/Users/atalati/vscode-extension/main-repo/javavscode/netbeans/nbbuild/netbeans/ide/modules/ext/lucene-core-3.6.2.jar:/Users/atalati/vscode-extension/main-repo/javavscode/netbeans/nbbuild/netbeans/platform/modules/org-netbeans-modules-masterfs.jar:/Users/atalati/vscode-extension/main-repo/javavscode/netbeans/nbbuild/netbeans/ide/modules/org-netbeans-modules-parsing-indexing.jar:/Users/atalati/vscode-extension/main-repo/javavscode/netbeans/nbbuild/netbeans/ide/modules/org-netbeans-modules-project-indexingbridge.jar:/Users/atalati/vscode-extension/main-repo/javavscode/netbeans/nbbuild/netbeans/ide/modules/org-netbeans-modules-projectuiapi-base.jar:/Users/atalati/vscode-extension/main-repo/javavscode/netbeans/nbbuild/netbeans/ide/modules/org-netbeans-spi-tasklist.jar:/Users/atalati/vscode-extension/main-repo/javavscode/netbeans/nbbuild/netbeans/java/modules/org-netbeans-modules-java-file-launcher.jar:/Users/atalati/vscode-extension/main-repo/javavscode/netbeans/nbbuild/netbeans/java/modules/org-netbeans-api-debugger-jpda.jar:/Users/atalati/vscode-extension/main-repo/javavscode/netbeans/nbbuild/netbeans/ide/modules/org-netbeans-api-debugger.jar:/Users/atalati/vscode-extension/main-repo/javavscode/netbeans/nbbuild/netbeans/java/modules/org-netbeans-modules-java-lexer.jar:/Users/atalati/vscode-extension/main-repo/javavscode/netbeans/nbbuild/netbeans/java/modules/org-netbeans-modules-java-platform.jar:/Users/atalati/vscode-extension/main-repo/javavscode/netbeans/nbbuild/netbeans/java/modules/org-netbeans-modules-java-project-ui.jar:/Users/atalati/vscode-extension/main-repo/javavscode/netbeans/nbbuild/netbeans/extide/modules/org-apache-tools-ant-module.jar:/Users/atalati/vscode-extension/main-repo/javavscode/netbeans/nbbuild/netbeans/ide/modules/org-netbeans-api-xml.jar:/Users/atalati/vscode-extension/main-repo/javavscode/netbeans/nbbuild/netbeans/ide/modules/org-netbeans-api-xml-ui.jar:/Users/atalati/vscode-extension/main-repo/javavscode/netbeans/nbbuild/netbeans/platform/modules/org-netbeans-core-multiview.jar:/Users/atalati/vscode-extension/main-repo/javavscode/netbeans/nbbuild/netbeans/extide/modules/org-netbeans-modules-options-java.jar:/Users/atalati/vscode-extension/main-repo/javavscode/netbeans/nbbuild/netbeans/ide/modules/org-netbeans-modules-projectuiapi.jar:/Users/atalati/vscode-extension/main-repo/javavscode/netbeans/nbbuild/netbeans/ide/modules/org-netbeans-spi-navigator.jar:/Users/atalati/vscode-extension/main-repo/javavscode/netbeans/nbbuild/netbeans/platform/modules/org-openide-execution.jar:/Users/atalati/vscode-extension/main-repo/javavscode/netbeans/nbbuild/netbeans/platform/modules/org-netbeans-api-search.jar:/Users/atalati/vscode-extension/main-repo/javavscode/netbeans/nbbuild/netbeans/java/modules/org-netbeans-modules-classfile.jar:/Users/atalati/vscode-extension/main-repo/javavscode/netbeans/nbbuild/netbeans/java/modules/org-netbeans-modules-java-platform-ui.jar:/Users/atalati/vscode-extension/main-repo/javavscode/netbeans/nbbuild/netbeans/java/modules/org-netbeans-modules-java-project.jar:/Users/atalati/vscode-extension/main-repo/javavscode/netbeans/nbbuild/netbeans/java/modules/org-netbeans-modules-java-source-base.jar:/Users/atalati/vscode-extension/main-repo/javavscode/netbeans/nbbuild/netbeans/java/modules/org-netbeans-lib-nbjavac.jar:/Users/atalati/vscode-extension/main-repo/javavscode/netbeans/nbbuild/netbeans/java/modules/org-netbeans-modules-java-preprocessorbridge.jar:/Users/atalati/vscode-extension/main-repo/javavscode/netbeans/nbbuild/netbeans/ide/modules/org-netbeans-modules-refactoring-api.jar:/Users/atalati/vscode-extension/main-repo/javavscode/netbeans/nbbuild/netbeans/ide/modules/org-netbeans-modules-project-ant.jar:/Users/atalati/vscode-extension/main-repo/javavscode/netbeans/nbbuild/netbeans/ide/modules/org-netbeans-modules-project-libraries.jar:/Users/atalati/vscode-extension/main-repo/javavscode/netbeans/nbbuild/netbeans/ide/modules/org-netbeans-modules-project-spi-intern.jar:/Users/atalati/vscode-extension/main-repo/javavscode/netbeans/nbbuild/netbeans/ide/modules/org-netbeans-modules-xml-catalog.jar:/Users/atalati/vscode-extension/main-repo/javavscode/netbeans/nbbuild/netbeans/ide/modules/org-apache-xml-resolver.jar:/Users/atalati/vscode-extension/main-repo/javavscode/netbeans/ide/o.apache.xml.resolver/external/resolver-1.2.jar:/Users/atalati/vscode-extension/main-repo/javavscode/netbeans/nbbuild/netbeans/ide/modules/ext/resolver-1.2.jar:/Users/atalati/vscode-extension/main-repo/javavscode/netbeans/nbbuild/netbeans/java/modules/org-netbeans-modules-java-source.jar:/Users/atalati/vscode-extension/main-repo/javavscode/netbeans/nbbuild/netbeans/platform/modules/org-netbeans-modules-autoupdate-services.jar:/Users/atalati/vscode-extension/main-repo/javavscode/netbeans/nbbuild/netbeans/platform/modules/ext/updater.jar:/Users/atalati/vscode-extension/main-repo/javavscode/netbeans/nbbuild/netbeans/ide/modules/org-netbeans-modules-editor-indent-project.jar:/Users/atalati/vscode-extension/main-repo/javavscode/netbeans/nbbuild/netbeans/java/modules/org-netbeans-modules-java-sourceui.jar:/Users/atalati/vscode-extension/main-repo/javavscode/netbeans/nbbuild/netbeans/ide/modules/org-netbeans-modules-jumpto.jar:/Users/atalati/vscode-extension/main-repo/javavscode/netbeans/nbbuild/netbeans/ide/modules/org-netbeans-modules-project-ant-ui.jar:/Users/atalati/vscode-extension/main-repo/javavscode/netbeans/nbbuild/netbeans/ide/modules/org-netbeans-modules-project-libraries-ui.jar:/Users/atalati/vscode-extension/main-repo/javavscode/netbeans/nbbuild/netbeans/ide/modules/org-netbeans-spi-editor-hints.jar:/Users/atalati/vscode-extension/main-repo/javavscode/netbeans/nbbuild/netbeans/platform/modules/org-netbeans-modules-javahelp.jar:/Users/atalati/vscode-extension/main-repo/javavscode/netbeans/platform/javahelp/external/jhall-2.0_05.jar:/Users/atalati/vscode-extension/main-repo/javavscode/netbeans/nbbuild/netbeans/java/modules/org-netbeans-spi-java-hints.jar:/Users/atalati/vscode-extension/main-repo/javavscode/netbeans/nbbuild/netbeans/ide/modules/org-netbeans-modules-code-analysis.jar:/Users/atalati/vscode-extension/main-repo/javavscode/netbeans/nbbuild/netbeans/platform/modules/org-netbeans-modules-settings.jar:/Users/atalati/vscode-extension/main-repo/javavscode/netbeans/nbbuild/netbeans/platform/modules/org-netbeans-modules-settings.jar:/Users/atalati/vscode-extension/main-repo/javavscode/netbeans/nbbuild/netbeans/platform/lib/boot.jar:/Users/atalati/vscode-extension/main-repo/javavscode/netbeans/nbbuild/netbeans/platform/lib/org-openide-modules.jar:/Users/atalati/vscode-extension/main-repo/javavscode/netbeans/nbbuild/netbeans/platform/lib/org-openide-util-ui.jar:/Users/atalati/vscode-extension/main-repo/javavscode/netbeans/nbbuild/netbeans/platform/lib/org-openide-util.jar:/Users/atalati/vscode-extension/main-repo/javavscode/netbeans/nbbuild/netbeans/platform/lib/org-openide-util-lookup.jar:/Users/atalati/vscode-extension/main-repo/javavscode/netbeans/nbbuild/netbeans/platform/core/core.jar:/Users/atalati/vscode-extension/main-repo/javavscode/netbeans/nbbuild/netbeans/platform/core/org-openide-filesystems.jar:/Users/atalati/vscode-extension/main-repo/javavscode/netbeans/nbbuild/netbeans/platform/core/org-netbeans-libs-asm.jar:/Users/atalati/vscode-extension/main-repo/javavscode/netbeans/platform/libs.asm/external/asm-9.6.jar:/Users/atalati/vscode-extension/main-repo/javavscode/netbeans/nbbuild/netbeans/platform/core/asm-9.6.jar:/Users/atalati/vscode-extension/main-repo/javavscode/netbeans/platform/libs.asm/external/asm-tree-9.6.jar:/Users/atalati/vscode-extension/main-repo/javavscode/netbeans/nbbuild/netbeans/platform/core/asm-tree-9.6.jar:/Users/atalati/vscode-extension/main-repo/javavscode/netbeans/platform/libs.asm/external/asm-commons-9.6.jar:/Users/atalati/vscode-extension/main-repo/javavscode/netbeans/nbbuild/netbeans/platform/core/asm-commons-9.6.jar:/Users/atalati/vscode-extension/main-repo/javavscode/netbeans/nbbuild/netbeans/platform/core/core-base.jar:/Users/atalati/vscode-extension/main-repo/javavscode/netbeans/nbbuild/netbeans/platform/modules/org-openide-actions.jar:/Users/atalati/vscode-extension/main-repo/javavscode/netbeans/nbbuild/netbeans/platform/modules/org-openide-awt.jar:/Users/atalati/vscode-extension/main-repo/javavscode/netbeans/nbbuild/netbeans/platform/modules/org-netbeans-api-annotations-common.jar:/Users/atalati/vscode-extension/main-repo/javavscode/netbeans/nbbuild/netbeans/platform/modules/org-openide-dialogs.jar:/Users/atalati/vscode-extension/main-repo/javavscode/netbeans/nbbuild/netbeans/platform/modules/org-netbeans-api-progress.jar:/Users/atalati/vscode-extension/main-repo/javavscode/netbeans/nbbuild/netbeans/platform/modules/org-netbeans-api-progress-nb.jar:/Users/atalati/vscode-extension/main-repo/javavscode/netbeans/nbbuild/netbeans/platform/modules/org-openide-explorer.jar:/Users/atalati/vscode-extension/main-repo/javavscode/netbeans/nbbuild/netbeans/platform/modules/org-netbeans-swing-outline.jar:/Users/atalati/vscode-extension/main-repo/javavscode/netbeans/nbbuild/netbeans/platform/modules/org-netbeans-swing-tabcontrol.jar:/Users/atalati/vscode-extension/main-repo/javavscode/netbeans/nbbuild/netbeans/platform/modules/org-openide-windows.jar:/Users/atalati/vscode-extension/main-repo/javavscode/netbeans/nbbuild/netbeans/platform/modules/org-openide-nodes.jar:/Users/atalati/vscode-extension/main-repo/javavscode/netbeans/nbbuild/netbeans/platform/modules/org-openide-text.jar:/Users/atalati/vscode-extension/main-repo/javavscode/netbeans/nbbuild/netbeans/platform/modules/org-netbeans-modules-editor-mimelookup.jar:/Users/atalati/vscode-extension/main-repo/javavscode/netbeans/nbbuild/netbeans/platform/modules/org-openide-filesystems-nb.jar:/Users/atalati/vscode-extension/main-repo/javavscode/netbeans/nbbuild/netbeans/platform/modules/org-openide-loaders.jar:/Users/atalati/vscode-extension/main-repo/javavscode/netbeans/nbbuild/netbeans/platform/modules/org-netbeans-api-scripting.jar:/Users/atalati/vscode-extension/main-repo/javavscode/netbeans/nbbuild/netbeans/platform/modules/org-netbeans-api-templates.jar:/Users/atalati/vscode-extension/main-repo/javavscode/netbeans/nbbuild/netbeans/platform/modules/org-netbeans-modules-queries.jar:/Users/atalati/vscode-extension/main-repo/javavscode/netbeans/nbbuild/netbeans/ide/modules/org-netbeans-spi-editor-hints.jar:/Users/atalati/vscode-extension/main-repo/javavscode/netbeans/nbbuild/netbeans/platform/modules/org-netbeans-api-annotations-common.jar:/Users/atalati/vscode-extension/main-repo/javavscode/netbeans/nbbuild/netbeans/ide/modules/org-netbeans-api-lsp.jar:/Users/atalati/vscode-extension/main-repo/javavscode/netbeans/nbbuild/netbeans/platform/modules/org-netbeans-modules-editor-mimelookup.jar:/Users/atalati/vscode-extension/main-repo/javavscode/netbeans/nbbuild/netbeans/platform/core/org-openide-filesystems.jar:/Users/atalati/vscode-extension/main-repo/javavscode/netbeans/nbbuild/netbeans/platform/lib/org-openide-util.jar:/Users/atalati/vscode-extension/main-repo/javavscode/netbeans/nbbuild/netbeans/platform/lib/org-openide-util-lookup.jar:/Users/atalati/vscode-extension/main-repo/javavscode/netbeans/nbbuild/netbeans/ide/modules/org-netbeans-modules-editor-util.jar:/Users/atalati/vscode-extension/main-repo/javavscode/netbeans/nbbuild/netbeans/ide/modules/org-netbeans-modules-editor-document.jar:/Users/atalati/vscode-extension/main-repo/javavscode/netbeans/nbbuild/netbeans/ide/modules/org-netbeans-modules-editor-lib.jar:/Users/atalati/vscode-extension/main-repo/javavscode/netbeans/nbbuild/netbeans/platform/modules/org-netbeans-api-progress.jar:/Users/atalati/vscode-extension/main-repo/javavscode/netbeans/nbbuild/netbeans/platform/lib/org-openide-modules.jar:/Users/atalati/vscode-extension/main-repo/javavscode/netbeans/nbbuild/netbeans/platform/lib/org-openide-util-ui.jar:/Users/atalati/vscode-extension/main-repo/javavscode/netbeans/nbbuild/netbeans/platform/modules/org-netbeans-api-progress-nb.jar:/Users/atalati/vscode-extension/main-repo/javavscode/netbeans/nbbuild/netbeans/platform/modules/org-openide-awt.jar:/Users/atalati/vscode-extension/main-repo/javavscode/netbeans/nbbuild/netbeans/ide/modules/org-netbeans-modules-editor-fold.jar:/Users/atalati/vscode-extension/main-repo/javavscode/netbeans/nbbuild/netbeans/ide/modules/org-netbeans-modules-editor-settings.jar:/Users/atalati/vscode-extension/main-repo/javavscode/netbeans/nbbuild/netbeans/ide/modules/org-netbeans-modules-lexer.jar:/Users/atalati/vscode-extension/main-repo/javavscode/netbeans/nbbuild/netbeans/ide/modules/org-netbeans-modules-editor-settings-lib.jar:/Users/atalati/vscode-extension/main-repo/javavscode/netbeans/nbbuild/netbeans/ide/modules/org-netbeans-modules-editor-guards.jar:/Users/atalati/vscode-extension/main-repo/javavscode/netbeans/nbbuild/netbeans/ide/modules/org-netbeans-modules-editor-indent.jar:/Users/atalati/vscode-extension/main-repo/javavscode/netbeans/nbbuild/netbeans/ide/modules/org-netbeans-modules-editor-lib2.jar:/Users/atalati/vscode-extension/main-repo/javavscode/netbeans/nbbuild/netbeans/platform/modules/org-openide-dialogs.jar:/Users/atalati/vscode-extension/main-repo/javavscode/netbeans/nbbuild/netbeans/platform/modules/org-openide-loaders.jar:/Users/atalati/vscode-extension/main-repo/javavscode/netbeans/nbbuild/netbeans/platform/modules/org-netbeans-api-scripting.jar:/Users/atalati/vscode-extension/main-repo/javavscode/netbeans/nbbuild/netbeans/platform/modules/org-netbeans-api-templates.jar:/Users/atalati/vscode-extension/main-repo/javavscode/netbeans/nbbuild/netbeans/platform/modules/org-netbeans-modules-queries.jar:/Users/atalati/vscode-extension/main-repo/javavscode/netbeans/nbbuild/netbeans/platform/modules/org-openide-actions.jar:/Users/atalati/vscode-extension/main-repo/javavscode/netbeans/nbbuild/netbeans/platform/modules/org-openide-explorer.jar:/Users/atalati/vscode-extension/main-repo/javavscode/netbeans/nbbuild/netbeans/platform/modules/org-netbeans-swing-outline.jar:/Users/atalati/vscode-extension/main-repo/javavscode/netbeans/nbbuild/netbeans/platform/modules/org-netbeans-swing-tabcontrol.jar:/Users/atalati/vscode-extension/main-repo/javavscode/netbeans/nbbuild/netbeans/platform/modules/org-openide-windows.jar:/Users/atalati/vscode-extension/main-repo/javavscode/netbeans/nbbuild/netbeans/platform/modules/org-openide-nodes.jar:/Users/atalati/vscode-extension/main-repo/javavscode/netbeans/nbbuild/netbeans/platform/modules/org-openide-text.jar:/Users/atalati/vscode-extension/main-repo/javavscode/netbeans/nbbuild/netbeans/platform/modules/org-openide-filesystems-nb.jar:/Users/atalati/vscode-extension/main-repo/javavscode/netbeans/nbbuild/netbeans/java/modules/org-netbeans-spi-java-hints.jar:/Users/atalati/vscode-extension/main-repo/javavscode/netbeans/nbbuild/netbeans/platform/modules/org-netbeans-api-annotations-common.jar:/Users/atalati/vscode-extension/main-repo/javavscode/netbeans/nbbuild/netbeans/java/modules/org-netbeans-api-java.jar:/Users/atalati/vscode-extension/main-repo/javavscode/netbeans/nbbuild/netbeans/ide/modules/org-netbeans-api-java-classpath.jar:/Users/atalati/vscode-extension/main-repo/javavscode/netbeans/nbbuild/netbeans/platform/core/org-openide-filesystems.jar:/Users/atalati/vscode-extension/main-repo/javavscode/netbeans/nbbuild/netbeans/platform/lib/org-openide-util.jar:/Users/atalati/vscode-extension/main-repo/javavscode/netbeans/nbbuild/netbeans/platform/lib/org-openide-util-lookup.jar:/Users/atalati/vscode-extension/main-repo/javavscode/netbeans/nbbuild/netbeans/platform/lib/org-openide-modules.jar:/Users/atalati/vscode-extension/main-repo/javavscode/netbeans/nbbuild/netbeans/platform/lib/org-openide-util-ui.jar:/Users/atalati/vscode-extension/main-repo/javavscode/netbeans/nbbuild/netbeans/platform/modules/org-netbeans-api-progress.jar:/Users/atalati/vscode-extension/main-repo/javavscode/netbeans/nbbuild/netbeans/platform/modules/org-netbeans-api-progress-nb.jar:/Users/atalati/vscode-extension/main-repo/javavscode/netbeans/nbbuild/netbeans/platform/modules/org-openide-awt.jar:/Users/atalati/vscode-extension/main-repo/javavscode/netbeans/nbbuild/netbeans/java/modules/org-netbeans-lib-nbjavac.jar:/Users/atalati/vscode-extension/main-repo/javavscode/netbeans/nbbuild/netbeans/java/modules/org-netbeans-libs-javacapi.jar:/Users/atalati/vscode-extension/main-repo/javavscode/netbeans/java/libs.javacapi/external/nb-javac-jdk-22+33-api.jar:/Users/atalati/vscode-extension/main-repo/javavscode/netbeans/java/libs.javacapi/external/nb-javac-jdk-22+33.jar:/Users/atalati/vscode-extension/main-repo/javavscode/netbeans/nbbuild/netbeans/ide/modules/org-netbeans-libs-lucene.jar:/Users/atalati/vscode-extension/main-repo/javavscode/netbeans/ide/libs.lucene/external/lucene-core-3.6.2.jar:/Users/atalati/vscode-extension/main-repo/javavscode/netbeans/nbbuild/netbeans/ide/modules/ext/lucene-core-3.6.2.jar:/Users/atalati/vscode-extension/main-repo/javavscode/netbeans/nbbuild/netbeans/ide/modules/org-netbeans-modules-code-analysis.jar:/Users/atalati/vscode-extension/main-repo/javavscode/netbeans/nbbuild/netbeans/platform/modules/org-netbeans-modules-autoupdate-services.jar:/Users/atalati/vscode-extension/main-repo/javavscode/netbeans/nbbuild/netbeans/platform/modules/ext/updater.jar:/Users/atalati/vscode-extension/main-repo/javavscode/netbeans/nbbuild/netbeans/platform/lib/boot.jar:/Users/atalati/vscode-extension/main-repo/javavscode/netbeans/nbbuild/netbeans/platform/core/core.jar:/Users/atalati/vscode-extension/main-repo/javavscode/netbeans/nbbuild/netbeans/platform/core/org-netbeans-libs-asm.jar:/Users/atalati/vscode-extension/main-repo/javavscode/netbeans/platform/libs.asm/external/asm-9.6.jar:/Users/atalati/vscode-extension/main-repo/javavscode/netbeans/nbbuild/netbeans/platform/core/asm-9.6.jar:/Users/atalati/vscode-extension/main-repo/javavscode/netbeans/platform/libs.asm/external/asm-tree-9.6.jar:/Users/atalati/vscode-extension/main-repo/javavscode/netbeans/nbbuild/netbeans/platform/core/asm-tree-9.6.jar:/Users/atalati/vscode-extension/main-repo/javavscode/netbeans/platform/libs.asm/external/asm-commons-9.6.jar:/Users/atalati/vscode-extension/main-repo/javavscode/netbeans/nbbuild/netbeans/platform/core/asm-commons-9.6.jar:/Users/atalati/vscode-extension/main-repo/javavscode/netbeans/nbbuild/netbeans/platform/core/core-base.jar:/Users/atalati/vscode-extension/main-repo/javavscode/netbeans/nbbuild/netbeans/platform/modules/org-openide-dialogs.jar:/Users/atalati/vscode-extension/main-repo/javavscode/netbeans/nbbuild/netbeans/platform/modules/org-netbeans-modules-editor-mimelookup.jar:/Users/atalati/vscode-extension/main-repo/javavscode/netbeans/nbbuild/netbeans/platform/modules/org-netbeans-modules-options-api.jar:/Users/atalati/vscode-extension/main-repo/javavscode/netbeans/nbbuild/netbeans/platform/modules/org-netbeans-core.jar:/Users/atalati/vscode-extension/main-repo/javavscode/netbeans/nbbuild/netbeans/platform/modules/org-netbeans-modules-keyring.jar:/Users/atalati/vscode-extension/main-repo/javavscode/netbeans/nbbuild/netbeans/platform/modules/org-netbeans-modules-sampler.jar:/Users/atalati/vscode-extension/main-repo/javavscode/netbeans/nbbuild/netbeans/platform/modules/org-netbeans-swing-plaf.jar:/Users/atalati/vscode-extension/main-repo/javavscode/netbeans/nbbuild/netbeans/platform/modules/org-openide-actions.jar:/Users/atalati/vscode-extension/main-repo/javavscode/netbeans/nbbuild/netbeans/platform/modules/org-openide-explorer.jar:/Users/atalati/vscode-extension/main-repo/javavscode/netbeans/nbbuild/netbeans/platform/modules/org-netbeans-swing-outline.jar:/Users/atalati/vscode-extension/main-repo/javavscode/netbeans/nbbuild/netbeans/platform/modules/org-netbeans-swing-tabcontrol.jar:/Users/atalati/vscode-extension/main-repo/javavscode/netbeans/nbbuild/netbeans/platform/modules/org-openide-windows.jar:/Users/atalati/vscode-extension/main-repo/javavscode/netbeans/nbbuild/netbeans/platform/modules/org-openide-nodes.jar:/Users/atalati/vscode-extension/main-repo/javavscode/netbeans/nbbuild/netbeans/platform/modules/org-openide-text.jar:/Users/atalati/vscode-extension/main-repo/javavscode/netbeans/nbbuild/netbeans/platform/modules/org-openide-io.jar:/Users/atalati/vscode-extension/main-repo/javavscode/netbeans/nbbuild/netbeans/platform/modules/org-netbeans-api-intent.jar:/Users/atalati/vscode-extension/main-repo/javavscode/netbeans/nbbuild/netbeans/platform/modules/org-netbeans-api-io.jar:/Users/atalati/vscode-extension/main-repo/javavscode/netbeans/nbbuild/netbeans/platform/modules/org-openide-loaders.jar:/Users/atalati/vscode-extension/main-repo/javavscode/netbeans/nbbuild/netbeans/platform/modules/org-netbeans-api-scripting.jar:/Users/atalati/vscode-extension/main-repo/javavscode/netbeans/nbbuild/netbeans/platform/modules/org-netbeans-api-templates.jar:/Users/atalati/vscode-extension/main-repo/javavscode/netbeans/nbbuild/netbeans/platform/modules/org-netbeans-modules-queries.jar:/Users/atalati/vscode-extension/main-repo/javavscode/netbeans/nbbuild/netbeans/platform/modules/org-openide-filesystems-nb.jar:/Users/atalati/vscode-extension/main-repo/javavscode/netbeans/nbbuild/netbeans/platform/modules/org-netbeans-spi-quicksearch.jar:/Users/atalati/vscode-extension/main-repo/javavscode/netbeans/nbbuild/netbeans/ide/modules/org-netbeans-modules-parsing-api.jar:/Users/atalati/vscode-extension/main-repo/javavscode/netbeans/nbbuild/netbeans/ide/modules/org-netbeans-modules-editor-document.jar:/Users/atalati/vscode-extension/main-repo/javavscode/netbeans/nbbuild/netbeans/ide/modules/org-netbeans-modules-editor-util.jar:/Users/atalati/vscode-extension/main-repo/javavscode/netbeans/nbbuild/netbeans/ide/modules/org-netbeans-modules-lexer.jar:/Users/atalati/vscode-extension/main-repo/javavscode/netbeans/nbbuild/netbeans/ide/modules/org-netbeans-modules-parsing-lucene.jar:/Users/atalati/vscode-extension/main-repo/javavscode/netbeans/nbbuild/netbeans/platform/modules/org-netbeans-modules-masterfs.jar:/Users/atalati/vscode-extension/main-repo/javavscode/netbeans/nbbuild/netbeans/ide/modules/org-netbeans-modules-projectapi.jar:/Users/atalati/vscode-extension/main-repo/javavscode/netbeans/nbbuild/netbeans/ide/modules/org-netbeans-modules-parsing-indexing.jar:/Users/atalati/vscode-extension/main-repo/javavscode/netbeans/nbbuild/netbeans/ide/modules/org-netbeans-modules-project-indexingbridge.jar:/Users/atalati/vscode-extension/main-repo/javavscode/netbeans/nbbuild/netbeans/ide/modules/org-netbeans-modules-projectuiapi-base.jar:/Users/atalati/vscode-extension/main-repo/javavscode/netbeans/nbbuild/netbeans/ide/modules/org-netbeans-spi-tasklist.jar:/Users/atalati/vscode-extension/main-repo/javavscode/netbeans/nbbuild/netbeans/ide/modules/org-netbeans-modules-projectuiapi.jar:/Users/atalati/vscode-extension/main-repo/javavscode/netbeans/nbbuild/netbeans/ide/modules/org-netbeans-modules-refactoring-api.jar:/Users/atalati/vscode-extension/main-repo/javavscode/netbeans/nbbuild/netbeans/ide/modules/org-netbeans-modules-diff.jar:/Users/atalati/vscode-extension/main-repo/javavscode/netbeans/nbbuild/netbeans/ide/modules/org-netbeans-modules-editor-errorstripe.jar:/Users/atalati/vscode-extension/main-repo/javavscode/netbeans/nbbuild/netbeans/ide/modules/org-netbeans-modules-editor-errorstripe-api.jar:/Users/atalati/vscode-extension/main-repo/javavscode/netbeans/nbbuild/netbeans/ide/modules/org-netbeans-modules-editor-fold.jar:/Users/atalati/vscode-extension/main-repo/javavscode/netbeans/nbbuild/netbeans/ide/modules/org-netbeans-modules-editor-settings.jar:/Users/atalati/vscode-extension/main-repo/javavscode/netbeans/nbbuild/netbeans/ide/modules/org-netbeans-modules-editor-settings-lib.jar:/Users/atalati/vscode-extension/main-repo/javavscode/netbeans/nbbuild/netbeans/ide/modules/org-netbeans-modules-editor-lib.jar:/Users/atalati/vscode-extension/main-repo/javavscode/netbeans/nbbuild/netbeans/ide/modules/org-netbeans-modules-editor-guards.jar:/Users/atalati/vscode-extension/main-repo/javavscode/netbeans/nbbuild/netbeans/ide/modules/org-netbeans-modules-editor-indent.jar:/Users/atalati/vscode-extension/main-repo/javavscode/netbeans/nbbuild/netbeans/ide/modules/org-netbeans-modules-editor-lib2.jar:/Users/atalati/vscode-extension/main-repo/javavscode/netbeans/nbbuild/netbeans/ide/modules/org-netbeans-modules-options-editor.jar:/Users/atalati/vscode-extension/main-repo/javavscode/netbeans/nbbuild/netbeans/ide/modules/org-netbeans-modules-editor.jar:/Users/atalati/vscode-extension/main-repo/javavscode/netbeans/nbbuild/netbeans/ide/modules/org-netbeans-api-lsp.jar:/Users/atalati/vscode-extension/main-repo/javavscode/netbeans/nbbuild/netbeans/ide/modules/org-netbeans-modules-editor-settings-storage.jar:/Users/atalati/vscode-extension/main-repo/javavscode/netbeans/nbbuild/netbeans/platform/modules/org-netbeans-modules-options-keymap.jar:/Users/atalati/vscode-extension/main-repo/javavscode/netbeans/nbbuild/netbeans/platform/modules/org-netbeans-modules-settings.jar:/Users/atalati/vscode-extension/main-repo/javavscode/netbeans/nbbuild/netbeans/ide/modules/org-netbeans-spi-editor-hints.jar:/Users/atalati/vscode-extension/main-repo/javavscode/netbeans/nbbuild/netbeans/java/modules/org-netbeans-modules-java-lexer.jar:/Users/atalati/vscode-extension/main-repo/javavscode/netbeans/nbbuild/netbeans/java/modules/org-netbeans-modules-java-platform.jar:/Users/atalati/vscode-extension/main-repo/javavscode/netbeans/nbbuild/netbeans/java/modules/org-netbeans-modules-java-project.jar:/Users/atalati/vscode-extension/main-repo/javavscode/netbeans/nbbuild/netbeans/java/modules/org-netbeans-modules-classfile.jar:/Users/atalati/vscode-extension/main-repo/javavscode/netbeans/nbbuild/netbeans/java/modules/org-netbeans-modules-java-source-base.jar:/Users/atalati/vscode-extension/main-repo/javavscode/netbeans/nbbuild/netbeans/java/modules/org-netbeans-modules-java-preprocessorbridge.jar:/Users/atalati/vscode-extension/main-repo/javavscode/netbeans/nbbuild/netbeans/ide/modules/org-netbeans-modules-project-ant.jar:/Users/atalati/vscode-extension/main-repo/javavscode/netbeans/nbbuild/netbeans/ide/modules/org-netbeans-modules-project-libraries.jar:/Users/atalati/vscode-extension/main-repo/javavscode/netbeans/nbbuild/netbeans/ide/modules/org-netbeans-modules-project-spi-intern.jar:/Users/atalati/vscode-extension/main-repo/javavscode/netbeans/nbbuild/netbeans/ide/modules/org-netbeans-modules-xml-catalog.jar:/Users/atalati/vscode-extension/main-repo/javavscode/netbeans/nbbuild/netbeans/ide/modules/org-apache-xml-resolver.jar:/Users/atalati/vscode-extension/main-repo/javavscode/netbeans/ide/o.apache.xml.resolver/external/resolver-1.2.jar:/Users/atalati/vscode-extension/main-repo/javavscode/netbeans/nbbuild/netbeans/ide/modules/ext/resolver-1.2.jar:/Users/atalati/vscode-extension/main-repo/javavscode/netbeans/nbbuild/netbeans/ide/modules/org-netbeans-api-xml.jar:/Users/atalati/vscode-extension/main-repo/javavscode/netbeans/nbbuild/netbeans/java/modules/org-netbeans-modules-java-source.jar:/Users/atalati/vscode-extension/main-repo/javavscode/netbeans/nbbuild/netbeans/platform/modules/org-netbeans-core-multiview.jar:/Users/atalati/vscode-extension/main-repo/javavscode/netbeans/nbbuild/netbeans/ide/modules/org-netbeans-modules-editor-indent-project.jar:/Users/atalati/vscode-extension/main-repo/javavscode/netbeans/nbbuild/netbeans/platform/modules/org-openide-actions.jar:/Users/atalati/vscode-extension/main-repo/javavscode/netbeans/nbbuild/netbeans/platform/modules/org-openide-awt.jar:/Users/atalati/vscode-extension/main-repo/javavscode/netbeans/nbbuild/netbeans/platform/modules/org-netbeans-api-annotations-common.jar:/Users/atalati/vscode-extension/main-repo/javavscode/netbeans/nbbuild/netbeans/platform/core/org-openide-filesystems.jar:/Users/atalati/vscode-extension/main-repo/javavscode/netbeans/nbbuild/netbeans/platform/lib/org-openide-util.jar:/Users/atalati/vscode-extension/main-repo/javavscode/netbeans/nbbuild/netbeans/platform/lib/org-openide-util-lookup.jar:/Users/atalati/vscode-extension/main-repo/javavscode/netbeans/nbbuild/netbeans/platform/lib/org-openide-util-ui.jar:/Users/atalati/vscode-extension/main-repo/javavscode/netbeans/nbbuild/netbeans/platform/modules/org-openide-dialogs.jar:/Users/atalati/vscode-extension/main-repo/javavscode/netbeans/nbbuild/netbeans/platform/modules/org-netbeans-api-progress.jar:/Users/atalati/vscode-extension/main-repo/javavscode/netbeans/nbbuild/netbeans/platform/lib/org-openide-modules.jar:/Users/atalati/vscode-extension/main-repo/javavscode/netbeans/nbbuild/netbeans/platform/modules/org-netbeans-api-progress-nb.jar:/Users/atalati/vscode-extension/main-repo/javavscode/netbeans/nbbuild/netbeans/platform/modules/org-openide-explorer.jar:/Users/atalati/vscode-extension/main-repo/javavscode/netbeans/nbbuild/netbeans/platform/modules/org-netbeans-swing-outline.jar:/Users/atalati/vscode-extension/main-repo/javavscode/netbeans/nbbuild/netbeans/platform/modules/org-netbeans-swing-tabcontrol.jar:/Users/atalati/vscode-extension/main-repo/javavscode/netbeans/nbbuild/netbeans/platform/modules/org-openide-windows.jar:/Users/atalati/vscode-extension/main-repo/javavscode/netbeans/nbbuild/netbeans/platform/modules/org-openide-nodes.jar:/Users/atalati/vscode-extension/main-repo/javavscode/netbeans/nbbuild/netbeans/platform/modules/org-openide-text.jar:/Users/atalati/vscode-extension/main-repo/javavscode/netbeans/nbbuild/netbeans/platform/modules/org-netbeans-modules-editor-mimelookup.jar:/Users/atalati/vscode-extension/main-repo/javavscode/netbeans/nbbuild/netbeans/platform/modules/org-openide-awt.jar:/Users/atalati/vscode-extension/main-repo/javavscode/netbeans/nbbuild/netbeans/platform/modules/org-netbeans-api-annotations-common.jar:/Users/atalati/vscode-extension/main-repo/javavscode/netbeans/nbbuild/netbeans/platform/core/org-openide-filesystems.jar:/Users/atalati/vscode-extension/main-repo/javavscode/netbeans/nbbuild/netbeans/platform/lib/org-openide-util.jar:/Users/atalati/vscode-extension/main-repo/javavscode/netbeans/nbbuild/netbeans/platform/lib/org-openide-util-lookup.jar:/Users/atalati/vscode-extension/main-repo/javavscode/netbeans/nbbuild/netbeans/platform/lib/org-openide-util-ui.jar:/Users/atalati/vscode-extension/main-repo/javavscode/netbeans/nbbuild/netbeans/platform/modules/org-openide-dialogs.jar:/Users/atalati/vscode-extension/main-repo/javavscode/netbeans/nbbuild/netbeans/platform/modules/org-netbeans-api-progress.jar:/Users/atalati/vscode-extension/main-repo/javavscode/netbeans/nbbuild/netbeans/platform/lib/org-openide-modules.jar:/Users/atalati/vscode-extension/main-repo/javavscode/netbeans/nbbuild/netbeans/platform/lib/org-openide-util-ui.jar:/Users/atalati/vscode-extension/main-repo/javavscode/netbeans/nbbuild/netbeans/platform/lib/org-openide-util.jar:/Users/atalati/vscode-extension/main-repo/javavscode/netbeans/nbbuild/netbeans/platform/lib/org-openide-util-lookup.jar:/Users/atalati/vscode-extension/main-repo/javavscode/netbeans/nbbuild/netbeans/platform/modules/org-netbeans-api-progress-nb.jar:/Users/atalati/vscode-extension/main-repo/javavscode/netbeans/nbbuild/netbeans/platform/modules/org-openide-awt.jar:/Users/atalati/vscode-extension/main-repo/javavscode/netbeans/nbbuild/netbeans/platform/modules/org-netbeans-api-annotations-common.jar:/Users/atalati/vscode-extension/main-repo/javavscode/netbeans/nbbuild/netbeans/platform/core/org-openide-filesystems.jar:/Users/atalati/vscode-extension/main-repo/javavscode/netbeans/nbbuild/netbeans/platform/modules/org-openide-explorer.jar:/Users/atalati/vscode-extension/main-repo/javavscode/netbeans/nbbuild/netbeans/platform/modules/org-netbeans-swing-outline.jar:/Users/atalati/vscode-extension/main-repo/javavscode/netbeans/nbbuild/netbeans/platform/lib/org-openide-util-ui.jar:/Users/atalati/vscode-extension/main-repo/javavscode/netbeans/nbbuild/netbeans/platform/lib/org-openide-util.jar:/Users/atalati/vscode-extension/main-repo/javavscode/netbeans/nbbuild/netbeans/platform/lib/org-openide-util-lookup.jar:/Users/atalati/vscode-extension/main-repo/javavscode/netbeans/nbbuild/netbeans/platform/modules/org-netbeans-swing-tabcontrol.jar:/Users/atalati/vscode-extension/main-repo/javavscode/netbeans/nbbuild/netbeans/platform/modules/org-openide-awt.jar:/Users/atalati/vscode-extension/main-repo/javavscode/netbeans/nbbuild/netbeans/platform/modules/org-netbeans-api-annotations-common.jar:/Users/atalati/vscode-extension/main-repo/javavscode/netbeans/nbbuild/netbeans/platform/core/org-openide-filesystems.jar:/Users/atalati/vscode-extension/main-repo/javavscode/netbeans/nbbuild/netbeans/platform/modules/org-openide-windows.jar:/Users/atalati/vscode-extension/main-repo/javavscode/netbeans/nbbuild/netbeans/platform/modules/org-openide-nodes.jar:/Users/atalati/vscode-extension/main-repo/javavscode/netbeans/nbbuild/netbeans/platform/modules/org-openide-dialogs.jar:/Users/atalati/vscode-extension/main-repo/javavscode/netbeans/nbbuild/netbeans/platform/modules/org-netbeans-api-progress.jar:/Users/atalati/vscode-extension/main-repo/javavscode/netbeans/nbbuild/netbeans/platform/lib/org-openide-modules.jar:/Users/atalati/vscode-extension/main-repo/javavscode/netbeans/nbbuild/netbeans/platform/modules/org-netbeans-api-progress-nb.jar:/Users/atalati/vscode-extension/main-repo/javavscode/netbeans/nbbuild/netbeans/platform/core/org-openide-filesystems.jar:/Users/atalati/vscode-extension/main-repo/javavscode/netbeans/nbbuild/netbeans/platform/lib/org-openide-util.jar:/Users/atalati/vscode-extension/main-repo/javavscode/netbeans/nbbuild/netbeans/platform/lib/org-openide-util-lookup.jar:/Users/atalati/vscode-extension/main-repo/javavscode/netbeans/nbbuild/netbeans/platform/modules/org-openide-loaders.jar:/Users/atalati/vscode-extension/main-repo/javavscode/netbeans/nbbuild/netbeans/platform/modules/org-netbeans-api-annotations-common.jar:/Users/atalati/vscode-extension/main-repo/javavscode/netbeans/nbbuild/netbeans/platform/modules/org-netbeans-api-progress.jar:/Users/atalati/vscode-extension/main-repo/javavscode/netbeans/nbbuild/netbeans/platform/lib/org-openide-modules.jar:/Users/atalati/vscode-extension/main-repo/javavscode/netbeans/nbbuild/netbeans/platform/lib/org-openide-util-ui.jar:/Users/atalati/vscode-extension/main-repo/javavscode/netbeans/nbbuild/netbeans/platform/lib/org-openide-util.jar:/Users/atalati/vscode-extension/main-repo/javavscode/netbeans/nbbuild/netbeans/platform/lib/org-openide-util-lookup.jar:/Users/atalati/vscode-extension/main-repo/javavscode/netbeans/nbbuild/netbeans/platform/modules/org-netbeans-api-progress-nb.jar:/Users/atalati/vscode-extension/main-repo/javavscode/netbeans/nbbuild/netbeans/platform/modules/org-openide-awt.jar:/Users/atalati/vscode-extension/main-repo/javavscode/netbeans/nbbuild/netbeans/platform/core/org-openide-filesystems.jar:/Users/atalati/vscode-extension/main-repo/javavscode/netbeans/nbbuild/netbeans/platform/modules/org-netbeans-api-scripting.jar:/Users/atalati/vscode-extension/main-repo/javavscode/netbeans/nbbuild/netbeans/platform/modules/org-netbeans-api-templates.jar:/Users/atalati/vscode-extension/main-repo/javavscode/netbeans/nbbuild/netbeans/platform/modules/org-netbeans-modules-queries.jar:/Users/atalati/vscode-extension/main-repo/javavscode/netbeans/nbbuild/netbeans/platform/modules/org-netbeans-modules-editor-mimelookup.jar:/Users/atalati/vscode-extension/main-repo/javavscode/netbeans/nbbuild/netbeans/platform/modules/org-openide-actions.jar:/Users/atalati/vscode-extension/main-repo/javavscode/netbeans/nbbuild/netbeans/platform/modules/org-openide-dialogs.jar:/Users/atalati/vscode-extension/main-repo/javavscode/netbeans/nbbuild/netbeans/platform/modules/org-openide-explorer.jar:/Users/atalati/vscode-extension/main-repo/javavscode/netbeans/nbbuild/netbeans/platform/modules/org-netbeans-swing-outline.jar:/Users/atalati/vscode-extension/main-repo/javavscode/netbeans/nbbuild/netbeans/platform/modules/org-netbeans-swing-tabcontrol.jar:/Users/atalati/vscode-extension/main-repo/javavscode/netbeans/nbbuild/netbeans/platform/modules/org-openide-windows.jar:/Users/atalati/vscode-extension/main-repo/javavscode/netbeans/nbbuild/netbeans/platform/modules/org-openide-nodes.jar:/Users/atalati/vscode-extension/main-repo/javavscode/netbeans/nbbuild/netbeans/platform/modules/org-openide-text.jar:/Users/atalati/vscode-extension/main-repo/javavscode/netbeans/nbbuild/netbeans/platform/modules/org-openide-filesystems-nb.jar:/Users/atalati/vscode-extension/main-repo/javavscode/netbeans/nbbuild/netbeans/platform/lib/org-openide-modules.jar:/Users/atalati/vscode-extension/main-repo/javavscode/netbeans/nbbuild/netbeans/platform/lib/org-openide-util-ui.jar:/Users/atalati/vscode-extension/main-repo/javavscode/netbeans/nbbuild/netbeans/platform/lib/org-openide-util.jar:/Users/atalati/vscode-extension/main-repo/javavscode/netbeans/nbbuild/netbeans/platform/lib/org-openide-util-lookup.jar:/Users/atalati/vscode-extension/main-repo/javavscode/netbeans/nbbuild/netbeans/platform/modules/org-openide-nodes.jar:/Users/atalati/vscode-extension/main-repo/javavscode/netbeans/nbbuild/netbeans/platform/modules/org-openide-awt.jar:/Users/atalati/vscode-extension/main-repo/javavscode/netbeans/nbbuild/netbeans/platform/modules/org-netbeans-api-annotations-common.jar:/Users/atalati/vscode-extension/main-repo/javavscode/netbeans/nbbuild/netbeans/platform/core/org-openide-filesystems.jar:/Users/atalati/vscode-extension/main-repo/javavscode/netbeans/nbbuild/netbeans/platform/lib/org-openide-util.jar:/Users/atalati/vscode-extension/main-repo/javavscode/netbeans/nbbuild/netbeans/platform/lib/org-openide-util-lookup.jar:/Users/atalati/vscode-extension/main-repo/javavscode/netbeans/nbbuild/netbeans/platform/lib/org-openide-util-ui.jar:/Users/atalati/vscode-extension/main-repo/javavscode/netbeans/nbbuild/netbeans/platform/modules/org-openide-dialogs.jar:/Users/atalati/vscode-extension/main-repo/javavscode/netbeans/nbbuild/netbeans/platform/modules/org-netbeans-api-progress.jar:/Users/atalati/vscode-extension/main-repo/javavscode/netbeans/nbbuild/netbeans/platform/lib/org-openide-modules.jar:/Users/atalati/vscode-extension/main-repo/javavscode/netbeans/nbbuild/netbeans/platform/modules/org-netbeans-api-progress-nb.jar:/Users/atalati/vscode-extension/main-repo/javavscode/netbeans/nbbuild/netbeans/platform/modules/org-openide-text.jar:/Users/atalati/vscode-extension/main-repo/javavscode/netbeans/nbbuild/netbeans/platform/modules/org-netbeans-modules-editor-mimelookup.jar:/Users/atalati/vscode-extension/main-repo/javavscode/netbeans/nbbuild/netbeans/platform/core/org-openide-filesystems.jar:/Users/atalati/vscode-extension/main-repo/javavscode/netbeans/nbbuild/netbeans/platform/lib/org-openide-util.jar:/Users/atalati/vscode-extension/main-repo/javavscode/netbeans/nbbuild/netbeans/platform/lib/org-openide-util-lookup.jar:/Users/atalati/vscode-extension/main-repo/javavscode/netbeans/nbbuild/netbeans/platform/modules/org-openide-awt.jar:/Users/atalati/vscode-extension/main-repo/javavscode/netbeans/nbbuild/netbeans/platform/modules/org-netbeans-api-annotations-common.jar:/Users/atalati/vscode-extension/main-repo/javavscode/netbeans/nbbuild/netbeans/platform/lib/org-openide-util-ui.jar:/Users/atalati/vscode-extension/main-repo/javavscode/netbeans/nbbuild/netbeans/platform/modules/org-openide-dialogs.jar:/Users/atalati/vscode-extension/main-repo/javavscode/netbeans/nbbuild/netbeans/platform/modules/org-netbeans-api-progress.jar:/Users/atalati/vscode-extension/main-repo/javavscode/netbeans/nbbuild/netbeans/platform/lib/org-openide-modules.jar:/Users/atalati/vscode-extension/main-repo/javavscode/netbeans/nbbuild/netbeans/platform/modules/org-netbeans-api-progress-nb.jar:/Users/atalati/vscode-extension/main-repo/javavscode/netbeans/nbbuild/netbeans/platform/modules/org-openide-nodes.jar:/Users/atalati/vscode-extension/main-repo/javavscode/netbeans/nbbuild/netbeans/platform/modules/org-openide-windows.jar:/Users/atalati/vscode-extension/main-repo/javavscode/netbeans/nbbuild/netbeans/platform/lib/org-openide-util.jar:/Users/atalati/vscode-extension/main-repo/javavscode/netbeans/nbbuild/netbeans/platform/lib/org-openide-util-lookup.jar:/Users/atalati/vscode-extension/main-repo/javavscode/netbeans/nbbuild/netbeans/platform/lib/org-openide-util-lookup.jar:/Users/atalati/vscode-extension/main-repo/javavscode/netbeans/nbbuild/netbeans/platform/lib/org-openide-util-ui.jar:/Users/atalati/vscode-extension/main-repo/javavscode/netbeans/nbbuild/netbeans/platform/lib/org-openide-util.jar:/Users/atalati/vscode-extension/main-repo/javavscode/netbeans/nbbuild/netbeans/platform/lib/org-openide-util-lookup.jar:/Users/atalati/vscode-extension/main-repo/javavscode/netbeans/nbbuild/netbeans/platform/modules/org-openide-windows.jar:/Users/atalati/vscode-extension/main-repo/javavscode/netbeans/nbbuild/netbeans/platform/modules/org-openide-awt.jar:/Users/atalati/vscode-extension/main-repo/javavscode/netbeans/nbbuild/netbeans/platform/modules/org-netbeans-api-annotations-common.jar:/Users/atalati/vscode-extension/main-repo/javavscode/netbeans/nbbuild/netbeans/platform/core/org-openide-filesystems.jar:/Users/atalati/vscode-extension/main-repo/javavscode/netbeans/nbbuild/netbeans/platform/lib/org-openide-util.jar:/Users/atalati/vscode-extension/main-repo/javavscode/netbeans/nbbuild/netbeans/platform/lib/org-openide-util-lookup.jar:/Users/atalati/vscode-extension/main-repo/javavscode/netbeans/nbbuild/netbeans/platform/lib/org-openide-util-ui.jar:/Users/atalati/vscode-extension/main-repo/javavscode/netbeans/nbbuild/netbeans/platform/modules/org-openide-nodes.jar:/Users/atalati/vscode-extension/main-repo/javavscode/netbeans/nbbuild/netbeans/platform/modules/org-openide-dialogs.jar:/Users/atalati/vscode-extension/main-repo/javavscode/netbeans/nbbuild/netbeans/platform/modules/org-netbeans-api-progress.jar:/Users/atalati/vscode-extension/main-repo/javavscode/netbeans/nbbuild/netbeans/platform/lib/org-openide-modules.jar:/Users/atalati/vscode-extension/main-repo/javavscode/netbeans/nbbuild/netbeans/platform/modules/org-netbeans-api-progress-nb.jar" />
    <property name="platform/o.n.html.ko4j.dir" value="/Users/atalati/vscode-extension/main-repo/javavscode/netbeans/nbbuild/netbeans/platform" />
    <property name="platform/api.progress.compat8.dir" value="/Users/atalati/vscode-extension/main-repo/javavscode/netbeans/nbbuild/netbeans/platform" />
    <property name="ide/o.eclipse.core.net.dir" value="/Users/atalati/vscode-extension/main-repo/javavscode/netbeans/nbbuild/netbeans/ide" />
    <property name="run.test.type" value="unit" />
    <property name="ide/spi.navigator.dir" value="/Users/atalati/vscode-extension/main-repo/javavscode/netbeans/nbbuild/netbeans/ide" />
    <property name="keyring.impl.dir" value="/Users/atalati/vscode-extension/main-repo/javavscode/netbeans/nbbuild/netbeans/platform" />
    <property name="java.class.path" value="/Users/atalati/vscode-extension/main-repo/javavscode/netbeans/java/java.hints/build/test/unit/classes:/Users/atalati/vscode-extension/main-repo/javavscode/netbeans/nbbuild/netbeans/platform/modules/org-netbeans-core.jar:/Users/atalati/vscode-extension/main-repo/javavscode/netbeans/nbbuild/netbeans/platform/core/core.jar:/Users/atalati/vscode-extension/main-repo/javavscode/netbeans/nbbuild/netbeans/harness/modules/org-netbeans-insane.jar:/Users/atalati/vscode-extension/main-repo/javavscode/netbeans/nbbuild/netbeans/platform/modules/org-netbeans-modules-queries.jar:/Users/atalati/vscode-extension/main-repo/javavscode/netbeans/nbbuild/netbeans/platform/core/org-openide-filesystems.jar:/Users/atalati/vscode-extension/main-repo/javavscode/netbeans/nbbuild/netbeans/platform/lib/org-openide-util-lookup.jar:/Users/atalati/vscode-extension/main-repo/javavscode/netbeans/nbbuild/netbeans/platform/lib/org-openide-util-ui.jar:/Users/atalati/vscode-extension/main-repo/javavscode/netbeans/nbbuild/netbeans/ide/modules/org-netbeans-libs-freemarker.jar:/Users/atalati/vscode-extension/main-repo/javavscode/netbeans/nbbuild/netbeans/platform/lib/org-openide-util.jar:/Users/atalati/vscode-extension/main-repo/javavscode/netbeans/nbbuild/netbeans/platform/modules/org-netbeans-libs-junit4.jar:/Users/atalati/vscode-extension/main-repo/javavscode/netbeans/nbbuild/netbeans/platform/modules/org-netbeans-libs-testng.jar:/Users/atalati/vscode-extension/main-repo/javavscode/netbeans/nbbuild/netbeans/java/modules/org-netbeans-modules-classfile.jar:/Users/atalati/vscode-extension/main-repo/javavscode/netbeans/nbbuild/netbeans/ide/modules/org-netbeans-modules-defaults.jar:/Users/atalati/vscode-extension/main-repo/javavscode/netbeans/nbbuild/netbeans/ide/modules/org-netbeans-modules-editor.jar:/Users/atalati/vscode-extension/main-repo/javavscode/netbeans/nbbuild/build/testdist/unit/ide/org-netbeans-modules-editor/tests.jar:/Users/atalati/vscode-extension/main-repo/javavscode/netbeans/nbbuild/netbeans/platform/modules/org-netbeans-modules-editor-mimelookup.jar:/Users/atalati/vscode-extension/main-repo/javavscode/netbeans/nbbuild/build/testdist/unit/platform/org-netbeans-modules-editor-mimelookup/tests.jar:/Users/atalati/vscode-extension/main-repo/javavscode/netbeans/nbbuild/netbeans/platform/modules/org-netbeans-modules-editor-mimelookup-impl.jar:/Users/atalati/vscode-extension/main-repo/javavscode/netbeans/nbbuild/netbeans/ide/modules/org-netbeans-modules-editor-settings.jar:/Users/atalati/vscode-extension/main-repo/javavscode/netbeans/nbbuild/netbeans/ide/modules/org-netbeans-modules-editor-settings-storage.jar:/Users/atalati/vscode-extension/main-repo/javavscode/netbeans/nbbuild/netbeans/ide/modules/org-netbeans-modules-editor-util.jar:/Users/atalati/vscode-extension/main-repo/javavscode/netbeans/nbbuild/netbeans/extide/modules/org-netbeans-modules-options-java.jar:/Users/atalati/vscode-extension/main-repo/javavscode/netbeans/nbbuild/netbeans/java/modules/org-netbeans-libs-javacapi.jar:/Users/atalati/vscode-extension/main-repo/javavscode/netbeans/nbbuild/netbeans/ide/modules/org-apache-xml-resolver.jar:/Users/atalati/vscode-extension/main-repo/javavscode/netbeans/nbbuild/netbeans/platform/modules/org-netbeans-swing-plaf.jar:/Users/atalati/vscode-extension/main-repo/javavscode/netbeans/nbbuild/netbeans/ide/modules/org-netbeans-modules-editor-settings-lib.jar:/Users/atalati/vscode-extension/main-repo/javavscode/netbeans/nbbuild/netbeans/platform/modules/org-netbeans-modules-autoupdate-services.jar:/Users/atalati/vscode-extension/main-repo/javavscode/netbeans/nbbuild/netbeans/ide/modules/org-netbeans-modules-editor-document.jar:/Users/atalati/vscode-extension/main-repo/javavscode/netbeans/nbbuild/netbeans/ide/modules/org-netbeans-modules-extexecution.jar:/Users/atalati/vscode-extension/main-repo/javavscode/netbeans/nbbuild/netbeans/java/modules/org-netbeans-api-java.jar:/Users/atalati/vscode-extension/main-repo/javavscode/netbeans/nbbuild/netbeans/ide/modules/org-netbeans-modules-xml-catalog.jar:/Users/atalati/vscode-extension/main-repo/javavscode/netbeans/nbbuild/netbeans/ide/modules/org-netbeans-modules-project-ant-ui.jar:/Users/atalati/vscode-extension/main-repo/javavscode/netbeans/nbbuild/netbeans/platform/modules/org-netbeans-modules-options-api.jar:/Users/atalati/vscode-extension/main-repo/javavscode/netbeans/nbbuild/netbeans/platform/lib/org-openide-modules.jar:/Users/atalati/vscode-extension/main-repo/javavscode/netbeans/nbbuild/netbeans/platform/modules/org-netbeans-api-search.jar:/Users/atalati/vscode-extension/main-repo/javavscode/netbeans/nbbuild/netbeans/java/modules/org-netbeans-modules-java-platform-ui.jar:/Users/atalati/vscode-extension/main-repo/javavscode/netbeans/nbbuild/netbeans/ide/modules/org-netbeans-modules-editor-guards.jar:/Users/atalati/vscode-extension/main-repo/javavscode/netbeans/nbbuild/netbeans/platform/modules/org-openide-filesystems-nb.jar:/Users/atalati/vscode-extension/main-repo/javavscode/netbeans/nbbuild/netbeans/ide/modules/org-netbeans-spi-tasklist.jar:/Users/atalati/vscode-extension/main-repo/javavscode/netbeans/nbbuild/netbeans/platform/modules/org-netbeans-modules-keyring.jar:/Users/atalati/vscode-extension/main-repo/javavscode/netbeans/nbbuild/netbeans/java/modules/org-netbeans-lib-nbjavac.jar:/Users/atalati/vscode-extension/main-repo/javavscode/netbeans/nbbuild/netbeans/platform/modules/org-netbeans-api-templates.jar:/Users/atalati/vscode-extension/main-repo/javavscode/netbeans/nbbuild/netbeans/ide/modules/org-netbeans-spi-navigator.jar:/Users/atalati/vscode-extension/main-repo/javavscode/netbeans/nbbuild/netbeans/platform/modules/org-netbeans-api-annotations-common.jar:/Users/atalati/vscode-extension/main-repo/javavscode/netbeans/nbbuild/netbeans/java/modules/org-netbeans-spi-java-hints.jar:/Users/atalati/vscode-extension/main-repo/javavscode/netbeans/nbbuild/netbeans/ide/modules/org-netbeans-modules-refactoring-api.jar:/Users/atalati/vscode-extension/main-repo/javavscode/netbeans/nbbuild/netbeans/platform/lib/boot.jar:/Users/atalati/vscode-extension/main-repo/javavscode/netbeans/nbbuild/netbeans/ide/modules/org-netbeans-api-xml-ui.jar:/Users/atalati/vscode-extension/main-repo/javavscode/netbeans/nbbuild/netbeans/java/modules/org-netbeans-modules-refactoring-java.jar:/Users/atalati/vscode-extension/main-repo/javavscode/netbeans/nbbuild/netbeans/platform/modules/org-openide-execution.jar:/Users/atalati/vscode-extension/main-repo/javavscode/netbeans/nbbuild/netbeans/platform/modules/org-netbeans-spi-quicksearch.jar:/Users/atalati/vscode-extension/main-repo/javavscode/netbeans/nbbuild/netbeans/platform/modules/org-openide-windows.jar:/Users/atalati/vscode-extension/main-repo/javavscode/netbeans/nbbuild/netbeans/ide/modules/org-netbeans-modules-editor-indent.jar:/Users/atalati/vscode-extension/main-repo/javavscode/netbeans/nbbuild/netbeans/java/modules/org-netbeans-modules-java-preprocessorbridge.jar:/Users/atalati/vscode-extension/main-repo/javavscode/netbeans/nbbuild/netbeans/platform/modules/org-netbeans-modules-sampler.jar:/Users/atalati/vscode-extension/main-repo/javavscode/netbeans/nbbuild/netbeans/java/modules/org-netbeans-modules-java-sourceui.jar:/Users/atalati/vscode-extension/main-repo/javavscode/netbeans/nbbuild/netbeans/ide/modules/org-netbeans-modules-gototest.jar:/Users/atalati/vscode-extension/main-repo/javavscode/netbeans/nbbuild/netbeans/java/modules/org-netbeans-api-debugger-jpda.jar:/Users/atalati/vscode-extension/main-repo/javavscode/netbeans/nbbuild/netbeans/platform/modules/org-openide-dialogs.jar:/Users/atalati/vscode-extension/main-repo/javavscode/netbeans/nbbuild/netbeans/ide/modules/org-netbeans-modules-projectuiapi.jar:/Users/atalati/vscode-extension/main-repo/javavscode/netbeans/nbbuild/netbeans/ide/modules/org-netbeans-modules-editor-errorstripe.jar:/Users/atalati/vscode-extension/main-repo/javavscode/netbeans/nbbuild/netbeans/ide/modules/org-netbeans-modules-projectapi.jar:/Users/atalati/vscode-extension/main-repo/javavscode/netbeans/nbbuild/netbeans/ide/modules/org-netbeans-modules-gsf-testrunner-ui.jar:/Users/atalati/vscode-extension/main-repo/javavscode/netbeans/nbbuild/netbeans/ide/modules/org-netbeans-modules-project-libraries-ui.jar:/Users/atalati/vscode-extension/main-repo/javavscode/netbeans/nbbuild/netbeans/platform/modules/org-openide-awt.jar:/Users/atalati/vscode-extension/main-repo/javavscode/netbeans/nbbuild/netbeans/platform/modules/org-openide-actions.jar:/Users/atalati/vscode-extension/main-repo/javavscode/netbeans/nbbuild/netbeans/java/modules/org-netbeans-modules-java-source.jar:/Users/atalati/vscode-extension/main-repo/javavscode/netbeans/nbbuild/netbeans/platform/modules/org-netbeans-api-io.jar:/Users/atalati/vscode-extension/main-repo/javavscode/netbeans/nbbuild/netbeans/platform/modules/org-netbeans-api-intent.jar:/Users/atalati/vscode-extension/main-repo/javavscode/netbeans/nbbuild/netbeans/platform/modules/org-openide-loaders.jar:/Users/atalati/vscode-extension/main-repo/javavscode/netbeans/nbbuild/netbeans/platform/modules/org-openide-nodes.jar:/Users/atalati/vscode-extension/main-repo/javavscode/netbeans/nbbuild/netbeans/platform/modules/org-netbeans-swing-outline.jar:/Users/atalati/vscode-extension/main-repo/javavscode/netbeans/nbbuild/netbeans/platform/modules/org-netbeans-api-progress-nb.jar:/Users/atalati/vscode-extension/main-repo/javavscode/netbeans/nbbuild/netbeans/java/modules/org-netbeans-modules-java-completion.jar:/Users/atalati/vscode-extension/main-repo/javavscode/netbeans/nbbuild/netbeans/platform/modules/org-openide-io.jar:/Users/atalati/vscode-extension/main-repo/javavscode/netbeans/nbbuild/netbeans/ide/modules/org-netbeans-modules-options-editor.jar:/Users/atalati/vscode-extension/main-repo/javavscode/netbeans/nbbuild/netbeans/ide/modules/org-netbeans-modules-projectuiapi-base.jar:/Users/atalati/vscode-extension/main-repo/javavscode/netbeans/nbbuild/netbeans/platform/modules/org-netbeans-api-progress.jar:/Users/atalati/vscode-extension/main-repo/javavscode/netbeans/nbbuild/netbeans/ide/modules/org-netbeans-modules-editor-codetemplates.jar:/Users/atalati/vscode-extension/main-repo/javavscode/netbeans/nbbuild/netbeans/ide/modules/org-netbeans-api-xml.jar:/Users/atalati/vscode-extension/main-repo/javavscode/netbeans/nbbuild/netbeans/ide/modules/org-netbeans-modules-editor-fold.jar:/Users/atalati/vscode-extension/main-repo/javavscode/netbeans/nbbuild/netbeans/ide/modules/org-netbeans-modules-editor-fold-nbui.jar:/Users/atalati/vscode-extension/main-repo/javavscode/netbeans/nbbuild/netbeans/ide/modules/org-netbeans-modules-editor-completion.jar:/Users/atalati/vscode-extension/main-repo/javavscode/netbeans/nbbuild/netbeans/platform/core/org-netbeans-libs-asm.jar:/Users/atalati/vscode-extension/main-repo/javavscode/netbeans/nbbuild/netbeans/platform/modules/org-openide-text.jar:/Users/atalati/vscode-extension/main-repo/javavscode/netbeans/nbbuild/netbeans/ide/modules/org-netbeans-modules-jumpto.jar:/Users/atalati/vscode-extension/main-repo/javavscode/netbeans/nbbuild/netbeans/extide/modules/org-apache-tools-ant-module.jar:/Users/atalati/vscode-extension/main-repo/javavscode/netbeans/nbbuild/netbeans/platform/modules/org-netbeans-modules-options-keymap.jar:/Users/atalati/vscode-extension/main-repo/javavscode/netbeans/nbbuild/netbeans/ide/modules/org-netbeans-modules-project-indexingbridge.jar:/Users/atalati/vscode-extension/main-repo/javavscode/netbeans/nbbuild/netbeans/ide/modules/org-netbeans-modules-diff.jar:/Users/atalati/vscode-extension/main-repo/javavscode/netbeans/nbbuild/netbeans/ide/modules/org-netbeans-modules-project-spi-intern.jar:/Users/atalati/vscode-extension/main-repo/javavscode/netbeans/nbbuild/netbeans/ide/modules/org-netbeans-api-java-classpath.jar:/Users/atalati/vscode-extension/main-repo/javavscode/netbeans/nbbuild/netbeans/ide/modules/org-netbeans-modules-lexer.jar:/Users/atalati/vscode-extension/main-repo/javavscode/netbeans/nbbuild/netbeans/java/modules/org-netbeans-modules-libs-corba-omgapi.jar:/Users/atalati/vscode-extension/main-repo/javavscode/netbeans/nbbuild/netbeans/ide/modules/org-netbeans-modules-project-ant.jar:/Users/atalati/vscode-extension/main-repo/javavscode/netbeans/nbbuild/netbeans/java/modules/org-netbeans-modules-java-platform.jar:/Users/atalati/vscode-extension/main-repo/javavscode/netbeans/nbbuild/netbeans/ide/modules/org-netbeans-modules-editor-indent-project.jar:/Users/atalati/vscode-extension/main-repo/javavscode/netbeans/nbbuild/netbeans/ide/modules/org-netbeans-spi-editor-hints.jar:/Users/atalati/vscode-extension/main-repo/javavscode/netbeans/nbbuild/netbeans/java/modules/org-netbeans-modules-java-lexer.jar:/Users/atalati/vscode-extension/main-repo/javavscode/netbeans/nbbuild/netbeans/java/modules/org-netbeans-modules-java-editor.jar:/Users/atalati/vscode-extension/main-repo/javavscode/netbeans/nbbuild/netbeans/java/modules/org-netbeans-modules-java-file-launcher.jar:/Users/atalati/vscode-extension/main-repo/javavscode/netbeans/nbbuild/netbeans/java/modules/org-netbeans-modules-java-editor-base.jar:/Users/atalati/vscode-extension/main-repo/javavscode/netbeans/nbbuild/netbeans/platform/modules/org-netbeans-core-multiview.jar:/Users/atalati/vscode-extension/main-repo/javavscode/netbeans/nbbuild/netbeans/ide/modules/org-netbeans-modules-code-analysis.jar:/Users/atalati/vscode-extension/main-repo/javavscode/netbeans/nbbuild/netbeans/ide/modules/org-netbeans-modules-parsing-indexing.jar:/Users/atalati/vscode-extension/main-repo/javavscode/netbeans/nbbuild/netbeans/platform/modules/org-netbeans-modules-settings.jar:/Users/atalati/vscode-extension/main-repo/javavscode/netbeans/nbbuild/netbeans/ide/modules/org-netbeans-modules-editor-errorstripe-api.jar:/Users/atalati/vscode-extension/main-repo/javavscode/netbeans/nbbuild/netbeans/java/modules/org-netbeans-modules-java-project.jar:/Users/atalati/vscode-extension/main-repo/javavscode/netbeans/nbbuild/netbeans/platform/modules/org-netbeans-modules-masterfs.jar:/Users/atalati/vscode-extension/main-repo/javavscode/netbeans/nbbuild/netbeans/ide/modules/org-netbeans-libs-lucene.jar:/Users/atalati/vscode-extension/main-repo/javavscode/netbeans/nbbuild/netbeans/platform/modules/org-openide-explorer.jar:/Users/atalati/vscode-extension/main-repo/javavscode/netbeans/nbbuild/netbeans/java/modules/org-netbeans-modules-whitelist.jar:/Users/atalati/vscode-extension/main-repo/javavscode/netbeans/nbbuild/netbeans/ide/modules/org-netbeans-modules-editor-lib.jar:/Users/atalati/vscode-extension/main-repo/javavscode/netbeans/nbbuild/netbeans/ide/modules/org-netbeans-modules-project-libraries.jar:/Users/atalati/vscode-extension/main-repo/javavscode/netbeans/nbbuild/netbeans/java/modules/org-netbeans-modules-java-project-ui.jar:/Users/atalati/vscode-extension/main-repo/javavscode/netbeans/nbbuild/netbeans/ide/modules/org-netbeans-modules-editor-indent-support.jar:/Users/atalati/vscode-extension/main-repo/javavscode/netbeans/nbbuild/netbeans/platform/modules/org-netbeans-api-scripting.jar:/Users/atalati/vscode-extension/main-repo/javavscode/netbeans/nbbuild/netbeans/ide/modules/org-netbeans-modules-extexecution-base.jar:/Users/atalati/vscode-extension/main-repo/javavscode/netbeans/nbbuild/netbeans/platform/modules/org-netbeans-swing-tabcontrol.jar:/Users/atalati/vscode-extension/main-repo/javavscode/netbeans/nbbuild/netbeans/ide/modules/org-netbeans-modules-gsf-testrunner.jar:/Users/atalati/vscode-extension/main-repo/javavscode/netbeans/nbbuild/netbeans/ide/modules/org-netbeans-modules-parsing-lucene.jar:/Users/atalati/vscode-extension/main-repo/javavscode/netbeans/nbbuild/netbeans/java/modules/org-netbeans-modules-java-source-base.jar:/Users/atalati/vscode-extension/main-repo/javavscode/netbeans/nbbuild/netbeans/ide/modules/org-netbeans-api-lsp.jar:/Users/atalati/vscode-extension/main-repo/javavscode/netbeans/nbbuild/netbeans/platform/modules/org-netbeans-core-ui.jar:/Users/atalati/vscode-extension/main-repo/javavscode/netbeans/nbbuild/netbeans/ide/modules/org-netbeans-modules-editor-lib2.jar:/Users/atalati/vscode-extension/main-repo/javavscode/netbeans/nbbuild/netbeans/ide/modules/org-netbeans-modules-editor-bracesmatching.jar:/Users/atalati/vscode-extension/main-repo/javavscode/netbeans/nbbuild/netbeans/platform/core/core-base.jar:/Users/atalati/vscode-extension/main-repo/javavscode/netbeans/nbbuild/netbeans/platform/modules/org-netbeans-modules-javahelp.jar:/Users/atalati/vscode-extension/main-repo/javavscode/netbeans/nbbuild/netbeans/ide/modules/org-netbeans-modules-parsing-api.jar:/Users/atalati/vscode-extension/main-repo/javavscode/netbeans/nbbuild/netbeans/ide/modules/org-netbeans-api-debugger.jar:/Users/atalati/vscode-extension/main-repo/javavscode/netbeans/nbbuild/netbeans/java/modules/org-netbeans-modules-java-hints-declarative.jar:/Users/atalati/vscode-extension/main-repo/javavscode/netbeans/nbbuild/netbeans/java/modules/org-netbeans-modules-java-hints-test.jar:/Users/atalati/vscode-extension/main-repo/javavscode/netbeans/nbbuild/netbeans/java/modules/org-netbeans-modules-java-j2seplatform.jar:/Users/atalati/vscode-extension/main-repo/javavscode/netbeans/nbbuild/build/testdist/unit/java/org-netbeans-modules-java-source-base/tests.jar:/Users/atalati/vscode-extension/main-repo/javavscode/netbeans/nbbuild/netbeans/harness/modules/org-netbeans-modules-nbjunit.jar:/Users/atalati/vscode-extension/main-repo/javavscode/netbeans/nbbuild/build/testdist/unit/ide/org-netbeans-modules-parsing-api/tests.jar:/Users/atalati/vscode-extension/main-repo/javavscode/netbeans/nbbuild/netbeans/ide/modules/org-netbeans-modules-parsing-nb.jar:/Users/atalati/vscode-extension/main-repo/javavscode/netbeans/nbbuild/build/testdist/unit/ide/org-netbeans-modules-parsing-nb/tests.jar:/Users/atalati/vscode-extension/main-repo/javavscode/netbeans/nbbuild/netbeans/platform/modules/org-netbeans-modules-progress-ui.jar:/Users/atalati/vscode-extension/main-repo/javavscode/netbeans/nbbuild/netbeans/ide/modules/org-netbeans-modules-projectapi-nb.jar:/Users/atalati/vscode-extension/main-repo/javavscode/netbeans/nbbuild/netbeans/ide/modules/org-netbeans-modules-projectui.jar:/Users/atalati/vscode-extension/main-repo/javavscode/netbeans/nbbuild/build/testdist/unit/java/org-netbeans-spi-java-hints/tests.jar:/Users/atalati/vscode-extension/main-repo/javavscode/netbeans/nbbuild/netbeans/java/modules/org-netbeans-modules-java-hints.jar:/Users/atalati/vscode-extension/main-repo/javavscode/netbeans/java/libs.javacapi/external/nb-javac-jdk-22+33-api.jar:/Users/atalati/vscode-extension/main-repo/javavscode/netbeans/java/libs.javacapi/external/nb-javac-jdk-22+33.jar:/Users/atalati/vscode-extension/main-repo/javavscode/netbeans/ide/libs.lucene/external/lucene-core-3.6.2.jar:/Users/atalati/vscode-extension/main-repo/javavscode/netbeans/nbbuild/netbeans/ide/modules/ext/lucene-core-3.6.2.jar:/Users/atalati/vscode-extension/main-repo/javavscode/netbeans/platform/libs.asm/external/asm-9.6.jar:/Users/atalati/vscode-extension/main-repo/javavscode/netbeans/nbbuild/netbeans/platform/core/asm-9.6.jar:/Users/atalati/vscode-extension/main-repo/javavscode/netbeans/platform/libs.asm/external/asm-tree-9.6.jar:/Users/atalati/vscode-extension/main-repo/javavscode/netbeans/nbbuild/netbeans/platform/core/asm-tree-9.6.jar:/Users/atalati/vscode-extension/main-repo/javavscode/netbeans/platform/libs.asm/external/asm-commons-9.6.jar:/Users/atalati/vscode-extension/main-repo/javavscode/netbeans/nbbuild/netbeans/platform/core/asm-commons-9.6.jar:/Users/atalati/vscode-extension/main-repo/javavscode/netbeans/nbbuild/netbeans/ide/modules/org-netbeans-modules-editor-tools-storage.jar:/Users/atalati/vscode-extension/main-repo/javavscode/netbeans/ide/o.apache.xml.resolver/external/resolver-1.2.jar:/Users/atalati/vscode-extension/main-repo/javavscode/netbeans/nbbuild/netbeans/ide/modules/ext/resolver-1.2.jar:/Users/atalati/vscode-extension/main-repo/javavscode/netbeans/nbbuild/netbeans/platform/modules/ext/updater.jar:/Users/atalati/vscode-extension/main-repo/javavscode/netbeans/platform/javahelp/external/jhall-2.0_05.jar:/Users/atalati/vscode-extension/main-repo/javavscode/netbeans/nbbuild/netbeans/java/modules/ext/corba/omgapi/glassfish-corba-omgapi.jar:/Users/atalati/vscode-extension/main-repo/javavscode/netbeans/nbbuild/netbeans/java/modules/org-netbeans-modules-java-hints-legacy-spi.jar:/Users/atalati/vscode-extension/main-repo/javavscode/netbeans/nbbuild/netbeans/java/modules/org-netbeans-modules-java-editor-lib.jar:/Users/atalati/vscode-extension/main-repo/javavscode/netbeans/nbbuild/netbeans/ide/modules/org-openidex-util.jar:/Users/atalati/vscode-extension/main-repo/javavscode/netbeans/nbbuild/netbeans/platform/modules/org-openide-options.jar:/opt/homebrew/Cellar/ant/1.10.14/libexec/lib/ant-launcher.jar:/opt/homebrew/Cellar/ant/1.10.14/libexec/lib/ant.jar:/opt/homebrew/Cellar/ant/1.10.14/libexec/lib/ant-junit.jar:/opt/homebrew/Cellar/ant/1.10.14/libexec/lib/ant-junit4.jar" />
    <property name="dlight.nativeexecution.nb.dir" value="/Users/atalati/vscode-extension/main-repo/javavscode/netbeans/nbbuild/netbeans/ide" />
    <property name="debugger.jpda.kit.dir" value="/Users/atalati/vscode-extension/main-repo/javavscode/netbeans/nbbuild/netbeans/java" />
    <property name="test.config.default.includes" value="**/*Test.class" />
    <property name="module.jar.verifylinkageignores" value="" />
    <property name="java/gradle.java.coverage.dir" value="/Users/atalati/vscode-extension/main-repo/javavscode/netbeans/nbbuild/netbeans/java" />
    <property name="editor.document.dir" value="/Users/atalati/vscode-extension/main-repo/javavscode/netbeans/nbbuild/netbeans/ide" />
    <property name="cluster.config" value="release" />
    <property name="cordova.platforms.dir" value="/Users/atalati/vscode-extension/main-repo/javavscode/netbeans/nbbuild/netbeans/webcommon" />
    <property name="module.build.started.time" value="2024-05-27T14:30:35.678+0530" />
    <property name="ant.file.binaries-default-properties" value="/Users/atalati/vscode-extension/main-repo/javavscode/netbeans/nbbuild/binaries-default-properties.xml" />
    <property name="websvc.saas.codegen.j2ee.dir" value="/Users/atalati/vscode-extension/main-repo/javavscode/netbeans/nbbuild/netbeans/enterprise" />
    <property name="nb.cluster.apisupport.depends" value="nb.cluster.java,nb.cluster.ide,nb.cluster.extide,nb.cluster.platform,nb.cluster.harness" />
    <property name="ant.file.default-properties" value="/Users/atalati/vscode-extension/main-repo/javavscode/netbeans/nbbuild/default-properties.xml" />
    <property name="subversion.dir" value="/Users/atalati/vscode-extension/main-repo/javavscode/netbeans/nbbuild/netbeans/ide" />
    <property name="java/java.hints.legacy.spi.dir" value="/Users/atalati/vscode-extension/main-repo/javavscode/netbeans/nbbuild/netbeans/java" />
    <property name="javascript2.editor.dir" value="/Users/atalati/vscode-extension/main-repo/javavscode/netbeans/nbbuild/netbeans/webcommon" />
    <property name="websvc.saas.kit.dir" value="/Users/atalati/vscode-extension/main-repo/javavscode/netbeans/nbbuild/netbeans/websvccommon" />
    <property name="uihandler.exceptionreporter.dir" value="/Users/atalati/vscode-extension/main-repo/javavscode/netbeans/nbbuild/netbeans/nb" />
    <property name="autoupdate.pluginimporter.dir" value="/Users/atalati/vscode-extension/main-repo/javavscode/netbeans/nbbuild/netbeans/nb" />
    <property name="netbinox.dir" value="/Users/atalati/vscode-extension/main-repo/javavscode/netbeans/nbbuild/netbeans/platform" />
    <property name="htmlui.dir" value="/Users/atalati/vscode-extension/main-repo/javavscode/netbeans/nbbuild/netbeans/platform" />
    <property name="TSTAMP" value="1430" />
    <property name="xsl.dir" value="/Users/atalati/vscode-extension/main-repo/javavscode/netbeans/nbbuild/netbeans/ide" />
    <property name="enterprise/websvc.manager.dir" value="/Users/atalati/vscode-extension/main-repo/javavscode/netbeans/nbbuild/netbeans/enterprise" />
    <property name="php/php.dbgp.dir" value="/Users/atalati/vscode-extension/main-repo/javavscode/netbeans/nbbuild/netbeans/php" />
    <property name="enterprise/j2ee.dd.dir" value="/Users/atalati/vscode-extension/main-repo/javavscode/netbeans/nbbuild/netbeans/enterprise" />
    <property name="nbjdk.home" value="/Library/Java/JavaVirtualMachines/jdk-17.0.8.jdk/Contents/Home" />
    <property name="selenium2.server.dir" value="/Users/atalati/vscode-extension/main-repo/javavscode/netbeans/nbbuild/netbeans/ide" />
    <property name="cordova.dir" value="/Users/atalati/vscode-extension/main-repo/javavscode/netbeans/nbbuild/netbeans/webcommon" />
    <property name="o.apache.commons.codec.dir" value="/Users/atalati/vscode-extension/main-repo/javavscode/netbeans/nbbuild/netbeans/platform" />
    <property name="javascript.cdnjs.dir" value="/Users/atalati/vscode-extension/main-repo/javavscode/netbeans/nbbuild/netbeans/webcommon" />
    <property name="platform/core.osgi.dir" value="/Users/atalati/vscode-extension/main-repo/javavscode/netbeans/nbbuild/netbeans/platform" />
    <property name="extra/libs.javafx.macosx.dir" value="/Users/atalati/vscode-extension/main-repo/javavscode/netbeans/nbbuild/netbeans/extra" />
    <property name="ant.file.type.projectized" value="file" />
    <property name="spi.debugger.ui.dir" value="/Users/atalati/vscode-extension/main-repo/javavscode/netbeans/nbbuild/netbeans/ide" />
    <property name="java.lsp.server.dir" value="/Users/atalati/vscode-extension/main-repo/javavscode/netbeans/nbbuild/netbeans/java" />
    <property name="profiler.options.dir" value="/Users/atalati/vscode-extension/main-repo/javavscode/netbeans/nbbuild/netbeans/profiler" />
    <property name="libs.jstestdriver.dir" value="/Users/atalati/vscode-extension/main-repo/javavscode/netbeans/nbbuild/netbeans/webcommon" />
    <property name="enterprise/j2ee.dd.webservice.dir" value="/Users/atalati/vscode-extension/main-repo/javavscode/netbeans/nbbuild/netbeans/enterprise" />
    <property name="user.dir" value="/Users/atalati/vscode-extension/main-repo/javavscode/netbeans" />
    <property name="css.editor.dir" value="/Users/atalati/vscode-extension/main-repo/javavscode/netbeans/nbbuild/netbeans/ide" />
    <property name="api.scripting.dir" value="/Users/atalati/vscode-extension/main-repo/javavscode/netbeans/nbbuild/netbeans/platform" />
    <property name="java/form.kit.dir" value="/Users/atalati/vscode-extension/main-repo/javavscode/netbeans/nbbuild/netbeans/java" />
    <property name="o.eclipse.mylyn.commons.repositories.core.dir" value="/Users/atalati/vscode-extension/main-repo/javavscode/netbeans/nbbuild/netbeans/ide" />
    <property name="websvc.saas.codegen.php.dir" value="/Users/atalati/vscode-extension/main-repo/javavscode/netbeans/nbbuild/netbeans/php" />
    <property name="ide/libs.ini4j.dir" value="/Users/atalati/vscode-extension/main-repo/javavscode/netbeans/nbbuild/netbeans/ide" />
    <property name="maven.apisupport.dir" value="/Users/atalati/vscode-extension/main-repo/javavscode/netbeans/nbbuild/netbeans/apisupport" />
    <property name="extra.test.libs.dir" value="/Users/atalati/vscode-extension/main-repo/javavscode/netbeans/nbbuild/build/testdist/extralibs" />
    <property name="php/php.twig.dir" value="/Users/atalati/vscode-extension/main-repo/javavscode/netbeans/nbbuild/netbeans/php" />
    <property name="options.keymap.dir" value="/Users/atalati/vscode-extension/main-repo/javavscode/netbeans/nbbuild/netbeans/platform" />
    <property name="ide/xml.catalog.ui.dir" value="/Users/atalati/vscode-extension/main-repo/javavscode/netbeans/nbbuild/netbeans/ide" />
    <property name="apple.awt.UIElement" value="true" />
    <property name="hudson.SHLVL" value="1" />
    <property name="java.kit.dir" value="/Users/atalati/vscode-extension/main-repo/javavscode/netbeans/nbbuild/netbeans/java" />
    <property name="enterprise/jakarta.transformer.dir" value="/Users/atalati/vscode-extension/main-repo/javavscode/netbeans/nbbuild/netbeans/enterprise" />
    <property name="ide/c.googlecode.javaewah.JavaEWAH.dir" value="/Users/atalati/vscode-extension/main-repo/javavscode/netbeans/nbbuild/netbeans/ide" />
    <property name="enterprise/websvc.jaxwsapi.dir" value="/Users/atalati/vscode-extension/main-repo/javavscode/netbeans/nbbuild/netbeans/enterprise" />
    <property name="java/languages.antlr.dir" value="/Users/atalati/vscode-extension/main-repo/javavscode/netbeans/nbbuild/netbeans/java" />
    <property name="ide/javascript2.debug.ui.dir" value="/Users/atalati/vscode-extension/main-repo/javavscode/netbeans/nbbuild/netbeans/ide" />
    <property name="enterprise/websvc.metro.lib.dir" value="/Users/atalati/vscode-extension/main-repo/javavscode/netbeans/nbbuild/netbeans/enterprise" />
    <property name="ide/diff.dir" value="/Users/atalati/vscode-extension/main-repo/javavscode/netbeans/nbbuild/netbeans/ide" />
    <property name="groovy/maven.groovy.dir" value="/Users/atalati/vscode-extension/main-repo/javavscode/netbeans/nbbuild/netbeans/groovy" />
    <property name="ide/dlight.nativeexecution.dir" value="/Users/atalati/vscode-extension/main-repo/javavscode/netbeans/nbbuild/netbeans/ide" />
    <property name="c.google.guava.dir" value="/Users/atalati/vscode-extension/main-repo/javavscode/netbeans/nbbuild/netbeans/ide" />
    <property name="editor.settings.dir" value="/Users/atalati/vscode-extension/main-repo/javavscode/netbeans/nbbuild/netbeans/ide" />
    <property name="ide/git.dir" value="/Users/atalati/vscode-extension/main-repo/javavscode/netbeans/nbbuild/netbeans/ide" />
    <property name="ide/slf4j.jdk14.dir" value="/Users/atalati/vscode-extension/main-repo/javavscode/netbeans/nbbuild/netbeans/ide" />
    <property name="platform/templates.dir" value="/Users/atalati/vscode-extension/main-repo/javavscode/netbeans/nbbuild/netbeans/platform" />
    <property name="ide/css.model.dir" value="/Users/atalati/vscode-extension/main-repo/javavscode/netbeans/nbbuild/netbeans/ide" />
    <property name="localhistory.dir" value="/Users/atalati/vscode-extension/main-repo/javavscode/netbeans/nbbuild/netbeans/ide" />
    <property name="ide/spi.tasklist.dir" value="/Users/atalati/vscode-extension/main-repo/javavscode/netbeans/nbbuild/netbeans/ide" />
    <property name="html.dir" value="/Users/atalati/vscode-extension/main-repo/javavscode/netbeans/nbbuild/netbeans/ide" />
    <property name="profiler.attach.dir" value="/Users/atalati/vscode-extension/main-repo/javavscode/netbeans/nbbuild/netbeans/profiler" />
    <property name="sun.java.command" value="org.apache.tools.ant.taskdefs.optional.junit.JUnitTestRunner org.netbeans.modules.java.hints.suggestions.TooStrongCastTest skipNonTests=false filtertrace=true haltOnError=false haltOnFailure=false showoutput=true outputtoformatters=true logfailedtests=true threadid=0 logtestlistenerevents=false formatter=org.apache.tools.ant.taskdefs.optional.junit.BriefJUnitResultFormatter formatter=org.apache.tools.ant.taskdefs.optional.junit.XMLJUnitResultFormatter,/Users/atalati/vscode-extension/main-repo/javavscode/netbeans/java/java.hints/build/test/unit/results/TEST-org.netbeans.modules.java.hints.suggestions.TooStrongCastTest.xml crashfile=/Users/atalati/vscode-extension/main-repo/javavscode/netbeans/java/java.hints/build/test/unit/results/junitvmwatcher1606277732471054532.properties propsfile=/Users/atalati/vscode-extension/main-repo/javavscode/netbeans/java/java.hints/build/test/unit/results/junit14434294703700639325.properties" />
    <property name="editor.kit.dir" value="/Users/atalati/vscode-extension/main-repo/javavscode/netbeans/nbbuild/netbeans/ide" />
    <property name="dlight.nativeexecution.dir" value="/Users/atalati/vscode-extension/main-repo/javavscode/netbeans/nbbuild/netbeans/ide" />
    <property name="enterprise/web.primefaces.dir" value="/Users/atalati/vscode-extension/main-repo/javavscode/netbeans/nbbuild/netbeans/enterprise" />
    <property name="jdk.debug" value="release" />
    <property name="groovy/groovy.debug.dir" value="/Users/atalati/vscode-extension/main-repo/javavscode/netbeans/nbbuild/netbeans/groovy" />
    <property name="spi.editor.hints.projects.dir" value="/Users/atalati/vscode-extension/main-repo/javavscode/netbeans/nbbuild/netbeans/ide" />
    <property name="test.qa-functional.out.folder" value="/Users/atalati/vscode-extension/main-repo/javavscode/netbeans/nbbuild/build/testdist/qa-functional/java/org-netbeans-modules-java-hints" />
    <property name="java/j2ee.persistenceapi.dir" value="/Users/atalati/vscode-extension/main-repo/javavscode/netbeans/nbbuild/netbeans/java" />
    <property name="hudson.COLORFGBG" value="7;0" />
    <property name="enterprise/javaee.resources.dir" value="/Users/atalati/vscode-extension/main-repo/javavscode/netbeans/nbbuild/netbeans/enterprise" />
    <property name="basedir" value="/Users/atalati/vscode-extension/main-repo/javavscode/netbeans/java/java.hints" />
    <property name="profiler.projectsupport.dir" value="/Users/atalati/vscode-extension/main-repo/javavscode/netbeans/nbbuild/netbeans/profiler" />
    <property name="ide/localhistory.dir" value="/Users/atalati/vscode-extension/main-repo/javavscode/netbeans/nbbuild/netbeans/ide" />
    <property name="payara.jakartaee.dir" value="/Users/atalati/vscode-extension/main-repo/javavscode/netbeans/nbbuild/netbeans/enterprise" />
    <property name="projectuiapi.dir" value="/Users/atalati/vscode-extension/main-repo/javavscode/netbeans/nbbuild/netbeans/ide" />
    <property name="ide/projectui.buildmenu.dir" value="/Users/atalati/vscode-extension/main-repo/javavscode/netbeans/nbbuild/netbeans/ide" />
    <property name="java/java.j2sedeploy.dir" value="/Users/atalati/vscode-extension/main-repo/javavscode/netbeans/nbbuild/netbeans/java" />
    <property name="openide.filesystems.compat8.dir" value="/Users/atalati/vscode-extension/main-repo/javavscode/netbeans/nbbuild/netbeans/platform" />
    <property name="selenium2.webclient.protractor.dir" value="/Users/atalati/vscode-extension/main-repo/javavscode/netbeans/nbbuild/netbeans/webcommon" />
    <property name="glassfish.common.dir" value="/Users/atalati/vscode-extension/main-repo/javavscode/netbeans/nbbuild/netbeans/enterprise" />
    <property name="harness/o.n.insane.dir" value="/Users/atalati/vscode-extension/main-repo/javavscode/netbeans/nbbuild/netbeans/harness" />
    <property name="clusters.config.php.list" value="nb.cluster.harness,nb.cluster.bootstrap,nb.cluster.platform,nb.cluster.ide,nb.cluster.extide,nb.cluster.webcommon,nb.cluster.php,nb.cluster.websvccommon,nb.cluster.nb" />
    <property name="libs.nbi.engine.dir" value="/Users/atalati/vscode-extension/main-repo/javavscode/netbeans/nbbuild/netbeans/harness" />
    <property name="java.runtime.version" value="17.0.8+9-LTS-211" />
    <property name="java/debugger.jpda.trufflenode.dir" value="/Users/atalati/vscode-extension/main-repo/javavscode/netbeans/nbbuild/netbeans/java" />
    <property name="ide/core.multitabs.project.dir" value="/Users/atalati/vscode-extension/main-repo/javavscode/netbeans/nbbuild/netbeans/ide" />
    <property name="o.eclipse.jgit.gpg.bc.dir" value="/Users/atalati/vscode-extension/main-repo/javavscode/netbeans/nbbuild/netbeans/ide" />
    <property name="sendopts.dir" value="/Users/atalati/vscode-extension/main-repo/javavscode/netbeans/nbbuild/netbeans/platform" />
    <property name="projectapi.dir" value="/Users/atalati/vscode-extension/main-repo/javavscode/netbeans/nbbuild/netbeans/ide" />
    <property name="ide/spi.debugger.ui.dir" value="/Users/atalati/vscode-extension/main-repo/javavscode/netbeans/nbbuild/netbeans/ide" />
    <property name="versioning.system.cvss.installer.dir" value="/Users/atalati/vscode-extension/main-repo/javavscode/netbeans/nbbuild/netbeans/ide" />
    <property name="java/j2ee.persistence.dir" value="/Users/atalati/vscode-extension/main-repo/javavscode/netbeans/nbbuild/netbeans/java" />
    <property name="java/lib.nbjavac.dir" value="/Users/atalati/vscode-extension/main-repo/javavscode/netbeans/nbbuild/netbeans/java" />
    <property name="dlight.terminal.dir" value="/Users/atalati/vscode-extension/main-repo/javavscode/netbeans/nbbuild/netbeans/ide" />
    <property name="code.name.base.slashes" value="org/netbeans/modules/java/hints" />
    <property name="java/gradle.dependencies.dir" value="/Users/atalati/vscode-extension/main-repo/javavscode/netbeans/nbbuild/netbeans/java" />
    <property name="java.io.tmpdir" value="/var/folders/gy/6knb6bv9547_4hb7kryqlnv40000gn/T/" />
    <property name="schema2beans.dir" value="/Users/atalati/vscode-extension/main-repo/javavscode/netbeans/nbbuild/netbeans/ide" />
    <property name="parsing.nb.dir" value="/Users/atalati/vscode-extension/main-repo/javavscode/netbeans/nbbuild/netbeans/ide" />
    <property name="team.ide.dir" value="/Users/atalati/vscode-extension/main-repo/javavscode/netbeans/nbbuild/netbeans/ide" />
    <property name="ide/o.eclipse.mylyn.wikitext.confluence.core.dir" value="/Users/atalati/vscode-extension/main-repo/javavscode/netbeans/nbbuild/netbeans/ide" />
    <property name="java.vm.specification.name" value="Java Virtual Machine Specification" />
    <property name="profiler.heapwalker.dir" value="/Users/atalati/vscode-extension/main-repo/javavscode/netbeans/nbbuild/netbeans/profiler" />
    <property name="timers.dir" value="/Users/atalati/vscode-extension/main-repo/javavscode/netbeans/nbbuild/netbeans/apisupport" />
    <property name="binaries.repos" value="https://repo.maven.apache.org/maven2/" />
    <property name="ide/editor.dir" value="/Users/atalati/vscode-extension/main-repo/javavscode/netbeans/nbbuild/netbeans/ide" />
    <property name="java/ant.grammar.dir" value="/Users/atalati/vscode-extension/main-repo/javavscode/netbeans/nbbuild/netbeans/java" />
    <property name="java.library.path" value="/Users/atalati/Library/Java/Extensions:/Library/Java/Extensions:/Network/Library/Java/Extensions:/System/Library/Java/Extensions:/usr/lib/java:." />
    <property name="java.vendor" value="Oracle Corporation" />
    <property name="web.inspect.dir" value="/Users/atalati/vscode-extension/main-repo/javavscode/netbeans/nbbuild/netbeans/webcommon" />
    <property name="tasklist.todo.dir" value="/Users/atalati/vscode-extension/main-repo/javavscode/netbeans/nbbuild/netbeans/ide" />
    <property name="ide/editor.autosave.dir" value="/Users/atalati/vscode-extension/main-repo/javavscode/netbeans/nbbuild/netbeans/ide" />
    <property name="enterprise/payara.tooling.dir" value="/Users/atalati/vscode-extension/main-repo/javavscode/netbeans/nbbuild/netbeans/enterprise" />
    <property name="ide/parsing.api.dir" value="/Users/atalati/vscode-extension/main-repo/javavscode/netbeans/nbbuild/netbeans/ide" />
    <property name="java/java.hints.dir" value="/Users/atalati/vscode-extension/main-repo/javavscode/netbeans/nbbuild/netbeans/java" />
    <property name="php/php.api.documentation.dir" value="/Users/atalati/vscode-extension/main-repo/javavscode/netbeans/nbbuild/netbeans/php" />
    <property name="platform/openide.execution.compat8.dir" value="/Users/atalati/vscode-extension/main-repo/javavscode/netbeans/nbbuild/netbeans/platform" />
    <property name="target.iterator.dir" value="/Users/atalati/vscode-extension/main-repo/javavscode/netbeans/nbbuild/netbeans/ide" />
    <property name="java/javaee.injection.dir" value="/Users/atalati/vscode-extension/main-repo/javavscode/netbeans/nbbuild/netbeans/java" />
    <property name="apisupport.installer.dir" value="/Users/atalati/vscode-extension/main-repo/javavscode/netbeans/nbbuild/netbeans/apisupport" />
    <property name="ide/html.custom.dir" value="/Users/atalati/vscode-extension/main-repo/javavscode/netbeans/nbbuild/netbeans/ide" />
    <property name="xml.lexer.dir" value="/Users/atalati/vscode-extension/main-repo/javavscode/netbeans/nbbuild/netbeans/ide" />
    <property name="jar-excludes" value="**/*.java,**/*.form,**/package.html,**/doc-files/" />
    <property name="websvccommon/websvc.saas.codegen.dir" value="/Users/atalati/vscode-extension/main-repo/javavscode/netbeans/nbbuild/netbeans/websvccommon" />
    <property name="default.basedir" value="/Users/atalati/vscode-extension/main-repo/javavscode/netbeans/nbbuild" />
    <property name="webcommon/javascript2.html.dir" value="/Users/atalati/vscode-extension/main-repo/javavscode/netbeans/nbbuild/netbeans/webcommon" />
    <property name="gradle.java.dir" value="/Users/atalati/vscode-extension/main-repo/javavscode/netbeans/nbbuild/netbeans/java" />
    <property name="jms-compiler.flags" value=" -J--add-opens=jdk.compiler/com.sun.tools.javac.api=ALL-UNNAMED -J--add-opens=jdk.compiler/com.sun.tools.javac.code=ALL-UNNAMED -J--add-opens=jdk.compiler/com.sun.tools.javac.comp=ALL-UNNAMED -J--add-opens=jdk.compiler/com.sun.tools.javac.file=ALL-UNNAMED -J--add-opens=jdk.compiler/com.sun.tools.javac.jvm=ALL-UNNAMED -J--add-opens=jdk.compiler/com.sun.tools.javac.main=ALL-UNNAMED -J--add-opens=jdk.compiler/com.sun.tools.javac.model=ALL-UNNAMED -J--add-opens=jdk.compiler/com.sun.tools.javac.parser=ALL-UNNAMED -J--add-opens=jdk.compiler/com.sun.tools.javac.processing=ALL-UNNAMED -J--add-opens=jdk.compiler/com.sun.tools.javac.tree=ALL-UNNAMED -J--add-opens=jdk.compiler/com.sun.tools.javac.util=ALL-UNNAMED -J--add-exports=jdk.compiler/com.sun.tools.javac.api=ALL-UNNAMED -J--add-exports=jdk.compiler/com.sun.tools.javac.code=ALL-UNNAMED -J--add-exports=jdk.compiler/com.sun.tools.javac.comp=ALL-UNNAMED -J--add-exports=jdk.compiler/com.sun.tools.javac.file=ALL-UNNAMED -J--add-exports=jdk.compiler/com.sun.tools.javac.jvm=ALL-UNNAMED -J--add-exports=jdk.compiler/com.sun.tools.javac.main=ALL-UNNAMED -J--add-exports=jdk.compiler/com.sun.tools.javac.model=ALL-UNNAMED -J--add-exports=jdk.compiler/com.sun.tools.javac.parser=ALL-UNNAMED -J--add-exports=jdk.compiler/com.sun.tools.javac.processing=ALL-UNNAMED -J--add-exports=jdk.compiler/com.sun.tools.javac.tree=ALL-UNNAMED -J--add-exports=jdk.compiler/com.sun.tools.javac.util=ALL-UNNAMED" />
    <property name="java/maven.checkstyle.dir" value="/Users/atalati/vscode-extension/main-repo/javavscode/netbeans/nbbuild/netbeans/java" />
    <property name="build.test.unit.dir" value="/Users/atalati/vscode-extension/main-repo/javavscode/netbeans/java/java.hints/build/test/unit" />
    <property name="ide/parsing.indexing.dir" value="/Users/atalati/vscode-extension/main-repo/javavscode/netbeans/nbbuild/netbeans/ide" />
    <property name="markdown.dir" value="/Users/atalati/vscode-extension/main-repo/javavscode/netbeans/nbbuild/netbeans/ide" />
    <property name="o.eclipse.jgit.dir" value="/Users/atalati/vscode-extension/main-repo/javavscode/netbeans/nbbuild/netbeans/ide" />
    <property name="php.api.editor.dir" value="/Users/atalati/vscode-extension/main-repo/javavscode/netbeans/nbbuild/netbeans/php" />
    <property name="libs.asm.dir" value="/Users/atalati/vscode-extension/main-repo/javavscode/netbeans/nbbuild/netbeans/platform" />
    <property name="java/debugger.jpda.js.dir" value="/Users/atalati/vscode-extension/main-repo/javavscode/netbeans/nbbuild/netbeans/java" />
    <property name="platform/templatesui.dir" value="/Users/atalati/vscode-extension/main-repo/javavscode/netbeans/nbbuild/netbeans/platform" />
    <property name="libs.jstl.dir" value="/Users/atalati/vscode-extension/main-repo/javavscode/netbeans/nbbuild/netbeans/enterprise" />
    <property name="tasklist.kit.dir" value="/Users/atalati/vscode-extension/main-repo/javavscode/netbeans/nbbuild/netbeans/ide" />
    <property name="enterprise/web.monitor.dir" value="/Users/atalati/vscode-extension/main-repo/javavscode/netbeans/nbbuild/netbeans/enterprise" />
    <property name="versioning.dir" value="/Users/atalati/vscode-extension/main-repo/javavscode/netbeans/nbbuild/netbeans/ide" />
    <property name="profiler/profiler.attach.dir" value="/Users/atalati/vscode-extension/main-repo/javavscode/netbeans/nbbuild/netbeans/profiler" />
    <property name="libs.truffleapi.dir" value="/Users/atalati/vscode-extension/main-repo/javavscode/netbeans/nbbuild/netbeans/ide" />
    <property name="netserver.dir" value="/Users/atalati/vscode-extension/main-repo/javavscode/netbeans/nbbuild/netbeans/webcommon" />
    <property name="ide/c.google.gson.dir" value="/Users/atalati/vscode-extension/main-repo/javavscode/netbeans/nbbuild/netbeans/ide" />
    <property name="hudson.git.dir" value="/Users/atalati/vscode-extension/main-repo/javavscode/netbeans/nbbuild/netbeans/ide" />
    <property name="profiler.ppoints.dir" value="/Users/atalati/vscode-extension/main-repo/javavscode/netbeans/nbbuild/netbeans/profiler" />
    <property name="libs.jsch.agentproxy.dir" value="/Users/atalati/vscode-extension/main-repo/javavscode/netbeans/nbbuild/netbeans/ide" />
    <property name="jemmy.dir" value="/Users/atalati/vscode-extension/main-repo/javavscode/netbeans/nbbuild/netbeans/harness" />
    <property name="ide/versioning.system.cvss.installer.dir" value="/Users/atalati/vscode-extension/main-repo/javavscode/netbeans/nbbuild/netbeans/ide" />
    <property name="jakartaee8.platform.dir" value="/Users/atalati/vscode-extension/main-repo/javavscode/netbeans/nbbuild/netbeans/enterprise" />
    <property name="javascript2.json.dir" value="/Users/atalati/vscode-extension/main-repo/javavscode/netbeans/nbbuild/netbeans/webcommon" />
    <property name="j2eeapis.dir" value="/Users/atalati/vscode-extension/main-repo/javavscode/netbeans/nbbuild/netbeans/enterprise" />
    <property name="hudson.HTTP_PROXY" value="http://www-proxy.us.oracle.com:80" />
    <property name="java/debugger.jpda.projects.dir" value="/Users/atalati/vscode-extension/main-repo/javavscode/netbeans/nbbuild/netbeans/java" />
    <property name="api.templates.dir" value="/Users/atalati/vscode-extension/main-repo/javavscode/netbeans/nbbuild/netbeans/platform" />
    <property name="terminal.nb.dir" value="/Users/atalati/vscode-extension/main-repo/javavscode/netbeans/nbbuild/netbeans/ide" />
    <property name="hudson.CODESIGNBUREAU_CREDFILE" value="/Users/atalati/Downloads/mjayan_config.properties" />
    <property name="defaults.dir" value="/Users/atalati/vscode-extension/main-repo/javavscode/netbeans/nbbuild/netbeans/ide" />
    <property name="javafx/javafx2.scenebuilder.dir" value="/Users/atalati/vscode-extension/main-repo/javavscode/netbeans/nbbuild/netbeans/javafx" />
    <property name="java.security.manager" value="allow" />
    <property name="enterprise/web.core.dir" value="/Users/atalati/vscode-extension/main-repo/javavscode/netbeans/nbbuild/netbeans/enterprise" />
    <property name="webcommon/javascript2.kit.dir" value="/Users/atalati/vscode-extension/main-repo/javavscode/netbeans/nbbuild/netbeans/webcommon" />
    <property name="java/maven.junit.ui.dir" value="/Users/atalati/vscode-extension/main-repo/javavscode/netbeans/nbbuild/netbeans/java" />
    <property name="java/j2ee.core.utilities.dir" value="/Users/atalati/vscode-extension/main-repo/javavscode/netbeans/nbbuild/netbeans/java" />
    <property name="java.vm.name" value="Java HotSpot(TM) 64-Bit Server VM" />
    <property name="autoupdate.cli.dir" value="/Users/atalati/vscode-extension/main-repo/javavscode/netbeans/nbbuild/netbeans/platform" />
    <property name="properties.syntax.dir" value="/Users/atalati/vscode-extension/main-repo/javavscode/netbeans/nbbuild/netbeans/ide" />
    <property name="j2eeserver.dir" value="/Users/atalati/vscode-extension/main-repo/javavscode/netbeans/nbbuild/netbeans/enterprise" />
    <property name="java.completion.dir" value="/Users/atalati/vscode-extension/main-repo/javavscode/netbeans/nbbuild/netbeans/java" />
    <property name="webcommon/javascript.gulp.dir" value="/Users/atalati/vscode-extension/main-repo/javavscode/netbeans/nbbuild/netbeans/webcommon" />
    <property name="buildnum" value="dev-20240527-unknown-revn" />
    <property name="j2ee.api.ejbmodule.dir" value="/Users/atalati/vscode-extension/main-repo/javavscode/netbeans/nbbuild/netbeans/enterprise" />
    <property name="os.arch" value="aarch64" />
    <property name="websvc.jaxwsapi.dir" value="/Users/atalati/vscode-extension/main-repo/javavscode/netbeans/nbbuild/netbeans/enterprise" />
    <property name="java.source.ant.dir" value="/Users/atalati/vscode-extension/main-repo/javavscode/netbeans/nbbuild/netbeans/java" />
    <property name="o.apache.commons.logging.dir" value="/Users/atalati/vscode-extension/main-repo/javavscode/netbeans/nbbuild/netbeans/platform" />
    <property name="extide/gradle.editor.dir" value="/Users/atalati/vscode-extension/main-repo/javavscode/netbeans/nbbuild/netbeans/extide" />
    <property name="java/libs.javacapi.dir" value="/Users/atalati/vscode-extension/main-repo/javavscode/netbeans/nbbuild/netbeans/java" />
    <property name="java/lib.jshell.agent.dir" value="/Users/atalati/vscode-extension/main-repo/javavscode/netbeans/nbbuild/netbeans/java" />
    <property name="api.xml.ui.dir" value="/Users/atalati/vscode-extension/main-repo/javavscode/netbeans/nbbuild/netbeans/ide" />
    <property name="db.core.dir" value="/Users/atalati/vscode-extension/main-repo/javavscode/netbeans/nbbuild/netbeans/ide" />
    <property name="extexecution.dir" value="/Users/atalati/vscode-extension/main-repo/javavscode/netbeans/nbbuild/netbeans/ide" />
    <property name="nb.cluster.bootstrap" value="core.startup,core.startup.base,libs.asm,o.n.bootstrap,openide.filesystems,openide.modules,openide.util,openide.util.lookup,openide.util.ui" />
    <property name="ant.project.name" value="java/java.hints" />
    <property name="libs.gradle.dir" value="/Users/atalati/vscode-extension/main-repo/javavscode/netbeans/nbbuild/netbeans/extide" />
    <property name="php/php.atoum.dir" value="/Users/atalati/vscode-extension/main-repo/javavscode/netbeans/nbbuild/netbeans/php" />
    <property name="hudson.USER" value="atalati" />
    <property name="editor.plain.dir" value="/Users/atalati/vscode-extension/main-repo/javavscode/netbeans/nbbuild/netbeans/ide" />
    <property name="test.config.default.excludes" value="" />
    <property name="webcommon/cordova.platforms.dir" value="/Users/atalati/vscode-extension/main-repo/javavscode/netbeans/nbbuild/netbeans/webcommon" />
    <property name="platform/openide.windows.dir" value="/Users/atalati/vscode-extension/main-repo/javavscode/netbeans/nbbuild/netbeans/platform" />
    <property name="DSTAMP" value="20240527" />
    <property name="build.classes.dir.ml" value="/Users/atalati/vscode-extension/main-repo/javavscode/netbeans/java/java.hints/build/ml/classes" />
    <property name="libs.plist.dir" value="/Users/atalati/vscode-extension/main-repo/javavscode/netbeans/nbbuild/netbeans/webcommon" />
    <property name="libs.groovy.dir" value="/Users/atalati/vscode-extension/main-repo/javavscode/netbeans/nbbuild/netbeans/groovy" />
    <property name="api.annotations.common.dir" value="/Users/atalati/vscode-extension/main-repo/javavscode/netbeans/nbbuild/netbeans/platform" />
    <property name="templatesui.dir" value="/Users/atalati/vscode-extension/main-repo/javavscode/netbeans/nbbuild/netbeans/platform" />
    <property name="o.eclipse.equinox.common.dir" value="/Users/atalati/vscode-extension/main-repo/javavscode/netbeans/nbbuild/netbeans/ide" />
    <property name="api.debugger.jpda.dir" value="/Users/atalati/vscode-extension/main-repo/javavscode/netbeans/nbbuild/netbeans/java" />
    <property name="languages.go.dir" value="/Users/atalati/vscode-extension/main-repo/javavscode/netbeans/nbbuild/netbeans/ide" />
    <property name="db.mysql.dir" value="/Users/atalati/vscode-extension/main-repo/javavscode/netbeans/nbbuild/netbeans/ide" />
    <property name="hudson.SSH_AUTH_SOCK" value="/private/tmp/com.apple.launchd.bc9thKqWgj/Listeners" />
    <property name="java.vm.compressedOopsMode" value="Zero based" />
    <property name="ide/project.indexingbridge.dir" value="/Users/atalati/vscode-extension/main-repo/javavscode/netbeans/nbbuild/netbeans/ide" />
    <property name="webcommon/javascript2.nodejs.dir" value="/Users/atalati/vscode-extension/main-repo/javavscode/netbeans/nbbuild/netbeans/webcommon" />
    <property name="ide/db.dir" value="/Users/atalati/vscode-extension/main-repo/javavscode/netbeans/nbbuild/netbeans/ide" />
    <property name="javascript2.types.dir" value="/Users/atalati/vscode-extension/main-repo/javavscode/netbeans/nbbuild/netbeans/webcommon" />
    <property name="enterprise/j2ee.genericserver.dir" value="/Users/atalati/vscode-extension/main-repo/javavscode/netbeans/nbbuild/netbeans/enterprise" />
    <property name="java/testng.dir" value="/Users/atalati/vscode-extension/main-repo/javavscode/netbeans/nbbuild/netbeans/java" />
    <property name="lib.terminalemulator.dir" value="/Users/atalati/vscode-extension/main-repo/javavscode/netbeans/nbbuild/netbeans/ide" />
    <property name="cluster.path.final" value="/Users/atalati/vscode-extension/main-repo/javavscode/netbeans/nbbuild/netbeans/platform:/Users/atalati/vscode-extension/main-repo/javavscode/netbeans/nbbuild/netbeans/ide:/Users/atalati/vscode-extension/main-repo/javavscode/netbeans/nbbuild/netbeans/java:/Users/atalati/vscode-extension/main-repo/javavscode/netbeans/nbbuild/netbeans/apisupport:/Users/atalati/vscode-extension/main-repo/javavscode/netbeans/nbbuild/netbeans/enterprise:/Users/atalati/vscode-extension/main-repo/javavscode/netbeans/nbbuild/netbeans/ergonomics:/Users/atalati/vscode-extension/main-repo/javavscode/netbeans/nbbuild/netbeans/nb:/Users/atalati/vscode-extension/main-repo/javavscode/netbeans/nbbuild/netbeans/extra:/Users/atalati/vscode-extension/main-repo/javavscode/netbeans/nbbuild/netbeans/harness:/Users/atalati/vscode-extension/main-repo/javavscode/netbeans/nbbuild/netbeans/profiler:/Users/atalati/vscode-extension/main-repo/javavscode/netbeans/nbbuild/netbeans/php:/Users/atalati/vscode-extension/main-repo/javavscode/netbeans/nbbuild/netbeans/groovy:/Users/atalati/vscode-extension/main-repo/javavscode/netbeans/nbbuild/netbeans/identity:/Users/atalati/vscode-extension/main-repo/javavscode/netbeans/nbbuild/netbeans/cnd:/Users/atalati/vscode-extension/main-repo/javavscode/netbeans/nbbuild/netbeans/cndext:/Users/atalati/vscode-extension/main-repo/javavscode/netbeans/nbbuild/netbeans/rust:/Users/atalati/vscode-extension/main-repo/javavscode/netbeans/nbbuild/netbeans/cpplite:/Users/atalati/vscode-extension/main-repo/javavscode/netbeans/nbbuild/netbeans/dlight:/Users/atalati/vscode-extension/main-repo/javavscode/netbeans/nbbuild/netbeans/extide:/Users/atalati/vscode-extension/main-repo/javavscode/netbeans/nbbuild/netbeans/webcommon:/Users/atalati/vscode-extension/main-repo/javavscode/netbeans/nbbuild/netbeans/websvccommon:/Users/atalati/vscode-extension/main-repo/javavscode/netbeans/nbbuild/netbeans/javafx:/Users/atalati/vscode-extension/main-repo/javavscode/netbeans/nbbuild/netbeans/java" />
    <property name="ide/o.eclipse.jgit.gpg.bc.dir" value="/Users/atalati/vscode-extension/main-repo/javavscode/netbeans/nbbuild/netbeans/ide" />
    <property name="options.java.dir" value="/Users/atalati/vscode-extension/main-repo/javavscode/netbeans/nbbuild/netbeans/extide" />
    <property name="ant.file.type.default-properties" value="file" />
    <property name="java/jellytools.java.dir" value="/Users/atalati/vscode-extension/main-repo/javavscode/netbeans/nbbuild/netbeans/java" />
    <property name="api.knockout.dir" value="/Users/atalati/vscode-extension/main-repo/javavscode/netbeans/nbbuild/netbeans/webcommon" />
    <property name="platform/net.java.html.boot.fx.dir" value="/Users/atalati/vscode-extension/main-repo/javavscode/netbeans/nbbuild/netbeans/platform" />
    <property name="nb/autoupdate.pluginimporter.dir" value="/Users/atalati/vscode-extension/main-repo/javavscode/netbeans/nbbuild/netbeans/nb" />
    <property name="xml.text.obsolete90.dir" value="/Users/atalati/vscode-extension/main-repo/javavscode/netbeans/nbbuild/netbeans/ide" />
    <property name="java.lexer.dir" value="/Users/atalati/vscode-extension/main-repo/javavscode/netbeans/nbbuild/netbeans/java" />
    <property name="platform/options.api.dir" value="/Users/atalati/vscode-extension/main-repo/javavscode/netbeans/nbbuild/netbeans/platform" />
    <property name="ide/utilities.dir" value="/Users/atalati/vscode-extension/main-repo/javavscode/netbeans/nbbuild/netbeans/ide" />
    <property name="nb.cluster.cndext.dir" value="cndext" />
    <property name="nb.cluster.bootstrap.depends" value="" />
    <property name="java/websvc.saas.codegen.java.dir" value="/Users/atalati/vscode-extension/main-repo/javavscode/netbeans/nbbuild/netbeans/java" />
    <property name="test.qa-functional.testdep" value="/Users/atalati/vscode-extension/main-repo/javavscode/netbeans/ide/editor:/Users/atalati/vscode-extension/main-repo/javavscode/netbeans/platform/openide.text:/Users/atalati/vscode-extension/main-repo/javavscode/netbeans/java/spi.java.hints" />
    <property name="php/php.nette2.dir" value="/Users/atalati/vscode-extension/main-repo/javavscode/netbeans/nbbuild/netbeans/php" />
    <property name="openide.explorer.dir" value="/Users/atalati/vscode-extension/main-repo/javavscode/netbeans/nbbuild/netbeans/platform" />
    <property name="java/java.platform.ui.dir" value="/Users/atalati/vscode-extension/main-repo/javavscode/netbeans/nbbuild/netbeans/java" />
    <property name="nb.cluster.cpplite.depends" value="nb.cluster.harness,nb.cluster.platform,nb.cluster.ide" />
    <property name="o.eclipse.mylyn.wikitext.core.dir" value="/Users/atalati/vscode-extension/main-repo/javavscode/netbeans/nbbuild/netbeans/ide" />
    <property name="java/spellchecker.bindings.java.dir" value="/Users/atalati/vscode-extension/main-repo/javavscode/netbeans/nbbuild/netbeans/java" />
    <property name="platform/net.java.html.sound.dir" value="/Users/atalati/vscode-extension/main-repo/javavscode/netbeans/nbbuild/netbeans/platform" />
    <property name="project.ant.ui.dir" value="/Users/atalati/vscode-extension/main-repo/javavscode/netbeans/nbbuild/netbeans/ide" />
    <property name="enterprise/maven.jaxws.dir" value="/Users/atalati/vscode-extension/main-repo/javavscode/netbeans/nbbuild/netbeans/enterprise" />
    <property name="profiler/profiler.utilities.dir" value="/Users/atalati/vscode-extension/main-repo/javavscode/netbeans/nbbuild/netbeans/profiler" />
    <property name="platform/libs.testng.dir" value="/Users/atalati/vscode-extension/main-repo/javavscode/netbeans/nbbuild/netbeans/platform" />
    <property name="metabuild.jms-flags.jvm" value="--add-opens=java.base/java.net=ALL-UNNAMED --add-opens=java.base/java.lang.ref=ALL-UNNAMED --add-opens=java.base/java.lang=ALL-UNNAMED --add-opens=java.base/java.security=ALL-UNNAMED --add-opens=java.base/java.util=ALL-UNNAMED --add-opens=java.base/java.nio=ALL-UNNAMED --add-exports=java.base/sun.reflect.annotation=ALL-UNNAMED --add-opens=java.prefs/java.util.prefs=ALL-UNNAMED --add-opens=java.desktop/javax.swing.plaf.basic=ALL-UNNAMED --add-opens=java.desktop/javax.swing.text=ALL-UNNAMED --add-opens=java.desktop/javax.swing=ALL-UNNAMED --add-opens=java.desktop/java.awt=ALL-UNNAMED --add-opens=java.desktop/java.awt.event=ALL-UNNAMED --add-opens=java.desktop/sun.awt.X11=ALL-UNNAMED --add-opens=java.desktop/javax.swing.plaf.synth=ALL-UNNAMED --add-opens=java.desktop/com.sun.java.swing.plaf.gtk=ALL-UNNAMED --add-opens=java.desktop/com.sun.java.swing.plaf.windows=ALL-UNNAMED --add-opens=java.desktop/com.apple.laf=ALL-UNNAMED --add-opens=java.desktop/sun.awt.shell=ALL-UNNAMED --add-opens=java.desktop/sun.awt.im=ALL-UNNAMED --add-exports=java.desktop/sun.awt=ALL-UNNAMED --add-exports=java.desktop/java.awt.peer=ALL-UNNAMED --add-exports=java.desktop/com.sun.beans.editors=ALL-UNNAMED --add-exports=java.desktop/sun.swing=ALL-UNNAMED --add-exports=java.desktop/sun.awt.im=ALL-UNNAMED --add-exports=java.desktop/com.sun.java.swing.plaf.motif=ALL-UNNAMED --add-exports=java.desktop/com.apple.eio=ALL-UNNAMED --add-opens=jdk.compiler/com.sun.tools.javac.api=ALL-UNNAMED --add-opens=jdk.compiler/com.sun.tools.javac.code=ALL-UNNAMED --add-opens=jdk.compiler/com.sun.tools.javac.comp=ALL-UNNAMED --add-opens=jdk.compiler/com.sun.tools.javac.file=ALL-UNNAMED --add-opens=jdk.compiler/com.sun.tools.javac.jvm=ALL-UNNAMED --add-opens=jdk.compiler/com.sun.tools.javac.main=ALL-UNNAMED --add-opens=jdk.compiler/com.sun.tools.javac.model=ALL-UNNAMED --add-opens=jdk.compiler/com.sun.tools.javac.parser=ALL-UNNAMED --add-opens=jdk.compiler/com.sun.tools.javac.processing=ALL-UNNAMED --add-opens=jdk.compiler/com.sun.tools.javac.tree=ALL-UNNAMED --add-opens=jdk.compiler/com.sun.tools.javac.util=ALL-UNNAMED --add-exports=jdk.compiler/com.sun.tools.javac.api=ALL-UNNAMED --add-exports=jdk.compiler/com.sun.tools.javac.code=ALL-UNNAMED --add-exports=jdk.compiler/com.sun.tools.javac.comp=ALL-UNNAMED --add-exports=jdk.compiler/com.sun.tools.javac.file=ALL-UNNAMED --add-exports=jdk.compiler/com.sun.tools.javac.jvm=ALL-UNNAMED --add-exports=jdk.compiler/com.sun.tools.javac.main=ALL-UNNAMED --add-exports=jdk.compiler/com.sun.tools.javac.model=ALL-UNNAMED --add-exports=jdk.compiler/com.sun.tools.javac.parser=ALL-UNNAMED --add-exports=jdk.compiler/com.sun.tools.javac.processing=ALL-UNNAMED --add-exports=jdk.compiler/com.sun.tools.javac.tree=ALL-UNNAMED --add-exports=jdk.compiler/com.sun.tools.javac.util=ALL-UNNAMED " />
    <property name="nb.cluster.webcommon.depends" value="nb.cluster.ide,nb.cluster.extide,nb.cluster.platform" />
    <property name="php.project.dir" value="/Users/atalati/vscode-extension/main-repo/javavscode/netbeans/nbbuild/netbeans/php" />
    <property name="hg.id" value="unknown-revn" />
    <property name="core.nativeaccess.dir" value="/Users/atalati/vscode-extension/main-repo/javavscode/netbeans/nbbuild/netbeans/platform" />
    <property name="platform/netbinox.dir" value="/Users/atalati/vscode-extension/main-repo/javavscode/netbeans/nbbuild/netbeans/platform" />
    <property name="beans.dir" value="/Users/atalati/vscode-extension/main-repo/javavscode/netbeans/nbbuild/netbeans/java" />
    <property name="editor.mimelookup.impl.dir" value="/Users/atalati/vscode-extension/main-repo/javavscode/netbeans/nbbuild/netbeans/platform" />
    <property name="ide/editor.breadcrumbs.dir" value="/Users/atalati/vscode-extension/main-repo/javavscode/netbeans/nbbuild/netbeans/ide" />
    <property name="html.parser.dir" value="/Users/atalati/vscode-extension/main-repo/javavscode/netbeans/nbbuild/netbeans/ide" />
    <property name="php/php.doctrine2.dir" value="/Users/atalati/vscode-extension/main-repo/javavscode/netbeans/nbbuild/netbeans/php" />
    <property name="hudson.https_proxy" value="http://www-proxy.us.oracle.com:80" />
    <property name="ide/o.eclipse.mylyn.commons.repositories.core.dir" value="/Users/atalati/vscode-extension/main-repo/javavscode/netbeans/nbbuild/netbeans/ide" />
    <property name="websvc.saas.codegen.dir" value="/Users/atalati/vscode-extension/main-repo/javavscode/netbeans/nbbuild/netbeans/websvccommon" />
    <property name="editor.settings.storage.dir" value="/Users/atalati/vscode-extension/main-repo/javavscode/netbeans/nbbuild/netbeans/ide" />
    <property name="nb.cluster.platform.dir" value="platform" />
    <property name="ant.file.type.binaries-default-properties" value="file" />
    <property name="web.clientproject.dir" value="/Users/atalati/vscode-extension/main-repo/javavscode/netbeans/nbbuild/netbeans/webcommon" />
    <property name="groovy.samples.dir" value="/Users/atalati/vscode-extension/main-repo/javavscode/netbeans/nbbuild/netbeans/groovy" />
    <property name="languages.yaml.dir" value="/Users/atalati/vscode-extension/main-repo/javavscode/netbeans/nbbuild/netbeans/ide" />
    <property name="mercurial.dir" value="/Users/atalati/vscode-extension/main-repo/javavscode/netbeans/nbbuild/netbeans/ide" />
    <property name="ide/editor.lib2.dir" value="/Users/atalati/vscode-extension/main-repo/javavscode/netbeans/nbbuild/netbeans/ide" />
    <property name="clusters.config.identity.list" value="nb.cluster.harness,nb.cluster.bootstrap,nb.cluster.platform,nb.cluster.ide,nb.cluster.extide,nb.cluster.websvccommon,nb.cluster.java,nb.cluster.javafx,nb.cluster.profiler,nb.cluster.3rdparty,nb.cluster.nb,nb.cluster.webcommon,nb.cluster.enterprise,nb.cluster.identity" />
    <property name="ide/lexer.dir" value="/Users/atalati/vscode-extension/main-repo/javavscode/netbeans/nbbuild/netbeans/ide" />
    <property name="ide/libs.graalsdk.system.dir" value="/Users/atalati/vscode-extension/main-repo/javavscode/netbeans/nbbuild/netbeans/ide" />
    <property name="java/j2ee.jpa.verification.dir" value="/Users/atalati/vscode-extension/main-repo/javavscode/netbeans/nbbuild/netbeans/java" />
    <property name="asm.jar" value="/Users/atalati/vscode-extension/main-repo/javavscode/netbeans/nbbuild/netbeans/platform/core/asm-9.6.jar" />
    <property name="o.apache.ws.commons.util.dir" value="/Users/atalati/vscode-extension/main-repo/javavscode/netbeans/nbbuild/netbeans/ide" />
    <property name="-nb.build.dir-default" value="/Users/atalati/vscode-extension/main-repo/javavscode/netbeans/nbbuild/build" />
    <property name="libs.lucene.dir" value="/Users/atalati/vscode-extension/main-repo/javavscode/netbeans/nbbuild/netbeans/ide" />
    <property name="profiler/profiler.heapwalker.dir" value="/Users/atalati/vscode-extension/main-repo/javavscode/netbeans/nbbuild/netbeans/profiler" />
    <property name="php.zend2.dir" value="/Users/atalati/vscode-extension/main-repo/javavscode/netbeans/nbbuild/netbeans/php" />
    <property name="ide/servletapi.dir" value="/Users/atalati/vscode-extension/main-repo/javavscode/netbeans/nbbuild/netbeans/ide" />
    <property name="test.unit.folder" value="/Users/atalati/vscode-extension/main-repo/javavscode/netbeans/nbbuild/build/testdist/unit/java/org-netbeans-modules-java-hints" />
    <property name="ide.branding.kit.dir" value="/Users/atalati/vscode-extension/main-repo/javavscode/netbeans/nbbuild/netbeans/nb" />
    <property name="ide/o.eclipse.jgit.dir" value="/Users/atalati/vscode-extension/main-repo/javavscode/netbeans/nbbuild/netbeans/ide" />
    <property name="java.editor.base.dir" value="/Users/atalati/vscode-extension/main-repo/javavscode/netbeans/nbbuild/netbeans/java" />
    <property name="notifications.dir" value="/Users/atalati/vscode-extension/main-repo/javavscode/netbeans/nbbuild/netbeans/ide" />
    <property name="locmakenbm.brands" value="" />
    <property name="hudson.TERM_PROGRAM" value="iTerm.app" />
    <property name="maven.junit.dir" value="/Users/atalati/vscode-extension/main-repo/javavscode/netbeans/nbbuild/netbeans/java" />
    <property name="nb_all" value="/Users/atalati/vscode-extension/main-repo/javavscode/netbeans" />
    <property name="javascript2.html.dir" value="/Users/atalati/vscode-extension/main-repo/javavscode/netbeans/nbbuild/netbeans/webcommon" />
    <property name="platform/api.intent.dir" value="/Users/atalati/vscode-extension/main-repo/javavscode/netbeans/nbbuild/netbeans/platform" />
    <property name="maven.osgi.dir" value="/Users/atalati/vscode-extension/main-repo/javavscode/netbeans/nbbuild/netbeans/java" />
    <property name="ide/extexecution.process.jdk9.dir" value="/Users/atalati/vscode-extension/main-repo/javavscode/netbeans/nbbuild/netbeans/ide" />
    <property name="groovy.kit.dir" value="/Users/atalati/vscode-extension/main-repo/javavscode/netbeans/nbbuild/netbeans/groovy" />
    <property name="platform/openide.awt.dir" value="/Users/atalati/vscode-extension/main-repo/javavscode/netbeans/nbbuild/netbeans/platform" />
    <property name="gsf.testrunner.dir" value="/Users/atalati/vscode-extension/main-repo/javavscode/netbeans/nbbuild/netbeans/ide" />
    <property name="platform/openide.util.lookup.dir" value="/Users/atalati/vscode-extension/main-repo/javavscode/netbeans/nbbuild/netbeans/platform" />
    <property name="ide/xml.core.dir" value="/Users/atalati/vscode-extension/main-repo/javavscode/netbeans/nbbuild/netbeans/ide" />
    <property name="ide/o.eclipse.equinox.security.dir" value="/Users/atalati/vscode-extension/main-repo/javavscode/netbeans/nbbuild/netbeans/ide" />
    <property name="editor.settings.lib.dir" value="/Users/atalati/vscode-extension/main-repo/javavscode/netbeans/nbbuild/netbeans/ide" />
    <property name="options.api.dir" value="/Users/atalati/vscode-extension/main-repo/javavscode/netbeans/nbbuild/netbeans/platform" />
    <property name="groovy/groovy.support.dir" value="/Users/atalati/vscode-extension/main-repo/javavscode/netbeans/nbbuild/netbeans/groovy" />
    <property name="libs.javafx.macosx.aarch64.dir" value="/Users/atalati/vscode-extension/main-repo/javavscode/netbeans/nbbuild/netbeans/extra" />
    <property name="ide/core.ide.dir" value="/Users/atalati/vscode-extension/main-repo/javavscode/netbeans/nbbuild/netbeans/ide" />
    <property name="languages.neon.dir" value="/Users/atalati/vscode-extension/main-repo/javavscode/netbeans/nbbuild/netbeans/php" />
    <property name="java/java.testrunner.ant.dir" value="/Users/atalati/vscode-extension/main-repo/javavscode/netbeans/nbbuild/netbeans/java" />
    <property name="enterprise/web.jsf.richfaces.dir" value="/Users/atalati/vscode-extension/main-repo/javavscode/netbeans/nbbuild/netbeans/enterprise" />
    <property name="hudson.TERM_SESSION_ID" value="w0t2p0:1EF74545-B0D6-4BEA-AEFA-CBED2E22EA6F" />
    <property name="webcommon/web.client.kit.dir" value="/Users/atalati/vscode-extension/main-repo/javavscode/netbeans/nbbuild/netbeans/webcommon" />
    <property name="web.jsf.kit.dir" value="/Users/atalati/vscode-extension/main-repo/javavscode/netbeans/nbbuild/netbeans/enterprise" />
    <property name="web.monitor.dir" value="/Users/atalati/vscode-extension/main-repo/javavscode/netbeans/nbbuild/netbeans/enterprise" />
    <property name="nb.cluster.javafx" value="javafx2.editor,javafx2.kit,javafx2.platform,javafx2.project,javafx2.samples,javafx2.scenebuilder,maven.htmlui" />
    <property name="platform/favorites.dir" value="/Users/atalati/vscode-extension/main-repo/javavscode/netbeans/nbbuild/netbeans/platform" />
    <property name="webcommon/cordova.dir" value="/Users/atalati/vscode-extension/main-repo/javavscode/netbeans/nbbuild/netbeans/webcommon" />
    <property name="lexer.dir" value="/Users/atalati/vscode-extension/main-repo/javavscode/netbeans/nbbuild/netbeans/ide" />
    <property name="libs.snakeyaml_engine.dir" value="/Users/atalati/vscode-extension/main-repo/javavscode/netbeans/nbbuild/netbeans/ide" />
    <property name="ide/dlight.nativeexecution.nb.dir" value="/Users/atalati/vscode-extension/main-repo/javavscode/netbeans/nbbuild/netbeans/ide" />
    <property name="nb.cluster.groovy.depends" value="nb.cluster.platform,nb.cluster.ide,nb.cluster.extide,nb.cluster.java,nb.cluster.enterprise" />
    <property name="ide/xml.retriever.dir" value="/Users/atalati/vscode-extension/main-repo/javavscode/netbeans/nbbuild/netbeans/ide" />
    <property name="ide/libs.freemarker.dir" value="/Users/atalati/vscode-extension/main-repo/javavscode/netbeans/nbbuild/netbeans/ide" />
    <property name="editor.util.dir" value="/Users/atalati/vscode-extension/main-repo/javavscode/netbeans/nbbuild/netbeans/ide" />
    <property name="ide/parsing.lucene.dir" value="/Users/atalati/vscode-extension/main-repo/javavscode/netbeans/nbbuild/netbeans/ide" />
    <property name="selenium2.dir" value="/Users/atalati/vscode-extension/main-repo/javavscode/netbeans/nbbuild/netbeans/ide" />
    <property name="ide/team.ide.dir" value="/Users/atalati/vscode-extension/main-repo/javavscode/netbeans/nbbuild/netbeans/ide" />
    <property name="test.filter.trace" value="true" />
    <property name="o.n.swing.plaf.dir" value="/Users/atalati/vscode-extension/main-repo/javavscode/netbeans/nbbuild/netbeans/platform" />
    <property name="java.freeform.dir" value="/Users/atalati/vscode-extension/main-repo/javavscode/netbeans/nbbuild/netbeans/java" />
    <property name="enterprise/web.core.syntax.dir" value="/Users/atalati/vscode-extension/main-repo/javavscode/netbeans/nbbuild/netbeans/enterprise" />
    <property name="extide/gradle.dir" value="/Users/atalati/vscode-extension/main-repo/javavscode/netbeans/nbbuild/netbeans/extide" />
    <property name="ide/jellytools.ide.dir" value="/Users/atalati/vscode-extension/main-repo/javavscode/netbeans/nbbuild/netbeans/ide" />
    <property name="javawebstart.dir" value="/Users/atalati/vscode-extension/main-repo/javavscode/netbeans/nbbuild/netbeans/java" />
    <property name="ergonomics/ide.ergonomics.dir" value="/Users/atalati/vscode-extension/main-repo/javavscode/netbeans/nbbuild/netbeans/ergonomics" />
    <property name="enterprise/web.jsf.kit.dir" value="/Users/atalati/vscode-extension/main-repo/javavscode/netbeans/nbbuild/netbeans/enterprise" />
    <property name="api.java.dir" value="/Users/atalati/vscode-extension/main-repo/javavscode/netbeans/nbbuild/netbeans/java" />
    <property name="harness/libs.nbi.engine.dir" value="/Users/atalati/vscode-extension/main-repo/javavscode/netbeans/nbbuild/netbeans/harness" />
    <property name="java/whitelist.dir" value="/Users/atalati/vscode-extension/main-repo/javavscode/netbeans/nbbuild/netbeans/java" />
    <property name="enterprise/j2ee.ant.dir" value="/Users/atalati/vscode-extension/main-repo/javavscode/netbeans/nbbuild/netbeans/enterprise" />
    <property name="java/java.navigation.dir" value="/Users/atalati/vscode-extension/main-repo/javavscode/netbeans/nbbuild/netbeans/java" />
    <property name="ide/editor.kit.dir" value="/Users/atalati/vscode-extension/main-repo/javavscode/netbeans/nbbuild/netbeans/ide" />
    <property name="openide.awt.dir" value="/Users/atalati/vscode-extension/main-repo/javavscode/netbeans/nbbuild/netbeans/platform" />
    <property name="ide/properties.syntax.dir" value="/Users/atalati/vscode-extension/main-repo/javavscode/netbeans/nbbuild/netbeans/ide" />
    <property name="java.specification.vendor" value="Oracle Corporation" />
    <property name="php/websvc.saas.codegen.php.dir" value="/Users/atalati/vscode-extension/main-repo/javavscode/netbeans/nbbuild/netbeans/php" />
    <property name="ide/o.eclipse.mylyn.wikitext.core.dir" value="/Users/atalati/vscode-extension/main-repo/javavscode/netbeans/nbbuild/netbeans/ide" />
    <property name="javahelp.jar.basename" value="org-netbeans-modules-java-hints.jar" />
    <property name="requires.nb.javac" value="true" />
    <property name="docker.editor.dir" value="/Users/atalati/vscode-extension/main-repo/javavscode/netbeans/nbbuild/netbeans/ide" />
    <property name="module.run.classpath" value="/Users/atalati/vscode-extension/main-repo/javavscode/netbeans/nbbuild/netbeans/platform/modules/org-netbeans-api-annotations-common.jar:/Users/atalati/vscode-extension/main-repo/javavscode/netbeans/nbbuild/netbeans/java/modules/org-netbeans-api-java.jar:/Users/atalati/vscode-extension/main-repo/javavscode/netbeans/nbbuild/netbeans/platform/modules/org-netbeans-api-annotations-common.jar:/Users/atalati/vscode-extension/main-repo/javavscode/netbeans/nbbuild/netbeans/ide/modules/org-netbeans-api-java-classpath.jar:/Users/atalati/vscode-extension/main-repo/javavscode/netbeans/nbbuild/netbeans/platform/core/org-openide-filesystems.jar:/Users/atalati/vscode-extension/main-repo/javavscode/netbeans/nbbuild/netbeans/platform/lib/org-openide-util.jar:/Users/atalati/vscode-extension/main-repo/javavscode/netbeans/nbbuild/netbeans/platform/lib/org-openide-util-lookup.jar:/Users/atalati/vscode-extension/main-repo/javavscode/netbeans/nbbuild/netbeans/platform/lib/org-openide-modules.jar:/Users/atalati/vscode-extension/main-repo/javavscode/netbeans/nbbuild/netbeans/platform/lib/org-openide-util-ui.jar:/Users/atalati/vscode-extension/main-repo/javavscode/netbeans/nbbuild/netbeans/ide/modules/org-netbeans-api-java-classpath.jar:/Users/atalati/vscode-extension/main-repo/javavscode/netbeans/nbbuild/netbeans/platform/modules/org-netbeans-api-annotations-common.jar:/Users/atalati/vscode-extension/main-repo/javavscode/netbeans/nbbuild/netbeans/platform/core/org-openide-filesystems.jar:/Users/atalati/vscode-extension/main-repo/javavscode/netbeans/nbbuild/netbeans/platform/lib/org-openide-util.jar:/Users/atalati/vscode-extension/main-repo/javavscode/netbeans/nbbuild/netbeans/platform/lib/org-openide-util-lookup.jar:/Users/atalati/vscode-extension/main-repo/javavscode/netbeans/nbbuild/netbeans/ide/modules/org-netbeans-api-lsp.jar:/Users/atalati/vscode-extension/main-repo/javavscode/netbeans/nbbuild/netbeans/platform/modules/org-netbeans-api-annotations-common.jar:/Users/atalati/vscode-extension/main-repo/javavscode/netbeans/nbbuild/netbeans/platform/modules/org-netbeans-modules-editor-mimelookup.jar:/Users/atalati/vscode-extension/main-repo/javavscode/netbeans/nbbuild/netbeans/platform/core/org-openide-filesystems.jar:/Users/atalati/vscode-extension/main-repo/javavscode/netbeans/nbbuild/netbeans/platform/lib/org-openide-util.jar:/Users/atalati/vscode-extension/main-repo/javavscode/netbeans/nbbuild/netbeans/platform/lib/org-openide-util-lookup.jar:/Users/atalati/vscode-extension/main-repo/javavscode/netbeans/nbbuild/netbeans/ide/modules/org-netbeans-modules-editor-util.jar:/Users/atalati/vscode-extension/main-repo/javavscode/netbeans/nbbuild/netbeans/platform/modules/org-netbeans-api-progress.jar:/Users/atalati/vscode-extension/main-repo/javavscode/netbeans/nbbuild/netbeans/platform/lib/org-openide-modules.jar:/Users/atalati/vscode-extension/main-repo/javavscode/netbeans/nbbuild/netbeans/platform/lib/org-openide-util-ui.jar:/Users/atalati/vscode-extension/main-repo/javavscode/netbeans/nbbuild/netbeans/platform/lib/org-openide-util.jar:/Users/atalati/vscode-extension/main-repo/javavscode/netbeans/nbbuild/netbeans/platform/lib/org-openide-util-lookup.jar:/Users/atalati/vscode-extension/main-repo/javavscode/netbeans/nbbuild/netbeans/platform/modules/org-netbeans-api-progress-nb.jar:/Users/atalati/vscode-extension/main-repo/javavscode/netbeans/nbbuild/netbeans/platform/lib/org-openide-util.jar:/Users/atalati/vscode-extension/main-repo/javavscode/netbeans/nbbuild/netbeans/platform/lib/org-openide-util-lookup.jar:/Users/atalati/vscode-extension/main-repo/javavscode/netbeans/nbbuild/netbeans/platform/modules/org-openide-awt.jar:/Users/atalati/vscode-extension/main-repo/javavscode/netbeans/nbbuild/netbeans/platform/modules/org-netbeans-api-annotations-common.jar:/Users/atalati/vscode-extension/main-repo/javavscode/netbeans/nbbuild/netbeans/platform/core/org-openide-filesystems.jar:/Users/atalati/vscode-extension/main-repo/javavscode/netbeans/nbbuild/netbeans/platform/lib/org-openide-util-ui.jar:/Users/atalati/vscode-extension/main-repo/javavscode/netbeans/nbbuild/netbeans/platform/modules/org-netbeans-api-progress.jar:/Users/atalati/vscode-extension/main-repo/javavscode/netbeans/nbbuild/netbeans/platform/lib/org-openide-modules.jar:/Users/atalati/vscode-extension/main-repo/javavscode/netbeans/nbbuild/netbeans/platform/modules/org-netbeans-api-templates.jar:/Users/atalati/vscode-extension/main-repo/javavscode/netbeans/nbbuild/netbeans/platform/modules/org-netbeans-api-annotations-common.jar:/Users/atalati/vscode-extension/main-repo/javavscode/netbeans/nbbuild/netbeans/platform/modules/org-netbeans-api-scripting.jar:/Users/atalati/vscode-extension/main-repo/javavscode/netbeans/nbbuild/netbeans/platform/lib/org-openide-util-lookup.jar:/Users/atalati/vscode-extension/main-repo/javavscode/netbeans/nbbuild/netbeans/platform/modules/org-netbeans-modules-queries.jar:/Users/atalati/vscode-extension/main-repo/javavscode/netbeans/nbbuild/netbeans/platform/core/org-openide-filesystems.jar:/Users/atalati/vscode-extension/main-repo/javavscode/netbeans/nbbuild/netbeans/platform/lib/org-openide-util.jar:/Users/atalati/vscode-extension/main-repo/javavscode/netbeans/nbbuild/netbeans/java/modules/org-netbeans-libs-javacapi.jar:/Users/atalati/vscode-extension/main-repo/javavscode/netbeans/java/libs.javacapi/external/nb-javac-jdk-22+33-api.jar:/Users/atalati/vscode-extension/main-repo/javavscode/netbeans/java/libs.javacapi/external/nb-javac-jdk-22+33.jar:/Users/atalati/vscode-extension/main-repo/javavscode/netbeans/java/libs.javacapi/external/nb-javac-jdk-22+33-api.jar:/Users/atalati/vscode-extension/main-repo/javavscode/netbeans/java/libs.javacapi/external/nb-javac-jdk-22+33.jar:/Users/atalati/vscode-extension/main-repo/javavscode/netbeans/nbbuild/netbeans/ide/modules/org-netbeans-libs-lucene.jar:/Users/atalati/vscode-extension/main-repo/javavscode/netbeans/ide/libs.lucene/external/lucene-core-3.6.2.jar:/Users/atalati/vscode-extension/main-repo/javavscode/netbeans/nbbuild/netbeans/ide/modules/ext/lucene-core-3.6.2.jar:/Users/atalati/vscode-extension/main-repo/javavscode/netbeans/ide/libs.lucene/external/lucene-core-3.6.2.jar:/Users/atalati/vscode-extension/main-repo/javavscode/netbeans/nbbuild/netbeans/ide/modules/ext/lucene-core-3.6.2.jar:/Users/atalati/vscode-extension/main-repo/javavscode/netbeans/nbbuild/netbeans/ide/modules/org-netbeans-modules-editor.jar:/Users/atalati/vscode-extension/main-repo/javavscode/netbeans/nbbuild/netbeans/ide/modules/org-netbeans-api-lsp.jar:/Users/atalati/vscode-extension/main-repo/javavscode/netbeans/nbbuild/netbeans/platform/modules/org-netbeans-api-annotations-common.jar:/Users/atalati/vscode-extension/main-repo/javavscode/netbeans/nbbuild/netbeans/platform/modules/org-netbeans-modules-editor-mimelookup.jar:/Users/atalati/vscode-extension/main-repo/javavscode/netbeans/nbbuild/netbeans/platform/core/org-openide-filesystems.jar:/Users/atalati/vscode-extension/main-repo/javavscode/netbeans/nbbuild/netbeans/platform/lib/org-openide-util.jar:/Users/atalati/vscode-extension/main-repo/javavscode/netbeans/nbbuild/netbeans/platform/lib/org-openide-util-lookup.jar:/Users/atalati/vscode-extension/main-repo/javavscode/netbeans/nbbuild/netbeans/ide/modules/org-netbeans-modules-editor-util.jar:/Users/atalati/vscode-extension/main-repo/javavscode/netbeans/nbbuild/netbeans/platform/modules/org-netbeans-api-progress.jar:/Users/atalati/vscode-extension/main-repo/javavscode/netbeans/nbbuild/netbeans/platform/lib/org-openide-modules.jar:/Users/atalati/vscode-extension/main-repo/javavscode/netbeans/nbbuild/netbeans/platform/lib/org-openide-util-ui.jar:/Users/atalati/vscode-extension/main-repo/javavscode/netbeans/nbbuild/netbeans/platform/modules/org-netbeans-api-progress-nb.jar:/Users/atalati/vscode-extension/main-repo/javavscode/netbeans/nbbuild/netbeans/platform/modules/org-openide-awt.jar:/Users/atalati/vscode-extension/main-repo/javavscode/netbeans/nbbuild/netbeans/ide/modules/org-netbeans-modules-editor-document.jar:/Users/atalati/vscode-extension/main-repo/javavscode/netbeans/nbbuild/netbeans/ide/modules/org-netbeans-modules-editor-fold.jar:/Users/atalati/vscode-extension/main-repo/javavscode/netbeans/nbbuild/netbeans/ide/modules/org-netbeans-modules-editor-settings.jar:/Users/atalati/vscode-extension/main-repo/javavscode/netbeans/nbbuild/netbeans/ide/modules/org-netbeans-modules-lexer.jar:/Users/atalati/vscode-extension/main-repo/javavscode/netbeans/nbbuild/netbeans/ide/modules/org-netbeans-modules-editor-settings-lib.jar:/Users/atalati/vscode-extension/main-repo/javavscode/netbeans/nbbuild/netbeans/ide/modules/org-netbeans-modules-editor-fold-nbui.jar:/Users/atalati/vscode-extension/main-repo/javavscode/netbeans/nbbuild/netbeans/ide/modules/org-netbeans-modules-editor-lib.jar:/Users/atalati/vscode-extension/main-repo/javavscode/netbeans/nbbuild/netbeans/ide/modules/org-netbeans-modules-editor-guards.jar:/Users/atalati/vscode-extension/main-repo/javavscode/netbeans/nbbuild/netbeans/ide/modules/org-netbeans-modules-editor-indent.jar:/Users/atalati/vscode-extension/main-repo/javavscode/netbeans/nbbuild/netbeans/ide/modules/org-netbeans-modules-editor-lib2.jar:/Users/atalati/vscode-extension/main-repo/javavscode/netbeans/nbbuild/netbeans/platform/modules/org-openide-dialogs.jar:/Users/atalati/vscode-extension/main-repo/javavscode/netbeans/nbbuild/netbeans/ide/modules/org-netbeans-modules-editor-settings-storage.jar:/Users/atalati/vscode-extension/main-repo/javavscode/netbeans/nbbuild/netbeans/platform/modules/org-openide-filesystems-nb.jar:/Users/atalati/vscode-extension/main-repo/javavscode/netbeans/nbbuild/netbeans/platform/modules/org-netbeans-modules-options-keymap.jar:/Users/atalati/vscode-extension/main-repo/javavscode/netbeans/nbbuild/netbeans/platform/modules/org-netbeans-modules-options-api.jar:/Users/atalati/vscode-extension/main-repo/javavscode/netbeans/nbbuild/netbeans/platform/modules/org-netbeans-core.jar:/Users/atalati/vscode-extension/main-repo/javavscode/netbeans/nbbuild/netbeans/platform/lib/boot.jar:/Users/atalati/vscode-extension/main-repo/javavscode/netbeans/nbbuild/netbeans/platform/core/core.jar:/Users/atalati/vscode-extension/main-repo/javavscode/netbeans/nbbuild/netbeans/platform/core/org-netbeans-libs-asm.jar:/Users/atalati/vscode-extension/main-repo/javavscode/netbeans/platform/libs.asm/external/asm-9.6.jar:/Users/atalati/vscode-extension/main-repo/javavscode/netbeans/nbbuild/netbeans/platform/core/asm-9.6.jar:/Users/atalati/vscode-extension/main-repo/javavscode/netbeans/platform/libs.asm/external/asm-tree-9.6.jar:/Users/atalati/vscode-extension/main-repo/javavscode/netbeans/nbbuild/netbeans/platform/core/asm-tree-9.6.jar:/Users/atalati/vscode-extension/main-repo/javavscode/netbeans/platform/libs.asm/external/asm-commons-9.6.jar:/Users/atalati/vscode-extension/main-repo/javavscode/netbeans/nbbuild/netbeans/platform/core/asm-commons-9.6.jar:/Users/atalati/vscode-extension/main-repo/javavscode/netbeans/nbbuild/netbeans/platform/core/core-base.jar:/Users/atalati/vscode-extension/main-repo/javavscode/netbeans/nbbuild/netbeans/platform/modules/org-netbeans-modules-keyring.jar:/Users/atalati/vscode-extension/main-repo/javavscode/netbeans/nbbuild/netbeans/platform/modules/org-netbeans-modules-sampler.jar:/Users/atalati/vscode-extension/main-repo/javavscode/netbeans/nbbuild/netbeans/platform/modules/org-netbeans-swing-plaf.jar:/Users/atalati/vscode-extension/main-repo/javavscode/netbeans/nbbuild/netbeans/platform/modules/org-openide-actions.jar:/Users/atalati/vscode-extension/main-repo/javavscode/netbeans/nbbuild/netbeans/platform/modules/org-openide-explorer.jar:/Users/atalati/vscode-extension/main-repo/javavscode/netbeans/nbbuild/netbeans/platform/modules/org-netbeans-swing-outline.jar:/Users/atalati/vscode-extension/main-repo/javavscode/netbeans/nbbuild/netbeans/platform/modules/org-netbeans-swing-tabcontrol.jar:/Users/atalati/vscode-extension/main-repo/javavscode/netbeans/nbbuild/netbeans/platform/modules/org-openide-windows.jar:/Users/atalati/vscode-extension/main-repo/javavscode/netbeans/nbbuild/netbeans/platform/modules/org-openide-nodes.jar:/Users/atalati/vscode-extension/main-repo/javavscode/netbeans/nbbuild/netbeans/platform/modules/org-openide-text.jar:/Users/atalati/vscode-extension/main-repo/javavscode/netbeans/nbbuild/netbeans/platform/modules/org-openide-io.jar:/Users/atalati/vscode-extension/main-repo/javavscode/netbeans/nbbuild/netbeans/platform/modules/org-netbeans-api-intent.jar:/Users/atalati/vscode-extension/main-repo/javavscode/netbeans/nbbuild/netbeans/platform/modules/org-netbeans-api-io.jar:/Users/atalati/vscode-extension/main-repo/javavscode/netbeans/nbbuild/netbeans/platform/modules/org-openide-loaders.jar:/Users/atalati/vscode-extension/main-repo/javavscode/netbeans/nbbuild/netbeans/platform/modules/org-netbeans-api-scripting.jar:/Users/atalati/vscode-extension/main-repo/javavscode/netbeans/nbbuild/netbeans/platform/modules/org-netbeans-api-templates.jar:/Users/atalati/vscode-extension/main-repo/javavscode/netbeans/nbbuild/netbeans/platform/modules/org-netbeans-modules-queries.jar:/Users/atalati/vscode-extension/main-repo/javavscode/netbeans/nbbuild/netbeans/platform/modules/org-netbeans-spi-quicksearch.jar:/Users/atalati/vscode-extension/main-repo/javavscode/netbeans/nbbuild/netbeans/ide/modules/org-netbeans-modules-editor-document.jar:/Users/atalati/vscode-extension/main-repo/javavscode/netbeans/nbbuild/netbeans/platform/modules/org-netbeans-api-annotations-common.jar:/Users/atalati/vscode-extension/main-repo/javavscode/netbeans/nbbuild/netbeans/platform/modules/org-netbeans-modules-editor-mimelookup.jar:/Users/atalati/vscode-extension/main-repo/javavscode/netbeans/nbbuild/netbeans/platform/core/org-openide-filesystems.jar:/Users/atalati/vscode-extension/main-repo/javavscode/netbeans/nbbuild/netbeans/platform/lib/org-openide-util.jar:/Users/atalati/vscode-extension/main-repo/javavscode/netbeans/nbbuild/netbeans/platform/lib/org-openide-util-lookup.jar:/Users/atalati/vscode-extension/main-repo/javavscode/netbeans/nbbuild/netbeans/ide/modules/org-netbeans-modules-editor-util.jar:/Users/atalati/vscode-extension/main-repo/javavscode/netbeans/nbbuild/netbeans/ide/modules/org-netbeans-modules-editor-errorstripe-api.jar:/Users/atalati/vscode-extension/main-repo/javavscode/netbeans/nbbuild/netbeans/platform/modules/org-netbeans-modules-editor-mimelookup.jar:/Users/atalati/vscode-extension/main-repo/javavscode/netbeans/nbbuild/netbeans/platform/core/org-openide-filesystems.jar:/Users/atalati/vscode-extension/main-repo/javavscode/netbeans/nbbuild/netbeans/platform/lib/org-openide-util.jar:/Users/atalati/vscode-extension/main-repo/javavscode/netbeans/nbbuild/netbeans/platform/lib/org-openide-util-lookup.jar:/Users/atalati/vscode-extension/main-repo/javavscode/netbeans/nbbuild/netbeans/ide/modules/org-netbeans-modules-editor-lib.jar:/Users/atalati/vscode-extension/main-repo/javavscode/netbeans/nbbuild/netbeans/platform/modules/org-netbeans-api-annotations-common.jar:/Users/atalati/vscode-extension/main-repo/javavscode/netbeans/nbbuild/netbeans/platform/modules/org-netbeans-api-progress.jar:/Users/atalati/vscode-extension/main-repo/javavscode/netbeans/nbbuild/netbeans/platform/lib/org-openide-modules.jar:/Users/atalati/vscode-extension/main-repo/javavscode/netbeans/nbbuild/netbeans/platform/lib/org-openide-util-ui.jar:/Users/atalati/vscode-extension/main-repo/javavscode/netbeans/nbbuild/netbeans/platform/lib/org-openide-util.jar:/Users/atalati/vscode-extension/main-repo/javavscode/netbeans/nbbuild/netbeans/platform/lib/org-openide-util-lookup.jar:/Users/atalati/vscode-extension/main-repo/javavscode/netbeans/nbbuild/netbeans/platform/modules/org-netbeans-api-progress-nb.jar:/Users/atalati/vscode-extension/main-repo/javavscode/netbeans/nbbuild/netbeans/platform/modules/org-openide-awt.jar:/Users/atalati/vscode-extension/main-repo/javavscode/netbeans/nbbuild/netbeans/platform/core/org-openide-filesystems.jar:/Users/atalati/vscode-extension/main-repo/javavscode/netbeans/nbbuild/netbeans/ide/modules/org-netbeans-modules-editor-document.jar:/Users/atalati/vscode-extension/main-repo/javavscode/netbeans/nbbuild/netbeans/platform/modules/org-netbeans-modules-editor-mimelookup.jar:/Users/atalati/vscode-extension/main-repo/javavscode/netbeans/nbbuild/netbeans/ide/modules/org-netbeans-modules-editor-util.jar:/Users/atalati/vscode-extension/main-repo/javavscode/netbeans/nbbuild/netbeans/ide/modules/org-netbeans-modules-editor-fold.jar:/Users/atalati/vscode-extension/main-repo/javavscode/netbeans/nbbuild/netbeans/ide/modules/org-netbeans-modules-editor-settings.jar:/Users/atalati/vscode-extension/main-repo/javavscode/netbeans/nbbuild/netbeans/ide/modules/org-netbeans-modules-lexer.jar:/Users/atalati/vscode-extension/main-repo/javavscode/netbeans/nbbuild/netbeans/ide/modules/org-netbeans-modules-editor-settings-lib.jar:/Users/atalati/vscode-extension/main-repo/javavscode/netbeans/nbbuild/netbeans/ide/modules/org-netbeans-modules-editor-guards.jar:/Users/atalati/vscode-extension/main-repo/javavscode/netbeans/nbbuild/netbeans/ide/modules/org-netbeans-modules-editor-indent.jar:/Users/atalati/vscode-extension/main-repo/javavscode/netbeans/nbbuild/netbeans/ide/modules/org-netbeans-modules-editor-lib2.jar:/Users/atalati/vscode-extension/main-repo/javavscode/netbeans/nbbuild/netbeans/platform/modules/org-openide-dialogs.jar:/Users/atalati/vscode-extension/main-repo/javavscode/netbeans/nbbuild/netbeans/ide/modules/org-netbeans-modules-editor-lib2.jar:/Users/atalati/vscode-extension/main-repo/javavscode/netbeans/nbbuild/netbeans/platform/modules/org-netbeans-api-annotations-common.jar:/Users/atalati/vscode-extension/main-repo/javavscode/netbeans/nbbuild/netbeans/ide/modules/org-netbeans-modules-editor-document.jar:/Users/atalati/vscode-extension/main-repo/javavscode/netbeans/nbbuild/netbeans/platform/modules/org-netbeans-modules-editor-mimelookup.jar:/Users/atalati/vscode-extension/main-repo/javavscode/netbeans/nbbuild/netbeans/platform/core/org-openide-filesystems.jar:/Users/atalati/vscode-extension/main-repo/javavscode/netbeans/nbbuild/netbeans/platform/lib/org-openide-util.jar:/Users/atalati/vscode-extension/main-repo/javavscode/netbeans/nbbuild/netbeans/platform/lib/org-openide-util-lookup.jar:/Users/atalati/vscode-extension/main-repo/javavscode/netbeans/nbbuild/netbeans/ide/modules/org-netbeans-modules-editor-util.jar:/Users/atalati/vscode-extension/main-repo/javavscode/netbeans/nbbuild/netbeans/ide/modules/org-netbeans-modules-editor-settings.jar:/Users/atalati/vscode-extension/main-repo/javavscode/netbeans/nbbuild/netbeans/platform/lib/org-openide-modules.jar:/Users/atalati/vscode-extension/main-repo/javavscode/netbeans/nbbuild/netbeans/platform/lib/org-openide-util-ui.jar:/Users/atalati/vscode-extension/main-repo/javavscode/netbeans/nbbuild/netbeans/ide/modules/org-netbeans-modules-lexer.jar:/Users/atalati/vscode-extension/main-repo/javavscode/netbeans/nbbuild/netbeans/platform/modules/org-openide-awt.jar:/Users/atalati/vscode-extension/main-repo/javavscode/netbeans/nbbuild/netbeans/platform/modules/org-openide-dialogs.jar:/Users/atalati/vscode-extension/main-repo/javavscode/netbeans/nbbuild/netbeans/platform/modules/org-netbeans-api-progress.jar:/Users/atalati/vscode-extension/main-repo/javavscode/netbeans/nbbuild/netbeans/platform/modules/org-netbeans-api-progress-nb.jar:/Users/atalati/vscode-extension/main-repo/javavscode/netbeans/nbbuild/netbeans/platform/modules/org-netbeans-modules-editor-mimelookup.jar:/Users/atalati/vscode-extension/main-repo/javavscode/netbeans/nbbuild/netbeans/platform/core/org-openide-filesystems.jar:/Users/atalati/vscode-extension/main-repo/javavscode/netbeans/nbbuild/netbeans/platform/lib/org-openide-util.jar:/Users/atalati/vscode-extension/main-repo/javavscode/netbeans/nbbuild/netbeans/platform/lib/org-openide-util-lookup.jar:/Users/atalati/vscode-extension/main-repo/javavscode/netbeans/nbbuild/netbeans/ide/modules/org-netbeans-modules-editor-settings.jar:/Users/atalati/vscode-extension/main-repo/javavscode/netbeans/nbbuild/netbeans/platform/lib/org-openide-modules.jar:/Users/atalati/vscode-extension/main-repo/javavscode/netbeans/nbbuild/netbeans/platform/lib/org-openide-util-ui.jar:/Users/atalati/vscode-extension/main-repo/javavscode/netbeans/nbbuild/netbeans/platform/lib/org-openide-util.jar:/Users/atalati/vscode-extension/main-repo/javavscode/netbeans/nbbuild/netbeans/platform/lib/org-openide-util-lookup.jar:/Users/atalati/vscode-extension/main-repo/javavscode/netbeans/nbbuild/netbeans/ide/modules/org-netbeans-modules-editor-tools-storage.jar:/Users/atalati/vscode-extension/main-repo/javavscode/netbeans/nbbuild/netbeans/platform/modules/org-netbeans-api-annotations-common.jar:/Users/atalati/vscode-extension/main-repo/javavscode/netbeans/nbbuild/netbeans/ide/modules/org-netbeans-modules-editor-lib.jar:/Users/atalati/vscode-extension/main-repo/javavscode/netbeans/nbbuild/netbeans/platform/modules/org-netbeans-api-progress.jar:/Users/atalati/vscode-extension/main-repo/javavscode/netbeans/nbbuild/netbeans/platform/lib/org-openide-modules.jar:/Users/atalati/vscode-extension/main-repo/javavscode/netbeans/nbbuild/netbeans/platform/lib/org-openide-util-ui.jar:/Users/atalati/vscode-extension/main-repo/javavscode/netbeans/nbbuild/netbeans/platform/lib/org-openide-util.jar:/Users/atalati/vscode-extension/main-repo/javavscode/netbeans/nbbuild/netbeans/platform/lib/org-openide-util-lookup.jar:/Users/atalati/vscode-extension/main-repo/javavscode/netbeans/nbbuild/netbeans/platform/modules/org-netbeans-api-progress-nb.jar:/Users/atalati/vscode-extension/main-repo/javavscode/netbeans/nbbuild/netbeans/platform/modules/org-openide-awt.jar:/Users/atalati/vscode-extension/main-repo/javavscode/netbeans/nbbuild/netbeans/platform/core/org-openide-filesystems.jar:/Users/atalati/vscode-extension/main-repo/javavscode/netbeans/nbbuild/netbeans/ide/modules/org-netbeans-modules-editor-document.jar:/Users/atalati/vscode-extension/main-repo/javavscode/netbeans/nbbuild/netbeans/platform/modules/org-netbeans-modules-editor-mimelookup.jar:/Users/atalati/vscode-extension/main-repo/javavscode/netbeans/nbbuild/netbeans/ide/modules/org-netbeans-modules-editor-util.jar:/Users/atalati/vscode-extension/main-repo/javavscode/netbeans/nbbuild/netbeans/ide/modules/org-netbeans-modules-editor-fold.jar:/Users/atalati/vscode-extension/main-repo/javavscode/netbeans/nbbuild/netbeans/ide/modules/org-netbeans-modules-editor-settings.jar:/Users/atalati/vscode-extension/main-repo/javavscode/netbeans/nbbuild/netbeans/ide/modules/org-netbeans-modules-lexer.jar:/Users/atalati/vscode-extension/main-repo/javavscode/netbeans/nbbuild/netbeans/ide/modules/org-netbeans-modules-editor-settings-lib.jar:/Users/atalati/vscode-extension/main-repo/javavscode/netbeans/nbbuild/netbeans/ide/modules/org-netbeans-modules-editor-guards.jar:/Users/atalati/vscode-extension/main-repo/javavscode/netbeans/nbbuild/netbeans/ide/modules/org-netbeans-modules-editor-indent.jar:/Users/atalati/vscode-extension/main-repo/javavscode/netbeans/nbbuild/netbeans/ide/modules/org-netbeans-modules-editor-lib2.jar:/Users/atalati/vscode-extension/main-repo/javavscode/netbeans/nbbuild/netbeans/platform/modules/org-openide-dialogs.jar:/Users/atalati/vscode-extension/main-repo/javavscode/netbeans/nbbuild/netbeans/platform/modules/org-netbeans-modules-options-api.jar:/Users/atalati/vscode-extension/main-repo/javavscode/netbeans/nbbuild/netbeans/platform/modules/org-netbeans-core.jar:/Users/atalati/vscode-extension/main-repo/javavscode/netbeans/nbbuild/netbeans/platform/lib/boot.jar:/Users/atalati/vscode-extension/main-repo/javavscode/netbeans/nbbuild/netbeans/platform/core/core.jar:/Users/atalati/vscode-extension/main-repo/javavscode/netbeans/nbbuild/netbeans/platform/core/org-netbeans-libs-asm.jar:/Users/atalati/vscode-extension/main-repo/javavscode/netbeans/platform/libs.asm/external/asm-9.6.jar:/Users/atalati/vscode-extension/main-repo/javavscode/netbeans/nbbuild/netbeans/platform/core/asm-9.6.jar:/Users/atalati/vscode-extension/main-repo/javavscode/netbeans/platform/libs.asm/external/asm-tree-9.6.jar:/Users/atalati/vscode-extension/main-repo/javavscode/netbeans/nbbuild/netbeans/platform/core/asm-tree-9.6.jar:/Users/atalati/vscode-extension/main-repo/javavscode/netbeans/platform/libs.asm/external/asm-commons-9.6.jar:/Users/atalati/vscode-extension/main-repo/javavscode/netbeans/nbbuild/netbeans/platform/core/asm-commons-9.6.jar:/Users/atalati/vscode-extension/main-repo/javavscode/netbeans/nbbuild/netbeans/platform/core/core-base.jar:/Users/atalati/vscode-extension/main-repo/javavscode/netbeans/nbbuild/netbeans/platform/modules/org-netbeans-modules-keyring.jar:/Users/atalati/vscode-extension/main-repo/javavscode/netbeans/nbbuild/netbeans/platform/modules/org-netbeans-modules-sampler.jar:/Users/atalati/vscode-extension/main-repo/javavscode/netbeans/nbbuild/netbeans/platform/modules/org-netbeans-swing-plaf.jar:/Users/atalati/vscode-extension/main-repo/javavscode/netbeans/nbbuild/netbeans/platform/modules/org-openide-actions.jar:/Users/atalati/vscode-extension/main-repo/javavscode/netbeans/nbbuild/netbeans/platform/modules/org-openide-explorer.jar:/Users/atalati/vscode-extension/main-repo/javavscode/netbeans/nbbuild/netbeans/platform/modules/org-netbeans-swing-outline.jar:/Users/atalati/vscode-extension/main-repo/javavscode/netbeans/nbbuild/netbeans/platform/modules/org-netbeans-swing-tabcontrol.jar:/Users/atalati/vscode-extension/main-repo/javavscode/netbeans/nbbuild/netbeans/platform/modules/org-openide-windows.jar:/Users/atalati/vscode-extension/main-repo/javavscode/netbeans/nbbuild/netbeans/platform/modules/org-openide-nodes.jar:/Users/atalati/vscode-extension/main-repo/javavscode/netbeans/nbbuild/netbeans/platform/modules/org-openide-text.jar:/Users/atalati/vscode-extension/main-repo/javavscode/netbeans/nbbuild/netbeans/platform/modules/org-openide-io.jar:/Users/atalati/vscode-extension/main-repo/javavscode/netbeans/nbbuild/netbeans/platform/modules/org-netbeans-api-intent.jar:/Users/atalati/vscode-extension/main-repo/javavscode/netbeans/nbbuild/netbeans/platform/modules/org-netbeans-api-io.jar:/Users/atalati/vscode-extension/main-repo/javavscode/netbeans/nbbuild/netbeans/platform/modules/org-openide-loaders.jar:/Users/atalati/vscode-extension/main-repo/javavscode/netbeans/nbbuild/netbeans/platform/modules/org-netbeans-api-scripting.jar:/Users/atalati/vscode-extension/main-repo/javavscode/netbeans/nbbuild/netbeans/platform/modules/org-netbeans-api-templates.jar:/Users/atalati/vscode-extension/main-repo/javavscode/netbeans/nbbuild/netbeans/platform/modules/org-netbeans-modules-queries.jar:/Users/atalati/vscode-extension/main-repo/javavscode/netbeans/nbbuild/netbeans/platform/modules/org-openide-filesystems-nb.jar:/Users/atalati/vscode-extension/main-repo/javavscode/netbeans/nbbuild/netbeans/platform/modules/org-netbeans-spi-quicksearch.jar:/Users/atalati/vscode-extension/main-repo/javavscode/netbeans/nbbuild/netbeans/ide/modules/org-netbeans-modules-projectapi.jar:/Users/atalati/vscode-extension/main-repo/javavscode/netbeans/nbbuild/netbeans/ide/modules/org-netbeans-modules-projectuiapi.jar:/Users/atalati/vscode-extension/main-repo/javavscode/netbeans/nbbuild/netbeans/ide/modules/org-netbeans-modules-projectuiapi-base.jar:/Users/atalati/vscode-extension/main-repo/javavscode/netbeans/nbbuild/netbeans/ide/modules/org-netbeans-modules-editor-util.jar:/Users/atalati/vscode-extension/main-repo/javavscode/netbeans/nbbuild/netbeans/platform/lib/org-openide-util.jar:/Users/atalati/vscode-extension/main-repo/javavscode/netbeans/nbbuild/netbeans/platform/lib/org-openide-util-lookup.jar:/Users/atalati/vscode-extension/main-repo/javavscode/netbeans/nbbuild/netbeans/java/modules/org-netbeans-modules-java-completion.jar:/Users/atalati/vscode-extension/main-repo/javavscode/netbeans/nbbuild/netbeans/platform/modules/org-netbeans-api-annotations-common.jar:/Users/atalati/vscode-extension/main-repo/javavscode/netbeans/nbbuild/netbeans/ide/modules/org-netbeans-api-java-classpath.jar:/Users/atalati/vscode-extension/main-repo/javavscode/netbeans/nbbuild/netbeans/platform/core/org-openide-filesystems.jar:/Users/atalati/vscode-extension/main-repo/javavscode/netbeans/nbbuild/netbeans/platform/lib/org-openide-util.jar:/Users/atalati/vscode-extension/main-repo/javavscode/netbeans/nbbuild/netbeans/platform/lib/org-openide-util-lookup.jar:/Users/atalati/vscode-extension/main-repo/javavscode/netbeans/nbbuild/netbeans/java/modules/org-netbeans-libs-javacapi.jar:/Users/atalati/vscode-extension/main-repo/javavscode/netbeans/java/libs.javacapi/external/nb-javac-jdk-22+33-api.jar:/Users/atalati/vscode-extension/main-repo/javavscode/netbeans/java/libs.javacapi/external/nb-javac-jdk-22+33.jar:/Users/atalati/vscode-extension/main-repo/javavscode/netbeans/nbbuild/netbeans/platform/modules/org-netbeans-modules-editor-mimelookup.jar:/Users/atalati/vscode-extension/main-repo/javavscode/netbeans/nbbuild/netbeans/java/modules/org-netbeans-modules-java-lexer.jar:/Users/atalati/vscode-extension/main-repo/javavscode/netbeans/nbbuild/netbeans/ide/modules/org-netbeans-modules-lexer.jar:/Users/atalati/vscode-extension/main-repo/javavscode/netbeans/nbbuild/netbeans/ide/modules/org-netbeans-modules-editor-util.jar:/Users/atalati/vscode-extension/main-repo/javavscode/netbeans/nbbuild/netbeans/platform/lib/org-openide-util-ui.jar:/Users/atalati/vscode-extension/main-repo/javavscode/netbeans/nbbuild/netbeans/java/modules/org-netbeans-modules-java-source-base.jar:/Users/atalati/vscode-extension/main-repo/javavscode/netbeans/nbbuild/netbeans/java/modules/org-netbeans-api-java.jar:/Users/atalati/vscode-extension/main-repo/javavscode/netbeans/nbbuild/netbeans/platform/lib/org-openide-modules.jar:/Users/atalati/vscode-extension/main-repo/javavscode/netbeans/nbbuild/netbeans/platform/modules/org-netbeans-api-progress.jar:/Users/atalati/vscode-extension/main-repo/javavscode/netbeans/nbbuild/netbeans/platform/modules/org-netbeans-api-scripting.jar:/Users/atalati/vscode-extension/main-repo/javavscode/netbeans/nbbuild/netbeans/java/modules/org-netbeans-lib-nbjavac.jar:/Users/atalati/vscode-extension/main-repo/javavscode/netbeans/nbbuild/netbeans/platform/core/org-netbeans-libs-asm.jar:/Users/atalati/vscode-extension/main-repo/javavscode/netbeans/platform/libs.asm/external/asm-9.6.jar:/Users/atalati/vscode-extension/main-repo/javavscode/netbeans/nbbuild/netbeans/platform/core/asm-9.6.jar:/Users/atalati/vscode-extension/main-repo/javavscode/netbeans/platform/libs.asm/external/asm-tree-9.6.jar:/Users/atalati/vscode-extension/main-repo/javavscode/netbeans/nbbuild/netbeans/platform/core/asm-tree-9.6.jar:/Users/atalati/vscode-extension/main-repo/javavscode/netbeans/platform/libs.asm/external/asm-commons-9.6.jar:/Users/atalati/vscode-extension/main-repo/javavscode/netbeans/nbbuild/netbeans/platform/core/asm-commons-9.6.jar:/Users/atalati/vscode-extension/main-repo/javavscode/netbeans/nbbuild/netbeans/ide/modules/org-netbeans-libs-lucene.jar:/Users/atalati/vscode-extension/main-repo/javavscode/netbeans/ide/libs.lucene/external/lucene-core-3.6.2.jar:/Users/atalati/vscode-extension/main-repo/javavscode/netbeans/nbbuild/netbeans/ide/modules/ext/lucene-core-3.6.2.jar:/Users/atalati/vscode-extension/main-repo/javavscode/netbeans/nbbuild/netbeans/java/modules/org-netbeans-modules-classfile.jar:/Users/atalati/vscode-extension/main-repo/javavscode/netbeans/nbbuild/netbeans/ide/modules/org-netbeans-modules-editor-document.jar:/Users/atalati/vscode-extension/main-repo/javavscode/netbeans/nbbuild/netbeans/ide/modules/org-netbeans-modules-editor-guards.jar:/Users/atalati/vscode-extension/main-repo/javavscode/netbeans/nbbuild/netbeans/ide/modules/org-netbeans-modules-editor-indent.jar:/Users/atalati/vscode-extension/main-repo/javavscode/netbeans/nbbuild/netbeans/ide/modules/org-netbeans-modules-editor-settings.jar:/Users/atalati/vscode-extension/main-repo/javavscode/netbeans/nbbuild/netbeans/java/modules/org-netbeans-modules-java-platform.jar:/Users/atalati/vscode-extension/main-repo/javavscode/netbeans/nbbuild/netbeans/java/modules/org-netbeans-modules-java-preprocessorbridge.jar:/Users/atalati/vscode-extension/main-repo/javavscode/netbeans/nbbuild/netbeans/ide/modules/org-netbeans-modules-parsing-api.jar:/Users/atalati/vscode-extension/main-repo/javavscode/netbeans/nbbuild/netbeans/ide/modules/org-netbeans-modules-parsing-lucene.jar:/Users/atalati/vscode-extension/main-repo/javavscode/netbeans/nbbuild/netbeans/platform/modules/org-netbeans-modules-masterfs.jar:/Users/atalati/vscode-extension/main-repo/javavscode/netbeans/nbbuild/netbeans/platform/modules/org-netbeans-modules-queries.jar:/Users/atalati/vscode-extension/main-repo/javavscode/netbeans/nbbuild/netbeans/ide/modules/org-netbeans-modules-projectapi.jar:/Users/atalati/vscode-extension/main-repo/javavscode/netbeans/nbbuild/netbeans/ide/modules/org-netbeans-modules-parsing-indexing.jar:/Users/atalati/vscode-extension/main-repo/javavscode/netbeans/nbbuild/netbeans/ide/modules/org-netbeans-modules-project-indexingbridge.jar:/Users/atalati/vscode-extension/main-repo/javavscode/netbeans/nbbuild/netbeans/ide/modules/org-netbeans-modules-projectuiapi-base.jar:/Users/atalati/vscode-extension/main-repo/javavscode/netbeans/nbbuild/netbeans/platform/modules/org-openide-explorer.jar:/Users/atalati/vscode-extension/main-repo/javavscode/netbeans/nbbuild/netbeans/platform/modules/org-netbeans-swing-outline.jar:/Users/atalati/vscode-extension/main-repo/javavscode/netbeans/nbbuild/netbeans/platform/modules/org-netbeans-swing-tabcontrol.jar:/Users/atalati/vscode-extension/main-repo/javavscode/netbeans/nbbuild/netbeans/platform/modules/org-openide-awt.jar:/Users/atalati/vscode-extension/main-repo/javavscode/netbeans/nbbuild/netbeans/platform/modules/org-openide-windows.jar:/Users/atalati/vscode-extension/main-repo/javavscode/netbeans/nbbuild/netbeans/platform/modules/org-openide-nodes.jar:/Users/atalati/vscode-extension/main-repo/javavscode/netbeans/nbbuild/netbeans/platform/modules/org-openide-dialogs.jar:/Users/atalati/vscode-extension/main-repo/javavscode/netbeans/nbbuild/netbeans/platform/modules/org-netbeans-api-progress-nb.jar:/Users/atalati/vscode-extension/main-repo/javavscode/netbeans/nbbuild/netbeans/ide/modules/org-netbeans-spi-tasklist.jar:/Users/atalati/vscode-extension/main-repo/javavscode/netbeans/nbbuild/netbeans/ide/modules/org-netbeans-modules-refactoring-api.jar:/Users/atalati/vscode-extension/main-repo/javavscode/netbeans/nbbuild/netbeans/ide/modules/org-netbeans-modules-diff.jar:/Users/atalati/vscode-extension/main-repo/javavscode/netbeans/nbbuild/netbeans/ide/modules/org-netbeans-modules-editor-errorstripe.jar:/Users/atalati/vscode-extension/main-repo/javavscode/netbeans/nbbuild/netbeans/ide/modules/org-netbeans-modules-editor-errorstripe-api.jar:/Users/atalati/vscode-extension/main-repo/javavscode/netbeans/nbbuild/netbeans/ide/modules/org-netbeans-modules-editor-fold.jar:/Users/atalati/vscode-extension/main-repo/javavscode/netbeans/nbbuild/netbeans/ide/modules/org-netbeans-modules-editor-settings-lib.jar:/Users/atalati/vscode-extension/main-repo/javavscode/netbeans/nbbuild/netbeans/ide/modules/org-netbeans-modules-editor-lib.jar:/Users/atalati/vscode-extension/main-repo/javavscode/netbeans/nbbuild/netbeans/ide/modules/org-netbeans-modules-editor-lib2.jar:/Users/atalati/vscode-extension/main-repo/javavscode/netbeans/nbbuild/netbeans/platform/modules/org-openide-loaders.jar:/Users/atalati/vscode-extension/main-repo/javavscode/netbeans/nbbuild/netbeans/platform/modules/org-netbeans-api-templates.jar:/Users/atalati/vscode-extension/main-repo/javavscode/netbeans/nbbuild/netbeans/platform/modules/org-openide-actions.jar:/Users/atalati/vscode-extension/main-repo/javavscode/netbeans/nbbuild/netbeans/platform/modules/org-openide-text.jar:/Users/atalati/vscode-extension/main-repo/javavscode/netbeans/nbbuild/netbeans/platform/modules/org-openide-filesystems-nb.jar:/Users/atalati/vscode-extension/main-repo/javavscode/netbeans/nbbuild/netbeans/platform/modules/org-netbeans-modules-options-api.jar:/Users/atalati/vscode-extension/main-repo/javavscode/netbeans/nbbuild/netbeans/platform/modules/org-netbeans-core.jar:/Users/atalati/vscode-extension/main-repo/javavscode/netbeans/nbbuild/netbeans/platform/lib/boot.jar:/Users/atalati/vscode-extension/main-repo/javavscode/netbeans/nbbuild/netbeans/platform/core/core.jar:/Users/atalati/vscode-extension/main-repo/javavscode/netbeans/nbbuild/netbeans/platform/core/core-base.jar:/Users/atalati/vscode-extension/main-repo/javavscode/netbeans/nbbuild/netbeans/platform/modules/org-netbeans-modules-keyring.jar:/Users/atalati/vscode-extension/main-repo/javavscode/netbeans/nbbuild/netbeans/platform/modules/org-netbeans-modules-sampler.jar:/Users/atalati/vscode-extension/main-repo/javavscode/netbeans/nbbuild/netbeans/platform/modules/org-netbeans-swing-plaf.jar:/Users/atalati/vscode-extension/main-repo/javavscode/netbeans/nbbuild/netbeans/platform/modules/org-openide-io.jar:/Users/atalati/vscode-extension/main-repo/javavscode/netbeans/nbbuild/netbeans/platform/modules/org-netbeans-api-intent.jar:/Users/atalati/vscode-extension/main-repo/javavscode/netbeans/nbbuild/netbeans/platform/modules/org-netbeans-api-io.jar:/Users/atalati/vscode-extension/main-repo/javavscode/netbeans/nbbuild/netbeans/platform/modules/org-netbeans-spi-quicksearch.jar:/Users/atalati/vscode-extension/main-repo/javavscode/netbeans/nbbuild/netbeans/ide/modules/org-netbeans-modules-options-editor.jar:/Users/atalati/vscode-extension/main-repo/javavscode/netbeans/nbbuild/netbeans/ide/modules/org-netbeans-modules-editor.jar:/Users/atalati/vscode-extension/main-repo/javavscode/netbeans/nbbuild/netbeans/ide/modules/org-netbeans-api-lsp.jar:/Users/atalati/vscode-extension/main-repo/javavscode/netbeans/nbbuild/netbeans/ide/modules/org-netbeans-modules-editor-fold-nbui.jar:/Users/atalati/vscode-extension/main-repo/javavscode/netbeans/nbbuild/netbeans/ide/modules/org-netbeans-modules-editor-settings-storage.jar:/Users/atalati/vscode-extension/main-repo/javavscode/netbeans/nbbuild/netbeans/platform/modules/org-netbeans-modules-options-keymap.jar:/Users/atalati/vscode-extension/main-repo/javavscode/netbeans/nbbuild/netbeans/java/modules/org-netbeans-modules-java-editor.jar:/Users/atalati/vscode-extension/main-repo/javavscode/netbeans/nbbuild/netbeans/platform/modules/org-netbeans-api-annotations-common.jar:/Users/atalati/vscode-extension/main-repo/javavscode/netbeans/nbbuild/netbeans/java/modules/org-netbeans-api-java.jar:/Users/atalati/vscode-extension/main-repo/javavscode/netbeans/nbbuild/netbeans/ide/modules/org-netbeans-api-java-classpath.jar:/Users/atalati/vscode-extension/main-repo/javavscode/netbeans/nbbuild/netbeans/platform/core/org-openide-filesystems.jar:/Users/atalati/vscode-extension/main-repo/javavscode/netbeans/nbbuild/netbeans/platform/lib/org-openide-util.jar:/Users/atalati/vscode-extension/main-repo/javavscode/netbeans/nbbuild/netbeans/platform/lib/org-openide-util-lookup.jar:/Users/atalati/vscode-extension/main-repo/javavscode/netbeans/nbbuild/netbeans/platform/lib/org-openide-modules.jar:/Users/atalati/vscode-extension/main-repo/javavscode/netbeans/nbbuild/netbeans/platform/lib/org-openide-util-ui.jar:/Users/atalati/vscode-extension/main-repo/javavscode/netbeans/nbbuild/netbeans/ide/modules/org-netbeans-api-lsp.jar:/Users/atalati/vscode-extension/main-repo/javavscode/netbeans/nbbuild/netbeans/platform/modules/org-netbeans-modules-editor-mimelookup.jar:/Users/atalati/vscode-extension/main-repo/javavscode/netbeans/nbbuild/netbeans/ide/modules/org-netbeans-modules-editor-util.jar:/Users/atalati/vscode-extension/main-repo/javavscode/netbeans/nbbuild/netbeans/platform/modules/org-netbeans-api-progress.jar:/Users/atalati/vscode-extension/main-repo/javavscode/netbeans/nbbuild/netbeans/platform/modules/org-netbeans-api-progress-nb.jar:/Users/atalati/vscode-extension/main-repo/javavscode/netbeans/nbbuild/netbeans/platform/modules/org-openide-awt.jar:/Users/atalati/vscode-extension/main-repo/javavscode/netbeans/nbbuild/netbeans/java/modules/org-netbeans-libs-javacapi.jar:/Users/atalati/vscode-extension/main-repo/javavscode/netbeans/java/libs.javacapi/external/nb-javac-jdk-22+33-api.jar:/Users/atalati/vscode-extension/main-repo/javavscode/netbeans/java/libs.javacapi/external/nb-javac-jdk-22+33.jar:/Users/atalati/vscode-extension/main-repo/javavscode/netbeans/nbbuild/netbeans/ide/modules/org-netbeans-modules-editor.jar:/Users/atalati/vscode-extension/main-repo/javavscode/netbeans/nbbuild/netbeans/ide/modules/org-netbeans-modules-editor-document.jar:/Users/atalati/vscode-extension/main-repo/javavscode/netbeans/nbbuild/netbeans/ide/modules/org-netbeans-modules-editor-fold.jar:/Users/atalati/vscode-extension/main-repo/javavscode/netbeans/nbbuild/netbeans/ide/modules/org-netbeans-modules-editor-settings.jar:/Users/atalati/vscode-extension/main-repo/javavscode/netbeans/nbbuild/netbeans/ide/modules/org-netbeans-modules-lexer.jar:/Users/atalati/vscode-extension/main-repo/javavscode/netbeans/nbbuild/netbeans/ide/modules/org-netbeans-modules-editor-settings-lib.jar:/Users/atalati/vscode-extension/main-repo/javavscode/netbeans/nbbuild/netbeans/ide/modules/org-netbeans-modules-editor-fold-nbui.jar:/Users/atalati/vscode-extension/main-repo/javavscode/netbeans/nbbuild/netbeans/ide/modules/org-netbeans-modules-editor-lib.jar:/Users/atalati/vscode-extension/main-repo/javavscode/netbeans/nbbuild/netbeans/ide/modules/org-netbeans-modules-editor-guards.jar:/Users/atalati/vscode-extension/main-repo/javavscode/netbeans/nbbuild/netbeans/ide/modules/org-netbeans-modules-editor-indent.jar:/Users/atalati/vscode-extension/main-repo/javavscode/netbeans/nbbuild/netbeans/ide/modules/org-netbeans-modules-editor-lib2.jar:/Users/atalati/vscode-extension/main-repo/javavscode/netbeans/nbbuild/netbeans/platform/modules/org-openide-dialogs.jar:/Users/atalati/vscode-extension/main-repo/javavscode/netbeans/nbbuild/netbeans/ide/modules/org-netbeans-modules-editor-settings-storage.jar:/Users/atalati/vscode-extension/main-repo/javavscode/netbeans/nbbuild/netbeans/platform/modules/org-openide-filesystems-nb.jar:/Users/atalati/vscode-extension/main-repo/javavscode/netbeans/nbbuild/netbeans/platform/modules/org-netbeans-modules-options-keymap.jar:/Users/atalati/vscode-extension/main-repo/javavscode/netbeans/nbbuild/netbeans/platform/modules/org-netbeans-modules-options-api.jar:/Users/atalati/vscode-extension/main-repo/javavscode/netbeans/nbbuild/netbeans/platform/modules/org-netbeans-core.jar:/Users/atalati/vscode-extension/main-repo/javavscode/netbeans/nbbuild/netbeans/platform/lib/boot.jar:/Users/atalati/vscode-extension/main-repo/javavscode/netbeans/nbbuild/netbeans/platform/core/core.jar:/Users/atalati/vscode-extension/main-repo/javavscode/netbeans/nbbuild/netbeans/platform/core/org-netbeans-libs-asm.jar:/Users/atalati/vscode-extension/main-repo/javavscode/netbeans/platform/libs.asm/external/asm-9.6.jar:/Users/atalati/vscode-extension/main-repo/javavscode/netbeans/nbbuild/netbeans/platform/core/asm-9.6.jar:/Users/atalati/vscode-extension/main-repo/javavscode/netbeans/platform/libs.asm/external/asm-tree-9.6.jar:/Users/atalati/vscode-extension/main-repo/javavscode/netbeans/nbbuild/netbeans/platform/core/asm-tree-9.6.jar:/Users/atalati/vscode-extension/main-repo/javavscode/netbeans/platform/libs.asm/external/asm-commons-9.6.jar:/Users/atalati/vscode-extension/main-repo/javavscode/netbeans/nbbuild/netbeans/platform/core/asm-commons-9.6.jar:/Users/atalati/vscode-extension/main-repo/javavscode/netbeans/nbbuild/netbeans/platform/core/core-base.jar:/Users/atalati/vscode-extension/main-repo/javavscode/netbeans/nbbuild/netbeans/platform/modules/org-netbeans-modules-keyring.jar:/Users/atalati/vscode-extension/main-repo/javavscode/netbeans/nbbuild/netbeans/platform/modules/org-netbeans-modules-sampler.jar:/Users/atalati/vscode-extension/main-repo/javavscode/netbeans/nbbuild/netbeans/platform/modules/org-netbeans-swing-plaf.jar:/Users/atalati/vscode-extension/main-repo/javavscode/netbeans/nbbuild/netbeans/platform/modules/org-openide-actions.jar:/Users/atalati/vscode-extension/main-repo/javavscode/netbeans/nbbuild/netbeans/platform/modules/org-openide-explorer.jar:/Users/atalati/vscode-extension/main-repo/javavscode/netbeans/nbbuild/netbeans/platform/modules/org-netbeans-swing-outline.jar:/Users/atalati/vscode-extension/main-repo/javavscode/netbeans/nbbuild/netbeans/platform/modules/org-netbeans-swing-tabcontrol.jar:/Users/atalati/vscode-extension/main-repo/javavscode/netbeans/nbbuild/netbeans/platform/modules/org-openide-windows.jar:/Users/atalati/vscode-extension/main-repo/javavscode/netbeans/nbbuild/netbeans/platform/modules/org-openide-nodes.jar:/Users/atalati/vscode-extension/main-repo/javavscode/netbeans/nbbuild/netbeans/platform/modules/org-openide-text.jar:/Users/atalati/vscode-extension/main-repo/javavscode/netbeans/nbbuild/netbeans/platform/modules/org-openide-io.jar:/Users/atalati/vscode-extension/main-repo/javavscode/netbeans/nbbuild/netbeans/platform/modules/org-netbeans-api-intent.jar:/Users/atalati/vscode-extension/main-repo/javavscode/netbeans/nbbuild/netbeans/platform/modules/org-netbeans-api-io.jar:/Users/atalati/vscode-extension/main-repo/javavscode/netbeans/nbbuild/netbeans/platform/modules/org-openide-loaders.jar:/Users/atalati/vscode-extension/main-repo/javavscode/netbeans/nbbuild/netbeans/platform/modules/org-netbeans-api-scripting.jar:/Users/atalati/vscode-extension/main-repo/javavscode/netbeans/nbbuild/netbeans/platform/modules/org-netbeans-api-templates.jar:/Users/atalati/vscode-extension/main-repo/javavscode/netbeans/nbbuild/netbeans/platform/modules/org-netbeans-modules-queries.jar:/Users/atalati/vscode-extension/main-repo/javavscode/netbeans/nbbuild/netbeans/platform/modules/org-netbeans-spi-quicksearch.jar:/Users/atalati/vscode-extension/main-repo/javavscode/netbeans/nbbuild/netbeans/ide/modules/org-netbeans-modules-editor-bracesmatching.jar:/Users/atalati/vscode-extension/main-repo/javavscode/netbeans/nbbuild/netbeans/ide/modules/org-netbeans-modules-editor-codetemplates.jar:/Users/atalati/vscode-extension/main-repo/javavscode/netbeans/nbbuild/netbeans/ide/modules/org-netbeans-modules-editor-completion.jar:/Users/atalati/vscode-extension/main-repo/javavscode/netbeans/nbbuild/netbeans/ide/modules/org-netbeans-spi-editor-hints.jar:/Users/atalati/vscode-extension/main-repo/javavscode/netbeans/nbbuild/netbeans/ide/modules/org-netbeans-modules-editor-errorstripe.jar:/Users/atalati/vscode-extension/main-repo/javavscode/netbeans/nbbuild/netbeans/ide/modules/org-netbeans-modules-editor-errorstripe-api.jar:/Users/atalati/vscode-extension/main-repo/javavscode/netbeans/nbbuild/netbeans/java/modules/org-netbeans-modules-java-completion.jar:/Users/atalati/vscode-extension/main-repo/javavscode/netbeans/nbbuild/netbeans/java/modules/org-netbeans-modules-java-lexer.jar:/Users/atalati/vscode-extension/main-repo/javavscode/netbeans/nbbuild/netbeans/java/modules/org-netbeans-modules-java-source-base.jar:/Users/atalati/vscode-extension/main-repo/javavscode/netbeans/nbbuild/netbeans/java/modules/org-netbeans-lib-nbjavac.jar:/Users/atalati/vscode-extension/main-repo/javavscode/netbeans/nbbuild/netbeans/ide/modules/org-netbeans-libs-lucene.jar:/Users/atalati/vscode-extension/main-repo/javavscode/netbeans/ide/libs.lucene/external/lucene-core-3.6.2.jar:/Users/atalati/vscode-extension/main-repo/javavscode/netbeans/nbbuild/netbeans/ide/modules/ext/lucene-core-3.6.2.jar:/Users/atalati/vscode-extension/main-repo/javavscode/netbeans/nbbuild/netbeans/java/modules/org-netbeans-modules-classfile.jar:/Users/atalati/vscode-extension/main-repo/javavscode/netbeans/nbbuild/netbeans/java/modules/org-netbeans-modules-java-platform.jar:/Users/atalati/vscode-extension/main-repo/javavscode/netbeans/nbbuild/netbeans/java/modules/org-netbeans-modules-java-preprocessorbridge.jar:/Users/atalati/vscode-extension/main-repo/javavscode/netbeans/nbbuild/netbeans/ide/modules/org-netbeans-modules-parsing-api.jar:/Users/atalati/vscode-extension/main-repo/javavscode/netbeans/nbbuild/netbeans/ide/modules/org-netbeans-modules-parsing-lucene.jar:/Users/atalati/vscode-extension/main-repo/javavscode/netbeans/nbbuild/netbeans/platform/modules/org-netbeans-modules-masterfs.jar:/Users/atalati/vscode-extension/main-repo/javavscode/netbeans/nbbuild/netbeans/ide/modules/org-netbeans-modules-projectapi.jar:/Users/atalati/vscode-extension/main-repo/javavscode/netbeans/nbbuild/netbeans/ide/modules/org-netbeans-modules-parsing-indexing.jar:/Users/atalati/vscode-extension/main-repo/javavscode/netbeans/nbbuild/netbeans/ide/modules/org-netbeans-modules-project-indexingbridge.jar:/Users/atalati/vscode-extension/main-repo/javavscode/netbeans/nbbuild/netbeans/ide/modules/org-netbeans-modules-projectuiapi-base.jar:/Users/atalati/vscode-extension/main-repo/javavscode/netbeans/nbbuild/netbeans/ide/modules/org-netbeans-spi-tasklist.jar:/Users/atalati/vscode-extension/main-repo/javavscode/netbeans/nbbuild/netbeans/ide/modules/org-netbeans-modules-refactoring-api.jar:/Users/atalati/vscode-extension/main-repo/javavscode/netbeans/nbbuild/netbeans/ide/modules/org-netbeans-modules-diff.jar:/Users/atalati/vscode-extension/main-repo/javavscode/netbeans/nbbuild/netbeans/ide/modules/org-netbeans-modules-options-editor.jar:/Users/atalati/vscode-extension/main-repo/javavscode/netbeans/nbbuild/netbeans/java/modules/org-netbeans-modules-java-editor-base.jar:/Users/atalati/vscode-extension/main-repo/javavscode/netbeans/nbbuild/netbeans/java/modules/org-netbeans-modules-java-project.jar:/Users/atalati/vscode-extension/main-repo/javavscode/netbeans/nbbuild/netbeans/ide/modules/org-netbeans-modules-project-ant.jar:/Users/atalati/vscode-extension/main-repo/javavscode/netbeans/nbbuild/netbeans/ide/modules/org-netbeans-modules-project-libraries.jar:/Users/atalati/vscode-extension/main-repo/javavscode/netbeans/nbbuild/netbeans/ide/modules/org-netbeans-modules-project-spi-intern.jar:/Users/atalati/vscode-extension/main-repo/javavscode/netbeans/nbbuild/netbeans/ide/modules/org-netbeans-modules-xml-catalog.jar:/Users/atalati/vscode-extension/main-repo/javavscode/netbeans/nbbuild/netbeans/ide/modules/org-apache-xml-resolver.jar:/Users/atalati/vscode-extension/main-repo/javavscode/netbeans/ide/o.apache.xml.resolver/external/resolver-1.2.jar:/Users/atalati/vscode-extension/main-repo/javavscode/netbeans/nbbuild/netbeans/ide/modules/ext/resolver-1.2.jar:/Users/atalati/vscode-extension/main-repo/javavscode/netbeans/nbbuild/netbeans/ide/modules/org-netbeans-api-xml.jar:/Users/atalati/vscode-extension/main-repo/javavscode/netbeans/nbbuild/netbeans/java/modules/org-netbeans-spi-java-hints.jar:/Users/atalati/vscode-extension/main-repo/javavscode/netbeans/nbbuild/netbeans/ide/modules/org-netbeans-modules-code-analysis.jar:/Users/atalati/vscode-extension/main-repo/javavscode/netbeans/nbbuild/netbeans/platform/modules/org-netbeans-modules-autoupdate-services.jar:/Users/atalati/vscode-extension/main-repo/javavscode/netbeans/nbbuild/netbeans/platform/modules/ext/updater.jar:/Users/atalati/vscode-extension/main-repo/javavscode/netbeans/nbbuild/netbeans/ide/modules/org-netbeans-modules-projectuiapi.jar:/Users/atalati/vscode-extension/main-repo/javavscode/netbeans/nbbuild/netbeans/platform/modules/org-netbeans-modules-settings.jar:/Users/atalati/vscode-extension/main-repo/javavscode/netbeans/nbbuild/netbeans/java/modules/org-netbeans-modules-java-source.jar:/Users/atalati/vscode-extension/main-repo/javavscode/netbeans/nbbuild/netbeans/platform/modules/org-netbeans-core-multiview.jar:/Users/atalati/vscode-extension/main-repo/javavscode/netbeans/nbbuild/netbeans/ide/modules/org-netbeans-modules-editor-indent-project.jar:/Users/atalati/vscode-extension/main-repo/javavscode/netbeans/nbbuild/netbeans/ide/modules/org-netbeans-modules-editor-indent-support.jar:/Users/atalati/vscode-extension/main-repo/javavscode/netbeans/nbbuild/netbeans/java/modules/org-netbeans-modules-java-sourceui.jar:/Users/atalati/vscode-extension/main-repo/javavscode/netbeans/nbbuild/netbeans/ide/modules/org-netbeans-modules-jumpto.jar:/Users/atalati/vscode-extension/main-repo/javavscode/netbeans/nbbuild/netbeans/platform/modules/org-netbeans-api-search.jar:/Users/atalati/vscode-extension/main-repo/javavscode/netbeans/nbbuild/netbeans/platform/modules/org-netbeans-core-ui.jar:/Users/atalati/vscode-extension/main-repo/javavscode/netbeans/nbbuild/netbeans/java/modules/org-netbeans-modules-refactoring-java.jar:/Users/atalati/vscode-extension/main-repo/javavscode/netbeans/nbbuild/netbeans/ide/modules/org-netbeans-modules-gototest.jar:/Users/atalati/vscode-extension/main-repo/javavscode/netbeans/nbbuild/netbeans/ide/modules/org-netbeans-modules-gsf-testrunner.jar:/Users/atalati/vscode-extension/main-repo/javavscode/netbeans/nbbuild/netbeans/ide/modules/org-netbeans-modules-extexecution.jar:/Users/atalati/vscode-extension/main-repo/javavscode/netbeans/nbbuild/netbeans/ide/modules/org-netbeans-modules-extexecution-base.jar:/Users/atalati/vscode-extension/main-repo/javavscode/netbeans/nbbuild/netbeans/ide/modules/org-netbeans-modules-gsf-testrunner-ui.jar:/Users/atalati/vscode-extension/main-repo/javavscode/netbeans/nbbuild/netbeans/java/modules/org-netbeans-modules-java-file-launcher.jar:/Users/atalati/vscode-extension/main-repo/javavscode/netbeans/nbbuild/netbeans/java/modules/org-netbeans-api-debugger-jpda.jar:/Users/atalati/vscode-extension/main-repo/javavscode/netbeans/nbbuild/netbeans/ide/modules/org-netbeans-api-debugger.jar:/Users/atalati/vscode-extension/main-repo/javavscode/netbeans/nbbuild/netbeans/java/modules/org-netbeans-modules-java-project-ui.jar:/Users/atalati/vscode-extension/main-repo/javavscode/netbeans/nbbuild/netbeans/extide/modules/org-apache-tools-ant-module.jar:/Users/atalati/vscode-extension/main-repo/javavscode/netbeans/nbbuild/netbeans/ide/modules/org-netbeans-api-xml-ui.jar:/Users/atalati/vscode-extension/main-repo/javavscode/netbeans/nbbuild/netbeans/extide/modules/org-netbeans-modules-options-java.jar:/Users/atalati/vscode-extension/main-repo/javavscode/netbeans/nbbuild/netbeans/ide/modules/org-netbeans-spi-navigator.jar:/Users/atalati/vscode-extension/main-repo/javavscode/netbeans/nbbuild/netbeans/platform/modules/org-openide-execution.jar:/Users/atalati/vscode-extension/main-repo/javavscode/netbeans/nbbuild/netbeans/java/modules/org-netbeans-modules-java-platform-ui.jar:/Users/atalati/vscode-extension/main-repo/javavscode/netbeans/nbbuild/netbeans/ide/modules/org-netbeans-modules-project-ant-ui.jar:/Users/atalati/vscode-extension/main-repo/javavscode/netbeans/nbbuild/netbeans/ide/modules/org-netbeans-modules-project-libraries-ui.jar:/Users/atalati/vscode-extension/main-repo/javavscode/netbeans/nbbuild/netbeans/platform/modules/org-netbeans-modules-javahelp.jar:/Users/atalati/vscode-extension/main-repo/javavscode/netbeans/platform/javahelp/external/jhall-2.0_05.jar:/Users/atalati/vscode-extension/main-repo/javavscode/netbeans/nbbuild/netbeans/java/modules/org-netbeans-modules-whitelist.jar:/Users/atalati/vscode-extension/main-repo/javavscode/netbeans/nbbuild/netbeans/java/modules/org-netbeans-modules-libs-corba-omgapi.jar:/Users/atalati/vscode-extension/main-repo/javavscode/netbeans/nbbuild/netbeans/java/modules/ext/corba/omgapi/glassfish-corba-omgapi.jar:/Users/atalati/vscode-extension/main-repo/javavscode/netbeans/nbbuild/netbeans/java/modules/org-netbeans-modules-java-editor-base.jar:/Users/atalati/vscode-extension/main-repo/javavscode/netbeans/nbbuild/netbeans/platform/modules/org-netbeans-api-annotations-common.jar:/Users/atalati/vscode-extension/main-repo/javavscode/netbeans/nbbuild/netbeans/ide/modules/org-netbeans-api-java-classpath.jar:/Users/atalati/vscode-extension/main-repo/javavscode/netbeans/nbbuild/netbeans/platform/core/org-openide-filesystems.jar:/Users/atalati/vscode-extension/main-repo/javavscode/netbeans/nbbuild/netbeans/platform/lib/org-openide-util.jar:/Users/atalati/vscode-extension/main-repo/javavscode/netbeans/nbbuild/netbeans/platform/lib/org-openide-util-lookup.jar:/Users/atalati/vscode-extension/main-repo/javavscode/netbeans/nbbuild/netbeans/java/modules/org-netbeans-libs-javacapi.jar:/Users/atalati/vscode-extension/main-repo/javavscode/netbeans/java/libs.javacapi/external/nb-javac-jdk-22+33-api.jar:/Users/atalati/vscode-extension/main-repo/javavscode/netbeans/java/libs.javacapi/external/nb-javac-jdk-22+33.jar:/Users/atalati/vscode-extension/main-repo/javavscode/netbeans/nbbuild/netbeans/platform/modules/org-netbeans-modules-editor-mimelookup.jar:/Users/atalati/vscode-extension/main-repo/javavscode/netbeans/nbbuild/netbeans/ide/modules/org-netbeans-modules-editor-settings.jar:/Users/atalati/vscode-extension/main-repo/javavscode/netbeans/nbbuild/netbeans/platform/lib/org-openide-modules.jar:/Users/atalati/vscode-extension/main-repo/javavscode/netbeans/nbbuild/netbeans/platform/lib/org-openide-util-ui.jar:/Users/atalati/vscode-extension/main-repo/javavscode/netbeans/nbbuild/netbeans/java/modules/org-netbeans-modules-java-lexer.jar:/Users/atalati/vscode-extension/main-repo/javavscode/netbeans/nbbuild/netbeans/ide/modules/org-netbeans-modules-lexer.jar:/Users/atalati/vscode-extension/main-repo/javavscode/netbeans/nbbuild/netbeans/ide/modules/org-netbeans-modules-editor-util.jar:/Users/atalati/vscode-extension/main-repo/javavscode/netbeans/nbbuild/netbeans/java/modules/org-netbeans-modules-java-project.jar:/Users/atalati/vscode-extension/main-repo/javavscode/netbeans/nbbuild/netbeans/java/modules/org-netbeans-api-java.jar:/Users/atalati/vscode-extension/main-repo/javavscode/netbeans/nbbuild/netbeans/java/modules/org-netbeans-modules-classfile.jar:/Users/atalati/vscode-extension/main-repo/javavscode/netbeans/nbbuild/netbeans/java/modules/org-netbeans-modules-java-platform.jar:/Users/atalati/vscode-extension/main-repo/javavscode/netbeans/nbbuild/netbeans/java/modules/org-netbeans-modules-java-source-base.jar:/Users/atalati/vscode-extension/main-repo/javavscode/netbeans/nbbuild/netbeans/platform/modules/org-netbeans-api-progress.jar:/Users/atalati/vscode-extension/main-repo/javavscode/netbeans/nbbuild/netbeans/platform/modules/org-netbeans-api-scripting.jar:/Users/atalati/vscode-extension/main-repo/javavscode/netbeans/nbbuild/netbeans/java/modules/org-netbeans-lib-nbjavac.jar:/Users/atalati/vscode-extension/main-repo/javavscode/netbeans/nbbuild/netbeans/platform/core/org-netbeans-libs-asm.jar:/Users/atalati/vscode-extension/main-repo/javavscode/netbeans/platform/libs.asm/external/asm-9.6.jar:/Users/atalati/vscode-extension/main-repo/javavscode/netbeans/nbbuild/netbeans/platform/core/asm-9.6.jar:/Users/atalati/vscode-extension/main-repo/javavscode/netbeans/platform/libs.asm/external/asm-tree-9.6.jar:/Users/atalati/vscode-extension/main-repo/javavscode/netbeans/nbbuild/netbeans/platform/core/asm-tree-9.6.jar:/Users/atalati/vscode-extension/main-repo/javavscode/netbeans/platform/libs.asm/external/asm-commons-9.6.jar:/Users/atalati/vscode-extension/main-repo/javavscode/netbeans/nbbuild/netbeans/platform/core/asm-commons-9.6.jar:/Users/atalati/vscode-extension/main-repo/javavscode/netbeans/nbbuild/netbeans/ide/modules/org-netbeans-libs-lucene.jar:/Users/atalati/vscode-extension/main-repo/javavscode/netbeans/ide/libs.lucene/external/lucene-core-3.6.2.jar:/Users/atalati/vscode-extension/main-repo/javavscode/netbeans/nbbuild/netbeans/ide/modules/ext/lucene-core-3.6.2.jar:/Users/atalati/vscode-extension/main-repo/javavscode/netbeans/nbbuild/netbeans/ide/modules/org-netbeans-modules-editor-document.jar:/Users/atalati/vscode-extension/main-repo/javavscode/netbeans/nbbuild/netbeans/ide/modules/org-netbeans-modules-editor-guards.jar:/Users/atalati/vscode-extension/main-repo/javavscode/netbeans/nbbuild/netbeans/ide/modules/org-netbeans-modules-editor-indent.jar:/Users/atalati/vscode-extension/main-repo/javavscode/netbeans/nbbuild/netbeans/java/modules/org-netbeans-modules-java-preprocessorbridge.jar:/Users/atalati/vscode-extension/main-repo/javavscode/netbeans/nbbuild/netbeans/ide/modules/org-netbeans-modules-parsing-api.jar:/Users/atalati/vscode-extension/main-repo/javavscode/netbeans/nbbuild/netbeans/ide/modules/org-netbeans-modules-parsing-lucene.jar:/Users/atalati/vscode-extension/main-repo/javavscode/netbeans/nbbuild/netbeans/platform/modules/org-netbeans-modules-masterfs.jar:/Users/atalati/vscode-extension/main-repo/javavscode/netbeans/nbbuild/netbeans/platform/modules/org-netbeans-modules-queries.jar:/Users/atalati/vscode-extension/main-repo/javavscode/netbeans/nbbuild/netbeans/ide/modules/org-netbeans-modules-projectapi.jar:/Users/atalati/vscode-extension/main-repo/javavscode/netbeans/nbbuild/netbeans/ide/modules/org-netbeans-modules-parsing-indexing.jar:/Users/atalati/vscode-extension/main-repo/javavscode/netbeans/nbbuild/netbeans/ide/modules/org-netbeans-modules-project-indexingbridge.jar:/Users/atalati/vscode-extension/main-repo/javavscode/netbeans/nbbuild/netbeans/ide/modules/org-netbeans-modules-projectuiapi-base.jar:/Users/atalati/vscode-extension/main-repo/javavscode/netbeans/nbbuild/netbeans/platform/modules/org-openide-explorer.jar:/Users/atalati/vscode-extension/main-repo/javavscode/netbeans/nbbuild/netbeans/platform/modules/org-netbeans-swing-outline.jar:/Users/atalati/vscode-extension/main-repo/javavscode/netbeans/nbbuild/netbeans/platform/modules/org-netbeans-swing-tabcontrol.jar:/Users/atalati/vscode-extension/main-repo/javavscode/netbeans/nbbuild/netbeans/platform/modules/org-openide-awt.jar:/Users/atalati/vscode-extension/main-repo/javavscode/netbeans/nbbuild/netbeans/platform/modules/org-openide-windows.jar:/Users/atalati/vscode-extension/main-repo/javavscode/netbeans/nbbuild/netbeans/platform/modules/org-openide-nodes.jar:/Users/atalati/vscode-extension/main-repo/javavscode/netbeans/nbbuild/netbeans/platform/modules/org-openide-dialogs.jar:/Users/atalati/vscode-extension/main-repo/javavscode/netbeans/nbbuild/netbeans/platform/modules/org-netbeans-api-progress-nb.jar:/Users/atalati/vscode-extension/main-repo/javavscode/netbeans/nbbuild/netbeans/ide/modules/org-netbeans-spi-tasklist.jar:/Users/atalati/vscode-extension/main-repo/javavscode/netbeans/nbbuild/netbeans/ide/modules/org-netbeans-modules-refactoring-api.jar:/Users/atalati/vscode-extension/main-repo/javavscode/netbeans/nbbuild/netbeans/ide/modules/org-netbeans-modules-diff.jar:/Users/atalati/vscode-extension/main-repo/javavscode/netbeans/nbbuild/netbeans/ide/modules/org-netbeans-modules-editor-errorstripe.jar:/Users/atalati/vscode-extension/main-repo/javavscode/netbeans/nbbuild/netbeans/ide/modules/org-netbeans-modules-editor-errorstripe-api.jar:/Users/atalati/vscode-extension/main-repo/javavscode/netbeans/nbbuild/netbeans/ide/modules/org-netbeans-modules-editor-fold.jar:/Users/atalati/vscode-extension/main-repo/javavscode/netbeans/nbbuild/netbeans/ide/modules/org-netbeans-modules-editor-settings-lib.jar:/Users/atalati/vscode-extension/main-repo/javavscode/netbeans/nbbuild/netbeans/ide/modules/org-netbeans-modules-editor-lib.jar:/Users/atalati/vscode-extension/main-repo/javavscode/netbeans/nbbuild/netbeans/ide/modules/org-netbeans-modules-editor-lib2.jar:/Users/atalati/vscode-extension/main-repo/javavscode/netbeans/nbbuild/netbeans/platform/modules/org-openide-loaders.jar:/Users/atalati/vscode-extension/main-repo/javavscode/netbeans/nbbuild/netbeans/platform/modules/org-netbeans-api-templates.jar:/Users/atalati/vscode-extension/main-repo/javavscode/netbeans/nbbuild/netbeans/platform/modules/org-openide-actions.jar:/Users/atalati/vscode-extension/main-repo/javavscode/netbeans/nbbuild/netbeans/platform/modules/org-openide-text.jar:/Users/atalati/vscode-extension/main-repo/javavscode/netbeans/nbbuild/netbeans/platform/modules/org-openide-filesystems-nb.jar:/Users/atalati/vscode-extension/main-repo/javavscode/netbeans/nbbuild/netbeans/platform/modules/org-netbeans-modules-options-api.jar:/Users/atalati/vscode-extension/main-repo/javavscode/netbeans/nbbuild/netbeans/platform/modules/org-netbeans-core.jar:/Users/atalati/vscode-extension/main-repo/javavscode/netbeans/nbbuild/netbeans/platform/lib/boot.jar:/Users/atalati/vscode-extension/main-repo/javavscode/netbeans/nbbuild/netbeans/platform/core/core.jar:/Users/atalati/vscode-extension/main-repo/javavscode/netbeans/nbbuild/netbeans/platform/core/core-base.jar:/Users/atalati/vscode-extension/main-repo/javavscode/netbeans/nbbuild/netbeans/platform/modules/org-netbeans-modules-keyring.jar:/Users/atalati/vscode-extension/main-repo/javavscode/netbeans/nbbuild/netbeans/platform/modules/org-netbeans-modules-sampler.jar:/Users/atalati/vscode-extension/main-repo/javavscode/netbeans/nbbuild/netbeans/platform/modules/org-netbeans-swing-plaf.jar:/Users/atalati/vscode-extension/main-repo/javavscode/netbeans/nbbuild/netbeans/platform/modules/org-openide-io.jar:/Users/atalati/vscode-extension/main-repo/javavscode/netbeans/nbbuild/netbeans/platform/modules/org-netbeans-api-intent.jar:/Users/atalati/vscode-extension/main-repo/javavscode/netbeans/nbbuild/netbeans/platform/modules/org-netbeans-api-io.jar:/Users/atalati/vscode-extension/main-repo/javavscode/netbeans/nbbuild/netbeans/platform/modules/org-netbeans-spi-quicksearch.jar:/Users/atalati/vscode-extension/main-repo/javavscode/netbeans/nbbuild/netbeans/ide/modules/org-netbeans-modules-options-editor.jar:/Users/atalati/vscode-extension/main-repo/javavscode/netbeans/nbbuild/netbeans/ide/modules/org-netbeans-modules-editor.jar:/Users/atalati/vscode-extension/main-repo/javavscode/netbeans/nbbuild/netbeans/ide/modules/org-netbeans-api-lsp.jar:/Users/atalati/vscode-extension/main-repo/javavscode/netbeans/nbbuild/netbeans/ide/modules/org-netbeans-modules-editor-fold-nbui.jar:/Users/atalati/vscode-extension/main-repo/javavscode/netbeans/nbbuild/netbeans/ide/modules/org-netbeans-modules-editor-settings-storage.jar:/Users/atalati/vscode-extension/main-repo/javavscode/netbeans/nbbuild/netbeans/platform/modules/org-netbeans-modules-options-keymap.jar:/Users/atalati/vscode-extension/main-repo/javavscode/netbeans/nbbuild/netbeans/ide/modules/org-netbeans-modules-project-ant.jar:/Users/atalati/vscode-extension/main-repo/javavscode/netbeans/nbbuild/netbeans/ide/modules/org-netbeans-modules-project-libraries.jar:/Users/atalati/vscode-extension/main-repo/javavscode/netbeans/nbbuild/netbeans/ide/modules/org-netbeans-modules-project-spi-intern.jar:/Users/atalati/vscode-extension/main-repo/javavscode/netbeans/nbbuild/netbeans/ide/modules/org-netbeans-modules-xml-catalog.jar:/Users/atalati/vscode-extension/main-repo/javavscode/netbeans/nbbuild/netbeans/ide/modules/org-apache-xml-resolver.jar:/Users/atalati/vscode-extension/main-repo/javavscode/netbeans/ide/o.apache.xml.resolver/external/resolver-1.2.jar:/Users/atalati/vscode-extension/main-repo/javavscode/netbeans/nbbuild/netbeans/ide/modules/ext/resolver-1.2.jar:/Users/atalati/vscode-extension/main-repo/javavscode/netbeans/nbbuild/netbeans/ide/modules/org-netbeans-api-xml.jar:/Users/atalati/vscode-extension/main-repo/javavscode/netbeans/nbbuild/netbeans/java/modules/org-netbeans-spi-java-hints.jar:/Users/atalati/vscode-extension/main-repo/javavscode/netbeans/nbbuild/netbeans/ide/modules/org-netbeans-modules-code-analysis.jar:/Users/atalati/vscode-extension/main-repo/javavscode/netbeans/nbbuild/netbeans/platform/modules/org-netbeans-modules-autoupdate-services.jar:/Users/atalati/vscode-extension/main-repo/javavscode/netbeans/nbbuild/netbeans/platform/modules/ext/updater.jar:/Users/atalati/vscode-extension/main-repo/javavscode/netbeans/nbbuild/netbeans/ide/modules/org-netbeans-modules-projectuiapi.jar:/Users/atalati/vscode-extension/main-repo/javavscode/netbeans/nbbuild/netbeans/platform/modules/org-netbeans-modules-settings.jar:/Users/atalati/vscode-extension/main-repo/javavscode/netbeans/nbbuild/netbeans/ide/modules/org-netbeans-spi-editor-hints.jar:/Users/atalati/vscode-extension/main-repo/javavscode/netbeans/nbbuild/netbeans/java/modules/org-netbeans-modules-java-source.jar:/Users/atalati/vscode-extension/main-repo/javavscode/netbeans/nbbuild/netbeans/platform/modules/org-netbeans-core-multiview.jar:/Users/atalati/vscode-extension/main-repo/javavscode/netbeans/nbbuild/netbeans/ide/modules/org-netbeans-modules-editor-indent-project.jar:/Users/atalati/vscode-extension/main-repo/javavscode/netbeans/nbbuild/netbeans/ide/modules/org-netbeans-modules-editor-indent-support.jar:/Users/atalati/vscode-extension/main-repo/javavscode/netbeans/nbbuild/netbeans/java/modules/org-netbeans-modules-java-hints-legacy-spi.jar:/Users/atalati/vscode-extension/main-repo/javavscode/netbeans/nbbuild/netbeans/java/modules/org-netbeans-libs-javacapi.jar:/Users/atalati/vscode-extension/main-repo/javavscode/netbeans/java/libs.javacapi/external/nb-javac-jdk-22+33-api.jar:/Users/atalati/vscode-extension/main-repo/javavscode/netbeans/java/libs.javacapi/external/nb-javac-jdk-22+33.jar:/Users/atalati/vscode-extension/main-repo/javavscode/netbeans/nbbuild/netbeans/java/modules/org-netbeans-modules-java-source-base.jar:/Users/atalati/vscode-extension/main-repo/javavscode/netbeans/nbbuild/netbeans/platform/modules/org-netbeans-api-annotations-common.jar:/Users/atalati/vscode-extension/main-repo/javavscode/netbeans/nbbuild/netbeans/java/modules/org-netbeans-api-java.jar:/Users/atalati/vscode-extension/main-repo/javavscode/netbeans/nbbuild/netbeans/ide/modules/org-netbeans-api-java-classpath.jar:/Users/atalati/vscode-extension/main-repo/javavscode/netbeans/nbbuild/netbeans/platform/core/org-openide-filesystems.jar:/Users/atalati/vscode-extension/main-repo/javavscode/netbeans/nbbuild/netbeans/platform/lib/org-openide-util.jar:/Users/atalati/vscode-extension/main-repo/javavscode/netbeans/nbbuild/netbeans/platform/lib/org-openide-util-lookup.jar:/Users/atalati/vscode-extension/main-repo/javavscode/netbeans/nbbuild/netbeans/platform/lib/org-openide-modules.jar:/Users/atalati/vscode-extension/main-repo/javavscode/netbeans/nbbuild/netbeans/platform/lib/org-openide-util-ui.jar:/Users/atalati/vscode-extension/main-repo/javavscode/netbeans/nbbuild/netbeans/platform/modules/org-netbeans-api-progress.jar:/Users/atalati/vscode-extension/main-repo/javavscode/netbeans/nbbuild/netbeans/platform/modules/org-netbeans-api-scripting.jar:/Users/atalati/vscode-extension/main-repo/javavscode/netbeans/nbbuild/netbeans/java/modules/org-netbeans-lib-nbjavac.jar:/Users/atalati/vscode-extension/main-repo/javavscode/netbeans/nbbuild/netbeans/platform/core/org-netbeans-libs-asm.jar:/Users/atalati/vscode-extension/main-repo/javavscode/netbeans/platform/libs.asm/external/asm-9.6.jar:/Users/atalati/vscode-extension/main-repo/javavscode/netbeans/nbbuild/netbeans/platform/core/asm-9.6.jar:/Users/atalati/vscode-extension/main-repo/javavscode/netbeans/platform/libs.asm/external/asm-tree-9.6.jar:/Users/atalati/vscode-extension/main-repo/javavscode/netbeans/nbbuild/netbeans/platform/core/asm-tree-9.6.jar:/Users/atalati/vscode-extension/main-repo/javavscode/netbeans/platform/libs.asm/external/asm-commons-9.6.jar:/Users/atalati/vscode-extension/main-repo/javavscode/netbeans/nbbuild/netbeans/platform/core/asm-commons-9.6.jar:/Users/atalati/vscode-extension/main-repo/javavscode/netbeans/nbbuild/netbeans/ide/modules/org-netbeans-libs-lucene.jar:/Users/atalati/vscode-extension/main-repo/javavscode/netbeans/ide/libs.lucene/external/lucene-core-3.6.2.jar:/Users/atalati/vscode-extension/main-repo/javavscode/netbeans/nbbuild/netbeans/ide/modules/ext/lucene-core-3.6.2.jar:/Users/atalati/vscode-extension/main-repo/javavscode/netbeans/nbbuild/netbeans/java/modules/org-netbeans-modules-classfile.jar:/Users/atalati/vscode-extension/main-repo/javavscode/netbeans/nbbuild/netbeans/ide/modules/org-netbeans-modules-editor-document.jar:/Users/atalati/vscode-extension/main-repo/javavscode/netbeans/nbbuild/netbeans/platform/modules/org-netbeans-modules-editor-mimelookup.jar:/Users/atalati/vscode-extension/main-repo/javavscode/netbeans/nbbuild/netbeans/ide/modules/org-netbeans-modules-editor-util.jar:/Users/atalati/vscode-extension/main-repo/javavscode/netbeans/nbbuild/netbeans/ide/modules/org-netbeans-modules-editor-guards.jar:/Users/atalati/vscode-extension/main-repo/javavscode/netbeans/nbbuild/netbeans/ide/modules/org-netbeans-modules-editor-indent.jar:/Users/atalati/vscode-extension/main-repo/javavscode/netbeans/nbbuild/netbeans/ide/modules/org-netbeans-modules-editor-settings.jar:/Users/atalati/vscode-extension/main-repo/javavscode/netbeans/nbbuild/netbeans/ide/modules/org-netbeans-modules-lexer.jar:/Users/atalati/vscode-extension/main-repo/javavscode/netbeans/nbbuild/netbeans/java/modules/org-netbeans-modules-java-lexer.jar:/Users/atalati/vscode-extension/main-repo/javavscode/netbeans/nbbuild/netbeans/java/modules/org-netbeans-modules-java-platform.jar:/Users/atalati/vscode-extension/main-repo/javavscode/netbeans/nbbuild/netbeans/java/modules/org-netbeans-modules-java-preprocessorbridge.jar:/Users/atalati/vscode-extension/main-repo/javavscode/netbeans/nbbuild/netbeans/ide/modules/org-netbeans-modules-parsing-api.jar:/Users/atalati/vscode-extension/main-repo/javavscode/netbeans/nbbuild/netbeans/ide/modules/org-netbeans-modules-parsing-lucene.jar:/Users/atalati/vscode-extension/main-repo/javavscode/netbeans/nbbuild/netbeans/platform/modules/org-netbeans-modules-masterfs.jar:/Users/atalati/vscode-extension/main-repo/javavscode/netbeans/nbbuild/netbeans/platform/modules/org-netbeans-modules-queries.jar:/Users/atalati/vscode-extension/main-repo/javavscode/netbeans/nbbuild/netbeans/ide/modules/org-netbeans-modules-projectapi.jar:/Users/atalati/vscode-extension/main-repo/javavscode/netbeans/nbbuild/netbeans/ide/modules/org-netbeans-modules-parsing-indexing.jar:/Users/atalati/vscode-extension/main-repo/javavscode/netbeans/nbbuild/netbeans/ide/modules/org-netbeans-modules-project-indexingbridge.jar:/Users/atalati/vscode-extension/main-repo/javavscode/netbeans/nbbuild/netbeans/ide/modules/org-netbeans-modules-projectuiapi-base.jar:/Users/atalati/vscode-extension/main-repo/javavscode/netbeans/nbbuild/netbeans/platform/modules/org-openide-explorer.jar:/Users/atalati/vscode-extension/main-repo/javavscode/netbeans/nbbuild/netbeans/platform/modules/org-netbeans-swing-outline.jar:/Users/atalati/vscode-extension/main-repo/javavscode/netbeans/nbbuild/netbeans/platform/modules/org-netbeans-swing-tabcontrol.jar:/Users/atalati/vscode-extension/main-repo/javavscode/netbeans/nbbuild/netbeans/platform/modules/org-openide-awt.jar:/Users/atalati/vscode-extension/main-repo/javavscode/netbeans/nbbuild/netbeans/platform/modules/org-openide-windows.jar:/Users/atalati/vscode-extension/main-repo/javavscode/netbeans/nbbuild/netbeans/platform/modules/org-openide-nodes.jar:/Users/atalati/vscode-extension/main-repo/javavscode/netbeans/nbbuild/netbeans/platform/modules/org-openide-dialogs.jar:/Users/atalati/vscode-extension/main-repo/javavscode/netbeans/nbbuild/netbeans/platform/modules/org-netbeans-api-progress-nb.jar:/Users/atalati/vscode-extension/main-repo/javavscode/netbeans/nbbuild/netbeans/ide/modules/org-netbeans-spi-tasklist.jar:/Users/atalati/vscode-extension/main-repo/javavscode/netbeans/nbbuild/netbeans/ide/modules/org-netbeans-modules-refactoring-api.jar:/Users/atalati/vscode-extension/main-repo/javavscode/netbeans/nbbuild/netbeans/ide/modules/org-netbeans-modules-diff.jar:/Users/atalati/vscode-extension/main-repo/javavscode/netbeans/nbbuild/netbeans/ide/modules/org-netbeans-modules-editor-errorstripe.jar:/Users/atalati/vscode-extension/main-repo/javavscode/netbeans/nbbuild/netbeans/ide/modules/org-netbeans-modules-editor-errorstripe-api.jar:/Users/atalati/vscode-extension/main-repo/javavscode/netbeans/nbbuild/netbeans/ide/modules/org-netbeans-modules-editor-fold.jar:/Users/atalati/vscode-extension/main-repo/javavscode/netbeans/nbbuild/netbeans/ide/modules/org-netbeans-modules-editor-settings-lib.jar:/Users/atalati/vscode-extension/main-repo/javavscode/netbeans/nbbuild/netbeans/ide/modules/org-netbeans-modules-editor-lib.jar:/Users/atalati/vscode-extension/main-repo/javavscode/netbeans/nbbuild/netbeans/ide/modules/org-netbeans-modules-editor-lib2.jar:/Users/atalati/vscode-extension/main-repo/javavscode/netbeans/nbbuild/netbeans/platform/modules/org-openide-loaders.jar:/Users/atalati/vscode-extension/main-repo/javavscode/netbeans/nbbuild/netbeans/platform/modules/org-netbeans-api-templates.jar:/Users/atalati/vscode-extension/main-repo/javavscode/netbeans/nbbuild/netbeans/platform/modules/org-openide-actions.jar:/Users/atalati/vscode-extension/main-repo/javavscode/netbeans/nbbuild/netbeans/platform/modules/org-openide-text.jar:/Users/atalati/vscode-extension/main-repo/javavscode/netbeans/nbbuild/netbeans/platform/modules/org-openide-filesystems-nb.jar:/Users/atalati/vscode-extension/main-repo/javavscode/netbeans/nbbuild/netbeans/platform/modules/org-netbeans-modules-options-api.jar:/Users/atalati/vscode-extension/main-repo/javavscode/netbeans/nbbuild/netbeans/platform/modules/org-netbeans-core.jar:/Users/atalati/vscode-extension/main-repo/javavscode/netbeans/nbbuild/netbeans/platform/lib/boot.jar:/Users/atalati/vscode-extension/main-repo/javavscode/netbeans/nbbuild/netbeans/platform/core/core.jar:/Users/atalati/vscode-extension/main-repo/javavscode/netbeans/nbbuild/netbeans/platform/core/core-base.jar:/Users/atalati/vscode-extension/main-repo/javavscode/netbeans/nbbuild/netbeans/platform/modules/org-netbeans-modules-keyring.jar:/Users/atalati/vscode-extension/main-repo/javavscode/netbeans/nbbuild/netbeans/platform/modules/org-netbeans-modules-sampler.jar:/Users/atalati/vscode-extension/main-repo/javavscode/netbeans/nbbuild/netbeans/platform/modules/org-netbeans-swing-plaf.jar:/Users/atalati/vscode-extension/main-repo/javavscode/netbeans/nbbuild/netbeans/platform/modules/org-openide-io.jar:/Users/atalati/vscode-extension/main-repo/javavscode/netbeans/nbbuild/netbeans/platform/modules/org-netbeans-api-intent.jar:/Users/atalati/vscode-extension/main-repo/javavscode/netbeans/nbbuild/netbeans/platform/modules/org-netbeans-api-io.jar:/Users/atalati/vscode-extension/main-repo/javavscode/netbeans/nbbuild/netbeans/platform/modules/org-netbeans-spi-quicksearch.jar:/Users/atalati/vscode-extension/main-repo/javavscode/netbeans/nbbuild/netbeans/ide/modules/org-netbeans-modules-options-editor.jar:/Users/atalati/vscode-extension/main-repo/javavscode/netbeans/nbbuild/netbeans/ide/modules/org-netbeans-modules-editor.jar:/Users/atalati/vscode-extension/main-repo/javavscode/netbeans/nbbuild/netbeans/ide/modules/org-netbeans-api-lsp.jar:/Users/atalati/vscode-extension/main-repo/javavscode/netbeans/nbbuild/netbeans/ide/modules/org-netbeans-modules-editor-fold-nbui.jar:/Users/atalati/vscode-extension/main-repo/javavscode/netbeans/nbbuild/netbeans/ide/modules/org-netbeans-modules-editor-settings-storage.jar:/Users/atalati/vscode-extension/main-repo/javavscode/netbeans/nbbuild/netbeans/platform/modules/org-netbeans-modules-options-keymap.jar:/Users/atalati/vscode-extension/main-repo/javavscode/netbeans/nbbuild/netbeans/ide/modules/org-netbeans-spi-editor-hints.jar:/Users/atalati/vscode-extension/main-repo/javavscode/netbeans/nbbuild/netbeans/java/modules/org-netbeans-spi-java-hints.jar:/Users/atalati/vscode-extension/main-repo/javavscode/netbeans/nbbuild/netbeans/ide/modules/org-netbeans-modules-code-analysis.jar:/Users/atalati/vscode-extension/main-repo/javavscode/netbeans/nbbuild/netbeans/platform/modules/org-netbeans-modules-autoupdate-services.jar:/Users/atalati/vscode-extension/main-repo/javavscode/netbeans/nbbuild/netbeans/platform/modules/ext/updater.jar:/Users/atalati/vscode-extension/main-repo/javavscode/netbeans/nbbuild/netbeans/ide/modules/org-netbeans-modules-projectuiapi.jar:/Users/atalati/vscode-extension/main-repo/javavscode/netbeans/nbbuild/netbeans/platform/modules/org-netbeans-modules-settings.jar:/Users/atalati/vscode-extension/main-repo/javavscode/netbeans/nbbuild/netbeans/java/modules/org-netbeans-modules-java-project.jar:/Users/atalati/vscode-extension/main-repo/javavscode/netbeans/nbbuild/netbeans/ide/modules/org-netbeans-modules-project-ant.jar:/Users/atalati/vscode-extension/main-repo/javavscode/netbeans/nbbuild/netbeans/ide/modules/org-netbeans-modules-project-libraries.jar:/Users/atalati/vscode-extension/main-repo/javavscode/netbeans/nbbuild/netbeans/ide/modules/org-netbeans-modules-project-spi-intern.jar:/Users/atalati/vscode-extension/main-repo/javavscode/netbeans/nbbuild/netbeans/ide/modules/org-netbeans-modules-xml-catalog.jar:/Users/atalati/vscode-extension/main-repo/javavscode/netbeans/nbbuild/netbeans/ide/modules/org-apache-xml-resolver.jar:/Users/atalati/vscode-extension/main-repo/javavscode/netbeans/ide/o.apache.xml.resolver/external/resolver-1.2.jar:/Users/atalati/vscode-extension/main-repo/javavscode/netbeans/nbbuild/netbeans/ide/modules/ext/resolver-1.2.jar:/Users/atalati/vscode-extension/main-repo/javavscode/netbeans/nbbuild/netbeans/ide/modules/org-netbeans-api-xml.jar:/Users/atalati/vscode-extension/main-repo/javavscode/netbeans/nbbuild/netbeans/java/modules/org-netbeans-modules-java-source.jar:/Users/atalati/vscode-extension/main-repo/javavscode/netbeans/nbbuild/netbeans/platform/modules/org-netbeans-core-multiview.jar:/Users/atalati/vscode-extension/main-repo/javavscode/netbeans/nbbuild/netbeans/ide/modules/org-netbeans-modules-editor-indent-project.jar:/Users/atalati/vscode-extension/main-repo/javavscode/netbeans/nbbuild/netbeans/ide/modules/org-netbeans-modules-editor-indent-support.jar:/Users/atalati/vscode-extension/main-repo/javavscode/netbeans/nbbuild/netbeans/java/modules/org-netbeans-modules-java-lexer.jar:/Users/atalati/vscode-extension/main-repo/javavscode/netbeans/nbbuild/netbeans/ide/modules/org-netbeans-modules-lexer.jar:/Users/atalati/vscode-extension/main-repo/javavscode/netbeans/nbbuild/netbeans/ide/modules/org-netbeans-modules-editor-util.jar:/Users/atalati/vscode-extension/main-repo/javavscode/netbeans/nbbuild/netbeans/platform/lib/org-openide-util.jar:/Users/atalati/vscode-extension/main-repo/javavscode/netbeans/nbbuild/netbeans/platform/lib/org-openide-util-lookup.jar:/Users/atalati/vscode-extension/main-repo/javavscode/netbeans/nbbuild/netbeans/platform/lib/org-openide-util-ui.jar:/Users/atalati/vscode-extension/main-repo/javavscode/netbeans/nbbuild/netbeans/java/modules/org-netbeans-modules-java-platform.jar:/Users/atalati/vscode-extension/main-repo/javavscode/netbeans/nbbuild/netbeans/platform/modules/org-netbeans-api-annotations-common.jar:/Users/atalati/vscode-extension/main-repo/javavscode/netbeans/nbbuild/netbeans/java/modules/org-netbeans-api-java.jar:/Users/atalati/vscode-extension/main-repo/javavscode/netbeans/nbbuild/netbeans/ide/modules/org-netbeans-api-java-classpath.jar:/Users/atalati/vscode-extension/main-repo/javavscode/netbeans/nbbuild/netbeans/platform/core/org-openide-filesystems.jar:/Users/atalati/vscode-extension/main-repo/javavscode/netbeans/nbbuild/netbeans/platform/lib/org-openide-util.jar:/Users/atalati/vscode-extension/main-repo/javavscode/netbeans/nbbuild/netbeans/platform/lib/org-openide-util-lookup.jar:/Users/atalati/vscode-extension/main-repo/javavscode/netbeans/nbbuild/netbeans/platform/lib/org-openide-modules.jar:/Users/atalati/vscode-extension/main-repo/javavscode/netbeans/nbbuild/netbeans/platform/lib/org-openide-util-ui.jar:/Users/atalati/vscode-extension/main-repo/javavscode/netbeans/nbbuild/netbeans/java/modules/org-netbeans-modules-java-preprocessorbridge.jar:/Users/atalati/vscode-extension/main-repo/javavscode/netbeans/nbbuild/netbeans/platform/modules/org-netbeans-api-annotations-common.jar:/Users/atalati/vscode-extension/main-repo/javavscode/netbeans/nbbuild/netbeans/ide/modules/org-netbeans-api-java-classpath.jar:/Users/atalati/vscode-extension/main-repo/javavscode/netbeans/nbbuild/netbeans/platform/core/org-openide-filesystems.jar:/Users/atalati/vscode-extension/main-repo/javavscode/netbeans/nbbuild/netbeans/platform/lib/org-openide-util.jar:/Users/atalati/vscode-extension/main-repo/javavscode/netbeans/nbbuild/netbeans/platform/lib/org-openide-util-lookup.jar:/Users/atalati/vscode-extension/main-repo/javavscode/netbeans/nbbuild/netbeans/java/modules/org-netbeans-libs-javacapi.jar:/Users/atalati/vscode-extension/main-repo/javavscode/netbeans/java/libs.javacapi/external/nb-javac-jdk-22+33-api.jar:/Users/atalati/vscode-extension/main-repo/javavscode/netbeans/java/libs.javacapi/external/nb-javac-jdk-22+33.jar:/Users/atalati/vscode-extension/main-repo/javavscode/netbeans/nbbuild/netbeans/ide/modules/org-netbeans-modules-parsing-api.jar:/Users/atalati/vscode-extension/main-repo/javavscode/netbeans/nbbuild/netbeans/ide/modules/org-netbeans-modules-editor-document.jar:/Users/atalati/vscode-extension/main-repo/javavscode/netbeans/nbbuild/netbeans/platform/modules/org-netbeans-modules-editor-mimelookup.jar:/Users/atalati/vscode-extension/main-repo/javavscode/netbeans/nbbuild/netbeans/ide/modules/org-netbeans-modules-editor-util.jar:/Users/atalati/vscode-extension/main-repo/javavscode/netbeans/nbbuild/netbeans/ide/modules/org-netbeans-modules-lexer.jar:/Users/atalati/vscode-extension/main-repo/javavscode/netbeans/nbbuild/netbeans/platform/lib/org-openide-util-ui.jar:/Users/atalati/vscode-extension/main-repo/javavscode/netbeans/nbbuild/netbeans/ide/modules/org-netbeans-modules-parsing-lucene.jar:/Users/atalati/vscode-extension/main-repo/javavscode/netbeans/nbbuild/netbeans/ide/modules/org-netbeans-libs-lucene.jar:/Users/atalati/vscode-extension/main-repo/javavscode/netbeans/ide/libs.lucene/external/lucene-core-3.6.2.jar:/Users/atalati/vscode-extension/main-repo/javavscode/netbeans/nbbuild/netbeans/ide/modules/ext/lucene-core-3.6.2.jar:/Users/atalati/vscode-extension/main-repo/javavscode/netbeans/nbbuild/netbeans/platform/modules/org-netbeans-modules-masterfs.jar:/Users/atalati/vscode-extension/main-repo/javavscode/netbeans/nbbuild/netbeans/platform/modules/org-netbeans-modules-queries.jar:/Users/atalati/vscode-extension/main-repo/javavscode/netbeans/nbbuild/netbeans/platform/lib/org-openide-modules.jar:/Users/atalati/vscode-extension/main-repo/javavscode/netbeans/nbbuild/netbeans/ide/modules/org-netbeans-modules-projectapi.jar:/Users/atalati/vscode-extension/main-repo/javavscode/netbeans/nbbuild/netbeans/ide/modules/org-netbeans-modules-parsing-indexing.jar:/Users/atalati/vscode-extension/main-repo/javavscode/netbeans/nbbuild/netbeans/platform/modules/org-netbeans-api-progress.jar:/Users/atalati/vscode-extension/main-repo/javavscode/netbeans/nbbuild/netbeans/ide/modules/org-netbeans-modules-project-indexingbridge.jar:/Users/atalati/vscode-extension/main-repo/javavscode/netbeans/nbbuild/netbeans/ide/modules/org-netbeans-modules-projectuiapi-base.jar:/Users/atalati/vscode-extension/main-repo/javavscode/netbeans/nbbuild/netbeans/platform/modules/org-openide-explorer.jar:/Users/atalati/vscode-extension/main-repo/javavscode/netbeans/nbbuild/netbeans/platform/modules/org-netbeans-swing-outline.jar:/Users/atalati/vscode-extension/main-repo/javavscode/netbeans/nbbuild/netbeans/platform/modules/org-netbeans-swing-tabcontrol.jar:/Users/atalati/vscode-extension/main-repo/javavscode/netbeans/nbbuild/netbeans/platform/modules/org-openide-awt.jar:/Users/atalati/vscode-extension/main-repo/javavscode/netbeans/nbbuild/netbeans/platform/modules/org-openide-windows.jar:/Users/atalati/vscode-extension/main-repo/javavscode/netbeans/nbbuild/netbeans/platform/modules/org-openide-nodes.jar:/Users/atalati/vscode-extension/main-repo/javavscode/netbeans/nbbuild/netbeans/platform/modules/org-openide-dialogs.jar:/Users/atalati/vscode-extension/main-repo/javavscode/netbeans/nbbuild/netbeans/platform/modules/org-netbeans-api-progress-nb.jar:/Users/atalati/vscode-extension/main-repo/javavscode/netbeans/nbbuild/netbeans/ide/modules/org-netbeans-spi-tasklist.jar:/Users/atalati/vscode-extension/main-repo/javavscode/netbeans/nbbuild/netbeans/java/modules/org-netbeans-modules-java-project.jar:/Users/atalati/vscode-extension/main-repo/javavscode/netbeans/nbbuild/netbeans/platform/modules/org-netbeans-api-annotations-common.jar:/Users/atalati/vscode-extension/main-repo/javavscode/netbeans/nbbuild/netbeans/java/modules/org-netbeans-api-java.jar:/Users/atalati/vscode-extension/main-repo/javavscode/netbeans/nbbuild/netbeans/ide/modules/org-netbeans-api-java-classpath.jar:/Users/atalati/vscode-extension/main-repo/javavscode/netbeans/nbbuild/netbeans/platform/core/org-openide-filesystems.jar:/Users/atalati/vscode-extension/main-repo/javavscode/netbeans/nbbuild/netbeans/platform/lib/org-openide-util.jar:/Users/atalati/vscode-extension/main-repo/javavscode/netbeans/nbbuild/netbeans/platform/lib/org-openide-util-lookup.jar:/Users/atalati/vscode-extension/main-repo/javavscode/netbeans/nbbuild/netbeans/platform/lib/org-openide-modules.jar:/Users/atalati/vscode-extension/main-repo/javavscode/netbeans/nbbuild/netbeans/platform/lib/org-openide-util-ui.jar:/Users/atalati/vscode-extension/main-repo/javavscode/netbeans/nbbuild/netbeans/java/modules/org-netbeans-modules-classfile.jar:/Users/atalati/vscode-extension/main-repo/javavscode/netbeans/nbbuild/netbeans/java/modules/org-netbeans-modules-java-platform.jar:/Users/atalati/vscode-extension/main-repo/javavscode/netbeans/nbbuild/netbeans/java/modules/org-netbeans-modules-java-source-base.jar:/Users/atalati/vscode-extension/main-repo/javavscode/netbeans/nbbuild/netbeans/platform/modules/org-netbeans-api-progress.jar:/Users/atalati/vscode-extension/main-repo/javavscode/netbeans/nbbuild/netbeans/platform/modules/org-netbeans-api-scripting.jar:/Users/atalati/vscode-extension/main-repo/javavscode/netbeans/nbbuild/netbeans/java/modules/org-netbeans-lib-nbjavac.jar:/Users/atalati/vscode-extension/main-repo/javavscode/netbeans/nbbuild/netbeans/java/modules/org-netbeans-libs-javacapi.jar:/Users/atalati/vscode-extension/main-repo/javavscode/netbeans/java/libs.javacapi/external/nb-javac-jdk-22+33-api.jar:/Users/atalati/vscode-extension/main-repo/javavscode/netbeans/java/libs.javacapi/external/nb-javac-jdk-22+33.jar:/Users/atalati/vscode-extension/main-repo/javavscode/netbeans/nbbuild/netbeans/platform/core/org-netbeans-libs-asm.jar:/Users/atalati/vscode-extension/main-repo/javavscode/netbeans/platform/libs.asm/external/asm-9.6.jar:/Users/atalati/vscode-extension/main-repo/javavscode/netbeans/nbbuild/netbeans/platform/core/asm-9.6.jar:/Users/atalati/vscode-extension/main-repo/javavscode/netbeans/platform/libs.asm/external/asm-tree-9.6.jar:/Users/atalati/vscode-extension/main-repo/javavscode/netbeans/nbbuild/netbeans/platform/core/asm-tree-9.6.jar:/Users/atalati/vscode-extension/main-repo/javavscode/netbeans/platform/libs.asm/external/asm-commons-9.6.jar:/Users/atalati/vscode-extension/main-repo/javavscode/netbeans/nbbuild/netbeans/platform/core/asm-commons-9.6.jar:/Users/atalati/vscode-extension/main-repo/javavscode/netbeans/nbbuild/netbeans/ide/modules/org-netbeans-libs-lucene.jar:/Users/atalati/vscode-extension/main-repo/javavscode/netbeans/ide/libs.lucene/external/lucene-core-3.6.2.jar:/Users/atalati/vscode-extension/main-repo/javavscode/netbeans/nbbuild/netbeans/ide/modules/ext/lucene-core-3.6.2.jar:/Users/atalati/vscode-extension/main-repo/javavscode/netbeans/nbbuild/netbeans/ide/modules/org-netbeans-modules-editor-document.jar:/Users/atalati/vscode-extension/main-repo/javavscode/netbeans/nbbuild/netbeans/platform/modules/org-netbeans-modules-editor-mimelookup.jar:/Users/atalati/vscode-extension/main-repo/javavscode/netbeans/nbbuild/netbeans/ide/modules/org-netbeans-modules-editor-util.jar:/Users/atalati/vscode-extension/main-repo/javavscode/netbeans/nbbuild/netbeans/ide/modules/org-netbeans-modules-editor-guards.jar:/Users/atalati/vscode-extension/main-repo/javavscode/netbeans/nbbuild/netbeans/ide/modules/org-netbeans-modules-editor-indent.jar:/Users/atalati/vscode-extension/main-repo/javavscode/netbeans/nbbuild/netbeans/ide/modules/org-netbeans-modules-editor-settings.jar:/Users/atalati/vscode-extension/main-repo/javavscode/netbeans/nbbuild/netbeans/ide/modules/org-netbeans-modules-lexer.jar:/Users/atalati/vscode-extension/main-repo/javavscode/netbeans/nbbuild/netbeans/java/modules/org-netbeans-modules-java-lexer.jar:/Users/atalati/vscode-extension/main-repo/javavscode/netbeans/nbbuild/netbeans/java/modules/org-netbeans-modules-java-preprocessorbridge.jar:/Users/atalati/vscode-extension/main-repo/javavscode/netbeans/nbbuild/netbeans/ide/modules/org-netbeans-modules-parsing-api.jar:/Users/atalati/vscode-extension/main-repo/javavscode/netbeans/nbbuild/netbeans/ide/modules/org-netbeans-modules-parsing-lucene.jar:/Users/atalati/vscode-extension/main-repo/javavscode/netbeans/nbbuild/netbeans/platform/modules/org-netbeans-modules-masterfs.jar:/Users/atalati/vscode-extension/main-repo/javavscode/netbeans/nbbuild/netbeans/platform/modules/org-netbeans-modules-queries.jar:/Users/atalati/vscode-extension/main-repo/javavscode/netbeans/nbbuild/netbeans/ide/modules/org-netbeans-modules-projectapi.jar:/Users/atalati/vscode-extension/main-repo/javavscode/netbeans/nbbuild/netbeans/ide/modules/org-netbeans-modules-parsing-indexing.jar:/Users/atalati/vscode-extension/main-repo/javavscode/netbeans/nbbuild/netbeans/ide/modules/org-netbeans-modules-project-indexingbridge.jar:/Users/atalati/vscode-extension/main-repo/javavscode/netbeans/nbbuild/netbeans/ide/modules/org-netbeans-modules-projectuiapi-base.jar:/Users/atalati/vscode-extension/main-repo/javavscode/netbeans/nbbuild/netbeans/platform/modules/org-openide-explorer.jar:/Users/atalati/vscode-extension/main-repo/javavscode/netbeans/nbbuild/netbeans/platform/modules/org-netbeans-swing-outline.jar:/Users/atalati/vscode-extension/main-repo/javavscode/netbeans/nbbuild/netbeans/platform/modules/org-netbeans-swing-tabcontrol.jar:/Users/atalati/vscode-extension/main-repo/javavscode/netbeans/nbbuild/netbeans/platform/modules/org-openide-awt.jar:/Users/atalati/vscode-extension/main-repo/javavscode/netbeans/nbbuild/netbeans/platform/modules/org-openide-windows.jar:/Users/atalati/vscode-extension/main-repo/javavscode/netbeans/nbbuild/netbeans/platform/modules/org-openide-nodes.jar:/Users/atalati/vscode-extension/main-repo/javavscode/netbeans/nbbuild/netbeans/platform/modules/org-openide-dialogs.jar:/Users/atalati/vscode-extension/main-repo/javavscode/netbeans/nbbuild/netbeans/platform/modules/org-netbeans-api-progress-nb.jar:/Users/atalati/vscode-extension/main-repo/javavscode/netbeans/nbbuild/netbeans/ide/modules/org-netbeans-spi-tasklist.jar:/Users/atalati/vscode-extension/main-repo/javavscode/netbeans/nbbuild/netbeans/ide/modules/org-netbeans-modules-refactoring-api.jar:/Users/atalati/vscode-extension/main-repo/javavscode/netbeans/nbbuild/netbeans/ide/modules/org-netbeans-modules-diff.jar:/Users/atalati/vscode-extension/main-repo/javavscode/netbeans/nbbuild/netbeans/ide/modules/org-netbeans-modules-editor-errorstripe.jar:/Users/atalati/vscode-extension/main-repo/javavscode/netbeans/nbbuild/netbeans/ide/modules/org-netbeans-modules-editor-errorstripe-api.jar:/Users/atalati/vscode-extension/main-repo/javavscode/netbeans/nbbuild/netbeans/ide/modules/org-netbeans-modules-editor-fold.jar:/Users/atalati/vscode-extension/main-repo/javavscode/netbeans/nbbuild/netbeans/ide/modules/org-netbeans-modules-editor-settings-lib.jar:/Users/atalati/vscode-extension/main-repo/javavscode/netbeans/nbbuild/netbeans/ide/modules/org-netbeans-modules-editor-lib.jar:/Users/atalati/vscode-extension/main-repo/javavscode/netbeans/nbbuild/netbeans/ide/modules/org-netbeans-modules-editor-lib2.jar:/Users/atalati/vscode-extension/main-repo/javavscode/netbeans/nbbuild/netbeans/platform/modules/org-openide-loaders.jar:/Users/atalati/vscode-extension/main-repo/javavscode/netbeans/nbbuild/netbeans/platform/modules/org-netbeans-api-templates.jar:/Users/atalati/vscode-extension/main-repo/javavscode/netbeans/nbbuild/netbeans/platform/modules/org-openide-actions.jar:/Users/atalati/vscode-extension/main-repo/javavscode/netbeans/nbbuild/netbeans/platform/modules/org-openide-text.jar:/Users/atalati/vscode-extension/main-repo/javavscode/netbeans/nbbuild/netbeans/platform/modules/org-openide-filesystems-nb.jar:/Users/atalati/vscode-extension/main-repo/javavscode/netbeans/nbbuild/netbeans/platform/modules/org-netbeans-modules-options-api.jar:/Users/atalati/vscode-extension/main-repo/javavscode/netbeans/nbbuild/netbeans/platform/modules/org-netbeans-core.jar:/Users/atalati/vscode-extension/main-repo/javavscode/netbeans/nbbuild/netbeans/platform/lib/boot.jar:/Users/atalati/vscode-extension/main-repo/javavscode/netbeans/nbbuild/netbeans/platform/core/core.jar:/Users/atalati/vscode-extension/main-repo/javavscode/netbeans/nbbuild/netbeans/platform/core/core-base.jar:/Users/atalati/vscode-extension/main-repo/javavscode/netbeans/nbbuild/netbeans/platform/modules/org-netbeans-modules-keyring.jar:/Users/atalati/vscode-extension/main-repo/javavscode/netbeans/nbbuild/netbeans/platform/modules/org-netbeans-modules-sampler.jar:/Users/atalati/vscode-extension/main-repo/javavscode/netbeans/nbbuild/netbeans/platform/modules/org-netbeans-swing-plaf.jar:/Users/atalati/vscode-extension/main-repo/javavscode/netbeans/nbbuild/netbeans/platform/modules/org-openide-io.jar:/Users/atalati/vscode-extension/main-repo/javavscode/netbeans/nbbuild/netbeans/platform/modules/org-netbeans-api-intent.jar:/Users/atalati/vscode-extension/main-repo/javavscode/netbeans/nbbuild/netbeans/platform/modules/org-netbeans-api-io.jar:/Users/atalati/vscode-extension/main-repo/javavscode/netbeans/nbbuild/netbeans/platform/modules/org-netbeans-spi-quicksearch.jar:/Users/atalati/vscode-extension/main-repo/javavscode/netbeans/nbbuild/netbeans/ide/modules/org-netbeans-modules-options-editor.jar:/Users/atalati/vscode-extension/main-repo/javavscode/netbeans/nbbuild/netbeans/ide/modules/org-netbeans-modules-editor.jar:/Users/atalati/vscode-extension/main-repo/javavscode/netbeans/nbbuild/netbeans/ide/modules/org-netbeans-api-lsp.jar:/Users/atalati/vscode-extension/main-repo/javavscode/netbeans/nbbuild/netbeans/ide/modules/org-netbeans-modules-editor-fold-nbui.jar:/Users/atalati/vscode-extension/main-repo/javavscode/netbeans/nbbuild/netbeans/ide/modules/org-netbeans-modules-editor-settings-storage.jar:/Users/atalati/vscode-extension/main-repo/javavscode/netbeans/nbbuild/netbeans/platform/modules/org-netbeans-modules-options-keymap.jar:/Users/atalati/vscode-extension/main-repo/javavscode/netbeans/nbbuild/netbeans/ide/modules/org-netbeans-modules-project-ant.jar:/Users/atalati/vscode-extension/main-repo/javavscode/netbeans/nbbuild/netbeans/ide/modules/org-netbeans-modules-project-libraries.jar:/Users/atalati/vscode-extension/main-repo/javavscode/netbeans/nbbuild/netbeans/ide/modules/org-netbeans-modules-project-spi-intern.jar:/Users/atalati/vscode-extension/main-repo/javavscode/netbeans/nbbuild/netbeans/ide/modules/org-netbeans-modules-xml-catalog.jar:/Users/atalati/vscode-extension/main-repo/javavscode/netbeans/nbbuild/netbeans/ide/modules/org-apache-xml-resolver.jar:/Users/atalati/vscode-extension/main-repo/javavscode/netbeans/ide/o.apache.xml.resolver/external/resolver-1.2.jar:/Users/atalati/vscode-extension/main-repo/javavscode/netbeans/nbbuild/netbeans/ide/modules/ext/resolver-1.2.jar:/Users/atalati/vscode-extension/main-repo/javavscode/netbeans/nbbuild/netbeans/ide/modules/org-netbeans-api-xml.jar:/Users/atalati/vscode-extension/main-repo/javavscode/netbeans/nbbuild/netbeans/java/modules/org-netbeans-modules-java-source.jar:/Users/atalati/vscode-extension/main-repo/javavscode/netbeans/nbbuild/netbeans/platform/modules/org-netbeans-api-annotations-common.jar:/Users/atalati/vscode-extension/main-repo/javavscode/netbeans/nbbuild/netbeans/java/modules/org-netbeans-api-java.jar:/Users/atalati/vscode-extension/main-repo/javavscode/netbeans/nbbuild/netbeans/ide/modules/org-netbeans-api-java-classpath.jar:/Users/atalati/vscode-extension/main-repo/javavscode/netbeans/nbbuild/netbeans/platform/core/org-openide-filesystems.jar:/Users/atalati/vscode-extension/main-repo/javavscode/netbeans/nbbuild/netbeans/platform/lib/org-openide-util.jar:/Users/atalati/vscode-extension/main-repo/javavscode/netbeans/nbbuild/netbeans/platform/lib/org-openide-util-lookup.jar:/Users/atalati/vscode-extension/main-repo/javavscode/netbeans/nbbuild/netbeans/platform/lib/org-openide-modules.jar:/Users/atalati/vscode-extension/main-repo/javavscode/netbeans/nbbuild/netbeans/platform/lib/org-openide-util-ui.jar:/Users/atalati/vscode-extension/main-repo/javavscode/netbeans/nbbuild/netbeans/platform/modules/org-netbeans-api-progress.jar:/Users/atalati/vscode-extension/main-repo/javavscode/netbeans/nbbuild/netbeans/platform/modules/org-netbeans-api-progress-nb.jar:/Users/atalati/vscode-extension/main-repo/javavscode/netbeans/nbbuild/netbeans/platform/modules/org-openide-awt.jar:/Users/atalati/vscode-extension/main-repo/javavscode/netbeans/nbbuild/netbeans/platform/modules/org-netbeans-api-templates.jar:/Users/atalati/vscode-extension/main-repo/javavscode/netbeans/nbbuild/netbeans/platform/modules/org-netbeans-api-scripting.jar:/Users/atalati/vscode-extension/main-repo/javavscode/netbeans/nbbuild/netbeans/platform/modules/org-netbeans-modules-queries.jar:/Users/atalati/vscode-extension/main-repo/javavscode/netbeans/nbbuild/netbeans/platform/modules/org-netbeans-core-multiview.jar:/Users/atalati/vscode-extension/main-repo/javavscode/netbeans/nbbuild/netbeans/platform/modules/org-netbeans-modules-editor-mimelookup.jar:/Users/atalati/vscode-extension/main-repo/javavscode/netbeans/nbbuild/netbeans/platform/modules/org-openide-dialogs.jar:/Users/atalati/vscode-extension/main-repo/javavscode/netbeans/nbbuild/netbeans/platform/modules/org-openide-nodes.jar:/Users/atalati/vscode-extension/main-repo/javavscode/netbeans/nbbuild/netbeans/platform/modules/org-openide-text.jar:/Users/atalati/vscode-extension/main-repo/javavscode/netbeans/nbbuild/netbeans/platform/modules/org-openide-windows.jar:/Users/atalati/vscode-extension/main-repo/javavscode/netbeans/nbbuild/netbeans/java/modules/org-netbeans-lib-nbjavac.jar:/Users/atalati/vscode-extension/main-repo/javavscode/netbeans/nbbuild/netbeans/java/modules/org-netbeans-libs-javacapi.jar:/Users/atalati/vscode-extension/main-repo/javavscode/netbeans/java/libs.javacapi/external/nb-javac-jdk-22+33-api.jar:/Users/atalati/vscode-extension/main-repo/javavscode/netbeans/java/libs.javacapi/external/nb-javac-jdk-22+33.jar:/Users/atalati/vscode-extension/main-repo/javavscode/netbeans/nbbuild/netbeans/ide/modules/org-netbeans-libs-lucene.jar:/Users/atalati/vscode-extension/main-repo/javavscode/netbeans/ide/libs.lucene/external/lucene-core-3.6.2.jar:/Users/atalati/vscode-extension/main-repo/javavscode/netbeans/nbbuild/netbeans/ide/modules/ext/lucene-core-3.6.2.jar:/Users/atalati/vscode-extension/main-repo/javavscode/netbeans/nbbuild/netbeans/platform/modules/org-netbeans-modules-autoupdate-services.jar:/Users/atalati/vscode-extension/main-repo/javavscode/netbeans/nbbuild/netbeans/platform/modules/ext/updater.jar:/Users/atalati/vscode-extension/main-repo/javavscode/netbeans/nbbuild/netbeans/platform/lib/boot.jar:/Users/atalati/vscode-extension/main-repo/javavscode/netbeans/nbbuild/netbeans/platform/core/core.jar:/Users/atalati/vscode-extension/main-repo/javavscode/netbeans/nbbuild/netbeans/platform/core/org-netbeans-libs-asm.jar:/Users/atalati/vscode-extension/main-repo/javavscode/netbeans/platform/libs.asm/external/asm-9.6.jar:/Users/atalati/vscode-extension/main-repo/javavscode/netbeans/nbbuild/netbeans/platform/core/asm-9.6.jar:/Users/atalati/vscode-extension/main-repo/javavscode/netbeans/platform/libs.asm/external/asm-tree-9.6.jar:/Users/atalati/vscode-extension/main-repo/javavscode/netbeans/nbbuild/netbeans/platform/core/asm-tree-9.6.jar:/Users/atalati/vscode-extension/main-repo/javavscode/netbeans/platform/libs.asm/external/asm-commons-9.6.jar:/Users/atalati/vscode-extension/main-repo/javavscode/netbeans/nbbuild/netbeans/platform/core/asm-commons-9.6.jar:/Users/atalati/vscode-extension/main-repo/javavscode/netbeans/nbbuild/netbeans/platform/core/core-base.jar:/Users/atalati/vscode-extension/main-repo/javavscode/netbeans/nbbuild/netbeans/java/modules/org-netbeans-modules-classfile.jar:/Users/atalati/vscode-extension/main-repo/javavscode/netbeans/nbbuild/netbeans/ide/modules/org-netbeans-modules-editor-document.jar:/Users/atalati/vscode-extension/main-repo/javavscode/netbeans/nbbuild/netbeans/ide/modules/org-netbeans-modules-editor-util.jar:/Users/atalati/vscode-extension/main-repo/javavscode/netbeans/nbbuild/netbeans/ide/modules/org-netbeans-modules-editor-guards.jar:/Users/atalati/vscode-extension/main-repo/javavscode/netbeans/nbbuild/netbeans/ide/modules/org-netbeans-modules-editor-indent.jar:/Users/atalati/vscode-extension/main-repo/javavscode/netbeans/nbbuild/netbeans/ide/modules/org-netbeans-modules-editor-settings.jar:/Users/atalati/vscode-extension/main-repo/javavscode/netbeans/nbbuild/netbeans/ide/modules/org-netbeans-modules-lexer.jar:/Users/atalati/vscode-extension/main-repo/javavscode/netbeans/nbbuild/netbeans/ide/modules/org-netbeans-modules-editor-indent-project.jar:/Users/atalati/vscode-extension/main-repo/javavscode/netbeans/nbbuild/netbeans/ide/modules/org-netbeans-modules-editor-lib2.jar:/Users/atalati/vscode-extension/main-repo/javavscode/netbeans/nbbuild/netbeans/ide/modules/org-netbeans-modules-editor-settings-storage.jar:/Users/atalati/vscode-extension/main-repo/javavscode/netbeans/nbbuild/netbeans/platform/modules/org-openide-filesystems-nb.jar:/Users/atalati/vscode-extension/main-repo/javavscode/netbeans/nbbuild/netbeans/platform/modules/org-netbeans-modules-options-keymap.jar:/Users/atalati/vscode-extension/main-repo/javavscode/netbeans/nbbuild/netbeans/platform/modules/org-netbeans-modules-options-api.jar:/Users/atalati/vscode-extension/main-repo/javavscode/netbeans/nbbuild/netbeans/platform/modules/org-netbeans-core.jar:/Users/atalati/vscode-extension/main-repo/javavscode/netbeans/nbbuild/netbeans/platform/modules/org-netbeans-modules-keyring.jar:/Users/atalati/vscode-extension/main-repo/javavscode/netbeans/nbbuild/netbeans/platform/modules/org-netbeans-modules-sampler.jar:/Users/atalati/vscode-extension/main-repo/javavscode/netbeans/nbbuild/netbeans/platform/modules/org-netbeans-swing-plaf.jar:/Users/atalati/vscode-extension/main-repo/javavscode/netbeans/nbbuild/netbeans/platform/modules/org-openide-actions.jar:/Users/atalati/vscode-extension/main-repo/javavscode/netbeans/nbbuild/netbeans/platform/modules/org-openide-explorer.jar:/Users/atalati/vscode-extension/main-repo/javavscode/netbeans/nbbuild/netbeans/platform/modules/org-netbeans-swing-outline.jar:/Users/atalati/vscode-extension/main-repo/javavscode/netbeans/nbbuild/netbeans/platform/modules/org-netbeans-swing-tabcontrol.jar:/Users/atalati/vscode-extension/main-repo/javavscode/netbeans/nbbuild/netbeans/platform/modules/org-openide-io.jar:/Users/atalati/vscode-extension/main-repo/javavscode/netbeans/nbbuild/netbeans/platform/modules/org-netbeans-api-intent.jar:/Users/atalati/vscode-extension/main-repo/javavscode/netbeans/nbbuild/netbeans/platform/modules/org-netbeans-api-io.jar:/Users/atalati/vscode-extension/main-repo/javavscode/netbeans/nbbuild/netbeans/platform/modules/org-openide-loaders.jar:/Users/atalati/vscode-extension/main-repo/javavscode/netbeans/nbbuild/netbeans/platform/modules/org-netbeans-spi-quicksearch.jar:/Users/atalati/vscode-extension/main-repo/javavscode/netbeans/nbbuild/netbeans/ide/modules/org-netbeans-modules-editor-settings-lib.jar:/Users/atalati/vscode-extension/main-repo/javavscode/netbeans/nbbuild/netbeans/ide/modules/org-netbeans-modules-options-editor.jar:/Users/atalati/vscode-extension/main-repo/javavscode/netbeans/nbbuild/netbeans/ide/modules/org-netbeans-modules-editor.jar:/Users/atalati/vscode-extension/main-repo/javavscode/netbeans/nbbuild/netbeans/ide/modules/org-netbeans-api-lsp.jar:/Users/atalati/vscode-extension/main-repo/javavscode/netbeans/nbbuild/netbeans/ide/modules/org-netbeans-modules-editor-fold.jar:/Users/atalati/vscode-extension/main-repo/javavscode/netbeans/nbbuild/netbeans/ide/modules/org-netbeans-modules-editor-fold-nbui.jar:/Users/atalati/vscode-extension/main-repo/javavscode/netbeans/nbbuild/netbeans/ide/modules/org-netbeans-modules-editor-lib.jar:/Users/atalati/vscode-extension/main-repo/javavscode/netbeans/nbbuild/netbeans/ide/modules/org-netbeans-modules-projectapi.jar:/Users/atalati/vscode-extension/main-repo/javavscode/netbeans/nbbuild/netbeans/ide/modules/org-netbeans-modules-projectuiapi.jar:/Users/atalati/vscode-extension/main-repo/javavscode/netbeans/nbbuild/netbeans/ide/modules/org-netbeans-modules-projectuiapi-base.jar:/Users/atalati/vscode-extension/main-repo/javavscode/netbeans/nbbuild/netbeans/ide/modules/org-netbeans-modules-editor-indent-support.jar:/Users/atalati/vscode-extension/main-repo/javavscode/netbeans/nbbuild/netbeans/java/modules/org-netbeans-modules-java-platform.jar:/Users/atalati/vscode-extension/main-repo/javavscode/netbeans/nbbuild/netbeans/java/modules/org-netbeans-modules-java-preprocessorbridge.jar:/Users/atalati/vscode-extension/main-repo/javavscode/netbeans/nbbuild/netbeans/ide/modules/org-netbeans-modules-parsing-api.jar:/Users/atalati/vscode-extension/main-repo/javavscode/netbeans/nbbuild/netbeans/ide/modules/org-netbeans-modules-parsing-lucene.jar:/Users/atalati/vscode-extension/main-repo/javavscode/netbeans/nbbuild/netbeans/platform/modules/org-netbeans-modules-masterfs.jar:/Users/atalati/vscode-extension/main-repo/javavscode/netbeans/nbbuild/netbeans/ide/modules/org-netbeans-modules-parsing-indexing.jar:/Users/atalati/vscode-extension/main-repo/javavscode/netbeans/nbbuild/netbeans/ide/modules/org-netbeans-modules-project-indexingbridge.jar:/Users/atalati/vscode-extension/main-repo/javavscode/netbeans/nbbuild/netbeans/ide/modules/org-netbeans-spi-tasklist.jar:/Users/atalati/vscode-extension/main-repo/javavscode/netbeans/nbbuild/netbeans/java/modules/org-netbeans-modules-java-source-base.jar:/Users/atalati/vscode-extension/main-repo/javavscode/netbeans/nbbuild/netbeans/java/modules/org-netbeans-modules-java-lexer.jar:/Users/atalati/vscode-extension/main-repo/javavscode/netbeans/nbbuild/netbeans/ide/modules/org-netbeans-modules-refactoring-api.jar:/Users/atalati/vscode-extension/main-repo/javavscode/netbeans/nbbuild/netbeans/ide/modules/org-netbeans-modules-diff.jar:/Users/atalati/vscode-extension/main-repo/javavscode/netbeans/nbbuild/netbeans/ide/modules/org-netbeans-modules-editor-errorstripe.jar:/Users/atalati/vscode-extension/main-repo/javavscode/netbeans/nbbuild/netbeans/ide/modules/org-netbeans-modules-editor-errorstripe-api.jar:/Users/atalati/vscode-extension/main-repo/javavscode/netbeans/nbbuild/netbeans/java/modules/org-netbeans-modules-java-source-base.jar:/Users/atalati/vscode-extension/main-repo/javavscode/netbeans/nbbuild/netbeans/platform/modules/org-netbeans-api-annotations-common.jar:/Users/atalati/vscode-extension/main-repo/javavscode/netbeans/nbbuild/netbeans/java/modules/org-netbeans-api-java.jar:/Users/atalati/vscode-extension/main-repo/javavscode/netbeans/nbbuild/netbeans/ide/modules/org-netbeans-api-java-classpath.jar:/Users/atalati/vscode-extension/main-repo/javavscode/netbeans/nbbuild/netbeans/platform/core/org-openide-filesystems.jar:/Users/atalati/vscode-extension/main-repo/javavscode/netbeans/nbbuild/netbeans/platform/lib/org-openide-util.jar:/Users/atalati/vscode-extension/main-repo/javavscode/netbeans/nbbuild/netbeans/platform/lib/org-openide-util-lookup.jar:/Users/atalati/vscode-extension/main-repo/javavscode/netbeans/nbbuild/netbeans/platform/lib/org-openide-modules.jar:/Users/atalati/vscode-extension/main-repo/javavscode/netbeans/nbbuild/netbeans/platform/lib/org-openide-util-ui.jar:/Users/atalati/vscode-extension/main-repo/javavscode/netbeans/nbbuild/netbeans/platform/modules/org-netbeans-api-progress.jar:/Users/atalati/vscode-extension/main-repo/javavscode/netbeans/nbbuild/netbeans/platform/modules/org-netbeans-api-scripting.jar:/Users/atalati/vscode-extension/main-repo/javavscode/netbeans/nbbuild/netbeans/java/modules/org-netbeans-lib-nbjavac.jar:/Users/atalati/vscode-extension/main-repo/javavscode/netbeans/nbbuild/netbeans/java/modules/org-netbeans-libs-javacapi.jar:/Users/atalati/vscode-extension/main-repo/javavscode/netbeans/java/libs.javacapi/external/nb-javac-jdk-22+33-api.jar:/Users/atalati/vscode-extension/main-repo/javavscode/netbeans/java/libs.javacapi/external/nb-javac-jdk-22+33.jar:/Users/atalati/vscode-extension/main-repo/javavscode/netbeans/nbbuild/netbeans/platform/core/org-netbeans-libs-asm.jar:/Users/atalati/vscode-extension/main-repo/javavscode/netbeans/platform/libs.asm/external/asm-9.6.jar:/Users/atalati/vscode-extension/main-repo/javavscode/netbeans/nbbuild/netbeans/platform/core/asm-9.6.jar:/Users/atalati/vscode-extension/main-repo/javavscode/netbeans/platform/libs.asm/external/asm-tree-9.6.jar:/Users/atalati/vscode-extension/main-repo/javavscode/netbeans/nbbuild/netbeans/platform/core/asm-tree-9.6.jar:/Users/atalati/vscode-extension/main-repo/javavscode/netbeans/platform/libs.asm/external/asm-commons-9.6.jar:/Users/atalati/vscode-extension/main-repo/javavscode/netbeans/nbbuild/netbeans/platform/core/asm-commons-9.6.jar:/Users/atalati/vscode-extension/main-repo/javavscode/netbeans/nbbuild/netbeans/ide/modules/org-netbeans-libs-lucene.jar:/Users/atalati/vscode-extension/main-repo/javavscode/netbeans/ide/libs.lucene/external/lucene-core-3.6.2.jar:/Users/atalati/vscode-extension/main-repo/javavscode/netbeans/nbbuild/netbeans/ide/modules/ext/lucene-core-3.6.2.jar:/Users/atalati/vscode-extension/main-repo/javavscode/netbeans/nbbuild/netbeans/java/modules/org-netbeans-modules-classfile.jar:/Users/atalati/vscode-extension/main-repo/javavscode/netbeans/nbbuild/netbeans/ide/modules/org-netbeans-modules-editor-document.jar:/Users/atalati/vscode-extension/main-repo/javavscode/netbeans/nbbuild/netbeans/platform/modules/org-netbeans-modules-editor-mimelookup.jar:/Users/atalati/vscode-extension/main-repo/javavscode/netbeans/nbbuild/netbeans/ide/modules/org-netbeans-modules-editor-util.jar:/Users/atalati/vscode-extension/main-repo/javavscode/netbeans/nbbuild/netbeans/ide/modules/org-netbeans-modules-editor-guards.jar:/Users/atalati/vscode-extension/main-repo/javavscode/netbeans/nbbuild/netbeans/ide/modules/org-netbeans-modules-editor-indent.jar:/Users/atalati/vscode-extension/main-repo/javavscode/netbeans/nbbuild/netbeans/ide/modules/org-netbeans-modules-editor-settings.jar:/Users/atalati/vscode-extension/main-repo/javavscode/netbeans/nbbuild/netbeans/ide/modules/org-netbeans-modules-lexer.jar:/Users/atalati/vscode-extension/main-repo/javavscode/netbeans/nbbuild/netbeans/java/modules/org-netbeans-modules-java-lexer.jar:/Users/atalati/vscode-extension/main-repo/javavscode/netbeans/nbbuild/netbeans/java/modules/org-netbeans-modules-java-platform.jar:/Users/atalati/vscode-extension/main-repo/javavscode/netbeans/nbbuild/netbeans/java/modules/org-netbeans-modules-java-preprocessorbridge.jar:/Users/atalati/vscode-extension/main-repo/javavscode/netbeans/nbbuild/netbeans/ide/modules/org-netbeans-modules-parsing-api.jar:/Users/atalati/vscode-extension/main-repo/javavscode/netbeans/nbbuild/netbeans/ide/modules/org-netbeans-modules-parsing-lucene.jar:/Users/atalati/vscode-extension/main-repo/javavscode/netbeans/nbbuild/netbeans/platform/modules/org-netbeans-modules-masterfs.jar:/Users/atalati/vscode-extension/main-repo/javavscode/netbeans/nbbuild/netbeans/platform/modules/org-netbeans-modules-queries.jar:/Users/atalati/vscode-extension/main-repo/javavscode/netbeans/nbbuild/netbeans/ide/modules/org-netbeans-modules-projectapi.jar:/Users/atalati/vscode-extension/main-repo/javavscode/netbeans/nbbuild/netbeans/ide/modules/org-netbeans-modules-parsing-indexing.jar:/Users/atalati/vscode-extension/main-repo/javavscode/netbeans/nbbuild/netbeans/ide/modules/org-netbeans-modules-project-indexingbridge.jar:/Users/atalati/vscode-extension/main-repo/javavscode/netbeans/nbbuild/netbeans/ide/modules/org-netbeans-modules-projectuiapi-base.jar:/Users/atalati/vscode-extension/main-repo/javavscode/netbeans/nbbuild/netbeans/platform/modules/org-openide-explorer.jar:/Users/atalati/vscode-extension/main-repo/javavscode/netbeans/nbbuild/netbeans/platform/modules/org-netbeans-swing-outline.jar:/Users/atalati/vscode-extension/main-repo/javavscode/netbeans/nbbuild/netbeans/platform/modules/org-netbeans-swing-tabcontrol.jar:/Users/atalati/vscode-extension/main-repo/javavscode/netbeans/nbbuild/netbeans/platform/modules/org-openide-awt.jar:/Users/atalati/vscode-extension/main-repo/javavscode/netbeans/nbbuild/netbeans/platform/modules/org-openide-windows.jar:/Users/atalati/vscode-extension/main-repo/javavscode/netbeans/nbbuild/netbeans/platform/modules/org-openide-nodes.jar:/Users/atalati/vscode-extension/main-repo/javavscode/netbeans/nbbuild/netbeans/platform/modules/org-openide-dialogs.jar:/Users/atalati/vscode-extension/main-repo/javavscode/netbeans/nbbuild/netbeans/platform/modules/org-netbeans-api-progress-nb.jar:/Users/atalati/vscode-extension/main-repo/javavscode/netbeans/nbbuild/netbeans/ide/modules/org-netbeans-spi-tasklist.jar:/Users/atalati/vscode-extension/main-repo/javavscode/netbeans/nbbuild/netbeans/ide/modules/org-netbeans-modules-refactoring-api.jar:/Users/atalati/vscode-extension/main-repo/javavscode/netbeans/nbbuild/netbeans/ide/modules/org-netbeans-modules-diff.jar:/Users/atalati/vscode-extension/main-repo/javavscode/netbeans/nbbuild/netbeans/ide/modules/org-netbeans-modules-editor-errorstripe.jar:/Users/atalati/vscode-extension/main-repo/javavscode/netbeans/nbbuild/netbeans/ide/modules/org-netbeans-modules-editor-errorstripe-api.jar:/Users/atalati/vscode-extension/main-repo/javavscode/netbeans/nbbuild/netbeans/ide/modules/org-netbeans-modules-editor-fold.jar:/Users/atalati/vscode-extension/main-repo/javavscode/netbeans/nbbuild/netbeans/ide/modules/org-netbeans-modules-editor-settings-lib.jar:/Users/atalati/vscode-extension/main-repo/javavscode/netbeans/nbbuild/netbeans/ide/modules/org-netbeans-modules-editor-lib.jar:/Users/atalati/vscode-extension/main-repo/javavscode/netbeans/nbbuild/netbeans/ide/modules/org-netbeans-modules-editor-lib2.jar:/Users/atalati/vscode-extension/main-repo/javavscode/netbeans/nbbuild/netbeans/platform/modules/org-openide-loaders.jar:/Users/atalati/vscode-extension/main-repo/javavscode/netbeans/nbbuild/netbeans/platform/modules/org-netbeans-api-templates.jar:/Users/atalati/vscode-extension/main-repo/javavscode/netbeans/nbbuild/netbeans/platform/modules/org-openide-actions.jar:/Users/atalati/vscode-extension/main-repo/javavscode/netbeans/nbbuild/netbeans/platform/modules/org-openide-text.jar:/Users/atalati/vscode-extension/main-repo/javavscode/netbeans/nbbuild/netbeans/platform/modules/org-openide-filesystems-nb.jar:/Users/atalati/vscode-extension/main-repo/javavscode/netbeans/nbbuild/netbeans/platform/modules/org-netbeans-modules-options-api.jar:/Users/atalati/vscode-extension/main-repo/javavscode/netbeans/nbbuild/netbeans/platform/modules/org-netbeans-core.jar:/Users/atalati/vscode-extension/main-repo/javavscode/netbeans/nbbuild/netbeans/platform/lib/boot.jar:/Users/atalati/vscode-extension/main-repo/javavscode/netbeans/nbbuild/netbeans/platform/core/core.jar:/Users/atalati/vscode-extension/main-repo/javavscode/netbeans/nbbuild/netbeans/platform/core/core-base.jar:/Users/atalati/vscode-extension/main-repo/javavscode/netbeans/nbbuild/netbeans/platform/modules/org-netbeans-modules-keyring.jar:/Users/atalati/vscode-extension/main-repo/javavscode/netbeans/nbbuild/netbeans/platform/modules/org-netbeans-modules-sampler.jar:/Users/atalati/vscode-extension/main-repo/javavscode/netbeans/nbbuild/netbeans/platform/modules/org-netbeans-swing-plaf.jar:/Users/atalati/vscode-extension/main-repo/javavscode/netbeans/nbbuild/netbeans/platform/modules/org-openide-io.jar:/Users/atalati/vscode-extension/main-repo/javavscode/netbeans/nbbuild/netbeans/platform/modules/org-netbeans-api-intent.jar:/Users/atalati/vscode-extension/main-repo/javavscode/netbeans/nbbuild/netbeans/platform/modules/org-netbeans-api-io.jar:/Users/atalati/vscode-extension/main-repo/javavscode/netbeans/nbbuild/netbeans/platform/modules/org-netbeans-spi-quicksearch.jar:/Users/atalati/vscode-extension/main-repo/javavscode/netbeans/nbbuild/netbeans/ide/modules/org-netbeans-modules-options-editor.jar:/Users/atalati/vscode-extension/main-repo/javavscode/netbeans/nbbuild/netbeans/ide/modules/org-netbeans-modules-editor.jar:/Users/atalati/vscode-extension/main-repo/javavscode/netbeans/nbbuild/netbeans/ide/modules/org-netbeans-api-lsp.jar:/Users/atalati/vscode-extension/main-repo/javavscode/netbeans/nbbuild/netbeans/ide/modules/org-netbeans-modules-editor-fold-nbui.jar:/Users/atalati/vscode-extension/main-repo/javavscode/netbeans/nbbuild/netbeans/ide/modules/org-netbeans-modules-editor-settings-storage.jar:/Users/atalati/vscode-extension/main-repo/javavscode/netbeans/nbbuild/netbeans/platform/modules/org-netbeans-modules-options-keymap.jar:/Users/atalati/vscode-extension/main-repo/javavscode/netbeans/nbbuild/netbeans/java/modules/org-netbeans-modules-java-sourceui.jar:/Users/atalati/vscode-extension/main-repo/javavscode/netbeans/nbbuild/netbeans/platform/modules/org-netbeans-api-annotations-common.jar:/Users/atalati/vscode-extension/main-repo/javavscode/netbeans/nbbuild/netbeans/java/modules/org-netbeans-api-java.jar:/Users/atalati/vscode-extension/main-repo/javavscode/netbeans/nbbuild/netbeans/ide/modules/org-netbeans-api-java-classpath.jar:/Users/atalati/vscode-extension/main-repo/javavscode/netbeans/nbbuild/netbeans/platform/core/org-openide-filesystems.jar:/Users/atalati/vscode-extension/main-repo/javavscode/netbeans/nbbuild/netbeans/platform/lib/org-openide-util.jar:/Users/atalati/vscode-extension/main-repo/javavscode/netbeans/nbbuild/netbeans/platform/lib/org-openide-util-lookup.jar:/Users/atalati/vscode-extension/main-repo/javavscode/netbeans/nbbuild/netbeans/platform/lib/org-openide-modules.jar:/Users/atalati/vscode-extension/main-repo/javavscode/netbeans/nbbuild/netbeans/platform/lib/org-openide-util-ui.jar:/Users/atalati/vscode-extension/main-repo/javavscode/netbeans/nbbuild/netbeans/ide/modules/org-netbeans-api-lsp.jar:/Users/atalati/vscode-extension/main-repo/javavscode/netbeans/nbbuild/netbeans/platform/modules/org-netbeans-modules-editor-mimelookup.jar:/Users/atalati/vscode-extension/main-repo/javavscode/netbeans/nbbuild/netbeans/ide/modules/org-netbeans-modules-editor-util.jar:/Users/atalati/vscode-extension/main-repo/javavscode/netbeans/nbbuild/netbeans/platform/modules/org-netbeans-api-progress.jar:/Users/atalati/vscode-extension/main-repo/javavscode/netbeans/nbbuild/netbeans/platform/modules/org-netbeans-api-progress-nb.jar:/Users/atalati/vscode-extension/main-repo/javavscode/netbeans/nbbuild/netbeans/platform/modules/org-openide-awt.jar:/Users/atalati/vscode-extension/main-repo/javavscode/netbeans/nbbuild/netbeans/java/modules/org-netbeans-lib-nbjavac.jar:/Users/atalati/vscode-extension/main-repo/javavscode/netbeans/nbbuild/netbeans/java/modules/org-netbeans-libs-javacapi.jar:/Users/atalati/vscode-extension/main-repo/javavscode/netbeans/java/libs.javacapi/external/nb-javac-jdk-22+33-api.jar:/Users/atalati/vscode-extension/main-repo/javavscode/netbeans/java/libs.javacapi/external/nb-javac-jdk-22+33.jar:/Users/atalati/vscode-extension/main-repo/javavscode/netbeans/nbbuild/netbeans/ide/modules/org-netbeans-libs-lucene.jar:/Users/atalati/vscode-extension/main-repo/javavscode/netbeans/ide/libs.lucene/external/lucene-core-3.6.2.jar:/Users/atalati/vscode-extension/main-repo/javavscode/netbeans/nbbuild/netbeans/ide/modules/ext/lucene-core-3.6.2.jar:/Users/atalati/vscode-extension/main-repo/javavscode/netbeans/nbbuild/netbeans/ide/modules/org-netbeans-modules-editor-fold.jar:/Users/atalati/vscode-extension/main-repo/javavscode/netbeans/nbbuild/netbeans/ide/modules/org-netbeans-modules-editor-settings.jar:/Users/atalati/vscode-extension/main-repo/javavscode/netbeans/nbbuild/netbeans/ide/modules/org-netbeans-modules-lexer.jar:/Users/atalati/vscode-extension/main-repo/javavscode/netbeans/nbbuild/netbeans/ide/modules/org-netbeans-modules-editor-settings-lib.jar:/Users/atalati/vscode-extension/main-repo/javavscode/netbeans/nbbuild/netbeans/ide/modules/org-netbeans-modules-editor-lib.jar:/Users/atalati/vscode-extension/main-repo/javavscode/netbeans/nbbuild/netbeans/ide/modules/org-netbeans-modules-editor-document.jar:/Users/atalati/vscode-extension/main-repo/javavscode/netbeans/nbbuild/netbeans/ide/modules/org-netbeans-modules-editor-guards.jar:/Users/atalati/vscode-extension/main-repo/javavscode/netbeans/nbbuild/netbeans/ide/modules/org-netbeans-modules-editor-indent.jar:/Users/atalati/vscode-extension/main-repo/javavscode/netbeans/nbbuild/netbeans/ide/modules/org-netbeans-modules-editor-lib2.jar:/Users/atalati/vscode-extension/main-repo/javavscode/netbeans/nbbuild/netbeans/platform/modules/org-openide-dialogs.jar:/Users/atalati/vscode-extension/main-repo/javavscode/netbeans/nbbuild/netbeans/java/modules/org-netbeans-modules-java-lexer.jar:/Users/atalati/vscode-extension/main-repo/javavscode/netbeans/nbbuild/netbeans/java/modules/org-netbeans-modules-java-platform.jar:/Users/atalati/vscode-extension/main-repo/javavscode/netbeans/nbbuild/netbeans/java/modules/org-netbeans-modules-java-preprocessorbridge.jar:/Users/atalati/vscode-extension/main-repo/javavscode/netbeans/nbbuild/netbeans/ide/modules/org-netbeans-modules-parsing-api.jar:/Users/atalati/vscode-extension/main-repo/javavscode/netbeans/nbbuild/netbeans/ide/modules/org-netbeans-modules-parsing-lucene.jar:/Users/atalati/vscode-extension/main-repo/javavscode/netbeans/nbbuild/netbeans/platform/modules/org-netbeans-modules-masterfs.jar:/Users/atalati/vscode-extension/main-repo/javavscode/netbeans/nbbuild/netbeans/platform/modules/org-netbeans-modules-queries.jar:/Users/atalati/vscode-extension/main-repo/javavscode/netbeans/nbbuild/netbeans/ide/modules/org-netbeans-modules-projectapi.jar:/Users/atalati/vscode-extension/main-repo/javavscode/netbeans/nbbuild/netbeans/ide/modules/org-netbeans-modules-parsing-indexing.jar:/Users/atalati/vscode-extension/main-repo/javavscode/netbeans/nbbuild/netbeans/ide/modules/org-netbeans-modules-project-indexingbridge.jar:/Users/atalati/vscode-extension/main-repo/javavscode/netbeans/nbbuild/netbeans/ide/modules/org-netbeans-modules-projectuiapi-base.jar:/Users/atalati/vscode-extension/main-repo/javavscode/netbeans/nbbuild/netbeans/platform/modules/org-openide-explorer.jar:/Users/atalati/vscode-extension/main-repo/javavscode/netbeans/nbbuild/netbeans/platform/modules/org-netbeans-swing-outline.jar:/Users/atalati/vscode-extension/main-repo/javavscode/netbeans/nbbuild/netbeans/platform/modules/org-netbeans-swing-tabcontrol.jar:/Users/atalati/vscode-extension/main-repo/javavscode/netbeans/nbbuild/netbeans/platform/modules/org-openide-windows.jar:/Users/atalati/vscode-extension/main-repo/javavscode/netbeans/nbbuild/netbeans/platform/modules/org-openide-nodes.jar:/Users/atalati/vscode-extension/main-repo/javavscode/netbeans/nbbuild/netbeans/ide/modules/org-netbeans-spi-tasklist.jar:/Users/atalati/vscode-extension/main-repo/javavscode/netbeans/nbbuild/netbeans/java/modules/org-netbeans-modules-java-source.jar:/Users/atalati/vscode-extension/main-repo/javavscode/netbeans/nbbuild/netbeans/platform/modules/org-netbeans-api-templates.jar:/Users/atalati/vscode-extension/main-repo/javavscode/netbeans/nbbuild/netbeans/platform/modules/org-netbeans-api-scripting.jar:/Users/atalati/vscode-extension/main-repo/javavscode/netbeans/nbbuild/netbeans/platform/modules/org-netbeans-core-multiview.jar:/Users/atalati/vscode-extension/main-repo/javavscode/netbeans/nbbuild/netbeans/platform/modules/org-openide-text.jar:/Users/atalati/vscode-extension/main-repo/javavscode/netbeans/nbbuild/netbeans/platform/modules/org-netbeans-modules-autoupdate-services.jar:/Users/atalati/vscode-extension/main-repo/javavscode/netbeans/nbbuild/netbeans/platform/modules/ext/updater.jar:/Users/atalati/vscode-extension/main-repo/javavscode/netbeans/nbbuild/netbeans/platform/lib/boot.jar:/Users/atalati/vscode-extension/main-repo/javavscode/netbeans/nbbuild/netbeans/platform/core/core.jar:/Users/atalati/vscode-extension/main-repo/javavscode/netbeans/nbbuild/netbeans/platform/core/org-netbeans-libs-asm.jar:/Users/atalati/vscode-extension/main-repo/javavscode/netbeans/platform/libs.asm/external/asm-9.6.jar:/Users/atalati/vscode-extension/main-repo/javavscode/netbeans/nbbuild/netbeans/platform/core/asm-9.6.jar:/Users/atalati/vscode-extension/main-repo/javavscode/netbeans/platform/libs.asm/external/asm-tree-9.6.jar:/Users/atalati/vscode-extension/main-repo/javavscode/netbeans/nbbuild/netbeans/platform/core/asm-tree-9.6.jar:/Users/atalati/vscode-extension/main-repo/javavscode/netbeans/platform/libs.asm/external/asm-commons-9.6.jar:/Users/atalati/vscode-extension/main-repo/javavscode/netbeans/nbbuild/netbeans/platform/core/asm-commons-9.6.jar:/Users/atalati/vscode-extension/main-repo/javavscode/netbeans/nbbuild/netbeans/platform/core/core-base.jar:/Users/atalati/vscode-extension/main-repo/javavscode/netbeans/nbbuild/netbeans/java/modules/org-netbeans-modules-classfile.jar:/Users/atalati/vscode-extension/main-repo/javavscode/netbeans/nbbuild/netbeans/ide/modules/org-netbeans-modules-editor-indent-project.jar:/Users/atalati/vscode-extension/main-repo/javavscode/netbeans/nbbuild/netbeans/ide/modules/org-netbeans-modules-editor-settings-storage.jar:/Users/atalati/vscode-extension/main-repo/javavscode/netbeans/nbbuild/netbeans/platform/modules/org-openide-filesystems-nb.jar:/Users/atalati/vscode-extension/main-repo/javavscode/netbeans/nbbuild/netbeans/platform/modules/org-netbeans-modules-options-keymap.jar:/Users/atalati/vscode-extension/main-repo/javavscode/netbeans/nbbuild/netbeans/platform/modules/org-netbeans-modules-options-api.jar:/Users/atalati/vscode-extension/main-repo/javavscode/netbeans/nbbuild/netbeans/platform/modules/org-netbeans-core.jar:/Users/atalati/vscode-extension/main-repo/javavscode/netbeans/nbbuild/netbeans/platform/modules/org-netbeans-modules-keyring.jar:/Users/atalati/vscode-extension/main-repo/javavscode/netbeans/nbbuild/netbeans/platform/modules/org-netbeans-modules-sampler.jar:/Users/atalati/vscode-extension/main-repo/javavscode/netbeans/nbbuild/netbeans/platform/modules/org-netbeans-swing-plaf.jar:/Users/atalati/vscode-extension/main-repo/javavscode/netbeans/nbbuild/netbeans/platform/modules/org-openide-actions.jar:/Users/atalati/vscode-extension/main-repo/javavscode/netbeans/nbbuild/netbeans/platform/modules/org-openide-io.jar:/Users/atalati/vscode-extension/main-repo/javavscode/netbeans/nbbuild/netbeans/platform/modules/org-netbeans-api-intent.jar:/Users/atalati/vscode-extension/main-repo/javavscode/netbeans/nbbuild/netbeans/platform/modules/org-netbeans-api-io.jar:/Users/atalati/vscode-extension/main-repo/javavscode/netbeans/nbbuild/netbeans/platform/modules/org-openide-loaders.jar:/Users/atalati/vscode-extension/main-repo/javavscode/netbeans/nbbuild/netbeans/platform/modules/org-netbeans-spi-quicksearch.jar:/Users/atalati/vscode-extension/main-repo/javavscode/netbeans/nbbuild/netbeans/ide/modules/org-netbeans-modules-options-editor.jar:/Users/atalati/vscode-extension/main-repo/javavscode/netbeans/nbbuild/netbeans/ide/modules/org-netbeans-modules-editor.jar:/Users/atalati/vscode-extension/main-repo/javavscode/netbeans/nbbuild/netbeans/ide/modules/org-netbeans-modules-editor-fold-nbui.jar:/Users/atalati/vscode-extension/main-repo/javavscode/netbeans/nbbuild/netbeans/ide/modules/org-netbeans-modules-projectuiapi.jar:/Users/atalati/vscode-extension/main-repo/javavscode/netbeans/nbbuild/netbeans/ide/modules/org-netbeans-modules-editor-indent-support.jar:/Users/atalati/vscode-extension/main-repo/javavscode/netbeans/nbbuild/netbeans/java/modules/org-netbeans-modules-java-source-base.jar:/Users/atalati/vscode-extension/main-repo/javavscode/netbeans/nbbuild/netbeans/ide/modules/org-netbeans-modules-refactoring-api.jar:/Users/atalati/vscode-extension/main-repo/javavscode/netbeans/nbbuild/netbeans/ide/modules/org-netbeans-modules-diff.jar:/Users/atalati/vscode-extension/main-repo/javavscode/netbeans/nbbuild/netbeans/ide/modules/org-netbeans-modules-editor-errorstripe.jar:/Users/atalati/vscode-extension/main-repo/javavscode/netbeans/nbbuild/netbeans/ide/modules/org-netbeans-modules-editor-errorstripe-api.jar:/Users/atalati/vscode-extension/main-repo/javavscode/netbeans/nbbuild/netbeans/ide/modules/org-netbeans-modules-jumpto.jar:/Users/atalati/vscode-extension/main-repo/javavscode/netbeans/nbbuild/netbeans/platform/modules/org-netbeans-api-search.jar:/Users/atalati/vscode-extension/main-repo/javavscode/netbeans/nbbuild/netbeans/platform/modules/org-netbeans-core-ui.jar:/Users/atalati/vscode-extension/main-repo/javavscode/netbeans/nbbuild/netbeans/ide/modules/org-netbeans-modules-lexer.jar:/Users/atalati/vscode-extension/main-repo/javavscode/netbeans/nbbuild/netbeans/ide/modules/org-netbeans-modules-editor-util.jar:/Users/atalati/vscode-extension/main-repo/javavscode/netbeans/nbbuild/netbeans/platform/lib/org-openide-util.jar:/Users/atalati/vscode-extension/main-repo/javavscode/netbeans/nbbuild/netbeans/platform/lib/org-openide-util-lookup.jar:/Users/atalati/vscode-extension/main-repo/javavscode/netbeans/nbbuild/netbeans/platform/lib/org-openide-util-ui.jar:/Users/atalati/vscode-extension/main-repo/javavscode/netbeans/nbbuild/netbeans/platform/modules/org-netbeans-modules-options-api.jar:/Users/atalati/vscode-extension/main-repo/javavscode/netbeans/nbbuild/netbeans/platform/modules/org-netbeans-api-progress.jar:/Users/atalati/vscode-extension/main-repo/javavscode/netbeans/nbbuild/netbeans/platform/lib/org-openide-modules.jar:/Users/atalati/vscode-extension/main-repo/javavscode/netbeans/nbbuild/netbeans/platform/lib/org-openide-util-ui.jar:/Users/atalati/vscode-extension/main-repo/javavscode/netbeans/nbbuild/netbeans/platform/lib/org-openide-util.jar:/Users/atalati/vscode-extension/main-repo/javavscode/netbeans/nbbuild/netbeans/platform/lib/org-openide-util-lookup.jar:/Users/atalati/vscode-extension/main-repo/javavscode/netbeans/nbbuild/netbeans/platform/modules/org-netbeans-api-progress-nb.jar:/Users/atalati/vscode-extension/main-repo/javavscode/netbeans/nbbuild/netbeans/platform/modules/org-openide-awt.jar:/Users/atalati/vscode-extension/main-repo/javavscode/netbeans/nbbuild/netbeans/platform/modules/org-netbeans-api-annotations-common.jar:/Users/atalati/vscode-extension/main-repo/javavscode/netbeans/nbbuild/netbeans/platform/core/org-openide-filesystems.jar:/Users/atalati/vscode-extension/main-repo/javavscode/netbeans/nbbuild/netbeans/platform/modules/org-netbeans-core.jar:/Users/atalati/vscode-extension/main-repo/javavscode/netbeans/nbbuild/netbeans/platform/lib/boot.jar:/Users/atalati/vscode-extension/main-repo/javavscode/netbeans/nbbuild/netbeans/platform/core/core.jar:/Users/atalati/vscode-extension/main-repo/javavscode/netbeans/nbbuild/netbeans/platform/core/org-netbeans-libs-asm.jar:/Users/atalati/vscode-extension/main-repo/javavscode/netbeans/platform/libs.asm/external/asm-9.6.jar:/Users/atalati/vscode-extension/main-repo/javavscode/netbeans/nbbuild/netbeans/platform/core/asm-9.6.jar:/Users/atalati/vscode-extension/main-repo/javavscode/netbeans/platform/libs.asm/external/asm-tree-9.6.jar:/Users/atalati/vscode-extension/main-repo/javavscode/netbeans/nbbuild/netbeans/platform/core/asm-tree-9.6.jar:/Users/atalati/vscode-extension/main-repo/javavscode/netbeans/platform/libs.asm/external/asm-commons-9.6.jar:/Users/atalati/vscode-extension/main-repo/javavscode/netbeans/nbbuild/netbeans/platform/core/asm-commons-9.6.jar:/Users/atalati/vscode-extension/main-repo/javavscode/netbeans/nbbuild/netbeans/platform/core/core-base.jar:/Users/atalati/vscode-extension/main-repo/javavscode/netbeans/nbbuild/netbeans/platform/modules/org-netbeans-modules-keyring.jar:/Users/atalati/vscode-extension/main-repo/javavscode/netbeans/nbbuild/netbeans/platform/modules/org-netbeans-modules-sampler.jar:/Users/atalati/vscode-extension/main-repo/javavscode/netbeans/nbbuild/netbeans/platform/modules/org-netbeans-swing-plaf.jar:/Users/atalati/vscode-extension/main-repo/javavscode/netbeans/nbbuild/netbeans/platform/modules/org-openide-actions.jar:/Users/atalati/vscode-extension/main-repo/javavscode/netbeans/nbbuild/netbeans/platform/modules/org-openide-dialogs.jar:/Users/atalati/vscode-extension/main-repo/javavscode/netbeans/nbbuild/netbeans/platform/modules/org-openide-explorer.jar:/Users/atalati/vscode-extension/main-repo/javavscode/netbeans/nbbuild/netbeans/platform/modules/org-netbeans-swing-outline.jar:/Users/atalati/vscode-extension/main-repo/javavscode/netbeans/nbbuild/netbeans/platform/modules/org-netbeans-swing-tabcontrol.jar:/Users/atalati/vscode-extension/main-repo/javavscode/netbeans/nbbuild/netbeans/platform/modules/org-openide-windows.jar:/Users/atalati/vscode-extension/main-repo/javavscode/netbeans/nbbuild/netbeans/platform/modules/org-openide-nodes.jar:/Users/atalati/vscode-extension/main-repo/javavscode/netbeans/nbbuild/netbeans/platform/modules/org-openide-text.jar:/Users/atalati/vscode-extension/main-repo/javavscode/netbeans/nbbuild/netbeans/platform/modules/org-netbeans-modules-editor-mimelookup.jar:/Users/atalati/vscode-extension/main-repo/javavscode/netbeans/nbbuild/netbeans/platform/modules/org-openide-io.jar:/Users/atalati/vscode-extension/main-repo/javavscode/netbeans/nbbuild/netbeans/platform/modules/org-netbeans-api-intent.jar:/Users/atalati/vscode-extension/main-repo/javavscode/netbeans/nbbuild/netbeans/platform/modules/org-netbeans-api-io.jar:/Users/atalati/vscode-extension/main-repo/javavscode/netbeans/nbbuild/netbeans/platform/modules/org-openide-loaders.jar:/Users/atalati/vscode-extension/main-repo/javavscode/netbeans/nbbuild/netbeans/platform/modules/org-netbeans-api-scripting.jar:/Users/atalati/vscode-extension/main-repo/javavscode/netbeans/nbbuild/netbeans/platform/modules/org-netbeans-api-templates.jar:/Users/atalati/vscode-extension/main-repo/javavscode/netbeans/nbbuild/netbeans/platform/modules/org-netbeans-modules-queries.jar:/Users/atalati/vscode-extension/main-repo/javavscode/netbeans/nbbuild/netbeans/platform/modules/org-openide-filesystems-nb.jar:/Users/atalati/vscode-extension/main-repo/javavscode/netbeans/nbbuild/netbeans/platform/modules/org-netbeans-spi-quicksearch.jar:/Users/atalati/vscode-extension/main-repo/javavscode/netbeans/nbbuild/netbeans/ide/modules/org-netbeans-modules-options-editor.jar:/Users/atalati/vscode-extension/main-repo/javavscode/netbeans/nbbuild/netbeans/ide/modules/org-netbeans-modules-editor.jar:/Users/atalati/vscode-extension/main-repo/javavscode/netbeans/nbbuild/netbeans/ide/modules/org-netbeans-api-lsp.jar:/Users/atalati/vscode-extension/main-repo/javavscode/netbeans/nbbuild/netbeans/platform/modules/org-netbeans-api-annotations-common.jar:/Users/atalati/vscode-extension/main-repo/javavscode/netbeans/nbbuild/netbeans/platform/modules/org-netbeans-modules-editor-mimelookup.jar:/Users/atalati/vscode-extension/main-repo/javavscode/netbeans/nbbuild/netbeans/platform/core/org-openide-filesystems.jar:/Users/atalati/vscode-extension/main-repo/javavscode/netbeans/nbbuild/netbeans/platform/lib/org-openide-util.jar:/Users/atalati/vscode-extension/main-repo/javavscode/netbeans/nbbuild/netbeans/platform/lib/org-openide-util-lookup.jar:/Users/atalati/vscode-extension/main-repo/javavscode/netbeans/nbbuild/netbeans/ide/modules/org-netbeans-modules-editor-util.jar:/Users/atalati/vscode-extension/main-repo/javavscode/netbeans/nbbuild/netbeans/platform/modules/org-netbeans-api-progress.jar:/Users/atalati/vscode-extension/main-repo/javavscode/netbeans/nbbuild/netbeans/platform/lib/org-openide-modules.jar:/Users/atalati/vscode-extension/main-repo/javavscode/netbeans/nbbuild/netbeans/platform/lib/org-openide-util-ui.jar:/Users/atalati/vscode-extension/main-repo/javavscode/netbeans/nbbuild/netbeans/platform/modules/org-netbeans-api-progress-nb.jar:/Users/atalati/vscode-extension/main-repo/javavscode/netbeans/nbbuild/netbeans/platform/modules/org-openide-awt.jar:/Users/atalati/vscode-extension/main-repo/javavscode/netbeans/nbbuild/netbeans/ide/modules/org-netbeans-modules-editor-document.jar:/Users/atalati/vscode-extension/main-repo/javavscode/netbeans/nbbuild/netbeans/ide/modules/org-netbeans-modules-editor-fold.jar:/Users/atalati/vscode-extension/main-repo/javavscode/netbeans/nbbuild/netbeans/ide/modules/org-netbeans-modules-editor-settings.jar:/Users/atalati/vscode-extension/main-repo/javavscode/netbeans/nbbuild/netbeans/ide/modules/org-netbeans-modules-lexer.jar:/Users/atalati/vscode-extension/main-repo/javavscode/netbeans/nbbuild/netbeans/ide/modules/org-netbeans-modules-editor-settings-lib.jar:/Users/atalati/vscode-extension/main-repo/javavscode/netbeans/nbbuild/netbeans/ide/modules/org-netbeans-modules-editor-fold-nbui.jar:/Users/atalati/vscode-extension/main-repo/javavscode/netbeans/nbbuild/netbeans/ide/modules/org-netbeans-modules-editor-lib.jar:/Users/atalati/vscode-extension/main-repo/javavscode/netbeans/nbbuild/netbeans/ide/modules/org-netbeans-modules-editor-guards.jar:/Users/atalati/vscode-extension/main-repo/javavscode/netbeans/nbbuild/netbeans/ide/modules/org-netbeans-modules-editor-indent.jar:/Users/atalati/vscode-extension/main-repo/javavscode/netbeans/nbbuild/netbeans/ide/modules/org-netbeans-modules-editor-lib2.jar:/Users/atalati/vscode-extension/main-repo/javavscode/netbeans/nbbuild/netbeans/platform/modules/org-openide-dialogs.jar:/Users/atalati/vscode-extension/main-repo/javavscode/netbeans/nbbuild/netbeans/ide/modules/org-netbeans-modules-editor-settings-storage.jar:/Users/atalati/vscode-extension/main-repo/javavscode/netbeans/nbbuild/netbeans/platform/modules/org-openide-filesystems-nb.jar:/Users/atalati/vscode-extension/main-repo/javavscode/netbeans/nbbuild/netbeans/platform/modules/org-netbeans-modules-options-keymap.jar:/Users/atalati/vscode-extension/main-repo/javavscode/netbeans/nbbuild/netbeans/platform/modules/org-netbeans-modules-options-api.jar:/Users/atalati/vscode-extension/main-repo/javavscode/netbeans/nbbuild/netbeans/platform/modules/org-netbeans-core.jar:/Users/atalati/vscode-extension/main-repo/javavscode/netbeans/nbbuild/netbeans/platform/lib/boot.jar:/Users/atalati/vscode-extension/main-repo/javavscode/netbeans/nbbuild/netbeans/platform/core/core.jar:/Users/atalati/vscode-extension/main-repo/javavscode/netbeans/nbbuild/netbeans/platform/core/org-netbeans-libs-asm.jar:/Users/atalati/vscode-extension/main-repo/javavscode/netbeans/platform/libs.asm/external/asm-9.6.jar:/Users/atalati/vscode-extension/main-repo/javavscode/netbeans/nbbuild/netbeans/platform/core/asm-9.6.jar:/Users/atalati/vscode-extension/main-repo/javavscode/netbeans/platform/libs.asm/external/asm-tree-9.6.jar:/Users/atalati/vscode-extension/main-repo/javavscode/netbeans/nbbuild/netbeans/platform/core/asm-tree-9.6.jar:/Users/atalati/vscode-extension/main-repo/javavscode/netbeans/platform/libs.asm/external/asm-commons-9.6.jar:/Users/atalati/vscode-extension/main-repo/javavscode/netbeans/nbbuild/netbeans/platform/core/asm-commons-9.6.jar:/Users/atalati/vscode-extension/main-repo/javavscode/netbeans/nbbuild/netbeans/platform/core/core-base.jar:/Users/atalati/vscode-extension/main-repo/javavscode/netbeans/nbbuild/netbeans/platform/modules/org-netbeans-modules-keyring.jar:/Users/atalati/vscode-extension/main-repo/javavscode/netbeans/nbbuild/netbeans/platform/modules/org-netbeans-modules-sampler.jar:/Users/atalati/vscode-extension/main-repo/javavscode/netbeans/nbbuild/netbeans/platform/modules/org-netbeans-swing-plaf.jar:/Users/atalati/vscode-extension/main-repo/javavscode/netbeans/nbbuild/netbeans/platform/modules/org-openide-actions.jar:/Users/atalati/vscode-extension/main-repo/javavscode/netbeans/nbbuild/netbeans/platform/modules/org-openide-explorer.jar:/Users/atalati/vscode-extension/main-repo/javavscode/netbeans/nbbuild/netbeans/platform/modules/org-netbeans-swing-outline.jar:/Users/atalati/vscode-extension/main-repo/javavscode/netbeans/nbbuild/netbeans/platform/modules/org-netbeans-swing-tabcontrol.jar:/Users/atalati/vscode-extension/main-repo/javavscode/netbeans/nbbuild/netbeans/platform/modules/org-openide-windows.jar:/Users/atalati/vscode-extension/main-repo/javavscode/netbeans/nbbuild/netbeans/platform/modules/org-openide-nodes.jar:/Users/atalati/vscode-extension/main-repo/javavscode/netbeans/nbbuild/netbeans/platform/modules/org-openide-text.jar:/Users/atalati/vscode-extension/main-repo/javavscode/netbeans/nbbuild/netbeans/platform/modules/org-openide-io.jar:/Users/atalati/vscode-extension/main-repo/javavscode/netbeans/nbbuild/netbeans/platform/modules/org-netbeans-api-intent.jar:/Users/atalati/vscode-extension/main-repo/javavscode/netbeans/nbbuild/netbeans/platform/modules/org-netbeans-api-io.jar:/Users/atalati/vscode-extension/main-repo/javavscode/netbeans/nbbuild/netbeans/platform/modules/org-openide-loaders.jar:/Users/atalati/vscode-extension/main-repo/javavscode/netbeans/nbbuild/netbeans/platform/modules/org-netbeans-api-scripting.jar:/Users/atalati/vscode-extension/main-repo/javavscode/netbeans/nbbuild/netbeans/platform/modules/org-netbeans-api-templates.jar:/Users/atalati/vscode-extension/main-repo/javavscode/netbeans/nbbuild/netbeans/platform/modules/org-netbeans-modules-queries.jar:/Users/atalati/vscode-extension/main-repo/javavscode/netbeans/nbbuild/netbeans/platform/modules/org-netbeans-spi-quicksearch.jar:/Users/atalati/vscode-extension/main-repo/javavscode/netbeans/nbbuild/netbeans/ide/modules/org-netbeans-modules-parsing-api.jar:/Users/atalati/vscode-extension/main-repo/javavscode/netbeans/nbbuild/netbeans/platform/modules/org-netbeans-api-annotations-common.jar:/Users/atalati/vscode-extension/main-repo/javavscode/netbeans/nbbuild/netbeans/ide/modules/org-netbeans-api-java-classpath.jar:/Users/atalati/vscode-extension/main-repo/javavscode/netbeans/nbbuild/netbeans/platform/core/org-openide-filesystems.jar:/Users/atalati/vscode-extension/main-repo/javavscode/netbeans/nbbuild/netbeans/platform/lib/org-openide-util.jar:/Users/atalati/vscode-extension/main-repo/javavscode/netbeans/nbbuild/netbeans/platform/lib/org-openide-util-lookup.jar:/Users/atalati/vscode-extension/main-repo/javavscode/netbeans/nbbuild/netbeans/ide/modules/org-netbeans-modules-editor-document.jar:/Users/atalati/vscode-extension/main-repo/javavscode/netbeans/nbbuild/netbeans/platform/modules/org-netbeans-modules-editor-mimelookup.jar:/Users/atalati/vscode-extension/main-repo/javavscode/netbeans/nbbuild/netbeans/ide/modules/org-netbeans-modules-editor-util.jar:/Users/atalati/vscode-extension/main-repo/javavscode/netbeans/nbbuild/netbeans/ide/modules/org-netbeans-modules-lexer.jar:/Users/atalati/vscode-extension/main-repo/javavscode/netbeans/nbbuild/netbeans/platform/lib/org-openide-util-ui.jar:/Users/atalati/vscode-extension/main-repo/javavscode/netbeans/nbbuild/netbeans/ide/modules/org-netbeans-modules-parsing-lucene.jar:/Users/atalati/vscode-extension/main-repo/javavscode/netbeans/nbbuild/netbeans/ide/modules/org-netbeans-libs-lucene.jar:/Users/atalati/vscode-extension/main-repo/javavscode/netbeans/ide/libs.lucene/external/lucene-core-3.6.2.jar:/Users/atalati/vscode-extension/main-repo/javavscode/netbeans/nbbuild/netbeans/ide/modules/ext/lucene-core-3.6.2.jar:/Users/atalati/vscode-extension/main-repo/javavscode/netbeans/nbbuild/netbeans/platform/modules/org-netbeans-modules-masterfs.jar:/Users/atalati/vscode-extension/main-repo/javavscode/netbeans/nbbuild/netbeans/platform/modules/org-netbeans-modules-queries.jar:/Users/atalati/vscode-extension/main-repo/javavscode/netbeans/nbbuild/netbeans/platform/lib/org-openide-modules.jar:/Users/atalati/vscode-extension/main-repo/javavscode/netbeans/nbbuild/netbeans/ide/modules/org-netbeans-modules-projectapi.jar:/Users/atalati/vscode-extension/main-repo/javavscode/netbeans/nbbuild/netbeans/ide/modules/org-netbeans-modules-parsing-indexing.jar:/Users/atalati/vscode-extension/main-repo/javavscode/netbeans/nbbuild/netbeans/platform/modules/org-netbeans-api-annotations-common.jar:/Users/atalati/vscode-extension/main-repo/javavscode/netbeans/nbbuild/netbeans/ide/modules/org-netbeans-api-java-classpath.jar:/Users/atalati/vscode-extension/main-repo/javavscode/netbeans/nbbuild/netbeans/platform/core/org-openide-filesystems.jar:/Users/atalati/vscode-extension/main-repo/javavscode/netbeans/nbbuild/netbeans/platform/lib/org-openide-util.jar:/Users/atalati/vscode-extension/main-repo/javavscode/netbeans/nbbuild/netbeans/platform/lib/org-openide-util-lookup.jar:/Users/atalati/vscode-extension/main-repo/javavscode/netbeans/nbbuild/netbeans/platform/modules/org-netbeans-api-progress.jar:/Users/atalati/vscode-extension/main-repo/javavscode/netbeans/nbbuild/netbeans/platform/lib/org-openide-modules.jar:/Users/atalati/vscode-extension/main-repo/javavscode/netbeans/nbbuild/netbeans/platform/lib/org-openide-util-ui.jar:/Users/atalati/vscode-extension/main-repo/javavscode/netbeans/nbbuild/netbeans/ide/modules/org-netbeans-libs-lucene.jar:/Users/atalati/vscode-extension/main-repo/javavscode/netbeans/ide/libs.lucene/external/lucene-core-3.6.2.jar:/Users/atalati/vscode-extension/main-repo/javavscode/netbeans/nbbuild/netbeans/ide/modules/ext/lucene-core-3.6.2.jar:/Users/atalati/vscode-extension/main-repo/javavscode/netbeans/nbbuild/netbeans/ide/modules/org-netbeans-modules-editor-document.jar:/Users/atalati/vscode-extension/main-repo/javavscode/netbeans/nbbuild/netbeans/platform/modules/org-netbeans-modules-editor-mimelookup.jar:/Users/atalati/vscode-extension/main-repo/javavscode/netbeans/nbbuild/netbeans/ide/modules/org-netbeans-modules-editor-util.jar:/Users/atalati/vscode-extension/main-repo/javavscode/netbeans/nbbuild/netbeans/ide/modules/org-netbeans-modules-parsing-api.jar:/Users/atalati/vscode-extension/main-repo/javavscode/netbeans/nbbuild/netbeans/ide/modules/org-netbeans-modules-lexer.jar:/Users/atalati/vscode-extension/main-repo/javavscode/netbeans/nbbuild/netbeans/ide/modules/org-netbeans-modules-parsing-lucene.jar:/Users/atalati/vscode-extension/main-repo/javavscode/netbeans/nbbuild/netbeans/platform/modules/org-netbeans-modules-masterfs.jar:/Users/atalati/vscode-extension/main-repo/javavscode/netbeans/nbbuild/netbeans/platform/modules/org-netbeans-modules-queries.jar:/Users/atalati/vscode-extension/main-repo/javavscode/netbeans/nbbuild/netbeans/ide/modules/org-netbeans-modules-projectapi.jar:/Users/atalati/vscode-extension/main-repo/javavscode/netbeans/nbbuild/netbeans/ide/modules/org-netbeans-modules-project-indexingbridge.jar:/Users/atalati/vscode-extension/main-repo/javavscode/netbeans/nbbuild/netbeans/ide/modules/org-netbeans-modules-projectuiapi-base.jar:/Users/atalati/vscode-extension/main-repo/javavscode/netbeans/nbbuild/netbeans/platform/modules/org-openide-explorer.jar:/Users/atalati/vscode-extension/main-repo/javavscode/netbeans/nbbuild/netbeans/platform/modules/org-netbeans-swing-outline.jar:/Users/atalati/vscode-extension/main-repo/javavscode/netbeans/nbbuild/netbeans/platform/modules/org-netbeans-swing-tabcontrol.jar:/Users/atalati/vscode-extension/main-repo/javavscode/netbeans/nbbuild/netbeans/platform/modules/org-openide-awt.jar:/Users/atalati/vscode-extension/main-repo/javavscode/netbeans/nbbuild/netbeans/platform/modules/org-openide-windows.jar:/Users/atalati/vscode-extension/main-repo/javavscode/netbeans/nbbuild/netbeans/platform/modules/org-openide-nodes.jar:/Users/atalati/vscode-extension/main-repo/javavscode/netbeans/nbbuild/netbeans/platform/modules/org-openide-dialogs.jar:/Users/atalati/vscode-extension/main-repo/javavscode/netbeans/nbbuild/netbeans/platform/modules/org-netbeans-api-progress-nb.jar:/Users/atalati/vscode-extension/main-repo/javavscode/netbeans/nbbuild/netbeans/ide/modules/org-netbeans-spi-tasklist.jar:/Users/atalati/vscode-extension/main-repo/javavscode/netbeans/nbbuild/netbeans/ide/modules/org-netbeans-modules-projectapi.jar:/Users/atalati/vscode-extension/main-repo/javavscode/netbeans/nbbuild/netbeans/platform/modules/org-netbeans-api-annotations-common.jar:/Users/atalati/vscode-extension/main-repo/javavscode/netbeans/nbbuild/netbeans/platform/modules/org-netbeans-modules-queries.jar:/Users/atalati/vscode-extension/main-repo/javavscode/netbeans/nbbuild/netbeans/platform/core/org-openide-filesystems.jar:/Users/atalati/vscode-extension/main-repo/javavscode/netbeans/nbbuild/netbeans/platform/lib/org-openide-util.jar:/Users/atalati/vscode-extension/main-repo/javavscode/netbeans/nbbuild/netbeans/platform/lib/org-openide-util-lookup.jar:/Users/atalati/vscode-extension/main-repo/javavscode/netbeans/nbbuild/netbeans/platform/lib/org-openide-modules.jar:/Users/atalati/vscode-extension/main-repo/javavscode/netbeans/nbbuild/netbeans/platform/lib/org-openide-util-ui.jar:/Users/atalati/vscode-extension/main-repo/javavscode/netbeans/nbbuild/netbeans/ide/modules/org-netbeans-modules-projectuiapi.jar:/Users/atalati/vscode-extension/main-repo/javavscode/netbeans/nbbuild/netbeans/platform/modules/org-netbeans-api-annotations-common.jar:/Users/atalati/vscode-extension/main-repo/javavscode/netbeans/nbbuild/netbeans/platform/modules/org-netbeans-api-progress.jar:/Users/atalati/vscode-extension/main-repo/javavscode/netbeans/nbbuild/netbeans/platform/lib/org-openide-modules.jar:/Users/atalati/vscode-extension/main-repo/javavscode/netbeans/nbbuild/netbeans/platform/lib/org-openide-util-ui.jar:/Users/atalati/vscode-extension/main-repo/javavscode/netbeans/nbbuild/netbeans/platform/lib/org-openide-util.jar:/Users/atalati/vscode-extension/main-repo/javavscode/netbeans/nbbuild/netbeans/platform/lib/org-openide-util-lookup.jar:/Users/atalati/vscode-extension/main-repo/javavscode/netbeans/nbbuild/netbeans/platform/modules/org-netbeans-api-progress-nb.jar:/Users/atalati/vscode-extension/main-repo/javavscode/netbeans/nbbuild/netbeans/platform/modules/org-openide-awt.jar:/Users/atalati/vscode-extension/main-repo/javavscode/netbeans/nbbuild/netbeans/platform/core/org-openide-filesystems.jar:/Users/atalati/vscode-extension/main-repo/javavscode/netbeans/nbbuild/netbeans/platform/modules/org-netbeans-api-templates.jar:/Users/atalati/vscode-extension/main-repo/javavscode/netbeans/nbbuild/netbeans/platform/modules/org-netbeans-api-scripting.jar:/Users/atalati/vscode-extension/main-repo/javavscode/netbeans/nbbuild/netbeans/platform/modules/org-netbeans-modules-queries.jar:/Users/atalati/vscode-extension/main-repo/javavscode/netbeans/nbbuild/netbeans/ide/modules/org-netbeans-modules-projectapi.jar:/Users/atalati/vscode-extension/main-repo/javavscode/netbeans/nbbuild/netbeans/ide/modules/org-netbeans-modules-projectuiapi-base.jar:/Users/atalati/vscode-extension/main-repo/javavscode/netbeans/nbbuild/netbeans/platform/modules/org-openide-explorer.jar:/Users/atalati/vscode-extension/main-repo/javavscode/netbeans/nbbuild/netbeans/platform/modules/org-netbeans-swing-outline.jar:/Users/atalati/vscode-extension/main-repo/javavscode/netbeans/nbbuild/netbeans/platform/modules/org-netbeans-swing-tabcontrol.jar:/Users/atalati/vscode-extension/main-repo/javavscode/netbeans/nbbuild/netbeans/platform/modules/org-openide-windows.jar:/Users/atalati/vscode-extension/main-repo/javavscode/netbeans/nbbuild/netbeans/platform/modules/org-openide-nodes.jar:/Users/atalati/vscode-extension/main-repo/javavscode/netbeans/nbbuild/netbeans/platform/modules/org-openide-dialogs.jar:/Users/atalati/vscode-extension/main-repo/javavscode/netbeans/nbbuild/netbeans/platform/modules/org-openide-filesystems-nb.jar:/Users/atalati/vscode-extension/main-repo/javavscode/netbeans/nbbuild/netbeans/platform/modules/org-openide-loaders.jar:/Users/atalati/vscode-extension/main-repo/javavscode/netbeans/nbbuild/netbeans/platform/modules/org-netbeans-modules-editor-mimelookup.jar:/Users/atalati/vscode-extension/main-repo/javavscode/netbeans/nbbuild/netbeans/platform/modules/org-openide-actions.jar:/Users/atalati/vscode-extension/main-repo/javavscode/netbeans/nbbuild/netbeans/platform/modules/org-openide-text.jar:/Users/atalati/vscode-extension/main-repo/javavscode/netbeans/nbbuild/netbeans/platform/modules/org-netbeans-modules-queries.jar:/Users/atalati/vscode-extension/main-repo/javavscode/netbeans/nbbuild/netbeans/platform/core/org-openide-filesystems.jar:/Users/atalati/vscode-extension/main-repo/javavscode/netbeans/nbbuild/netbeans/platform/lib/org-openide-util.jar:/Users/atalati/vscode-extension/main-repo/javavscode/netbeans/nbbuild/netbeans/platform/lib/org-openide-util-lookup.jar:/Users/atalati/vscode-extension/main-repo/javavscode/netbeans/nbbuild/netbeans/ide/modules/org-netbeans-modules-refactoring-api.jar:/Users/atalati/vscode-extension/main-repo/javavscode/netbeans/nbbuild/netbeans/platform/modules/org-netbeans-api-annotations-common.jar:/Users/atalati/vscode-extension/main-repo/javavscode/netbeans/nbbuild/netbeans/platform/modules/org-netbeans-api-progress.jar:/Users/atalati/vscode-extension/main-repo/javavscode/netbeans/nbbuild/netbeans/platform/lib/org-openide-modules.jar:/Users/atalati/vscode-extension/main-repo/javavscode/netbeans/nbbuild/netbeans/platform/lib/org-openide-util-ui.jar:/Users/atalati/vscode-extension/main-repo/javavscode/netbeans/nbbuild/netbeans/platform/lib/org-openide-util.jar:/Users/atalati/vscode-extension/main-repo/javavscode/netbeans/nbbuild/netbeans/platform/lib/org-openide-util-lookup.jar:/Users/atalati/vscode-extension/main-repo/javavscode/netbeans/nbbuild/netbeans/platform/modules/org-netbeans-api-progress-nb.jar:/Users/atalati/vscode-extension/main-repo/javavscode/netbeans/nbbuild/netbeans/platform/modules/org-openide-awt.jar:/Users/atalati/vscode-extension/main-repo/javavscode/netbeans/nbbuild/netbeans/platform/core/org-openide-filesystems.jar:/Users/atalati/vscode-extension/main-repo/javavscode/netbeans/nbbuild/netbeans/ide/modules/org-netbeans-modules-diff.jar:/Users/atalati/vscode-extension/main-repo/javavscode/netbeans/nbbuild/netbeans/ide/modules/org-netbeans-modules-editor-errorstripe.jar:/Users/atalati/vscode-extension/main-repo/javavscode/netbeans/nbbuild/netbeans/ide/modules/org-netbeans-modules-editor-document.jar:/Users/atalati/vscode-extension/main-repo/javavscode/netbeans/nbbuild/netbeans/platform/modules/org-netbeans-modules-editor-mimelookup.jar:/Users/atalati/vscode-extension/main-repo/javavscode/netbeans/nbbuild/netbeans/ide/modules/org-netbeans-modules-editor-util.jar:/Users/atalati/vscode-extension/main-repo/javavscode/netbeans/nbbuild/netbeans/ide/modules/org-netbeans-modules-editor-errorstripe-api.jar:/Users/atalati/vscode-extension/main-repo/javavscode/netbeans/nbbuild/netbeans/ide/modules/org-netbeans-modules-editor-fold.jar:/Users/atalati/vscode-extension/main-repo/javavscode/netbeans/nbbuild/netbeans/ide/modules/org-netbeans-modules-editor-settings.jar:/Users/atalati/vscode-extension/main-repo/javavscode/netbeans/nbbuild/netbeans/ide/modules/org-netbeans-modules-lexer.jar:/Users/atalati/vscode-extension/main-repo/javavscode/netbeans/nbbuild/netbeans/ide/modules/org-netbeans-modules-editor-settings-lib.jar:/Users/atalati/vscode-extension/main-repo/javavscode/netbeans/nbbuild/netbeans/ide/modules/org-netbeans-modules-editor-lib.jar:/Users/atalati/vscode-extension/main-repo/javavscode/netbeans/nbbuild/netbeans/ide/modules/org-netbeans-modules-editor-guards.jar:/Users/atalati/vscode-extension/main-repo/javavscode/netbeans/nbbuild/netbeans/ide/modules/org-netbeans-modules-editor-indent.jar:/Users/atalati/vscode-extension/main-repo/javavscode/netbeans/nbbuild/netbeans/ide/modules/org-netbeans-modules-editor-lib2.jar:/Users/atalati/vscode-extension/main-repo/javavscode/netbeans/nbbuild/netbeans/platform/modules/org-openide-dialogs.jar:/Users/atalati/vscode-extension/main-repo/javavscode/netbeans/nbbuild/netbeans/platform/modules/org-openide-loaders.jar:/Users/atalati/vscode-extension/main-repo/javavscode/netbeans/nbbuild/netbeans/platform/modules/org-netbeans-api-scripting.jar:/Users/atalati/vscode-extension/main-repo/javavscode/netbeans/nbbuild/netbeans/platform/modules/org-netbeans-api-templates.jar:/Users/atalati/vscode-extension/main-repo/javavscode/netbeans/nbbuild/netbeans/platform/modules/org-netbeans-modules-queries.jar:/Users/atalati/vscode-extension/main-repo/javavscode/netbeans/nbbuild/netbeans/platform/modules/org-openide-actions.jar:/Users/atalati/vscode-extension/main-repo/javavscode/netbeans/nbbuild/netbeans/platform/modules/org-openide-explorer.jar:/Users/atalati/vscode-extension/main-repo/javavscode/netbeans/nbbuild/netbeans/platform/modules/org-netbeans-swing-outline.jar:/Users/atalati/vscode-extension/main-repo/javavscode/netbeans/nbbuild/netbeans/platform/modules/org-netbeans-swing-tabcontrol.jar:/Users/atalati/vscode-extension/main-repo/javavscode/netbeans/nbbuild/netbeans/platform/modules/org-openide-windows.jar:/Users/atalati/vscode-extension/main-repo/javavscode/netbeans/nbbuild/netbeans/platform/modules/org-openide-nodes.jar:/Users/atalati/vscode-extension/main-repo/javavscode/netbeans/nbbuild/netbeans/platform/modules/org-openide-text.jar:/Users/atalati/vscode-extension/main-repo/javavscode/netbeans/nbbuild/netbeans/platform/modules/org-openide-filesystems-nb.jar:/Users/atalati/vscode-extension/main-repo/javavscode/netbeans/nbbuild/netbeans/platform/modules/org-netbeans-modules-options-api.jar:/Users/atalati/vscode-extension/main-repo/javavscode/netbeans/nbbuild/netbeans/platform/modules/org-netbeans-core.jar:/Users/atalati/vscode-extension/main-repo/javavscode/netbeans/nbbuild/netbeans/platform/lib/boot.jar:/Users/atalati/vscode-extension/main-repo/javavscode/netbeans/nbbuild/netbeans/platform/core/core.jar:/Users/atalati/vscode-extension/main-repo/javavscode/netbeans/nbbuild/netbeans/platform/core/org-netbeans-libs-asm.jar:/Users/atalati/vscode-extension/main-repo/javavscode/netbeans/platform/libs.asm/external/asm-9.6.jar:/Users/atalati/vscode-extension/main-repo/javavscode/netbeans/nbbuild/netbeans/platform/core/asm-9.6.jar:/Users/atalati/vscode-extension/main-repo/javavscode/netbeans/platform/libs.asm/external/asm-tree-9.6.jar:/Users/atalati/vscode-extension/main-repo/javavscode/netbeans/nbbuild/netbeans/platform/core/asm-tree-9.6.jar:/Users/atalati/vscode-extension/main-repo/javavscode/netbeans/platform/libs.asm/external/asm-commons-9.6.jar:/Users/atalati/vscode-extension/main-repo/javavscode/netbeans/nbbuild/netbeans/platform/core/asm-commons-9.6.jar:/Users/atalati/vscode-extension/main-repo/javavscode/netbeans/nbbuild/netbeans/platform/core/core-base.jar:/Users/atalati/vscode-extension/main-repo/javavscode/netbeans/nbbuild/netbeans/platform/modules/org-netbeans-modules-keyring.jar:/Users/atalati/vscode-extension/main-repo/javavscode/netbeans/nbbuild/netbeans/platform/modules/org-netbeans-modules-sampler.jar:/Users/atalati/vscode-extension/main-repo/javavscode/netbeans/nbbuild/netbeans/platform/modules/org-netbeans-swing-plaf.jar:/Users/atalati/vscode-extension/main-repo/javavscode/netbeans/nbbuild/netbeans/platform/modules/org-openide-io.jar:/Users/atalati/vscode-extension/main-repo/javavscode/netbeans/nbbuild/netbeans/platform/modules/org-netbeans-api-intent.jar:/Users/atalati/vscode-extension/main-repo/javavscode/netbeans/nbbuild/netbeans/platform/modules/org-netbeans-api-io.jar:/Users/atalati/vscode-extension/main-repo/javavscode/netbeans/nbbuild/netbeans/platform/modules/org-netbeans-spi-quicksearch.jar:/Users/atalati/vscode-extension/main-repo/javavscode/netbeans/nbbuild/netbeans/ide/modules/org-netbeans-modules-options-editor.jar:/Users/atalati/vscode-extension/main-repo/javavscode/netbeans/nbbuild/netbeans/ide/modules/org-netbeans-modules-editor.jar:/Users/atalati/vscode-extension/main-repo/javavscode/netbeans/nbbuild/netbeans/ide/modules/org-netbeans-api-lsp.jar:/Users/atalati/vscode-extension/main-repo/javavscode/netbeans/nbbuild/netbeans/ide/modules/org-netbeans-modules-editor-fold-nbui.jar:/Users/atalati/vscode-extension/main-repo/javavscode/netbeans/nbbuild/netbeans/ide/modules/org-netbeans-modules-editor-settings-storage.jar:/Users/atalati/vscode-extension/main-repo/javavscode/netbeans/nbbuild/netbeans/platform/modules/org-netbeans-modules-options-keymap.jar:/Users/atalati/vscode-extension/main-repo/javavscode/netbeans/nbbuild/netbeans/ide/modules/org-netbeans-modules-projectapi.jar:/Users/atalati/vscode-extension/main-repo/javavscode/netbeans/nbbuild/netbeans/ide/modules/org-netbeans-modules-parsing-api.jar:/Users/atalati/vscode-extension/main-repo/javavscode/netbeans/nbbuild/netbeans/ide/modules/org-netbeans-api-java-classpath.jar:/Users/atalati/vscode-extension/main-repo/javavscode/netbeans/nbbuild/netbeans/ide/modules/org-netbeans-modules-parsing-lucene.jar:/Users/atalati/vscode-extension/main-repo/javavscode/netbeans/nbbuild/netbeans/ide/modules/org-netbeans-libs-lucene.jar:/Users/atalati/vscode-extension/main-repo/javavscode/netbeans/ide/libs.lucene/external/lucene-core-3.6.2.jar:/Users/atalati/vscode-extension/main-repo/javavscode/netbeans/nbbuild/netbeans/ide/modules/ext/lucene-core-3.6.2.jar:/Users/atalati/vscode-extension/main-repo/javavscode/netbeans/nbbuild/netbeans/platform/modules/org-netbeans-modules-masterfs.jar:/Users/atalati/vscode-extension/main-repo/javavscode/netbeans/nbbuild/netbeans/ide/modules/org-netbeans-modules-parsing-indexing.jar:/Users/atalati/vscode-extension/main-repo/javavscode/netbeans/nbbuild/netbeans/ide/modules/org-netbeans-modules-project-indexingbridge.jar:/Users/atalati/vscode-extension/main-repo/javavscode/netbeans/nbbuild/netbeans/ide/modules/org-netbeans-modules-projectuiapi-base.jar:/Users/atalati/vscode-extension/main-repo/javavscode/netbeans/nbbuild/netbeans/ide/modules/org-netbeans-spi-tasklist.jar:/Users/atalati/vscode-extension/main-repo/javavscode/netbeans/nbbuild/netbeans/java/modules/org-netbeans-modules-refactoring-java.jar:/Users/atalati/vscode-extension/main-repo/javavscode/netbeans/nbbuild/netbeans/platform/modules/org-netbeans-api-annotations-common.jar:/Users/atalati/vscode-extension/main-repo/javavscode/netbeans/nbbuild/netbeans/java/modules/org-netbeans-api-java.jar:/Users/atalati/vscode-extension/main-repo/javavscode/netbeans/nbbuild/netbeans/ide/modules/org-netbeans-api-java-classpath.jar:/Users/atalati/vscode-extension/main-repo/javavscode/netbeans/nbbuild/netbeans/platform/core/org-openide-filesystems.jar:/Users/atalati/vscode-extension/main-repo/javavscode/netbeans/nbbuild/netbeans/platform/lib/org-openide-util.jar:/Users/atalati/vscode-extension/main-repo/javavscode/netbeans/nbbuild/netbeans/platform/lib/org-openide-util-lookup.jar:/Users/atalati/vscode-extension/main-repo/javavscode/netbeans/nbbuild/netbeans/platform/lib/org-openide-modules.jar:/Users/atalati/vscode-extension/main-repo/javavscode/netbeans/nbbuild/netbeans/platform/lib/org-openide-util-ui.jar:/Users/atalati/vscode-extension/main-repo/javavscode/netbeans/nbbuild/netbeans/ide/modules/org-netbeans-api-lsp.jar:/Users/atalati/vscode-extension/main-repo/javavscode/netbeans/nbbuild/netbeans/platform/modules/org-netbeans-modules-editor-mimelookup.jar:/Users/atalati/vscode-extension/main-repo/javavscode/netbeans/nbbuild/netbeans/ide/modules/org-netbeans-modules-editor-util.jar:/Users/atalati/vscode-extension/main-repo/javavscode/netbeans/nbbuild/netbeans/platform/modules/org-netbeans-api-progress.jar:/Users/atalati/vscode-extension/main-repo/javavscode/netbeans/nbbuild/netbeans/platform/modules/org-netbeans-api-progress-nb.jar:/Users/atalati/vscode-extension/main-repo/javavscode/netbeans/nbbuild/netbeans/platform/modules/org-openide-awt.jar:/Users/atalati/vscode-extension/main-repo/javavscode/netbeans/nbbuild/netbeans/java/modules/org-netbeans-libs-javacapi.jar:/Users/atalati/vscode-extension/main-repo/javavscode/netbeans/java/libs.javacapi/external/nb-javac-jdk-22+33-api.jar:/Users/atalati/vscode-extension/main-repo/javavscode/netbeans/java/libs.javacapi/external/nb-javac-jdk-22+33.jar:/Users/atalati/vscode-extension/main-repo/javavscode/netbeans/nbbuild/netbeans/ide/modules/org-netbeans-modules-editor-document.jar:/Users/atalati/vscode-extension/main-repo/javavscode/netbeans/nbbuild/netbeans/ide/modules/org-netbeans-modules-editor-lib.jar:/Users/atalati/vscode-extension/main-repo/javavscode/netbeans/nbbuild/netbeans/ide/modules/org-netbeans-modules-editor-fold.jar:/Users/atalati/vscode-extension/main-repo/javavscode/netbeans/nbbuild/netbeans/ide/modules/org-netbeans-modules-editor-settings.jar:/Users/atalati/vscode-extension/main-repo/javavscode/netbeans/nbbuild/netbeans/ide/modules/org-netbeans-modules-lexer.jar:/Users/atalati/vscode-extension/main-repo/javavscode/netbeans/nbbuild/netbeans/ide/modules/org-netbeans-modules-editor-settings-lib.jar:/Users/atalati/vscode-extension/main-repo/javavscode/netbeans/nbbuild/netbeans/ide/modules/org-netbeans-modules-editor-guards.jar:/Users/atalati/vscode-extension/main-repo/javavscode/netbeans/nbbuild/netbeans/ide/modules/org-netbeans-modules-editor-indent.jar:/Users/atalati/vscode-extension/main-repo/javavscode/netbeans/nbbuild/netbeans/ide/modules/org-netbeans-modules-editor-lib2.jar:/Users/atalati/vscode-extension/main-repo/javavscode/netbeans/nbbuild/netbeans/platform/modules/org-openide-dialogs.jar:/Users/atalati/vscode-extension/main-repo/javavscode/netbeans/nbbuild/netbeans/ide/modules/org-netbeans-modules-gototest.jar:/Users/atalati/vscode-extension/main-repo/javavscode/netbeans/nbbuild/netbeans/ide/modules/org-netbeans-modules-gsf-testrunner.jar:/Users/atalati/vscode-extension/main-repo/javavscode/netbeans/nbbuild/netbeans/ide/modules/org-netbeans-modules-extexecution.jar:/Users/atalati/vscode-extension/main-repo/javavscode/netbeans/nbbuild/netbeans/ide/modules/org-netbeans-modules-extexecution-base.jar:/Users/atalati/vscode-extension/main-repo/javavscode/netbeans/nbbuild/netbeans/platform/modules/org-openide-io.jar:/Users/atalati/vscode-extension/main-repo/javavscode/netbeans/nbbuild/netbeans/platform/modules/org-netbeans-api-intent.jar:/Users/atalati/vscode-extension/main-repo/javavscode/netbeans/nbbuild/netbeans/platform/modules/org-netbeans-api-io.jar:/Users/atalati/vscode-extension/main-repo/javavscode/netbeans/nbbuild/netbeans/ide/modules/org-netbeans-modules-projectapi.jar:/Users/atalati/vscode-extension/main-repo/javavscode/netbeans/nbbuild/netbeans/platform/modules/org-netbeans-modules-queries.jar:/Users/atalati/vscode-extension/main-repo/javavscode/netbeans/nbbuild/netbeans/ide/modules/org-netbeans-modules-gsf-testrunner-ui.jar:/Users/atalati/vscode-extension/main-repo/javavscode/netbeans/nbbuild/netbeans/ide/modules/org-netbeans-modules-diff.jar:/Users/atalati/vscode-extension/main-repo/javavscode/netbeans/nbbuild/netbeans/ide/modules/org-netbeans-modules-editor-errorstripe.jar:/Users/atalati/vscode-extension/main-repo/javavscode/netbeans/nbbuild/netbeans/ide/modules/org-netbeans-modules-editor-errorstripe-api.jar:/Users/atalati/vscode-extension/main-repo/javavscode/netbeans/nbbuild/netbeans/platform/modules/org-openide-loaders.jar:/Users/atalati/vscode-extension/main-repo/javavscode/netbeans/nbbuild/netbeans/platform/modules/org-netbeans-api-scripting.jar:/Users/atalati/vscode-extension/main-repo/javavscode/netbeans/nbbuild/netbeans/platform/modules/org-netbeans-api-templates.jar:/Users/atalati/vscode-extension/main-repo/javavscode/netbeans/nbbuild/netbeans/platform/modules/org-openide-actions.jar:/Users/atalati/vscode-extension/main-repo/javavscode/netbeans/nbbuild/netbeans/platform/modules/org-openide-explorer.jar:/Users/atalati/vscode-extension/main-repo/javavscode/netbeans/nbbuild/netbeans/platform/modules/org-netbeans-swing-outline.jar:/Users/atalati/vscode-extension/main-repo/javavscode/netbeans/nbbuild/netbeans/platform/modules/org-netbeans-swing-tabcontrol.jar:/Users/atalati/vscode-extension/main-repo/javavscode/netbeans/nbbuild/netbeans/platform/modules/org-openide-windows.jar:/Users/atalati/vscode-extension/main-repo/javavscode/netbeans/nbbuild/netbeans/platform/modules/org-openide-nodes.jar:/Users/atalati/vscode-extension/main-repo/javavscode/netbeans/nbbuild/netbeans/platform/modules/org-openide-text.jar:/Users/atalati/vscode-extension/main-repo/javavscode/netbeans/nbbuild/netbeans/platform/modules/org-openide-filesystems-nb.jar:/Users/atalati/vscode-extension/main-repo/javavscode/netbeans/nbbuild/netbeans/platform/modules/org-netbeans-modules-options-api.jar:/Users/atalati/vscode-extension/main-repo/javavscode/netbeans/nbbuild/netbeans/platform/modules/org-netbeans-core.jar:/Users/atalati/vscode-extension/main-repo/javavscode/netbeans/nbbuild/netbeans/platform/lib/boot.jar:/Users/atalati/vscode-extension/main-repo/javavscode/netbeans/nbbuild/netbeans/platform/core/core.jar:/Users/atalati/vscode-extension/main-repo/javavscode/netbeans/nbbuild/netbeans/platform/core/org-netbeans-libs-asm.jar:/Users/atalati/vscode-extension/main-repo/javavscode/netbeans/platform/libs.asm/external/asm-9.6.jar:/Users/atalati/vscode-extension/main-repo/javavscode/netbeans/nbbuild/netbeans/platform/core/asm-9.6.jar:/Users/atalati/vscode-extension/main-repo/javavscode/netbeans/platform/libs.asm/external/asm-tree-9.6.jar:/Users/atalati/vscode-extension/main-repo/javavscode/netbeans/nbbuild/netbeans/platform/core/asm-tree-9.6.jar:/Users/atalati/vscode-extension/main-repo/javavscode/netbeans/platform/libs.asm/external/asm-commons-9.6.jar:/Users/atalati/vscode-extension/main-repo/javavscode/netbeans/nbbuild/netbeans/platform/core/asm-commons-9.6.jar:/Users/atalati/vscode-extension/main-repo/javavscode/netbeans/nbbuild/netbeans/platform/core/core-base.jar:/Users/atalati/vscode-extension/main-repo/javavscode/netbeans/nbbuild/netbeans/platform/modules/org-netbeans-modules-keyring.jar:/Users/atalati/vscode-extension/main-repo/javavscode/netbeans/nbbuild/netbeans/platform/modules/org-netbeans-modules-sampler.jar:/Users/atalati/vscode-extension/main-repo/javavscode/netbeans/nbbuild/netbeans/platform/modules/org-netbeans-swing-plaf.jar:/Users/atalati/vscode-extension/main-repo/javavscode/netbeans/nbbuild/netbeans/platform/modules/org-netbeans-spi-quicksearch.jar:/Users/atalati/vscode-extension/main-repo/javavscode/netbeans/nbbuild/netbeans/ide/modules/org-netbeans-modules-options-editor.jar:/Users/atalati/vscode-extension/main-repo/javavscode/netbeans/nbbuild/netbeans/ide/modules/org-netbeans-modules-editor.jar:/Users/atalati/vscode-extension/main-repo/javavscode/netbeans/nbbuild/netbeans/ide/modules/org-netbeans-modules-editor-fold-nbui.jar:/Users/atalati/vscode-extension/main-repo/javavscode/netbeans/nbbuild/netbeans/ide/modules/org-netbeans-modules-editor-settings-storage.jar:/Users/atalati/vscode-extension/main-repo/javavscode/netbeans/nbbuild/netbeans/platform/modules/org-netbeans-modules-options-keymap.jar:/Users/atalati/vscode-extension/main-repo/javavscode/netbeans/nbbuild/netbeans/ide/modules/org-netbeans-modules-parsing-api.jar:/Users/atalati/vscode-extension/main-repo/javavscode/netbeans/nbbuild/netbeans/ide/modules/org-netbeans-modules-parsing-lucene.jar:/Users/atalati/vscode-extension/main-repo/javavscode/netbeans/nbbuild/netbeans/ide/modules/org-netbeans-libs-lucene.jar:/Users/atalati/vscode-extension/main-repo/javavscode/netbeans/ide/libs.lucene/external/lucene-core-3.6.2.jar:/Users/atalati/vscode-extension/main-repo/javavscode/netbeans/nbbuild/netbeans/ide/modules/ext/lucene-core-3.6.2.jar:/Users/atalati/vscode-extension/main-repo/javavscode/netbeans/nbbuild/netbeans/platform/modules/org-netbeans-modules-masterfs.jar:/Users/atalati/vscode-extension/main-repo/javavscode/netbeans/nbbuild/netbeans/ide/modules/org-netbeans-modules-parsing-indexing.jar:/Users/atalati/vscode-extension/main-repo/javavscode/netbeans/nbbuild/netbeans/ide/modules/org-netbeans-modules-project-indexingbridge.jar:/Users/atalati/vscode-extension/main-repo/javavscode/netbeans/nbbuild/netbeans/ide/modules/org-netbeans-modules-projectuiapi-base.jar:/Users/atalati/vscode-extension/main-repo/javavscode/netbeans/nbbuild/netbeans/ide/modules/org-netbeans-spi-tasklist.jar:/Users/atalati/vscode-extension/main-repo/javavscode/netbeans/nbbuild/netbeans/java/modules/org-netbeans-modules-java-file-launcher.jar:/Users/atalati/vscode-extension/main-repo/javavscode/netbeans/nbbuild/netbeans/java/modules/org-netbeans-api-debugger-jpda.jar:/Users/atalati/vscode-extension/main-repo/javavscode/netbeans/nbbuild/netbeans/ide/modules/org-netbeans-api-debugger.jar:/Users/atalati/vscode-extension/main-repo/javavscode/netbeans/nbbuild/netbeans/java/modules/org-netbeans-modules-java-lexer.jar:/Users/atalati/vscode-extension/main-repo/javavscode/netbeans/nbbuild/netbeans/java/modules/org-netbeans-modules-java-platform.jar:/Users/atalati/vscode-extension/main-repo/javavscode/netbeans/nbbuild/netbeans/java/modules/org-netbeans-modules-java-project-ui.jar:/Users/atalati/vscode-extension/main-repo/javavscode/netbeans/nbbuild/netbeans/extide/modules/org-apache-tools-ant-module.jar:/Users/atalati/vscode-extension/main-repo/javavscode/netbeans/nbbuild/netbeans/ide/modules/org-netbeans-api-xml.jar:/Users/atalati/vscode-extension/main-repo/javavscode/netbeans/nbbuild/netbeans/ide/modules/org-netbeans-api-xml-ui.jar:/Users/atalati/vscode-extension/main-repo/javavscode/netbeans/nbbuild/netbeans/platform/modules/org-netbeans-core-multiview.jar:/Users/atalati/vscode-extension/main-repo/javavscode/netbeans/nbbuild/netbeans/extide/modules/org-netbeans-modules-options-java.jar:/Users/atalati/vscode-extension/main-repo/javavscode/netbeans/nbbuild/netbeans/ide/modules/org-netbeans-modules-projectuiapi.jar:/Users/atalati/vscode-extension/main-repo/javavscode/netbeans/nbbuild/netbeans/ide/modules/org-netbeans-spi-navigator.jar:/Users/atalati/vscode-extension/main-repo/javavscode/netbeans/nbbuild/netbeans/platform/modules/org-openide-execution.jar:/Users/atalati/vscode-extension/main-repo/javavscode/netbeans/nbbuild/netbeans/platform/modules/org-netbeans-api-search.jar:/Users/atalati/vscode-extension/main-repo/javavscode/netbeans/nbbuild/netbeans/java/modules/org-netbeans-modules-classfile.jar:/Users/atalati/vscode-extension/main-repo/javavscode/netbeans/nbbuild/netbeans/java/modules/org-netbeans-modules-java-platform-ui.jar:/Users/atalati/vscode-extension/main-repo/javavscode/netbeans/nbbuild/netbeans/java/modules/org-netbeans-modules-java-project.jar:/Users/atalati/vscode-extension/main-repo/javavscode/netbeans/nbbuild/netbeans/java/modules/org-netbeans-modules-java-source-base.jar:/Users/atalati/vscode-extension/main-repo/javavscode/netbeans/nbbuild/netbeans/java/modules/org-netbeans-lib-nbjavac.jar:/Users/atalati/vscode-extension/main-repo/javavscode/netbeans/nbbuild/netbeans/java/modules/org-netbeans-modules-java-preprocessorbridge.jar:/Users/atalati/vscode-extension/main-repo/javavscode/netbeans/nbbuild/netbeans/ide/modules/org-netbeans-modules-refactoring-api.jar:/Users/atalati/vscode-extension/main-repo/javavscode/netbeans/nbbuild/netbeans/ide/modules/org-netbeans-modules-project-ant.jar:/Users/atalati/vscode-extension/main-repo/javavscode/netbeans/nbbuild/netbeans/ide/modules/org-netbeans-modules-project-libraries.jar:/Users/atalati/vscode-extension/main-repo/javavscode/netbeans/nbbuild/netbeans/ide/modules/org-netbeans-modules-project-spi-intern.jar:/Users/atalati/vscode-extension/main-repo/javavscode/netbeans/nbbuild/netbeans/ide/modules/org-netbeans-modules-xml-catalog.jar:/Users/atalati/vscode-extension/main-repo/javavscode/netbeans/nbbuild/netbeans/ide/modules/org-apache-xml-resolver.jar:/Users/atalati/vscode-extension/main-repo/javavscode/netbeans/ide/o.apache.xml.resolver/external/resolver-1.2.jar:/Users/atalati/vscode-extension/main-repo/javavscode/netbeans/nbbuild/netbeans/ide/modules/ext/resolver-1.2.jar:/Users/atalati/vscode-extension/main-repo/javavscode/netbeans/nbbuild/netbeans/java/modules/org-netbeans-modules-java-source.jar:/Users/atalati/vscode-extension/main-repo/javavscode/netbeans/nbbuild/netbeans/platform/modules/org-netbeans-modules-autoupdate-services.jar:/Users/atalati/vscode-extension/main-repo/javavscode/netbeans/nbbuild/netbeans/platform/modules/ext/updater.jar:/Users/atalati/vscode-extension/main-repo/javavscode/netbeans/nbbuild/netbeans/ide/modules/org-netbeans-modules-editor-indent-project.jar:/Users/atalati/vscode-extension/main-repo/javavscode/netbeans/nbbuild/netbeans/ide/modules/org-netbeans-modules-editor-indent-support.jar:/Users/atalati/vscode-extension/main-repo/javavscode/netbeans/nbbuild/netbeans/java/modules/org-netbeans-modules-java-sourceui.jar:/Users/atalati/vscode-extension/main-repo/javavscode/netbeans/nbbuild/netbeans/ide/modules/org-netbeans-modules-jumpto.jar:/Users/atalati/vscode-extension/main-repo/javavscode/netbeans/nbbuild/netbeans/platform/modules/org-netbeans-core-ui.jar:/Users/atalati/vscode-extension/main-repo/javavscode/netbeans/nbbuild/netbeans/ide/modules/org-netbeans-modules-project-ant-ui.jar:/Users/atalati/vscode-extension/main-repo/javavscode/netbeans/nbbuild/netbeans/ide/modules/org-netbeans-modules-project-libraries-ui.jar:/Users/atalati/vscode-extension/main-repo/javavscode/netbeans/nbbuild/netbeans/ide/modules/org-netbeans-spi-editor-hints.jar:/Users/atalati/vscode-extension/main-repo/javavscode/netbeans/nbbuild/netbeans/platform/modules/org-netbeans-modules-javahelp.jar:/Users/atalati/vscode-extension/main-repo/javavscode/netbeans/platform/javahelp/external/jhall-2.0_05.jar:/Users/atalati/vscode-extension/main-repo/javavscode/netbeans/nbbuild/netbeans/java/modules/org-netbeans-spi-java-hints.jar:/Users/atalati/vscode-extension/main-repo/javavscode/netbeans/nbbuild/netbeans/ide/modules/org-netbeans-modules-code-analysis.jar:/Users/atalati/vscode-extension/main-repo/javavscode/netbeans/nbbuild/netbeans/platform/modules/org-netbeans-modules-settings.jar:/Users/atalati/vscode-extension/main-repo/javavscode/netbeans/nbbuild/netbeans/platform/modules/org-netbeans-modules-settings.jar:/Users/atalati/vscode-extension/main-repo/javavscode/netbeans/nbbuild/netbeans/platform/lib/boot.jar:/Users/atalati/vscode-extension/main-repo/javavscode/netbeans/nbbuild/netbeans/platform/lib/org-openide-modules.jar:/Users/atalati/vscode-extension/main-repo/javavscode/netbeans/nbbuild/netbeans/platform/lib/org-openide-util-ui.jar:/Users/atalati/vscode-extension/main-repo/javavscode/netbeans/nbbuild/netbeans/platform/lib/org-openide-util.jar:/Users/atalati/vscode-extension/main-repo/javavscode/netbeans/nbbuild/netbeans/platform/lib/org-openide-util-lookup.jar:/Users/atalati/vscode-extension/main-repo/javavscode/netbeans/nbbuild/netbeans/platform/core/core.jar:/Users/atalati/vscode-extension/main-repo/javavscode/netbeans/nbbuild/netbeans/platform/core/org-openide-filesystems.jar:/Users/atalati/vscode-extension/main-repo/javavscode/netbeans/nbbuild/netbeans/platform/core/org-netbeans-libs-asm.jar:/Users/atalati/vscode-extension/main-repo/javavscode/netbeans/platform/libs.asm/external/asm-9.6.jar:/Users/atalati/vscode-extension/main-repo/javavscode/netbeans/nbbuild/netbeans/platform/core/asm-9.6.jar:/Users/atalati/vscode-extension/main-repo/javavscode/netbeans/platform/libs.asm/external/asm-tree-9.6.jar:/Users/atalati/vscode-extension/main-repo/javavscode/netbeans/nbbuild/netbeans/platform/core/asm-tree-9.6.jar:/Users/atalati/vscode-extension/main-repo/javavscode/netbeans/platform/libs.asm/external/asm-commons-9.6.jar:/Users/atalati/vscode-extension/main-repo/javavscode/netbeans/nbbuild/netbeans/platform/core/asm-commons-9.6.jar:/Users/atalati/vscode-extension/main-repo/javavscode/netbeans/nbbuild/netbeans/platform/core/core-base.jar:/Users/atalati/vscode-extension/main-repo/javavscode/netbeans/nbbuild/netbeans/platform/modules/org-openide-actions.jar:/Users/atalati/vscode-extension/main-repo/javavscode/netbeans/nbbuild/netbeans/platform/modules/org-openide-awt.jar:/Users/atalati/vscode-extension/main-repo/javavscode/netbeans/nbbuild/netbeans/platform/modules/org-netbeans-api-annotations-common.jar:/Users/atalati/vscode-extension/main-repo/javavscode/netbeans/nbbuild/netbeans/platform/modules/org-openide-dialogs.jar:/Users/atalati/vscode-extension/main-repo/javavscode/netbeans/nbbuild/netbeans/platform/modules/org-netbeans-api-progress.jar:/Users/atalati/vscode-extension/main-repo/javavscode/netbeans/nbbuild/netbeans/platform/modules/org-netbeans-api-progress-nb.jar:/Users/atalati/vscode-extension/main-repo/javavscode/netbeans/nbbuild/netbeans/platform/modules/org-openide-explorer.jar:/Users/atalati/vscode-extension/main-repo/javavscode/netbeans/nbbuild/netbeans/platform/modules/org-netbeans-swing-outline.jar:/Users/atalati/vscode-extension/main-repo/javavscode/netbeans/nbbuild/netbeans/platform/modules/org-netbeans-swing-tabcontrol.jar:/Users/atalati/vscode-extension/main-repo/javavscode/netbeans/nbbuild/netbeans/platform/modules/org-openide-windows.jar:/Users/atalati/vscode-extension/main-repo/javavscode/netbeans/nbbuild/netbeans/platform/modules/org-openide-nodes.jar:/Users/atalati/vscode-extension/main-repo/javavscode/netbeans/nbbuild/netbeans/platform/modules/org-openide-text.jar:/Users/atalati/vscode-extension/main-repo/javavscode/netbeans/nbbuild/netbeans/platform/modules/org-netbeans-modules-editor-mimelookup.jar:/Users/atalati/vscode-extension/main-repo/javavscode/netbeans/nbbuild/netbeans/platform/modules/org-openide-filesystems-nb.jar:/Users/atalati/vscode-extension/main-repo/javavscode/netbeans/nbbuild/netbeans/platform/modules/org-openide-loaders.jar:/Users/atalati/vscode-extension/main-repo/javavscode/netbeans/nbbuild/netbeans/platform/modules/org-netbeans-api-scripting.jar:/Users/atalati/vscode-extension/main-repo/javavscode/netbeans/nbbuild/netbeans/platform/modules/org-netbeans-api-templates.jar:/Users/atalati/vscode-extension/main-repo/javavscode/netbeans/nbbuild/netbeans/platform/modules/org-netbeans-modules-queries.jar:/Users/atalati/vscode-extension/main-repo/javavscode/netbeans/nbbuild/netbeans/ide/modules/org-netbeans-spi-editor-hints.jar:/Users/atalati/vscode-extension/main-repo/javavscode/netbeans/nbbuild/netbeans/platform/modules/org-netbeans-api-annotations-common.jar:/Users/atalati/vscode-extension/main-repo/javavscode/netbeans/nbbuild/netbeans/ide/modules/org-netbeans-api-lsp.jar:/Users/atalati/vscode-extension/main-repo/javavscode/netbeans/nbbuild/netbeans/platform/modules/org-netbeans-modules-editor-mimelookup.jar:/Users/atalati/vscode-extension/main-repo/javavscode/netbeans/nbbuild/netbeans/platform/core/org-openide-filesystems.jar:/Users/atalati/vscode-extension/main-repo/javavscode/netbeans/nbbuild/netbeans/platform/lib/org-openide-util.jar:/Users/atalati/vscode-extension/main-repo/javavscode/netbeans/nbbuild/netbeans/platform/lib/org-openide-util-lookup.jar:/Users/atalati/vscode-extension/main-repo/javavscode/netbeans/nbbuild/netbeans/ide/modules/org-netbeans-modules-editor-util.jar:/Users/atalati/vscode-extension/main-repo/javavscode/netbeans/nbbuild/netbeans/ide/modules/org-netbeans-modules-editor-document.jar:/Users/atalati/vscode-extension/main-repo/javavscode/netbeans/nbbuild/netbeans/ide/modules/org-netbeans-modules-editor-lib.jar:/Users/atalati/vscode-extension/main-repo/javavscode/netbeans/nbbuild/netbeans/platform/modules/org-netbeans-api-progress.jar:/Users/atalati/vscode-extension/main-repo/javavscode/netbeans/nbbuild/netbeans/platform/lib/org-openide-modules.jar:/Users/atalati/vscode-extension/main-repo/javavscode/netbeans/nbbuild/netbeans/platform/lib/org-openide-util-ui.jar:/Users/atalati/vscode-extension/main-repo/javavscode/netbeans/nbbuild/netbeans/platform/modules/org-netbeans-api-progress-nb.jar:/Users/atalati/vscode-extension/main-repo/javavscode/netbeans/nbbuild/netbeans/platform/modules/org-openide-awt.jar:/Users/atalati/vscode-extension/main-repo/javavscode/netbeans/nbbuild/netbeans/ide/modules/org-netbeans-modules-editor-fold.jar:/Users/atalati/vscode-extension/main-repo/javavscode/netbeans/nbbuild/netbeans/ide/modules/org-netbeans-modules-editor-settings.jar:/Users/atalati/vscode-extension/main-repo/javavscode/netbeans/nbbuild/netbeans/ide/modules/org-netbeans-modules-lexer.jar:/Users/atalati/vscode-extension/main-repo/javavscode/netbeans/nbbuild/netbeans/ide/modules/org-netbeans-modules-editor-settings-lib.jar:/Users/atalati/vscode-extension/main-repo/javavscode/netbeans/nbbuild/netbeans/ide/modules/org-netbeans-modules-editor-guards.jar:/Users/atalati/vscode-extension/main-repo/javavscode/netbeans/nbbuild/netbeans/ide/modules/org-netbeans-modules-editor-indent.jar:/Users/atalati/vscode-extension/main-repo/javavscode/netbeans/nbbuild/netbeans/ide/modules/org-netbeans-modules-editor-lib2.jar:/Users/atalati/vscode-extension/main-repo/javavscode/netbeans/nbbuild/netbeans/platform/modules/org-openide-dialogs.jar:/Users/atalati/vscode-extension/main-repo/javavscode/netbeans/nbbuild/netbeans/platform/modules/org-openide-loaders.jar:/Users/atalati/vscode-extension/main-repo/javavscode/netbeans/nbbuild/netbeans/platform/modules/org-netbeans-api-scripting.jar:/Users/atalati/vscode-extension/main-repo/javavscode/netbeans/nbbuild/netbeans/platform/modules/org-netbeans-api-templates.jar:/Users/atalati/vscode-extension/main-repo/javavscode/netbeans/nbbuild/netbeans/platform/modules/org-netbeans-modules-queries.jar:/Users/atalati/vscode-extension/main-repo/javavscode/netbeans/nbbuild/netbeans/platform/modules/org-openide-actions.jar:/Users/atalati/vscode-extension/main-repo/javavscode/netbeans/nbbuild/netbeans/platform/modules/org-openide-explorer.jar:/Users/atalati/vscode-extension/main-repo/javavscode/netbeans/nbbuild/netbeans/platform/modules/org-netbeans-swing-outline.jar:/Users/atalati/vscode-extension/main-repo/javavscode/netbeans/nbbuild/netbeans/platform/modules/org-netbeans-swing-tabcontrol.jar:/Users/atalati/vscode-extension/main-repo/javavscode/netbeans/nbbuild/netbeans/platform/modules/org-openide-windows.jar:/Users/atalati/vscode-extension/main-repo/javavscode/netbeans/nbbuild/netbeans/platform/modules/org-openide-nodes.jar:/Users/atalati/vscode-extension/main-repo/javavscode/netbeans/nbbuild/netbeans/platform/modules/org-openide-text.jar:/Users/atalati/vscode-extension/main-repo/javavscode/netbeans/nbbuild/netbeans/platform/modules/org-openide-filesystems-nb.jar:/Users/atalati/vscode-extension/main-repo/javavscode/netbeans/nbbuild/netbeans/java/modules/org-netbeans-spi-java-hints.jar:/Users/atalati/vscode-extension/main-repo/javavscode/netbeans/nbbuild/netbeans/platform/modules/org-netbeans-api-annotations-common.jar:/Users/atalati/vscode-extension/main-repo/javavscode/netbeans/nbbuild/netbeans/java/modules/org-netbeans-api-java.jar:/Users/atalati/vscode-extension/main-repo/javavscode/netbeans/nbbuild/netbeans/ide/modules/org-netbeans-api-java-classpath.jar:/Users/atalati/vscode-extension/main-repo/javavscode/netbeans/nbbuild/netbeans/platform/core/org-openide-filesystems.jar:/Users/atalati/vscode-extension/main-repo/javavscode/netbeans/nbbuild/netbeans/platform/lib/org-openide-util.jar:/Users/atalati/vscode-extension/main-repo/javavscode/netbeans/nbbuild/netbeans/platform/lib/org-openide-util-lookup.jar:/Users/atalati/vscode-extension/main-repo/javavscode/netbeans/nbbuild/netbeans/platform/lib/org-openide-modules.jar:/Users/atalati/vscode-extension/main-repo/javavscode/netbeans/nbbuild/netbeans/platform/lib/org-openide-util-ui.jar:/Users/atalati/vscode-extension/main-repo/javavscode/netbeans/nbbuild/netbeans/platform/modules/org-netbeans-api-progress.jar:/Users/atalati/vscode-extension/main-repo/javavscode/netbeans/nbbuild/netbeans/platform/modules/org-netbeans-api-progress-nb.jar:/Users/atalati/vscode-extension/main-repo/javavscode/netbeans/nbbuild/netbeans/platform/modules/org-openide-awt.jar:/Users/atalati/vscode-extension/main-repo/javavscode/netbeans/nbbuild/netbeans/java/modules/org-netbeans-lib-nbjavac.jar:/Users/atalati/vscode-extension/main-repo/javavscode/netbeans/nbbuild/netbeans/java/modules/org-netbeans-libs-javacapi.jar:/Users/atalati/vscode-extension/main-repo/javavscode/netbeans/java/libs.javacapi/external/nb-javac-jdk-22+33-api.jar:/Users/atalati/vscode-extension/main-repo/javavscode/netbeans/java/libs.javacapi/external/nb-javac-jdk-22+33.jar:/Users/atalati/vscode-extension/main-repo/javavscode/netbeans/nbbuild/netbeans/ide/modules/org-netbeans-libs-lucene.jar:/Users/atalati/vscode-extension/main-repo/javavscode/netbeans/ide/libs.lucene/external/lucene-core-3.6.2.jar:/Users/atalati/vscode-extension/main-repo/javavscode/netbeans/nbbuild/netbeans/ide/modules/ext/lucene-core-3.6.2.jar:/Users/atalati/vscode-extension/main-repo/javavscode/netbeans/nbbuild/netbeans/ide/modules/org-netbeans-modules-code-analysis.jar:/Users/atalati/vscode-extension/main-repo/javavscode/netbeans/nbbuild/netbeans/platform/modules/org-netbeans-modules-autoupdate-services.jar:/Users/atalati/vscode-extension/main-repo/javavscode/netbeans/nbbuild/netbeans/platform/modules/ext/updater.jar:/Users/atalati/vscode-extension/main-repo/javavscode/netbeans/nbbuild/netbeans/platform/lib/boot.jar:/Users/atalati/vscode-extension/main-repo/javavscode/netbeans/nbbuild/netbeans/platform/core/core.jar:/Users/atalati/vscode-extension/main-repo/javavscode/netbeans/nbbuild/netbeans/platform/core/org-netbeans-libs-asm.jar:/Users/atalati/vscode-extension/main-repo/javavscode/netbeans/platform/libs.asm/external/asm-9.6.jar:/Users/atalati/vscode-extension/main-repo/javavscode/netbeans/nbbuild/netbeans/platform/core/asm-9.6.jar:/Users/atalati/vscode-extension/main-repo/javavscode/netbeans/platform/libs.asm/external/asm-tree-9.6.jar:/Users/atalati/vscode-extension/main-repo/javavscode/netbeans/nbbuild/netbeans/platform/core/asm-tree-9.6.jar:/Users/atalati/vscode-extension/main-repo/javavscode/netbeans/platform/libs.asm/external/asm-commons-9.6.jar:/Users/atalati/vscode-extension/main-repo/javavscode/netbeans/nbbuild/netbeans/platform/core/asm-commons-9.6.jar:/Users/atalati/vscode-extension/main-repo/javavscode/netbeans/nbbuild/netbeans/platform/core/core-base.jar:/Users/atalati/vscode-extension/main-repo/javavscode/netbeans/nbbuild/netbeans/platform/modules/org-openide-dialogs.jar:/Users/atalati/vscode-extension/main-repo/javavscode/netbeans/nbbuild/netbeans/platform/modules/org-netbeans-modules-editor-mimelookup.jar:/Users/atalati/vscode-extension/main-repo/javavscode/netbeans/nbbuild/netbeans/platform/modules/org-netbeans-modules-options-api.jar:/Users/atalati/vscode-extension/main-repo/javavscode/netbeans/nbbuild/netbeans/platform/modules/org-netbeans-core.jar:/Users/atalati/vscode-extension/main-repo/javavscode/netbeans/nbbuild/netbeans/platform/modules/org-netbeans-modules-keyring.jar:/Users/atalati/vscode-extension/main-repo/javavscode/netbeans/nbbuild/netbeans/platform/modules/org-netbeans-modules-sampler.jar:/Users/atalati/vscode-extension/main-repo/javavscode/netbeans/nbbuild/netbeans/platform/modules/org-netbeans-swing-plaf.jar:/Users/atalati/vscode-extension/main-repo/javavscode/netbeans/nbbuild/netbeans/platform/modules/org-openide-actions.jar:/Users/atalati/vscode-extension/main-repo/javavscode/netbeans/nbbuild/netbeans/platform/modules/org-openide-explorer.jar:/Users/atalati/vscode-extension/main-repo/javavscode/netbeans/nbbuild/netbeans/platform/modules/org-netbeans-swing-outline.jar:/Users/atalati/vscode-extension/main-repo/javavscode/netbeans/nbbuild/netbeans/platform/modules/org-netbeans-swing-tabcontrol.jar:/Users/atalati/vscode-extension/main-repo/javavscode/netbeans/nbbuild/netbeans/platform/modules/org-openide-windows.jar:/Users/atalati/vscode-extension/main-repo/javavscode/netbeans/nbbuild/netbeans/platform/modules/org-openide-nodes.jar:/Users/atalati/vscode-extension/main-repo/javavscode/netbeans/nbbuild/netbeans/platform/modules/org-openide-text.jar:/Users/atalati/vscode-extension/main-repo/javavscode/netbeans/nbbuild/netbeans/platform/modules/org-openide-io.jar:/Users/atalati/vscode-extension/main-repo/javavscode/netbeans/nbbuild/netbeans/platform/modules/org-netbeans-api-intent.jar:/Users/atalati/vscode-extension/main-repo/javavscode/netbeans/nbbuild/netbeans/platform/modules/org-netbeans-api-io.jar:/Users/atalati/vscode-extension/main-repo/javavscode/netbeans/nbbuild/netbeans/platform/modules/org-openide-loaders.jar:/Users/atalati/vscode-extension/main-repo/javavscode/netbeans/nbbuild/netbeans/platform/modules/org-netbeans-api-scripting.jar:/Users/atalati/vscode-extension/main-repo/javavscode/netbeans/nbbuild/netbeans/platform/modules/org-netbeans-api-templates.jar:/Users/atalati/vscode-extension/main-repo/javavscode/netbeans/nbbuild/netbeans/platform/modules/org-netbeans-modules-queries.jar:/Users/atalati/vscode-extension/main-repo/javavscode/netbeans/nbbuild/netbeans/platform/modules/org-openide-filesystems-nb.jar:/Users/atalati/vscode-extension/main-repo/javavscode/netbeans/nbbuild/netbeans/platform/modules/org-netbeans-spi-quicksearch.jar:/Users/atalati/vscode-extension/main-repo/javavscode/netbeans/nbbuild/netbeans/ide/modules/org-netbeans-modules-parsing-api.jar:/Users/atalati/vscode-extension/main-repo/javavscode/netbeans/nbbuild/netbeans/ide/modules/org-netbeans-modules-editor-document.jar:/Users/atalati/vscode-extension/main-repo/javavscode/netbeans/nbbuild/netbeans/ide/modules/org-netbeans-modules-editor-util.jar:/Users/atalati/vscode-extension/main-repo/javavscode/netbeans/nbbuild/netbeans/ide/modules/org-netbeans-modules-lexer.jar:/Users/atalati/vscode-extension/main-repo/javavscode/netbeans/nbbuild/netbeans/ide/modules/org-netbeans-modules-parsing-lucene.jar:/Users/atalati/vscode-extension/main-repo/javavscode/netbeans/nbbuild/netbeans/platform/modules/org-netbeans-modules-masterfs.jar:/Users/atalati/vscode-extension/main-repo/javavscode/netbeans/nbbuild/netbeans/ide/modules/org-netbeans-modules-projectapi.jar:/Users/atalati/vscode-extension/main-repo/javavscode/netbeans/nbbuild/netbeans/ide/modules/org-netbeans-modules-parsing-indexing.jar:/Users/atalati/vscode-extension/main-repo/javavscode/netbeans/nbbuild/netbeans/ide/modules/org-netbeans-modules-project-indexingbridge.jar:/Users/atalati/vscode-extension/main-repo/javavscode/netbeans/nbbuild/netbeans/ide/modules/org-netbeans-modules-projectuiapi-base.jar:/Users/atalati/vscode-extension/main-repo/javavscode/netbeans/nbbuild/netbeans/ide/modules/org-netbeans-spi-tasklist.jar:/Users/atalati/vscode-extension/main-repo/javavscode/netbeans/nbbuild/netbeans/ide/modules/org-netbeans-modules-projectuiapi.jar:/Users/atalati/vscode-extension/main-repo/javavscode/netbeans/nbbuild/netbeans/ide/modules/org-netbeans-modules-refactoring-api.jar:/Users/atalati/vscode-extension/main-repo/javavscode/netbeans/nbbuild/netbeans/ide/modules/org-netbeans-modules-diff.jar:/Users/atalati/vscode-extension/main-repo/javavscode/netbeans/nbbuild/netbeans/ide/modules/org-netbeans-modules-editor-errorstripe.jar:/Users/atalati/vscode-extension/main-repo/javavscode/netbeans/nbbuild/netbeans/ide/modules/org-netbeans-modules-editor-errorstripe-api.jar:/Users/atalati/vscode-extension/main-repo/javavscode/netbeans/nbbuild/netbeans/ide/modules/org-netbeans-modules-editor-fold.jar:/Users/atalati/vscode-extension/main-repo/javavscode/netbeans/nbbuild/netbeans/ide/modules/org-netbeans-modules-editor-settings.jar:/Users/atalati/vscode-extension/main-repo/javavscode/netbeans/nbbuild/netbeans/ide/modules/org-netbeans-modules-editor-settings-lib.jar:/Users/atalati/vscode-extension/main-repo/javavscode/netbeans/nbbuild/netbeans/ide/modules/org-netbeans-modules-editor-lib.jar:/Users/atalati/vscode-extension/main-repo/javavscode/netbeans/nbbuild/netbeans/ide/modules/org-netbeans-modules-editor-guards.jar:/Users/atalati/vscode-extension/main-repo/javavscode/netbeans/nbbuild/netbeans/ide/modules/org-netbeans-modules-editor-indent.jar:/Users/atalati/vscode-extension/main-repo/javavscode/netbeans/nbbuild/netbeans/ide/modules/org-netbeans-modules-editor-lib2.jar:/Users/atalati/vscode-extension/main-repo/javavscode/netbeans/nbbuild/netbeans/ide/modules/org-netbeans-modules-options-editor.jar:/Users/atalati/vscode-extension/main-repo/javavscode/netbeans/nbbuild/netbeans/ide/modules/org-netbeans-modules-editor.jar:/Users/atalati/vscode-extension/main-repo/javavscode/netbeans/nbbuild/netbeans/ide/modules/org-netbeans-api-lsp.jar:/Users/atalati/vscode-extension/main-repo/javavscode/netbeans/nbbuild/netbeans/ide/modules/org-netbeans-modules-editor-fold-nbui.jar:/Users/atalati/vscode-extension/main-repo/javavscode/netbeans/nbbuild/netbeans/ide/modules/org-netbeans-modules-editor-settings-storage.jar:/Users/atalati/vscode-extension/main-repo/javavscode/netbeans/nbbuild/netbeans/platform/modules/org-netbeans-modules-options-keymap.jar:/Users/atalati/vscode-extension/main-repo/javavscode/netbeans/nbbuild/netbeans/platform/modules/org-netbeans-modules-settings.jar:/Users/atalati/vscode-extension/main-repo/javavscode/netbeans/nbbuild/netbeans/ide/modules/org-netbeans-spi-editor-hints.jar:/Users/atalati/vscode-extension/main-repo/javavscode/netbeans/nbbuild/netbeans/java/modules/org-netbeans-modules-java-lexer.jar:/Users/atalati/vscode-extension/main-repo/javavscode/netbeans/nbbuild/netbeans/java/modules/org-netbeans-modules-java-platform.jar:/Users/atalati/vscode-extension/main-repo/javavscode/netbeans/nbbuild/netbeans/java/modules/org-netbeans-modules-java-project.jar:/Users/atalati/vscode-extension/main-repo/javavscode/netbeans/nbbuild/netbeans/java/modules/org-netbeans-modules-classfile.jar:/Users/atalati/vscode-extension/main-repo/javavscode/netbeans/nbbuild/netbeans/java/modules/org-netbeans-modules-java-source-base.jar:/Users/atalati/vscode-extension/main-repo/javavscode/netbeans/nbbuild/netbeans/java/modules/org-netbeans-modules-java-preprocessorbridge.jar:/Users/atalati/vscode-extension/main-repo/javavscode/netbeans/nbbuild/netbeans/ide/modules/org-netbeans-modules-project-ant.jar:/Users/atalati/vscode-extension/main-repo/javavscode/netbeans/nbbuild/netbeans/ide/modules/org-netbeans-modules-project-libraries.jar:/Users/atalati/vscode-extension/main-repo/javavscode/netbeans/nbbuild/netbeans/ide/modules/org-netbeans-modules-project-spi-intern.jar:/Users/atalati/vscode-extension/main-repo/javavscode/netbeans/nbbuild/netbeans/ide/modules/org-netbeans-modules-xml-catalog.jar:/Users/atalati/vscode-extension/main-repo/javavscode/netbeans/nbbuild/netbeans/ide/modules/org-apache-xml-resolver.jar:/Users/atalati/vscode-extension/main-repo/javavscode/netbeans/ide/o.apache.xml.resolver/external/resolver-1.2.jar:/Users/atalati/vscode-extension/main-repo/javavscode/netbeans/nbbuild/netbeans/ide/modules/ext/resolver-1.2.jar:/Users/atalati/vscode-extension/main-repo/javavscode/netbeans/nbbuild/netbeans/ide/modules/org-netbeans-api-xml.jar:/Users/atalati/vscode-extension/main-repo/javavscode/netbeans/nbbuild/netbeans/java/modules/org-netbeans-modules-java-source.jar:/Users/atalati/vscode-extension/main-repo/javavscode/netbeans/nbbuild/netbeans/platform/modules/org-netbeans-core-multiview.jar:/Users/atalati/vscode-extension/main-repo/javavscode/netbeans/nbbuild/netbeans/ide/modules/org-netbeans-modules-editor-indent-project.jar:/Users/atalati/vscode-extension/main-repo/javavscode/netbeans/nbbuild/netbeans/ide/modules/org-netbeans-modules-editor-indent-support.jar:/Users/atalati/vscode-extension/main-repo/javavscode/netbeans/nbbuild/netbeans/platform/modules/org-openide-actions.jar:/Users/atalati/vscode-extension/main-repo/javavscode/netbeans/nbbuild/netbeans/platform/modules/org-openide-awt.jar:/Users/atalati/vscode-extension/main-repo/javavscode/netbeans/nbbuild/netbeans/platform/modules/org-netbeans-api-annotations-common.jar:/Users/atalati/vscode-extension/main-repo/javavscode/netbeans/nbbuild/netbeans/platform/core/org-openide-filesystems.jar:/Users/atalati/vscode-extension/main-repo/javavscode/netbeans/nbbuild/netbeans/platform/lib/org-openide-util.jar:/Users/atalati/vscode-extension/main-repo/javavscode/netbeans/nbbuild/netbeans/platform/lib/org-openide-util-lookup.jar:/Users/atalati/vscode-extension/main-repo/javavscode/netbeans/nbbuild/netbeans/platform/lib/org-openide-util-ui.jar:/Users/atalati/vscode-extension/main-repo/javavscode/netbeans/nbbuild/netbeans/platform/modules/org-openide-dialogs.jar:/Users/atalati/vscode-extension/main-repo/javavscode/netbeans/nbbuild/netbeans/platform/modules/org-netbeans-api-progress.jar:/Users/atalati/vscode-extension/main-repo/javavscode/netbeans/nbbuild/netbeans/platform/lib/org-openide-modules.jar:/Users/atalati/vscode-extension/main-repo/javavscode/netbeans/nbbuild/netbeans/platform/modules/org-netbeans-api-progress-nb.jar:/Users/atalati/vscode-extension/main-repo/javavscode/netbeans/nbbuild/netbeans/platform/modules/org-openide-explorer.jar:/Users/atalati/vscode-extension/main-repo/javavscode/netbeans/nbbuild/netbeans/platform/modules/org-netbeans-swing-outline.jar:/Users/atalati/vscode-extension/main-repo/javavscode/netbeans/nbbuild/netbeans/platform/modules/org-netbeans-swing-tabcontrol.jar:/Users/atalati/vscode-extension/main-repo/javavscode/netbeans/nbbuild/netbeans/platform/modules/org-openide-windows.jar:/Users/atalati/vscode-extension/main-repo/javavscode/netbeans/nbbuild/netbeans/platform/modules/org-openide-nodes.jar:/Users/atalati/vscode-extension/main-repo/javavscode/netbeans/nbbuild/netbeans/platform/modules/org-openide-text.jar:/Users/atalati/vscode-extension/main-repo/javavscode/netbeans/nbbuild/netbeans/platform/modules/org-netbeans-modules-editor-mimelookup.jar:/Users/atalati/vscode-extension/main-repo/javavscode/netbeans/nbbuild/netbeans/platform/modules/org-openide-awt.jar:/Users/atalati/vscode-extension/main-repo/javavscode/netbeans/nbbuild/netbeans/platform/modules/org-netbeans-api-annotations-common.jar:/Users/atalati/vscode-extension/main-repo/javavscode/netbeans/nbbuild/netbeans/platform/core/org-openide-filesystems.jar:/Users/atalati/vscode-extension/main-repo/javavscode/netbeans/nbbuild/netbeans/platform/lib/org-openide-util.jar:/Users/atalati/vscode-extension/main-repo/javavscode/netbeans/nbbuild/netbeans/platform/lib/org-openide-util-lookup.jar:/Users/atalati/vscode-extension/main-repo/javavscode/netbeans/nbbuild/netbeans/platform/lib/org-openide-util-ui.jar:/Users/atalati/vscode-extension/main-repo/javavscode/netbeans/nbbuild/netbeans/platform/modules/org-openide-dialogs.jar:/Users/atalati/vscode-extension/main-repo/javavscode/netbeans/nbbuild/netbeans/platform/modules/org-netbeans-api-progress.jar:/Users/atalati/vscode-extension/main-repo/javavscode/netbeans/nbbuild/netbeans/platform/lib/org-openide-modules.jar:/Users/atalati/vscode-extension/main-repo/javavscode/netbeans/nbbuild/netbeans/platform/lib/org-openide-util-ui.jar:/Users/atalati/vscode-extension/main-repo/javavscode/netbeans/nbbuild/netbeans/platform/lib/org-openide-util.jar:/Users/atalati/vscode-extension/main-repo/javavscode/netbeans/nbbuild/netbeans/platform/lib/org-openide-util-lookup.jar:/Users/atalati/vscode-extension/main-repo/javavscode/netbeans/nbbuild/netbeans/platform/modules/org-netbeans-api-progress-nb.jar:/Users/atalati/vscode-extension/main-repo/javavscode/netbeans/nbbuild/netbeans/platform/modules/org-openide-awt.jar:/Users/atalati/vscode-extension/main-repo/javavscode/netbeans/nbbuild/netbeans/platform/modules/org-netbeans-api-annotations-common.jar:/Users/atalati/vscode-extension/main-repo/javavscode/netbeans/nbbuild/netbeans/platform/core/org-openide-filesystems.jar:/Users/atalati/vscode-extension/main-repo/javavscode/netbeans/nbbuild/netbeans/platform/modules/org-openide-explorer.jar:/Users/atalati/vscode-extension/main-repo/javavscode/netbeans/nbbuild/netbeans/platform/modules/org-netbeans-swing-outline.jar:/Users/atalati/vscode-extension/main-repo/javavscode/netbeans/nbbuild/netbeans/platform/lib/org-openide-util-ui.jar:/Users/atalati/vscode-extension/main-repo/javavscode/netbeans/nbbuild/netbeans/platform/lib/org-openide-util.jar:/Users/atalati/vscode-extension/main-repo/javavscode/netbeans/nbbuild/netbeans/platform/lib/org-openide-util-lookup.jar:/Users/atalati/vscode-extension/main-repo/javavscode/netbeans/nbbuild/netbeans/platform/modules/org-netbeans-swing-tabcontrol.jar:/Users/atalati/vscode-extension/main-repo/javavscode/netbeans/nbbuild/netbeans/platform/modules/org-openide-awt.jar:/Users/atalati/vscode-extension/main-repo/javavscode/netbeans/nbbuild/netbeans/platform/modules/org-netbeans-api-annotations-common.jar:/Users/atalati/vscode-extension/main-repo/javavscode/netbeans/nbbuild/netbeans/platform/core/org-openide-filesystems.jar:/Users/atalati/vscode-extension/main-repo/javavscode/netbeans/nbbuild/netbeans/platform/modules/org-openide-windows.jar:/Users/atalati/vscode-extension/main-repo/javavscode/netbeans/nbbuild/netbeans/platform/modules/org-openide-nodes.jar:/Users/atalati/vscode-extension/main-repo/javavscode/netbeans/nbbuild/netbeans/platform/modules/org-openide-dialogs.jar:/Users/atalati/vscode-extension/main-repo/javavscode/netbeans/nbbuild/netbeans/platform/modules/org-netbeans-api-progress.jar:/Users/atalati/vscode-extension/main-repo/javavscode/netbeans/nbbuild/netbeans/platform/lib/org-openide-modules.jar:/Users/atalati/vscode-extension/main-repo/javavscode/netbeans/nbbuild/netbeans/platform/modules/org-netbeans-api-progress-nb.jar:/Users/atalati/vscode-extension/main-repo/javavscode/netbeans/nbbuild/netbeans/platform/core/org-openide-filesystems.jar:/Users/atalati/vscode-extension/main-repo/javavscode/netbeans/nbbuild/netbeans/platform/lib/org-openide-util.jar:/Users/atalati/vscode-extension/main-repo/javavscode/netbeans/nbbuild/netbeans/platform/lib/org-openide-util-lookup.jar:/Users/atalati/vscode-extension/main-repo/javavscode/netbeans/nbbuild/netbeans/platform/modules/org-openide-loaders.jar:/Users/atalati/vscode-extension/main-repo/javavscode/netbeans/nbbuild/netbeans/platform/modules/org-netbeans-api-annotations-common.jar:/Users/atalati/vscode-extension/main-repo/javavscode/netbeans/nbbuild/netbeans/platform/modules/org-netbeans-api-progress.jar:/Users/atalati/vscode-extension/main-repo/javavscode/netbeans/nbbuild/netbeans/platform/lib/org-openide-modules.jar:/Users/atalati/vscode-extension/main-repo/javavscode/netbeans/nbbuild/netbeans/platform/lib/org-openide-util-ui.jar:/Users/atalati/vscode-extension/main-repo/javavscode/netbeans/nbbuild/netbeans/platform/lib/org-openide-util.jar:/Users/atalati/vscode-extension/main-repo/javavscode/netbeans/nbbuild/netbeans/platform/lib/org-openide-util-lookup.jar:/Users/atalati/vscode-extension/main-repo/javavscode/netbeans/nbbuild/netbeans/platform/modules/org-netbeans-api-progress-nb.jar:/Users/atalati/vscode-extension/main-repo/javavscode/netbeans/nbbuild/netbeans/platform/modules/org-openide-awt.jar:/Users/atalati/vscode-extension/main-repo/javavscode/netbeans/nbbuild/netbeans/platform/core/org-openide-filesystems.jar:/Users/atalati/vscode-extension/main-repo/javavscode/netbeans/nbbuild/netbeans/platform/modules/org-netbeans-api-scripting.jar:/Users/atalati/vscode-extension/main-repo/javavscode/netbeans/nbbuild/netbeans/platform/modules/org-netbeans-api-templates.jar:/Users/atalati/vscode-extension/main-repo/javavscode/netbeans/nbbuild/netbeans/platform/modules/org-netbeans-modules-queries.jar:/Users/atalati/vscode-extension/main-repo/javavscode/netbeans/nbbuild/netbeans/platform/modules/org-netbeans-modules-editor-mimelookup.jar:/Users/atalati/vscode-extension/main-repo/javavscode/netbeans/nbbuild/netbeans/platform/modules/org-openide-actions.jar:/Users/atalati/vscode-extension/main-repo/javavscode/netbeans/nbbuild/netbeans/platform/modules/org-openide-dialogs.jar:/Users/atalati/vscode-extension/main-repo/javavscode/netbeans/nbbuild/netbeans/platform/modules/org-openide-explorer.jar:/Users/atalati/vscode-extension/main-repo/javavscode/netbeans/nbbuild/netbeans/platform/modules/org-netbeans-swing-outline.jar:/Users/atalati/vscode-extension/main-repo/javavscode/netbeans/nbbuild/netbeans/platform/modules/org-netbeans-swing-tabcontrol.jar:/Users/atalati/vscode-extension/main-repo/javavscode/netbeans/nbbuild/netbeans/platform/modules/org-openide-windows.jar:/Users/atalati/vscode-extension/main-repo/javavscode/netbeans/nbbuild/netbeans/platform/modules/org-openide-nodes.jar:/Users/atalati/vscode-extension/main-repo/javavscode/netbeans/nbbuild/netbeans/platform/modules/org-openide-text.jar:/Users/atalati/vscode-extension/main-repo/javavscode/netbeans/nbbuild/netbeans/platform/modules/org-openide-filesystems-nb.jar:/Users/atalati/vscode-extension/main-repo/javavscode/netbeans/nbbuild/netbeans/platform/lib/org-openide-modules.jar:/Users/atalati/vscode-extension/main-repo/javavscode/netbeans/nbbuild/netbeans/platform/lib/org-openide-util-ui.jar:/Users/atalati/vscode-extension/main-repo/javavscode/netbeans/nbbuild/netbeans/platform/lib/org-openide-util.jar:/Users/atalati/vscode-extension/main-repo/javavscode/netbeans/nbbuild/netbeans/platform/lib/org-openide-util-lookup.jar:/Users/atalati/vscode-extension/main-repo/javavscode/netbeans/nbbuild/netbeans/platform/modules/org-openide-nodes.jar:/Users/atalati/vscode-extension/main-repo/javavscode/netbeans/nbbuild/netbeans/platform/modules/org-openide-awt.jar:/Users/atalati/vscode-extension/main-repo/javavscode/netbeans/nbbuild/netbeans/platform/modules/org-netbeans-api-annotations-common.jar:/Users/atalati/vscode-extension/main-repo/javavscode/netbeans/nbbuild/netbeans/platform/core/org-openide-filesystems.jar:/Users/atalati/vscode-extension/main-repo/javavscode/netbeans/nbbuild/netbeans/platform/lib/org-openide-util.jar:/Users/atalati/vscode-extension/main-repo/javavscode/netbeans/nbbuild/netbeans/platform/lib/org-openide-util-lookup.jar:/Users/atalati/vscode-extension/main-repo/javavscode/netbeans/nbbuild/netbeans/platform/lib/org-openide-util-ui.jar:/Users/atalati/vscode-extension/main-repo/javavscode/netbeans/nbbuild/netbeans/platform/modules/org-openide-dialogs.jar:/Users/atalati/vscode-extension/main-repo/javavscode/netbeans/nbbuild/netbeans/platform/modules/org-netbeans-api-progress.jar:/Users/atalati/vscode-extension/main-repo/javavscode/netbeans/nbbuild/netbeans/platform/lib/org-openide-modules.jar:/Users/atalati/vscode-extension/main-repo/javavscode/netbeans/nbbuild/netbeans/platform/modules/org-netbeans-api-progress-nb.jar:/Users/atalati/vscode-extension/main-repo/javavscode/netbeans/nbbuild/netbeans/platform/modules/org-openide-text.jar:/Users/atalati/vscode-extension/main-repo/javavscode/netbeans/nbbuild/netbeans/platform/modules/org-netbeans-modules-editor-mimelookup.jar:/Users/atalati/vscode-extension/main-repo/javavscode/netbeans/nbbuild/netbeans/platform/core/org-openide-filesystems.jar:/Users/atalati/vscode-extension/main-repo/javavscode/netbeans/nbbuild/netbeans/platform/lib/org-openide-util.jar:/Users/atalati/vscode-extension/main-repo/javavscode/netbeans/nbbuild/netbeans/platform/lib/org-openide-util-lookup.jar:/Users/atalati/vscode-extension/main-repo/javavscode/netbeans/nbbuild/netbeans/platform/modules/org-openide-awt.jar:/Users/atalati/vscode-extension/main-repo/javavscode/netbeans/nbbuild/netbeans/platform/modules/org-netbeans-api-annotations-common.jar:/Users/atalati/vscode-extension/main-repo/javavscode/netbeans/nbbuild/netbeans/platform/lib/org-openide-util-ui.jar:/Users/atalati/vscode-extension/main-repo/javavscode/netbeans/nbbuild/netbeans/platform/modules/org-openide-dialogs.jar:/Users/atalati/vscode-extension/main-repo/javavscode/netbeans/nbbuild/netbeans/platform/modules/org-netbeans-api-progress.jar:/Users/atalati/vscode-extension/main-repo/javavscode/netbeans/nbbuild/netbeans/platform/lib/org-openide-modules.jar:/Users/atalati/vscode-extension/main-repo/javavscode/netbeans/nbbuild/netbeans/platform/modules/org-netbeans-api-progress-nb.jar:/Users/atalati/vscode-extension/main-repo/javavscode/netbeans/nbbuild/netbeans/platform/modules/org-openide-nodes.jar:/Users/atalati/vscode-extension/main-repo/javavscode/netbeans/nbbuild/netbeans/platform/modules/org-openide-windows.jar:/Users/atalati/vscode-extension/main-repo/javavscode/netbeans/nbbuild/netbeans/platform/lib/org-openide-util.jar:/Users/atalati/vscode-extension/main-repo/javavscode/netbeans/nbbuild/netbeans/platform/lib/org-openide-util-lookup.jar:/Users/atalati/vscode-extension/main-repo/javavscode/netbeans/nbbuild/netbeans/platform/lib/org-openide-util-lookup.jar:/Users/atalati/vscode-extension/main-repo/javavscode/netbeans/nbbuild/netbeans/platform/lib/org-openide-util-ui.jar:/Users/atalati/vscode-extension/main-repo/javavscode/netbeans/nbbuild/netbeans/platform/lib/org-openide-util.jar:/Users/atalati/vscode-extension/main-repo/javavscode/netbeans/nbbuild/netbeans/platform/lib/org-openide-util-lookup.jar:/Users/atalati/vscode-extension/main-repo/javavscode/netbeans/nbbuild/netbeans/platform/modules/org-openide-windows.jar:/Users/atalati/vscode-extension/main-repo/javavscode/netbeans/nbbuild/netbeans/platform/modules/org-openide-awt.jar:/Users/atalati/vscode-extension/main-repo/javavscode/netbeans/nbbuild/netbeans/platform/modules/org-netbeans-api-annotations-common.jar:/Users/atalati/vscode-extension/main-repo/javavscode/netbeans/nbbuild/netbeans/platform/core/org-openide-filesystems.jar:/Users/atalati/vscode-extension/main-repo/javavscode/netbeans/nbbuild/netbeans/platform/lib/org-openide-util.jar:/Users/atalati/vscode-extension/main-repo/javavscode/netbeans/nbbuild/netbeans/platform/lib/org-openide-util-lookup.jar:/Users/atalati/vscode-extension/main-repo/javavscode/netbeans/nbbuild/netbeans/platform/lib/org-openide-util-ui.jar:/Users/atalati/vscode-extension/main-repo/javavscode/netbeans/nbbuild/netbeans/platform/modules/org-openide-nodes.jar:/Users/atalati/vscode-extension/main-repo/javavscode/netbeans/nbbuild/netbeans/platform/modules/org-openide-dialogs.jar:/Users/atalati/vscode-extension/main-repo/javavscode/netbeans/nbbuild/netbeans/platform/modules/org-netbeans-api-progress.jar:/Users/atalati/vscode-extension/main-repo/javavscode/netbeans/nbbuild/netbeans/platform/lib/org-openide-modules.jar:/Users/atalati/vscode-extension/main-repo/javavscode/netbeans/nbbuild/netbeans/platform/modules/org-netbeans-api-progress-nb.jar" />
    <property name="textmate.lexer.dir" value="/Users/atalati/vscode-extension/main-repo/javavscode/netbeans/nbbuild/netbeans/ide" />
    <property name="hudson.COMMAND_MODE" value="unix2003" />
    <property name="ide/editor.guards.dir" value="/Users/atalati/vscode-extension/main-repo/javavscode/netbeans/nbbuild/netbeans/ide" />
    <property name="servletjspapi.dir" value="/Users/atalati/vscode-extension/main-repo/javavscode/netbeans/nbbuild/netbeans/enterprise" />
    <property name="xml.xam.dir" value="/Users/atalati/vscode-extension/main-repo/javavscode/netbeans/nbbuild/netbeans/ide" />
    <property name="web.core.syntax.dir" value="/Users/atalati/vscode-extension/main-repo/javavscode/netbeans/nbbuild/netbeans/enterprise" />
    <property name="ide/editor.indent.project.dir" value="/Users/atalati/vscode-extension/main-repo/javavscode/netbeans/nbbuild/netbeans/ide" />
    <property name="xml.catalog.ui.dir" value="/Users/atalati/vscode-extension/main-repo/javavscode/netbeans/nbbuild/netbeans/ide" />
    <property name="java.source.queriesimpl.dir" value="/Users/atalati/vscode-extension/main-repo/javavscode/netbeans/nbbuild/netbeans/java" />
    <property name="ide/versioning.ui.dir" value="/Users/atalati/vscode-extension/main-repo/javavscode/netbeans/nbbuild/netbeans/ide" />
    <property name="php/libs.javacup.dir" value="/Users/atalati/vscode-extension/main-repo/javavscode/netbeans/nbbuild/netbeans/php" />
    <property name="gradle.kit.dir" value="/Users/atalati/vscode-extension/main-repo/javavscode/netbeans/nbbuild/netbeans/java" />
    <property name="profiler/profiler.snaptracer.dir" value="/Users/atalati/vscode-extension/main-repo/javavscode/netbeans/nbbuild/netbeans/profiler" />
    <property name="java/spi.debugger.jpda.ui.dir" value="/Users/atalati/vscode-extension/main-repo/javavscode/netbeans/nbbuild/netbeans/java" />
    <property name="ide/xml.tax.dir" value="/Users/atalati/vscode-extension/main-repo/javavscode/netbeans/nbbuild/netbeans/ide" />
    <property name="java/java.openjdk.project.dir" value="/Users/atalati/vscode-extension/main-repo/javavscode/netbeans/nbbuild/netbeans/java" />
    <property name="libs.antlr3.runtime.dir" value="/Users/atalati/vscode-extension/main-repo/javavscode/netbeans/nbbuild/netbeans/ide" />
    <property name="javascript2.prototypejs.dir" value="/Users/atalati/vscode-extension/main-repo/javavscode/netbeans/nbbuild/netbeans/webcommon" />
    <property name="languages.hcl.dir" value="/Users/atalati/vscode-extension/main-repo/javavscode/netbeans/nbbuild/netbeans/ide" />
    <property name="platform/core.execution.dir" value="/Users/atalati/vscode-extension/main-repo/javavscode/netbeans/nbbuild/netbeans/platform" />
    <property name="platform/api.progress.dir" value="/Users/atalati/vscode-extension/main-repo/javavscode/netbeans/nbbuild/netbeans/platform" />
    <property name="spec.version.base" value="1.106.0" />
    <property name="java/java.testrunner.dir" value="/Users/atalati/vscode-extension/main-repo/javavscode/netbeans/nbbuild/netbeans/java" />
    <property name="ide/versioning.core.dir" value="/Users/atalati/vscode-extension/main-repo/javavscode/netbeans/nbbuild/netbeans/ide" />
    <property name="enterprise/j2ee.sun.ddui.dir" value="/Users/atalati/vscode-extension/main-repo/javavscode/netbeans/nbbuild/netbeans/enterprise" />
    <property name="ide/projectapi.dir" value="/Users/atalati/vscode-extension/main-repo/javavscode/netbeans/nbbuild/netbeans/ide" />
    <property name="file.encoding" value="UTF-8" />
    <property name="lib.nbjavac.dir" value="/Users/atalati/vscode-extension/main-repo/javavscode/netbeans/nbbuild/netbeans/java" />
    <property name="ide/localtasks.dir" value="/Users/atalati/vscode-extension/main-repo/javavscode/netbeans/nbbuild/netbeans/ide" />
    <property name="javahelp.dir" value="/Users/atalati/vscode-extension/main-repo/javavscode/netbeans/nbbuild/netbeans/platform" />
    <property name="enterprise/javaee.wildfly.dir" value="/Users/atalati/vscode-extension/main-repo/javavscode/netbeans/nbbuild/netbeans/enterprise" />
    <property name="web.jspparser.dir" value="/Users/atalati/vscode-extension/main-repo/javavscode/netbeans/nbbuild/netbeans/enterprise" />
    <property name="test.config.batch2.includes" value="**/errors/*Test.class,**/jdk/*Test.class" />
    <property name="enterprise/jakartaee10.api.dir" value="/Users/atalati/vscode-extension/main-repo/javavscode/netbeans/nbbuild/netbeans/enterprise" />
    <property name="platform/o.apache.commons.logging.dir" value="/Users/atalati/vscode-extension/main-repo/javavscode/netbeans/nbbuild/netbeans/platform" />
    <property name="o.n.html.ko4j.dir" value="/Users/atalati/vscode-extension/main-repo/javavscode/netbeans/nbbuild/netbeans/platform" />
    <property name="ide/libs.c.kohlschutter.junixsocket.dir" value="/Users/atalati/vscode-extension/main-repo/javavscode/netbeans/nbbuild/netbeans/ide" />
    <property name="platform/sendopts.dir" value="/Users/atalati/vscode-extension/main-repo/javavscode/netbeans/nbbuild/netbeans/platform" />
    <property name="java.j2semodule.dir" value="/Users/atalati/vscode-extension/main-repo/javavscode/netbeans/nbbuild/netbeans/java" />
    <property name="clusters.config.enterprise.list" value="nb.cluster.harness,nb.cluster.bootstrap,nb.cluster.platform,nb.cluster.ide,nb.cluster.extide,nb.cluster.websvccommon,nb.cluster.java,nb.cluster.javafx,nb.cluster.profiler,nb.cluster.3rdparty,nb.cluster.nb,nb.cluster.webcommon,nb.cluster.enterprise" />
    <property name="webcommon/javascript.bower.dir" value="/Users/atalati/vscode-extension/main-repo/javavscode/netbeans/nbbuild/netbeans/webcommon" />
    <property name="java/dbschema.dir" value="/Users/atalati/vscode-extension/main-repo/javavscode/netbeans/nbbuild/netbeans/java" />
    <property name="nbjdk.enable_security_manager" value="-Djava.security.manager=allow" />
    <property name="nbm.distribution" value="http://deadlock.netbeans.org/job/nbms-and-javadoc/lastStableBuild/artifact/nbbuild/nbms/java/org-netbeans-modules-java-hints.nbm" />
    <property name="ide/o.apache.commons.lang.dir" value="/Users/atalati/vscode-extension/main-repo/javavscode/netbeans/nbbuild/netbeans/ide" />
    <property name="php/php.symfony.dir" value="/Users/atalati/vscode-extension/main-repo/javavscode/netbeans/nbbuild/netbeans/php" />
    <property name="ide/project.spi.intern.dir" value="/Users/atalati/vscode-extension/main-repo/javavscode/netbeans/nbbuild/netbeans/ide" />
    <property name="platform/net.java.html.json.dir" value="/Users/atalati/vscode-extension/main-repo/javavscode/netbeans/nbbuild/netbeans/platform" />
    <property name="nbjdk.home.defaulted" value="true" />
    <property name="websvc.projectapi.dir" value="/Users/atalati/vscode-extension/main-repo/javavscode/netbeans/nbbuild/netbeans/enterprise" />
    <property name="java/java.completion.dir" value="/Users/atalati/vscode-extension/main-repo/javavscode/netbeans/nbbuild/netbeans/java" />
    <property name="validation.nb.cluster.cnd" value="cnd.kit" />
    <property name="enterprise/projectimport.eclipse.web.dir" value="/Users/atalati/vscode-extension/main-repo/javavscode/netbeans/nbbuild/netbeans/enterprise" />
    <property name="ide/api.xml.ui.dir" value="/Users/atalati/vscode-extension/main-repo/javavscode/netbeans/nbbuild/netbeans/ide" />
    <property name="debugger.jpda.ant.dir" value="/Users/atalati/vscode-extension/main-repo/javavscode/netbeans/nbbuild/netbeans/java" />
    <property name="test.jms.flags" value="--add-opens=java.base/java.net=ALL-UNNAMED --add-opens=java.prefs/java.util.prefs=ALL-UNNAMED --add-opens=java.desktop/javax.swing.text=ALL-UNNAMED --add-opens=java.desktop/sun.awt=ALL-UNNAMED" />
    <property name="ide/versioning.dir" value="/Users/atalati/vscode-extension/main-repo/javavscode/netbeans/nbbuild/netbeans/ide" />
    <property name="spellchecker.apimodule.dir" value="/Users/atalati/vscode-extension/main-repo/javavscode/netbeans/nbbuild/netbeans/ide" />
    <property name="ide/editor.plain.lib.dir" value="/Users/atalati/vscode-extension/main-repo/javavscode/netbeans/nbbuild/netbeans/ide" />
    <property name="validation.nb.cluster.php" value="php.editor" />
    <property name="binaries.server" value="https://netbeans.osuosl.org/binaries/" />
    <property name="code.name.base" value="org.netbeans.modules.java.hints" />
    <property name="java/java.sourceui.dir" value="/Users/atalati/vscode-extension/main-repo/javavscode/netbeans/nbbuild/netbeans/java" />
    <property name="enterprise/jakartaee8.platform.dir" value="/Users/atalati/vscode-extension/main-repo/javavscode/netbeans/nbbuild/netbeans/enterprise" />
    <property name="groovy/groovy.antproject.dir" value="/Users/atalati/vscode-extension/main-repo/javavscode/netbeans/nbbuild/netbeans/groovy" />
    <property name="ide/server.dir" value="/Users/atalati/vscode-extension/main-repo/javavscode/netbeans/nbbuild/netbeans/ide" />
    <property name="javascript.karma.dir" value="/Users/atalati/vscode-extension/main-repo/javavscode/netbeans/nbbuild/netbeans/webcommon" />
    <property name="debugger.jpda.projects.dir" value="/Users/atalati/vscode-extension/main-repo/javavscode/netbeans/nbbuild/netbeans/java" />
    <property name="apisupport/apisupport.wizards.dir" value="/Users/atalati/vscode-extension/main-repo/javavscode/netbeans/nbbuild/netbeans/apisupport" />
    <property name="javascript2.knockout.dir" value="/Users/atalati/vscode-extension/main-repo/javavscode/netbeans/nbbuild/netbeans/webcommon" />
    <property name="hudson.MANPATH" value="/Users/atalati/.nvm/versions/node/v20.10.0/share/man:/opt/homebrew/share/man::" />
    <property name="webcommon/javascript2.source.query.dir" value="/Users/atalati/vscode-extension/main-repo/javavscode/netbeans/nbbuild/netbeans/webcommon" />
    <property name="jms-tools.flags" value=" -J--add-modules=jdk.jshell -J--add-opens=jdk.jshell/jdk.jshell=ALL-UNNAMED -J--add-exports=jdk.jshell/jdk.internal.jshell.debug=ALL-UNNAMED -J--add-exports=jdk.jdeps/com.sun.tools.classfile=ALL-UNNAMED -J--add-exports=jdk.jdeps/com.sun.tools.javap=ALL-UNNAMED -J--add-exports=jdk.internal.jvmstat/sun.jvmstat.monitor=ALL-UNNAMED -J--add-exports=jdk.internal.opt/jdk.internal.opt=ALL-UNNAMED -J--add-exports=java.management/sun.management=ALL-UNNAMED" />
    <property name="web.jsf12.dir" value="/Users/atalati/vscode-extension/main-repo/javavscode/netbeans/nbbuild/netbeans/enterprise" />
    <property name="build.compiler.debuglevel" value="source,lines,vars" />
    <property name="platform/net.java.html.boot.script.dir" value="/Users/atalati/vscode-extension/main-repo/javavscode/netbeans/nbbuild/netbeans/platform" />
    <property name="nb.cluster.dlight" value="dlight.kit,dlight.libs.common,dlight.remote,dlight.remote.impl,dlight.remote.ui,dlight.sendto,git.remote,git.remote.cli,mercurial.remote,remotefs.versioning,remotefs.versioning.api,subversion.remote" />
    <property name="exists.test.unit.src.dir" value="true" />
    <property name="javascript2.jsdoc.dir" value="/Users/atalati/vscode-extension/main-repo/javavscode/netbeans/nbbuild/netbeans/webcommon" />
    <property name="websvc.jaxwsmodelapi.dir" value="/Users/atalati/vscode-extension/main-repo/javavscode/netbeans/nbbuild/netbeans/websvccommon" />
    <property name="core.network.dir" value="/Users/atalati/vscode-extension/main-repo/javavscode/netbeans/nbbuild/netbeans/platform" />
    <property name="platform/masterfs.nio2.dir" value="/Users/atalati/vscode-extension/main-repo/javavscode/netbeans/nbbuild/netbeans/platform" />
    <property name="platform/janitor.dir" value="/Users/atalati/vscode-extension/main-repo/javavscode/netbeans/nbbuild/netbeans/platform" />
    <property name="ide/o.n.swing.dirchooser.dir" value="/Users/atalati/vscode-extension/main-repo/javavscode/netbeans/nbbuild/netbeans/ide" />
    <property name="nashorn.execution.dir" value="/Users/atalati/vscode-extension/main-repo/javavscode/netbeans/nbbuild/netbeans/java" />
    <property name="api.progress.dir" value="/Users/atalati/vscode-extension/main-repo/javavscode/netbeans/nbbuild/netbeans/platform" />
    <property name="ide/o.eclipse.core.contenttype.dir" value="/Users/atalati/vscode-extension/main-repo/javavscode/netbeans/nbbuild/netbeans/ide" />
    <property name="javafx2.editor.dir" value="/Users/atalati/vscode-extension/main-repo/javavscode/netbeans/nbbuild/netbeans/javafx" />
    <property name="nb.cluster.platform" value="api.annotations.common,api.htmlui,api.intent,api.io,api.progress,api.progress.compat8,api.progress.nb,api.scripting,api.search,api.templates,api.visual,applemenu,autoupdate.cli,autoupdate.services,autoupdate.ui,core.execution,core.io.ui,core.kit,core.multitabs,core.multiview,core.nativeaccess,core.netigso,core.network,core.osgi,core.output2,core.ui,core.windows,editor.mimelookup,editor.mimelookup.impl,favorites,htmlui,janitor,javahelp,junitlib,keyring,keyring.fallback,keyring.impl,lib.uihandler,libs.batik.read,libs.felix,libs.flatlaf,libs.javafx,libs.jna,libs.jna.platform,libs.jsr223,libs.junit4,libs.junit5,libs.osgi,libs.testng,masterfs,masterfs.linux,masterfs.macosx,masterfs.nio2,masterfs.ui,masterfs.windows,net.java.html,net.java.html.boot,net.java.html.boot.fx,net.java.html.boot.script,net.java.html.geo,net.java.html.json,net.java.html.sound,netbinox,o.apache.commons.codec,o.apache.commons.commons_io,o.apache.commons.lang3,o.apache.commons.logging,o.n.core,o.n.html.ko4j,o.n.html.presenters.spi,o.n.html.xhr4j,o.n.swing.laf.dark,o.n.swing.laf.flatlaf,o.n.swing.outline,o.n.swing.plaf,o.n.swing.tabcontrol,openide.actions,openide.awt,openide.compat,openide.dialogs,openide.execution,openide.execution.compat8,openide.explorer,openide.filesystems.compat8,openide.filesystems.nb,openide.io,openide.loaders,openide.nodes,openide.options,openide.text,openide.util.ui.svg,openide.windows,options.api,options.keymap,print,progress.ui,queries,sampler,sendopts,settings,spi.actions,spi.quicksearch,templates,templatesui,uihandler" />
    <property name="libs.javafx.macosx.dir" value="/Users/atalati/vscode-extension/main-repo/javavscode/netbeans/nbbuild/netbeans/extra" />
    <property name="extra.module.files" value="" />
    <property name="php/hudson.php.dir" value="/Users/atalati/vscode-extension/main-repo/javavscode/netbeans/nbbuild/netbeans/php" />
    <property name="websvc.saas.ui.dir" value="/Users/atalati/vscode-extension/main-repo/javavscode/netbeans/nbbuild/netbeans/websvccommon" />
    <property name="platform/o.n.swing.tabcontrol.dir" value="/Users/atalati/vscode-extension/main-repo/javavscode/netbeans/nbbuild/netbeans/platform" />
    <property name="libs.junit5.dir" value="/Users/atalati/vscode-extension/main-repo/javavscode/netbeans/nbbuild/netbeans/platform" />
    <property name="selenium2.java.dir" value="/Users/atalati/vscode-extension/main-repo/javavscode/netbeans/nbbuild/netbeans/java" />
    <property name="ide/libs.lucene.dir" value="/Users/atalati/vscode-extension/main-repo/javavscode/netbeans/nbbuild/netbeans/ide" />
    <property name="groovy.antproject.dir" value="/Users/atalati/vscode-extension/main-repo/javavscode/netbeans/nbbuild/netbeans/groovy" />
    <property name="webcommon/api.knockout.dir" value="/Users/atalati/vscode-extension/main-repo/javavscode/netbeans/nbbuild/netbeans/webcommon" />
    <property name="hudson.LOGNAME" value="atalati" />
    <property name="ide/xml.wsdl.model.dir" value="/Users/atalati/vscode-extension/main-repo/javavscode/netbeans/nbbuild/netbeans/ide" />
    <property name="ide/o.eclipse.equinox.registry.dir" value="/Users/atalati/vscode-extension/main-repo/javavscode/netbeans/nbbuild/netbeans/ide" />
    <property name="platform/options.keymap.dir" value="/Users/atalati/vscode-extension/main-repo/javavscode/netbeans/nbbuild/netbeans/platform" />
    <property name="java/java.metrics.dir" value="/Users/atalati/vscode-extension/main-repo/javavscode/netbeans/nbbuild/netbeans/java" />
    <property name="nb.cluster.websvccommon.depends" value="nb.cluster.ide,nb.cluster.platform" />
    <property name="lexer.nbbridge.dir" value="/Users/atalati/vscode-extension/main-repo/javavscode/netbeans/nbbuild/netbeans/ide" />
    <property name="ide/slf4j.api.dir" value="/Users/atalati/vscode-extension/main-repo/javavscode/netbeans/nbbuild/netbeans/ide" />
    <property name="ide/target.iterator.dir" value="/Users/atalati/vscode-extension/main-repo/javavscode/netbeans/nbbuild/netbeans/ide" />
    <property name="test.unit.runtime.cp" value="/Users/atalati/vscode-extension/main-repo/javavscode/netbeans/nbbuild/netbeans/platform/modules/org-netbeans-core.jar:/Users/atalati/vscode-extension/main-repo/javavscode/netbeans/nbbuild/netbeans/platform/core/core.jar:/Users/atalati/vscode-extension/main-repo/javavscode/netbeans/nbbuild/netbeans/harness/modules/org-netbeans-insane.jar:/Users/atalati/vscode-extension/main-repo/javavscode/netbeans/nbbuild/netbeans/platform/modules/org-netbeans-modules-queries.jar:/Users/atalati/vscode-extension/main-repo/javavscode/netbeans/nbbuild/netbeans/platform/core/org-openide-filesystems.jar:/Users/atalati/vscode-extension/main-repo/javavscode/netbeans/nbbuild/netbeans/platform/lib/org-openide-util-lookup.jar:/Users/atalati/vscode-extension/main-repo/javavscode/netbeans/nbbuild/netbeans/platform/lib/org-openide-util-ui.jar:/Users/atalati/vscode-extension/main-repo/javavscode/netbeans/nbbuild/netbeans/ide/modules/org-netbeans-libs-freemarker.jar:/Users/atalati/vscode-extension/main-repo/javavscode/netbeans/nbbuild/netbeans/platform/lib/org-openide-util.jar:/Users/atalati/vscode-extension/main-repo/javavscode/netbeans/nbbuild/netbeans/platform/modules/org-netbeans-libs-junit4.jar:/Users/atalati/vscode-extension/main-repo/javavscode/netbeans/nbbuild/netbeans/platform/modules/org-netbeans-libs-testng.jar:/Users/atalati/vscode-extension/main-repo/javavscode/netbeans/nbbuild/netbeans/java/modules/org-netbeans-modules-classfile.jar:/Users/atalati/vscode-extension/main-repo/javavscode/netbeans/nbbuild/netbeans/ide/modules/org-netbeans-modules-defaults.jar:/Users/atalati/vscode-extension/main-repo/javavscode/netbeans/nbbuild/netbeans/ide/modules/org-netbeans-modules-editor.jar:/Users/atalati/vscode-extension/main-repo/javavscode/netbeans/nbbuild/build/testdist/unit/ide/org-netbeans-modules-editor/tests.jar:/Users/atalati/vscode-extension/main-repo/javavscode/netbeans/nbbuild/netbeans/platform/modules/org-netbeans-modules-editor-mimelookup.jar:/Users/atalati/vscode-extension/main-repo/javavscode/netbeans/nbbuild/build/testdist/unit/platform/org-netbeans-modules-editor-mimelookup/tests.jar:/Users/atalati/vscode-extension/main-repo/javavscode/netbeans/nbbuild/netbeans/platform/modules/org-netbeans-modules-editor-mimelookup-impl.jar:/Users/atalati/vscode-extension/main-repo/javavscode/netbeans/nbbuild/netbeans/ide/modules/org-netbeans-modules-editor-settings.jar:/Users/atalati/vscode-extension/main-repo/javavscode/netbeans/nbbuild/netbeans/ide/modules/org-netbeans-modules-editor-settings-storage.jar:/Users/atalati/vscode-extension/main-repo/javavscode/netbeans/nbbuild/netbeans/ide/modules/org-netbeans-modules-editor-util.jar:/Users/atalati/vscode-extension/main-repo/javavscode/netbeans/nbbuild/netbeans/extide/modules/org-netbeans-modules-options-java.jar:/Users/atalati/vscode-extension/main-repo/javavscode/netbeans/nbbuild/netbeans/java/modules/org-netbeans-libs-javacapi.jar:/Users/atalati/vscode-extension/main-repo/javavscode/netbeans/nbbuild/netbeans/ide/modules/org-apache-xml-resolver.jar:/Users/atalati/vscode-extension/main-repo/javavscode/netbeans/nbbuild/netbeans/platform/modules/org-netbeans-swing-plaf.jar:/Users/atalati/vscode-extension/main-repo/javavscode/netbeans/nbbuild/netbeans/ide/modules/org-netbeans-modules-editor-settings-lib.jar:/Users/atalati/vscode-extension/main-repo/javavscode/netbeans/nbbuild/netbeans/platform/modules/org-netbeans-modules-autoupdate-services.jar:/Users/atalati/vscode-extension/main-repo/javavscode/netbeans/nbbuild/netbeans/ide/modules/org-netbeans-modules-editor-document.jar:/Users/atalati/vscode-extension/main-repo/javavscode/netbeans/nbbuild/netbeans/ide/modules/org-netbeans-modules-extexecution.jar:/Users/atalati/vscode-extension/main-repo/javavscode/netbeans/nbbuild/netbeans/java/modules/org-netbeans-api-java.jar:/Users/atalati/vscode-extension/main-repo/javavscode/netbeans/nbbuild/netbeans/ide/modules/org-netbeans-modules-xml-catalog.jar:/Users/atalati/vscode-extension/main-repo/javavscode/netbeans/nbbuild/netbeans/ide/modules/org-netbeans-modules-project-ant-ui.jar:/Users/atalati/vscode-extension/main-repo/javavscode/netbeans/nbbuild/netbeans/platform/modules/org-netbeans-modules-options-api.jar:/Users/atalati/vscode-extension/main-repo/javavscode/netbeans/nbbuild/netbeans/platform/lib/org-openide-modules.jar:/Users/atalati/vscode-extension/main-repo/javavscode/netbeans/nbbuild/netbeans/platform/modules/org-netbeans-api-search.jar:/Users/atalati/vscode-extension/main-repo/javavscode/netbeans/nbbuild/netbeans/java/modules/org-netbeans-modules-java-platform-ui.jar:/Users/atalati/vscode-extension/main-repo/javavscode/netbeans/nbbuild/netbeans/ide/modules/org-netbeans-modules-editor-guards.jar:/Users/atalati/vscode-extension/main-repo/javavscode/netbeans/nbbuild/netbeans/platform/modules/org-openide-filesystems-nb.jar:/Users/atalati/vscode-extension/main-repo/javavscode/netbeans/nbbuild/netbeans/ide/modules/org-netbeans-spi-tasklist.jar:/Users/atalati/vscode-extension/main-repo/javavscode/netbeans/nbbuild/netbeans/platform/modules/org-netbeans-modules-keyring.jar:/Users/atalati/vscode-extension/main-repo/javavscode/netbeans/nbbuild/netbeans/java/modules/org-netbeans-lib-nbjavac.jar:/Users/atalati/vscode-extension/main-repo/javavscode/netbeans/nbbuild/netbeans/platform/modules/org-netbeans-api-templates.jar:/Users/atalati/vscode-extension/main-repo/javavscode/netbeans/nbbuild/netbeans/ide/modules/org-netbeans-spi-navigator.jar:/Users/atalati/vscode-extension/main-repo/javavscode/netbeans/nbbuild/netbeans/platform/modules/org-netbeans-api-annotations-common.jar:/Users/atalati/vscode-extension/main-repo/javavscode/netbeans/nbbuild/netbeans/java/modules/org-netbeans-spi-java-hints.jar:/Users/atalati/vscode-extension/main-repo/javavscode/netbeans/nbbuild/netbeans/ide/modules/org-netbeans-modules-refactoring-api.jar:/Users/atalati/vscode-extension/main-repo/javavscode/netbeans/nbbuild/netbeans/platform/lib/boot.jar:/Users/atalati/vscode-extension/main-repo/javavscode/netbeans/nbbuild/netbeans/ide/modules/org-netbeans-api-xml-ui.jar:/Users/atalati/vscode-extension/main-repo/javavscode/netbeans/nbbuild/netbeans/java/modules/org-netbeans-modules-refactoring-java.jar:/Users/atalati/vscode-extension/main-repo/javavscode/netbeans/nbbuild/netbeans/platform/modules/org-openide-execution.jar:/Users/atalati/vscode-extension/main-repo/javavscode/netbeans/nbbuild/netbeans/platform/modules/org-netbeans-spi-quicksearch.jar:/Users/atalati/vscode-extension/main-repo/javavscode/netbeans/nbbuild/netbeans/platform/modules/org-openide-windows.jar:/Users/atalati/vscode-extension/main-repo/javavscode/netbeans/nbbuild/netbeans/ide/modules/org-netbeans-modules-editor-indent.jar:/Users/atalati/vscode-extension/main-repo/javavscode/netbeans/nbbuild/netbeans/java/modules/org-netbeans-modules-java-preprocessorbridge.jar:/Users/atalati/vscode-extension/main-repo/javavscode/netbeans/nbbuild/netbeans/platform/modules/org-netbeans-modules-sampler.jar:/Users/atalati/vscode-extension/main-repo/javavscode/netbeans/nbbuild/netbeans/java/modules/org-netbeans-modules-java-sourceui.jar:/Users/atalati/vscode-extension/main-repo/javavscode/netbeans/nbbuild/netbeans/ide/modules/org-netbeans-modules-gototest.jar:/Users/atalati/vscode-extension/main-repo/javavscode/netbeans/nbbuild/netbeans/java/modules/org-netbeans-api-debugger-jpda.jar:/Users/atalati/vscode-extension/main-repo/javavscode/netbeans/nbbuild/netbeans/platform/modules/org-openide-dialogs.jar:/Users/atalati/vscode-extension/main-repo/javavscode/netbeans/nbbuild/netbeans/ide/modules/org-netbeans-modules-projectuiapi.jar:/Users/atalati/vscode-extension/main-repo/javavscode/netbeans/nbbuild/netbeans/ide/modules/org-netbeans-modules-editor-errorstripe.jar:/Users/atalati/vscode-extension/main-repo/javavscode/netbeans/nbbuild/netbeans/ide/modules/org-netbeans-modules-projectapi.jar:/Users/atalati/vscode-extension/main-repo/javavscode/netbeans/nbbuild/netbeans/ide/modules/org-netbeans-modules-gsf-testrunner-ui.jar:/Users/atalati/vscode-extension/main-repo/javavscode/netbeans/nbbuild/netbeans/ide/modules/org-netbeans-modules-project-libraries-ui.jar:/Users/atalati/vscode-extension/main-repo/javavscode/netbeans/nbbuild/netbeans/platform/modules/org-openide-awt.jar:/Users/atalati/vscode-extension/main-repo/javavscode/netbeans/nbbuild/netbeans/platform/modules/org-openide-actions.jar:/Users/atalati/vscode-extension/main-repo/javavscode/netbeans/nbbuild/netbeans/java/modules/org-netbeans-modules-java-source.jar:/Users/atalati/vscode-extension/main-repo/javavscode/netbeans/nbbuild/netbeans/platform/modules/org-netbeans-api-io.jar:/Users/atalati/vscode-extension/main-repo/javavscode/netbeans/nbbuild/netbeans/platform/modules/org-netbeans-api-intent.jar:/Users/atalati/vscode-extension/main-repo/javavscode/netbeans/nbbuild/netbeans/platform/modules/org-openide-loaders.jar:/Users/atalati/vscode-extension/main-repo/javavscode/netbeans/nbbuild/netbeans/platform/modules/org-openide-nodes.jar:/Users/atalati/vscode-extension/main-repo/javavscode/netbeans/nbbuild/netbeans/platform/modules/org-netbeans-swing-outline.jar:/Users/atalati/vscode-extension/main-repo/javavscode/netbeans/nbbuild/netbeans/platform/modules/org-netbeans-api-progress-nb.jar:/Users/atalati/vscode-extension/main-repo/javavscode/netbeans/nbbuild/netbeans/java/modules/org-netbeans-modules-java-completion.jar:/Users/atalati/vscode-extension/main-repo/javavscode/netbeans/nbbuild/netbeans/platform/modules/org-openide-io.jar:/Users/atalati/vscode-extension/main-repo/javavscode/netbeans/nbbuild/netbeans/ide/modules/org-netbeans-modules-options-editor.jar:/Users/atalati/vscode-extension/main-repo/javavscode/netbeans/nbbuild/netbeans/ide/modules/org-netbeans-modules-projectuiapi-base.jar:/Users/atalati/vscode-extension/main-repo/javavscode/netbeans/nbbuild/netbeans/platform/modules/org-netbeans-api-progress.jar:/Users/atalati/vscode-extension/main-repo/javavscode/netbeans/nbbuild/netbeans/ide/modules/org-netbeans-modules-editor-codetemplates.jar:/Users/atalati/vscode-extension/main-repo/javavscode/netbeans/nbbuild/netbeans/ide/modules/org-netbeans-api-xml.jar:/Users/atalati/vscode-extension/main-repo/javavscode/netbeans/nbbuild/netbeans/ide/modules/org-netbeans-modules-editor-fold.jar:/Users/atalati/vscode-extension/main-repo/javavscode/netbeans/nbbuild/netbeans/ide/modules/org-netbeans-modules-editor-fold-nbui.jar:/Users/atalati/vscode-extension/main-repo/javavscode/netbeans/nbbuild/netbeans/ide/modules/org-netbeans-modules-editor-completion.jar:/Users/atalati/vscode-extension/main-repo/javavscode/netbeans/nbbuild/netbeans/platform/core/org-netbeans-libs-asm.jar:/Users/atalati/vscode-extension/main-repo/javavscode/netbeans/nbbuild/netbeans/platform/modules/org-openide-text.jar:/Users/atalati/vscode-extension/main-repo/javavscode/netbeans/nbbuild/netbeans/ide/modules/org-netbeans-modules-jumpto.jar:/Users/atalati/vscode-extension/main-repo/javavscode/netbeans/nbbuild/netbeans/extide/modules/org-apache-tools-ant-module.jar:/Users/atalati/vscode-extension/main-repo/javavscode/netbeans/nbbuild/netbeans/platform/modules/org-netbeans-modules-options-keymap.jar:/Users/atalati/vscode-extension/main-repo/javavscode/netbeans/nbbuild/netbeans/ide/modules/org-netbeans-modules-project-indexingbridge.jar:/Users/atalati/vscode-extension/main-repo/javavscode/netbeans/nbbuild/netbeans/ide/modules/org-netbeans-modules-diff.jar:/Users/atalati/vscode-extension/main-repo/javavscode/netbeans/nbbuild/netbeans/ide/modules/org-netbeans-modules-project-spi-intern.jar:/Users/atalati/vscode-extension/main-repo/javavscode/netbeans/nbbuild/netbeans/ide/modules/org-netbeans-api-java-classpath.jar:/Users/atalati/vscode-extension/main-repo/javavscode/netbeans/nbbuild/netbeans/ide/modules/org-netbeans-modules-lexer.jar:/Users/atalati/vscode-extension/main-repo/javavscode/netbeans/nbbuild/netbeans/java/modules/org-netbeans-modules-libs-corba-omgapi.jar:/Users/atalati/vscode-extension/main-repo/javavscode/netbeans/nbbuild/netbeans/ide/modules/org-netbeans-modules-project-ant.jar:/Users/atalati/vscode-extension/main-repo/javavscode/netbeans/nbbuild/netbeans/java/modules/org-netbeans-modules-java-platform.jar:/Users/atalati/vscode-extension/main-repo/javavscode/netbeans/nbbuild/netbeans/ide/modules/org-netbeans-modules-editor-indent-project.jar:/Users/atalati/vscode-extension/main-repo/javavscode/netbeans/nbbuild/netbeans/ide/modules/org-netbeans-spi-editor-hints.jar:/Users/atalati/vscode-extension/main-repo/javavscode/netbeans/nbbuild/netbeans/java/modules/org-netbeans-modules-java-lexer.jar:/Users/atalati/vscode-extension/main-repo/javavscode/netbeans/nbbuild/netbeans/java/modules/org-netbeans-modules-java-editor.jar:/Users/atalati/vscode-extension/main-repo/javavscode/netbeans/nbbuild/netbeans/java/modules/org-netbeans-modules-java-file-launcher.jar:/Users/atalati/vscode-extension/main-repo/javavscode/netbeans/nbbuild/netbeans/java/modules/org-netbeans-modules-java-editor-base.jar:/Users/atalati/vscode-extension/main-repo/javavscode/netbeans/nbbuild/netbeans/platform/modules/org-netbeans-core-multiview.jar:/Users/atalati/vscode-extension/main-repo/javavscode/netbeans/nbbuild/netbeans/ide/modules/org-netbeans-modules-code-analysis.jar:/Users/atalati/vscode-extension/main-repo/javavscode/netbeans/nbbuild/netbeans/ide/modules/org-netbeans-modules-parsing-indexing.jar:/Users/atalati/vscode-extension/main-repo/javavscode/netbeans/nbbuild/netbeans/platform/modules/org-netbeans-modules-settings.jar:/Users/atalati/vscode-extension/main-repo/javavscode/netbeans/nbbuild/netbeans/ide/modules/org-netbeans-modules-editor-errorstripe-api.jar:/Users/atalati/vscode-extension/main-repo/javavscode/netbeans/nbbuild/netbeans/java/modules/org-netbeans-modules-java-project.jar:/Users/atalati/vscode-extension/main-repo/javavscode/netbeans/nbbuild/netbeans/platform/modules/org-netbeans-modules-masterfs.jar:/Users/atalati/vscode-extension/main-repo/javavscode/netbeans/nbbuild/netbeans/ide/modules/org-netbeans-libs-lucene.jar:/Users/atalati/vscode-extension/main-repo/javavscode/netbeans/nbbuild/netbeans/platform/modules/org-openide-explorer.jar:/Users/atalati/vscode-extension/main-repo/javavscode/netbeans/nbbuild/netbeans/java/modules/org-netbeans-modules-whitelist.jar:/Users/atalati/vscode-extension/main-repo/javavscode/netbeans/nbbuild/netbeans/ide/modules/org-netbeans-modules-editor-lib.jar:/Users/atalati/vscode-extension/main-repo/javavscode/netbeans/nbbuild/netbeans/ide/modules/org-netbeans-modules-project-libraries.jar:/Users/atalati/vscode-extension/main-repo/javavscode/netbeans/nbbuild/netbeans/java/modules/org-netbeans-modules-java-project-ui.jar:/Users/atalati/vscode-extension/main-repo/javavscode/netbeans/nbbuild/netbeans/ide/modules/org-netbeans-modules-editor-indent-support.jar:/Users/atalati/vscode-extension/main-repo/javavscode/netbeans/nbbuild/netbeans/platform/modules/org-netbeans-api-scripting.jar:/Users/atalati/vscode-extension/main-repo/javavscode/netbeans/nbbuild/netbeans/ide/modules/org-netbeans-modules-extexecution-base.jar:/Users/atalati/vscode-extension/main-repo/javavscode/netbeans/nbbuild/netbeans/platform/modules/org-netbeans-swing-tabcontrol.jar:/Users/atalati/vscode-extension/main-repo/javavscode/netbeans/nbbuild/netbeans/ide/modules/org-netbeans-modules-gsf-testrunner.jar:/Users/atalati/vscode-extension/main-repo/javavscode/netbeans/nbbuild/netbeans/ide/modules/org-netbeans-modules-parsing-lucene.jar:/Users/atalati/vscode-extension/main-repo/javavscode/netbeans/nbbuild/netbeans/java/modules/org-netbeans-modules-java-source-base.jar:/Users/atalati/vscode-extension/main-repo/javavscode/netbeans/nbbuild/netbeans/ide/modules/org-netbeans-api-lsp.jar:/Users/atalati/vscode-extension/main-repo/javavscode/netbeans/nbbuild/netbeans/platform/modules/org-netbeans-core-ui.jar:/Users/atalati/vscode-extension/main-repo/javavscode/netbeans/nbbuild/netbeans/ide/modules/org-netbeans-modules-editor-lib2.jar:/Users/atalati/vscode-extension/main-repo/javavscode/netbeans/nbbuild/netbeans/ide/modules/org-netbeans-modules-editor-bracesmatching.jar:/Users/atalati/vscode-extension/main-repo/javavscode/netbeans/nbbuild/netbeans/platform/core/core-base.jar:/Users/atalati/vscode-extension/main-repo/javavscode/netbeans/nbbuild/netbeans/platform/modules/org-netbeans-modules-javahelp.jar:/Users/atalati/vscode-extension/main-repo/javavscode/netbeans/nbbuild/netbeans/ide/modules/org-netbeans-modules-parsing-api.jar:/Users/atalati/vscode-extension/main-repo/javavscode/netbeans/nbbuild/netbeans/ide/modules/org-netbeans-api-debugger.jar:/Users/atalati/vscode-extension/main-repo/javavscode/netbeans/nbbuild/netbeans/java/modules/org-netbeans-modules-java-hints-declarative.jar:/Users/atalati/vscode-extension/main-repo/javavscode/netbeans/nbbuild/netbeans/java/modules/org-netbeans-modules-java-hints-test.jar:/Users/atalati/vscode-extension/main-repo/javavscode/netbeans/nbbuild/netbeans/java/modules/org-netbeans-modules-java-j2seplatform.jar:/Users/atalati/vscode-extension/main-repo/javavscode/netbeans/nbbuild/build/testdist/unit/java/org-netbeans-modules-java-source-base/tests.jar:/Users/atalati/vscode-extension/main-repo/javavscode/netbeans/nbbuild/netbeans/harness/modules/org-netbeans-modules-nbjunit.jar:/Users/atalati/vscode-extension/main-repo/javavscode/netbeans/nbbuild/build/testdist/unit/ide/org-netbeans-modules-parsing-api/tests.jar:/Users/atalati/vscode-extension/main-repo/javavscode/netbeans/nbbuild/netbeans/ide/modules/org-netbeans-modules-parsing-nb.jar:/Users/atalati/vscode-extension/main-repo/javavscode/netbeans/nbbuild/build/testdist/unit/ide/org-netbeans-modules-parsing-nb/tests.jar:/Users/atalati/vscode-extension/main-repo/javavscode/netbeans/nbbuild/netbeans/platform/modules/org-netbeans-modules-progress-ui.jar:/Users/atalati/vscode-extension/main-repo/javavscode/netbeans/nbbuild/netbeans/ide/modules/org-netbeans-modules-projectapi-nb.jar:/Users/atalati/vscode-extension/main-repo/javavscode/netbeans/nbbuild/netbeans/ide/modules/org-netbeans-modules-projectui.jar:/Users/atalati/vscode-extension/main-repo/javavscode/netbeans/nbbuild/build/testdist/unit/java/org-netbeans-spi-java-hints/tests.jar" />
    <property name="nb.cluster.php" value="hudson.php,languages.neon,libs.javacup,php.api.annotation,php.api.documentation,php.api.editor,php.api.executable,php.api.framework,php.api.phpmodule,php.api.templates,php.api.testing,php.apigen,php.atoum,php.code.analysis,php.codeception,php.composer,php.dbgp,php.doctrine2,php.editor,php.kit,php.latte,php.nette.tester,php.nette2,php.phing,php.phpdoc,php.phpunit,php.project,php.refactoring,php.samples,php.smarty,php.symfony,php.symfony2,php.twig,php.zend,php.zend2,selenium2.php,spellchecker.bindings.php,websvc.saas.codegen.php" />
    <property name="ide/o.eclipse.core.runtime.dir" value="/Users/atalati/vscode-extension/main-repo/javavscode/netbeans/nbbuild/netbeans/ide" />
    <property name="harness/jellytools.platform.dir" value="/Users/atalati/vscode-extension/main-repo/javavscode/netbeans/nbbuild/netbeans/harness" />
    <property name="enterprise/cloud.common.dir" value="/Users/atalati/vscode-extension/main-repo/javavscode/netbeans/nbbuild/netbeans/enterprise" />
    <property name="nb.cluster.nb.dir" value="nb" />
    <property name="enterprise/j2ee.kit.dir" value="/Users/atalati/vscode-extension/main-repo/javavscode/netbeans/nbbuild/netbeans/enterprise" />
    <property name="nb/ide.branding.dir" value="/Users/atalati/vscode-extension/main-repo/javavscode/netbeans/nbbuild/netbeans/nb" />
    <property name="web.javascript.debugger.dir" value="/Users/atalati/vscode-extension/main-repo/javavscode/netbeans/nbbuild/netbeans/webcommon" />
    <property name="java/websvc.jaxws21.dir" value="/Users/atalati/vscode-extension/main-repo/javavscode/netbeans/nbbuild/netbeans/java" />
    <property name="java/projectimport.eclipse.j2se.dir" value="/Users/atalati/vscode-extension/main-repo/javavscode/netbeans/nbbuild/netbeans/java" />
    <property name="webcommon/javascript2.editor.dir" value="/Users/atalati/vscode-extension/main-repo/javavscode/netbeans/nbbuild/netbeans/webcommon" />
    <property name="java/debugger.jpda.truffle.dir" value="/Users/atalati/vscode-extension/main-repo/javavscode/netbeans/nbbuild/netbeans/java" />
    <property name="editor.breadcrumbs.dir" value="/Users/atalati/vscode-extension/main-repo/javavscode/netbeans/nbbuild/netbeans/ide" />
    <property name="spi.viewmodel.dir" value="/Users/atalati/vscode-extension/main-repo/javavscode/netbeans/nbbuild/netbeans/ide" />
    <property name="php.code.analysis.dir" value="/Users/atalati/vscode-extension/main-repo/javavscode/netbeans/nbbuild/netbeans/php" />
    <property name="enterprise/web.struts.dir" value="/Users/atalati/vscode-extension/main-repo/javavscode/netbeans/nbbuild/netbeans/enterprise" />
    <property name="ide/project.ant.compat8.dir" value="/Users/atalati/vscode-extension/main-repo/javavscode/netbeans/nbbuild/netbeans/ide" />
    <property name="platform/o.n.core.dir" value="/Users/atalati/vscode-extension/main-repo/javavscode/netbeans/nbbuild/netbeans/platform" />
    <property name="hudson.subversion.dir" value="/Users/atalati/vscode-extension/main-repo/javavscode/netbeans/nbbuild/netbeans/ide" />
    <property name="extra/libs.javafx.linux.dir" value="/Users/atalati/vscode-extension/main-repo/javavscode/netbeans/nbbuild/netbeans/extra" />
    <property name="javascript2.extjs.dir" value="/Users/atalati/vscode-extension/main-repo/javavscode/netbeans/nbbuild/netbeans/webcommon" />
    <property name="ant.file.java/java.hints" value="/Users/atalati/vscode-extension/main-repo/javavscode/netbeans/java/java.hints/build.xml" />
    <property name="db.kit.dir" value="/Users/atalati/vscode-extension/main-repo/javavscode/netbeans/nbbuild/netbeans/ide" />
    <property name="xml.xdm.dir" value="/Users/atalati/vscode-extension/main-repo/javavscode/netbeans/nbbuild/netbeans/ide" />
    <property name="java/java.source.base.dir" value="/Users/atalati/vscode-extension/main-repo/javavscode/netbeans/nbbuild/netbeans/java" />
    <property name="hudson.XPC_SERVICE_NAME" value="0" />
    <property name="editor.deprecated.pre65formatting.dir" value="/Users/atalati/vscode-extension/main-repo/javavscode/netbeans/nbbuild/netbeans/ide" />
    <property name="libs.javafx.linux.aarch64.dir" value="/Users/atalati/vscode-extension/main-repo/javavscode/netbeans/nbbuild/netbeans/extra" />
    <property name="platform/openide.filesystems.compat8.dir" value="/Users/atalati/vscode-extension/main-repo/javavscode/netbeans/nbbuild/netbeans/platform" />
    <property name="nb.cluster.identity" value="identity.ant,identity.kit,identity.profile.api,identity.profile.ui,identity.samples,identity.server.manager" />
    <property name="user.name" value="atalati" />
    <property name="gradle.persistence.dir" value="/Users/atalati/vscode-extension/main-repo/javavscode/netbeans/nbbuild/netbeans/java" />
    <property name="nbm.module.author" value="" />
    <property name="api.java.classpath.dir" value="/Users/atalati/vscode-extension/main-repo/javavscode/netbeans/nbbuild/netbeans/ide" />
    <property name="ide/projectuiapi.base.dir" value="/Users/atalati/vscode-extension/main-repo/javavscode/netbeans/nbbuild/netbeans/ide" />
    <property name="nb.cluster.team.depends" value="nb.cluster.harness,nb.cluster.platform,nb.cluster.ide" />
    <property name="ide/dbapi.dir" value="/Users/atalati/vscode-extension/main-repo/javavscode/netbeans/nbbuild/netbeans/ide" />
    <property name="locjar.brands" value="" />
    <property name="java.platform.dir" value="/Users/atalati/vscode-extension/main-repo/javavscode/netbeans/nbbuild/netbeans/java" />
    <property name="ide/hudson.ui.dir" value="/Users/atalati/vscode-extension/main-repo/javavscode/netbeans/nbbuild/netbeans/ide" />
    <property name="java/debugger.jpda.visual.dir" value="/Users/atalati/vscode-extension/main-repo/javavscode/netbeans/nbbuild/netbeans/java" />
    <property name="java/java.lsp.server.dir" value="/Users/atalati/vscode-extension/main-repo/javavscode/netbeans/nbbuild/netbeans/java" />
    <property name="java/java.nativeimage.debugger.dir" value="/Users/atalati/vscode-extension/main-repo/javavscode/netbeans/nbbuild/netbeans/java" />
    <property name="php/php.phing.dir" value="/Users/atalati/vscode-extension/main-repo/javavscode/netbeans/nbbuild/netbeans/php" />
    <property name="ide/jumpto.dir" value="/Users/atalati/vscode-extension/main-repo/javavscode/netbeans/nbbuild/netbeans/ide" />
    <property name="editor.indent.project.dir" value="/Users/atalati/vscode-extension/main-repo/javavscode/netbeans/nbbuild/netbeans/ide" />
    <property name="ide/libs.antlr4.runtime.dir" value="/Users/atalati/vscode-extension/main-repo/javavscode/netbeans/nbbuild/netbeans/ide" />
    <property name="ant.debugger.dir" value="/Users/atalati/vscode-extension/main-repo/javavscode/netbeans/nbbuild/netbeans/java" />
    <property name="core.multitabs.dir" value="/Users/atalati/vscode-extension/main-repo/javavscode/netbeans/nbbuild/netbeans/platform" />
    <property name="nb.cluster.ide.depends" value="nb.cluster.platform,nb.cluster.harness" />
    <property name="nb.cluster.cnd" value="cnd,cnd.analysis.api,cnd.analysis.impl,cnd.antlr,cnd.api.model,cnd.api.project,cnd.api.remote,cnd.api.remote.ui,cnd.apt,cnd.asm,cnd.callgraph,cnd.classview,cnd.cncppunit,cnd.completion,cnd.debugger.common2,cnd.debugger.dbx,cnd.debugger.gdb2,cnd.discovery,cnd.dwarfdiscovery,cnd.dwarfdump,cnd.editor,cnd.gotodeclaration,cnd.highlight,cnd.indexing,cnd.kit,cnd.lexer,cnd.makeproject,cnd.makeproject.source.bridge,cnd.makeproject.ui,cnd.model.jclank.bridge,cnd.model.services,cnd.modeldiscovery,cnd.modelimpl,cnd.modelui,cnd.modelutil,cnd.navigation,cnd.qnavigator,cnd.refactoring,cnd.remote,cnd.remote.projectui,cnd.remote.ui,cnd.repository,cnd.repository.api,cnd.script,cnd.search,cnd.simpleunit,cnd.source,cnd.spellchecker.bindings,cnd.testrunner,cnd.toolchain,cnd.toolchain.ui,cnd.ui,cnd.utils,cnd.utils.ui,jellytools.cnd,libs.clank,libs.dbx.support" />
    <property name="editor.tools.storage.dir" value="/Users/atalati/vscode-extension/main-repo/javavscode/netbeans/nbbuild/netbeans/ide" />
    <property name="ant.version" value="Apache Ant(TM) version 1.10.14 compiled on August 16 2023" />
    <property name="hudson.NVM_INC" value="/Users/atalati/.nvm/versions/node/v20.10.0/include/node" />
    <property name="j2ee.ejbrefactoring.dir" value="/Users/atalati/vscode-extension/main-repo/javavscode/netbeans/nbbuild/netbeans/enterprise" />
    <property name="javafx2.platform.dir" value="/Users/atalati/vscode-extension/main-repo/javavscode/netbeans/nbbuild/netbeans/javafx" />
    <property name="profiler.kit.dir" value="/Users/atalati/vscode-extension/main-repo/javavscode/netbeans/nbbuild/netbeans/profiler" />
    <property name="bcpkix.dir" value="/Users/atalati/vscode-extension/main-repo/javavscode/netbeans/nbbuild/netbeans/ide" />
    <property name="uihandler.dir" value="/Users/atalati/vscode-extension/main-repo/javavscode/netbeans/nbbuild/netbeans/platform" />
    <property name="build.test.unit.work.dir" value="/Users/atalati/vscode-extension/main-repo/javavscode/netbeans/java/java.hints/build/test/unit/work" />
    <property name="ide/spellchecker.bindings.properties.dir" value="/Users/atalati/vscode-extension/main-repo/javavscode/netbeans/nbbuild/netbeans/ide" />
    <property name="websvc.design.dir" value="/Users/atalati/vscode-extension/main-repo/javavscode/netbeans/nbbuild/netbeans/enterprise" />
    <property name="applemenu.dir" value="/Users/atalati/vscode-extension/main-repo/javavscode/netbeans/nbbuild/netbeans/platform" />
    <property name="test.unit.cp.extra" value="/Users/atalati/vscode-extension/main-repo/javavscode/netbeans/retouche/jbrowse/build/test/unit/classes:/Users/atalati/vscode-extension/main-repo/javavscode/netbeans/nbbuild/netbeans/java/modules/org-netbeans-modules-java-editor.jar:/Users/atalati/vscode-extension/main-repo/javavscode/netbeans/nbbuild/netbeans/ide/modules/org-netbeans-modules-editor.jar:" />
    <property name="tasks-already-set" value="true" />
    <property name="module.jar" value="modules/org-netbeans-modules-java-hints.jar" />
    <property name="web.jsf.richfaces.dir" value="/Users/atalati/vscode-extension/main-repo/javavscode/netbeans/nbbuild/netbeans/enterprise" />
    <property name="debugger.jpda.projectsui.dir" value="/Users/atalati/vscode-extension/main-repo/javavscode/netbeans/nbbuild/netbeans/java" />
    <property name="settings.dir" value="/Users/atalati/vscode-extension/main-repo/javavscode/netbeans/nbbuild/netbeans/platform" />
    <property name="harness/nbjunit.dir" value="/Users/atalati/vscode-extension/main-repo/javavscode/netbeans/nbbuild/netbeans/harness" />
    <property name="java.vm.vendor" value="Oracle Corporation" />
    <property name="payara.common.dir" value="/Users/atalati/vscode-extension/main-repo/javavscode/netbeans/nbbuild/netbeans/enterprise" />
    <property name="nb/updatecenters.dir" value="/Users/atalati/vscode-extension/main-repo/javavscode/netbeans/nbbuild/netbeans/nb" />
    <property name="webcommon/javascript2.react.dir" value="/Users/atalati/vscode-extension/main-repo/javavscode/netbeans/nbbuild/netbeans/webcommon" />
    <property name="junit.ui.dir" value="/Users/atalati/vscode-extension/main-repo/javavscode/netbeans/nbbuild/netbeans/java" />
    <property name="hudson._CE_M" value="" />
    <property name="ide/hudson.dir" value="/Users/atalati/vscode-extension/main-repo/javavscode/netbeans/nbbuild/netbeans/ide" />
    <property name="selenium2.php.dir" value="/Users/atalati/vscode-extension/main-repo/javavscode/netbeans/nbbuild/netbeans/php" />
    <property name="maven.refactoring.dir" value="/Users/atalati/vscode-extension/main-repo/javavscode/netbeans/nbbuild/netbeans/java" />
    <property name="java/j2ee.eclipselinkmodelgen.dir" value="/Users/atalati/vscode-extension/main-repo/javavscode/netbeans/nbbuild/netbeans/java" />
    <property name="tools.jar" value="/Library/Java/JavaVirtualMachines/jdk-17.0.8.jdk/Contents/Home/lib/tools.jar" />
    <property name="user.language" value="en" />
    <property name="nb.cluster.cpplite.dir" value="cpplite" />
    <property name="enterprise/websvc.websvcapi.dir" value="/Users/atalati/vscode-extension/main-repo/javavscode/netbeans/nbbuild/netbeans/enterprise" />
    <property name="html.custom.dir" value="/Users/atalati/vscode-extension/main-repo/javavscode/netbeans/nbbuild/netbeans/ide" />
    <property name="ide/projectapi.nb.dir" value="/Users/atalati/vscode-extension/main-repo/javavscode/netbeans/nbbuild/netbeans/ide" />
    <property name="java/junit.dir" value="/Users/atalati/vscode-extension/main-repo/javavscode/netbeans/nbbuild/netbeans/java" />
    <property name="ant.java.version" value="17" />
    <property name="editor.autosave.dir" value="/Users/atalati/vscode-extension/main-repo/javavscode/netbeans/nbbuild/netbeans/ide" />
    <property name="api.progress.compat8.dir" value="/Users/atalati/vscode-extension/main-repo/javavscode/netbeans/nbbuild/netbeans/platform" />
    <property name="webcommon/javascript2.knockout.dir" value="/Users/atalati/vscode-extension/main-repo/javavscode/netbeans/nbbuild/netbeans/webcommon" />
    <property name="ide/parsing.ui.dir" value="/Users/atalati/vscode-extension/main-repo/javavscode/netbeans/nbbuild/netbeans/ide" />
    <property name="javascript.v8debug.dir" value="/Users/atalati/vscode-extension/main-repo/javavscode/netbeans/nbbuild/netbeans/webcommon" />
    <property name="java.project.ui.dir" value="/Users/atalati/vscode-extension/main-repo/javavscode/netbeans/nbbuild/netbeans/java" />
    <property name="platform/core.network.dir" value="/Users/atalati/vscode-extension/main-repo/javavscode/netbeans/nbbuild/netbeans/platform" />
    <property name="ide/editor.codetemplates.dir" value="/Users/atalati/vscode-extension/main-repo/javavscode/netbeans/nbbuild/netbeans/ide" />
    <property name="build.test.unit.classes.dir" value="/Users/atalati/vscode-extension/main-repo/javavscode/netbeans/java/java.hints/build/test/unit/classes" />
    <property name="servletapi.dir" value="/Users/atalati/vscode-extension/main-repo/javavscode/netbeans/nbbuild/netbeans/ide" />
    <property name="ide/languages.dir" value="/Users/atalati/vscode-extension/main-repo/javavscode/netbeans/nbbuild/netbeans/ide" />
    <property name="java/maven.indexer.dir" value="/Users/atalati/vscode-extension/main-repo/javavscode/netbeans/nbbuild/netbeans/java" />
    <property name="ant.file.default" value="/Users/atalati/vscode-extension/main-repo/javavscode/netbeans/nbbuild/default.xml" />
    <property name="typescript.editor.dir" value="/Users/atalati/vscode-extension/main-repo/javavscode/netbeans/nbbuild/netbeans/webcommon" />
    <property name="maven.coverage.dir" value="/Users/atalati/vscode-extension/main-repo/javavscode/netbeans/nbbuild/netbeans/java" />
    <property name="nb.cluster.jira.depends" value="nb.cluster.harness,nb.cluster.platform,nb.cluster.ide" />
    <property name="enterprise/j2ee.ejbrefactoring.dir" value="/Users/atalati/vscode-extension/main-repo/javavscode/netbeans/nbbuild/netbeans/enterprise" />
    <property name="nbjunit.workdir" value="/Users/atalati/vscode-extension/main-repo/javavscode/netbeans/java/java.hints/build/test/unit/work" />
    <property name="extide/o.apache.tools.ant.module.dir" value="/Users/atalati/vscode-extension/main-repo/javavscode/netbeans/nbbuild/netbeans/extide" />
    <property name="java/java.hints.test.dir" value="/Users/atalati/vscode-extension/main-repo/javavscode/netbeans/nbbuild/netbeans/java" />
    <property name="xml.jaxb.dir" value="/Users/atalati/vscode-extension/main-repo/javavscode/netbeans/nbbuild/netbeans/java" />
    <property name="platform/progress.ui.dir" value="/Users/atalati/vscode-extension/main-repo/javavscode/netbeans/nbbuild/netbeans/platform" />
    <property name="java/maven.junit.dir" value="/Users/atalati/vscode-extension/main-repo/javavscode/netbeans/nbbuild/netbeans/java" />
    <property name="ide/libs.commons_net.dir" value="/Users/atalati/vscode-extension/main-repo/javavscode/netbeans/nbbuild/netbeans/ide" />
    <property name="libs.c.kohlschutter.junixsocket.dir" value="/Users/atalati/vscode-extension/main-repo/javavscode/netbeans/nbbuild/netbeans/ide" />
    <property name="team.commons.dir" value="/Users/atalati/vscode-extension/main-repo/javavscode/netbeans/nbbuild/netbeans/ide" />
    <property name="javahelp.excludes" value="credits.html" />
    <property name="release.files.extra" value="" />
    <property name="java.vendor.url.bug" value="https://bugreport.java.com/bugreport/" />
    <property name="enterprise/web.jsf20.dir" value="/Users/atalati/vscode-extension/main-repo/javavscode/netbeans/nbbuild/netbeans/enterprise" />
    <property name="editor.mimelookup.dir" value="/Users/atalati/vscode-extension/main-repo/javavscode/netbeans/nbbuild/netbeans/platform" />
    <property name="editor.actions.dir" value="/Users/atalati/vscode-extension/main-repo/javavscode/netbeans/nbbuild/netbeans/ide" />
    <property name="jshell.support.dir" value="/Users/atalati/vscode-extension/main-repo/javavscode/netbeans/nbbuild/netbeans/java" />
    <property name="profiler/profiler.ppoints.dir" value="/Users/atalati/vscode-extension/main-repo/javavscode/netbeans/nbbuild/netbeans/profiler" />
    <property name="lib.profiler.common.dir" value="/Users/atalati/vscode-extension/main-repo/javavscode/netbeans/nbbuild/netbeans/profiler" />
    <property name="java.testrunner.ant.dir" value="/Users/atalati/vscode-extension/main-repo/javavscode/netbeans/nbbuild/netbeans/java" />
    <property name="hudson.CONDA_PYTHON_EXE" value="/opt/homebrew/Caskroom/miniconda/base/bin/python" />
    <property name="web.jsf.dir" value="/Users/atalati/vscode-extension/main-repo/javavscode/netbeans/nbbuild/netbeans/enterprise" />
    <property name="java.vm.version" value="17.0.8+9-LTS-211" />
    <property name="extide/options.java.dir" value="/Users/atalati/vscode-extension/main-repo/javavscode/netbeans/nbbuild/netbeans/extide" />
    <property name="websvccommon/websvc.jaxwsmodelapi.dir" value="/Users/atalati/vscode-extension/main-repo/javavscode/netbeans/nbbuild/netbeans/websvccommon" />
    <property name="bugtracking.dir" value="/Users/atalati/vscode-extension/main-repo/javavscode/netbeans/nbbuild/netbeans/ide" />
    <property name="nbjunit.hard.timeout" value="600000" />
    <property name="enterprise/javaee.specs.support.dir" value="/Users/atalati/vscode-extension/main-repo/javavscode/netbeans/nbbuild/netbeans/enterprise" />
    <property name="test.dist.dir" value="/Users/atalati/vscode-extension/main-repo/javavscode/netbeans/nbbuild/build/testdist" />
  </properties>
  <testcase classname="org.netbeans.modules.java.hints.suggestions.TooStrongCastTest" name="testVarargOKCastNullItem" time="1.563" />
  <testcase classname="org.netbeans.modules.java.hints.suggestions.TooStrongCastTest" name="testCastLoosingPrecision" time="0.567" />
  <testcase classname="org.netbeans.modules.java.hints.suggestions.TooStrongCastTest" name="testOKAmbiguousMethod" time="0.564" />
  <testcase classname="org.netbeans.modules.java.hints.suggestions.TooStrongCastTest" name="testCharToCodeConversionDouble" time="0.596" />
  <testcase classname="org.netbeans.modules.java.hints.suggestions.TooStrongCastTest" name="testCharToCodeConversionInt" time="0.549" />
  <testcase classname="org.netbeans.modules.java.hints.suggestions.TooStrongCastTest" name="testArithmeticRedundantWideningCast" time="0.56" />
  <testcase classname="org.netbeans.modules.java.hints.suggestions.TooStrongCastTest" name="testArithmeticRedundantWideningType" time="0.546" />
  <testcase classname="org.netbeans.modules.java.hints.suggestions.TooStrongCastTest" name="testUnnecessaryCastingPrimitiveToWrapper" time="0.55" />
  <testcase classname="org.netbeans.modules.java.hints.suggestions.TooStrongCastTest" name="testArrayAccess" time="0.578" />
  <testcase classname="org.netbeans.modules.java.hints.suggestions.TooStrongCastTest" name="testVarargRedundantCastFirstItem" time="0.547" />
  <testcase classname="org.netbeans.modules.java.hints.suggestions.TooStrongCastTest" name="testNoHintInferredType" time="0.548" />
  <testcase classname="org.netbeans.modules.java.hints.suggestions.TooStrongCastTest" name="testAssignment" time="0.596" />
  <testcase classname="org.netbeans.modules.java.hints.suggestions.TooStrongCastTest" name="testVarargsOK" time="0.523" />
  <testcase classname="org.netbeans.modules.java.hints.suggestions.TooStrongCastTest" name="testMethods" time="0.592" />
  <testcase classname="org.netbeans.modules.java.hints.suggestions.TooStrongCastTest" name="testReturnType" time="0.586" />
  <testcase classname="org.netbeans.modules.java.hints.suggestions.TooStrongCastTest" name="testVarargStromgCastToItem" time="0.547" />
  <testcase classname="org.netbeans.modules.java.hints.suggestions.TooStrongCastTest" name="testMemberSelectOnPrimitive" time="0.529" />
  <testcase classname="org.netbeans.modules.java.hints.suggestions.TooStrongCastTest" name="testCastWideningPrimitive" time="0.553" />
  <testcase classname="org.netbeans.modules.java.hints.suggestions.TooStrongCastTest" name="testVarargStrongCastToVarArray" time="0.548" />
  <testcase classname="org.netbeans.modules.java.hints.suggestions.TooStrongCastTest" name="testThrowExpression" time="0.548" />
  <testcase classname="org.netbeans.modules.java.hints.suggestions.TooStrongCastTest" name="testArithmeticWidening" time="0.526" />
  <testcase classname="org.netbeans.modules.java.hints.suggestions.TooStrongCastTest" name="testStrongOverloadedMethd" time="0.557" />
  <testcase classname="org.netbeans.modules.java.hints.suggestions.TooStrongCastTest" name="testVarargRedundantCastArray" time="0.546" />
  <testcase classname="org.netbeans.modules.java.hints.suggestions.TooStrongCastTest" name="testCharToCodeConversionFloat" time="0.535" />
  <testcase classname="org.netbeans.modules.java.hints.suggestions.TooStrongCastTest" name="testVarargStrongCastFirstItem" time="0.559" />
  <testcase classname="org.netbeans.modules.java.hints.suggestions.TooStrongCastTest" name="testExpression" time="0.564" />
  <testcase classname="org.netbeans.modules.java.hints.suggestions.TooStrongCastTest" name="testVarargStrongCastNullItem" time="0.536" />
  <testcase classname="org.netbeans.modules.java.hints.suggestions.TooStrongCastTest" name="testVarargRedudantCastToItem" time="0.549" />
  <system-out><![CDATA[]]></system-out>
  <system-err><![CDATA[May 27, 2024 4:37:28 PM org.netbeans.modules.settings.RecognizeInstanceObjects$MSL <clinit>
WARNING: Not listening on module system
May 27, 2024 4:37:28 PM org.netbeans.modules.masterfs.watcher.Watcher getNotifierForPlatform
INFO: Native file watcher is disabled
May 27, 2024 4:37:28 PM org.openide.filesystems.Ordering getOrder
WARNING: Not all children in / marked with the position attribute: [org-netbeans-modules-java-hints-spiimpl-JavaHintsPositionRefresher.instance, org-netbeans-modules-java-hints-spiimpl-hints-HintsTask$HintPositionRefresherHelper.instance, org-netbeans-modules-java-hints-spiimpl-hints-HintsTask$SuggestionsPositionRefresherHelper.instance, org-netbeans-modules-java-hints-spiimpl-options-HintsSettings$GlobalSettingsProvider.instance, org-netbeans-modules-refactoring-java-callhierarchy-LspCallHierarchyProvider.instance, org-netbeans-modules-refactoring-java-plugins-InstantRefactoringPerformer$UndoableWrapper.instance, org-netbeans-modules-refactoring-java-plugins-InstantRefactoringPerformer$RenameDeletedTextInterceptor$Factory.instance, org-netbeans-modules-editor-java-CamelCaseOperations$JavaCamelCaseInterceptor$JavaFactory.instance, org-netbeans-modules-editor-java-JavaKit$JavaTypedBreakInterceptor$JavaFactory.instance, org-netbeans-modules-java-editor-codegen-RemoveSurroundingCodePanel$UnwrapCodeHighlightsLayerFactory.instance, org-netbeans-modules-java-editor-whitelist-WhiteListCheckTask$Factory.instance, org-netbeans-modules-editor-java-JavaKit$JavaDeletedTextInterceptor$Factory.instance, org-netbeans-modules-editor-java-JavaKit$JavaTypedTextInterceptor$Factory.instance, org-netbeans-modules-java-editor-fold-ResourceStringFoldProvider.instance, org-netbeans-modules-java-editor-rename-InstantRenamePerformer$RenameDeletedTextInterceptor$Factory.instance, org-netbeans-modules-whitelist-index-WhiteListIndexerPlugin$Factory.instance, org-netbeans-modules-java-source-indexing-JavaCustomIndexer$Factory-register.instance, org-netbeans-modules-java-source-parsing-JavacParserFactory.instance, org-netbeans-modules-java-source-parsing-VanillaPartialReparser$VerifyPartialReparse$FactoryImpl.instance, org-netbeans-modules-java-hints-declarative-debugging-EvaluationSpanTask$FactoryImpl.instance, org-netbeans-modules-java-hints-infrastructure-ErrorPositionRefresherHelper.instance, org-netbeans-modules-java-hints-infrastructure-JavaErrorProvider.instance, org-netbeans-modules-java-hints-introduce-PositionRefresherHelperImpl.instance, org-netbeans-modules-editor-impl-DocumentFactoryImpl.instance, org-netbeans-modules-editor-url-HighlightURLs$FactoryImpl.instance, org-netbeans-modules-refactoring-spi-impl-UndoableWrapper.instance, org-netbeans-modules-gsf-testrunner-ui-TestMethodFinderImpl$Factory.instance, org-netbeans-modules-editor-fold-ui-FoldingEditorSupport$F.instance, org-netbeans-modules-editor-hints-lsp-HintsDiagnosticsProvider.instance, org-netbeans-modules-java-source-indexing-JavaBinaryIndexer$Factory-register.instance, org-netbeans-modules-java-hints-infrastructure-EmbeddedHintsCollector$Factory.instance], but some are: [org-netbeans-modules-editor-java-JavaStructureProvider.instance, org-netbeans-modules-java-file-launcher-indexer-CompilerOptionsIndexer$FactoryImpl.instance]
May 27, 2024 4:37:28 PM org.netbeans.modules.parsing.impl.indexing.RepositoryUpdater$RootsWork getDone
INFO: Resolving dependencies took: 7 ms
May 27, 2024 4:37:28 PM org.netbeans.modules.parsing.impl.indexing.RepositoryUpdater$AbstractRootsWork scanBinaries
INFO: Complete indexing of 0 binary roots took: 0 ms
May 27, 2024 4:37:28 PM org.netbeans.modules.parsing.impl.indexing.RepositoryUpdater$AbstractRootsWork scanSources
INFO: Complete indexing of 0 source roots took: 0 ms (New or modified files: 0, Deleted files: 0) [Adding listeners took: 0 ms]
May 27, 2024 4:37:29 PM org.openide.filesystems.Ordering getOrder
WARNING: Not all children in / marked with the position attribute: [org-netbeans-modules-java-hints-spiimpl-JavaHintsPositionRefresher.instance, org-netbeans-modules-java-hints-spiimpl-hints-HintsTask$HintPositionRefresherHelper.instance, org-netbeans-modules-java-hints-spiimpl-hints-HintsTask$SuggestionsPositionRefresherHelper.instance, org-netbeans-modules-java-hints-spiimpl-options-HintsSettings$GlobalSettingsProvider.instance, org-netbeans-modules-refactoring-java-callhierarchy-LspCallHierarchyProvider.instance, org-netbeans-modules-refactoring-java-plugins-InstantRefactoringPerformer$UndoableWrapper.instance, org-netbeans-modules-refactoring-java-plugins-InstantRefactoringPerformer$RenameDeletedTextInterceptor$Factory.instance, org-netbeans-modules-editor-java-CamelCaseOperations$JavaCamelCaseInterceptor$JavaFactory.instance, org-netbeans-modules-editor-java-JavaKit$JavaTypedBreakInterceptor$JavaFactory.instance, org-netbeans-modules-java-editor-codegen-RemoveSurroundingCodePanel$UnwrapCodeHighlightsLayerFactory.instance, org-netbeans-modules-java-editor-whitelist-WhiteListCheckTask$Factory.instance, org-netbeans-modules-editor-java-JavaKit$JavaDeletedTextInterceptor$Factory.instance, org-netbeans-modules-editor-java-JavaKit$JavaTypedTextInterceptor$Factory.instance, org-netbeans-modules-java-editor-fold-ResourceStringFoldProvider.instance, org-netbeans-modules-java-editor-rename-InstantRenamePerformer$RenameDeletedTextInterceptor$Factory.instance, org-netbeans-modules-whitelist-index-WhiteListIndexerPlugin$Factory.instance, org-netbeans-modules-java-source-indexing-JavaCustomIndexer$Factory-register.instance, org-netbeans-modules-java-source-parsing-JavacParserFactory.instance, org-netbeans-modules-java-source-parsing-VanillaPartialReparser$VerifyPartialReparse$FactoryImpl.instance, org-netbeans-modules-java-hints-declarative-debugging-EvaluationSpanTask$FactoryImpl.instance, org-netbeans-modules-java-hints-infrastructure-ErrorPositionRefresherHelper.instance, org-netbeans-modules-java-hints-infrastructure-JavaErrorProvider.instance, org-netbeans-modules-java-hints-introduce-PositionRefresherHelperImpl.instance, org-netbeans-modules-editor-impl-DocumentFactoryImpl.instance, org-netbeans-modules-editor-url-HighlightURLs$FactoryImpl.instance, org-netbeans-modules-refactoring-spi-impl-UndoableWrapper.instance, org-netbeans-modules-gsf-testrunner-ui-TestMethodFinderImpl$Factory.instance, org-netbeans-modules-editor-fold-ui-FoldingEditorSupport$F.instance, org-netbeans-modules-editor-hints-lsp-HintsDiagnosticsProvider.instance, org-netbeans-modules-java-source-indexing-JavaBinaryIndexer$Factory-register.instance, org-netbeans-modules-java-hints-infrastructure-EmbeddedHintsCollector$Factory.instance], but some are: [org-netbeans-modules-editor-java-JavaStructureProvider.instance, org-netbeans-modules-java-file-launcher-indexer-CompilerOptionsIndexer$FactoryImpl.instance]
]]></system-err>
</testsuite>
