<?xml version="1.0" encoding="UTF-8" ?>
<testsuite errors="0" failures="1" hostname="atalati-mac" name="org.netbeans.modules.java.lsp.server.protocol.ServerTest" skipped="0" tests="62" time="70.41" timestamp="2024-05-27T11:09:13">
  <properties>
    <property name="java/api.java.dir" value="/Users/atalati/vscode-extension/main-repo/javavscode/netbeans/nbbuild/netbeans/java" />
    <property name="php/php.apigen.dir" value="/Users/atalati/vscode-extension/main-repo/javavscode/netbeans/nbbuild/netbeans/php" />
    <property name="j2ee.ddloaders.dir" value="/Users/atalati/vscode-extension/main-repo/javavscode/netbeans/nbbuild/netbeans/enterprise" />
    <property name="java/java.guards.dir" value="/Users/atalati/vscode-extension/main-repo/javavscode/netbeans/nbbuild/netbeans/java" />
    <property name="java.hints.legacy.spi.dir" value="/Users/atalati/vscode-extension/main-repo/javavscode/netbeans/nbbuild/netbeans/java" />
    <property name="java/java.j2seplatform.dir" value="/Users/atalati/vscode-extension/main-repo/javavscode/netbeans/nbbuild/netbeans/java" />
    <property name="java/java.mx.project.dir" value="/Users/atalati/vscode-extension/main-repo/javavscode/netbeans/nbbuild/netbeans/java" />
    <property name="php.refactoring.dir" value="/Users/atalati/vscode-extension/main-repo/javavscode/netbeans/nbbuild/netbeans/php" />
    <property name="module.files.toString" value="patternSet{ includes: [modules/ext/org.eclipse.lsp4j-0.13.0.jar, modules/ext/org.eclipse.xtend.lib-2.24.0.jar, modules/ext/org.eclipse.xtext.xbase.lib-2.24.0.jar, modules/ext/org.eclipse.lsp4j.jsonrpc.debug-0.13.0.jar, modules/ext/org.eclipse.lsp4j.generator-0.13.0.jar, modules/ext/org.eclipse.xtend.lib.macro-2.24.0.jar, modules/ext/org.eclipse.lsp4j.debug-0.13.0.jar, modules/ext/org.eclipse.lsp4j.jsonrpc-0.13.0.jar, modules/org-netbeans-modules-java-lsp-server.jar, modules/docs/org-netbeans-modules-java-lsp-server.jar:if-&gt;has.javahelp, config/Modules/org-netbeans-modules-java-lsp-server.xml, config/ModuleAutoDeps/org-netbeans-modules-java-lsp-server.xml:if-&gt;has.module.auto.deps, ant/nblib/org-netbeans-modules-java-lsp-server.jar] excludes: [] }" />
    <property name="javascript2.source.query.dir" value="/Users/atalati/vscode-extension/main-repo/javavscode/netbeans/nbbuild/netbeans/webcommon" />
    <property name="java/debugger.jpda.kit.dir" value="/Users/atalati/vscode-extension/main-repo/javavscode/netbeans/nbbuild/netbeans/java" />
    <property name="enterprise/jakartaee9.api.dir" value="/Users/atalati/vscode-extension/main-repo/javavscode/netbeans/nbbuild/netbeans/enterprise" />
    <property name="nb.cluster.websvccommon.dir" value="websvccommon" />
    <property name="nb.cluster.webcommon.dir" value="webcommon" />
    <property name="webcommon/javascript2.jquery.dir" value="/Users/atalati/vscode-extension/main-repo/javavscode/netbeans/nbbuild/netbeans/webcommon" />
    <property name="openide.nodes.dir" value="/Users/atalati/vscode-extension/main-repo/javavscode/netbeans/nbbuild/netbeans/platform" />
    <property name="groovy/groovy.samples.dir" value="/Users/atalati/vscode-extension/main-repo/javavscode/netbeans/nbbuild/netbeans/groovy" />
    <property name="cpplite/cpplite.kit.dir" value="/Users/atalati/vscode-extension/main-repo/javavscode/netbeans/nbbuild/netbeans/cpplite" />
    <property name="profiler/profiler.nbmodule.dir" value="/Users/atalati/vscode-extension/main-repo/javavscode/netbeans/nbbuild/netbeans/profiler" />
    <property name="ide/editor.util.dir" value="/Users/atalati/vscode-extension/main-repo/javavscode/netbeans/nbbuild/netbeans/ide" />
    <property name="ant.freeform.dir" value="/Users/atalati/vscode-extension/main-repo/javavscode/netbeans/nbbuild/netbeans/java" />
    <property name="code.name.base.dashes" value="org-netbeans-modules-java-lsp-server" />
    <property name="enterprise/j2ee.clientproject.dir" value="/Users/atalati/vscode-extension/main-repo/javavscode/netbeans/nbbuild/netbeans/enterprise" />
    <property name="cpplite/cpplite.debugger.dir" value="/Users/atalati/vscode-extension/main-repo/javavscode/netbeans/nbbuild/netbeans/cpplite" />
    <property name="ide/editor.tools.storage.dir" value="/Users/atalati/vscode-extension/main-repo/javavscode/netbeans/nbbuild/netbeans/ide" />
    <property name="ide/o.eclipse.mylyn.commons.net.dir" value="/Users/atalati/vscode-extension/main-repo/javavscode/netbeans/nbbuild/netbeans/ide" />
    <property name="gradle.dependencies.dir" value="/Users/atalati/vscode-extension/main-repo/javavscode/netbeans/nbbuild/netbeans/java" />
    <property name="groovy/groovy.gsp.dir" value="/Users/atalati/vscode-extension/main-repo/javavscode/netbeans/nbbuild/netbeans/groovy" />
    <property name="j2ee.persistenceapi.dir" value="/Users/atalati/vscode-extension/main-repo/javavscode/netbeans/nbbuild/netbeans/java" />
    <property name="websvc.restkit.dir" value="/Users/atalati/vscode-extension/main-repo/javavscode/netbeans/nbbuild/netbeans/enterprise" />
    <property name="nb.cluster.harness.depends" value="nb.cluster.platform" />
    <property name="o.eclipse.mylyn.tasks.core.dir" value="/Users/atalati/vscode-extension/main-repo/javavscode/netbeans/nbbuild/netbeans/ide" />
    <property name="payara.micro.dir" value="/Users/atalati/vscode-extension/main-repo/javavscode/netbeans/nbbuild/netbeans/enterprise" />
    <property name="ide/gsf.testrunner.ui.dir" value="/Users/atalati/vscode-extension/main-repo/javavscode/netbeans/nbbuild/netbeans/ide" />
    <property name="xml.wsdl.model.dir" value="/Users/atalati/vscode-extension/main-repo/javavscode/netbeans/nbbuild/netbeans/ide" />
    <property name="platform/core.multitabs.dir" value="/Users/atalati/vscode-extension/main-repo/javavscode/netbeans/nbbuild/netbeans/platform" />
    <property name="php.api.templates.dir" value="/Users/atalati/vscode-extension/main-repo/javavscode/netbeans/nbbuild/netbeans/php" />
    <property name="enterprise/cloud.oracle.dir" value="/Users/atalati/vscode-extension/main-repo/javavscode/netbeans/nbbuild/netbeans/enterprise" />
    <property name="el.lexer.dir" value="/Users/atalati/vscode-extension/main-repo/javavscode/netbeans/nbbuild/netbeans/enterprise" />
    <property name="enterprise/maven.j2ee.dir" value="/Users/atalati/vscode-extension/main-repo/javavscode/netbeans/nbbuild/netbeans/enterprise" />
    <property name="core.browser.webview.dir" value="/Users/atalati/vscode-extension/main-repo/javavscode/netbeans/nbbuild/netbeans/ide" />
    <property name="db.dataview.dir" value="/Users/atalati/vscode-extension/main-repo/javavscode/netbeans/nbbuild/netbeans/ide" />
    <property name="gradle.htmlui.dir" value="/Users/atalati/vscode-extension/main-repo/javavscode/netbeans/nbbuild/netbeans/java" />
    <property name="php/php.api.editor.dir" value="/Users/atalati/vscode-extension/main-repo/javavscode/netbeans/nbbuild/netbeans/php" />
    <property name="java.examples.dir" value="/Users/atalati/vscode-extension/main-repo/javavscode/netbeans/nbbuild/netbeans/java" />
    <property name="platform/javahelp.dir" value="/Users/atalati/vscode-extension/main-repo/javavscode/netbeans/nbbuild/netbeans/platform" />
    <property name="php/php.composer.dir" value="/Users/atalati/vscode-extension/main-repo/javavscode/netbeans/nbbuild/netbeans/php" />
    <property name="java/java.preprocessorbridge.dir" value="/Users/atalati/vscode-extension/main-repo/javavscode/netbeans/nbbuild/netbeans/java" />
    <property name="test.nbjdk.home" value="/Users/atalati/vscode-extension/main-repo/javavscode/netbeans/java/java.lsp.server" />
    <property name="ide/c.jcraft.jzlib.dir" value="/Users/atalati/vscode-extension/main-repo/javavscode/netbeans/nbbuild/netbeans/ide" />
    <property name="libs.graaljs.dir" value="/Users/atalati/vscode-extension/main-repo/javavscode/netbeans/nbbuild/netbeans/webcommon" />
    <property name="form.kit.dir" value="/Users/atalati/vscode-extension/main-repo/javavscode/netbeans/nbbuild/netbeans/java" />
    <property name="bcprov.dir" value="/Users/atalati/vscode-extension/main-repo/javavscode/netbeans/nbbuild/netbeans/ide" />
    <property name="enterprise/web.jspparser.dir" value="/Users/atalati/vscode-extension/main-repo/javavscode/netbeans/nbbuild/netbeans/enterprise" />
    <property name="cloud.oracle.dir" value="/Users/atalati/vscode-extension/main-repo/javavscode/netbeans/nbbuild/netbeans/enterprise" />
    <property name="ide/bcutil.dir" value="/Users/atalati/vscode-extension/main-repo/javavscode/netbeans/nbbuild/netbeans/ide" />
    <property name="java/maven.embedder.dir" value="/Users/atalati/vscode-extension/main-repo/javavscode/netbeans/nbbuild/netbeans/java" />
    <property name="test.unit.src.dir" value="/Users/atalati/vscode-extension/main-repo/javavscode/netbeans/java/java.lsp.server/test/unit/src" />
    <property name="web.browser.api.dir" value="/Users/atalati/vscode-extension/main-repo/javavscode/netbeans/nbbuild/netbeans/ide" />
    <property name="api.htmlui.dir" value="/Users/atalati/vscode-extension/main-repo/javavscode/netbeans/nbbuild/netbeans/platform" />
    <property name="libs.nbjavacapi.dir" value="/Users/atalati/vscode-extension/main-repo/javavscode/netbeans/nbbuild/netbeans/java" />
    <property name="java/gradle.spring.dir" value="/Users/atalati/vscode-extension/main-repo/javavscode/netbeans/nbbuild/netbeans/java" />
    <property name="platform/openide.text.dir" value="/Users/atalati/vscode-extension/main-repo/javavscode/netbeans/nbbuild/netbeans/platform" />
    <property name="j2ee.ejbjarproject.dir" value="/Users/atalati/vscode-extension/main-repo/javavscode/netbeans/nbbuild/netbeans/enterprise" />
    <property name="ide/html.parser.dir" value="/Users/atalati/vscode-extension/main-repo/javavscode/netbeans/nbbuild/netbeans/ide" />
    <property name="hudson.CONDA_PREFIX" value="/opt/homebrew/Caskroom/miniconda/base" />
    <property name="apisupport.kit.dir" value="/Users/atalati/vscode-extension/main-repo/javavscode/netbeans/nbbuild/netbeans/apisupport" />
    <property name="enterprise/websvc.design.dir" value="/Users/atalati/vscode-extension/main-repo/javavscode/netbeans/nbbuild/netbeans/enterprise" />
    <property name="enterprise/payara.micro.dir" value="/Users/atalati/vscode-extension/main-repo/javavscode/netbeans/nbbuild/netbeans/enterprise" />
    <property name="libs.nashorn.dir" value="/Users/atalati/vscode-extension/main-repo/javavscode/netbeans/nbbuild/netbeans/webcommon" />
    <property name="java/lib.nbjshell9.dir" value="/Users/atalati/vscode-extension/main-repo/javavscode/netbeans/nbbuild/netbeans/java" />
    <property name="ide/xml.axi.dir" value="/Users/atalati/vscode-extension/main-repo/javavscode/netbeans/nbbuild/netbeans/ide" />
    <property name="javascript2.extdoc.dir" value="/Users/atalati/vscode-extension/main-repo/javavscode/netbeans/nbbuild/netbeans/webcommon" />
    <property name="java.preprocessorbridge.dir" value="/Users/atalati/vscode-extension/main-repo/javavscode/netbeans/nbbuild/netbeans/java" />
    <property name="native.encoding" value="UTF-8" />
    <property name="test.unit.compile.cp" value="/Users/atalati/vscode-extension/main-repo/javavscode/netbeans/nbbuild/netbeans/platform/lib/boot.jar:/Users/atalati/vscode-extension/main-repo/javavscode/netbeans/nbbuild/netbeans/platform/core/core.jar:/Users/atalati/vscode-extension/main-repo/javavscode/netbeans/nbbuild/netbeans/platform/modules/org-netbeans-libs-junit4.jar:/Users/atalati/vscode-extension/main-repo/javavscode/netbeans/nbbuild/netbeans/ide/modules/org-netbeans-modules-editor.jar:/Users/atalati/vscode-extension/main-repo/javavscode/netbeans/nbbuild/netbeans/java/modules/org-netbeans-modules-java-hints-declarative.jar:/Users/atalati/vscode-extension/main-repo/javavscode/netbeans/nbbuild/netbeans/java/modules/org-netbeans-modules-java-j2seplatform.jar:/Users/atalati/vscode-extension/main-repo/javavscode/netbeans/nbbuild/netbeans/java/modules/org-netbeans-modules-java-lexer.jar:/Users/atalati/vscode-extension/main-repo/javavscode/netbeans/nbbuild/netbeans/java/modules/org-netbeans-modules-java-source.jar:/Users/atalati/vscode-extension/main-repo/javavscode/netbeans/nbbuild/netbeans/java/modules/org-netbeans-modules-java-source-base.jar:/Users/atalati/vscode-extension/main-repo/javavscode/netbeans/nbbuild/build/testdist/unit/java/org-netbeans-modules-java-source-base/tests.jar:/Users/atalati/vscode-extension/main-repo/javavscode/netbeans/nbbuild/netbeans/harness/modules/org-netbeans-insane.jar:/Users/atalati/vscode-extension/main-repo/javavscode/netbeans/nbbuild/netbeans/platform/lib/org-openide-util-lookup.jar:/Users/atalati/vscode-extension/main-repo/javavscode/netbeans/nbbuild/netbeans/harness/modules/org-netbeans-modules-nbjunit.jar:/Users/atalati/vscode-extension/main-repo/javavscode/netbeans/nbbuild/netbeans/ide/modules/org-netbeans-modules-parsing-nb.jar:/Users/atalati/vscode-extension/main-repo/javavscode/netbeans/nbbuild/netbeans/ide/modules/org-netbeans-modules-projectapi-nb.jar:/Users/atalati/vscode-extension/main-repo/javavscode/netbeans/nbbuild/netbeans/platform/modules/org-openide-io.jar:/Users/atalati/vscode-extension/main-repo/javavscode/netbeans/nbbuild/netbeans/ide/modules/org-netbeans-modules-projectuiapi-base.jar:/Users/atalati/vscode-extension/main-repo/javavscode/netbeans/nbbuild/netbeans/platform/modules/org-netbeans-api-progress.jar:/Users/atalati/vscode-extension/main-repo/javavscode/netbeans/nbbuild/netbeans/platform/modules/org-openide-execution.jar:/Users/atalati/vscode-extension/main-repo/javavscode/netbeans/nbbuild/netbeans/platform/lib/org-openide-util-ui.jar:/Users/atalati/vscode-extension/main-repo/javavscode/netbeans/nbbuild/netbeans/platform/modules/org-netbeans-swing-plaf.jar:/Users/atalati/vscode-extension/main-repo/javavscode/netbeans/nbbuild/netbeans/platform/lib/org-openide-util.jar:/Users/atalati/vscode-extension/main-repo/javavscode/netbeans/nbbuild/netbeans/platform/modules/org-netbeans-spi-quicksearch.jar:/Users/atalati/vscode-extension/main-repo/javavscode/netbeans/nbbuild/netbeans/platform/core/org-netbeans-libs-asm.jar:/Users/atalati/vscode-extension/main-repo/javavscode/netbeans/nbbuild/netbeans/platform/modules/org-openide-windows.jar:/Users/atalati/vscode-extension/main-repo/javavscode/netbeans/nbbuild/netbeans/platform/modules/org-openide-text.jar:/Users/atalati/vscode-extension/main-repo/javavscode/netbeans/nbbuild/netbeans/platform/modules/org-netbeans-modules-masterfs.jar:/Users/atalati/vscode-extension/main-repo/javavscode/netbeans/nbbuild/netbeans/platform/modules/org-netbeans-modules-options-api.jar:/Users/atalati/vscode-extension/main-repo/javavscode/netbeans/nbbuild/netbeans/platform/modules/org-openide-explorer.jar:/Users/atalati/vscode-extension/main-repo/javavscode/netbeans/nbbuild/netbeans/platform/modules/org-netbeans-modules-favorites.jar:/Users/atalati/vscode-extension/main-repo/javavscode/netbeans/nbbuild/netbeans/platform/lib/org-openide-modules.jar:/Users/atalati/vscode-extension/main-repo/javavscode/netbeans/nbbuild/netbeans/platform/modules/org-netbeans-modules-sampler.jar:/Users/atalati/vscode-extension/main-repo/javavscode/netbeans/nbbuild/netbeans/platform/modules/org-openide-filesystems-nb.jar:/Users/atalati/vscode-extension/main-repo/javavscode/netbeans/nbbuild/netbeans/platform/modules/org-netbeans-modules-keyring.jar:/Users/atalati/vscode-extension/main-repo/javavscode/netbeans/nbbuild/netbeans/platform/modules/org-openide-dialogs.jar:/Users/atalati/vscode-extension/main-repo/javavscode/netbeans/nbbuild/netbeans/platform/modules/org-netbeans-api-templates.jar:/Users/atalati/vscode-extension/main-repo/javavscode/netbeans/nbbuild/netbeans/ide/modules/org-netbeans-modules-project-indexingbridge.jar:/Users/atalati/vscode-extension/main-repo/javavscode/netbeans/nbbuild/netbeans/platform/modules/org-netbeans-modules-queries.jar:/Users/atalati/vscode-extension/main-repo/javavscode/netbeans/nbbuild/netbeans/ide/modules/org-netbeans-modules-projectuiapi.jar:/Users/atalati/vscode-extension/main-repo/javavscode/netbeans/nbbuild/netbeans/platform/modules/org-netbeans-core-execution.jar:/Users/atalati/vscode-extension/main-repo/javavscode/netbeans/nbbuild/netbeans/platform/core/org-openide-filesystems.jar:/Users/atalati/vscode-extension/main-repo/javavscode/netbeans/nbbuild/netbeans/ide/modules/org-netbeans-modules-projectapi.jar:/Users/atalati/vscode-extension/main-repo/javavscode/netbeans/nbbuild/netbeans/platform/modules/org-openide-awt.jar:/Users/atalati/vscode-extension/main-repo/javavscode/netbeans/nbbuild/netbeans/platform/modules/org-netbeans-api-scripting.jar:/Users/atalati/vscode-extension/main-repo/javavscode/netbeans/nbbuild/netbeans/platform/modules/org-netbeans-modules-editor-mimelookup.jar:/Users/atalati/vscode-extension/main-repo/javavscode/netbeans/nbbuild/netbeans/platform/modules/org-netbeans-swing-tabcontrol.jar:/Users/atalati/vscode-extension/main-repo/javavscode/netbeans/nbbuild/netbeans/platform/modules/org-netbeans-api-annotations-common.jar:/Users/atalati/vscode-extension/main-repo/javavscode/netbeans/nbbuild/netbeans/platform/modules/org-netbeans-core.jar:/Users/atalati/vscode-extension/main-repo/javavscode/netbeans/nbbuild/netbeans/platform/modules/org-openide-actions.jar:/Users/atalati/vscode-extension/main-repo/javavscode/netbeans/nbbuild/netbeans/platform/modules/org-netbeans-modules-sendopts.jar:/Users/atalati/vscode-extension/main-repo/javavscode/netbeans/nbbuild/netbeans/platform/modules/org-netbeans-api-io.jar:/Users/atalati/vscode-extension/main-repo/javavscode/netbeans/nbbuild/netbeans/ide/modules/org-netbeans-modules-projectui.jar:/Users/atalati/vscode-extension/main-repo/javavscode/netbeans/nbbuild/netbeans/platform/modules/org-netbeans-api-intent.jar:/Users/atalati/vscode-extension/main-repo/javavscode/netbeans/nbbuild/netbeans/platform/modules/org-openide-loaders.jar:/Users/atalati/vscode-extension/main-repo/javavscode/netbeans/nbbuild/netbeans/platform/modules/org-netbeans-core-ui.jar:/Users/atalati/vscode-extension/main-repo/javavscode/netbeans/nbbuild/netbeans/platform/modules/org-openide-nodes.jar:/Users/atalati/vscode-extension/main-repo/javavscode/netbeans/nbbuild/netbeans/platform/core/core-base.jar:/Users/atalati/vscode-extension/main-repo/javavscode/netbeans/nbbuild/netbeans/platform/modules/org-netbeans-swing-outline.jar:/Users/atalati/vscode-extension/main-repo/javavscode/netbeans/nbbuild/netbeans/platform/modules/org-netbeans-api-progress-nb.jar:/Users/atalati/vscode-extension/main-repo/javavscode/netbeans/nbbuild/netbeans/platform/modules/org-netbeans-modules-settings.jar:/Users/atalati/vscode-extension/main-repo/javavscode/netbeans/nbbuild/netbeans/ide/modules/org-netbeans-spi-editor-hints-projects.jar:/Users/atalati/vscode-extension/main-repo/javavscode/netbeans/nbbuild/build/testdist/unit/platform/org-openide-util-lookup/tests.jar:/Users/atalati/vscode-extension/main-repo/javavscode/netbeans/nbbuild/build/testdist/unit/platform/org-openide-modules/tests.jar" />
    <property name="test.modules" value="java/java.completion,java/java.hints,java/java.source.base,java/java.lsp.server" />
    <property name="html.knockout.dir" value="/Users/atalati/vscode-extension/main-repo/javavscode/netbeans/nbbuild/netbeans/webcommon" />
    <property name="server.dir" value="/Users/atalati/vscode-extension/main-repo/javavscode/netbeans/nbbuild/netbeans/ide" />
    <property name="selenium2.webclient.dir" value="/Users/atalati/vscode-extension/main-repo/javavscode/netbeans/nbbuild/netbeans/webcommon" />
    <property name="platform/o.apache.commons.commons_io.dir" value="/Users/atalati/vscode-extension/main-repo/javavscode/netbeans/nbbuild/netbeans/platform" />
    <property name="websvc.restlib.dir" value="/Users/atalati/vscode-extension/main-repo/javavscode/netbeans/nbbuild/netbeans/enterprise" />
    <property name="ant.file.type" value="file" />
    <property name="ide/csl.types.dir" value="/Users/atalati/vscode-extension/main-repo/javavscode/netbeans/nbbuild/netbeans/ide" />
    <property name="ide/bugtracking.dir" value="/Users/atalati/vscode-extension/main-repo/javavscode/netbeans/nbbuild/netbeans/ide" />
    <property name="nb.cluster.dlight.depends" value="nb.cluster.platform,nb.cluster.ide" />
    <property name="nb.cluster.extide" value="gradle,gradle.dists,gradle.editor,libs.gradle,o.apache.tools.ant.module,options.java" />
    <property name="spellchecker.bindings.properties.dir" value="/Users/atalati/vscode-extension/main-repo/javavscode/netbeans/nbbuild/netbeans/ide" />
    <property name="editor.fold.dir" value="/Users/atalati/vscode-extension/main-repo/javavscode/netbeans/nbbuild/netbeans/ide" />
    <property name="maven.indexer.ui.dir" value="/Users/atalati/vscode-extension/main-repo/javavscode/netbeans/nbbuild/netbeans/java" />
    <property name="o.n.swing.laf.flatlaf.dir" value="/Users/atalati/vscode-extension/main-repo/javavscode/netbeans/nbbuild/netbeans/platform" />
    <property name="cpplite/cpplite.project.dir" value="/Users/atalati/vscode-extension/main-repo/javavscode/netbeans/nbbuild/netbeans/cpplite" />
    <property name="ide/extexecution.process.dir" value="/Users/atalati/vscode-extension/main-repo/javavscode/netbeans/nbbuild/netbeans/ide" />
    <property name="gradle.test.dir" value="/Users/atalati/vscode-extension/main-repo/javavscode/netbeans/nbbuild/netbeans/java" />
    <property name="platform/junitlib.dir" value="/Users/atalati/vscode-extension/main-repo/javavscode/netbeans/nbbuild/netbeans/platform" />
    <property name="platform/spi.actions.dir" value="/Users/atalati/vscode-extension/main-repo/javavscode/netbeans/nbbuild/netbeans/platform" />
    <property name="java.sourceui.dir" value="/Users/atalati/vscode-extension/main-repo/javavscode/netbeans/nbbuild/netbeans/java" />
    <property name="java.vm.specification.version" value="17" />
    <property name="o.apache.commons.lang.dir" value="/Users/atalati/vscode-extension/main-repo/javavscode/netbeans/nbbuild/netbeans/ide" />
    <property name="debugger.jpda.ui.dir" value="/Users/atalati/vscode-extension/main-repo/javavscode/netbeans/nbbuild/netbeans/java" />
    <property name="enterprise/websvc.utilities.dir" value="/Users/atalati/vscode-extension/main-repo/javavscode/netbeans/nbbuild/netbeans/enterprise" />
    <property name="spi.quicksearch.dir" value="/Users/atalati/vscode-extension/main-repo/javavscode/netbeans/nbbuild/netbeans/platform" />
    <property name="platform/core.multiview.dir" value="/Users/atalati/vscode-extension/main-repo/javavscode/netbeans/nbbuild/netbeans/platform" />
    <property name="enterprise/cloud.amazon.dir" value="/Users/atalati/vscode-extension/main-repo/javavscode/netbeans/nbbuild/netbeans/enterprise" />
    <property name="javahelp.search" value="JavaHelpSearch" />
    <property name="api.maven.dir" value="/Users/atalati/vscode-extension/main-repo/javavscode/netbeans/nbbuild/netbeans/java" />
    <property name="ide/hudson.subversion.dir" value="/Users/atalati/vscode-extension/main-repo/javavscode/netbeans/nbbuild/netbeans/ide" />
    <property name="java/nashorn.execution.dir" value="/Users/atalati/vscode-extension/main-repo/javavscode/netbeans/nbbuild/netbeans/java" />
    <property name="java/testng.ui.dir" value="/Users/atalati/vscode-extension/main-repo/javavscode/netbeans/nbbuild/netbeans/java" />
    <property name="slf4j.api.dir" value="/Users/atalati/vscode-extension/main-repo/javavscode/netbeans/nbbuild/netbeans/ide" />
    <property name="nb.cluster.cpplite" value="cpplite.debugger,cpplite.editor,cpplite.kit,cpplite.project" />
    <property name="autoupdate.ui.dir" value="/Users/atalati/vscode-extension/main-repo/javavscode/netbeans/nbbuild/netbeans/platform" />
    <property name="java.j2seproject.dir" value="/Users/atalati/vscode-extension/main-repo/javavscode/netbeans/nbbuild/netbeans/java" />
    <property name="enterprise/web.jsf.editor.dir" value="/Users/atalati/vscode-extension/main-repo/javavscode/netbeans/nbbuild/netbeans/enterprise" />
    <property name="tasklist.projectint.dir" value="/Users/atalati/vscode-extension/main-repo/javavscode/netbeans/nbbuild/netbeans/ide" />
    <property name="j2ee.platform.dir" value="/Users/atalati/vscode-extension/main-repo/javavscode/netbeans/nbbuild/netbeans/enterprise" />
    <property name="web.freeform.dir" value="/Users/atalati/vscode-extension/main-repo/javavscode/netbeans/nbbuild/netbeans/enterprise" />
    <property name="enterprise/web.el.dir" value="/Users/atalati/vscode-extension/main-repo/javavscode/netbeans/nbbuild/netbeans/enterprise" />
    <property name="j2ee.core.utilities.dir" value="/Users/atalati/vscode-extension/main-repo/javavscode/netbeans/nbbuild/netbeans/java" />
    <property name="javahelp.jar.dir" value="modules/docs" />
    <property name="nb.cluster.java" value="ant.browsetask,ant.debugger,ant.freeform,ant.grammar,ant.hints,ant.kit,api.debugger.jpda,api.java,api.maven,beans,classfile,dbschema,debugger.jpda,debugger.jpda.ant,debugger.jpda.js,debugger.jpda.jsui,debugger.jpda.kit,debugger.jpda.projects,debugger.jpda.projectsui,debugger.jpda.truffle,debugger.jpda.trufflenode,debugger.jpda.ui,debugger.jpda.visual,editor.htmlui,form,form.kit,form.nb,form.refactoring,gradle.dependencies,gradle.htmlui,gradle.java,gradle.java.coverage,gradle.kit,gradle.persistence,gradle.spring,gradle.test,hudson.ant,hudson.maven,i18n,i18n.form,j2ee.core.utilities,j2ee.eclipselink,j2ee.eclipselinkmodelgen,j2ee.jpa.refactoring,j2ee.jpa.verification,j2ee.metadata,j2ee.metadata.model.support,j2ee.persistence,j2ee.persistence.kit,j2ee.persistenceapi,java.api.common,java.completion,java.debug,java.disco,java.editor,java.editor.base,java.editor.lib,java.examples,java.file.launcher,java.freeform,java.graph,java.guards,java.hints,java.hints.declarative,java.hints.declarative.test,java.hints.legacy.spi,java.hints.test,java.hints.ui,java.j2sedeploy,java.j2seembedded,java.j2semodule,java.j2seplatform,java.j2seprofiles,java.j2seproject,java.kit,java.lexer,java.lsp.server,java.metrics,java.module.graph,java.mx.project,java.nativeimage.debugger,java.navigation,java.openjdk.project,java.platform,java.platform.ui,java.preprocessorbridge,java.project,java.project.ui,java.source,java.source.ant,java.source.base,java.source.compat8,java.source.queries,java.source.queriesimpl,java.sourceui,java.testrunner,java.testrunner.ant,java.testrunner.ui,javadoc,javaee.injection,javawebstart,jellytools.java,jshell.support,junit,junit.ant,junit.ant.ui,junit.ui,ko4j.debugging,kotlin.editor,languages.antlr,lib.jshell.agent,lib.nbjavac,lib.nbjshell,lib.nbjshell9,libs.cglib,libs.corba.omgapi,libs.javacapi,libs.nbjavacapi,libs.springframework,maven,maven.checkstyle,maven.coverage,maven.embedder,maven.grammar,maven.graph,maven.hints,maven.indexer,maven.indexer.ui,maven.junit,maven.junit.ui,maven.kit,maven.model,maven.osgi,maven.persistence,maven.refactoring,maven.repository,maven.search,maven.spring,nashorn.execution,projectimport.eclipse.core,projectimport.eclipse.j2se,refactoring.java,selenium2.java,selenium2.maven,spellchecker.bindings.java,spi.debugger.jpda.ui,spi.java.hints,spring.beans,testng,testng.ant,testng.maven,testng.ui,websvc.jaxws21,websvc.jaxws21api,websvc.saas.codegen.java,whitelist,xml.jaxb,xml.tools.java" />
    <property name="have-custom-javac-task" value="true" />
    <property name="enterprise/web.freeform.dir" value="/Users/atalati/vscode-extension/main-repo/javavscode/netbeans/nbbuild/netbeans/enterprise" />
    <property name="platform/libs.flatlaf.dir" value="/Users/atalati/vscode-extension/main-repo/javavscode/netbeans/nbbuild/netbeans/platform" />
    <property name="javahelp.jar" value="modules/docs/org-netbeans-modules-java-lsp-server.jar" />
    <property name="profiler.oql.language.dir" value="/Users/atalati/vscode-extension/main-repo/javavscode/netbeans/nbbuild/netbeans/profiler" />
    <property name="profiler/profiler.options.dir" value="/Users/atalati/vscode-extension/main-repo/javavscode/netbeans/nbbuild/netbeans/profiler" />
    <property name="ide/usersguide.dir" value="/Users/atalati/vscode-extension/main-repo/javavscode/netbeans/nbbuild/netbeans/ide" />
    <property name="ide/api.lsp.dir" value="/Users/atalati/vscode-extension/main-repo/javavscode/netbeans/nbbuild/netbeans/ide" />
    <property name="os.version" value="14.4.1" />
    <property name="selenium2.maven.dir" value="/Users/atalati/vscode-extension/main-repo/javavscode/netbeans/nbbuild/netbeans/java" />
    <property name="ide/web.browser.api.dir" value="/Users/atalati/vscode-extension/main-repo/javavscode/netbeans/nbbuild/netbeans/ide" />
    <property name="masterfs.nio2.dir" value="/Users/atalati/vscode-extension/main-repo/javavscode/netbeans/nbbuild/netbeans/platform" />
    <property name="enterprise/jakarta.web.beans.dir" value="/Users/atalati/vscode-extension/main-repo/javavscode/netbeans/nbbuild/netbeans/enterprise" />
    <property name="ide/html.validation.dir" value="/Users/atalati/vscode-extension/main-repo/javavscode/netbeans/nbbuild/netbeans/ide" />
    <property name="java/java.j2seprofiles.dir" value="/Users/atalati/vscode-extension/main-repo/javavscode/netbeans/nbbuild/netbeans/java" />
    <property name="websvc.restapi.dir" value="/Users/atalati/vscode-extension/main-repo/javavscode/netbeans/nbbuild/netbeans/enterprise" />
    <property name="public.package.jar.dir" value="/Users/atalati/vscode-extension/main-repo/javavscode/netbeans/nbbuild/build/public-package-jars" />
    <property name="extexecution.process.jdk9.dir" value="/Users/atalati/vscode-extension/main-repo/javavscode/netbeans/nbbuild/netbeans/ide" />
    <property name="cpplite.debugger.dir" value="/Users/atalati/vscode-extension/main-repo/javavscode/netbeans/nbbuild/netbeans/cpplite" />
    <property name="nb.cluster.nb.depends" value="nb.cluster.platform,nb.cluster.ide,nb.cluster.3rdparty,nb.cluster.harness" />
    <property name="libs.felix.dir" value="/Users/atalati/vscode-extension/main-repo/javavscode/netbeans/nbbuild/netbeans/platform" />
    <property name="ide/db.metadata.model.dir" value="/Users/atalati/vscode-extension/main-repo/javavscode/netbeans/nbbuild/netbeans/ide" />
    <property name="editor.indent.support.dir" value="/Users/atalati/vscode-extension/main-repo/javavscode/netbeans/nbbuild/netbeans/ide" />
    <property name="enterprise/j2eeserver.dir" value="/Users/atalati/vscode-extension/main-repo/javavscode/netbeans/nbbuild/netbeans/enterprise" />
    <property name="websvc.editor.hints.dir" value="/Users/atalati/vscode-extension/main-repo/javavscode/netbeans/nbbuild/netbeans/enterprise" />
    <property name="nb.cluster.java.dir" value="java" />
    <property name="nb/welcome.dir" value="/Users/atalati/vscode-extension/main-repo/javavscode/netbeans/nbbuild/netbeans/nb" />
    <property name="cloud.amazon.dir" value="/Users/atalati/vscode-extension/main-repo/javavscode/netbeans/nbbuild/netbeans/enterprise" />
    <property name="apisupport/apisupport.refactoring.dir" value="/Users/atalati/vscode-extension/main-repo/javavscode/netbeans/nbbuild/netbeans/apisupport" />
    <property name="webcommon/javascript2.extjs.dir" value="/Users/atalati/vscode-extension/main-repo/javavscode/netbeans/nbbuild/netbeans/webcommon" />
    <property name="hudson.JAVA_HOME" value="/Library/Java/JavaVirtualMachines/jdk-17.0.8.jdk/Contents/Home" />
    <property name="spellchecker.bindings.php.dir" value="/Users/atalati/vscode-extension/main-repo/javavscode/netbeans/nbbuild/netbeans/php" />
    <property name="enterprise/tomcat5.dir" value="/Users/atalati/vscode-extension/main-repo/javavscode/netbeans/nbbuild/netbeans/enterprise" />
    <property name="javafx/javafx2.kit.dir" value="/Users/atalati/vscode-extension/main-repo/javavscode/netbeans/nbbuild/netbeans/javafx" />
    <property name="ide/spi.viewmodel.dir" value="/Users/atalati/vscode-extension/main-repo/javavscode/netbeans/nbbuild/netbeans/ide" />
    <property name="enterprise/libs.amazon.dir" value="/Users/atalati/vscode-extension/main-repo/javavscode/netbeans/nbbuild/netbeans/enterprise" />
    <property name="is.jar.uptodate" value="true" />
    <property name="java/maven.kit.dir" value="/Users/atalati/vscode-extension/main-repo/javavscode/netbeans/nbbuild/netbeans/java" />
    <property name="webcommon/javascript2.sdoc.dir" value="/Users/atalati/vscode-extension/main-repo/javavscode/netbeans/nbbuild/netbeans/webcommon" />
    <property name="php.phpdoc.dir" value="/Users/atalati/vscode-extension/main-repo/javavscode/netbeans/nbbuild/netbeans/php" />
    <property name="ant.library.dir" value="/opt/homebrew/Cellar/ant/1.10.14/libexec/lib" />
    <property name="versioning.indexingbridge.dir" value="/Users/atalati/vscode-extension/main-repo/javavscode/netbeans/nbbuild/netbeans/ide" />
    <property name="ide/editor.errorstripe.dir" value="/Users/atalati/vscode-extension/main-repo/javavscode/netbeans/nbbuild/netbeans/ide" />
    <property name="enterprise/javaee.project.dir" value="/Users/atalati/vscode-extension/main-repo/javavscode/netbeans/nbbuild/netbeans/enterprise" />
    <property name="web.kit.dir" value="/Users/atalati/vscode-extension/main-repo/javavscode/netbeans/nbbuild/netbeans/enterprise" />
    <property name="cpplite.project.dir" value="/Users/atalati/vscode-extension/main-repo/javavscode/netbeans/nbbuild/netbeans/cpplite" />
    <property name="enterprise/websvc.saas.codegen.j2ee.dir" value="/Users/atalati/vscode-extension/main-repo/javavscode/netbeans/nbbuild/netbeans/enterprise" />
    <property name="platform/core.ui.dir" value="/Users/atalati/vscode-extension/main-repo/javavscode/netbeans/nbbuild/netbeans/platform" />
    <property name="o.n.swing.outline.dir" value="/Users/atalati/vscode-extension/main-repo/javavscode/netbeans/nbbuild/netbeans/platform" />
    <property name="o.n.core.dir" value="/Users/atalati/vscode-extension/main-repo/javavscode/netbeans/nbbuild/netbeans/platform" />
    <property name="editor.guards.dir" value="/Users/atalati/vscode-extension/main-repo/javavscode/netbeans/nbbuild/netbeans/ide" />
    <property name="debugger.jpda.js.dir" value="/Users/atalati/vscode-extension/main-repo/javavscode/netbeans/nbbuild/netbeans/java" />
    <property name="platform/o.n.swing.plaf.dir" value="/Users/atalati/vscode-extension/main-repo/javavscode/netbeans/nbbuild/netbeans/platform" />
    <property name="java/projectimport.eclipse.core.dir" value="/Users/atalati/vscode-extension/main-repo/javavscode/netbeans/nbbuild/netbeans/java" />
    <property name="api.visual.dir" value="/Users/atalati/vscode-extension/main-repo/javavscode/netbeans/nbbuild/netbeans/platform" />
    <property name="clusters.config.full.list" value="nb.cluster.rust,nb.cluster.harness,nb.cluster.bootstrap,nb.cluster.platform,nb.cluster.ide,nb.cluster.extide,nb.cluster.websvccommon,nb.cluster.java,nb.cluster.javafx,nb.cluster.profiler,nb.cluster.3rdparty,nb.cluster.nb,nb.cluster.apisupport,nb.cluster.webcommon,nb.cluster.php,nb.cluster.groovy,nb.cluster.enterprise,nb.cluster.cpplite,nb.cluster.ergonomics" />
    <property name="php.smarty.dir" value="/Users/atalati/vscode-extension/main-repo/javavscode/netbeans/nbbuild/netbeans/php" />
    <property name="java/websvc.jaxws21api.dir" value="/Users/atalati/vscode-extension/main-repo/javavscode/netbeans/nbbuild/netbeans/java" />
    <property name="javascript.gulp.dir" value="/Users/atalati/vscode-extension/main-repo/javavscode/netbeans/nbbuild/netbeans/webcommon" />
    <property name="extbrowser.chrome.dir" value="/Users/atalati/vscode-extension/main-repo/javavscode/netbeans/nbbuild/netbeans/webcommon" />
    <property name="gradle.java.coverage.dir" value="/Users/atalati/vscode-extension/main-repo/javavscode/netbeans/nbbuild/netbeans/java" />
    <property name="webcommon/javascript.grunt.dir" value="/Users/atalati/vscode-extension/main-repo/javavscode/netbeans/nbbuild/netbeans/webcommon" />
    <property name="lib.uihandler.dir" value="/Users/atalati/vscode-extension/main-repo/javavscode/netbeans/nbbuild/netbeans/platform" />
    <property name="maven.graph.dir" value="/Users/atalati/vscode-extension/main-repo/javavscode/netbeans/nbbuild/netbeans/java" />
    <property name="api.debugger.dir" value="/Users/atalati/vscode-extension/main-repo/javavscode/netbeans/nbbuild/netbeans/ide" />
    <property name="java.module.graph.dir" value="/Users/atalati/vscode-extension/main-repo/javavscode/netbeans/nbbuild/netbeans/java" />
    <property name="j2ee.metadata.model.support.dir" value="/Users/atalati/vscode-extension/main-repo/javavscode/netbeans/nbbuild/netbeans/java" />
    <property name="javaee7.api.dir" value="/Users/atalati/vscode-extension/main-repo/javavscode/netbeans/nbbuild/netbeans/enterprise" />
    <property name="profiler/profiler.oql.language.dir" value="/Users/atalati/vscode-extension/main-repo/javavscode/netbeans/nbbuild/netbeans/profiler" />
    <property name="nb.cluster.ergonomics" value="ide.ergonomics" />
    <property name="languages.antlr.dir" value="/Users/atalati/vscode-extension/main-repo/javavscode/netbeans/nbbuild/netbeans/java" />
    <property name="java.j2seembedded.dir" value="/Users/atalati/vscode-extension/main-repo/javavscode/netbeans/nbbuild/netbeans/java" />
    <property name="websvc.manager.dir" value="/Users/atalati/vscode-extension/main-repo/javavscode/netbeans/nbbuild/netbeans/enterprise" />
    <property name="ide/xml.schema.completion.dir" value="/Users/atalati/vscode-extension/main-repo/javavscode/netbeans/nbbuild/netbeans/ide" />
    <property name="net.java.html.dir" value="/Users/atalati/vscode-extension/main-repo/javavscode/netbeans/nbbuild/netbeans/platform" />
    <property name="websvc.metro.lib.dir" value="/Users/atalati/vscode-extension/main-repo/javavscode/netbeans/nbbuild/netbeans/enterprise" />
    <property name="platform/o.n.bootstrap.dir" value="/Users/atalati/vscode-extension/main-repo/javavscode/netbeans/nbbuild/netbeans/platform" />
    <property name="platform/api.htmlui.dir" value="/Users/atalati/vscode-extension/main-repo/javavscode/netbeans/nbbuild/netbeans/platform" />
    <property name="java/java.editor.lib.dir" value="/Users/atalati/vscode-extension/main-repo/javavscode/netbeans/nbbuild/netbeans/java" />
    <property name="maven.jaxws.dir" value="/Users/atalati/vscode-extension/main-repo/javavscode/netbeans/nbbuild/netbeans/enterprise" />
    <property name="hudson.JAVA_MAIN_CLASS_30827" value="org.apache.tools.ant.launch.Launcher" />
    <property name="apisupport.project.dir" value="/Users/atalati/vscode-extension/main-repo/javavscode/netbeans/nbbuild/netbeans/apisupport" />
    <property name="java/java.api.common.dir" value="/Users/atalati/vscode-extension/main-repo/javavscode/netbeans/nbbuild/netbeans/java" />
    <property name="languages.manifest.dir" value="/Users/atalati/vscode-extension/main-repo/javavscode/netbeans/nbbuild/netbeans/ide" />
    <property name="build.dir" value="/Users/atalati/vscode-extension/main-repo/javavscode/netbeans/java/java.lsp.server/build" />
    <property name="ide/xml.multiview.dir" value="/Users/atalati/vscode-extension/main-repo/javavscode/netbeans/nbbuild/netbeans/ide" />
    <property name="profiler.freeform.dir" value="/Users/atalati/vscode-extension/main-repo/javavscode/netbeans/nbbuild/netbeans/profiler" />
    <property name="java.nativeimage.debugger.dir" value="/Users/atalati/vscode-extension/main-repo/javavscode/netbeans/nbbuild/netbeans/java" />
    <property name="openide.windows.dir" value="/Users/atalati/vscode-extension/main-repo/javavscode/netbeans/nbbuild/netbeans/platform" />
    <property name="enterprise/j2ee.sun.dd.dir" value="/Users/atalati/vscode-extension/main-repo/javavscode/netbeans/nbbuild/netbeans/enterprise" />
    <property name="ide/docker.ui.dir" value="/Users/atalati/vscode-extension/main-repo/javavscode/netbeans/nbbuild/netbeans/ide" />
    <property name="bugzilla.exceptionreporter.dir" value="/Users/atalati/vscode-extension/main-repo/javavscode/netbeans/nbbuild/netbeans/nb" />
    <property name="apisupport/maven.apisupport.dir" value="/Users/atalati/vscode-extension/main-repo/javavscode/netbeans/nbbuild/netbeans/apisupport" />
    <property name="xml.schema.completion.dir" value="/Users/atalati/vscode-extension/main-repo/javavscode/netbeans/nbbuild/netbeans/ide" />
    <property name="enterprise/j2ee.api.ejbmodule.dir" value="/Users/atalati/vscode-extension/main-repo/javavscode/netbeans/nbbuild/netbeans/enterprise" />
    <property name="maven.profiler.dir" value="/Users/atalati/vscode-extension/main-repo/javavscode/netbeans/nbbuild/netbeans/profiler" />
    <property name="java/i18n.dir" value="/Users/atalati/vscode-extension/main-repo/javavscode/netbeans/nbbuild/netbeans/java" />
    <property name="spi.actions.dir" value="/Users/atalati/vscode-extension/main-repo/javavscode/netbeans/nbbuild/netbeans/platform" />
    <property name="selenium2.webclient.mocha.dir" value="/Users/atalati/vscode-extension/main-repo/javavscode/netbeans/nbbuild/netbeans/webcommon" />
    <property name="platform/o.apache.commons.lang3.dir" value="/Users/atalati/vscode-extension/main-repo/javavscode/netbeans/nbbuild/netbeans/platform" />
    <property name="web.client.rest.dir" value="/Users/atalati/vscode-extension/main-repo/javavscode/netbeans/nbbuild/netbeans/enterprise" />
    <property name="platform/openide.filesystems.nb.dir" value="/Users/atalati/vscode-extension/main-repo/javavscode/netbeans/nbbuild/netbeans/platform" />
    <property name="tests.failed" value="true" />
    <property name="javascript2.lexer.dir" value="/Users/atalati/vscode-extension/main-repo/javavscode/netbeans/nbbuild/netbeans/webcommon" />
    <property name="web.primefaces.dir" value="/Users/atalati/vscode-extension/main-repo/javavscode/netbeans/nbbuild/netbeans/enterprise" />
    <property name="ide/project.ant.dir" value="/Users/atalati/vscode-extension/main-repo/javavscode/netbeans/nbbuild/netbeans/ide" />
    <property name="enterprise/el.lexer.dir" value="/Users/atalati/vscode-extension/main-repo/javavscode/netbeans/nbbuild/netbeans/enterprise" />
    <property name="ide/bcpg.dir" value="/Users/atalati/vscode-extension/main-repo/javavscode/netbeans/nbbuild/netbeans/ide" />
    <property name="nbm.homepage" value="http://www.netbeans.org/" />
    <property name="enterprise/libs.jackson.dir" value="/Users/atalati/vscode-extension/main-repo/javavscode/netbeans/nbbuild/netbeans/enterprise" />
    <property name="web.common.dir" value="/Users/atalati/vscode-extension/main-repo/javavscode/netbeans/nbbuild/netbeans/ide" />
    <property name="ide/css.lib.dir" value="/Users/atalati/vscode-extension/main-repo/javavscode/netbeans/nbbuild/netbeans/ide" />
    <property name="bcpg.dir" value="/Users/atalati/vscode-extension/main-repo/javavscode/netbeans/nbbuild/netbeans/ide" />
    <property name="nb.cluster.ergonomics.dir" value="ergonomics" />
    <property name="java/java.testrunner.ui.dir" value="/Users/atalati/vscode-extension/main-repo/javavscode/netbeans/nbbuild/netbeans/java" />
    <property name="platform/openide.dialogs.dir" value="/Users/atalati/vscode-extension/main-repo/javavscode/netbeans/nbbuild/netbeans/platform" />
    <property name="ide/xsl.dir" value="/Users/atalati/vscode-extension/main-repo/javavscode/netbeans/nbbuild/netbeans/ide" />
    <property name="java/ant.kit.dir" value="/Users/atalati/vscode-extension/main-repo/javavscode/netbeans/nbbuild/netbeans/java" />
    <property name="ide/bcprov.dir" value="/Users/atalati/vscode-extension/main-repo/javavscode/netbeans/nbbuild/netbeans/ide" />
    <property name="test.qa-functional.folder" value="/Users/atalati/vscode-extension/main-repo/javavscode/netbeans/nbbuild/build/testdist/qa-functional/java/org-netbeans-modules-java-lsp-server" />
    <property name="javascript.jstestdriver.dir" value="/Users/atalati/vscode-extension/main-repo/javavscode/netbeans/nbbuild/netbeans/webcommon" />
    <property name="webcommon/libs.graaljs.dir" value="/Users/atalati/vscode-extension/main-repo/javavscode/netbeans/nbbuild/netbeans/webcommon" />
    <property name="php.symfony.dir" value="/Users/atalati/vscode-extension/main-repo/javavscode/netbeans/nbbuild/netbeans/php" />
    <property name="versioning.ui.dir" value="/Users/atalati/vscode-extension/main-repo/javavscode/netbeans/nbbuild/netbeans/ide" />
    <property name="ide/bugtracking.commons.dir" value="/Users/atalati/vscode-extension/main-repo/javavscode/netbeans/nbbuild/netbeans/ide" />
    <property name="dist.base.structured" value="http://deadlock.netbeans.org/job/nbms-and-javadoc/lastStableBuild/artifact/nbbuild/nbms" />
    <property name="platform/o.n.swing.outline.dir" value="/Users/atalati/vscode-extension/main-repo/javavscode/netbeans/nbbuild/netbeans/platform" />
    <property name="clusters.config.platform.list" value="nb.cluster.harness,nb.cluster.bootstrap,nb.cluster.platform" />
    <property name="o.eclipse.equinox.security.dir" value="/Users/atalati/vscode-extension/main-repo/javavscode/netbeans/nbbuild/netbeans/ide" />
    <property name="platform/api.annotations.common.dir" value="/Users/atalati/vscode-extension/main-repo/javavscode/netbeans/nbbuild/netbeans/platform" />
    <property name="profiler.oql.dir" value="/Users/atalati/vscode-extension/main-repo/javavscode/netbeans/nbbuild/netbeans/profiler" />
    <property name="openide.util.ui.dir" value="/Users/atalati/vscode-extension/main-repo/javavscode/netbeans/nbbuild/netbeans/platform" />
    <property name="code.analysis.dir" value="/Users/atalati/vscode-extension/main-repo/javavscode/netbeans/nbbuild/netbeans/ide" />
    <property name="jms-tools.flags.jvm" value="--add-modules=jdk.jshell --add-opens=jdk.jshell/jdk.jshell=ALL-UNNAMED --add-exports=jdk.jshell/jdk.internal.jshell.debug=ALL-UNNAMED --add-exports=jdk.jdeps/com.sun.tools.classfile=ALL-UNNAMED --add-exports=jdk.jdeps/com.sun.tools.javap=ALL-UNNAMED --add-exports=jdk.internal.jvmstat/sun.jvmstat.monitor=ALL-UNNAMED --add-exports=jdk.internal.opt/jdk.internal.opt=ALL-UNNAMED --add-exports=java.management/sun.management=ALL-UNNAMED " />
    <property name="javafx2.project.dir" value="/Users/atalati/vscode-extension/main-repo/javavscode/netbeans/nbbuild/netbeans/javafx" />
    <property name="profiler/lib.profiler.common.dir" value="/Users/atalati/vscode-extension/main-repo/javavscode/netbeans/nbbuild/netbeans/profiler" />
    <property name="updatecenters.dir" value="/Users/atalati/vscode-extension/main-repo/javavscode/netbeans/nbbuild/netbeans/nb" />
    <property name="ide/xml.xam.dir" value="/Users/atalati/vscode-extension/main-repo/javavscode/netbeans/nbbuild/netbeans/ide" />
    <property name="ide/libs.snakeyaml_engine.dir" value="/Users/atalati/vscode-extension/main-repo/javavscode/netbeans/nbbuild/netbeans/ide" />
    <property name="xml.dir" value="/Users/atalati/vscode-extension/main-repo/javavscode/netbeans/nbbuild/netbeans/ide" />
    <property name="hudson.CONDA_EXE" value="/opt/homebrew/Caskroom/miniconda/base/bin/conda" />
    <property name="api.io.dir" value="/Users/atalati/vscode-extension/main-repo/javavscode/netbeans/nbbuild/netbeans/platform" />
    <property name="platform/autoupdate.services.dir" value="/Users/atalati/vscode-extension/main-repo/javavscode/netbeans/nbbuild/netbeans/platform" />
    <property name="openide.compat.dir" value="/Users/atalati/vscode-extension/main-repo/javavscode/netbeans/nbbuild/netbeans/platform" />
    <property name="css.visual.dir" value="/Users/atalati/vscode-extension/main-repo/javavscode/netbeans/nbbuild/netbeans/ide" />
    <property name="ide/terminal.nb.dir" value="/Users/atalati/vscode-extension/main-repo/javavscode/netbeans/nbbuild/netbeans/ide" />
    <property name="webcommon/web.webkit.tooling.dir" value="/Users/atalati/vscode-extension/main-repo/javavscode/netbeans/nbbuild/netbeans/webcommon" />
    <property name="release.files" value="" />
    <property name="ide/o.eclipse.mylyn.bugzilla.core.dir" value="/Users/atalati/vscode-extension/main-repo/javavscode/netbeans/nbbuild/netbeans/ide" />
    <property name="xml.jaxb.api.dir" value="/Users/atalati/vscode-extension/main-repo/javavscode/netbeans/nbbuild/netbeans/ide" />
    <property name="ide/libs.graalsdk.dir" value="/Users/atalati/vscode-extension/main-repo/javavscode/netbeans/nbbuild/netbeans/ide" />
    <property name="net.java.html.sound.dir" value="/Users/atalati/vscode-extension/main-repo/javavscode/netbeans/nbbuild/netbeans/platform" />
    <property name="testng.dir" value="/Users/atalati/vscode-extension/main-repo/javavscode/netbeans/nbbuild/netbeans/java" />
    <property name="core.io.ui.dir" value="/Users/atalati/vscode-extension/main-repo/javavscode/netbeans/nbbuild/netbeans/platform" />
    <property name="profiler.snaptracer.dir" value="/Users/atalati/vscode-extension/main-repo/javavscode/netbeans/nbbuild/netbeans/profiler" />
    <property name="libs.jna.dir" value="/Users/atalati/vscode-extension/main-repo/javavscode/netbeans/nbbuild/netbeans/platform" />
    <property name="o.apache.tools.ant.module.dir" value="/Users/atalati/vscode-extension/main-repo/javavscode/netbeans/nbbuild/netbeans/extide" />
    <property name="php/php.kit.dir" value="/Users/atalati/vscode-extension/main-repo/javavscode/netbeans/nbbuild/netbeans/php" />
    <property name="class.path.extensions" value="ext/org.eclipse.lsp4j.debug-0.13.0.jar ext/org.eclipse.xtend.lib.macro-2.24.0.jar ext/org.eclipse.lsp4j.generator-0.13.0.jar ext/org.eclipse.lsp4j.jsonrpc-0.13.0.jar ext/org.eclipse.lsp4j.jsonrpc.debug-0.13.0.jar ext/org.eclipse.xtend.lib-2.24.0.jar ext/org.eclipse.xtext.xbase.lib-2.24.0.jar ext/org.eclipse.lsp4j-0.13.0.jar" />
    <property name="db.metadata.model.dir" value="/Users/atalati/vscode-extension/main-repo/javavscode/netbeans/nbbuild/netbeans/ide" />
    <property name="ant.core.lib" value="/opt/homebrew/Cellar/ant/1.10.14/libexec/lib/ant.jar" />
    <property name="ide/spi.editor.hints.dir" value="/Users/atalati/vscode-extension/main-repo/javavscode/netbeans/nbbuild/netbeans/ide" />
    <property name="web.project.dir" value="/Users/atalati/vscode-extension/main-repo/javavscode/netbeans/nbbuild/netbeans/enterprise" />
    <property name="ide/xml.tools.dir" value="/Users/atalati/vscode-extension/main-repo/javavscode/netbeans/nbbuild/netbeans/ide" />
    <property name="bcutil.dir" value="/Users/atalati/vscode-extension/main-repo/javavscode/netbeans/nbbuild/netbeans/ide" />
    <property name="jms-desktop.flags" value=" -J--add-opens=java.desktop/javax.swing.plaf.basic=ALL-UNNAMED -J--add-opens=java.desktop/javax.swing.text=ALL-UNNAMED -J--add-opens=java.desktop/javax.swing=ALL-UNNAMED -J--add-opens=java.desktop/java.awt=ALL-UNNAMED -J--add-opens=java.desktop/java.awt.event=ALL-UNNAMED -J--add-opens=java.desktop/sun.awt.X11=ALL-UNNAMED -J--add-opens=java.desktop/javax.swing.plaf.synth=ALL-UNNAMED -J--add-opens=java.desktop/com.sun.java.swing.plaf.gtk=ALL-UNNAMED -J--add-opens=java.desktop/com.sun.java.swing.plaf.windows=ALL-UNNAMED -J--add-opens=java.desktop/com.apple.laf=ALL-UNNAMED -J--add-opens=java.desktop/sun.awt.shell=ALL-UNNAMED -J--add-opens=java.desktop/sun.awt.im=ALL-UNNAMED -J--add-exports=java.desktop/sun.awt=ALL-UNNAMED -J--add-exports=java.desktop/java.awt.peer=ALL-UNNAMED -J--add-exports=java.desktop/com.sun.beans.editors=ALL-UNNAMED -J--add-exports=java.desktop/sun.swing=ALL-UNNAMED -J--add-exports=java.desktop/sun.awt.im=ALL-UNNAMED -J--add-exports=java.desktop/com.sun.java.swing.plaf.motif=ALL-UNNAMED -J--add-exports=java.desktop/com.apple.eio=ALL-UNNAMED" />
    <property name="ide/core.browser.dir" value="/Users/atalati/vscode-extension/main-repo/javavscode/netbeans/nbbuild/netbeans/ide" />
    <property name="java/maven.repository.dir" value="/Users/atalati/vscode-extension/main-repo/javavscode/netbeans/nbbuild/netbeans/java" />
    <property name="ide/editor.lib.dir" value="/Users/atalati/vscode-extension/main-repo/javavscode/netbeans/nbbuild/netbeans/ide" />
    <property name="test.insane.prepend.args" value="--patch-module=java.base=/Users/atalati/vscode-extension/main-repo/javavscode/netbeans/nbbuild/netbeans/harness/modules/ext/org-netbeans-insane-hook.jar --add-exports=java.base/org.netbeans.insane.hook=ALL-UNNAMED" />
    <property name="ide/db.kit.dir" value="/Users/atalati/vscode-extension/main-repo/javavscode/netbeans/nbbuild/netbeans/ide" />
    <property name="platform/openide.loaders.dir" value="/Users/atalati/vscode-extension/main-repo/javavscode/netbeans/nbbuild/netbeans/platform" />
    <property name="java/java.j2seproject.dir" value="/Users/atalati/vscode-extension/main-repo/javavscode/netbeans/nbbuild/netbeans/java" />
    <property name="cluster" value="/Users/atalati/vscode-extension/main-repo/javavscode/netbeans/nbbuild/netbeans/java" />
    <property name="java.api.common.dir" value="/Users/atalati/vscode-extension/main-repo/javavscode/netbeans/nbbuild/netbeans/java" />
    <property name="cpplite.editor.dir" value="/Users/atalati/vscode-extension/main-repo/javavscode/netbeans/nbbuild/netbeans/cpplite" />
    <property name="nb.cluster.rust" value="rust.cargo,rust.grammar,rust.kit,rust.options,rust.project,rust.project.api,rust.sources" />
    <property name="ide/o.eclipse.jgit.ssh.jsch.dir" value="/Users/atalati/vscode-extension/main-repo/javavscode/netbeans/nbbuild/netbeans/ide" />
    <property name="editor.plain.lib.dir" value="/Users/atalati/vscode-extension/main-repo/javavscode/netbeans/nbbuild/netbeans/ide" />
    <property name="maven.junit.ui.dir" value="/Users/atalati/vscode-extension/main-repo/javavscode/netbeans/nbbuild/netbeans/java" />
    <property name="profiler/profiler.j2se.dir" value="/Users/atalati/vscode-extension/main-repo/javavscode/netbeans/nbbuild/netbeans/profiler" />
    <property name="clusters.list.file" value="/Users/atalati/vscode-extension/main-repo/javavscode/netbeans/nbbuild/cluster.properties" />
    <property name="nbm.release.date" value="" />
    <property name="ant.grammar.dir" value="/Users/atalati/vscode-extension/main-repo/javavscode/netbeans/nbbuild/netbeans/java" />
    <property name="platform/api.scripting.dir" value="/Users/atalati/vscode-extension/main-repo/javavscode/netbeans/nbbuild/netbeans/platform" />
    <property name="websvc.saas.codegen.java.dir" value="/Users/atalati/vscode-extension/main-repo/javavscode/netbeans/nbbuild/netbeans/java" />
    <property name="gsf.testrunner.ui.dir" value="/Users/atalati/vscode-extension/main-repo/javavscode/netbeans/nbbuild/netbeans/ide" />
    <property name="nbm.executable.files" value="[NOTHING]" />
    <property name="platform/core.output2.dir" value="/Users/atalati/vscode-extension/main-repo/javavscode/netbeans/nbbuild/netbeans/platform" />
    <property name="maven.checkstyle.dir" value="/Users/atalati/vscode-extension/main-repo/javavscode/netbeans/nbbuild/netbeans/java" />
    <property name="web.client.samples.dir" value="/Users/atalati/vscode-extension/main-repo/javavscode/netbeans/nbbuild/netbeans/webcommon" />
    <property name="harness/apisupport.harness.dir" value="/Users/atalati/vscode-extension/main-repo/javavscode/netbeans/nbbuild/netbeans/harness" />
    <property name="java/debugger.jpda.ui.dir" value="/Users/atalati/vscode-extension/main-repo/javavscode/netbeans/nbbuild/netbeans/java" />
    <property name="enterprise/j2eeapis.dir" value="/Users/atalati/vscode-extension/main-repo/javavscode/netbeans/nbbuild/netbeans/enterprise" />
    <property name="profiler/profiler.oql.dir" value="/Users/atalati/vscode-extension/main-repo/javavscode/netbeans/nbbuild/netbeans/profiler" />
    <property name="php.api.annotation.dir" value="/Users/atalati/vscode-extension/main-repo/javavscode/netbeans/nbbuild/netbeans/php" />
    <property name="platform/autoupdate.cli.dir" value="/Users/atalati/vscode-extension/main-repo/javavscode/netbeans/nbbuild/netbeans/platform" />
    <property name="versioning.util.dir" value="/Users/atalati/vscode-extension/main-repo/javavscode/netbeans/nbbuild/netbeans/ide" />
    <property name="javafx2.scenebuilder.dir" value="/Users/atalati/vscode-extension/main-repo/javavscode/netbeans/nbbuild/netbeans/javafx" />
    <property name="groovy/groovy.kit.dir" value="/Users/atalati/vscode-extension/main-repo/javavscode/netbeans/nbbuild/netbeans/groovy" />
    <property name="o.apache.xml.resolver.dir" value="/Users/atalati/vscode-extension/main-repo/javavscode/netbeans/nbbuild/netbeans/ide" />
    <property name="jakartaee10.api.dir" value="/Users/atalati/vscode-extension/main-repo/javavscode/netbeans/nbbuild/netbeans/enterprise" />
    <property name="profiler/debugger.jpda.heapwalk.dir" value="/Users/atalati/vscode-extension/main-repo/javavscode/netbeans/nbbuild/netbeans/profiler" />
    <property name="java.home" value="/Library/Java/JavaVirtualMachines/jdk-17.0.8.jdk/Contents/Home" />
    <property name="java/java.debug.dir" value="/Users/atalati/vscode-extension/main-repo/javavscode/netbeans/nbbuild/netbeans/java" />
    <property name="extide/gradle.dists.dir" value="/Users/atalati/vscode-extension/main-repo/javavscode/netbeans/nbbuild/netbeans/extide" />
    <property name="ide/db.dataview.dir" value="/Users/atalati/vscode-extension/main-repo/javavscode/netbeans/nbbuild/netbeans/ide" />
    <property name="platform/libs.osgi.dir" value="/Users/atalati/vscode-extension/main-repo/javavscode/netbeans/nbbuild/netbeans/platform" />
    <property name="o.apache.commons.commons_io.dir" value="/Users/atalati/vscode-extension/main-repo/javavscode/netbeans/nbbuild/netbeans/platform" />
    <property name="nb.cluster.ide" value="api.debugger,api.java.classpath,api.lsp,api.xml,api.xml.ui,bcpg,bcpkix,bcprov,bcutil,bugtracking,bugtracking.bridge,bugtracking.commons,bugzilla,c.google.gson,c.google.guava,c.google.guava.failureaccess,c.googlecode.javaewah.JavaEWAH,c.jcraft.jsch,c.jcraft.jzlib,code.analysis,core.browser,core.browser.webview,core.ide,core.multitabs.project,csl.api,csl.types,css.editor,css.lib,css.model,css.prep,css.visual,db,db.core,db.dataview,db.drivers,db.kit,db.metadata.model,db.mysql,db.sql.editor,db.sql.visualeditor,dbapi,defaults,derby,diff,dlight.nativeexecution,dlight.nativeexecution.nb,dlight.terminal,docker.api,docker.editor,docker.ui,editor,editor.actions,editor.autosave,editor.bookmarks,editor.bracesmatching,editor.breadcrumbs,editor.codetemplates,editor.completion,editor.deprecated.pre65formatting,editor.document,editor.errorstripe,editor.errorstripe.api,editor.fold,editor.fold.nbui,editor.global.format,editor.guards,editor.indent,editor.indent.project,editor.indent.support,editor.kit,editor.lib,editor.lib2,editor.macros,editor.plain,editor.plain.lib,editor.search,editor.settings,editor.settings.lib,editor.settings.storage,editor.structure,editor.tools.storage,editor.util,extbrowser,extexecution,extexecution.base,extexecution.impl,extexecution.process,extexecution.process.jdk9,git,go.lang,gototest,gsf.codecoverage,gsf.testrunner,gsf.testrunner.ui,html,html.custom,html.editor,html.editor.lib,html.indexing,html.lexer,html.parser,html.validation,httpserver,hudson,hudson.git,hudson.mercurial,hudson.subversion,hudson.tasklist,hudson.ui,ide.kit,image,javascript2.debug,javascript2.debug.ui,jellytools.ide,jumpto,languages,languages.diff,languages.go,languages.hcl,languages.manifest,languages.toml,languages.yaml,lexer,lexer.antlr4,lexer.nbbridge,lib.terminalemulator,libs.antlr3.runtime,libs.antlr4.runtime,libs.c.kohlschutter.junixsocket,libs.commons_compress,libs.commons_net,libs.flexmark,libs.freemarker,libs.git,libs.graalsdk,libs.graalsdk.system,libs.ini4j,libs.jaxb,libs.jcodings,libs.jsch.agentproxy,libs.json_simple,libs.lucene,libs.snakeyaml_engine,libs.svnClientAdapter,libs.svnClientAdapter.javahl,libs.tomlj,libs.truffleapi,libs.xerces,localhistory,localtasks,lsp.client,markdown,mercurial,mylyn.util,nativeimage.api,notifications,o.apache.commons.httpclient,o.apache.commons.lang,o.apache.ws.commons.util,o.apache.xml.resolver,o.apache.xmlrpc,o.eclipse.core.contenttype,o.eclipse.core.jobs,o.eclipse.core.net,o.eclipse.core.runtime,o.eclipse.core.runtime.compatibility.auth,o.eclipse.equinox.app,o.eclipse.equinox.common,o.eclipse.equinox.preferences,o.eclipse.equinox.registry,o.eclipse.equinox.security,o.eclipse.jgit,o.eclipse.jgit.gpg.bc,o.eclipse.jgit.lfs,o.eclipse.jgit.ssh.jsch,o.eclipse.mylyn.bugzilla.core,o.eclipse.mylyn.commons.core,o.eclipse.mylyn.commons.net,o.eclipse.mylyn.commons.repositories.core,o.eclipse.mylyn.commons.xmlrpc,o.eclipse.mylyn.tasks.core,o.eclipse.mylyn.wikitext.confluence.core,o.eclipse.mylyn.wikitext.core,o.eclipse.mylyn.wikitext.markdown.core,o.eclipse.mylyn.wikitext.textile.core,o.n.swing.dirchooser,o.openidex.util,options.editor,parsing.api,parsing.indexing,parsing.lucene,parsing.nb,parsing.ui,print.editor,project.ant,project.ant.compat8,project.ant.ui,project.dependency,project.indexingbridge,project.libraries,project.libraries.ui,project.spi.intern,project.spi.intern.impl,projectapi,projectapi.nb,projectui,projectui.buildmenu,projectuiapi,projectuiapi.base,properties,properties.syntax,refactoring.api,schema2beans,selenium2,selenium2.server,server,servletapi,slf4j.api,slf4j.jdk14,spellchecker,spellchecker.apimodule,spellchecker.bindings.htmlxml,spellchecker.bindings.properties,spellchecker.dictionary_en,spellchecker.kit,spi.debugger.ui,spi.editor.hints,spi.editor.hints.projects,spi.navigator,spi.palette,spi.tasklist,spi.viewmodel,subversion,swing.validation,target.iterator,tasklist.kit,tasklist.projectint,tasklist.todo,tasklist.ui,team.commons,team.ide,terminal,terminal.nb,textmate.lexer,usersguide,utilities,utilities.project,versioning,versioning.core,versioning.indexingbridge,versioning.masterfs,versioning.system.cvss.installer,versioning.ui,versioning.util,web.browser.api,web.common,web.common.ui,web.indent,web.webkit.debugging,xml,xml.axi,xml.catalog,xml.catalog.ui,xml.core,xml.jaxb.api,xml.lexer,xml.multiview,xml.retriever,xml.schema.completion,xml.schema.model,xml.tax,xml.text,xml.text.obsolete90,xml.tools,xml.wsdl.model,xml.xam,xml.xdm,xsl" />
    <property name="javascript2.nodejs.dir" value="/Users/atalati/vscode-extension/main-repo/javavscode/netbeans/nbbuild/netbeans/webcommon" />
    <property name="release.external/org.eclipse.xtend.lib.macro-2.24.0.jar" value="modules/ext/org.eclipse.xtend.lib.macro-2.24.0.jar" />
    <property name="php/php.samples.dir" value="/Users/atalati/vscode-extension/main-repo/javavscode/netbeans/nbbuild/netbeans/php" />
    <property name="web.jsf20.dir" value="/Users/atalati/vscode-extension/main-repo/javavscode/netbeans/nbbuild/netbeans/enterprise" />
    <property name="enterprise/libs.glassfish_logging.dir" value="/Users/atalati/vscode-extension/main-repo/javavscode/netbeans/nbbuild/netbeans/enterprise" />
    <property name="core.ide.dir" value="/Users/atalati/vscode-extension/main-repo/javavscode/netbeans/nbbuild/netbeans/ide" />
    <property name="nb.cluster.jira" value="c.atlassian.connector.eclipse.commons.core,c.atlassian.connector.eclipse.jira.core,c.atlassian.connector.eclipse.jira.core.rest,c.s.jersey,c.s.mail.javax.mail,javax.servlet,javax.wsdl,javax.xml.rpc,javax.xml.soap,jira,jira.rest,jira.xmlrpc,libs.jira.rest,o.apache.axis,o.apache.commons.discovery,o.codehaus.jettison,o.eclipse.mylyn.commons.soap,o.eclipse.mylyn.monitor.ui.dummy,o.joda.time" />
    <property name="j2ee.eclipselinkmodelgen.dir" value="/Users/atalati/vscode-extension/main-repo/javavscode/netbeans/nbbuild/netbeans/java" />
    <property name="groovy.editor.dir" value="/Users/atalati/vscode-extension/main-repo/javavscode/netbeans/nbbuild/netbeans/groovy" />
    <property name="web.bootsfaces.dir" value="/Users/atalati/vscode-extension/main-repo/javavscode/netbeans/nbbuild/netbeans/enterprise" />
    <property name="hudson.NVM_BIN" value="/Users/atalati/.nvm/versions/node/v20.10.0/bin" />
    <property name="cp.extra" value="/Library/Java/JavaVirtualMachines/jdk-17.0.8.jdk/Contents/Home/lib/tools.jar" />
    <property name="enterprise/web.bootsfaces.dir" value="/Users/atalati/vscode-extension/main-repo/javavscode/netbeans/nbbuild/netbeans/enterprise" />
    <property name="masterfs.ui.dir" value="/Users/atalati/vscode-extension/main-repo/javavscode/netbeans/nbbuild/netbeans/platform" />
    <property name="libs.graalsdk.dir" value="/Users/atalati/vscode-extension/main-repo/javavscode/netbeans/nbbuild/netbeans/ide" />
    <property name="j2ee.dd.dir" value="/Users/atalati/vscode-extension/main-repo/javavscode/netbeans/nbbuild/netbeans/enterprise" />
    <property name="jakarta.transformer.dir" value="/Users/atalati/vscode-extension/main-repo/javavscode/netbeans/nbbuild/netbeans/enterprise" />
    <property name="hudson.LC_TERMINAL_VERSION" value="3.5.0" />
    <property name="micronaut.dir" value="/Users/atalati/vscode-extension/main-repo/javavscode/netbeans/nbbuild/netbeans/enterprise" />
    <property name="test-qa-functional-sys-prop.branding.token" value="nb" />
    <property name="nb.cluster.enterprise" value="api.web.webmodule,cloud.amazon,cloud.common,cloud.oracle,el.lexer,glassfish.common,glassfish.eecommon,glassfish.javaee,glassfish.tooling,gradle.javaee,j2ee.ant,j2ee.api.ejbmodule,j2ee.clientproject,j2ee.common,j2ee.core,j2ee.dd,j2ee.dd.webservice,j2ee.ddloaders,j2ee.earproject,j2ee.ejbcore,j2ee.ejbjarproject,j2ee.ejbrefactoring,j2ee.ejbverification,j2ee.genericserver,j2ee.kit,j2ee.platform,j2ee.sun.appsrv,j2ee.sun.dd,j2ee.sun.ddui,j2eeapis,j2eeserver,jakarta.transformer,jakarta.web.beans,jakartaee10.api,jakartaee10.platform,jakartaee8.api,jakartaee8.platform,jakartaee9.api,jakartaee9.platform,javaee.api,javaee.beanvalidation,javaee.project,javaee.resources,javaee.specs.support,javaee.wildfly,javaee7.api,javaee8.api,jellytools.enterprise,jsp.lexer,libs.amazon,libs.commons_fileupload,libs.elimpl,libs.glassfish_logging,libs.jackson,libs.jstl,maven.j2ee,maven.jaxws,micronaut,payara.common,payara.eecommon,payara.jakartaee,payara.micro,payara.tooling,profiler.j2ee,projectimport.eclipse.web,servletjspapi,spring.webmvc,tomcat5,web.beans,web.bootsfaces,web.client.rest,web.core,web.core.syntax,web.debug,web.el,web.freeform,web.jsf,web.jsf.editor,web.jsf.icefaces,web.jsf.kit,web.jsf.navigation,web.jsf.richfaces,web.jsf12,web.jsf12ri,web.jsf20,web.jsfapi,web.jspparser,web.kit,web.monitor,web.primefaces,web.project,web.refactoring,web.struts,weblogic.common,websocket,websvc.clientapi,websvc.core,websvc.customization,websvc.design,websvc.editor.hints,websvc.jaxws.lightapi,websvc.jaxwsapi,websvc.jaxwsmodel,websvc.kit,websvc.manager,websvc.metro.lib,websvc.owsm,websvc.projectapi,websvc.rest,websvc.restapi,websvc.restkit,websvc.restlib,websvc.saas.codegen.j2ee,websvc.utilities,websvc.websvcapi,websvc.wsstackapi" />
    <property name="ide/css.prep.dir" value="/Users/atalati/vscode-extension/main-repo/javavscode/netbeans/nbbuild/netbeans/ide" />
    <property name="ide/spellchecker.apimodule.dir" value="/Users/atalati/vscode-extension/main-repo/javavscode/netbeans/nbbuild/netbeans/ide" />
    <property name="lib.v8debug.dir" value="/Users/atalati/vscode-extension/main-repo/javavscode/netbeans/nbbuild/netbeans/webcommon" />
    <property name="j2ee.sun.appsrv.dir" value="/Users/atalati/vscode-extension/main-repo/javavscode/netbeans/nbbuild/netbeans/enterprise" />
    <property name="web.common.ui.dir" value="/Users/atalati/vscode-extension/main-repo/javavscode/netbeans/nbbuild/netbeans/ide" />
    <property name="groovy/libs.groovy.dir" value="/Users/atalati/vscode-extension/main-repo/javavscode/netbeans/nbbuild/netbeans/groovy" />
    <property name="ide/lib.terminalemulator.dir" value="/Users/atalati/vscode-extension/main-repo/javavscode/netbeans/nbbuild/netbeans/ide" />
    <property name="editor.structure.dir" value="/Users/atalati/vscode-extension/main-repo/javavscode/netbeans/nbbuild/netbeans/ide" />
    <property name="libs.freemarker.dir" value="/Users/atalati/vscode-extension/main-repo/javavscode/netbeans/nbbuild/netbeans/ide" />
    <property name="php.codeception.dir" value="/Users/atalati/vscode-extension/main-repo/javavscode/netbeans/nbbuild/netbeans/php" />
    <property name="nbantext.jar" value="/Users/atalati/vscode-extension/main-repo/javavscode/netbeans/nbbuild/build/nbantext.jar" />
    <property name="ide/editor.global.format.dir" value="/Users/atalati/vscode-extension/main-repo/javavscode/netbeans/nbbuild/netbeans/ide" />
    <property name="platform/libs.junit5.dir" value="/Users/atalati/vscode-extension/main-repo/javavscode/netbeans/nbbuild/netbeans/platform" />
    <property name="libs.javacapi.dir" value="/Users/atalati/vscode-extension/main-repo/javavscode/netbeans/nbbuild/netbeans/java" />
    <property name="websvc.owsm.dir" value="/Users/atalati/vscode-extension/main-repo/javavscode/netbeans/nbbuild/netbeans/enterprise" />
    <property name="platform/api.visual.dir" value="/Users/atalati/vscode-extension/main-repo/javavscode/netbeans/nbbuild/netbeans/platform" />
    <property name="ide/languages.manifest.dir" value="/Users/atalati/vscode-extension/main-repo/javavscode/netbeans/nbbuild/netbeans/ide" />
    <property name="libs.javacup.dir" value="/Users/atalati/vscode-extension/main-repo/javavscode/netbeans/nbbuild/netbeans/php" />
    <property name="java/classfile.dir" value="/Users/atalati/vscode-extension/main-repo/javavscode/netbeans/nbbuild/netbeans/java" />
    <property name="test.run.args" value="-ea -Xms1200m -Xmx1200m -XX:+UseParallelGC --add-opens=java.base/java.net=ALL-UNNAMED --add-opens=java.base/java.lang.ref=ALL-UNNAMED --add-opens=java.base/java.lang=ALL-UNNAMED --add-opens=java.base/java.security=ALL-UNNAMED --add-opens=java.base/java.util=ALL-UNNAMED --add-opens=java.base/java.nio=ALL-UNNAMED --add-exports=java.base/sun.reflect.annotation=ALL-UNNAMED --add-opens=java.prefs/java.util.prefs=ALL-UNNAMED --add-opens=java.desktop/javax.swing.plaf.basic=ALL-UNNAMED --add-opens=java.desktop/javax.swing.text=ALL-UNNAMED --add-opens=java.desktop/javax.swing=ALL-UNNAMED --add-opens=java.desktop/java.awt=ALL-UNNAMED --add-opens=java.desktop/java.awt.event=ALL-UNNAMED --add-opens=java.desktop/sun.awt.X11=ALL-UNNAMED --add-opens=java.desktop/javax.swing.plaf.synth=ALL-UNNAMED --add-opens=java.desktop/com.sun.java.swing.plaf.gtk=ALL-UNNAMED --add-opens=java.desktop/com.sun.java.swing.plaf.windows=ALL-UNNAMED --add-opens=java.desktop/com.apple.laf=ALL-UNNAMED --add-opens=java.desktop/sun.awt.shell=ALL-UNNAMED --add-opens=java.desktop/sun.awt.im=ALL-UNNAMED --add-exports=java.desktop/sun.awt=ALL-UNNAMED --add-exports=java.desktop/java.awt.peer=ALL-UNNAMED --add-exports=java.desktop/com.sun.beans.editors=ALL-UNNAMED --add-exports=java.desktop/sun.swing=ALL-UNNAMED --add-exports=java.desktop/sun.awt.im=ALL-UNNAMED --add-exports=java.desktop/com.sun.java.swing.plaf.motif=ALL-UNNAMED --add-exports=java.desktop/com.apple.eio=ALL-UNNAMED --add-opens=jdk.compiler/com.sun.tools.javac.api=ALL-UNNAMED --add-opens=jdk.compiler/com.sun.tools.javac.code=ALL-UNNAMED --add-opens=jdk.compiler/com.sun.tools.javac.comp=ALL-UNNAMED --add-opens=jdk.compiler/com.sun.tools.javac.file=ALL-UNNAMED --add-opens=jdk.compiler/com.sun.tools.javac.jvm=ALL-UNNAMED --add-opens=jdk.compiler/com.sun.tools.javac.main=ALL-UNNAMED --add-opens=jdk.compiler/com.sun.tools.javac.model=ALL-UNNAMED --add-opens=jdk.compiler/com.sun.tools.javac.parser=ALL-UNNAMED --add-opens=jdk.compiler/com.sun.tools.javac.processing=ALL-UNNAMED --add-opens=jdk.compiler/com.sun.tools.javac.tree=ALL-UNNAMED --add-opens=jdk.compiler/com.sun.tools.javac.util=ALL-UNNAMED --add-exports=jdk.compiler/com.sun.tools.javac.api=ALL-UNNAMED --add-exports=jdk.compiler/com.sun.tools.javac.code=ALL-UNNAMED --add-exports=jdk.compiler/com.sun.tools.javac.comp=ALL-UNNAMED --add-exports=jdk.compiler/com.sun.tools.javac.file=ALL-UNNAMED --add-exports=jdk.compiler/com.sun.tools.javac.jvm=ALL-UNNAMED --add-exports=jdk.compiler/com.sun.tools.javac.main=ALL-UNNAMED --add-exports=jdk.compiler/com.sun.tools.javac.model=ALL-UNNAMED --add-exports=jdk.compiler/com.sun.tools.javac.parser=ALL-UNNAMED --add-exports=jdk.compiler/com.sun.tools.javac.processing=ALL-UNNAMED --add-exports=jdk.compiler/com.sun.tools.javac.tree=ALL-UNNAMED --add-exports=jdk.compiler/com.sun.tools.javac.util=ALL-UNNAMED   -XX:+IgnoreUnrecognizedVMOptions" />
    <property name="project.ant.dir" value="/Users/atalati/vscode-extension/main-repo/javavscode/netbeans/nbbuild/netbeans/ide" />
    <property name="php.dbgp.dir" value="/Users/atalati/vscode-extension/main-repo/javavscode/netbeans/nbbuild/netbeans/php" />
    <property name="java/gradle.java.dir" value="/Users/atalati/vscode-extension/main-repo/javavscode/netbeans/nbbuild/netbeans/java" />
    <property name="o.eclipse.equinox.registry.dir" value="/Users/atalati/vscode-extension/main-repo/javavscode/netbeans/nbbuild/netbeans/ide" />
    <property name="webcommon/extbrowser.chrome.dir" value="/Users/atalati/vscode-extension/main-repo/javavscode/netbeans/nbbuild/netbeans/webcommon" />
    <property name="php.apigen.dir" value="/Users/atalati/vscode-extension/main-repo/javavscode/netbeans/nbbuild/netbeans/php" />
    <property name="build.sysclasspath" value="ignore" />
    <property name="os.name" value="Mac OS X" />
    <property name="spi.editor.hints.dir" value="/Users/atalati/vscode-extension/main-repo/javavscode/netbeans/nbbuild/netbeans/ide" />
    <property name="enterprise/glassfish.eecommon.dir" value="/Users/atalati/vscode-extension/main-repo/javavscode/netbeans/nbbuild/netbeans/enterprise" />
    <property name="java/selenium2.maven.dir" value="/Users/atalati/vscode-extension/main-repo/javavscode/netbeans/nbbuild/netbeans/java" />
    <property name="web.jsf12ri.dir" value="/Users/atalati/vscode-extension/main-repo/javavscode/netbeans/nbbuild/netbeans/enterprise" />
    <property name="php/php.zend.dir" value="/Users/atalati/vscode-extension/main-repo/javavscode/netbeans/nbbuild/netbeans/php" />
    <property name="ide/xml.text.dir" value="/Users/atalati/vscode-extension/main-repo/javavscode/netbeans/nbbuild/netbeans/ide" />
    <property name="webcommon/javascript2.jade.dir" value="/Users/atalati/vscode-extension/main-repo/javavscode/netbeans/nbbuild/netbeans/webcommon" />
    <property name="xml.tax.dir" value="/Users/atalati/vscode-extension/main-repo/javavscode/netbeans/nbbuild/netbeans/ide" />
    <property name="ide/libs.flexmark.dir" value="/Users/atalati/vscode-extension/main-repo/javavscode/netbeans/nbbuild/netbeans/ide" />
    <property name="o.n.swing.tabcontrol.dir" value="/Users/atalati/vscode-extension/main-repo/javavscode/netbeans/nbbuild/netbeans/platform" />
    <property name="module.name.temp" value="/Users/atalati/vscode-extension/main-repo/javavscode/netbeans/java/java.lsp.server" />
    <property name="platform/o.n.html.presenters.spi.dir" value="/Users/atalati/vscode-extension/main-repo/javavscode/netbeans/nbbuild/netbeans/platform" />
    <property name="payara.eecommon.dir" value="/Users/atalati/vscode-extension/main-repo/javavscode/netbeans/nbbuild/netbeans/enterprise" />
    <property name="libs.commons_net.dir" value="/Users/atalati/vscode-extension/main-repo/javavscode/netbeans/nbbuild/netbeans/ide" />
    <property name="php.twig.dir" value="/Users/atalati/vscode-extension/main-repo/javavscode/netbeans/nbbuild/netbeans/php" />
    <property name="openide.filesystems.dir" value="/Users/atalati/vscode-extension/main-repo/javavscode/netbeans/nbbuild/netbeans/platform" />
    <property name="j2ee.metadata.dir" value="/Users/atalati/vscode-extension/main-repo/javavscode/netbeans/nbbuild/netbeans/java" />
    <property name="php.samples.dir" value="/Users/atalati/vscode-extension/main-repo/javavscode/netbeans/nbbuild/netbeans/php" />
    <property name="core.kit.dir" value="/Users/atalati/vscode-extension/main-repo/javavscode/netbeans/nbbuild/netbeans/platform" />
    <property name="metabuild.jms-flags" value=" -J--add-opens=java.base/java.net=ALL-UNNAMED -J--add-opens=java.base/java.lang.ref=ALL-UNNAMED -J--add-opens=java.base/java.lang=ALL-UNNAMED -J--add-opens=java.base/java.security=ALL-UNNAMED -J--add-opens=java.base/java.util=ALL-UNNAMED -J--add-opens=java.base/java.nio=ALL-UNNAMED -J--add-exports=java.base/sun.reflect.annotation=ALL-UNNAMED -J--add-opens=java.prefs/java.util.prefs=ALL-UNNAMED -J--add-opens=java.desktop/javax.swing.plaf.basic=ALL-UNNAMED -J--add-opens=java.desktop/javax.swing.text=ALL-UNNAMED -J--add-opens=java.desktop/javax.swing=ALL-UNNAMED -J--add-opens=java.desktop/java.awt=ALL-UNNAMED -J--add-opens=java.desktop/java.awt.event=ALL-UNNAMED -J--add-opens=java.desktop/sun.awt.X11=ALL-UNNAMED -J--add-opens=java.desktop/javax.swing.plaf.synth=ALL-UNNAMED -J--add-opens=java.desktop/com.sun.java.swing.plaf.gtk=ALL-UNNAMED -J--add-opens=java.desktop/com.sun.java.swing.plaf.windows=ALL-UNNAMED -J--add-opens=java.desktop/com.apple.laf=ALL-UNNAMED -J--add-opens=java.desktop/sun.awt.shell=ALL-UNNAMED -J--add-opens=java.desktop/sun.awt.im=ALL-UNNAMED -J--add-exports=java.desktop/sun.awt=ALL-UNNAMED -J--add-exports=java.desktop/java.awt.peer=ALL-UNNAMED -J--add-exports=java.desktop/com.sun.beans.editors=ALL-UNNAMED -J--add-exports=java.desktop/sun.swing=ALL-UNNAMED -J--add-exports=java.desktop/sun.awt.im=ALL-UNNAMED -J--add-exports=java.desktop/com.sun.java.swing.plaf.motif=ALL-UNNAMED -J--add-exports=java.desktop/com.apple.eio=ALL-UNNAMED -J--add-opens=jdk.compiler/com.sun.tools.javac.api=ALL-UNNAMED -J--add-opens=jdk.compiler/com.sun.tools.javac.code=ALL-UNNAMED -J--add-opens=jdk.compiler/com.sun.tools.javac.comp=ALL-UNNAMED -J--add-opens=jdk.compiler/com.sun.tools.javac.file=ALL-UNNAMED -J--add-opens=jdk.compiler/com.sun.tools.javac.jvm=ALL-UNNAMED -J--add-opens=jdk.compiler/com.sun.tools.javac.main=ALL-UNNAMED -J--add-opens=jdk.compiler/com.sun.tools.javac.model=ALL-UNNAMED -J--add-opens=jdk.compiler/com.sun.tools.javac.parser=ALL-UNNAMED -J--add-opens=jdk.compiler/com.sun.tools.javac.processing=ALL-UNNAMED -J--add-opens=jdk.compiler/com.sun.tools.javac.tree=ALL-UNNAMED -J--add-opens=jdk.compiler/com.sun.tools.javac.util=ALL-UNNAMED -J--add-exports=jdk.compiler/com.sun.tools.javac.api=ALL-UNNAMED -J--add-exports=jdk.compiler/com.sun.tools.javac.code=ALL-UNNAMED -J--add-exports=jdk.compiler/com.sun.tools.javac.comp=ALL-UNNAMED -J--add-exports=jdk.compiler/com.sun.tools.javac.file=ALL-UNNAMED -J--add-exports=jdk.compiler/com.sun.tools.javac.jvm=ALL-UNNAMED -J--add-exports=jdk.compiler/com.sun.tools.javac.main=ALL-UNNAMED -J--add-exports=jdk.compiler/com.sun.tools.javac.model=ALL-UNNAMED -J--add-exports=jdk.compiler/com.sun.tools.javac.parser=ALL-UNNAMED -J--add-exports=jdk.compiler/com.sun.tools.javac.processing=ALL-UNNAMED -J--add-exports=jdk.compiler/com.sun.tools.javac.tree=ALL-UNNAMED -J--add-exports=jdk.compiler/com.sun.tools.javac.util=ALL-UNNAMED -J--add-modules=jdk.jshell -J--add-opens=jdk.jshell/jdk.jshell=ALL-UNNAMED -J--add-exports=jdk.jshell/jdk.internal.jshell.debug=ALL-UNNAMED -J--add-exports=jdk.jdeps/com.sun.tools.classfile=ALL-UNNAMED -J--add-exports=jdk.jdeps/com.sun.tools.javap=ALL-UNNAMED -J--add-exports=jdk.internal.jvmstat/sun.jvmstat.monitor=ALL-UNNAMED -J--add-exports=jdk.internal.opt/jdk.internal.opt=ALL-UNNAMED -J--add-exports=java.management/sun.management=ALL-UNNAMED" />
    <property name="openide.execution.compat8.dir" value="/Users/atalati/vscode-extension/main-repo/javavscode/netbeans/nbbuild/netbeans/platform" />
    <property name="web.jsf.icefaces.dir" value="/Users/atalati/vscode-extension/main-repo/javavscode/netbeans/nbbuild/netbeans/enterprise" />
    <property name="o.eclipse.core.contenttype.dir" value="/Users/atalati/vscode-extension/main-repo/javavscode/netbeans/nbbuild/netbeans/ide" />
    <property name="cpplite.kit.dir" value="/Users/atalati/vscode-extension/main-repo/javavscode/netbeans/nbbuild/netbeans/cpplite" />
    <property name="ant.file" value="/Users/atalati/vscode-extension/main-repo/javavscode/netbeans/java/java.lsp.server/build.xml" />
    <property name="javascript2.debug.ui.dir" value="/Users/atalati/vscode-extension/main-repo/javavscode/netbeans/nbbuild/netbeans/ide" />
    <property name="utilities.project.dir" value="/Users/atalati/vscode-extension/main-repo/javavscode/netbeans/nbbuild/netbeans/ide" />
    <property name="clusters.list" value="nb.cluster.rust,nb.cluster.harness,nb.cluster.bootstrap,nb.cluster.platform,nb.cluster.ide,nb.cluster.extide,nb.cluster.websvccommon,nb.cluster.java,nb.cluster.javafx,nb.cluster.profiler,nb.cluster.3rdparty,nb.cluster.nb,nb.cluster.apisupport,nb.cluster.webcommon,nb.cluster.php,nb.cluster.groovy,nb.cluster.enterprise,nb.cluster.cpplite,nb.cluster.ergonomics" />
    <property name="platform/o.n.swing.laf.flatlaf.dir" value="/Users/atalati/vscode-extension/main-repo/javavscode/netbeans/nbbuild/netbeans/platform" />
    <property name="java/java.source.dir" value="/Users/atalati/vscode-extension/main-repo/javavscode/netbeans/nbbuild/netbeans/java" />
    <property name="nb.build.dir" value="/Users/atalati/vscode-extension/main-repo/javavscode/netbeans/nbbuild/build" />
    <property name="editor.lib2.dir" value="/Users/atalati/vscode-extension/main-repo/javavscode/netbeans/nbbuild/netbeans/ide" />
    <property name="java.home.parent" value="/Library/Java/JavaVirtualMachines/jdk-17.0.8.jdk/Contents" />
    <property name="javascript2.react.dir" value="/Users/atalati/vscode-extension/main-repo/javavscode/netbeans/nbbuild/netbeans/webcommon" />
    <property name="jms-compiler.flags.jvm" value="--add-opens=jdk.compiler/com.sun.tools.javac.api=ALL-UNNAMED --add-opens=jdk.compiler/com.sun.tools.javac.code=ALL-UNNAMED --add-opens=jdk.compiler/com.sun.tools.javac.comp=ALL-UNNAMED --add-opens=jdk.compiler/com.sun.tools.javac.file=ALL-UNNAMED --add-opens=jdk.compiler/com.sun.tools.javac.jvm=ALL-UNNAMED --add-opens=jdk.compiler/com.sun.tools.javac.main=ALL-UNNAMED --add-opens=jdk.compiler/com.sun.tools.javac.model=ALL-UNNAMED --add-opens=jdk.compiler/com.sun.tools.javac.parser=ALL-UNNAMED --add-opens=jdk.compiler/com.sun.tools.javac.processing=ALL-UNNAMED --add-opens=jdk.compiler/com.sun.tools.javac.tree=ALL-UNNAMED --add-opens=jdk.compiler/com.sun.tools.javac.util=ALL-UNNAMED --add-exports=jdk.compiler/com.sun.tools.javac.api=ALL-UNNAMED --add-exports=jdk.compiler/com.sun.tools.javac.code=ALL-UNNAMED --add-exports=jdk.compiler/com.sun.tools.javac.comp=ALL-UNNAMED --add-exports=jdk.compiler/com.sun.tools.javac.file=ALL-UNNAMED --add-exports=jdk.compiler/com.sun.tools.javac.jvm=ALL-UNNAMED --add-exports=jdk.compiler/com.sun.tools.javac.main=ALL-UNNAMED --add-exports=jdk.compiler/com.sun.tools.javac.model=ALL-UNNAMED --add-exports=jdk.compiler/com.sun.tools.javac.parser=ALL-UNNAMED --add-exports=jdk.compiler/com.sun.tools.javac.processing=ALL-UNNAMED --add-exports=jdk.compiler/com.sun.tools.javac.tree=ALL-UNNAMED --add-exports=jdk.compiler/com.sun.tools.javac.util=ALL-UNNAMED " />
    <property name="ide/spellchecker.dictionary_en.dir" value="/Users/atalati/vscode-extension/main-repo/javavscode/netbeans/nbbuild/netbeans/ide" />
    <property name="java/debugger.jpda.projectsui.dir" value="/Users/atalati/vscode-extension/main-repo/javavscode/netbeans/nbbuild/netbeans/java" />
    <property name="test.timeout" value="600000" />
    <property name="usersguide.dir" value="/Users/atalati/vscode-extension/main-repo/javavscode/netbeans/nbbuild/netbeans/ide" />
    <property name="ide/editor.indent.support.dir" value="/Users/atalati/vscode-extension/main-repo/javavscode/netbeans/nbbuild/netbeans/ide" />
    <property name="java.editor.lib.dir" value="/Users/atalati/vscode-extension/main-repo/javavscode/netbeans/nbbuild/netbeans/java" />
    <property name="apisupport.harness.dir" value="/Users/atalati/vscode-extension/main-repo/javavscode/netbeans/nbbuild/netbeans/harness" />
    <property name="php/php.zend2.dir" value="/Users/atalati/vscode-extension/main-repo/javavscode/netbeans/nbbuild/netbeans/php" />
    <property name="ide/versioning.util.dir" value="/Users/atalati/vscode-extension/main-repo/javavscode/netbeans/nbbuild/netbeans/ide" />
    <property name="jms-base.flags.jvm" value="--add-opens=java.base/java.net=ALL-UNNAMED --add-opens=java.base/java.lang.ref=ALL-UNNAMED --add-opens=java.base/java.lang=ALL-UNNAMED --add-opens=java.base/java.security=ALL-UNNAMED --add-opens=java.base/java.util=ALL-UNNAMED --add-opens=java.base/java.nio=ALL-UNNAMED --add-exports=java.base/sun.reflect.annotation=ALL-UNNAMED --add-opens=java.prefs/java.util.prefs=ALL-UNNAMED " />
    <property name="options.editor.dir" value="/Users/atalati/vscode-extension/main-repo/javavscode/netbeans/nbbuild/netbeans/ide" />
    <property name="harness/libs.nbi.ant.dir" value="/Users/atalati/vscode-extension/main-repo/javavscode/netbeans/nbbuild/netbeans/harness" />
    <property name="websvc.rest.dir" value="/Users/atalati/vscode-extension/main-repo/javavscode/netbeans/nbbuild/netbeans/enterprise" />
    <property name="platform/masterfs.dir" value="/Users/atalati/vscode-extension/main-repo/javavscode/netbeans/nbbuild/netbeans/platform" />
    <property name="test.extra.nb.javac.deps" value="" />
    <property name="java.class.version" value="61.0" />
    <property name="src.dir" value="/Users/atalati/vscode-extension/main-repo/javavscode/netbeans/java/java.lsp.server/src" />
    <property name="javascript.bower.dir" value="/Users/atalati/vscode-extension/main-repo/javavscode/netbeans/nbbuild/netbeans/webcommon" />
    <property name="webcommon/web.clientproject.dir" value="/Users/atalati/vscode-extension/main-repo/javavscode/netbeans/nbbuild/netbeans/webcommon" />
    <property name="java/maven.search.dir" value="/Users/atalati/vscode-extension/main-repo/javavscode/netbeans/nbbuild/netbeans/java" />
    <property name="java.editor.dir" value="/Users/atalati/vscode-extension/main-repo/javavscode/netbeans/nbbuild/netbeans/java" />
    <property name="java/ant.debugger.dir" value="/Users/atalati/vscode-extension/main-repo/javavscode/netbeans/nbbuild/netbeans/java" />
    <property name="java.platform.ui.dir" value="/Users/atalati/vscode-extension/main-repo/javavscode/netbeans/nbbuild/netbeans/java" />
    <property name="enterprise/glassfish.javaee.dir" value="/Users/atalati/vscode-extension/main-repo/javavscode/netbeans/nbbuild/netbeans/enterprise" />
    <property name="nb.cluster.groovy.dir" value="groovy" />
    <property name="web.client.kit.dir" value="/Users/atalati/vscode-extension/main-repo/javavscode/netbeans/nbbuild/netbeans/webcommon" />
    <property name="nb.cluster.3rdparty" value="libs.javafx.linux,libs.javafx.linux.aarch64,libs.javafx.macosx,libs.javafx.macosx.aarch64,libs.javafx.win" />
    <property name="nb.cluster.team.dir" value="extra" />
    <property name="maven.hints.dir" value="/Users/atalati/vscode-extension/main-repo/javavscode/netbeans/nbbuild/netbeans/java" />
    <property name="webcommon/web.javascript.debugger.dir" value="/Users/atalati/vscode-extension/main-repo/javavscode/netbeans/nbbuild/netbeans/webcommon" />
    <property name="bugzilla.dir" value="/Users/atalati/vscode-extension/main-repo/javavscode/netbeans/nbbuild/netbeans/ide" />
    <property name="javaee.resources.dir" value="/Users/atalati/vscode-extension/main-repo/javavscode/netbeans/nbbuild/netbeans/enterprise" />
    <property name="j2ee.earproject.dir" value="/Users/atalati/vscode-extension/main-repo/javavscode/netbeans/nbbuild/netbeans/enterprise" />
    <property name="webcommon/javascript2.jsdoc.dir" value="/Users/atalati/vscode-extension/main-repo/javavscode/netbeans/nbbuild/netbeans/webcommon" />
    <property name="platform/api.templates.dir" value="/Users/atalati/vscode-extension/main-repo/javavscode/netbeans/nbbuild/netbeans/platform" />
    <property name="php.composer.dir" value="/Users/atalati/vscode-extension/main-repo/javavscode/netbeans/nbbuild/netbeans/php" />
    <property name="whitelist.dir" value="/Users/atalati/vscode-extension/main-repo/javavscode/netbeans/nbbuild/netbeans/java" />
    <property name="enterprise/libs.commons_fileupload.dir" value="/Users/atalati/vscode-extension/main-repo/javavscode/netbeans/nbbuild/netbeans/enterprise" />
    <property name="o.eclipse.core.runtime.dir" value="/Users/atalati/vscode-extension/main-repo/javavscode/netbeans/nbbuild/netbeans/ide" />
    <property name="hudson.maven.dir" value="/Users/atalati/vscode-extension/main-repo/javavscode/netbeans/nbbuild/netbeans/java" />
    <property name="hudson.CONDA_SHLVL" value="1" />
    <property name="line.separator" value="&#xa;" />
    <property name=".exe" value="" />
    <property name="java/java.freeform.dir" value="/Users/atalati/vscode-extension/main-repo/javavscode/netbeans/nbbuild/netbeans/java" />
    <property name="release.external/org.eclipse.lsp4j.jsonrpc-0.13.0.jar" value="modules/ext/org.eclipse.lsp4j.jsonrpc-0.13.0.jar" />
    <property name="enterprise/web.refactoring.dir" value="/Users/atalati/vscode-extension/main-repo/javavscode/netbeans/nbbuild/netbeans/enterprise" />
    <property name="java.hints.declarative.dir" value="/Users/atalati/vscode-extension/main-repo/javavscode/netbeans/nbbuild/netbeans/java" />
    <property name="platform/libs.felix.dir" value="/Users/atalati/vscode-extension/main-repo/javavscode/netbeans/nbbuild/netbeans/platform" />
    <property name="web.webkit.debugging.dir" value="/Users/atalati/vscode-extension/main-repo/javavscode/netbeans/nbbuild/netbeans/ide" />
    <property name="ide/api.debugger.dir" value="/Users/atalati/vscode-extension/main-repo/javavscode/netbeans/nbbuild/netbeans/ide" />
    <property name="platform/api.progress.nb.dir" value="/Users/atalati/vscode-extension/main-repo/javavscode/netbeans/nbbuild/netbeans/platform" />
    <property name="ide/languages.go.dir" value="/Users/atalati/vscode-extension/main-repo/javavscode/netbeans/nbbuild/netbeans/ide" />
    <property name="buildnumber" value="20240527-unknown-revn" />
    <property name="enterprise/j2ee.ejbcore.dir" value="/Users/atalati/vscode-extension/main-repo/javavscode/netbeans/nbbuild/netbeans/enterprise" />
    <property name="nb.cluster.rust.dir" value="rust" />
    <property name="ide/editor.bookmarks.dir" value="/Users/atalati/vscode-extension/main-repo/javavscode/netbeans/nbbuild/netbeans/ide" />
    <property name="webcommon/netserver.dir" value="/Users/atalati/vscode-extension/main-repo/javavscode/netbeans/nbbuild/netbeans/webcommon" />
    <property name="build.compiler.debug" value="true" />
    <property name="jakarta.web.beans.dir" value="/Users/atalati/vscode-extension/main-repo/javavscode/netbeans/nbbuild/netbeans/enterprise" />
    <property name="java/java.disco.dir" value="/Users/atalati/vscode-extension/main-repo/javavscode/netbeans/nbbuild/netbeans/java" />
    <property name="validation.nb.cluster.ide" value="ide.kit" />
    <property name="java/java.kit.dir" value="/Users/atalati/vscode-extension/main-repo/javavscode/netbeans/nbbuild/netbeans/java" />
    <property name="libs.jackson.dir" value="/Users/atalati/vscode-extension/main-repo/javavscode/netbeans/nbbuild/netbeans/enterprise" />
    <property name="javascript2.model.dir" value="/Users/atalati/vscode-extension/main-repo/javavscode/netbeans/nbbuild/netbeans/webcommon" />
    <property name="enterprise/j2ee.core.dir" value="/Users/atalati/vscode-extension/main-repo/javavscode/netbeans/nbbuild/netbeans/enterprise" />
    <property name="enterprise/websvc.restkit.dir" value="/Users/atalati/vscode-extension/main-repo/javavscode/netbeans/nbbuild/netbeans/enterprise" />
    <property name="ide/spellchecker.bindings.htmlxml.dir" value="/Users/atalati/vscode-extension/main-repo/javavscode/netbeans/nbbuild/netbeans/ide" />
    <property name="platform/openide.filesystems.dir" value="/Users/atalati/vscode-extension/main-repo/javavscode/netbeans/nbbuild/netbeans/platform" />
    <property name="java/ko4j.debugging.dir" value="/Users/atalati/vscode-extension/main-repo/javavscode/netbeans/nbbuild/netbeans/java" />
    <property name="module.jar.dir" value="modules" />
    <property name="platform/keyring.impl.dir" value="/Users/atalati/vscode-extension/main-repo/javavscode/netbeans/nbbuild/netbeans/platform" />
    <property name="enterprise/websvc.restlib.dir" value="/Users/atalati/vscode-extension/main-repo/javavscode/netbeans/nbbuild/netbeans/enterprise" />
    <property name="cluster.dir.fallback" value="extra" />
    <property name="ant.home" value="/opt/homebrew/Cellar/ant/1.10.14/libexec" />
    <property name="hudson.ant.dir" value="/Users/atalati/vscode-extension/main-repo/javavscode/netbeans/nbbuild/netbeans/java" />
    <property name="nb.cluster.stableuc" value="apisupport.apidocs,db.mysql.sakila,deployment.deviceanywhere,j2me.cdc.kit,j2me.cdc.platform,j2me.cdc.platform.nokias80,j2me.cdc.platform.ojec,j2me.cdc.platform.semc,j2me.cdc.platform.sjmc,j2me.cdc.platform.sun,j2me.cdc.project,j2me.cdc.project.execui,j2me.cdc.project.execuiimpl,j2me.cdc.project.nokiaS80,j2me.cdc.project.ojec,j2me.cdc.project.savaje,j2me.cdc.project.semc,j2me.cdc.project.sjmc,jconsole,jmx,jmx.common,libs.aguiswinglayout,libs.oracle.cloud,libs.ppawtlayout,loadgenerator,maven.util,mvd,o.apache.tools.ant.module.docs,profiler.commandrunner,profiler.loadgen,svg.perseus,swingapplib,vmd.analyzer,vmd.codegen,vmd.components.midp,vmd.components.midp.pda,vmd.components.midp.wma,vmd.components.svg,vmd.componentssupport,vmd.examples,vmd.flow,vmd.game,vmd.inspector,vmd.io,vmd.io.javame,vmd.kit,vmd.midp,vmd.midp.converter,vmd.midpnb,vmd.model,vmd.palette,vmd.properties,vmd.screen,vmd.structure" />
    <property name="nb.cluster.cnd.depends" value="nb.cluster.harness,nb.cluster.platform,nb.cluster.dlight,nb.cluster.ide" />
    <property name="javac.target" value="1.8" />
    <property name="ide/xml.jaxb.api.dir" value="/Users/atalati/vscode-extension/main-repo/javavscode/netbeans/nbbuild/netbeans/ide" />
    <property name="testng.ant.dir" value="/Users/atalati/vscode-extension/main-repo/javavscode/netbeans/nbbuild/netbeans/java" />
    <property name="nb/uihandler.exceptionreporter.dir" value="/Users/atalati/vscode-extension/main-repo/javavscode/netbeans/nbbuild/netbeans/nb" />
    <property name="test.qa-functional.dir" value="/Users/atalati/vscode-extension/main-repo/javavscode/netbeans/java/java.lsp.server/test/qa-functional" />
    <property name="javafx/javafx2.platform.dir" value="/Users/atalati/vscode-extension/main-repo/javavscode/netbeans/nbbuild/netbeans/javafx" />
    <property name="api.search.dir" value="/Users/atalati/vscode-extension/main-repo/javavscode/netbeans/nbbuild/netbeans/platform" />
    <property name="hudson.CONDA_DEFAULT_ENV" value="base" />
    <property name="module.jar.basename" value="org-netbeans-modules-java-lsp-server.jar" />
    <property name="ide/utilities.project.dir" value="/Users/atalati/vscode-extension/main-repo/javavscode/netbeans/nbbuild/netbeans/ide" />
    <property name="ide/db.core.dir" value="/Users/atalati/vscode-extension/main-repo/javavscode/netbeans/nbbuild/netbeans/ide" />
    <property name="ide/o.eclipse.equinox.preferences.dir" value="/Users/atalati/vscode-extension/main-repo/javavscode/netbeans/nbbuild/netbeans/ide" />
    <property name="platform/core.windows.dir" value="/Users/atalati/vscode-extension/main-repo/javavscode/netbeans/nbbuild/netbeans/platform" />
    <property name="ide/db.drivers.dir" value="/Users/atalati/vscode-extension/main-repo/javavscode/netbeans/nbbuild/netbeans/ide" />
    <property name="apisupport/apisupport.installer.maven.dir" value="/Users/atalati/vscode-extension/main-repo/javavscode/netbeans/nbbuild/netbeans/apisupport" />
    <property name="ide/refactoring.api.dir" value="/Users/atalati/vscode-extension/main-repo/javavscode/netbeans/nbbuild/netbeans/ide" />
    <property name="ide/web.common.dir" value="/Users/atalati/vscode-extension/main-repo/javavscode/netbeans/nbbuild/netbeans/ide" />
    <property name="o.n.html.xhr4j.dir" value="/Users/atalati/vscode-extension/main-repo/javavscode/netbeans/nbbuild/netbeans/platform" />
    <property name="java/javawebstart.dir" value="/Users/atalati/vscode-extension/main-repo/javavscode/netbeans/nbbuild/netbeans/java" />
    <property name="debugger.jpda.truffle.dir" value="/Users/atalati/vscode-extension/main-repo/javavscode/netbeans/nbbuild/netbeans/java" />
    <property name="editor.dir" value="/Users/atalati/vscode-extension/main-repo/javavscode/netbeans/nbbuild/netbeans/ide" />
    <property name="ant.file.projectized" value="/Users/atalati/vscode-extension/main-repo/javavscode/netbeans/nbbuild/templates/projectized.xml" />
    <property name="versioning.masterfs.dir" value="/Users/atalati/vscode-extension/main-repo/javavscode/netbeans/nbbuild/netbeans/ide" />
    <property name="apisupport.ant.dir" value="/Users/atalati/vscode-extension/main-repo/javavscode/netbeans/nbbuild/netbeans/apisupport" />
    <property name="sampler.dir" value="/Users/atalati/vscode-extension/main-repo/javavscode/netbeans/nbbuild/netbeans/platform" />
    <property name="libs.jcodings.dir" value="/Users/atalati/vscode-extension/main-repo/javavscode/netbeans/nbbuild/netbeans/ide" />
    <property name="enterprise/javaee.beanvalidation.dir" value="/Users/atalati/vscode-extension/main-repo/javavscode/netbeans/nbbuild/netbeans/enterprise" />
    <property name="nb/o.n.upgrader.dir" value="/Users/atalati/vscode-extension/main-repo/javavscode/netbeans/nbbuild/netbeans/nb" />
    <property name="php/php.smarty.dir" value="/Users/atalati/vscode-extension/main-repo/javavscode/netbeans/nbbuild/netbeans/php" />
    <property name="progress.ui.dir" value="/Users/atalati/vscode-extension/main-repo/javavscode/netbeans/nbbuild/netbeans/platform" />
    <property name="nb.cluster.harness.dir" value="harness" />
    <property name="java/form.nb.dir" value="/Users/atalati/vscode-extension/main-repo/javavscode/netbeans/nbbuild/netbeans/java" />
    <property name="spring.beans.dir" value="/Users/atalati/vscode-extension/main-repo/javavscode/netbeans/nbbuild/netbeans/java" />
    <property name="maven.dir" value="/Users/atalati/vscode-extension/main-repo/javavscode/netbeans/nbbuild/netbeans/java" />
    <property name="javafx/javafx2.samples.dir" value="/Users/atalati/vscode-extension/main-repo/javavscode/netbeans/nbbuild/netbeans/javafx" />
    <property name="webcommon/javascript.karma.dir" value="/Users/atalati/vscode-extension/main-repo/javavscode/netbeans/nbbuild/netbeans/webcommon" />
    <property name="libs.javafx.win.dir" value="/Users/atalati/vscode-extension/main-repo/javavscode/netbeans/nbbuild/netbeans/extra" />
    <property name="nb.cluster.platform.depends" value="nb.cluster.bootstrap" />
    <property name="enterprise/weblogic.common.dir" value="/Users/atalati/vscode-extension/main-repo/javavscode/netbeans/nbbuild/netbeans/enterprise" />
    <property name="openide.modules.dir" value="/Users/atalati/vscode-extension/main-repo/javavscode/netbeans/nbbuild/netbeans/platform" />
    <property name="project.spi.intern.dir" value="/Users/atalati/vscode-extension/main-repo/javavscode/netbeans/nbbuild/netbeans/ide" />
    <property name="o.n.swing.laf.dark.dir" value="/Users/atalati/vscode-extension/main-repo/javavscode/netbeans/nbbuild/netbeans/platform" />
    <property name="webcommon/javascript.v8debug.dir" value="/Users/atalati/vscode-extension/main-repo/javavscode/netbeans/nbbuild/netbeans/webcommon" />
    <property name="jakartaee9.api.dir" value="/Users/atalati/vscode-extension/main-repo/javavscode/netbeans/nbbuild/netbeans/enterprise" />
    <property name="platform/core.io.ui.dir" value="/Users/atalati/vscode-extension/main-repo/javavscode/netbeans/nbbuild/netbeans/platform" />
    <property name="ide/db.sql.visualeditor.dir" value="/Users/atalati/vscode-extension/main-repo/javavscode/netbeans/nbbuild/netbeans/ide" />
    <property name="nb.cluster.dlight.dir" value="dlight" />
    <property name="jellytools.enterprise.dir" value="/Users/atalati/vscode-extension/main-repo/javavscode/netbeans/nbbuild/netbeans/enterprise" />
    <property name="libs.javafx.dir" value="/Users/atalati/vscode-extension/main-repo/javavscode/netbeans/nbbuild/netbeans/platform" />
    <property name="ide/db.sql.editor.dir" value="/Users/atalati/vscode-extension/main-repo/javavscode/netbeans/nbbuild/netbeans/ide" />
    <property name="ide/css.visual.dir" value="/Users/atalati/vscode-extension/main-repo/javavscode/netbeans/nbbuild/netbeans/ide" />
    <property name="php/php.api.framework.dir" value="/Users/atalati/vscode-extension/main-repo/javavscode/netbeans/nbbuild/netbeans/php" />
    <property name="java/maven.persistence.dir" value="/Users/atalati/vscode-extension/main-repo/javavscode/netbeans/nbbuild/netbeans/java" />
    <property name="project.libraries.ui.dir" value="/Users/atalati/vscode-extension/main-repo/javavscode/netbeans/nbbuild/netbeans/ide" />
    <property name="extra/libs.javafx.macosx.aarch64.dir" value="/Users/atalati/vscode-extension/main-repo/javavscode/netbeans/nbbuild/netbeans/extra" />
    <property name="java/beans.dir" value="/Users/atalati/vscode-extension/main-repo/javavscode/netbeans/nbbuild/netbeans/java" />
    <property name="refactoring.java.dir" value="/Users/atalati/vscode-extension/main-repo/javavscode/netbeans/nbbuild/netbeans/java" />
    <property name="ant.project.invoked-targets" value="-do-junit" />
    <property name="nbm.is.preferredupdate" value="" />
    <property name="nb/ide.branding.kit.dir" value="/Users/atalati/vscode-extension/main-repo/javavscode/netbeans/nbbuild/netbeans/nb" />
    <property name="core.windows.dir" value="/Users/atalati/vscode-extension/main-repo/javavscode/netbeans/nbbuild/netbeans/platform" />
    <property name="enterprise/spring.webmvc.dir" value="/Users/atalati/vscode-extension/main-repo/javavscode/netbeans/nbbuild/netbeans/enterprise" />
    <property name="ide/o.eclipse.equinox.app.dir" value="/Users/atalati/vscode-extension/main-repo/javavscode/netbeans/nbbuild/netbeans/ide" />
    <property name="html.validation.dir" value="/Users/atalati/vscode-extension/main-repo/javavscode/netbeans/nbbuild/netbeans/ide" />
    <property name="spi.java.hints.dir" value="/Users/atalati/vscode-extension/main-repo/javavscode/netbeans/nbbuild/netbeans/java" />
    <property name="TODAY" value="May 27 2024" />
    <property name="ide.kit.dir" value="/Users/atalati/vscode-extension/main-repo/javavscode/netbeans/nbbuild/netbeans/ide" />
    <property name="ide/o.eclipse.equinox.common.dir" value="/Users/atalati/vscode-extension/main-repo/javavscode/netbeans/nbbuild/netbeans/ide" />
    <property name="versioning.core.dir" value="/Users/atalati/vscode-extension/main-repo/javavscode/netbeans/nbbuild/netbeans/ide" />
    <property name="dtd.cp" value="/Users/atalati/vscode-extension/main-repo/javavscode/netbeans/platform/openide.filesystems/src" />
    <property name="maven.repository.dir" value="/Users/atalati/vscode-extension/main-repo/javavscode/netbeans/nbbuild/netbeans/java" />
    <property name="o.eclipse.equinox.app.dir" value="/Users/atalati/vscode-extension/main-repo/javavscode/netbeans/nbbuild/netbeans/ide" />
    <property name="ide/schema2beans.dir" value="/Users/atalati/vscode-extension/main-repo/javavscode/netbeans/nbbuild/netbeans/ide" />
    <property name="profiler/lib.profiler.charts.dir" value="/Users/atalati/vscode-extension/main-repo/javavscode/netbeans/nbbuild/netbeans/profiler" />
    <property name="test.qa-functional.runtime.cp" value="/Users/atalati/vscode-extension/main-repo/javavscode/netbeans/nbbuild/netbeans/platform/modules/org-netbeans-libs-junit4.jar:/Users/atalati/vscode-extension/main-repo/javavscode/netbeans/nbbuild/netbeans/harness/modules/org-netbeans-modules-nbjunit.jar:/Users/atalati/vscode-extension/main-repo/javavscode/netbeans/nbbuild/netbeans/harness/modules/org-netbeans-insane.jar:/Users/atalati/vscode-extension/main-repo/javavscode/netbeans/nbbuild/netbeans/java/modules/org-netbeans-modules-java-j2seproject.jar:/Users/atalati/vscode-extension/main-repo/javavscode/netbeans/nbbuild/build/testdist/qa-functional/java/org-netbeans-modules-java-j2seproject/tests.jar:/Users/atalati/vscode-extension/main-repo/javavscode/netbeans/nbbuild/build/testdist/unit/java/org-netbeans-modules-java-j2seproject/tests.jar:/Users/atalati/vscode-extension/main-repo/javavscode/netbeans/nbbuild/netbeans/extide/modules/org-netbeans-modules-options-java.jar:/Users/atalati/vscode-extension/main-repo/javavscode/netbeans/nbbuild/netbeans/ide/modules/org-netbeans-modules-editor-settings-storage.jar:/Users/atalati/vscode-extension/main-repo/javavscode/netbeans/nbbuild/netbeans/java/modules/org-netbeans-libs-javacapi.jar:/Users/atalati/vscode-extension/main-repo/javavscode/netbeans/nbbuild/netbeans/ide/modules/org-netbeans-modules-web-browser-api.jar:/Users/atalati/vscode-extension/main-repo/javavscode/netbeans/nbbuild/netbeans/ide/modules/org-apache-xml-resolver.jar:/Users/atalati/vscode-extension/main-repo/javavscode/netbeans/nbbuild/netbeans/platform/modules/org-netbeans-swing-plaf.jar:/Users/atalati/vscode-extension/main-repo/javavscode/netbeans/nbbuild/netbeans/ide/modules/org-netbeans-modules-editor-settings-lib.jar:/Users/atalati/vscode-extension/main-repo/javavscode/netbeans/nbbuild/netbeans/platform/modules/org-netbeans-modules-autoupdate-services.jar:/Users/atalati/vscode-extension/main-repo/javavscode/netbeans/nbbuild/netbeans/ide/modules/org-netbeans-modules-editor-document.jar:/Users/atalati/vscode-extension/main-repo/javavscode/netbeans/nbbuild/netbeans/ide/modules/org-netbeans-modules-extexecution.jar:/Users/atalati/vscode-extension/main-repo/javavscode/netbeans/nbbuild/netbeans/java/modules/org-netbeans-api-java.jar:/Users/atalati/vscode-extension/main-repo/javavscode/netbeans/nbbuild/netbeans/ide/modules/org-netbeans-modules-xml-catalog.jar:/Users/atalati/vscode-extension/main-repo/javavscode/netbeans/nbbuild/netbeans/java/modules/org-netbeans-modules-debugger-jpda-ant.jar:/Users/atalati/vscode-extension/main-repo/javavscode/netbeans/nbbuild/netbeans/ide/modules/org-netbeans-modules-project-ant-ui.jar:/Users/atalati/vscode-extension/main-repo/javavscode/netbeans/nbbuild/netbeans/platform/modules/org-netbeans-modules-options-api.jar:/Users/atalati/vscode-extension/main-repo/javavscode/netbeans/nbbuild/netbeans/platform/lib/org-openide-modules.jar:/Users/atalati/vscode-extension/main-repo/javavscode/netbeans/nbbuild/netbeans/java/modules/org-netbeans-modules-java-platform-ui.jar:/Users/atalati/vscode-extension/main-repo/javavscode/netbeans/nbbuild/netbeans/platform/modules/org-netbeans-api-search.jar:/Users/atalati/vscode-extension/main-repo/javavscode/netbeans/nbbuild/netbeans/platform/modules/org-openide-filesystems-nb.jar:/Users/atalati/vscode-extension/main-repo/javavscode/netbeans/nbbuild/netbeans/ide/modules/org-netbeans-modules-editor-guards.jar:/Users/atalati/vscode-extension/main-repo/javavscode/netbeans/nbbuild/netbeans/ide/modules/org-netbeans-spi-tasklist.jar:/Users/atalati/vscode-extension/main-repo/javavscode/netbeans/nbbuild/netbeans/platform/modules/org-netbeans-modules-keyring.jar:/Users/atalati/vscode-extension/main-repo/javavscode/netbeans/nbbuild/netbeans/java/modules/org-netbeans-lib-nbjavac.jar:/Users/atalati/vscode-extension/main-repo/javavscode/netbeans/nbbuild/netbeans/platform/modules/org-netbeans-api-templates.jar:/Users/atalati/vscode-extension/main-repo/javavscode/netbeans/nbbuild/netbeans/platform/lib/org-openide-util-lookup.jar:/Users/atalati/vscode-extension/main-repo/javavscode/netbeans/nbbuild/netbeans/ide/modules/org-netbeans-modules-web-common.jar:/Users/atalati/vscode-extension/main-repo/javavscode/netbeans/nbbuild/netbeans/ide/modules/org-netbeans-spi-navigator.jar:/Users/atalati/vscode-extension/main-repo/javavscode/netbeans/nbbuild/netbeans/platform/modules/org-netbeans-api-annotations-common.jar:/Users/atalati/vscode-extension/main-repo/javavscode/netbeans/nbbuild/netbeans/ide/modules/org-netbeans-modules-refactoring-api.jar:/Users/atalati/vscode-extension/main-repo/javavscode/netbeans/nbbuild/netbeans/ide/modules/org-netbeans-api-xml-ui.jar:/Users/atalati/vscode-extension/main-repo/javavscode/netbeans/nbbuild/netbeans/platform/lib/boot.jar:/Users/atalati/vscode-extension/main-repo/javavscode/netbeans/nbbuild/netbeans/platform/modules/org-openide-execution.jar:/Users/atalati/vscode-extension/main-repo/javavscode/netbeans/nbbuild/netbeans/java/modules/org-netbeans-modules-j2ee-metadata-model-support.jar:/Users/atalati/vscode-extension/main-repo/javavscode/netbeans/nbbuild/netbeans/java/modules/org-netbeans-modules-classfile.jar:/Users/atalati/vscode-extension/main-repo/javavscode/netbeans/nbbuild/netbeans/platform/lib/org-openide-util.jar:/Users/atalati/vscode-extension/main-repo/javavscode/netbeans/nbbuild/netbeans/platform/modules/org-netbeans-spi-quicksearch.jar:/Users/atalati/vscode-extension/main-repo/javavscode/netbeans/nbbuild/netbeans/platform/modules/org-openide-windows.jar:/Users/atalati/vscode-extension/main-repo/javavscode/netbeans/nbbuild/netbeans/ide/modules/org-netbeans-modules-editor-indent.jar:/Users/atalati/vscode-extension/main-repo/javavscode/netbeans/nbbuild/netbeans/java/modules/org-netbeans-modules-java-preprocessorbridge.jar:/Users/atalati/vscode-extension/main-repo/javavscode/netbeans/nbbuild/netbeans/platform/modules/org-netbeans-modules-sampler.jar:/Users/atalati/vscode-extension/main-repo/javavscode/netbeans/nbbuild/netbeans/java/modules/org-netbeans-api-debugger-jpda.jar:/Users/atalati/vscode-extension/main-repo/javavscode/netbeans/nbbuild/netbeans/java/modules/org-netbeans-modules-java-sourceui.jar:/Users/atalati/vscode-extension/main-repo/javavscode/netbeans/nbbuild/netbeans/platform/modules/org-openide-dialogs.jar:/Users/atalati/vscode-extension/main-repo/javavscode/netbeans/nbbuild/netbeans/ide/modules/org-netbeans-modules-projectuiapi.jar:/Users/atalati/vscode-extension/main-repo/javavscode/netbeans/nbbuild/netbeans/ide/modules/org-netbeans-modules-projectapi.jar:/Users/atalati/vscode-extension/main-repo/javavscode/netbeans/nbbuild/netbeans/ide/modules/org-netbeans-modules-editor-errorstripe.jar:/Users/atalati/vscode-extension/main-repo/javavscode/netbeans/nbbuild/netbeans/ide/modules/org-netbeans-modules-project-libraries-ui.jar:/Users/atalati/vscode-extension/main-repo/javavscode/netbeans/nbbuild/netbeans/platform/modules/org-openide-awt.jar:/Users/atalati/vscode-extension/main-repo/javavscode/netbeans/nbbuild/netbeans/java/modules/org-netbeans-modules-j2ee-metadata.jar:/Users/atalati/vscode-extension/main-repo/javavscode/netbeans/nbbuild/netbeans/ide/modules/org-netbeans-modules-extbrowser.jar:/Users/atalati/vscode-extension/main-repo/javavscode/netbeans/nbbuild/netbeans/platform/modules/org-openide-actions.jar:/Users/atalati/vscode-extension/main-repo/javavscode/netbeans/nbbuild/netbeans/java/modules/org-netbeans-modules-java-source.jar:/Users/atalati/vscode-extension/main-repo/javavscode/netbeans/nbbuild/netbeans/platform/modules/org-netbeans-api-io.jar:/Users/atalati/vscode-extension/main-repo/javavscode/netbeans/nbbuild/netbeans/ide/modules/org-netbeans-modules-editor-settings.jar:/Users/atalati/vscode-extension/main-repo/javavscode/netbeans/nbbuild/netbeans/ide/modules/org-netbeans-modules-editor.jar:/Users/atalati/vscode-extension/main-repo/javavscode/netbeans/nbbuild/netbeans/platform/modules/org-openide-loaders.jar:/Users/atalati/vscode-extension/main-repo/javavscode/netbeans/nbbuild/netbeans/platform/modules/org-netbeans-api-intent.jar:/Users/atalati/vscode-extension/main-repo/javavscode/netbeans/nbbuild/netbeans/platform/modules/org-openide-nodes.jar:/Users/atalati/vscode-extension/main-repo/javavscode/netbeans/nbbuild/netbeans/platform/modules/org-netbeans-swing-outline.jar:/Users/atalati/vscode-extension/main-repo/javavscode/netbeans/nbbuild/netbeans/platform/modules/org-netbeans-api-progress-nb.jar:/Users/atalati/vscode-extension/main-repo/javavscode/netbeans/nbbuild/netbeans/platform/modules/org-openide-io.jar:/Users/atalati/vscode-extension/main-repo/javavscode/netbeans/nbbuild/netbeans/ide/modules/org-netbeans-modules-options-editor.jar:/Users/atalati/vscode-extension/main-repo/javavscode/netbeans/nbbuild/netbeans/ide/modules/org-netbeans-modules-projectuiapi-base.jar:/Users/atalati/vscode-extension/main-repo/javavscode/netbeans/nbbuild/netbeans/platform/modules/org-netbeans-api-progress.jar:/Users/atalati/vscode-extension/main-repo/javavscode/netbeans/nbbuild/netbeans/ide/modules/org-netbeans-libs-antlr3-runtime.jar:/Users/atalati/vscode-extension/main-repo/javavscode/netbeans/nbbuild/netbeans/ide/modules/org-netbeans-api-xml.jar:/Users/atalati/vscode-extension/main-repo/javavscode/netbeans/nbbuild/netbeans/platform/lib/org-openide-util-ui.jar:/Users/atalati/vscode-extension/main-repo/javavscode/netbeans/nbbuild/netbeans/ide/modules/org-netbeans-modules-editor-fold.jar:/Users/atalati/vscode-extension/main-repo/javavscode/netbeans/nbbuild/netbeans/ide/modules/org-netbeans-modules-editor-fold-nbui.jar:/Users/atalati/vscode-extension/main-repo/javavscode/netbeans/nbbuild/netbeans/java/modules/org-netbeans-modules-j2ee-persistenceapi.jar:/Users/atalati/vscode-extension/main-repo/javavscode/netbeans/nbbuild/netbeans/platform/modules/org-openide-text.jar:/Users/atalati/vscode-extension/main-repo/javavscode/netbeans/nbbuild/netbeans/platform/core/org-netbeans-libs-asm.jar:/Users/atalati/vscode-extension/main-repo/javavscode/netbeans/nbbuild/netbeans/ide/modules/org-netbeans-modules-jumpto.jar:/Users/atalati/vscode-extension/main-repo/javavscode/netbeans/nbbuild/netbeans/extide/modules/org-apache-tools-ant-module.jar:/Users/atalati/vscode-extension/main-repo/javavscode/netbeans/nbbuild/netbeans/platform/modules/org-netbeans-modules-favorites.jar:/Users/atalati/vscode-extension/main-repo/javavscode/netbeans/nbbuild/netbeans/platform/modules/org-netbeans-modules-options-keymap.jar:/Users/atalati/vscode-extension/main-repo/javavscode/netbeans/nbbuild/netbeans/platform/core/core.jar:/Users/atalati/vscode-extension/main-repo/javavscode/netbeans/nbbuild/netbeans/ide/modules/org-netbeans-modules-project-indexingbridge.jar:/Users/atalati/vscode-extension/main-repo/javavscode/netbeans/nbbuild/netbeans/ide/modules/org-netbeans-modules-diff.jar:/Users/atalati/vscode-extension/main-repo/javavscode/netbeans/nbbuild/netbeans/ide/modules/org-netbeans-modules-project-spi-intern.jar:/Users/atalati/vscode-extension/main-repo/javavscode/netbeans/nbbuild/netbeans/platform/modules/org-netbeans-modules-queries.jar:/Users/atalati/vscode-extension/main-repo/javavscode/netbeans/nbbuild/netbeans/ide/modules/org-netbeans-api-java-classpath.jar:/Users/atalati/vscode-extension/main-repo/javavscode/netbeans/nbbuild/netbeans/ide/modules/org-netbeans-modules-lexer.jar:/Users/atalati/vscode-extension/main-repo/javavscode/netbeans/nbbuild/netbeans/java/modules/org-netbeans-modules-libs-corba-omgapi.jar:/Users/atalati/vscode-extension/main-repo/javavscode/netbeans/nbbuild/netbeans/ide/modules/org-netbeans-modules-project-ant.jar:/Users/atalati/vscode-extension/main-repo/javavscode/netbeans/nbbuild/netbeans/platform/modules/org-netbeans-core-execution.jar:/Users/atalati/vscode-extension/main-repo/javavscode/netbeans/nbbuild/netbeans/platform/modules/org-netbeans-modules-editor-mimelookup.jar:/Users/atalati/vscode-extension/main-repo/javavscode/netbeans/nbbuild/netbeans/java/modules/org-netbeans-modules-java-platform.jar:/Users/atalati/vscode-extension/main-repo/javavscode/netbeans/nbbuild/netbeans/ide/modules/org-netbeans-modules-editor-indent-project.jar:/Users/atalati/vscode-extension/main-repo/javavscode/netbeans/nbbuild/netbeans/java/modules/org-netbeans-modules-java-lexer.jar:/Users/atalati/vscode-extension/main-repo/javavscode/netbeans/nbbuild/netbeans/platform/modules/org-netbeans-core.jar:/Users/atalati/vscode-extension/main-repo/javavscode/netbeans/nbbuild/netbeans/platform/modules/org-netbeans-modules-sendopts.jar:/Users/atalati/vscode-extension/main-repo/javavscode/netbeans/nbbuild/netbeans/ide/modules/org-netbeans-modules-projectui.jar:/Users/atalati/vscode-extension/main-repo/javavscode/netbeans/nbbuild/netbeans/ide/modules/org-netbeans-modules-editor-util.jar:/Users/atalati/vscode-extension/main-repo/javavscode/netbeans/nbbuild/netbeans/platform/modules/org-netbeans-core-multiview.jar:/Users/atalati/vscode-extension/main-repo/javavscode/netbeans/nbbuild/netbeans/platform/modules/org-netbeans-modules-settings.jar:/Users/atalati/vscode-extension/main-repo/javavscode/netbeans/nbbuild/netbeans/ide/modules/org-netbeans-modules-parsing-indexing.jar:/Users/atalati/vscode-extension/main-repo/javavscode/netbeans/nbbuild/netbeans/ide/modules/org-netbeans-modules-editor-errorstripe-api.jar:/Users/atalati/vscode-extension/main-repo/javavscode/netbeans/nbbuild/netbeans/java/modules/org-netbeans-modules-java-project.jar:/Users/atalati/vscode-extension/main-repo/javavscode/netbeans/nbbuild/netbeans/platform/modules/org-netbeans-modules-masterfs.jar:/Users/atalati/vscode-extension/main-repo/javavscode/netbeans/nbbuild/netbeans/ide/modules/org-netbeans-libs-lucene.jar:/Users/atalati/vscode-extension/main-repo/javavscode/netbeans/nbbuild/netbeans/java/modules/org-netbeans-modules-java-api-common.jar:/Users/atalati/vscode-extension/main-repo/javavscode/netbeans/nbbuild/netbeans/platform/modules/org-openide-explorer.jar:/Users/atalati/vscode-extension/main-repo/javavscode/netbeans/nbbuild/netbeans/java/modules/org-netbeans-modules-whitelist.jar:/Users/atalati/vscode-extension/main-repo/javavscode/netbeans/nbbuild/netbeans/ide/modules/org-netbeans-modules-editor-lib.jar:/Users/atalati/vscode-extension/main-repo/javavscode/netbeans/nbbuild/netbeans/ide/modules/org-netbeans-modules-project-libraries.jar:/Users/atalati/vscode-extension/main-repo/javavscode/netbeans/nbbuild/netbeans/java/modules/org-netbeans-modules-java-project-ui.jar:/Users/atalati/vscode-extension/main-repo/javavscode/netbeans/nbbuild/netbeans/platform/core/org-openide-filesystems.jar:/Users/atalati/vscode-extension/main-repo/javavscode/netbeans/nbbuild/netbeans/ide/modules/org-netbeans-modules-editor-indent-support.jar:/Users/atalati/vscode-extension/main-repo/javavscode/netbeans/nbbuild/netbeans/platform/modules/org-netbeans-api-scripting.jar:/Users/atalati/vscode-extension/main-repo/javavscode/netbeans/nbbuild/netbeans/ide/modules/org-netbeans-modules-extexecution-base.jar:/Users/atalati/vscode-extension/main-repo/javavscode/netbeans/nbbuild/netbeans/platform/modules/org-netbeans-swing-tabcontrol.jar:/Users/atalati/vscode-extension/main-repo/javavscode/netbeans/nbbuild/netbeans/java/modules/org-netbeans-modules-ant-browsetask.jar:/Users/atalati/vscode-extension/main-repo/javavscode/netbeans/nbbuild/netbeans/ide/modules/org-netbeans-modules-parsing-lucene.jar:/Users/atalati/vscode-extension/main-repo/javavscode/netbeans/nbbuild/netbeans/java/modules/org-netbeans-modules-java-source-base.jar:/Users/atalati/vscode-extension/main-repo/javavscode/netbeans/nbbuild/netbeans/ide/modules/org-netbeans-api-lsp.jar:/Users/atalati/vscode-extension/main-repo/javavscode/netbeans/nbbuild/netbeans/platform/modules/org-netbeans-core-ui.jar:/Users/atalati/vscode-extension/main-repo/javavscode/netbeans/nbbuild/netbeans/ide/modules/org-netbeans-modules-editor-lib2.jar:/Users/atalati/vscode-extension/main-repo/javavscode/netbeans/nbbuild/netbeans/platform/core/core-base.jar:/Users/atalati/vscode-extension/main-repo/javavscode/netbeans/nbbuild/netbeans/ide/modules/org-netbeans-libs-json_simple.jar:/Users/atalati/vscode-extension/main-repo/javavscode/netbeans/nbbuild/netbeans/ide/modules/org-netbeans-modules-parsing-api.jar:/Users/atalati/vscode-extension/main-repo/javavscode/netbeans/nbbuild/netbeans/ide/modules/org-netbeans-api-debugger.jar:/Users/atalati/vscode-extension/main-repo/javavscode/netbeans/nbbuild/netbeans/harness/modules/org-netbeans-modules-jemmy.jar" />
    <property name="ide/o.apache.ws.commons.util.dir" value="/Users/atalati/vscode-extension/main-repo/javavscode/netbeans/nbbuild/netbeans/ide" />
    <property name="java/java.platform.dir" value="/Users/atalati/vscode-extension/main-repo/javavscode/netbeans/nbbuild/netbeans/java" />
    <property name="platform/keyring.dir" value="/Users/atalati/vscode-extension/main-repo/javavscode/netbeans/nbbuild/netbeans/platform" />
    <property name="core.netigso.dir" value="/Users/atalati/vscode-extension/main-repo/javavscode/netbeans/nbbuild/netbeans/platform" />
    <property name="nbm.target.cluster" value="java" />
    <property name="test.unit.data.dir" value="/Users/atalati/vscode-extension/main-repo/javavscode/netbeans/java/java.lsp.server/test/unit/data" />
    <property name="java.specification.version" value="17" />
    <property name="java.hints.ui.dir" value="/Users/atalati/vscode-extension/main-repo/javavscode/netbeans/nbbuild/netbeans/java" />
    <property name="ide/textmate.lexer.dir" value="/Users/atalati/vscode-extension/main-repo/javavscode/netbeans/nbbuild/netbeans/ide" />
    <property name="html.editor.dir" value="/Users/atalati/vscode-extension/main-repo/javavscode/netbeans/nbbuild/netbeans/ide" />
    <property name="java.file.launcher.dir" value="/Users/atalati/vscode-extension/main-repo/javavscode/netbeans/nbbuild/netbeans/java" />
    <property name="nb.cluster.profiler.depends" value="nb.cluster.ide,nb.cluster.java,nb.cluster.extide,nb.cluster.platform" />
    <property name="ide/editor.actions.dir" value="/Users/atalati/vscode-extension/main-repo/javavscode/netbeans/nbbuild/netbeans/ide" />
    <property name="java.vendor.url" value="https://java.oracle.com/" />
    <property name="ide/editor.document.dir" value="/Users/atalati/vscode-extension/main-repo/javavscode/netbeans/nbbuild/netbeans/ide" />
    <property name="gradle.dists.dir" value="/Users/atalati/vscode-extension/main-repo/javavscode/netbeans/nbbuild/netbeans/extide" />
    <property name="javafx2.kit.dir" value="/Users/atalati/vscode-extension/main-repo/javavscode/netbeans/nbbuild/netbeans/javafx" />
    <property name="module.dependencies" value="com.google.gson &gt; 2.7, net.java.html, net.java.html.boot &gt; 1.7.3, net.java.html.json, org.apache.commons.commons_io &gt; 2.13.0, org.apache.commons.lang3 &gt; 1.10, org.netbeans.api.annotations.common/1 &gt; 1.36, org.netbeans.api.debugger/1 &gt; 1.64, org.netbeans.api.debugger.jpda/2 &gt; 3.27, org.netbeans.api.htmlui &gt; 1.25, org.netbeans.api.io &gt; 1.13, org.netbeans.api.java/1 &gt; 1.72, org.netbeans.api.java.classpath/1 &gt; 1.57, org.netbeans.api.lsp/1 &gt; 1.24, org.netbeans.api.progress/1 &gt; 1.59, org.netbeans.api.templates &gt; 1.24, org.netbeans.html.presenters.spi &gt; 1.7.3, org.netbeans.libs.flexmark &gt; 1.0, org.netbeans.libs.javacapi &gt; 8.30, org.netbeans.modules.csl.api/2 &gt; 2.74, org.netbeans.modules.csl.types/1 &gt; 1.17, org.netbeans.modules.db/1 &gt; 1.83, org.netbeans.modules.debugger.jpda.truffle/1 &gt; 1.6, org.netbeans.modules.editor/3 &gt; 1.97, org.netbeans.modules.editor.codetemplates/1 &gt; 1.56, org.netbeans.modules.editor.document &gt; 1.12, org.netbeans.modules.editor.indent/2 &gt; 1.57, org.netbeans.modules.editor.lib/3 &gt; 4.10, org.netbeans.modules.editor.lib2/1 &gt; 2.31, org.netbeans.modules.editor.mimelookup/1 &gt; 1.43, org.netbeans.modules.editor.util/1 &gt; 1.77, org.netbeans.modules.extexecution/2 &gt; 1.59, org.netbeans.modules.extexecution.base/2 &gt; 1.20, org.netbeans.modules.gototest/1 &gt; 1.57, org.netbeans.modules.gsf.testrunner/2 &gt; 2.22, org.netbeans.modules.gsf.testrunner.ui &gt; 1.27, org.netbeans.modules.java.completion = 2, org.netbeans.modules.java.editor/1 = 12, org.netbeans.modules.java.editor.base = 1, org.netbeans.modules.java.file.launcher &gt; 1.0, org.netbeans.modules.java.hints/1 = 17, org.netbeans.modules.java.hints.legacy.spi/1 &gt; 1.36, org.netbeans.modules.java.lexer/1 &gt; 1.46, org.netbeans.modules.java.nativeimage.debugger/0 &gt; 0.3, org.netbeans.modules.java.project/1 &gt; 1.83, org.netbeans.modules.java.source = 32, org.netbeans.modules.java.source.base = 6, org.netbeans.modules.java.sourceui/1 = 2, org.netbeans.modules.java.testrunner.ui &gt; 1.15, org.netbeans.modules.javascript2.debug/1 &gt; 1.28, org.netbeans.modules.jumpto/1 &gt; 1.64, org.netbeans.modules.lexer/2 &gt; 1.66, org.netbeans.modules.nativeimage.api/0 &gt; 0.8, org.netbeans.modules.parsing.api/1 = 8, org.netbeans.modules.parsing.indexing = 1, org.netbeans.modules.parsing.lucene/2 &gt; 2.47, org.netbeans.modules.projectapi/1 &gt; 1.85, org.netbeans.modules.projectuiapi/1 = 8, org.netbeans.modules.projectuiapi.base/1 &gt; 1.101, org.netbeans.modules.queries/1 &gt; 1.52, org.netbeans.modules.refactoring.api = 1, org.netbeans.modules.refactoring.java/1 = 1, org.netbeans.modules.sendopts/2 &gt; 2.41, org.netbeans.spi.debugger.ui/1 &gt; 2.72, org.netbeans.spi.editor.hints/0 &gt; 1.45, org.netbeans.spi.java.hints = 13, org.netbeans.spi.viewmodel/2 &gt; 1.60, org.openide.awt &gt; 7.78, org.openide.dialogs &gt; 7.61, org.openide.explorer &gt; 6.50, org.openide.filesystems &gt; 9.13, org.openide.io &gt; 1.54, org.openide.loaders &gt; 7.81, org.openide.modules &gt; 7.51, org.openide.nodes &gt; 7.48, org.openide.text &gt; 6.70, org.openide.util &gt; 9.20, org.openide.util.lookup &gt; 8.36, org.openide.util.ui &gt; 9.24, com.google.guava &gt; 27.16" />
    <property name="sun.boot.library.path" value="/Library/Java/JavaVirtualMachines/jdk-17.0.8.jdk/Contents/Home/lib" />
    <property name="_build.dir" value="/Users/atalati/vscode-extension/main-repo/javavscode/netbeans/java/java.lsp.server" />
    <property name="extbrowser.dir" value="/Users/atalati/vscode-extension/main-repo/javavscode/netbeans/nbbuild/netbeans/ide" />
    <property name="parsing.indexing.dir" value="/Users/atalati/vscode-extension/main-repo/javavscode/netbeans/nbbuild/netbeans/ide" />
    <property name="profiler/lib.profiler.ui.dir" value="/Users/atalati/vscode-extension/main-repo/javavscode/netbeans/nbbuild/netbeans/profiler" />
    <property name="platform/o.n.swing.laf.dark.dir" value="/Users/atalati/vscode-extension/main-repo/javavscode/netbeans/nbbuild/netbeans/platform" />
    <property name="core.multitabs.project.dir" value="/Users/atalati/vscode-extension/main-repo/javavscode/netbeans/nbbuild/netbeans/ide" />
    <property name="test-unit-sys-prop.branding.token" value="nb" />
    <property name="java/libs.cglib.dir" value="/Users/atalati/vscode-extension/main-repo/javavscode/netbeans/nbbuild/netbeans/java" />
    <property name="test.excludes" value="" />
    <property name="enterprise/web.kit.dir" value="/Users/atalati/vscode-extension/main-repo/javavscode/netbeans/nbbuild/netbeans/enterprise" />
    <property name="webcommon/javascript2.json.dir" value="/Users/atalati/vscode-extension/main-repo/javavscode/netbeans/nbbuild/netbeans/webcommon" />
    <property name="ant.file.type.no-testcoverage" value="file" />
    <property name="spi.tasklist.dir" value="/Users/atalati/vscode-extension/main-repo/javavscode/netbeans/nbbuild/netbeans/ide" />
    <property name="lib.profiler.ui.dir" value="/Users/atalati/vscode-extension/main-repo/javavscode/netbeans/nbbuild/netbeans/profiler" />
    <property name="net.java.html.boot.script.dir" value="/Users/atalati/vscode-extension/main-repo/javavscode/netbeans/nbbuild/netbeans/platform" />
    <property name="java.specification.name" value="Java Platform API Specification" />
    <property name="release.external/org.eclipse.xtend.lib-2.24.0.jar" value="modules/ext/org.eclipse.xtend.lib-2.24.0.jar" />
    <property name="jakartaee9.platform.dir" value="/Users/atalati/vscode-extension/main-repo/javavscode/netbeans/nbbuild/netbeans/enterprise" />
    <property name="docker.api.dir" value="/Users/atalati/vscode-extension/main-repo/javavscode/netbeans/nbbuild/netbeans/ide" />
    <property name="groovy.debug.dir" value="/Users/atalati/vscode-extension/main-repo/javavscode/netbeans/nbbuild/netbeans/groovy" />
    <property name="debugger.jpda.dir" value="/Users/atalati/vscode-extension/main-repo/javavscode/netbeans/nbbuild/netbeans/java" />
    <property name="ide/projectuiapi.dir" value="/Users/atalati/vscode-extension/main-repo/javavscode/netbeans/nbbuild/netbeans/ide" />
    <property name="hudson.HOME" value="/Users/atalati" />
    <property name="libs.elimpl.dir" value="/Users/atalati/vscode-extension/main-repo/javavscode/netbeans/nbbuild/netbeans/enterprise" />
    <property name="editor.global.format.dir" value="/Users/atalati/vscode-extension/main-repo/javavscode/netbeans/nbbuild/netbeans/ide" />
    <property name="build.test.unit.results.dir" value="/Users/atalati/vscode-extension/main-repo/javavscode/netbeans/java/java.lsp.server/build/test/unit/results" />
    <property name="o.eclipse.mylyn.wikitext.textile.core.dir" value="/Users/atalati/vscode-extension/main-repo/javavscode/netbeans/nbbuild/netbeans/ide" />
    <property name="ant.file.type.projectized-common" value="file" />
    <property name="profiler/profiler.api.dir" value="/Users/atalati/vscode-extension/main-repo/javavscode/netbeans/nbbuild/netbeans/profiler" />
    <property name="websvc.core.dir" value="/Users/atalati/vscode-extension/main-repo/javavscode/netbeans/nbbuild/netbeans/enterprise" />
    <property name="ide/api.xml.dir" value="/Users/atalati/vscode-extension/main-repo/javavscode/netbeans/nbbuild/netbeans/ide" />
    <property name="profiler.j2ee.dir" value="/Users/atalati/vscode-extension/main-repo/javavscode/netbeans/nbbuild/netbeans/enterprise" />
    <property name="form.dir" value="/Users/atalati/vscode-extension/main-repo/javavscode/netbeans/nbbuild/netbeans/java" />
    <property name="libs.commons_compress.dir" value="/Users/atalati/vscode-extension/main-repo/javavscode/netbeans/nbbuild/netbeans/ide" />
    <property name="xml.multiview.dir" value="/Users/atalati/vscode-extension/main-repo/javavscode/netbeans/nbbuild/netbeans/ide" />
    <property name="project.ant.compat8.dir" value="/Users/atalati/vscode-extension/main-repo/javavscode/netbeans/nbbuild/netbeans/ide" />
    <property name="ide/o.eclipse.mylyn.tasks.core.dir" value="/Users/atalati/vscode-extension/main-repo/javavscode/netbeans/nbbuild/netbeans/ide" />
    <property name="enterprise/websvc.jaxwsmodel.dir" value="/Users/atalati/vscode-extension/main-repo/javavscode/netbeans/nbbuild/netbeans/enterprise" />
    <property name="ant.file.type.main" value="file" />
    <property name="java/gradle.kit.dir" value="/Users/atalati/vscode-extension/main-repo/javavscode/netbeans/nbbuild/netbeans/java" />
    <property name="ide/xml.schema.model.dir" value="/Users/atalati/vscode-extension/main-repo/javavscode/netbeans/nbbuild/netbeans/ide" />
    <property name="java.version" value="17.0.8" />
    <property name="j2ee.jpa.refactoring.dir" value="/Users/atalati/vscode-extension/main-repo/javavscode/netbeans/nbbuild/netbeans/java" />
    <property name="webcommon/selenium2.webclient.mocha.dir" value="/Users/atalati/vscode-extension/main-repo/javavscode/netbeans/nbbuild/netbeans/webcommon" />
    <property name="javafx/maven.htmlui.dir" value="/Users/atalati/vscode-extension/main-repo/javavscode/netbeans/nbbuild/netbeans/javafx" />
    <property name="ide/libs.truffleapi.dir" value="/Users/atalati/vscode-extension/main-repo/javavscode/netbeans/nbbuild/netbeans/ide" />
    <property name="libs.osgi.dir" value="/Users/atalati/vscode-extension/main-repo/javavscode/netbeans/nbbuild/netbeans/platform" />
    <property name="tomcat5.dir" value="/Users/atalati/vscode-extension/main-repo/javavscode/netbeans/nbbuild/netbeans/enterprise" />
    <property name="jms-base.flags" value=" -J--add-opens=java.base/java.net=ALL-UNNAMED -J--add-opens=java.base/java.lang.ref=ALL-UNNAMED -J--add-opens=java.base/java.lang=ALL-UNNAMED -J--add-opens=java.base/java.security=ALL-UNNAMED -J--add-opens=java.base/java.util=ALL-UNNAMED -J--add-opens=java.base/java.nio=ALL-UNNAMED -J--add-exports=java.base/sun.reflect.annotation=ALL-UNNAMED -J--add-opens=java.prefs/java.util.prefs=ALL-UNNAMED" />
    <property name="projectapi.nb.dir" value="/Users/atalati/vscode-extension/main-repo/javavscode/netbeans/nbbuild/netbeans/ide" />
    <property name="terminal.dir" value="/Users/atalati/vscode-extension/main-repo/javavscode/netbeans/nbbuild/netbeans/ide" />
    <property name="openide.filesystems.nb.dir" value="/Users/atalati/vscode-extension/main-repo/javavscode/netbeans/nbbuild/netbeans/platform" />
    <property name="ide/xml.catalog.dir" value="/Users/atalati/vscode-extension/main-repo/javavscode/netbeans/nbbuild/netbeans/ide" />
    <property name="editor.search.dir" value="/Users/atalati/vscode-extension/main-repo/javavscode/netbeans/nbbuild/netbeans/ide" />
    <property name="ide/o.apache.xml.resolver.dir" value="/Users/atalati/vscode-extension/main-repo/javavscode/netbeans/nbbuild/netbeans/ide" />
    <property name="java/java.project.ui.dir" value="/Users/atalati/vscode-extension/main-repo/javavscode/netbeans/nbbuild/netbeans/java" />
    <property name="nbm_alias" value="nb_ide" />
    <property name="j2ee.common.dir" value="/Users/atalati/vscode-extension/main-repo/javavscode/netbeans/nbbuild/netbeans/enterprise" />
    <property name="hudson.COLORTERM" value="truecolor" />
    <property name="classfile.dir" value="/Users/atalati/vscode-extension/main-repo/javavscode/netbeans/nbbuild/netbeans/java" />
    <property name="net.java.html.boot.fx.dir" value="/Users/atalati/vscode-extension/main-repo/javavscode/netbeans/nbbuild/netbeans/platform" />
    <property name="editor.codetemplates.dir" value="/Users/atalati/vscode-extension/main-repo/javavscode/netbeans/nbbuild/netbeans/ide" />
    <property name="ide/ide.kit.dir" value="/Users/atalati/vscode-extension/main-repo/javavscode/netbeans/nbbuild/netbeans/ide" />
    <property name="netbeans.dest.dir.excludes" value="/Users/atalati/vscode-extension/main-repo/javavscode/netbeans/nbbuild/netbeans/extra" />
    <property name="harness/jemmy.dir" value="/Users/atalati/vscode-extension/main-repo/javavscode/netbeans/nbbuild/netbeans/harness" />
    <property name="java/libs.nbjavacapi.dir" value="/Users/atalati/vscode-extension/main-repo/javavscode/netbeans/nbbuild/netbeans/java" />
    <property name="java/j2ee.eclipselink.dir" value="/Users/atalati/vscode-extension/main-repo/javavscode/netbeans/nbbuild/netbeans/java" />
    <property name="enterprise/web.jsfapi.dir" value="/Users/atalati/vscode-extension/main-repo/javavscode/netbeans/nbbuild/netbeans/enterprise" />
    <property name="websvc.saas.api.dir" value="/Users/atalati/vscode-extension/main-repo/javavscode/netbeans/nbbuild/netbeans/websvccommon" />
    <property name="user.timezone" value="Asia/Kolkata" />
    <property name="enterprise/web.beans.dir" value="/Users/atalati/vscode-extension/main-repo/javavscode/netbeans/nbbuild/netbeans/enterprise" />
    <property name="clusters.config.rust.list" value="nb.cluster.harness,nb.cluster.bootstrap,nb.cluster.platform,nb.cluster.ide,nb.cluster.rust,nb.cluster.nb" />
    <property name="core.multiview.dir" value="/Users/atalati/vscode-extension/main-repo/javavscode/netbeans/nbbuild/netbeans/platform" />
    <property name="java/gradle.persistence.dir" value="/Users/atalati/vscode-extension/main-repo/javavscode/netbeans/nbbuild/netbeans/java" />
    <property name="php.atoum.dir" value="/Users/atalati/vscode-extension/main-repo/javavscode/netbeans/nbbuild/netbeans/php" />
    <property name="ide/gsf.testrunner.dir" value="/Users/atalati/vscode-extension/main-repo/javavscode/netbeans/nbbuild/netbeans/ide" />
    <property name="nb.cluster.groovy" value="gradle.groovy,groovy.antproject,groovy.debug,groovy.editor,groovy.gsp,groovy.kit,groovy.refactoring,groovy.samples,groovy.support,libs.groovy,maven.groovy" />
    <property name="ide/project.ant.ui.dir" value="/Users/atalati/vscode-extension/main-repo/javavscode/netbeans/nbbuild/netbeans/ide" />
    <property name="ide/languages.diff.dir" value="/Users/atalati/vscode-extension/main-repo/javavscode/netbeans/nbbuild/netbeans/ide" />
    <property name="ide/c.google.guava.failureaccess.dir" value="/Users/atalati/vscode-extension/main-repo/javavscode/netbeans/nbbuild/netbeans/ide" />
    <property name="javaee.project.dir" value="/Users/atalati/vscode-extension/main-repo/javavscode/netbeans/nbbuild/netbeans/enterprise" />
    <property name="ide/mylyn.util.dir" value="/Users/atalati/vscode-extension/main-repo/javavscode/netbeans/nbbuild/netbeans/ide" />
    <property name="hudson.TERMINFO_DIRS" value="/Applications/iTerm.app/Contents/Resources/terminfo:/usr/share/terminfo" />
    <property name="enterprise/javaee8.api.dir" value="/Users/atalati/vscode-extension/main-repo/javavscode/netbeans/nbbuild/netbeans/enterprise" />
    <property name="hudson.TERM" value="xterm-256color" />
    <property name="spellchecker.bindings.htmlxml.dir" value="/Users/atalati/vscode-extension/main-repo/javavscode/netbeans/nbbuild/netbeans/ide" />
    <property name="c.google.guava.failureaccess.dir" value="/Users/atalati/vscode-extension/main-repo/javavscode/netbeans/nbbuild/netbeans/ide" />
    <property name="websocket.dir" value="/Users/atalati/vscode-extension/main-repo/javavscode/netbeans/nbbuild/netbeans/enterprise" />
    <property name="ide/languages.hcl.dir" value="/Users/atalati/vscode-extension/main-repo/javavscode/netbeans/nbbuild/netbeans/ide" />
    <property name="ide/project.libraries.dir" value="/Users/atalati/vscode-extension/main-repo/javavscode/netbeans/nbbuild/netbeans/ide" />
    <property name="platform/libs.jna.platform.dir" value="/Users/atalati/vscode-extension/main-repo/javavscode/netbeans/nbbuild/netbeans/platform" />
    <property name="ide/extexecution.impl.dir" value="/Users/atalati/vscode-extension/main-repo/javavscode/netbeans/nbbuild/netbeans/ide" />
    <property name="platform/htmlui.dir" value="/Users/atalati/vscode-extension/main-repo/javavscode/netbeans/nbbuild/netbeans/platform" />
    <property name="editor.completion.dir" value="/Users/atalati/vscode-extension/main-repo/javavscode/netbeans/nbbuild/netbeans/ide" />
    <property name="nb/bugzilla.exceptionreporter.dir" value="/Users/atalati/vscode-extension/main-repo/javavscode/netbeans/nbbuild/netbeans/nb" />
    <property name="ide/o.eclipse.mylyn.commons.core.dir" value="/Users/atalati/vscode-extension/main-repo/javavscode/netbeans/nbbuild/netbeans/ide" />
    <property name="editor.errorstripe.dir" value="/Users/atalati/vscode-extension/main-repo/javavscode/netbeans/nbbuild/netbeans/ide" />
    <property name="clusters.config.basic.list" value="nb.cluster.harness,nb.cluster.bootstrap,nb.cluster.platform,nb.cluster.ide,nb.cluster.extide,nb.cluster.websvccommon,nb.cluster.java,nb.cluster.javafx,nb.cluster.profiler,nb.cluster.3rdparty,nb.cluster.nb,nb.cluster.apisupport,nb.cluster.ergonomics" />
    <property name="platform/api.io.dir" value="/Users/atalati/vscode-extension/main-repo/javavscode/netbeans/nbbuild/netbeans/platform" />
    <property name="ant.browsetask.dir" value="/Users/atalati/vscode-extension/main-repo/javavscode/netbeans/nbbuild/netbeans/java" />
    <property name="profiler/profiler.kit.dir" value="/Users/atalati/vscode-extension/main-repo/javavscode/netbeans/nbbuild/netbeans/profiler" />
    <property name="javascript2.jade.dir" value="/Users/atalati/vscode-extension/main-repo/javavscode/netbeans/nbbuild/netbeans/webcommon" />
    <property name="enterprise/jellytools.enterprise.dir" value="/Users/atalati/vscode-extension/main-repo/javavscode/netbeans/nbbuild/netbeans/enterprise" />
    <property name="css.lib.dir" value="/Users/atalati/vscode-extension/main-repo/javavscode/netbeans/nbbuild/netbeans/ide" />
    <property name="enterprise/websvc.restapi.dir" value="/Users/atalati/vscode-extension/main-repo/javavscode/netbeans/nbbuild/netbeans/enterprise" />
    <property name="profiler.dir" value="/Users/atalati/vscode-extension/main-repo/javavscode/netbeans/nbbuild/netbeans/profiler" />
    <property name="buildday" value="27 May 2024" />
    <property name="enterprise/api.web.webmodule.dir" value="/Users/atalati/vscode-extension/main-repo/javavscode/netbeans/nbbuild/netbeans/enterprise" />
    <property name="ide/docker.editor.dir" value="/Users/atalati/vscode-extension/main-repo/javavscode/netbeans/nbbuild/netbeans/ide" />
    <property name="maven.spring.dir" value="/Users/atalati/vscode-extension/main-repo/javavscode/netbeans/nbbuild/netbeans/java" />
    <property name="ide/dlight.terminal.dir" value="/Users/atalati/vscode-extension/main-repo/javavscode/netbeans/nbbuild/netbeans/ide" />
    <property name="groovy.refactoring.dir" value="/Users/atalati/vscode-extension/main-repo/javavscode/netbeans/nbbuild/netbeans/groovy" />
    <property name="apisupport/timers.dir" value="/Users/atalati/vscode-extension/main-repo/javavscode/netbeans/nbbuild/netbeans/apisupport" />
    <property name="ide/editor.settings.dir" value="/Users/atalati/vscode-extension/main-repo/javavscode/netbeans/nbbuild/netbeans/ide" />
    <property name="lsp.build.dir" value="vscode/nbcode" />
    <property name="web.beans.dir" value="/Users/atalati/vscode-extension/main-repo/javavscode/netbeans/nbbuild/netbeans/enterprise" />
    <property name="libs.glassfish_logging.dir" value="/Users/atalati/vscode-extension/main-repo/javavscode/netbeans/nbbuild/netbeans/enterprise" />
    <property name="javac.default.target" value="1.8" />
    <property name="clusters.config.dlight.list" value="nb.cluster.platform,nb.cluster.harness,nb.cluster.ide,nb.cluster.dlight,nb.cluster.nb" />
    <property name="libs.graalsdk.system.dir" value="/Users/atalati/vscode-extension/main-repo/javavscode/netbeans/nbbuild/netbeans/ide" />
    <property name="i18n.form.dir" value="/Users/atalati/vscode-extension/main-repo/javavscode/netbeans/nbbuild/netbeans/java" />
    <property name="webcommon/cordova.platforms.android.dir" value="/Users/atalati/vscode-extension/main-repo/javavscode/netbeans/nbbuild/netbeans/webcommon" />
    <property name="enterprise/websocket.dir" value="/Users/atalati/vscode-extension/main-repo/javavscode/netbeans/nbbuild/netbeans/enterprise" />
    <property name="java/libs.corba.omgapi.dir" value="/Users/atalati/vscode-extension/main-repo/javavscode/netbeans/nbbuild/netbeans/java" />
    <property name="php.doctrine2.dir" value="/Users/atalati/vscode-extension/main-repo/javavscode/netbeans/nbbuild/netbeans/php" />
    <property name="webcommon/javascript2.lexer.dir" value="/Users/atalati/vscode-extension/main-repo/javavscode/netbeans/nbbuild/netbeans/webcommon" />
    <property name="j2ee.persistence.kit.dir" value="/Users/atalati/vscode-extension/main-repo/javavscode/netbeans/nbbuild/netbeans/java" />
    <property name="diff.dir" value="/Users/atalati/vscode-extension/main-repo/javavscode/netbeans/nbbuild/netbeans/ide" />
    <property name="enterprise/web.jsf.icefaces.dir" value="/Users/atalati/vscode-extension/main-repo/javavscode/netbeans/nbbuild/netbeans/enterprise" />
    <property name="lib.profiler.dir" value="/Users/atalati/vscode-extension/main-repo/javavscode/netbeans/nbbuild/netbeans/profiler" />
    <property name="xml.tools.dir" value="/Users/atalati/vscode-extension/main-repo/javavscode/netbeans/nbbuild/netbeans/ide" />
    <property name="html.lexer.dir" value="/Users/atalati/vscode-extension/main-repo/javavscode/netbeans/nbbuild/netbeans/ide" />
    <property name="go.lang.dir" value="/Users/atalati/vscode-extension/main-repo/javavscode/netbeans/nbbuild/netbeans/ide" />
    <property name="xml.schema.model.dir" value="/Users/atalati/vscode-extension/main-repo/javavscode/netbeans/nbbuild/netbeans/ide" />
    <property name="java/maven.refactoring.dir" value="/Users/atalati/vscode-extension/main-repo/javavscode/netbeans/nbbuild/netbeans/java" />
    <property name="ide/csl.api.dir" value="/Users/atalati/vscode-extension/main-repo/javavscode/netbeans/nbbuild/netbeans/ide" />
    <property name="enterprise/j2ee.ejbjarproject.dir" value="/Users/atalati/vscode-extension/main-repo/javavscode/netbeans/nbbuild/netbeans/enterprise" />
    <property name="ide/project.spi.intern.impl.dir" value="/Users/atalati/vscode-extension/main-repo/javavscode/netbeans/nbbuild/netbeans/ide" />
    <property name="refactoring.api.dir" value="/Users/atalati/vscode-extension/main-repo/javavscode/netbeans/nbbuild/netbeans/ide" />
    <property name="php.symfony2.dir" value="/Users/atalati/vscode-extension/main-repo/javavscode/netbeans/nbbuild/netbeans/php" />
    <property name="javahelp.base" value="org/netbeans/modules/java/lsp/server/docs" />
    <property name="java/maven.hints.dir" value="/Users/atalati/vscode-extension/main-repo/javavscode/netbeans/nbbuild/netbeans/java" />
    <property name="libs.flatlaf.dir" value="/Users/atalati/vscode-extension/main-repo/javavscode/netbeans/nbbuild/netbeans/platform" />
    <property name="php.api.testing.dir" value="/Users/atalati/vscode-extension/main-repo/javavscode/netbeans/nbbuild/netbeans/php" />
    <property name="enterprise/javaee.api.dir" value="/Users/atalati/vscode-extension/main-repo/javavscode/netbeans/nbbuild/netbeans/enterprise" />
    <property name="java/debugger.jpda.dir" value="/Users/atalati/vscode-extension/main-repo/javavscode/netbeans/nbbuild/netbeans/java" />
    <property name="php/php.phpunit.dir" value="/Users/atalati/vscode-extension/main-repo/javavscode/netbeans/nbbuild/netbeans/php" />
    <property name="print.dir" value="/Users/atalati/vscode-extension/main-repo/javavscode/netbeans/nbbuild/netbeans/platform" />
    <property name="editor.bracesmatching.dir" value="/Users/atalati/vscode-extension/main-repo/javavscode/netbeans/nbbuild/netbeans/ide" />
    <property name="hudson.CONDA_PROMPT_MODIFIER" value="(base) " />
    <property name="jumpto.dir" value="/Users/atalati/vscode-extension/main-repo/javavscode/netbeans/nbbuild/netbeans/ide" />
    <property name="ide/libs.git.dir" value="/Users/atalati/vscode-extension/main-repo/javavscode/netbeans/nbbuild/netbeans/ide" />
    <property name="php.api.executable.dir" value="/Users/atalati/vscode-extension/main-repo/javavscode/netbeans/nbbuild/netbeans/php" />
    <property name="web.jsf.navigation.dir" value="/Users/atalati/vscode-extension/main-repo/javavscode/netbeans/nbbuild/netbeans/enterprise" />
    <property name="manifest.mf" value="/Users/atalati/vscode-extension/main-repo/javavscode/netbeans/java/java.lsp.server/manifest.mf" />
    <property name="profiler/maven.profiler.dir" value="/Users/atalati/vscode-extension/main-repo/javavscode/netbeans/nbbuild/netbeans/profiler" />
    <property name="javadoc.dir" value="/Users/atalati/vscode-extension/main-repo/javavscode/netbeans/nbbuild/netbeans/java" />
    <property name="project.indexingbridge.dir" value="/Users/atalati/vscode-extension/main-repo/javavscode/netbeans/nbbuild/netbeans/ide" />
    <property name="enterprise/payara.common.dir" value="/Users/atalati/vscode-extension/main-repo/javavscode/netbeans/nbbuild/netbeans/enterprise" />
    <property name="websvc.clientapi.dir" value="/Users/atalati/vscode-extension/main-repo/javavscode/netbeans/nbbuild/netbeans/enterprise" />
    <property name="ide/lexer.nbbridge.dir" value="/Users/atalati/vscode-extension/main-repo/javavscode/netbeans/nbbuild/netbeans/ide" />
    <property name="platform/libs.batik.read.dir" value="/Users/atalati/vscode-extension/main-repo/javavscode/netbeans/nbbuild/netbeans/platform" />
    <property name="php/php.api.executable.dir" value="/Users/atalati/vscode-extension/main-repo/javavscode/netbeans/nbbuild/netbeans/php" />
    <property name="webcommon/javascript.v8debug.ui.dir" value="/Users/atalati/vscode-extension/main-repo/javavscode/netbeans/nbbuild/netbeans/webcommon" />
    <property name="ide/projectui.dir" value="/Users/atalati/vscode-extension/main-repo/javavscode/netbeans/nbbuild/netbeans/ide" />
    <property name="j2ee.ejbverification.dir" value="/Users/atalati/vscode-extension/main-repo/javavscode/netbeans/nbbuild/netbeans/enterprise" />
    <property name="websvc.kit.dir" value="/Users/atalati/vscode-extension/main-repo/javavscode/netbeans/nbbuild/netbeans/enterprise" />
    <property name="ide/project.dependency.dir" value="/Users/atalati/vscode-extension/main-repo/javavscode/netbeans/nbbuild/netbeans/ide" />
    <property name="ide/editor.plain.dir" value="/Users/atalati/vscode-extension/main-repo/javavscode/netbeans/nbbuild/netbeans/ide" />
    <property name="docker.ui.dir" value="/Users/atalati/vscode-extension/main-repo/javavscode/netbeans/nbbuild/netbeans/ide" />
    <property name="ide/spellchecker.dir" value="/Users/atalati/vscode-extension/main-repo/javavscode/netbeans/nbbuild/netbeans/ide" />
    <property name="hudson.XPC_FLAGS" value="0x0" />
    <property name="hudson.ui.dir" value="/Users/atalati/vscode-extension/main-repo/javavscode/netbeans/nbbuild/netbeans/ide" />
    <property name="o.eclipse.core.jobs.dir" value="/Users/atalati/vscode-extension/main-repo/javavscode/netbeans/nbbuild/netbeans/ide" />
    <property name="ide/selenium2.server.dir" value="/Users/atalati/vscode-extension/main-repo/javavscode/netbeans/nbbuild/netbeans/ide" />
    <property name="groovy.gsp.dir" value="/Users/atalati/vscode-extension/main-repo/javavscode/netbeans/nbbuild/netbeans/groovy" />
    <property name="release.external/org.eclipse.lsp4j-0.13.0.jar" value="modules/ext/org.eclipse.lsp4j-0.13.0.jar" />
    <property name="web.core.dir" value="/Users/atalati/vscode-extension/main-repo/javavscode/netbeans/nbbuild/netbeans/enterprise" />
    <property name="hudson.dir" value="/Users/atalati/vscode-extension/main-repo/javavscode/netbeans/nbbuild/netbeans/ide" />
    <property name="webcommon/libs.jstestdriver.dir" value="/Users/atalati/vscode-extension/main-repo/javavscode/netbeans/nbbuild/netbeans/webcommon" />
    <property name="platform/core.startup.base.dir" value="/Users/atalati/vscode-extension/main-repo/javavscode/netbeans/nbbuild/netbeans/platform" />
    <property name="enterprise/j2ee.ddloaders.dir" value="/Users/atalati/vscode-extension/main-repo/javavscode/netbeans/nbbuild/netbeans/enterprise" />
    <property name="platform/sampler.dir" value="/Users/atalati/vscode-extension/main-repo/javavscode/netbeans/nbbuild/netbeans/platform" />
    <property name="web.jsf.editor.dir" value="/Users/atalati/vscode-extension/main-repo/javavscode/netbeans/nbbuild/netbeans/enterprise" />
    <property name="janitor.dir" value="/Users/atalati/vscode-extension/main-repo/javavscode/netbeans/nbbuild/netbeans/platform" />
    <property name="hudson.PATH" value="/opt/homebrew/Caskroom/miniconda/base/bin:/opt/homebrew/Caskroom/miniconda/base/condabin:/Users/atalati/.nvm/versions/node/v20.10.0/bin:/opt/homebrew/bin:/opt/homebrew/sbin:/usr/local/bin:/System/Cryptexes/App/usr/bin:/usr/bin:/bin:/usr/sbin:/sbin:/var/run/com.apple.security.cryptexd/codex.system/bootstrap/usr/local/bin:/var/run/com.apple.security.cryptexd/codex.system/bootstrap/usr/bin:/var/run/com.apple.security.cryptexd/codex.system/bootstrap/usr/appleinternal/bin:/usr/local/go/bin:/Applications/iTerm.app/Contents/Resources/utilities" />
    <property name="ide/libs.antlr3.runtime.dir" value="/Users/atalati/vscode-extension/main-repo/javavscode/netbeans/nbbuild/netbeans/ide" />
    <property name="ide/editor.errorstripe.api.dir" value="/Users/atalati/vscode-extension/main-repo/javavscode/netbeans/nbbuild/netbeans/ide" />
    <property name="o.eclipse.core.net.dir" value="/Users/atalati/vscode-extension/main-repo/javavscode/netbeans/nbbuild/netbeans/ide" />
    <property name="maven.j2ee.dir" value="/Users/atalati/vscode-extension/main-repo/javavscode/netbeans/nbbuild/netbeans/enterprise" />
    <property name="editor.errorstripe.api.dir" value="/Users/atalati/vscode-extension/main-repo/javavscode/netbeans/nbbuild/netbeans/ide" />
    <property name="openide.util.ui.svg.dir" value="/Users/atalati/vscode-extension/main-repo/javavscode/netbeans/nbbuild/netbeans/platform" />
    <property name="enterprise/j2ee.common.dir" value="/Users/atalati/vscode-extension/main-repo/javavscode/netbeans/nbbuild/netbeans/enterprise" />
    <property name="hudson.TERM_PROGRAM_VERSION" value="3.5.0" />
    <property name="php/php.api.templates.dir" value="/Users/atalati/vscode-extension/main-repo/javavscode/netbeans/nbbuild/netbeans/php" />
    <property name="ide/versioning.indexingbridge.dir" value="/Users/atalati/vscode-extension/main-repo/javavscode/netbeans/nbbuild/netbeans/ide" />
    <property name="o.eclipse.equinox.preferences.dir" value="/Users/atalati/vscode-extension/main-repo/javavscode/netbeans/nbbuild/netbeans/ide" />
    <property name="libs.testng.dir" value="/Users/atalati/vscode-extension/main-repo/javavscode/netbeans/nbbuild/netbeans/platform" />
    <property name="webcommon/languages.apacheconf.dir" value="/Users/atalati/vscode-extension/main-repo/javavscode/netbeans/nbbuild/netbeans/webcommon" />
    <property name="validation.nb.cluster.ergonomics" value="ide.ergonomics" />
    <property name="css.prep.dir" value="/Users/atalati/vscode-extension/main-repo/javavscode/netbeans/nbbuild/netbeans/ide" />
    <property name="ide/tasklist.kit.dir" value="/Users/atalati/vscode-extension/main-repo/javavscode/netbeans/nbbuild/netbeans/ide" />
    <property name="ide/extexecution.dir" value="/Users/atalati/vscode-extension/main-repo/javavscode/netbeans/nbbuild/netbeans/ide" />
    <property name="core.startup.dir" value="/Users/atalati/vscode-extension/main-repo/javavscode/netbeans/nbbuild/netbeans/platform" />
    <property name="extexecution.impl.dir" value="/Users/atalati/vscode-extension/main-repo/javavscode/netbeans/nbbuild/netbeans/ide" />
    <property name="javaee.wildfly.dir" value="/Users/atalati/vscode-extension/main-repo/javavscode/netbeans/nbbuild/netbeans/enterprise" />
    <property name="ide/gototest.dir" value="/Users/atalati/vscode-extension/main-repo/javavscode/netbeans/nbbuild/netbeans/ide" />
    <property name="db.drivers.dir" value="/Users/atalati/vscode-extension/main-repo/javavscode/netbeans/nbbuild/netbeans/ide" />
    <property name="spi.palette.dir" value="/Users/atalati/vscode-extension/main-repo/javavscode/netbeans/nbbuild/netbeans/ide" />
    <property name="j2ee.sun.ddui.dir" value="/Users/atalati/vscode-extension/main-repo/javavscode/netbeans/nbbuild/netbeans/enterprise" />
    <property name="sun.java.launcher" value="SUN_STANDARD" />
    <property name="j2ee.ejbcore.dir" value="/Users/atalati/vscode-extension/main-repo/javavscode/netbeans/nbbuild/netbeans/enterprise" />
    <property name="java/i18n.form.dir" value="/Users/atalati/vscode-extension/main-repo/javavscode/netbeans/nbbuild/netbeans/java" />
    <property name="projectimport.eclipse.core.dir" value="/Users/atalati/vscode-extension/main-repo/javavscode/netbeans/nbbuild/netbeans/java" />
    <property name="ide/selenium2.dir" value="/Users/atalati/vscode-extension/main-repo/javavscode/netbeans/nbbuild/netbeans/ide" />
    <property name="maven.search.dir" value="/Users/atalati/vscode-extension/main-repo/javavscode/netbeans/nbbuild/netbeans/java" />
    <property name="j2ee.kit.dir" value="/Users/atalati/vscode-extension/main-repo/javavscode/netbeans/nbbuild/netbeans/enterprise" />
    <property name="webcommon/javascript.jstestdriver.dir" value="/Users/atalati/vscode-extension/main-repo/javavscode/netbeans/nbbuild/netbeans/webcommon" />
    <property name="test.javac.excludes" value="" />
    <property name="libs.tomlj.dir" value="/Users/atalati/vscode-extension/main-repo/javavscode/netbeans/nbbuild/netbeans/ide" />
    <property name="nb.cluster.ergonomics.depends" value="nb.cluster.ide,nb.cluster.platform" />
    <property name="nb.cluster.identity.depends" value="nb.cluster.platform,nb.cluster.java,nb.cluster.ide,nb.cluster.enterprise,nb.cluster.extide" />
    <property name="extra/libs.javafx.win.dir" value="/Users/atalati/vscode-extension/main-repo/javavscode/netbeans/nbbuild/netbeans/extra" />
    <property name="test.unit.dir" value="/Users/atalati/vscode-extension/main-repo/javavscode/netbeans/java/java.lsp.server/test/unit" />
    <property name="nb.cluster.websvccommon" value="websvc.jaxwsmodelapi,websvc.saas.api,websvc.saas.codegen,websvc.saas.kit,websvc.saas.ui" />
    <property name="java/ant.freeform.dir" value="/Users/atalati/vscode-extension/main-repo/javavscode/netbeans/nbbuild/netbeans/java" />
    <property name="test.qa-functional.cp.extra" value="" />
    <property name="brandings" value="" />
    <property name="j2ee.jpa.verification.dir" value="/Users/atalati/vscode-extension/main-repo/javavscode/netbeans/nbbuild/netbeans/java" />
    <property name="websvc.utilities.dir" value="/Users/atalati/vscode-extension/main-repo/javavscode/netbeans/nbbuild/netbeans/enterprise" />
    <property name="glassfish.eecommon.dir" value="/Users/atalati/vscode-extension/main-repo/javavscode/netbeans/nbbuild/netbeans/enterprise" />
    <property name="jellytools.ide.dir" value="/Users/atalati/vscode-extension/main-repo/javavscode/netbeans/nbbuild/netbeans/ide" />
    <property name="java/maven.model.dir" value="/Users/atalati/vscode-extension/main-repo/javavscode/netbeans/nbbuild/netbeans/java" />
    <property name="test.unit.testdep" value="/Users/atalati/vscode-extension/main-repo/javavscode/netbeans/platform/openide.modules" />
    <property name="java/refactoring.java.dir" value="/Users/atalati/vscode-extension/main-repo/javavscode/netbeans/nbbuild/netbeans/java" />
    <property name="platform/api.search.dir" value="/Users/atalati/vscode-extension/main-repo/javavscode/netbeans/nbbuild/netbeans/platform" />
    <property name="nbm.needs.restart" value="false" />
    <property name="ide/c.google.guava.dir" value="/Users/atalati/vscode-extension/main-repo/javavscode/netbeans/nbbuild/netbeans/ide" />
    <property name="ide.ergonomics.dir" value="/Users/atalati/vscode-extension/main-repo/javavscode/netbeans/nbbuild/netbeans/ergonomics" />
    <property name="nb.cluster.apisupport.dir" value="apisupport" />
    <property name="maven.persistence.dir" value="/Users/atalati/vscode-extension/main-repo/javavscode/netbeans/nbbuild/netbeans/java" />
    <property name="apisupport/apisupport.installer.dir" value="/Users/atalati/vscode-extension/main-repo/javavscode/netbeans/nbbuild/netbeans/apisupport" />
    <property name="libs.flexmark.dir" value="/Users/atalati/vscode-extension/main-repo/javavscode/netbeans/nbbuild/netbeans/ide" />
    <property name="maven.groovy.dir" value="/Users/atalati/vscode-extension/main-repo/javavscode/netbeans/nbbuild/netbeans/groovy" />
    <property name="ant.kit.dir" value="/Users/atalati/vscode-extension/main-repo/javavscode/netbeans/nbbuild/netbeans/java" />
    <property name="extide/libs.gradle.dir" value="/Users/atalati/vscode-extension/main-repo/javavscode/netbeans/nbbuild/netbeans/extide" />
    <property name="db.sql.visualeditor.dir" value="/Users/atalati/vscode-extension/main-repo/javavscode/netbeans/nbbuild/netbeans/ide" />
    <property name="ant.file.type.jdk" value="file" />
    <property name="libs.commons_fileupload.dir" value="/Users/atalati/vscode-extension/main-repo/javavscode/netbeans/nbbuild/netbeans/enterprise" />
    <property name="ide/libs.jsch.agentproxy.dir" value="/Users/atalati/vscode-extension/main-repo/javavscode/netbeans/nbbuild/netbeans/ide" />
    <property name="build.package.index" value="false" />
    <property name="api.progress.nb.dir" value="/Users/atalati/vscode-extension/main-repo/javavscode/netbeans/nbbuild/netbeans/platform" />
    <property name="maven.embedder.dir" value="/Users/atalati/vscode-extension/main-repo/javavscode/netbeans/nbbuild/netbeans/java" />
    <property name="api.lsp.dir" value="/Users/atalati/vscode-extension/main-repo/javavscode/netbeans/nbbuild/netbeans/ide" />
    <property name="keyring.fallback.dir" value="/Users/atalati/vscode-extension/main-repo/javavscode/netbeans/nbbuild/netbeans/platform" />
    <property name="core.execution.dir" value="/Users/atalati/vscode-extension/main-repo/javavscode/netbeans/nbbuild/netbeans/platform" />
    <property name="libs.ini4j.dir" value="/Users/atalati/vscode-extension/main-repo/javavscode/netbeans/nbbuild/netbeans/ide" />
    <property name="ide/html.editor.dir" value="/Users/atalati/vscode-extension/main-repo/javavscode/netbeans/nbbuild/netbeans/ide" />
    <property name="enterprise/jsp.lexer.dir" value="/Users/atalati/vscode-extension/main-repo/javavscode/netbeans/nbbuild/netbeans/enterprise" />
    <property name="ant.file.main" value="/Users/atalati/vscode-extension/main-repo/javavscode/netbeans/build.xml" />
    <property name="continue.after.failing.tests" value="true" />
    <property name="javascript.v8debug.ui.dir" value="/Users/atalati/vscode-extension/main-repo/javavscode/netbeans/nbbuild/netbeans/webcommon" />
    <property name="hudson.HOMEBREW_REPOSITORY" value="/opt/homebrew" />
    <property name="sun.arch.data.model" value="64" />
    <property name="java/spring.beans.dir" value="/Users/atalati/vscode-extension/main-repo/javavscode/netbeans/nbbuild/netbeans/java" />
    <property name="java/maven.indexer.ui.dir" value="/Users/atalati/vscode-extension/main-repo/javavscode/netbeans/nbbuild/netbeans/java" />
    <property name="ide/hudson.mercurial.dir" value="/Users/atalati/vscode-extension/main-repo/javavscode/netbeans/nbbuild/netbeans/ide" />
    <property name="ide/docker.api.dir" value="/Users/atalati/vscode-extension/main-repo/javavscode/netbeans/nbbuild/netbeans/ide" />
    <property name="profiler/profiler.dir" value="/Users/atalati/vscode-extension/main-repo/javavscode/netbeans/nbbuild/netbeans/profiler" />
    <property name="ide/o.eclipse.core.runtime.compatibility.auth.dir" value="/Users/atalati/vscode-extension/main-repo/javavscode/netbeans/nbbuild/netbeans/ide" />
    <property name="core.ui.dir" value="/Users/atalati/vscode-extension/main-repo/javavscode/netbeans/nbbuild/netbeans/platform" />
    <property name="ide/extbrowser.dir" value="/Users/atalati/vscode-extension/main-repo/javavscode/netbeans/nbbuild/netbeans/ide" />
    <property name="module.startlevel" value="" />
    <property name="ide/go.lang.dir" value="/Users/atalati/vscode-extension/main-repo/javavscode/netbeans/nbbuild/netbeans/ide" />
    <property name="websvc.jaxws21.dir" value="/Users/atalati/vscode-extension/main-repo/javavscode/netbeans/nbbuild/netbeans/java" />
    <property name="clusters.config.cndext.list" value="nb.cluster.harness,nb.cluster.bootstrap,nb.cluster.platform,nb.cluster.ide,nb.cluster.cnd,nb.cluster.nb,nb.cluster.dlight,nb.cluster.cndext,nb.cluster.extide,nb.cluster.java" />
    <property name="webcommon/selenium2.webclient.dir" value="/Users/atalati/vscode-extension/main-repo/javavscode/netbeans/nbbuild/netbeans/webcommon" />
    <property name="nb.cluster.profiler.dir" value="profiler" />
    <property name="java.guards.dir" value="/Users/atalati/vscode-extension/main-repo/javavscode/netbeans/nbbuild/netbeans/java" />
    <property name="enterprise/websvc.jaxws.lightapi.dir" value="/Users/atalati/vscode-extension/main-repo/javavscode/netbeans/nbbuild/netbeans/enterprise" />
    <property name="ant.file.type.default" value="file" />
    <property name="websvc.jaxwsmodel.dir" value="/Users/atalati/vscode-extension/main-repo/javavscode/netbeans/nbbuild/netbeans/enterprise" />
    <property name="git.dir" value="/Users/atalati/vscode-extension/main-repo/javavscode/netbeans/nbbuild/netbeans/ide" />
    <property name="webcommon/selenium2.webclient.protractor.dir" value="/Users/atalati/vscode-extension/main-repo/javavscode/netbeans/nbbuild/netbeans/webcommon" />
    <property name="ide/web.indent.dir" value="/Users/atalati/vscode-extension/main-repo/javavscode/netbeans/nbbuild/netbeans/ide" />
    <property name="enterprise/micronaut.dir" value="/Users/atalati/vscode-extension/main-repo/javavscode/netbeans/nbbuild/netbeans/enterprise" />
    <property name="o.eclipse.mylyn.wikitext.markdown.core.dir" value="/Users/atalati/vscode-extension/main-repo/javavscode/netbeans/nbbuild/netbeans/ide" />
    <property name="java/java.source.compat8.dir" value="/Users/atalati/vscode-extension/main-repo/javavscode/netbeans/nbbuild/netbeans/java" />
    <property name="branding.token" value="nb" />
    <property name="webcommon/web.inspect.dir" value="/Users/atalati/vscode-extension/main-repo/javavscode/netbeans/nbbuild/netbeans/webcommon" />
    <property name="ide/o.openidex.util.dir" value="/Users/atalati/vscode-extension/main-repo/javavscode/netbeans/nbbuild/netbeans/ide" />
    <property name="openide.actions.dir" value="/Users/atalati/vscode-extension/main-repo/javavscode/netbeans/nbbuild/netbeans/platform" />
    <property name="java/junit.ant.dir" value="/Users/atalati/vscode-extension/main-repo/javavscode/netbeans/nbbuild/netbeans/java" />
    <property name="platform/core.nativeaccess.dir" value="/Users/atalati/vscode-extension/main-repo/javavscode/netbeans/nbbuild/netbeans/platform" />
    <property name="platform/openide.compat.dir" value="/Users/atalati/vscode-extension/main-repo/javavscode/netbeans/nbbuild/netbeans/platform" />
    <property name="java.j2seprofiles.dir" value="/Users/atalati/vscode-extension/main-repo/javavscode/netbeans/nbbuild/netbeans/java" />
    <property name="ide/libs.commons_compress.dir" value="/Users/atalati/vscode-extension/main-repo/javavscode/netbeans/nbbuild/netbeans/ide" />
    <property name="enterprise/web.jsf.navigation.dir" value="/Users/atalati/vscode-extension/main-repo/javavscode/netbeans/nbbuild/netbeans/enterprise" />
    <property name="nb.cluster.java.depends" value="nb.cluster.ide,nb.cluster.extide,nb.cluster.platform,nb.cluster.webcommon,nb.cluster.websvccommon,nb.cluster.harness" />
    <property name="jnlp.dest.dir" value="/Users/atalati/vscode-extension/main-repo/javavscode/netbeans/nbbuild/build/jnlp" />
    <property name="php/php.phpdoc.dir" value="/Users/atalati/vscode-extension/main-repo/javavscode/netbeans/nbbuild/netbeans/php" />
    <property name="enterprise/websvc.clientapi.dir" value="/Users/atalati/vscode-extension/main-repo/javavscode/netbeans/nbbuild/netbeans/enterprise" />
    <property name="ide/editor.macros.dir" value="/Users/atalati/vscode-extension/main-repo/javavscode/netbeans/nbbuild/netbeans/ide" />
    <property name="ide/editor.deprecated.pre65formatting.dir" value="/Users/atalati/vscode-extension/main-repo/javavscode/netbeans/nbbuild/netbeans/ide" />
    <property name="openide.util.dir" value="/Users/atalati/vscode-extension/main-repo/javavscode/netbeans/nbbuild/netbeans/platform" />
    <property name="ide/notifications.dir" value="/Users/atalati/vscode-extension/main-repo/javavscode/netbeans/nbbuild/netbeans/ide" />
    <property name="o.n.html.presenters.spi.dir" value="/Users/atalati/vscode-extension/main-repo/javavscode/netbeans/nbbuild/netbeans/platform" />
    <property name="test-unit-sys-prop.cluster.path.final" value="/Users/atalati/vscode-extension/main-repo/javavscode/netbeans/nbbuild/netbeans/platform:/Users/atalati/vscode-extension/main-repo/javavscode/netbeans/nbbuild/netbeans/ide:/Users/atalati/vscode-extension/main-repo/javavscode/netbeans/nbbuild/netbeans/java:/Users/atalati/vscode-extension/main-repo/javavscode/netbeans/nbbuild/netbeans/apisupport:/Users/atalati/vscode-extension/main-repo/javavscode/netbeans/nbbuild/netbeans/enterprise:/Users/atalati/vscode-extension/main-repo/javavscode/netbeans/nbbuild/netbeans/ergonomics:/Users/atalati/vscode-extension/main-repo/javavscode/netbeans/nbbuild/netbeans/nb:/Users/atalati/vscode-extension/main-repo/javavscode/netbeans/nbbuild/netbeans/extra:/Users/atalati/vscode-extension/main-repo/javavscode/netbeans/nbbuild/netbeans/harness:/Users/atalati/vscode-extension/main-repo/javavscode/netbeans/nbbuild/netbeans/profiler:/Users/atalati/vscode-extension/main-repo/javavscode/netbeans/nbbuild/netbeans/php:/Users/atalati/vscode-extension/main-repo/javavscode/netbeans/nbbuild/netbeans/groovy:/Users/atalati/vscode-extension/main-repo/javavscode/netbeans/nbbuild/netbeans/identity:/Users/atalati/vscode-extension/main-repo/javavscode/netbeans/nbbuild/netbeans/cnd:/Users/atalati/vscode-extension/main-repo/javavscode/netbeans/nbbuild/netbeans/cndext:/Users/atalati/vscode-extension/main-repo/javavscode/netbeans/nbbuild/netbeans/rust:/Users/atalati/vscode-extension/main-repo/javavscode/netbeans/nbbuild/netbeans/cpplite:/Users/atalati/vscode-extension/main-repo/javavscode/netbeans/nbbuild/netbeans/dlight:/Users/atalati/vscode-extension/main-repo/javavscode/netbeans/nbbuild/netbeans/extide:/Users/atalati/vscode-extension/main-repo/javavscode/netbeans/nbbuild/netbeans/webcommon:/Users/atalati/vscode-extension/main-repo/javavscode/netbeans/nbbuild/netbeans/websvccommon:/Users/atalati/vscode-extension/main-repo/javavscode/netbeans/nbbuild/netbeans/javafx:/Users/atalati/vscode-extension/main-repo/javavscode/netbeans/nbbuild/netbeans/java" />
    <property name="editor.htmlui.dir" value="/Users/atalati/vscode-extension/main-repo/javavscode/netbeans/nbbuild/netbeans/java" />
    <property name="o.eclipse.jgit.lfs.dir" value="/Users/atalati/vscode-extension/main-repo/javavscode/netbeans/nbbuild/netbeans/ide" />
    <property name="enterprise/libs.elimpl.dir" value="/Users/atalati/vscode-extension/main-repo/javavscode/netbeans/nbbuild/netbeans/enterprise" />
    <property name="websvc.jaxws.lightapi.dir" value="/Users/atalati/vscode-extension/main-repo/javavscode/netbeans/nbbuild/netbeans/enterprise" />
    <property name="ide/c.jcraft.jsch.dir" value="/Users/atalati/vscode-extension/main-repo/javavscode/netbeans/nbbuild/netbeans/ide" />
    <property name="groovy.support.dir" value="/Users/atalati/vscode-extension/main-repo/javavscode/netbeans/nbbuild/netbeans/groovy" />
    <property name="editor.indent.dir" value="/Users/atalati/vscode-extension/main-repo/javavscode/netbeans/nbbuild/netbeans/ide" />
    <property name="license.file" value="/Users/atalati/vscode-extension/main-repo/javavscode/netbeans/nbbuild/standard-nbm-license.txt" />
    <property name="autoupdate.services.dir" value="/Users/atalati/vscode-extension/main-repo/javavscode/netbeans/nbbuild/netbeans/platform" />
    <property name="java/java.graph.dir" value="/Users/atalati/vscode-extension/main-repo/javavscode/netbeans/nbbuild/netbeans/java" />
    <property name="ide/html.indexing.dir" value="/Users/atalati/vscode-extension/main-repo/javavscode/netbeans/nbbuild/netbeans/ide" />
    <property name="sun.io.unicode.encoding" value="UnicodeBig" />
    <property name="java/j2ee.metadata.dir" value="/Users/atalati/vscode-extension/main-repo/javavscode/netbeans/nbbuild/netbeans/java" />
    <property name="release.dir" value="/Users/atalati/vscode-extension/main-repo/javavscode/netbeans/java/java.lsp.server/release" />
    <property name="javascript2.debug.dir" value="/Users/atalati/vscode-extension/main-repo/javavscode/netbeans/nbbuild/netbeans/ide" />
    <property name="lib.nbjshell.dir" value="/Users/atalati/vscode-extension/main-repo/javavscode/netbeans/nbbuild/netbeans/java" />
    <property name="masterfs.macosx.dir" value="/Users/atalati/vscode-extension/main-repo/javavscode/netbeans/nbbuild/netbeans/platform" />
    <property name="nb.cluster.profiler" value="debugger.jpda.heapwalk,lib.profiler,lib.profiler.charts,lib.profiler.common,lib.profiler.ui,maven.profiler,profiler,profiler.api,profiler.attach,profiler.freeform,profiler.heapwalker,profiler.j2se,profiler.kit,profiler.nbimpl,profiler.nbmodule,profiler.options,profiler.oql,profiler.oql.language,profiler.ppoints,profiler.projectsupport,profiler.snaptracer,profiler.utilities" />
    <property name="bootclasspath.prepend.nb" value="/Users/atalati/vscode-extension/main-repo/javavscode/netbeans/java/libs.javacapi/external/nb-javac-jdk-22+33-api.jar:/Users/atalati/vscode-extension/main-repo/javavscode/netbeans/java/libs.javacapi/external/nb-javac-jdk-22+33.jar" />
    <property name="webcommon/libs.nashorn.dir" value="/Users/atalati/vscode-extension/main-repo/javavscode/netbeans/nbbuild/netbeans/webcommon" />
    <property name="hudson.ITERM_PROFILE" value="Default" />
    <property name="java/maven.osgi.dir" value="/Users/atalati/vscode-extension/main-repo/javavscode/netbeans/nbbuild/netbeans/java" />
    <property name="php.phing.dir" value="/Users/atalati/vscode-extension/main-repo/javavscode/netbeans/nbbuild/netbeans/php" />
    <property name="ide/editor.structure.dir" value="/Users/atalati/vscode-extension/main-repo/javavscode/netbeans/nbbuild/netbeans/ide" />
    <property name="platform/masterfs.ui.dir" value="/Users/atalati/vscode-extension/main-repo/javavscode/netbeans/nbbuild/netbeans/platform" />
    <property name="nbm.target.dir" value="/Users/atalati/vscode-extension/main-repo/javavscode/netbeans/java/java.lsp.server/build" />
    <property name="enterprise/gradle.javaee.dir" value="/Users/atalati/vscode-extension/main-repo/javavscode/netbeans/nbbuild/netbeans/enterprise" />
    <property name="java/java.file.launcher.dir" value="/Users/atalati/vscode-extension/main-repo/javavscode/netbeans/nbbuild/netbeans/java" />
    <property name="ide/tasklist.projectint.dir" value="/Users/atalati/vscode-extension/main-repo/javavscode/netbeans/nbbuild/netbeans/ide" />
    <property name="o.eclipse.mylyn.commons.net.dir" value="/Users/atalati/vscode-extension/main-repo/javavscode/netbeans/nbbuild/netbeans/ide" />
    <property name="ide/web.common.ui.dir" value="/Users/atalati/vscode-extension/main-repo/javavscode/netbeans/nbbuild/netbeans/ide" />
    <property name="ide/o.eclipse.mylyn.commons.xmlrpc.dir" value="/Users/atalati/vscode-extension/main-repo/javavscode/netbeans/nbbuild/netbeans/ide" />
    <property name="javascript2.doc.dir" value="/Users/atalati/vscode-extension/main-repo/javavscode/netbeans/nbbuild/netbeans/webcommon" />
    <property name="c.googlecode.javaewah.JavaEWAH.dir" value="/Users/atalati/vscode-extension/main-repo/javavscode/netbeans/nbbuild/netbeans/ide" />
    <property name="java.hints.declarative.test.dir" value="/Users/atalati/vscode-extension/main-repo/javavscode/netbeans/nbbuild/netbeans/java" />
    <property name="ide/bugzilla.dir" value="/Users/atalati/vscode-extension/main-repo/javavscode/netbeans/nbbuild/netbeans/ide" />
    <property name="release.external/org.eclipse.lsp4j.jsonrpc.debug-0.13.0.jar" value="modules/ext/org.eclipse.lsp4j.jsonrpc.debug-0.13.0.jar" />
    <property name="webcommon/web.client.samples.dir" value="/Users/atalati/vscode-extension/main-repo/javavscode/netbeans/nbbuild/netbeans/webcommon" />
    <property name="have-jdk-1.5" value="true" />
    <property name="libs.springframework.dir" value="/Users/atalati/vscode-extension/main-repo/javavscode/netbeans/nbbuild/netbeans/java" />
    <property name="have-jdk-1.4" value="true" />
    <property name="spring.webmvc.dir" value="/Users/atalati/vscode-extension/main-repo/javavscode/netbeans/nbbuild/netbeans/enterprise" />
    <property name="have-jdk-1.9" value="true" />
    <property name="have-jdk-1.8" value="true" />
    <property name="have-jdk-1.7" value="true" />
    <property name="have-jdk-1.6" value="true" />
    <property name="moduleCluster.file" value="/Users/atalati/vscode-extension/main-repo/javavscode/netbeans/nbbuild/netbeans/moduleCluster.properties" />
    <property name="path.separator" value=":" />
    <property name="test.bootclasspath.prepend.args" value="--limit-modules=java.base,java.logging,java.xml,java.prefs,java.desktop,java.management,java.instrument,jdk.zipfs,java.scripting,java.naming,jdk.jdi,jdk.unsupported,java.sql" />
    <property name="debugger.jpda.jsui.dir" value="/Users/atalati/vscode-extension/main-repo/javavscode/netbeans/nbbuild/netbeans/java" />
    <property name="java/gradle.htmlui.dir" value="/Users/atalati/vscode-extension/main-repo/javavscode/netbeans/nbbuild/netbeans/java" />
    <property name="net.java.html.json.dir" value="/Users/atalati/vscode-extension/main-repo/javavscode/netbeans/nbbuild/netbeans/platform" />
    <property name="ide/code.analysis.dir" value="/Users/atalati/vscode-extension/main-repo/javavscode/netbeans/nbbuild/netbeans/ide" />
    <property name="module.name" value="java/java.lsp.server" />
    <property name="spellchecker.dictionary_en.dir" value="/Users/atalati/vscode-extension/main-repo/javavscode/netbeans/nbbuild/netbeans/ide" />
    <property name="web.clientproject.api.dir" value="/Users/atalati/vscode-extension/main-repo/javavscode/netbeans/nbbuild/netbeans/webcommon" />
    <property name="ide/markdown.dir" value="/Users/atalati/vscode-extension/main-repo/javavscode/netbeans/nbbuild/netbeans/ide" />
    <property name="java/j2ee.metadata.model.support.dir" value="/Users/atalati/vscode-extension/main-repo/javavscode/netbeans/nbbuild/netbeans/java" />
    <property name="enterprise/jakartaee8.api.dir" value="/Users/atalati/vscode-extension/main-repo/javavscode/netbeans/nbbuild/netbeans/enterprise" />
    <property name="java/ant.hints.dir" value="/Users/atalati/vscode-extension/main-repo/javavscode/netbeans/nbbuild/netbeans/java" />
    <property name="glassfish.tooling.dir" value="/Users/atalati/vscode-extension/main-repo/javavscode/netbeans/nbbuild/netbeans/enterprise" />
    <property name="testcoverage.import" value="no-testcoverage.xml" />
    <property name="hudson.HOMEBREW_CELLAR" value="/opt/homebrew/Cellar" />
    <property name="ide/editor.bracesmatching.dir" value="/Users/atalati/vscode-extension/main-repo/javavscode/netbeans/nbbuild/netbeans/ide" />
    <property name="nb.cluster.extide.depends" value="nb.cluster.ide,nb.cluster.platform" />
    <property name="java/java.j2seembedded.dir" value="/Users/atalati/vscode-extension/main-repo/javavscode/netbeans/nbbuild/netbeans/java" />
    <property name="lib.jshell.agent.dir" value="/Users/atalati/vscode-extension/main-repo/javavscode/netbeans/nbbuild/netbeans/java" />
    <property name="ide/libs.svnClientAdapter.javahl.dir" value="/Users/atalati/vscode-extension/main-repo/javavscode/netbeans/nbbuild/netbeans/ide" />
    <property name="webcommon/languages.ini.dir" value="/Users/atalati/vscode-extension/main-repo/javavscode/netbeans/nbbuild/netbeans/webcommon" />
    <property name="queries.dir" value="/Users/atalati/vscode-extension/main-repo/javavscode/netbeans/nbbuild/netbeans/platform" />
    <property name="binaries.cache" value="/Users/atalati/.hgexternalcache" />
    <property name="groovy/gradle.groovy.dir" value="/Users/atalati/vscode-extension/main-repo/javavscode/netbeans/nbbuild/netbeans/groovy" />
    <property name="platform/openide.util.ui.dir" value="/Users/atalati/vscode-extension/main-repo/javavscode/netbeans/nbbuild/netbeans/platform" />
    <property name="ant.project.default-target" value="netbeans" />
    <property name="payara.tooling.dir" value="/Users/atalati/vscode-extension/main-repo/javavscode/netbeans/nbbuild/netbeans/enterprise" />
    <property name="ide/db.mysql.dir" value="/Users/atalati/vscode-extension/main-repo/javavscode/netbeans/nbbuild/netbeans/ide" />
    <property name="webcommon/javascript2.model.dir" value="/Users/atalati/vscode-extension/main-repo/javavscode/netbeans/nbbuild/netbeans/webcommon" />
    <property name="java/debugger.jpda.ant.dir" value="/Users/atalati/vscode-extension/main-repo/javavscode/netbeans/nbbuild/netbeans/java" />
    <property name="java/maven.coverage.dir" value="/Users/atalati/vscode-extension/main-repo/javavscode/netbeans/nbbuild/netbeans/java" />
    <property name="kotlin.editor.dir" value="/Users/atalati/vscode-extension/main-repo/javavscode/netbeans/nbbuild/netbeans/java" />
    <property name="ide/html.lexer.dir" value="/Users/atalati/vscode-extension/main-repo/javavscode/netbeans/nbbuild/netbeans/ide" />
    <property name="bootclasspath.prepend" value="/Users/atalati/vscode-extension/main-repo/javavscode/netbeans/java/libs.javacapi/external/nb-javac-jdk-22+33-api.jar:/Users/atalati/vscode-extension/main-repo/javavscode/netbeans/java/libs.javacapi/external/nb-javac-jdk-22+33.jar" />
    <property name="ide/editor.completion.dir" value="/Users/atalati/vscode-extension/main-repo/javavscode/netbeans/nbbuild/netbeans/ide" />
    <property name="maven.htmlui.dir" value="/Users/atalati/vscode-extension/main-repo/javavscode/netbeans/nbbuild/netbeans/javafx" />
    <property name="buildstamp" value="20240527" />
    <property name="ide/html.dir" value="/Users/atalati/vscode-extension/main-repo/javavscode/netbeans/nbbuild/netbeans/ide" />
    <property name="nb.cluster.javafx.dir" value="javafx" />
    <property name="java/java.hints.ui.dir" value="/Users/atalati/vscode-extension/main-repo/javavscode/netbeans/nbbuild/netbeans/java" />
    <property name="java/maven.grammar.dir" value="/Users/atalati/vscode-extension/main-repo/javavscode/netbeans/nbbuild/netbeans/java" />
    <property name="java/jshell.support.dir" value="/Users/atalati/vscode-extension/main-repo/javavscode/netbeans/nbbuild/netbeans/java" />
    <property name="netbeans.javadoc.dir" value="/Users/atalati/vscode-extension/main-repo/javavscode/netbeans/nbbuild/build/javadoc" />
    <property name="enterprise/websvc.wsstackapi.dir" value="/Users/atalati/vscode-extension/main-repo/javavscode/netbeans/nbbuild/netbeans/enterprise" />
    <property name="php.latte.dir" value="/Users/atalati/vscode-extension/main-repo/javavscode/netbeans/nbbuild/netbeans/php" />
    <property name="j2ee.clientproject.dir" value="/Users/atalati/vscode-extension/main-repo/javavscode/netbeans/nbbuild/netbeans/enterprise" />
    <property name="sun.stdout.encoding" value="UTF-8" />
    <property name="platform/net.java.html.boot.dir" value="/Users/atalati/vscode-extension/main-repo/javavscode/netbeans/nbbuild/netbeans/platform" />
    <property name="hudson.tasklist.dir" value="/Users/atalati/vscode-extension/main-repo/javavscode/netbeans/nbbuild/netbeans/ide" />
    <property name="hudson.NVM_CD_FLAGS" value="-q" />
    <property name="java/xml.jaxb.dir" value="/Users/atalati/vscode-extension/main-repo/javavscode/netbeans/nbbuild/netbeans/java" />
    <property name="java/form.dir" value="/Users/atalati/vscode-extension/main-repo/javavscode/netbeans/nbbuild/netbeans/java" />
    <property name="php/php.refactoring.dir" value="/Users/atalati/vscode-extension/main-repo/javavscode/netbeans/nbbuild/netbeans/php" />
    <property name="ide/o.eclipse.mylyn.wikitext.markdown.core.dir" value="/Users/atalati/vscode-extension/main-repo/javavscode/netbeans/nbbuild/netbeans/ide" />
    <property name="java.mx.project.dir" value="/Users/atalati/vscode-extension/main-repo/javavscode/netbeans/nbbuild/netbeans/java" />
    <property name="html.angular.dir" value="/Users/atalati/vscode-extension/main-repo/javavscode/netbeans/nbbuild/netbeans/webcommon" />
    <property name="java/hudson.maven.dir" value="/Users/atalati/vscode-extension/main-repo/javavscode/netbeans/nbbuild/netbeans/java" />
    <property name="java/java.examples.dir" value="/Users/atalati/vscode-extension/main-repo/javavscode/netbeans/nbbuild/netbeans/java" />
    <property name="hudson.ITERM_SESSION_ID" value="w0t2p0:1EF74545-B0D6-4BEA-AEFA-CBED2E22EA6F" />
    <property name="nbjdk.versioninfo" value="java version &quot;17.0.8&quot; 2023-07-18 LTS&#xa;Java(TM) SE Runtime Environment (build 17.0.8+9-LTS-211)&#xa;Java HotSpot(TM) 64-Bit Server VM (build 17.0.8+9-LTS-211, mixed mode, sharing)" />
    <property name="ide/derby.dir" value="/Users/atalati/vscode-extension/main-repo/javavscode/netbeans/nbbuild/netbeans/ide" />
    <property name="clusters.config.release.list" value="nb.cluster.harness,nb.cluster.bootstrap,nb.cluster.platform,nb.cluster.ide,nb.cluster.extide,nb.cluster.websvccommon,nb.cluster.java,nb.cluster.javafx,nb.cluster.profiler,nb.cluster.3rdparty,nb.cluster.nb,nb.cluster.apisupport,nb.cluster.webcommon,nb.cluster.php,nb.cluster.groovy,nb.cluster.enterprise,nb.cluster.cpplite,nb.cluster.ergonomics" />
    <property name="build.classes.dir" value="/Users/atalati/vscode-extension/main-repo/javavscode/netbeans/java/java.lsp.server/build/classes" />
    <property name="enterprise/glassfish.tooling.dir" value="/Users/atalati/vscode-extension/main-repo/javavscode/netbeans/nbbuild/netbeans/enterprise" />
    <property name="core.browser.dir" value="/Users/atalati/vscode-extension/main-repo/javavscode/netbeans/nbbuild/netbeans/ide" />
    <property name="ide/libs.jcodings.dir" value="/Users/atalati/vscode-extension/main-repo/javavscode/netbeans/nbbuild/netbeans/ide" />
    <property name="nb.cluster.ide.dir" value="ide" />
    <property name="editor.fold.nbui.dir" value="/Users/atalati/vscode-extension/main-repo/javavscode/netbeans/nbbuild/netbeans/ide" />
    <property name="db.sql.editor.dir" value="/Users/atalati/vscode-extension/main-repo/javavscode/netbeans/nbbuild/netbeans/ide" />
    <property name="editor.bookmarks.dir" value="/Users/atalati/vscode-extension/main-repo/javavscode/netbeans/nbbuild/netbeans/ide" />
    <property name="java/java.lexer.dir" value="/Users/atalati/vscode-extension/main-repo/javavscode/netbeans/nbbuild/netbeans/java" />
    <property name="nb.cluster.harness" value="apisupport.harness,jellytools.platform,jemmy,libs.nbi.ant,libs.nbi.engine,nbjunit,o.n.insane" />
    <property name="check.module.startlevel" value="true" />
    <property name="libs.junit4.dir" value="/Users/atalati/vscode-extension/main-repo/javavscode/netbeans/nbbuild/netbeans/platform" />
    <property name="java/xml.tools.java.dir" value="/Users/atalati/vscode-extension/main-repo/javavscode/netbeans/nbbuild/netbeans/java" />
    <property name="java/api.debugger.jpda.dir" value="/Users/atalati/vscode-extension/main-repo/javavscode/netbeans/nbbuild/netbeans/java" />
    <property name="form.nb.dir" value="/Users/atalati/vscode-extension/main-repo/javavscode/netbeans/nbbuild/netbeans/java" />
    <property name="projectimport.eclipse.j2se.dir" value="/Users/atalati/vscode-extension/main-repo/javavscode/netbeans/nbbuild/netbeans/java" />
    <property name="api.intent.dir" value="/Users/atalati/vscode-extension/main-repo/javavscode/netbeans/nbbuild/netbeans/platform" />
    <property name="java/j2ee.jpa.refactoring.dir" value="/Users/atalati/vscode-extension/main-repo/javavscode/netbeans/nbbuild/netbeans/java" />
    <property name="platform/spi.quicksearch.dir" value="/Users/atalati/vscode-extension/main-repo/javavscode/netbeans/nbbuild/netbeans/platform" />
    <property name="platform/libs.javafx.dir" value="/Users/atalati/vscode-extension/main-repo/javavscode/netbeans/nbbuild/netbeans/platform" />
    <property name="junitlib.dir" value="/Users/atalati/vscode-extension/main-repo/javavscode/netbeans/nbbuild/netbeans/platform" />
    <property name="module.javadoc.packages" value="org.netbeans.modules.java.lsp.server.ui" />
    <property name="java/junit.ui.dir" value="/Users/atalati/vscode-extension/main-repo/javavscode/netbeans/nbbuild/netbeans/java" />
    <property name="platform/openide.options.dir" value="/Users/atalati/vscode-extension/main-repo/javavscode/netbeans/nbbuild/netbeans/platform" />
    <property name="enterprise/web.jsf.dir" value="/Users/atalati/vscode-extension/main-repo/javavscode/netbeans/nbbuild/netbeans/enterprise" />
    <property name="openide.dialogs.dir" value="/Users/atalati/vscode-extension/main-repo/javavscode/netbeans/nbbuild/netbeans/platform" />
    <property name="hudson.SHELL" value="/bin/zsh" />
    <property name="clusters.config.java.list" value="nb.cluster.harness,nb.cluster.bootstrap,nb.cluster.platform,nb.cluster.ide,nb.cluster.extide,nb.cluster.websvccommon,nb.cluster.java,nb.cluster.javafx,nb.cluster.profiler,nb.cluster.3rdparty,nb.cluster.nb" />
    <property name="c.google.gson.dir" value="/Users/atalati/vscode-extension/main-repo/javavscode/netbeans/nbbuild/netbeans/ide" />
    <property name="build.test.qa-functional.results.dir" value="/Users/atalati/vscode-extension/main-repo/javavscode/netbeans/java/java.lsp.server/build/test/qa-functional/results" />
    <property name="clusters.config.cnd.list" value="nb.cluster.harness,nb.cluster.bootstrap,nb.cluster.platform,nb.cluster.ide,nb.cluster.cnd,nb.cluster.nb,nb.cluster.dlight" />
    <property name="ide/editor.settings.lib.dir" value="/Users/atalati/vscode-extension/main-repo/javavscode/netbeans/nbbuild/netbeans/ide" />
    <property name="webcommon/javascript.cdnjs.dir" value="/Users/atalati/vscode-extension/main-repo/javavscode/netbeans/nbbuild/netbeans/webcommon" />
    <property name="java/j2ee.persistence.kit.dir" value="/Users/atalati/vscode-extension/main-repo/javavscode/netbeans/nbbuild/netbeans/java" />
    <property name="platform/o.n.html.xhr4j.dir" value="/Users/atalati/vscode-extension/main-repo/javavscode/netbeans/nbbuild/netbeans/platform" />
    <property name="mods.sorted" value="/Users/atalati/vscode-extension/main-repo/javavscode/netbeans/platform/openide.modules" />
    <property name="php.nette.tester.dir" value="/Users/atalati/vscode-extension/main-repo/javavscode/netbeans/nbbuild/netbeans/php" />
    <property name="profiler.j2se.dir" value="/Users/atalati/vscode-extension/main-repo/javavscode/netbeans/nbbuild/netbeans/profiler" />
    <property name="masterfs.windows.dir" value="/Users/atalati/vscode-extension/main-repo/javavscode/netbeans/nbbuild/netbeans/platform" />
    <property name="javac.compilerargs" value="-Xlint -Xlint:-serial" />
    <property name="dbschema.dir" value="/Users/atalati/vscode-extension/main-repo/javavscode/netbeans/nbbuild/netbeans/java" />
    <property name="editor.lib.dir" value="/Users/atalati/vscode-extension/main-repo/javavscode/netbeans/nbbuild/netbeans/ide" />
    <property name="platform/masterfs.macosx.dir" value="/Users/atalati/vscode-extension/main-repo/javavscode/netbeans/nbbuild/netbeans/platform" />
    <property name="platform/o.apache.commons.codec.dir" value="/Users/atalati/vscode-extension/main-repo/javavscode/netbeans/nbbuild/netbeans/platform" />
    <property name="sun.cpu.endian" value="little" />
    <property name="platform/openide.util.dir" value="/Users/atalati/vscode-extension/main-repo/javavscode/netbeans/nbbuild/netbeans/platform" />
    <property name="projectui.buildmenu.dir" value="/Users/atalati/vscode-extension/main-repo/javavscode/netbeans/nbbuild/netbeans/ide" />
    <property name="languages.toml.dir" value="/Users/atalati/vscode-extension/main-repo/javavscode/netbeans/nbbuild/netbeans/ide" />
    <property name="ide/editor.fold.dir" value="/Users/atalati/vscode-extension/main-repo/javavscode/netbeans/nbbuild/netbeans/ide" />
    <property name="platform/net.java.html.dir" value="/Users/atalati/vscode-extension/main-repo/javavscode/netbeans/nbbuild/netbeans/platform" />
    <property name="webcommon/lib.v8debug.dir" value="/Users/atalati/vscode-extension/main-repo/javavscode/netbeans/nbbuild/netbeans/webcommon" />
    <property name="ide/libs.tomlj.dir" value="/Users/atalati/vscode-extension/main-repo/javavscode/netbeans/nbbuild/netbeans/ide" />
    <property name="welcome.dir" value="/Users/atalati/vscode-extension/main-repo/javavscode/netbeans/nbbuild/netbeans/nb" />
    <property name="bugtracking.bridge.dir" value="/Users/atalati/vscode-extension/main-repo/javavscode/netbeans/nbbuild/netbeans/ide" />
    <property name="web.el.dir" value="/Users/atalati/vscode-extension/main-repo/javavscode/netbeans/nbbuild/netbeans/enterprise" />
    <property name="build.test.qa-functional.work.dir" value="/Users/atalati/vscode-extension/main-repo/javavscode/netbeans/java/java.lsp.server/build/test/qa-functional/work" />
    <property name="o.n.bootstrap.dir" value="/Users/atalati/vscode-extension/main-repo/javavscode/netbeans/nbbuild/netbeans/platform" />
    <property name="bugtracking.commons.dir" value="/Users/atalati/vscode-extension/main-repo/javavscode/netbeans/nbbuild/netbeans/ide" />
    <property name="spellchecker.bindings.java.dir" value="/Users/atalati/vscode-extension/main-repo/javavscode/netbeans/nbbuild/netbeans/java" />
    <property name="openide.text.dir" value="/Users/atalati/vscode-extension/main-repo/javavscode/netbeans/nbbuild/netbeans/platform" />
    <property name="nb.cluster.rust.depends" value="nb.cluster.harness,nb.cluster.platform,nb.cluster.ide" />
    <property name="j2ee.core.dir" value="/Users/atalati/vscode-extension/main-repo/javavscode/netbeans/nbbuild/netbeans/enterprise" />
    <property name="j2ee.ant.dir" value="/Users/atalati/vscode-extension/main-repo/javavscode/netbeans/nbbuild/netbeans/enterprise" />
    <property name="ide/lsp.client.dir" value="/Users/atalati/vscode-extension/main-repo/javavscode/netbeans/nbbuild/netbeans/ide" />
    <property name="php.nette2.dir" value="/Users/atalati/vscode-extension/main-repo/javavscode/netbeans/nbbuild/netbeans/php" />
    <property name="platform/openide.explorer.dir" value="/Users/atalati/vscode-extension/main-repo/javavscode/netbeans/nbbuild/netbeans/platform" />
    <property name="java/java.editor.base.dir" value="/Users/atalati/vscode-extension/main-repo/javavscode/netbeans/nbbuild/netbeans/java" />
    <property name="nb.cluster.enterprise.depends" value="nb.cluster.java,nb.cluster.ide,nb.cluster.extide,nb.cluster.profiler,nb.cluster.webcommon,nb.cluster.websvccommon,nb.cluster.platform,nb.cluster.harness" />
    <property name="libs.svnClientAdapter.dir" value="/Users/atalati/vscode-extension/main-repo/javavscode/netbeans/nbbuild/netbeans/ide" />
    <property name="maven.model.dir" value="/Users/atalati/vscode-extension/main-repo/javavscode/netbeans/nbbuild/netbeans/java" />
    <property name="profiler.utilities.dir" value="/Users/atalati/vscode-extension/main-repo/javavscode/netbeans/nbbuild/netbeans/profiler" />
    <property name="test.runner" value="junit" />
    <property name="build.javahelp.dir" value="/Users/atalati/vscode-extension/main-repo/javavscode/netbeans/java/java.lsp.server/build/javahelp" />
    <property name="hudson.PWD" value="/Users/atalati/vscode-extension/main-repo/javavscode/netbeans" />
    <property name="o.n.swing.dirchooser.dir" value="/Users/atalati/vscode-extension/main-repo/javavscode/netbeans/nbbuild/netbeans/ide" />
    <property name="hudson.__CF_USER_TEXT_ENCODING" value="0x1F5:0x0:0x0" />
    <property name="testng.ui.dir" value="/Users/atalati/vscode-extension/main-repo/javavscode/netbeans/nbbuild/netbeans/java" />
    <property name="java/libs.springframework.dir" value="/Users/atalati/vscode-extension/main-repo/javavscode/netbeans/nbbuild/netbeans/java" />
    <property name="nb.cluster.identity.dir" value="identity" />
    <property name="groovy/groovy.refactoring.dir" value="/Users/atalati/vscode-extension/main-repo/javavscode/netbeans/nbbuild/netbeans/groovy" />
    <property name="platform/libs.jna.dir" value="/Users/atalati/vscode-extension/main-repo/javavscode/netbeans/nbbuild/netbeans/platform" />
    <property name="ide/libs.svnClientAdapter.dir" value="/Users/atalati/vscode-extension/main-repo/javavscode/netbeans/nbbuild/netbeans/ide" />
    <property name="java.j2seplatform.dir" value="/Users/atalati/vscode-extension/main-repo/javavscode/netbeans/nbbuild/netbeans/java" />
    <property name="testng.maven.dir" value="/Users/atalati/vscode-extension/main-repo/javavscode/netbeans/nbbuild/netbeans/java" />
    <property name="o.n.insane.dir" value="/Users/atalati/vscode-extension/main-repo/javavscode/netbeans/nbbuild/netbeans/harness" />
    <property name="php.api.documentation.dir" value="/Users/atalati/vscode-extension/main-repo/javavscode/netbeans/nbbuild/netbeans/php" />
    <property name="maven.grammar.dir" value="/Users/atalati/vscode-extension/main-repo/javavscode/netbeans/nbbuild/netbeans/java" />
    <property name="tasklist.ui.dir" value="/Users/atalati/vscode-extension/main-repo/javavscode/netbeans/nbbuild/netbeans/ide" />
    <property name="apisupport.refactoring.dir" value="/Users/atalati/vscode-extension/main-repo/javavscode/netbeans/nbbuild/netbeans/apisupport" />
    <property name="cordova.platforms.android.dir" value="/Users/atalati/vscode-extension/main-repo/javavscode/netbeans/nbbuild/netbeans/webcommon" />
    <property name="ant.file.nbbuild" value="/Users/atalati/vscode-extension/main-repo/javavscode/netbeans/nbbuild/build.xml" />
    <property name="gradle.javaee.dir" value="/Users/atalati/vscode-extension/main-repo/javavscode/netbeans/nbbuild/netbeans/enterprise" />
    <property name="enterprise/websvc.rest.dir" value="/Users/atalati/vscode-extension/main-repo/javavscode/netbeans/nbbuild/netbeans/enterprise" />
    <property name="java.graph.dir" value="/Users/atalati/vscode-extension/main-repo/javavscode/netbeans/nbbuild/netbeans/java" />
    <property name="nbm.is.global" value="" />
    <property name="ide/o.eclipse.mylyn.wikitext.textile.core.dir" value="/Users/atalati/vscode-extension/main-repo/javavscode/netbeans/nbbuild/netbeans/ide" />
    <property name="php/php.editor.dir" value="/Users/atalati/vscode-extension/main-repo/javavscode/netbeans/nbbuild/netbeans/php" />
    <property name="tsaurl" value="" />
    <property name="ide/xml.dir" value="/Users/atalati/vscode-extension/main-repo/javavscode/netbeans/nbbuild/netbeans/ide" />
    <property name="nb.cluster.3rdparty.dir" value="extra" />
    <property name="xml.tools.java.dir" value="/Users/atalati/vscode-extension/main-repo/javavscode/netbeans/nbbuild/netbeans/java" />
    <property name="nb/deadlock.detector.dir" value="/Users/atalati/vscode-extension/main-repo/javavscode/netbeans/nbbuild/netbeans/nb" />
    <property name="test-unit-sys-prop.test.netbeans.dest.dir" value="/Users/atalati/vscode-extension/main-repo/javavscode/netbeans/nbbuild/netbeans" />
    <property name="maven.kit.dir" value="/Users/atalati/vscode-extension/main-repo/javavscode/netbeans/nbbuild/netbeans/java" />
    <property name="ide/o.eclipse.core.jobs.dir" value="/Users/atalati/vscode-extension/main-repo/javavscode/netbeans/nbbuild/netbeans/ide" />
    <property name="weblogic.common.dir" value="/Users/atalati/vscode-extension/main-repo/javavscode/netbeans/nbbuild/netbeans/enterprise" />
    <property name="parsing.lucene.dir" value="/Users/atalati/vscode-extension/main-repo/javavscode/netbeans/nbbuild/netbeans/ide" />
    <property name="clusters.prefix" value="libnb" />
    <property name="o.eclipse.mylyn.wikitext.confluence.core.dir" value="/Users/atalati/vscode-extension/main-repo/javavscode/netbeans/nbbuild/netbeans/ide" />
    <property name="debugger.jpda.visual.dir" value="/Users/atalati/vscode-extension/main-repo/javavscode/netbeans/nbbuild/netbeans/java" />
    <property name="openide.loaders.dir" value="/Users/atalati/vscode-extension/main-repo/javavscode/netbeans/nbbuild/netbeans/platform" />
    <property name="java.vm.specification.vendor" value="Oracle Corporation" />
    <property name="keyring.dir" value="/Users/atalati/vscode-extension/main-repo/javavscode/netbeans/nbbuild/netbeans/platform" />
    <property name="csl.api.dir" value="/Users/atalati/vscode-extension/main-repo/javavscode/netbeans/nbbuild/netbeans/ide" />
    <property name="ide/image.dir" value="/Users/atalati/vscode-extension/main-repo/javavscode/netbeans/nbbuild/netbeans/ide" />
    <property name="libs.jsr223.dir" value="/Users/atalati/vscode-extension/main-repo/javavscode/netbeans/nbbuild/netbeans/platform" />
    <property name="platform/queries.dir" value="/Users/atalati/vscode-extension/main-repo/javavscode/netbeans/nbbuild/netbeans/platform" />
    <property name="platform/keyring.fallback.dir" value="/Users/atalati/vscode-extension/main-repo/javavscode/netbeans/nbbuild/netbeans/platform" />
    <property name="web.indent.dir" value="/Users/atalati/vscode-extension/main-repo/javavscode/netbeans/nbbuild/netbeans/ide" />
    <property name="j2ee.genericserver.dir" value="/Users/atalati/vscode-extension/main-repo/javavscode/netbeans/nbbuild/netbeans/enterprise" />
    <property name="xml.text.dir" value="/Users/atalati/vscode-extension/main-repo/javavscode/netbeans/nbbuild/netbeans/ide" />
    <property name="o.eclipse.mylyn.bugzilla.core.dir" value="/Users/atalati/vscode-extension/main-repo/javavscode/netbeans/nbbuild/netbeans/ide" />
    <property name="profiler/profiler.projectsupport.dir" value="/Users/atalati/vscode-extension/main-repo/javavscode/netbeans/nbbuild/netbeans/profiler" />
    <property name="php/php.code.analysis.dir" value="/Users/atalati/vscode-extension/main-repo/javavscode/netbeans/nbbuild/netbeans/php" />
    <property name="php/php.api.testing.dir" value="/Users/atalati/vscode-extension/main-repo/javavscode/netbeans/nbbuild/netbeans/php" />
    <property name="platform/libs.jsr223.dir" value="/Users/atalati/vscode-extension/main-repo/javavscode/netbeans/nbbuild/netbeans/platform" />
    <property name="ide.branding.dir" value="/Users/atalati/vscode-extension/main-repo/javavscode/netbeans/nbbuild/netbeans/nb" />
    <property name="localtasks.dir" value="/Users/atalati/vscode-extension/main-repo/javavscode/netbeans/nbbuild/netbeans/ide" />
    <property name="languages.dir" value="/Users/atalati/vscode-extension/main-repo/javavscode/netbeans/nbbuild/netbeans/ide" />
    <property name="deadlock.detector.dir" value="/Users/atalati/vscode-extension/main-repo/javavscode/netbeans/nbbuild/netbeans/nb" />
    <property name="o.eclipse.mylyn.commons.xmlrpc.dir" value="/Users/atalati/vscode-extension/main-repo/javavscode/netbeans/nbbuild/netbeans/ide" />
    <property name="javascript.grunt.dir" value="/Users/atalati/vscode-extension/main-repo/javavscode/netbeans/nbbuild/netbeans/webcommon" />
    <property name="java/java.project.dir" value="/Users/atalati/vscode-extension/main-repo/javavscode/netbeans/nbbuild/netbeans/java" />
    <property name="java/java.hints.declarative.test.dir" value="/Users/atalati/vscode-extension/main-repo/javavscode/netbeans/nbbuild/netbeans/java" />
    <property name="ant.file.no-testcoverage" value="/Users/atalati/vscode-extension/main-repo/javavscode/netbeans/nbbuild/templates/no-testcoverage.xml" />
    <property name="php/languages.neon.dir" value="/Users/atalati/vscode-extension/main-repo/javavscode/netbeans/nbbuild/netbeans/php" />
    <property name="php/php.symfony2.dir" value="/Users/atalati/vscode-extension/main-repo/javavscode/netbeans/nbbuild/netbeans/php" />
    <property name="public.packages" value="org.netbeans.modules.java.lsp.server.ui.*" />
    <property name="ide/xml.text.obsolete90.dir" value="/Users/atalati/vscode-extension/main-repo/javavscode/netbeans/nbbuild/netbeans/ide" />
    <property name="libs.nbi.ant.dir" value="/Users/atalati/vscode-extension/main-repo/javavscode/netbeans/nbbuild/netbeans/harness" />
    <property name="ide/libs.xerces.dir" value="/Users/atalati/vscode-extension/main-repo/javavscode/netbeans/nbbuild/netbeans/ide" />
    <property name="php/php.nette.tester.dir" value="/Users/atalati/vscode-extension/main-repo/javavscode/netbeans/nbbuild/netbeans/php" />
    <property name="enterprise/websvc.kit.dir" value="/Users/atalati/vscode-extension/main-repo/javavscode/netbeans/nbbuild/netbeans/enterprise" />
    <property name="java/java.hints.declarative.dir" value="/Users/atalati/vscode-extension/main-repo/javavscode/netbeans/nbbuild/netbeans/java" />
    <property name="webcommon/libs.plist.dir" value="/Users/atalati/vscode-extension/main-repo/javavscode/netbeans/nbbuild/netbeans/webcommon" />
    <property name="validation.nb.cluster.profiler" value="profiler.kit" />
    <property name="apisupport.wizards.dir" value="/Users/atalati/vscode-extension/main-repo/javavscode/netbeans/nbbuild/netbeans/apisupport" />
    <property name="javascript2.sdoc.dir" value="/Users/atalati/vscode-extension/main-repo/javavscode/netbeans/nbbuild/netbeans/webcommon" />
    <property name="java.openjdk.project.dir" value="/Users/atalati/vscode-extension/main-repo/javavscode/netbeans/nbbuild/netbeans/java" />
    <property name="jms-desktop.flags.jvm" value="--add-opens=java.desktop/javax.swing.plaf.basic=ALL-UNNAMED --add-opens=java.desktop/javax.swing.text=ALL-UNNAMED --add-opens=java.desktop/javax.swing=ALL-UNNAMED --add-opens=java.desktop/java.awt=ALL-UNNAMED --add-opens=java.desktop/java.awt.event=ALL-UNNAMED --add-opens=java.desktop/sun.awt.X11=ALL-UNNAMED --add-opens=java.desktop/javax.swing.plaf.synth=ALL-UNNAMED --add-opens=java.desktop/com.sun.java.swing.plaf.gtk=ALL-UNNAMED --add-opens=java.desktop/com.sun.java.swing.plaf.windows=ALL-UNNAMED --add-opens=java.desktop/com.apple.laf=ALL-UNNAMED --add-opens=java.desktop/sun.awt.shell=ALL-UNNAMED --add-opens=java.desktop/sun.awt.im=ALL-UNNAMED --add-exports=java.desktop/sun.awt=ALL-UNNAMED --add-exports=java.desktop/java.awt.peer=ALL-UNNAMED --add-exports=java.desktop/com.sun.beans.editors=ALL-UNNAMED --add-exports=java.desktop/sun.swing=ALL-UNNAMED --add-exports=java.desktop/sun.awt.im=ALL-UNNAMED --add-exports=java.desktop/com.sun.java.swing.plaf.motif=ALL-UNNAMED --add-exports=java.desktop/com.apple.eio=ALL-UNNAMED " />
    <property name="platform/masterfs.linux.dir" value="/Users/atalati/vscode-extension/main-repo/javavscode/netbeans/nbbuild/netbeans/platform" />
    <property name="test.includes" value="**/*Test.class" />
    <property name="web.debug.dir" value="/Users/atalati/vscode-extension/main-repo/javavscode/netbeans/nbbuild/netbeans/enterprise" />
    <property name="module.auto.deps.xml" value="/Users/atalati/vscode-extension/main-repo/javavscode/netbeans/java/java.lsp.server/module-auto-deps.xml" />
    <property name="java/java.source.queries.dir" value="/Users/atalati/vscode-extension/main-repo/javavscode/netbeans/nbbuild/netbeans/java" />
    <property name="groovy/groovy.editor.dir" value="/Users/atalati/vscode-extension/main-repo/javavscode/netbeans/nbbuild/netbeans/groovy" />
    <property name="java/debugger.jpda.jsui.dir" value="/Users/atalati/vscode-extension/main-repo/javavscode/netbeans/nbbuild/netbeans/java" />
    <property name="net.java.html.geo.dir" value="/Users/atalati/vscode-extension/main-repo/javavscode/netbeans/nbbuild/netbeans/platform" />
    <property name="php.phpunit.dir" value="/Users/atalati/vscode-extension/main-repo/javavscode/netbeans/nbbuild/netbeans/php" />
    <property name="module.l10n.files.toString" value="patternSet{ includes: [I/dont/exist/at/all] excludes: [] }" />
    <property name="nb.cluster.team" value="bugtracking.kenai,c.tasktop.c2c.server.cloud.api,c.tasktop.c2c.server.common.api,c.tasktop.c2c.server.profile.api,c.tasktop.c2c.server.scm.api,c.tasktop.c2c.server.tasks.api,c.tasktop.c2c.server.wiki.api,kenai,kenai.kit,kenai.maven,kenai.ui,lib.cvsclient,o.codehaus.jackson.core,o.codehaus.jackson.mapper,odcs,odcs.git,odcs.hudson,odcs.kit,odcs.tasks,odcs.tasks.bridge,odcs.ui,odcs.versioning,oracle.clouddev.server.profile.activity.client.api,oracle.clouddev.server.profile.activity.client.rest,oracle.eclipse.tools.cloud.dev.tasks,team.server,team.server.nb,versioning.kenai,versioning.system.cvss" />
    <property name="java.disco.dir" value="/Users/atalati/vscode-extension/main-repo/javavscode/netbeans/nbbuild/netbeans/java" />
    <property name="websvc.customization.dir" value="/Users/atalati/vscode-extension/main-repo/javavscode/netbeans/nbbuild/netbeans/enterprise" />
    <property name="o.n.upgrader.dir" value="/Users/atalati/vscode-extension/main-repo/javavscode/netbeans/nbbuild/netbeans/nb" />
    <property name="jakartaee8.api.dir" value="/Users/atalati/vscode-extension/main-repo/javavscode/netbeans/nbbuild/netbeans/enterprise" />
    <property name="platform/core.kit.dir" value="/Users/atalati/vscode-extension/main-repo/javavscode/netbeans/nbbuild/netbeans/platform" />
    <property name="module.id" value="java.lsp.server" />
    <property name="profiler/profiler.freeform.dir" value="/Users/atalati/vscode-extension/main-repo/javavscode/netbeans/nbbuild/netbeans/profiler" />
    <property name="user.home" value="/Users/atalati" />
    <property name="gsf.codecoverage.dir" value="/Users/atalati/vscode-extension/main-repo/javavscode/netbeans/nbbuild/netbeans/ide" />
    <property name="spi.navigator.dir" value="/Users/atalati/vscode-extension/main-repo/javavscode/netbeans/nbbuild/netbeans/ide" />
    <property name="gradle.groovy.dir" value="/Users/atalati/vscode-extension/main-repo/javavscode/netbeans/nbbuild/netbeans/groovy" />
    <property name="j2ee.sun.dd.dir" value="/Users/atalati/vscode-extension/main-repo/javavscode/netbeans/nbbuild/netbeans/enterprise" />
    <property name="core.osgi.dir" value="/Users/atalati/vscode-extension/main-repo/javavscode/netbeans/nbbuild/netbeans/platform" />
    <property name="ide/lexer.antlr4.dir" value="/Users/atalati/vscode-extension/main-repo/javavscode/netbeans/nbbuild/netbeans/ide" />
    <property name="cluster.path.evaluated" value=":/Users/atalati/vscode-extension/main-repo/javavscode/netbeans/nbbuild/netbeans/platform:/Users/atalati/vscode-extension/main-repo/javavscode/netbeans/nbbuild/netbeans/platform:/Users/atalati/vscode-extension/main-repo/javavscode/netbeans/nbbuild/netbeans/ide:/Users/atalati/vscode-extension/main-repo/javavscode/netbeans/nbbuild/netbeans/java:/Users/atalati/vscode-extension/main-repo/javavscode/netbeans/nbbuild/netbeans/apisupport:/Users/atalati/vscode-extension/main-repo/javavscode/netbeans/nbbuild/netbeans/enterprise:/Users/atalati/vscode-extension/main-repo/javavscode/netbeans/nbbuild/netbeans/ergonomics:/Users/atalati/vscode-extension/main-repo/javavscode/netbeans/nbbuild/netbeans/nb:/Users/atalati/vscode-extension/main-repo/javavscode/netbeans/nbbuild/netbeans/extra:/Users/atalati/vscode-extension/main-repo/javavscode/netbeans/nbbuild/netbeans/harness:/Users/atalati/vscode-extension/main-repo/javavscode/netbeans/nbbuild/netbeans/profiler:/Users/atalati/vscode-extension/main-repo/javavscode/netbeans/nbbuild/netbeans/php:/Users/atalati/vscode-extension/main-repo/javavscode/netbeans/nbbuild/netbeans/groovy:/Users/atalati/vscode-extension/main-repo/javavscode/netbeans/nbbuild/netbeans/identity:/Users/atalati/vscode-extension/main-repo/javavscode/netbeans/nbbuild/netbeans/cnd:/Users/atalati/vscode-extension/main-repo/javavscode/netbeans/nbbuild/netbeans/cndext:/Users/atalati/vscode-extension/main-repo/javavscode/netbeans/nbbuild/netbeans/rust:/Users/atalati/vscode-extension/main-repo/javavscode/netbeans/nbbuild/netbeans/cpplite:/Users/atalati/vscode-extension/main-repo/javavscode/netbeans/nbbuild/netbeans/dlight:/Users/atalati/vscode-extension/main-repo/javavscode/netbeans/nbbuild/netbeans/extra:/Users/atalati/vscode-extension/main-repo/javavscode/netbeans/nbbuild/netbeans/extra:/Users/atalati/vscode-extension/main-repo/javavscode/netbeans/nbbuild/netbeans/extra:/Users/atalati/vscode-extension/main-repo/javavscode/netbeans/nbbuild/netbeans/extide:/Users/atalati/vscode-extension/main-repo/javavscode/netbeans/nbbuild/netbeans/webcommon:/Users/atalati/vscode-extension/main-repo/javavscode/netbeans/nbbuild/netbeans/websvccommon:/Users/atalati/vscode-extension/main-repo/javavscode/netbeans/nbbuild/netbeans/javafx" />
    <property name="debugger.jpda.trufflenode.dir" value="/Users/atalati/vscode-extension/main-repo/javavscode/netbeans/nbbuild/netbeans/java" />
    <property name="jellytools.java.dir" value="/Users/atalati/vscode-extension/main-repo/javavscode/netbeans/nbbuild/netbeans/java" />
    <property name="build.package.compress" value="false" />
    <property name="o.apache.xmlrpc.dir" value="/Users/atalati/vscode-extension/main-repo/javavscode/netbeans/nbbuild/netbeans/ide" />
    <property name="lexer.antlr4.dir" value="/Users/atalati/vscode-extension/main-repo/javavscode/netbeans/nbbuild/netbeans/ide" />
    <property name="php/selenium2.php.dir" value="/Users/atalati/vscode-extension/main-repo/javavscode/netbeans/nbbuild/netbeans/php" />
    <property name="favorites.dir" value="/Users/atalati/vscode-extension/main-repo/javavscode/netbeans/nbbuild/netbeans/platform" />
    <property name="websvccommon/websvc.saas.api.dir" value="/Users/atalati/vscode-extension/main-repo/javavscode/netbeans/nbbuild/netbeans/websvccommon" />
    <property name="enterprise/web.client.rest.dir" value="/Users/atalati/vscode-extension/main-repo/javavscode/netbeans/nbbuild/netbeans/enterprise" />
    <property name="platform/openide.nodes.dir" value="/Users/atalati/vscode-extension/main-repo/javavscode/netbeans/nbbuild/netbeans/platform" />
    <property name="core.startup.base.dir" value="/Users/atalati/vscode-extension/main-repo/javavscode/netbeans/nbbuild/netbeans/platform" />
    <property name="profiler.api.dir" value="/Users/atalati/vscode-extension/main-repo/javavscode/netbeans/nbbuild/netbeans/profiler" />
    <property name="test.unit.run.cp.extra" value="" />
    <property name="java.source.dir" value="/Users/atalati/vscode-extension/main-repo/javavscode/netbeans/nbbuild/netbeans/java" />
    <property name="build.test.qa-functional.dir" value="/Users/atalati/vscode-extension/main-repo/javavscode/netbeans/java/java.lsp.server/build/test/qa-functional" />
    <property name="spi.debugger.jpda.ui.dir" value="/Users/atalati/vscode-extension/main-repo/javavscode/netbeans/nbbuild/netbeans/java" />
    <property name="platform/openide.actions.dir" value="/Users/atalati/vscode-extension/main-repo/javavscode/netbeans/nbbuild/netbeans/platform" />
    <property name="javafx/javafx2.project.dir" value="/Users/atalati/vscode-extension/main-repo/javavscode/netbeans/nbbuild/netbeans/javafx" />
    <property name="java.j2sedeploy.dir" value="/Users/atalati/vscode-extension/main-repo/javavscode/netbeans/nbbuild/netbeans/java" />
    <property name="nb.cluster.php.dir" value="php" />
    <property name="enterprise/web.debug.dir" value="/Users/atalati/vscode-extension/main-repo/javavscode/netbeans/nbbuild/netbeans/enterprise" />
    <property name="masterfs.dir" value="/Users/atalati/vscode-extension/main-repo/javavscode/netbeans/nbbuild/netbeans/platform" />
    <property name="platform/openide.modules.dir" value="/Users/atalati/vscode-extension/main-repo/javavscode/netbeans/nbbuild/netbeans/platform" />
    <property name="java.debug.dir" value="/Users/atalati/vscode-extension/main-repo/javavscode/netbeans/nbbuild/netbeans/java" />
    <property name="enterprise/web.project.dir" value="/Users/atalati/vscode-extension/main-repo/javavscode/netbeans/nbbuild/netbeans/enterprise" />
    <property name="locjar.locales" value="" />
    <property name="tsacert" value="" />
    <property name="platform/applemenu.dir" value="/Users/atalati/vscode-extension/main-repo/javavscode/netbeans/nbbuild/netbeans/platform" />
    <property name="httpserver.dir" value="/Users/atalati/vscode-extension/main-repo/javavscode/netbeans/nbbuild/netbeans/ide" />
    <property name="java/form.refactoring.dir" value="/Users/atalati/vscode-extension/main-repo/javavscode/netbeans/nbbuild/netbeans/java" />
    <property name="enterprise/websvc.customization.dir" value="/Users/atalati/vscode-extension/main-repo/javavscode/netbeans/nbbuild/netbeans/enterprise" />
    <property name="ide/mercurial.dir" value="/Users/atalati/vscode-extension/main-repo/javavscode/netbeans/nbbuild/netbeans/ide" />
    <property name="project.dependency.dir" value="/Users/atalati/vscode-extension/main-repo/javavscode/netbeans/nbbuild/netbeans/ide" />
    <property name="hudson.TERM_FEATURES" value="T3LrMSc7UUw9Ts3BFGsSyHNoSxF" />
    <property name="nb.clusters.list" value="nb.cluster.harness,nb.cluster.bootstrap,nb.cluster.platform,nb.cluster.ide,nb.cluster.extide,nb.cluster.websvccommon,nb.cluster.java,nb.cluster.javafx,nb.cluster.profiler,nb.cluster.3rdparty,nb.cluster.nb,nb.cluster.apisupport,nb.cluster.webcommon,nb.cluster.php,nb.cluster.groovy,nb.cluster.enterprise,nb.cluster.cpplite,nb.cluster.ergonomics" />
    <property name="ide/gsf.codecoverage.dir" value="/Users/atalati/vscode-extension/main-repo/javavscode/netbeans/nbbuild/netbeans/ide" />
    <property name="php/php.project.dir" value="/Users/atalati/vscode-extension/main-repo/javavscode/netbeans/nbbuild/netbeans/php" />
    <property name="ide/o.apache.commons.httpclient.dir" value="/Users/atalati/vscode-extension/main-repo/javavscode/netbeans/nbbuild/netbeans/ide" />
    <property name="javascript2.kit.dir" value="/Users/atalati/vscode-extension/main-repo/javavscode/netbeans/nbbuild/netbeans/webcommon" />
    <property name="webcommon/web.clientproject.api.dir" value="/Users/atalati/vscode-extension/main-repo/javavscode/netbeans/nbbuild/netbeans/webcommon" />
    <property name="xml.retriever.dir" value="/Users/atalati/vscode-extension/main-repo/javavscode/netbeans/nbbuild/netbeans/ide" />
    <property name="ant.file.jdk" value="/Users/atalati/vscode-extension/main-repo/javavscode/netbeans/nbbuild/jdk.xml" />
    <property name="platform/uihandler.dir" value="/Users/atalati/vscode-extension/main-repo/javavscode/netbeans/nbbuild/netbeans/platform" />
    <property name="test.qa-functional.compile.cp" value="/Users/atalati/vscode-extension/main-repo/javavscode/netbeans/nbbuild/netbeans/platform/modules/org-netbeans-libs-junit4.jar:/Users/atalati/vscode-extension/main-repo/javavscode/netbeans/nbbuild/netbeans/harness/modules/org-netbeans-modules-nbjunit.jar:/Users/atalati/vscode-extension/main-repo/javavscode/netbeans/nbbuild/netbeans/harness/modules/org-netbeans-insane.jar:/Users/atalati/vscode-extension/main-repo/javavscode/netbeans/nbbuild/netbeans/java/modules/org-netbeans-modules-java-j2seproject.jar:/Users/atalati/vscode-extension/main-repo/javavscode/netbeans/nbbuild/build/testdist/qa-functional/java/org-netbeans-modules-java-j2seproject/tests.jar:/Users/atalati/vscode-extension/main-repo/javavscode/netbeans/nbbuild/build/testdist/unit/java/org-netbeans-modules-java-j2seproject/tests.jar:/Users/atalati/vscode-extension/main-repo/javavscode/netbeans/nbbuild/netbeans/harness/modules/org-netbeans-modules-jemmy.jar" />
    <property name="enterprise/glassfish.common.dir" value="/Users/atalati/vscode-extension/main-repo/javavscode/netbeans/nbbuild/netbeans/enterprise" />
    <property name="hudson.php.dir" value="/Users/atalati/vscode-extension/main-repo/javavscode/netbeans/nbbuild/netbeans/php" />
    <property name="java/lib.nbjshell.dir" value="/Users/atalati/vscode-extension/main-repo/javavscode/netbeans/nbbuild/netbeans/java" />
    <property name="java/java.editor.dir" value="/Users/atalati/vscode-extension/main-repo/javavscode/netbeans/nbbuild/netbeans/java" />
    <property name="libs.corba.omgapi.dir" value="/Users/atalati/vscode-extension/main-repo/javavscode/netbeans/nbbuild/netbeans/java" />
    <property name="enterprise/payara.jakartaee.dir" value="/Users/atalati/vscode-extension/main-repo/javavscode/netbeans/nbbuild/netbeans/enterprise" />
    <property name="websvc.websvcapi.dir" value="/Users/atalati/vscode-extension/main-repo/javavscode/netbeans/nbbuild/netbeans/enterprise" />
    <property name="enterprise/web.jsf12ri.dir" value="/Users/atalati/vscode-extension/main-repo/javavscode/netbeans/nbbuild/netbeans/enterprise" />
    <property name="platform/masterfs.windows.dir" value="/Users/atalati/vscode-extension/main-repo/javavscode/netbeans/nbbuild/netbeans/platform" />
    <property name="nb.cluster.php.depends" value="nb.cluster.platform,nb.cluster.ide,nb.cluster.extide,nb.cluster.webcommon,nb.cluster.websvccommon" />
    <property name="webcommon/typescript.editor.dir" value="/Users/atalati/vscode-extension/main-repo/javavscode/netbeans/nbbuild/netbeans/webcommon" />
    <property name="openide.options.dir" value="/Users/atalati/vscode-extension/main-repo/javavscode/netbeans/nbbuild/netbeans/platform" />
    <property name="ide/editor.settings.storage.dir" value="/Users/atalati/vscode-extension/main-repo/javavscode/netbeans/nbbuild/netbeans/ide" />
    <property name="spec.version.base.fatal.warning" value="true" />
    <property name="java/testng.ant.dir" value="/Users/atalati/vscode-extension/main-repo/javavscode/netbeans/nbbuild/netbeans/java" />
    <property name="html.indexing.dir" value="/Users/atalati/vscode-extension/main-repo/javavscode/netbeans/nbbuild/netbeans/ide" />
    <property name="libs.json_simple.dir" value="/Users/atalati/vscode-extension/main-repo/javavscode/netbeans/nbbuild/netbeans/ide" />
    <property name="ide/tasklist.todo.dir" value="/Users/atalati/vscode-extension/main-repo/javavscode/netbeans/nbbuild/netbeans/ide" />
    <property name="nbm" value="org-netbeans-modules-java-lsp-server.nbm" />
    <property name="ide/swing.validation.dir" value="/Users/atalati/vscode-extension/main-repo/javavscode/netbeans/nbbuild/netbeans/ide" />
    <property name="project.spi.intern.impl.dir" value="/Users/atalati/vscode-extension/main-repo/javavscode/netbeans/nbbuild/netbeans/ide" />
    <property name="nb.cluster.extide.dir" value="extide" />
    <property name="platform/core.startup.dir" value="/Users/atalati/vscode-extension/main-repo/javavscode/netbeans/nbbuild/netbeans/platform" />
    <property name="lib.profiler.charts.dir" value="/Users/atalati/vscode-extension/main-repo/javavscode/netbeans/nbbuild/netbeans/profiler" />
    <property name="java/java.source.ant.dir" value="/Users/atalati/vscode-extension/main-repo/javavscode/netbeans/nbbuild/netbeans/java" />
    <property name="java/javadoc.dir" value="/Users/atalati/vscode-extension/main-repo/javavscode/netbeans/nbbuild/netbeans/java" />
    <property name="o.apache.commons.lang3.dir" value="/Users/atalati/vscode-extension/main-repo/javavscode/netbeans/nbbuild/netbeans/platform" />
    <property name="libs.git.dir" value="/Users/atalati/vscode-extension/main-repo/javavscode/netbeans/nbbuild/netbeans/ide" />
    <property name="web.jsfapi.dir" value="/Users/atalati/vscode-extension/main-repo/javavscode/netbeans/nbbuild/netbeans/enterprise" />
    <property name="ide/editor.search.dir" value="/Users/atalati/vscode-extension/main-repo/javavscode/netbeans/nbbuild/netbeans/ide" />
    <property name="build.compiler.deprecation" value="true" />
    <property name="debugger.jpda.heapwalk.dir" value="/Users/atalati/vscode-extension/main-repo/javavscode/netbeans/nbbuild/netbeans/profiler" />
    <property name="java.testrunner.ui.dir" value="/Users/atalati/vscode-extension/main-repo/javavscode/netbeans/nbbuild/netbeans/java" />
    <property name="junit.dir" value="/Users/atalati/vscode-extension/main-repo/javavscode/netbeans/nbbuild/netbeans/java" />
    <property name="projectuiapi.base.dir" value="/Users/atalati/vscode-extension/main-repo/javavscode/netbeans/nbbuild/netbeans/ide" />
    <property name="ide/defaults.dir" value="/Users/atalati/vscode-extension/main-repo/javavscode/netbeans/nbbuild/netbeans/ide" />
    <property name="o.apache.commons.httpclient.dir" value="/Users/atalati/vscode-extension/main-repo/javavscode/netbeans/nbbuild/netbeans/ide" />
    <property name="cloud.common.dir" value="/Users/atalati/vscode-extension/main-repo/javavscode/netbeans/nbbuild/netbeans/enterprise" />
    <property name="junit.ant.ui.dir" value="/Users/atalati/vscode-extension/main-repo/javavscode/netbeans/nbbuild/netbeans/java" />
    <property name="hudson.TMPDIR" value="/var/folders/gy/6knb6bv9547_4hb7kryqlnv40000gn/T/" />
    <property name="libs.batik.read.dir" value="/Users/atalati/vscode-extension/main-repo/javavscode/netbeans/nbbuild/netbeans/platform" />
    <property name="nbjunit.dir" value="/Users/atalati/vscode-extension/main-repo/javavscode/netbeans/nbbuild/netbeans/harness" />
    <property name="ide/team.commons.dir" value="/Users/atalati/vscode-extension/main-repo/javavscode/netbeans/nbbuild/netbeans/ide" />
    <property name="locales" value="" />
    <property name="websvc.wsstackapi.dir" value="/Users/atalati/vscode-extension/main-repo/javavscode/netbeans/nbbuild/netbeans/enterprise" />
    <property name="properties.dir" value="/Users/atalati/vscode-extension/main-repo/javavscode/netbeans/nbbuild/netbeans/ide" />
    <property name="hudson._CE_CONDA" value="" />
    <property name="cluster.dir" value="java" />
    <property name="webcommon/javascript2.requirejs.dir" value="/Users/atalati/vscode-extension/main-repo/javavscode/netbeans/nbbuild/netbeans/webcommon" />
    <property name="validation.nb.cluster.platform" value="o.n.core,core.windows,javahelp" />
    <property name="php/php.latte.dir" value="/Users/atalati/vscode-extension/main-repo/javavscode/netbeans/nbbuild/netbeans/php" />
    <property name="hudson.LC_TERMINAL" value="iTerm2" />
    <property name="apisupport.installer.maven.dir" value="/Users/atalati/vscode-extension/main-repo/javavscode/netbeans/nbbuild/netbeans/apisupport" />
    <property name="ide/options.editor.dir" value="/Users/atalati/vscode-extension/main-repo/javavscode/netbeans/nbbuild/netbeans/ide" />
    <property name="enterprise/servletjspapi.dir" value="/Users/atalati/vscode-extension/main-repo/javavscode/netbeans/nbbuild/netbeans/enterprise" />
    <property name="ide/core.browser.webview.dir" value="/Users/atalati/vscode-extension/main-repo/javavscode/netbeans/nbbuild/netbeans/ide" />
    <property name="o.eclipse.core.runtime.compatibility.auth.dir" value="/Users/atalati/vscode-extension/main-repo/javavscode/netbeans/nbbuild/netbeans/ide" />
    <property name="java/selenium2.java.dir" value="/Users/atalati/vscode-extension/main-repo/javavscode/netbeans/nbbuild/netbeans/java" />
    <property name="net.java.html.boot.dir" value="/Users/atalati/vscode-extension/main-repo/javavscode/netbeans/nbbuild/netbeans/platform" />
    <property name="swing.validation.dir" value="/Users/atalati/vscode-extension/main-repo/javavscode/netbeans/nbbuild/netbeans/ide" />
    <property name="gradle.spring.dir" value="/Users/atalati/vscode-extension/main-repo/javavscode/netbeans/nbbuild/netbeans/java" />
    <property name="jakartaee10.platform.dir" value="/Users/atalati/vscode-extension/main-repo/javavscode/netbeans/nbbuild/netbeans/enterprise" />
    <property name="languages.diff.dir" value="/Users/atalati/vscode-extension/main-repo/javavscode/netbeans/nbbuild/netbeans/ide" />
    <property name="layer.file" value="org/netbeans/modules/java/lsp/server/layer.xml" />
    <property name="openide.execution.dir" value="/Users/atalati/vscode-extension/main-repo/javavscode/netbeans/nbbuild/netbeans/platform" />
    <property name="webcommon/javascript.nodejs.dir" value="/Users/atalati/vscode-extension/main-repo/javavscode/netbeans/nbbuild/netbeans/webcommon" />
    <property name="platform/openide.util.ui.svg.dir" value="/Users/atalati/vscode-extension/main-repo/javavscode/netbeans/nbbuild/netbeans/platform" />
    <property name="i18n.dir" value="/Users/atalati/vscode-extension/main-repo/javavscode/netbeans/nbbuild/netbeans/java" />
    <property name="platform/settings.dir" value="/Users/atalati/vscode-extension/main-repo/javavscode/netbeans/nbbuild/netbeans/platform" />
    <property name="user.country" value="IN" />
    <property name="enterprise/websvc.projectapi.dir" value="/Users/atalati/vscode-extension/main-repo/javavscode/netbeans/nbbuild/netbeans/enterprise" />
    <property name="javafx/javafx2.editor.dir" value="/Users/atalati/vscode-extension/main-repo/javavscode/netbeans/nbbuild/netbeans/javafx" />
    <property name="javaee.api.dir" value="/Users/atalati/vscode-extension/main-repo/javavscode/netbeans/nbbuild/netbeans/enterprise" />
    <property name="profiler.nbmodule.dir" value="/Users/atalati/vscode-extension/main-repo/javavscode/netbeans/nbbuild/netbeans/profiler" />
    <property name="disable.apple.ui" value="true" />
    <property name="locmakenbm.locales" value="" />
    <property name="ide/bcpkix.dir" value="/Users/atalati/vscode-extension/main-repo/javavscode/netbeans/nbbuild/netbeans/ide" />
    <property name="j2ee.persistence.dir" value="/Users/atalati/vscode-extension/main-repo/javavscode/netbeans/nbbuild/netbeans/java" />
    <property name="php.api.phpmodule.dir" value="/Users/atalati/vscode-extension/main-repo/javavscode/netbeans/nbbuild/netbeans/php" />
    <property name="lib.nbjshell9.dir" value="/Users/atalati/vscode-extension/main-repo/javavscode/netbeans/nbbuild/netbeans/java" />
    <property name="spellchecker.kit.dir" value="/Users/atalati/vscode-extension/main-repo/javavscode/netbeans/nbbuild/netbeans/ide" />
    <property name="languages.apacheconf.dir" value="/Users/atalati/vscode-extension/main-repo/javavscode/netbeans/nbbuild/netbeans/webcommon" />
    <property name="nb.cluster.cnd.dir" value="cnd" />
    <property name="java.source.base.dir" value="/Users/atalati/vscode-extension/main-repo/javavscode/netbeans/nbbuild/netbeans/java" />
    <property name="platform/openide.io.dir" value="/Users/atalati/vscode-extension/main-repo/javavscode/netbeans/nbbuild/netbeans/platform" />
    <property name="validation.nb.cluster.java" value="java.hints,java.kit" />
    <property name="jellytools.platform.dir" value="/Users/atalati/vscode-extension/main-repo/javavscode/netbeans/nbbuild/netbeans/harness" />
    <property name="ide/javascript2.debug.dir" value="/Users/atalati/vscode-extension/main-repo/javavscode/netbeans/nbbuild/netbeans/ide" />
    <property name="xml.core.dir" value="/Users/atalati/vscode-extension/main-repo/javavscode/netbeans/nbbuild/netbeans/ide" />
    <property name="ide/subversion.dir" value="/Users/atalati/vscode-extension/main-repo/javavscode/netbeans/nbbuild/netbeans/ide" />
    <property name="build.compiler.optimize" value="off" />
    <property name="parsing.ui.dir" value="/Users/atalati/vscode-extension/main-repo/javavscode/netbeans/nbbuild/netbeans/ide" />
    <property name="clusters.config.groovy.list" value="nb.cluster.harness,nb.cluster.bootstrap,nb.cluster.platform,nb.cluster.ide,nb.cluster.extide,nb.cluster.websvccommon,nb.cluster.java,nb.cluster.javafx,nb.cluster.profiler,nb.cluster.3rdparty,nb.cluster.nb,nb.cluster.groovy" />
    <property name="gototest.dir" value="/Users/atalati/vscode-extension/main-repo/javavscode/netbeans/nbbuild/netbeans/ide" />
    <property name="netbeans.zipped.sources.dir" value="/Users/atalati/vscode-extension/main-repo/javavscode/netbeans/java/java.lsp.server/${build}/sources" />
    <property name="glassfish.javaee.dir" value="/Users/atalati/vscode-extension/main-repo/javavscode/netbeans/nbbuild/netbeans/enterprise" />
    <property name="php/php.codeception.dir" value="/Users/atalati/vscode-extension/main-repo/javavscode/netbeans/nbbuild/netbeans/php" />
    <property name="lsp.client.dir" value="/Users/atalati/vscode-extension/main-repo/javavscode/netbeans/nbbuild/netbeans/ide" />
    <property name="java.runtime.name" value="Java(TM) SE Runtime Environment" />
    <property name="enterprise/j2ee.ejbverification.dir" value="/Users/atalati/vscode-extension/main-repo/javavscode/netbeans/nbbuild/netbeans/enterprise" />
    <property name="hudson.http_proxy" value="http://www-proxy.us.oracle.com:80" />
    <property name="ide/versioning.masterfs.dir" value="/Users/atalati/vscode-extension/main-repo/javavscode/netbeans/nbbuild/netbeans/ide" />
    <property name="utilities.dir" value="/Users/atalati/vscode-extension/main-repo/javavscode/netbeans/nbbuild/netbeans/ide" />
    <property name="test.config" value="default" />
    <property name="java/maven.spring.dir" value="/Users/atalati/vscode-extension/main-repo/javavscode/netbeans/nbbuild/netbeans/java" />
    <property name="java/api.maven.dir" value="/Users/atalati/vscode-extension/main-repo/javavscode/netbeans/nbbuild/netbeans/java" />
    <property name="ide/spi.editor.hints.projects.dir" value="/Users/atalati/vscode-extension/main-repo/javavscode/netbeans/nbbuild/netbeans/ide" />
    <property name="test.qa-functional.src.dir" value="/Users/atalati/vscode-extension/main-repo/javavscode/netbeans/java/java.lsp.server/test/qa-functional/src" />
    <property name="ide/bugtracking.bridge.dir" value="/Users/atalati/vscode-extension/main-repo/javavscode/netbeans/nbbuild/netbeans/ide" />
    <property name="enterprise/javaee7.api.dir" value="/Users/atalati/vscode-extension/main-repo/javavscode/netbeans/nbbuild/netbeans/enterprise" />
    <property name="ide/css.editor.dir" value="/Users/atalati/vscode-extension/main-repo/javavscode/netbeans/nbbuild/netbeans/ide" />
    <property name="ide/xml.lexer.dir" value="/Users/atalati/vscode-extension/main-repo/javavscode/netbeans/nbbuild/netbeans/ide" />
    <property name="javascript2.requirejs.dir" value="/Users/atalati/vscode-extension/main-repo/javavscode/netbeans/nbbuild/netbeans/webcommon" />
    <property name="profiler/lib.profiler.dir" value="/Users/atalati/vscode-extension/main-repo/javavscode/netbeans/nbbuild/netbeans/profiler" />
    <property name="ide/o.apache.xmlrpc.dir" value="/Users/atalati/vscode-extension/main-repo/javavscode/netbeans/nbbuild/netbeans/ide" />
    <property name="webcommon/javascript2.extdoc.dir" value="/Users/atalati/vscode-extension/main-repo/javavscode/netbeans/nbbuild/netbeans/webcommon" />
    <property name="nb.cluster.apisupport" value="apisupport.ant,apisupport.installer,apisupport.installer.maven,apisupport.kit,apisupport.project,apisupport.refactoring,apisupport.wizards,maven.apisupport,timers" />
    <property name="ide/xml.xdm.dir" value="/Users/atalati/vscode-extension/main-repo/javavscode/netbeans/nbbuild/netbeans/ide" />
    <property name="netbeans.dest.dir" value="/Users/atalati/vscode-extension/main-repo/javavscode/netbeans/nbbuild/netbeans" />
    <property name="java/ant.browsetask.dir" value="/Users/atalati/vscode-extension/main-repo/javavscode/netbeans/nbbuild/netbeans/java" />
    <property name="enterprise/j2ee.sun.appsrv.dir" value="/Users/atalati/vscode-extension/main-repo/javavscode/netbeans/nbbuild/netbeans/enterprise" />
    <property name="ide/web.webkit.debugging.dir" value="/Users/atalati/vscode-extension/main-repo/javavscode/netbeans/nbbuild/netbeans/ide" />
    <property name="ide/print.editor.dir" value="/Users/atalati/vscode-extension/main-repo/javavscode/netbeans/nbbuild/netbeans/ide" />
    <property name="slf4j.jdk14.dir" value="/Users/atalati/vscode-extension/main-repo/javavscode/netbeans/nbbuild/netbeans/ide" />
    <property name="extra/libs.javafx.linux.aarch64.dir" value="/Users/atalati/vscode-extension/main-repo/javavscode/netbeans/nbbuild/netbeans/extra" />
    <property name="nb.cluster.cndext.depends" value="nb.cluster.cnd,nb.cluster.extide,nb.cluster.java" />
    <property name="hudson.__CFBundleIdentifier" value="com.googlecode.iterm2" />
    <property name="openide.io.dir" value="/Users/atalati/vscode-extension/main-repo/javavscode/netbeans/nbbuild/netbeans/platform" />
    <property name="webcommon/html.angular.dir" value="/Users/atalati/vscode-extension/main-repo/javavscode/netbeans/nbbuild/netbeans/webcommon" />
    <property name="javaee.injection.dir" value="/Users/atalati/vscode-extension/main-repo/javavscode/netbeans/nbbuild/netbeans/java" />
    <property name="web.webkit.tooling.dir" value="/Users/atalati/vscode-extension/main-repo/javavscode/netbeans/nbbuild/netbeans/webcommon" />
    <property name="platform/print.dir" value="/Users/atalati/vscode-extension/main-repo/javavscode/netbeans/nbbuild/netbeans/platform" />
    <property name="enterprise/websvc.core.dir" value="/Users/atalati/vscode-extension/main-repo/javavscode/netbeans/nbbuild/netbeans/enterprise" />
    <property name="platform/lib.uihandler.dir" value="/Users/atalati/vscode-extension/main-repo/javavscode/netbeans/nbbuild/netbeans/platform" />
    <property name="web.struts.dir" value="/Users/atalati/vscode-extension/main-repo/javavscode/netbeans/nbbuild/netbeans/enterprise" />
    <property name="libs.xerces.dir" value="/Users/atalati/vscode-extension/main-repo/javavscode/netbeans/nbbuild/netbeans/ide" />
    <property name="javafx2.samples.dir" value="/Users/atalati/vscode-extension/main-repo/javavscode/netbeans/nbbuild/netbeans/javafx" />
    <property name="test-qa-functional-sys-prop.cluster.path.final" value="/Users/atalati/vscode-extension/main-repo/javavscode/netbeans/nbbuild/netbeans/platform:/Users/atalati/vscode-extension/main-repo/javavscode/netbeans/nbbuild/netbeans/ide:/Users/atalati/vscode-extension/main-repo/javavscode/netbeans/nbbuild/netbeans/java:/Users/atalati/vscode-extension/main-repo/javavscode/netbeans/nbbuild/netbeans/apisupport:/Users/atalati/vscode-extension/main-repo/javavscode/netbeans/nbbuild/netbeans/enterprise:/Users/atalati/vscode-extension/main-repo/javavscode/netbeans/nbbuild/netbeans/ergonomics:/Users/atalati/vscode-extension/main-repo/javavscode/netbeans/nbbuild/netbeans/nb:/Users/atalati/vscode-extension/main-repo/javavscode/netbeans/nbbuild/netbeans/extra:/Users/atalati/vscode-extension/main-repo/javavscode/netbeans/nbbuild/netbeans/harness:/Users/atalati/vscode-extension/main-repo/javavscode/netbeans/nbbuild/netbeans/profiler:/Users/atalati/vscode-extension/main-repo/javavscode/netbeans/nbbuild/netbeans/php:/Users/atalati/vscode-extension/main-repo/javavscode/netbeans/nbbuild/netbeans/groovy:/Users/atalati/vscode-extension/main-repo/javavscode/netbeans/nbbuild/netbeans/identity:/Users/atalati/vscode-extension/main-repo/javavscode/netbeans/nbbuild/netbeans/cnd:/Users/atalati/vscode-extension/main-repo/javavscode/netbeans/nbbuild/netbeans/cndext:/Users/atalati/vscode-extension/main-repo/javavscode/netbeans/nbbuild/netbeans/rust:/Users/atalati/vscode-extension/main-repo/javavscode/netbeans/nbbuild/netbeans/cpplite:/Users/atalati/vscode-extension/main-repo/javavscode/netbeans/nbbuild/netbeans/dlight:/Users/atalati/vscode-extension/main-repo/javavscode/netbeans/nbbuild/netbeans/extide:/Users/atalati/vscode-extension/main-repo/javavscode/netbeans/nbbuild/netbeans/webcommon:/Users/atalati/vscode-extension/main-repo/javavscode/netbeans/nbbuild/netbeans/websvccommon:/Users/atalati/vscode-extension/main-repo/javavscode/netbeans/nbbuild/netbeans/javafx:/Users/atalati/vscode-extension/main-repo/javavscode/netbeans/nbbuild/netbeans/java" />
    <property name="ide/html.editor.lib.dir" value="/Users/atalati/vscode-extension/main-repo/javavscode/netbeans/nbbuild/netbeans/ide" />
    <property name="gradle.editor.dir" value="/Users/atalati/vscode-extension/main-repo/javavscode/netbeans/nbbuild/netbeans/extide" />
    <property name="enterprise/web.jsf12.dir" value="/Users/atalati/vscode-extension/main-repo/javavscode/netbeans/nbbuild/netbeans/enterprise" />
    <property name="enterprise/websvc.editor.hints.dir" value="/Users/atalati/vscode-extension/main-repo/javavscode/netbeans/nbbuild/netbeans/enterprise" />
    <property name="hudson.NVM_DIR" value="/Users/atalati/.nvm" />
    <property name="c.jcraft.jzlib.dir" value="/Users/atalati/vscode-extension/main-repo/javavscode/netbeans/nbbuild/netbeans/ide" />
    <property name="libs.amazon.dir" value="/Users/atalati/vscode-extension/main-repo/javavscode/netbeans/nbbuild/netbeans/enterprise" />
    <property name="enterprise/jakartaee10.platform.dir" value="/Users/atalati/vscode-extension/main-repo/javavscode/netbeans/nbbuild/netbeans/enterprise" />
    <property name="javac.source" value="1.8" />
    <property name="java.version.date" value="2023-07-18" />
    <property name="locjhindexer.locales" value="" />
    <property name="j2ee.eclipselink.dir" value="/Users/atalati/vscode-extension/main-repo/javavscode/netbeans/nbbuild/netbeans/java" />
    <property name="java.hints.dir" value="/Users/atalati/vscode-extension/main-repo/javavscode/netbeans/nbbuild/netbeans/java" />
    <property name="platform/net.java.html.geo.dir" value="/Users/atalati/vscode-extension/main-repo/javavscode/netbeans/nbbuild/netbeans/platform" />
    <property name="enterprise/j2ee.platform.dir" value="/Users/atalati/vscode-extension/main-repo/javavscode/netbeans/nbbuild/netbeans/enterprise" />
    <property name="java/kotlin.editor.dir" value="/Users/atalati/vscode-extension/main-repo/javavscode/netbeans/nbbuild/netbeans/java" />
    <property name="php/php.api.annotation.dir" value="/Users/atalati/vscode-extension/main-repo/javavscode/netbeans/nbbuild/netbeans/php" />
    <property name="enterprise/payara.eecommon.dir" value="/Users/atalati/vscode-extension/main-repo/javavscode/netbeans/nbbuild/netbeans/enterprise" />
    <property name="java/java.source.queriesimpl.dir" value="/Users/atalati/vscode-extension/main-repo/javavscode/netbeans/nbbuild/netbeans/java" />
    <property name="maven.indexer.dir" value="/Users/atalati/vscode-extension/main-repo/javavscode/netbeans/nbbuild/netbeans/java" />
    <property name="platform/editor.mimelookup.impl.dir" value="/Users/atalati/vscode-extension/main-repo/javavscode/netbeans/nbbuild/netbeans/platform" />
    <property name="o.eclipse.jgit.ssh.jsch.dir" value="/Users/atalati/vscode-extension/main-repo/javavscode/netbeans/nbbuild/netbeans/ide" />
    <property name="profiler/profiler.nbimpl.dir" value="/Users/atalati/vscode-extension/main-repo/javavscode/netbeans/nbbuild/netbeans/profiler" />
    <property name="nb.cluster.cndext" value="cnd.mixeddev" />
    <property name="sun.management.compiler" value="HotSpot 64-Bit Tiered Compilers" />
    <property name="test.qa-functional.data.dir" value="/Users/atalati/vscode-extension/main-repo/javavscode/netbeans/java/java.lsp.server/test/qa-functional/data" />
    <property name="openide.util.lookup.dir" value="/Users/atalati/vscode-extension/main-repo/javavscode/netbeans/nbbuild/netbeans/platform" />
    <property name="java.project.dir" value="/Users/atalati/vscode-extension/main-repo/javavscode/netbeans/nbbuild/netbeans/java" />
    <property name="libs.jaxb.dir" value="/Users/atalati/vscode-extension/main-repo/javavscode/netbeans/nbbuild/netbeans/ide" />
    <property name="apisupport/apisupport.project.dir" value="/Users/atalati/vscode-extension/main-repo/javavscode/netbeans/nbbuild/netbeans/apisupport" />
    <property name="libs.antlr4.runtime.dir" value="/Users/atalati/vscode-extension/main-repo/javavscode/netbeans/nbbuild/netbeans/ide" />
    <property name="extexecution.process.dir" value="/Users/atalati/vscode-extension/main-repo/javavscode/netbeans/nbbuild/netbeans/ide" />
    <property name="nativeimage.api.dir" value="/Users/atalati/vscode-extension/main-repo/javavscode/netbeans/nbbuild/netbeans/ide" />
    <property name="gradle.dir" value="/Users/atalati/vscode-extension/main-repo/javavscode/netbeans/nbbuild/netbeans/extide" />
    <property name="ide/nativeimage.api.dir" value="/Users/atalati/vscode-extension/main-repo/javavscode/netbeans/nbbuild/netbeans/ide" />
    <property name="projectui.dir" value="/Users/atalati/vscode-extension/main-repo/javavscode/netbeans/nbbuild/netbeans/ide" />
    <property name="php.api.framework.dir" value="/Users/atalati/vscode-extension/main-repo/javavscode/netbeans/nbbuild/netbeans/php" />
    <property name="jsp.lexer.dir" value="/Users/atalati/vscode-extension/main-repo/javavscode/netbeans/nbbuild/netbeans/enterprise" />
    <property name="enterprise/profiler.j2ee.dir" value="/Users/atalati/vscode-extension/main-repo/javavscode/netbeans/nbbuild/netbeans/enterprise" />
    <property name="ant.hints.dir" value="/Users/atalati/vscode-extension/main-repo/javavscode/netbeans/nbbuild/netbeans/java" />
    <property name="templates.dir" value="/Users/atalati/vscode-extension/main-repo/javavscode/netbeans/nbbuild/netbeans/platform" />
    <property name="languages.ini.dir" value="/Users/atalati/vscode-extension/main-repo/javavscode/netbeans/nbbuild/netbeans/webcommon" />
    <property name="java.source.compat8.dir" value="/Users/atalati/vscode-extension/main-repo/javavscode/netbeans/nbbuild/netbeans/java" />
    <property name="ide/parsing.nb.dir" value="/Users/atalati/vscode-extension/main-repo/javavscode/netbeans/nbbuild/netbeans/ide" />
    <property name="java/maven.dir" value="/Users/atalati/vscode-extension/main-repo/javavscode/netbeans/nbbuild/netbeans/java" />
    <property name="platform/editor.mimelookup.dir" value="/Users/atalati/vscode-extension/main-repo/javavscode/netbeans/nbbuild/netbeans/platform" />
    <property name="libs.svnClientAdapter.javahl.dir" value="/Users/atalati/vscode-extension/main-repo/javavscode/netbeans/nbbuild/netbeans/ide" />
    <property name="javaee8.api.dir" value="/Users/atalati/vscode-extension/main-repo/javavscode/netbeans/nbbuild/netbeans/enterprise" />
    <property name="php/php.api.phpmodule.dir" value="/Users/atalati/vscode-extension/main-repo/javavscode/netbeans/nbbuild/netbeans/php" />
    <property name="libs.cglib.dir" value="/Users/atalati/vscode-extension/main-repo/javavscode/netbeans/nbbuild/netbeans/java" />
    <property name="webcommon/javascript2.prototypejs.dir" value="/Users/atalati/vscode-extension/main-repo/javavscode/netbeans/nbbuild/netbeans/webcommon" />
    <property name="nb.cluster.stableuc.dir" value="extra" />
    <property name="java/junit.ant.ui.dir" value="/Users/atalati/vscode-extension/main-repo/javavscode/netbeans/nbbuild/netbeans/java" />
    <property name="java/testng.maven.dir" value="/Users/atalati/vscode-extension/main-repo/javavscode/netbeans/nbbuild/netbeans/java" />
    <property name="j2ee.dd.webservice.dir" value="/Users/atalati/vscode-extension/main-repo/javavscode/netbeans/nbbuild/netbeans/enterprise" />
    <property name="webcommon/javascript2.types.dir" value="/Users/atalati/vscode-extension/main-repo/javavscode/netbeans/nbbuild/netbeans/webcommon" />
    <property name="xml.catalog.dir" value="/Users/atalati/vscode-extension/main-repo/javavscode/netbeans/nbbuild/netbeans/ide" />
    <property name="autoupdate.catalog.url" value="http://bits.netbeans.org/dev/nbms-and-javadoc/lastSuccessfulBuild/artifact/nbbuild/nbms/updates.xml.gz" />
    <property name="apisupport/apisupport.kit.dir" value="/Users/atalati/vscode-extension/main-repo/javavscode/netbeans/nbbuild/netbeans/apisupport" />
    <property name="php.zend.dir" value="/Users/atalati/vscode-extension/main-repo/javavscode/netbeans/nbbuild/netbeans/php" />
    <property name="websvc.jaxws21api.dir" value="/Users/atalati/vscode-extension/main-repo/javavscode/netbeans/nbbuild/netbeans/java" />
    <property name="ant.file.type.nbbuild" value="file" />
    <property name="ide/languages.toml.dir" value="/Users/atalati/vscode-extension/main-repo/javavscode/netbeans/nbbuild/netbeans/ide" />
    <property name="ant.file.2" value="/Users/atalati/vscode-extension/main-repo/javavscode/netbeans/java/java.lsp.server/build.xml" />
    <property name="ant.file.1" value="/Users/atalati/vscode-extension/main-repo/javavscode/netbeans/java/java.lsp.server/build.xml" />
    <property name="apisupport/apisupport.ant.dir" value="/Users/atalati/vscode-extension/main-repo/javavscode/netbeans/nbbuild/netbeans/apisupport" />
    <property name="core.output2.dir" value="/Users/atalati/vscode-extension/main-repo/javavscode/netbeans/nbbuild/netbeans/platform" />
    <property name="platform/core.netigso.dir" value="/Users/atalati/vscode-extension/main-repo/javavscode/netbeans/nbbuild/netbeans/platform" />
    <property name="hudson.HOMEBREW_PREFIX" value="/opt/homebrew" />
    <property name="test.nbjdk.java" value="/Library/Java/JavaVirtualMachines/jdk-17.0.8.jdk/Contents/Home/bin/java" />
    <property name="ide/libs.json_simple.dir" value="/Users/atalati/vscode-extension/main-repo/javavscode/netbeans/nbbuild/netbeans/ide" />
    <property name="ide/libs.jaxb.dir" value="/Users/atalati/vscode-extension/main-repo/javavscode/netbeans/nbbuild/netbeans/ide" />
    <property name="ide/api.java.classpath.dir" value="/Users/atalati/vscode-extension/main-repo/javavscode/netbeans/nbbuild/netbeans/ide" />
    <property name="nb.cluster.jira.dir" value="extra" />
    <property name="nb.cluster.stableuc.depends" value="nb.cluster.rust,nb.cluster.harness,nb.cluster.bootstrap,nb.cluster.platform,nb.cluster.ide,nb.cluster.extide,nb.cluster.websvccommon,nb.cluster.java,nb.cluster.javafx,nb.cluster.profiler,nb.cluster.3rdparty,nb.cluster.nb,nb.cluster.apisupport,nb.cluster.webcommon,nb.cluster.php,nb.cluster.groovy,nb.cluster.enterprise,nb.cluster.cpplite,nb.cluster.ergonomics" />
    <property name="html.editor.lib.dir" value="/Users/atalati/vscode-extension/main-repo/javavscode/netbeans/nbbuild/netbeans/ide" />
    <property name="ide/spi.palette.dir" value="/Users/atalati/vscode-extension/main-repo/javavscode/netbeans/nbbuild/netbeans/ide" />
    <property name="profiler.nbimpl.dir" value="/Users/atalati/vscode-extension/main-repo/javavscode/netbeans/nbbuild/netbeans/profiler" />
    <property name="api.web.webmodule.dir" value="/Users/atalati/vscode-extension/main-repo/javavscode/netbeans/nbbuild/netbeans/enterprise" />
    <property name="clusters.config.stableuc.list" value="nb.cluster.rust,nb.cluster.harness,nb.cluster.bootstrap,nb.cluster.platform,nb.cluster.ide,nb.cluster.extide,nb.cluster.websvccommon,nb.cluster.java,nb.cluster.javafx,nb.cluster.profiler,nb.cluster.3rdparty,nb.cluster.nb,nb.cluster.apisupport,nb.cluster.webcommon,nb.cluster.php,nb.cluster.groovy,nb.cluster.enterprise,nb.cluster.cpplite,nb.cluster.ergonomics,nb.cluster.jira,nb.cluster.team,nb.cluster.stableuc" />
    <property name="ide/o.eclipse.jgit.lfs.dir" value="/Users/atalati/vscode-extension/main-repo/javavscode/netbeans/nbbuild/netbeans/ide" />
    <property name="platform/autoupdate.ui.dir" value="/Users/atalati/vscode-extension/main-repo/javavscode/netbeans/nbbuild/netbeans/platform" />
    <property name="mylyn.util.dir" value="/Users/atalati/vscode-extension/main-repo/javavscode/netbeans/nbbuild/netbeans/ide" />
    <property name="enterprise/jakartaee9.platform.dir" value="/Users/atalati/vscode-extension/main-repo/javavscode/netbeans/nbbuild/netbeans/enterprise" />
    <property name="projectimport.eclipse.web.dir" value="/Users/atalati/vscode-extension/main-repo/javavscode/netbeans/nbbuild/netbeans/enterprise" />
    <property name="libs.javafx.linux.dir" value="/Users/atalati/vscode-extension/main-repo/javavscode/netbeans/nbbuild/netbeans/extra" />
    <property name="webcommon/javascript2.doc.dir" value="/Users/atalati/vscode-extension/main-repo/javavscode/netbeans/nbbuild/netbeans/webcommon" />
    <property name="ide/editor.indent.dir" value="/Users/atalati/vscode-extension/main-repo/javavscode/netbeans/nbbuild/netbeans/ide" />
    <property name="ide/project.libraries.ui.dir" value="/Users/atalati/vscode-extension/main-repo/javavscode/netbeans/nbbuild/netbeans/ide" />
    <property name="parsing.api.dir" value="/Users/atalati/vscode-extension/main-repo/javavscode/netbeans/nbbuild/netbeans/ide" />
    <property name="junit.ant.dir" value="/Users/atalati/vscode-extension/main-repo/javavscode/netbeans/nbbuild/netbeans/java" />
    <property name="hudson.HTTPS_PROXY" value="http://www-proxy.us.oracle.com:80" />
    <property name="ide/spellchecker.kit.dir" value="/Users/atalati/vscode-extension/main-repo/javavscode/netbeans/nbbuild/netbeans/ide" />
    <property name="ide/httpserver.dir" value="/Users/atalati/vscode-extension/main-repo/javavscode/netbeans/nbbuild/netbeans/ide" />
    <property name="is.regular" value="true" />
    <property name="platform/libs.asm.dir" value="/Users/atalati/vscode-extension/main-repo/javavscode/netbeans/nbbuild/netbeans/platform" />
    <property name="java/java.j2semodule.dir" value="/Users/atalati/vscode-extension/main-repo/javavscode/netbeans/nbbuild/netbeans/java" />
    <property name="php.kit.dir" value="/Users/atalati/vscode-extension/main-repo/javavscode/netbeans/nbbuild/netbeans/php" />
    <property name="derby.dir" value="/Users/atalati/vscode-extension/main-repo/javavscode/netbeans/nbbuild/netbeans/ide" />
    <property name="java.metrics.dir" value="/Users/atalati/vscode-extension/main-repo/javavscode/netbeans/nbbuild/netbeans/java" />
    <property name="ide/hudson.git.dir" value="/Users/atalati/vscode-extension/main-repo/javavscode/netbeans/nbbuild/netbeans/ide" />
    <property name="nb.cluster.3rdparty.depends" value="nb.cluster.platform" />
    <property name="platform/openide.execution.dir" value="/Users/atalati/vscode-extension/main-repo/javavscode/netbeans/nbbuild/netbeans/platform" />
    <property name="ide/terminal.dir" value="/Users/atalati/vscode-extension/main-repo/javavscode/netbeans/nbbuild/netbeans/ide" />
    <property name="webcommon/html.knockout.dir" value="/Users/atalati/vscode-extension/main-repo/javavscode/netbeans/nbbuild/netbeans/webcommon" />
    <property name="print.editor.dir" value="/Users/atalati/vscode-extension/main-repo/javavscode/netbeans/nbbuild/netbeans/ide" />
    <property name="ko4j.debugging.dir" value="/Users/atalati/vscode-extension/main-repo/javavscode/netbeans/nbbuild/netbeans/java" />
    <property name="javaee.beanvalidation.dir" value="/Users/atalati/vscode-extension/main-repo/javavscode/netbeans/nbbuild/netbeans/enterprise" />
    <property name="hudson.INFOPATH" value="/opt/homebrew/share/info:" />
    <property name="image.dir" value="/Users/atalati/vscode-extension/main-repo/javavscode/netbeans/nbbuild/netbeans/ide" />
    <property name="form.refactoring.dir" value="/Users/atalati/vscode-extension/main-repo/javavscode/netbeans/nbbuild/netbeans/java" />
    <property name="ide/languages.yaml.dir" value="/Users/atalati/vscode-extension/main-repo/javavscode/netbeans/nbbuild/netbeans/ide" />
    <property name="java.vm.info" value="mixed mode" />
    <property name="ide/hudson.tasklist.dir" value="/Users/atalati/vscode-extension/main-repo/javavscode/netbeans/nbbuild/netbeans/ide" />
    <property name="ide/tasklist.ui.dir" value="/Users/atalati/vscode-extension/main-repo/javavscode/netbeans/nbbuild/netbeans/ide" />
    <property name="java.testrunner.dir" value="/Users/atalati/vscode-extension/main-repo/javavscode/netbeans/nbbuild/netbeans/java" />
    <property name="php.editor.dir" value="/Users/atalati/vscode-extension/main-repo/javavscode/netbeans/nbbuild/netbeans/php" />
    <property name="module.classpath" value="/Users/atalati/vscode-extension/main-repo/javavscode/netbeans/nbbuild/netbeans/ide/modules/com-google-gson.jar:/Users/atalati/vscode-extension/main-repo/javavscode/netbeans/ide/c.google.gson/external/gson-2.8.9.jar:/Users/atalati/vscode-extension/main-repo/javavscode/netbeans/nbbuild/netbeans/ide/modules/com-google-gson.jar:/Users/atalati/vscode-extension/main-repo/javavscode/netbeans/nbbuild/netbeans/platform/modules/net-java-html.jar:/Users/atalati/vscode-extension/main-repo/javavscode/netbeans/platform/net.java.html/external/net.java.html-1.8.1.jar:/Users/atalati/vscode-extension/main-repo/javavscode/netbeans/nbbuild/netbeans/platform/modules/net-java-html.jar:/Users/atalati/vscode-extension/main-repo/javavscode/netbeans/nbbuild/netbeans/platform/modules/net-java-html-boot.jar:/Users/atalati/vscode-extension/main-repo/javavscode/netbeans/platform/net.java.html.boot/external/net.java.html.boot-1.8.1.jar:/Users/atalati/vscode-extension/main-repo/javavscode/netbeans/nbbuild/netbeans/platform/modules/net-java-html-boot.jar:/Users/atalati/vscode-extension/main-repo/javavscode/netbeans/nbbuild/netbeans/platform/modules/net-java-html-json.jar:/Users/atalati/vscode-extension/main-repo/javavscode/netbeans/platform/net.java.html.json/external/net.java.html.json-1.8.1.jar:/Users/atalati/vscode-extension/main-repo/javavscode/netbeans/nbbuild/netbeans/platform/modules/net-java-html-json.jar:/Users/atalati/vscode-extension/main-repo/javavscode/netbeans/nbbuild/build/public-package-jars/org-apache-commons-commons_io.jar:/Users/atalati/vscode-extension/main-repo/javavscode/netbeans/nbbuild/netbeans/platform/modules/org-apache-commons-lang3.jar:/Users/atalati/vscode-extension/main-repo/javavscode/netbeans/platform/o.apache.commons.lang3/external/commons-lang3-3.14.0.jar:/Users/atalati/vscode-extension/main-repo/javavscode/netbeans/nbbuild/netbeans/platform/modules/commons-lang3.jar:/Users/atalati/vscode-extension/main-repo/javavscode/netbeans/nbbuild/build/public-package-jars/org-netbeans-api-annotations-common.jar:/Users/atalati/vscode-extension/main-repo/javavscode/netbeans/nbbuild/build/public-package-jars/org-netbeans-api-debugger.jar:/Users/atalati/vscode-extension/main-repo/javavscode/netbeans/nbbuild/build/public-package-jars/org-netbeans-api-debugger-jpda.jar:/Users/atalati/vscode-extension/main-repo/javavscode/netbeans/nbbuild/build/public-package-jars/org-netbeans-api-htmlui.jar:/Users/atalati/vscode-extension/main-repo/javavscode/netbeans/nbbuild/build/public-package-jars/org-netbeans-api-io.jar:/Users/atalati/vscode-extension/main-repo/javavscode/netbeans/nbbuild/build/public-package-jars/org-netbeans-api-java.jar:/Users/atalati/vscode-extension/main-repo/javavscode/netbeans/nbbuild/build/public-package-jars/org-netbeans-api-java-classpath.jar:/Users/atalati/vscode-extension/main-repo/javavscode/netbeans/nbbuild/build/public-package-jars/org-netbeans-api-lsp.jar:/Users/atalati/vscode-extension/main-repo/javavscode/netbeans/nbbuild/build/public-package-jars/org-netbeans-api-progress.jar:/Users/atalati/vscode-extension/main-repo/javavscode/netbeans/nbbuild/build/public-package-jars/org-netbeans-api-templates.jar:/Users/atalati/vscode-extension/main-repo/javavscode/netbeans/nbbuild/netbeans/platform/modules/org-netbeans-html-presenters-spi.jar:/Users/atalati/vscode-extension/main-repo/javavscode/netbeans/platform/o.n.html.presenters.spi/external/generic-1.8.1.jar:/Users/atalati/vscode-extension/main-repo/javavscode/netbeans/nbbuild/netbeans/platform/modules/org-netbeans-html-presenters-spi.jar:/Users/atalati/vscode-extension/main-repo/javavscode/netbeans/nbbuild/build/public-package-jars/org-netbeans-libs-flexmark.jar:/Users/atalati/vscode-extension/main-repo/javavscode/netbeans/nbbuild/build/public-package-jars/org-netbeans-libs-javacapi.jar:/Users/atalati/vscode-extension/main-repo/javavscode/netbeans/nbbuild/build/public-package-jars/org-netbeans-modules-csl-api.jar:/Users/atalati/vscode-extension/main-repo/javavscode/netbeans/nbbuild/build/public-package-jars/org-netbeans-modules-csl-types.jar:/Users/atalati/vscode-extension/main-repo/javavscode/netbeans/nbbuild/build/public-package-jars/org-netbeans-modules-db.jar:/Users/atalati/vscode-extension/main-repo/javavscode/netbeans/nbbuild/build/public-package-jars/org-netbeans-modules-debugger-jpda-truffle.jar:/Users/atalati/vscode-extension/main-repo/javavscode/netbeans/nbbuild/build/public-package-jars/org-netbeans-modules-editor.jar:/Users/atalati/vscode-extension/main-repo/javavscode/netbeans/nbbuild/build/public-package-jars/org-netbeans-modules-editor-codetemplates.jar:/Users/atalati/vscode-extension/main-repo/javavscode/netbeans/nbbuild/build/public-package-jars/org-netbeans-modules-editor-document.jar:/Users/atalati/vscode-extension/main-repo/javavscode/netbeans/nbbuild/build/public-package-jars/org-netbeans-modules-editor-indent.jar:/Users/atalati/vscode-extension/main-repo/javavscode/netbeans/nbbuild/build/public-package-jars/org-netbeans-modules-editor-lib.jar:/Users/atalati/vscode-extension/main-repo/javavscode/netbeans/nbbuild/build/public-package-jars/org-netbeans-modules-editor-lib2.jar:/Users/atalati/vscode-extension/main-repo/javavscode/netbeans/nbbuild/build/public-package-jars/org-netbeans-modules-editor-mimelookup.jar:/Users/atalati/vscode-extension/main-repo/javavscode/netbeans/nbbuild/build/public-package-jars/org-netbeans-modules-editor-util.jar:/Users/atalati/vscode-extension/main-repo/javavscode/netbeans/nbbuild/build/public-package-jars/org-netbeans-modules-extexecution.jar:/Users/atalati/vscode-extension/main-repo/javavscode/netbeans/nbbuild/build/public-package-jars/org-netbeans-modules-extexecution-base.jar:/Users/atalati/vscode-extension/main-repo/javavscode/netbeans/nbbuild/build/public-package-jars/org-netbeans-modules-gototest.jar:/Users/atalati/vscode-extension/main-repo/javavscode/netbeans/nbbuild/build/public-package-jars/org-netbeans-modules-gsf-testrunner.jar:/Users/atalati/vscode-extension/main-repo/javavscode/netbeans/nbbuild/build/public-package-jars/org-netbeans-modules-gsf-testrunner-ui.jar:/Users/atalati/vscode-extension/main-repo/javavscode/netbeans/nbbuild/netbeans/java/modules/org-netbeans-modules-java-completion.jar:/Users/atalati/vscode-extension/main-repo/javavscode/netbeans/nbbuild/netbeans/java/modules/org-netbeans-modules-java-editor.jar:/Users/atalati/vscode-extension/main-repo/javavscode/netbeans/nbbuild/netbeans/java/modules/org-netbeans-modules-java-editor-base.jar:/Users/atalati/vscode-extension/main-repo/javavscode/netbeans/nbbuild/build/public-package-jars/org-netbeans-modules-java-file-launcher.jar:/Users/atalati/vscode-extension/main-repo/javavscode/netbeans/nbbuild/netbeans/java/modules/org-netbeans-modules-java-hints.jar:/Users/atalati/vscode-extension/main-repo/javavscode/netbeans/nbbuild/build/public-package-jars/org-netbeans-modules-java-hints-legacy-spi.jar:/Users/atalati/vscode-extension/main-repo/javavscode/netbeans/nbbuild/build/public-package-jars/org-netbeans-modules-java-lexer.jar:/Users/atalati/vscode-extension/main-repo/javavscode/netbeans/nbbuild/build/public-package-jars/org-netbeans-modules-java-nativeimage-debugger.jar:/Users/atalati/vscode-extension/main-repo/javavscode/netbeans/nbbuild/build/public-package-jars/org-netbeans-modules-java-project.jar:/Users/atalati/vscode-extension/main-repo/javavscode/netbeans/nbbuild/netbeans/java/modules/org-netbeans-modules-java-source.jar:/Users/atalati/vscode-extension/main-repo/javavscode/netbeans/nbbuild/netbeans/java/modules/org-netbeans-modules-java-source-base.jar:/Users/atalati/vscode-extension/main-repo/javavscode/netbeans/nbbuild/netbeans/java/modules/org-netbeans-modules-java-sourceui.jar:/Users/atalati/vscode-extension/main-repo/javavscode/netbeans/nbbuild/build/public-package-jars/org-netbeans-modules-java-testrunner-ui.jar:/Users/atalati/vscode-extension/main-repo/javavscode/netbeans/nbbuild/build/public-package-jars/org-netbeans-modules-javascript2-debug.jar:/Users/atalati/vscode-extension/main-repo/javavscode/netbeans/nbbuild/build/public-package-jars/org-netbeans-modules-jumpto.jar:/Users/atalati/vscode-extension/main-repo/javavscode/netbeans/nbbuild/build/public-package-jars/org-netbeans-modules-lexer.jar:/Users/atalati/vscode-extension/main-repo/javavscode/netbeans/nbbuild/build/public-package-jars/org-netbeans-modules-nativeimage-api.jar:/Users/atalati/vscode-extension/main-repo/javavscode/netbeans/nbbuild/netbeans/ide/modules/org-netbeans-modules-parsing-api.jar:/Users/atalati/vscode-extension/main-repo/javavscode/netbeans/nbbuild/netbeans/ide/modules/org-netbeans-modules-parsing-indexing.jar:/Users/atalati/vscode-extension/main-repo/javavscode/netbeans/nbbuild/build/public-package-jars/org-netbeans-modules-parsing-lucene.jar:/Users/atalati/vscode-extension/main-repo/javavscode/netbeans/nbbuild/build/public-package-jars/org-netbeans-modules-projectapi.jar:/Users/atalati/vscode-extension/main-repo/javavscode/netbeans/nbbuild/netbeans/ide/modules/org-netbeans-modules-projectuiapi.jar:/Users/atalati/vscode-extension/main-repo/javavscode/netbeans/nbbuild/build/public-package-jars/org-netbeans-modules-projectuiapi-base.jar:/Users/atalati/vscode-extension/main-repo/javavscode/netbeans/nbbuild/build/public-package-jars/org-netbeans-modules-queries.jar:/Users/atalati/vscode-extension/main-repo/javavscode/netbeans/nbbuild/netbeans/ide/modules/org-netbeans-modules-refactoring-api.jar:/Users/atalati/vscode-extension/main-repo/javavscode/netbeans/nbbuild/netbeans/java/modules/org-netbeans-modules-refactoring-java.jar:/Users/atalati/vscode-extension/main-repo/javavscode/netbeans/nbbuild/build/public-package-jars/org-netbeans-modules-sendopts.jar:/Users/atalati/vscode-extension/main-repo/javavscode/netbeans/nbbuild/build/public-package-jars/org-netbeans-spi-debugger-ui.jar:/Users/atalati/vscode-extension/main-repo/javavscode/netbeans/nbbuild/build/public-package-jars/org-netbeans-spi-editor-hints.jar:/Users/atalati/vscode-extension/main-repo/javavscode/netbeans/nbbuild/netbeans/java/modules/org-netbeans-spi-java-hints.jar:/Users/atalati/vscode-extension/main-repo/javavscode/netbeans/nbbuild/build/public-package-jars/org-netbeans-spi-viewmodel.jar:/Users/atalati/vscode-extension/main-repo/javavscode/netbeans/nbbuild/build/public-package-jars/org-openide-awt.jar:/Users/atalati/vscode-extension/main-repo/javavscode/netbeans/nbbuild/build/public-package-jars/org-openide-dialogs.jar:/Users/atalati/vscode-extension/main-repo/javavscode/netbeans/nbbuild/build/public-package-jars/org-openide-explorer.jar:/Users/atalati/vscode-extension/main-repo/javavscode/netbeans/nbbuild/build/public-package-jars/org-openide-filesystems.jar:/Users/atalati/vscode-extension/main-repo/javavscode/netbeans/nbbuild/build/public-package-jars/org-openide-io.jar:/Users/atalati/vscode-extension/main-repo/javavscode/netbeans/nbbuild/build/public-package-jars/org-openide-loaders.jar:/Users/atalati/vscode-extension/main-repo/javavscode/netbeans/nbbuild/build/public-package-jars/org-openide-modules.jar:/Users/atalati/vscode-extension/main-repo/javavscode/netbeans/nbbuild/build/public-package-jars/org-openide-nodes.jar:/Users/atalati/vscode-extension/main-repo/javavscode/netbeans/nbbuild/build/public-package-jars/org-openide-text.jar:/Users/atalati/vscode-extension/main-repo/javavscode/netbeans/nbbuild/build/public-package-jars/org-openide-util.jar:/Users/atalati/vscode-extension/main-repo/javavscode/netbeans/nbbuild/build/public-package-jars/org-openide-util-lookup.jar:/Users/atalati/vscode-extension/main-repo/javavscode/netbeans/nbbuild/build/public-package-jars/org-openide-util-ui.jar:/Users/atalati/vscode-extension/main-repo/javavscode/netbeans/java/java.lsp.server/external/org.eclipse.lsp4j.debug-0.13.0.jar:/Users/atalati/vscode-extension/main-repo/javavscode/netbeans/nbbuild/netbeans/java/modules/ext/org.eclipse.lsp4j.debug-0.13.0.jar:/Users/atalati/vscode-extension/main-repo/javavscode/netbeans/java/java.lsp.server/external/org.eclipse.xtend.lib.macro-2.24.0.jar:/Users/atalati/vscode-extension/main-repo/javavscode/netbeans/nbbuild/netbeans/java/modules/ext/org.eclipse.xtend.lib.macro-2.24.0.jar:/Users/atalati/vscode-extension/main-repo/javavscode/netbeans/java/java.lsp.server/external/org.eclipse.lsp4j.generator-0.13.0.jar:/Users/atalati/vscode-extension/main-repo/javavscode/netbeans/nbbuild/netbeans/java/modules/ext/org.eclipse.lsp4j.generator-0.13.0.jar:/Users/atalati/vscode-extension/main-repo/javavscode/netbeans/java/java.lsp.server/external/org.eclipse.lsp4j.jsonrpc-0.13.0.jar:/Users/atalati/vscode-extension/main-repo/javavscode/netbeans/nbbuild/netbeans/java/modules/ext/org.eclipse.lsp4j.jsonrpc-0.13.0.jar:/Users/atalati/vscode-extension/main-repo/javavscode/netbeans/java/java.lsp.server/external/org.eclipse.lsp4j.jsonrpc.debug-0.13.0.jar:/Users/atalati/vscode-extension/main-repo/javavscode/netbeans/nbbuild/netbeans/java/modules/ext/org.eclipse.lsp4j.jsonrpc.debug-0.13.0.jar:/Users/atalati/vscode-extension/main-repo/javavscode/netbeans/java/java.lsp.server/external/org.eclipse.xtend.lib-2.24.0.jar:/Users/atalati/vscode-extension/main-repo/javavscode/netbeans/nbbuild/netbeans/java/modules/ext/org.eclipse.xtend.lib-2.24.0.jar:/Users/atalati/vscode-extension/main-repo/javavscode/netbeans/java/java.lsp.server/external/org.eclipse.xtext.xbase.lib-2.24.0.jar:/Users/atalati/vscode-extension/main-repo/javavscode/netbeans/nbbuild/netbeans/java/modules/ext/org.eclipse.xtext.xbase.lib-2.24.0.jar:/Users/atalati/vscode-extension/main-repo/javavscode/netbeans/java/java.lsp.server/external/org.eclipse.lsp4j-0.13.0.jar:/Users/atalati/vscode-extension/main-repo/javavscode/netbeans/nbbuild/netbeans/java/modules/ext/org.eclipse.lsp4j-0.13.0.jar" />
    <property name="nb.cluster.javafx.depends" value="nb.cluster.ide,nb.cluster.extide,nb.cluster.platform,nb.cluster.java,nb.cluster.websvccommon,nb.cluster.harness" />
    <property name="libs.jna.platform.dir" value="/Users/atalati/vscode-extension/main-repo/javavscode/netbeans/nbbuild/netbeans/platform" />
    <property name="sun.jnu.encoding" value="UTF-8" />
    <property name="extexecution.base.dir" value="/Users/atalati/vscode-extension/main-repo/javavscode/netbeans/nbbuild/netbeans/ide" />
    <property name="java/hudson.ant.dir" value="/Users/atalati/vscode-extension/main-repo/javavscode/netbeans/nbbuild/netbeans/java" />
    <property name="java/maven.graph.dir" value="/Users/atalati/vscode-extension/main-repo/javavscode/netbeans/nbbuild/netbeans/java" />
    <property name="java.navigation.dir" value="/Users/atalati/vscode-extension/main-repo/javavscode/netbeans/nbbuild/netbeans/java" />
    <property name="nb.cluster.bootstrap.dir" value="platform" />
    <property name="javascript.nodejs.dir" value="/Users/atalati/vscode-extension/main-repo/javavscode/netbeans/nbbuild/netbeans/webcommon" />
    <property name="enterprise/j2ee.earproject.dir" value="/Users/atalati/vscode-extension/main-repo/javavscode/netbeans/nbbuild/netbeans/enterprise" />
    <property name="nb.cluster.nb" value="autoupdate.pluginimporter,bugzilla.exceptionreporter,deadlock.detector,ide.branding,ide.branding.kit,o.n.upgrader,uihandler.exceptionreporter,updatecenters,welcome" />
    <property name="javascript2.jquery.dir" value="/Users/atalati/vscode-extension/main-repo/javavscode/netbeans/nbbuild/netbeans/webcommon" />
    <property name="cpplite/cpplite.editor.dir" value="/Users/atalati/vscode-extension/main-repo/javavscode/netbeans/nbbuild/netbeans/cpplite" />
    <property name="extra.test.libs.short" value="${extra.test.libs.dir}/gson-2.8.9.jar:\&#xa;${extra.test.libs.dir}/net.java.html-1.8.1.jar:\&#xa;${extra.test.libs.dir}/net.java.html.boot-1.8.1.jar:\&#xa;${extra.test.libs.dir}/net.java.html.json-1.8.1.jar:\&#xa;${extra.test.libs.dir}/commons-io-2.15.1.jar:\&#xa;${extra.test.libs.dir}/commons-codec-1.16.0.jar:\&#xa;${extra.test.libs.dir}/commons-logging-1.3.0.jar:\&#xa;${extra.test.libs.dir}/commons-lang3-3.14.0.jar:\&#xa;${extra.test.libs.dir}/ko4j-1.8.1.jar:\&#xa;${extra.test.libs.dir}/xhr4j-1.8.1.jar:\&#xa;${extra.test.libs.dir}/asm-9.6.jar:\&#xa;${extra.test.libs.dir}/asm-tree-9.6.jar:\&#xa;${extra.test.libs.dir}/asm-commons-9.6.jar:\&#xa;${extra.test.libs.dir}/generic-1.8.1.jar:\&#xa;${extra.test.libs.dir}/flexmark-html2md-converter-0.64.8.jar:\&#xa;${extra.test.libs.dir}/jsoup-1.15.4.jar:\&#xa;${extra.test.libs.dir}/flexmark-util-ast-0.64.8.jar:\&#xa;${extra.test.libs.dir}/flexmark-util-builder-0.64.8.jar:\&#xa;${extra.test.libs.dir}/flexmark-util-collection-0.64.8.jar:\&#xa;${extra.test.libs.dir}/flexmark-util-data-0.64.8.jar:\&#xa;${extra.test.libs.dir}/flexmark-util-dependency-0.64.8.jar:\&#xa;${extra.test.libs.dir}/flexmark-util-format-0.64.8.jar:\&#xa;${extra.test.libs.dir}/flexmark-util-html-0.64.8.jar:\&#xa;${extra.test.libs.dir}/flexmark-util-misc-0.64.8.jar:\&#xa;${extra.test.libs.dir}/flexmark-util-sequence-0.64.8.jar:\&#xa;${extra.test.libs.dir}/flexmark-util-visitor-0.64.8.jar:\&#xa;${extra.test.libs.dir}/flexmark-ext-emoji-0.64.8.jar:\&#xa;${extra.test.libs.dir}/flexmark-ext-anchorlink-0.64.8.jar:\&#xa;${extra.test.libs.dir}/flexmark-ext-tables-0.64.8.jar:\&#xa;${extra.test.libs.dir}/flexmark-0.64.8.jar:\&#xa;${extra.test.libs.dir}/flexmark-ext-gfm-tasklist-0.64.8.jar:\&#xa;${extra.test.libs.dir}/nb-javac-jdk-22+33-api.jar:\&#xa;${extra.test.libs.dir}/nb-javac-jdk-22+33.jar:\&#xa;${extra.test.libs.dir}/lucene-core-3.6.2.jar:\&#xa;${extra.test.libs.dir}/jhall-2.0_05.jar:\&#xa;${extra.test.libs.dir}/resolver-1.2.jar:\&#xa;${extra.test.libs.dir}/graal-sdk-20.3.0.jar:\&#xa;${extra.test.libs.dir}/launcher-common-20.3.0.jar:\&#xa;${extra.test.libs.dir}/truffle-api-20.3.0.jar:\&#xa;${extra.test.libs.dir}/guava-32.1.2-jre.jar:\&#xa;${extra.test.libs.dir}/org.eclipse.lsp4j.debug-0.13.0.jar:\&#xa;${extra.test.libs.dir}/org.eclipse.xtend.lib.macro-2.24.0.jar:\&#xa;${extra.test.libs.dir}/org.eclipse.lsp4j.generator-0.13.0.jar:\&#xa;${extra.test.libs.dir}/org.eclipse.lsp4j.jsonrpc-0.13.0.jar:\&#xa;${extra.test.libs.dir}/org.eclipse.lsp4j.jsonrpc.debug-0.13.0.jar:\&#xa;${extra.test.libs.dir}/org.eclipse.xtend.lib-2.24.0.jar:\&#xa;${extra.test.libs.dir}/org.eclipse.xtext.xbase.lib-2.24.0.jar:\&#xa;${extra.test.libs.dir}/org.eclipse.lsp4j-0.13.0.jar" />
    <property name="java.hints.test.dir" value="/Users/atalati/vscode-extension/main-repo/javavscode/netbeans/nbbuild/netbeans/java" />
    <property name="clusters.config.cpplite.list" value="nb.cluster.harness,nb.cluster.bootstrap,nb.cluster.platform,nb.cluster.ide,nb.cluster.cpplite,nb.cluster.nb" />
    <property name="spellchecker.dir" value="/Users/atalati/vscode-extension/main-repo/javavscode/netbeans/nbbuild/netbeans/ide" />
    <property name="api.xml.dir" value="/Users/atalati/vscode-extension/main-repo/javavscode/netbeans/nbbuild/netbeans/ide" />
    <property name="nb.cluster.enterprise.dir" value="enterprise" />
    <property name="sun.stderr.encoding" value="UTF-8" />
    <property name="web.refactoring.dir" value="/Users/atalati/vscode-extension/main-repo/javavscode/netbeans/nbbuild/netbeans/enterprise" />
    <property name="ant.file.projectized-common" value="/Users/atalati/vscode-extension/main-repo/javavscode/netbeans/nbbuild/templates/common.xml" />
    <property name="file.separator" value="/" />
    <property name="release.external/org.eclipse.xtext.xbase.lib-2.24.0.jar" value="modules/ext/org.eclipse.xtext.xbase.lib-2.24.0.jar" />
    <property name="java/editor.htmlui.dir" value="/Users/atalati/vscode-extension/main-repo/javavscode/netbeans/nbbuild/netbeans/java" />
    <property name="build.test.qa-functional.classes.dir" value="/Users/atalati/vscode-extension/main-repo/javavscode/netbeans/java/java.lsp.server/build/test/qa-functional/classes" />
    <property name="php/spellchecker.bindings.php.dir" value="/Users/atalati/vscode-extension/main-repo/javavscode/netbeans/nbbuild/netbeans/php" />
    <property name="csl.types.dir" value="/Users/atalati/vscode-extension/main-repo/javavscode/netbeans/nbbuild/netbeans/ide" />
    <property name="c.jcraft.jsch.dir" value="/Users/atalati/vscode-extension/main-repo/javavscode/netbeans/nbbuild/netbeans/ide" />
    <property name="nb.cluster.webcommon" value="api.knockout,cordova,cordova.platforms,cordova.platforms.android,extbrowser.chrome,html.angular,html.knockout,javascript.bower,javascript.cdnjs,javascript.grunt,javascript.gulp,javascript.jstestdriver,javascript.karma,javascript.nodejs,javascript.v8debug,javascript.v8debug.ui,javascript2.doc,javascript2.editor,javascript2.extdoc,javascript2.extjs,javascript2.html,javascript2.jade,javascript2.jquery,javascript2.jsdoc,javascript2.json,javascript2.kit,javascript2.knockout,javascript2.lexer,javascript2.model,javascript2.nodejs,javascript2.prototypejs,javascript2.react,javascript2.requirejs,javascript2.sdoc,javascript2.source.query,javascript2.types,languages.apacheconf,languages.ini,lib.v8debug,libs.graaljs,libs.jstestdriver,libs.nashorn,libs.plist,netserver,selenium2.webclient,selenium2.webclient.mocha,selenium2.webclient.protractor,typescript.editor,web.client.kit,web.client.samples,web.clientproject,web.clientproject.api,web.inspect,web.javascript.debugger,web.webkit.tooling" />
    <property name="exists.test.unit.data" value="true" />
    <property name="platform/libs.junit4.dir" value="/Users/atalati/vscode-extension/main-repo/javavscode/netbeans/nbbuild/netbeans/platform" />
    <property name="ide/extexecution.base.dir" value="/Users/atalati/vscode-extension/main-repo/javavscode/netbeans/nbbuild/netbeans/ide" />
    <property name="java/spi.java.hints.dir" value="/Users/atalati/vscode-extension/main-repo/javavscode/netbeans/nbbuild/netbeans/java" />
    <property name="test.unit.run.cp.short" value="${netbeans.dest.dir}/ide/modules/com-google-gson.jar:\&#xa;${netbeans.dest.dir}/ide/modules/com-google-guava.jar:\&#xa;${netbeans.dest.dir}/platform/lib/boot.jar:\&#xa;${netbeans.dest.dir}/platform/core/core.jar:\&#xa;${netbeans.dest.dir}/platform/modules/org-netbeans-core-windows.jar:\&#xa;${netbeans.dest.dir}/ide/modules/org-netbeans-libs-freemarker.jar:\&#xa;${netbeans.dest.dir}/platform/modules/org-netbeans-libs-junit4.jar:\&#xa;${netbeans.dest.dir}/platform/modules/org-openide-io.jar:\&#xa;${netbeans.dest.dir}/ide/modules/org-netbeans-modules-options-editor.jar:\&#xa;${netbeans.dest.dir}/ide/modules/org-netbeans-modules-projectuiapi-base.jar:\&#xa;${netbeans.dest.dir}/platform/modules/org-netbeans-api-progress.jar:\&#xa;${netbeans.dest.dir}/ide/modules/org-netbeans-modules-editor-settings-storage.jar:\&#xa;${netbeans.dest.dir}/ide/modules/org-netbeans-api-xml.jar:\&#xa;${netbeans.dest.dir}/platform/lib/org-openide-util-ui.jar:\&#xa;${netbeans.dest.dir}/java/modules/org-netbeans-libs-javacapi.jar:\&#xa;${netbeans.dest.dir}/ide/modules/org-netbeans-modules-editor-fold.jar:\&#xa;${netbeans.dest.dir}/ide/modules/org-apache-xml-resolver.jar:\&#xa;${netbeans.dest.dir}/platform/modules/org-netbeans-swing-plaf.jar:\&#xa;${netbeans.dest.dir}/ide/modules/org-netbeans-modules-editor-fold-nbui.jar:\&#xa;${netbeans.dest.dir}/ide/modules/org-netbeans-modules-editor-settings-lib.jar:\&#xa;${netbeans.dest.dir}/ide/modules/org-netbeans-modules-editor-document.jar:\&#xa;${netbeans.dest.dir}/platform/core/org-netbeans-libs-asm.jar:\&#xa;${netbeans.dest.dir}/platform/modules/org-openide-text.jar:\&#xa;${netbeans.dest.dir}/java/modules/org-netbeans-api-java.jar:\&#xa;${netbeans.dest.dir}/ide/modules/org-netbeans-modules-xml-catalog.jar:\&#xa;${netbeans.dest.dir}/platform/modules/org-netbeans-modules-options-api.jar:\&#xa;${netbeans.dest.dir}/platform/lib/org-openide-modules.jar:\&#xa;${netbeans.dest.dir}/ide/modules/org-netbeans-modules-editor-guards.jar:\&#xa;${netbeans.dest.dir}/platform/modules/org-openide-filesystems-nb.jar:\&#xa;${netbeans.dest.dir}/ide/modules/org-netbeans-spi-tasklist.jar:\&#xa;${netbeans.dest.dir}/platform/modules/org-netbeans-modules-keyring.jar:\&#xa;${netbeans.dest.dir}/platform/modules/org-netbeans-modules-options-keymap.jar:\&#xa;${netbeans.dest.dir}/java/modules/org-netbeans-lib-nbjavac.jar:\&#xa;${netbeans.dest.dir}/ide/modules/org-netbeans-modules-project-indexingbridge.jar:\&#xa;${netbeans.dest.dir}/ide/modules/org-netbeans-modules-diff.jar:\&#xa;${netbeans.dest.dir}/platform/modules/org-netbeans-api-templates.jar:\&#xa;${netbeans.dest.dir}/ide/modules/org-netbeans-modules-project-spi-intern.jar:\&#xa;${netbeans.dest.dir}/platform/modules/org-netbeans-modules-queries.jar:\&#xa;${netbeans.dest.dir}/ide/modules/org-netbeans-api-java-classpath.jar:\&#xa;${netbeans.dest.dir}/ide/modules/org-netbeans-modules-lexer.jar:\&#xa;${netbeans.dest.dir}/platform/lib/org-openide-util-lookup.jar:\&#xa;${netbeans.dest.dir}/ide/modules/org-netbeans-modules-project-ant.jar:\&#xa;${netbeans.dest.dir}/java/modules/org-netbeans-modules-java-platform.jar:\&#xa;${netbeans.dest.dir}/platform/modules/org-netbeans-modules-editor-mimelookup.jar:\&#xa;${netbeans.dest.dir}/java/modules/org-netbeans-modules-java-lexer.jar:\&#xa;${netbeans.dest.dir}/platform/modules/org-netbeans-api-annotations-common.jar:\&#xa;${netbeans.dest.dir}/platform/modules/org-netbeans-core.jar:\&#xa;${netbeans.dest.dir}/ide/modules/org-netbeans-modules-refactoring-api.jar:\&#xa;${netbeans.dest.dir}/ide/modules/org-netbeans-modules-editor-util.jar:\&#xa;${netbeans.dest.dir}/java/modules/org-netbeans-modules-classfile.jar:\&#xa;${netbeans.dest.dir}/platform/lib/org-openide-util.jar:\&#xa;${netbeans.dest.dir}/platform/modules/org-netbeans-spi-quicksearch.jar:\&#xa;${netbeans.dest.dir}/ide/modules/org-netbeans-modules-parsing-indexing.jar:\&#xa;${netbeans.dest.dir}/platform/modules/org-openide-windows.jar:\&#xa;${netbeans.dest.dir}/ide/modules/org-netbeans-modules-editor-errorstripe-api.jar:\&#xa;${netbeans.dest.dir}/java/modules/org-netbeans-modules-java-project.jar:\&#xa;${netbeans.dest.dir}/platform/modules/org-netbeans-modules-masterfs.jar:\&#xa;${netbeans.dest.dir}/ide/modules/org-netbeans-libs-lucene.jar:\&#xa;${netbeans.dest.dir}/ide/modules/org-netbeans-modules-editor-indent.jar:\&#xa;${netbeans.dest.dir}/platform/modules/org-openide-explorer.jar:\&#xa;${netbeans.dest.dir}/java/modules/org-netbeans-modules-java-preprocessorbridge.jar:\&#xa;${netbeans.dest.dir}/platform/modules/org-netbeans-modules-sampler.jar:\&#xa;${netbeans.dest.dir}/java/modules/org-netbeans-api-debugger-jpda.jar:\&#xa;${netbeans.dest.dir}/ide/modules/org-netbeans-modules-editor-lib.jar:\&#xa;${netbeans.dest.dir}/ide/modules/org-netbeans-modules-project-libraries.jar:\&#xa;${netbeans.dest.dir}/platform/modules/org-openide-dialogs.jar:\&#xa;${netbeans.dest.dir}/ide/modules/org-netbeans-modules-projectapi.jar:\&#xa;${netbeans.dest.dir}/platform/core/org-openide-filesystems.jar:\&#xa;${netbeans.dest.dir}/ide/modules/org-netbeans-modules-editor-errorstripe.jar:\&#xa;${netbeans.dest.dir}/platform/modules/org-openide-awt.jar:\&#xa;${netbeans.dest.dir}/platform/modules/org-netbeans-api-scripting.jar:\&#xa;${netbeans.dest.dir}/platform/modules/org-netbeans-swing-tabcontrol.jar:\&#xa;${netbeans.dest.dir}/java/modules/org-netbeans-modules-debugger-jpda-projects.jar:\&#xa;${netbeans.dest.dir}/platform/modules/org-openide-actions.jar:\&#xa;${netbeans.dest.dir}/ide/modules/org-netbeans-modules-parsing-lucene.jar:\&#xa;${netbeans.dest.dir}/java/modules/org-netbeans-modules-java-source-base.jar:\&#xa;${netbeans.dest.dir}/ide/modules/org-netbeans-modules-editor-settings.jar:\&#xa;${netbeans.dest.dir}/platform/modules/org-netbeans-api-io.jar:\&#xa;${netbeans.dest.dir}/ide/modules/org-netbeans-modules-editor.jar:\&#xa;${netbeans.dest.dir}/platform/modules/org-openide-loaders.jar:\&#xa;${netbeans.dest.dir}/platform/modules/org-netbeans-api-intent.jar:\&#xa;${netbeans.dest.dir}/ide/modules/org-netbeans-api-lsp.jar:\&#xa;${netbeans.dest.dir}/platform/modules/org-openide-nodes.jar:\&#xa;${netbeans.dest.dir}/ide/modules/org-netbeans-modules-editor-lib2.jar:\&#xa;${netbeans.dest.dir}/platform/modules/org-netbeans-swing-outline.jar:\&#xa;${netbeans.dest.dir}/platform/core/core-base.jar:\&#xa;${netbeans.dest.dir}/platform/modules/org-netbeans-api-progress-nb.jar:\&#xa;${netbeans.dest.dir}/ide/modules/org-netbeans-api-debugger.jar:\&#xa;${netbeans.dest.dir}/ide/modules/org-netbeans-modules-parsing-api.jar:\&#xa;${netbeans.dest.dir}/ide/modules/org-netbeans-modules-editor-actions.jar:\&#xa;${netbeans.dest.dir}/platform/modules/org-netbeans-modules-editor-mimelookup-impl.jar:\&#xa;${netbeans.dest.dir}/ide/modules/org-netbeans-modules-editor-tools-storage.jar:\&#xa;${netbeans.dest.dir}/ide/modules/org-netbeans-modules-extexecution-process.jar:\&#xa;${netbeans.dest.dir}/platform/modules/org-netbeans-libs-jna.jar:\&#xa;${netbeans.dest.dir}/ide/modules/org-netbeans-modules-extexecution-base.jar:\&#xa;${netbeans.dest.dir}/ide/modules/org-netbeans-modules-extexecution-process-jdk9.jar:\&#xa;${netbeans.dest.dir}/java/modules/org-netbeans-modules-java-hints-declarative.jar:\&#xa;${netbeans.dest.dir}/java/modules/org-netbeans-modules-java-j2seplatform.jar:\&#xa;${netbeans.dest.dir}/extide/modules/org-netbeans-modules-options-java.jar:\&#xa;${netbeans.dest.dir}/platform/modules/org-netbeans-modules-autoupdate-services.jar:\&#xa;${netbeans.dest.dir}/ide/modules/org-netbeans-modules-extexecution.jar:\&#xa;${netbeans.dest.dir}/ide/modules/org-netbeans-modules-project-ant-ui.jar:\&#xa;${netbeans.dest.dir}/java/modules/org-netbeans-modules-java-platform-ui.jar:\&#xa;${netbeans.dest.dir}/platform/modules/org-netbeans-api-search.jar:\&#xa;${netbeans.dest.dir}/java/modules/org-netbeans-modules-java-openjdk-project.jar:\&#xa;${netbeans.dest.dir}/ide/modules/org-netbeans-spi-navigator.jar:\&#xa;${netbeans.dest.dir}/java/modules/org-netbeans-spi-java-hints.jar:\&#xa;${netbeans.dest.dir}/ide/modules/org-netbeans-api-xml-ui.jar:\&#xa;${netbeans.dest.dir}/platform/modules/org-openide-execution.jar:\&#xa;${netbeans.dest.dir}/java/modules/org-netbeans-modules-java-sourceui.jar:\&#xa;${netbeans.dest.dir}/ide/modules/org-netbeans-modules-projectuiapi.jar:\&#xa;${netbeans.dest.dir}/ide/modules/org-netbeans-modules-project-libraries-ui.jar:\&#xa;${netbeans.dest.dir}/ide/modules/org-netbeans-modules-gsf-testrunner-ui.jar:\&#xa;${netbeans.dest.dir}/java/modules/org-netbeans-modules-java-source.jar:\&#xa;${netbeans.dest.dir}/java/modules/org-netbeans-modules-java-testrunner-ui.jar:\&#xa;${netbeans.dest.dir}/java/modules/org-netbeans-modules-java-testrunner.jar:\&#xa;${netbeans.dest.dir}/ide/modules/org-netbeans-modules-jumpto.jar:\&#xa;${netbeans.dest.dir}/extide/modules/org-apache-tools-ant-module.jar:\&#xa;${netbeans.dest.dir}/ide/modules/org-netbeans-modules-editor-indent-project.jar:\&#xa;${netbeans.dest.dir}/ide/modules/org-netbeans-spi-editor-hints.jar:\&#xa;${netbeans.dest.dir}/platform/modules/org-netbeans-core-multiview.jar:\&#xa;${netbeans.dest.dir}/ide/modules/org-netbeans-modules-code-analysis.jar:\&#xa;${netbeans.dest.dir}/platform/modules/org-netbeans-modules-settings.jar:\&#xa;${netbeans.dest.dir}/java/modules/org-netbeans-modules-java-project-ui.jar:\&#xa;${netbeans.dest.dir}/ide/modules/org-netbeans-modules-editor-indent-support.jar:\&#xa;${netbeans.dest.dir}/ide/modules/org-netbeans-modules-gsf-testrunner.jar:\&#xa;${netbeans.dest.dir}/platform/modules/org-netbeans-core-ui.jar:\&#xa;${test.dist.dir}/unit/java/org-netbeans-modules-java-source-base/tests.jar:\&#xa;${netbeans.dest.dir}/ide/modules/org-netbeans-modules-lexer-nbbridge.jar:\&#xa;${netbeans.dest.dir}/ide/modules/org-netbeans-modules-project-dependency.jar:\&#xa;${netbeans.dest.dir}/java/modules/org-netbeans-modules-maven.jar:\&#xa;${netbeans.dest.dir}/ide/modules/org-netbeans-modules-web-common.jar:\&#xa;${netbeans.dest.dir}/platform/modules/org-apache-commons-logging.jar:\&#xa;${netbeans.dest.dir}/platform/modules/org-apache-commons-codec.jar:\&#xa;${netbeans.dest.dir}/ide/modules/org-netbeans-modules-xml-xam.jar:\&#xa;${netbeans.dest.dir}/ide/modules/org-netbeans-libs-antlr3-runtime.jar:\&#xa;${netbeans.dest.dir}/platform/modules/org-netbeans-modules-favorites.jar:\&#xa;${netbeans.dest.dir}/java/modules/org-netbeans-modules-maven-indexer-ui.jar:\&#xa;${netbeans.dest.dir}/platform/modules/org-netbeans-core-execution.jar:\&#xa;${netbeans.dest.dir}/ide/modules/org-netbeans-modules-swing-validation.jar:\&#xa;${netbeans.dest.dir}/platform/modules/org-netbeans-modules-sendopts.jar:\&#xa;${netbeans.dest.dir}/ide/modules/org-netbeans-modules-projectui.jar:\&#xa;${netbeans.dest.dir}/java/modules/org-netbeans-modules-java-api-common.jar:\&#xa;${netbeans.dest.dir}/java/modules/org-netbeans-modules-maven-embedder.jar:\&#xa;${netbeans.dest.dir}/java/modules/org-netbeans-modules-maven-model.jar:\&#xa;${netbeans.dest.dir}/ide/modules/org-netbeans-libs-json_simple.jar:\&#xa;${netbeans.dest.dir}/java/modules/org-netbeans-modules-maven-indexer.jar:\&#xa;${netbeans.dest.dir}/harness/modules/org-netbeans-insane.jar:\&#xa;${netbeans.dest.dir}/harness/modules/org-netbeans-modules-nbjunit.jar:\&#xa;${netbeans.dest.dir}/ide/modules/org-netbeans-modules-parsing-nb.jar:\&#xa;${netbeans.dest.dir}/ide/modules/org-netbeans-modules-projectapi-nb.jar:\&#xa;${netbeans.dest.dir}/ide/modules/org-netbeans-spi-editor-hints-projects.jar:\&#xa;${test.dist.dir}/unit/platform/org-openide-util-lookup/tests.jar:\&#xa;${netbeans.dest.dir}/extide/modules/org-netbeans-modules-gradle.jar:\&#xa;${netbeans.dest.dir}/ide/modules/slf4j-api.jar:\&#xa;${netbeans.dest.dir}/ide/modules/slf4j-jdk14.jar:\&#xa;${netbeans.dest.dir}/extide/modules/org-netbeans-modules-libs-gradle.jar:\&#xa;${netbeans.dest.dir}/java/modules/org-netbeans-modules-gradle-java.jar:\&#xa;${test.dist.dir}/unit/platform/org-openide-modules/tests.jar:\&#xa;${netbeans.dest.dir}/java/modules/org-netbeans-modules-java-lsp-server.jar:\&#xa;${netbeans.dest.dir}/platform/modules/net-java-html.jar:\&#xa;${netbeans.dest.dir}/platform/modules/net-java-html-boot.jar:\&#xa;${netbeans.dest.dir}/platform/modules/net-java-html-json.jar:\&#xa;${netbeans.dest.dir}/platform/modules/org-apache-commons-commons_io.jar:\&#xa;${netbeans.dest.dir}/platform/modules/ext/commons-io-2.15.1.jar:\&#xa;${netbeans.dest.dir}/platform/modules/org-apache-commons-lang3.jar:\&#xa;${netbeans.dest.dir}/platform/modules/org-netbeans-api-htmlui.jar:\&#xa;${netbeans.dest.dir}/platform/modules/org-netbeans-html-ko4j.jar:\&#xa;${netbeans.dest.dir}/platform/modules/org-netbeans-html-xhr4j.jar:\&#xa;${netbeans.dest.dir}/platform/core/asm-9.6.jar:\&#xa;${netbeans.dest.dir}/platform/core/asm-tree-9.6.jar:\&#xa;${netbeans.dest.dir}/platform/core/asm-commons-9.6.jar:\&#xa;${netbeans.dest.dir}/platform/modules/org-netbeans-html-presenters-spi.jar:\&#xa;${netbeans.dest.dir}/ide/modules/org-netbeans-libs-flexmark.jar:\&#xa;${netbeans.dest.dir}/ide/modules/ext/flexmark-html2md-converter-0.64.8.jar:\&#xa;${netbeans.dest.dir}/ide/modules/ext/jsoup-1.15.4.jar:\&#xa;${netbeans.dest.dir}/ide/modules/ext/flexmark-util-ast-0.64.8.jar:\&#xa;${netbeans.dest.dir}/ide/modules/ext/flexmark-util-builder-0.64.8.jar:\&#xa;${netbeans.dest.dir}/ide/modules/ext/flexmark-util-collection-0.64.8.jar:\&#xa;${netbeans.dest.dir}/ide/modules/ext/flexmark-util-data-0.64.8.jar:\&#xa;${netbeans.dest.dir}/ide/modules/ext/flexmark-util-dependency-0.64.8.jar:\&#xa;${netbeans.dest.dir}/ide/modules/ext/flexmark-util-format-0.64.8.jar:\&#xa;${netbeans.dest.dir}/ide/modules/ext/flexmark-util-html-0.64.8.jar:\&#xa;${netbeans.dest.dir}/ide/modules/ext/flexmark-util-misc-0.64.8.jar:\&#xa;${netbeans.dest.dir}/ide/modules/ext/flexmark-util-sequence-0.64.8.jar:\&#xa;${netbeans.dest.dir}/ide/modules/ext/flexmark-util-visitor-0.64.8.jar:\&#xa;${netbeans.dest.dir}/ide/modules/ext/flexmark-ext-emoji-0.64.8.jar:\&#xa;${netbeans.dest.dir}/ide/modules/ext/flexmark-ext-anchorlink-0.64.8.jar:\&#xa;${netbeans.dest.dir}/ide/modules/ext/flexmark-ext-tables-0.64.8.jar:\&#xa;${netbeans.dest.dir}/ide/modules/ext/flexmark-0.64.8.jar:\&#xa;${netbeans.dest.dir}/ide/modules/ext/flexmark-ext-gfm-tasklist-0.64.8.jar:\&#xa;${netbeans.dest.dir}/ide/modules/org-netbeans-modules-csl-api.jar:\&#xa;${netbeans.dest.dir}/ide/modules/ext/lucene-core-3.6.2.jar:\&#xa;${netbeans.dest.dir}/ide/modules/org-netbeans-modules-csl-types.jar:\&#xa;${netbeans.dest.dir}/ide/modules/org-netbeans-modules-editor-breadcrumbs.jar:\&#xa;${netbeans.dest.dir}/ide/modules/org-netbeans-modules-editor-codetemplates.jar:\&#xa;${netbeans.dest.dir}/ide/modules/org-netbeans-modules-editor-completion.jar:\&#xa;${netbeans.dest.dir}/ide/modules/org-netbeans-modules-db.jar:\&#xa;${netbeans.dest.dir}/ide/modules/ext/ddl.jar:\&#xa;${netbeans.dest.dir}/ide/modules/org-netbeans-core-ide.jar:\&#xa;${netbeans.dest.dir}/ide/modules/org-netbeans-modules-db-metadata-model.jar:\&#xa;${netbeans.dest.dir}/platform/modules/org-netbeans-modules-javahelp.jar:\&#xa;${netbeans.dest.dir}/java/modules/org-netbeans-modules-debugger-jpda-truffle.jar:\&#xa;${netbeans.dest.dir}/java/modules/org-netbeans-modules-debugger-jpda.jar:\&#xa;${netbeans.dest.dir}/java/modules/org-netbeans-modules-debugger-jpda-ui.jar:\&#xa;${netbeans.dest.dir}/platform/modules/ext/updater.jar:\&#xa;${netbeans.dest.dir}/java/modules/org-netbeans-spi-debugger-jpda-ui.jar:\&#xa;${netbeans.dest.dir}/ide/modules/org-netbeans-spi-viewmodel.jar:\&#xa;${netbeans.dest.dir}/ide/modules/org-netbeans-spi-debugger-ui.jar:\&#xa;${netbeans.dest.dir}/ide/modules/ext/resolver-1.2.jar:\&#xa;${netbeans.dest.dir}/ide/modules/org-netbeans-modules-javascript2-debug.jar:\&#xa;${netbeans.dest.dir}/ide/modules/ext/json-simple-1.1.1.jar:\&#xa;${netbeans.dest.dir}/ide/modules/org-netbeans-libs-graalsdk.jar:\&#xa;${netbeans.dest.dir}/ide/modules/ext/graal-sdk-20.3.0.jar:\&#xa;${netbeans.dest.dir}/ide/modules/ext/launcher-common-20.3.0.jar:\&#xa;${netbeans.dest.dir}/ide/modules/org-netbeans-libs-truffleapi.jar:\&#xa;${netbeans.dest.dir}/ide/modules/ext/truffle-api-20.3.0.jar:\&#xa;${netbeans.dest.dir}/ide/modules/org-netbeans-modules-gototest.jar:\&#xa;${netbeans.dest.dir}/java/modules/org-netbeans-modules-java-completion.jar:\&#xa;${netbeans.dest.dir}/java/modules/org-netbeans-modules-java-editor.jar:\&#xa;${netbeans.dest.dir}/ide/modules/org-netbeans-modules-editor-bracesmatching.jar:\&#xa;${netbeans.dest.dir}/java/modules/org-netbeans-modules-java-editor-base.jar:\&#xa;${netbeans.dest.dir}/java/modules/org-netbeans-modules-refactoring-java.jar:\&#xa;${netbeans.dest.dir}/java/modules/org-netbeans-modules-java-file-launcher.jar:\&#xa;${netbeans.dest.dir}/java/modules/org-netbeans-modules-whitelist.jar:\&#xa;${netbeans.dest.dir}/java/modules/org-netbeans-modules-libs-corba-omgapi.jar:\&#xa;${netbeans.dest.dir}/java/modules/ext/corba/omgapi/glassfish-corba-omgapi.jar:\&#xa;${netbeans.dest.dir}/java/modules/org-netbeans-modules-java-hints.jar:\&#xa;${netbeans.dest.dir}/java/modules/org-netbeans-modules-java-hints-legacy-spi.jar:\&#xa;${netbeans.dest.dir}/java/modules/org-netbeans-modules-java-nativeimage-debugger.jar:\&#xa;${netbeans.dest.dir}/ide/modules/org-netbeans-modules-nativeimage-api.jar:\&#xa;${netbeans.dest.dir}/java/modules/ext/org.eclipse.lsp4j.debug-0.13.0.jar:\&#xa;${netbeans.dest.dir}/java/modules/ext/org.eclipse.xtend.lib.macro-2.24.0.jar:\&#xa;${netbeans.dest.dir}/java/modules/ext/org.eclipse.lsp4j.generator-0.13.0.jar:\&#xa;${netbeans.dest.dir}/java/modules/ext/org.eclipse.lsp4j.jsonrpc-0.13.0.jar:\&#xa;${netbeans.dest.dir}/java/modules/ext/org.eclipse.lsp4j.jsonrpc.debug-0.13.0.jar:\&#xa;${netbeans.dest.dir}/java/modules/ext/org.eclipse.xtend.lib-2.24.0.jar:\&#xa;${netbeans.dest.dir}/java/modules/ext/org.eclipse.xtext.xbase.lib-2.24.0.jar:\&#xa;${netbeans.dest.dir}/java/modules/ext/org.eclipse.lsp4j-0.13.0.jar" />
    <property name="db.dir" value="/Users/atalati/vscode-extension/main-repo/javavscode/netbeans/nbbuild/netbeans/ide" />
    <property name="ide/editor.fold.nbui.dir" value="/Users/atalati/vscode-extension/main-repo/javavscode/netbeans/nbbuild/netbeans/ide" />
    <property name="editor.macros.dir" value="/Users/atalati/vscode-extension/main-repo/javavscode/netbeans/nbbuild/netbeans/ide" />
    <property name="enterprise/websvc.owsm.dir" value="/Users/atalati/vscode-extension/main-repo/javavscode/netbeans/nbbuild/netbeans/enterprise" />
    <property name="websvccommon/websvc.saas.ui.dir" value="/Users/atalati/vscode-extension/main-repo/javavscode/netbeans/nbbuild/netbeans/websvccommon" />
    <property name="javaee.specs.support.dir" value="/Users/atalati/vscode-extension/main-repo/javavscode/netbeans/nbbuild/netbeans/enterprise" />
    <property name="test.unit.out.folder" value="/Users/atalati/vscode-extension/main-repo/javavscode/netbeans/nbbuild/build/testdist/unit/java/org-netbeans-modules-java-lsp-server" />
    <property name="o.openidex.util.dir" value="/Users/atalati/vscode-extension/main-repo/javavscode/netbeans/nbbuild/netbeans/ide" />
    <property name="hudson.LANG" value="en_GB.UTF-8" />
    <property name="o.eclipse.mylyn.commons.core.dir" value="/Users/atalati/vscode-extension/main-repo/javavscode/netbeans/nbbuild/netbeans/ide" />
    <property name="java/gradle.test.dir" value="/Users/atalati/vscode-extension/main-repo/javavscode/netbeans/nbbuild/netbeans/java" />
    <property name="websvccommon/websvc.saas.kit.dir" value="/Users/atalati/vscode-extension/main-repo/javavscode/netbeans/nbbuild/netbeans/websvccommon" />
    <property name="enterprise/libs.jstl.dir" value="/Users/atalati/vscode-extension/main-repo/javavscode/netbeans/nbbuild/netbeans/enterprise" />
    <property name="dbapi.dir" value="/Users/atalati/vscode-extension/main-repo/javavscode/netbeans/nbbuild/netbeans/ide" />
    <property name="project.libraries.dir" value="/Users/atalati/vscode-extension/main-repo/javavscode/netbeans/nbbuild/netbeans/ide" />
    <property name="css.model.dir" value="/Users/atalati/vscode-extension/main-repo/javavscode/netbeans/nbbuild/netbeans/ide" />
    <property name="masterfs.linux.dir" value="/Users/atalati/vscode-extension/main-repo/javavscode/netbeans/nbbuild/netbeans/platform" />
    <property name="java.source.queries.dir" value="/Users/atalati/vscode-extension/main-repo/javavscode/netbeans/nbbuild/netbeans/java" />
    <property name="hudson.mercurial.dir" value="/Users/atalati/vscode-extension/main-repo/javavscode/netbeans/nbbuild/netbeans/ide" />
    <property name="xml.axi.dir" value="/Users/atalati/vscode-extension/main-repo/javavscode/netbeans/nbbuild/netbeans/ide" />
    <property name="java/java.module.graph.dir" value="/Users/atalati/vscode-extension/main-repo/javavscode/netbeans/nbbuild/netbeans/java" />
    <property name="ide/properties.dir" value="/Users/atalati/vscode-extension/main-repo/javavscode/netbeans/nbbuild/netbeans/ide" />
    <property name="platform/o.n.html.ko4j.dir" value="/Users/atalati/vscode-extension/main-repo/javavscode/netbeans/nbbuild/netbeans/platform" />
    <property name="module.processor.classpath" value="/Users/atalati/vscode-extension/main-repo/javavscode/netbeans/nbbuild/netbeans/ide/modules/com-google-gson.jar:/Users/atalati/vscode-extension/main-repo/javavscode/netbeans/ide/c.google.gson/external/gson-2.8.9.jar:/Users/atalati/vscode-extension/main-repo/javavscode/netbeans/ide/c.google.gson/external/gson-2.8.9.jar:/Users/atalati/vscode-extension/main-repo/javavscode/netbeans/nbbuild/netbeans/ide/modules/com-google-gson.jar:/Users/atalati/vscode-extension/main-repo/javavscode/netbeans/nbbuild/netbeans/platform/modules/net-java-html.jar:/Users/atalati/vscode-extension/main-repo/javavscode/netbeans/platform/net.java.html/external/net.java.html-1.8.1.jar:/Users/atalati/vscode-extension/main-repo/javavscode/netbeans/platform/net.java.html/external/net.java.html-1.8.1.jar:/Users/atalati/vscode-extension/main-repo/javavscode/netbeans/nbbuild/netbeans/platform/modules/net-java-html.jar:/Users/atalati/vscode-extension/main-repo/javavscode/netbeans/nbbuild/netbeans/platform/modules/net-java-html-boot.jar:/Users/atalati/vscode-extension/main-repo/javavscode/netbeans/platform/net.java.html.boot/external/net.java.html.boot-1.8.1.jar:/Users/atalati/vscode-extension/main-repo/javavscode/netbeans/platform/net.java.html.boot/external/net.java.html.boot-1.8.1.jar:/Users/atalati/vscode-extension/main-repo/javavscode/netbeans/nbbuild/netbeans/platform/modules/net-java-html-boot.jar:/Users/atalati/vscode-extension/main-repo/javavscode/netbeans/nbbuild/netbeans/platform/modules/net-java-html-json.jar:/Users/atalati/vscode-extension/main-repo/javavscode/netbeans/platform/net.java.html.json/external/net.java.html.json-1.8.1.jar:/Users/atalati/vscode-extension/main-repo/javavscode/netbeans/platform/net.java.html.json/external/net.java.html.json-1.8.1.jar:/Users/atalati/vscode-extension/main-repo/javavscode/netbeans/nbbuild/netbeans/platform/modules/net-java-html-json.jar:/Users/atalati/vscode-extension/main-repo/javavscode/netbeans/nbbuild/netbeans/platform/modules/org-apache-commons-commons_io.jar:/Users/atalati/vscode-extension/main-repo/javavscode/netbeans/platform/o.apache.commons.commons_io/external/commons-io-2.15.1.jar:/Users/atalati/vscode-extension/main-repo/javavscode/netbeans/nbbuild/netbeans/platform/modules/ext/commons-io-2.15.1.jar:/Users/atalati/vscode-extension/main-repo/javavscode/netbeans/platform/o.apache.commons.commons_io/external/commons-io-2.15.1.jar:/Users/atalati/vscode-extension/main-repo/javavscode/netbeans/nbbuild/netbeans/platform/modules/ext/commons-io-2.15.1.jar:/Users/atalati/vscode-extension/main-repo/javavscode/netbeans/nbbuild/netbeans/platform/modules/org-apache-commons-lang3.jar:/Users/atalati/vscode-extension/main-repo/javavscode/netbeans/platform/o.apache.commons.lang3/external/commons-lang3-3.14.0.jar:/Users/atalati/vscode-extension/main-repo/javavscode/netbeans/nbbuild/netbeans/platform/modules/commons-lang3.jar:/Users/atalati/vscode-extension/main-repo/javavscode/netbeans/platform/o.apache.commons.lang3/external/commons-lang3-3.14.0.jar:/Users/atalati/vscode-extension/main-repo/javavscode/netbeans/nbbuild/netbeans/platform/modules/commons-lang3.jar:/Users/atalati/vscode-extension/main-repo/javavscode/netbeans/nbbuild/netbeans/platform/modules/org-netbeans-api-annotations-common.jar:/Users/atalati/vscode-extension/main-repo/javavscode/netbeans/nbbuild/netbeans/ide/modules/org-netbeans-api-debugger.jar:/Users/atalati/vscode-extension/main-repo/javavscode/netbeans/nbbuild/netbeans/platform/modules/org-netbeans-api-annotations-common.jar:/Users/atalati/vscode-extension/main-repo/javavscode/netbeans/nbbuild/netbeans/ide/modules/org-netbeans-modules-projectapi.jar:/Users/atalati/vscode-extension/main-repo/javavscode/netbeans/nbbuild/netbeans/platform/modules/org-netbeans-modules-queries.jar:/Users/atalati/vscode-extension/main-repo/javavscode/netbeans/nbbuild/netbeans/platform/core/org-openide-filesystems.jar:/Users/atalati/vscode-extension/main-repo/javavscode/netbeans/nbbuild/netbeans/platform/lib/org-openide-util.jar:/Users/atalati/vscode-extension/main-repo/javavscode/netbeans/nbbuild/netbeans/platform/lib/org-openide-util-lookup.jar:/Users/atalati/vscode-extension/main-repo/javavscode/netbeans/nbbuild/netbeans/platform/lib/org-openide-modules.jar:/Users/atalati/vscode-extension/main-repo/javavscode/netbeans/nbbuild/netbeans/platform/lib/org-openide-util-ui.jar:/Users/atalati/vscode-extension/main-repo/javavscode/netbeans/nbbuild/netbeans/java/modules/org-netbeans-api-debugger-jpda.jar:/Users/atalati/vscode-extension/main-repo/javavscode/netbeans/nbbuild/netbeans/ide/modules/org-netbeans-api-debugger.jar:/Users/atalati/vscode-extension/main-repo/javavscode/netbeans/nbbuild/netbeans/platform/modules/org-netbeans-api-annotations-common.jar:/Users/atalati/vscode-extension/main-repo/javavscode/netbeans/nbbuild/netbeans/ide/modules/org-netbeans-modules-projectapi.jar:/Users/atalati/vscode-extension/main-repo/javavscode/netbeans/nbbuild/netbeans/platform/modules/org-netbeans-modules-queries.jar:/Users/atalati/vscode-extension/main-repo/javavscode/netbeans/nbbuild/netbeans/platform/core/org-openide-filesystems.jar:/Users/atalati/vscode-extension/main-repo/javavscode/netbeans/nbbuild/netbeans/platform/lib/org-openide-util.jar:/Users/atalati/vscode-extension/main-repo/javavscode/netbeans/nbbuild/netbeans/platform/lib/org-openide-util-lookup.jar:/Users/atalati/vscode-extension/main-repo/javavscode/netbeans/nbbuild/netbeans/platform/lib/org-openide-modules.jar:/Users/atalati/vscode-extension/main-repo/javavscode/netbeans/nbbuild/netbeans/platform/lib/org-openide-util-ui.jar:/Users/atalati/vscode-extension/main-repo/javavscode/netbeans/nbbuild/netbeans/ide/modules/org-netbeans-api-java-classpath.jar:/Users/atalati/vscode-extension/main-repo/javavscode/netbeans/nbbuild/netbeans/platform/modules/org-netbeans-api-htmlui.jar:/Users/atalati/vscode-extension/main-repo/javavscode/netbeans/nbbuild/netbeans/platform/modules/net-java-html.jar:/Users/atalati/vscode-extension/main-repo/javavscode/netbeans/platform/net.java.html/external/net.java.html-1.8.1.jar:/Users/atalati/vscode-extension/main-repo/javavscode/netbeans/nbbuild/netbeans/platform/modules/net-java-html-boot.jar:/Users/atalati/vscode-extension/main-repo/javavscode/netbeans/platform/net.java.html.boot/external/net.java.html.boot-1.8.1.jar:/Users/atalati/vscode-extension/main-repo/javavscode/netbeans/nbbuild/netbeans/platform/modules/net-java-html-json.jar:/Users/atalati/vscode-extension/main-repo/javavscode/netbeans/platform/net.java.html.json/external/net.java.html.json-1.8.1.jar:/Users/atalati/vscode-extension/main-repo/javavscode/netbeans/nbbuild/netbeans/platform/core/org-netbeans-libs-asm.jar:/Users/atalati/vscode-extension/main-repo/javavscode/netbeans/platform/libs.asm/external/asm-9.6.jar:/Users/atalati/vscode-extension/main-repo/javavscode/netbeans/nbbuild/netbeans/platform/core/asm-9.6.jar:/Users/atalati/vscode-extension/main-repo/javavscode/netbeans/platform/libs.asm/external/asm-tree-9.6.jar:/Users/atalati/vscode-extension/main-repo/javavscode/netbeans/nbbuild/netbeans/platform/core/asm-tree-9.6.jar:/Users/atalati/vscode-extension/main-repo/javavscode/netbeans/platform/libs.asm/external/asm-commons-9.6.jar:/Users/atalati/vscode-extension/main-repo/javavscode/netbeans/nbbuild/netbeans/platform/core/asm-commons-9.6.jar:/Users/atalati/vscode-extension/main-repo/javavscode/netbeans/nbbuild/netbeans/platform/modules/org-openide-awt.jar:/Users/atalati/vscode-extension/main-repo/javavscode/netbeans/nbbuild/netbeans/platform/modules/org-netbeans-api-annotations-common.jar:/Users/atalati/vscode-extension/main-repo/javavscode/netbeans/nbbuild/netbeans/platform/core/org-openide-filesystems.jar:/Users/atalati/vscode-extension/main-repo/javavscode/netbeans/nbbuild/netbeans/platform/lib/org-openide-util.jar:/Users/atalati/vscode-extension/main-repo/javavscode/netbeans/nbbuild/netbeans/platform/lib/org-openide-util-lookup.jar:/Users/atalati/vscode-extension/main-repo/javavscode/netbeans/nbbuild/netbeans/platform/lib/org-openide-util-ui.jar:/Users/atalati/vscode-extension/main-repo/javavscode/netbeans/nbbuild/netbeans/platform/modules/org-netbeans-api-io.jar:/Users/atalati/vscode-extension/main-repo/javavscode/netbeans/nbbuild/netbeans/platform/modules/org-netbeans-api-annotations-common.jar:/Users/atalati/vscode-extension/main-repo/javavscode/netbeans/nbbuild/netbeans/platform/modules/org-netbeans-api-intent.jar:/Users/atalati/vscode-extension/main-repo/javavscode/netbeans/nbbuild/netbeans/platform/core/org-openide-filesystems.jar:/Users/atalati/vscode-extension/main-repo/javavscode/netbeans/nbbuild/netbeans/platform/lib/org-openide-util.jar:/Users/atalati/vscode-extension/main-repo/javavscode/netbeans/nbbuild/netbeans/platform/lib/org-openide-util-lookup.jar:/Users/atalati/vscode-extension/main-repo/javavscode/netbeans/nbbuild/netbeans/java/modules/org-netbeans-api-java.jar:/Users/atalati/vscode-extension/main-repo/javavscode/netbeans/nbbuild/netbeans/platform/modules/org-netbeans-api-annotations-common.jar:/Users/atalati/vscode-extension/main-repo/javavscode/netbeans/nbbuild/netbeans/ide/modules/org-netbeans-api-java-classpath.jar:/Users/atalati/vscode-extension/main-repo/javavscode/netbeans/nbbuild/netbeans/platform/core/org-openide-filesystems.jar:/Users/atalati/vscode-extension/main-repo/javavscode/netbeans/nbbuild/netbeans/platform/lib/org-openide-util.jar:/Users/atalati/vscode-extension/main-repo/javavscode/netbeans/nbbuild/netbeans/platform/lib/org-openide-util-lookup.jar:/Users/atalati/vscode-extension/main-repo/javavscode/netbeans/nbbuild/netbeans/platform/lib/org-openide-modules.jar:/Users/atalati/vscode-extension/main-repo/javavscode/netbeans/nbbuild/netbeans/platform/lib/org-openide-util-ui.jar:/Users/atalati/vscode-extension/main-repo/javavscode/netbeans/nbbuild/netbeans/ide/modules/org-netbeans-api-java-classpath.jar:/Users/atalati/vscode-extension/main-repo/javavscode/netbeans/nbbuild/netbeans/platform/modules/org-netbeans-api-annotations-common.jar:/Users/atalati/vscode-extension/main-repo/javavscode/netbeans/nbbuild/netbeans/platform/core/org-openide-filesystems.jar:/Users/atalati/vscode-extension/main-repo/javavscode/netbeans/nbbuild/netbeans/platform/lib/org-openide-util.jar:/Users/atalati/vscode-extension/main-repo/javavscode/netbeans/nbbuild/netbeans/platform/lib/org-openide-util-lookup.jar:/Users/atalati/vscode-extension/main-repo/javavscode/netbeans/nbbuild/netbeans/ide/modules/org-netbeans-api-lsp.jar:/Users/atalati/vscode-extension/main-repo/javavscode/netbeans/nbbuild/netbeans/platform/modules/org-netbeans-api-annotations-common.jar:/Users/atalati/vscode-extension/main-repo/javavscode/netbeans/nbbuild/netbeans/platform/modules/org-netbeans-modules-editor-mimelookup.jar:/Users/atalati/vscode-extension/main-repo/javavscode/netbeans/nbbuild/netbeans/platform/core/org-openide-filesystems.jar:/Users/atalati/vscode-extension/main-repo/javavscode/netbeans/nbbuild/netbeans/platform/lib/org-openide-util.jar:/Users/atalati/vscode-extension/main-repo/javavscode/netbeans/nbbuild/netbeans/platform/lib/org-openide-util-lookup.jar:/Users/atalati/vscode-extension/main-repo/javavscode/netbeans/nbbuild/netbeans/ide/modules/org-netbeans-modules-editor-util.jar:/Users/atalati/vscode-extension/main-repo/javavscode/netbeans/nbbuild/netbeans/platform/modules/org-netbeans-api-progress.jar:/Users/atalati/vscode-extension/main-repo/javavscode/netbeans/nbbuild/netbeans/platform/lib/org-openide-modules.jar:/Users/atalati/vscode-extension/main-repo/javavscode/netbeans/nbbuild/netbeans/platform/lib/org-openide-util-ui.jar:/Users/atalati/vscode-extension/main-repo/javavscode/netbeans/nbbuild/netbeans/platform/lib/org-openide-util.jar:/Users/atalati/vscode-extension/main-repo/javavscode/netbeans/nbbuild/netbeans/platform/lib/org-openide-util-lookup.jar:/Users/atalati/vscode-extension/main-repo/javavscode/netbeans/nbbuild/netbeans/platform/modules/org-netbeans-api-templates.jar:/Users/atalati/vscode-extension/main-repo/javavscode/netbeans/nbbuild/netbeans/platform/modules/org-netbeans-api-annotations-common.jar:/Users/atalati/vscode-extension/main-repo/javavscode/netbeans/nbbuild/netbeans/platform/modules/org-netbeans-api-scripting.jar:/Users/atalati/vscode-extension/main-repo/javavscode/netbeans/nbbuild/netbeans/platform/lib/org-openide-util-lookup.jar:/Users/atalati/vscode-extension/main-repo/javavscode/netbeans/nbbuild/netbeans/platform/modules/org-netbeans-modules-queries.jar:/Users/atalati/vscode-extension/main-repo/javavscode/netbeans/nbbuild/netbeans/platform/core/org-openide-filesystems.jar:/Users/atalati/vscode-extension/main-repo/javavscode/netbeans/nbbuild/netbeans/platform/lib/org-openide-util.jar:/Users/atalati/vscode-extension/main-repo/javavscode/netbeans/nbbuild/netbeans/platform/modules/org-netbeans-html-presenters-spi.jar:/Users/atalati/vscode-extension/main-repo/javavscode/netbeans/platform/o.n.html.presenters.spi/external/generic-1.8.1.jar:/Users/atalati/vscode-extension/main-repo/javavscode/netbeans/platform/o.n.html.presenters.spi/external/generic-1.8.1.jar:/Users/atalati/vscode-extension/main-repo/javavscode/netbeans/nbbuild/netbeans/platform/modules/org-netbeans-html-presenters-spi.jar:/Users/atalati/vscode-extension/main-repo/javavscode/netbeans/nbbuild/netbeans/ide/modules/org-netbeans-libs-flexmark.jar:/Users/atalati/vscode-extension/main-repo/javavscode/netbeans/ide/libs.flexmark/external/flexmark-html2md-converter-0.64.8.jar:/Users/atalati/vscode-extension/main-repo/javavscode/netbeans/nbbuild/netbeans/ide/modules/ext/flexmark-html2md-converter-0.64.8.jar:/Users/atalati/vscode-extension/main-repo/javavscode/netbeans/ide/libs.flexmark/external/jsoup-1.15.4.jar:/Users/atalati/vscode-extension/main-repo/javavscode/netbeans/nbbuild/netbeans/ide/modules/ext/jsoup-1.15.4.jar:/Users/atalati/vscode-extension/main-repo/javavscode/netbeans/ide/libs.flexmark/external/flexmark-util-ast-0.64.8.jar:/Users/atalati/vscode-extension/main-repo/javavscode/netbeans/nbbuild/netbeans/ide/modules/ext/flexmark-util-ast-0.64.8.jar:/Users/atalati/vscode-extension/main-repo/javavscode/netbeans/ide/libs.flexmark/external/flexmark-util-builder-0.64.8.jar:/Users/atalati/vscode-extension/main-repo/javavscode/netbeans/nbbuild/netbeans/ide/modules/ext/flexmark-util-builder-0.64.8.jar:/Users/atalati/vscode-extension/main-repo/javavscode/netbeans/ide/libs.flexmark/external/flexmark-util-collection-0.64.8.jar:/Users/atalati/vscode-extension/main-repo/javavscode/netbeans/nbbuild/netbeans/ide/modules/ext/flexmark-util-collection-0.64.8.jar:/Users/atalati/vscode-extension/main-repo/javavscode/netbeans/ide/libs.flexmark/external/flexmark-util-data-0.64.8.jar:/Users/atalati/vscode-extension/main-repo/javavscode/netbeans/nbbuild/netbeans/ide/modules/ext/flexmark-util-data-0.64.8.jar:/Users/atalati/vscode-extension/main-repo/javavscode/netbeans/ide/libs.flexmark/external/flexmark-util-dependency-0.64.8.jar:/Users/atalati/vscode-extension/main-repo/javavscode/netbeans/nbbuild/netbeans/ide/modules/ext/flexmark-util-dependency-0.64.8.jar:/Users/atalati/vscode-extension/main-repo/javavscode/netbeans/ide/libs.flexmark/external/flexmark-util-format-0.64.8.jar:/Users/atalati/vscode-extension/main-repo/javavscode/netbeans/nbbuild/netbeans/ide/modules/ext/flexmark-util-format-0.64.8.jar:/Users/atalati/vscode-extension/main-repo/javavscode/netbeans/ide/libs.flexmark/external/flexmark-util-html-0.64.8.jar:/Users/atalati/vscode-extension/main-repo/javavscode/netbeans/nbbuild/netbeans/ide/modules/ext/flexmark-util-html-0.64.8.jar:/Users/atalati/vscode-extension/main-repo/javavscode/netbeans/ide/libs.flexmark/external/flexmark-util-misc-0.64.8.jar:/Users/atalati/vscode-extension/main-repo/javavscode/netbeans/nbbuild/netbeans/ide/modules/ext/flexmark-util-misc-0.64.8.jar:/Users/atalati/vscode-extension/main-repo/javavscode/netbeans/ide/libs.flexmark/external/flexmark-util-sequence-0.64.8.jar:/Users/atalati/vscode-extension/main-repo/javavscode/netbeans/nbbuild/netbeans/ide/modules/ext/flexmark-util-sequence-0.64.8.jar:/Users/atalati/vscode-extension/main-repo/javavscode/netbeans/ide/libs.flexmark/external/flexmark-util-visitor-0.64.8.jar:/Users/atalati/vscode-extension/main-repo/javavscode/netbeans/nbbuild/netbeans/ide/modules/ext/flexmark-util-visitor-0.64.8.jar:/Users/atalati/vscode-extension/main-repo/javavscode/netbeans/ide/libs.flexmark/external/flexmark-ext-emoji-0.64.8.jar:/Users/atalati/vscode-extension/main-repo/javavscode/netbeans/nbbuild/netbeans/ide/modules/ext/flexmark-ext-emoji-0.64.8.jar:/Users/atalati/vscode-extension/main-repo/javavscode/netbeans/ide/libs.flexmark/external/flexmark-ext-anchorlink-0.64.8.jar:/Users/atalati/vscode-extension/main-repo/javavscode/netbeans/nbbuild/netbeans/ide/modules/ext/flexmark-ext-anchorlink-0.64.8.jar:/Users/atalati/vscode-extension/main-repo/javavscode/netbeans/ide/libs.flexmark/external/flexmark-ext-tables-0.64.8.jar:/Users/atalati/vscode-extension/main-repo/javavscode/netbeans/nbbuild/netbeans/ide/modules/ext/flexmark-ext-tables-0.64.8.jar:/Users/atalati/vscode-extension/main-repo/javavscode/netbeans/ide/libs.flexmark/external/flexmark-0.64.8.jar:/Users/atalati/vscode-extension/main-repo/javavscode/netbeans/nbbuild/netbeans/ide/modules/ext/flexmark-0.64.8.jar:/Users/atalati/vscode-extension/main-repo/javavscode/netbeans/ide/libs.flexmark/external/flexmark-ext-gfm-tasklist-0.64.8.jar:/Users/atalati/vscode-extension/main-repo/javavscode/netbeans/nbbuild/netbeans/ide/modules/ext/flexmark-ext-gfm-tasklist-0.64.8.jar:/Users/atalati/vscode-extension/main-repo/javavscode/netbeans/ide/libs.flexmark/external/flexmark-html2md-converter-0.64.8.jar:/Users/atalati/vscode-extension/main-repo/javavscode/netbeans/nbbuild/netbeans/ide/modules/ext/flexmark-html2md-converter-0.64.8.jar:/Users/atalati/vscode-extension/main-repo/javavscode/netbeans/ide/libs.flexmark/external/jsoup-1.15.4.jar:/Users/atalati/vscode-extension/main-repo/javavscode/netbeans/nbbuild/netbeans/ide/modules/ext/jsoup-1.15.4.jar:/Users/atalati/vscode-extension/main-repo/javavscode/netbeans/ide/libs.flexmark/external/flexmark-util-ast-0.64.8.jar:/Users/atalati/vscode-extension/main-repo/javavscode/netbeans/nbbuild/netbeans/ide/modules/ext/flexmark-util-ast-0.64.8.jar:/Users/atalati/vscode-extension/main-repo/javavscode/netbeans/ide/libs.flexmark/external/flexmark-util-builder-0.64.8.jar:/Users/atalati/vscode-extension/main-repo/javavscode/netbeans/nbbuild/netbeans/ide/modules/ext/flexmark-util-builder-0.64.8.jar:/Users/atalati/vscode-extension/main-repo/javavscode/netbeans/ide/libs.flexmark/external/flexmark-util-collection-0.64.8.jar:/Users/atalati/vscode-extension/main-repo/javavscode/netbeans/nbbuild/netbeans/ide/modules/ext/flexmark-util-collection-0.64.8.jar:/Users/atalati/vscode-extension/main-repo/javavscode/netbeans/ide/libs.flexmark/external/flexmark-util-data-0.64.8.jar:/Users/atalati/vscode-extension/main-repo/javavscode/netbeans/nbbuild/netbeans/ide/modules/ext/flexmark-util-data-0.64.8.jar:/Users/atalati/vscode-extension/main-repo/javavscode/netbeans/ide/libs.flexmark/external/flexmark-util-dependency-0.64.8.jar:/Users/atalati/vscode-extension/main-repo/javavscode/netbeans/nbbuild/netbeans/ide/modules/ext/flexmark-util-dependency-0.64.8.jar:/Users/atalati/vscode-extension/main-repo/javavscode/netbeans/ide/libs.flexmark/external/flexmark-util-format-0.64.8.jar:/Users/atalati/vscode-extension/main-repo/javavscode/netbeans/nbbuild/netbeans/ide/modules/ext/flexmark-util-format-0.64.8.jar:/Users/atalati/vscode-extension/main-repo/javavscode/netbeans/ide/libs.flexmark/external/flexmark-util-html-0.64.8.jar:/Users/atalati/vscode-extension/main-repo/javavscode/netbeans/nbbuild/netbeans/ide/modules/ext/flexmark-util-html-0.64.8.jar:/Users/atalati/vscode-extension/main-repo/javavscode/netbeans/ide/libs.flexmark/external/flexmark-util-misc-0.64.8.jar:/Users/atalati/vscode-extension/main-repo/javavscode/netbeans/nbbuild/netbeans/ide/modules/ext/flexmark-util-misc-0.64.8.jar:/Users/atalati/vscode-extension/main-repo/javavscode/netbeans/ide/libs.flexmark/external/flexmark-util-sequence-0.64.8.jar:/Users/atalati/vscode-extension/main-repo/javavscode/netbeans/nbbuild/netbeans/ide/modules/ext/flexmark-util-sequence-0.64.8.jar:/Users/atalati/vscode-extension/main-repo/javavscode/netbeans/ide/libs.flexmark/external/flexmark-util-visitor-0.64.8.jar:/Users/atalati/vscode-extension/main-repo/javavscode/netbeans/nbbuild/netbeans/ide/modules/ext/flexmark-util-visitor-0.64.8.jar:/Users/atalati/vscode-extension/main-repo/javavscode/netbeans/ide/libs.flexmark/external/flexmark-ext-emoji-0.64.8.jar:/Users/atalati/vscode-extension/main-repo/javavscode/netbeans/nbbuild/netbeans/ide/modules/ext/flexmark-ext-emoji-0.64.8.jar:/Users/atalati/vscode-extension/main-repo/javavscode/netbeans/ide/libs.flexmark/external/flexmark-ext-anchorlink-0.64.8.jar:/Users/atalati/vscode-extension/main-repo/javavscode/netbeans/nbbuild/netbeans/ide/modules/ext/flexmark-ext-anchorlink-0.64.8.jar:/Users/atalati/vscode-extension/main-repo/javavscode/netbeans/ide/libs.flexmark/external/flexmark-ext-tables-0.64.8.jar:/Users/atalati/vscode-extension/main-repo/javavscode/netbeans/nbbuild/netbeans/ide/modules/ext/flexmark-ext-tables-0.64.8.jar:/Users/atalati/vscode-extension/main-repo/javavscode/netbeans/ide/libs.flexmark/external/flexmark-0.64.8.jar:/Users/atalati/vscode-extension/main-repo/javavscode/netbeans/nbbuild/netbeans/ide/modules/ext/flexmark-0.64.8.jar:/Users/atalati/vscode-extension/main-repo/javavscode/netbeans/ide/libs.flexmark/external/flexmark-ext-gfm-tasklist-0.64.8.jar:/Users/atalati/vscode-extension/main-repo/javavscode/netbeans/nbbuild/netbeans/ide/modules/ext/flexmark-ext-gfm-tasklist-0.64.8.jar:/Users/atalati/vscode-extension/main-repo/javavscode/netbeans/nbbuild/netbeans/java/modules/org-netbeans-libs-javacapi.jar:/Users/atalati/vscode-extension/main-repo/javavscode/netbeans/java/libs.javacapi/external/nb-javac-jdk-22+33-api.jar:/Users/atalati/vscode-extension/main-repo/javavscode/netbeans/java/libs.javacapi/external/nb-javac-jdk-22+33.jar:/Users/atalati/vscode-extension/main-repo/javavscode/netbeans/java/libs.javacapi/external/nb-javac-jdk-22+33-api.jar:/Users/atalati/vscode-extension/main-repo/javavscode/netbeans/java/libs.javacapi/external/nb-javac-jdk-22+33.jar:/Users/atalati/vscode-extension/main-repo/javavscode/netbeans/nbbuild/netbeans/ide/modules/org-netbeans-modules-csl-api.jar:/Users/atalati/vscode-extension/main-repo/javavscode/netbeans/nbbuild/netbeans/platform/modules/org-netbeans-api-annotations-common.jar:/Users/atalati/vscode-extension/main-repo/javavscode/netbeans/nbbuild/netbeans/ide/modules/org-netbeans-api-java-classpath.jar:/Users/atalati/vscode-extension/main-repo/javavscode/netbeans/nbbuild/netbeans/platform/core/org-openide-filesystems.jar:/Users/atalati/vscode-extension/main-repo/javavscode/netbeans/nbbuild/netbeans/platform/lib/org-openide-util.jar:/Users/atalati/vscode-extension/main-repo/javavscode/netbeans/nbbuild/netbeans/platform/lib/org-openide-util-lookup.jar:/Users/atalati/vscode-extension/main-repo/javavscode/netbeans/nbbuild/netbeans/ide/modules/org-netbeans-api-lsp.jar:/Users/atalati/vscode-extension/main-repo/javavscode/netbeans/nbbuild/netbeans/platform/modules/org-netbeans-modules-editor-mimelookup.jar:/Users/atalati/vscode-extension/main-repo/javavscode/netbeans/nbbuild/netbeans/ide/modules/org-netbeans-modules-editor-util.jar:/Users/atalati/vscode-extension/main-repo/javavscode/netbeans/nbbuild/netbeans/platform/modules/org-netbeans-api-progress.jar:/Users/atalati/vscode-extension/main-repo/javavscode/netbeans/nbbuild/netbeans/platform/lib/org-openide-modules.jar:/Users/atalati/vscode-extension/main-repo/javavscode/netbeans/nbbuild/netbeans/platform/lib/org-openide-util-ui.jar:/Users/atalati/vscode-extension/main-repo/javavscode/netbeans/nbbuild/netbeans/platform/modules/org-netbeans-core-multiview.jar:/Users/atalati/vscode-extension/main-repo/javavscode/netbeans/nbbuild/netbeans/platform/modules/org-openide-awt.jar:/Users/atalati/vscode-extension/main-repo/javavscode/netbeans/nbbuild/netbeans/platform/modules/org-openide-dialogs.jar:/Users/atalati/vscode-extension/main-repo/javavscode/netbeans/nbbuild/netbeans/platform/modules/org-netbeans-api-progress-nb.jar:/Users/atalati/vscode-extension/main-repo/javavscode/netbeans/nbbuild/netbeans/platform/modules/org-openide-nodes.jar:/Users/atalati/vscode-extension/main-repo/javavscode/netbeans/nbbuild/netbeans/platform/modules/org-openide-text.jar:/Users/atalati/vscode-extension/main-repo/javavscode/netbeans/nbbuild/netbeans/platform/modules/org-openide-windows.jar:/Users/atalati/vscode-extension/main-repo/javavscode/netbeans/nbbuild/netbeans/ide/modules/org-netbeans-libs-lucene.jar:/Users/atalati/vscode-extension/main-repo/javavscode/netbeans/ide/libs.lucene/external/lucene-core-3.6.2.jar:/Users/atalati/vscode-extension/main-repo/javavscode/netbeans/nbbuild/netbeans/ide/modules/ext/lucene-core-3.6.2.jar:/Users/atalati/vscode-extension/main-repo/javavscode/netbeans/nbbuild/netbeans/ide/modules/org-netbeans-modules-csl-types.jar:/Users/atalati/vscode-extension/main-repo/javavscode/netbeans/nbbuild/netbeans/ide/modules/org-netbeans-modules-parsing-api.jar:/Users/atalati/vscode-extension/main-repo/javavscode/netbeans/nbbuild/netbeans/ide/modules/org-netbeans-modules-editor-document.jar:/Users/atalati/vscode-extension/main-repo/javavscode/netbeans/nbbuild/netbeans/ide/modules/org-netbeans-modules-lexer.jar:/Users/atalati/vscode-extension/main-repo/javavscode/netbeans/nbbuild/netbeans/ide/modules/org-netbeans-modules-parsing-lucene.jar:/Users/atalati/vscode-extension/main-repo/javavscode/netbeans/nbbuild/netbeans/platform/modules/org-netbeans-modules-masterfs.jar:/Users/atalati/vscode-extension/main-repo/javavscode/netbeans/nbbuild/netbeans/platform/modules/org-netbeans-modules-queries.jar:/Users/atalati/vscode-extension/main-repo/javavscode/netbeans/nbbuild/netbeans/ide/modules/org-netbeans-modules-projectapi.jar:/Users/atalati/vscode-extension/main-repo/javavscode/netbeans/nbbuild/netbeans/ide/modules/org-netbeans-modules-diff.jar:/Users/atalati/vscode-extension/main-repo/javavscode/netbeans/nbbuild/netbeans/ide/modules/org-netbeans-modules-editor-errorstripe.jar:/Users/atalati/vscode-extension/main-repo/javavscode/netbeans/nbbuild/netbeans/ide/modules/org-netbeans-modules-editor-errorstripe-api.jar:/Users/atalati/vscode-extension/main-repo/javavscode/netbeans/nbbuild/netbeans/ide/modules/org-netbeans-modules-editor-fold.jar:/Users/atalati/vscode-extension/main-repo/javavscode/netbeans/nbbuild/netbeans/ide/modules/org-netbeans-modules-editor-settings.jar:/Users/atalati/vscode-extension/main-repo/javavscode/netbeans/nbbuild/netbeans/ide/modules/org-netbeans-modules-editor-settings-lib.jar:/Users/atalati/vscode-extension/main-repo/javavscode/netbeans/nbbuild/netbeans/ide/modules/org-netbeans-modules-editor-lib.jar:/Users/atalati/vscode-extension/main-repo/javavscode/netbeans/nbbuild/netbeans/ide/modules/org-netbeans-modules-editor-guards.jar:/Users/atalati/vscode-extension/main-repo/javavscode/netbeans/nbbuild/netbeans/ide/modules/org-netbeans-modules-editor-indent.jar:/Users/atalati/vscode-extension/main-repo/javavscode/netbeans/nbbuild/netbeans/ide/modules/org-netbeans-modules-editor-lib2.jar:/Users/atalati/vscode-extension/main-repo/javavscode/netbeans/nbbuild/netbeans/platform/modules/org-openide-loaders.jar:/Users/atalati/vscode-extension/main-repo/javavscode/netbeans/nbbuild/netbeans/platform/modules/org-netbeans-api-scripting.jar:/Users/atalati/vscode-extension/main-repo/javavscode/netbeans/nbbuild/netbeans/platform/modules/org-netbeans-api-templates.jar:/Users/atalati/vscode-extension/main-repo/javavscode/netbeans/nbbuild/netbeans/platform/modules/org-openide-actions.jar:/Users/atalati/vscode-extension/main-repo/javavscode/netbeans/nbbuild/netbeans/platform/modules/org-openide-explorer.jar:/Users/atalati/vscode-extension/main-repo/javavscode/netbeans/nbbuild/netbeans/platform/modules/org-netbeans-swing-outline.jar:/Users/atalati/vscode-extension/main-repo/javavscode/netbeans/nbbuild/netbeans/platform/modules/org-netbeans-swing-tabcontrol.jar:/Users/atalati/vscode-extension/main-repo/javavscode/netbeans/nbbuild/netbeans/platform/modules/org-openide-filesystems-nb.jar:/Users/atalati/vscode-extension/main-repo/javavscode/netbeans/nbbuild/netbeans/platform/modules/org-netbeans-modules-options-api.jar:/Users/atalati/vscode-extension/main-repo/javavscode/netbeans/nbbuild/netbeans/platform/modules/org-netbeans-core.jar:/Users/atalati/vscode-extension/main-repo/javavscode/netbeans/nbbuild/netbeans/platform/lib/boot.jar:/Users/atalati/vscode-extension/main-repo/javavscode/netbeans/nbbuild/netbeans/platform/core/core.jar:/Users/atalati/vscode-extension/main-repo/javavscode/netbeans/nbbuild/netbeans/platform/core/org-netbeans-libs-asm.jar:/Users/atalati/vscode-extension/main-repo/javavscode/netbeans/platform/libs.asm/external/asm-9.6.jar:/Users/atalati/vscode-extension/main-repo/javavscode/netbeans/nbbuild/netbeans/platform/core/asm-9.6.jar:/Users/atalati/vscode-extension/main-repo/javavscode/netbeans/platform/libs.asm/external/asm-tree-9.6.jar:/Users/atalati/vscode-extension/main-repo/javavscode/netbeans/nbbuild/netbeans/platform/core/asm-tree-9.6.jar:/Users/atalati/vscode-extension/main-repo/javavscode/netbeans/platform/libs.asm/external/asm-commons-9.6.jar:/Users/atalati/vscode-extension/main-repo/javavscode/netbeans/nbbuild/netbeans/platform/core/asm-commons-9.6.jar:/Users/atalati/vscode-extension/main-repo/javavscode/netbeans/nbbuild/netbeans/platform/core/core-base.jar:/Users/atalati/vscode-extension/main-repo/javavscode/netbeans/nbbuild/netbeans/platform/modules/org-netbeans-modules-keyring.jar:/Users/atalati/vscode-extension/main-repo/javavscode/netbeans/nbbuild/netbeans/platform/modules/org-netbeans-modules-sampler.jar:/Users/atalati/vscode-extension/main-repo/javavscode/netbeans/nbbuild/netbeans/platform/modules/org-netbeans-swing-plaf.jar:/Users/atalati/vscode-extension/main-repo/javavscode/netbeans/nbbuild/netbeans/platform/modules/org-openide-io.jar:/Users/atalati/vscode-extension/main-repo/javavscode/netbeans/nbbuild/netbeans/platform/modules/org-netbeans-api-intent.jar:/Users/atalati/vscode-extension/main-repo/javavscode/netbeans/nbbuild/netbeans/platform/modules/org-netbeans-api-io.jar:/Users/atalati/vscode-extension/main-repo/javavscode/netbeans/nbbuild/netbeans/platform/modules/org-netbeans-spi-quicksearch.jar:/Users/atalati/vscode-extension/main-repo/javavscode/netbeans/nbbuild/netbeans/ide/modules/org-netbeans-modules-options-editor.jar:/Users/atalati/vscode-extension/main-repo/javavscode/netbeans/nbbuild/netbeans/ide/modules/org-netbeans-modules-editor.jar:/Users/atalati/vscode-extension/main-repo/javavscode/netbeans/nbbuild/netbeans/ide/modules/org-netbeans-modules-editor-settings-storage.jar:/Users/atalati/vscode-extension/main-repo/javavscode/netbeans/nbbuild/netbeans/platform/modules/org-netbeans-modules-options-keymap.jar:/Users/atalati/vscode-extension/main-repo/javavscode/netbeans/nbbuild/netbeans/ide/modules/org-netbeans-modules-editor-breadcrumbs.jar:/Users/atalati/vscode-extension/main-repo/javavscode/netbeans/nbbuild/netbeans/ide/modules/org-netbeans-modules-editor-codetemplates.jar:/Users/atalati/vscode-extension/main-repo/javavscode/netbeans/nbbuild/netbeans/ide/modules/org-netbeans-modules-editor-completion.jar:/Users/atalati/vscode-extension/main-repo/javavscode/netbeans/nbbuild/netbeans/ide/modules/org-netbeans-spi-editor-hints.jar:/Users/atalati/vscode-extension/main-repo/javavscode/netbeans/nbbuild/netbeans/ide/modules/org-netbeans-modules-jumpto.jar:/Users/atalati/vscode-extension/main-repo/javavscode/netbeans/nbbuild/netbeans/platform/modules/org-netbeans-api-search.jar:/Users/atalati/vscode-extension/main-repo/javavscode/netbeans/nbbuild/netbeans/ide/modules/org-netbeans-modules-parsing-indexing.jar:/Users/atalati/vscode-extension/main-repo/javavscode/netbeans/nbbuild/netbeans/ide/modules/org-netbeans-modules-project-indexingbridge.jar:/Users/atalati/vscode-extension/main-repo/javavscode/netbeans/nbbuild/netbeans/ide/modules/org-netbeans-modules-projectuiapi-base.jar:/Users/atalati/vscode-extension/main-repo/javavscode/netbeans/nbbuild/netbeans/ide/modules/org-netbeans-spi-tasklist.jar:/Users/atalati/vscode-extension/main-repo/javavscode/netbeans/nbbuild/netbeans/ide/modules/org-netbeans-modules-refactoring-api.jar:/Users/atalati/vscode-extension/main-repo/javavscode/netbeans/nbbuild/netbeans/ide/modules/org-netbeans-spi-navigator.jar:/Users/atalati/vscode-extension/main-repo/javavscode/netbeans/nbbuild/netbeans/ide/modules/org-netbeans-modules-csl-types.jar:/Users/atalati/vscode-extension/main-repo/javavscode/netbeans/nbbuild/netbeans/platform/modules/org-netbeans-api-annotations-common.jar:/Users/atalati/vscode-extension/main-repo/javavscode/netbeans/nbbuild/netbeans/ide/modules/org-netbeans-modules-parsing-api.jar:/Users/atalati/vscode-extension/main-repo/javavscode/netbeans/nbbuild/netbeans/ide/modules/org-netbeans-api-java-classpath.jar:/Users/atalati/vscode-extension/main-repo/javavscode/netbeans/nbbuild/netbeans/platform/core/org-openide-filesystems.jar:/Users/atalati/vscode-extension/main-repo/javavscode/netbeans/nbbuild/netbeans/platform/lib/org-openide-util.jar:/Users/atalati/vscode-extension/main-repo/javavscode/netbeans/nbbuild/netbeans/platform/lib/org-openide-util-lookup.jar:/Users/atalati/vscode-extension/main-repo/javavscode/netbeans/nbbuild/netbeans/ide/modules/org-netbeans-modules-editor-document.jar:/Users/atalati/vscode-extension/main-repo/javavscode/netbeans/nbbuild/netbeans/platform/modules/org-netbeans-modules-editor-mimelookup.jar:/Users/atalati/vscode-extension/main-repo/javavscode/netbeans/nbbuild/netbeans/ide/modules/org-netbeans-modules-editor-util.jar:/Users/atalati/vscode-extension/main-repo/javavscode/netbeans/nbbuild/netbeans/ide/modules/org-netbeans-modules-lexer.jar:/Users/atalati/vscode-extension/main-repo/javavscode/netbeans/nbbuild/netbeans/platform/lib/org-openide-util-ui.jar:/Users/atalati/vscode-extension/main-repo/javavscode/netbeans/nbbuild/netbeans/ide/modules/org-netbeans-modules-parsing-lucene.jar:/Users/atalati/vscode-extension/main-repo/javavscode/netbeans/nbbuild/netbeans/ide/modules/org-netbeans-libs-lucene.jar:/Users/atalati/vscode-extension/main-repo/javavscode/netbeans/ide/libs.lucene/external/lucene-core-3.6.2.jar:/Users/atalati/vscode-extension/main-repo/javavscode/netbeans/nbbuild/netbeans/ide/modules/ext/lucene-core-3.6.2.jar:/Users/atalati/vscode-extension/main-repo/javavscode/netbeans/nbbuild/netbeans/platform/modules/org-netbeans-modules-masterfs.jar:/Users/atalati/vscode-extension/main-repo/javavscode/netbeans/nbbuild/netbeans/platform/modules/org-netbeans-modules-queries.jar:/Users/atalati/vscode-extension/main-repo/javavscode/netbeans/nbbuild/netbeans/platform/lib/org-openide-modules.jar:/Users/atalati/vscode-extension/main-repo/javavscode/netbeans/nbbuild/netbeans/ide/modules/org-netbeans-modules-projectapi.jar:/Users/atalati/vscode-extension/main-repo/javavscode/netbeans/nbbuild/netbeans/ide/modules/org-netbeans-modules-db.jar:/Users/atalati/vscode-extension/main-repo/javavscode/netbeans/nbbuild/netbeans/ide/modules/ext/ddl.jar:/Users/atalati/vscode-extension/main-repo/javavscode/netbeans/nbbuild/netbeans/platform/modules/org-netbeans-api-progress.jar:/Users/atalati/vscode-extension/main-repo/javavscode/netbeans/nbbuild/netbeans/platform/lib/org-openide-modules.jar:/Users/atalati/vscode-extension/main-repo/javavscode/netbeans/nbbuild/netbeans/platform/lib/org-openide-util-ui.jar:/Users/atalati/vscode-extension/main-repo/javavscode/netbeans/nbbuild/netbeans/platform/lib/org-openide-util.jar:/Users/atalati/vscode-extension/main-repo/javavscode/netbeans/nbbuild/netbeans/platform/lib/org-openide-util-lookup.jar:/Users/atalati/vscode-extension/main-repo/javavscode/netbeans/nbbuild/netbeans/platform/modules/org-netbeans-api-progress-nb.jar:/Users/atalati/vscode-extension/main-repo/javavscode/netbeans/nbbuild/netbeans/platform/modules/org-openide-awt.jar:/Users/atalati/vscode-extension/main-repo/javavscode/netbeans/nbbuild/netbeans/platform/modules/org-netbeans-api-annotations-common.jar:/Users/atalati/vscode-extension/main-repo/javavscode/netbeans/nbbuild/netbeans/platform/core/org-openide-filesystems.jar:/Users/atalati/vscode-extension/main-repo/javavscode/netbeans/nbbuild/netbeans/ide/modules/org-netbeans-core-ide.jar:/Users/atalati/vscode-extension/main-repo/javavscode/netbeans/nbbuild/netbeans/platform/modules/org-openide-explorer.jar:/Users/atalati/vscode-extension/main-repo/javavscode/netbeans/nbbuild/netbeans/platform/modules/org-netbeans-swing-outline.jar:/Users/atalati/vscode-extension/main-repo/javavscode/netbeans/nbbuild/netbeans/platform/modules/org-netbeans-swing-tabcontrol.jar:/Users/atalati/vscode-extension/main-repo/javavscode/netbeans/nbbuild/netbeans/platform/modules/org-openide-windows.jar:/Users/atalati/vscode-extension/main-repo/javavscode/netbeans/nbbuild/netbeans/platform/modules/org-openide-nodes.jar:/Users/atalati/vscode-extension/main-repo/javavscode/netbeans/nbbuild/netbeans/platform/modules/org-openide-dialogs.jar:/Users/atalati/vscode-extension/main-repo/javavscode/netbeans/nbbuild/netbeans/ide/modules/org-netbeans-modules-db-metadata-model.jar:/Users/atalati/vscode-extension/main-repo/javavscode/netbeans/nbbuild/netbeans/platform/modules/org-netbeans-modules-javahelp.jar:/Users/atalati/vscode-extension/main-repo/javavscode/netbeans/platform/javahelp/external/jhall-2.0_05.jar:/Users/atalati/vscode-extension/main-repo/javavscode/netbeans/nbbuild/netbeans/platform/modules/org-netbeans-spi-quicksearch.jar:/Users/atalati/vscode-extension/main-repo/javavscode/netbeans/nbbuild/netbeans/platform/modules/org-openide-loaders.jar:/Users/atalati/vscode-extension/main-repo/javavscode/netbeans/nbbuild/netbeans/platform/modules/org-netbeans-api-scripting.jar:/Users/atalati/vscode-extension/main-repo/javavscode/netbeans/nbbuild/netbeans/platform/modules/org-netbeans-api-templates.jar:/Users/atalati/vscode-extension/main-repo/javavscode/netbeans/nbbuild/netbeans/platform/modules/org-netbeans-modules-queries.jar:/Users/atalati/vscode-extension/main-repo/javavscode/netbeans/nbbuild/netbeans/platform/modules/org-netbeans-modules-editor-mimelookup.jar:/Users/atalati/vscode-extension/main-repo/javavscode/netbeans/nbbuild/netbeans/platform/modules/org-openide-actions.jar:/Users/atalati/vscode-extension/main-repo/javavscode/netbeans/nbbuild/netbeans/platform/modules/org-openide-text.jar:/Users/atalati/vscode-extension/main-repo/javavscode/netbeans/nbbuild/netbeans/platform/modules/org-openide-filesystems-nb.jar:/Users/atalati/vscode-extension/main-repo/javavscode/netbeans/nbbuild/netbeans/platform/modules/org-netbeans-modules-keyring.jar:/Users/atalati/vscode-extension/main-repo/javavscode/netbeans/nbbuild/netbeans/ide/modules/org-netbeans-modules-project-libraries.jar:/Users/atalati/vscode-extension/main-repo/javavscode/netbeans/nbbuild/netbeans/ide/modules/org-netbeans-modules-projectapi.jar:/Users/atalati/vscode-extension/main-repo/javavscode/netbeans/nbbuild/netbeans/platform/modules/org-openide-io.jar:/Users/atalati/vscode-extension/main-repo/javavscode/netbeans/nbbuild/netbeans/platform/modules/org-netbeans-api-intent.jar:/Users/atalati/vscode-extension/main-repo/javavscode/netbeans/nbbuild/netbeans/platform/modules/org-netbeans-api-io.jar:/Users/atalati/vscode-extension/main-repo/javavscode/netbeans/nbbuild/netbeans/ide/modules/ext/ddl.jar:/Users/atalati/vscode-extension/main-repo/javavscode/netbeans/nbbuild/netbeans/java/modules/org-netbeans-modules-debugger-jpda-truffle.jar:/Users/atalati/vscode-extension/main-repo/javavscode/netbeans/nbbuild/netbeans/ide/modules/org-netbeans-api-debugger.jar:/Users/atalati/vscode-extension/main-repo/javavscode/netbeans/nbbuild/netbeans/platform/modules/org-netbeans-api-annotations-common.jar:/Users/atalati/vscode-extension/main-repo/javavscode/netbeans/nbbuild/netbeans/ide/modules/org-netbeans-modules-projectapi.jar:/Users/atalati/vscode-extension/main-repo/javavscode/netbeans/nbbuild/netbeans/platform/modules/org-netbeans-modules-queries.jar:/Users/atalati/vscode-extension/main-repo/javavscode/netbeans/nbbuild/netbeans/platform/core/org-openide-filesystems.jar:/Users/atalati/vscode-extension/main-repo/javavscode/netbeans/nbbuild/netbeans/platform/lib/org-openide-util.jar:/Users/atalati/vscode-extension/main-repo/javavscode/netbeans/nbbuild/netbeans/platform/lib/org-openide-util-lookup.jar:/Users/atalati/vscode-extension/main-repo/javavscode/netbeans/nbbuild/netbeans/platform/lib/org-openide-modules.jar:/Users/atalati/vscode-extension/main-repo/javavscode/netbeans/nbbuild/netbeans/platform/lib/org-openide-util-ui.jar:/Users/atalati/vscode-extension/main-repo/javavscode/netbeans/nbbuild/netbeans/java/modules/org-netbeans-api-debugger-jpda.jar:/Users/atalati/vscode-extension/main-repo/javavscode/netbeans/nbbuild/netbeans/ide/modules/org-netbeans-api-java-classpath.jar:/Users/atalati/vscode-extension/main-repo/javavscode/netbeans/nbbuild/netbeans/java/modules/org-netbeans-modules-debugger-jpda.jar:/Users/atalati/vscode-extension/main-repo/javavscode/netbeans/nbbuild/netbeans/platform/modules/org-netbeans-api-intent.jar:/Users/atalati/vscode-extension/main-repo/javavscode/netbeans/nbbuild/netbeans/platform/modules/org-netbeans-api-io.jar:/Users/atalati/vscode-extension/main-repo/javavscode/netbeans/nbbuild/netbeans/java/modules/org-netbeans-libs-javacapi.jar:/Users/atalati/vscode-extension/main-repo/javavscode/netbeans/java/libs.javacapi/external/nb-javac-jdk-22+33-api.jar:/Users/atalati/vscode-extension/main-repo/javavscode/netbeans/java/libs.javacapi/external/nb-javac-jdk-22+33.jar:/Users/atalati/vscode-extension/main-repo/javavscode/netbeans/nbbuild/netbeans/ide/modules/org-netbeans-modules-editor-document.jar:/Users/atalati/vscode-extension/main-repo/javavscode/netbeans/nbbuild/netbeans/platform/modules/org-netbeans-modules-editor-mimelookup.jar:/Users/atalati/vscode-extension/main-repo/javavscode/netbeans/nbbuild/netbeans/ide/modules/org-netbeans-modules-editor-util.jar:/Users/atalati/vscode-extension/main-repo/javavscode/netbeans/nbbuild/netbeans/java/modules/org-netbeans-modules-java-source-base.jar:/Users/atalati/vscode-extension/main-repo/javavscode/netbeans/nbbuild/netbeans/java/modules/org-netbeans-api-java.jar:/Users/atalati/vscode-extension/main-repo/javavscode/netbeans/nbbuild/netbeans/platform/modules/org-netbeans-api-progress.jar:/Users/atalati/vscode-extension/main-repo/javavscode/netbeans/nbbuild/netbeans/platform/modules/org-netbeans-api-scripting.jar:/Users/atalati/vscode-extension/main-repo/javavscode/netbeans/nbbuild/netbeans/java/modules/org-netbeans-lib-nbjavac.jar:/Users/atalati/vscode-extension/main-repo/javavscode/netbeans/nbbuild/netbeans/platform/core/org-netbeans-libs-asm.jar:/Users/atalati/vscode-extension/main-repo/javavscode/netbeans/platform/libs.asm/external/asm-9.6.jar:/Users/atalati/vscode-extension/main-repo/javavscode/netbeans/nbbuild/netbeans/platform/core/asm-9.6.jar:/Users/atalati/vscode-extension/main-repo/javavscode/netbeans/platform/libs.asm/external/asm-tree-9.6.jar:/Users/atalati/vscode-extension/main-repo/javavscode/netbeans/nbbuild/netbeans/platform/core/asm-tree-9.6.jar:/Users/atalati/vscode-extension/main-repo/javavscode/netbeans/platform/libs.asm/external/asm-commons-9.6.jar:/Users/atalati/vscode-extension/main-repo/javavscode/netbeans/nbbuild/netbeans/platform/core/asm-commons-9.6.jar:/Users/atalati/vscode-extension/main-repo/javavscode/netbeans/nbbuild/netbeans/ide/modules/org-netbeans-libs-lucene.jar:/Users/atalati/vscode-extension/main-repo/javavscode/netbeans/ide/libs.lucene/external/lucene-core-3.6.2.jar:/Users/atalati/vscode-extension/main-repo/javavscode/netbeans/nbbuild/netbeans/ide/modules/ext/lucene-core-3.6.2.jar:/Users/atalati/vscode-extension/main-repo/javavscode/netbeans/nbbuild/netbeans/java/modules/org-netbeans-modules-classfile.jar:/Users/atalati/vscode-extension/main-repo/javavscode/netbeans/nbbuild/netbeans/ide/modules/org-netbeans-modules-editor-guards.jar:/Users/atalati/vscode-extension/main-repo/javavscode/netbeans/nbbuild/netbeans/ide/modules/org-netbeans-modules-editor-indent.jar:/Users/atalati/vscode-extension/main-repo/javavscode/netbeans/nbbuild/netbeans/ide/modules/org-netbeans-modules-editor-settings.jar:/Users/atalati/vscode-extension/main-repo/javavscode/netbeans/nbbuild/netbeans/ide/modules/org-netbeans-modules-lexer.jar:/Users/atalati/vscode-extension/main-repo/javavscode/netbeans/nbbuild/netbeans/java/modules/org-netbeans-modules-java-lexer.jar:/Users/atalati/vscode-extension/main-repo/javavscode/netbeans/nbbuild/netbeans/java/modules/org-netbeans-modules-java-platform.jar:/Users/atalati/vscode-extension/main-repo/javavscode/netbeans/nbbuild/netbeans/java/modules/org-netbeans-modules-java-preprocessorbridge.jar:/Users/atalati/vscode-extension/main-repo/javavscode/netbeans/nbbuild/netbeans/ide/modules/org-netbeans-modules-parsing-api.jar:/Users/atalati/vscode-extension/main-repo/javavscode/netbeans/nbbuild/netbeans/ide/modules/org-netbeans-modules-parsing-lucene.jar:/Users/atalati/vscode-extension/main-repo/javavscode/netbeans/nbbuild/netbeans/platform/modules/org-netbeans-modules-masterfs.jar:/Users/atalati/vscode-extension/main-repo/javavscode/netbeans/nbbuild/netbeans/ide/modules/org-netbeans-modules-parsing-indexing.jar:/Users/atalati/vscode-extension/main-repo/javavscode/netbeans/nbbuild/netbeans/ide/modules/org-netbeans-modules-project-indexingbridge.jar:/Users/atalati/vscode-extension/main-repo/javavscode/netbeans/nbbuild/netbeans/ide/modules/org-netbeans-modules-projectuiapi-base.jar:/Users/atalati/vscode-extension/main-repo/javavscode/netbeans/nbbuild/netbeans/platform/modules/org-openide-explorer.jar:/Users/atalati/vscode-extension/main-repo/javavscode/netbeans/nbbuild/netbeans/platform/modules/org-netbeans-swing-outline.jar:/Users/atalati/vscode-extension/main-repo/javavscode/netbeans/nbbuild/netbeans/platform/modules/org-netbeans-swing-tabcontrol.jar:/Users/atalati/vscode-extension/main-repo/javavscode/netbeans/nbbuild/netbeans/platform/modules/org-openide-awt.jar:/Users/atalati/vscode-extension/main-repo/javavscode/netbeans/nbbuild/netbeans/platform/modules/org-openide-windows.jar:/Users/atalati/vscode-extension/main-repo/javavscode/netbeans/nbbuild/netbeans/platform/modules/org-openide-nodes.jar:/Users/atalati/vscode-extension/main-repo/javavscode/netbeans/nbbuild/netbeans/platform/modules/org-openide-dialogs.jar:/Users/atalati/vscode-extension/main-repo/javavscode/netbeans/nbbuild/netbeans/platform/modules/org-netbeans-api-progress-nb.jar:/Users/atalati/vscode-extension/main-repo/javavscode/netbeans/nbbuild/netbeans/ide/modules/org-netbeans-spi-tasklist.jar:/Users/atalati/vscode-extension/main-repo/javavscode/netbeans/nbbuild/netbeans/ide/modules/org-netbeans-modules-refactoring-api.jar:/Users/atalati/vscode-extension/main-repo/javavscode/netbeans/nbbuild/netbeans/ide/modules/org-netbeans-modules-diff.jar:/Users/atalati/vscode-extension/main-repo/javavscode/netbeans/nbbuild/netbeans/ide/modules/org-netbeans-modules-editor-errorstripe.jar:/Users/atalati/vscode-extension/main-repo/javavscode/netbeans/nbbuild/netbeans/ide/modules/org-netbeans-modules-editor-errorstripe-api.jar:/Users/atalati/vscode-extension/main-repo/javavscode/netbeans/nbbuild/netbeans/ide/modules/org-netbeans-modules-editor-fold.jar:/Users/atalati/vscode-extension/main-repo/javavscode/netbeans/nbbuild/netbeans/ide/modules/org-netbeans-modules-editor-settings-lib.jar:/Users/atalati/vscode-extension/main-repo/javavscode/netbeans/nbbuild/netbeans/ide/modules/org-netbeans-modules-editor-lib.jar:/Users/atalati/vscode-extension/main-repo/javavscode/netbeans/nbbuild/netbeans/ide/modules/org-netbeans-modules-editor-lib2.jar:/Users/atalati/vscode-extension/main-repo/javavscode/netbeans/nbbuild/netbeans/platform/modules/org-openide-loaders.jar:/Users/atalati/vscode-extension/main-repo/javavscode/netbeans/nbbuild/netbeans/platform/modules/org-netbeans-api-templates.jar:/Users/atalati/vscode-extension/main-repo/javavscode/netbeans/nbbuild/netbeans/platform/modules/org-openide-actions.jar:/Users/atalati/vscode-extension/main-repo/javavscode/netbeans/nbbuild/netbeans/platform/modules/org-openide-text.jar:/Users/atalati/vscode-extension/main-repo/javavscode/netbeans/nbbuild/netbeans/platform/modules/org-openide-filesystems-nb.jar:/Users/atalati/vscode-extension/main-repo/javavscode/netbeans/nbbuild/netbeans/platform/modules/org-netbeans-modules-options-api.jar:/Users/atalati/vscode-extension/main-repo/javavscode/netbeans/nbbuild/netbeans/platform/modules/org-netbeans-core.jar:/Users/atalati/vscode-extension/main-repo/javavscode/netbeans/nbbuild/netbeans/platform/lib/boot.jar:/Users/atalati/vscode-extension/main-repo/javavscode/netbeans/nbbuild/netbeans/platform/core/core.jar:/Users/atalati/vscode-extension/main-repo/javavscode/netbeans/nbbuild/netbeans/platform/core/core-base.jar:/Users/atalati/vscode-extension/main-repo/javavscode/netbeans/nbbuild/netbeans/platform/modules/org-netbeans-modules-keyring.jar:/Users/atalati/vscode-extension/main-repo/javavscode/netbeans/nbbuild/netbeans/platform/modules/org-netbeans-modules-sampler.jar:/Users/atalati/vscode-extension/main-repo/javavscode/netbeans/nbbuild/netbeans/platform/modules/org-netbeans-swing-plaf.jar:/Users/atalati/vscode-extension/main-repo/javavscode/netbeans/nbbuild/netbeans/platform/modules/org-openide-io.jar:/Users/atalati/vscode-extension/main-repo/javavscode/netbeans/nbbuild/netbeans/platform/modules/org-netbeans-spi-quicksearch.jar:/Users/atalati/vscode-extension/main-repo/javavscode/netbeans/nbbuild/netbeans/ide/modules/org-netbeans-modules-options-editor.jar:/Users/atalati/vscode-extension/main-repo/javavscode/netbeans/nbbuild/netbeans/ide/modules/org-netbeans-modules-editor.jar:/Users/atalati/vscode-extension/main-repo/javavscode/netbeans/nbbuild/netbeans/ide/modules/org-netbeans-api-lsp.jar:/Users/atalati/vscode-extension/main-repo/javavscode/netbeans/nbbuild/netbeans/ide/modules/org-netbeans-modules-editor-settings-storage.jar:/Users/atalati/vscode-extension/main-repo/javavscode/netbeans/nbbuild/netbeans/platform/modules/org-netbeans-modules-options-keymap.jar:/Users/atalati/vscode-extension/main-repo/javavscode/netbeans/nbbuild/netbeans/java/modules/org-netbeans-modules-debugger-jpda-ui.jar:/Users/atalati/vscode-extension/main-repo/javavscode/netbeans/nbbuild/netbeans/ide/modules/org-netbeans-modules-editor-completion.jar:/Users/atalati/vscode-extension/main-repo/javavscode/netbeans/nbbuild/netbeans/java/modules/org-netbeans-modules-java-sourceui.jar:/Users/atalati/vscode-extension/main-repo/javavscode/netbeans/nbbuild/netbeans/java/modules/org-netbeans-modules-java-source.jar:/Users/atalati/vscode-extension/main-repo/javavscode/netbeans/nbbuild/netbeans/platform/modules/org-netbeans-core-multiview.jar:/Users/atalati/vscode-extension/main-repo/javavscode/netbeans/nbbuild/netbeans/platform/modules/org-netbeans-modules-autoupdate-services.jar:/Users/atalati/vscode-extension/main-repo/javavscode/netbeans/nbbuild/netbeans/platform/modules/ext/updater.jar:/Users/atalati/vscode-extension/main-repo/javavscode/netbeans/nbbuild/netbeans/ide/modules/org-netbeans-modules-editor-indent-project.jar:/Users/atalati/vscode-extension/main-repo/javavscode/netbeans/nbbuild/netbeans/ide/modules/org-netbeans-modules-projectuiapi.jar:/Users/atalati/vscode-extension/main-repo/javavscode/netbeans/nbbuild/netbeans/ide/modules/org-netbeans-modules-jumpto.jar:/Users/atalati/vscode-extension/main-repo/javavscode/netbeans/nbbuild/netbeans/platform/modules/org-netbeans-api-search.jar:/Users/atalati/vscode-extension/main-repo/javavscode/netbeans/nbbuild/netbeans/extide/modules/org-netbeans-modules-options-java.jar:/Users/atalati/vscode-extension/main-repo/javavscode/netbeans/nbbuild/netbeans/java/modules/org-netbeans-spi-debugger-jpda-ui.jar:/Users/atalati/vscode-extension/main-repo/javavscode/netbeans/nbbuild/netbeans/ide/modules/org-netbeans-spi-viewmodel.jar:/Users/atalati/vscode-extension/main-repo/javavscode/netbeans/nbbuild/netbeans/ide/modules/org-netbeans-spi-debugger-ui.jar:/Users/atalati/vscode-extension/main-repo/javavscode/netbeans/nbbuild/netbeans/ide/modules/org-netbeans-modules-extexecution-base.jar:/Users/atalati/vscode-extension/main-repo/javavscode/netbeans/nbbuild/netbeans/java/modules/org-netbeans-modules-java-project.jar:/Users/atalati/vscode-extension/main-repo/javavscode/netbeans/nbbuild/netbeans/ide/modules/org-netbeans-modules-project-ant.jar:/Users/atalati/vscode-extension/main-repo/javavscode/netbeans/nbbuild/netbeans/ide/modules/org-netbeans-modules-project-libraries.jar:/Users/atalati/vscode-extension/main-repo/javavscode/netbeans/nbbuild/netbeans/ide/modules/org-netbeans-modules-project-spi-intern.jar:/Users/atalati/vscode-extension/main-repo/javavscode/netbeans/nbbuild/netbeans/ide/modules/org-netbeans-modules-xml-catalog.jar:/Users/atalati/vscode-extension/main-repo/javavscode/netbeans/nbbuild/netbeans/ide/modules/org-apache-xml-resolver.jar:/Users/atalati/vscode-extension/main-repo/javavscode/netbeans/ide/o.apache.xml.resolver/external/resolver-1.2.jar:/Users/atalati/vscode-extension/main-repo/javavscode/netbeans/nbbuild/netbeans/ide/modules/ext/resolver-1.2.jar:/Users/atalati/vscode-extension/main-repo/javavscode/netbeans/nbbuild/netbeans/ide/modules/org-netbeans-api-xml.jar:/Users/atalati/vscode-extension/main-repo/javavscode/netbeans/nbbuild/netbeans/ide/modules/org-netbeans-modules-javascript2-debug.jar:/Users/atalati/vscode-extension/main-repo/javavscode/netbeans/nbbuild/netbeans/ide/modules/org-netbeans-modules-web-common.jar:/Users/atalati/vscode-extension/main-repo/javavscode/netbeans/nbbuild/netbeans/ide/modules/org-netbeans-libs-json_simple.jar:/Users/atalati/vscode-extension/main-repo/javavscode/netbeans/nbbuild/netbeans/ide/modules/ext/json-simple-1.1.1.jar:/Users/atalati/vscode-extension/main-repo/javavscode/netbeans/nbbuild/netbeans/ide/modules/org-netbeans-libs-graalsdk.jar:/Users/atalati/vscode-extension/main-repo/javavscode/netbeans/ide/libs.graalsdk/external/graal-sdk-20.3.0.jar:/Users/atalati/vscode-extension/main-repo/javavscode/netbeans/nbbuild/netbeans/ide/modules/ext/graal-sdk-20.3.0.jar:/Users/atalati/vscode-extension/main-repo/javavscode/netbeans/ide/libs.graalsdk/external/launcher-common-20.3.0.jar:/Users/atalati/vscode-extension/main-repo/javavscode/netbeans/nbbuild/netbeans/ide/modules/ext/launcher-common-20.3.0.jar:/Users/atalati/vscode-extension/main-repo/javavscode/netbeans/nbbuild/netbeans/ide/modules/org-netbeans-libs-truffleapi.jar:/Users/atalati/vscode-extension/main-repo/javavscode/netbeans/ide/libs.truffleapi/external/truffle-api-20.3.0.jar:/Users/atalati/vscode-extension/main-repo/javavscode/netbeans/nbbuild/netbeans/ide/modules/ext/truffle-api-20.3.0.jar:/Users/atalati/vscode-extension/main-repo/javavscode/netbeans/nbbuild/netbeans/ide/modules/org-netbeans-modules-editor.jar:/Users/atalati/vscode-extension/main-repo/javavscode/netbeans/nbbuild/netbeans/ide/modules/org-netbeans-api-lsp.jar:/Users/atalati/vscode-extension/main-repo/javavscode/netbeans/nbbuild/netbeans/platform/modules/org-netbeans-api-annotations-common.jar:/Users/atalati/vscode-extension/main-repo/javavscode/netbeans/nbbuild/netbeans/platform/modules/org-netbeans-modules-editor-mimelookup.jar:/Users/atalati/vscode-extension/main-repo/javavscode/netbeans/nbbuild/netbeans/platform/core/org-openide-filesystems.jar:/Users/atalati/vscode-extension/main-repo/javavscode/netbeans/nbbuild/netbeans/platform/lib/org-openide-util.jar:/Users/atalati/vscode-extension/main-repo/javavscode/netbeans/nbbuild/netbeans/platform/lib/org-openide-util-lookup.jar:/Users/atalati/vscode-extension/main-repo/javavscode/netbeans/nbbuild/netbeans/ide/modules/org-netbeans-modules-editor-util.jar:/Users/atalati/vscode-extension/main-repo/javavscode/netbeans/nbbuild/netbeans/platform/modules/org-netbeans-api-progress.jar:/Users/atalati/vscode-extension/main-repo/javavscode/netbeans/nbbuild/netbeans/platform/lib/org-openide-modules.jar:/Users/atalati/vscode-extension/main-repo/javavscode/netbeans/nbbuild/netbeans/platform/lib/org-openide-util-ui.jar:/Users/atalati/vscode-extension/main-repo/javavscode/netbeans/nbbuild/netbeans/platform/modules/org-netbeans-api-progress-nb.jar:/Users/atalati/vscode-extension/main-repo/javavscode/netbeans/nbbuild/netbeans/platform/modules/org-openide-awt.jar:/Users/atalati/vscode-extension/main-repo/javavscode/netbeans/nbbuild/netbeans/ide/modules/org-netbeans-modules-editor-document.jar:/Users/atalati/vscode-extension/main-repo/javavscode/netbeans/nbbuild/netbeans/ide/modules/org-netbeans-modules-editor-fold.jar:/Users/atalati/vscode-extension/main-repo/javavscode/netbeans/nbbuild/netbeans/ide/modules/org-netbeans-modules-editor-settings.jar:/Users/atalati/vscode-extension/main-repo/javavscode/netbeans/nbbuild/netbeans/ide/modules/org-netbeans-modules-lexer.jar:/Users/atalati/vscode-extension/main-repo/javavscode/netbeans/nbbuild/netbeans/ide/modules/org-netbeans-modules-editor-settings-lib.jar:/Users/atalati/vscode-extension/main-repo/javavscode/netbeans/nbbuild/netbeans/ide/modules/org-netbeans-modules-editor-guards.jar:/Users/atalati/vscode-extension/main-repo/javavscode/netbeans/nbbuild/netbeans/ide/modules/org-netbeans-modules-editor-indent.jar:/Users/atalati/vscode-extension/main-repo/javavscode/netbeans/nbbuild/netbeans/ide/modules/org-netbeans-modules-editor-lib.jar:/Users/atalati/vscode-extension/main-repo/javavscode/netbeans/nbbuild/netbeans/ide/modules/org-netbeans-modules-editor-lib2.jar:/Users/atalati/vscode-extension/main-repo/javavscode/netbeans/nbbuild/netbeans/platform/modules/org-openide-dialogs.jar:/Users/atalati/vscode-extension/main-repo/javavscode/netbeans/nbbuild/netbeans/platform/modules/org-openide-actions.jar:/Users/atalati/vscode-extension/main-repo/javavscode/netbeans/nbbuild/netbeans/platform/modules/org-openide-explorer.jar:/Users/atalati/vscode-extension/main-repo/javavscode/netbeans/nbbuild/netbeans/platform/modules/org-netbeans-swing-outline.jar:/Users/atalati/vscode-extension/main-repo/javavscode/netbeans/nbbuild/netbeans/platform/modules/org-netbeans-swing-tabcontrol.jar:/Users/atalati/vscode-extension/main-repo/javavscode/netbeans/nbbuild/netbeans/platform/modules/org-openide-windows.jar:/Users/atalati/vscode-extension/main-repo/javavscode/netbeans/nbbuild/netbeans/platform/modules/org-openide-nodes.jar:/Users/atalati/vscode-extension/main-repo/javavscode/netbeans/nbbuild/netbeans/platform/modules/org-openide-text.jar:/Users/atalati/vscode-extension/main-repo/javavscode/netbeans/nbbuild/netbeans/platform/modules/org-openide-filesystems-nb.jar:/Users/atalati/vscode-extension/main-repo/javavscode/netbeans/nbbuild/netbeans/platform/modules/org-openide-loaders.jar:/Users/atalati/vscode-extension/main-repo/javavscode/netbeans/nbbuild/netbeans/platform/modules/org-netbeans-api-scripting.jar:/Users/atalati/vscode-extension/main-repo/javavscode/netbeans/nbbuild/netbeans/platform/modules/org-netbeans-api-templates.jar:/Users/atalati/vscode-extension/main-repo/javavscode/netbeans/nbbuild/netbeans/platform/modules/org-netbeans-modules-queries.jar:/Users/atalati/vscode-extension/main-repo/javavscode/netbeans/nbbuild/netbeans/ide/modules/org-netbeans-modules-editor-codetemplates.jar:/Users/atalati/vscode-extension/main-repo/javavscode/netbeans/nbbuild/netbeans/ide/modules/org-netbeans-api-lsp.jar:/Users/atalati/vscode-extension/main-repo/javavscode/netbeans/nbbuild/netbeans/platform/modules/org-netbeans-api-annotations-common.jar:/Users/atalati/vscode-extension/main-repo/javavscode/netbeans/nbbuild/netbeans/platform/modules/org-netbeans-modules-editor-mimelookup.jar:/Users/atalati/vscode-extension/main-repo/javavscode/netbeans/nbbuild/netbeans/platform/core/org-openide-filesystems.jar:/Users/atalati/vscode-extension/main-repo/javavscode/netbeans/nbbuild/netbeans/platform/lib/org-openide-util.jar:/Users/atalati/vscode-extension/main-repo/javavscode/netbeans/nbbuild/netbeans/platform/lib/org-openide-util-lookup.jar:/Users/atalati/vscode-extension/main-repo/javavscode/netbeans/nbbuild/netbeans/ide/modules/org-netbeans-modules-editor-util.jar:/Users/atalati/vscode-extension/main-repo/javavscode/netbeans/nbbuild/netbeans/ide/modules/org-netbeans-modules-editor.jar:/Users/atalati/vscode-extension/main-repo/javavscode/netbeans/nbbuild/netbeans/platform/modules/org-netbeans-api-progress.jar:/Users/atalati/vscode-extension/main-repo/javavscode/netbeans/nbbuild/netbeans/platform/lib/org-openide-modules.jar:/Users/atalati/vscode-extension/main-repo/javavscode/netbeans/nbbuild/netbeans/platform/lib/org-openide-util-ui.jar:/Users/atalati/vscode-extension/main-repo/javavscode/netbeans/nbbuild/netbeans/platform/modules/org-netbeans-api-progress-nb.jar:/Users/atalati/vscode-extension/main-repo/javavscode/netbeans/nbbuild/netbeans/platform/modules/org-openide-awt.jar:/Users/atalati/vscode-extension/main-repo/javavscode/netbeans/nbbuild/netbeans/ide/modules/org-netbeans-modules-editor-document.jar:/Users/atalati/vscode-extension/main-repo/javavscode/netbeans/nbbuild/netbeans/ide/modules/org-netbeans-modules-editor-fold.jar:/Users/atalati/vscode-extension/main-repo/javavscode/netbeans/nbbuild/netbeans/ide/modules/org-netbeans-modules-editor-settings.jar:/Users/atalati/vscode-extension/main-repo/javavscode/netbeans/nbbuild/netbeans/ide/modules/org-netbeans-modules-lexer.jar:/Users/atalati/vscode-extension/main-repo/javavscode/netbeans/nbbuild/netbeans/ide/modules/org-netbeans-modules-editor-settings-lib.jar:/Users/atalati/vscode-extension/main-repo/javavscode/netbeans/nbbuild/netbeans/ide/modules/org-netbeans-modules-editor-guards.jar:/Users/atalati/vscode-extension/main-repo/javavscode/netbeans/nbbuild/netbeans/ide/modules/org-netbeans-modules-editor-indent.jar:/Users/atalati/vscode-extension/main-repo/javavscode/netbeans/nbbuild/netbeans/ide/modules/org-netbeans-modules-editor-lib.jar:/Users/atalati/vscode-extension/main-repo/javavscode/netbeans/nbbuild/netbeans/ide/modules/org-netbeans-modules-editor-lib2.jar:/Users/atalati/vscode-extension/main-repo/javavscode/netbeans/nbbuild/netbeans/platform/modules/org-openide-dialogs.jar:/Users/atalati/vscode-extension/main-repo/javavscode/netbeans/nbbuild/netbeans/platform/modules/org-openide-actions.jar:/Users/atalati/vscode-extension/main-repo/javavscode/netbeans/nbbuild/netbeans/platform/modules/org-openide-explorer.jar:/Users/atalati/vscode-extension/main-repo/javavscode/netbeans/nbbuild/netbeans/platform/modules/org-netbeans-swing-outline.jar:/Users/atalati/vscode-extension/main-repo/javavscode/netbeans/nbbuild/netbeans/platform/modules/org-netbeans-swing-tabcontrol.jar:/Users/atalati/vscode-extension/main-repo/javavscode/netbeans/nbbuild/netbeans/platform/modules/org-openide-windows.jar:/Users/atalati/vscode-extension/main-repo/javavscode/netbeans/nbbuild/netbeans/platform/modules/org-openide-nodes.jar:/Users/atalati/vscode-extension/main-repo/javavscode/netbeans/nbbuild/netbeans/platform/modules/org-openide-text.jar:/Users/atalati/vscode-extension/main-repo/javavscode/netbeans/nbbuild/netbeans/platform/modules/org-openide-filesystems-nb.jar:/Users/atalati/vscode-extension/main-repo/javavscode/netbeans/nbbuild/netbeans/platform/modules/org-openide-loaders.jar:/Users/atalati/vscode-extension/main-repo/javavscode/netbeans/nbbuild/netbeans/platform/modules/org-netbeans-api-scripting.jar:/Users/atalati/vscode-extension/main-repo/javavscode/netbeans/nbbuild/netbeans/platform/modules/org-netbeans-api-templates.jar:/Users/atalati/vscode-extension/main-repo/javavscode/netbeans/nbbuild/netbeans/platform/modules/org-netbeans-modules-queries.jar:/Users/atalati/vscode-extension/main-repo/javavscode/netbeans/nbbuild/netbeans/ide/modules/org-netbeans-modules-editor-completion.jar:/Users/atalati/vscode-extension/main-repo/javavscode/netbeans/nbbuild/netbeans/platform/modules/org-netbeans-modules-sampler.jar:/Users/atalati/vscode-extension/main-repo/javavscode/netbeans/nbbuild/netbeans/ide/modules/org-netbeans-modules-editor-settings-storage.jar:/Users/atalati/vscode-extension/main-repo/javavscode/netbeans/nbbuild/netbeans/platform/modules/org-netbeans-modules-options-keymap.jar:/Users/atalati/vscode-extension/main-repo/javavscode/netbeans/nbbuild/netbeans/platform/modules/org-netbeans-modules-options-api.jar:/Users/atalati/vscode-extension/main-repo/javavscode/netbeans/nbbuild/netbeans/platform/modules/org-netbeans-core.jar:/Users/atalati/vscode-extension/main-repo/javavscode/netbeans/nbbuild/netbeans/platform/lib/boot.jar:/Users/atalati/vscode-extension/main-repo/javavscode/netbeans/nbbuild/netbeans/platform/core/core.jar:/Users/atalati/vscode-extension/main-repo/javavscode/netbeans/nbbuild/netbeans/platform/core/org-netbeans-libs-asm.jar:/Users/atalati/vscode-extension/main-repo/javavscode/netbeans/platform/libs.asm/external/asm-9.6.jar:/Users/atalati/vscode-extension/main-repo/javavscode/netbeans/nbbuild/netbeans/platform/core/asm-9.6.jar:/Users/atalati/vscode-extension/main-repo/javavscode/netbeans/platform/libs.asm/external/asm-tree-9.6.jar:/Users/atalati/vscode-extension/main-repo/javavscode/netbeans/nbbuild/netbeans/platform/core/asm-tree-9.6.jar:/Users/atalati/vscode-extension/main-repo/javavscode/netbeans/platform/libs.asm/external/asm-commons-9.6.jar:/Users/atalati/vscode-extension/main-repo/javavscode/netbeans/nbbuild/netbeans/platform/core/asm-commons-9.6.jar:/Users/atalati/vscode-extension/main-repo/javavscode/netbeans/nbbuild/netbeans/platform/core/core-base.jar:/Users/atalati/vscode-extension/main-repo/javavscode/netbeans/nbbuild/netbeans/platform/modules/org-netbeans-modules-keyring.jar:/Users/atalati/vscode-extension/main-repo/javavscode/netbeans/nbbuild/netbeans/platform/modules/org-netbeans-swing-plaf.jar:/Users/atalati/vscode-extension/main-repo/javavscode/netbeans/nbbuild/netbeans/platform/modules/org-openide-io.jar:/Users/atalati/vscode-extension/main-repo/javavscode/netbeans/nbbuild/netbeans/platform/modules/org-netbeans-api-intent.jar:/Users/atalati/vscode-extension/main-repo/javavscode/netbeans/nbbuild/netbeans/platform/modules/org-netbeans-api-io.jar:/Users/atalati/vscode-extension/main-repo/javavscode/netbeans/nbbuild/netbeans/platform/modules/org-netbeans-spi-quicksearch.jar:/Users/atalati/vscode-extension/main-repo/javavscode/netbeans/nbbuild/netbeans/ide/modules/org-netbeans-spi-editor-hints.jar:/Users/atalati/vscode-extension/main-repo/javavscode/netbeans/nbbuild/netbeans/ide/modules/org-netbeans-modules-editor-document.jar:/Users/atalati/vscode-extension/main-repo/javavscode/netbeans/nbbuild/netbeans/platform/modules/org-netbeans-api-annotations-common.jar:/Users/atalati/vscode-extension/main-repo/javavscode/netbeans/nbbuild/netbeans/platform/modules/org-netbeans-modules-editor-mimelookup.jar:/Users/atalati/vscode-extension/main-repo/javavscode/netbeans/nbbuild/netbeans/platform/core/org-openide-filesystems.jar:/Users/atalati/vscode-extension/main-repo/javavscode/netbeans/nbbuild/netbeans/platform/lib/org-openide-util.jar:/Users/atalati/vscode-extension/main-repo/javavscode/netbeans/nbbuild/netbeans/platform/lib/org-openide-util-lookup.jar:/Users/atalati/vscode-extension/main-repo/javavscode/netbeans/nbbuild/netbeans/ide/modules/org-netbeans-modules-editor-util.jar:/Users/atalati/vscode-extension/main-repo/javavscode/netbeans/nbbuild/netbeans/ide/modules/org-netbeans-modules-editor-indent.jar:/Users/atalati/vscode-extension/main-repo/javavscode/netbeans/nbbuild/netbeans/ide/modules/org-netbeans-modules-editor-document.jar:/Users/atalati/vscode-extension/main-repo/javavscode/netbeans/nbbuild/netbeans/platform/modules/org-netbeans-api-annotations-common.jar:/Users/atalati/vscode-extension/main-repo/javavscode/netbeans/nbbuild/netbeans/platform/modules/org-netbeans-modules-editor-mimelookup.jar:/Users/atalati/vscode-extension/main-repo/javavscode/netbeans/nbbuild/netbeans/platform/core/org-openide-filesystems.jar:/Users/atalati/vscode-extension/main-repo/javavscode/netbeans/nbbuild/netbeans/platform/lib/org-openide-util.jar:/Users/atalati/vscode-extension/main-repo/javavscode/netbeans/nbbuild/netbeans/platform/lib/org-openide-util-lookup.jar:/Users/atalati/vscode-extension/main-repo/javavscode/netbeans/nbbuild/netbeans/ide/modules/org-netbeans-modules-editor-util.jar:/Users/atalati/vscode-extension/main-repo/javavscode/netbeans/nbbuild/netbeans/ide/modules/org-netbeans-modules-editor-settings.jar:/Users/atalati/vscode-extension/main-repo/javavscode/netbeans/nbbuild/netbeans/platform/lib/org-openide-modules.jar:/Users/atalati/vscode-extension/main-repo/javavscode/netbeans/nbbuild/netbeans/platform/lib/org-openide-util-ui.jar:/Users/atalati/vscode-extension/main-repo/javavscode/netbeans/nbbuild/netbeans/ide/modules/org-netbeans-modules-lexer.jar:/Users/atalati/vscode-extension/main-repo/javavscode/netbeans/nbbuild/netbeans/ide/modules/org-netbeans-modules-editor-lib.jar:/Users/atalati/vscode-extension/main-repo/javavscode/netbeans/nbbuild/netbeans/platform/modules/org-netbeans-api-annotations-common.jar:/Users/atalati/vscode-extension/main-repo/javavscode/netbeans/nbbuild/netbeans/platform/modules/org-netbeans-api-progress.jar:/Users/atalati/vscode-extension/main-repo/javavscode/netbeans/nbbuild/netbeans/platform/lib/org-openide-modules.jar:/Users/atalati/vscode-extension/main-repo/javavscode/netbeans/nbbuild/netbeans/platform/lib/org-openide-util-ui.jar:/Users/atalati/vscode-extension/main-repo/javavscode/netbeans/nbbuild/netbeans/platform/lib/org-openide-util.jar:/Users/atalati/vscode-extension/main-repo/javavscode/netbeans/nbbuild/netbeans/platform/lib/org-openide-util-lookup.jar:/Users/atalati/vscode-extension/main-repo/javavscode/netbeans/nbbuild/netbeans/platform/modules/org-netbeans-api-progress-nb.jar:/Users/atalati/vscode-extension/main-repo/javavscode/netbeans/nbbuild/netbeans/platform/modules/org-openide-awt.jar:/Users/atalati/vscode-extension/main-repo/javavscode/netbeans/nbbuild/netbeans/platform/core/org-openide-filesystems.jar:/Users/atalati/vscode-extension/main-repo/javavscode/netbeans/nbbuild/netbeans/ide/modules/org-netbeans-modules-editor-document.jar:/Users/atalati/vscode-extension/main-repo/javavscode/netbeans/nbbuild/netbeans/platform/modules/org-netbeans-modules-editor-mimelookup.jar:/Users/atalati/vscode-extension/main-repo/javavscode/netbeans/nbbuild/netbeans/ide/modules/org-netbeans-modules-editor-util.jar:/Users/atalati/vscode-extension/main-repo/javavscode/netbeans/nbbuild/netbeans/ide/modules/org-netbeans-modules-editor-fold.jar:/Users/atalati/vscode-extension/main-repo/javavscode/netbeans/nbbuild/netbeans/ide/modules/org-netbeans-modules-editor-settings.jar:/Users/atalati/vscode-extension/main-repo/javavscode/netbeans/nbbuild/netbeans/ide/modules/org-netbeans-modules-lexer.jar:/Users/atalati/vscode-extension/main-repo/javavscode/netbeans/nbbuild/netbeans/ide/modules/org-netbeans-modules-editor-settings-lib.jar:/Users/atalati/vscode-extension/main-repo/javavscode/netbeans/nbbuild/netbeans/ide/modules/org-netbeans-modules-editor-guards.jar:/Users/atalati/vscode-extension/main-repo/javavscode/netbeans/nbbuild/netbeans/ide/modules/org-netbeans-modules-editor-indent.jar:/Users/atalati/vscode-extension/main-repo/javavscode/netbeans/nbbuild/netbeans/ide/modules/org-netbeans-modules-editor-lib2.jar:/Users/atalati/vscode-extension/main-repo/javavscode/netbeans/nbbuild/netbeans/platform/modules/org-openide-dialogs.jar:/Users/atalati/vscode-extension/main-repo/javavscode/netbeans/nbbuild/netbeans/ide/modules/org-netbeans-modules-editor-lib2.jar:/Users/atalati/vscode-extension/main-repo/javavscode/netbeans/nbbuild/netbeans/platform/modules/org-netbeans-api-annotations-common.jar:/Users/atalati/vscode-extension/main-repo/javavscode/netbeans/nbbuild/netbeans/ide/modules/org-netbeans-modules-editor-document.jar:/Users/atalati/vscode-extension/main-repo/javavscode/netbeans/nbbuild/netbeans/platform/modules/org-netbeans-modules-editor-mimelookup.jar:/Users/atalati/vscode-extension/main-repo/javavscode/netbeans/nbbuild/netbeans/platform/core/org-openide-filesystems.jar:/Users/atalati/vscode-extension/main-repo/javavscode/netbeans/nbbuild/netbeans/platform/lib/org-openide-util.jar:/Users/atalati/vscode-extension/main-repo/javavscode/netbeans/nbbuild/netbeans/platform/lib/org-openide-util-lookup.jar:/Users/atalati/vscode-extension/main-repo/javavscode/netbeans/nbbuild/netbeans/ide/modules/org-netbeans-modules-editor-util.jar:/Users/atalati/vscode-extension/main-repo/javavscode/netbeans/nbbuild/netbeans/ide/modules/org-netbeans-modules-editor-settings.jar:/Users/atalati/vscode-extension/main-repo/javavscode/netbeans/nbbuild/netbeans/platform/lib/org-openide-modules.jar:/Users/atalati/vscode-extension/main-repo/javavscode/netbeans/nbbuild/netbeans/platform/lib/org-openide-util-ui.jar:/Users/atalati/vscode-extension/main-repo/javavscode/netbeans/nbbuild/netbeans/ide/modules/org-netbeans-modules-lexer.jar:/Users/atalati/vscode-extension/main-repo/javavscode/netbeans/nbbuild/netbeans/platform/modules/org-openide-awt.jar:/Users/atalati/vscode-extension/main-repo/javavscode/netbeans/nbbuild/netbeans/platform/modules/org-openide-dialogs.jar:/Users/atalati/vscode-extension/main-repo/javavscode/netbeans/nbbuild/netbeans/platform/modules/org-netbeans-api-progress.jar:/Users/atalati/vscode-extension/main-repo/javavscode/netbeans/nbbuild/netbeans/platform/modules/org-netbeans-api-progress-nb.jar:/Users/atalati/vscode-extension/main-repo/javavscode/netbeans/nbbuild/netbeans/platform/modules/org-netbeans-modules-editor-mimelookup.jar:/Users/atalati/vscode-extension/main-repo/javavscode/netbeans/nbbuild/netbeans/platform/core/org-openide-filesystems.jar:/Users/atalati/vscode-extension/main-repo/javavscode/netbeans/nbbuild/netbeans/platform/lib/org-openide-util.jar:/Users/atalati/vscode-extension/main-repo/javavscode/netbeans/nbbuild/netbeans/platform/lib/org-openide-util-lookup.jar:/Users/atalati/vscode-extension/main-repo/javavscode/netbeans/nbbuild/netbeans/ide/modules/org-netbeans-modules-editor-util.jar:/Users/atalati/vscode-extension/main-repo/javavscode/netbeans/nbbuild/netbeans/platform/lib/org-openide-util.jar:/Users/atalati/vscode-extension/main-repo/javavscode/netbeans/nbbuild/netbeans/platform/lib/org-openide-util-lookup.jar:/Users/atalati/vscode-extension/main-repo/javavscode/netbeans/nbbuild/netbeans/ide/modules/org-netbeans-modules-extexecution.jar:/Users/atalati/vscode-extension/main-repo/javavscode/netbeans/nbbuild/netbeans/platform/modules/org-netbeans-api-annotations-common.jar:/Users/atalati/vscode-extension/main-repo/javavscode/netbeans/nbbuild/netbeans/platform/modules/org-netbeans-api-progress.jar:/Users/atalati/vscode-extension/main-repo/javavscode/netbeans/nbbuild/netbeans/platform/lib/org-openide-modules.jar:/Users/atalati/vscode-extension/main-repo/javavscode/netbeans/nbbuild/netbeans/platform/lib/org-openide-util-ui.jar:/Users/atalati/vscode-extension/main-repo/javavscode/netbeans/nbbuild/netbeans/platform/lib/org-openide-util.jar:/Users/atalati/vscode-extension/main-repo/javavscode/netbeans/nbbuild/netbeans/platform/lib/org-openide-util-lookup.jar:/Users/atalati/vscode-extension/main-repo/javavscode/netbeans/nbbuild/netbeans/ide/modules/org-netbeans-modules-extexecution-base.jar:/Users/atalati/vscode-extension/main-repo/javavscode/netbeans/nbbuild/netbeans/platform/core/org-openide-filesystems.jar:/Users/atalati/vscode-extension/main-repo/javavscode/netbeans/nbbuild/netbeans/platform/modules/org-openide-io.jar:/Users/atalati/vscode-extension/main-repo/javavscode/netbeans/nbbuild/netbeans/platform/modules/org-netbeans-api-intent.jar:/Users/atalati/vscode-extension/main-repo/javavscode/netbeans/nbbuild/netbeans/platform/modules/org-netbeans-api-io.jar:/Users/atalati/vscode-extension/main-repo/javavscode/netbeans/nbbuild/netbeans/ide/modules/org-netbeans-modules-extexecution-base.jar:/Users/atalati/vscode-extension/main-repo/javavscode/netbeans/nbbuild/netbeans/platform/modules/org-netbeans-api-annotations-common.jar:/Users/atalati/vscode-extension/main-repo/javavscode/netbeans/nbbuild/netbeans/platform/lib/org-openide-util.jar:/Users/atalati/vscode-extension/main-repo/javavscode/netbeans/nbbuild/netbeans/platform/lib/org-openide-util-lookup.jar:/Users/atalati/vscode-extension/main-repo/javavscode/netbeans/nbbuild/netbeans/ide/modules/org-netbeans-modules-gototest.jar:/Users/atalati/vscode-extension/main-repo/javavscode/netbeans/nbbuild/netbeans/platform/modules/org-netbeans-api-annotations-common.jar:/Users/atalati/vscode-extension/main-repo/javavscode/netbeans/nbbuild/netbeans/ide/modules/org-netbeans-modules-gsf-testrunner.jar:/Users/atalati/vscode-extension/main-repo/javavscode/netbeans/nbbuild/netbeans/ide/modules/org-netbeans-modules-extexecution.jar:/Users/atalati/vscode-extension/main-repo/javavscode/netbeans/nbbuild/netbeans/platform/modules/org-netbeans-api-progress.jar:/Users/atalati/vscode-extension/main-repo/javavscode/netbeans/nbbuild/netbeans/platform/lib/org-openide-modules.jar:/Users/atalati/vscode-extension/main-repo/javavscode/netbeans/nbbuild/netbeans/platform/lib/org-openide-util-ui.jar:/Users/atalati/vscode-extension/main-repo/javavscode/netbeans/nbbuild/netbeans/platform/lib/org-openide-util.jar:/Users/atalati/vscode-extension/main-repo/javavscode/netbeans/nbbuild/netbeans/platform/lib/org-openide-util-lookup.jar:/Users/atalati/vscode-extension/main-repo/javavscode/netbeans/nbbuild/netbeans/ide/modules/org-netbeans-modules-extexecution-base.jar:/Users/atalati/vscode-extension/main-repo/javavscode/netbeans/nbbuild/netbeans/platform/core/org-openide-filesystems.jar:/Users/atalati/vscode-extension/main-repo/javavscode/netbeans/nbbuild/netbeans/platform/modules/org-openide-io.jar:/Users/atalati/vscode-extension/main-repo/javavscode/netbeans/nbbuild/netbeans/platform/modules/org-netbeans-api-intent.jar:/Users/atalati/vscode-extension/main-repo/javavscode/netbeans/nbbuild/netbeans/platform/modules/org-netbeans-api-io.jar:/Users/atalati/vscode-extension/main-repo/javavscode/netbeans/nbbuild/netbeans/ide/modules/org-netbeans-modules-projectapi.jar:/Users/atalati/vscode-extension/main-repo/javavscode/netbeans/nbbuild/netbeans/platform/modules/org-netbeans-modules-queries.jar:/Users/atalati/vscode-extension/main-repo/javavscode/netbeans/nbbuild/netbeans/ide/modules/org-netbeans-modules-gsf-testrunner-ui.jar:/Users/atalati/vscode-extension/main-repo/javavscode/netbeans/nbbuild/netbeans/ide/modules/org-netbeans-api-java-classpath.jar:/Users/atalati/vscode-extension/main-repo/javavscode/netbeans/nbbuild/netbeans/platform/modules/org-netbeans-api-progress-nb.jar:/Users/atalati/vscode-extension/main-repo/javavscode/netbeans/nbbuild/netbeans/platform/modules/org-openide-awt.jar:/Users/atalati/vscode-extension/main-repo/javavscode/netbeans/nbbuild/netbeans/ide/modules/org-netbeans-modules-diff.jar:/Users/atalati/vscode-extension/main-repo/javavscode/netbeans/nbbuild/netbeans/ide/modules/org-netbeans-modules-editor-errorstripe.jar:/Users/atalati/vscode-extension/main-repo/javavscode/netbeans/nbbuild/netbeans/ide/modules/org-netbeans-modules-editor-document.jar:/Users/atalati/vscode-extension/main-repo/javavscode/netbeans/nbbuild/netbeans/platform/modules/org-netbeans-modules-editor-mimelookup.jar:/Users/atalati/vscode-extension/main-repo/javavscode/netbeans/nbbuild/netbeans/ide/modules/org-netbeans-modules-editor-util.jar:/Users/atalati/vscode-extension/main-repo/javavscode/netbeans/nbbuild/netbeans/ide/modules/org-netbeans-modules-editor-errorstripe-api.jar:/Users/atalati/vscode-extension/main-repo/javavscode/netbeans/nbbuild/netbeans/ide/modules/org-netbeans-modules-editor-fold.jar:/Users/atalati/vscode-extension/main-repo/javavscode/netbeans/nbbuild/netbeans/ide/modules/org-netbeans-modules-editor-settings.jar:/Users/atalati/vscode-extension/main-repo/javavscode/netbeans/nbbuild/netbeans/ide/modules/org-netbeans-modules-lexer.jar:/Users/atalati/vscode-extension/main-repo/javavscode/netbeans/nbbuild/netbeans/ide/modules/org-netbeans-modules-editor-settings-lib.jar:/Users/atalati/vscode-extension/main-repo/javavscode/netbeans/nbbuild/netbeans/ide/modules/org-netbeans-modules-editor-lib.jar:/Users/atalati/vscode-extension/main-repo/javavscode/netbeans/nbbuild/netbeans/ide/modules/org-netbeans-modules-editor-guards.jar:/Users/atalati/vscode-extension/main-repo/javavscode/netbeans/nbbuild/netbeans/ide/modules/org-netbeans-modules-editor-indent.jar:/Users/atalati/vscode-extension/main-repo/javavscode/netbeans/nbbuild/netbeans/ide/modules/org-netbeans-modules-editor-lib2.jar:/Users/atalati/vscode-extension/main-repo/javavscode/netbeans/nbbuild/netbeans/platform/modules/org-openide-dialogs.jar:/Users/atalati/vscode-extension/main-repo/javavscode/netbeans/nbbuild/netbeans/platform/modules/org-openide-loaders.jar:/Users/atalati/vscode-extension/main-repo/javavscode/netbeans/nbbuild/netbeans/platform/modules/org-netbeans-api-scripting.jar:/Users/atalati/vscode-extension/main-repo/javavscode/netbeans/nbbuild/netbeans/platform/modules/org-netbeans-api-templates.jar:/Users/atalati/vscode-extension/main-repo/javavscode/netbeans/nbbuild/netbeans/platform/modules/org-openide-actions.jar:/Users/atalati/vscode-extension/main-repo/javavscode/netbeans/nbbuild/netbeans/platform/modules/org-openide-explorer.jar:/Users/atalati/vscode-extension/main-repo/javavscode/netbeans/nbbuild/netbeans/platform/modules/org-netbeans-swing-outline.jar:/Users/atalati/vscode-extension/main-repo/javavscode/netbeans/nbbuild/netbeans/platform/modules/org-netbeans-swing-tabcontrol.jar:/Users/atalati/vscode-extension/main-repo/javavscode/netbeans/nbbuild/netbeans/platform/modules/org-openide-windows.jar:/Users/atalati/vscode-extension/main-repo/javavscode/netbeans/nbbuild/netbeans/platform/modules/org-openide-nodes.jar:/Users/atalati/vscode-extension/main-repo/javavscode/netbeans/nbbuild/netbeans/platform/modules/org-openide-text.jar:/Users/atalati/vscode-extension/main-repo/javavscode/netbeans/nbbuild/netbeans/platform/modules/org-openide-filesystems-nb.jar:/Users/atalati/vscode-extension/main-repo/javavscode/netbeans/nbbuild/netbeans/platform/modules/org-netbeans-modules-options-api.jar:/Users/atalati/vscode-extension/main-repo/javavscode/netbeans/nbbuild/netbeans/platform/modules/org-netbeans-core.jar:/Users/atalati/vscode-extension/main-repo/javavscode/netbeans/nbbuild/netbeans/platform/lib/boot.jar:/Users/atalati/vscode-extension/main-repo/javavscode/netbeans/nbbuild/netbeans/platform/core/core.jar:/Users/atalati/vscode-extension/main-repo/javavscode/netbeans/nbbuild/netbeans/platform/core/org-netbeans-libs-asm.jar:/Users/atalati/vscode-extension/main-repo/javavscode/netbeans/platform/libs.asm/external/asm-9.6.jar:/Users/atalati/vscode-extension/main-repo/javavscode/netbeans/nbbuild/netbeans/platform/core/asm-9.6.jar:/Users/atalati/vscode-extension/main-repo/javavscode/netbeans/platform/libs.asm/external/asm-tree-9.6.jar:/Users/atalati/vscode-extension/main-repo/javavscode/netbeans/nbbuild/netbeans/platform/core/asm-tree-9.6.jar:/Users/atalati/vscode-extension/main-repo/javavscode/netbeans/platform/libs.asm/external/asm-commons-9.6.jar:/Users/atalati/vscode-extension/main-repo/javavscode/netbeans/nbbuild/netbeans/platform/core/asm-commons-9.6.jar:/Users/atalati/vscode-extension/main-repo/javavscode/netbeans/nbbuild/netbeans/platform/core/core-base.jar:/Users/atalati/vscode-extension/main-repo/javavscode/netbeans/nbbuild/netbeans/platform/modules/org-netbeans-modules-keyring.jar:/Users/atalati/vscode-extension/main-repo/javavscode/netbeans/nbbuild/netbeans/platform/modules/org-netbeans-modules-sampler.jar:/Users/atalati/vscode-extension/main-repo/javavscode/netbeans/nbbuild/netbeans/platform/modules/org-netbeans-swing-plaf.jar:/Users/atalati/vscode-extension/main-repo/javavscode/netbeans/nbbuild/netbeans/platform/modules/org-netbeans-spi-quicksearch.jar:/Users/atalati/vscode-extension/main-repo/javavscode/netbeans/nbbuild/netbeans/ide/modules/org-netbeans-modules-options-editor.jar:/Users/atalati/vscode-extension/main-repo/javavscode/netbeans/nbbuild/netbeans/ide/modules/org-netbeans-modules-editor.jar:/Users/atalati/vscode-extension/main-repo/javavscode/netbeans/nbbuild/netbeans/ide/modules/org-netbeans-api-lsp.jar:/Users/atalati/vscode-extension/main-repo/javavscode/netbeans/nbbuild/netbeans/ide/modules/org-netbeans-modules-editor-settings-storage.jar:/Users/atalati/vscode-extension/main-repo/javavscode/netbeans/nbbuild/netbeans/platform/modules/org-netbeans-modules-options-keymap.jar:/Users/atalati/vscode-extension/main-repo/javavscode/netbeans/nbbuild/netbeans/ide/modules/org-netbeans-modules-parsing-api.jar:/Users/atalati/vscode-extension/main-repo/javavscode/netbeans/nbbuild/netbeans/ide/modules/org-netbeans-modules-parsing-lucene.jar:/Users/atalati/vscode-extension/main-repo/javavscode/netbeans/nbbuild/netbeans/ide/modules/org-netbeans-libs-lucene.jar:/Users/atalati/vscode-extension/main-repo/javavscode/netbeans/ide/libs.lucene/external/lucene-core-3.6.2.jar:/Users/atalati/vscode-extension/main-repo/javavscode/netbeans/nbbuild/netbeans/ide/modules/ext/lucene-core-3.6.2.jar:/Users/atalati/vscode-extension/main-repo/javavscode/netbeans/nbbuild/netbeans/platform/modules/org-netbeans-modules-masterfs.jar:/Users/atalati/vscode-extension/main-repo/javavscode/netbeans/nbbuild/netbeans/ide/modules/org-netbeans-modules-parsing-indexing.jar:/Users/atalati/vscode-extension/main-repo/javavscode/netbeans/nbbuild/netbeans/ide/modules/org-netbeans-modules-project-indexingbridge.jar:/Users/atalati/vscode-extension/main-repo/javavscode/netbeans/nbbuild/netbeans/ide/modules/org-netbeans-modules-projectuiapi-base.jar:/Users/atalati/vscode-extension/main-repo/javavscode/netbeans/nbbuild/netbeans/ide/modules/org-netbeans-spi-tasklist.jar:/Users/atalati/vscode-extension/main-repo/javavscode/netbeans/nbbuild/netbeans/ide/modules/org-netbeans-modules-gsf-testrunner.jar:/Users/atalati/vscode-extension/main-repo/javavscode/netbeans/nbbuild/netbeans/ide/modules/org-netbeans-modules-extexecution.jar:/Users/atalati/vscode-extension/main-repo/javavscode/netbeans/nbbuild/netbeans/platform/modules/org-netbeans-api-annotations-common.jar:/Users/atalati/vscode-extension/main-repo/javavscode/netbeans/nbbuild/netbeans/platform/modules/org-netbeans-api-progress.jar:/Users/atalati/vscode-extension/main-repo/javavscode/netbeans/nbbuild/netbeans/platform/lib/org-openide-modules.jar:/Users/atalati/vscode-extension/main-repo/javavscode/netbeans/nbbuild/netbeans/platform/lib/org-openide-util-ui.jar:/Users/atalati/vscode-extension/main-repo/javavscode/netbeans/nbbuild/netbeans/platform/lib/org-openide-util.jar:/Users/atalati/vscode-extension/main-repo/javavscode/netbeans/nbbuild/netbeans/platform/lib/org-openide-util-lookup.jar:/Users/atalati/vscode-extension/main-repo/javavscode/netbeans/nbbuild/netbeans/ide/modules/org-netbeans-modules-extexecution-base.jar:/Users/atalati/vscode-extension/main-repo/javavscode/netbeans/nbbuild/netbeans/platform/core/org-openide-filesystems.jar:/Users/atalati/vscode-extension/main-repo/javavscode/netbeans/nbbuild/netbeans/platform/modules/org-openide-io.jar:/Users/atalati/vscode-extension/main-repo/javavscode/netbeans/nbbuild/netbeans/platform/modules/org-netbeans-api-intent.jar:/Users/atalati/vscode-extension/main-repo/javavscode/netbeans/nbbuild/netbeans/platform/modules/org-netbeans-api-io.jar:/Users/atalati/vscode-extension/main-repo/javavscode/netbeans/nbbuild/netbeans/ide/modules/org-netbeans-modules-projectapi.jar:/Users/atalati/vscode-extension/main-repo/javavscode/netbeans/nbbuild/netbeans/platform/modules/org-netbeans-modules-queries.jar:/Users/atalati/vscode-extension/main-repo/javavscode/netbeans/nbbuild/netbeans/ide/modules/org-netbeans-modules-gsf-testrunner-ui.jar:/Users/atalati/vscode-extension/main-repo/javavscode/netbeans/nbbuild/netbeans/platform/modules/org-netbeans-api-annotations-common.jar:/Users/atalati/vscode-extension/main-repo/javavscode/netbeans/nbbuild/netbeans/ide/modules/org-netbeans-api-java-classpath.jar:/Users/atalati/vscode-extension/main-repo/javavscode/netbeans/nbbuild/netbeans/platform/core/org-openide-filesystems.jar:/Users/atalati/vscode-extension/main-repo/javavscode/netbeans/nbbuild/netbeans/platform/lib/org-openide-util.jar:/Users/atalati/vscode-extension/main-repo/javavscode/netbeans/nbbuild/netbeans/platform/lib/org-openide-util-lookup.jar:/Users/atalati/vscode-extension/main-repo/javavscode/netbeans/nbbuild/netbeans/platform/modules/org-netbeans-api-progress.jar:/Users/atalati/vscode-extension/main-repo/javavscode/netbeans/nbbuild/netbeans/platform/lib/org-openide-modules.jar:/Users/atalati/vscode-extension/main-repo/javavscode/netbeans/nbbuild/netbeans/platform/lib/org-openide-util-ui.jar:/Users/atalati/vscode-extension/main-repo/javavscode/netbeans/nbbuild/netbeans/platform/modules/org-netbeans-api-progress-nb.jar:/Users/atalati/vscode-extension/main-repo/javavscode/netbeans/nbbuild/netbeans/platform/modules/org-openide-awt.jar:/Users/atalati/vscode-extension/main-repo/javavscode/netbeans/nbbuild/netbeans/ide/modules/org-netbeans-modules-diff.jar:/Users/atalati/vscode-extension/main-repo/javavscode/netbeans/nbbuild/netbeans/ide/modules/org-netbeans-modules-editor-errorstripe.jar:/Users/atalati/vscode-extension/main-repo/javavscode/netbeans/nbbuild/netbeans/ide/modules/org-netbeans-modules-editor-document.jar:/Users/atalati/vscode-extension/main-repo/javavscode/netbeans/nbbuild/netbeans/platform/modules/org-netbeans-modules-editor-mimelookup.jar:/Users/atalati/vscode-extension/main-repo/javavscode/netbeans/nbbuild/netbeans/ide/modules/org-netbeans-modules-editor-util.jar:/Users/atalati/vscode-extension/main-repo/javavscode/netbeans/nbbuild/netbeans/ide/modules/org-netbeans-modules-editor-errorstripe-api.jar:/Users/atalati/vscode-extension/main-repo/javavscode/netbeans/nbbuild/netbeans/ide/modules/org-netbeans-modules-editor-fold.jar:/Users/atalati/vscode-extension/main-repo/javavscode/netbeans/nbbuild/netbeans/ide/modules/org-netbeans-modules-editor-settings.jar:/Users/atalati/vscode-extension/main-repo/javavscode/netbeans/nbbuild/netbeans/ide/modules/org-netbeans-modules-lexer.jar:/Users/atalati/vscode-extension/main-repo/javavscode/netbeans/nbbuild/netbeans/ide/modules/org-netbeans-modules-editor-settings-lib.jar:/Users/atalati/vscode-extension/main-repo/javavscode/netbeans/nbbuild/netbeans/ide/modules/org-netbeans-modules-editor-lib.jar:/Users/atalati/vscode-extension/main-repo/javavscode/netbeans/nbbuild/netbeans/ide/modules/org-netbeans-modules-editor-guards.jar:/Users/atalati/vscode-extension/main-repo/javavscode/netbeans/nbbuild/netbeans/ide/modules/org-netbeans-modules-editor-indent.jar:/Users/atalati/vscode-extension/main-repo/javavscode/netbeans/nbbuild/netbeans/ide/modules/org-netbeans-modules-editor-lib2.jar:/Users/atalati/vscode-extension/main-repo/javavscode/netbeans/nbbuild/netbeans/platform/modules/org-openide-dialogs.jar:/Users/atalati/vscode-extension/main-repo/javavscode/netbeans/nbbuild/netbeans/platform/modules/org-openide-loaders.jar:/Users/atalati/vscode-extension/main-repo/javavscode/netbeans/nbbuild/netbeans/platform/modules/org-netbeans-api-scripting.jar:/Users/atalati/vscode-extension/main-repo/javavscode/netbeans/nbbuild/netbeans/platform/modules/org-netbeans-api-templates.jar:/Users/atalati/vscode-extension/main-repo/javavscode/netbeans/nbbuild/netbeans/platform/modules/org-netbeans-modules-queries.jar:/Users/atalati/vscode-extension/main-repo/javavscode/netbeans/nbbuild/netbeans/platform/modules/org-openide-actions.jar:/Users/atalati/vscode-extension/main-repo/javavscode/netbeans/nbbuild/netbeans/platform/modules/org-openide-explorer.jar:/Users/atalati/vscode-extension/main-repo/javavscode/netbeans/nbbuild/netbeans/platform/modules/org-netbeans-swing-outline.jar:/Users/atalati/vscode-extension/main-repo/javavscode/netbeans/nbbuild/netbeans/platform/modules/org-netbeans-swing-tabcontrol.jar:/Users/atalati/vscode-extension/main-repo/javavscode/netbeans/nbbuild/netbeans/platform/modules/org-openide-windows.jar:/Users/atalati/vscode-extension/main-repo/javavscode/netbeans/nbbuild/netbeans/platform/modules/org-openide-nodes.jar:/Users/atalati/vscode-extension/main-repo/javavscode/netbeans/nbbuild/netbeans/platform/modules/org-openide-text.jar:/Users/atalati/vscode-extension/main-repo/javavscode/netbeans/nbbuild/netbeans/platform/modules/org-openide-filesystems-nb.jar:/Users/atalati/vscode-extension/main-repo/javavscode/netbeans/nbbuild/netbeans/platform/modules/org-netbeans-modules-options-api.jar:/Users/atalati/vscode-extension/main-repo/javavscode/netbeans/nbbuild/netbeans/platform/modules/org-netbeans-core.jar:/Users/atalati/vscode-extension/main-repo/javavscode/netbeans/nbbuild/netbeans/platform/lib/boot.jar:/Users/atalati/vscode-extension/main-repo/javavscode/netbeans/nbbuild/netbeans/platform/core/core.jar:/Users/atalati/vscode-extension/main-repo/javavscode/netbeans/nbbuild/netbeans/platform/core/org-netbeans-libs-asm.jar:/Users/atalati/vscode-extension/main-repo/javavscode/netbeans/platform/libs.asm/external/asm-9.6.jar:/Users/atalati/vscode-extension/main-repo/javavscode/netbeans/nbbuild/netbeans/platform/core/asm-9.6.jar:/Users/atalati/vscode-extension/main-repo/javavscode/netbeans/platform/libs.asm/external/asm-tree-9.6.jar:/Users/atalati/vscode-extension/main-repo/javavscode/netbeans/nbbuild/netbeans/platform/core/asm-tree-9.6.jar:/Users/atalati/vscode-extension/main-repo/javavscode/netbeans/platform/libs.asm/external/asm-commons-9.6.jar:/Users/atalati/vscode-extension/main-repo/javavscode/netbeans/nbbuild/netbeans/platform/core/asm-commons-9.6.jar:/Users/atalati/vscode-extension/main-repo/javavscode/netbeans/nbbuild/netbeans/platform/core/core-base.jar:/Users/atalati/vscode-extension/main-repo/javavscode/netbeans/nbbuild/netbeans/platform/modules/org-netbeans-modules-keyring.jar:/Users/atalati/vscode-extension/main-repo/javavscode/netbeans/nbbuild/netbeans/platform/modules/org-netbeans-modules-sampler.jar:/Users/atalati/vscode-extension/main-repo/javavscode/netbeans/nbbuild/netbeans/platform/modules/org-netbeans-swing-plaf.jar:/Users/atalati/vscode-extension/main-repo/javavscode/netbeans/nbbuild/netbeans/platform/modules/org-openide-io.jar:/Users/atalati/vscode-extension/main-repo/javavscode/netbeans/nbbuild/netbeans/platform/modules/org-netbeans-api-intent.jar:/Users/atalati/vscode-extension/main-repo/javavscode/netbeans/nbbuild/netbeans/platform/modules/org-netbeans-api-io.jar:/Users/atalati/vscode-extension/main-repo/javavscode/netbeans/nbbuild/netbeans/platform/modules/org-netbeans-spi-quicksearch.jar:/Users/atalati/vscode-extension/main-repo/javavscode/netbeans/nbbuild/netbeans/ide/modules/org-netbeans-modules-options-editor.jar:/Users/atalati/vscode-extension/main-repo/javavscode/netbeans/nbbuild/netbeans/ide/modules/org-netbeans-modules-editor.jar:/Users/atalati/vscode-extension/main-repo/javavscode/netbeans/nbbuild/netbeans/ide/modules/org-netbeans-api-lsp.jar:/Users/atalati/vscode-extension/main-repo/javavscode/netbeans/nbbuild/netbeans/ide/modules/org-netbeans-modules-editor-settings-storage.jar:/Users/atalati/vscode-extension/main-repo/javavscode/netbeans/nbbuild/netbeans/platform/modules/org-netbeans-modules-options-keymap.jar:/Users/atalati/vscode-extension/main-repo/javavscode/netbeans/nbbuild/netbeans/ide/modules/org-netbeans-modules-projectapi.jar:/Users/atalati/vscode-extension/main-repo/javavscode/netbeans/nbbuild/netbeans/ide/modules/org-netbeans-modules-extexecution.jar:/Users/atalati/vscode-extension/main-repo/javavscode/netbeans/nbbuild/netbeans/ide/modules/org-netbeans-modules-extexecution-base.jar:/Users/atalati/vscode-extension/main-repo/javavscode/netbeans/nbbuild/netbeans/ide/modules/org-netbeans-modules-gsf-testrunner.jar:/Users/atalati/vscode-extension/main-repo/javavscode/netbeans/nbbuild/netbeans/ide/modules/org-netbeans-modules-parsing-api.jar:/Users/atalati/vscode-extension/main-repo/javavscode/netbeans/nbbuild/netbeans/ide/modules/org-netbeans-modules-parsing-lucene.jar:/Users/atalati/vscode-extension/main-repo/javavscode/netbeans/nbbuild/netbeans/ide/modules/org-netbeans-libs-lucene.jar:/Users/atalati/vscode-extension/main-repo/javavscode/netbeans/ide/libs.lucene/external/lucene-core-3.6.2.jar:/Users/atalati/vscode-extension/main-repo/javavscode/netbeans/nbbuild/netbeans/ide/modules/ext/lucene-core-3.6.2.jar:/Users/atalati/vscode-extension/main-repo/javavscode/netbeans/nbbuild/netbeans/platform/modules/org-netbeans-modules-masterfs.jar:/Users/atalati/vscode-extension/main-repo/javavscode/netbeans/nbbuild/netbeans/ide/modules/org-netbeans-modules-parsing-indexing.jar:/Users/atalati/vscode-extension/main-repo/javavscode/netbeans/nbbuild/netbeans/ide/modules/org-netbeans-modules-project-indexingbridge.jar:/Users/atalati/vscode-extension/main-repo/javavscode/netbeans/nbbuild/netbeans/ide/modules/org-netbeans-modules-projectuiapi-base.jar:/Users/atalati/vscode-extension/main-repo/javavscode/netbeans/nbbuild/netbeans/ide/modules/org-netbeans-spi-tasklist.jar:/Users/atalati/vscode-extension/main-repo/javavscode/netbeans/nbbuild/netbeans/java/modules/org-netbeans-modules-java-completion.jar:/Users/atalati/vscode-extension/main-repo/javavscode/netbeans/nbbuild/netbeans/platform/modules/org-netbeans-api-annotations-common.jar:/Users/atalati/vscode-extension/main-repo/javavscode/netbeans/nbbuild/netbeans/ide/modules/org-netbeans-api-java-classpath.jar:/Users/atalati/vscode-extension/main-repo/javavscode/netbeans/nbbuild/netbeans/platform/core/org-openide-filesystems.jar:/Users/atalati/vscode-extension/main-repo/javavscode/netbeans/nbbuild/netbeans/platform/lib/org-openide-util.jar:/Users/atalati/vscode-extension/main-repo/javavscode/netbeans/nbbuild/netbeans/platform/lib/org-openide-util-lookup.jar:/Users/atalati/vscode-extension/main-repo/javavscode/netbeans/nbbuild/netbeans/java/modules/org-netbeans-libs-javacapi.jar:/Users/atalati/vscode-extension/main-repo/javavscode/netbeans/java/libs.javacapi/external/nb-javac-jdk-22+33-api.jar:/Users/atalati/vscode-extension/main-repo/javavscode/netbeans/java/libs.javacapi/external/nb-javac-jdk-22+33.jar:/Users/atalati/vscode-extension/main-repo/javavscode/netbeans/nbbuild/netbeans/platform/modules/org-netbeans-modules-editor-mimelookup.jar:/Users/atalati/vscode-extension/main-repo/javavscode/netbeans/nbbuild/netbeans/java/modules/org-netbeans-modules-java-lexer.jar:/Users/atalati/vscode-extension/main-repo/javavscode/netbeans/nbbuild/netbeans/ide/modules/org-netbeans-modules-lexer.jar:/Users/atalati/vscode-extension/main-repo/javavscode/netbeans/nbbuild/netbeans/ide/modules/org-netbeans-modules-editor-util.jar:/Users/atalati/vscode-extension/main-repo/javavscode/netbeans/nbbuild/netbeans/platform/lib/org-openide-util-ui.jar:/Users/atalati/vscode-extension/main-repo/javavscode/netbeans/nbbuild/netbeans/java/modules/org-netbeans-modules-java-source-base.jar:/Users/atalati/vscode-extension/main-repo/javavscode/netbeans/nbbuild/netbeans/java/modules/org-netbeans-api-java.jar:/Users/atalati/vscode-extension/main-repo/javavscode/netbeans/nbbuild/netbeans/platform/lib/org-openide-modules.jar:/Users/atalati/vscode-extension/main-repo/javavscode/netbeans/nbbuild/netbeans/platform/modules/org-netbeans-api-progress.jar:/Users/atalati/vscode-extension/main-repo/javavscode/netbeans/nbbuild/netbeans/platform/modules/org-netbeans-api-scripting.jar:/Users/atalati/vscode-extension/main-repo/javavscode/netbeans/nbbuild/netbeans/java/modules/org-netbeans-lib-nbjavac.jar:/Users/atalati/vscode-extension/main-repo/javavscode/netbeans/nbbuild/netbeans/platform/core/org-netbeans-libs-asm.jar:/Users/atalati/vscode-extension/main-repo/javavscode/netbeans/platform/libs.asm/external/asm-9.6.jar:/Users/atalati/vscode-extension/main-repo/javavscode/netbeans/nbbuild/netbeans/platform/core/asm-9.6.jar:/Users/atalati/vscode-extension/main-repo/javavscode/netbeans/platform/libs.asm/external/asm-tree-9.6.jar:/Users/atalati/vscode-extension/main-repo/javavscode/netbeans/nbbuild/netbeans/platform/core/asm-tree-9.6.jar:/Users/atalati/vscode-extension/main-repo/javavscode/netbeans/platform/libs.asm/external/asm-commons-9.6.jar:/Users/atalati/vscode-extension/main-repo/javavscode/netbeans/nbbuild/netbeans/platform/core/asm-commons-9.6.jar:/Users/atalati/vscode-extension/main-repo/javavscode/netbeans/nbbuild/netbeans/ide/modules/org-netbeans-libs-lucene.jar:/Users/atalati/vscode-extension/main-repo/javavscode/netbeans/ide/libs.lucene/external/lucene-core-3.6.2.jar:/Users/atalati/vscode-extension/main-repo/javavscode/netbeans/nbbuild/netbeans/ide/modules/ext/lucene-core-3.6.2.jar:/Users/atalati/vscode-extension/main-repo/javavscode/netbeans/nbbuild/netbeans/java/modules/org-netbeans-modules-classfile.jar:/Users/atalati/vscode-extension/main-repo/javavscode/netbeans/nbbuild/netbeans/ide/modules/org-netbeans-modules-editor-document.jar:/Users/atalati/vscode-extension/main-repo/javavscode/netbeans/nbbuild/netbeans/ide/modules/org-netbeans-modules-editor-guards.jar:/Users/atalati/vscode-extension/main-repo/javavscode/netbeans/nbbuild/netbeans/ide/modules/org-netbeans-modules-editor-indent.jar:/Users/atalati/vscode-extension/main-repo/javavscode/netbeans/nbbuild/netbeans/ide/modules/org-netbeans-modules-editor-settings.jar:/Users/atalati/vscode-extension/main-repo/javavscode/netbeans/nbbuild/netbeans/java/modules/org-netbeans-modules-java-platform.jar:/Users/atalati/vscode-extension/main-repo/javavscode/netbeans/nbbuild/netbeans/java/modules/org-netbeans-modules-java-preprocessorbridge.jar:/Users/atalati/vscode-extension/main-repo/javavscode/netbeans/nbbuild/netbeans/ide/modules/org-netbeans-modules-parsing-api.jar:/Users/atalati/vscode-extension/main-repo/javavscode/netbeans/nbbuild/netbeans/ide/modules/org-netbeans-modules-parsing-lucene.jar:/Users/atalati/vscode-extension/main-repo/javavscode/netbeans/nbbuild/netbeans/platform/modules/org-netbeans-modules-masterfs.jar:/Users/atalati/vscode-extension/main-repo/javavscode/netbeans/nbbuild/netbeans/platform/modules/org-netbeans-modules-queries.jar:/Users/atalati/vscode-extension/main-repo/javavscode/netbeans/nbbuild/netbeans/ide/modules/org-netbeans-modules-projectapi.jar:/Users/atalati/vscode-extension/main-repo/javavscode/netbeans/nbbuild/netbeans/ide/modules/org-netbeans-modules-parsing-indexing.jar:/Users/atalati/vscode-extension/main-repo/javavscode/netbeans/nbbuild/netbeans/ide/modules/org-netbeans-modules-project-indexingbridge.jar:/Users/atalati/vscode-extension/main-repo/javavscode/netbeans/nbbuild/netbeans/ide/modules/org-netbeans-modules-projectuiapi-base.jar:/Users/atalati/vscode-extension/main-repo/javavscode/netbeans/nbbuild/netbeans/platform/modules/org-openide-explorer.jar:/Users/atalati/vscode-extension/main-repo/javavscode/netbeans/nbbuild/netbeans/platform/modules/org-netbeans-swing-outline.jar:/Users/atalati/vscode-extension/main-repo/javavscode/netbeans/nbbuild/netbeans/platform/modules/org-netbeans-swing-tabcontrol.jar:/Users/atalati/vscode-extension/main-repo/javavscode/netbeans/nbbuild/netbeans/platform/modules/org-openide-awt.jar:/Users/atalati/vscode-extension/main-repo/javavscode/netbeans/nbbuild/netbeans/platform/modules/org-openide-windows.jar:/Users/atalati/vscode-extension/main-repo/javavscode/netbeans/nbbuild/netbeans/platform/modules/org-openide-nodes.jar:/Users/atalati/vscode-extension/main-repo/javavscode/netbeans/nbbuild/netbeans/platform/modules/org-openide-dialogs.jar:/Users/atalati/vscode-extension/main-repo/javavscode/netbeans/nbbuild/netbeans/platform/modules/org-netbeans-api-progress-nb.jar:/Users/atalati/vscode-extension/main-repo/javavscode/netbeans/nbbuild/netbeans/ide/modules/org-netbeans-spi-tasklist.jar:/Users/atalati/vscode-extension/main-repo/javavscode/netbeans/nbbuild/netbeans/ide/modules/org-netbeans-modules-refactoring-api.jar:/Users/atalati/vscode-extension/main-repo/javavscode/netbeans/nbbuild/netbeans/ide/modules/org-netbeans-modules-diff.jar:/Users/atalati/vscode-extension/main-repo/javavscode/netbeans/nbbuild/netbeans/ide/modules/org-netbeans-modules-editor-errorstripe.jar:/Users/atalati/vscode-extension/main-repo/javavscode/netbeans/nbbuild/netbeans/ide/modules/org-netbeans-modules-editor-errorstripe-api.jar:/Users/atalati/vscode-extension/main-repo/javavscode/netbeans/nbbuild/netbeans/ide/modules/org-netbeans-modules-editor-fold.jar:/Users/atalati/vscode-extension/main-repo/javavscode/netbeans/nbbuild/netbeans/ide/modules/org-netbeans-modules-editor-settings-lib.jar:/Users/atalati/vscode-extension/main-repo/javavscode/netbeans/nbbuild/netbeans/ide/modules/org-netbeans-modules-editor-lib.jar:/Users/atalati/vscode-extension/main-repo/javavscode/netbeans/nbbuild/netbeans/ide/modules/org-netbeans-modules-editor-lib2.jar:/Users/atalati/vscode-extension/main-repo/javavscode/netbeans/nbbuild/netbeans/platform/modules/org-openide-loaders.jar:/Users/atalati/vscode-extension/main-repo/javavscode/netbeans/nbbuild/netbeans/platform/modules/org-netbeans-api-templates.jar:/Users/atalati/vscode-extension/main-repo/javavscode/netbeans/nbbuild/netbeans/platform/modules/org-openide-actions.jar:/Users/atalati/vscode-extension/main-repo/javavscode/netbeans/nbbuild/netbeans/platform/modules/org-openide-text.jar:/Users/atalati/vscode-extension/main-repo/javavscode/netbeans/nbbuild/netbeans/platform/modules/org-openide-filesystems-nb.jar:/Users/atalati/vscode-extension/main-repo/javavscode/netbeans/nbbuild/netbeans/platform/modules/org-netbeans-modules-options-api.jar:/Users/atalati/vscode-extension/main-repo/javavscode/netbeans/nbbuild/netbeans/platform/modules/org-netbeans-core.jar:/Users/atalati/vscode-extension/main-repo/javavscode/netbeans/nbbuild/netbeans/platform/lib/boot.jar:/Users/atalati/vscode-extension/main-repo/javavscode/netbeans/nbbuild/netbeans/platform/core/core.jar:/Users/atalati/vscode-extension/main-repo/javavscode/netbeans/nbbuild/netbeans/platform/core/core-base.jar:/Users/atalati/vscode-extension/main-repo/javavscode/netbeans/nbbuild/netbeans/platform/modules/org-netbeans-modules-keyring.jar:/Users/atalati/vscode-extension/main-repo/javavscode/netbeans/nbbuild/netbeans/platform/modules/org-netbeans-modules-sampler.jar:/Users/atalati/vscode-extension/main-repo/javavscode/netbeans/nbbuild/netbeans/platform/modules/org-netbeans-swing-plaf.jar:/Users/atalati/vscode-extension/main-repo/javavscode/netbeans/nbbuild/netbeans/platform/modules/org-openide-io.jar:/Users/atalati/vscode-extension/main-repo/javavscode/netbeans/nbbuild/netbeans/platform/modules/org-netbeans-api-intent.jar:/Users/atalati/vscode-extension/main-repo/javavscode/netbeans/nbbuild/netbeans/platform/modules/org-netbeans-api-io.jar:/Users/atalati/vscode-extension/main-repo/javavscode/netbeans/nbbuild/netbeans/platform/modules/org-netbeans-spi-quicksearch.jar:/Users/atalati/vscode-extension/main-repo/javavscode/netbeans/nbbuild/netbeans/ide/modules/org-netbeans-modules-options-editor.jar:/Users/atalati/vscode-extension/main-repo/javavscode/netbeans/nbbuild/netbeans/ide/modules/org-netbeans-modules-editor.jar:/Users/atalati/vscode-extension/main-repo/javavscode/netbeans/nbbuild/netbeans/ide/modules/org-netbeans-api-lsp.jar:/Users/atalati/vscode-extension/main-repo/javavscode/netbeans/nbbuild/netbeans/ide/modules/org-netbeans-modules-editor-settings-storage.jar:/Users/atalati/vscode-extension/main-repo/javavscode/netbeans/nbbuild/netbeans/platform/modules/org-netbeans-modules-options-keymap.jar:/Users/atalati/vscode-extension/main-repo/javavscode/netbeans/nbbuild/netbeans/java/modules/org-netbeans-modules-java-editor.jar:/Users/atalati/vscode-extension/main-repo/javavscode/netbeans/nbbuild/netbeans/platform/modules/org-netbeans-api-annotations-common.jar:/Users/atalati/vscode-extension/main-repo/javavscode/netbeans/nbbuild/netbeans/java/modules/org-netbeans-api-java.jar:/Users/atalati/vscode-extension/main-repo/javavscode/netbeans/nbbuild/netbeans/ide/modules/org-netbeans-api-java-classpath.jar:/Users/atalati/vscode-extension/main-repo/javavscode/netbeans/nbbuild/netbeans/platform/core/org-openide-filesystems.jar:/Users/atalati/vscode-extension/main-repo/javavscode/netbeans/nbbuild/netbeans/platform/lib/org-openide-util.jar:/Users/atalati/vscode-extension/main-repo/javavscode/netbeans/nbbuild/netbeans/platform/lib/org-openide-util-lookup.jar:/Users/atalati/vscode-extension/main-repo/javavscode/netbeans/nbbuild/netbeans/platform/lib/org-openide-modules.jar:/Users/atalati/vscode-extension/main-repo/javavscode/netbeans/nbbuild/netbeans/platform/lib/org-openide-util-ui.jar:/Users/atalati/vscode-extension/main-repo/javavscode/netbeans/nbbuild/netbeans/ide/modules/org-netbeans-api-lsp.jar:/Users/atalati/vscode-extension/main-repo/javavscode/netbeans/nbbuild/netbeans/platform/modules/org-netbeans-modules-editor-mimelookup.jar:/Users/atalati/vscode-extension/main-repo/javavscode/netbeans/nbbuild/netbeans/ide/modules/org-netbeans-modules-editor-util.jar:/Users/atalati/vscode-extension/main-repo/javavscode/netbeans/nbbuild/netbeans/platform/modules/org-netbeans-api-progress.jar:/Users/atalati/vscode-extension/main-repo/javavscode/netbeans/nbbuild/netbeans/platform/modules/org-netbeans-api-progress-nb.jar:/Users/atalati/vscode-extension/main-repo/javavscode/netbeans/nbbuild/netbeans/platform/modules/org-openide-awt.jar:/Users/atalati/vscode-extension/main-repo/javavscode/netbeans/nbbuild/netbeans/java/modules/org-netbeans-libs-javacapi.jar:/Users/atalati/vscode-extension/main-repo/javavscode/netbeans/java/libs.javacapi/external/nb-javac-jdk-22+33-api.jar:/Users/atalati/vscode-extension/main-repo/javavscode/netbeans/java/libs.javacapi/external/nb-javac-jdk-22+33.jar:/Users/atalati/vscode-extension/main-repo/javavscode/netbeans/nbbuild/netbeans/ide/modules/org-netbeans-modules-editor.jar:/Users/atalati/vscode-extension/main-repo/javavscode/netbeans/nbbuild/netbeans/ide/modules/org-netbeans-modules-editor-document.jar:/Users/atalati/vscode-extension/main-repo/javavscode/netbeans/nbbuild/netbeans/ide/modules/org-netbeans-modules-editor-fold.jar:/Users/atalati/vscode-extension/main-repo/javavscode/netbeans/nbbuild/netbeans/ide/modules/org-netbeans-modules-editor-settings.jar:/Users/atalati/vscode-extension/main-repo/javavscode/netbeans/nbbuild/netbeans/ide/modules/org-netbeans-modules-lexer.jar:/Users/atalati/vscode-extension/main-repo/javavscode/netbeans/nbbuild/netbeans/ide/modules/org-netbeans-modules-editor-settings-lib.jar:/Users/atalati/vscode-extension/main-repo/javavscode/netbeans/nbbuild/netbeans/ide/modules/org-netbeans-modules-editor-guards.jar:/Users/atalati/vscode-extension/main-repo/javavscode/netbeans/nbbuild/netbeans/ide/modules/org-netbeans-modules-editor-indent.jar:/Users/atalati/vscode-extension/main-repo/javavscode/netbeans/nbbuild/netbeans/ide/modules/org-netbeans-modules-editor-lib.jar:/Users/atalati/vscode-extension/main-repo/javavscode/netbeans/nbbuild/netbeans/ide/modules/org-netbeans-modules-editor-lib2.jar:/Users/atalati/vscode-extension/main-repo/javavscode/netbeans/nbbuild/netbeans/platform/modules/org-openide-dialogs.jar:/Users/atalati/vscode-extension/main-repo/javavscode/netbeans/nbbuild/netbeans/platform/modules/org-openide-actions.jar:/Users/atalati/vscode-extension/main-repo/javavscode/netbeans/nbbuild/netbeans/platform/modules/org-openide-explorer.jar:/Users/atalati/vscode-extension/main-repo/javavscode/netbeans/nbbuild/netbeans/platform/modules/org-netbeans-swing-outline.jar:/Users/atalati/vscode-extension/main-repo/javavscode/netbeans/nbbuild/netbeans/platform/modules/org-netbeans-swing-tabcontrol.jar:/Users/atalati/vscode-extension/main-repo/javavscode/netbeans/nbbuild/netbeans/platform/modules/org-openide-windows.jar:/Users/atalati/vscode-extension/main-repo/javavscode/netbeans/nbbuild/netbeans/platform/modules/org-openide-nodes.jar:/Users/atalati/vscode-extension/main-repo/javavscode/netbeans/nbbuild/netbeans/platform/modules/org-openide-text.jar:/Users/atalati/vscode-extension/main-repo/javavscode/netbeans/nbbuild/netbeans/platform/modules/org-openide-filesystems-nb.jar:/Users/atalati/vscode-extension/main-repo/javavscode/netbeans/nbbuild/netbeans/platform/modules/org-openide-loaders.jar:/Users/atalati/vscode-extension/main-repo/javavscode/netbeans/nbbuild/netbeans/platform/modules/org-netbeans-api-scripting.jar:/Users/atalati/vscode-extension/main-repo/javavscode/netbeans/nbbuild/netbeans/platform/modules/org-netbeans-api-templates.jar:/Users/atalati/vscode-extension/main-repo/javavscode/netbeans/nbbuild/netbeans/platform/modules/org-netbeans-modules-queries.jar:/Users/atalati/vscode-extension/main-repo/javavscode/netbeans/nbbuild/netbeans/ide/modules/org-netbeans-modules-editor-bracesmatching.jar:/Users/atalati/vscode-extension/main-repo/javavscode/netbeans/nbbuild/netbeans/ide/modules/org-netbeans-modules-editor-codetemplates.jar:/Users/atalati/vscode-extension/main-repo/javavscode/netbeans/nbbuild/netbeans/ide/modules/org-netbeans-modules-editor-completion.jar:/Users/atalati/vscode-extension/main-repo/javavscode/netbeans/nbbuild/netbeans/platform/modules/org-netbeans-modules-sampler.jar:/Users/atalati/vscode-extension/main-repo/javavscode/netbeans/nbbuild/netbeans/ide/modules/org-netbeans-modules-editor-settings-storage.jar:/Users/atalati/vscode-extension/main-repo/javavscode/netbeans/nbbuild/netbeans/platform/modules/org-netbeans-modules-options-keymap.jar:/Users/atalati/vscode-extension/main-repo/javavscode/netbeans/nbbuild/netbeans/platform/modules/org-netbeans-modules-options-api.jar:/Users/atalati/vscode-extension/main-repo/javavscode/netbeans/nbbuild/netbeans/platform/modules/org-netbeans-core.jar:/Users/atalati/vscode-extension/main-repo/javavscode/netbeans/nbbuild/netbeans/platform/lib/boot.jar:/Users/atalati/vscode-extension/main-repo/javavscode/netbeans/nbbuild/netbeans/platform/core/core.jar:/Users/atalati/vscode-extension/main-repo/javavscode/netbeans/nbbuild/netbeans/platform/core/org-netbeans-libs-asm.jar:/Users/atalati/vscode-extension/main-repo/javavscode/netbeans/platform/libs.asm/external/asm-9.6.jar:/Users/atalati/vscode-extension/main-repo/javavscode/netbeans/nbbuild/netbeans/platform/core/asm-9.6.jar:/Users/atalati/vscode-extension/main-repo/javavscode/netbeans/platform/libs.asm/external/asm-tree-9.6.jar:/Users/atalati/vscode-extension/main-repo/javavscode/netbeans/nbbuild/netbeans/platform/core/asm-tree-9.6.jar:/Users/atalati/vscode-extension/main-repo/javavscode/netbeans/platform/libs.asm/external/asm-commons-9.6.jar:/Users/atalati/vscode-extension/main-repo/javavscode/netbeans/nbbuild/netbeans/platform/core/asm-commons-9.6.jar:/Users/atalati/vscode-extension/main-repo/javavscode/netbeans/nbbuild/netbeans/platform/core/core-base.jar:/Users/atalati/vscode-extension/main-repo/javavscode/netbeans/nbbuild/netbeans/platform/modules/org-netbeans-modules-keyring.jar:/Users/atalati/vscode-extension/main-repo/javavscode/netbeans/nbbuild/netbeans/platform/modules/org-netbeans-swing-plaf.jar:/Users/atalati/vscode-extension/main-repo/javavscode/netbeans/nbbuild/netbeans/platform/modules/org-openide-io.jar:/Users/atalati/vscode-extension/main-repo/javavscode/netbeans/nbbuild/netbeans/platform/modules/org-netbeans-api-intent.jar:/Users/atalati/vscode-extension/main-repo/javavscode/netbeans/nbbuild/netbeans/platform/modules/org-netbeans-api-io.jar:/Users/atalati/vscode-extension/main-repo/javavscode/netbeans/nbbuild/netbeans/platform/modules/org-netbeans-spi-quicksearch.jar:/Users/atalati/vscode-extension/main-repo/javavscode/netbeans/nbbuild/netbeans/ide/modules/org-netbeans-spi-editor-hints.jar:/Users/atalati/vscode-extension/main-repo/javavscode/netbeans/nbbuild/netbeans/ide/modules/org-netbeans-modules-editor-errorstripe.jar:/Users/atalati/vscode-extension/main-repo/javavscode/netbeans/nbbuild/netbeans/ide/modules/org-netbeans-modules-editor-errorstripe-api.jar:/Users/atalati/vscode-extension/main-repo/javavscode/netbeans/nbbuild/netbeans/java/modules/org-netbeans-modules-java-completion.jar:/Users/atalati/vscode-extension/main-repo/javavscode/netbeans/nbbuild/netbeans/java/modules/org-netbeans-modules-java-lexer.jar:/Users/atalati/vscode-extension/main-repo/javavscode/netbeans/nbbuild/netbeans/java/modules/org-netbeans-modules-java-source-base.jar:/Users/atalati/vscode-extension/main-repo/javavscode/netbeans/nbbuild/netbeans/java/modules/org-netbeans-lib-nbjavac.jar:/Users/atalati/vscode-extension/main-repo/javavscode/netbeans/nbbuild/netbeans/ide/modules/org-netbeans-libs-lucene.jar:/Users/atalati/vscode-extension/main-repo/javavscode/netbeans/ide/libs.lucene/external/lucene-core-3.6.2.jar:/Users/atalati/vscode-extension/main-repo/javavscode/netbeans/nbbuild/netbeans/ide/modules/ext/lucene-core-3.6.2.jar:/Users/atalati/vscode-extension/main-repo/javavscode/netbeans/nbbuild/netbeans/java/modules/org-netbeans-modules-classfile.jar:/Users/atalati/vscode-extension/main-repo/javavscode/netbeans/nbbuild/netbeans/java/modules/org-netbeans-modules-java-platform.jar:/Users/atalati/vscode-extension/main-repo/javavscode/netbeans/nbbuild/netbeans/java/modules/org-netbeans-modules-java-preprocessorbridge.jar:/Users/atalati/vscode-extension/main-repo/javavscode/netbeans/nbbuild/netbeans/ide/modules/org-netbeans-modules-parsing-api.jar:/Users/atalati/vscode-extension/main-repo/javavscode/netbeans/nbbuild/netbeans/ide/modules/org-netbeans-modules-parsing-lucene.jar:/Users/atalati/vscode-extension/main-repo/javavscode/netbeans/nbbuild/netbeans/platform/modules/org-netbeans-modules-masterfs.jar:/Users/atalati/vscode-extension/main-repo/javavscode/netbeans/nbbuild/netbeans/ide/modules/org-netbeans-modules-projectapi.jar:/Users/atalati/vscode-extension/main-repo/javavscode/netbeans/nbbuild/netbeans/ide/modules/org-netbeans-modules-parsing-indexing.jar:/Users/atalati/vscode-extension/main-repo/javavscode/netbeans/nbbuild/netbeans/ide/modules/org-netbeans-modules-project-indexingbridge.jar:/Users/atalati/vscode-extension/main-repo/javavscode/netbeans/nbbuild/netbeans/ide/modules/org-netbeans-modules-projectuiapi-base.jar:/Users/atalati/vscode-extension/main-repo/javavscode/netbeans/nbbuild/netbeans/ide/modules/org-netbeans-spi-tasklist.jar:/Users/atalati/vscode-extension/main-repo/javavscode/netbeans/nbbuild/netbeans/ide/modules/org-netbeans-modules-refactoring-api.jar:/Users/atalati/vscode-extension/main-repo/javavscode/netbeans/nbbuild/netbeans/ide/modules/org-netbeans-modules-diff.jar:/Users/atalati/vscode-extension/main-repo/javavscode/netbeans/nbbuild/netbeans/ide/modules/org-netbeans-modules-options-editor.jar:/Users/atalati/vscode-extension/main-repo/javavscode/netbeans/nbbuild/netbeans/java/modules/org-netbeans-modules-java-editor-base.jar:/Users/atalati/vscode-extension/main-repo/javavscode/netbeans/nbbuild/netbeans/java/modules/org-netbeans-modules-java-project.jar:/Users/atalati/vscode-extension/main-repo/javavscode/netbeans/nbbuild/netbeans/ide/modules/org-netbeans-modules-project-ant.jar:/Users/atalati/vscode-extension/main-repo/javavscode/netbeans/nbbuild/netbeans/ide/modules/org-netbeans-modules-project-libraries.jar:/Users/atalati/vscode-extension/main-repo/javavscode/netbeans/nbbuild/netbeans/ide/modules/org-netbeans-modules-project-spi-intern.jar:/Users/atalati/vscode-extension/main-repo/javavscode/netbeans/nbbuild/netbeans/ide/modules/org-netbeans-modules-xml-catalog.jar:/Users/atalati/vscode-extension/main-repo/javavscode/netbeans/nbbuild/netbeans/ide/modules/org-apache-xml-resolver.jar:/Users/atalati/vscode-extension/main-repo/javavscode/netbeans/ide/o.apache.xml.resolver/external/resolver-1.2.jar:/Users/atalati/vscode-extension/main-repo/javavscode/netbeans/nbbuild/netbeans/ide/modules/ext/resolver-1.2.jar:/Users/atalati/vscode-extension/main-repo/javavscode/netbeans/nbbuild/netbeans/ide/modules/org-netbeans-api-xml.jar:/Users/atalati/vscode-extension/main-repo/javavscode/netbeans/nbbuild/netbeans/java/modules/org-netbeans-spi-java-hints.jar:/Users/atalati/vscode-extension/main-repo/javavscode/netbeans/nbbuild/netbeans/ide/modules/org-netbeans-modules-code-analysis.jar:/Users/atalati/vscode-extension/main-repo/javavscode/netbeans/nbbuild/netbeans/platform/modules/org-netbeans-modules-autoupdate-services.jar:/Users/atalati/vscode-extension/main-repo/javavscode/netbeans/nbbuild/netbeans/platform/modules/ext/updater.jar:/Users/atalati/vscode-extension/main-repo/javavscode/netbeans/nbbuild/netbeans/ide/modules/org-netbeans-modules-projectuiapi.jar:/Users/atalati/vscode-extension/main-repo/javavscode/netbeans/nbbuild/netbeans/platform/modules/org-netbeans-modules-settings.jar:/Users/atalati/vscode-extension/main-repo/javavscode/netbeans/nbbuild/netbeans/java/modules/org-netbeans-modules-java-source.jar:/Users/atalati/vscode-extension/main-repo/javavscode/netbeans/nbbuild/netbeans/platform/modules/org-netbeans-core-multiview.jar:/Users/atalati/vscode-extension/main-repo/javavscode/netbeans/nbbuild/netbeans/ide/modules/org-netbeans-modules-editor-indent-project.jar:/Users/atalati/vscode-extension/main-repo/javavscode/netbeans/nbbuild/netbeans/java/modules/org-netbeans-modules-java-sourceui.jar:/Users/atalati/vscode-extension/main-repo/javavscode/netbeans/nbbuild/netbeans/ide/modules/org-netbeans-modules-jumpto.jar:/Users/atalati/vscode-extension/main-repo/javavscode/netbeans/nbbuild/netbeans/platform/modules/org-netbeans-api-search.jar:/Users/atalati/vscode-extension/main-repo/javavscode/netbeans/nbbuild/netbeans/java/modules/org-netbeans-modules-refactoring-java.jar:/Users/atalati/vscode-extension/main-repo/javavscode/netbeans/nbbuild/netbeans/ide/modules/org-netbeans-modules-gototest.jar:/Users/atalati/vscode-extension/main-repo/javavscode/netbeans/nbbuild/netbeans/ide/modules/org-netbeans-modules-gsf-testrunner.jar:/Users/atalati/vscode-extension/main-repo/javavscode/netbeans/nbbuild/netbeans/ide/modules/org-netbeans-modules-extexecution.jar:/Users/atalati/vscode-extension/main-repo/javavscode/netbeans/nbbuild/netbeans/ide/modules/org-netbeans-modules-extexecution-base.jar:/Users/atalati/vscode-extension/main-repo/javavscode/netbeans/nbbuild/netbeans/ide/modules/org-netbeans-modules-gsf-testrunner-ui.jar:/Users/atalati/vscode-extension/main-repo/javavscode/netbeans/nbbuild/netbeans/java/modules/org-netbeans-modules-java-file-launcher.jar:/Users/atalati/vscode-extension/main-repo/javavscode/netbeans/nbbuild/netbeans/java/modules/org-netbeans-api-debugger-jpda.jar:/Users/atalati/vscode-extension/main-repo/javavscode/netbeans/nbbuild/netbeans/ide/modules/org-netbeans-api-debugger.jar:/Users/atalati/vscode-extension/main-repo/javavscode/netbeans/nbbuild/netbeans/java/modules/org-netbeans-modules-java-project-ui.jar:/Users/atalati/vscode-extension/main-repo/javavscode/netbeans/nbbuild/netbeans/extide/modules/org-apache-tools-ant-module.jar:/Users/atalati/vscode-extension/main-repo/javavscode/netbeans/nbbuild/netbeans/ide/modules/org-netbeans-api-xml-ui.jar:/Users/atalati/vscode-extension/main-repo/javavscode/netbeans/nbbuild/netbeans/extide/modules/org-netbeans-modules-options-java.jar:/Users/atalati/vscode-extension/main-repo/javavscode/netbeans/nbbuild/netbeans/ide/modules/org-netbeans-spi-navigator.jar:/Users/atalati/vscode-extension/main-repo/javavscode/netbeans/nbbuild/netbeans/platform/modules/org-openide-execution.jar:/Users/atalati/vscode-extension/main-repo/javavscode/netbeans/nbbuild/netbeans/java/modules/org-netbeans-modules-java-platform-ui.jar:/Users/atalati/vscode-extension/main-repo/javavscode/netbeans/nbbuild/netbeans/ide/modules/org-netbeans-modules-project-ant-ui.jar:/Users/atalati/vscode-extension/main-repo/javavscode/netbeans/nbbuild/netbeans/ide/modules/org-netbeans-modules-project-libraries-ui.jar:/Users/atalati/vscode-extension/main-repo/javavscode/netbeans/nbbuild/netbeans/platform/modules/org-netbeans-modules-javahelp.jar:/Users/atalati/vscode-extension/main-repo/javavscode/netbeans/platform/javahelp/external/jhall-2.0_05.jar:/Users/atalati/vscode-extension/main-repo/javavscode/netbeans/nbbuild/netbeans/java/modules/org-netbeans-modules-whitelist.jar:/Users/atalati/vscode-extension/main-repo/javavscode/netbeans/nbbuild/netbeans/java/modules/org-netbeans-modules-libs-corba-omgapi.jar:/Users/atalati/vscode-extension/main-repo/javavscode/netbeans/nbbuild/netbeans/java/modules/ext/corba/omgapi/glassfish-corba-omgapi.jar:/Users/atalati/vscode-extension/main-repo/javavscode/netbeans/nbbuild/netbeans/java/modules/org-netbeans-modules-java-editor-base.jar:/Users/atalati/vscode-extension/main-repo/javavscode/netbeans/nbbuild/netbeans/platform/modules/org-netbeans-api-annotations-common.jar:/Users/atalati/vscode-extension/main-repo/javavscode/netbeans/nbbuild/netbeans/ide/modules/org-netbeans-api-java-classpath.jar:/Users/atalati/vscode-extension/main-repo/javavscode/netbeans/nbbuild/netbeans/platform/core/org-openide-filesystems.jar:/Users/atalati/vscode-extension/main-repo/javavscode/netbeans/nbbuild/netbeans/platform/lib/org-openide-util.jar:/Users/atalati/vscode-extension/main-repo/javavscode/netbeans/nbbuild/netbeans/platform/lib/org-openide-util-lookup.jar:/Users/atalati/vscode-extension/main-repo/javavscode/netbeans/nbbuild/netbeans/java/modules/org-netbeans-libs-javacapi.jar:/Users/atalati/vscode-extension/main-repo/javavscode/netbeans/java/libs.javacapi/external/nb-javac-jdk-22+33-api.jar:/Users/atalati/vscode-extension/main-repo/javavscode/netbeans/java/libs.javacapi/external/nb-javac-jdk-22+33.jar:/Users/atalati/vscode-extension/main-repo/javavscode/netbeans/nbbuild/netbeans/platform/modules/org-netbeans-modules-editor-mimelookup.jar:/Users/atalati/vscode-extension/main-repo/javavscode/netbeans/nbbuild/netbeans/ide/modules/org-netbeans-modules-editor-settings.jar:/Users/atalati/vscode-extension/main-repo/javavscode/netbeans/nbbuild/netbeans/platform/lib/org-openide-modules.jar:/Users/atalati/vscode-extension/main-repo/javavscode/netbeans/nbbuild/netbeans/platform/lib/org-openide-util-ui.jar:/Users/atalati/vscode-extension/main-repo/javavscode/netbeans/nbbuild/netbeans/java/modules/org-netbeans-modules-java-lexer.jar:/Users/atalati/vscode-extension/main-repo/javavscode/netbeans/nbbuild/netbeans/ide/modules/org-netbeans-modules-lexer.jar:/Users/atalati/vscode-extension/main-repo/javavscode/netbeans/nbbuild/netbeans/ide/modules/org-netbeans-modules-editor-util.jar:/Users/atalati/vscode-extension/main-repo/javavscode/netbeans/nbbuild/netbeans/java/modules/org-netbeans-modules-java-project.jar:/Users/atalati/vscode-extension/main-repo/javavscode/netbeans/nbbuild/netbeans/java/modules/org-netbeans-api-java.jar:/Users/atalati/vscode-extension/main-repo/javavscode/netbeans/nbbuild/netbeans/java/modules/org-netbeans-modules-classfile.jar:/Users/atalati/vscode-extension/main-repo/javavscode/netbeans/nbbuild/netbeans/java/modules/org-netbeans-modules-java-platform.jar:/Users/atalati/vscode-extension/main-repo/javavscode/netbeans/nbbuild/netbeans/java/modules/org-netbeans-modules-java-source-base.jar:/Users/atalati/vscode-extension/main-repo/javavscode/netbeans/nbbuild/netbeans/platform/modules/org-netbeans-api-progress.jar:/Users/atalati/vscode-extension/main-repo/javavscode/netbeans/nbbuild/netbeans/platform/modules/org-netbeans-api-scripting.jar:/Users/atalati/vscode-extension/main-repo/javavscode/netbeans/nbbuild/netbeans/java/modules/org-netbeans-lib-nbjavac.jar:/Users/atalati/vscode-extension/main-repo/javavscode/netbeans/nbbuild/netbeans/platform/core/org-netbeans-libs-asm.jar:/Users/atalati/vscode-extension/main-repo/javavscode/netbeans/platform/libs.asm/external/asm-9.6.jar:/Users/atalati/vscode-extension/main-repo/javavscode/netbeans/nbbuild/netbeans/platform/core/asm-9.6.jar:/Users/atalati/vscode-extension/main-repo/javavscode/netbeans/platform/libs.asm/external/asm-tree-9.6.jar:/Users/atalati/vscode-extension/main-repo/javavscode/netbeans/nbbuild/netbeans/platform/core/asm-tree-9.6.jar:/Users/atalati/vscode-extension/main-repo/javavscode/netbeans/platform/libs.asm/external/asm-commons-9.6.jar:/Users/atalati/vscode-extension/main-repo/javavscode/netbeans/nbbuild/netbeans/platform/core/asm-commons-9.6.jar:/Users/atalati/vscode-extension/main-repo/javavscode/netbeans/nbbuild/netbeans/ide/modules/org-netbeans-libs-lucene.jar:/Users/atalati/vscode-extension/main-repo/javavscode/netbeans/ide/libs.lucene/external/lucene-core-3.6.2.jar:/Users/atalati/vscode-extension/main-repo/javavscode/netbeans/nbbuild/netbeans/ide/modules/ext/lucene-core-3.6.2.jar:/Users/atalati/vscode-extension/main-repo/javavscode/netbeans/nbbuild/netbeans/ide/modules/org-netbeans-modules-editor-document.jar:/Users/atalati/vscode-extension/main-repo/javavscode/netbeans/nbbuild/netbeans/ide/modules/org-netbeans-modules-editor-guards.jar:/Users/atalati/vscode-extension/main-repo/javavscode/netbeans/nbbuild/netbeans/ide/modules/org-netbeans-modules-editor-indent.jar:/Users/atalati/vscode-extension/main-repo/javavscode/netbeans/nbbuild/netbeans/java/modules/org-netbeans-modules-java-preprocessorbridge.jar:/Users/atalati/vscode-extension/main-repo/javavscode/netbeans/nbbuild/netbeans/ide/modules/org-netbeans-modules-parsing-api.jar:/Users/atalati/vscode-extension/main-repo/javavscode/netbeans/nbbuild/netbeans/ide/modules/org-netbeans-modules-parsing-lucene.jar:/Users/atalati/vscode-extension/main-repo/javavscode/netbeans/nbbuild/netbeans/platform/modules/org-netbeans-modules-masterfs.jar:/Users/atalati/vscode-extension/main-repo/javavscode/netbeans/nbbuild/netbeans/platform/modules/org-netbeans-modules-queries.jar:/Users/atalati/vscode-extension/main-repo/javavscode/netbeans/nbbuild/netbeans/ide/modules/org-netbeans-modules-projectapi.jar:/Users/atalati/vscode-extension/main-repo/javavscode/netbeans/nbbuild/netbeans/ide/modules/org-netbeans-modules-parsing-indexing.jar:/Users/atalati/vscode-extension/main-repo/javavscode/netbeans/nbbuild/netbeans/ide/modules/org-netbeans-modules-project-indexingbridge.jar:/Users/atalati/vscode-extension/main-repo/javavscode/netbeans/nbbuild/netbeans/ide/modules/org-netbeans-modules-projectuiapi-base.jar:/Users/atalati/vscode-extension/main-repo/javavscode/netbeans/nbbuild/netbeans/platform/modules/org-openide-explorer.jar:/Users/atalati/vscode-extension/main-repo/javavscode/netbeans/nbbuild/netbeans/platform/modules/org-netbeans-swing-outline.jar:/Users/atalati/vscode-extension/main-repo/javavscode/netbeans/nbbuild/netbeans/platform/modules/org-netbeans-swing-tabcontrol.jar:/Users/atalati/vscode-extension/main-repo/javavscode/netbeans/nbbuild/netbeans/platform/modules/org-openide-awt.jar:/Users/atalati/vscode-extension/main-repo/javavscode/netbeans/nbbuild/netbeans/platform/modules/org-openide-windows.jar:/Users/atalati/vscode-extension/main-repo/javavscode/netbeans/nbbuild/netbeans/platform/modules/org-openide-nodes.jar:/Users/atalati/vscode-extension/main-repo/javavscode/netbeans/nbbuild/netbeans/platform/modules/org-openide-dialogs.jar:/Users/atalati/vscode-extension/main-repo/javavscode/netbeans/nbbuild/netbeans/platform/modules/org-netbeans-api-progress-nb.jar:/Users/atalati/vscode-extension/main-repo/javavscode/netbeans/nbbuild/netbeans/ide/modules/org-netbeans-spi-tasklist.jar:/Users/atalati/vscode-extension/main-repo/javavscode/netbeans/nbbuild/netbeans/ide/modules/org-netbeans-modules-refactoring-api.jar:/Users/atalati/vscode-extension/main-repo/javavscode/netbeans/nbbuild/netbeans/ide/modules/org-netbeans-modules-diff.jar:/Users/atalati/vscode-extension/main-repo/javavscode/netbeans/nbbuild/netbeans/ide/modules/org-netbeans-modules-editor-errorstripe.jar:/Users/atalati/vscode-extension/main-repo/javavscode/netbeans/nbbuild/netbeans/ide/modules/org-netbeans-modules-editor-errorstripe-api.jar:/Users/atalati/vscode-extension/main-repo/javavscode/netbeans/nbbuild/netbeans/ide/modules/org-netbeans-modules-editor-fold.jar:/Users/atalati/vscode-extension/main-repo/javavscode/netbeans/nbbuild/netbeans/ide/modules/org-netbeans-modules-editor-settings-lib.jar:/Users/atalati/vscode-extension/main-repo/javavscode/netbeans/nbbuild/netbeans/ide/modules/org-netbeans-modules-editor-lib.jar:/Users/atalati/vscode-extension/main-repo/javavscode/netbeans/nbbuild/netbeans/ide/modules/org-netbeans-modules-editor-lib2.jar:/Users/atalati/vscode-extension/main-repo/javavscode/netbeans/nbbuild/netbeans/platform/modules/org-openide-loaders.jar:/Users/atalati/vscode-extension/main-repo/javavscode/netbeans/nbbuild/netbeans/platform/modules/org-netbeans-api-templates.jar:/Users/atalati/vscode-extension/main-repo/javavscode/netbeans/nbbuild/netbeans/platform/modules/org-openide-actions.jar:/Users/atalati/vscode-extension/main-repo/javavscode/netbeans/nbbuild/netbeans/platform/modules/org-openide-text.jar:/Users/atalati/vscode-extension/main-repo/javavscode/netbeans/nbbuild/netbeans/platform/modules/org-openide-filesystems-nb.jar:/Users/atalati/vscode-extension/main-repo/javavscode/netbeans/nbbuild/netbeans/platform/modules/org-netbeans-modules-options-api.jar:/Users/atalati/vscode-extension/main-repo/javavscode/netbeans/nbbuild/netbeans/platform/modules/org-netbeans-core.jar:/Users/atalati/vscode-extension/main-repo/javavscode/netbeans/nbbuild/netbeans/platform/lib/boot.jar:/Users/atalati/vscode-extension/main-repo/javavscode/netbeans/nbbuild/netbeans/platform/core/core.jar:/Users/atalati/vscode-extension/main-repo/javavscode/netbeans/nbbuild/netbeans/platform/core/core-base.jar:/Users/atalati/vscode-extension/main-repo/javavscode/netbeans/nbbuild/netbeans/platform/modules/org-netbeans-modules-keyring.jar:/Users/atalati/vscode-extension/main-repo/javavscode/netbeans/nbbuild/netbeans/platform/modules/org-netbeans-modules-sampler.jar:/Users/atalati/vscode-extension/main-repo/javavscode/netbeans/nbbuild/netbeans/platform/modules/org-netbeans-swing-plaf.jar:/Users/atalati/vscode-extension/main-repo/javavscode/netbeans/nbbuild/netbeans/platform/modules/org-openide-io.jar:/Users/atalati/vscode-extension/main-repo/javavscode/netbeans/nbbuild/netbeans/platform/modules/org-netbeans-api-intent.jar:/Users/atalati/vscode-extension/main-repo/javavscode/netbeans/nbbuild/netbeans/platform/modules/org-netbeans-api-io.jar:/Users/atalati/vscode-extension/main-repo/javavscode/netbeans/nbbuild/netbeans/platform/modules/org-netbeans-spi-quicksearch.jar:/Users/atalati/vscode-extension/main-repo/javavscode/netbeans/nbbuild/netbeans/ide/modules/org-netbeans-modules-options-editor.jar:/Users/atalati/vscode-extension/main-repo/javavscode/netbeans/nbbuild/netbeans/ide/modules/org-netbeans-modules-editor.jar:/Users/atalati/vscode-extension/main-repo/javavscode/netbeans/nbbuild/netbeans/ide/modules/org-netbeans-api-lsp.jar:/Users/atalati/vscode-extension/main-repo/javavscode/netbeans/nbbuild/netbeans/ide/modules/org-netbeans-modules-editor-settings-storage.jar:/Users/atalati/vscode-extension/main-repo/javavscode/netbeans/nbbuild/netbeans/platform/modules/org-netbeans-modules-options-keymap.jar:/Users/atalati/vscode-extension/main-repo/javavscode/netbeans/nbbuild/netbeans/ide/modules/org-netbeans-modules-project-ant.jar:/Users/atalati/vscode-extension/main-repo/javavscode/netbeans/nbbuild/netbeans/ide/modules/org-netbeans-modules-project-libraries.jar:/Users/atalati/vscode-extension/main-repo/javavscode/netbeans/nbbuild/netbeans/ide/modules/org-netbeans-modules-project-spi-intern.jar:/Users/atalati/vscode-extension/main-repo/javavscode/netbeans/nbbuild/netbeans/ide/modules/org-netbeans-modules-xml-catalog.jar:/Users/atalati/vscode-extension/main-repo/javavscode/netbeans/nbbuild/netbeans/ide/modules/org-apache-xml-resolver.jar:/Users/atalati/vscode-extension/main-repo/javavscode/netbeans/ide/o.apache.xml.resolver/external/resolver-1.2.jar:/Users/atalati/vscode-extension/main-repo/javavscode/netbeans/nbbuild/netbeans/ide/modules/ext/resolver-1.2.jar:/Users/atalati/vscode-extension/main-repo/javavscode/netbeans/nbbuild/netbeans/ide/modules/org-netbeans-api-xml.jar:/Users/atalati/vscode-extension/main-repo/javavscode/netbeans/nbbuild/netbeans/java/modules/org-netbeans-spi-java-hints.jar:/Users/atalati/vscode-extension/main-repo/javavscode/netbeans/nbbuild/netbeans/ide/modules/org-netbeans-modules-code-analysis.jar:/Users/atalati/vscode-extension/main-repo/javavscode/netbeans/nbbuild/netbeans/platform/modules/org-netbeans-modules-autoupdate-services.jar:/Users/atalati/vscode-extension/main-repo/javavscode/netbeans/nbbuild/netbeans/platform/modules/ext/updater.jar:/Users/atalati/vscode-extension/main-repo/javavscode/netbeans/nbbuild/netbeans/ide/modules/org-netbeans-modules-projectuiapi.jar:/Users/atalati/vscode-extension/main-repo/javavscode/netbeans/nbbuild/netbeans/platform/modules/org-netbeans-modules-settings.jar:/Users/atalati/vscode-extension/main-repo/javavscode/netbeans/nbbuild/netbeans/ide/modules/org-netbeans-spi-editor-hints.jar:/Users/atalati/vscode-extension/main-repo/javavscode/netbeans/nbbuild/netbeans/java/modules/org-netbeans-modules-java-source.jar:/Users/atalati/vscode-extension/main-repo/javavscode/netbeans/nbbuild/netbeans/platform/modules/org-netbeans-core-multiview.jar:/Users/atalati/vscode-extension/main-repo/javavscode/netbeans/nbbuild/netbeans/ide/modules/org-netbeans-modules-editor-indent-project.jar:/Users/atalati/vscode-extension/main-repo/javavscode/netbeans/nbbuild/netbeans/java/modules/org-netbeans-modules-java-file-launcher.jar:/Users/atalati/vscode-extension/main-repo/javavscode/netbeans/nbbuild/netbeans/platform/modules/org-netbeans-api-annotations-common.jar:/Users/atalati/vscode-extension/main-repo/javavscode/netbeans/nbbuild/netbeans/java/modules/org-netbeans-api-debugger-jpda.jar:/Users/atalati/vscode-extension/main-repo/javavscode/netbeans/nbbuild/netbeans/ide/modules/org-netbeans-api-debugger.jar:/Users/atalati/vscode-extension/main-repo/javavscode/netbeans/nbbuild/netbeans/ide/modules/org-netbeans-modules-projectapi.jar:/Users/atalati/vscode-extension/main-repo/javavscode/netbeans/nbbuild/netbeans/platform/modules/org-netbeans-modules-queries.jar:/Users/atalati/vscode-extension/main-repo/javavscode/netbeans/nbbuild/netbeans/platform/core/org-openide-filesystems.jar:/Users/atalati/vscode-extension/main-repo/javavscode/netbeans/nbbuild/netbeans/platform/lib/org-openide-util.jar:/Users/atalati/vscode-extension/main-repo/javavscode/netbeans/nbbuild/netbeans/platform/lib/org-openide-util-lookup.jar:/Users/atalati/vscode-extension/main-repo/javavscode/netbeans/nbbuild/netbeans/platform/lib/org-openide-modules.jar:/Users/atalati/vscode-extension/main-repo/javavscode/netbeans/nbbuild/netbeans/platform/lib/org-openide-util-ui.jar:/Users/atalati/vscode-extension/main-repo/javavscode/netbeans/nbbuild/netbeans/ide/modules/org-netbeans-api-java-classpath.jar:/Users/atalati/vscode-extension/main-repo/javavscode/netbeans/nbbuild/netbeans/java/modules/org-netbeans-api-java.jar:/Users/atalati/vscode-extension/main-repo/javavscode/netbeans/nbbuild/netbeans/platform/modules/org-netbeans-api-templates.jar:/Users/atalati/vscode-extension/main-repo/javavscode/netbeans/nbbuild/netbeans/platform/modules/org-netbeans-api-scripting.jar:/Users/atalati/vscode-extension/main-repo/javavscode/netbeans/nbbuild/netbeans/java/modules/org-netbeans-libs-javacapi.jar:/Users/atalati/vscode-extension/main-repo/javavscode/netbeans/java/libs.javacapi/external/nb-javac-jdk-22+33-api.jar:/Users/atalati/vscode-extension/main-repo/javavscode/netbeans/java/libs.javacapi/external/nb-javac-jdk-22+33.jar:/Users/atalati/vscode-extension/main-repo/javavscode/netbeans/nbbuild/netbeans/platform/modules/org-netbeans-modules-editor-mimelookup.jar:/Users/atalati/vscode-extension/main-repo/javavscode/netbeans/nbbuild/netbeans/ide/modules/org-netbeans-modules-extexecution.jar:/Users/atalati/vscode-extension/main-repo/javavscode/netbeans/nbbuild/netbeans/platform/modules/org-netbeans-api-progress.jar:/Users/atalati/vscode-extension/main-repo/javavscode/netbeans/nbbuild/netbeans/ide/modules/org-netbeans-modules-extexecution-base.jar:/Users/atalati/vscode-extension/main-repo/javavscode/netbeans/nbbuild/netbeans/platform/modules/org-openide-io.jar:/Users/atalati/vscode-extension/main-repo/javavscode/netbeans/nbbuild/netbeans/platform/modules/org-netbeans-api-intent.jar:/Users/atalati/vscode-extension/main-repo/javavscode/netbeans/nbbuild/netbeans/platform/modules/org-netbeans-api-io.jar:/Users/atalati/vscode-extension/main-repo/javavscode/netbeans/nbbuild/netbeans/java/modules/org-netbeans-modules-java-lexer.jar:/Users/atalati/vscode-extension/main-repo/javavscode/netbeans/nbbuild/netbeans/ide/modules/org-netbeans-modules-lexer.jar:/Users/atalati/vscode-extension/main-repo/javavscode/netbeans/nbbuild/netbeans/ide/modules/org-netbeans-modules-editor-util.jar:/Users/atalati/vscode-extension/main-repo/javavscode/netbeans/nbbuild/netbeans/java/modules/org-netbeans-modules-java-platform.jar:/Users/atalati/vscode-extension/main-repo/javavscode/netbeans/nbbuild/netbeans/java/modules/org-netbeans-modules-java-project-ui.jar:/Users/atalati/vscode-extension/main-repo/javavscode/netbeans/nbbuild/netbeans/extide/modules/org-apache-tools-ant-module.jar:/Users/atalati/vscode-extension/main-repo/javavscode/netbeans/nbbuild/netbeans/ide/modules/org-netbeans-api-xml.jar:/Users/atalati/vscode-extension/main-repo/javavscode/netbeans/nbbuild/netbeans/ide/modules/org-netbeans-modules-editor-document.jar:/Users/atalati/vscode-extension/main-repo/javavscode/netbeans/nbbuild/netbeans/ide/modules/org-netbeans-api-xml-ui.jar:/Users/atalati/vscode-extension/main-repo/javavscode/netbeans/nbbuild/netbeans/platform/modules/org-openide-loaders.jar:/Users/atalati/vscode-extension/main-repo/javavscode/netbeans/nbbuild/netbeans/platform/modules/org-netbeans-api-progress-nb.jar:/Users/atalati/vscode-extension/main-repo/javavscode/netbeans/nbbuild/netbeans/platform/modules/org-openide-awt.jar:/Users/atalati/vscode-extension/main-repo/javavscode/netbeans/nbbuild/netbeans/platform/modules/org-openide-actions.jar:/Users/atalati/vscode-extension/main-repo/javavscode/netbeans/nbbuild/netbeans/platform/modules/org-openide-dialogs.jar:/Users/atalati/vscode-extension/main-repo/javavscode/netbeans/nbbuild/netbeans/platform/modules/org-openide-explorer.jar:/Users/atalati/vscode-extension/main-repo/javavscode/netbeans/nbbuild/netbeans/platform/modules/org-netbeans-swing-outline.jar:/Users/atalati/vscode-extension/main-repo/javavscode/netbeans/nbbuild/netbeans/platform/modules/org-netbeans-swing-tabcontrol.jar:/Users/atalati/vscode-extension/main-repo/javavscode/netbeans/nbbuild/netbeans/platform/modules/org-openide-windows.jar:/Users/atalati/vscode-extension/main-repo/javavscode/netbeans/nbbuild/netbeans/platform/modules/org-openide-nodes.jar:/Users/atalati/vscode-extension/main-repo/javavscode/netbeans/nbbuild/netbeans/platform/modules/org-openide-text.jar:/Users/atalati/vscode-extension/main-repo/javavscode/netbeans/nbbuild/netbeans/platform/modules/org-openide-filesystems-nb.jar:/Users/atalati/vscode-extension/main-repo/javavscode/netbeans/nbbuild/netbeans/platform/modules/org-netbeans-core-multiview.jar:/Users/atalati/vscode-extension/main-repo/javavscode/netbeans/nbbuild/netbeans/platform/modules/org-netbeans-modules-options-api.jar:/Users/atalati/vscode-extension/main-repo/javavscode/netbeans/nbbuild/netbeans/platform/modules/org-netbeans-core.jar:/Users/atalati/vscode-extension/main-repo/javavscode/netbeans/nbbuild/netbeans/platform/lib/boot.jar:/Users/atalati/vscode-extension/main-repo/javavscode/netbeans/nbbuild/netbeans/platform/core/core.jar:/Users/atalati/vscode-extension/main-repo/javavscode/netbeans/nbbuild/netbeans/platform/core/org-netbeans-libs-asm.jar:/Users/atalati/vscode-extension/main-repo/javavscode/netbeans/platform/libs.asm/external/asm-9.6.jar:/Users/atalati/vscode-extension/main-repo/javavscode/netbeans/nbbuild/netbeans/platform/core/asm-9.6.jar:/Users/atalati/vscode-extension/main-repo/javavscode/netbeans/platform/libs.asm/external/asm-tree-9.6.jar:/Users/atalati/vscode-extension/main-repo/javavscode/netbeans/nbbuild/netbeans/platform/core/asm-tree-9.6.jar:/Users/atalati/vscode-extension/main-repo/javavscode/netbeans/platform/libs.asm/external/asm-commons-9.6.jar:/Users/atalati/vscode-extension/main-repo/javavscode/netbeans/nbbuild/netbeans/platform/core/asm-commons-9.6.jar:/Users/atalati/vscode-extension/main-repo/javavscode/netbeans/nbbuild/netbeans/platform/core/core-base.jar:/Users/atalati/vscode-extension/main-repo/javavscode/netbeans/nbbuild/netbeans/platform/modules/org-netbeans-modules-keyring.jar:/Users/atalati/vscode-extension/main-repo/javavscode/netbeans/nbbuild/netbeans/platform/modules/org-netbeans-modules-sampler.jar:/Users/atalati/vscode-extension/main-repo/javavscode/netbeans/nbbuild/netbeans/platform/modules/org-netbeans-swing-plaf.jar:/Users/atalati/vscode-extension/main-repo/javavscode/netbeans/nbbuild/netbeans/platform/modules/org-netbeans-spi-quicksearch.jar:/Users/atalati/vscode-extension/main-repo/javavscode/netbeans/nbbuild/netbeans/extide/modules/org-netbeans-modules-options-java.jar:/Users/atalati/vscode-extension/main-repo/javavscode/netbeans/nbbuild/netbeans/ide/modules/org-netbeans-modules-project-indexingbridge.jar:/Users/atalati/vscode-extension/main-repo/javavscode/netbeans/nbbuild/netbeans/ide/modules/org-netbeans-modules-projectuiapi.jar:/Users/atalati/vscode-extension/main-repo/javavscode/netbeans/nbbuild/netbeans/ide/modules/org-netbeans-modules-projectuiapi-base.jar:/Users/atalati/vscode-extension/main-repo/javavscode/netbeans/nbbuild/netbeans/ide/modules/org-netbeans-spi-navigator.jar:/Users/atalati/vscode-extension/main-repo/javavscode/netbeans/nbbuild/netbeans/platform/modules/org-openide-execution.jar:/Users/atalati/vscode-extension/main-repo/javavscode/netbeans/nbbuild/netbeans/platform/modules/org-netbeans-api-search.jar:/Users/atalati/vscode-extension/main-repo/javavscode/netbeans/nbbuild/netbeans/java/modules/org-netbeans-modules-classfile.jar:/Users/atalati/vscode-extension/main-repo/javavscode/netbeans/nbbuild/netbeans/java/modules/org-netbeans-modules-java-platform-ui.jar:/Users/atalati/vscode-extension/main-repo/javavscode/netbeans/nbbuild/netbeans/java/modules/org-netbeans-modules-java-project.jar:/Users/atalati/vscode-extension/main-repo/javavscode/netbeans/nbbuild/netbeans/java/modules/org-netbeans-modules-java-source-base.jar:/Users/atalati/vscode-extension/main-repo/javavscode/netbeans/nbbuild/netbeans/java/modules/org-netbeans-lib-nbjavac.jar:/Users/atalati/vscode-extension/main-repo/javavscode/netbeans/nbbuild/netbeans/ide/modules/org-netbeans-libs-lucene.jar:/Users/atalati/vscode-extension/main-repo/javavscode/netbeans/ide/libs.lucene/external/lucene-core-3.6.2.jar:/Users/atalati/vscode-extension/main-repo/javavscode/netbeans/nbbuild/netbeans/ide/modules/ext/lucene-core-3.6.2.jar:/Users/atalati/vscode-extension/main-repo/javavscode/netbeans/nbbuild/netbeans/ide/modules/org-netbeans-modules-editor-guards.jar:/Users/atalati/vscode-extension/main-repo/javavscode/netbeans/nbbuild/netbeans/ide/modules/org-netbeans-modules-editor-indent.jar:/Users/atalati/vscode-extension/main-repo/javavscode/netbeans/nbbuild/netbeans/ide/modules/org-netbeans-modules-editor-settings.jar:/Users/atalati/vscode-extension/main-repo/javavscode/netbeans/nbbuild/netbeans/java/modules/org-netbeans-modules-java-preprocessorbridge.jar:/Users/atalati/vscode-extension/main-repo/javavscode/netbeans/nbbuild/netbeans/ide/modules/org-netbeans-modules-parsing-api.jar:/Users/atalati/vscode-extension/main-repo/javavscode/netbeans/nbbuild/netbeans/ide/modules/org-netbeans-modules-parsing-lucene.jar:/Users/atalati/vscode-extension/main-repo/javavscode/netbeans/nbbuild/netbeans/platform/modules/org-netbeans-modules-masterfs.jar:/Users/atalati/vscode-extension/main-repo/javavscode/netbeans/nbbuild/netbeans/ide/modules/org-netbeans-modules-parsing-indexing.jar:/Users/atalati/vscode-extension/main-repo/javavscode/netbeans/nbbuild/netbeans/ide/modules/org-netbeans-spi-tasklist.jar:/Users/atalati/vscode-extension/main-repo/javavscode/netbeans/nbbuild/netbeans/ide/modules/org-netbeans-modules-refactoring-api.jar:/Users/atalati/vscode-extension/main-repo/javavscode/netbeans/nbbuild/netbeans/ide/modules/org-netbeans-modules-diff.jar:/Users/atalati/vscode-extension/main-repo/javavscode/netbeans/nbbuild/netbeans/ide/modules/org-netbeans-modules-editor-errorstripe.jar:/Users/atalati/vscode-extension/main-repo/javavscode/netbeans/nbbuild/netbeans/ide/modules/org-netbeans-modules-editor-errorstripe-api.jar:/Users/atalati/vscode-extension/main-repo/javavscode/netbeans/nbbuild/netbeans/ide/modules/org-netbeans-modules-editor-fold.jar:/Users/atalati/vscode-extension/main-repo/javavscode/netbeans/nbbuild/netbeans/ide/modules/org-netbeans-modules-editor-settings-lib.jar:/Users/atalati/vscode-extension/main-repo/javavscode/netbeans/nbbuild/netbeans/ide/modules/org-netbeans-modules-editor-lib.jar:/Users/atalati/vscode-extension/main-repo/javavscode/netbeans/nbbuild/netbeans/ide/modules/org-netbeans-modules-editor-lib2.jar:/Users/atalati/vscode-extension/main-repo/javavscode/netbeans/nbbuild/netbeans/ide/modules/org-netbeans-modules-options-editor.jar:/Users/atalati/vscode-extension/main-repo/javavscode/netbeans/nbbuild/netbeans/ide/modules/org-netbeans-modules-editor.jar:/Users/atalati/vscode-extension/main-repo/javavscode/netbeans/nbbuild/netbeans/ide/modules/org-netbeans-api-lsp.jar:/Users/atalati/vscode-extension/main-repo/javavscode/netbeans/nbbuild/netbeans/ide/modules/org-netbeans-modules-editor-settings-storage.jar:/Users/atalati/vscode-extension/main-repo/javavscode/netbeans/nbbuild/netbeans/platform/modules/org-netbeans-modules-options-keymap.jar:/Users/atalati/vscode-extension/main-repo/javavscode/netbeans/nbbuild/netbeans/ide/modules/org-netbeans-modules-project-ant.jar:/Users/atalati/vscode-extension/main-repo/javavscode/netbeans/nbbuild/netbeans/ide/modules/org-netbeans-modules-project-libraries.jar:/Users/atalati/vscode-extension/main-repo/javavscode/netbeans/nbbuild/netbeans/ide/modules/org-netbeans-modules-project-spi-intern.jar:/Users/atalati/vscode-extension/main-repo/javavscode/netbeans/nbbuild/netbeans/ide/modules/org-netbeans-modules-xml-catalog.jar:/Users/atalati/vscode-extension/main-repo/javavscode/netbeans/nbbuild/netbeans/ide/modules/org-apache-xml-resolver.jar:/Users/atalati/vscode-extension/main-repo/javavscode/netbeans/ide/o.apache.xml.resolver/external/resolver-1.2.jar:/Users/atalati/vscode-extension/main-repo/javavscode/netbeans/nbbuild/netbeans/ide/modules/ext/resolver-1.2.jar:/Users/atalati/vscode-extension/main-repo/javavscode/netbeans/nbbuild/netbeans/java/modules/org-netbeans-modules-java-source.jar:/Users/atalati/vscode-extension/main-repo/javavscode/netbeans/nbbuild/netbeans/platform/modules/org-netbeans-modules-autoupdate-services.jar:/Users/atalati/vscode-extension/main-repo/javavscode/netbeans/nbbuild/netbeans/platform/modules/ext/updater.jar:/Users/atalati/vscode-extension/main-repo/javavscode/netbeans/nbbuild/netbeans/ide/modules/org-netbeans-modules-editor-indent-project.jar:/Users/atalati/vscode-extension/main-repo/javavscode/netbeans/nbbuild/netbeans/java/modules/org-netbeans-modules-java-sourceui.jar:/Users/atalati/vscode-extension/main-repo/javavscode/netbeans/nbbuild/netbeans/ide/modules/org-netbeans-modules-jumpto.jar:/Users/atalati/vscode-extension/main-repo/javavscode/netbeans/nbbuild/netbeans/ide/modules/org-netbeans-modules-project-ant-ui.jar:/Users/atalati/vscode-extension/main-repo/javavscode/netbeans/nbbuild/netbeans/ide/modules/org-netbeans-modules-project-libraries-ui.jar:/Users/atalati/vscode-extension/main-repo/javavscode/netbeans/nbbuild/netbeans/ide/modules/org-netbeans-spi-editor-hints.jar:/Users/atalati/vscode-extension/main-repo/javavscode/netbeans/nbbuild/netbeans/java/modules/org-netbeans-modules-java-hints.jar:/Users/atalati/vscode-extension/main-repo/javavscode/netbeans/nbbuild/netbeans/platform/modules/org-netbeans-api-annotations-common.jar:/Users/atalati/vscode-extension/main-repo/javavscode/netbeans/nbbuild/netbeans/java/modules/org-netbeans-api-java.jar:/Users/atalati/vscode-extension/main-repo/javavscode/netbeans/nbbuild/netbeans/ide/modules/org-netbeans-api-java-classpath.jar:/Users/atalati/vscode-extension/main-repo/javavscode/netbeans/nbbuild/netbeans/platform/core/org-openide-filesystems.jar:/Users/atalati/vscode-extension/main-repo/javavscode/netbeans/nbbuild/netbeans/platform/lib/org-openide-util.jar:/Users/atalati/vscode-extension/main-repo/javavscode/netbeans/nbbuild/netbeans/platform/lib/org-openide-util-lookup.jar:/Users/atalati/vscode-extension/main-repo/javavscode/netbeans/nbbuild/netbeans/platform/lib/org-openide-modules.jar:/Users/atalati/vscode-extension/main-repo/javavscode/netbeans/nbbuild/netbeans/platform/lib/org-openide-util-ui.jar:/Users/atalati/vscode-extension/main-repo/javavscode/netbeans/nbbuild/netbeans/ide/modules/org-netbeans-api-lsp.jar:/Users/atalati/vscode-extension/main-repo/javavscode/netbeans/nbbuild/netbeans/platform/modules/org-netbeans-modules-editor-mimelookup.jar:/Users/atalati/vscode-extension/main-repo/javavscode/netbeans/nbbuild/netbeans/ide/modules/org-netbeans-modules-editor-util.jar:/Users/atalati/vscode-extension/main-repo/javavscode/netbeans/nbbuild/netbeans/platform/modules/org-netbeans-api-progress.jar:/Users/atalati/vscode-extension/main-repo/javavscode/netbeans/nbbuild/netbeans/platform/modules/org-netbeans-api-progress-nb.jar:/Users/atalati/vscode-extension/main-repo/javavscode/netbeans/nbbuild/netbeans/platform/modules/org-openide-awt.jar:/Users/atalati/vscode-extension/main-repo/javavscode/netbeans/nbbuild/netbeans/platform/modules/org-netbeans-api-templates.jar:/Users/atalati/vscode-extension/main-repo/javavscode/netbeans/nbbuild/netbeans/platform/modules/org-netbeans-api-scripting.jar:/Users/atalati/vscode-extension/main-repo/javavscode/netbeans/nbbuild/netbeans/platform/modules/org-netbeans-modules-queries.jar:/Users/atalati/vscode-extension/main-repo/javavscode/netbeans/nbbuild/netbeans/java/modules/org-netbeans-libs-javacapi.jar:/Users/atalati/vscode-extension/main-repo/javavscode/netbeans/java/libs.javacapi/external/nb-javac-jdk-22+33-api.jar:/Users/atalati/vscode-extension/main-repo/javavscode/netbeans/java/libs.javacapi/external/nb-javac-jdk-22+33.jar:/Users/atalati/vscode-extension/main-repo/javavscode/netbeans/nbbuild/netbeans/ide/modules/org-netbeans-libs-lucene.jar:/Users/atalati/vscode-extension/main-repo/javavscode/netbeans/ide/libs.lucene/external/lucene-core-3.6.2.jar:/Users/atalati/vscode-extension/main-repo/javavscode/netbeans/nbbuild/netbeans/ide/modules/ext/lucene-core-3.6.2.jar:/Users/atalati/vscode-extension/main-repo/javavscode/netbeans/nbbuild/netbeans/ide/modules/org-netbeans-modules-editor.jar:/Users/atalati/vscode-extension/main-repo/javavscode/netbeans/nbbuild/netbeans/ide/modules/org-netbeans-modules-editor-document.jar:/Users/atalati/vscode-extension/main-repo/javavscode/netbeans/nbbuild/netbeans/ide/modules/org-netbeans-modules-editor-fold.jar:/Users/atalati/vscode-extension/main-repo/javavscode/netbeans/nbbuild/netbeans/ide/modules/org-netbeans-modules-editor-settings.jar:/Users/atalati/vscode-extension/main-repo/javavscode/netbeans/nbbuild/netbeans/ide/modules/org-netbeans-modules-lexer.jar:/Users/atalati/vscode-extension/main-repo/javavscode/netbeans/nbbuild/netbeans/ide/modules/org-netbeans-modules-editor-settings-lib.jar:/Users/atalati/vscode-extension/main-repo/javavscode/netbeans/nbbuild/netbeans/ide/modules/org-netbeans-modules-editor-guards.jar:/Users/atalati/vscode-extension/main-repo/javavscode/netbeans/nbbuild/netbeans/ide/modules/org-netbeans-modules-editor-indent.jar:/Users/atalati/vscode-extension/main-repo/javavscode/netbeans/nbbuild/netbeans/ide/modules/org-netbeans-modules-editor-lib.jar:/Users/atalati/vscode-extension/main-repo/javavscode/netbeans/nbbuild/netbeans/ide/modules/org-netbeans-modules-editor-lib2.jar:/Users/atalati/vscode-extension/main-repo/javavscode/netbeans/nbbuild/netbeans/platform/modules/org-openide-dialogs.jar:/Users/atalati/vscode-extension/main-repo/javavscode/netbeans/nbbuild/netbeans/platform/modules/org-openide-actions.jar:/Users/atalati/vscode-extension/main-repo/javavscode/netbeans/nbbuild/netbeans/platform/modules/org-openide-explorer.jar:/Users/atalati/vscode-extension/main-repo/javavscode/netbeans/nbbuild/netbeans/platform/modules/org-netbeans-swing-outline.jar:/Users/atalati/vscode-extension/main-repo/javavscode/netbeans/nbbuild/netbeans/platform/modules/org-netbeans-swing-tabcontrol.jar:/Users/atalati/vscode-extension/main-repo/javavscode/netbeans/nbbuild/netbeans/platform/modules/org-openide-windows.jar:/Users/atalati/vscode-extension/main-repo/javavscode/netbeans/nbbuild/netbeans/platform/modules/org-openide-nodes.jar:/Users/atalati/vscode-extension/main-repo/javavscode/netbeans/nbbuild/netbeans/platform/modules/org-openide-text.jar:/Users/atalati/vscode-extension/main-repo/javavscode/netbeans/nbbuild/netbeans/platform/modules/org-openide-filesystems-nb.jar:/Users/atalati/vscode-extension/main-repo/javavscode/netbeans/nbbuild/netbeans/platform/modules/org-openide-loaders.jar:/Users/atalati/vscode-extension/main-repo/javavscode/netbeans/nbbuild/netbeans/ide/modules/org-netbeans-modules-editor-errorstripe-api.jar:/Users/atalati/vscode-extension/main-repo/javavscode/netbeans/nbbuild/netbeans/ide/modules/org-netbeans-modules-editor-tools-storage.jar:/Users/atalati/vscode-extension/main-repo/javavscode/netbeans/nbbuild/netbeans/platform/modules/org-netbeans-modules-options-api.jar:/Users/atalati/vscode-extension/main-repo/javavscode/netbeans/nbbuild/netbeans/platform/modules/org-netbeans-core.jar:/Users/atalati/vscode-extension/main-repo/javavscode/netbeans/nbbuild/netbeans/platform/lib/boot.jar:/Users/atalati/vscode-extension/main-repo/javavscode/netbeans/nbbuild/netbeans/platform/core/core.jar:/Users/atalati/vscode-extension/main-repo/javavscode/netbeans/nbbuild/netbeans/platform/core/org-netbeans-libs-asm.jar:/Users/atalati/vscode-extension/main-repo/javavscode/netbeans/platform/libs.asm/external/asm-9.6.jar:/Users/atalati/vscode-extension/main-repo/javavscode/netbeans/nbbuild/netbeans/platform/core/asm-9.6.jar:/Users/atalati/vscode-extension/main-repo/javavscode/netbeans/platform/libs.asm/external/asm-tree-9.6.jar:/Users/atalati/vscode-extension/main-repo/javavscode/netbeans/nbbuild/netbeans/platform/core/asm-tree-9.6.jar:/Users/atalati/vscode-extension/main-repo/javavscode/netbeans/platform/libs.asm/external/asm-commons-9.6.jar:/Users/atalati/vscode-extension/main-repo/javavscode/netbeans/nbbuild/netbeans/platform/core/asm-commons-9.6.jar:/Users/atalati/vscode-extension/main-repo/javavscode/netbeans/nbbuild/netbeans/platform/core/core-base.jar:/Users/atalati/vscode-extension/main-repo/javavscode/netbeans/nbbuild/netbeans/platform/modules/org-netbeans-modules-keyring.jar:/Users/atalati/vscode-extension/main-repo/javavscode/netbeans/nbbuild/netbeans/platform/modules/org-netbeans-modules-sampler.jar:/Users/atalati/vscode-extension/main-repo/javavscode/netbeans/nbbuild/netbeans/platform/modules/org-netbeans-swing-plaf.jar:/Users/atalati/vscode-extension/main-repo/javavscode/netbeans/nbbuild/netbeans/platform/modules/org-openide-io.jar:/Users/atalati/vscode-extension/main-repo/javavscode/netbeans/nbbuild/netbeans/platform/modules/org-netbeans-api-intent.jar:/Users/atalati/vscode-extension/main-repo/javavscode/netbeans/nbbuild/netbeans/platform/modules/org-netbeans-api-io.jar:/Users/atalati/vscode-extension/main-repo/javavscode/netbeans/nbbuild/netbeans/platform/modules/org-netbeans-spi-quicksearch.jar:/Users/atalati/vscode-extension/main-repo/javavscode/netbeans/nbbuild/netbeans/ide/modules/org-netbeans-modules-projectapi.jar:/Users/atalati/vscode-extension/main-repo/javavscode/netbeans/nbbuild/netbeans/ide/modules/org-netbeans-modules-projectuiapi.jar:/Users/atalati/vscode-extension/main-repo/javavscode/netbeans/nbbuild/netbeans/ide/modules/org-netbeans-modules-projectuiapi-base.jar:/Users/atalati/vscode-extension/main-repo/javavscode/netbeans/nbbuild/netbeans/java/modules/org-netbeans-modules-java-completion.jar:/Users/atalati/vscode-extension/main-repo/javavscode/netbeans/nbbuild/netbeans/java/modules/org-netbeans-modules-java-lexer.jar:/Users/atalati/vscode-extension/main-repo/javavscode/netbeans/nbbuild/netbeans/java/modules/org-netbeans-modules-java-source-base.jar:/Users/atalati/vscode-extension/main-repo/javavscode/netbeans/nbbuild/netbeans/java/modules/org-netbeans-lib-nbjavac.jar:/Users/atalati/vscode-extension/main-repo/javavscode/netbeans/nbbuild/netbeans/java/modules/org-netbeans-modules-classfile.jar:/Users/atalati/vscode-extension/main-repo/javavscode/netbeans/nbbuild/netbeans/java/modules/org-netbeans-modules-java-platform.jar:/Users/atalati/vscode-extension/main-repo/javavscode/netbeans/nbbuild/netbeans/java/modules/org-netbeans-modules-java-preprocessorbridge.jar:/Users/atalati/vscode-extension/main-repo/javavscode/netbeans/nbbuild/netbeans/ide/modules/org-netbeans-modules-parsing-api.jar:/Users/atalati/vscode-extension/main-repo/javavscode/netbeans/nbbuild/netbeans/ide/modules/org-netbeans-modules-parsing-lucene.jar:/Users/atalati/vscode-extension/main-repo/javavscode/netbeans/nbbuild/netbeans/platform/modules/org-netbeans-modules-masterfs.jar:/Users/atalati/vscode-extension/main-repo/javavscode/netbeans/nbbuild/netbeans/ide/modules/org-netbeans-modules-parsing-indexing.jar:/Users/atalati/vscode-extension/main-repo/javavscode/netbeans/nbbuild/netbeans/ide/modules/org-netbeans-modules-project-indexingbridge.jar:/Users/atalati/vscode-extension/main-repo/javavscode/netbeans/nbbuild/netbeans/ide/modules/org-netbeans-spi-tasklist.jar:/Users/atalati/vscode-extension/main-repo/javavscode/netbeans/nbbuild/netbeans/ide/modules/org-netbeans-modules-refactoring-api.jar:/Users/atalati/vscode-extension/main-repo/javavscode/netbeans/nbbuild/netbeans/ide/modules/org-netbeans-modules-diff.jar:/Users/atalati/vscode-extension/main-repo/javavscode/netbeans/nbbuild/netbeans/ide/modules/org-netbeans-modules-editor-errorstripe.jar:/Users/atalati/vscode-extension/main-repo/javavscode/netbeans/nbbuild/netbeans/ide/modules/org-netbeans-modules-options-editor.jar:/Users/atalati/vscode-extension/main-repo/javavscode/netbeans/nbbuild/netbeans/ide/modules/org-netbeans-modules-editor-settings-storage.jar:/Users/atalati/vscode-extension/main-repo/javavscode/netbeans/nbbuild/netbeans/platform/modules/org-netbeans-modules-options-keymap.jar:/Users/atalati/vscode-extension/main-repo/javavscode/netbeans/nbbuild/netbeans/java/modules/org-netbeans-modules-java-editor.jar:/Users/atalati/vscode-extension/main-repo/javavscode/netbeans/nbbuild/netbeans/ide/modules/org-netbeans-modules-editor-bracesmatching.jar:/Users/atalati/vscode-extension/main-repo/javavscode/netbeans/nbbuild/netbeans/ide/modules/org-netbeans-modules-editor-codetemplates.jar:/Users/atalati/vscode-extension/main-repo/javavscode/netbeans/nbbuild/netbeans/ide/modules/org-netbeans-modules-editor-completion.jar:/Users/atalati/vscode-extension/main-repo/javavscode/netbeans/nbbuild/netbeans/ide/modules/org-netbeans-spi-editor-hints.jar:/Users/atalati/vscode-extension/main-repo/javavscode/netbeans/nbbuild/netbeans/java/modules/org-netbeans-modules-java-editor-base.jar:/Users/atalati/vscode-extension/main-repo/javavscode/netbeans/nbbuild/netbeans/java/modules/org-netbeans-modules-java-project.jar:/Users/atalati/vscode-extension/main-repo/javavscode/netbeans/nbbuild/netbeans/ide/modules/org-netbeans-modules-project-ant.jar:/Users/atalati/vscode-extension/main-repo/javavscode/netbeans/nbbuild/netbeans/ide/modules/org-netbeans-modules-project-libraries.jar:/Users/atalati/vscode-extension/main-repo/javavscode/netbeans/nbbuild/netbeans/ide/modules/org-netbeans-modules-project-spi-intern.jar:/Users/atalati/vscode-extension/main-repo/javavscode/netbeans/nbbuild/netbeans/ide/modules/org-netbeans-modules-xml-catalog.jar:/Users/atalati/vscode-extension/main-repo/javavscode/netbeans/nbbuild/netbeans/ide/modules/org-apache-xml-resolver.jar:/Users/atalati/vscode-extension/main-repo/javavscode/netbeans/ide/o.apache.xml.resolver/external/resolver-1.2.jar:/Users/atalati/vscode-extension/main-repo/javavscode/netbeans/nbbuild/netbeans/ide/modules/ext/resolver-1.2.jar:/Users/atalati/vscode-extension/main-repo/javavscode/netbeans/nbbuild/netbeans/ide/modules/org-netbeans-api-xml.jar:/Users/atalati/vscode-extension/main-repo/javavscode/netbeans/nbbuild/netbeans/java/modules/org-netbeans-spi-java-hints.jar:/Users/atalati/vscode-extension/main-repo/javavscode/netbeans/nbbuild/netbeans/ide/modules/org-netbeans-modules-code-analysis.jar:/Users/atalati/vscode-extension/main-repo/javavscode/netbeans/nbbuild/netbeans/platform/modules/org-netbeans-modules-autoupdate-services.jar:/Users/atalati/vscode-extension/main-repo/javavscode/netbeans/nbbuild/netbeans/platform/modules/ext/updater.jar:/Users/atalati/vscode-extension/main-repo/javavscode/netbeans/nbbuild/netbeans/platform/modules/org-netbeans-modules-settings.jar:/Users/atalati/vscode-extension/main-repo/javavscode/netbeans/nbbuild/netbeans/java/modules/org-netbeans-modules-java-source.jar:/Users/atalati/vscode-extension/main-repo/javavscode/netbeans/nbbuild/netbeans/platform/modules/org-netbeans-core-multiview.jar:/Users/atalati/vscode-extension/main-repo/javavscode/netbeans/nbbuild/netbeans/ide/modules/org-netbeans-modules-editor-indent-project.jar:/Users/atalati/vscode-extension/main-repo/javavscode/netbeans/nbbuild/netbeans/java/modules/org-netbeans-modules-java-sourceui.jar:/Users/atalati/vscode-extension/main-repo/javavscode/netbeans/nbbuild/netbeans/ide/modules/org-netbeans-modules-jumpto.jar:/Users/atalati/vscode-extension/main-repo/javavscode/netbeans/nbbuild/netbeans/platform/modules/org-netbeans-api-search.jar:/Users/atalati/vscode-extension/main-repo/javavscode/netbeans/nbbuild/netbeans/java/modules/org-netbeans-modules-refactoring-java.jar:/Users/atalati/vscode-extension/main-repo/javavscode/netbeans/nbbuild/netbeans/ide/modules/org-netbeans-modules-gototest.jar:/Users/atalati/vscode-extension/main-repo/javavscode/netbeans/nbbuild/netbeans/ide/modules/org-netbeans-modules-gsf-testrunner.jar:/Users/atalati/vscode-extension/main-repo/javavscode/netbeans/nbbuild/netbeans/ide/modules/org-netbeans-modules-extexecution.jar:/Users/atalati/vscode-extension/main-repo/javavscode/netbeans/nbbuild/netbeans/ide/modules/org-netbeans-modules-extexecution-base.jar:/Users/atalati/vscode-extension/main-repo/javavscode/netbeans/nbbuild/netbeans/ide/modules/org-netbeans-modules-gsf-testrunner-ui.jar:/Users/atalati/vscode-extension/main-repo/javavscode/netbeans/nbbuild/netbeans/java/modules/org-netbeans-modules-java-file-launcher.jar:/Users/atalati/vscode-extension/main-repo/javavscode/netbeans/nbbuild/netbeans/java/modules/org-netbeans-api-debugger-jpda.jar:/Users/atalati/vscode-extension/main-repo/javavscode/netbeans/nbbuild/netbeans/ide/modules/org-netbeans-api-debugger.jar:/Users/atalati/vscode-extension/main-repo/javavscode/netbeans/nbbuild/netbeans/java/modules/org-netbeans-modules-java-project-ui.jar:/Users/atalati/vscode-extension/main-repo/javavscode/netbeans/nbbuild/netbeans/extide/modules/org-apache-tools-ant-module.jar:/Users/atalati/vscode-extension/main-repo/javavscode/netbeans/nbbuild/netbeans/ide/modules/org-netbeans-api-xml-ui.jar:/Users/atalati/vscode-extension/main-repo/javavscode/netbeans/nbbuild/netbeans/extide/modules/org-netbeans-modules-options-java.jar:/Users/atalati/vscode-extension/main-repo/javavscode/netbeans/nbbuild/netbeans/ide/modules/org-netbeans-spi-navigator.jar:/Users/atalati/vscode-extension/main-repo/javavscode/netbeans/nbbuild/netbeans/platform/modules/org-openide-execution.jar:/Users/atalati/vscode-extension/main-repo/javavscode/netbeans/nbbuild/netbeans/java/modules/org-netbeans-modules-java-platform-ui.jar:/Users/atalati/vscode-extension/main-repo/javavscode/netbeans/nbbuild/netbeans/ide/modules/org-netbeans-modules-project-ant-ui.jar:/Users/atalati/vscode-extension/main-repo/javavscode/netbeans/nbbuild/netbeans/ide/modules/org-netbeans-modules-project-libraries-ui.jar:/Users/atalati/vscode-extension/main-repo/javavscode/netbeans/nbbuild/netbeans/platform/modules/org-netbeans-modules-javahelp.jar:/Users/atalati/vscode-extension/main-repo/javavscode/netbeans/platform/javahelp/external/jhall-2.0_05.jar:/Users/atalati/vscode-extension/main-repo/javavscode/netbeans/nbbuild/netbeans/java/modules/org-netbeans-modules-whitelist.jar:/Users/atalati/vscode-extension/main-repo/javavscode/netbeans/nbbuild/netbeans/java/modules/org-netbeans-modules-libs-corba-omgapi.jar:/Users/atalati/vscode-extension/main-repo/javavscode/netbeans/nbbuild/netbeans/java/modules/ext/corba/omgapi/glassfish-corba-omgapi.jar:/Users/atalati/vscode-extension/main-repo/javavscode/netbeans/nbbuild/netbeans/java/modules/org-netbeans-modules-java-hints-legacy-spi.jar:/Users/atalati/vscode-extension/main-repo/javavscode/netbeans/nbbuild/netbeans/java/modules/org-netbeans-modules-java-hints-legacy-spi.jar:/Users/atalati/vscode-extension/main-repo/javavscode/netbeans/nbbuild/netbeans/java/modules/org-netbeans-libs-javacapi.jar:/Users/atalati/vscode-extension/main-repo/javavscode/netbeans/java/libs.javacapi/external/nb-javac-jdk-22+33-api.jar:/Users/atalati/vscode-extension/main-repo/javavscode/netbeans/java/libs.javacapi/external/nb-javac-jdk-22+33.jar:/Users/atalati/vscode-extension/main-repo/javavscode/netbeans/nbbuild/netbeans/java/modules/org-netbeans-modules-java-source-base.jar:/Users/atalati/vscode-extension/main-repo/javavscode/netbeans/nbbuild/netbeans/platform/modules/org-netbeans-api-annotations-common.jar:/Users/atalati/vscode-extension/main-repo/javavscode/netbeans/nbbuild/netbeans/java/modules/org-netbeans-api-java.jar:/Users/atalati/vscode-extension/main-repo/javavscode/netbeans/nbbuild/netbeans/ide/modules/org-netbeans-api-java-classpath.jar:/Users/atalati/vscode-extension/main-repo/javavscode/netbeans/nbbuild/netbeans/platform/core/org-openide-filesystems.jar:/Users/atalati/vscode-extension/main-repo/javavscode/netbeans/nbbuild/netbeans/platform/lib/org-openide-util.jar:/Users/atalati/vscode-extension/main-repo/javavscode/netbeans/nbbuild/netbeans/platform/lib/org-openide-util-lookup.jar:/Users/atalati/vscode-extension/main-repo/javavscode/netbeans/nbbuild/netbeans/platform/lib/org-openide-modules.jar:/Users/atalati/vscode-extension/main-repo/javavscode/netbeans/nbbuild/netbeans/platform/lib/org-openide-util-ui.jar:/Users/atalati/vscode-extension/main-repo/javavscode/netbeans/nbbuild/netbeans/platform/modules/org-netbeans-api-progress.jar:/Users/atalati/vscode-extension/main-repo/javavscode/netbeans/nbbuild/netbeans/platform/modules/org-netbeans-api-scripting.jar:/Users/atalati/vscode-extension/main-repo/javavscode/netbeans/nbbuild/netbeans/java/modules/org-netbeans-lib-nbjavac.jar:/Users/atalati/vscode-extension/main-repo/javavscode/netbeans/nbbuild/netbeans/platform/core/org-netbeans-libs-asm.jar:/Users/atalati/vscode-extension/main-repo/javavscode/netbeans/platform/libs.asm/external/asm-9.6.jar:/Users/atalati/vscode-extension/main-repo/javavscode/netbeans/nbbuild/netbeans/platform/core/asm-9.6.jar:/Users/atalati/vscode-extension/main-repo/javavscode/netbeans/platform/libs.asm/external/asm-tree-9.6.jar:/Users/atalati/vscode-extension/main-repo/javavscode/netbeans/nbbuild/netbeans/platform/core/asm-tree-9.6.jar:/Users/atalati/vscode-extension/main-repo/javavscode/netbeans/platform/libs.asm/external/asm-commons-9.6.jar:/Users/atalati/vscode-extension/main-repo/javavscode/netbeans/nbbuild/netbeans/platform/core/asm-commons-9.6.jar:/Users/atalati/vscode-extension/main-repo/javavscode/netbeans/nbbuild/netbeans/ide/modules/org-netbeans-libs-lucene.jar:/Users/atalati/vscode-extension/main-repo/javavscode/netbeans/ide/libs.lucene/external/lucene-core-3.6.2.jar:/Users/atalati/vscode-extension/main-repo/javavscode/netbeans/nbbuild/netbeans/ide/modules/ext/lucene-core-3.6.2.jar:/Users/atalati/vscode-extension/main-repo/javavscode/netbeans/nbbuild/netbeans/java/modules/org-netbeans-modules-classfile.jar:/Users/atalati/vscode-extension/main-repo/javavscode/netbeans/nbbuild/netbeans/ide/modules/org-netbeans-modules-editor-document.jar:/Users/atalati/vscode-extension/main-repo/javavscode/netbeans/nbbuild/netbeans/platform/modules/org-netbeans-modules-editor-mimelookup.jar:/Users/atalati/vscode-extension/main-repo/javavscode/netbeans/nbbuild/netbeans/ide/modules/org-netbeans-modules-editor-util.jar:/Users/atalati/vscode-extension/main-repo/javavscode/netbeans/nbbuild/netbeans/ide/modules/org-netbeans-modules-editor-guards.jar:/Users/atalati/vscode-extension/main-repo/javavscode/netbeans/nbbuild/netbeans/ide/modules/org-netbeans-modules-editor-indent.jar:/Users/atalati/vscode-extension/main-repo/javavscode/netbeans/nbbuild/netbeans/ide/modules/org-netbeans-modules-editor-settings.jar:/Users/atalati/vscode-extension/main-repo/javavscode/netbeans/nbbuild/netbeans/ide/modules/org-netbeans-modules-lexer.jar:/Users/atalati/vscode-extension/main-repo/javavscode/netbeans/nbbuild/netbeans/java/modules/org-netbeans-modules-java-lexer.jar:/Users/atalati/vscode-extension/main-repo/javavscode/netbeans/nbbuild/netbeans/java/modules/org-netbeans-modules-java-platform.jar:/Users/atalati/vscode-extension/main-repo/javavscode/netbeans/nbbuild/netbeans/java/modules/org-netbeans-modules-java-preprocessorbridge.jar:/Users/atalati/vscode-extension/main-repo/javavscode/netbeans/nbbuild/netbeans/ide/modules/org-netbeans-modules-parsing-api.jar:/Users/atalati/vscode-extension/main-repo/javavscode/netbeans/nbbuild/netbeans/ide/modules/org-netbeans-modules-parsing-lucene.jar:/Users/atalati/vscode-extension/main-repo/javavscode/netbeans/nbbuild/netbeans/platform/modules/org-netbeans-modules-masterfs.jar:/Users/atalati/vscode-extension/main-repo/javavscode/netbeans/nbbuild/netbeans/platform/modules/org-netbeans-modules-queries.jar:/Users/atalati/vscode-extension/main-repo/javavscode/netbeans/nbbuild/netbeans/ide/modules/org-netbeans-modules-projectapi.jar:/Users/atalati/vscode-extension/main-repo/javavscode/netbeans/nbbuild/netbeans/ide/modules/org-netbeans-modules-parsing-indexing.jar:/Users/atalati/vscode-extension/main-repo/javavscode/netbeans/nbbuild/netbeans/ide/modules/org-netbeans-modules-project-indexingbridge.jar:/Users/atalati/vscode-extension/main-repo/javavscode/netbeans/nbbuild/netbeans/ide/modules/org-netbeans-modules-projectuiapi-base.jar:/Users/atalati/vscode-extension/main-repo/javavscode/netbeans/nbbuild/netbeans/platform/modules/org-openide-explorer.jar:/Users/atalati/vscode-extension/main-repo/javavscode/netbeans/nbbuild/netbeans/platform/modules/org-netbeans-swing-outline.jar:/Users/atalati/vscode-extension/main-repo/javavscode/netbeans/nbbuild/netbeans/platform/modules/org-netbeans-swing-tabcontrol.jar:/Users/atalati/vscode-extension/main-repo/javavscode/netbeans/nbbuild/netbeans/platform/modules/org-openide-awt.jar:/Users/atalati/vscode-extension/main-repo/javavscode/netbeans/nbbuild/netbeans/platform/modules/org-openide-windows.jar:/Users/atalati/vscode-extension/main-repo/javavscode/netbeans/nbbuild/netbeans/platform/modules/org-openide-nodes.jar:/Users/atalati/vscode-extension/main-repo/javavscode/netbeans/nbbuild/netbeans/platform/modules/org-openide-dialogs.jar:/Users/atalati/vscode-extension/main-repo/javavscode/netbeans/nbbuild/netbeans/platform/modules/org-netbeans-api-progress-nb.jar:/Users/atalati/vscode-extension/main-repo/javavscode/netbeans/nbbuild/netbeans/ide/modules/org-netbeans-spi-tasklist.jar:/Users/atalati/vscode-extension/main-repo/javavscode/netbeans/nbbuild/netbeans/ide/modules/org-netbeans-modules-refactoring-api.jar:/Users/atalati/vscode-extension/main-repo/javavscode/netbeans/nbbuild/netbeans/ide/modules/org-netbeans-modules-diff.jar:/Users/atalati/vscode-extension/main-repo/javavscode/netbeans/nbbuild/netbeans/ide/modules/org-netbeans-modules-editor-errorstripe.jar:/Users/atalati/vscode-extension/main-repo/javavscode/netbeans/nbbuild/netbeans/ide/modules/org-netbeans-modules-editor-errorstripe-api.jar:/Users/atalati/vscode-extension/main-repo/javavscode/netbeans/nbbuild/netbeans/ide/modules/org-netbeans-modules-editor-fold.jar:/Users/atalati/vscode-extension/main-repo/javavscode/netbeans/nbbuild/netbeans/ide/modules/org-netbeans-modules-editor-settings-lib.jar:/Users/atalati/vscode-extension/main-repo/javavscode/netbeans/nbbuild/netbeans/ide/modules/org-netbeans-modules-editor-lib.jar:/Users/atalati/vscode-extension/main-repo/javavscode/netbeans/nbbuild/netbeans/ide/modules/org-netbeans-modules-editor-lib2.jar:/Users/atalati/vscode-extension/main-repo/javavscode/netbeans/nbbuild/netbeans/platform/modules/org-openide-loaders.jar:/Users/atalati/vscode-extension/main-repo/javavscode/netbeans/nbbuild/netbeans/platform/modules/org-netbeans-api-templates.jar:/Users/atalati/vscode-extension/main-repo/javavscode/netbeans/nbbuild/netbeans/platform/modules/org-openide-actions.jar:/Users/atalati/vscode-extension/main-repo/javavscode/netbeans/nbbuild/netbeans/platform/modules/org-openide-text.jar:/Users/atalati/vscode-extension/main-repo/javavscode/netbeans/nbbuild/netbeans/platform/modules/org-openide-filesystems-nb.jar:/Users/atalati/vscode-extension/main-repo/javavscode/netbeans/nbbuild/netbeans/platform/modules/org-netbeans-modules-options-api.jar:/Users/atalati/vscode-extension/main-repo/javavscode/netbeans/nbbuild/netbeans/platform/modules/org-netbeans-core.jar:/Users/atalati/vscode-extension/main-repo/javavscode/netbeans/nbbuild/netbeans/platform/lib/boot.jar:/Users/atalati/vscode-extension/main-repo/javavscode/netbeans/nbbuild/netbeans/platform/core/core.jar:/Users/atalati/vscode-extension/main-repo/javavscode/netbeans/nbbuild/netbeans/platform/core/core-base.jar:/Users/atalati/vscode-extension/main-repo/javavscode/netbeans/nbbuild/netbeans/platform/modules/org-netbeans-modules-keyring.jar:/Users/atalati/vscode-extension/main-repo/javavscode/netbeans/nbbuild/netbeans/platform/modules/org-netbeans-modules-sampler.jar:/Users/atalati/vscode-extension/main-repo/javavscode/netbeans/nbbuild/netbeans/platform/modules/org-netbeans-swing-plaf.jar:/Users/atalati/vscode-extension/main-repo/javavscode/netbeans/nbbuild/netbeans/platform/modules/org-openide-io.jar:/Users/atalati/vscode-extension/main-repo/javavscode/netbeans/nbbuild/netbeans/platform/modules/org-netbeans-api-intent.jar:/Users/atalati/vscode-extension/main-repo/javavscode/netbeans/nbbuild/netbeans/platform/modules/org-netbeans-api-io.jar:/Users/atalati/vscode-extension/main-repo/javavscode/netbeans/nbbuild/netbeans/platform/modules/org-netbeans-spi-quicksearch.jar:/Users/atalati/vscode-extension/main-repo/javavscode/netbeans/nbbuild/netbeans/ide/modules/org-netbeans-modules-options-editor.jar:/Users/atalati/vscode-extension/main-repo/javavscode/netbeans/nbbuild/netbeans/ide/modules/org-netbeans-modules-editor.jar:/Users/atalati/vscode-extension/main-repo/javavscode/netbeans/nbbuild/netbeans/ide/modules/org-netbeans-api-lsp.jar:/Users/atalati/vscode-extension/main-repo/javavscode/netbeans/nbbuild/netbeans/ide/modules/org-netbeans-modules-editor-settings-storage.jar:/Users/atalati/vscode-extension/main-repo/javavscode/netbeans/nbbuild/netbeans/platform/modules/org-netbeans-modules-options-keymap.jar:/Users/atalati/vscode-extension/main-repo/javavscode/netbeans/nbbuild/netbeans/ide/modules/org-netbeans-spi-editor-hints.jar:/Users/atalati/vscode-extension/main-repo/javavscode/netbeans/nbbuild/netbeans/java/modules/org-netbeans-spi-java-hints.jar:/Users/atalati/vscode-extension/main-repo/javavscode/netbeans/nbbuild/netbeans/ide/modules/org-netbeans-modules-code-analysis.jar:/Users/atalati/vscode-extension/main-repo/javavscode/netbeans/nbbuild/netbeans/platform/modules/org-netbeans-modules-autoupdate-services.jar:/Users/atalati/vscode-extension/main-repo/javavscode/netbeans/nbbuild/netbeans/platform/modules/ext/updater.jar:/Users/atalati/vscode-extension/main-repo/javavscode/netbeans/nbbuild/netbeans/ide/modules/org-netbeans-modules-projectuiapi.jar:/Users/atalati/vscode-extension/main-repo/javavscode/netbeans/nbbuild/netbeans/platform/modules/org-netbeans-modules-settings.jar:/Users/atalati/vscode-extension/main-repo/javavscode/netbeans/nbbuild/netbeans/java/modules/org-netbeans-modules-java-project.jar:/Users/atalati/vscode-extension/main-repo/javavscode/netbeans/nbbuild/netbeans/ide/modules/org-netbeans-modules-project-ant.jar:/Users/atalati/vscode-extension/main-repo/javavscode/netbeans/nbbuild/netbeans/ide/modules/org-netbeans-modules-project-libraries.jar:/Users/atalati/vscode-extension/main-repo/javavscode/netbeans/nbbuild/netbeans/ide/modules/org-netbeans-modules-project-spi-intern.jar:/Users/atalati/vscode-extension/main-repo/javavscode/netbeans/nbbuild/netbeans/ide/modules/org-netbeans-modules-xml-catalog.jar:/Users/atalati/vscode-extension/main-repo/javavscode/netbeans/nbbuild/netbeans/ide/modules/org-apache-xml-resolver.jar:/Users/atalati/vscode-extension/main-repo/javavscode/netbeans/ide/o.apache.xml.resolver/external/resolver-1.2.jar:/Users/atalati/vscode-extension/main-repo/javavscode/netbeans/nbbuild/netbeans/ide/modules/ext/resolver-1.2.jar:/Users/atalati/vscode-extension/main-repo/javavscode/netbeans/nbbuild/netbeans/ide/modules/org-netbeans-api-xml.jar:/Users/atalati/vscode-extension/main-repo/javavscode/netbeans/nbbuild/netbeans/java/modules/org-netbeans-modules-java-source.jar:/Users/atalati/vscode-extension/main-repo/javavscode/netbeans/nbbuild/netbeans/platform/modules/org-netbeans-core-multiview.jar:/Users/atalati/vscode-extension/main-repo/javavscode/netbeans/nbbuild/netbeans/ide/modules/org-netbeans-modules-editor-indent-project.jar:/Users/atalati/vscode-extension/main-repo/javavscode/netbeans/nbbuild/netbeans/java/modules/org-netbeans-modules-java-lexer.jar:/Users/atalati/vscode-extension/main-repo/javavscode/netbeans/nbbuild/netbeans/ide/modules/org-netbeans-modules-lexer.jar:/Users/atalati/vscode-extension/main-repo/javavscode/netbeans/nbbuild/netbeans/ide/modules/org-netbeans-modules-editor-util.jar:/Users/atalati/vscode-extension/main-repo/javavscode/netbeans/nbbuild/netbeans/platform/lib/org-openide-util.jar:/Users/atalati/vscode-extension/main-repo/javavscode/netbeans/nbbuild/netbeans/platform/lib/org-openide-util-lookup.jar:/Users/atalati/vscode-extension/main-repo/javavscode/netbeans/nbbuild/netbeans/platform/lib/org-openide-util-ui.jar:/Users/atalati/vscode-extension/main-repo/javavscode/netbeans/nbbuild/netbeans/java/modules/org-netbeans-modules-java-nativeimage-debugger.jar:/Users/atalati/vscode-extension/main-repo/javavscode/netbeans/nbbuild/netbeans/platform/modules/org-netbeans-api-annotations-common.jar:/Users/atalati/vscode-extension/main-repo/javavscode/netbeans/nbbuild/netbeans/ide/modules/org-netbeans-api-debugger.jar:/Users/atalati/vscode-extension/main-repo/javavscode/netbeans/nbbuild/netbeans/ide/modules/org-netbeans-modules-projectapi.jar:/Users/atalati/vscode-extension/main-repo/javavscode/netbeans/nbbuild/netbeans/platform/modules/org-netbeans-modules-queries.jar:/Users/atalati/vscode-extension/main-repo/javavscode/netbeans/nbbuild/netbeans/platform/core/org-openide-filesystems.jar:/Users/atalati/vscode-extension/main-repo/javavscode/netbeans/nbbuild/netbeans/platform/lib/org-openide-util.jar:/Users/atalati/vscode-extension/main-repo/javavscode/netbeans/nbbuild/netbeans/platform/lib/org-openide-util-lookup.jar:/Users/atalati/vscode-extension/main-repo/javavscode/netbeans/nbbuild/netbeans/platform/lib/org-openide-modules.jar:/Users/atalati/vscode-extension/main-repo/javavscode/netbeans/nbbuild/netbeans/platform/lib/org-openide-util-ui.jar:/Users/atalati/vscode-extension/main-repo/javavscode/netbeans/nbbuild/netbeans/java/modules/org-netbeans-api-debugger-jpda.jar:/Users/atalati/vscode-extension/main-repo/javavscode/netbeans/nbbuild/netbeans/ide/modules/org-netbeans-api-java-classpath.jar:/Users/atalati/vscode-extension/main-repo/javavscode/netbeans/nbbuild/netbeans/ide/modules/org-netbeans-modules-extexecution.jar:/Users/atalati/vscode-extension/main-repo/javavscode/netbeans/nbbuild/netbeans/platform/modules/org-netbeans-api-progress.jar:/Users/atalati/vscode-extension/main-repo/javavscode/netbeans/nbbuild/netbeans/ide/modules/org-netbeans-modules-extexecution-base.jar:/Users/atalati/vscode-extension/main-repo/javavscode/netbeans/nbbuild/netbeans/platform/modules/org-openide-io.jar:/Users/atalati/vscode-extension/main-repo/javavscode/netbeans/nbbuild/netbeans/platform/modules/org-netbeans-api-intent.jar:/Users/atalati/vscode-extension/main-repo/javavscode/netbeans/nbbuild/netbeans/platform/modules/org-netbeans-api-io.jar:/Users/atalati/vscode-extension/main-repo/javavscode/netbeans/nbbuild/netbeans/java/modules/org-netbeans-modules-java-project.jar:/Users/atalati/vscode-extension/main-repo/javavscode/netbeans/nbbuild/netbeans/java/modules/org-netbeans-api-java.jar:/Users/atalati/vscode-extension/main-repo/javavscode/netbeans/nbbuild/netbeans/java/modules/org-netbeans-modules-classfile.jar:/Users/atalati/vscode-extension/main-repo/javavscode/netbeans/nbbuild/netbeans/java/modules/org-netbeans-modules-java-platform.jar:/Users/atalati/vscode-extension/main-repo/javavscode/netbeans/nbbuild/netbeans/java/modules/org-netbeans-modules-java-source-base.jar:/Users/atalati/vscode-extension/main-repo/javavscode/netbeans/nbbuild/netbeans/platform/modules/org-netbeans-api-scripting.jar:/Users/atalati/vscode-extension/main-repo/javavscode/netbeans/nbbuild/netbeans/java/modules/org-netbeans-lib-nbjavac.jar:/Users/atalati/vscode-extension/main-repo/javavscode/netbeans/nbbuild/netbeans/java/modules/org-netbeans-libs-javacapi.jar:/Users/atalati/vscode-extension/main-repo/javavscode/netbeans/java/libs.javacapi/external/nb-javac-jdk-22+33-api.jar:/Users/atalati/vscode-extension/main-repo/javavscode/netbeans/java/libs.javacapi/external/nb-javac-jdk-22+33.jar:/Users/atalati/vscode-extension/main-repo/javavscode/netbeans/nbbuild/netbeans/platform/core/org-netbeans-libs-asm.jar:/Users/atalati/vscode-extension/main-repo/javavscode/netbeans/platform/libs.asm/external/asm-9.6.jar:/Users/atalati/vscode-extension/main-repo/javavscode/netbeans/nbbuild/netbeans/platform/core/asm-9.6.jar:/Users/atalati/vscode-extension/main-repo/javavscode/netbeans/platform/libs.asm/external/asm-tree-9.6.jar:/Users/atalati/vscode-extension/main-repo/javavscode/netbeans/nbbuild/netbeans/platform/core/asm-tree-9.6.jar:/Users/atalati/vscode-extension/main-repo/javavscode/netbeans/platform/libs.asm/external/asm-commons-9.6.jar:/Users/atalati/vscode-extension/main-repo/javavscode/netbeans/nbbuild/netbeans/platform/core/asm-commons-9.6.jar:/Users/atalati/vscode-extension/main-repo/javavscode/netbeans/nbbuild/netbeans/ide/modules/org-netbeans-libs-lucene.jar:/Users/atalati/vscode-extension/main-repo/javavscode/netbeans/ide/libs.lucene/external/lucene-core-3.6.2.jar:/Users/atalati/vscode-extension/main-repo/javavscode/netbeans/nbbuild/netbeans/ide/modules/ext/lucene-core-3.6.2.jar:/Users/atalati/vscode-extension/main-repo/javavscode/netbeans/nbbuild/netbeans/ide/modules/org-netbeans-modules-editor-document.jar:/Users/atalati/vscode-extension/main-repo/javavscode/netbeans/nbbuild/netbeans/platform/modules/org-netbeans-modules-editor-mimelookup.jar:/Users/atalati/vscode-extension/main-repo/javavscode/netbeans/nbbuild/netbeans/ide/modules/org-netbeans-modules-editor-util.jar:/Users/atalati/vscode-extension/main-repo/javavscode/netbeans/nbbuild/netbeans/ide/modules/org-netbeans-modules-editor-guards.jar:/Users/atalati/vscode-extension/main-repo/javavscode/netbeans/nbbuild/netbeans/ide/modules/org-netbeans-modules-editor-indent.jar:/Users/atalati/vscode-extension/main-repo/javavscode/netbeans/nbbuild/netbeans/ide/modules/org-netbeans-modules-editor-settings.jar:/Users/atalati/vscode-extension/main-repo/javavscode/netbeans/nbbuild/netbeans/ide/modules/org-netbeans-modules-lexer.jar:/Users/atalati/vscode-extension/main-repo/javavscode/netbeans/nbbuild/netbeans/java/modules/org-netbeans-modules-java-lexer.jar:/Users/atalati/vscode-extension/main-repo/javavscode/netbeans/nbbuild/netbeans/java/modules/org-netbeans-modules-java-preprocessorbridge.jar:/Users/atalati/vscode-extension/main-repo/javavscode/netbeans/nbbuild/netbeans/ide/modules/org-netbeans-modules-parsing-api.jar:/Users/atalati/vscode-extension/main-repo/javavscode/netbeans/nbbuild/netbeans/ide/modules/org-netbeans-modules-parsing-lucene.jar:/Users/atalati/vscode-extension/main-repo/javavscode/netbeans/nbbuild/netbeans/platform/modules/org-netbeans-modules-masterfs.jar:/Users/atalati/vscode-extension/main-repo/javavscode/netbeans/nbbuild/netbeans/ide/modules/org-netbeans-modules-parsing-indexing.jar:/Users/atalati/vscode-extension/main-repo/javavscode/netbeans/nbbuild/netbeans/ide/modules/org-netbeans-modules-project-indexingbridge.jar:/Users/atalati/vscode-extension/main-repo/javavscode/netbeans/nbbuild/netbeans/ide/modules/org-netbeans-modules-projectuiapi-base.jar:/Users/atalati/vscode-extension/main-repo/javavscode/netbeans/nbbuild/netbeans/platform/modules/org-openide-explorer.jar:/Users/atalati/vscode-extension/main-repo/javavscode/netbeans/nbbuild/netbeans/platform/modules/org-netbeans-swing-outline.jar:/Users/atalati/vscode-extension/main-repo/javavscode/netbeans/nbbuild/netbeans/platform/modules/org-netbeans-swing-tabcontrol.jar:/Users/atalati/vscode-extension/main-repo/javavscode/netbeans/nbbuild/netbeans/platform/modules/org-openide-awt.jar:/Users/atalati/vscode-extension/main-repo/javavscode/netbeans/nbbuild/netbeans/platform/modules/org-openide-windows.jar:/Users/atalati/vscode-extension/main-repo/javavscode/netbeans/nbbuild/netbeans/platform/modules/org-openide-nodes.jar:/Users/atalati/vscode-extension/main-repo/javavscode/netbeans/nbbuild/netbeans/platform/modules/org-openide-dialogs.jar:/Users/atalati/vscode-extension/main-repo/javavscode/netbeans/nbbuild/netbeans/platform/modules/org-netbeans-api-progress-nb.jar:/Users/atalati/vscode-extension/main-repo/javavscode/netbeans/nbbuild/netbeans/ide/modules/org-netbeans-spi-tasklist.jar:/Users/atalati/vscode-extension/main-repo/javavscode/netbeans/nbbuild/netbeans/ide/modules/org-netbeans-modules-refactoring-api.jar:/Users/atalati/vscode-extension/main-repo/javavscode/netbeans/nbbuild/netbeans/ide/modules/org-netbeans-modules-diff.jar:/Users/atalati/vscode-extension/main-repo/javavscode/netbeans/nbbuild/netbeans/ide/modules/org-netbeans-modules-editor-errorstripe.jar:/Users/atalati/vscode-extension/main-repo/javavscode/netbeans/nbbuild/netbeans/ide/modules/org-netbeans-modules-editor-errorstripe-api.jar:/Users/atalati/vscode-extension/main-repo/javavscode/netbeans/nbbuild/netbeans/ide/modules/org-netbeans-modules-editor-fold.jar:/Users/atalati/vscode-extension/main-repo/javavscode/netbeans/nbbuild/netbeans/ide/modules/org-netbeans-modules-editor-settings-lib.jar:/Users/atalati/vscode-extension/main-repo/javavscode/netbeans/nbbuild/netbeans/ide/modules/org-netbeans-modules-editor-lib.jar:/Users/atalati/vscode-extension/main-repo/javavscode/netbeans/nbbuild/netbeans/ide/modules/org-netbeans-modules-editor-lib2.jar:/Users/atalati/vscode-extension/main-repo/javavscode/netbeans/nbbuild/netbeans/platform/modules/org-openide-loaders.jar:/Users/atalati/vscode-extension/main-repo/javavscode/netbeans/nbbuild/netbeans/platform/modules/org-netbeans-api-templates.jar:/Users/atalati/vscode-extension/main-repo/javavscode/netbeans/nbbuild/netbeans/platform/modules/org-openide-actions.jar:/Users/atalati/vscode-extension/main-repo/javavscode/netbeans/nbbuild/netbeans/platform/modules/org-openide-text.jar:/Users/atalati/vscode-extension/main-repo/javavscode/netbeans/nbbuild/netbeans/platform/modules/org-openide-filesystems-nb.jar:/Users/atalati/vscode-extension/main-repo/javavscode/netbeans/nbbuild/netbeans/platform/modules/org-netbeans-modules-options-api.jar:/Users/atalati/vscode-extension/main-repo/javavscode/netbeans/nbbuild/netbeans/platform/modules/org-netbeans-core.jar:/Users/atalati/vscode-extension/main-repo/javavscode/netbeans/nbbuild/netbeans/platform/lib/boot.jar:/Users/atalati/vscode-extension/main-repo/javavscode/netbeans/nbbuild/netbeans/platform/core/core.jar:/Users/atalati/vscode-extension/main-repo/javavscode/netbeans/nbbuild/netbeans/platform/core/core-base.jar:/Users/atalati/vscode-extension/main-repo/javavscode/netbeans/nbbuild/netbeans/platform/modules/org-netbeans-modules-keyring.jar:/Users/atalati/vscode-extension/main-repo/javavscode/netbeans/nbbuild/netbeans/platform/modules/org-netbeans-modules-sampler.jar:/Users/atalati/vscode-extension/main-repo/javavscode/netbeans/nbbuild/netbeans/platform/modules/org-netbeans-swing-plaf.jar:/Users/atalati/vscode-extension/main-repo/javavscode/netbeans/nbbuild/netbeans/platform/modules/org-netbeans-spi-quicksearch.jar:/Users/atalati/vscode-extension/main-repo/javavscode/netbeans/nbbuild/netbeans/ide/modules/org-netbeans-modules-options-editor.jar:/Users/atalati/vscode-extension/main-repo/javavscode/netbeans/nbbuild/netbeans/ide/modules/org-netbeans-modules-editor.jar:/Users/atalati/vscode-extension/main-repo/javavscode/netbeans/nbbuild/netbeans/ide/modules/org-netbeans-api-lsp.jar:/Users/atalati/vscode-extension/main-repo/javavscode/netbeans/nbbuild/netbeans/ide/modules/org-netbeans-modules-editor-settings-storage.jar:/Users/atalati/vscode-extension/main-repo/javavscode/netbeans/nbbuild/netbeans/platform/modules/org-netbeans-modules-options-keymap.jar:/Users/atalati/vscode-extension/main-repo/javavscode/netbeans/nbbuild/netbeans/ide/modules/org-netbeans-modules-project-ant.jar:/Users/atalati/vscode-extension/main-repo/javavscode/netbeans/nbbuild/netbeans/ide/modules/org-netbeans-modules-project-libraries.jar:/Users/atalati/vscode-extension/main-repo/javavscode/netbeans/nbbuild/netbeans/ide/modules/org-netbeans-modules-project-spi-intern.jar:/Users/atalati/vscode-extension/main-repo/javavscode/netbeans/nbbuild/netbeans/ide/modules/org-netbeans-modules-xml-catalog.jar:/Users/atalati/vscode-extension/main-repo/javavscode/netbeans/nbbuild/netbeans/ide/modules/org-apache-xml-resolver.jar:/Users/atalati/vscode-extension/main-repo/javavscode/netbeans/ide/o.apache.xml.resolver/external/resolver-1.2.jar:/Users/atalati/vscode-extension/main-repo/javavscode/netbeans/nbbuild/netbeans/ide/modules/ext/resolver-1.2.jar:/Users/atalati/vscode-extension/main-repo/javavscode/netbeans/nbbuild/netbeans/ide/modules/org-netbeans-api-xml.jar:/Users/atalati/vscode-extension/main-repo/javavscode/netbeans/nbbuild/netbeans/ide/modules/org-netbeans-modules-nativeimage-api.jar:/Users/atalati/vscode-extension/main-repo/javavscode/netbeans/nbbuild/netbeans/ide/modules/org-netbeans-modules-projectuiapi.jar:/Users/atalati/vscode-extension/main-repo/javavscode/netbeans/nbbuild/netbeans/ide/modules/org-netbeans-spi-debugger-ui.jar:/Users/atalati/vscode-extension/main-repo/javavscode/netbeans/nbbuild/netbeans/ide/modules/org-netbeans-spi-viewmodel.jar:/Users/atalati/vscode-extension/main-repo/javavscode/netbeans/nbbuild/netbeans/java/modules/org-netbeans-modules-java-project.jar:/Users/atalati/vscode-extension/main-repo/javavscode/netbeans/nbbuild/netbeans/platform/modules/org-netbeans-api-annotations-common.jar:/Users/atalati/vscode-extension/main-repo/javavscode/netbeans/nbbuild/netbeans/java/modules/org-netbeans-api-java.jar:/Users/atalati/vscode-extension/main-repo/javavscode/netbeans/nbbuild/netbeans/ide/modules/org-netbeans-api-java-classpath.jar:/Users/atalati/vscode-extension/main-repo/javavscode/netbeans/nbbuild/netbeans/platform/core/org-openide-filesystems.jar:/Users/atalati/vscode-extension/main-repo/javavscode/netbeans/nbbuild/netbeans/platform/lib/org-openide-util.jar:/Users/atalati/vscode-extension/main-repo/javavscode/netbeans/nbbuild/netbeans/platform/lib/org-openide-util-lookup.jar:/Users/atalati/vscode-extension/main-repo/javavscode/netbeans/nbbuild/netbeans/platform/lib/org-openide-modules.jar:/Users/atalati/vscode-extension/main-repo/javavscode/netbeans/nbbuild/netbeans/platform/lib/org-openide-util-ui.jar:/Users/atalati/vscode-extension/main-repo/javavscode/netbeans/nbbuild/netbeans/java/modules/org-netbeans-modules-classfile.jar:/Users/atalati/vscode-extension/main-repo/javavscode/netbeans/nbbuild/netbeans/java/modules/org-netbeans-modules-java-platform.jar:/Users/atalati/vscode-extension/main-repo/javavscode/netbeans/nbbuild/netbeans/java/modules/org-netbeans-modules-java-source-base.jar:/Users/atalati/vscode-extension/main-repo/javavscode/netbeans/nbbuild/netbeans/platform/modules/org-netbeans-api-progress.jar:/Users/atalati/vscode-extension/main-repo/javavscode/netbeans/nbbuild/netbeans/platform/modules/org-netbeans-api-scripting.jar:/Users/atalati/vscode-extension/main-repo/javavscode/netbeans/nbbuild/netbeans/java/modules/org-netbeans-lib-nbjavac.jar:/Users/atalati/vscode-extension/main-repo/javavscode/netbeans/nbbuild/netbeans/java/modules/org-netbeans-libs-javacapi.jar:/Users/atalati/vscode-extension/main-repo/javavscode/netbeans/java/libs.javacapi/external/nb-javac-jdk-22+33-api.jar:/Users/atalati/vscode-extension/main-repo/javavscode/netbeans/java/libs.javacapi/external/nb-javac-jdk-22+33.jar:/Users/atalati/vscode-extension/main-repo/javavscode/netbeans/nbbuild/netbeans/platform/core/org-netbeans-libs-asm.jar:/Users/atalati/vscode-extension/main-repo/javavscode/netbeans/platform/libs.asm/external/asm-9.6.jar:/Users/atalati/vscode-extension/main-repo/javavscode/netbeans/nbbuild/netbeans/platform/core/asm-9.6.jar:/Users/atalati/vscode-extension/main-repo/javavscode/netbeans/platform/libs.asm/external/asm-tree-9.6.jar:/Users/atalati/vscode-extension/main-repo/javavscode/netbeans/nbbuild/netbeans/platform/core/asm-tree-9.6.jar:/Users/atalati/vscode-extension/main-repo/javavscode/netbeans/platform/libs.asm/external/asm-commons-9.6.jar:/Users/atalati/vscode-extension/main-repo/javavscode/netbeans/nbbuild/netbeans/platform/core/asm-commons-9.6.jar:/Users/atalati/vscode-extension/main-repo/javavscode/netbeans/nbbuild/netbeans/ide/modules/org-netbeans-libs-lucene.jar:/Users/atalati/vscode-extension/main-repo/javavscode/netbeans/ide/libs.lucene/external/lucene-core-3.6.2.jar:/Users/atalati/vscode-extension/main-repo/javavscode/netbeans/nbbuild/netbeans/ide/modules/ext/lucene-core-3.6.2.jar:/Users/atalati/vscode-extension/main-repo/javavscode/netbeans/nbbuild/netbeans/ide/modules/org-netbeans-modules-editor-document.jar:/Users/atalati/vscode-extension/main-repo/javavscode/netbeans/nbbuild/netbeans/platform/modules/org-netbeans-modules-editor-mimelookup.jar:/Users/atalati/vscode-extension/main-repo/javavscode/netbeans/nbbuild/netbeans/ide/modules/org-netbeans-modules-editor-util.jar:/Users/atalati/vscode-extension/main-repo/javavscode/netbeans/nbbuild/netbeans/ide/modules/org-netbeans-modules-editor-guards.jar:/Users/atalati/vscode-extension/main-repo/javavscode/netbeans/nbbuild/netbeans/ide/modules/org-netbeans-modules-editor-indent.jar:/Users/atalati/vscode-extension/main-repo/javavscode/netbeans/nbbuild/netbeans/ide/modules/org-netbeans-modules-editor-settings.jar:/Users/atalati/vscode-extension/main-repo/javavscode/netbeans/nbbuild/netbeans/ide/modules/org-netbeans-modules-lexer.jar:/Users/atalati/vscode-extension/main-repo/javavscode/netbeans/nbbuild/netbeans/java/modules/org-netbeans-modules-java-lexer.jar:/Users/atalati/vscode-extension/main-repo/javavscode/netbeans/nbbuild/netbeans/java/modules/org-netbeans-modules-java-preprocessorbridge.jar:/Users/atalati/vscode-extension/main-repo/javavscode/netbeans/nbbuild/netbeans/ide/modules/org-netbeans-modules-parsing-api.jar:/Users/atalati/vscode-extension/main-repo/javavscode/netbeans/nbbuild/netbeans/ide/modules/org-netbeans-modules-parsing-lucene.jar:/Users/atalati/vscode-extension/main-repo/javavscode/netbeans/nbbuild/netbeans/platform/modules/org-netbeans-modules-masterfs.jar:/Users/atalati/vscode-extension/main-repo/javavscode/netbeans/nbbuild/netbeans/platform/modules/org-netbeans-modules-queries.jar:/Users/atalati/vscode-extension/main-repo/javavscode/netbeans/nbbuild/netbeans/ide/modules/org-netbeans-modules-projectapi.jar:/Users/atalati/vscode-extension/main-repo/javavscode/netbeans/nbbuild/netbeans/ide/modules/org-netbeans-modules-parsing-indexing.jar:/Users/atalati/vscode-extension/main-repo/javavscode/netbeans/nbbuild/netbeans/ide/modules/org-netbeans-modules-project-indexingbridge.jar:/Users/atalati/vscode-extension/main-repo/javavscode/netbeans/nbbuild/netbeans/ide/modules/org-netbeans-modules-projectuiapi-base.jar:/Users/atalati/vscode-extension/main-repo/javavscode/netbeans/nbbuild/netbeans/platform/modules/org-openide-explorer.jar:/Users/atalati/vscode-extension/main-repo/javavscode/netbeans/nbbuild/netbeans/platform/modules/org-netbeans-swing-outline.jar:/Users/atalati/vscode-extension/main-repo/javavscode/netbeans/nbbuild/netbeans/platform/modules/org-netbeans-swing-tabcontrol.jar:/Users/atalati/vscode-extension/main-repo/javavscode/netbeans/nbbuild/netbeans/platform/modules/org-openide-awt.jar:/Users/atalati/vscode-extension/main-repo/javavscode/netbeans/nbbuild/netbeans/platform/modules/org-openide-windows.jar:/Users/atalati/vscode-extension/main-repo/javavscode/netbeans/nbbuild/netbeans/platform/modules/org-openide-nodes.jar:/Users/atalati/vscode-extension/main-repo/javavscode/netbeans/nbbuild/netbeans/platform/modules/org-openide-dialogs.jar:/Users/atalati/vscode-extension/main-repo/javavscode/netbeans/nbbuild/netbeans/platform/modules/org-netbeans-api-progress-nb.jar:/Users/atalati/vscode-extension/main-repo/javavscode/netbeans/nbbuild/netbeans/ide/modules/org-netbeans-spi-tasklist.jar:/Users/atalati/vscode-extension/main-repo/javavscode/netbeans/nbbuild/netbeans/ide/modules/org-netbeans-modules-refactoring-api.jar:/Users/atalati/vscode-extension/main-repo/javavscode/netbeans/nbbuild/netbeans/ide/modules/org-netbeans-modules-diff.jar:/Users/atalati/vscode-extension/main-repo/javavscode/netbeans/nbbuild/netbeans/ide/modules/org-netbeans-modules-editor-errorstripe.jar:/Users/atalati/vscode-extension/main-repo/javavscode/netbeans/nbbuild/netbeans/ide/modules/org-netbeans-modules-editor-errorstripe-api.jar:/Users/atalati/vscode-extension/main-repo/javavscode/netbeans/nbbuild/netbeans/ide/modules/org-netbeans-modules-editor-fold.jar:/Users/atalati/vscode-extension/main-repo/javavscode/netbeans/nbbuild/netbeans/ide/modules/org-netbeans-modules-editor-settings-lib.jar:/Users/atalati/vscode-extension/main-repo/javavscode/netbeans/nbbuild/netbeans/ide/modules/org-netbeans-modules-editor-lib.jar:/Users/atalati/vscode-extension/main-repo/javavscode/netbeans/nbbuild/netbeans/ide/modules/org-netbeans-modules-editor-lib2.jar:/Users/atalati/vscode-extension/main-repo/javavscode/netbeans/nbbuild/netbeans/platform/modules/org-openide-loaders.jar:/Users/atalati/vscode-extension/main-repo/javavscode/netbeans/nbbuild/netbeans/platform/modules/org-netbeans-api-templates.jar:/Users/atalati/vscode-extension/main-repo/javavscode/netbeans/nbbuild/netbeans/platform/modules/org-openide-actions.jar:/Users/atalati/vscode-extension/main-repo/javavscode/netbeans/nbbuild/netbeans/platform/modules/org-openide-text.jar:/Users/atalati/vscode-extension/main-repo/javavscode/netbeans/nbbuild/netbeans/platform/modules/org-openide-filesystems-nb.jar:/Users/atalati/vscode-extension/main-repo/javavscode/netbeans/nbbuild/netbeans/platform/modules/org-netbeans-modules-options-api.jar:/Users/atalati/vscode-extension/main-repo/javavscode/netbeans/nbbuild/netbeans/platform/modules/org-netbeans-core.jar:/Users/atalati/vscode-extension/main-repo/javavscode/netbeans/nbbuild/netbeans/platform/lib/boot.jar:/Users/atalati/vscode-extension/main-repo/javavscode/netbeans/nbbuild/netbeans/platform/core/core.jar:/Users/atalati/vscode-extension/main-repo/javavscode/netbeans/nbbuild/netbeans/platform/core/core-base.jar:/Users/atalati/vscode-extension/main-repo/javavscode/netbeans/nbbuild/netbeans/platform/modules/org-netbeans-modules-keyring.jar:/Users/atalati/vscode-extension/main-repo/javavscode/netbeans/nbbuild/netbeans/platform/modules/org-netbeans-modules-sampler.jar:/Users/atalati/vscode-extension/main-repo/javavscode/netbeans/nbbuild/netbeans/platform/modules/org-netbeans-swing-plaf.jar:/Users/atalati/vscode-extension/main-repo/javavscode/netbeans/nbbuild/netbeans/platform/modules/org-openide-io.jar:/Users/atalati/vscode-extension/main-repo/javavscode/netbeans/nbbuild/netbeans/platform/modules/org-netbeans-api-intent.jar:/Users/atalati/vscode-extension/main-repo/javavscode/netbeans/nbbuild/netbeans/platform/modules/org-netbeans-api-io.jar:/Users/atalati/vscode-extension/main-repo/javavscode/netbeans/nbbuild/netbeans/platform/modules/org-netbeans-spi-quicksearch.jar:/Users/atalati/vscode-extension/main-repo/javavscode/netbeans/nbbuild/netbeans/ide/modules/org-netbeans-modules-options-editor.jar:/Users/atalati/vscode-extension/main-repo/javavscode/netbeans/nbbuild/netbeans/ide/modules/org-netbeans-modules-editor.jar:/Users/atalati/vscode-extension/main-repo/javavscode/netbeans/nbbuild/netbeans/ide/modules/org-netbeans-api-lsp.jar:/Users/atalati/vscode-extension/main-repo/javavscode/netbeans/nbbuild/netbeans/ide/modules/org-netbeans-modules-editor-settings-storage.jar:/Users/atalati/vscode-extension/main-repo/javavscode/netbeans/nbbuild/netbeans/platform/modules/org-netbeans-modules-options-keymap.jar:/Users/atalati/vscode-extension/main-repo/javavscode/netbeans/nbbuild/netbeans/ide/modules/org-netbeans-modules-project-ant.jar:/Users/atalati/vscode-extension/main-repo/javavscode/netbeans/nbbuild/netbeans/ide/modules/org-netbeans-modules-project-libraries.jar:/Users/atalati/vscode-extension/main-repo/javavscode/netbeans/nbbuild/netbeans/ide/modules/org-netbeans-modules-project-spi-intern.jar:/Users/atalati/vscode-extension/main-repo/javavscode/netbeans/nbbuild/netbeans/ide/modules/org-netbeans-modules-xml-catalog.jar:/Users/atalati/vscode-extension/main-repo/javavscode/netbeans/nbbuild/netbeans/ide/modules/org-apache-xml-resolver.jar:/Users/atalati/vscode-extension/main-repo/javavscode/netbeans/ide/o.apache.xml.resolver/external/resolver-1.2.jar:/Users/atalati/vscode-extension/main-repo/javavscode/netbeans/nbbuild/netbeans/ide/modules/ext/resolver-1.2.jar:/Users/atalati/vscode-extension/main-repo/javavscode/netbeans/nbbuild/netbeans/ide/modules/org-netbeans-api-xml.jar:/Users/atalati/vscode-extension/main-repo/javavscode/netbeans/nbbuild/netbeans/java/modules/org-netbeans-modules-java-source.jar:/Users/atalati/vscode-extension/main-repo/javavscode/netbeans/nbbuild/netbeans/platform/modules/org-netbeans-api-annotations-common.jar:/Users/atalati/vscode-extension/main-repo/javavscode/netbeans/nbbuild/netbeans/java/modules/org-netbeans-api-java.jar:/Users/atalati/vscode-extension/main-repo/javavscode/netbeans/nbbuild/netbeans/ide/modules/org-netbeans-api-java-classpath.jar:/Users/atalati/vscode-extension/main-repo/javavscode/netbeans/nbbuild/netbeans/platform/core/org-openide-filesystems.jar:/Users/atalati/vscode-extension/main-repo/javavscode/netbeans/nbbuild/netbeans/platform/lib/org-openide-util.jar:/Users/atalati/vscode-extension/main-repo/javavscode/netbeans/nbbuild/netbeans/platform/lib/org-openide-util-lookup.jar:/Users/atalati/vscode-extension/main-repo/javavscode/netbeans/nbbuild/netbeans/platform/lib/org-openide-modules.jar:/Users/atalati/vscode-extension/main-repo/javavscode/netbeans/nbbuild/netbeans/platform/lib/org-openide-util-ui.jar:/Users/atalati/vscode-extension/main-repo/javavscode/netbeans/nbbuild/netbeans/platform/modules/org-netbeans-api-progress.jar:/Users/atalati/vscode-extension/main-repo/javavscode/netbeans/nbbuild/netbeans/platform/modules/org-netbeans-api-progress-nb.jar:/Users/atalati/vscode-extension/main-repo/javavscode/netbeans/nbbuild/netbeans/platform/modules/org-openide-awt.jar:/Users/atalati/vscode-extension/main-repo/javavscode/netbeans/nbbuild/netbeans/platform/modules/org-netbeans-api-templates.jar:/Users/atalati/vscode-extension/main-repo/javavscode/netbeans/nbbuild/netbeans/platform/modules/org-netbeans-api-scripting.jar:/Users/atalati/vscode-extension/main-repo/javavscode/netbeans/nbbuild/netbeans/platform/modules/org-netbeans-modules-queries.jar:/Users/atalati/vscode-extension/main-repo/javavscode/netbeans/nbbuild/netbeans/platform/modules/org-netbeans-core-multiview.jar:/Users/atalati/vscode-extension/main-repo/javavscode/netbeans/nbbuild/netbeans/platform/modules/org-netbeans-modules-editor-mimelookup.jar:/Users/atalati/vscode-extension/main-repo/javavscode/netbeans/nbbuild/netbeans/platform/modules/org-openide-dialogs.jar:/Users/atalati/vscode-extension/main-repo/javavscode/netbeans/nbbuild/netbeans/platform/modules/org-openide-nodes.jar:/Users/atalati/vscode-extension/main-repo/javavscode/netbeans/nbbuild/netbeans/platform/modules/org-openide-text.jar:/Users/atalati/vscode-extension/main-repo/javavscode/netbeans/nbbuild/netbeans/platform/modules/org-openide-windows.jar:/Users/atalati/vscode-extension/main-repo/javavscode/netbeans/nbbuild/netbeans/java/modules/org-netbeans-lib-nbjavac.jar:/Users/atalati/vscode-extension/main-repo/javavscode/netbeans/nbbuild/netbeans/java/modules/org-netbeans-libs-javacapi.jar:/Users/atalati/vscode-extension/main-repo/javavscode/netbeans/java/libs.javacapi/external/nb-javac-jdk-22+33-api.jar:/Users/atalati/vscode-extension/main-repo/javavscode/netbeans/java/libs.javacapi/external/nb-javac-jdk-22+33.jar:/Users/atalati/vscode-extension/main-repo/javavscode/netbeans/nbbuild/netbeans/ide/modules/org-netbeans-libs-lucene.jar:/Users/atalati/vscode-extension/main-repo/javavscode/netbeans/ide/libs.lucene/external/lucene-core-3.6.2.jar:/Users/atalati/vscode-extension/main-repo/javavscode/netbeans/nbbuild/netbeans/ide/modules/ext/lucene-core-3.6.2.jar:/Users/atalati/vscode-extension/main-repo/javavscode/netbeans/nbbuild/netbeans/platform/modules/org-netbeans-modules-autoupdate-services.jar:/Users/atalati/vscode-extension/main-repo/javavscode/netbeans/nbbuild/netbeans/platform/modules/ext/updater.jar:/Users/atalati/vscode-extension/main-repo/javavscode/netbeans/nbbuild/netbeans/platform/lib/boot.jar:/Users/atalati/vscode-extension/main-repo/javavscode/netbeans/nbbuild/netbeans/platform/core/core.jar:/Users/atalati/vscode-extension/main-repo/javavscode/netbeans/nbbuild/netbeans/platform/core/org-netbeans-libs-asm.jar:/Users/atalati/vscode-extension/main-repo/javavscode/netbeans/platform/libs.asm/external/asm-9.6.jar:/Users/atalati/vscode-extension/main-repo/javavscode/netbeans/nbbuild/netbeans/platform/core/asm-9.6.jar:/Users/atalati/vscode-extension/main-repo/javavscode/netbeans/platform/libs.asm/external/asm-tree-9.6.jar:/Users/atalati/vscode-extension/main-repo/javavscode/netbeans/nbbuild/netbeans/platform/core/asm-tree-9.6.jar:/Users/atalati/vscode-extension/main-repo/javavscode/netbeans/platform/libs.asm/external/asm-commons-9.6.jar:/Users/atalati/vscode-extension/main-repo/javavscode/netbeans/nbbuild/netbeans/platform/core/asm-commons-9.6.jar:/Users/atalati/vscode-extension/main-repo/javavscode/netbeans/nbbuild/netbeans/platform/core/core-base.jar:/Users/atalati/vscode-extension/main-repo/javavscode/netbeans/nbbuild/netbeans/java/modules/org-netbeans-modules-classfile.jar:/Users/atalati/vscode-extension/main-repo/javavscode/netbeans/nbbuild/netbeans/ide/modules/org-netbeans-modules-editor-document.jar:/Users/atalati/vscode-extension/main-repo/javavscode/netbeans/nbbuild/netbeans/ide/modules/org-netbeans-modules-editor-util.jar:/Users/atalati/vscode-extension/main-repo/javavscode/netbeans/nbbuild/netbeans/ide/modules/org-netbeans-modules-editor-guards.jar:/Users/atalati/vscode-extension/main-repo/javavscode/netbeans/nbbuild/netbeans/ide/modules/org-netbeans-modules-editor-indent.jar:/Users/atalati/vscode-extension/main-repo/javavscode/netbeans/nbbuild/netbeans/ide/modules/org-netbeans-modules-editor-settings.jar:/Users/atalati/vscode-extension/main-repo/javavscode/netbeans/nbbuild/netbeans/ide/modules/org-netbeans-modules-lexer.jar:/Users/atalati/vscode-extension/main-repo/javavscode/netbeans/nbbuild/netbeans/ide/modules/org-netbeans-modules-editor-indent-project.jar:/Users/atalati/vscode-extension/main-repo/javavscode/netbeans/nbbuild/netbeans/ide/modules/org-netbeans-modules-editor-lib2.jar:/Users/atalati/vscode-extension/main-repo/javavscode/netbeans/nbbuild/netbeans/ide/modules/org-netbeans-modules-editor-settings-storage.jar:/Users/atalati/vscode-extension/main-repo/javavscode/netbeans/nbbuild/netbeans/platform/modules/org-openide-filesystems-nb.jar:/Users/atalati/vscode-extension/main-repo/javavscode/netbeans/nbbuild/netbeans/platform/modules/org-netbeans-modules-options-keymap.jar:/Users/atalati/vscode-extension/main-repo/javavscode/netbeans/nbbuild/netbeans/platform/modules/org-netbeans-modules-options-api.jar:/Users/atalati/vscode-extension/main-repo/javavscode/netbeans/nbbuild/netbeans/platform/modules/org-netbeans-core.jar:/Users/atalati/vscode-extension/main-repo/javavscode/netbeans/nbbuild/netbeans/platform/modules/org-netbeans-modules-keyring.jar:/Users/atalati/vscode-extension/main-repo/javavscode/netbeans/nbbuild/netbeans/platform/modules/org-netbeans-modules-sampler.jar:/Users/atalati/vscode-extension/main-repo/javavscode/netbeans/nbbuild/netbeans/platform/modules/org-netbeans-swing-plaf.jar:/Users/atalati/vscode-extension/main-repo/javavscode/netbeans/nbbuild/netbeans/platform/modules/org-openide-actions.jar:/Users/atalati/vscode-extension/main-repo/javavscode/netbeans/nbbuild/netbeans/platform/modules/org-openide-explorer.jar:/Users/atalati/vscode-extension/main-repo/javavscode/netbeans/nbbuild/netbeans/platform/modules/org-netbeans-swing-outline.jar:/Users/atalati/vscode-extension/main-repo/javavscode/netbeans/nbbuild/netbeans/platform/modules/org-netbeans-swing-tabcontrol.jar:/Users/atalati/vscode-extension/main-repo/javavscode/netbeans/nbbuild/netbeans/platform/modules/org-openide-io.jar:/Users/atalati/vscode-extension/main-repo/javavscode/netbeans/nbbuild/netbeans/platform/modules/org-netbeans-api-intent.jar:/Users/atalati/vscode-extension/main-repo/javavscode/netbeans/nbbuild/netbeans/platform/modules/org-netbeans-api-io.jar:/Users/atalati/vscode-extension/main-repo/javavscode/netbeans/nbbuild/netbeans/platform/modules/org-openide-loaders.jar:/Users/atalati/vscode-extension/main-repo/javavscode/netbeans/nbbuild/netbeans/platform/modules/org-netbeans-spi-quicksearch.jar:/Users/atalati/vscode-extension/main-repo/javavscode/netbeans/nbbuild/netbeans/ide/modules/org-netbeans-modules-editor-settings-lib.jar:/Users/atalati/vscode-extension/main-repo/javavscode/netbeans/nbbuild/netbeans/ide/modules/org-netbeans-modules-options-editor.jar:/Users/atalati/vscode-extension/main-repo/javavscode/netbeans/nbbuild/netbeans/ide/modules/org-netbeans-modules-editor.jar:/Users/atalati/vscode-extension/main-repo/javavscode/netbeans/nbbuild/netbeans/ide/modules/org-netbeans-api-lsp.jar:/Users/atalati/vscode-extension/main-repo/javavscode/netbeans/nbbuild/netbeans/ide/modules/org-netbeans-modules-editor-fold.jar:/Users/atalati/vscode-extension/main-repo/javavscode/netbeans/nbbuild/netbeans/ide/modules/org-netbeans-modules-editor-lib.jar:/Users/atalati/vscode-extension/main-repo/javavscode/netbeans/nbbuild/netbeans/ide/modules/org-netbeans-modules-projectapi.jar:/Users/atalati/vscode-extension/main-repo/javavscode/netbeans/nbbuild/netbeans/ide/modules/org-netbeans-modules-projectuiapi.jar:/Users/atalati/vscode-extension/main-repo/javavscode/netbeans/nbbuild/netbeans/ide/modules/org-netbeans-modules-projectuiapi-base.jar:/Users/atalati/vscode-extension/main-repo/javavscode/netbeans/nbbuild/netbeans/java/modules/org-netbeans-modules-java-platform.jar:/Users/atalati/vscode-extension/main-repo/javavscode/netbeans/nbbuild/netbeans/java/modules/org-netbeans-modules-java-preprocessorbridge.jar:/Users/atalati/vscode-extension/main-repo/javavscode/netbeans/nbbuild/netbeans/ide/modules/org-netbeans-modules-parsing-api.jar:/Users/atalati/vscode-extension/main-repo/javavscode/netbeans/nbbuild/netbeans/ide/modules/org-netbeans-modules-parsing-lucene.jar:/Users/atalati/vscode-extension/main-repo/javavscode/netbeans/nbbuild/netbeans/platform/modules/org-netbeans-modules-masterfs.jar:/Users/atalati/vscode-extension/main-repo/javavscode/netbeans/nbbuild/netbeans/ide/modules/org-netbeans-modules-parsing-indexing.jar:/Users/atalati/vscode-extension/main-repo/javavscode/netbeans/nbbuild/netbeans/ide/modules/org-netbeans-modules-project-indexingbridge.jar:/Users/atalati/vscode-extension/main-repo/javavscode/netbeans/nbbuild/netbeans/ide/modules/org-netbeans-spi-tasklist.jar:/Users/atalati/vscode-extension/main-repo/javavscode/netbeans/nbbuild/netbeans/java/modules/org-netbeans-modules-java-source-base.jar:/Users/atalati/vscode-extension/main-repo/javavscode/netbeans/nbbuild/netbeans/java/modules/org-netbeans-modules-java-lexer.jar:/Users/atalati/vscode-extension/main-repo/javavscode/netbeans/nbbuild/netbeans/ide/modules/org-netbeans-modules-refactoring-api.jar:/Users/atalati/vscode-extension/main-repo/javavscode/netbeans/nbbuild/netbeans/ide/modules/org-netbeans-modules-diff.jar:/Users/atalati/vscode-extension/main-repo/javavscode/netbeans/nbbuild/netbeans/ide/modules/org-netbeans-modules-editor-errorstripe.jar:/Users/atalati/vscode-extension/main-repo/javavscode/netbeans/nbbuild/netbeans/ide/modules/org-netbeans-modules-editor-errorstripe-api.jar:/Users/atalati/vscode-extension/main-repo/javavscode/netbeans/nbbuild/netbeans/java/modules/org-netbeans-modules-java-source-base.jar:/Users/atalati/vscode-extension/main-repo/javavscode/netbeans/nbbuild/netbeans/platform/modules/org-netbeans-api-annotations-common.jar:/Users/atalati/vscode-extension/main-repo/javavscode/netbeans/nbbuild/netbeans/java/modules/org-netbeans-api-java.jar:/Users/atalati/vscode-extension/main-repo/javavscode/netbeans/nbbuild/netbeans/ide/modules/org-netbeans-api-java-classpath.jar:/Users/atalati/vscode-extension/main-repo/javavscode/netbeans/nbbuild/netbeans/platform/core/org-openide-filesystems.jar:/Users/atalati/vscode-extension/main-repo/javavscode/netbeans/nbbuild/netbeans/platform/lib/org-openide-util.jar:/Users/atalati/vscode-extension/main-repo/javavscode/netbeans/nbbuild/netbeans/platform/lib/org-openide-util-lookup.jar:/Users/atalati/vscode-extension/main-repo/javavscode/netbeans/nbbuild/netbeans/platform/lib/org-openide-modules.jar:/Users/atalati/vscode-extension/main-repo/javavscode/netbeans/nbbuild/netbeans/platform/lib/org-openide-util-ui.jar:/Users/atalati/vscode-extension/main-repo/javavscode/netbeans/nbbuild/netbeans/platform/modules/org-netbeans-api-progress.jar:/Users/atalati/vscode-extension/main-repo/javavscode/netbeans/nbbuild/netbeans/platform/modules/org-netbeans-api-scripting.jar:/Users/atalati/vscode-extension/main-repo/javavscode/netbeans/nbbuild/netbeans/java/modules/org-netbeans-lib-nbjavac.jar:/Users/atalati/vscode-extension/main-repo/javavscode/netbeans/nbbuild/netbeans/java/modules/org-netbeans-libs-javacapi.jar:/Users/atalati/vscode-extension/main-repo/javavscode/netbeans/java/libs.javacapi/external/nb-javac-jdk-22+33-api.jar:/Users/atalati/vscode-extension/main-repo/javavscode/netbeans/java/libs.javacapi/external/nb-javac-jdk-22+33.jar:/Users/atalati/vscode-extension/main-repo/javavscode/netbeans/nbbuild/netbeans/platform/core/org-netbeans-libs-asm.jar:/Users/atalati/vscode-extension/main-repo/javavscode/netbeans/platform/libs.asm/external/asm-9.6.jar:/Users/atalati/vscode-extension/main-repo/javavscode/netbeans/nbbuild/netbeans/platform/core/asm-9.6.jar:/Users/atalati/vscode-extension/main-repo/javavscode/netbeans/platform/libs.asm/external/asm-tree-9.6.jar:/Users/atalati/vscode-extension/main-repo/javavscode/netbeans/nbbuild/netbeans/platform/core/asm-tree-9.6.jar:/Users/atalati/vscode-extension/main-repo/javavscode/netbeans/platform/libs.asm/external/asm-commons-9.6.jar:/Users/atalati/vscode-extension/main-repo/javavscode/netbeans/nbbuild/netbeans/platform/core/asm-commons-9.6.jar:/Users/atalati/vscode-extension/main-repo/javavscode/netbeans/nbbuild/netbeans/ide/modules/org-netbeans-libs-lucene.jar:/Users/atalati/vscode-extension/main-repo/javavscode/netbeans/ide/libs.lucene/external/lucene-core-3.6.2.jar:/Users/atalati/vscode-extension/main-repo/javavscode/netbeans/nbbuild/netbeans/ide/modules/ext/lucene-core-3.6.2.jar:/Users/atalati/vscode-extension/main-repo/javavscode/netbeans/nbbuild/netbeans/java/modules/org-netbeans-modules-classfile.jar:/Users/atalati/vscode-extension/main-repo/javavscode/netbeans/nbbuild/netbeans/ide/modules/org-netbeans-modules-editor-document.jar:/Users/atalati/vscode-extension/main-repo/javavscode/netbeans/nbbuild/netbeans/platform/modules/org-netbeans-modules-editor-mimelookup.jar:/Users/atalati/vscode-extension/main-repo/javavscode/netbeans/nbbuild/netbeans/ide/modules/org-netbeans-modules-editor-util.jar:/Users/atalati/vscode-extension/main-repo/javavscode/netbeans/nbbuild/netbeans/ide/modules/org-netbeans-modules-editor-guards.jar:/Users/atalati/vscode-extension/main-repo/javavscode/netbeans/nbbuild/netbeans/ide/modules/org-netbeans-modules-editor-indent.jar:/Users/atalati/vscode-extension/main-repo/javavscode/netbeans/nbbuild/netbeans/ide/modules/org-netbeans-modules-editor-settings.jar:/Users/atalati/vscode-extension/main-repo/javavscode/netbeans/nbbuild/netbeans/ide/modules/org-netbeans-modules-lexer.jar:/Users/atalati/vscode-extension/main-repo/javavscode/netbeans/nbbuild/netbeans/java/modules/org-netbeans-modules-java-lexer.jar:/Users/atalati/vscode-extension/main-repo/javavscode/netbeans/nbbuild/netbeans/java/modules/org-netbeans-modules-java-platform.jar:/Users/atalati/vscode-extension/main-repo/javavscode/netbeans/nbbuild/netbeans/java/modules/org-netbeans-modules-java-preprocessorbridge.jar:/Users/atalati/vscode-extension/main-repo/javavscode/netbeans/nbbuild/netbeans/ide/modules/org-netbeans-modules-parsing-api.jar:/Users/atalati/vscode-extension/main-repo/javavscode/netbeans/nbbuild/netbeans/ide/modules/org-netbeans-modules-parsing-lucene.jar:/Users/atalati/vscode-extension/main-repo/javavscode/netbeans/nbbuild/netbeans/platform/modules/org-netbeans-modules-masterfs.jar:/Users/atalati/vscode-extension/main-repo/javavscode/netbeans/nbbuild/netbeans/platform/modules/org-netbeans-modules-queries.jar:/Users/atalati/vscode-extension/main-repo/javavscode/netbeans/nbbuild/netbeans/ide/modules/org-netbeans-modules-projectapi.jar:/Users/atalati/vscode-extension/main-repo/javavscode/netbeans/nbbuild/netbeans/ide/modules/org-netbeans-modules-parsing-indexing.jar:/Users/atalati/vscode-extension/main-repo/javavscode/netbeans/nbbuild/netbeans/ide/modules/org-netbeans-modules-project-indexingbridge.jar:/Users/atalati/vscode-extension/main-repo/javavscode/netbeans/nbbuild/netbeans/ide/modules/org-netbeans-modules-projectuiapi-base.jar:/Users/atalati/vscode-extension/main-repo/javavscode/netbeans/nbbuild/netbeans/platform/modules/org-openide-explorer.jar:/Users/atalati/vscode-extension/main-repo/javavscode/netbeans/nbbuild/netbeans/platform/modules/org-netbeans-swing-outline.jar:/Users/atalati/vscode-extension/main-repo/javavscode/netbeans/nbbuild/netbeans/platform/modules/org-netbeans-swing-tabcontrol.jar:/Users/atalati/vscode-extension/main-repo/javavscode/netbeans/nbbuild/netbeans/platform/modules/org-openide-awt.jar:/Users/atalati/vscode-extension/main-repo/javavscode/netbeans/nbbuild/netbeans/platform/modules/org-openide-windows.jar:/Users/atalati/vscode-extension/main-repo/javavscode/netbeans/nbbuild/netbeans/platform/modules/org-openide-nodes.jar:/Users/atalati/vscode-extension/main-repo/javavscode/netbeans/nbbuild/netbeans/platform/modules/org-openide-dialogs.jar:/Users/atalati/vscode-extension/main-repo/javavscode/netbeans/nbbuild/netbeans/platform/modules/org-netbeans-api-progress-nb.jar:/Users/atalati/vscode-extension/main-repo/javavscode/netbeans/nbbuild/netbeans/ide/modules/org-netbeans-spi-tasklist.jar:/Users/atalati/vscode-extension/main-repo/javavscode/netbeans/nbbuild/netbeans/ide/modules/org-netbeans-modules-refactoring-api.jar:/Users/atalati/vscode-extension/main-repo/javavscode/netbeans/nbbuild/netbeans/ide/modules/org-netbeans-modules-diff.jar:/Users/atalati/vscode-extension/main-repo/javavscode/netbeans/nbbuild/netbeans/ide/modules/org-netbeans-modules-editor-errorstripe.jar:/Users/atalati/vscode-extension/main-repo/javavscode/netbeans/nbbuild/netbeans/ide/modules/org-netbeans-modules-editor-errorstripe-api.jar:/Users/atalati/vscode-extension/main-repo/javavscode/netbeans/nbbuild/netbeans/ide/modules/org-netbeans-modules-editor-fold.jar:/Users/atalati/vscode-extension/main-repo/javavscode/netbeans/nbbuild/netbeans/ide/modules/org-netbeans-modules-editor-settings-lib.jar:/Users/atalati/vscode-extension/main-repo/javavscode/netbeans/nbbuild/netbeans/ide/modules/org-netbeans-modules-editor-lib.jar:/Users/atalati/vscode-extension/main-repo/javavscode/netbeans/nbbuild/netbeans/ide/modules/org-netbeans-modules-editor-lib2.jar:/Users/atalati/vscode-extension/main-repo/javavscode/netbeans/nbbuild/netbeans/platform/modules/org-openide-loaders.jar:/Users/atalati/vscode-extension/main-repo/javavscode/netbeans/nbbuild/netbeans/platform/modules/org-netbeans-api-templates.jar:/Users/atalati/vscode-extension/main-repo/javavscode/netbeans/nbbuild/netbeans/platform/modules/org-openide-actions.jar:/Users/atalati/vscode-extension/main-repo/javavscode/netbeans/nbbuild/netbeans/platform/modules/org-openide-text.jar:/Users/atalati/vscode-extension/main-repo/javavscode/netbeans/nbbuild/netbeans/platform/modules/org-openide-filesystems-nb.jar:/Users/atalati/vscode-extension/main-repo/javavscode/netbeans/nbbuild/netbeans/platform/modules/org-netbeans-modules-options-api.jar:/Users/atalati/vscode-extension/main-repo/javavscode/netbeans/nbbuild/netbeans/platform/modules/org-netbeans-core.jar:/Users/atalati/vscode-extension/main-repo/javavscode/netbeans/nbbuild/netbeans/platform/lib/boot.jar:/Users/atalati/vscode-extension/main-repo/javavscode/netbeans/nbbuild/netbeans/platform/core/core.jar:/Users/atalati/vscode-extension/main-repo/javavscode/netbeans/nbbuild/netbeans/platform/core/core-base.jar:/Users/atalati/vscode-extension/main-repo/javavscode/netbeans/nbbuild/netbeans/platform/modules/org-netbeans-modules-keyring.jar:/Users/atalati/vscode-extension/main-repo/javavscode/netbeans/nbbuild/netbeans/platform/modules/org-netbeans-modules-sampler.jar:/Users/atalati/vscode-extension/main-repo/javavscode/netbeans/nbbuild/netbeans/platform/modules/org-netbeans-swing-plaf.jar:/Users/atalati/vscode-extension/main-repo/javavscode/netbeans/nbbuild/netbeans/platform/modules/org-openide-io.jar:/Users/atalati/vscode-extension/main-repo/javavscode/netbeans/nbbuild/netbeans/platform/modules/org-netbeans-api-intent.jar:/Users/atalati/vscode-extension/main-repo/javavscode/netbeans/nbbuild/netbeans/platform/modules/org-netbeans-api-io.jar:/Users/atalati/vscode-extension/main-repo/javavscode/netbeans/nbbuild/netbeans/platform/modules/org-netbeans-spi-quicksearch.jar:/Users/atalati/vscode-extension/main-repo/javavscode/netbeans/nbbuild/netbeans/ide/modules/org-netbeans-modules-options-editor.jar:/Users/atalati/vscode-extension/main-repo/javavscode/netbeans/nbbuild/netbeans/ide/modules/org-netbeans-modules-editor.jar:/Users/atalati/vscode-extension/main-repo/javavscode/netbeans/nbbuild/netbeans/ide/modules/org-netbeans-api-lsp.jar:/Users/atalati/vscode-extension/main-repo/javavscode/netbeans/nbbuild/netbeans/ide/modules/org-netbeans-modules-editor-settings-storage.jar:/Users/atalati/vscode-extension/main-repo/javavscode/netbeans/nbbuild/netbeans/platform/modules/org-netbeans-modules-options-keymap.jar:/Users/atalati/vscode-extension/main-repo/javavscode/netbeans/nbbuild/netbeans/java/modules/org-netbeans-modules-java-sourceui.jar:/Users/atalati/vscode-extension/main-repo/javavscode/netbeans/nbbuild/netbeans/platform/modules/org-netbeans-api-annotations-common.jar:/Users/atalati/vscode-extension/main-repo/javavscode/netbeans/nbbuild/netbeans/java/modules/org-netbeans-api-java.jar:/Users/atalati/vscode-extension/main-repo/javavscode/netbeans/nbbuild/netbeans/ide/modules/org-netbeans-api-java-classpath.jar:/Users/atalati/vscode-extension/main-repo/javavscode/netbeans/nbbuild/netbeans/platform/core/org-openide-filesystems.jar:/Users/atalati/vscode-extension/main-repo/javavscode/netbeans/nbbuild/netbeans/platform/lib/org-openide-util.jar:/Users/atalati/vscode-extension/main-repo/javavscode/netbeans/nbbuild/netbeans/platform/lib/org-openide-util-lookup.jar:/Users/atalati/vscode-extension/main-repo/javavscode/netbeans/nbbuild/netbeans/platform/lib/org-openide-modules.jar:/Users/atalati/vscode-extension/main-repo/javavscode/netbeans/nbbuild/netbeans/platform/lib/org-openide-util-ui.jar:/Users/atalati/vscode-extension/main-repo/javavscode/netbeans/nbbuild/netbeans/ide/modules/org-netbeans-api-lsp.jar:/Users/atalati/vscode-extension/main-repo/javavscode/netbeans/nbbuild/netbeans/platform/modules/org-netbeans-modules-editor-mimelookup.jar:/Users/atalati/vscode-extension/main-repo/javavscode/netbeans/nbbuild/netbeans/ide/modules/org-netbeans-modules-editor-util.jar:/Users/atalati/vscode-extension/main-repo/javavscode/netbeans/nbbuild/netbeans/platform/modules/org-netbeans-api-progress.jar:/Users/atalati/vscode-extension/main-repo/javavscode/netbeans/nbbuild/netbeans/platform/modules/org-netbeans-api-progress-nb.jar:/Users/atalati/vscode-extension/main-repo/javavscode/netbeans/nbbuild/netbeans/platform/modules/org-openide-awt.jar:/Users/atalati/vscode-extension/main-repo/javavscode/netbeans/nbbuild/netbeans/java/modules/org-netbeans-lib-nbjavac.jar:/Users/atalati/vscode-extension/main-repo/javavscode/netbeans/nbbuild/netbeans/java/modules/org-netbeans-libs-javacapi.jar:/Users/atalati/vscode-extension/main-repo/javavscode/netbeans/java/libs.javacapi/external/nb-javac-jdk-22+33-api.jar:/Users/atalati/vscode-extension/main-repo/javavscode/netbeans/java/libs.javacapi/external/nb-javac-jdk-22+33.jar:/Users/atalati/vscode-extension/main-repo/javavscode/netbeans/nbbuild/netbeans/ide/modules/org-netbeans-libs-lucene.jar:/Users/atalati/vscode-extension/main-repo/javavscode/netbeans/ide/libs.lucene/external/lucene-core-3.6.2.jar:/Users/atalati/vscode-extension/main-repo/javavscode/netbeans/nbbuild/netbeans/ide/modules/ext/lucene-core-3.6.2.jar:/Users/atalati/vscode-extension/main-repo/javavscode/netbeans/nbbuild/netbeans/ide/modules/org-netbeans-modules-editor-fold.jar:/Users/atalati/vscode-extension/main-repo/javavscode/netbeans/nbbuild/netbeans/ide/modules/org-netbeans-modules-editor-settings.jar:/Users/atalati/vscode-extension/main-repo/javavscode/netbeans/nbbuild/netbeans/ide/modules/org-netbeans-modules-lexer.jar:/Users/atalati/vscode-extension/main-repo/javavscode/netbeans/nbbuild/netbeans/ide/modules/org-netbeans-modules-editor-settings-lib.jar:/Users/atalati/vscode-extension/main-repo/javavscode/netbeans/nbbuild/netbeans/ide/modules/org-netbeans-modules-editor-lib.jar:/Users/atalati/vscode-extension/main-repo/javavscode/netbeans/nbbuild/netbeans/ide/modules/org-netbeans-modules-editor-document.jar:/Users/atalati/vscode-extension/main-repo/javavscode/netbeans/nbbuild/netbeans/ide/modules/org-netbeans-modules-editor-guards.jar:/Users/atalati/vscode-extension/main-repo/javavscode/netbeans/nbbuild/netbeans/ide/modules/org-netbeans-modules-editor-indent.jar:/Users/atalati/vscode-extension/main-repo/javavscode/netbeans/nbbuild/netbeans/ide/modules/org-netbeans-modules-editor-lib2.jar:/Users/atalati/vscode-extension/main-repo/javavscode/netbeans/nbbuild/netbeans/platform/modules/org-openide-dialogs.jar:/Users/atalati/vscode-extension/main-repo/javavscode/netbeans/nbbuild/netbeans/java/modules/org-netbeans-modules-java-lexer.jar:/Users/atalati/vscode-extension/main-repo/javavscode/netbeans/nbbuild/netbeans/java/modules/org-netbeans-modules-java-platform.jar:/Users/atalati/vscode-extension/main-repo/javavscode/netbeans/nbbuild/netbeans/java/modules/org-netbeans-modules-java-preprocessorbridge.jar:/Users/atalati/vscode-extension/main-repo/javavscode/netbeans/nbbuild/netbeans/ide/modules/org-netbeans-modules-parsing-api.jar:/Users/atalati/vscode-extension/main-repo/javavscode/netbeans/nbbuild/netbeans/ide/modules/org-netbeans-modules-parsing-lucene.jar:/Users/atalati/vscode-extension/main-repo/javavscode/netbeans/nbbuild/netbeans/platform/modules/org-netbeans-modules-masterfs.jar:/Users/atalati/vscode-extension/main-repo/javavscode/netbeans/nbbuild/netbeans/platform/modules/org-netbeans-modules-queries.jar:/Users/atalati/vscode-extension/main-repo/javavscode/netbeans/nbbuild/netbeans/ide/modules/org-netbeans-modules-projectapi.jar:/Users/atalati/vscode-extension/main-repo/javavscode/netbeans/nbbuild/netbeans/ide/modules/org-netbeans-modules-parsing-indexing.jar:/Users/atalati/vscode-extension/main-repo/javavscode/netbeans/nbbuild/netbeans/ide/modules/org-netbeans-modules-project-indexingbridge.jar:/Users/atalati/vscode-extension/main-repo/javavscode/netbeans/nbbuild/netbeans/ide/modules/org-netbeans-modules-projectuiapi-base.jar:/Users/atalati/vscode-extension/main-repo/javavscode/netbeans/nbbuild/netbeans/platform/modules/org-openide-explorer.jar:/Users/atalati/vscode-extension/main-repo/javavscode/netbeans/nbbuild/netbeans/platform/modules/org-netbeans-swing-outline.jar:/Users/atalati/vscode-extension/main-repo/javavscode/netbeans/nbbuild/netbeans/platform/modules/org-netbeans-swing-tabcontrol.jar:/Users/atalati/vscode-extension/main-repo/javavscode/netbeans/nbbuild/netbeans/platform/modules/org-openide-windows.jar:/Users/atalati/vscode-extension/main-repo/javavscode/netbeans/nbbuild/netbeans/platform/modules/org-openide-nodes.jar:/Users/atalati/vscode-extension/main-repo/javavscode/netbeans/nbbuild/netbeans/ide/modules/org-netbeans-spi-tasklist.jar:/Users/atalati/vscode-extension/main-repo/javavscode/netbeans/nbbuild/netbeans/java/modules/org-netbeans-modules-java-source.jar:/Users/atalati/vscode-extension/main-repo/javavscode/netbeans/nbbuild/netbeans/platform/modules/org-netbeans-api-templates.jar:/Users/atalati/vscode-extension/main-repo/javavscode/netbeans/nbbuild/netbeans/platform/modules/org-netbeans-api-scripting.jar:/Users/atalati/vscode-extension/main-repo/javavscode/netbeans/nbbuild/netbeans/platform/modules/org-netbeans-core-multiview.jar:/Users/atalati/vscode-extension/main-repo/javavscode/netbeans/nbbuild/netbeans/platform/modules/org-openide-text.jar:/Users/atalati/vscode-extension/main-repo/javavscode/netbeans/nbbuild/netbeans/platform/modules/org-netbeans-modules-autoupdate-services.jar:/Users/atalati/vscode-extension/main-repo/javavscode/netbeans/nbbuild/netbeans/platform/modules/ext/updater.jar:/Users/atalati/vscode-extension/main-repo/javavscode/netbeans/nbbuild/netbeans/platform/lib/boot.jar:/Users/atalati/vscode-extension/main-repo/javavscode/netbeans/nbbuild/netbeans/platform/core/core.jar:/Users/atalati/vscode-extension/main-repo/javavscode/netbeans/nbbuild/netbeans/platform/core/org-netbeans-libs-asm.jar:/Users/atalati/vscode-extension/main-repo/javavscode/netbeans/platform/libs.asm/external/asm-9.6.jar:/Users/atalati/vscode-extension/main-repo/javavscode/netbeans/nbbuild/netbeans/platform/core/asm-9.6.jar:/Users/atalati/vscode-extension/main-repo/javavscode/netbeans/platform/libs.asm/external/asm-tree-9.6.jar:/Users/atalati/vscode-extension/main-repo/javavscode/netbeans/nbbuild/netbeans/platform/core/asm-tree-9.6.jar:/Users/atalati/vscode-extension/main-repo/javavscode/netbeans/platform/libs.asm/external/asm-commons-9.6.jar:/Users/atalati/vscode-extension/main-repo/javavscode/netbeans/nbbuild/netbeans/platform/core/asm-commons-9.6.jar:/Users/atalati/vscode-extension/main-repo/javavscode/netbeans/nbbuild/netbeans/platform/core/core-base.jar:/Users/atalati/vscode-extension/main-repo/javavscode/netbeans/nbbuild/netbeans/java/modules/org-netbeans-modules-classfile.jar:/Users/atalati/vscode-extension/main-repo/javavscode/netbeans/nbbuild/netbeans/ide/modules/org-netbeans-modules-editor-indent-project.jar:/Users/atalati/vscode-extension/main-repo/javavscode/netbeans/nbbuild/netbeans/ide/modules/org-netbeans-modules-editor-settings-storage.jar:/Users/atalati/vscode-extension/main-repo/javavscode/netbeans/nbbuild/netbeans/platform/modules/org-openide-filesystems-nb.jar:/Users/atalati/vscode-extension/main-repo/javavscode/netbeans/nbbuild/netbeans/platform/modules/org-netbeans-modules-options-keymap.jar:/Users/atalati/vscode-extension/main-repo/javavscode/netbeans/nbbuild/netbeans/platform/modules/org-netbeans-modules-options-api.jar:/Users/atalati/vscode-extension/main-repo/javavscode/netbeans/nbbuild/netbeans/platform/modules/org-netbeans-core.jar:/Users/atalati/vscode-extension/main-repo/javavscode/netbeans/nbbuild/netbeans/platform/modules/org-netbeans-modules-keyring.jar:/Users/atalati/vscode-extension/main-repo/javavscode/netbeans/nbbuild/netbeans/platform/modules/org-netbeans-modules-sampler.jar:/Users/atalati/vscode-extension/main-repo/javavscode/netbeans/nbbuild/netbeans/platform/modules/org-netbeans-swing-plaf.jar:/Users/atalati/vscode-extension/main-repo/javavscode/netbeans/nbbuild/netbeans/platform/modules/org-openide-actions.jar:/Users/atalati/vscode-extension/main-repo/javavscode/netbeans/nbbuild/netbeans/platform/modules/org-openide-io.jar:/Users/atalati/vscode-extension/main-repo/javavscode/netbeans/nbbuild/netbeans/platform/modules/org-netbeans-api-intent.jar:/Users/atalati/vscode-extension/main-repo/javavscode/netbeans/nbbuild/netbeans/platform/modules/org-netbeans-api-io.jar:/Users/atalati/vscode-extension/main-repo/javavscode/netbeans/nbbuild/netbeans/platform/modules/org-openide-loaders.jar:/Users/atalati/vscode-extension/main-repo/javavscode/netbeans/nbbuild/netbeans/platform/modules/org-netbeans-spi-quicksearch.jar:/Users/atalati/vscode-extension/main-repo/javavscode/netbeans/nbbuild/netbeans/ide/modules/org-netbeans-modules-options-editor.jar:/Users/atalati/vscode-extension/main-repo/javavscode/netbeans/nbbuild/netbeans/ide/modules/org-netbeans-modules-editor.jar:/Users/atalati/vscode-extension/main-repo/javavscode/netbeans/nbbuild/netbeans/ide/modules/org-netbeans-modules-projectuiapi.jar:/Users/atalati/vscode-extension/main-repo/javavscode/netbeans/nbbuild/netbeans/java/modules/org-netbeans-modules-java-source-base.jar:/Users/atalati/vscode-extension/main-repo/javavscode/netbeans/nbbuild/netbeans/ide/modules/org-netbeans-modules-refactoring-api.jar:/Users/atalati/vscode-extension/main-repo/javavscode/netbeans/nbbuild/netbeans/ide/modules/org-netbeans-modules-diff.jar:/Users/atalati/vscode-extension/main-repo/javavscode/netbeans/nbbuild/netbeans/ide/modules/org-netbeans-modules-editor-errorstripe.jar:/Users/atalati/vscode-extension/main-repo/javavscode/netbeans/nbbuild/netbeans/ide/modules/org-netbeans-modules-editor-errorstripe-api.jar:/Users/atalati/vscode-extension/main-repo/javavscode/netbeans/nbbuild/netbeans/ide/modules/org-netbeans-modules-jumpto.jar:/Users/atalati/vscode-extension/main-repo/javavscode/netbeans/nbbuild/netbeans/platform/modules/org-netbeans-api-search.jar:/Users/atalati/vscode-extension/main-repo/javavscode/netbeans/nbbuild/netbeans/java/modules/org-netbeans-modules-java-testrunner-ui.jar:/Users/atalati/vscode-extension/main-repo/javavscode/netbeans/nbbuild/netbeans/platform/modules/org-netbeans-api-annotations-common.jar:/Users/atalati/vscode-extension/main-repo/javavscode/netbeans/nbbuild/netbeans/java/modules/org-netbeans-api-java.jar:/Users/atalati/vscode-extension/main-repo/javavscode/netbeans/nbbuild/netbeans/ide/modules/org-netbeans-api-java-classpath.jar:/Users/atalati/vscode-extension/main-repo/javavscode/netbeans/nbbuild/netbeans/platform/core/org-openide-filesystems.jar:/Users/atalati/vscode-extension/main-repo/javavscode/netbeans/nbbuild/netbeans/platform/lib/org-openide-util.jar:/Users/atalati/vscode-extension/main-repo/javavscode/netbeans/nbbuild/netbeans/platform/lib/org-openide-util-lookup.jar:/Users/atalati/vscode-extension/main-repo/javavscode/netbeans/nbbuild/netbeans/platform/lib/org-openide-modules.jar:/Users/atalati/vscode-extension/main-repo/javavscode/netbeans/nbbuild/netbeans/platform/lib/org-openide-util-ui.jar:/Users/atalati/vscode-extension/main-repo/javavscode/netbeans/nbbuild/netbeans/java/modules/org-netbeans-libs-javacapi.jar:/Users/atalati/vscode-extension/main-repo/javavscode/netbeans/java/libs.javacapi/external/nb-javac-jdk-22+33-api.jar:/Users/atalati/vscode-extension/main-repo/javavscode/netbeans/java/libs.javacapi/external/nb-javac-jdk-22+33.jar:/Users/atalati/vscode-extension/main-repo/javavscode/netbeans/nbbuild/netbeans/ide/modules/org-netbeans-modules-extexecution.jar:/Users/atalati/vscode-extension/main-repo/javavscode/netbeans/nbbuild/netbeans/platform/modules/org-netbeans-api-progress.jar:/Users/atalati/vscode-extension/main-repo/javavscode/netbeans/nbbuild/netbeans/ide/modules/org-netbeans-modules-extexecution-base.jar:/Users/atalati/vscode-extension/main-repo/javavscode/netbeans/nbbuild/netbeans/platform/modules/org-openide-io.jar:/Users/atalati/vscode-extension/main-repo/javavscode/netbeans/nbbuild/netbeans/platform/modules/org-netbeans-api-intent.jar:/Users/atalati/vscode-extension/main-repo/javavscode/netbeans/nbbuild/netbeans/platform/modules/org-netbeans-api-io.jar:/Users/atalati/vscode-extension/main-repo/javavscode/netbeans/nbbuild/netbeans/ide/modules/org-netbeans-modules-gsf-testrunner.jar:/Users/atalati/vscode-extension/main-repo/javavscode/netbeans/nbbuild/netbeans/ide/modules/org-netbeans-modules-projectapi.jar:/Users/atalati/vscode-extension/main-repo/javavscode/netbeans/nbbuild/netbeans/platform/modules/org-netbeans-modules-queries.jar:/Users/atalati/vscode-extension/main-repo/javavscode/netbeans/nbbuild/netbeans/ide/modules/org-netbeans-modules-gsf-testrunner-ui.jar:/Users/atalati/vscode-extension/main-repo/javavscode/netbeans/nbbuild/netbeans/platform/modules/org-netbeans-api-progress-nb.jar:/Users/atalati/vscode-extension/main-repo/javavscode/netbeans/nbbuild/netbeans/platform/modules/org-openide-awt.jar:/Users/atalati/vscode-extension/main-repo/javavscode/netbeans/nbbuild/netbeans/ide/modules/org-netbeans-modules-diff.jar:/Users/atalati/vscode-extension/main-repo/javavscode/netbeans/nbbuild/netbeans/ide/modules/org-netbeans-modules-editor-errorstripe.jar:/Users/atalati/vscode-extension/main-repo/javavscode/netbeans/nbbuild/netbeans/ide/modules/org-netbeans-modules-editor-document.jar:/Users/atalati/vscode-extension/main-repo/javavscode/netbeans/nbbuild/netbeans/platform/modules/org-netbeans-modules-editor-mimelookup.jar:/Users/atalati/vscode-extension/main-repo/javavscode/netbeans/nbbuild/netbeans/ide/modules/org-netbeans-modules-editor-util.jar:/Users/atalati/vscode-extension/main-repo/javavscode/netbeans/nbbuild/netbeans/ide/modules/org-netbeans-modules-editor-errorstripe-api.jar:/Users/atalati/vscode-extension/main-repo/javavscode/netbeans/nbbuild/netbeans/ide/modules/org-netbeans-modules-editor-fold.jar:/Users/atalati/vscode-extension/main-repo/javavscode/netbeans/nbbuild/netbeans/ide/modules/org-netbeans-modules-editor-settings.jar:/Users/atalati/vscode-extension/main-repo/javavscode/netbeans/nbbuild/netbeans/ide/modules/org-netbeans-modules-lexer.jar:/Users/atalati/vscode-extension/main-repo/javavscode/netbeans/nbbuild/netbeans/ide/modules/org-netbeans-modules-editor-settings-lib.jar:/Users/atalati/vscode-extension/main-repo/javavscode/netbeans/nbbuild/netbeans/ide/modules/org-netbeans-modules-editor-lib.jar:/Users/atalati/vscode-extension/main-repo/javavscode/netbeans/nbbuild/netbeans/ide/modules/org-netbeans-modules-editor-guards.jar:/Users/atalati/vscode-extension/main-repo/javavscode/netbeans/nbbuild/netbeans/ide/modules/org-netbeans-modules-editor-indent.jar:/Users/atalati/vscode-extension/main-repo/javavscode/netbeans/nbbuild/netbeans/ide/modules/org-netbeans-modules-editor-lib2.jar:/Users/atalati/vscode-extension/main-repo/javavscode/netbeans/nbbuild/netbeans/platform/modules/org-openide-dialogs.jar:/Users/atalati/vscode-extension/main-repo/javavscode/netbeans/nbbuild/netbeans/platform/modules/org-openide-loaders.jar:/Users/atalati/vscode-extension/main-repo/javavscode/netbeans/nbbuild/netbeans/platform/modules/org-netbeans-api-scripting.jar:/Users/atalati/vscode-extension/main-repo/javavscode/netbeans/nbbuild/netbeans/platform/modules/org-netbeans-api-templates.jar:/Users/atalati/vscode-extension/main-repo/javavscode/netbeans/nbbuild/netbeans/platform/modules/org-openide-actions.jar:/Users/atalati/vscode-extension/main-repo/javavscode/netbeans/nbbuild/netbeans/platform/modules/org-openide-explorer.jar:/Users/atalati/vscode-extension/main-repo/javavscode/netbeans/nbbuild/netbeans/platform/modules/org-netbeans-swing-outline.jar:/Users/atalati/vscode-extension/main-repo/javavscode/netbeans/nbbuild/netbeans/platform/modules/org-netbeans-swing-tabcontrol.jar:/Users/atalati/vscode-extension/main-repo/javavscode/netbeans/nbbuild/netbeans/platform/modules/org-openide-windows.jar:/Users/atalati/vscode-extension/main-repo/javavscode/netbeans/nbbuild/netbeans/platform/modules/org-openide-nodes.jar:/Users/atalati/vscode-extension/main-repo/javavscode/netbeans/nbbuild/netbeans/platform/modules/org-openide-text.jar:/Users/atalati/vscode-extension/main-repo/javavscode/netbeans/nbbuild/netbeans/platform/modules/org-openide-filesystems-nb.jar:/Users/atalati/vscode-extension/main-repo/javavscode/netbeans/nbbuild/netbeans/platform/modules/org-netbeans-modules-options-api.jar:/Users/atalati/vscode-extension/main-repo/javavscode/netbeans/nbbuild/netbeans/platform/modules/org-netbeans-core.jar:/Users/atalati/vscode-extension/main-repo/javavscode/netbeans/nbbuild/netbeans/platform/lib/boot.jar:/Users/atalati/vscode-extension/main-repo/javavscode/netbeans/nbbuild/netbeans/platform/core/core.jar:/Users/atalati/vscode-extension/main-repo/javavscode/netbeans/nbbuild/netbeans/platform/core/org-netbeans-libs-asm.jar:/Users/atalati/vscode-extension/main-repo/javavscode/netbeans/platform/libs.asm/external/asm-9.6.jar:/Users/atalati/vscode-extension/main-repo/javavscode/netbeans/nbbuild/netbeans/platform/core/asm-9.6.jar:/Users/atalati/vscode-extension/main-repo/javavscode/netbeans/platform/libs.asm/external/asm-tree-9.6.jar:/Users/atalati/vscode-extension/main-repo/javavscode/netbeans/nbbuild/netbeans/platform/core/asm-tree-9.6.jar:/Users/atalati/vscode-extension/main-repo/javavscode/netbeans/platform/libs.asm/external/asm-commons-9.6.jar:/Users/atalati/vscode-extension/main-repo/javavscode/netbeans/nbbuild/netbeans/platform/core/asm-commons-9.6.jar:/Users/atalati/vscode-extension/main-repo/javavscode/netbeans/nbbuild/netbeans/platform/core/core-base.jar:/Users/atalati/vscode-extension/main-repo/javavscode/netbeans/nbbuild/netbeans/platform/modules/org-netbeans-modules-keyring.jar:/Users/atalati/vscode-extension/main-repo/javavscode/netbeans/nbbuild/netbeans/platform/modules/org-netbeans-modules-sampler.jar:/Users/atalati/vscode-extension/main-repo/javavscode/netbeans/nbbuild/netbeans/platform/modules/org-netbeans-swing-plaf.jar:/Users/atalati/vscode-extension/main-repo/javavscode/netbeans/nbbuild/netbeans/platform/modules/org-netbeans-spi-quicksearch.jar:/Users/atalati/vscode-extension/main-repo/javavscode/netbeans/nbbuild/netbeans/ide/modules/org-netbeans-modules-options-editor.jar:/Users/atalati/vscode-extension/main-repo/javavscode/netbeans/nbbuild/netbeans/ide/modules/org-netbeans-modules-editor.jar:/Users/atalati/vscode-extension/main-repo/javavscode/netbeans/nbbuild/netbeans/ide/modules/org-netbeans-api-lsp.jar:/Users/atalati/vscode-extension/main-repo/javavscode/netbeans/nbbuild/netbeans/ide/modules/org-netbeans-modules-editor-settings-storage.jar:/Users/atalati/vscode-extension/main-repo/javavscode/netbeans/nbbuild/netbeans/platform/modules/org-netbeans-modules-options-keymap.jar:/Users/atalati/vscode-extension/main-repo/javavscode/netbeans/nbbuild/netbeans/ide/modules/org-netbeans-modules-parsing-api.jar:/Users/atalati/vscode-extension/main-repo/javavscode/netbeans/nbbuild/netbeans/ide/modules/org-netbeans-modules-parsing-lucene.jar:/Users/atalati/vscode-extension/main-repo/javavscode/netbeans/nbbuild/netbeans/ide/modules/org-netbeans-libs-lucene.jar:/Users/atalati/vscode-extension/main-repo/javavscode/netbeans/ide/libs.lucene/external/lucene-core-3.6.2.jar:/Users/atalati/vscode-extension/main-repo/javavscode/netbeans/nbbuild/netbeans/ide/modules/ext/lucene-core-3.6.2.jar:/Users/atalati/vscode-extension/main-repo/javavscode/netbeans/nbbuild/netbeans/platform/modules/org-netbeans-modules-masterfs.jar:/Users/atalati/vscode-extension/main-repo/javavscode/netbeans/nbbuild/netbeans/ide/modules/org-netbeans-modules-parsing-indexing.jar:/Users/atalati/vscode-extension/main-repo/javavscode/netbeans/nbbuild/netbeans/ide/modules/org-netbeans-modules-project-indexingbridge.jar:/Users/atalati/vscode-extension/main-repo/javavscode/netbeans/nbbuild/netbeans/ide/modules/org-netbeans-modules-projectuiapi-base.jar:/Users/atalati/vscode-extension/main-repo/javavscode/netbeans/nbbuild/netbeans/ide/modules/org-netbeans-spi-tasklist.jar:/Users/atalati/vscode-extension/main-repo/javavscode/netbeans/nbbuild/netbeans/java/modules/org-netbeans-modules-java-source.jar:/Users/atalati/vscode-extension/main-repo/javavscode/netbeans/nbbuild/netbeans/platform/modules/org-netbeans-core-multiview.jar:/Users/atalati/vscode-extension/main-repo/javavscode/netbeans/nbbuild/netbeans/java/modules/org-netbeans-lib-nbjavac.jar:/Users/atalati/vscode-extension/main-repo/javavscode/netbeans/nbbuild/netbeans/platform/modules/org-netbeans-modules-autoupdate-services.jar:/Users/atalati/vscode-extension/main-repo/javavscode/netbeans/nbbuild/netbeans/platform/modules/ext/updater.jar:/Users/atalati/vscode-extension/main-repo/javavscode/netbeans/nbbuild/netbeans/java/modules/org-netbeans-modules-classfile.jar:/Users/atalati/vscode-extension/main-repo/javavscode/netbeans/nbbuild/netbeans/ide/modules/org-netbeans-modules-editor-indent-project.jar:/Users/atalati/vscode-extension/main-repo/javavscode/netbeans/nbbuild/netbeans/ide/modules/org-netbeans-modules-projectuiapi.jar:/Users/atalati/vscode-extension/main-repo/javavscode/netbeans/nbbuild/netbeans/java/modules/org-netbeans-modules-java-platform.jar:/Users/atalati/vscode-extension/main-repo/javavscode/netbeans/nbbuild/netbeans/java/modules/org-netbeans-modules-java-preprocessorbridge.jar:/Users/atalati/vscode-extension/main-repo/javavscode/netbeans/nbbuild/netbeans/java/modules/org-netbeans-modules-java-source-base.jar:/Users/atalati/vscode-extension/main-repo/javavscode/netbeans/nbbuild/netbeans/java/modules/org-netbeans-modules-java-lexer.jar:/Users/atalati/vscode-extension/main-repo/javavscode/netbeans/nbbuild/netbeans/ide/modules/org-netbeans-modules-refactoring-api.jar:/Users/atalati/vscode-extension/main-repo/javavscode/netbeans/nbbuild/netbeans/java/modules/org-netbeans-modules-java-testrunner.jar:/Users/atalati/vscode-extension/main-repo/javavscode/netbeans/nbbuild/netbeans/java/modules/org-netbeans-modules-java-project.jar:/Users/atalati/vscode-extension/main-repo/javavscode/netbeans/nbbuild/netbeans/ide/modules/org-netbeans-modules-project-ant.jar:/Users/atalati/vscode-extension/main-repo/javavscode/netbeans/nbbuild/netbeans/ide/modules/org-netbeans-modules-project-libraries.jar:/Users/atalati/vscode-extension/main-repo/javavscode/netbeans/nbbuild/netbeans/ide/modules/org-netbeans-modules-project-spi-intern.jar:/Users/atalati/vscode-extension/main-repo/javavscode/netbeans/nbbuild/netbeans/ide/modules/org-netbeans-modules-xml-catalog.jar:/Users/atalati/vscode-extension/main-repo/javavscode/netbeans/nbbuild/netbeans/ide/modules/org-apache-xml-resolver.jar:/Users/atalati/vscode-extension/main-repo/javavscode/netbeans/ide/o.apache.xml.resolver/external/resolver-1.2.jar:/Users/atalati/vscode-extension/main-repo/javavscode/netbeans/nbbuild/netbeans/ide/modules/ext/resolver-1.2.jar:/Users/atalati/vscode-extension/main-repo/javavscode/netbeans/nbbuild/netbeans/ide/modules/org-netbeans-api-xml.jar:/Users/atalati/vscode-extension/main-repo/javavscode/netbeans/nbbuild/netbeans/ide/modules/org-netbeans-spi-editor-hints.jar:/Users/atalati/vscode-extension/main-repo/javavscode/netbeans/nbbuild/netbeans/java/modules/org-netbeans-spi-java-hints.jar:/Users/atalati/vscode-extension/main-repo/javavscode/netbeans/nbbuild/netbeans/ide/modules/org-netbeans-modules-code-analysis.jar:/Users/atalati/vscode-extension/main-repo/javavscode/netbeans/nbbuild/netbeans/platform/modules/org-netbeans-modules-settings.jar:/Users/atalati/vscode-extension/main-repo/javavscode/netbeans/nbbuild/netbeans/ide/modules/org-netbeans-modules-javascript2-debug.jar:/Users/atalati/vscode-extension/main-repo/javavscode/netbeans/nbbuild/netbeans/platform/modules/org-netbeans-api-annotations-common.jar:/Users/atalati/vscode-extension/main-repo/javavscode/netbeans/nbbuild/netbeans/ide/modules/org-netbeans-api-debugger.jar:/Users/atalati/vscode-extension/main-repo/javavscode/netbeans/nbbuild/netbeans/ide/modules/org-netbeans-modules-projectapi.jar:/Users/atalati/vscode-extension/main-repo/javavscode/netbeans/nbbuild/netbeans/platform/modules/org-netbeans-modules-queries.jar:/Users/atalati/vscode-extension/main-repo/javavscode/netbeans/nbbuild/netbeans/platform/core/org-openide-filesystems.jar:/Users/atalati/vscode-extension/main-repo/javavscode/netbeans/nbbuild/netbeans/platform/lib/org-openide-util.jar:/Users/atalati/vscode-extension/main-repo/javavscode/netbeans/nbbuild/netbeans/platform/lib/org-openide-util-lookup.jar:/Users/atalati/vscode-extension/main-repo/javavscode/netbeans/nbbuild/netbeans/platform/lib/org-openide-modules.jar:/Users/atalati/vscode-extension/main-repo/javavscode/netbeans/nbbuild/netbeans/platform/lib/org-openide-util-ui.jar:/Users/atalati/vscode-extension/main-repo/javavscode/netbeans/nbbuild/netbeans/ide/modules/org-netbeans-modules-editor-document.jar:/Users/atalati/vscode-extension/main-repo/javavscode/netbeans/nbbuild/netbeans/platform/modules/org-netbeans-modules-editor-mimelookup.jar:/Users/atalati/vscode-extension/main-repo/javavscode/netbeans/nbbuild/netbeans/ide/modules/org-netbeans-modules-editor-util.jar:/Users/atalati/vscode-extension/main-repo/javavscode/netbeans/nbbuild/netbeans/ide/modules/org-netbeans-modules-parsing-api.jar:/Users/atalati/vscode-extension/main-repo/javavscode/netbeans/nbbuild/netbeans/ide/modules/org-netbeans-api-java-classpath.jar:/Users/atalati/vscode-extension/main-repo/javavscode/netbeans/nbbuild/netbeans/ide/modules/org-netbeans-modules-lexer.jar:/Users/atalati/vscode-extension/main-repo/javavscode/netbeans/nbbuild/netbeans/ide/modules/org-netbeans-modules-parsing-lucene.jar:/Users/atalati/vscode-extension/main-repo/javavscode/netbeans/nbbuild/netbeans/ide/modules/org-netbeans-libs-lucene.jar:/Users/atalati/vscode-extension/main-repo/javavscode/netbeans/ide/libs.lucene/external/lucene-core-3.6.2.jar:/Users/atalati/vscode-extension/main-repo/javavscode/netbeans/nbbuild/netbeans/ide/modules/ext/lucene-core-3.6.2.jar:/Users/atalati/vscode-extension/main-repo/javavscode/netbeans/nbbuild/netbeans/platform/modules/org-netbeans-modules-masterfs.jar:/Users/atalati/vscode-extension/main-repo/javavscode/netbeans/nbbuild/netbeans/ide/modules/org-netbeans-modules-web-common.jar:/Users/atalati/vscode-extension/main-repo/javavscode/netbeans/nbbuild/netbeans/ide/modules/org-netbeans-libs-json_simple.jar:/Users/atalati/vscode-extension/main-repo/javavscode/netbeans/nbbuild/netbeans/ide/modules/ext/json-simple-1.1.1.jar:/Users/atalati/vscode-extension/main-repo/javavscode/netbeans/nbbuild/netbeans/ide/modules/org-netbeans-modules-jumpto.jar:/Users/atalati/vscode-extension/main-repo/javavscode/netbeans/nbbuild/netbeans/platform/modules/org-netbeans-api-annotations-common.jar:/Users/atalati/vscode-extension/main-repo/javavscode/netbeans/nbbuild/netbeans/platform/modules/org-netbeans-api-search.jar:/Users/atalati/vscode-extension/main-repo/javavscode/netbeans/nbbuild/netbeans/platform/modules/org-netbeans-api-progress.jar:/Users/atalati/vscode-extension/main-repo/javavscode/netbeans/nbbuild/netbeans/platform/lib/org-openide-modules.jar:/Users/atalati/vscode-extension/main-repo/javavscode/netbeans/nbbuild/netbeans/platform/lib/org-openide-util-ui.jar:/Users/atalati/vscode-extension/main-repo/javavscode/netbeans/nbbuild/netbeans/platform/lib/org-openide-util.jar:/Users/atalati/vscode-extension/main-repo/javavscode/netbeans/nbbuild/netbeans/platform/lib/org-openide-util-lookup.jar:/Users/atalati/vscode-extension/main-repo/javavscode/netbeans/nbbuild/netbeans/platform/modules/org-netbeans-modules-queries.jar:/Users/atalati/vscode-extension/main-repo/javavscode/netbeans/nbbuild/netbeans/platform/core/org-openide-filesystems.jar:/Users/atalati/vscode-extension/main-repo/javavscode/netbeans/nbbuild/netbeans/platform/modules/org-netbeans-swing-outline.jar:/Users/atalati/vscode-extension/main-repo/javavscode/netbeans/nbbuild/netbeans/platform/modules/org-openide-actions.jar:/Users/atalati/vscode-extension/main-repo/javavscode/netbeans/nbbuild/netbeans/platform/modules/org-openide-awt.jar:/Users/atalati/vscode-extension/main-repo/javavscode/netbeans/nbbuild/netbeans/platform/modules/org-openide-dialogs.jar:/Users/atalati/vscode-extension/main-repo/javavscode/netbeans/nbbuild/netbeans/platform/modules/org-netbeans-api-progress-nb.jar:/Users/atalati/vscode-extension/main-repo/javavscode/netbeans/nbbuild/netbeans/platform/modules/org-openide-explorer.jar:/Users/atalati/vscode-extension/main-repo/javavscode/netbeans/nbbuild/netbeans/platform/modules/org-netbeans-swing-tabcontrol.jar:/Users/atalati/vscode-extension/main-repo/javavscode/netbeans/nbbuild/netbeans/platform/modules/org-openide-windows.jar:/Users/atalati/vscode-extension/main-repo/javavscode/netbeans/nbbuild/netbeans/platform/modules/org-openide-nodes.jar:/Users/atalati/vscode-extension/main-repo/javavscode/netbeans/nbbuild/netbeans/platform/modules/org-openide-text.jar:/Users/atalati/vscode-extension/main-repo/javavscode/netbeans/nbbuild/netbeans/platform/modules/org-netbeans-modules-editor-mimelookup.jar:/Users/atalati/vscode-extension/main-repo/javavscode/netbeans/nbbuild/netbeans/platform/modules/org-openide-filesystems-nb.jar:/Users/atalati/vscode-extension/main-repo/javavscode/netbeans/nbbuild/netbeans/platform/modules/org-openide-io.jar:/Users/atalati/vscode-extension/main-repo/javavscode/netbeans/nbbuild/netbeans/platform/modules/org-netbeans-api-intent.jar:/Users/atalati/vscode-extension/main-repo/javavscode/netbeans/nbbuild/netbeans/platform/modules/org-netbeans-api-io.jar:/Users/atalati/vscode-extension/main-repo/javavscode/netbeans/nbbuild/netbeans/platform/modules/org-openide-loaders.jar:/Users/atalati/vscode-extension/main-repo/javavscode/netbeans/nbbuild/netbeans/platform/modules/org-netbeans-api-scripting.jar:/Users/atalati/vscode-extension/main-repo/javavscode/netbeans/nbbuild/netbeans/platform/modules/org-netbeans-api-templates.jar:/Users/atalati/vscode-extension/main-repo/javavscode/netbeans/nbbuild/netbeans/ide/modules/org-netbeans-modules-editor-lib.jar:/Users/atalati/vscode-extension/main-repo/javavscode/netbeans/nbbuild/netbeans/ide/modules/org-netbeans-modules-editor-document.jar:/Users/atalati/vscode-extension/main-repo/javavscode/netbeans/nbbuild/netbeans/ide/modules/org-netbeans-modules-editor-util.jar:/Users/atalati/vscode-extension/main-repo/javavscode/netbeans/nbbuild/netbeans/ide/modules/org-netbeans-modules-editor-fold.jar:/Users/atalati/vscode-extension/main-repo/javavscode/netbeans/nbbuild/netbeans/ide/modules/org-netbeans-modules-editor-settings.jar:/Users/atalati/vscode-extension/main-repo/javavscode/netbeans/nbbuild/netbeans/ide/modules/org-netbeans-modules-lexer.jar:/Users/atalati/vscode-extension/main-repo/javavscode/netbeans/nbbuild/netbeans/ide/modules/org-netbeans-modules-editor-settings-lib.jar:/Users/atalati/vscode-extension/main-repo/javavscode/netbeans/nbbuild/netbeans/ide/modules/org-netbeans-modules-editor-guards.jar:/Users/atalati/vscode-extension/main-repo/javavscode/netbeans/nbbuild/netbeans/ide/modules/org-netbeans-modules-editor-indent.jar:/Users/atalati/vscode-extension/main-repo/javavscode/netbeans/nbbuild/netbeans/ide/modules/org-netbeans-modules-editor-lib2.jar:/Users/atalati/vscode-extension/main-repo/javavscode/netbeans/nbbuild/netbeans/platform/modules/org-netbeans-modules-options-api.jar:/Users/atalati/vscode-extension/main-repo/javavscode/netbeans/nbbuild/netbeans/platform/modules/org-netbeans-core.jar:/Users/atalati/vscode-extension/main-repo/javavscode/netbeans/nbbuild/netbeans/platform/lib/boot.jar:/Users/atalati/vscode-extension/main-repo/javavscode/netbeans/nbbuild/netbeans/platform/core/core.jar:/Users/atalati/vscode-extension/main-repo/javavscode/netbeans/nbbuild/netbeans/platform/core/org-netbeans-libs-asm.jar:/Users/atalati/vscode-extension/main-repo/javavscode/netbeans/platform/libs.asm/external/asm-9.6.jar:/Users/atalati/vscode-extension/main-repo/javavscode/netbeans/nbbuild/netbeans/platform/core/asm-9.6.jar:/Users/atalati/vscode-extension/main-repo/javavscode/netbeans/platform/libs.asm/external/asm-tree-9.6.jar:/Users/atalati/vscode-extension/main-repo/javavscode/netbeans/nbbuild/netbeans/platform/core/asm-tree-9.6.jar:/Users/atalati/vscode-extension/main-repo/javavscode/netbeans/platform/libs.asm/external/asm-commons-9.6.jar:/Users/atalati/vscode-extension/main-repo/javavscode/netbeans/nbbuild/netbeans/platform/core/asm-commons-9.6.jar:/Users/atalati/vscode-extension/main-repo/javavscode/netbeans/nbbuild/netbeans/platform/core/core-base.jar:/Users/atalati/vscode-extension/main-repo/javavscode/netbeans/nbbuild/netbeans/platform/modules/org-netbeans-modules-keyring.jar:/Users/atalati/vscode-extension/main-repo/javavscode/netbeans/nbbuild/netbeans/platform/modules/org-netbeans-modules-sampler.jar:/Users/atalati/vscode-extension/main-repo/javavscode/netbeans/nbbuild/netbeans/platform/modules/org-netbeans-swing-plaf.jar:/Users/atalati/vscode-extension/main-repo/javavscode/netbeans/nbbuild/netbeans/platform/modules/org-netbeans-spi-quicksearch.jar:/Users/atalati/vscode-extension/main-repo/javavscode/netbeans/nbbuild/netbeans/ide/modules/org-netbeans-modules-parsing-api.jar:/Users/atalati/vscode-extension/main-repo/javavscode/netbeans/nbbuild/netbeans/ide/modules/org-netbeans-api-java-classpath.jar:/Users/atalati/vscode-extension/main-repo/javavscode/netbeans/nbbuild/netbeans/ide/modules/org-netbeans-modules-parsing-lucene.jar:/Users/atalati/vscode-extension/main-repo/javavscode/netbeans/nbbuild/netbeans/ide/modules/org-netbeans-libs-lucene.jar:/Users/atalati/vscode-extension/main-repo/javavscode/netbeans/ide/libs.lucene/external/lucene-core-3.6.2.jar:/Users/atalati/vscode-extension/main-repo/javavscode/netbeans/nbbuild/netbeans/ide/modules/ext/lucene-core-3.6.2.jar:/Users/atalati/vscode-extension/main-repo/javavscode/netbeans/nbbuild/netbeans/platform/modules/org-netbeans-modules-masterfs.jar:/Users/atalati/vscode-extension/main-repo/javavscode/netbeans/nbbuild/netbeans/ide/modules/org-netbeans-modules-projectapi.jar:/Users/atalati/vscode-extension/main-repo/javavscode/netbeans/nbbuild/netbeans/ide/modules/org-netbeans-modules-parsing-indexing.jar:/Users/atalati/vscode-extension/main-repo/javavscode/netbeans/nbbuild/netbeans/ide/modules/org-netbeans-modules-project-indexingbridge.jar:/Users/atalati/vscode-extension/main-repo/javavscode/netbeans/nbbuild/netbeans/ide/modules/org-netbeans-modules-projectuiapi-base.jar:/Users/atalati/vscode-extension/main-repo/javavscode/netbeans/nbbuild/netbeans/ide/modules/org-netbeans-spi-tasklist.jar:/Users/atalati/vscode-extension/main-repo/javavscode/netbeans/nbbuild/netbeans/ide/modules/org-netbeans-modules-lexer.jar:/Users/atalati/vscode-extension/main-repo/javavscode/netbeans/nbbuild/netbeans/ide/modules/org-netbeans-modules-editor-util.jar:/Users/atalati/vscode-extension/main-repo/javavscode/netbeans/nbbuild/netbeans/platform/lib/org-openide-util.jar:/Users/atalati/vscode-extension/main-repo/javavscode/netbeans/nbbuild/netbeans/platform/lib/org-openide-util-lookup.jar:/Users/atalati/vscode-extension/main-repo/javavscode/netbeans/nbbuild/netbeans/platform/lib/org-openide-util-ui.jar:/Users/atalati/vscode-extension/main-repo/javavscode/netbeans/nbbuild/netbeans/ide/modules/org-netbeans-modules-nativeimage-api.jar:/Users/atalati/vscode-extension/main-repo/javavscode/netbeans/nbbuild/netbeans/platform/modules/org-netbeans-api-annotations-common.jar:/Users/atalati/vscode-extension/main-repo/javavscode/netbeans/nbbuild/netbeans/ide/modules/org-netbeans-api-debugger.jar:/Users/atalati/vscode-extension/main-repo/javavscode/netbeans/nbbuild/netbeans/ide/modules/org-netbeans-modules-projectapi.jar:/Users/atalati/vscode-extension/main-repo/javavscode/netbeans/nbbuild/netbeans/platform/modules/org-netbeans-modules-queries.jar:/Users/atalati/vscode-extension/main-repo/javavscode/netbeans/nbbuild/netbeans/platform/core/org-openide-filesystems.jar:/Users/atalati/vscode-extension/main-repo/javavscode/netbeans/nbbuild/netbeans/platform/lib/org-openide-util.jar:/Users/atalati/vscode-extension/main-repo/javavscode/netbeans/nbbuild/netbeans/platform/lib/org-openide-util-lookup.jar:/Users/atalati/vscode-extension/main-repo/javavscode/netbeans/nbbuild/netbeans/platform/lib/org-openide-modules.jar:/Users/atalati/vscode-extension/main-repo/javavscode/netbeans/nbbuild/netbeans/platform/lib/org-openide-util-ui.jar:/Users/atalati/vscode-extension/main-repo/javavscode/netbeans/nbbuild/netbeans/ide/modules/org-netbeans-modules-extexecution.jar:/Users/atalati/vscode-extension/main-repo/javavscode/netbeans/nbbuild/netbeans/platform/modules/org-netbeans-api-progress.jar:/Users/atalati/vscode-extension/main-repo/javavscode/netbeans/nbbuild/netbeans/ide/modules/org-netbeans-modules-extexecution-base.jar:/Users/atalati/vscode-extension/main-repo/javavscode/netbeans/nbbuild/netbeans/platform/modules/org-openide-io.jar:/Users/atalati/vscode-extension/main-repo/javavscode/netbeans/nbbuild/netbeans/platform/modules/org-netbeans-api-intent.jar:/Users/atalati/vscode-extension/main-repo/javavscode/netbeans/nbbuild/netbeans/platform/modules/org-netbeans-api-io.jar:/Users/atalati/vscode-extension/main-repo/javavscode/netbeans/nbbuild/netbeans/ide/modules/org-netbeans-modules-parsing-api.jar:/Users/atalati/vscode-extension/main-repo/javavscode/netbeans/nbbuild/netbeans/platform/modules/org-netbeans-api-annotations-common.jar:/Users/atalati/vscode-extension/main-repo/javavscode/netbeans/nbbuild/netbeans/ide/modules/org-netbeans-api-java-classpath.jar:/Users/atalati/vscode-extension/main-repo/javavscode/netbeans/nbbuild/netbeans/platform/core/org-openide-filesystems.jar:/Users/atalati/vscode-extension/main-repo/javavscode/netbeans/nbbuild/netbeans/platform/lib/org-openide-util.jar:/Users/atalati/vscode-extension/main-repo/javavscode/netbeans/nbbuild/netbeans/platform/lib/org-openide-util-lookup.jar:/Users/atalati/vscode-extension/main-repo/javavscode/netbeans/nbbuild/netbeans/ide/modules/org-netbeans-modules-editor-document.jar:/Users/atalati/vscode-extension/main-repo/javavscode/netbeans/nbbuild/netbeans/platform/modules/org-netbeans-modules-editor-mimelookup.jar:/Users/atalati/vscode-extension/main-repo/javavscode/netbeans/nbbuild/netbeans/ide/modules/org-netbeans-modules-editor-util.jar:/Users/atalati/vscode-extension/main-repo/javavscode/netbeans/nbbuild/netbeans/ide/modules/org-netbeans-modules-lexer.jar:/Users/atalati/vscode-extension/main-repo/javavscode/netbeans/nbbuild/netbeans/platform/lib/org-openide-util-ui.jar:/Users/atalati/vscode-extension/main-repo/javavscode/netbeans/nbbuild/netbeans/ide/modules/org-netbeans-modules-parsing-lucene.jar:/Users/atalati/vscode-extension/main-repo/javavscode/netbeans/nbbuild/netbeans/ide/modules/org-netbeans-libs-lucene.jar:/Users/atalati/vscode-extension/main-repo/javavscode/netbeans/ide/libs.lucene/external/lucene-core-3.6.2.jar:/Users/atalati/vscode-extension/main-repo/javavscode/netbeans/nbbuild/netbeans/ide/modules/ext/lucene-core-3.6.2.jar:/Users/atalati/vscode-extension/main-repo/javavscode/netbeans/nbbuild/netbeans/platform/modules/org-netbeans-modules-masterfs.jar:/Users/atalati/vscode-extension/main-repo/javavscode/netbeans/nbbuild/netbeans/platform/modules/org-netbeans-modules-queries.jar:/Users/atalati/vscode-extension/main-repo/javavscode/netbeans/nbbuild/netbeans/platform/lib/org-openide-modules.jar:/Users/atalati/vscode-extension/main-repo/javavscode/netbeans/nbbuild/netbeans/ide/modules/org-netbeans-modules-projectapi.jar:/Users/atalati/vscode-extension/main-repo/javavscode/netbeans/nbbuild/netbeans/ide/modules/org-netbeans-modules-parsing-indexing.jar:/Users/atalati/vscode-extension/main-repo/javavscode/netbeans/nbbuild/netbeans/platform/modules/org-netbeans-api-annotations-common.jar:/Users/atalati/vscode-extension/main-repo/javavscode/netbeans/nbbuild/netbeans/ide/modules/org-netbeans-api-java-classpath.jar:/Users/atalati/vscode-extension/main-repo/javavscode/netbeans/nbbuild/netbeans/platform/core/org-openide-filesystems.jar:/Users/atalati/vscode-extension/main-repo/javavscode/netbeans/nbbuild/netbeans/platform/lib/org-openide-util.jar:/Users/atalati/vscode-extension/main-repo/javavscode/netbeans/nbbuild/netbeans/platform/lib/org-openide-util-lookup.jar:/Users/atalati/vscode-extension/main-repo/javavscode/netbeans/nbbuild/netbeans/platform/modules/org-netbeans-api-progress.jar:/Users/atalati/vscode-extension/main-repo/javavscode/netbeans/nbbuild/netbeans/platform/lib/org-openide-modules.jar:/Users/atalati/vscode-extension/main-repo/javavscode/netbeans/nbbuild/netbeans/platform/lib/org-openide-util-ui.jar:/Users/atalati/vscode-extension/main-repo/javavscode/netbeans/nbbuild/netbeans/ide/modules/org-netbeans-libs-lucene.jar:/Users/atalati/vscode-extension/main-repo/javavscode/netbeans/ide/libs.lucene/external/lucene-core-3.6.2.jar:/Users/atalati/vscode-extension/main-repo/javavscode/netbeans/nbbuild/netbeans/ide/modules/ext/lucene-core-3.6.2.jar:/Users/atalati/vscode-extension/main-repo/javavscode/netbeans/nbbuild/netbeans/ide/modules/org-netbeans-modules-editor-document.jar:/Users/atalati/vscode-extension/main-repo/javavscode/netbeans/nbbuild/netbeans/platform/modules/org-netbeans-modules-editor-mimelookup.jar:/Users/atalati/vscode-extension/main-repo/javavscode/netbeans/nbbuild/netbeans/ide/modules/org-netbeans-modules-editor-util.jar:/Users/atalati/vscode-extension/main-repo/javavscode/netbeans/nbbuild/netbeans/ide/modules/org-netbeans-modules-parsing-api.jar:/Users/atalati/vscode-extension/main-repo/javavscode/netbeans/nbbuild/netbeans/ide/modules/org-netbeans-modules-lexer.jar:/Users/atalati/vscode-extension/main-repo/javavscode/netbeans/nbbuild/netbeans/ide/modules/org-netbeans-modules-parsing-lucene.jar:/Users/atalati/vscode-extension/main-repo/javavscode/netbeans/nbbuild/netbeans/platform/modules/org-netbeans-modules-masterfs.jar:/Users/atalati/vscode-extension/main-repo/javavscode/netbeans/nbbuild/netbeans/platform/modules/org-netbeans-modules-queries.jar:/Users/atalati/vscode-extension/main-repo/javavscode/netbeans/nbbuild/netbeans/ide/modules/org-netbeans-modules-projectapi.jar:/Users/atalati/vscode-extension/main-repo/javavscode/netbeans/nbbuild/netbeans/ide/modules/org-netbeans-modules-project-indexingbridge.jar:/Users/atalati/vscode-extension/main-repo/javavscode/netbeans/nbbuild/netbeans/ide/modules/org-netbeans-modules-projectuiapi-base.jar:/Users/atalati/vscode-extension/main-repo/javavscode/netbeans/nbbuild/netbeans/platform/modules/org-openide-explorer.jar:/Users/atalati/vscode-extension/main-repo/javavscode/netbeans/nbbuild/netbeans/platform/modules/org-netbeans-swing-outline.jar:/Users/atalati/vscode-extension/main-repo/javavscode/netbeans/nbbuild/netbeans/platform/modules/org-netbeans-swing-tabcontrol.jar:/Users/atalati/vscode-extension/main-repo/javavscode/netbeans/nbbuild/netbeans/platform/modules/org-openide-awt.jar:/Users/atalati/vscode-extension/main-repo/javavscode/netbeans/nbbuild/netbeans/platform/modules/org-openide-windows.jar:/Users/atalati/vscode-extension/main-repo/javavscode/netbeans/nbbuild/netbeans/platform/modules/org-openide-nodes.jar:/Users/atalati/vscode-extension/main-repo/javavscode/netbeans/nbbuild/netbeans/platform/modules/org-openide-dialogs.jar:/Users/atalati/vscode-extension/main-repo/javavscode/netbeans/nbbuild/netbeans/platform/modules/org-netbeans-api-progress-nb.jar:/Users/atalati/vscode-extension/main-repo/javavscode/netbeans/nbbuild/netbeans/ide/modules/org-netbeans-spi-tasklist.jar:/Users/atalati/vscode-extension/main-repo/javavscode/netbeans/nbbuild/netbeans/ide/modules/org-netbeans-modules-parsing-lucene.jar:/Users/atalati/vscode-extension/main-repo/javavscode/netbeans/nbbuild/netbeans/platform/modules/org-netbeans-api-annotations-common.jar:/Users/atalati/vscode-extension/main-repo/javavscode/netbeans/nbbuild/netbeans/ide/modules/org-netbeans-libs-lucene.jar:/Users/atalati/vscode-extension/main-repo/javavscode/netbeans/ide/libs.lucene/external/lucene-core-3.6.2.jar:/Users/atalati/vscode-extension/main-repo/javavscode/netbeans/nbbuild/netbeans/ide/modules/ext/lucene-core-3.6.2.jar:/Users/atalati/vscode-extension/main-repo/javavscode/netbeans/nbbuild/netbeans/platform/modules/org-netbeans-modules-masterfs.jar:/Users/atalati/vscode-extension/main-repo/javavscode/netbeans/nbbuild/netbeans/platform/modules/org-netbeans-modules-queries.jar:/Users/atalati/vscode-extension/main-repo/javavscode/netbeans/nbbuild/netbeans/platform/core/org-openide-filesystems.jar:/Users/atalati/vscode-extension/main-repo/javavscode/netbeans/nbbuild/netbeans/platform/lib/org-openide-util.jar:/Users/atalati/vscode-extension/main-repo/javavscode/netbeans/nbbuild/netbeans/platform/lib/org-openide-util-lookup.jar:/Users/atalati/vscode-extension/main-repo/javavscode/netbeans/nbbuild/netbeans/platform/lib/org-openide-modules.jar:/Users/atalati/vscode-extension/main-repo/javavscode/netbeans/nbbuild/netbeans/platform/lib/org-openide-util-ui.jar:/Users/atalati/vscode-extension/main-repo/javavscode/netbeans/nbbuild/netbeans/ide/modules/org-netbeans-modules-projectapi.jar:/Users/atalati/vscode-extension/main-repo/javavscode/netbeans/nbbuild/netbeans/platform/modules/org-netbeans-api-annotations-common.jar:/Users/atalati/vscode-extension/main-repo/javavscode/netbeans/nbbuild/netbeans/platform/modules/org-netbeans-modules-queries.jar:/Users/atalati/vscode-extension/main-repo/javavscode/netbeans/nbbuild/netbeans/platform/core/org-openide-filesystems.jar:/Users/atalati/vscode-extension/main-repo/javavscode/netbeans/nbbuild/netbeans/platform/lib/org-openide-util.jar:/Users/atalati/vscode-extension/main-repo/javavscode/netbeans/nbbuild/netbeans/platform/lib/org-openide-util-lookup.jar:/Users/atalati/vscode-extension/main-repo/javavscode/netbeans/nbbuild/netbeans/platform/lib/org-openide-modules.jar:/Users/atalati/vscode-extension/main-repo/javavscode/netbeans/nbbuild/netbeans/platform/lib/org-openide-util-ui.jar:/Users/atalati/vscode-extension/main-repo/javavscode/netbeans/nbbuild/netbeans/ide/modules/org-netbeans-modules-projectuiapi.jar:/Users/atalati/vscode-extension/main-repo/javavscode/netbeans/nbbuild/netbeans/platform/modules/org-netbeans-api-annotations-common.jar:/Users/atalati/vscode-extension/main-repo/javavscode/netbeans/nbbuild/netbeans/platform/modules/org-netbeans-api-progress.jar:/Users/atalati/vscode-extension/main-repo/javavscode/netbeans/nbbuild/netbeans/platform/lib/org-openide-modules.jar:/Users/atalati/vscode-extension/main-repo/javavscode/netbeans/nbbuild/netbeans/platform/lib/org-openide-util-ui.jar:/Users/atalati/vscode-extension/main-repo/javavscode/netbeans/nbbuild/netbeans/platform/lib/org-openide-util.jar:/Users/atalati/vscode-extension/main-repo/javavscode/netbeans/nbbuild/netbeans/platform/lib/org-openide-util-lookup.jar:/Users/atalati/vscode-extension/main-repo/javavscode/netbeans/nbbuild/netbeans/platform/modules/org-netbeans-api-progress-nb.jar:/Users/atalati/vscode-extension/main-repo/javavscode/netbeans/nbbuild/netbeans/platform/modules/org-openide-awt.jar:/Users/atalati/vscode-extension/main-repo/javavscode/netbeans/nbbuild/netbeans/platform/core/org-openide-filesystems.jar:/Users/atalati/vscode-extension/main-repo/javavscode/netbeans/nbbuild/netbeans/platform/modules/org-netbeans-api-templates.jar:/Users/atalati/vscode-extension/main-repo/javavscode/netbeans/nbbuild/netbeans/platform/modules/org-netbeans-api-scripting.jar:/Users/atalati/vscode-extension/main-repo/javavscode/netbeans/nbbuild/netbeans/platform/modules/org-netbeans-modules-queries.jar:/Users/atalati/vscode-extension/main-repo/javavscode/netbeans/nbbuild/netbeans/ide/modules/org-netbeans-modules-projectapi.jar:/Users/atalati/vscode-extension/main-repo/javavscode/netbeans/nbbuild/netbeans/ide/modules/org-netbeans-modules-projectuiapi-base.jar:/Users/atalati/vscode-extension/main-repo/javavscode/netbeans/nbbuild/netbeans/platform/modules/org-openide-explorer.jar:/Users/atalati/vscode-extension/main-repo/javavscode/netbeans/nbbuild/netbeans/platform/modules/org-netbeans-swing-outline.jar:/Users/atalati/vscode-extension/main-repo/javavscode/netbeans/nbbuild/netbeans/platform/modules/org-netbeans-swing-tabcontrol.jar:/Users/atalati/vscode-extension/main-repo/javavscode/netbeans/nbbuild/netbeans/platform/modules/org-openide-windows.jar:/Users/atalati/vscode-extension/main-repo/javavscode/netbeans/nbbuild/netbeans/platform/modules/org-openide-nodes.jar:/Users/atalati/vscode-extension/main-repo/javavscode/netbeans/nbbuild/netbeans/platform/modules/org-openide-dialogs.jar:/Users/atalati/vscode-extension/main-repo/javavscode/netbeans/nbbuild/netbeans/platform/modules/org-openide-filesystems-nb.jar:/Users/atalati/vscode-extension/main-repo/javavscode/netbeans/nbbuild/netbeans/platform/modules/org-openide-loaders.jar:/Users/atalati/vscode-extension/main-repo/javavscode/netbeans/nbbuild/netbeans/platform/modules/org-netbeans-modules-editor-mimelookup.jar:/Users/atalati/vscode-extension/main-repo/javavscode/netbeans/nbbuild/netbeans/platform/modules/org-openide-actions.jar:/Users/atalati/vscode-extension/main-repo/javavscode/netbeans/nbbuild/netbeans/platform/modules/org-openide-text.jar:/Users/atalati/vscode-extension/main-repo/javavscode/netbeans/nbbuild/netbeans/ide/modules/org-netbeans-modules-projectuiapi-base.jar:/Users/atalati/vscode-extension/main-repo/javavscode/netbeans/nbbuild/netbeans/platform/modules/org-netbeans-api-annotations-common.jar:/Users/atalati/vscode-extension/main-repo/javavscode/netbeans/nbbuild/netbeans/ide/modules/org-netbeans-modules-projectapi.jar:/Users/atalati/vscode-extension/main-repo/javavscode/netbeans/nbbuild/netbeans/platform/modules/org-netbeans-modules-queries.jar:/Users/atalati/vscode-extension/main-repo/javavscode/netbeans/nbbuild/netbeans/platform/core/org-openide-filesystems.jar:/Users/atalati/vscode-extension/main-repo/javavscode/netbeans/nbbuild/netbeans/platform/lib/org-openide-util.jar:/Users/atalati/vscode-extension/main-repo/javavscode/netbeans/nbbuild/netbeans/platform/lib/org-openide-util-lookup.jar:/Users/atalati/vscode-extension/main-repo/javavscode/netbeans/nbbuild/netbeans/platform/lib/org-openide-modules.jar:/Users/atalati/vscode-extension/main-repo/javavscode/netbeans/nbbuild/netbeans/platform/lib/org-openide-util-ui.jar:/Users/atalati/vscode-extension/main-repo/javavscode/netbeans/nbbuild/netbeans/platform/modules/org-openide-explorer.jar:/Users/atalati/vscode-extension/main-repo/javavscode/netbeans/nbbuild/netbeans/platform/modules/org-netbeans-swing-outline.jar:/Users/atalati/vscode-extension/main-repo/javavscode/netbeans/nbbuild/netbeans/platform/modules/org-netbeans-swing-tabcontrol.jar:/Users/atalati/vscode-extension/main-repo/javavscode/netbeans/nbbuild/netbeans/platform/modules/org-openide-awt.jar:/Users/atalati/vscode-extension/main-repo/javavscode/netbeans/nbbuild/netbeans/platform/modules/org-openide-windows.jar:/Users/atalati/vscode-extension/main-repo/javavscode/netbeans/nbbuild/netbeans/platform/modules/org-openide-nodes.jar:/Users/atalati/vscode-extension/main-repo/javavscode/netbeans/nbbuild/netbeans/platform/modules/org-openide-dialogs.jar:/Users/atalati/vscode-extension/main-repo/javavscode/netbeans/nbbuild/netbeans/platform/modules/org-netbeans-api-progress.jar:/Users/atalati/vscode-extension/main-repo/javavscode/netbeans/nbbuild/netbeans/platform/modules/org-netbeans-api-progress-nb.jar:/Users/atalati/vscode-extension/main-repo/javavscode/netbeans/nbbuild/netbeans/platform/modules/org-netbeans-modules-queries.jar:/Users/atalati/vscode-extension/main-repo/javavscode/netbeans/nbbuild/netbeans/platform/core/org-openide-filesystems.jar:/Users/atalati/vscode-extension/main-repo/javavscode/netbeans/nbbuild/netbeans/platform/lib/org-openide-util.jar:/Users/atalati/vscode-extension/main-repo/javavscode/netbeans/nbbuild/netbeans/platform/lib/org-openide-util-lookup.jar:/Users/atalati/vscode-extension/main-repo/javavscode/netbeans/nbbuild/netbeans/ide/modules/org-netbeans-modules-refactoring-api.jar:/Users/atalati/vscode-extension/main-repo/javavscode/netbeans/nbbuild/netbeans/platform/modules/org-netbeans-api-annotations-common.jar:/Users/atalati/vscode-extension/main-repo/javavscode/netbeans/nbbuild/netbeans/platform/modules/org-netbeans-api-progress.jar:/Users/atalati/vscode-extension/main-repo/javavscode/netbeans/nbbuild/netbeans/platform/lib/org-openide-modules.jar:/Users/atalati/vscode-extension/main-repo/javavscode/netbeans/nbbuild/netbeans/platform/lib/org-openide-util-ui.jar:/Users/atalati/vscode-extension/main-repo/javavscode/netbeans/nbbuild/netbeans/platform/lib/org-openide-util.jar:/Users/atalati/vscode-extension/main-repo/javavscode/netbeans/nbbuild/netbeans/platform/lib/org-openide-util-lookup.jar:/Users/atalati/vscode-extension/main-repo/javavscode/netbeans/nbbuild/netbeans/platform/modules/org-netbeans-api-progress-nb.jar:/Users/atalati/vscode-extension/main-repo/javavscode/netbeans/nbbuild/netbeans/platform/modules/org-openide-awt.jar:/Users/atalati/vscode-extension/main-repo/javavscode/netbeans/nbbuild/netbeans/platform/core/org-openide-filesystems.jar:/Users/atalati/vscode-extension/main-repo/javavscode/netbeans/nbbuild/netbeans/ide/modules/org-netbeans-modules-diff.jar:/Users/atalati/vscode-extension/main-repo/javavscode/netbeans/nbbuild/netbeans/ide/modules/org-netbeans-modules-editor-errorstripe.jar:/Users/atalati/vscode-extension/main-repo/javavscode/netbeans/nbbuild/netbeans/ide/modules/org-netbeans-modules-editor-document.jar:/Users/atalati/vscode-extension/main-repo/javavscode/netbeans/nbbuild/netbeans/platform/modules/org-netbeans-modules-editor-mimelookup.jar:/Users/atalati/vscode-extension/main-repo/javavscode/netbeans/nbbuild/netbeans/ide/modules/org-netbeans-modules-editor-util.jar:/Users/atalati/vscode-extension/main-repo/javavscode/netbeans/nbbuild/netbeans/ide/modules/org-netbeans-modules-editor-errorstripe-api.jar:/Users/atalati/vscode-extension/main-repo/javavscode/netbeans/nbbuild/netbeans/ide/modules/org-netbeans-modules-editor-fold.jar:/Users/atalati/vscode-extension/main-repo/javavscode/netbeans/nbbuild/netbeans/ide/modules/org-netbeans-modules-editor-settings.jar:/Users/atalati/vscode-extension/main-repo/javavscode/netbeans/nbbuild/netbeans/ide/modules/org-netbeans-modules-lexer.jar:/Users/atalati/vscode-extension/main-repo/javavscode/netbeans/nbbuild/netbeans/ide/modules/org-netbeans-modules-editor-settings-lib.jar:/Users/atalati/vscode-extension/main-repo/javavscode/netbeans/nbbuild/netbeans/ide/modules/org-netbeans-modules-editor-lib.jar:/Users/atalati/vscode-extension/main-repo/javavscode/netbeans/nbbuild/netbeans/ide/modules/org-netbeans-modules-editor-guards.jar:/Users/atalati/vscode-extension/main-repo/javavscode/netbeans/nbbuild/netbeans/ide/modules/org-netbeans-modules-editor-indent.jar:/Users/atalati/vscode-extension/main-repo/javavscode/netbeans/nbbuild/netbeans/ide/modules/org-netbeans-modules-editor-lib2.jar:/Users/atalati/vscode-extension/main-repo/javavscode/netbeans/nbbuild/netbeans/platform/modules/org-openide-dialogs.jar:/Users/atalati/vscode-extension/main-repo/javavscode/netbeans/nbbuild/netbeans/platform/modules/org-openide-loaders.jar:/Users/atalati/vscode-extension/main-repo/javavscode/netbeans/nbbuild/netbeans/platform/modules/org-netbeans-api-scripting.jar:/Users/atalati/vscode-extension/main-repo/javavscode/netbeans/nbbuild/netbeans/platform/modules/org-netbeans-api-templates.jar:/Users/atalati/vscode-extension/main-repo/javavscode/netbeans/nbbuild/netbeans/platform/modules/org-netbeans-modules-queries.jar:/Users/atalati/vscode-extension/main-repo/javavscode/netbeans/nbbuild/netbeans/platform/modules/org-openide-actions.jar:/Users/atalati/vscode-extension/main-repo/javavscode/netbeans/nbbuild/netbeans/platform/modules/org-openide-explorer.jar:/Users/atalati/vscode-extension/main-repo/javavscode/netbeans/nbbuild/netbeans/platform/modules/org-netbeans-swing-outline.jar:/Users/atalati/vscode-extension/main-repo/javavscode/netbeans/nbbuild/netbeans/platform/modules/org-netbeans-swing-tabcontrol.jar:/Users/atalati/vscode-extension/main-repo/javavscode/netbeans/nbbuild/netbeans/platform/modules/org-openide-windows.jar:/Users/atalati/vscode-extension/main-repo/javavscode/netbeans/nbbuild/netbeans/platform/modules/org-openide-nodes.jar:/Users/atalati/vscode-extension/main-repo/javavscode/netbeans/nbbuild/netbeans/platform/modules/org-openide-text.jar:/Users/atalati/vscode-extension/main-repo/javavscode/netbeans/nbbuild/netbeans/platform/modules/org-openide-filesystems-nb.jar:/Users/atalati/vscode-extension/main-repo/javavscode/netbeans/nbbuild/netbeans/platform/modules/org-netbeans-modules-options-api.jar:/Users/atalati/vscode-extension/main-repo/javavscode/netbeans/nbbuild/netbeans/platform/modules/org-netbeans-core.jar:/Users/atalati/vscode-extension/main-repo/javavscode/netbeans/nbbuild/netbeans/platform/lib/boot.jar:/Users/atalati/vscode-extension/main-repo/javavscode/netbeans/nbbuild/netbeans/platform/core/core.jar:/Users/atalati/vscode-extension/main-repo/javavscode/netbeans/nbbuild/netbeans/platform/core/org-netbeans-libs-asm.jar:/Users/atalati/vscode-extension/main-repo/javavscode/netbeans/platform/libs.asm/external/asm-9.6.jar:/Users/atalati/vscode-extension/main-repo/javavscode/netbeans/nbbuild/netbeans/platform/core/asm-9.6.jar:/Users/atalati/vscode-extension/main-repo/javavscode/netbeans/platform/libs.asm/external/asm-tree-9.6.jar:/Users/atalati/vscode-extension/main-repo/javavscode/netbeans/nbbuild/netbeans/platform/core/asm-tree-9.6.jar:/Users/atalati/vscode-extension/main-repo/javavscode/netbeans/platform/libs.asm/external/asm-commons-9.6.jar:/Users/atalati/vscode-extension/main-repo/javavscode/netbeans/nbbuild/netbeans/platform/core/asm-commons-9.6.jar:/Users/atalati/vscode-extension/main-repo/javavscode/netbeans/nbbuild/netbeans/platform/core/core-base.jar:/Users/atalati/vscode-extension/main-repo/javavscode/netbeans/nbbuild/netbeans/platform/modules/org-netbeans-modules-keyring.jar:/Users/atalati/vscode-extension/main-repo/javavscode/netbeans/nbbuild/netbeans/platform/modules/org-netbeans-modules-sampler.jar:/Users/atalati/vscode-extension/main-repo/javavscode/netbeans/nbbuild/netbeans/platform/modules/org-netbeans-swing-plaf.jar:/Users/atalati/vscode-extension/main-repo/javavscode/netbeans/nbbuild/netbeans/platform/modules/org-openide-io.jar:/Users/atalati/vscode-extension/main-repo/javavscode/netbeans/nbbuild/netbeans/platform/modules/org-netbeans-api-intent.jar:/Users/atalati/vscode-extension/main-repo/javavscode/netbeans/nbbuild/netbeans/platform/modules/org-netbeans-api-io.jar:/Users/atalati/vscode-extension/main-repo/javavscode/netbeans/nbbuild/netbeans/platform/modules/org-netbeans-spi-quicksearch.jar:/Users/atalati/vscode-extension/main-repo/javavscode/netbeans/nbbuild/netbeans/ide/modules/org-netbeans-modules-options-editor.jar:/Users/atalati/vscode-extension/main-repo/javavscode/netbeans/nbbuild/netbeans/ide/modules/org-netbeans-modules-editor.jar:/Users/atalati/vscode-extension/main-repo/javavscode/netbeans/nbbuild/netbeans/ide/modules/org-netbeans-api-lsp.jar:/Users/atalati/vscode-extension/main-repo/javavscode/netbeans/nbbuild/netbeans/ide/modules/org-netbeans-modules-editor-settings-storage.jar:/Users/atalati/vscode-extension/main-repo/javavscode/netbeans/nbbuild/netbeans/platform/modules/org-netbeans-modules-options-keymap.jar:/Users/atalati/vscode-extension/main-repo/javavscode/netbeans/nbbuild/netbeans/ide/modules/org-netbeans-modules-projectapi.jar:/Users/atalati/vscode-extension/main-repo/javavscode/netbeans/nbbuild/netbeans/ide/modules/org-netbeans-modules-parsing-api.jar:/Users/atalati/vscode-extension/main-repo/javavscode/netbeans/nbbuild/netbeans/ide/modules/org-netbeans-api-java-classpath.jar:/Users/atalati/vscode-extension/main-repo/javavscode/netbeans/nbbuild/netbeans/ide/modules/org-netbeans-modules-parsing-lucene.jar:/Users/atalati/vscode-extension/main-repo/javavscode/netbeans/nbbuild/netbeans/ide/modules/org-netbeans-libs-lucene.jar:/Users/atalati/vscode-extension/main-repo/javavscode/netbeans/ide/libs.lucene/external/lucene-core-3.6.2.jar:/Users/atalati/vscode-extension/main-repo/javavscode/netbeans/nbbuild/netbeans/ide/modules/ext/lucene-core-3.6.2.jar:/Users/atalati/vscode-extension/main-repo/javavscode/netbeans/nbbuild/netbeans/platform/modules/org-netbeans-modules-masterfs.jar:/Users/atalati/vscode-extension/main-repo/javavscode/netbeans/nbbuild/netbeans/ide/modules/org-netbeans-modules-parsing-indexing.jar:/Users/atalati/vscode-extension/main-repo/javavscode/netbeans/nbbuild/netbeans/ide/modules/org-netbeans-modules-project-indexingbridge.jar:/Users/atalati/vscode-extension/main-repo/javavscode/netbeans/nbbuild/netbeans/ide/modules/org-netbeans-modules-projectuiapi-base.jar:/Users/atalati/vscode-extension/main-repo/javavscode/netbeans/nbbuild/netbeans/ide/modules/org-netbeans-spi-tasklist.jar:/Users/atalati/vscode-extension/main-repo/javavscode/netbeans/nbbuild/netbeans/java/modules/org-netbeans-modules-refactoring-java.jar:/Users/atalati/vscode-extension/main-repo/javavscode/netbeans/nbbuild/netbeans/platform/modules/org-netbeans-api-annotations-common.jar:/Users/atalati/vscode-extension/main-repo/javavscode/netbeans/nbbuild/netbeans/java/modules/org-netbeans-api-java.jar:/Users/atalati/vscode-extension/main-repo/javavscode/netbeans/nbbuild/netbeans/ide/modules/org-netbeans-api-java-classpath.jar:/Users/atalati/vscode-extension/main-repo/javavscode/netbeans/nbbuild/netbeans/platform/core/org-openide-filesystems.jar:/Users/atalati/vscode-extension/main-repo/javavscode/netbeans/nbbuild/netbeans/platform/lib/org-openide-util.jar:/Users/atalati/vscode-extension/main-repo/javavscode/netbeans/nbbuild/netbeans/platform/lib/org-openide-util-lookup.jar:/Users/atalati/vscode-extension/main-repo/javavscode/netbeans/nbbuild/netbeans/platform/lib/org-openide-modules.jar:/Users/atalati/vscode-extension/main-repo/javavscode/netbeans/nbbuild/netbeans/platform/lib/org-openide-util-ui.jar:/Users/atalati/vscode-extension/main-repo/javavscode/netbeans/nbbuild/netbeans/ide/modules/org-netbeans-api-lsp.jar:/Users/atalati/vscode-extension/main-repo/javavscode/netbeans/nbbuild/netbeans/platform/modules/org-netbeans-modules-editor-mimelookup.jar:/Users/atalati/vscode-extension/main-repo/javavscode/netbeans/nbbuild/netbeans/ide/modules/org-netbeans-modules-editor-util.jar:/Users/atalati/vscode-extension/main-repo/javavscode/netbeans/nbbuild/netbeans/platform/modules/org-netbeans-api-progress.jar:/Users/atalati/vscode-extension/main-repo/javavscode/netbeans/nbbuild/netbeans/platform/modules/org-netbeans-api-progress-nb.jar:/Users/atalati/vscode-extension/main-repo/javavscode/netbeans/nbbuild/netbeans/platform/modules/org-openide-awt.jar:/Users/atalati/vscode-extension/main-repo/javavscode/netbeans/nbbuild/netbeans/java/modules/org-netbeans-libs-javacapi.jar:/Users/atalati/vscode-extension/main-repo/javavscode/netbeans/java/libs.javacapi/external/nb-javac-jdk-22+33-api.jar:/Users/atalati/vscode-extension/main-repo/javavscode/netbeans/java/libs.javacapi/external/nb-javac-jdk-22+33.jar:/Users/atalati/vscode-extension/main-repo/javavscode/netbeans/nbbuild/netbeans/ide/modules/org-netbeans-modules-editor-document.jar:/Users/atalati/vscode-extension/main-repo/javavscode/netbeans/nbbuild/netbeans/ide/modules/org-netbeans-modules-editor-lib.jar:/Users/atalati/vscode-extension/main-repo/javavscode/netbeans/nbbuild/netbeans/ide/modules/org-netbeans-modules-editor-fold.jar:/Users/atalati/vscode-extension/main-repo/javavscode/netbeans/nbbuild/netbeans/ide/modules/org-netbeans-modules-editor-settings.jar:/Users/atalati/vscode-extension/main-repo/javavscode/netbeans/nbbuild/netbeans/ide/modules/org-netbeans-modules-lexer.jar:/Users/atalati/vscode-extension/main-repo/javavscode/netbeans/nbbuild/netbeans/ide/modules/org-netbeans-modules-editor-settings-lib.jar:/Users/atalati/vscode-extension/main-repo/javavscode/netbeans/nbbuild/netbeans/ide/modules/org-netbeans-modules-editor-guards.jar:/Users/atalati/vscode-extension/main-repo/javavscode/netbeans/nbbuild/netbeans/ide/modules/org-netbeans-modules-editor-indent.jar:/Users/atalati/vscode-extension/main-repo/javavscode/netbeans/nbbuild/netbeans/ide/modules/org-netbeans-modules-editor-lib2.jar:/Users/atalati/vscode-extension/main-repo/javavscode/netbeans/nbbuild/netbeans/platform/modules/org-openide-dialogs.jar:/Users/atalati/vscode-extension/main-repo/javavscode/netbeans/nbbuild/netbeans/ide/modules/org-netbeans-modules-gototest.jar:/Users/atalati/vscode-extension/main-repo/javavscode/netbeans/nbbuild/netbeans/ide/modules/org-netbeans-modules-gsf-testrunner.jar:/Users/atalati/vscode-extension/main-repo/javavscode/netbeans/nbbuild/netbeans/ide/modules/org-netbeans-modules-extexecution.jar:/Users/atalati/vscode-extension/main-repo/javavscode/netbeans/nbbuild/netbeans/ide/modules/org-netbeans-modules-extexecution-base.jar:/Users/atalati/vscode-extension/main-repo/javavscode/netbeans/nbbuild/netbeans/platform/modules/org-openide-io.jar:/Users/atalati/vscode-extension/main-repo/javavscode/netbeans/nbbuild/netbeans/platform/modules/org-netbeans-api-intent.jar:/Users/atalati/vscode-extension/main-repo/javavscode/netbeans/nbbuild/netbeans/platform/modules/org-netbeans-api-io.jar:/Users/atalati/vscode-extension/main-repo/javavscode/netbeans/nbbuild/netbeans/ide/modules/org-netbeans-modules-projectapi.jar:/Users/atalati/vscode-extension/main-repo/javavscode/netbeans/nbbuild/netbeans/platform/modules/org-netbeans-modules-queries.jar:/Users/atalati/vscode-extension/main-repo/javavscode/netbeans/nbbuild/netbeans/ide/modules/org-netbeans-modules-gsf-testrunner-ui.jar:/Users/atalati/vscode-extension/main-repo/javavscode/netbeans/nbbuild/netbeans/ide/modules/org-netbeans-modules-diff.jar:/Users/atalati/vscode-extension/main-repo/javavscode/netbeans/nbbuild/netbeans/ide/modules/org-netbeans-modules-editor-errorstripe.jar:/Users/atalati/vscode-extension/main-repo/javavscode/netbeans/nbbuild/netbeans/ide/modules/org-netbeans-modules-editor-errorstripe-api.jar:/Users/atalati/vscode-extension/main-repo/javavscode/netbeans/nbbuild/netbeans/platform/modules/org-openide-loaders.jar:/Users/atalati/vscode-extension/main-repo/javavscode/netbeans/nbbuild/netbeans/platform/modules/org-netbeans-api-scripting.jar:/Users/atalati/vscode-extension/main-repo/javavscode/netbeans/nbbuild/netbeans/platform/modules/org-netbeans-api-templates.jar:/Users/atalati/vscode-extension/main-repo/javavscode/netbeans/nbbuild/netbeans/platform/modules/org-openide-actions.jar:/Users/atalati/vscode-extension/main-repo/javavscode/netbeans/nbbuild/netbeans/platform/modules/org-openide-explorer.jar:/Users/atalati/vscode-extension/main-repo/javavscode/netbeans/nbbuild/netbeans/platform/modules/org-netbeans-swing-outline.jar:/Users/atalati/vscode-extension/main-repo/javavscode/netbeans/nbbuild/netbeans/platform/modules/org-netbeans-swing-tabcontrol.jar:/Users/atalati/vscode-extension/main-repo/javavscode/netbeans/nbbuild/netbeans/platform/modules/org-openide-windows.jar:/Users/atalati/vscode-extension/main-repo/javavscode/netbeans/nbbuild/netbeans/platform/modules/org-openide-nodes.jar:/Users/atalati/vscode-extension/main-repo/javavscode/netbeans/nbbuild/netbeans/platform/modules/org-openide-text.jar:/Users/atalati/vscode-extension/main-repo/javavscode/netbeans/nbbuild/netbeans/platform/modules/org-openide-filesystems-nb.jar:/Users/atalati/vscode-extension/main-repo/javavscode/netbeans/nbbuild/netbeans/platform/modules/org-netbeans-modules-options-api.jar:/Users/atalati/vscode-extension/main-repo/javavscode/netbeans/nbbuild/netbeans/platform/modules/org-netbeans-core.jar:/Users/atalati/vscode-extension/main-repo/javavscode/netbeans/nbbuild/netbeans/platform/lib/boot.jar:/Users/atalati/vscode-extension/main-repo/javavscode/netbeans/nbbuild/netbeans/platform/core/core.jar:/Users/atalati/vscode-extension/main-repo/javavscode/netbeans/nbbuild/netbeans/platform/core/org-netbeans-libs-asm.jar:/Users/atalati/vscode-extension/main-repo/javavscode/netbeans/platform/libs.asm/external/asm-9.6.jar:/Users/atalati/vscode-extension/main-repo/javavscode/netbeans/nbbuild/netbeans/platform/core/asm-9.6.jar:/Users/atalati/vscode-extension/main-repo/javavscode/netbeans/platform/libs.asm/external/asm-tree-9.6.jar:/Users/atalati/vscode-extension/main-repo/javavscode/netbeans/nbbuild/netbeans/platform/core/asm-tree-9.6.jar:/Users/atalati/vscode-extension/main-repo/javavscode/netbeans/platform/libs.asm/external/asm-commons-9.6.jar:/Users/atalati/vscode-extension/main-repo/javavscode/netbeans/nbbuild/netbeans/platform/core/asm-commons-9.6.jar:/Users/atalati/vscode-extension/main-repo/javavscode/netbeans/nbbuild/netbeans/platform/core/core-base.jar:/Users/atalati/vscode-extension/main-repo/javavscode/netbeans/nbbuild/netbeans/platform/modules/org-netbeans-modules-keyring.jar:/Users/atalati/vscode-extension/main-repo/javavscode/netbeans/nbbuild/netbeans/platform/modules/org-netbeans-modules-sampler.jar:/Users/atalati/vscode-extension/main-repo/javavscode/netbeans/nbbuild/netbeans/platform/modules/org-netbeans-swing-plaf.jar:/Users/atalati/vscode-extension/main-repo/javavscode/netbeans/nbbuild/netbeans/platform/modules/org-netbeans-spi-quicksearch.jar:/Users/atalati/vscode-extension/main-repo/javavscode/netbeans/nbbuild/netbeans/ide/modules/org-netbeans-modules-options-editor.jar:/Users/atalati/vscode-extension/main-repo/javavscode/netbeans/nbbuild/netbeans/ide/modules/org-netbeans-modules-editor.jar:/Users/atalati/vscode-extension/main-repo/javavscode/netbeans/nbbuild/netbeans/ide/modules/org-netbeans-modules-editor-settings-storage.jar:/Users/atalati/vscode-extension/main-repo/javavscode/netbeans/nbbuild/netbeans/platform/modules/org-netbeans-modules-options-keymap.jar:/Users/atalati/vscode-extension/main-repo/javavscode/netbeans/nbbuild/netbeans/ide/modules/org-netbeans-modules-parsing-api.jar:/Users/atalati/vscode-extension/main-repo/javavscode/netbeans/nbbuild/netbeans/ide/modules/org-netbeans-modules-parsing-lucene.jar:/Users/atalati/vscode-extension/main-repo/javavscode/netbeans/nbbuild/netbeans/ide/modules/org-netbeans-libs-lucene.jar:/Users/atalati/vscode-extension/main-repo/javavscode/netbeans/ide/libs.lucene/external/lucene-core-3.6.2.jar:/Users/atalati/vscode-extension/main-repo/javavscode/netbeans/nbbuild/netbeans/ide/modules/ext/lucene-core-3.6.2.jar:/Users/atalati/vscode-extension/main-repo/javavscode/netbeans/nbbuild/netbeans/platform/modules/org-netbeans-modules-masterfs.jar:/Users/atalati/vscode-extension/main-repo/javavscode/netbeans/nbbuild/netbeans/ide/modules/org-netbeans-modules-parsing-indexing.jar:/Users/atalati/vscode-extension/main-repo/javavscode/netbeans/nbbuild/netbeans/ide/modules/org-netbeans-modules-project-indexingbridge.jar:/Users/atalati/vscode-extension/main-repo/javavscode/netbeans/nbbuild/netbeans/ide/modules/org-netbeans-modules-projectuiapi-base.jar:/Users/atalati/vscode-extension/main-repo/javavscode/netbeans/nbbuild/netbeans/ide/modules/org-netbeans-spi-tasklist.jar:/Users/atalati/vscode-extension/main-repo/javavscode/netbeans/nbbuild/netbeans/java/modules/org-netbeans-modules-java-file-launcher.jar:/Users/atalati/vscode-extension/main-repo/javavscode/netbeans/nbbuild/netbeans/java/modules/org-netbeans-api-debugger-jpda.jar:/Users/atalati/vscode-extension/main-repo/javavscode/netbeans/nbbuild/netbeans/ide/modules/org-netbeans-api-debugger.jar:/Users/atalati/vscode-extension/main-repo/javavscode/netbeans/nbbuild/netbeans/java/modules/org-netbeans-modules-java-lexer.jar:/Users/atalati/vscode-extension/main-repo/javavscode/netbeans/nbbuild/netbeans/java/modules/org-netbeans-modules-java-platform.jar:/Users/atalati/vscode-extension/main-repo/javavscode/netbeans/nbbuild/netbeans/java/modules/org-netbeans-modules-java-project-ui.jar:/Users/atalati/vscode-extension/main-repo/javavscode/netbeans/nbbuild/netbeans/extide/modules/org-apache-tools-ant-module.jar:/Users/atalati/vscode-extension/main-repo/javavscode/netbeans/nbbuild/netbeans/ide/modules/org-netbeans-api-xml.jar:/Users/atalati/vscode-extension/main-repo/javavscode/netbeans/nbbuild/netbeans/ide/modules/org-netbeans-api-xml-ui.jar:/Users/atalati/vscode-extension/main-repo/javavscode/netbeans/nbbuild/netbeans/platform/modules/org-netbeans-core-multiview.jar:/Users/atalati/vscode-extension/main-repo/javavscode/netbeans/nbbuild/netbeans/extide/modules/org-netbeans-modules-options-java.jar:/Users/atalati/vscode-extension/main-repo/javavscode/netbeans/nbbuild/netbeans/ide/modules/org-netbeans-modules-projectuiapi.jar:/Users/atalati/vscode-extension/main-repo/javavscode/netbeans/nbbuild/netbeans/ide/modules/org-netbeans-spi-navigator.jar:/Users/atalati/vscode-extension/main-repo/javavscode/netbeans/nbbuild/netbeans/platform/modules/org-openide-execution.jar:/Users/atalati/vscode-extension/main-repo/javavscode/netbeans/nbbuild/netbeans/platform/modules/org-netbeans-api-search.jar:/Users/atalati/vscode-extension/main-repo/javavscode/netbeans/nbbuild/netbeans/java/modules/org-netbeans-modules-classfile.jar:/Users/atalati/vscode-extension/main-repo/javavscode/netbeans/nbbuild/netbeans/java/modules/org-netbeans-modules-java-platform-ui.jar:/Users/atalati/vscode-extension/main-repo/javavscode/netbeans/nbbuild/netbeans/java/modules/org-netbeans-modules-java-project.jar:/Users/atalati/vscode-extension/main-repo/javavscode/netbeans/nbbuild/netbeans/java/modules/org-netbeans-modules-java-source-base.jar:/Users/atalati/vscode-extension/main-repo/javavscode/netbeans/nbbuild/netbeans/java/modules/org-netbeans-lib-nbjavac.jar:/Users/atalati/vscode-extension/main-repo/javavscode/netbeans/nbbuild/netbeans/java/modules/org-netbeans-modules-java-preprocessorbridge.jar:/Users/atalati/vscode-extension/main-repo/javavscode/netbeans/nbbuild/netbeans/ide/modules/org-netbeans-modules-refactoring-api.jar:/Users/atalati/vscode-extension/main-repo/javavscode/netbeans/nbbuild/netbeans/ide/modules/org-netbeans-modules-project-ant.jar:/Users/atalati/vscode-extension/main-repo/javavscode/netbeans/nbbuild/netbeans/ide/modules/org-netbeans-modules-project-libraries.jar:/Users/atalati/vscode-extension/main-repo/javavscode/netbeans/nbbuild/netbeans/ide/modules/org-netbeans-modules-project-spi-intern.jar:/Users/atalati/vscode-extension/main-repo/javavscode/netbeans/nbbuild/netbeans/ide/modules/org-netbeans-modules-xml-catalog.jar:/Users/atalati/vscode-extension/main-repo/javavscode/netbeans/nbbuild/netbeans/ide/modules/org-apache-xml-resolver.jar:/Users/atalati/vscode-extension/main-repo/javavscode/netbeans/ide/o.apache.xml.resolver/external/resolver-1.2.jar:/Users/atalati/vscode-extension/main-repo/javavscode/netbeans/nbbuild/netbeans/ide/modules/ext/resolver-1.2.jar:/Users/atalati/vscode-extension/main-repo/javavscode/netbeans/nbbuild/netbeans/java/modules/org-netbeans-modules-java-source.jar:/Users/atalati/vscode-extension/main-repo/javavscode/netbeans/nbbuild/netbeans/platform/modules/org-netbeans-modules-autoupdate-services.jar:/Users/atalati/vscode-extension/main-repo/javavscode/netbeans/nbbuild/netbeans/platform/modules/ext/updater.jar:/Users/atalati/vscode-extension/main-repo/javavscode/netbeans/nbbuild/netbeans/ide/modules/org-netbeans-modules-editor-indent-project.jar:/Users/atalati/vscode-extension/main-repo/javavscode/netbeans/nbbuild/netbeans/java/modules/org-netbeans-modules-java-sourceui.jar:/Users/atalati/vscode-extension/main-repo/javavscode/netbeans/nbbuild/netbeans/ide/modules/org-netbeans-modules-jumpto.jar:/Users/atalati/vscode-extension/main-repo/javavscode/netbeans/nbbuild/netbeans/ide/modules/org-netbeans-modules-project-ant-ui.jar:/Users/atalati/vscode-extension/main-repo/javavscode/netbeans/nbbuild/netbeans/ide/modules/org-netbeans-modules-project-libraries-ui.jar:/Users/atalati/vscode-extension/main-repo/javavscode/netbeans/nbbuild/netbeans/ide/modules/org-netbeans-spi-editor-hints.jar:/Users/atalati/vscode-extension/main-repo/javavscode/netbeans/nbbuild/netbeans/platform/modules/org-netbeans-modules-javahelp.jar:/Users/atalati/vscode-extension/main-repo/javavscode/netbeans/platform/javahelp/external/jhall-2.0_05.jar:/Users/atalati/vscode-extension/main-repo/javavscode/netbeans/nbbuild/netbeans/java/modules/org-netbeans-spi-java-hints.jar:/Users/atalati/vscode-extension/main-repo/javavscode/netbeans/nbbuild/netbeans/ide/modules/org-netbeans-modules-code-analysis.jar:/Users/atalati/vscode-extension/main-repo/javavscode/netbeans/nbbuild/netbeans/platform/modules/org-netbeans-modules-settings.jar:/Users/atalati/vscode-extension/main-repo/javavscode/netbeans/nbbuild/netbeans/platform/modules/org-netbeans-modules-sendopts.jar:/Users/atalati/vscode-extension/main-repo/javavscode/netbeans/nbbuild/netbeans/platform/lib/boot.jar:/Users/atalati/vscode-extension/main-repo/javavscode/netbeans/nbbuild/netbeans/platform/lib/org-openide-modules.jar:/Users/atalati/vscode-extension/main-repo/javavscode/netbeans/nbbuild/netbeans/platform/lib/org-openide-util-ui.jar:/Users/atalati/vscode-extension/main-repo/javavscode/netbeans/nbbuild/netbeans/platform/lib/org-openide-util.jar:/Users/atalati/vscode-extension/main-repo/javavscode/netbeans/nbbuild/netbeans/platform/lib/org-openide-util-lookup.jar:/Users/atalati/vscode-extension/main-repo/javavscode/netbeans/nbbuild/netbeans/platform/core/org-openide-filesystems.jar:/Users/atalati/vscode-extension/main-repo/javavscode/netbeans/nbbuild/netbeans/ide/modules/org-netbeans-spi-debugger-ui.jar:/Users/atalati/vscode-extension/main-repo/javavscode/netbeans/nbbuild/netbeans/platform/modules/org-netbeans-api-annotations-common.jar:/Users/atalati/vscode-extension/main-repo/javavscode/netbeans/nbbuild/netbeans/ide/modules/org-netbeans-api-debugger.jar:/Users/atalati/vscode-extension/main-repo/javavscode/netbeans/nbbuild/netbeans/ide/modules/org-netbeans-modules-projectapi.jar:/Users/atalati/vscode-extension/main-repo/javavscode/netbeans/nbbuild/netbeans/platform/modules/org-netbeans-modules-queries.jar:/Users/atalati/vscode-extension/main-repo/javavscode/netbeans/nbbuild/netbeans/platform/core/org-openide-filesystems.jar:/Users/atalati/vscode-extension/main-repo/javavscode/netbeans/nbbuild/netbeans/platform/lib/org-openide-util.jar:/Users/atalati/vscode-extension/main-repo/javavscode/netbeans/nbbuild/netbeans/platform/lib/org-openide-util-lookup.jar:/Users/atalati/vscode-extension/main-repo/javavscode/netbeans/nbbuild/netbeans/platform/lib/org-openide-modules.jar:/Users/atalati/vscode-extension/main-repo/javavscode/netbeans/nbbuild/netbeans/platform/lib/org-openide-util-ui.jar:/Users/atalati/vscode-extension/main-repo/javavscode/netbeans/nbbuild/netbeans/ide/modules/org-netbeans-modules-editor.jar:/Users/atalati/vscode-extension/main-repo/javavscode/netbeans/nbbuild/netbeans/ide/modules/org-netbeans-api-lsp.jar:/Users/atalati/vscode-extension/main-repo/javavscode/netbeans/nbbuild/netbeans/platform/modules/org-netbeans-modules-editor-mimelookup.jar:/Users/atalati/vscode-extension/main-repo/javavscode/netbeans/nbbuild/netbeans/ide/modules/org-netbeans-modules-editor-util.jar:/Users/atalati/vscode-extension/main-repo/javavscode/netbeans/nbbuild/netbeans/platform/modules/org-netbeans-api-progress.jar:/Users/atalati/vscode-extension/main-repo/javavscode/netbeans/nbbuild/netbeans/platform/modules/org-netbeans-api-progress-nb.jar:/Users/atalati/vscode-extension/main-repo/javavscode/netbeans/nbbuild/netbeans/platform/modules/org-openide-awt.jar:/Users/atalati/vscode-extension/main-repo/javavscode/netbeans/nbbuild/netbeans/ide/modules/org-netbeans-modules-editor-document.jar:/Users/atalati/vscode-extension/main-repo/javavscode/netbeans/nbbuild/netbeans/ide/modules/org-netbeans-modules-editor-fold.jar:/Users/atalati/vscode-extension/main-repo/javavscode/netbeans/nbbuild/netbeans/ide/modules/org-netbeans-modules-editor-settings.jar:/Users/atalati/vscode-extension/main-repo/javavscode/netbeans/nbbuild/netbeans/ide/modules/org-netbeans-modules-lexer.jar:/Users/atalati/vscode-extension/main-repo/javavscode/netbeans/nbbuild/netbeans/ide/modules/org-netbeans-modules-editor-settings-lib.jar:/Users/atalati/vscode-extension/main-repo/javavscode/netbeans/nbbuild/netbeans/ide/modules/org-netbeans-modules-editor-guards.jar:/Users/atalati/vscode-extension/main-repo/javavscode/netbeans/nbbuild/netbeans/ide/modules/org-netbeans-modules-editor-indent.jar:/Users/atalati/vscode-extension/main-repo/javavscode/netbeans/nbbuild/netbeans/ide/modules/org-netbeans-modules-editor-lib.jar:/Users/atalati/vscode-extension/main-repo/javavscode/netbeans/nbbuild/netbeans/ide/modules/org-netbeans-modules-editor-lib2.jar:/Users/atalati/vscode-extension/main-repo/javavscode/netbeans/nbbuild/netbeans/platform/modules/org-openide-dialogs.jar:/Users/atalati/vscode-extension/main-repo/javavscode/netbeans/nbbuild/netbeans/platform/modules/org-openide-actions.jar:/Users/atalati/vscode-extension/main-repo/javavscode/netbeans/nbbuild/netbeans/platform/modules/org-openide-explorer.jar:/Users/atalati/vscode-extension/main-repo/javavscode/netbeans/nbbuild/netbeans/platform/modules/org-netbeans-swing-outline.jar:/Users/atalati/vscode-extension/main-repo/javavscode/netbeans/nbbuild/netbeans/platform/modules/org-netbeans-swing-tabcontrol.jar:/Users/atalati/vscode-extension/main-repo/javavscode/netbeans/nbbuild/netbeans/platform/modules/org-openide-windows.jar:/Users/atalati/vscode-extension/main-repo/javavscode/netbeans/nbbuild/netbeans/platform/modules/org-openide-nodes.jar:/Users/atalati/vscode-extension/main-repo/javavscode/netbeans/nbbuild/netbeans/platform/modules/org-openide-text.jar:/Users/atalati/vscode-extension/main-repo/javavscode/netbeans/nbbuild/netbeans/platform/modules/org-openide-filesystems-nb.jar:/Users/atalati/vscode-extension/main-repo/javavscode/netbeans/nbbuild/netbeans/platform/modules/org-openide-loaders.jar:/Users/atalati/vscode-extension/main-repo/javavscode/netbeans/nbbuild/netbeans/platform/modules/org-netbeans-api-scripting.jar:/Users/atalati/vscode-extension/main-repo/javavscode/netbeans/nbbuild/netbeans/platform/modules/org-netbeans-api-templates.jar:/Users/atalati/vscode-extension/main-repo/javavscode/netbeans/nbbuild/netbeans/ide/modules/org-netbeans-modules-projectuiapi.jar:/Users/atalati/vscode-extension/main-repo/javavscode/netbeans/nbbuild/netbeans/ide/modules/org-netbeans-modules-projectuiapi-base.jar:/Users/atalati/vscode-extension/main-repo/javavscode/netbeans/nbbuild/netbeans/ide/modules/org-netbeans-spi-viewmodel.jar:/Users/atalati/vscode-extension/main-repo/javavscode/netbeans/nbbuild/netbeans/ide/modules/org-netbeans-spi-editor-hints.jar:/Users/atalati/vscode-extension/main-repo/javavscode/netbeans/nbbuild/netbeans/platform/modules/org-netbeans-api-annotations-common.jar:/Users/atalati/vscode-extension/main-repo/javavscode/netbeans/nbbuild/netbeans/ide/modules/org-netbeans-api-lsp.jar:/Users/atalati/vscode-extension/main-repo/javavscode/netbeans/nbbuild/netbeans/platform/modules/org-netbeans-modules-editor-mimelookup.jar:/Users/atalati/vscode-extension/main-repo/javavscode/netbeans/nbbuild/netbeans/platform/core/org-openide-filesystems.jar:/Users/atalati/vscode-extension/main-repo/javavscode/netbeans/nbbuild/netbeans/platform/lib/org-openide-util.jar:/Users/atalati/vscode-extension/main-repo/javavscode/netbeans/nbbuild/netbeans/platform/lib/org-openide-util-lookup.jar:/Users/atalati/vscode-extension/main-repo/javavscode/netbeans/nbbuild/netbeans/ide/modules/org-netbeans-modules-editor-util.jar:/Users/atalati/vscode-extension/main-repo/javavscode/netbeans/nbbuild/netbeans/ide/modules/org-netbeans-modules-editor-document.jar:/Users/atalati/vscode-extension/main-repo/javavscode/netbeans/nbbuild/netbeans/ide/modules/org-netbeans-modules-editor-lib.jar:/Users/atalati/vscode-extension/main-repo/javavscode/netbeans/nbbuild/netbeans/platform/modules/org-netbeans-api-progress.jar:/Users/atalati/vscode-extension/main-repo/javavscode/netbeans/nbbuild/netbeans/platform/lib/org-openide-modules.jar:/Users/atalati/vscode-extension/main-repo/javavscode/netbeans/nbbuild/netbeans/platform/lib/org-openide-util-ui.jar:/Users/atalati/vscode-extension/main-repo/javavscode/netbeans/nbbuild/netbeans/platform/modules/org-netbeans-api-progress-nb.jar:/Users/atalati/vscode-extension/main-repo/javavscode/netbeans/nbbuild/netbeans/platform/modules/org-openide-awt.jar:/Users/atalati/vscode-extension/main-repo/javavscode/netbeans/nbbuild/netbeans/ide/modules/org-netbeans-modules-editor-fold.jar:/Users/atalati/vscode-extension/main-repo/javavscode/netbeans/nbbuild/netbeans/ide/modules/org-netbeans-modules-editor-settings.jar:/Users/atalati/vscode-extension/main-repo/javavscode/netbeans/nbbuild/netbeans/ide/modules/org-netbeans-modules-lexer.jar:/Users/atalati/vscode-extension/main-repo/javavscode/netbeans/nbbuild/netbeans/ide/modules/org-netbeans-modules-editor-settings-lib.jar:/Users/atalati/vscode-extension/main-repo/javavscode/netbeans/nbbuild/netbeans/ide/modules/org-netbeans-modules-editor-guards.jar:/Users/atalati/vscode-extension/main-repo/javavscode/netbeans/nbbuild/netbeans/ide/modules/org-netbeans-modules-editor-indent.jar:/Users/atalati/vscode-extension/main-repo/javavscode/netbeans/nbbuild/netbeans/ide/modules/org-netbeans-modules-editor-lib2.jar:/Users/atalati/vscode-extension/main-repo/javavscode/netbeans/nbbuild/netbeans/platform/modules/org-openide-dialogs.jar:/Users/atalati/vscode-extension/main-repo/javavscode/netbeans/nbbuild/netbeans/platform/modules/org-openide-loaders.jar:/Users/atalati/vscode-extension/main-repo/javavscode/netbeans/nbbuild/netbeans/platform/modules/org-netbeans-api-scripting.jar:/Users/atalati/vscode-extension/main-repo/javavscode/netbeans/nbbuild/netbeans/platform/modules/org-netbeans-api-templates.jar:/Users/atalati/vscode-extension/main-repo/javavscode/netbeans/nbbuild/netbeans/platform/modules/org-netbeans-modules-queries.jar:/Users/atalati/vscode-extension/main-repo/javavscode/netbeans/nbbuild/netbeans/platform/modules/org-openide-actions.jar:/Users/atalati/vscode-extension/main-repo/javavscode/netbeans/nbbuild/netbeans/platform/modules/org-openide-explorer.jar:/Users/atalati/vscode-extension/main-repo/javavscode/netbeans/nbbuild/netbeans/platform/modules/org-netbeans-swing-outline.jar:/Users/atalati/vscode-extension/main-repo/javavscode/netbeans/nbbuild/netbeans/platform/modules/org-netbeans-swing-tabcontrol.jar:/Users/atalati/vscode-extension/main-repo/javavscode/netbeans/nbbuild/netbeans/platform/modules/org-openide-windows.jar:/Users/atalati/vscode-extension/main-repo/javavscode/netbeans/nbbuild/netbeans/platform/modules/org-openide-nodes.jar:/Users/atalati/vscode-extension/main-repo/javavscode/netbeans/nbbuild/netbeans/platform/modules/org-openide-text.jar:/Users/atalati/vscode-extension/main-repo/javavscode/netbeans/nbbuild/netbeans/platform/modules/org-openide-filesystems-nb.jar:/Users/atalati/vscode-extension/main-repo/javavscode/netbeans/nbbuild/netbeans/java/modules/org-netbeans-spi-java-hints.jar:/Users/atalati/vscode-extension/main-repo/javavscode/netbeans/nbbuild/netbeans/platform/modules/org-netbeans-api-annotations-common.jar:/Users/atalati/vscode-extension/main-repo/javavscode/netbeans/nbbuild/netbeans/java/modules/org-netbeans-api-java.jar:/Users/atalati/vscode-extension/main-repo/javavscode/netbeans/nbbuild/netbeans/ide/modules/org-netbeans-api-java-classpath.jar:/Users/atalati/vscode-extension/main-repo/javavscode/netbeans/nbbuild/netbeans/platform/core/org-openide-filesystems.jar:/Users/atalati/vscode-extension/main-repo/javavscode/netbeans/nbbuild/netbeans/platform/lib/org-openide-util.jar:/Users/atalati/vscode-extension/main-repo/javavscode/netbeans/nbbuild/netbeans/platform/lib/org-openide-util-lookup.jar:/Users/atalati/vscode-extension/main-repo/javavscode/netbeans/nbbuild/netbeans/platform/lib/org-openide-modules.jar:/Users/atalati/vscode-extension/main-repo/javavscode/netbeans/nbbuild/netbeans/platform/lib/org-openide-util-ui.jar:/Users/atalati/vscode-extension/main-repo/javavscode/netbeans/nbbuild/netbeans/platform/modules/org-netbeans-api-progress.jar:/Users/atalati/vscode-extension/main-repo/javavscode/netbeans/nbbuild/netbeans/platform/modules/org-netbeans-api-progress-nb.jar:/Users/atalati/vscode-extension/main-repo/javavscode/netbeans/nbbuild/netbeans/platform/modules/org-openide-awt.jar:/Users/atalati/vscode-extension/main-repo/javavscode/netbeans/nbbuild/netbeans/java/modules/org-netbeans-lib-nbjavac.jar:/Users/atalati/vscode-extension/main-repo/javavscode/netbeans/nbbuild/netbeans/java/modules/org-netbeans-libs-javacapi.jar:/Users/atalati/vscode-extension/main-repo/javavscode/netbeans/java/libs.javacapi/external/nb-javac-jdk-22+33-api.jar:/Users/atalati/vscode-extension/main-repo/javavscode/netbeans/java/libs.javacapi/external/nb-javac-jdk-22+33.jar:/Users/atalati/vscode-extension/main-repo/javavscode/netbeans/nbbuild/netbeans/ide/modules/org-netbeans-libs-lucene.jar:/Users/atalati/vscode-extension/main-repo/javavscode/netbeans/ide/libs.lucene/external/lucene-core-3.6.2.jar:/Users/atalati/vscode-extension/main-repo/javavscode/netbeans/nbbuild/netbeans/ide/modules/ext/lucene-core-3.6.2.jar:/Users/atalati/vscode-extension/main-repo/javavscode/netbeans/nbbuild/netbeans/ide/modules/org-netbeans-modules-code-analysis.jar:/Users/atalati/vscode-extension/main-repo/javavscode/netbeans/nbbuild/netbeans/platform/modules/org-netbeans-modules-autoupdate-services.jar:/Users/atalati/vscode-extension/main-repo/javavscode/netbeans/nbbuild/netbeans/platform/modules/ext/updater.jar:/Users/atalati/vscode-extension/main-repo/javavscode/netbeans/nbbuild/netbeans/platform/lib/boot.jar:/Users/atalati/vscode-extension/main-repo/javavscode/netbeans/nbbuild/netbeans/platform/core/core.jar:/Users/atalati/vscode-extension/main-repo/javavscode/netbeans/nbbuild/netbeans/platform/core/org-netbeans-libs-asm.jar:/Users/atalati/vscode-extension/main-repo/javavscode/netbeans/platform/libs.asm/external/asm-9.6.jar:/Users/atalati/vscode-extension/main-repo/javavscode/netbeans/nbbuild/netbeans/platform/core/asm-9.6.jar:/Users/atalati/vscode-extension/main-repo/javavscode/netbeans/platform/libs.asm/external/asm-tree-9.6.jar:/Users/atalati/vscode-extension/main-repo/javavscode/netbeans/nbbuild/netbeans/platform/core/asm-tree-9.6.jar:/Users/atalati/vscode-extension/main-repo/javavscode/netbeans/platform/libs.asm/external/asm-commons-9.6.jar:/Users/atalati/vscode-extension/main-repo/javavscode/netbeans/nbbuild/netbeans/platform/core/asm-commons-9.6.jar:/Users/atalati/vscode-extension/main-repo/javavscode/netbeans/nbbuild/netbeans/platform/core/core-base.jar:/Users/atalati/vscode-extension/main-repo/javavscode/netbeans/nbbuild/netbeans/platform/modules/org-openide-dialogs.jar:/Users/atalati/vscode-extension/main-repo/javavscode/netbeans/nbbuild/netbeans/platform/modules/org-netbeans-modules-editor-mimelookup.jar:/Users/atalati/vscode-extension/main-repo/javavscode/netbeans/nbbuild/netbeans/platform/modules/org-netbeans-modules-options-api.jar:/Users/atalati/vscode-extension/main-repo/javavscode/netbeans/nbbuild/netbeans/platform/modules/org-netbeans-core.jar:/Users/atalati/vscode-extension/main-repo/javavscode/netbeans/nbbuild/netbeans/platform/modules/org-netbeans-modules-keyring.jar:/Users/atalati/vscode-extension/main-repo/javavscode/netbeans/nbbuild/netbeans/platform/modules/org-netbeans-modules-sampler.jar:/Users/atalati/vscode-extension/main-repo/javavscode/netbeans/nbbuild/netbeans/platform/modules/org-netbeans-swing-plaf.jar:/Users/atalati/vscode-extension/main-repo/javavscode/netbeans/nbbuild/netbeans/platform/modules/org-openide-actions.jar:/Users/atalati/vscode-extension/main-repo/javavscode/netbeans/nbbuild/netbeans/platform/modules/org-openide-explorer.jar:/Users/atalati/vscode-extension/main-repo/javavscode/netbeans/nbbuild/netbeans/platform/modules/org-netbeans-swing-outline.jar:/Users/atalati/vscode-extension/main-repo/javavscode/netbeans/nbbuild/netbeans/platform/modules/org-netbeans-swing-tabcontrol.jar:/Users/atalati/vscode-extension/main-repo/javavscode/netbeans/nbbuild/netbeans/platform/modules/org-openide-windows.jar:/Users/atalati/vscode-extension/main-repo/javavscode/netbeans/nbbuild/netbeans/platform/modules/org-openide-nodes.jar:/Users/atalati/vscode-extension/main-repo/javavscode/netbeans/nbbuild/netbeans/platform/modules/org-openide-text.jar:/Users/atalati/vscode-extension/main-repo/javavscode/netbeans/nbbuild/netbeans/platform/modules/org-openide-io.jar:/Users/atalati/vscode-extension/main-repo/javavscode/netbeans/nbbuild/netbeans/platform/modules/org-netbeans-api-intent.jar:/Users/atalati/vscode-extension/main-repo/javavscode/netbeans/nbbuild/netbeans/platform/modules/org-netbeans-api-io.jar:/Users/atalati/vscode-extension/main-repo/javavscode/netbeans/nbbuild/netbeans/platform/modules/org-openide-loaders.jar:/Users/atalati/vscode-extension/main-repo/javavscode/netbeans/nbbuild/netbeans/platform/modules/org-netbeans-api-scripting.jar:/Users/atalati/vscode-extension/main-repo/javavscode/netbeans/nbbuild/netbeans/platform/modules/org-netbeans-api-templates.jar:/Users/atalati/vscode-extension/main-repo/javavscode/netbeans/nbbuild/netbeans/platform/modules/org-netbeans-modules-queries.jar:/Users/atalati/vscode-extension/main-repo/javavscode/netbeans/nbbuild/netbeans/platform/modules/org-openide-filesystems-nb.jar:/Users/atalati/vscode-extension/main-repo/javavscode/netbeans/nbbuild/netbeans/platform/modules/org-netbeans-spi-quicksearch.jar:/Users/atalati/vscode-extension/main-repo/javavscode/netbeans/nbbuild/netbeans/ide/modules/org-netbeans-modules-parsing-api.jar:/Users/atalati/vscode-extension/main-repo/javavscode/netbeans/nbbuild/netbeans/ide/modules/org-netbeans-modules-editor-document.jar:/Users/atalati/vscode-extension/main-repo/javavscode/netbeans/nbbuild/netbeans/ide/modules/org-netbeans-modules-editor-util.jar:/Users/atalati/vscode-extension/main-repo/javavscode/netbeans/nbbuild/netbeans/ide/modules/org-netbeans-modules-lexer.jar:/Users/atalati/vscode-extension/main-repo/javavscode/netbeans/nbbuild/netbeans/ide/modules/org-netbeans-modules-parsing-lucene.jar:/Users/atalati/vscode-extension/main-repo/javavscode/netbeans/nbbuild/netbeans/platform/modules/org-netbeans-modules-masterfs.jar:/Users/atalati/vscode-extension/main-repo/javavscode/netbeans/nbbuild/netbeans/ide/modules/org-netbeans-modules-projectapi.jar:/Users/atalati/vscode-extension/main-repo/javavscode/netbeans/nbbuild/netbeans/ide/modules/org-netbeans-modules-parsing-indexing.jar:/Users/atalati/vscode-extension/main-repo/javavscode/netbeans/nbbuild/netbeans/ide/modules/org-netbeans-modules-project-indexingbridge.jar:/Users/atalati/vscode-extension/main-repo/javavscode/netbeans/nbbuild/netbeans/ide/modules/org-netbeans-modules-projectuiapi-base.jar:/Users/atalati/vscode-extension/main-repo/javavscode/netbeans/nbbuild/netbeans/ide/modules/org-netbeans-spi-tasklist.jar:/Users/atalati/vscode-extension/main-repo/javavscode/netbeans/nbbuild/netbeans/ide/modules/org-netbeans-modules-projectuiapi.jar:/Users/atalati/vscode-extension/main-repo/javavscode/netbeans/nbbuild/netbeans/ide/modules/org-netbeans-modules-refactoring-api.jar:/Users/atalati/vscode-extension/main-repo/javavscode/netbeans/nbbuild/netbeans/ide/modules/org-netbeans-modules-diff.jar:/Users/atalati/vscode-extension/main-repo/javavscode/netbeans/nbbuild/netbeans/ide/modules/org-netbeans-modules-editor-errorstripe.jar:/Users/atalati/vscode-extension/main-repo/javavscode/netbeans/nbbuild/netbeans/ide/modules/org-netbeans-modules-editor-errorstripe-api.jar:/Users/atalati/vscode-extension/main-repo/javavscode/netbeans/nbbuild/netbeans/ide/modules/org-netbeans-modules-editor-fold.jar:/Users/atalati/vscode-extension/main-repo/javavscode/netbeans/nbbuild/netbeans/ide/modules/org-netbeans-modules-editor-settings.jar:/Users/atalati/vscode-extension/main-repo/javavscode/netbeans/nbbuild/netbeans/ide/modules/org-netbeans-modules-editor-settings-lib.jar:/Users/atalati/vscode-extension/main-repo/javavscode/netbeans/nbbuild/netbeans/ide/modules/org-netbeans-modules-editor-lib.jar:/Users/atalati/vscode-extension/main-repo/javavscode/netbeans/nbbuild/netbeans/ide/modules/org-netbeans-modules-editor-guards.jar:/Users/atalati/vscode-extension/main-repo/javavscode/netbeans/nbbuild/netbeans/ide/modules/org-netbeans-modules-editor-indent.jar:/Users/atalati/vscode-extension/main-repo/javavscode/netbeans/nbbuild/netbeans/ide/modules/org-netbeans-modules-editor-lib2.jar:/Users/atalati/vscode-extension/main-repo/javavscode/netbeans/nbbuild/netbeans/ide/modules/org-netbeans-modules-options-editor.jar:/Users/atalati/vscode-extension/main-repo/javavscode/netbeans/nbbuild/netbeans/ide/modules/org-netbeans-modules-editor.jar:/Users/atalati/vscode-extension/main-repo/javavscode/netbeans/nbbuild/netbeans/ide/modules/org-netbeans-api-lsp.jar:/Users/atalati/vscode-extension/main-repo/javavscode/netbeans/nbbuild/netbeans/ide/modules/org-netbeans-modules-editor-settings-storage.jar:/Users/atalati/vscode-extension/main-repo/javavscode/netbeans/nbbuild/netbeans/platform/modules/org-netbeans-modules-options-keymap.jar:/Users/atalati/vscode-extension/main-repo/javavscode/netbeans/nbbuild/netbeans/platform/modules/org-netbeans-modules-settings.jar:/Users/atalati/vscode-extension/main-repo/javavscode/netbeans/nbbuild/netbeans/ide/modules/org-netbeans-spi-editor-hints.jar:/Users/atalati/vscode-extension/main-repo/javavscode/netbeans/nbbuild/netbeans/java/modules/org-netbeans-modules-java-lexer.jar:/Users/atalati/vscode-extension/main-repo/javavscode/netbeans/nbbuild/netbeans/java/modules/org-netbeans-modules-java-platform.jar:/Users/atalati/vscode-extension/main-repo/javavscode/netbeans/nbbuild/netbeans/java/modules/org-netbeans-modules-java-project.jar:/Users/atalati/vscode-extension/main-repo/javavscode/netbeans/nbbuild/netbeans/java/modules/org-netbeans-modules-classfile.jar:/Users/atalati/vscode-extension/main-repo/javavscode/netbeans/nbbuild/netbeans/java/modules/org-netbeans-modules-java-source-base.jar:/Users/atalati/vscode-extension/main-repo/javavscode/netbeans/nbbuild/netbeans/java/modules/org-netbeans-modules-java-preprocessorbridge.jar:/Users/atalati/vscode-extension/main-repo/javavscode/netbeans/nbbuild/netbeans/ide/modules/org-netbeans-modules-project-ant.jar:/Users/atalati/vscode-extension/main-repo/javavscode/netbeans/nbbuild/netbeans/ide/modules/org-netbeans-modules-project-libraries.jar:/Users/atalati/vscode-extension/main-repo/javavscode/netbeans/nbbuild/netbeans/ide/modules/org-netbeans-modules-project-spi-intern.jar:/Users/atalati/vscode-extension/main-repo/javavscode/netbeans/nbbuild/netbeans/ide/modules/org-netbeans-modules-xml-catalog.jar:/Users/atalati/vscode-extension/main-repo/javavscode/netbeans/nbbuild/netbeans/ide/modules/org-apache-xml-resolver.jar:/Users/atalati/vscode-extension/main-repo/javavscode/netbeans/ide/o.apache.xml.resolver/external/resolver-1.2.jar:/Users/atalati/vscode-extension/main-repo/javavscode/netbeans/nbbuild/netbeans/ide/modules/ext/resolver-1.2.jar:/Users/atalati/vscode-extension/main-repo/javavscode/netbeans/nbbuild/netbeans/ide/modules/org-netbeans-api-xml.jar:/Users/atalati/vscode-extension/main-repo/javavscode/netbeans/nbbuild/netbeans/java/modules/org-netbeans-modules-java-source.jar:/Users/atalati/vscode-extension/main-repo/javavscode/netbeans/nbbuild/netbeans/platform/modules/org-netbeans-core-multiview.jar:/Users/atalati/vscode-extension/main-repo/javavscode/netbeans/nbbuild/netbeans/ide/modules/org-netbeans-modules-editor-indent-project.jar:/Users/atalati/vscode-extension/main-repo/javavscode/netbeans/nbbuild/netbeans/ide/modules/org-netbeans-spi-viewmodel.jar:/Users/atalati/vscode-extension/main-repo/javavscode/netbeans/nbbuild/netbeans/platform/modules/org-netbeans-swing-outline.jar:/Users/atalati/vscode-extension/main-repo/javavscode/netbeans/nbbuild/netbeans/platform/lib/org-openide-util-ui.jar:/Users/atalati/vscode-extension/main-repo/javavscode/netbeans/nbbuild/netbeans/platform/lib/org-openide-util.jar:/Users/atalati/vscode-extension/main-repo/javavscode/netbeans/nbbuild/netbeans/platform/lib/org-openide-util-lookup.jar:/Users/atalati/vscode-extension/main-repo/javavscode/netbeans/nbbuild/netbeans/platform/modules/org-openide-awt.jar:/Users/atalati/vscode-extension/main-repo/javavscode/netbeans/nbbuild/netbeans/platform/modules/org-netbeans-api-annotations-common.jar:/Users/atalati/vscode-extension/main-repo/javavscode/netbeans/nbbuild/netbeans/platform/core/org-openide-filesystems.jar:/Users/atalati/vscode-extension/main-repo/javavscode/netbeans/nbbuild/netbeans/platform/modules/org-openide-explorer.jar:/Users/atalati/vscode-extension/main-repo/javavscode/netbeans/nbbuild/netbeans/platform/modules/org-netbeans-swing-tabcontrol.jar:/Users/atalati/vscode-extension/main-repo/javavscode/netbeans/nbbuild/netbeans/platform/modules/org-openide-windows.jar:/Users/atalati/vscode-extension/main-repo/javavscode/netbeans/nbbuild/netbeans/platform/modules/org-openide-nodes.jar:/Users/atalati/vscode-extension/main-repo/javavscode/netbeans/nbbuild/netbeans/platform/modules/org-openide-dialogs.jar:/Users/atalati/vscode-extension/main-repo/javavscode/netbeans/nbbuild/netbeans/platform/modules/org-netbeans-api-progress.jar:/Users/atalati/vscode-extension/main-repo/javavscode/netbeans/nbbuild/netbeans/platform/lib/org-openide-modules.jar:/Users/atalati/vscode-extension/main-repo/javavscode/netbeans/nbbuild/netbeans/platform/modules/org-netbeans-api-progress-nb.jar:/Users/atalati/vscode-extension/main-repo/javavscode/netbeans/nbbuild/netbeans/platform/modules/org-openide-awt.jar:/Users/atalati/vscode-extension/main-repo/javavscode/netbeans/nbbuild/netbeans/platform/modules/org-netbeans-api-annotations-common.jar:/Users/atalati/vscode-extension/main-repo/javavscode/netbeans/nbbuild/netbeans/platform/core/org-openide-filesystems.jar:/Users/atalati/vscode-extension/main-repo/javavscode/netbeans/nbbuild/netbeans/platform/lib/org-openide-util.jar:/Users/atalati/vscode-extension/main-repo/javavscode/netbeans/nbbuild/netbeans/platform/lib/org-openide-util-lookup.jar:/Users/atalati/vscode-extension/main-repo/javavscode/netbeans/nbbuild/netbeans/platform/lib/org-openide-util-ui.jar:/Users/atalati/vscode-extension/main-repo/javavscode/netbeans/nbbuild/netbeans/platform/modules/org-openide-dialogs.jar:/Users/atalati/vscode-extension/main-repo/javavscode/netbeans/nbbuild/netbeans/platform/modules/org-netbeans-api-progress.jar:/Users/atalati/vscode-extension/main-repo/javavscode/netbeans/nbbuild/netbeans/platform/lib/org-openide-modules.jar:/Users/atalati/vscode-extension/main-repo/javavscode/netbeans/nbbuild/netbeans/platform/lib/org-openide-util-ui.jar:/Users/atalati/vscode-extension/main-repo/javavscode/netbeans/nbbuild/netbeans/platform/lib/org-openide-util.jar:/Users/atalati/vscode-extension/main-repo/javavscode/netbeans/nbbuild/netbeans/platform/lib/org-openide-util-lookup.jar:/Users/atalati/vscode-extension/main-repo/javavscode/netbeans/nbbuild/netbeans/platform/modules/org-netbeans-api-progress-nb.jar:/Users/atalati/vscode-extension/main-repo/javavscode/netbeans/nbbuild/netbeans/platform/modules/org-openide-awt.jar:/Users/atalati/vscode-extension/main-repo/javavscode/netbeans/nbbuild/netbeans/platform/modules/org-netbeans-api-annotations-common.jar:/Users/atalati/vscode-extension/main-repo/javavscode/netbeans/nbbuild/netbeans/platform/core/org-openide-filesystems.jar:/Users/atalati/vscode-extension/main-repo/javavscode/netbeans/nbbuild/netbeans/platform/modules/org-openide-explorer.jar:/Users/atalati/vscode-extension/main-repo/javavscode/netbeans/nbbuild/netbeans/platform/modules/org-netbeans-swing-outline.jar:/Users/atalati/vscode-extension/main-repo/javavscode/netbeans/nbbuild/netbeans/platform/lib/org-openide-util-ui.jar:/Users/atalati/vscode-extension/main-repo/javavscode/netbeans/nbbuild/netbeans/platform/lib/org-openide-util.jar:/Users/atalati/vscode-extension/main-repo/javavscode/netbeans/nbbuild/netbeans/platform/lib/org-openide-util-lookup.jar:/Users/atalati/vscode-extension/main-repo/javavscode/netbeans/nbbuild/netbeans/platform/modules/org-netbeans-swing-tabcontrol.jar:/Users/atalati/vscode-extension/main-repo/javavscode/netbeans/nbbuild/netbeans/platform/modules/org-openide-awt.jar:/Users/atalati/vscode-extension/main-repo/javavscode/netbeans/nbbuild/netbeans/platform/modules/org-netbeans-api-annotations-common.jar:/Users/atalati/vscode-extension/main-repo/javavscode/netbeans/nbbuild/netbeans/platform/core/org-openide-filesystems.jar:/Users/atalati/vscode-extension/main-repo/javavscode/netbeans/nbbuild/netbeans/platform/modules/org-openide-windows.jar:/Users/atalati/vscode-extension/main-repo/javavscode/netbeans/nbbuild/netbeans/platform/modules/org-openide-nodes.jar:/Users/atalati/vscode-extension/main-repo/javavscode/netbeans/nbbuild/netbeans/platform/modules/org-openide-dialogs.jar:/Users/atalati/vscode-extension/main-repo/javavscode/netbeans/nbbuild/netbeans/platform/modules/org-netbeans-api-progress.jar:/Users/atalati/vscode-extension/main-repo/javavscode/netbeans/nbbuild/netbeans/platform/lib/org-openide-modules.jar:/Users/atalati/vscode-extension/main-repo/javavscode/netbeans/nbbuild/netbeans/platform/modules/org-netbeans-api-progress-nb.jar:/Users/atalati/vscode-extension/main-repo/javavscode/netbeans/nbbuild/netbeans/platform/core/org-openide-filesystems.jar:/Users/atalati/vscode-extension/main-repo/javavscode/netbeans/nbbuild/netbeans/platform/lib/org-openide-util.jar:/Users/atalati/vscode-extension/main-repo/javavscode/netbeans/nbbuild/netbeans/platform/lib/org-openide-util-lookup.jar:/Users/atalati/vscode-extension/main-repo/javavscode/netbeans/nbbuild/netbeans/platform/modules/org-openide-io.jar:/Users/atalati/vscode-extension/main-repo/javavscode/netbeans/nbbuild/netbeans/platform/modules/org-netbeans-api-annotations-common.jar:/Users/atalati/vscode-extension/main-repo/javavscode/netbeans/nbbuild/netbeans/platform/modules/org-netbeans-api-intent.jar:/Users/atalati/vscode-extension/main-repo/javavscode/netbeans/nbbuild/netbeans/platform/core/org-openide-filesystems.jar:/Users/atalati/vscode-extension/main-repo/javavscode/netbeans/nbbuild/netbeans/platform/lib/org-openide-util.jar:/Users/atalati/vscode-extension/main-repo/javavscode/netbeans/nbbuild/netbeans/platform/lib/org-openide-util-lookup.jar:/Users/atalati/vscode-extension/main-repo/javavscode/netbeans/nbbuild/netbeans/platform/modules/org-netbeans-api-io.jar:/Users/atalati/vscode-extension/main-repo/javavscode/netbeans/nbbuild/netbeans/platform/modules/org-openide-loaders.jar:/Users/atalati/vscode-extension/main-repo/javavscode/netbeans/nbbuild/netbeans/platform/modules/org-netbeans-api-annotations-common.jar:/Users/atalati/vscode-extension/main-repo/javavscode/netbeans/nbbuild/netbeans/platform/modules/org-netbeans-api-progress.jar:/Users/atalati/vscode-extension/main-repo/javavscode/netbeans/nbbuild/netbeans/platform/lib/org-openide-modules.jar:/Users/atalati/vscode-extension/main-repo/javavscode/netbeans/nbbuild/netbeans/platform/lib/org-openide-util-ui.jar:/Users/atalati/vscode-extension/main-repo/javavscode/netbeans/nbbuild/netbeans/platform/lib/org-openide-util.jar:/Users/atalati/vscode-extension/main-repo/javavscode/netbeans/nbbuild/netbeans/platform/lib/org-openide-util-lookup.jar:/Users/atalati/vscode-extension/main-repo/javavscode/netbeans/nbbuild/netbeans/platform/modules/org-netbeans-api-progress-nb.jar:/Users/atalati/vscode-extension/main-repo/javavscode/netbeans/nbbuild/netbeans/platform/modules/org-openide-awt.jar:/Users/atalati/vscode-extension/main-repo/javavscode/netbeans/nbbuild/netbeans/platform/core/org-openide-filesystems.jar:/Users/atalati/vscode-extension/main-repo/javavscode/netbeans/nbbuild/netbeans/platform/modules/org-netbeans-api-scripting.jar:/Users/atalati/vscode-extension/main-repo/javavscode/netbeans/nbbuild/netbeans/platform/modules/org-netbeans-api-templates.jar:/Users/atalati/vscode-extension/main-repo/javavscode/netbeans/nbbuild/netbeans/platform/modules/org-netbeans-modules-queries.jar:/Users/atalati/vscode-extension/main-repo/javavscode/netbeans/nbbuild/netbeans/platform/modules/org-netbeans-modules-editor-mimelookup.jar:/Users/atalati/vscode-extension/main-repo/javavscode/netbeans/nbbuild/netbeans/platform/modules/org-openide-actions.jar:/Users/atalati/vscode-extension/main-repo/javavscode/netbeans/nbbuild/netbeans/platform/modules/org-openide-dialogs.jar:/Users/atalati/vscode-extension/main-repo/javavscode/netbeans/nbbuild/netbeans/platform/modules/org-openide-explorer.jar:/Users/atalati/vscode-extension/main-repo/javavscode/netbeans/nbbuild/netbeans/platform/modules/org-netbeans-swing-outline.jar:/Users/atalati/vscode-extension/main-repo/javavscode/netbeans/nbbuild/netbeans/platform/modules/org-netbeans-swing-tabcontrol.jar:/Users/atalati/vscode-extension/main-repo/javavscode/netbeans/nbbuild/netbeans/platform/modules/org-openide-windows.jar:/Users/atalati/vscode-extension/main-repo/javavscode/netbeans/nbbuild/netbeans/platform/modules/org-openide-nodes.jar:/Users/atalati/vscode-extension/main-repo/javavscode/netbeans/nbbuild/netbeans/platform/modules/org-openide-text.jar:/Users/atalati/vscode-extension/main-repo/javavscode/netbeans/nbbuild/netbeans/platform/modules/org-openide-filesystems-nb.jar:/Users/atalati/vscode-extension/main-repo/javavscode/netbeans/nbbuild/netbeans/platform/lib/org-openide-modules.jar:/Users/atalati/vscode-extension/main-repo/javavscode/netbeans/nbbuild/netbeans/platform/lib/org-openide-util-ui.jar:/Users/atalati/vscode-extension/main-repo/javavscode/netbeans/nbbuild/netbeans/platform/lib/org-openide-util.jar:/Users/atalati/vscode-extension/main-repo/javavscode/netbeans/nbbuild/netbeans/platform/lib/org-openide-util-lookup.jar:/Users/atalati/vscode-extension/main-repo/javavscode/netbeans/nbbuild/netbeans/platform/modules/org-openide-nodes.jar:/Users/atalati/vscode-extension/main-repo/javavscode/netbeans/nbbuild/netbeans/platform/modules/org-openide-awt.jar:/Users/atalati/vscode-extension/main-repo/javavscode/netbeans/nbbuild/netbeans/platform/modules/org-netbeans-api-annotations-common.jar:/Users/atalati/vscode-extension/main-repo/javavscode/netbeans/nbbuild/netbeans/platform/core/org-openide-filesystems.jar:/Users/atalati/vscode-extension/main-repo/javavscode/netbeans/nbbuild/netbeans/platform/lib/org-openide-util.jar:/Users/atalati/vscode-extension/main-repo/javavscode/netbeans/nbbuild/netbeans/platform/lib/org-openide-util-lookup.jar:/Users/atalati/vscode-extension/main-repo/javavscode/netbeans/nbbuild/netbeans/platform/lib/org-openide-util-ui.jar:/Users/atalati/vscode-extension/main-repo/javavscode/netbeans/nbbuild/netbeans/platform/modules/org-openide-dialogs.jar:/Users/atalati/vscode-extension/main-repo/javavscode/netbeans/nbbuild/netbeans/platform/modules/org-netbeans-api-progress.jar:/Users/atalati/vscode-extension/main-repo/javavscode/netbeans/nbbuild/netbeans/platform/lib/org-openide-modules.jar:/Users/atalati/vscode-extension/main-repo/javavscode/netbeans/nbbuild/netbeans/platform/modules/org-netbeans-api-progress-nb.jar:/Users/atalati/vscode-extension/main-repo/javavscode/netbeans/nbbuild/netbeans/platform/modules/org-openide-text.jar:/Users/atalati/vscode-extension/main-repo/javavscode/netbeans/nbbuild/netbeans/platform/modules/org-netbeans-modules-editor-mimelookup.jar:/Users/atalati/vscode-extension/main-repo/javavscode/netbeans/nbbuild/netbeans/platform/core/org-openide-filesystems.jar:/Users/atalati/vscode-extension/main-repo/javavscode/netbeans/nbbuild/netbeans/platform/lib/org-openide-util.jar:/Users/atalati/vscode-extension/main-repo/javavscode/netbeans/nbbuild/netbeans/platform/lib/org-openide-util-lookup.jar:/Users/atalati/vscode-extension/main-repo/javavscode/netbeans/nbbuild/netbeans/platform/modules/org-openide-awt.jar:/Users/atalati/vscode-extension/main-repo/javavscode/netbeans/nbbuild/netbeans/platform/modules/org-netbeans-api-annotations-common.jar:/Users/atalati/vscode-extension/main-repo/javavscode/netbeans/nbbuild/netbeans/platform/lib/org-openide-util-ui.jar:/Users/atalati/vscode-extension/main-repo/javavscode/netbeans/nbbuild/netbeans/platform/modules/org-openide-dialogs.jar:/Users/atalati/vscode-extension/main-repo/javavscode/netbeans/nbbuild/netbeans/platform/modules/org-netbeans-api-progress.jar:/Users/atalati/vscode-extension/main-repo/javavscode/netbeans/nbbuild/netbeans/platform/lib/org-openide-modules.jar:/Users/atalati/vscode-extension/main-repo/javavscode/netbeans/nbbuild/netbeans/platform/modules/org-netbeans-api-progress-nb.jar:/Users/atalati/vscode-extension/main-repo/javavscode/netbeans/nbbuild/netbeans/platform/modules/org-openide-nodes.jar:/Users/atalati/vscode-extension/main-repo/javavscode/netbeans/nbbuild/netbeans/platform/modules/org-openide-windows.jar:/Users/atalati/vscode-extension/main-repo/javavscode/netbeans/nbbuild/netbeans/platform/lib/org-openide-util.jar:/Users/atalati/vscode-extension/main-repo/javavscode/netbeans/nbbuild/netbeans/platform/lib/org-openide-util-lookup.jar:/Users/atalati/vscode-extension/main-repo/javavscode/netbeans/nbbuild/netbeans/platform/lib/org-openide-util-lookup.jar:/Users/atalati/vscode-extension/main-repo/javavscode/netbeans/nbbuild/netbeans/platform/lib/org-openide-util-ui.jar:/Users/atalati/vscode-extension/main-repo/javavscode/netbeans/nbbuild/netbeans/platform/lib/org-openide-util.jar:/Users/atalati/vscode-extension/main-repo/javavscode/netbeans/nbbuild/netbeans/platform/lib/org-openide-util-lookup.jar:/Users/atalati/vscode-extension/main-repo/javavscode/netbeans/java/java.lsp.server/external/org.eclipse.lsp4j.debug-0.13.0.jar:/Users/atalati/vscode-extension/main-repo/javavscode/netbeans/nbbuild/netbeans/java/modules/ext/org.eclipse.lsp4j.debug-0.13.0.jar:/Users/atalati/vscode-extension/main-repo/javavscode/netbeans/java/java.lsp.server/external/org.eclipse.xtend.lib.macro-2.24.0.jar:/Users/atalati/vscode-extension/main-repo/javavscode/netbeans/nbbuild/netbeans/java/modules/ext/org.eclipse.xtend.lib.macro-2.24.0.jar:/Users/atalati/vscode-extension/main-repo/javavscode/netbeans/java/java.lsp.server/external/org.eclipse.lsp4j.generator-0.13.0.jar:/Users/atalati/vscode-extension/main-repo/javavscode/netbeans/nbbuild/netbeans/java/modules/ext/org.eclipse.lsp4j.generator-0.13.0.jar:/Users/atalati/vscode-extension/main-repo/javavscode/netbeans/java/java.lsp.server/external/org.eclipse.lsp4j.jsonrpc-0.13.0.jar:/Users/atalati/vscode-extension/main-repo/javavscode/netbeans/nbbuild/netbeans/java/modules/ext/org.eclipse.lsp4j.jsonrpc-0.13.0.jar:/Users/atalati/vscode-extension/main-repo/javavscode/netbeans/java/java.lsp.server/external/org.eclipse.lsp4j.jsonrpc.debug-0.13.0.jar:/Users/atalati/vscode-extension/main-repo/javavscode/netbeans/nbbuild/netbeans/java/modules/ext/org.eclipse.lsp4j.jsonrpc.debug-0.13.0.jar:/Users/atalati/vscode-extension/main-repo/javavscode/netbeans/java/java.lsp.server/external/org.eclipse.xtend.lib-2.24.0.jar:/Users/atalati/vscode-extension/main-repo/javavscode/netbeans/nbbuild/netbeans/java/modules/ext/org.eclipse.xtend.lib-2.24.0.jar:/Users/atalati/vscode-extension/main-repo/javavscode/netbeans/java/java.lsp.server/external/org.eclipse.xtext.xbase.lib-2.24.0.jar:/Users/atalati/vscode-extension/main-repo/javavscode/netbeans/nbbuild/netbeans/java/modules/ext/org.eclipse.xtext.xbase.lib-2.24.0.jar:/Users/atalati/vscode-extension/main-repo/javavscode/netbeans/java/java.lsp.server/external/org.eclipse.lsp4j-0.13.0.jar:/Users/atalati/vscode-extension/main-repo/javavscode/netbeans/nbbuild/netbeans/java/modules/ext/org.eclipse.lsp4j-0.13.0.jar" />
    <property name="platform/api.progress.compat8.dir" value="/Users/atalati/vscode-extension/main-repo/javavscode/netbeans/nbbuild/netbeans/platform" />
    <property name="ide/o.eclipse.core.net.dir" value="/Users/atalati/vscode-extension/main-repo/javavscode/netbeans/nbbuild/netbeans/ide" />
    <property name="run.test.type" value="unit" />
    <property name="ide/spi.navigator.dir" value="/Users/atalati/vscode-extension/main-repo/javavscode/netbeans/nbbuild/netbeans/ide" />
    <property name="keyring.impl.dir" value="/Users/atalati/vscode-extension/main-repo/javavscode/netbeans/nbbuild/netbeans/platform" />
    <property name="java.class.path" value="/Users/atalati/vscode-extension/main-repo/javavscode/netbeans/java/java.lsp.server/build/test/unit/classes:/Users/atalati/vscode-extension/main-repo/javavscode/netbeans/nbbuild/netbeans/ide/modules/com-google-gson.jar:/Users/atalati/vscode-extension/main-repo/javavscode/netbeans/nbbuild/netbeans/ide/modules/com-google-guava.jar:/Users/atalati/vscode-extension/main-repo/javavscode/netbeans/nbbuild/netbeans/platform/lib/boot.jar:/Users/atalati/vscode-extension/main-repo/javavscode/netbeans/nbbuild/netbeans/platform/core/core.jar:/Users/atalati/vscode-extension/main-repo/javavscode/netbeans/nbbuild/netbeans/platform/modules/org-netbeans-core-windows.jar:/Users/atalati/vscode-extension/main-repo/javavscode/netbeans/nbbuild/netbeans/ide/modules/org-netbeans-libs-freemarker.jar:/Users/atalati/vscode-extension/main-repo/javavscode/netbeans/nbbuild/netbeans/platform/modules/org-netbeans-libs-junit4.jar:/Users/atalati/vscode-extension/main-repo/javavscode/netbeans/nbbuild/netbeans/platform/modules/org-openide-io.jar:/Users/atalati/vscode-extension/main-repo/javavscode/netbeans/nbbuild/netbeans/ide/modules/org-netbeans-modules-options-editor.jar:/Users/atalati/vscode-extension/main-repo/javavscode/netbeans/nbbuild/netbeans/ide/modules/org-netbeans-modules-projectuiapi-base.jar:/Users/atalati/vscode-extension/main-repo/javavscode/netbeans/nbbuild/netbeans/platform/modules/org-netbeans-api-progress.jar:/Users/atalati/vscode-extension/main-repo/javavscode/netbeans/nbbuild/netbeans/ide/modules/org-netbeans-modules-editor-settings-storage.jar:/Users/atalati/vscode-extension/main-repo/javavscode/netbeans/nbbuild/netbeans/ide/modules/org-netbeans-api-xml.jar:/Users/atalati/vscode-extension/main-repo/javavscode/netbeans/nbbuild/netbeans/platform/lib/org-openide-util-ui.jar:/Users/atalati/vscode-extension/main-repo/javavscode/netbeans/nbbuild/netbeans/java/modules/org-netbeans-libs-javacapi.jar:/Users/atalati/vscode-extension/main-repo/javavscode/netbeans/nbbuild/netbeans/ide/modules/org-netbeans-modules-editor-fold.jar:/Users/atalati/vscode-extension/main-repo/javavscode/netbeans/nbbuild/netbeans/ide/modules/org-apache-xml-resolver.jar:/Users/atalati/vscode-extension/main-repo/javavscode/netbeans/nbbuild/netbeans/platform/modules/org-netbeans-swing-plaf.jar:/Users/atalati/vscode-extension/main-repo/javavscode/netbeans/nbbuild/netbeans/ide/modules/org-netbeans-modules-editor-fold-nbui.jar:/Users/atalati/vscode-extension/main-repo/javavscode/netbeans/nbbuild/netbeans/ide/modules/org-netbeans-modules-editor-settings-lib.jar:/Users/atalati/vscode-extension/main-repo/javavscode/netbeans/nbbuild/netbeans/ide/modules/org-netbeans-modules-editor-document.jar:/Users/atalati/vscode-extension/main-repo/javavscode/netbeans/nbbuild/netbeans/platform/core/org-netbeans-libs-asm.jar:/Users/atalati/vscode-extension/main-repo/javavscode/netbeans/nbbuild/netbeans/platform/modules/org-openide-text.jar:/Users/atalati/vscode-extension/main-repo/javavscode/netbeans/nbbuild/netbeans/java/modules/org-netbeans-api-java.jar:/Users/atalati/vscode-extension/main-repo/javavscode/netbeans/nbbuild/netbeans/ide/modules/org-netbeans-modules-xml-catalog.jar:/Users/atalati/vscode-extension/main-repo/javavscode/netbeans/nbbuild/netbeans/platform/modules/org-netbeans-modules-options-api.jar:/Users/atalati/vscode-extension/main-repo/javavscode/netbeans/nbbuild/netbeans/platform/lib/org-openide-modules.jar:/Users/atalati/vscode-extension/main-repo/javavscode/netbeans/nbbuild/netbeans/ide/modules/org-netbeans-modules-editor-guards.jar:/Users/atalati/vscode-extension/main-repo/javavscode/netbeans/nbbuild/netbeans/platform/modules/org-openide-filesystems-nb.jar:/Users/atalati/vscode-extension/main-repo/javavscode/netbeans/nbbuild/netbeans/ide/modules/org-netbeans-spi-tasklist.jar:/Users/atalati/vscode-extension/main-repo/javavscode/netbeans/nbbuild/netbeans/platform/modules/org-netbeans-modules-keyring.jar:/Users/atalati/vscode-extension/main-repo/javavscode/netbeans/nbbuild/netbeans/platform/modules/org-netbeans-modules-options-keymap.jar:/Users/atalati/vscode-extension/main-repo/javavscode/netbeans/nbbuild/netbeans/java/modules/org-netbeans-lib-nbjavac.jar:/Users/atalati/vscode-extension/main-repo/javavscode/netbeans/nbbuild/netbeans/ide/modules/org-netbeans-modules-project-indexingbridge.jar:/Users/atalati/vscode-extension/main-repo/javavscode/netbeans/nbbuild/netbeans/ide/modules/org-netbeans-modules-diff.jar:/Users/atalati/vscode-extension/main-repo/javavscode/netbeans/nbbuild/netbeans/platform/modules/org-netbeans-api-templates.jar:/Users/atalati/vscode-extension/main-repo/javavscode/netbeans/nbbuild/netbeans/ide/modules/org-netbeans-modules-project-spi-intern.jar:/Users/atalati/vscode-extension/main-repo/javavscode/netbeans/nbbuild/netbeans/platform/modules/org-netbeans-modules-queries.jar:/Users/atalati/vscode-extension/main-repo/javavscode/netbeans/nbbuild/netbeans/ide/modules/org-netbeans-api-java-classpath.jar:/Users/atalati/vscode-extension/main-repo/javavscode/netbeans/nbbuild/netbeans/ide/modules/org-netbeans-modules-lexer.jar:/Users/atalati/vscode-extension/main-repo/javavscode/netbeans/nbbuild/netbeans/platform/lib/org-openide-util-lookup.jar:/Users/atalati/vscode-extension/main-repo/javavscode/netbeans/nbbuild/netbeans/ide/modules/org-netbeans-modules-project-ant.jar:/Users/atalati/vscode-extension/main-repo/javavscode/netbeans/nbbuild/netbeans/java/modules/org-netbeans-modules-java-platform.jar:/Users/atalati/vscode-extension/main-repo/javavscode/netbeans/nbbuild/netbeans/platform/modules/org-netbeans-modules-editor-mimelookup.jar:/Users/atalati/vscode-extension/main-repo/javavscode/netbeans/nbbuild/netbeans/java/modules/org-netbeans-modules-java-lexer.jar:/Users/atalati/vscode-extension/main-repo/javavscode/netbeans/nbbuild/netbeans/platform/modules/org-netbeans-api-annotations-common.jar:/Users/atalati/vscode-extension/main-repo/javavscode/netbeans/nbbuild/netbeans/platform/modules/org-netbeans-core.jar:/Users/atalati/vscode-extension/main-repo/javavscode/netbeans/nbbuild/netbeans/ide/modules/org-netbeans-modules-refactoring-api.jar:/Users/atalati/vscode-extension/main-repo/javavscode/netbeans/nbbuild/netbeans/ide/modules/org-netbeans-modules-editor-util.jar:/Users/atalati/vscode-extension/main-repo/javavscode/netbeans/nbbuild/netbeans/java/modules/org-netbeans-modules-classfile.jar:/Users/atalati/vscode-extension/main-repo/javavscode/netbeans/nbbuild/netbeans/platform/lib/org-openide-util.jar:/Users/atalati/vscode-extension/main-repo/javavscode/netbeans/nbbuild/netbeans/platform/modules/org-netbeans-spi-quicksearch.jar:/Users/atalati/vscode-extension/main-repo/javavscode/netbeans/nbbuild/netbeans/ide/modules/org-netbeans-modules-parsing-indexing.jar:/Users/atalati/vscode-extension/main-repo/javavscode/netbeans/nbbuild/netbeans/platform/modules/org-openide-windows.jar:/Users/atalati/vscode-extension/main-repo/javavscode/netbeans/nbbuild/netbeans/ide/modules/org-netbeans-modules-editor-errorstripe-api.jar:/Users/atalati/vscode-extension/main-repo/javavscode/netbeans/nbbuild/netbeans/java/modules/org-netbeans-modules-java-project.jar:/Users/atalati/vscode-extension/main-repo/javavscode/netbeans/nbbuild/netbeans/platform/modules/org-netbeans-modules-masterfs.jar:/Users/atalati/vscode-extension/main-repo/javavscode/netbeans/nbbuild/netbeans/ide/modules/org-netbeans-libs-lucene.jar:/Users/atalati/vscode-extension/main-repo/javavscode/netbeans/nbbuild/netbeans/ide/modules/org-netbeans-modules-editor-indent.jar:/Users/atalati/vscode-extension/main-repo/javavscode/netbeans/nbbuild/netbeans/platform/modules/org-openide-explorer.jar:/Users/atalati/vscode-extension/main-repo/javavscode/netbeans/nbbuild/netbeans/java/modules/org-netbeans-modules-java-preprocessorbridge.jar:/Users/atalati/vscode-extension/main-repo/javavscode/netbeans/nbbuild/netbeans/platform/modules/org-netbeans-modules-sampler.jar:/Users/atalati/vscode-extension/main-repo/javavscode/netbeans/nbbuild/netbeans/java/modules/org-netbeans-api-debugger-jpda.jar:/Users/atalati/vscode-extension/main-repo/javavscode/netbeans/nbbuild/netbeans/ide/modules/org-netbeans-modules-editor-lib.jar:/Users/atalati/vscode-extension/main-repo/javavscode/netbeans/nbbuild/netbeans/ide/modules/org-netbeans-modules-project-libraries.jar:/Users/atalati/vscode-extension/main-repo/javavscode/netbeans/nbbuild/netbeans/platform/modules/org-openide-dialogs.jar:/Users/atalati/vscode-extension/main-repo/javavscode/netbeans/nbbuild/netbeans/ide/modules/org-netbeans-modules-projectapi.jar:/Users/atalati/vscode-extension/main-repo/javavscode/netbeans/nbbuild/netbeans/platform/core/org-openide-filesystems.jar:/Users/atalati/vscode-extension/main-repo/javavscode/netbeans/nbbuild/netbeans/ide/modules/org-netbeans-modules-editor-errorstripe.jar:/Users/atalati/vscode-extension/main-repo/javavscode/netbeans/nbbuild/netbeans/platform/modules/org-openide-awt.jar:/Users/atalati/vscode-extension/main-repo/javavscode/netbeans/nbbuild/netbeans/platform/modules/org-netbeans-api-scripting.jar:/Users/atalati/vscode-extension/main-repo/javavscode/netbeans/nbbuild/netbeans/platform/modules/org-netbeans-swing-tabcontrol.jar:/Users/atalati/vscode-extension/main-repo/javavscode/netbeans/nbbuild/netbeans/java/modules/org-netbeans-modules-debugger-jpda-projects.jar:/Users/atalati/vscode-extension/main-repo/javavscode/netbeans/nbbuild/netbeans/platform/modules/org-openide-actions.jar:/Users/atalati/vscode-extension/main-repo/javavscode/netbeans/nbbuild/netbeans/ide/modules/org-netbeans-modules-parsing-lucene.jar:/Users/atalati/vscode-extension/main-repo/javavscode/netbeans/nbbuild/netbeans/java/modules/org-netbeans-modules-java-source-base.jar:/Users/atalati/vscode-extension/main-repo/javavscode/netbeans/nbbuild/netbeans/ide/modules/org-netbeans-modules-editor-settings.jar:/Users/atalati/vscode-extension/main-repo/javavscode/netbeans/nbbuild/netbeans/platform/modules/org-netbeans-api-io.jar:/Users/atalati/vscode-extension/main-repo/javavscode/netbeans/nbbuild/netbeans/ide/modules/org-netbeans-modules-editor.jar:/Users/atalati/vscode-extension/main-repo/javavscode/netbeans/nbbuild/netbeans/platform/modules/org-openide-loaders.jar:/Users/atalati/vscode-extension/main-repo/javavscode/netbeans/nbbuild/netbeans/platform/modules/org-netbeans-api-intent.jar:/Users/atalati/vscode-extension/main-repo/javavscode/netbeans/nbbuild/netbeans/ide/modules/org-netbeans-api-lsp.jar:/Users/atalati/vscode-extension/main-repo/javavscode/netbeans/nbbuild/netbeans/platform/modules/org-openide-nodes.jar:/Users/atalati/vscode-extension/main-repo/javavscode/netbeans/nbbuild/netbeans/ide/modules/org-netbeans-modules-editor-lib2.jar:/Users/atalati/vscode-extension/main-repo/javavscode/netbeans/nbbuild/netbeans/platform/modules/org-netbeans-swing-outline.jar:/Users/atalati/vscode-extension/main-repo/javavscode/netbeans/nbbuild/netbeans/platform/core/core-base.jar:/Users/atalati/vscode-extension/main-repo/javavscode/netbeans/nbbuild/netbeans/platform/modules/org-netbeans-api-progress-nb.jar:/Users/atalati/vscode-extension/main-repo/javavscode/netbeans/nbbuild/netbeans/ide/modules/org-netbeans-api-debugger.jar:/Users/atalati/vscode-extension/main-repo/javavscode/netbeans/nbbuild/netbeans/ide/modules/org-netbeans-modules-parsing-api.jar:/Users/atalati/vscode-extension/main-repo/javavscode/netbeans/nbbuild/netbeans/ide/modules/org-netbeans-modules-editor-actions.jar:/Users/atalati/vscode-extension/main-repo/javavscode/netbeans/nbbuild/netbeans/platform/modules/org-netbeans-modules-editor-mimelookup-impl.jar:/Users/atalati/vscode-extension/main-repo/javavscode/netbeans/nbbuild/netbeans/ide/modules/org-netbeans-modules-editor-tools-storage.jar:/Users/atalati/vscode-extension/main-repo/javavscode/netbeans/nbbuild/netbeans/ide/modules/org-netbeans-modules-extexecution-process.jar:/Users/atalati/vscode-extension/main-repo/javavscode/netbeans/nbbuild/netbeans/platform/modules/org-netbeans-libs-jna.jar:/Users/atalati/vscode-extension/main-repo/javavscode/netbeans/nbbuild/netbeans/ide/modules/org-netbeans-modules-extexecution-base.jar:/Users/atalati/vscode-extension/main-repo/javavscode/netbeans/nbbuild/netbeans/ide/modules/org-netbeans-modules-extexecution-process-jdk9.jar:/Users/atalati/vscode-extension/main-repo/javavscode/netbeans/nbbuild/netbeans/java/modules/org-netbeans-modules-java-hints-declarative.jar:/Users/atalati/vscode-extension/main-repo/javavscode/netbeans/nbbuild/netbeans/java/modules/org-netbeans-modules-java-j2seplatform.jar:/Users/atalati/vscode-extension/main-repo/javavscode/netbeans/nbbuild/netbeans/extide/modules/org-netbeans-modules-options-java.jar:/Users/atalati/vscode-extension/main-repo/javavscode/netbeans/nbbuild/netbeans/platform/modules/org-netbeans-modules-autoupdate-services.jar:/Users/atalati/vscode-extension/main-repo/javavscode/netbeans/nbbuild/netbeans/ide/modules/org-netbeans-modules-extexecution.jar:/Users/atalati/vscode-extension/main-repo/javavscode/netbeans/nbbuild/netbeans/ide/modules/org-netbeans-modules-project-ant-ui.jar:/Users/atalati/vscode-extension/main-repo/javavscode/netbeans/nbbuild/netbeans/java/modules/org-netbeans-modules-java-platform-ui.jar:/Users/atalati/vscode-extension/main-repo/javavscode/netbeans/nbbuild/netbeans/platform/modules/org-netbeans-api-search.jar:/Users/atalati/vscode-extension/main-repo/javavscode/netbeans/nbbuild/netbeans/java/modules/org-netbeans-modules-java-openjdk-project.jar:/Users/atalati/vscode-extension/main-repo/javavscode/netbeans/nbbuild/netbeans/ide/modules/org-netbeans-spi-navigator.jar:/Users/atalati/vscode-extension/main-repo/javavscode/netbeans/nbbuild/netbeans/java/modules/org-netbeans-spi-java-hints.jar:/Users/atalati/vscode-extension/main-repo/javavscode/netbeans/nbbuild/netbeans/ide/modules/org-netbeans-api-xml-ui.jar:/Users/atalati/vscode-extension/main-repo/javavscode/netbeans/nbbuild/netbeans/platform/modules/org-openide-execution.jar:/Users/atalati/vscode-extension/main-repo/javavscode/netbeans/nbbuild/netbeans/java/modules/org-netbeans-modules-java-sourceui.jar:/Users/atalati/vscode-extension/main-repo/javavscode/netbeans/nbbuild/netbeans/ide/modules/org-netbeans-modules-projectuiapi.jar:/Users/atalati/vscode-extension/main-repo/javavscode/netbeans/nbbuild/netbeans/ide/modules/org-netbeans-modules-project-libraries-ui.jar:/Users/atalati/vscode-extension/main-repo/javavscode/netbeans/nbbuild/netbeans/ide/modules/org-netbeans-modules-gsf-testrunner-ui.jar:/Users/atalati/vscode-extension/main-repo/javavscode/netbeans/nbbuild/netbeans/java/modules/org-netbeans-modules-java-source.jar:/Users/atalati/vscode-extension/main-repo/javavscode/netbeans/nbbuild/netbeans/java/modules/org-netbeans-modules-java-testrunner-ui.jar:/Users/atalati/vscode-extension/main-repo/javavscode/netbeans/nbbuild/netbeans/java/modules/org-netbeans-modules-java-testrunner.jar:/Users/atalati/vscode-extension/main-repo/javavscode/netbeans/nbbuild/netbeans/ide/modules/org-netbeans-modules-jumpto.jar:/Users/atalati/vscode-extension/main-repo/javavscode/netbeans/nbbuild/netbeans/extide/modules/org-apache-tools-ant-module.jar:/Users/atalati/vscode-extension/main-repo/javavscode/netbeans/nbbuild/netbeans/ide/modules/org-netbeans-modules-editor-indent-project.jar:/Users/atalati/vscode-extension/main-repo/javavscode/netbeans/nbbuild/netbeans/ide/modules/org-netbeans-spi-editor-hints.jar:/Users/atalati/vscode-extension/main-repo/javavscode/netbeans/nbbuild/netbeans/platform/modules/org-netbeans-core-multiview.jar:/Users/atalati/vscode-extension/main-repo/javavscode/netbeans/nbbuild/netbeans/ide/modules/org-netbeans-modules-code-analysis.jar:/Users/atalati/vscode-extension/main-repo/javavscode/netbeans/nbbuild/netbeans/platform/modules/org-netbeans-modules-settings.jar:/Users/atalati/vscode-extension/main-repo/javavscode/netbeans/nbbuild/netbeans/java/modules/org-netbeans-modules-java-project-ui.jar:/Users/atalati/vscode-extension/main-repo/javavscode/netbeans/nbbuild/netbeans/ide/modules/org-netbeans-modules-editor-indent-support.jar:/Users/atalati/vscode-extension/main-repo/javavscode/netbeans/nbbuild/netbeans/ide/modules/org-netbeans-modules-gsf-testrunner.jar:/Users/atalati/vscode-extension/main-repo/javavscode/netbeans/nbbuild/netbeans/platform/modules/org-netbeans-core-ui.jar:/Users/atalati/vscode-extension/main-repo/javavscode/netbeans/nbbuild/build/testdist/unit/java/org-netbeans-modules-java-source-base/tests.jar:/Users/atalati/vscode-extension/main-repo/javavscode/netbeans/nbbuild/netbeans/ide/modules/org-netbeans-modules-lexer-nbbridge.jar:/Users/atalati/vscode-extension/main-repo/javavscode/netbeans/nbbuild/netbeans/ide/modules/org-netbeans-modules-project-dependency.jar:/Users/atalati/vscode-extension/main-repo/javavscode/netbeans/nbbuild/netbeans/java/modules/org-netbeans-modules-maven.jar:/Users/atalati/vscode-extension/main-repo/javavscode/netbeans/nbbuild/netbeans/ide/modules/org-netbeans-modules-web-common.jar:/Users/atalati/vscode-extension/main-repo/javavscode/netbeans/nbbuild/netbeans/platform/modules/org-apache-commons-logging.jar:/Users/atalati/vscode-extension/main-repo/javavscode/netbeans/nbbuild/netbeans/platform/modules/org-apache-commons-codec.jar:/Users/atalati/vscode-extension/main-repo/javavscode/netbeans/nbbuild/netbeans/ide/modules/org-netbeans-modules-xml-xam.jar:/Users/atalati/vscode-extension/main-repo/javavscode/netbeans/nbbuild/netbeans/ide/modules/org-netbeans-libs-antlr3-runtime.jar:/Users/atalati/vscode-extension/main-repo/javavscode/netbeans/nbbuild/netbeans/platform/modules/org-netbeans-modules-favorites.jar:/Users/atalati/vscode-extension/main-repo/javavscode/netbeans/nbbuild/netbeans/java/modules/org-netbeans-modules-maven-indexer-ui.jar:/Users/atalati/vscode-extension/main-repo/javavscode/netbeans/nbbuild/netbeans/platform/modules/org-netbeans-core-execution.jar:/Users/atalati/vscode-extension/main-repo/javavscode/netbeans/nbbuild/netbeans/ide/modules/org-netbeans-modules-swing-validation.jar:/Users/atalati/vscode-extension/main-repo/javavscode/netbeans/nbbuild/netbeans/platform/modules/org-netbeans-modules-sendopts.jar:/Users/atalati/vscode-extension/main-repo/javavscode/netbeans/nbbuild/netbeans/ide/modules/org-netbeans-modules-projectui.jar:/Users/atalati/vscode-extension/main-repo/javavscode/netbeans/nbbuild/netbeans/java/modules/org-netbeans-modules-java-api-common.jar:/Users/atalati/vscode-extension/main-repo/javavscode/netbeans/nbbuild/netbeans/java/modules/org-netbeans-modules-maven-embedder.jar:/Users/atalati/vscode-extension/main-repo/javavscode/netbeans/nbbuild/netbeans/java/modules/org-netbeans-modules-maven-model.jar:/Users/atalati/vscode-extension/main-repo/javavscode/netbeans/nbbuild/netbeans/ide/modules/org-netbeans-libs-json_simple.jar:/Users/atalati/vscode-extension/main-repo/javavscode/netbeans/nbbuild/netbeans/java/modules/org-netbeans-modules-maven-indexer.jar:/Users/atalati/vscode-extension/main-repo/javavscode/netbeans/nbbuild/netbeans/harness/modules/org-netbeans-insane.jar:/Users/atalati/vscode-extension/main-repo/javavscode/netbeans/nbbuild/netbeans/harness/modules/org-netbeans-modules-nbjunit.jar:/Users/atalati/vscode-extension/main-repo/javavscode/netbeans/nbbuild/netbeans/ide/modules/org-netbeans-modules-parsing-nb.jar:/Users/atalati/vscode-extension/main-repo/javavscode/netbeans/nbbuild/netbeans/ide/modules/org-netbeans-modules-projectapi-nb.jar:/Users/atalati/vscode-extension/main-repo/javavscode/netbeans/nbbuild/netbeans/ide/modules/org-netbeans-spi-editor-hints-projects.jar:/Users/atalati/vscode-extension/main-repo/javavscode/netbeans/nbbuild/build/testdist/unit/platform/org-openide-util-lookup/tests.jar:/Users/atalati/vscode-extension/main-repo/javavscode/netbeans/nbbuild/netbeans/extide/modules/org-netbeans-modules-gradle.jar:/Users/atalati/vscode-extension/main-repo/javavscode/netbeans/nbbuild/netbeans/ide/modules/slf4j-api.jar:/Users/atalati/vscode-extension/main-repo/javavscode/netbeans/nbbuild/netbeans/ide/modules/slf4j-jdk14.jar:/Users/atalati/vscode-extension/main-repo/javavscode/netbeans/nbbuild/netbeans/extide/modules/org-netbeans-modules-libs-gradle.jar:/Users/atalati/vscode-extension/main-repo/javavscode/netbeans/nbbuild/netbeans/java/modules/org-netbeans-modules-gradle-java.jar:/Users/atalati/vscode-extension/main-repo/javavscode/netbeans/nbbuild/build/testdist/unit/platform/org-openide-modules/tests.jar:/Users/atalati/vscode-extension/main-repo/javavscode/netbeans/nbbuild/netbeans/java/modules/org-netbeans-modules-java-lsp-server.jar:/Users/atalati/vscode-extension/main-repo/javavscode/netbeans/ide/c.google.gson/external/gson-2.8.9.jar:/Users/atalati/vscode-extension/main-repo/javavscode/netbeans/nbbuild/netbeans/platform/modules/net-java-html.jar:/Users/atalati/vscode-extension/main-repo/javavscode/netbeans/platform/net.java.html/external/net.java.html-1.8.1.jar:/Users/atalati/vscode-extension/main-repo/javavscode/netbeans/nbbuild/netbeans/platform/modules/net-java-html-boot.jar:/Users/atalati/vscode-extension/main-repo/javavscode/netbeans/platform/net.java.html.boot/external/net.java.html.boot-1.8.1.jar:/Users/atalati/vscode-extension/main-repo/javavscode/netbeans/nbbuild/netbeans/platform/modules/net-java-html-json.jar:/Users/atalati/vscode-extension/main-repo/javavscode/netbeans/platform/net.java.html.json/external/net.java.html.json-1.8.1.jar:/Users/atalati/vscode-extension/main-repo/javavscode/netbeans/nbbuild/netbeans/platform/modules/org-apache-commons-commons_io.jar:/Users/atalati/vscode-extension/main-repo/javavscode/netbeans/platform/o.apache.commons.commons_io/external/commons-io-2.15.1.jar:/Users/atalati/vscode-extension/main-repo/javavscode/netbeans/nbbuild/netbeans/platform/modules/ext/commons-io-2.15.1.jar:/Users/atalati/vscode-extension/main-repo/javavscode/netbeans/platform/o.apache.commons.codec/external/commons-codec-1.16.0.jar:/Users/atalati/vscode-extension/main-repo/javavscode/netbeans/platform/o.apache.commons.logging/external/commons-logging-1.3.0.jar:/Users/atalati/vscode-extension/main-repo/javavscode/netbeans/nbbuild/netbeans/platform/modules/org-apache-commons-lang3.jar:/Users/atalati/vscode-extension/main-repo/javavscode/netbeans/platform/o.apache.commons.lang3/external/commons-lang3-3.14.0.jar:/Users/atalati/vscode-extension/main-repo/javavscode/netbeans/nbbuild/netbeans/platform/modules/org-netbeans-api-htmlui.jar:/Users/atalati/vscode-extension/main-repo/javavscode/netbeans/nbbuild/netbeans/platform/modules/org-netbeans-html-ko4j.jar:/Users/atalati/vscode-extension/main-repo/javavscode/netbeans/platform/o.n.html.ko4j/external/ko4j-1.8.1.jar:/Users/atalati/vscode-extension/main-repo/javavscode/netbeans/nbbuild/netbeans/platform/modules/org-netbeans-html-xhr4j.jar:/Users/atalati/vscode-extension/main-repo/javavscode/netbeans/platform/o.n.html.xhr4j/external/xhr4j-1.8.1.jar:/Users/atalati/vscode-extension/main-repo/javavscode/netbeans/platform/libs.asm/external/asm-9.6.jar:/Users/atalati/vscode-extension/main-repo/javavscode/netbeans/nbbuild/netbeans/platform/core/asm-9.6.jar:/Users/atalati/vscode-extension/main-repo/javavscode/netbeans/platform/libs.asm/external/asm-tree-9.6.jar:/Users/atalati/vscode-extension/main-repo/javavscode/netbeans/nbbuild/netbeans/platform/core/asm-tree-9.6.jar:/Users/atalati/vscode-extension/main-repo/javavscode/netbeans/platform/libs.asm/external/asm-commons-9.6.jar:/Users/atalati/vscode-extension/main-repo/javavscode/netbeans/nbbuild/netbeans/platform/core/asm-commons-9.6.jar:/Users/atalati/vscode-extension/main-repo/javavscode/netbeans/nbbuild/netbeans/platform/modules/org-netbeans-html-presenters-spi.jar:/Users/atalati/vscode-extension/main-repo/javavscode/netbeans/platform/o.n.html.presenters.spi/external/generic-1.8.1.jar:/Users/atalati/vscode-extension/main-repo/javavscode/netbeans/nbbuild/netbeans/ide/modules/org-netbeans-libs-flexmark.jar:/Users/atalati/vscode-extension/main-repo/javavscode/netbeans/ide/libs.flexmark/external/flexmark-html2md-converter-0.64.8.jar:/Users/atalati/vscode-extension/main-repo/javavscode/netbeans/nbbuild/netbeans/ide/modules/ext/flexmark-html2md-converter-0.64.8.jar:/Users/atalati/vscode-extension/main-repo/javavscode/netbeans/ide/libs.flexmark/external/jsoup-1.15.4.jar:/Users/atalati/vscode-extension/main-repo/javavscode/netbeans/nbbuild/netbeans/ide/modules/ext/jsoup-1.15.4.jar:/Users/atalati/vscode-extension/main-repo/javavscode/netbeans/ide/libs.flexmark/external/flexmark-util-ast-0.64.8.jar:/Users/atalati/vscode-extension/main-repo/javavscode/netbeans/nbbuild/netbeans/ide/modules/ext/flexmark-util-ast-0.64.8.jar:/Users/atalati/vscode-extension/main-repo/javavscode/netbeans/ide/libs.flexmark/external/flexmark-util-builder-0.64.8.jar:/Users/atalati/vscode-extension/main-repo/javavscode/netbeans/nbbuild/netbeans/ide/modules/ext/flexmark-util-builder-0.64.8.jar:/Users/atalati/vscode-extension/main-repo/javavscode/netbeans/ide/libs.flexmark/external/flexmark-util-collection-0.64.8.jar:/Users/atalati/vscode-extension/main-repo/javavscode/netbeans/nbbuild/netbeans/ide/modules/ext/flexmark-util-collection-0.64.8.jar:/Users/atalati/vscode-extension/main-repo/javavscode/netbeans/ide/libs.flexmark/external/flexmark-util-data-0.64.8.jar:/Users/atalati/vscode-extension/main-repo/javavscode/netbeans/nbbuild/netbeans/ide/modules/ext/flexmark-util-data-0.64.8.jar:/Users/atalati/vscode-extension/main-repo/javavscode/netbeans/ide/libs.flexmark/external/flexmark-util-dependency-0.64.8.jar:/Users/atalati/vscode-extension/main-repo/javavscode/netbeans/nbbuild/netbeans/ide/modules/ext/flexmark-util-dependency-0.64.8.jar:/Users/atalati/vscode-extension/main-repo/javavscode/netbeans/ide/libs.flexmark/external/flexmark-util-format-0.64.8.jar:/Users/atalati/vscode-extension/main-repo/javavscode/netbeans/nbbuild/netbeans/ide/modules/ext/flexmark-util-format-0.64.8.jar:/Users/atalati/vscode-extension/main-repo/javavscode/netbeans/ide/libs.flexmark/external/flexmark-util-html-0.64.8.jar:/Users/atalati/vscode-extension/main-repo/javavscode/netbeans/nbbuild/netbeans/ide/modules/ext/flexmark-util-html-0.64.8.jar:/Users/atalati/vscode-extension/main-repo/javavscode/netbeans/ide/libs.flexmark/external/flexmark-util-misc-0.64.8.jar:/Users/atalati/vscode-extension/main-repo/javavscode/netbeans/nbbuild/netbeans/ide/modules/ext/flexmark-util-misc-0.64.8.jar:/Users/atalati/vscode-extension/main-repo/javavscode/netbeans/ide/libs.flexmark/external/flexmark-util-sequence-0.64.8.jar:/Users/atalati/vscode-extension/main-repo/javavscode/netbeans/nbbuild/netbeans/ide/modules/ext/flexmark-util-sequence-0.64.8.jar:/Users/atalati/vscode-extension/main-repo/javavscode/netbeans/ide/libs.flexmark/external/flexmark-util-visitor-0.64.8.jar:/Users/atalati/vscode-extension/main-repo/javavscode/netbeans/nbbuild/netbeans/ide/modules/ext/flexmark-util-visitor-0.64.8.jar:/Users/atalati/vscode-extension/main-repo/javavscode/netbeans/ide/libs.flexmark/external/flexmark-ext-emoji-0.64.8.jar:/Users/atalati/vscode-extension/main-repo/javavscode/netbeans/nbbuild/netbeans/ide/modules/ext/flexmark-ext-emoji-0.64.8.jar:/Users/atalati/vscode-extension/main-repo/javavscode/netbeans/ide/libs.flexmark/external/flexmark-ext-anchorlink-0.64.8.jar:/Users/atalati/vscode-extension/main-repo/javavscode/netbeans/nbbuild/netbeans/ide/modules/ext/flexmark-ext-anchorlink-0.64.8.jar:/Users/atalati/vscode-extension/main-repo/javavscode/netbeans/ide/libs.flexmark/external/flexmark-ext-tables-0.64.8.jar:/Users/atalati/vscode-extension/main-repo/javavscode/netbeans/nbbuild/netbeans/ide/modules/ext/flexmark-ext-tables-0.64.8.jar:/Users/atalati/vscode-extension/main-repo/javavscode/netbeans/ide/libs.flexmark/external/flexmark-0.64.8.jar:/Users/atalati/vscode-extension/main-repo/javavscode/netbeans/nbbuild/netbeans/ide/modules/ext/flexmark-0.64.8.jar:/Users/atalati/vscode-extension/main-repo/javavscode/netbeans/ide/libs.flexmark/external/flexmark-ext-gfm-tasklist-0.64.8.jar:/Users/atalati/vscode-extension/main-repo/javavscode/netbeans/nbbuild/netbeans/ide/modules/ext/flexmark-ext-gfm-tasklist-0.64.8.jar:/Users/atalati/vscode-extension/main-repo/javavscode/netbeans/java/libs.javacapi/external/nb-javac-jdk-22+33-api.jar:/Users/atalati/vscode-extension/main-repo/javavscode/netbeans/java/libs.javacapi/external/nb-javac-jdk-22+33.jar:/Users/atalati/vscode-extension/main-repo/javavscode/netbeans/nbbuild/netbeans/ide/modules/org-netbeans-modules-csl-api.jar:/Users/atalati/vscode-extension/main-repo/javavscode/netbeans/ide/libs.lucene/external/lucene-core-3.6.2.jar:/Users/atalati/vscode-extension/main-repo/javavscode/netbeans/nbbuild/netbeans/ide/modules/ext/lucene-core-3.6.2.jar:/Users/atalati/vscode-extension/main-repo/javavscode/netbeans/nbbuild/netbeans/ide/modules/org-netbeans-modules-csl-types.jar:/Users/atalati/vscode-extension/main-repo/javavscode/netbeans/nbbuild/netbeans/ide/modules/org-netbeans-modules-editor-breadcrumbs.jar:/Users/atalati/vscode-extension/main-repo/javavscode/netbeans/nbbuild/netbeans/ide/modules/org-netbeans-modules-editor-codetemplates.jar:/Users/atalati/vscode-extension/main-repo/javavscode/netbeans/nbbuild/netbeans/ide/modules/org-netbeans-modules-editor-completion.jar:/Users/atalati/vscode-extension/main-repo/javavscode/netbeans/nbbuild/netbeans/ide/modules/org-netbeans-modules-db.jar:/Users/atalati/vscode-extension/main-repo/javavscode/netbeans/nbbuild/netbeans/ide/modules/ext/ddl.jar:/Users/atalati/vscode-extension/main-repo/javavscode/netbeans/nbbuild/netbeans/ide/modules/org-netbeans-core-ide.jar:/Users/atalati/vscode-extension/main-repo/javavscode/netbeans/nbbuild/netbeans/ide/modules/org-netbeans-modules-db-metadata-model.jar:/Users/atalati/vscode-extension/main-repo/javavscode/netbeans/nbbuild/netbeans/platform/modules/org-netbeans-modules-javahelp.jar:/Users/atalati/vscode-extension/main-repo/javavscode/netbeans/platform/javahelp/external/jhall-2.0_05.jar:/Users/atalati/vscode-extension/main-repo/javavscode/netbeans/nbbuild/netbeans/java/modules/org-netbeans-modules-debugger-jpda-truffle.jar:/Users/atalati/vscode-extension/main-repo/javavscode/netbeans/nbbuild/netbeans/java/modules/org-netbeans-modules-debugger-jpda.jar:/Users/atalati/vscode-extension/main-repo/javavscode/netbeans/nbbuild/netbeans/java/modules/org-netbeans-modules-debugger-jpda-ui.jar:/Users/atalati/vscode-extension/main-repo/javavscode/netbeans/nbbuild/netbeans/platform/modules/ext/updater.jar:/Users/atalati/vscode-extension/main-repo/javavscode/netbeans/nbbuild/netbeans/java/modules/org-netbeans-spi-debugger-jpda-ui.jar:/Users/atalati/vscode-extension/main-repo/javavscode/netbeans/nbbuild/netbeans/ide/modules/org-netbeans-spi-viewmodel.jar:/Users/atalati/vscode-extension/main-repo/javavscode/netbeans/nbbuild/netbeans/ide/modules/org-netbeans-spi-debugger-ui.jar:/Users/atalati/vscode-extension/main-repo/javavscode/netbeans/ide/o.apache.xml.resolver/external/resolver-1.2.jar:/Users/atalati/vscode-extension/main-repo/javavscode/netbeans/nbbuild/netbeans/ide/modules/ext/resolver-1.2.jar:/Users/atalati/vscode-extension/main-repo/javavscode/netbeans/nbbuild/netbeans/ide/modules/org-netbeans-modules-javascript2-debug.jar:/Users/atalati/vscode-extension/main-repo/javavscode/netbeans/nbbuild/netbeans/ide/modules/ext/json-simple-1.1.1.jar:/Users/atalati/vscode-extension/main-repo/javavscode/netbeans/nbbuild/netbeans/ide/modules/org-netbeans-libs-graalsdk.jar:/Users/atalati/vscode-extension/main-repo/javavscode/netbeans/ide/libs.graalsdk/external/graal-sdk-20.3.0.jar:/Users/atalati/vscode-extension/main-repo/javavscode/netbeans/nbbuild/netbeans/ide/modules/ext/graal-sdk-20.3.0.jar:/Users/atalati/vscode-extension/main-repo/javavscode/netbeans/ide/libs.graalsdk/external/launcher-common-20.3.0.jar:/Users/atalati/vscode-extension/main-repo/javavscode/netbeans/nbbuild/netbeans/ide/modules/ext/launcher-common-20.3.0.jar:/Users/atalati/vscode-extension/main-repo/javavscode/netbeans/nbbuild/netbeans/ide/modules/org-netbeans-libs-truffleapi.jar:/Users/atalati/vscode-extension/main-repo/javavscode/netbeans/ide/libs.truffleapi/external/truffle-api-20.3.0.jar:/Users/atalati/vscode-extension/main-repo/javavscode/netbeans/nbbuild/netbeans/ide/modules/ext/truffle-api-20.3.0.jar:/Users/atalati/vscode-extension/main-repo/javavscode/netbeans/nbbuild/netbeans/ide/modules/org-netbeans-modules-gototest.jar:/Users/atalati/vscode-extension/main-repo/javavscode/netbeans/nbbuild/netbeans/java/modules/org-netbeans-modules-java-completion.jar:/Users/atalati/vscode-extension/main-repo/javavscode/netbeans/nbbuild/netbeans/java/modules/org-netbeans-modules-java-editor.jar:/Users/atalati/vscode-extension/main-repo/javavscode/netbeans/nbbuild/netbeans/ide/modules/org-netbeans-modules-editor-bracesmatching.jar:/Users/atalati/vscode-extension/main-repo/javavscode/netbeans/nbbuild/netbeans/java/modules/org-netbeans-modules-java-editor-base.jar:/Users/atalati/vscode-extension/main-repo/javavscode/netbeans/nbbuild/netbeans/java/modules/org-netbeans-modules-refactoring-java.jar:/Users/atalati/vscode-extension/main-repo/javavscode/netbeans/nbbuild/netbeans/java/modules/org-netbeans-modules-java-file-launcher.jar:/Users/atalati/vscode-extension/main-repo/javavscode/netbeans/nbbuild/netbeans/java/modules/org-netbeans-modules-whitelist.jar:/Users/atalati/vscode-extension/main-repo/javavscode/netbeans/nbbuild/netbeans/java/modules/org-netbeans-modules-libs-corba-omgapi.jar:/Users/atalati/vscode-extension/main-repo/javavscode/netbeans/nbbuild/netbeans/java/modules/ext/corba/omgapi/glassfish-corba-omgapi.jar:/Users/atalati/vscode-extension/main-repo/javavscode/netbeans/nbbuild/netbeans/java/modules/org-netbeans-modules-java-hints.jar:/Users/atalati/vscode-extension/main-repo/javavscode/netbeans/nbbuild/netbeans/java/modules/org-netbeans-modules-java-hints-legacy-spi.jar:/Users/atalati/vscode-extension/main-repo/javavscode/netbeans/nbbuild/netbeans/java/modules/org-netbeans-modules-java-nativeimage-debugger.jar:/Users/atalati/vscode-extension/main-repo/javavscode/netbeans/nbbuild/netbeans/ide/modules/org-netbeans-modules-nativeimage-api.jar:/Users/atalati/vscode-extension/main-repo/javavscode/netbeans/ide/c.google.guava/external/guava-32.1.2-jre.jar:/Users/atalati/vscode-extension/main-repo/javavscode/netbeans/java/java.lsp.server/external/org.eclipse.lsp4j.debug-0.13.0.jar:/Users/atalati/vscode-extension/main-repo/javavscode/netbeans/nbbuild/netbeans/java/modules/ext/org.eclipse.lsp4j.debug-0.13.0.jar:/Users/atalati/vscode-extension/main-repo/javavscode/netbeans/java/java.lsp.server/external/org.eclipse.xtend.lib.macro-2.24.0.jar:/Users/atalati/vscode-extension/main-repo/javavscode/netbeans/nbbuild/netbeans/java/modules/ext/org.eclipse.xtend.lib.macro-2.24.0.jar:/Users/atalati/vscode-extension/main-repo/javavscode/netbeans/java/java.lsp.server/external/org.eclipse.lsp4j.generator-0.13.0.jar:/Users/atalati/vscode-extension/main-repo/javavscode/netbeans/nbbuild/netbeans/java/modules/ext/org.eclipse.lsp4j.generator-0.13.0.jar:/Users/atalati/vscode-extension/main-repo/javavscode/netbeans/java/java.lsp.server/external/org.eclipse.lsp4j.jsonrpc-0.13.0.jar:/Users/atalati/vscode-extension/main-repo/javavscode/netbeans/nbbuild/netbeans/java/modules/ext/org.eclipse.lsp4j.jsonrpc-0.13.0.jar:/Users/atalati/vscode-extension/main-repo/javavscode/netbeans/java/java.lsp.server/external/org.eclipse.lsp4j.jsonrpc.debug-0.13.0.jar:/Users/atalati/vscode-extension/main-repo/javavscode/netbeans/nbbuild/netbeans/java/modules/ext/org.eclipse.lsp4j.jsonrpc.debug-0.13.0.jar:/Users/atalati/vscode-extension/main-repo/javavscode/netbeans/java/java.lsp.server/external/org.eclipse.xtend.lib-2.24.0.jar:/Users/atalati/vscode-extension/main-repo/javavscode/netbeans/nbbuild/netbeans/java/modules/ext/org.eclipse.xtend.lib-2.24.0.jar:/Users/atalati/vscode-extension/main-repo/javavscode/netbeans/java/java.lsp.server/external/org.eclipse.xtext.xbase.lib-2.24.0.jar:/Users/atalati/vscode-extension/main-repo/javavscode/netbeans/nbbuild/netbeans/java/modules/ext/org.eclipse.xtext.xbase.lib-2.24.0.jar:/Users/atalati/vscode-extension/main-repo/javavscode/netbeans/java/java.lsp.server/external/org.eclipse.lsp4j-0.13.0.jar:/Users/atalati/vscode-extension/main-repo/javavscode/netbeans/nbbuild/netbeans/java/modules/ext/org.eclipse.lsp4j-0.13.0.jar:/opt/homebrew/Cellar/ant/1.10.14/libexec/lib/ant-launcher.jar:/opt/homebrew/Cellar/ant/1.10.14/libexec/lib/ant.jar:/opt/homebrew/Cellar/ant/1.10.14/libexec/lib/ant-junit.jar:/opt/homebrew/Cellar/ant/1.10.14/libexec/lib/ant-junit4.jar" />
    <property name="dlight.nativeexecution.nb.dir" value="/Users/atalati/vscode-extension/main-repo/javavscode/netbeans/nbbuild/netbeans/ide" />
    <property name="debugger.jpda.kit.dir" value="/Users/atalati/vscode-extension/main-repo/javavscode/netbeans/nbbuild/netbeans/java" />
    <property name="test.config.default.includes" value="**/*Test.class" />
    <property name="module.jar.verifylinkageignores" value="" />
    <property name="java/gradle.java.coverage.dir" value="/Users/atalati/vscode-extension/main-repo/javavscode/netbeans/nbbuild/netbeans/java" />
    <property name="editor.document.dir" value="/Users/atalati/vscode-extension/main-repo/javavscode/netbeans/nbbuild/netbeans/ide" />
    <property name="cluster.config" value="release" />
    <property name="cordova.platforms.dir" value="/Users/atalati/vscode-extension/main-repo/javavscode/netbeans/nbbuild/netbeans/webcommon" />
    <property name="module.build.started.time" value="2024-05-27T16:38:23.463+0530" />
    <property name="ant.file.type.java/java.lsp.server" value="file" />
    <property name="ant.file.binaries-default-properties" value="/Users/atalati/vscode-extension/main-repo/javavscode/netbeans/nbbuild/binaries-default-properties.xml" />
    <property name="websvc.saas.codegen.j2ee.dir" value="/Users/atalati/vscode-extension/main-repo/javavscode/netbeans/nbbuild/netbeans/enterprise" />
    <property name="nb.cluster.apisupport.depends" value="nb.cluster.java,nb.cluster.ide,nb.cluster.extide,nb.cluster.platform,nb.cluster.harness" />
    <property name="ant.file.default-properties" value="/Users/atalati/vscode-extension/main-repo/javavscode/netbeans/nbbuild/default-properties.xml" />
    <property name="subversion.dir" value="/Users/atalati/vscode-extension/main-repo/javavscode/netbeans/nbbuild/netbeans/ide" />
    <property name="java/java.hints.legacy.spi.dir" value="/Users/atalati/vscode-extension/main-repo/javavscode/netbeans/nbbuild/netbeans/java" />
    <property name="javascript2.editor.dir" value="/Users/atalati/vscode-extension/main-repo/javavscode/netbeans/nbbuild/netbeans/webcommon" />
    <property name="websvc.saas.kit.dir" value="/Users/atalati/vscode-extension/main-repo/javavscode/netbeans/nbbuild/netbeans/websvccommon" />
    <property name="uihandler.exceptionreporter.dir" value="/Users/atalati/vscode-extension/main-repo/javavscode/netbeans/nbbuild/netbeans/nb" />
    <property name="autoupdate.pluginimporter.dir" value="/Users/atalati/vscode-extension/main-repo/javavscode/netbeans/nbbuild/netbeans/nb" />
    <property name="netbinox.dir" value="/Users/atalati/vscode-extension/main-repo/javavscode/netbeans/nbbuild/netbeans/platform" />
    <property name="TSTAMP" value="1638" />
    <property name="htmlui.dir" value="/Users/atalati/vscode-extension/main-repo/javavscode/netbeans/nbbuild/netbeans/platform" />
    <property name="xsl.dir" value="/Users/atalati/vscode-extension/main-repo/javavscode/netbeans/nbbuild/netbeans/ide" />
    <property name="enterprise/websvc.manager.dir" value="/Users/atalati/vscode-extension/main-repo/javavscode/netbeans/nbbuild/netbeans/enterprise" />
    <property name="php/php.dbgp.dir" value="/Users/atalati/vscode-extension/main-repo/javavscode/netbeans/nbbuild/netbeans/php" />
    <property name="enterprise/j2ee.dd.dir" value="/Users/atalati/vscode-extension/main-repo/javavscode/netbeans/nbbuild/netbeans/enterprise" />
    <property name="nbjdk.home" value="/Library/Java/JavaVirtualMachines/jdk-17.0.8.jdk/Contents/Home" />
    <property name="selenium2.server.dir" value="/Users/atalati/vscode-extension/main-repo/javavscode/netbeans/nbbuild/netbeans/ide" />
    <property name="cordova.dir" value="/Users/atalati/vscode-extension/main-repo/javavscode/netbeans/nbbuild/netbeans/webcommon" />
    <property name="o.apache.commons.codec.dir" value="/Users/atalati/vscode-extension/main-repo/javavscode/netbeans/nbbuild/netbeans/platform" />
    <property name="javascript.cdnjs.dir" value="/Users/atalati/vscode-extension/main-repo/javavscode/netbeans/nbbuild/netbeans/webcommon" />
    <property name="platform/core.osgi.dir" value="/Users/atalati/vscode-extension/main-repo/javavscode/netbeans/nbbuild/netbeans/platform" />
    <property name="extra/libs.javafx.macosx.dir" value="/Users/atalati/vscode-extension/main-repo/javavscode/netbeans/nbbuild/netbeans/extra" />
    <property name="ant.file.type.projectized" value="file" />
    <property name="spi.debugger.ui.dir" value="/Users/atalati/vscode-extension/main-repo/javavscode/netbeans/nbbuild/netbeans/ide" />
    <property name="java.lsp.server.dir" value="/Users/atalati/vscode-extension/main-repo/javavscode/netbeans/nbbuild/netbeans/java" />
    <property name="profiler.options.dir" value="/Users/atalati/vscode-extension/main-repo/javavscode/netbeans/nbbuild/netbeans/profiler" />
    <property name="libs.jstestdriver.dir" value="/Users/atalati/vscode-extension/main-repo/javavscode/netbeans/nbbuild/netbeans/webcommon" />
    <property name="enterprise/j2ee.dd.webservice.dir" value="/Users/atalati/vscode-extension/main-repo/javavscode/netbeans/nbbuild/netbeans/enterprise" />
    <property name="user.dir" value="/Users/atalati/vscode-extension/main-repo/javavscode/netbeans" />
    <property name="css.editor.dir" value="/Users/atalati/vscode-extension/main-repo/javavscode/netbeans/nbbuild/netbeans/ide" />
    <property name="api.scripting.dir" value="/Users/atalati/vscode-extension/main-repo/javavscode/netbeans/nbbuild/netbeans/platform" />
    <property name="java/form.kit.dir" value="/Users/atalati/vscode-extension/main-repo/javavscode/netbeans/nbbuild/netbeans/java" />
    <property name="o.eclipse.mylyn.commons.repositories.core.dir" value="/Users/atalati/vscode-extension/main-repo/javavscode/netbeans/nbbuild/netbeans/ide" />
    <property name="websvc.saas.codegen.php.dir" value="/Users/atalati/vscode-extension/main-repo/javavscode/netbeans/nbbuild/netbeans/php" />
    <property name="ide/libs.ini4j.dir" value="/Users/atalati/vscode-extension/main-repo/javavscode/netbeans/nbbuild/netbeans/ide" />
    <property name="maven.apisupport.dir" value="/Users/atalati/vscode-extension/main-repo/javavscode/netbeans/nbbuild/netbeans/apisupport" />
    <property name="extra.test.libs.dir" value="/Users/atalati/vscode-extension/main-repo/javavscode/netbeans/nbbuild/build/testdist/extralibs" />
    <property name="php/php.twig.dir" value="/Users/atalati/vscode-extension/main-repo/javavscode/netbeans/nbbuild/netbeans/php" />
    <property name="options.keymap.dir" value="/Users/atalati/vscode-extension/main-repo/javavscode/netbeans/nbbuild/netbeans/platform" />
    <property name="ide/xml.catalog.ui.dir" value="/Users/atalati/vscode-extension/main-repo/javavscode/netbeans/nbbuild/netbeans/ide" />
    <property name="apple.awt.UIElement" value="true" />
    <property name="hudson.SHLVL" value="1" />
    <property name="java.kit.dir" value="/Users/atalati/vscode-extension/main-repo/javavscode/netbeans/nbbuild/netbeans/java" />
    <property name="enterprise/jakarta.transformer.dir" value="/Users/atalati/vscode-extension/main-repo/javavscode/netbeans/nbbuild/netbeans/enterprise" />
    <property name="enterprise/websvc.jaxwsapi.dir" value="/Users/atalati/vscode-extension/main-repo/javavscode/netbeans/nbbuild/netbeans/enterprise" />
    <property name="ide/c.googlecode.javaewah.JavaEWAH.dir" value="/Users/atalati/vscode-extension/main-repo/javavscode/netbeans/nbbuild/netbeans/ide" />
    <property name="java/languages.antlr.dir" value="/Users/atalati/vscode-extension/main-repo/javavscode/netbeans/nbbuild/netbeans/java" />
    <property name="ide/javascript2.debug.ui.dir" value="/Users/atalati/vscode-extension/main-repo/javavscode/netbeans/nbbuild/netbeans/ide" />
    <property name="enterprise/websvc.metro.lib.dir" value="/Users/atalati/vscode-extension/main-repo/javavscode/netbeans/nbbuild/netbeans/enterprise" />
    <property name="ide/diff.dir" value="/Users/atalati/vscode-extension/main-repo/javavscode/netbeans/nbbuild/netbeans/ide" />
    <property name="groovy/maven.groovy.dir" value="/Users/atalati/vscode-extension/main-repo/javavscode/netbeans/nbbuild/netbeans/groovy" />
    <property name="ide/dlight.nativeexecution.dir" value="/Users/atalati/vscode-extension/main-repo/javavscode/netbeans/nbbuild/netbeans/ide" />
    <property name="c.google.guava.dir" value="/Users/atalati/vscode-extension/main-repo/javavscode/netbeans/nbbuild/netbeans/ide" />
    <property name="editor.settings.dir" value="/Users/atalati/vscode-extension/main-repo/javavscode/netbeans/nbbuild/netbeans/ide" />
    <property name="ide/git.dir" value="/Users/atalati/vscode-extension/main-repo/javavscode/netbeans/nbbuild/netbeans/ide" />
    <property name="ide/slf4j.jdk14.dir" value="/Users/atalati/vscode-extension/main-repo/javavscode/netbeans/nbbuild/netbeans/ide" />
    <property name="platform/templates.dir" value="/Users/atalati/vscode-extension/main-repo/javavscode/netbeans/nbbuild/netbeans/platform" />
    <property name="ide/css.model.dir" value="/Users/atalati/vscode-extension/main-repo/javavscode/netbeans/nbbuild/netbeans/ide" />
    <property name="localhistory.dir" value="/Users/atalati/vscode-extension/main-repo/javavscode/netbeans/nbbuild/netbeans/ide" />
    <property name="ide/spi.tasklist.dir" value="/Users/atalati/vscode-extension/main-repo/javavscode/netbeans/nbbuild/netbeans/ide" />
    <property name="html.dir" value="/Users/atalati/vscode-extension/main-repo/javavscode/netbeans/nbbuild/netbeans/ide" />
    <property name="profiler.attach.dir" value="/Users/atalati/vscode-extension/main-repo/javavscode/netbeans/nbbuild/netbeans/profiler" />
    <property name="sun.java.command" value="org.apache.tools.ant.taskdefs.optional.junit.JUnitTestRunner org.netbeans.modules.java.lsp.server.protocol.ServerTest skipNonTests=false filtertrace=true haltOnError=false haltOnFailure=false showoutput=true outputtoformatters=true logfailedtests=true threadid=0 logtestlistenerevents=false formatter=org.apache.tools.ant.taskdefs.optional.junit.BriefJUnitResultFormatter formatter=org.apache.tools.ant.taskdefs.optional.junit.XMLJUnitResultFormatter,/Users/atalati/vscode-extension/main-repo/javavscode/netbeans/java/java.lsp.server/build/test/unit/results/TEST-org.netbeans.modules.java.lsp.server.protocol.ServerTest.xml crashfile=/Users/atalati/vscode-extension/main-repo/javavscode/netbeans/java/java.lsp.server/build/test/unit/results/junitvmwatcher16229053847736447109.properties propsfile=/Users/atalati/vscode-extension/main-repo/javavscode/netbeans/java/java.lsp.server/build/test/unit/results/junit2703097546906429670.properties" />
    <property name="editor.kit.dir" value="/Users/atalati/vscode-extension/main-repo/javavscode/netbeans/nbbuild/netbeans/ide" />
    <property name="dlight.nativeexecution.dir" value="/Users/atalati/vscode-extension/main-repo/javavscode/netbeans/nbbuild/netbeans/ide" />
    <property name="enterprise/web.primefaces.dir" value="/Users/atalati/vscode-extension/main-repo/javavscode/netbeans/nbbuild/netbeans/enterprise" />
    <property name="jdk.debug" value="release" />
    <property name="groovy/groovy.debug.dir" value="/Users/atalati/vscode-extension/main-repo/javavscode/netbeans/nbbuild/netbeans/groovy" />
    <property name="spi.editor.hints.projects.dir" value="/Users/atalati/vscode-extension/main-repo/javavscode/netbeans/nbbuild/netbeans/ide" />
    <property name="test.qa-functional.out.folder" value="/Users/atalati/vscode-extension/main-repo/javavscode/netbeans/nbbuild/build/testdist/qa-functional/java/org-netbeans-modules-java-lsp-server" />
    <property name="java/j2ee.persistenceapi.dir" value="/Users/atalati/vscode-extension/main-repo/javavscode/netbeans/nbbuild/netbeans/java" />
    <property name="hudson.COLORFGBG" value="7;0" />
    <property name="enterprise/javaee.resources.dir" value="/Users/atalati/vscode-extension/main-repo/javavscode/netbeans/nbbuild/netbeans/enterprise" />
    <property name="basedir" value="/Users/atalati/vscode-extension/main-repo/javavscode/netbeans/java/java.lsp.server" />
    <property name="profiler.projectsupport.dir" value="/Users/atalati/vscode-extension/main-repo/javavscode/netbeans/nbbuild/netbeans/profiler" />
    <property name="ide/localhistory.dir" value="/Users/atalati/vscode-extension/main-repo/javavscode/netbeans/nbbuild/netbeans/ide" />
    <property name="payara.jakartaee.dir" value="/Users/atalati/vscode-extension/main-repo/javavscode/netbeans/nbbuild/netbeans/enterprise" />
    <property name="projectuiapi.dir" value="/Users/atalati/vscode-extension/main-repo/javavscode/netbeans/nbbuild/netbeans/ide" />
    <property name="ide/projectui.buildmenu.dir" value="/Users/atalati/vscode-extension/main-repo/javavscode/netbeans/nbbuild/netbeans/ide" />
    <property name="java/java.j2sedeploy.dir" value="/Users/atalati/vscode-extension/main-repo/javavscode/netbeans/nbbuild/netbeans/java" />
    <property name="openide.filesystems.compat8.dir" value="/Users/atalati/vscode-extension/main-repo/javavscode/netbeans/nbbuild/netbeans/platform" />
    <property name="selenium2.webclient.protractor.dir" value="/Users/atalati/vscode-extension/main-repo/javavscode/netbeans/nbbuild/netbeans/webcommon" />
    <property name="glassfish.common.dir" value="/Users/atalati/vscode-extension/main-repo/javavscode/netbeans/nbbuild/netbeans/enterprise" />
    <property name="clusters.config.php.list" value="nb.cluster.harness,nb.cluster.bootstrap,nb.cluster.platform,nb.cluster.ide,nb.cluster.extide,nb.cluster.webcommon,nb.cluster.php,nb.cluster.websvccommon,nb.cluster.nb" />
    <property name="harness/o.n.insane.dir" value="/Users/atalati/vscode-extension/main-repo/javavscode/netbeans/nbbuild/netbeans/harness" />
    <property name="libs.nbi.engine.dir" value="/Users/atalati/vscode-extension/main-repo/javavscode/netbeans/nbbuild/netbeans/harness" />
    <property name="java.runtime.version" value="17.0.8+9-LTS-211" />
    <property name="java/debugger.jpda.trufflenode.dir" value="/Users/atalati/vscode-extension/main-repo/javavscode/netbeans/nbbuild/netbeans/java" />
    <property name="ide/core.multitabs.project.dir" value="/Users/atalati/vscode-extension/main-repo/javavscode/netbeans/nbbuild/netbeans/ide" />
    <property name="o.eclipse.jgit.gpg.bc.dir" value="/Users/atalati/vscode-extension/main-repo/javavscode/netbeans/nbbuild/netbeans/ide" />
    <property name="projectapi.dir" value="/Users/atalati/vscode-extension/main-repo/javavscode/netbeans/nbbuild/netbeans/ide" />
    <property name="sendopts.dir" value="/Users/atalati/vscode-extension/main-repo/javavscode/netbeans/nbbuild/netbeans/platform" />
    <property name="ide/spi.debugger.ui.dir" value="/Users/atalati/vscode-extension/main-repo/javavscode/netbeans/nbbuild/netbeans/ide" />
    <property name="versioning.system.cvss.installer.dir" value="/Users/atalati/vscode-extension/main-repo/javavscode/netbeans/nbbuild/netbeans/ide" />
    <property name="java/j2ee.persistence.dir" value="/Users/atalati/vscode-extension/main-repo/javavscode/netbeans/nbbuild/netbeans/java" />
    <property name="java/lib.nbjavac.dir" value="/Users/atalati/vscode-extension/main-repo/javavscode/netbeans/nbbuild/netbeans/java" />
    <property name="dlight.terminal.dir" value="/Users/atalati/vscode-extension/main-repo/javavscode/netbeans/nbbuild/netbeans/ide" />
    <property name="code.name.base.slashes" value="org/netbeans/modules/java/lsp/server" />
    <property name="java/gradle.dependencies.dir" value="/Users/atalati/vscode-extension/main-repo/javavscode/netbeans/nbbuild/netbeans/java" />
    <property name="java.io.tmpdir" value="/var/folders/gy/6knb6bv9547_4hb7kryqlnv40000gn/T/" />
    <property name="schema2beans.dir" value="/Users/atalati/vscode-extension/main-repo/javavscode/netbeans/nbbuild/netbeans/ide" />
    <property name="parsing.nb.dir" value="/Users/atalati/vscode-extension/main-repo/javavscode/netbeans/nbbuild/netbeans/ide" />
    <property name="team.ide.dir" value="/Users/atalati/vscode-extension/main-repo/javavscode/netbeans/nbbuild/netbeans/ide" />
    <property name="ide/o.eclipse.mylyn.wikitext.confluence.core.dir" value="/Users/atalati/vscode-extension/main-repo/javavscode/netbeans/nbbuild/netbeans/ide" />
    <property name="java.vm.specification.name" value="Java Virtual Machine Specification" />
    <property name="profiler.heapwalker.dir" value="/Users/atalati/vscode-extension/main-repo/javavscode/netbeans/nbbuild/netbeans/profiler" />
    <property name="timers.dir" value="/Users/atalati/vscode-extension/main-repo/javavscode/netbeans/nbbuild/netbeans/apisupport" />
    <property name="binaries.repos" value="https://repo.maven.apache.org/maven2/" />
    <property name="ide/editor.dir" value="/Users/atalati/vscode-extension/main-repo/javavscode/netbeans/nbbuild/netbeans/ide" />
    <property name="java/ant.grammar.dir" value="/Users/atalati/vscode-extension/main-repo/javavscode/netbeans/nbbuild/netbeans/java" />
    <property name="java.library.path" value="/Users/atalati/Library/Java/Extensions:/Library/Java/Extensions:/Network/Library/Java/Extensions:/System/Library/Java/Extensions:/usr/lib/java:." />
    <property name="java.vendor" value="Oracle Corporation" />
    <property name="web.inspect.dir" value="/Users/atalati/vscode-extension/main-repo/javavscode/netbeans/nbbuild/netbeans/webcommon" />
    <property name="tasklist.todo.dir" value="/Users/atalati/vscode-extension/main-repo/javavscode/netbeans/nbbuild/netbeans/ide" />
    <property name="ide/editor.autosave.dir" value="/Users/atalati/vscode-extension/main-repo/javavscode/netbeans/nbbuild/netbeans/ide" />
    <property name="ide/parsing.api.dir" value="/Users/atalati/vscode-extension/main-repo/javavscode/netbeans/nbbuild/netbeans/ide" />
    <property name="enterprise/payara.tooling.dir" value="/Users/atalati/vscode-extension/main-repo/javavscode/netbeans/nbbuild/netbeans/enterprise" />
    <property name="java/java.hints.dir" value="/Users/atalati/vscode-extension/main-repo/javavscode/netbeans/nbbuild/netbeans/java" />
    <property name="php/php.api.documentation.dir" value="/Users/atalati/vscode-extension/main-repo/javavscode/netbeans/nbbuild/netbeans/php" />
    <property name="platform/openide.execution.compat8.dir" value="/Users/atalati/vscode-extension/main-repo/javavscode/netbeans/nbbuild/netbeans/platform" />
    <property name="target.iterator.dir" value="/Users/atalati/vscode-extension/main-repo/javavscode/netbeans/nbbuild/netbeans/ide" />
    <property name="java/javaee.injection.dir" value="/Users/atalati/vscode-extension/main-repo/javavscode/netbeans/nbbuild/netbeans/java" />
    <property name="apisupport.installer.dir" value="/Users/atalati/vscode-extension/main-repo/javavscode/netbeans/nbbuild/netbeans/apisupport" />
    <property name="ide/html.custom.dir" value="/Users/atalati/vscode-extension/main-repo/javavscode/netbeans/nbbuild/netbeans/ide" />
    <property name="xml.lexer.dir" value="/Users/atalati/vscode-extension/main-repo/javavscode/netbeans/nbbuild/netbeans/ide" />
    <property name="jar-excludes" value="**/*.java,**/*.form,**/package.html,**/doc-files/" />
    <property name="websvccommon/websvc.saas.codegen.dir" value="/Users/atalati/vscode-extension/main-repo/javavscode/netbeans/nbbuild/netbeans/websvccommon" />
    <property name="webcommon/javascript2.html.dir" value="/Users/atalati/vscode-extension/main-repo/javavscode/netbeans/nbbuild/netbeans/webcommon" />
    <property name="default.basedir" value="/Users/atalati/vscode-extension/main-repo/javavscode/netbeans/nbbuild" />
    <property name="gradle.java.dir" value="/Users/atalati/vscode-extension/main-repo/javavscode/netbeans/nbbuild/netbeans/java" />
    <property name="jms-compiler.flags" value=" -J--add-opens=jdk.compiler/com.sun.tools.javac.api=ALL-UNNAMED -J--add-opens=jdk.compiler/com.sun.tools.javac.code=ALL-UNNAMED -J--add-opens=jdk.compiler/com.sun.tools.javac.comp=ALL-UNNAMED -J--add-opens=jdk.compiler/com.sun.tools.javac.file=ALL-UNNAMED -J--add-opens=jdk.compiler/com.sun.tools.javac.jvm=ALL-UNNAMED -J--add-opens=jdk.compiler/com.sun.tools.javac.main=ALL-UNNAMED -J--add-opens=jdk.compiler/com.sun.tools.javac.model=ALL-UNNAMED -J--add-opens=jdk.compiler/com.sun.tools.javac.parser=ALL-UNNAMED -J--add-opens=jdk.compiler/com.sun.tools.javac.processing=ALL-UNNAMED -J--add-opens=jdk.compiler/com.sun.tools.javac.tree=ALL-UNNAMED -J--add-opens=jdk.compiler/com.sun.tools.javac.util=ALL-UNNAMED -J--add-exports=jdk.compiler/com.sun.tools.javac.api=ALL-UNNAMED -J--add-exports=jdk.compiler/com.sun.tools.javac.code=ALL-UNNAMED -J--add-exports=jdk.compiler/com.sun.tools.javac.comp=ALL-UNNAMED -J--add-exports=jdk.compiler/com.sun.tools.javac.file=ALL-UNNAMED -J--add-exports=jdk.compiler/com.sun.tools.javac.jvm=ALL-UNNAMED -J--add-exports=jdk.compiler/com.sun.tools.javac.main=ALL-UNNAMED -J--add-exports=jdk.compiler/com.sun.tools.javac.model=ALL-UNNAMED -J--add-exports=jdk.compiler/com.sun.tools.javac.parser=ALL-UNNAMED -J--add-exports=jdk.compiler/com.sun.tools.javac.processing=ALL-UNNAMED -J--add-exports=jdk.compiler/com.sun.tools.javac.tree=ALL-UNNAMED -J--add-exports=jdk.compiler/com.sun.tools.javac.util=ALL-UNNAMED" />
    <property name="java/maven.checkstyle.dir" value="/Users/atalati/vscode-extension/main-repo/javavscode/netbeans/nbbuild/netbeans/java" />
    <property name="build.test.unit.dir" value="/Users/atalati/vscode-extension/main-repo/javavscode/netbeans/java/java.lsp.server/build/test/unit" />
    <property name="ide/parsing.indexing.dir" value="/Users/atalati/vscode-extension/main-repo/javavscode/netbeans/nbbuild/netbeans/ide" />
    <property name="markdown.dir" value="/Users/atalati/vscode-extension/main-repo/javavscode/netbeans/nbbuild/netbeans/ide" />
    <property name="o.eclipse.jgit.dir" value="/Users/atalati/vscode-extension/main-repo/javavscode/netbeans/nbbuild/netbeans/ide" />
    <property name="php.api.editor.dir" value="/Users/atalati/vscode-extension/main-repo/javavscode/netbeans/nbbuild/netbeans/php" />
    <property name="libs.asm.dir" value="/Users/atalati/vscode-extension/main-repo/javavscode/netbeans/nbbuild/netbeans/platform" />
    <property name="java/debugger.jpda.js.dir" value="/Users/atalati/vscode-extension/main-repo/javavscode/netbeans/nbbuild/netbeans/java" />
    <property name="platform/templatesui.dir" value="/Users/atalati/vscode-extension/main-repo/javavscode/netbeans/nbbuild/netbeans/platform" />
    <property name="libs.jstl.dir" value="/Users/atalati/vscode-extension/main-repo/javavscode/netbeans/nbbuild/netbeans/enterprise" />
    <property name="tasklist.kit.dir" value="/Users/atalati/vscode-extension/main-repo/javavscode/netbeans/nbbuild/netbeans/ide" />
    <property name="versioning.dir" value="/Users/atalati/vscode-extension/main-repo/javavscode/netbeans/nbbuild/netbeans/ide" />
    <property name="enterprise/web.monitor.dir" value="/Users/atalati/vscode-extension/main-repo/javavscode/netbeans/nbbuild/netbeans/enterprise" />
    <property name="profiler/profiler.attach.dir" value="/Users/atalati/vscode-extension/main-repo/javavscode/netbeans/nbbuild/netbeans/profiler" />
    <property name="netserver.dir" value="/Users/atalati/vscode-extension/main-repo/javavscode/netbeans/nbbuild/netbeans/webcommon" />
    <property name="libs.truffleapi.dir" value="/Users/atalati/vscode-extension/main-repo/javavscode/netbeans/nbbuild/netbeans/ide" />
    <property name="ide/c.google.gson.dir" value="/Users/atalati/vscode-extension/main-repo/javavscode/netbeans/nbbuild/netbeans/ide" />
    <property name="hudson.git.dir" value="/Users/atalati/vscode-extension/main-repo/javavscode/netbeans/nbbuild/netbeans/ide" />
    <property name="profiler.ppoints.dir" value="/Users/atalati/vscode-extension/main-repo/javavscode/netbeans/nbbuild/netbeans/profiler" />
    <property name="libs.jsch.agentproxy.dir" value="/Users/atalati/vscode-extension/main-repo/javavscode/netbeans/nbbuild/netbeans/ide" />
    <property name="jemmy.dir" value="/Users/atalati/vscode-extension/main-repo/javavscode/netbeans/nbbuild/netbeans/harness" />
    <property name="ide/versioning.system.cvss.installer.dir" value="/Users/atalati/vscode-extension/main-repo/javavscode/netbeans/nbbuild/netbeans/ide" />
    <property name="jakartaee8.platform.dir" value="/Users/atalati/vscode-extension/main-repo/javavscode/netbeans/nbbuild/netbeans/enterprise" />
    <property name="javascript2.json.dir" value="/Users/atalati/vscode-extension/main-repo/javavscode/netbeans/nbbuild/netbeans/webcommon" />
    <property name="j2eeapis.dir" value="/Users/atalati/vscode-extension/main-repo/javavscode/netbeans/nbbuild/netbeans/enterprise" />
    <property name="hudson.HTTP_PROXY" value="http://www-proxy.us.oracle.com:80" />
    <property name="java/debugger.jpda.projects.dir" value="/Users/atalati/vscode-extension/main-repo/javavscode/netbeans/nbbuild/netbeans/java" />
    <property name="api.templates.dir" value="/Users/atalati/vscode-extension/main-repo/javavscode/netbeans/nbbuild/netbeans/platform" />
    <property name="terminal.nb.dir" value="/Users/atalati/vscode-extension/main-repo/javavscode/netbeans/nbbuild/netbeans/ide" />
    <property name="hudson.CODESIGNBUREAU_CREDFILE" value="/Users/atalati/Downloads/mjayan_config.properties" />
    <property name="defaults.dir" value="/Users/atalati/vscode-extension/main-repo/javavscode/netbeans/nbbuild/netbeans/ide" />
    <property name="javafx/javafx2.scenebuilder.dir" value="/Users/atalati/vscode-extension/main-repo/javavscode/netbeans/nbbuild/netbeans/javafx" />
    <property name="java.security.manager" value="allow" />
    <property name="enterprise/web.core.dir" value="/Users/atalati/vscode-extension/main-repo/javavscode/netbeans/nbbuild/netbeans/enterprise" />
    <property name="webcommon/javascript2.kit.dir" value="/Users/atalati/vscode-extension/main-repo/javavscode/netbeans/nbbuild/netbeans/webcommon" />
    <property name="java/maven.junit.ui.dir" value="/Users/atalati/vscode-extension/main-repo/javavscode/netbeans/nbbuild/netbeans/java" />
    <property name="java/j2ee.core.utilities.dir" value="/Users/atalati/vscode-extension/main-repo/javavscode/netbeans/nbbuild/netbeans/java" />
    <property name="autoupdate.cli.dir" value="/Users/atalati/vscode-extension/main-repo/javavscode/netbeans/nbbuild/netbeans/platform" />
    <property name="java.vm.name" value="Java HotSpot(TM) 64-Bit Server VM" />
    <property name="properties.syntax.dir" value="/Users/atalati/vscode-extension/main-repo/javavscode/netbeans/nbbuild/netbeans/ide" />
    <property name="j2eeserver.dir" value="/Users/atalati/vscode-extension/main-repo/javavscode/netbeans/nbbuild/netbeans/enterprise" />
    <property name="java.completion.dir" value="/Users/atalati/vscode-extension/main-repo/javavscode/netbeans/nbbuild/netbeans/java" />
    <property name="webcommon/javascript.gulp.dir" value="/Users/atalati/vscode-extension/main-repo/javavscode/netbeans/nbbuild/netbeans/webcommon" />
    <property name="buildnum" value="dev-20240527-unknown-revn" />
    <property name="j2ee.api.ejbmodule.dir" value="/Users/atalati/vscode-extension/main-repo/javavscode/netbeans/nbbuild/netbeans/enterprise" />
    <property name="os.arch" value="aarch64" />
    <property name="websvc.jaxwsapi.dir" value="/Users/atalati/vscode-extension/main-repo/javavscode/netbeans/nbbuild/netbeans/enterprise" />
    <property name="java.source.ant.dir" value="/Users/atalati/vscode-extension/main-repo/javavscode/netbeans/nbbuild/netbeans/java" />
    <property name="o.apache.commons.logging.dir" value="/Users/atalati/vscode-extension/main-repo/javavscode/netbeans/nbbuild/netbeans/platform" />
    <property name="extide/gradle.editor.dir" value="/Users/atalati/vscode-extension/main-repo/javavscode/netbeans/nbbuild/netbeans/extide" />
    <property name="java/libs.javacapi.dir" value="/Users/atalati/vscode-extension/main-repo/javavscode/netbeans/nbbuild/netbeans/java" />
    <property name="java/lib.jshell.agent.dir" value="/Users/atalati/vscode-extension/main-repo/javavscode/netbeans/nbbuild/netbeans/java" />
    <property name="api.xml.ui.dir" value="/Users/atalati/vscode-extension/main-repo/javavscode/netbeans/nbbuild/netbeans/ide" />
    <property name="db.core.dir" value="/Users/atalati/vscode-extension/main-repo/javavscode/netbeans/nbbuild/netbeans/ide" />
    <property name="extexecution.dir" value="/Users/atalati/vscode-extension/main-repo/javavscode/netbeans/nbbuild/netbeans/ide" />
    <property name="nb.cluster.bootstrap" value="core.startup,core.startup.base,libs.asm,o.n.bootstrap,openide.filesystems,openide.modules,openide.util,openide.util.lookup,openide.util.ui" />
    <property name="ant.project.name" value="java/java.lsp.server" />
    <property name="libs.gradle.dir" value="/Users/atalati/vscode-extension/main-repo/javavscode/netbeans/nbbuild/netbeans/extide" />
    <property name="php/php.atoum.dir" value="/Users/atalati/vscode-extension/main-repo/javavscode/netbeans/nbbuild/netbeans/php" />
    <property name="hudson.USER" value="atalati" />
    <property name="editor.plain.dir" value="/Users/atalati/vscode-extension/main-repo/javavscode/netbeans/nbbuild/netbeans/ide" />
    <property name="test.config.default.excludes" value="" />
    <property name="webcommon/cordova.platforms.dir" value="/Users/atalati/vscode-extension/main-repo/javavscode/netbeans/nbbuild/netbeans/webcommon" />
    <property name="platform/openide.windows.dir" value="/Users/atalati/vscode-extension/main-repo/javavscode/netbeans/nbbuild/netbeans/platform" />
    <property name="DSTAMP" value="20240527" />
    <property name="build.classes.dir.ml" value="/Users/atalati/vscode-extension/main-repo/javavscode/netbeans/java/java.lsp.server/build/ml/classes" />
    <property name="libs.plist.dir" value="/Users/atalati/vscode-extension/main-repo/javavscode/netbeans/nbbuild/netbeans/webcommon" />
    <property name="libs.groovy.dir" value="/Users/atalati/vscode-extension/main-repo/javavscode/netbeans/nbbuild/netbeans/groovy" />
    <property name="api.annotations.common.dir" value="/Users/atalati/vscode-extension/main-repo/javavscode/netbeans/nbbuild/netbeans/platform" />
    <property name="templatesui.dir" value="/Users/atalati/vscode-extension/main-repo/javavscode/netbeans/nbbuild/netbeans/platform" />
    <property name="o.eclipse.equinox.common.dir" value="/Users/atalati/vscode-extension/main-repo/javavscode/netbeans/nbbuild/netbeans/ide" />
    <property name="api.debugger.jpda.dir" value="/Users/atalati/vscode-extension/main-repo/javavscode/netbeans/nbbuild/netbeans/java" />
    <property name="languages.go.dir" value="/Users/atalati/vscode-extension/main-repo/javavscode/netbeans/nbbuild/netbeans/ide" />
    <property name="db.mysql.dir" value="/Users/atalati/vscode-extension/main-repo/javavscode/netbeans/nbbuild/netbeans/ide" />
    <property name="hudson.SSH_AUTH_SOCK" value="/private/tmp/com.apple.launchd.bc9thKqWgj/Listeners" />
    <property name="java.vm.compressedOopsMode" value="Zero based" />
    <property name="ide/project.indexingbridge.dir" value="/Users/atalati/vscode-extension/main-repo/javavscode/netbeans/nbbuild/netbeans/ide" />
    <property name="webcommon/javascript2.nodejs.dir" value="/Users/atalati/vscode-extension/main-repo/javavscode/netbeans/nbbuild/netbeans/webcommon" />
    <property name="ide/db.dir" value="/Users/atalati/vscode-extension/main-repo/javavscode/netbeans/nbbuild/netbeans/ide" />
    <property name="javascript2.types.dir" value="/Users/atalati/vscode-extension/main-repo/javavscode/netbeans/nbbuild/netbeans/webcommon" />
    <property name="enterprise/j2ee.genericserver.dir" value="/Users/atalati/vscode-extension/main-repo/javavscode/netbeans/nbbuild/netbeans/enterprise" />
    <property name="java/testng.dir" value="/Users/atalati/vscode-extension/main-repo/javavscode/netbeans/nbbuild/netbeans/java" />
    <property name="lib.terminalemulator.dir" value="/Users/atalati/vscode-extension/main-repo/javavscode/netbeans/nbbuild/netbeans/ide" />
    <property name="cluster.path.final" value="/Users/atalati/vscode-extension/main-repo/javavscode/netbeans/nbbuild/netbeans/platform:/Users/atalati/vscode-extension/main-repo/javavscode/netbeans/nbbuild/netbeans/ide:/Users/atalati/vscode-extension/main-repo/javavscode/netbeans/nbbuild/netbeans/java:/Users/atalati/vscode-extension/main-repo/javavscode/netbeans/nbbuild/netbeans/apisupport:/Users/atalati/vscode-extension/main-repo/javavscode/netbeans/nbbuild/netbeans/enterprise:/Users/atalati/vscode-extension/main-repo/javavscode/netbeans/nbbuild/netbeans/ergonomics:/Users/atalati/vscode-extension/main-repo/javavscode/netbeans/nbbuild/netbeans/nb:/Users/atalati/vscode-extension/main-repo/javavscode/netbeans/nbbuild/netbeans/extra:/Users/atalati/vscode-extension/main-repo/javavscode/netbeans/nbbuild/netbeans/harness:/Users/atalati/vscode-extension/main-repo/javavscode/netbeans/nbbuild/netbeans/profiler:/Users/atalati/vscode-extension/main-repo/javavscode/netbeans/nbbuild/netbeans/php:/Users/atalati/vscode-extension/main-repo/javavscode/netbeans/nbbuild/netbeans/groovy:/Users/atalati/vscode-extension/main-repo/javavscode/netbeans/nbbuild/netbeans/identity:/Users/atalati/vscode-extension/main-repo/javavscode/netbeans/nbbuild/netbeans/cnd:/Users/atalati/vscode-extension/main-repo/javavscode/netbeans/nbbuild/netbeans/cndext:/Users/atalati/vscode-extension/main-repo/javavscode/netbeans/nbbuild/netbeans/rust:/Users/atalati/vscode-extension/main-repo/javavscode/netbeans/nbbuild/netbeans/cpplite:/Users/atalati/vscode-extension/main-repo/javavscode/netbeans/nbbuild/netbeans/dlight:/Users/atalati/vscode-extension/main-repo/javavscode/netbeans/nbbuild/netbeans/extide:/Users/atalati/vscode-extension/main-repo/javavscode/netbeans/nbbuild/netbeans/webcommon:/Users/atalati/vscode-extension/main-repo/javavscode/netbeans/nbbuild/netbeans/websvccommon:/Users/atalati/vscode-extension/main-repo/javavscode/netbeans/nbbuild/netbeans/javafx:/Users/atalati/vscode-extension/main-repo/javavscode/netbeans/nbbuild/netbeans/java" />
    <property name="ide/o.eclipse.jgit.gpg.bc.dir" value="/Users/atalati/vscode-extension/main-repo/javavscode/netbeans/nbbuild/netbeans/ide" />
    <property name="options.java.dir" value="/Users/atalati/vscode-extension/main-repo/javavscode/netbeans/nbbuild/netbeans/extide" />
    <property name="ant.file.type.default-properties" value="file" />
    <property name="java/jellytools.java.dir" value="/Users/atalati/vscode-extension/main-repo/javavscode/netbeans/nbbuild/netbeans/java" />
    <property name="api.knockout.dir" value="/Users/atalati/vscode-extension/main-repo/javavscode/netbeans/nbbuild/netbeans/webcommon" />
    <property name="platform/net.java.html.boot.fx.dir" value="/Users/atalati/vscode-extension/main-repo/javavscode/netbeans/nbbuild/netbeans/platform" />
    <property name="nb/autoupdate.pluginimporter.dir" value="/Users/atalati/vscode-extension/main-repo/javavscode/netbeans/nbbuild/netbeans/nb" />
    <property name="xml.text.obsolete90.dir" value="/Users/atalati/vscode-extension/main-repo/javavscode/netbeans/nbbuild/netbeans/ide" />
    <property name="java.lexer.dir" value="/Users/atalati/vscode-extension/main-repo/javavscode/netbeans/nbbuild/netbeans/java" />
    <property name="platform/options.api.dir" value="/Users/atalati/vscode-extension/main-repo/javavscode/netbeans/nbbuild/netbeans/platform" />
    <property name="ant.file.java/java.lsp.server" value="/Users/atalati/vscode-extension/main-repo/javavscode/netbeans/java/java.lsp.server/build.xml" />
    <property name="nb.cluster.cndext.dir" value="cndext" />
    <property name="ide/utilities.dir" value="/Users/atalati/vscode-extension/main-repo/javavscode/netbeans/nbbuild/netbeans/ide" />
    <property name="nb.cluster.bootstrap.depends" value="" />
    <property name="java/websvc.saas.codegen.java.dir" value="/Users/atalati/vscode-extension/main-repo/javavscode/netbeans/nbbuild/netbeans/java" />
    <property name="test.qa-functional.testdep" value="/Users/atalati/vscode-extension/main-repo/javavscode/netbeans/platform/openide.modules" />
    <property name="php/php.nette2.dir" value="/Users/atalati/vscode-extension/main-repo/javavscode/netbeans/nbbuild/netbeans/php" />
    <property name="openide.explorer.dir" value="/Users/atalati/vscode-extension/main-repo/javavscode/netbeans/nbbuild/netbeans/platform" />
    <property name="java/java.platform.ui.dir" value="/Users/atalati/vscode-extension/main-repo/javavscode/netbeans/nbbuild/netbeans/java" />
    <property name="nb.cluster.cpplite.depends" value="nb.cluster.harness,nb.cluster.platform,nb.cluster.ide" />
    <property name="java/spellchecker.bindings.java.dir" value="/Users/atalati/vscode-extension/main-repo/javavscode/netbeans/nbbuild/netbeans/java" />
    <property name="o.eclipse.mylyn.wikitext.core.dir" value="/Users/atalati/vscode-extension/main-repo/javavscode/netbeans/nbbuild/netbeans/ide" />
    <property name="platform/net.java.html.sound.dir" value="/Users/atalati/vscode-extension/main-repo/javavscode/netbeans/nbbuild/netbeans/platform" />
    <property name="project.ant.ui.dir" value="/Users/atalati/vscode-extension/main-repo/javavscode/netbeans/nbbuild/netbeans/ide" />
    <property name="enterprise/maven.jaxws.dir" value="/Users/atalati/vscode-extension/main-repo/javavscode/netbeans/nbbuild/netbeans/enterprise" />
    <property name="profiler/profiler.utilities.dir" value="/Users/atalati/vscode-extension/main-repo/javavscode/netbeans/nbbuild/netbeans/profiler" />
    <property name="platform/libs.testng.dir" value="/Users/atalati/vscode-extension/main-repo/javavscode/netbeans/nbbuild/netbeans/platform" />
    <property name="metabuild.jms-flags.jvm" value="--add-opens=java.base/java.net=ALL-UNNAMED --add-opens=java.base/java.lang.ref=ALL-UNNAMED --add-opens=java.base/java.lang=ALL-UNNAMED --add-opens=java.base/java.security=ALL-UNNAMED --add-opens=java.base/java.util=ALL-UNNAMED --add-opens=java.base/java.nio=ALL-UNNAMED --add-exports=java.base/sun.reflect.annotation=ALL-UNNAMED --add-opens=java.prefs/java.util.prefs=ALL-UNNAMED --add-opens=java.desktop/javax.swing.plaf.basic=ALL-UNNAMED --add-opens=java.desktop/javax.swing.text=ALL-UNNAMED --add-opens=java.desktop/javax.swing=ALL-UNNAMED --add-opens=java.desktop/java.awt=ALL-UNNAMED --add-opens=java.desktop/java.awt.event=ALL-UNNAMED --add-opens=java.desktop/sun.awt.X11=ALL-UNNAMED --add-opens=java.desktop/javax.swing.plaf.synth=ALL-UNNAMED --add-opens=java.desktop/com.sun.java.swing.plaf.gtk=ALL-UNNAMED --add-opens=java.desktop/com.sun.java.swing.plaf.windows=ALL-UNNAMED --add-opens=java.desktop/com.apple.laf=ALL-UNNAMED --add-opens=java.desktop/sun.awt.shell=ALL-UNNAMED --add-opens=java.desktop/sun.awt.im=ALL-UNNAMED --add-exports=java.desktop/sun.awt=ALL-UNNAMED --add-exports=java.desktop/java.awt.peer=ALL-UNNAMED --add-exports=java.desktop/com.sun.beans.editors=ALL-UNNAMED --add-exports=java.desktop/sun.swing=ALL-UNNAMED --add-exports=java.desktop/sun.awt.im=ALL-UNNAMED --add-exports=java.desktop/com.sun.java.swing.plaf.motif=ALL-UNNAMED --add-exports=java.desktop/com.apple.eio=ALL-UNNAMED --add-opens=jdk.compiler/com.sun.tools.javac.api=ALL-UNNAMED --add-opens=jdk.compiler/com.sun.tools.javac.code=ALL-UNNAMED --add-opens=jdk.compiler/com.sun.tools.javac.comp=ALL-UNNAMED --add-opens=jdk.compiler/com.sun.tools.javac.file=ALL-UNNAMED --add-opens=jdk.compiler/com.sun.tools.javac.jvm=ALL-UNNAMED --add-opens=jdk.compiler/com.sun.tools.javac.main=ALL-UNNAMED --add-opens=jdk.compiler/com.sun.tools.javac.model=ALL-UNNAMED --add-opens=jdk.compiler/com.sun.tools.javac.parser=ALL-UNNAMED --add-opens=jdk.compiler/com.sun.tools.javac.processing=ALL-UNNAMED --add-opens=jdk.compiler/com.sun.tools.javac.tree=ALL-UNNAMED --add-opens=jdk.compiler/com.sun.tools.javac.util=ALL-UNNAMED --add-exports=jdk.compiler/com.sun.tools.javac.api=ALL-UNNAMED --add-exports=jdk.compiler/com.sun.tools.javac.code=ALL-UNNAMED --add-exports=jdk.compiler/com.sun.tools.javac.comp=ALL-UNNAMED --add-exports=jdk.compiler/com.sun.tools.javac.file=ALL-UNNAMED --add-exports=jdk.compiler/com.sun.tools.javac.jvm=ALL-UNNAMED --add-exports=jdk.compiler/com.sun.tools.javac.main=ALL-UNNAMED --add-exports=jdk.compiler/com.sun.tools.javac.model=ALL-UNNAMED --add-exports=jdk.compiler/com.sun.tools.javac.parser=ALL-UNNAMED --add-exports=jdk.compiler/com.sun.tools.javac.processing=ALL-UNNAMED --add-exports=jdk.compiler/com.sun.tools.javac.tree=ALL-UNNAMED --add-exports=jdk.compiler/com.sun.tools.javac.util=ALL-UNNAMED " />
    <property name="nb.cluster.webcommon.depends" value="nb.cluster.ide,nb.cluster.extide,nb.cluster.platform" />
    <property name="php.project.dir" value="/Users/atalati/vscode-extension/main-repo/javavscode/netbeans/nbbuild/netbeans/php" />
    <property name="hg.id" value="unknown-revn" />
    <property name="core.nativeaccess.dir" value="/Users/atalati/vscode-extension/main-repo/javavscode/netbeans/nbbuild/netbeans/platform" />
    <property name="platform/netbinox.dir" value="/Users/atalati/vscode-extension/main-repo/javavscode/netbeans/nbbuild/netbeans/platform" />
    <property name="beans.dir" value="/Users/atalati/vscode-extension/main-repo/javavscode/netbeans/nbbuild/netbeans/java" />
    <property name="ide/editor.breadcrumbs.dir" value="/Users/atalati/vscode-extension/main-repo/javavscode/netbeans/nbbuild/netbeans/ide" />
    <property name="editor.mimelookup.impl.dir" value="/Users/atalati/vscode-extension/main-repo/javavscode/netbeans/nbbuild/netbeans/platform" />
    <property name="html.parser.dir" value="/Users/atalati/vscode-extension/main-repo/javavscode/netbeans/nbbuild/netbeans/ide" />
    <property name="php/php.doctrine2.dir" value="/Users/atalati/vscode-extension/main-repo/javavscode/netbeans/nbbuild/netbeans/php" />
    <property name="hudson.https_proxy" value="http://www-proxy.us.oracle.com:80" />
    <property name="ide/o.eclipse.mylyn.commons.repositories.core.dir" value="/Users/atalati/vscode-extension/main-repo/javavscode/netbeans/nbbuild/netbeans/ide" />
    <property name="websvc.saas.codegen.dir" value="/Users/atalati/vscode-extension/main-repo/javavscode/netbeans/nbbuild/netbeans/websvccommon" />
    <property name="editor.settings.storage.dir" value="/Users/atalati/vscode-extension/main-repo/javavscode/netbeans/nbbuild/netbeans/ide" />
    <property name="nb.cluster.platform.dir" value="platform" />
    <property name="ant.file.type.binaries-default-properties" value="file" />
    <property name="web.clientproject.dir" value="/Users/atalati/vscode-extension/main-repo/javavscode/netbeans/nbbuild/netbeans/webcommon" />
    <property name="groovy.samples.dir" value="/Users/atalati/vscode-extension/main-repo/javavscode/netbeans/nbbuild/netbeans/groovy" />
    <property name="languages.yaml.dir" value="/Users/atalati/vscode-extension/main-repo/javavscode/netbeans/nbbuild/netbeans/ide" />
    <property name="mercurial.dir" value="/Users/atalati/vscode-extension/main-repo/javavscode/netbeans/nbbuild/netbeans/ide" />
    <property name="ide/editor.lib2.dir" value="/Users/atalati/vscode-extension/main-repo/javavscode/netbeans/nbbuild/netbeans/ide" />
    <property name="clusters.config.identity.list" value="nb.cluster.harness,nb.cluster.bootstrap,nb.cluster.platform,nb.cluster.ide,nb.cluster.extide,nb.cluster.websvccommon,nb.cluster.java,nb.cluster.javafx,nb.cluster.profiler,nb.cluster.3rdparty,nb.cluster.nb,nb.cluster.webcommon,nb.cluster.enterprise,nb.cluster.identity" />
    <property name="ide/lexer.dir" value="/Users/atalati/vscode-extension/main-repo/javavscode/netbeans/nbbuild/netbeans/ide" />
    <property name="ide/libs.graalsdk.system.dir" value="/Users/atalati/vscode-extension/main-repo/javavscode/netbeans/nbbuild/netbeans/ide" />
    <property name="java/j2ee.jpa.verification.dir" value="/Users/atalati/vscode-extension/main-repo/javavscode/netbeans/nbbuild/netbeans/java" />
    <property name="asm.jar" value="/Users/atalati/vscode-extension/main-repo/javavscode/netbeans/nbbuild/netbeans/platform/core/asm-9.6.jar" />
    <property name="o.apache.ws.commons.util.dir" value="/Users/atalati/vscode-extension/main-repo/javavscode/netbeans/nbbuild/netbeans/ide" />
    <property name="-nb.build.dir-default" value="/Users/atalati/vscode-extension/main-repo/javavscode/netbeans/nbbuild/build" />
    <property name="libs.lucene.dir" value="/Users/atalati/vscode-extension/main-repo/javavscode/netbeans/nbbuild/netbeans/ide" />
    <property name="profiler/profiler.heapwalker.dir" value="/Users/atalati/vscode-extension/main-repo/javavscode/netbeans/nbbuild/netbeans/profiler" />
    <property name="php.zend2.dir" value="/Users/atalati/vscode-extension/main-repo/javavscode/netbeans/nbbuild/netbeans/php" />
    <property name="ide/servletapi.dir" value="/Users/atalati/vscode-extension/main-repo/javavscode/netbeans/nbbuild/netbeans/ide" />
    <property name="test.unit.folder" value="/Users/atalati/vscode-extension/main-repo/javavscode/netbeans/nbbuild/build/testdist/unit/java/org-netbeans-modules-java-lsp-server" />
    <property name="ide.branding.kit.dir" value="/Users/atalati/vscode-extension/main-repo/javavscode/netbeans/nbbuild/netbeans/nb" />
    <property name="ide/o.eclipse.jgit.dir" value="/Users/atalati/vscode-extension/main-repo/javavscode/netbeans/nbbuild/netbeans/ide" />
    <property name="java.editor.base.dir" value="/Users/atalati/vscode-extension/main-repo/javavscode/netbeans/nbbuild/netbeans/java" />
    <property name="notifications.dir" value="/Users/atalati/vscode-extension/main-repo/javavscode/netbeans/nbbuild/netbeans/ide" />
    <property name="locmakenbm.brands" value="" />
    <property name="hudson.TERM_PROGRAM" value="iTerm.app" />
    <property name="nb_all" value="/Users/atalati/vscode-extension/main-repo/javavscode/netbeans" />
    <property name="maven.junit.dir" value="/Users/atalati/vscode-extension/main-repo/javavscode/netbeans/nbbuild/netbeans/java" />
    <property name="javascript2.html.dir" value="/Users/atalati/vscode-extension/main-repo/javavscode/netbeans/nbbuild/netbeans/webcommon" />
    <property name="platform/api.intent.dir" value="/Users/atalati/vscode-extension/main-repo/javavscode/netbeans/nbbuild/netbeans/platform" />
    <property name="maven.osgi.dir" value="/Users/atalati/vscode-extension/main-repo/javavscode/netbeans/nbbuild/netbeans/java" />
    <property name="ide/extexecution.process.jdk9.dir" value="/Users/atalati/vscode-extension/main-repo/javavscode/netbeans/nbbuild/netbeans/ide" />
    <property name="groovy.kit.dir" value="/Users/atalati/vscode-extension/main-repo/javavscode/netbeans/nbbuild/netbeans/groovy" />
    <property name="platform/openide.awt.dir" value="/Users/atalati/vscode-extension/main-repo/javavscode/netbeans/nbbuild/netbeans/platform" />
    <property name="gsf.testrunner.dir" value="/Users/atalati/vscode-extension/main-repo/javavscode/netbeans/nbbuild/netbeans/ide" />
    <property name="platform/openide.util.lookup.dir" value="/Users/atalati/vscode-extension/main-repo/javavscode/netbeans/nbbuild/netbeans/platform" />
    <property name="ide/xml.core.dir" value="/Users/atalati/vscode-extension/main-repo/javavscode/netbeans/nbbuild/netbeans/ide" />
    <property name="ide/o.eclipse.equinox.security.dir" value="/Users/atalati/vscode-extension/main-repo/javavscode/netbeans/nbbuild/netbeans/ide" />
    <property name="editor.settings.lib.dir" value="/Users/atalati/vscode-extension/main-repo/javavscode/netbeans/nbbuild/netbeans/ide" />
    <property name="options.api.dir" value="/Users/atalati/vscode-extension/main-repo/javavscode/netbeans/nbbuild/netbeans/platform" />
    <property name="groovy/groovy.support.dir" value="/Users/atalati/vscode-extension/main-repo/javavscode/netbeans/nbbuild/netbeans/groovy" />
    <property name="libs.javafx.macosx.aarch64.dir" value="/Users/atalati/vscode-extension/main-repo/javavscode/netbeans/nbbuild/netbeans/extra" />
    <property name="ide/core.ide.dir" value="/Users/atalati/vscode-extension/main-repo/javavscode/netbeans/nbbuild/netbeans/ide" />
    <property name="languages.neon.dir" value="/Users/atalati/vscode-extension/main-repo/javavscode/netbeans/nbbuild/netbeans/php" />
    <property name="java/java.testrunner.ant.dir" value="/Users/atalati/vscode-extension/main-repo/javavscode/netbeans/nbbuild/netbeans/java" />
    <property name="enterprise/web.jsf.richfaces.dir" value="/Users/atalati/vscode-extension/main-repo/javavscode/netbeans/nbbuild/netbeans/enterprise" />
    <property name="hudson.TERM_SESSION_ID" value="w0t2p0:1EF74545-B0D6-4BEA-AEFA-CBED2E22EA6F" />
    <property name="webcommon/web.client.kit.dir" value="/Users/atalati/vscode-extension/main-repo/javavscode/netbeans/nbbuild/netbeans/webcommon" />
    <property name="nb.cluster.javafx" value="javafx2.editor,javafx2.kit,javafx2.platform,javafx2.project,javafx2.samples,javafx2.scenebuilder,maven.htmlui" />
    <property name="web.jsf.kit.dir" value="/Users/atalati/vscode-extension/main-repo/javavscode/netbeans/nbbuild/netbeans/enterprise" />
    <property name="web.monitor.dir" value="/Users/atalati/vscode-extension/main-repo/javavscode/netbeans/nbbuild/netbeans/enterprise" />
    <property name="platform/favorites.dir" value="/Users/atalati/vscode-extension/main-repo/javavscode/netbeans/nbbuild/netbeans/platform" />
    <property name="webcommon/cordova.dir" value="/Users/atalati/vscode-extension/main-repo/javavscode/netbeans/nbbuild/netbeans/webcommon" />
    <property name="lexer.dir" value="/Users/atalati/vscode-extension/main-repo/javavscode/netbeans/nbbuild/netbeans/ide" />
    <property name="libs.snakeyaml_engine.dir" value="/Users/atalati/vscode-extension/main-repo/javavscode/netbeans/nbbuild/netbeans/ide" />
    <property name="ide/dlight.nativeexecution.nb.dir" value="/Users/atalati/vscode-extension/main-repo/javavscode/netbeans/nbbuild/netbeans/ide" />
    <property name="nb.cluster.groovy.depends" value="nb.cluster.platform,nb.cluster.ide,nb.cluster.extide,nb.cluster.java,nb.cluster.enterprise" />
    <property name="javadoc.arch" value="/Users/atalati/vscode-extension/main-repo/javavscode/netbeans/java/java.lsp.server/arch.xml" />
    <property name="ide/xml.retriever.dir" value="/Users/atalati/vscode-extension/main-repo/javavscode/netbeans/nbbuild/netbeans/ide" />
    <property name="ide/libs.freemarker.dir" value="/Users/atalati/vscode-extension/main-repo/javavscode/netbeans/nbbuild/netbeans/ide" />
    <property name="editor.util.dir" value="/Users/atalati/vscode-extension/main-repo/javavscode/netbeans/nbbuild/netbeans/ide" />
    <property name="selenium2.dir" value="/Users/atalati/vscode-extension/main-repo/javavscode/netbeans/nbbuild/netbeans/ide" />
    <property name="ide/parsing.lucene.dir" value="/Users/atalati/vscode-extension/main-repo/javavscode/netbeans/nbbuild/netbeans/ide" />
    <property name="ide/team.ide.dir" value="/Users/atalati/vscode-extension/main-repo/javavscode/netbeans/nbbuild/netbeans/ide" />
    <property name="o.n.swing.plaf.dir" value="/Users/atalati/vscode-extension/main-repo/javavscode/netbeans/nbbuild/netbeans/platform" />
    <property name="test.filter.trace" value="true" />
    <property name="enterprise/web.core.syntax.dir" value="/Users/atalati/vscode-extension/main-repo/javavscode/netbeans/nbbuild/netbeans/enterprise" />
    <property name="extide/gradle.dir" value="/Users/atalati/vscode-extension/main-repo/javavscode/netbeans/nbbuild/netbeans/extide" />
    <property name="java.freeform.dir" value="/Users/atalati/vscode-extension/main-repo/javavscode/netbeans/nbbuild/netbeans/java" />
    <property name="ide/jellytools.ide.dir" value="/Users/atalati/vscode-extension/main-repo/javavscode/netbeans/nbbuild/netbeans/ide" />
    <property name="javawebstart.dir" value="/Users/atalati/vscode-extension/main-repo/javavscode/netbeans/nbbuild/netbeans/java" />
    <property name="ergonomics/ide.ergonomics.dir" value="/Users/atalati/vscode-extension/main-repo/javavscode/netbeans/nbbuild/netbeans/ergonomics" />
    <property name="enterprise/web.jsf.kit.dir" value="/Users/atalati/vscode-extension/main-repo/javavscode/netbeans/nbbuild/netbeans/enterprise" />
    <property name="api.java.dir" value="/Users/atalati/vscode-extension/main-repo/javavscode/netbeans/nbbuild/netbeans/java" />
    <property name="harness/libs.nbi.engine.dir" value="/Users/atalati/vscode-extension/main-repo/javavscode/netbeans/nbbuild/netbeans/harness" />
    <property name="java/whitelist.dir" value="/Users/atalati/vscode-extension/main-repo/javavscode/netbeans/nbbuild/netbeans/java" />
    <property name="java/java.navigation.dir" value="/Users/atalati/vscode-extension/main-repo/javavscode/netbeans/nbbuild/netbeans/java" />
    <property name="enterprise/j2ee.ant.dir" value="/Users/atalati/vscode-extension/main-repo/javavscode/netbeans/nbbuild/netbeans/enterprise" />
    <property name="ide/editor.kit.dir" value="/Users/atalati/vscode-extension/main-repo/javavscode/netbeans/nbbuild/netbeans/ide" />
    <property name="openide.awt.dir" value="/Users/atalati/vscode-extension/main-repo/javavscode/netbeans/nbbuild/netbeans/platform" />
    <property name="ide/properties.syntax.dir" value="/Users/atalati/vscode-extension/main-repo/javavscode/netbeans/nbbuild/netbeans/ide" />
    <property name="java.specification.vendor" value="Oracle Corporation" />
    <property name="php/websvc.saas.codegen.php.dir" value="/Users/atalati/vscode-extension/main-repo/javavscode/netbeans/nbbuild/netbeans/php" />
    <property name="ide/o.eclipse.mylyn.wikitext.core.dir" value="/Users/atalati/vscode-extension/main-repo/javavscode/netbeans/nbbuild/netbeans/ide" />
    <property name="javahelp.jar.basename" value="org-netbeans-modules-java-lsp-server.jar" />
    <property name="requires.nb.javac" value="true" />
    <property name="docker.editor.dir" value="/Users/atalati/vscode-extension/main-repo/javavscode/netbeans/nbbuild/netbeans/ide" />
    <property name="module.run.classpath" value="/Users/atalati/vscode-extension/main-repo/javavscode/netbeans/nbbuild/netbeans/ide/modules/com-google-gson.jar:/Users/atalati/vscode-extension/main-repo/javavscode/netbeans/ide/c.google.gson/external/gson-2.8.9.jar:/Users/atalati/vscode-extension/main-repo/javavscode/netbeans/ide/c.google.gson/external/gson-2.8.9.jar:/Users/atalati/vscode-extension/main-repo/javavscode/netbeans/nbbuild/netbeans/ide/modules/com-google-gson.jar:/Users/atalati/vscode-extension/main-repo/javavscode/netbeans/nbbuild/netbeans/platform/modules/net-java-html.jar:/Users/atalati/vscode-extension/main-repo/javavscode/netbeans/platform/net.java.html/external/net.java.html-1.8.1.jar:/Users/atalati/vscode-extension/main-repo/javavscode/netbeans/platform/net.java.html/external/net.java.html-1.8.1.jar:/Users/atalati/vscode-extension/main-repo/javavscode/netbeans/nbbuild/netbeans/platform/modules/net-java-html.jar:/Users/atalati/vscode-extension/main-repo/javavscode/netbeans/nbbuild/netbeans/platform/modules/net-java-html-boot.jar:/Users/atalati/vscode-extension/main-repo/javavscode/netbeans/platform/net.java.html.boot/external/net.java.html.boot-1.8.1.jar:/Users/atalati/vscode-extension/main-repo/javavscode/netbeans/platform/net.java.html.boot/external/net.java.html.boot-1.8.1.jar:/Users/atalati/vscode-extension/main-repo/javavscode/netbeans/nbbuild/netbeans/platform/modules/net-java-html-boot.jar:/Users/atalati/vscode-extension/main-repo/javavscode/netbeans/nbbuild/netbeans/platform/modules/net-java-html-json.jar:/Users/atalati/vscode-extension/main-repo/javavscode/netbeans/platform/net.java.html.json/external/net.java.html.json-1.8.1.jar:/Users/atalati/vscode-extension/main-repo/javavscode/netbeans/platform/net.java.html.json/external/net.java.html.json-1.8.1.jar:/Users/atalati/vscode-extension/main-repo/javavscode/netbeans/nbbuild/netbeans/platform/modules/net-java-html-json.jar:/Users/atalati/vscode-extension/main-repo/javavscode/netbeans/nbbuild/netbeans/platform/modules/org-apache-commons-commons_io.jar:/Users/atalati/vscode-extension/main-repo/javavscode/netbeans/platform/o.apache.commons.commons_io/external/commons-io-2.15.1.jar:/Users/atalati/vscode-extension/main-repo/javavscode/netbeans/nbbuild/netbeans/platform/modules/ext/commons-io-2.15.1.jar:/Users/atalati/vscode-extension/main-repo/javavscode/netbeans/nbbuild/netbeans/platform/modules/org-apache-commons-codec.jar:/Users/atalati/vscode-extension/main-repo/javavscode/netbeans/platform/o.apache.commons.codec/external/commons-codec-1.16.0.jar:/Users/atalati/vscode-extension/main-repo/javavscode/netbeans/nbbuild/netbeans/platform/modules/org-apache-commons-logging.jar:/Users/atalati/vscode-extension/main-repo/javavscode/netbeans/platform/o.apache.commons.logging/external/commons-logging-1.3.0.jar:/Users/atalati/vscode-extension/main-repo/javavscode/netbeans/platform/o.apache.commons.commons_io/external/commons-io-2.15.1.jar:/Users/atalati/vscode-extension/main-repo/javavscode/netbeans/nbbuild/netbeans/platform/modules/ext/commons-io-2.15.1.jar:/Users/atalati/vscode-extension/main-repo/javavscode/netbeans/nbbuild/netbeans/platform/modules/org-apache-commons-lang3.jar:/Users/atalati/vscode-extension/main-repo/javavscode/netbeans/platform/o.apache.commons.lang3/external/commons-lang3-3.14.0.jar:/Users/atalati/vscode-extension/main-repo/javavscode/netbeans/nbbuild/netbeans/platform/modules/commons-lang3.jar:/Users/atalati/vscode-extension/main-repo/javavscode/netbeans/platform/o.apache.commons.lang3/external/commons-lang3-3.14.0.jar:/Users/atalati/vscode-extension/main-repo/javavscode/netbeans/nbbuild/netbeans/platform/modules/commons-lang3.jar:/Users/atalati/vscode-extension/main-repo/javavscode/netbeans/nbbuild/netbeans/platform/modules/org-netbeans-api-annotations-common.jar:/Users/atalati/vscode-extension/main-repo/javavscode/netbeans/nbbuild/netbeans/ide/modules/org-netbeans-api-debugger.jar:/Users/atalati/vscode-extension/main-repo/javavscode/netbeans/nbbuild/netbeans/platform/modules/org-netbeans-api-annotations-common.jar:/Users/atalati/vscode-extension/main-repo/javavscode/netbeans/nbbuild/netbeans/ide/modules/org-netbeans-modules-projectapi.jar:/Users/atalati/vscode-extension/main-repo/javavscode/netbeans/nbbuild/netbeans/platform/modules/org-netbeans-modules-queries.jar:/Users/atalati/vscode-extension/main-repo/javavscode/netbeans/nbbuild/netbeans/platform/core/org-openide-filesystems.jar:/Users/atalati/vscode-extension/main-repo/javavscode/netbeans/nbbuild/netbeans/platform/lib/org-openide-util.jar:/Users/atalati/vscode-extension/main-repo/javavscode/netbeans/nbbuild/netbeans/platform/lib/org-openide-util-lookup.jar:/Users/atalati/vscode-extension/main-repo/javavscode/netbeans/nbbuild/netbeans/platform/lib/org-openide-modules.jar:/Users/atalati/vscode-extension/main-repo/javavscode/netbeans/nbbuild/netbeans/platform/lib/org-openide-util-ui.jar:/Users/atalati/vscode-extension/main-repo/javavscode/netbeans/nbbuild/netbeans/java/modules/org-netbeans-api-debugger-jpda.jar:/Users/atalati/vscode-extension/main-repo/javavscode/netbeans/nbbuild/netbeans/ide/modules/org-netbeans-api-debugger.jar:/Users/atalati/vscode-extension/main-repo/javavscode/netbeans/nbbuild/netbeans/platform/modules/org-netbeans-api-annotations-common.jar:/Users/atalati/vscode-extension/main-repo/javavscode/netbeans/nbbuild/netbeans/ide/modules/org-netbeans-modules-projectapi.jar:/Users/atalati/vscode-extension/main-repo/javavscode/netbeans/nbbuild/netbeans/platform/modules/org-netbeans-modules-queries.jar:/Users/atalati/vscode-extension/main-repo/javavscode/netbeans/nbbuild/netbeans/platform/core/org-openide-filesystems.jar:/Users/atalati/vscode-extension/main-repo/javavscode/netbeans/nbbuild/netbeans/platform/lib/org-openide-util.jar:/Users/atalati/vscode-extension/main-repo/javavscode/netbeans/nbbuild/netbeans/platform/lib/org-openide-util-lookup.jar:/Users/atalati/vscode-extension/main-repo/javavscode/netbeans/nbbuild/netbeans/platform/lib/org-openide-modules.jar:/Users/atalati/vscode-extension/main-repo/javavscode/netbeans/nbbuild/netbeans/platform/lib/org-openide-util-ui.jar:/Users/atalati/vscode-extension/main-repo/javavscode/netbeans/nbbuild/netbeans/ide/modules/org-netbeans-api-java-classpath.jar:/Users/atalati/vscode-extension/main-repo/javavscode/netbeans/nbbuild/netbeans/platform/modules/org-netbeans-api-htmlui.jar:/Users/atalati/vscode-extension/main-repo/javavscode/netbeans/nbbuild/netbeans/platform/modules/net-java-html.jar:/Users/atalati/vscode-extension/main-repo/javavscode/netbeans/platform/net.java.html/external/net.java.html-1.8.1.jar:/Users/atalati/vscode-extension/main-repo/javavscode/netbeans/nbbuild/netbeans/platform/modules/net-java-html-boot.jar:/Users/atalati/vscode-extension/main-repo/javavscode/netbeans/platform/net.java.html.boot/external/net.java.html.boot-1.8.1.jar:/Users/atalati/vscode-extension/main-repo/javavscode/netbeans/nbbuild/netbeans/platform/modules/net-java-html-json.jar:/Users/atalati/vscode-extension/main-repo/javavscode/netbeans/platform/net.java.html.json/external/net.java.html.json-1.8.1.jar:/Users/atalati/vscode-extension/main-repo/javavscode/netbeans/nbbuild/netbeans/platform/modules/org-netbeans-html-ko4j.jar:/Users/atalati/vscode-extension/main-repo/javavscode/netbeans/platform/o.n.html.ko4j/external/ko4j-1.8.1.jar:/Users/atalati/vscode-extension/main-repo/javavscode/netbeans/nbbuild/netbeans/platform/modules/org-netbeans-html-xhr4j.jar:/Users/atalati/vscode-extension/main-repo/javavscode/netbeans/platform/o.n.html.xhr4j/external/xhr4j-1.8.1.jar:/Users/atalati/vscode-extension/main-repo/javavscode/netbeans/nbbuild/netbeans/platform/core/org-netbeans-libs-asm.jar:/Users/atalati/vscode-extension/main-repo/javavscode/netbeans/platform/libs.asm/external/asm-9.6.jar:/Users/atalati/vscode-extension/main-repo/javavscode/netbeans/nbbuild/netbeans/platform/core/asm-9.6.jar:/Users/atalati/vscode-extension/main-repo/javavscode/netbeans/platform/libs.asm/external/asm-tree-9.6.jar:/Users/atalati/vscode-extension/main-repo/javavscode/netbeans/nbbuild/netbeans/platform/core/asm-tree-9.6.jar:/Users/atalati/vscode-extension/main-repo/javavscode/netbeans/platform/libs.asm/external/asm-commons-9.6.jar:/Users/atalati/vscode-extension/main-repo/javavscode/netbeans/nbbuild/netbeans/platform/core/asm-commons-9.6.jar:/Users/atalati/vscode-extension/main-repo/javavscode/netbeans/nbbuild/netbeans/platform/modules/org-openide-awt.jar:/Users/atalati/vscode-extension/main-repo/javavscode/netbeans/nbbuild/netbeans/platform/modules/org-netbeans-api-annotations-common.jar:/Users/atalati/vscode-extension/main-repo/javavscode/netbeans/nbbuild/netbeans/platform/core/org-openide-filesystems.jar:/Users/atalati/vscode-extension/main-repo/javavscode/netbeans/nbbuild/netbeans/platform/lib/org-openide-util.jar:/Users/atalati/vscode-extension/main-repo/javavscode/netbeans/nbbuild/netbeans/platform/lib/org-openide-util-lookup.jar:/Users/atalati/vscode-extension/main-repo/javavscode/netbeans/nbbuild/netbeans/platform/lib/org-openide-util-ui.jar:/Users/atalati/vscode-extension/main-repo/javavscode/netbeans/nbbuild/netbeans/platform/modules/org-netbeans-api-io.jar:/Users/atalati/vscode-extension/main-repo/javavscode/netbeans/nbbuild/netbeans/platform/modules/org-netbeans-api-annotations-common.jar:/Users/atalati/vscode-extension/main-repo/javavscode/netbeans/nbbuild/netbeans/platform/modules/org-netbeans-api-intent.jar:/Users/atalati/vscode-extension/main-repo/javavscode/netbeans/nbbuild/netbeans/platform/core/org-openide-filesystems.jar:/Users/atalati/vscode-extension/main-repo/javavscode/netbeans/nbbuild/netbeans/platform/lib/org-openide-util.jar:/Users/atalati/vscode-extension/main-repo/javavscode/netbeans/nbbuild/netbeans/platform/lib/org-openide-util-lookup.jar:/Users/atalati/vscode-extension/main-repo/javavscode/netbeans/nbbuild/netbeans/java/modules/org-netbeans-api-java.jar:/Users/atalati/vscode-extension/main-repo/javavscode/netbeans/nbbuild/netbeans/platform/modules/org-netbeans-api-annotations-common.jar:/Users/atalati/vscode-extension/main-repo/javavscode/netbeans/nbbuild/netbeans/ide/modules/org-netbeans-api-java-classpath.jar:/Users/atalati/vscode-extension/main-repo/javavscode/netbeans/nbbuild/netbeans/platform/core/org-openide-filesystems.jar:/Users/atalati/vscode-extension/main-repo/javavscode/netbeans/nbbuild/netbeans/platform/lib/org-openide-util.jar:/Users/atalati/vscode-extension/main-repo/javavscode/netbeans/nbbuild/netbeans/platform/lib/org-openide-util-lookup.jar:/Users/atalati/vscode-extension/main-repo/javavscode/netbeans/nbbuild/netbeans/platform/lib/org-openide-modules.jar:/Users/atalati/vscode-extension/main-repo/javavscode/netbeans/nbbuild/netbeans/platform/lib/org-openide-util-ui.jar:/Users/atalati/vscode-extension/main-repo/javavscode/netbeans/nbbuild/netbeans/ide/modules/org-netbeans-api-java-classpath.jar:/Users/atalati/vscode-extension/main-repo/javavscode/netbeans/nbbuild/netbeans/platform/modules/org-netbeans-api-annotations-common.jar:/Users/atalati/vscode-extension/main-repo/javavscode/netbeans/nbbuild/netbeans/platform/core/org-openide-filesystems.jar:/Users/atalati/vscode-extension/main-repo/javavscode/netbeans/nbbuild/netbeans/platform/lib/org-openide-util.jar:/Users/atalati/vscode-extension/main-repo/javavscode/netbeans/nbbuild/netbeans/platform/lib/org-openide-util-lookup.jar:/Users/atalati/vscode-extension/main-repo/javavscode/netbeans/nbbuild/netbeans/ide/modules/org-netbeans-api-lsp.jar:/Users/atalati/vscode-extension/main-repo/javavscode/netbeans/nbbuild/netbeans/platform/modules/org-netbeans-api-annotations-common.jar:/Users/atalati/vscode-extension/main-repo/javavscode/netbeans/nbbuild/netbeans/platform/modules/org-netbeans-modules-editor-mimelookup.jar:/Users/atalati/vscode-extension/main-repo/javavscode/netbeans/nbbuild/netbeans/platform/core/org-openide-filesystems.jar:/Users/atalati/vscode-extension/main-repo/javavscode/netbeans/nbbuild/netbeans/platform/lib/org-openide-util.jar:/Users/atalati/vscode-extension/main-repo/javavscode/netbeans/nbbuild/netbeans/platform/lib/org-openide-util-lookup.jar:/Users/atalati/vscode-extension/main-repo/javavscode/netbeans/nbbuild/netbeans/ide/modules/org-netbeans-modules-editor-util.jar:/Users/atalati/vscode-extension/main-repo/javavscode/netbeans/nbbuild/netbeans/platform/modules/org-netbeans-api-progress.jar:/Users/atalati/vscode-extension/main-repo/javavscode/netbeans/nbbuild/netbeans/platform/lib/org-openide-modules.jar:/Users/atalati/vscode-extension/main-repo/javavscode/netbeans/nbbuild/netbeans/platform/lib/org-openide-util-ui.jar:/Users/atalati/vscode-extension/main-repo/javavscode/netbeans/nbbuild/netbeans/platform/lib/org-openide-util.jar:/Users/atalati/vscode-extension/main-repo/javavscode/netbeans/nbbuild/netbeans/platform/lib/org-openide-util-lookup.jar:/Users/atalati/vscode-extension/main-repo/javavscode/netbeans/nbbuild/netbeans/platform/modules/org-netbeans-api-templates.jar:/Users/atalati/vscode-extension/main-repo/javavscode/netbeans/nbbuild/netbeans/platform/modules/org-netbeans-api-annotations-common.jar:/Users/atalati/vscode-extension/main-repo/javavscode/netbeans/nbbuild/netbeans/platform/modules/org-netbeans-api-scripting.jar:/Users/atalati/vscode-extension/main-repo/javavscode/netbeans/nbbuild/netbeans/platform/lib/org-openide-util-lookup.jar:/Users/atalati/vscode-extension/main-repo/javavscode/netbeans/nbbuild/netbeans/platform/modules/org-netbeans-modules-queries.jar:/Users/atalati/vscode-extension/main-repo/javavscode/netbeans/nbbuild/netbeans/platform/core/org-openide-filesystems.jar:/Users/atalati/vscode-extension/main-repo/javavscode/netbeans/nbbuild/netbeans/platform/lib/org-openide-util.jar:/Users/atalati/vscode-extension/main-repo/javavscode/netbeans/nbbuild/netbeans/platform/modules/org-netbeans-html-presenters-spi.jar:/Users/atalati/vscode-extension/main-repo/javavscode/netbeans/platform/o.n.html.presenters.spi/external/generic-1.8.1.jar:/Users/atalati/vscode-extension/main-repo/javavscode/netbeans/platform/o.n.html.presenters.spi/external/generic-1.8.1.jar:/Users/atalati/vscode-extension/main-repo/javavscode/netbeans/nbbuild/netbeans/platform/modules/org-netbeans-html-presenters-spi.jar:/Users/atalati/vscode-extension/main-repo/javavscode/netbeans/nbbuild/netbeans/ide/modules/org-netbeans-libs-flexmark.jar:/Users/atalati/vscode-extension/main-repo/javavscode/netbeans/ide/libs.flexmark/external/flexmark-html2md-converter-0.64.8.jar:/Users/atalati/vscode-extension/main-repo/javavscode/netbeans/nbbuild/netbeans/ide/modules/ext/flexmark-html2md-converter-0.64.8.jar:/Users/atalati/vscode-extension/main-repo/javavscode/netbeans/ide/libs.flexmark/external/jsoup-1.15.4.jar:/Users/atalati/vscode-extension/main-repo/javavscode/netbeans/nbbuild/netbeans/ide/modules/ext/jsoup-1.15.4.jar:/Users/atalati/vscode-extension/main-repo/javavscode/netbeans/ide/libs.flexmark/external/flexmark-util-ast-0.64.8.jar:/Users/atalati/vscode-extension/main-repo/javavscode/netbeans/nbbuild/netbeans/ide/modules/ext/flexmark-util-ast-0.64.8.jar:/Users/atalati/vscode-extension/main-repo/javavscode/netbeans/ide/libs.flexmark/external/flexmark-util-builder-0.64.8.jar:/Users/atalati/vscode-extension/main-repo/javavscode/netbeans/nbbuild/netbeans/ide/modules/ext/flexmark-util-builder-0.64.8.jar:/Users/atalati/vscode-extension/main-repo/javavscode/netbeans/ide/libs.flexmark/external/flexmark-util-collection-0.64.8.jar:/Users/atalati/vscode-extension/main-repo/javavscode/netbeans/nbbuild/netbeans/ide/modules/ext/flexmark-util-collection-0.64.8.jar:/Users/atalati/vscode-extension/main-repo/javavscode/netbeans/ide/libs.flexmark/external/flexmark-util-data-0.64.8.jar:/Users/atalati/vscode-extension/main-repo/javavscode/netbeans/nbbuild/netbeans/ide/modules/ext/flexmark-util-data-0.64.8.jar:/Users/atalati/vscode-extension/main-repo/javavscode/netbeans/ide/libs.flexmark/external/flexmark-util-dependency-0.64.8.jar:/Users/atalati/vscode-extension/main-repo/javavscode/netbeans/nbbuild/netbeans/ide/modules/ext/flexmark-util-dependency-0.64.8.jar:/Users/atalati/vscode-extension/main-repo/javavscode/netbeans/ide/libs.flexmark/external/flexmark-util-format-0.64.8.jar:/Users/atalati/vscode-extension/main-repo/javavscode/netbeans/nbbuild/netbeans/ide/modules/ext/flexmark-util-format-0.64.8.jar:/Users/atalati/vscode-extension/main-repo/javavscode/netbeans/ide/libs.flexmark/external/flexmark-util-html-0.64.8.jar:/Users/atalati/vscode-extension/main-repo/javavscode/netbeans/nbbuild/netbeans/ide/modules/ext/flexmark-util-html-0.64.8.jar:/Users/atalati/vscode-extension/main-repo/javavscode/netbeans/ide/libs.flexmark/external/flexmark-util-misc-0.64.8.jar:/Users/atalati/vscode-extension/main-repo/javavscode/netbeans/nbbuild/netbeans/ide/modules/ext/flexmark-util-misc-0.64.8.jar:/Users/atalati/vscode-extension/main-repo/javavscode/netbeans/ide/libs.flexmark/external/flexmark-util-sequence-0.64.8.jar:/Users/atalati/vscode-extension/main-repo/javavscode/netbeans/nbbuild/netbeans/ide/modules/ext/flexmark-util-sequence-0.64.8.jar:/Users/atalati/vscode-extension/main-repo/javavscode/netbeans/ide/libs.flexmark/external/flexmark-util-visitor-0.64.8.jar:/Users/atalati/vscode-extension/main-repo/javavscode/netbeans/nbbuild/netbeans/ide/modules/ext/flexmark-util-visitor-0.64.8.jar:/Users/atalati/vscode-extension/main-repo/javavscode/netbeans/ide/libs.flexmark/external/flexmark-ext-emoji-0.64.8.jar:/Users/atalati/vscode-extension/main-repo/javavscode/netbeans/nbbuild/netbeans/ide/modules/ext/flexmark-ext-emoji-0.64.8.jar:/Users/atalati/vscode-extension/main-repo/javavscode/netbeans/ide/libs.flexmark/external/flexmark-ext-anchorlink-0.64.8.jar:/Users/atalati/vscode-extension/main-repo/javavscode/netbeans/nbbuild/netbeans/ide/modules/ext/flexmark-ext-anchorlink-0.64.8.jar:/Users/atalati/vscode-extension/main-repo/javavscode/netbeans/ide/libs.flexmark/external/flexmark-ext-tables-0.64.8.jar:/Users/atalati/vscode-extension/main-repo/javavscode/netbeans/nbbuild/netbeans/ide/modules/ext/flexmark-ext-tables-0.64.8.jar:/Users/atalati/vscode-extension/main-repo/javavscode/netbeans/ide/libs.flexmark/external/flexmark-0.64.8.jar:/Users/atalati/vscode-extension/main-repo/javavscode/netbeans/nbbuild/netbeans/ide/modules/ext/flexmark-0.64.8.jar:/Users/atalati/vscode-extension/main-repo/javavscode/netbeans/ide/libs.flexmark/external/flexmark-ext-gfm-tasklist-0.64.8.jar:/Users/atalati/vscode-extension/main-repo/javavscode/netbeans/nbbuild/netbeans/ide/modules/ext/flexmark-ext-gfm-tasklist-0.64.8.jar:/Users/atalati/vscode-extension/main-repo/javavscode/netbeans/ide/libs.flexmark/external/flexmark-html2md-converter-0.64.8.jar:/Users/atalati/vscode-extension/main-repo/javavscode/netbeans/nbbuild/netbeans/ide/modules/ext/flexmark-html2md-converter-0.64.8.jar:/Users/atalati/vscode-extension/main-repo/javavscode/netbeans/ide/libs.flexmark/external/jsoup-1.15.4.jar:/Users/atalati/vscode-extension/main-repo/javavscode/netbeans/nbbuild/netbeans/ide/modules/ext/jsoup-1.15.4.jar:/Users/atalati/vscode-extension/main-repo/javavscode/netbeans/ide/libs.flexmark/external/flexmark-util-ast-0.64.8.jar:/Users/atalati/vscode-extension/main-repo/javavscode/netbeans/nbbuild/netbeans/ide/modules/ext/flexmark-util-ast-0.64.8.jar:/Users/atalati/vscode-extension/main-repo/javavscode/netbeans/ide/libs.flexmark/external/flexmark-util-builder-0.64.8.jar:/Users/atalati/vscode-extension/main-repo/javavscode/netbeans/nbbuild/netbeans/ide/modules/ext/flexmark-util-builder-0.64.8.jar:/Users/atalati/vscode-extension/main-repo/javavscode/netbeans/ide/libs.flexmark/external/flexmark-util-collection-0.64.8.jar:/Users/atalati/vscode-extension/main-repo/javavscode/netbeans/nbbuild/netbeans/ide/modules/ext/flexmark-util-collection-0.64.8.jar:/Users/atalati/vscode-extension/main-repo/javavscode/netbeans/ide/libs.flexmark/external/flexmark-util-data-0.64.8.jar:/Users/atalati/vscode-extension/main-repo/javavscode/netbeans/nbbuild/netbeans/ide/modules/ext/flexmark-util-data-0.64.8.jar:/Users/atalati/vscode-extension/main-repo/javavscode/netbeans/ide/libs.flexmark/external/flexmark-util-dependency-0.64.8.jar:/Users/atalati/vscode-extension/main-repo/javavscode/netbeans/nbbuild/netbeans/ide/modules/ext/flexmark-util-dependency-0.64.8.jar:/Users/atalati/vscode-extension/main-repo/javavscode/netbeans/ide/libs.flexmark/external/flexmark-util-format-0.64.8.jar:/Users/atalati/vscode-extension/main-repo/javavscode/netbeans/nbbuild/netbeans/ide/modules/ext/flexmark-util-format-0.64.8.jar:/Users/atalati/vscode-extension/main-repo/javavscode/netbeans/ide/libs.flexmark/external/flexmark-util-html-0.64.8.jar:/Users/atalati/vscode-extension/main-repo/javavscode/netbeans/nbbuild/netbeans/ide/modules/ext/flexmark-util-html-0.64.8.jar:/Users/atalati/vscode-extension/main-repo/javavscode/netbeans/ide/libs.flexmark/external/flexmark-util-misc-0.64.8.jar:/Users/atalati/vscode-extension/main-repo/javavscode/netbeans/nbbuild/netbeans/ide/modules/ext/flexmark-util-misc-0.64.8.jar:/Users/atalati/vscode-extension/main-repo/javavscode/netbeans/ide/libs.flexmark/external/flexmark-util-sequence-0.64.8.jar:/Users/atalati/vscode-extension/main-repo/javavscode/netbeans/nbbuild/netbeans/ide/modules/ext/flexmark-util-sequence-0.64.8.jar:/Users/atalati/vscode-extension/main-repo/javavscode/netbeans/ide/libs.flexmark/external/flexmark-util-visitor-0.64.8.jar:/Users/atalati/vscode-extension/main-repo/javavscode/netbeans/nbbuild/netbeans/ide/modules/ext/flexmark-util-visitor-0.64.8.jar:/Users/atalati/vscode-extension/main-repo/javavscode/netbeans/ide/libs.flexmark/external/flexmark-ext-emoji-0.64.8.jar:/Users/atalati/vscode-extension/main-repo/javavscode/netbeans/nbbuild/netbeans/ide/modules/ext/flexmark-ext-emoji-0.64.8.jar:/Users/atalati/vscode-extension/main-repo/javavscode/netbeans/ide/libs.flexmark/external/flexmark-ext-anchorlink-0.64.8.jar:/Users/atalati/vscode-extension/main-repo/javavscode/netbeans/nbbuild/netbeans/ide/modules/ext/flexmark-ext-anchorlink-0.64.8.jar:/Users/atalati/vscode-extension/main-repo/javavscode/netbeans/ide/libs.flexmark/external/flexmark-ext-tables-0.64.8.jar:/Users/atalati/vscode-extension/main-repo/javavscode/netbeans/nbbuild/netbeans/ide/modules/ext/flexmark-ext-tables-0.64.8.jar:/Users/atalati/vscode-extension/main-repo/javavscode/netbeans/ide/libs.flexmark/external/flexmark-0.64.8.jar:/Users/atalati/vscode-extension/main-repo/javavscode/netbeans/nbbuild/netbeans/ide/modules/ext/flexmark-0.64.8.jar:/Users/atalati/vscode-extension/main-repo/javavscode/netbeans/ide/libs.flexmark/external/flexmark-ext-gfm-tasklist-0.64.8.jar:/Users/atalati/vscode-extension/main-repo/javavscode/netbeans/nbbuild/netbeans/ide/modules/ext/flexmark-ext-gfm-tasklist-0.64.8.jar:/Users/atalati/vscode-extension/main-repo/javavscode/netbeans/nbbuild/netbeans/java/modules/org-netbeans-libs-javacapi.jar:/Users/atalati/vscode-extension/main-repo/javavscode/netbeans/java/libs.javacapi/external/nb-javac-jdk-22+33-api.jar:/Users/atalati/vscode-extension/main-repo/javavscode/netbeans/java/libs.javacapi/external/nb-javac-jdk-22+33.jar:/Users/atalati/vscode-extension/main-repo/javavscode/netbeans/java/libs.javacapi/external/nb-javac-jdk-22+33-api.jar:/Users/atalati/vscode-extension/main-repo/javavscode/netbeans/java/libs.javacapi/external/nb-javac-jdk-22+33.jar:/Users/atalati/vscode-extension/main-repo/javavscode/netbeans/nbbuild/netbeans/ide/modules/org-netbeans-modules-csl-api.jar:/Users/atalati/vscode-extension/main-repo/javavscode/netbeans/nbbuild/netbeans/platform/modules/org-netbeans-api-annotations-common.jar:/Users/atalati/vscode-extension/main-repo/javavscode/netbeans/nbbuild/netbeans/ide/modules/org-netbeans-api-java-classpath.jar:/Users/atalati/vscode-extension/main-repo/javavscode/netbeans/nbbuild/netbeans/platform/core/org-openide-filesystems.jar:/Users/atalati/vscode-extension/main-repo/javavscode/netbeans/nbbuild/netbeans/platform/lib/org-openide-util.jar:/Users/atalati/vscode-extension/main-repo/javavscode/netbeans/nbbuild/netbeans/platform/lib/org-openide-util-lookup.jar:/Users/atalati/vscode-extension/main-repo/javavscode/netbeans/nbbuild/netbeans/ide/modules/org-netbeans-api-lsp.jar:/Users/atalati/vscode-extension/main-repo/javavscode/netbeans/nbbuild/netbeans/platform/modules/org-netbeans-modules-editor-mimelookup.jar:/Users/atalati/vscode-extension/main-repo/javavscode/netbeans/nbbuild/netbeans/ide/modules/org-netbeans-modules-editor-util.jar:/Users/atalati/vscode-extension/main-repo/javavscode/netbeans/nbbuild/netbeans/platform/modules/org-netbeans-api-progress.jar:/Users/atalati/vscode-extension/main-repo/javavscode/netbeans/nbbuild/netbeans/platform/lib/org-openide-modules.jar:/Users/atalati/vscode-extension/main-repo/javavscode/netbeans/nbbuild/netbeans/platform/lib/org-openide-util-ui.jar:/Users/atalati/vscode-extension/main-repo/javavscode/netbeans/nbbuild/netbeans/platform/modules/org-netbeans-core-multiview.jar:/Users/atalati/vscode-extension/main-repo/javavscode/netbeans/nbbuild/netbeans/platform/modules/org-openide-awt.jar:/Users/atalati/vscode-extension/main-repo/javavscode/netbeans/nbbuild/netbeans/platform/modules/org-openide-dialogs.jar:/Users/atalati/vscode-extension/main-repo/javavscode/netbeans/nbbuild/netbeans/platform/modules/org-netbeans-api-progress-nb.jar:/Users/atalati/vscode-extension/main-repo/javavscode/netbeans/nbbuild/netbeans/platform/modules/org-openide-nodes.jar:/Users/atalati/vscode-extension/main-repo/javavscode/netbeans/nbbuild/netbeans/platform/modules/org-openide-text.jar:/Users/atalati/vscode-extension/main-repo/javavscode/netbeans/nbbuild/netbeans/platform/modules/org-openide-windows.jar:/Users/atalati/vscode-extension/main-repo/javavscode/netbeans/nbbuild/netbeans/ide/modules/org-netbeans-libs-lucene.jar:/Users/atalati/vscode-extension/main-repo/javavscode/netbeans/ide/libs.lucene/external/lucene-core-3.6.2.jar:/Users/atalati/vscode-extension/main-repo/javavscode/netbeans/nbbuild/netbeans/ide/modules/ext/lucene-core-3.6.2.jar:/Users/atalati/vscode-extension/main-repo/javavscode/netbeans/nbbuild/netbeans/ide/modules/org-netbeans-modules-csl-types.jar:/Users/atalati/vscode-extension/main-repo/javavscode/netbeans/nbbuild/netbeans/ide/modules/org-netbeans-modules-parsing-api.jar:/Users/atalati/vscode-extension/main-repo/javavscode/netbeans/nbbuild/netbeans/ide/modules/org-netbeans-modules-editor-document.jar:/Users/atalati/vscode-extension/main-repo/javavscode/netbeans/nbbuild/netbeans/ide/modules/org-netbeans-modules-lexer.jar:/Users/atalati/vscode-extension/main-repo/javavscode/netbeans/nbbuild/netbeans/ide/modules/org-netbeans-modules-parsing-lucene.jar:/Users/atalati/vscode-extension/main-repo/javavscode/netbeans/nbbuild/netbeans/platform/modules/org-netbeans-modules-masterfs.jar:/Users/atalati/vscode-extension/main-repo/javavscode/netbeans/nbbuild/netbeans/platform/modules/org-netbeans-modules-queries.jar:/Users/atalati/vscode-extension/main-repo/javavscode/netbeans/nbbuild/netbeans/ide/modules/org-netbeans-modules-projectapi.jar:/Users/atalati/vscode-extension/main-repo/javavscode/netbeans/nbbuild/netbeans/ide/modules/org-netbeans-modules-diff.jar:/Users/atalati/vscode-extension/main-repo/javavscode/netbeans/nbbuild/netbeans/ide/modules/org-netbeans-modules-editor-errorstripe.jar:/Users/atalati/vscode-extension/main-repo/javavscode/netbeans/nbbuild/netbeans/ide/modules/org-netbeans-modules-editor-errorstripe-api.jar:/Users/atalati/vscode-extension/main-repo/javavscode/netbeans/nbbuild/netbeans/ide/modules/org-netbeans-modules-editor-fold.jar:/Users/atalati/vscode-extension/main-repo/javavscode/netbeans/nbbuild/netbeans/ide/modules/org-netbeans-modules-editor-settings.jar:/Users/atalati/vscode-extension/main-repo/javavscode/netbeans/nbbuild/netbeans/ide/modules/org-netbeans-modules-editor-settings-lib.jar:/Users/atalati/vscode-extension/main-repo/javavscode/netbeans/nbbuild/netbeans/ide/modules/org-netbeans-modules-editor-lib.jar:/Users/atalati/vscode-extension/main-repo/javavscode/netbeans/nbbuild/netbeans/ide/modules/org-netbeans-modules-editor-guards.jar:/Users/atalati/vscode-extension/main-repo/javavscode/netbeans/nbbuild/netbeans/ide/modules/org-netbeans-modules-editor-indent.jar:/Users/atalati/vscode-extension/main-repo/javavscode/netbeans/nbbuild/netbeans/ide/modules/org-netbeans-modules-editor-lib2.jar:/Users/atalati/vscode-extension/main-repo/javavscode/netbeans/nbbuild/netbeans/platform/modules/org-openide-loaders.jar:/Users/atalati/vscode-extension/main-repo/javavscode/netbeans/nbbuild/netbeans/platform/modules/org-netbeans-api-scripting.jar:/Users/atalati/vscode-extension/main-repo/javavscode/netbeans/nbbuild/netbeans/platform/modules/org-netbeans-api-templates.jar:/Users/atalati/vscode-extension/main-repo/javavscode/netbeans/nbbuild/netbeans/platform/modules/org-openide-actions.jar:/Users/atalati/vscode-extension/main-repo/javavscode/netbeans/nbbuild/netbeans/platform/modules/org-openide-explorer.jar:/Users/atalati/vscode-extension/main-repo/javavscode/netbeans/nbbuild/netbeans/platform/modules/org-netbeans-swing-outline.jar:/Users/atalati/vscode-extension/main-repo/javavscode/netbeans/nbbuild/netbeans/platform/modules/org-netbeans-swing-tabcontrol.jar:/Users/atalati/vscode-extension/main-repo/javavscode/netbeans/nbbuild/netbeans/platform/modules/org-openide-filesystems-nb.jar:/Users/atalati/vscode-extension/main-repo/javavscode/netbeans/nbbuild/netbeans/platform/modules/org-netbeans-modules-options-api.jar:/Users/atalati/vscode-extension/main-repo/javavscode/netbeans/nbbuild/netbeans/platform/modules/org-netbeans-core.jar:/Users/atalati/vscode-extension/main-repo/javavscode/netbeans/nbbuild/netbeans/platform/lib/boot.jar:/Users/atalati/vscode-extension/main-repo/javavscode/netbeans/nbbuild/netbeans/platform/core/core.jar:/Users/atalati/vscode-extension/main-repo/javavscode/netbeans/nbbuild/netbeans/platform/core/org-netbeans-libs-asm.jar:/Users/atalati/vscode-extension/main-repo/javavscode/netbeans/platform/libs.asm/external/asm-9.6.jar:/Users/atalati/vscode-extension/main-repo/javavscode/netbeans/nbbuild/netbeans/platform/core/asm-9.6.jar:/Users/atalati/vscode-extension/main-repo/javavscode/netbeans/platform/libs.asm/external/asm-tree-9.6.jar:/Users/atalati/vscode-extension/main-repo/javavscode/netbeans/nbbuild/netbeans/platform/core/asm-tree-9.6.jar:/Users/atalati/vscode-extension/main-repo/javavscode/netbeans/platform/libs.asm/external/asm-commons-9.6.jar:/Users/atalati/vscode-extension/main-repo/javavscode/netbeans/nbbuild/netbeans/platform/core/asm-commons-9.6.jar:/Users/atalati/vscode-extension/main-repo/javavscode/netbeans/nbbuild/netbeans/platform/core/core-base.jar:/Users/atalati/vscode-extension/main-repo/javavscode/netbeans/nbbuild/netbeans/platform/modules/org-netbeans-modules-keyring.jar:/Users/atalati/vscode-extension/main-repo/javavscode/netbeans/nbbuild/netbeans/platform/modules/org-netbeans-modules-sampler.jar:/Users/atalati/vscode-extension/main-repo/javavscode/netbeans/nbbuild/netbeans/platform/modules/org-netbeans-swing-plaf.jar:/Users/atalati/vscode-extension/main-repo/javavscode/netbeans/nbbuild/netbeans/platform/modules/org-openide-io.jar:/Users/atalati/vscode-extension/main-repo/javavscode/netbeans/nbbuild/netbeans/platform/modules/org-netbeans-api-intent.jar:/Users/atalati/vscode-extension/main-repo/javavscode/netbeans/nbbuild/netbeans/platform/modules/org-netbeans-api-io.jar:/Users/atalati/vscode-extension/main-repo/javavscode/netbeans/nbbuild/netbeans/platform/modules/org-netbeans-spi-quicksearch.jar:/Users/atalati/vscode-extension/main-repo/javavscode/netbeans/nbbuild/netbeans/ide/modules/org-netbeans-modules-options-editor.jar:/Users/atalati/vscode-extension/main-repo/javavscode/netbeans/nbbuild/netbeans/ide/modules/org-netbeans-modules-editor.jar:/Users/atalati/vscode-extension/main-repo/javavscode/netbeans/nbbuild/netbeans/ide/modules/org-netbeans-modules-editor-fold-nbui.jar:/Users/atalati/vscode-extension/main-repo/javavscode/netbeans/nbbuild/netbeans/ide/modules/org-netbeans-modules-editor-settings-storage.jar:/Users/atalati/vscode-extension/main-repo/javavscode/netbeans/nbbuild/netbeans/platform/modules/org-netbeans-modules-options-keymap.jar:/Users/atalati/vscode-extension/main-repo/javavscode/netbeans/nbbuild/netbeans/ide/modules/org-netbeans-modules-editor-actions.jar:/Users/atalati/vscode-extension/main-repo/javavscode/netbeans/nbbuild/netbeans/ide/modules/org-netbeans-modules-editor-breadcrumbs.jar:/Users/atalati/vscode-extension/main-repo/javavscode/netbeans/nbbuild/netbeans/ide/modules/org-netbeans-modules-editor-codetemplates.jar:/Users/atalati/vscode-extension/main-repo/javavscode/netbeans/nbbuild/netbeans/ide/modules/org-netbeans-modules-editor-completion.jar:/Users/atalati/vscode-extension/main-repo/javavscode/netbeans/nbbuild/netbeans/ide/modules/org-netbeans-spi-editor-hints.jar:/Users/atalati/vscode-extension/main-repo/javavscode/netbeans/nbbuild/netbeans/ide/modules/org-netbeans-modules-jumpto.jar:/Users/atalati/vscode-extension/main-repo/javavscode/netbeans/nbbuild/netbeans/platform/modules/org-netbeans-api-search.jar:/Users/atalati/vscode-extension/main-repo/javavscode/netbeans/nbbuild/netbeans/platform/modules/org-netbeans-core-ui.jar:/Users/atalati/vscode-extension/main-repo/javavscode/netbeans/nbbuild/netbeans/ide/modules/org-netbeans-modules-parsing-indexing.jar:/Users/atalati/vscode-extension/main-repo/javavscode/netbeans/nbbuild/netbeans/ide/modules/org-netbeans-modules-project-indexingbridge.jar:/Users/atalati/vscode-extension/main-repo/javavscode/netbeans/nbbuild/netbeans/ide/modules/org-netbeans-modules-projectuiapi-base.jar:/Users/atalati/vscode-extension/main-repo/javavscode/netbeans/nbbuild/netbeans/ide/modules/org-netbeans-spi-tasklist.jar:/Users/atalati/vscode-extension/main-repo/javavscode/netbeans/nbbuild/netbeans/ide/modules/org-netbeans-modules-refactoring-api.jar:/Users/atalati/vscode-extension/main-repo/javavscode/netbeans/nbbuild/netbeans/ide/modules/org-netbeans-spi-navigator.jar:/Users/atalati/vscode-extension/main-repo/javavscode/netbeans/nbbuild/netbeans/ide/modules/org-netbeans-modules-csl-types.jar:/Users/atalati/vscode-extension/main-repo/javavscode/netbeans/nbbuild/netbeans/platform/modules/org-netbeans-api-annotations-common.jar:/Users/atalati/vscode-extension/main-repo/javavscode/netbeans/nbbuild/netbeans/ide/modules/org-netbeans-modules-parsing-api.jar:/Users/atalati/vscode-extension/main-repo/javavscode/netbeans/nbbuild/netbeans/ide/modules/org-netbeans-api-java-classpath.jar:/Users/atalati/vscode-extension/main-repo/javavscode/netbeans/nbbuild/netbeans/platform/core/org-openide-filesystems.jar:/Users/atalati/vscode-extension/main-repo/javavscode/netbeans/nbbuild/netbeans/platform/lib/org-openide-util.jar:/Users/atalati/vscode-extension/main-repo/javavscode/netbeans/nbbuild/netbeans/platform/lib/org-openide-util-lookup.jar:/Users/atalati/vscode-extension/main-repo/javavscode/netbeans/nbbuild/netbeans/ide/modules/org-netbeans-modules-editor-document.jar:/Users/atalati/vscode-extension/main-repo/javavscode/netbeans/nbbuild/netbeans/platform/modules/org-netbeans-modules-editor-mimelookup.jar:/Users/atalati/vscode-extension/main-repo/javavscode/netbeans/nbbuild/netbeans/ide/modules/org-netbeans-modules-editor-util.jar:/Users/atalati/vscode-extension/main-repo/javavscode/netbeans/nbbuild/netbeans/ide/modules/org-netbeans-modules-lexer.jar:/Users/atalati/vscode-extension/main-repo/javavscode/netbeans/nbbuild/netbeans/platform/lib/org-openide-util-ui.jar:/Users/atalati/vscode-extension/main-repo/javavscode/netbeans/nbbuild/netbeans/ide/modules/org-netbeans-modules-parsing-lucene.jar:/Users/atalati/vscode-extension/main-repo/javavscode/netbeans/nbbuild/netbeans/ide/modules/org-netbeans-libs-lucene.jar:/Users/atalati/vscode-extension/main-repo/javavscode/netbeans/ide/libs.lucene/external/lucene-core-3.6.2.jar:/Users/atalati/vscode-extension/main-repo/javavscode/netbeans/nbbuild/netbeans/ide/modules/ext/lucene-core-3.6.2.jar:/Users/atalati/vscode-extension/main-repo/javavscode/netbeans/nbbuild/netbeans/platform/modules/org-netbeans-modules-masterfs.jar:/Users/atalati/vscode-extension/main-repo/javavscode/netbeans/nbbuild/netbeans/platform/modules/org-netbeans-modules-queries.jar:/Users/atalati/vscode-extension/main-repo/javavscode/netbeans/nbbuild/netbeans/platform/lib/org-openide-modules.jar:/Users/atalati/vscode-extension/main-repo/javavscode/netbeans/nbbuild/netbeans/ide/modules/org-netbeans-modules-projectapi.jar:/Users/atalati/vscode-extension/main-repo/javavscode/netbeans/nbbuild/netbeans/ide/modules/org-netbeans-modules-db.jar:/Users/atalati/vscode-extension/main-repo/javavscode/netbeans/nbbuild/netbeans/ide/modules/ext/ddl.jar:/Users/atalati/vscode-extension/main-repo/javavscode/netbeans/nbbuild/netbeans/platform/modules/org-netbeans-api-progress.jar:/Users/atalati/vscode-extension/main-repo/javavscode/netbeans/nbbuild/netbeans/platform/lib/org-openide-modules.jar:/Users/atalati/vscode-extension/main-repo/javavscode/netbeans/nbbuild/netbeans/platform/lib/org-openide-util-ui.jar:/Users/atalati/vscode-extension/main-repo/javavscode/netbeans/nbbuild/netbeans/platform/lib/org-openide-util.jar:/Users/atalati/vscode-extension/main-repo/javavscode/netbeans/nbbuild/netbeans/platform/lib/org-openide-util-lookup.jar:/Users/atalati/vscode-extension/main-repo/javavscode/netbeans/nbbuild/netbeans/platform/modules/org-netbeans-api-progress-nb.jar:/Users/atalati/vscode-extension/main-repo/javavscode/netbeans/nbbuild/netbeans/platform/modules/org-openide-awt.jar:/Users/atalati/vscode-extension/main-repo/javavscode/netbeans/nbbuild/netbeans/platform/modules/org-netbeans-api-annotations-common.jar:/Users/atalati/vscode-extension/main-repo/javavscode/netbeans/nbbuild/netbeans/platform/core/org-openide-filesystems.jar:/Users/atalati/vscode-extension/main-repo/javavscode/netbeans/nbbuild/netbeans/ide/modules/org-netbeans-core-ide.jar:/Users/atalati/vscode-extension/main-repo/javavscode/netbeans/nbbuild/netbeans/platform/modules/org-netbeans-core-ui.jar:/Users/atalati/vscode-extension/main-repo/javavscode/netbeans/nbbuild/netbeans/platform/modules/org-netbeans-core.jar:/Users/atalati/vscode-extension/main-repo/javavscode/netbeans/nbbuild/netbeans/platform/lib/boot.jar:/Users/atalati/vscode-extension/main-repo/javavscode/netbeans/nbbuild/netbeans/platform/core/core.jar:/Users/atalati/vscode-extension/main-repo/javavscode/netbeans/nbbuild/netbeans/platform/core/org-netbeans-libs-asm.jar:/Users/atalati/vscode-extension/main-repo/javavscode/netbeans/platform/libs.asm/external/asm-9.6.jar:/Users/atalati/vscode-extension/main-repo/javavscode/netbeans/nbbuild/netbeans/platform/core/asm-9.6.jar:/Users/atalati/vscode-extension/main-repo/javavscode/netbeans/platform/libs.asm/external/asm-tree-9.6.jar:/Users/atalati/vscode-extension/main-repo/javavscode/netbeans/nbbuild/netbeans/platform/core/asm-tree-9.6.jar:/Users/atalati/vscode-extension/main-repo/javavscode/netbeans/platform/libs.asm/external/asm-commons-9.6.jar:/Users/atalati/vscode-extension/main-repo/javavscode/netbeans/nbbuild/netbeans/platform/core/asm-commons-9.6.jar:/Users/atalati/vscode-extension/main-repo/javavscode/netbeans/nbbuild/netbeans/platform/core/core-base.jar:/Users/atalati/vscode-extension/main-repo/javavscode/netbeans/nbbuild/netbeans/platform/modules/org-netbeans-modules-keyring.jar:/Users/atalati/vscode-extension/main-repo/javavscode/netbeans/nbbuild/netbeans/platform/modules/org-netbeans-modules-sampler.jar:/Users/atalati/vscode-extension/main-repo/javavscode/netbeans/nbbuild/netbeans/platform/modules/org-netbeans-swing-plaf.jar:/Users/atalati/vscode-extension/main-repo/javavscode/netbeans/nbbuild/netbeans/platform/modules/org-openide-actions.jar:/Users/atalati/vscode-extension/main-repo/javavscode/netbeans/nbbuild/netbeans/platform/modules/org-openide-dialogs.jar:/Users/atalati/vscode-extension/main-repo/javavscode/netbeans/nbbuild/netbeans/platform/modules/org-openide-explorer.jar:/Users/atalati/vscode-extension/main-repo/javavscode/netbeans/nbbuild/netbeans/platform/modules/org-netbeans-swing-outline.jar:/Users/atalati/vscode-extension/main-repo/javavscode/netbeans/nbbuild/netbeans/platform/modules/org-netbeans-swing-tabcontrol.jar:/Users/atalati/vscode-extension/main-repo/javavscode/netbeans/nbbuild/netbeans/platform/modules/org-openide-windows.jar:/Users/atalati/vscode-extension/main-repo/javavscode/netbeans/nbbuild/netbeans/platform/modules/org-openide-nodes.jar:/Users/atalati/vscode-extension/main-repo/javavscode/netbeans/nbbuild/netbeans/platform/modules/org-openide-text.jar:/Users/atalati/vscode-extension/main-repo/javavscode/netbeans/nbbuild/netbeans/platform/modules/org-netbeans-modules-editor-mimelookup.jar:/Users/atalati/vscode-extension/main-repo/javavscode/netbeans/nbbuild/netbeans/platform/modules/org-openide-io.jar:/Users/atalati/vscode-extension/main-repo/javavscode/netbeans/nbbuild/netbeans/platform/modules/org-netbeans-api-intent.jar:/Users/atalati/vscode-extension/main-repo/javavscode/netbeans/nbbuild/netbeans/platform/modules/org-netbeans-api-io.jar:/Users/atalati/vscode-extension/main-repo/javavscode/netbeans/nbbuild/netbeans/platform/modules/org-openide-loaders.jar:/Users/atalati/vscode-extension/main-repo/javavscode/netbeans/nbbuild/netbeans/platform/modules/org-netbeans-api-scripting.jar:/Users/atalati/vscode-extension/main-repo/javavscode/netbeans/nbbuild/netbeans/platform/modules/org-netbeans-api-templates.jar:/Users/atalati/vscode-extension/main-repo/javavscode/netbeans/nbbuild/netbeans/platform/modules/org-netbeans-modules-queries.jar:/Users/atalati/vscode-extension/main-repo/javavscode/netbeans/nbbuild/netbeans/platform/modules/org-openide-filesystems-nb.jar:/Users/atalati/vscode-extension/main-repo/javavscode/netbeans/nbbuild/netbeans/platform/modules/org-netbeans-modules-options-api.jar:/Users/atalati/vscode-extension/main-repo/javavscode/netbeans/nbbuild/netbeans/platform/modules/org-netbeans-spi-quicksearch.jar:/Users/atalati/vscode-extension/main-repo/javavscode/netbeans/nbbuild/netbeans/ide/modules/org-netbeans-modules-db-metadata-model.jar:/Users/atalati/vscode-extension/main-repo/javavscode/netbeans/nbbuild/netbeans/platform/modules/org-netbeans-modules-javahelp.jar:/Users/atalati/vscode-extension/main-repo/javavscode/netbeans/platform/javahelp/external/jhall-2.0_05.jar:/Users/atalati/vscode-extension/main-repo/javavscode/netbeans/nbbuild/netbeans/ide/modules/org-netbeans-modules-project-libraries.jar:/Users/atalati/vscode-extension/main-repo/javavscode/netbeans/nbbuild/netbeans/ide/modules/org-netbeans-modules-projectapi.jar:/Users/atalati/vscode-extension/main-repo/javavscode/netbeans/nbbuild/netbeans/ide/modules/ext/ddl.jar:/Users/atalati/vscode-extension/main-repo/javavscode/netbeans/nbbuild/netbeans/java/modules/org-netbeans-modules-debugger-jpda-truffle.jar:/Users/atalati/vscode-extension/main-repo/javavscode/netbeans/nbbuild/netbeans/ide/modules/org-netbeans-api-debugger.jar:/Users/atalati/vscode-extension/main-repo/javavscode/netbeans/nbbuild/netbeans/platform/modules/org-netbeans-api-annotations-common.jar:/Users/atalati/vscode-extension/main-repo/javavscode/netbeans/nbbuild/netbeans/ide/modules/org-netbeans-modules-projectapi.jar:/Users/atalati/vscode-extension/main-repo/javavscode/netbeans/nbbuild/netbeans/platform/modules/org-netbeans-modules-queries.jar:/Users/atalati/vscode-extension/main-repo/javavscode/netbeans/nbbuild/netbeans/platform/core/org-openide-filesystems.jar:/Users/atalati/vscode-extension/main-repo/javavscode/netbeans/nbbuild/netbeans/platform/lib/org-openide-util.jar:/Users/atalati/vscode-extension/main-repo/javavscode/netbeans/nbbuild/netbeans/platform/lib/org-openide-util-lookup.jar:/Users/atalati/vscode-extension/main-repo/javavscode/netbeans/nbbuild/netbeans/platform/lib/org-openide-modules.jar:/Users/atalati/vscode-extension/main-repo/javavscode/netbeans/nbbuild/netbeans/platform/lib/org-openide-util-ui.jar:/Users/atalati/vscode-extension/main-repo/javavscode/netbeans/nbbuild/netbeans/java/modules/org-netbeans-api-debugger-jpda.jar:/Users/atalati/vscode-extension/main-repo/javavscode/netbeans/nbbuild/netbeans/ide/modules/org-netbeans-api-java-classpath.jar:/Users/atalati/vscode-extension/main-repo/javavscode/netbeans/nbbuild/netbeans/java/modules/org-netbeans-modules-debugger-jpda.jar:/Users/atalati/vscode-extension/main-repo/javavscode/netbeans/nbbuild/netbeans/platform/modules/org-netbeans-api-intent.jar:/Users/atalati/vscode-extension/main-repo/javavscode/netbeans/nbbuild/netbeans/platform/modules/org-netbeans-api-io.jar:/Users/atalati/vscode-extension/main-repo/javavscode/netbeans/nbbuild/netbeans/java/modules/org-netbeans-libs-javacapi.jar:/Users/atalati/vscode-extension/main-repo/javavscode/netbeans/java/libs.javacapi/external/nb-javac-jdk-22+33-api.jar:/Users/atalati/vscode-extension/main-repo/javavscode/netbeans/java/libs.javacapi/external/nb-javac-jdk-22+33.jar:/Users/atalati/vscode-extension/main-repo/javavscode/netbeans/nbbuild/netbeans/ide/modules/org-netbeans-modules-editor-document.jar:/Users/atalati/vscode-extension/main-repo/javavscode/netbeans/nbbuild/netbeans/platform/modules/org-netbeans-modules-editor-mimelookup.jar:/Users/atalati/vscode-extension/main-repo/javavscode/netbeans/nbbuild/netbeans/ide/modules/org-netbeans-modules-editor-util.jar:/Users/atalati/vscode-extension/main-repo/javavscode/netbeans/nbbuild/netbeans/java/modules/org-netbeans-modules-java-source-base.jar:/Users/atalati/vscode-extension/main-repo/javavscode/netbeans/nbbuild/netbeans/java/modules/org-netbeans-api-java.jar:/Users/atalati/vscode-extension/main-repo/javavscode/netbeans/nbbuild/netbeans/platform/modules/org-netbeans-api-progress.jar:/Users/atalati/vscode-extension/main-repo/javavscode/netbeans/nbbuild/netbeans/platform/modules/org-netbeans-api-scripting.jar:/Users/atalati/vscode-extension/main-repo/javavscode/netbeans/nbbuild/netbeans/java/modules/org-netbeans-lib-nbjavac.jar:/Users/atalati/vscode-extension/main-repo/javavscode/netbeans/nbbuild/netbeans/platform/core/org-netbeans-libs-asm.jar:/Users/atalati/vscode-extension/main-repo/javavscode/netbeans/platform/libs.asm/external/asm-9.6.jar:/Users/atalati/vscode-extension/main-repo/javavscode/netbeans/nbbuild/netbeans/platform/core/asm-9.6.jar:/Users/atalati/vscode-extension/main-repo/javavscode/netbeans/platform/libs.asm/external/asm-tree-9.6.jar:/Users/atalati/vscode-extension/main-repo/javavscode/netbeans/nbbuild/netbeans/platform/core/asm-tree-9.6.jar:/Users/atalati/vscode-extension/main-repo/javavscode/netbeans/platform/libs.asm/external/asm-commons-9.6.jar:/Users/atalati/vscode-extension/main-repo/javavscode/netbeans/nbbuild/netbeans/platform/core/asm-commons-9.6.jar:/Users/atalati/vscode-extension/main-repo/javavscode/netbeans/nbbuild/netbeans/ide/modules/org-netbeans-libs-lucene.jar:/Users/atalati/vscode-extension/main-repo/javavscode/netbeans/ide/libs.lucene/external/lucene-core-3.6.2.jar:/Users/atalati/vscode-extension/main-repo/javavscode/netbeans/nbbuild/netbeans/ide/modules/ext/lucene-core-3.6.2.jar:/Users/atalati/vscode-extension/main-repo/javavscode/netbeans/nbbuild/netbeans/java/modules/org-netbeans-modules-classfile.jar:/Users/atalati/vscode-extension/main-repo/javavscode/netbeans/nbbuild/netbeans/ide/modules/org-netbeans-modules-editor-guards.jar:/Users/atalati/vscode-extension/main-repo/javavscode/netbeans/nbbuild/netbeans/ide/modules/org-netbeans-modules-editor-indent.jar:/Users/atalati/vscode-extension/main-repo/javavscode/netbeans/nbbuild/netbeans/ide/modules/org-netbeans-modules-editor-settings.jar:/Users/atalati/vscode-extension/main-repo/javavscode/netbeans/nbbuild/netbeans/ide/modules/org-netbeans-modules-lexer.jar:/Users/atalati/vscode-extension/main-repo/javavscode/netbeans/nbbuild/netbeans/java/modules/org-netbeans-modules-java-lexer.jar:/Users/atalati/vscode-extension/main-repo/javavscode/netbeans/nbbuild/netbeans/java/modules/org-netbeans-modules-java-platform.jar:/Users/atalati/vscode-extension/main-repo/javavscode/netbeans/nbbuild/netbeans/java/modules/org-netbeans-modules-java-preprocessorbridge.jar:/Users/atalati/vscode-extension/main-repo/javavscode/netbeans/nbbuild/netbeans/ide/modules/org-netbeans-modules-parsing-api.jar:/Users/atalati/vscode-extension/main-repo/javavscode/netbeans/nbbuild/netbeans/ide/modules/org-netbeans-modules-parsing-lucene.jar:/Users/atalati/vscode-extension/main-repo/javavscode/netbeans/nbbuild/netbeans/platform/modules/org-netbeans-modules-masterfs.jar:/Users/atalati/vscode-extension/main-repo/javavscode/netbeans/nbbuild/netbeans/ide/modules/org-netbeans-modules-parsing-indexing.jar:/Users/atalati/vscode-extension/main-repo/javavscode/netbeans/nbbuild/netbeans/ide/modules/org-netbeans-modules-project-indexingbridge.jar:/Users/atalati/vscode-extension/main-repo/javavscode/netbeans/nbbuild/netbeans/ide/modules/org-netbeans-modules-projectuiapi-base.jar:/Users/atalati/vscode-extension/main-repo/javavscode/netbeans/nbbuild/netbeans/platform/modules/org-openide-explorer.jar:/Users/atalati/vscode-extension/main-repo/javavscode/netbeans/nbbuild/netbeans/platform/modules/org-netbeans-swing-outline.jar:/Users/atalati/vscode-extension/main-repo/javavscode/netbeans/nbbuild/netbeans/platform/modules/org-netbeans-swing-tabcontrol.jar:/Users/atalati/vscode-extension/main-repo/javavscode/netbeans/nbbuild/netbeans/platform/modules/org-openide-awt.jar:/Users/atalati/vscode-extension/main-repo/javavscode/netbeans/nbbuild/netbeans/platform/modules/org-openide-windows.jar:/Users/atalati/vscode-extension/main-repo/javavscode/netbeans/nbbuild/netbeans/platform/modules/org-openide-nodes.jar:/Users/atalati/vscode-extension/main-repo/javavscode/netbeans/nbbuild/netbeans/platform/modules/org-openide-dialogs.jar:/Users/atalati/vscode-extension/main-repo/javavscode/netbeans/nbbuild/netbeans/platform/modules/org-netbeans-api-progress-nb.jar:/Users/atalati/vscode-extension/main-repo/javavscode/netbeans/nbbuild/netbeans/ide/modules/org-netbeans-spi-tasklist.jar:/Users/atalati/vscode-extension/main-repo/javavscode/netbeans/nbbuild/netbeans/ide/modules/org-netbeans-modules-refactoring-api.jar:/Users/atalati/vscode-extension/main-repo/javavscode/netbeans/nbbuild/netbeans/ide/modules/org-netbeans-modules-diff.jar:/Users/atalati/vscode-extension/main-repo/javavscode/netbeans/nbbuild/netbeans/ide/modules/org-netbeans-modules-editor-errorstripe.jar:/Users/atalati/vscode-extension/main-repo/javavscode/netbeans/nbbuild/netbeans/ide/modules/org-netbeans-modules-editor-errorstripe-api.jar:/Users/atalati/vscode-extension/main-repo/javavscode/netbeans/nbbuild/netbeans/ide/modules/org-netbeans-modules-editor-fold.jar:/Users/atalati/vscode-extension/main-repo/javavscode/netbeans/nbbuild/netbeans/ide/modules/org-netbeans-modules-editor-settings-lib.jar:/Users/atalati/vscode-extension/main-repo/javavscode/netbeans/nbbuild/netbeans/ide/modules/org-netbeans-modules-editor-lib.jar:/Users/atalati/vscode-extension/main-repo/javavscode/netbeans/nbbuild/netbeans/ide/modules/org-netbeans-modules-editor-lib2.jar:/Users/atalati/vscode-extension/main-repo/javavscode/netbeans/nbbuild/netbeans/platform/modules/org-openide-loaders.jar:/Users/atalati/vscode-extension/main-repo/javavscode/netbeans/nbbuild/netbeans/platform/modules/org-netbeans-api-templates.jar:/Users/atalati/vscode-extension/main-repo/javavscode/netbeans/nbbuild/netbeans/platform/modules/org-openide-actions.jar:/Users/atalati/vscode-extension/main-repo/javavscode/netbeans/nbbuild/netbeans/platform/modules/org-openide-text.jar:/Users/atalati/vscode-extension/main-repo/javavscode/netbeans/nbbuild/netbeans/platform/modules/org-openide-filesystems-nb.jar:/Users/atalati/vscode-extension/main-repo/javavscode/netbeans/nbbuild/netbeans/platform/modules/org-netbeans-modules-options-api.jar:/Users/atalati/vscode-extension/main-repo/javavscode/netbeans/nbbuild/netbeans/platform/modules/org-netbeans-core.jar:/Users/atalati/vscode-extension/main-repo/javavscode/netbeans/nbbuild/netbeans/platform/lib/boot.jar:/Users/atalati/vscode-extension/main-repo/javavscode/netbeans/nbbuild/netbeans/platform/core/core.jar:/Users/atalati/vscode-extension/main-repo/javavscode/netbeans/nbbuild/netbeans/platform/core/core-base.jar:/Users/atalati/vscode-extension/main-repo/javavscode/netbeans/nbbuild/netbeans/platform/modules/org-netbeans-modules-keyring.jar:/Users/atalati/vscode-extension/main-repo/javavscode/netbeans/nbbuild/netbeans/platform/modules/org-netbeans-modules-sampler.jar:/Users/atalati/vscode-extension/main-repo/javavscode/netbeans/nbbuild/netbeans/platform/modules/org-netbeans-swing-plaf.jar:/Users/atalati/vscode-extension/main-repo/javavscode/netbeans/nbbuild/netbeans/platform/modules/org-openide-io.jar:/Users/atalati/vscode-extension/main-repo/javavscode/netbeans/nbbuild/netbeans/platform/modules/org-netbeans-spi-quicksearch.jar:/Users/atalati/vscode-extension/main-repo/javavscode/netbeans/nbbuild/netbeans/ide/modules/org-netbeans-modules-options-editor.jar:/Users/atalati/vscode-extension/main-repo/javavscode/netbeans/nbbuild/netbeans/ide/modules/org-netbeans-modules-editor.jar:/Users/atalati/vscode-extension/main-repo/javavscode/netbeans/nbbuild/netbeans/ide/modules/org-netbeans-api-lsp.jar:/Users/atalati/vscode-extension/main-repo/javavscode/netbeans/nbbuild/netbeans/ide/modules/org-netbeans-modules-editor-fold-nbui.jar:/Users/atalati/vscode-extension/main-repo/javavscode/netbeans/nbbuild/netbeans/ide/modules/org-netbeans-modules-editor-settings-storage.jar:/Users/atalati/vscode-extension/main-repo/javavscode/netbeans/nbbuild/netbeans/platform/modules/org-netbeans-modules-options-keymap.jar:/Users/atalati/vscode-extension/main-repo/javavscode/netbeans/nbbuild/netbeans/java/modules/org-netbeans-modules-debugger-jpda-ui.jar:/Users/atalati/vscode-extension/main-repo/javavscode/netbeans/nbbuild/netbeans/ide/modules/org-netbeans-modules-editor-completion.jar:/Users/atalati/vscode-extension/main-repo/javavscode/netbeans/nbbuild/netbeans/java/modules/org-netbeans-modules-java-sourceui.jar:/Users/atalati/vscode-extension/main-repo/javavscode/netbeans/nbbuild/netbeans/java/modules/org-netbeans-modules-java-source.jar:/Users/atalati/vscode-extension/main-repo/javavscode/netbeans/nbbuild/netbeans/platform/modules/org-netbeans-core-multiview.jar:/Users/atalati/vscode-extension/main-repo/javavscode/netbeans/nbbuild/netbeans/platform/modules/org-netbeans-modules-autoupdate-services.jar:/Users/atalati/vscode-extension/main-repo/javavscode/netbeans/nbbuild/netbeans/platform/modules/ext/updater.jar:/Users/atalati/vscode-extension/main-repo/javavscode/netbeans/nbbuild/netbeans/ide/modules/org-netbeans-modules-editor-indent-project.jar:/Users/atalati/vscode-extension/main-repo/javavscode/netbeans/nbbuild/netbeans/ide/modules/org-netbeans-modules-projectuiapi.jar:/Users/atalati/vscode-extension/main-repo/javavscode/netbeans/nbbuild/netbeans/ide/modules/org-netbeans-modules-editor-indent-support.jar:/Users/atalati/vscode-extension/main-repo/javavscode/netbeans/nbbuild/netbeans/ide/modules/org-netbeans-modules-jumpto.jar:/Users/atalati/vscode-extension/main-repo/javavscode/netbeans/nbbuild/netbeans/platform/modules/org-netbeans-api-search.jar:/Users/atalati/vscode-extension/main-repo/javavscode/netbeans/nbbuild/netbeans/platform/modules/org-netbeans-core-ui.jar:/Users/atalati/vscode-extension/main-repo/javavscode/netbeans/nbbuild/netbeans/extide/modules/org-netbeans-modules-options-java.jar:/Users/atalati/vscode-extension/main-repo/javavscode/netbeans/nbbuild/netbeans/java/modules/org-netbeans-spi-debugger-jpda-ui.jar:/Users/atalati/vscode-extension/main-repo/javavscode/netbeans/nbbuild/netbeans/ide/modules/org-netbeans-spi-viewmodel.jar:/Users/atalati/vscode-extension/main-repo/javavscode/netbeans/nbbuild/netbeans/ide/modules/org-netbeans-spi-debugger-ui.jar:/Users/atalati/vscode-extension/main-repo/javavscode/netbeans/nbbuild/netbeans/ide/modules/org-netbeans-modules-extexecution-base.jar:/Users/atalati/vscode-extension/main-repo/javavscode/netbeans/nbbuild/netbeans/java/modules/org-netbeans-modules-java-project.jar:/Users/atalati/vscode-extension/main-repo/javavscode/netbeans/nbbuild/netbeans/ide/modules/org-netbeans-modules-project-ant.jar:/Users/atalati/vscode-extension/main-repo/javavscode/netbeans/nbbuild/netbeans/ide/modules/org-netbeans-modules-project-libraries.jar:/Users/atalati/vscode-extension/main-repo/javavscode/netbeans/nbbuild/netbeans/ide/modules/org-netbeans-modules-project-spi-intern.jar:/Users/atalati/vscode-extension/main-repo/javavscode/netbeans/nbbuild/netbeans/ide/modules/org-netbeans-modules-xml-catalog.jar:/Users/atalati/vscode-extension/main-repo/javavscode/netbeans/nbbuild/netbeans/ide/modules/org-apache-xml-resolver.jar:/Users/atalati/vscode-extension/main-repo/javavscode/netbeans/ide/o.apache.xml.resolver/external/resolver-1.2.jar:/Users/atalati/vscode-extension/main-repo/javavscode/netbeans/nbbuild/netbeans/ide/modules/ext/resolver-1.2.jar:/Users/atalati/vscode-extension/main-repo/javavscode/netbeans/nbbuild/netbeans/ide/modules/org-netbeans-api-xml.jar:/Users/atalati/vscode-extension/main-repo/javavscode/netbeans/nbbuild/netbeans/ide/modules/org-netbeans-modules-javascript2-debug.jar:/Users/atalati/vscode-extension/main-repo/javavscode/netbeans/nbbuild/netbeans/ide/modules/org-netbeans-modules-web-common.jar:/Users/atalati/vscode-extension/main-repo/javavscode/netbeans/nbbuild/netbeans/ide/modules/org-netbeans-libs-json_simple.jar:/Users/atalati/vscode-extension/main-repo/javavscode/netbeans/nbbuild/netbeans/ide/modules/ext/json-simple-1.1.1.jar:/Users/atalati/vscode-extension/main-repo/javavscode/netbeans/nbbuild/netbeans/ide/modules/org-netbeans-libs-graalsdk.jar:/Users/atalati/vscode-extension/main-repo/javavscode/netbeans/ide/libs.graalsdk/external/graal-sdk-20.3.0.jar:/Users/atalati/vscode-extension/main-repo/javavscode/netbeans/nbbuild/netbeans/ide/modules/ext/graal-sdk-20.3.0.jar:/Users/atalati/vscode-extension/main-repo/javavscode/netbeans/ide/libs.graalsdk/external/launcher-common-20.3.0.jar:/Users/atalati/vscode-extension/main-repo/javavscode/netbeans/nbbuild/netbeans/ide/modules/ext/launcher-common-20.3.0.jar:/Users/atalati/vscode-extension/main-repo/javavscode/netbeans/nbbuild/netbeans/ide/modules/org-netbeans-libs-truffleapi.jar:/Users/atalati/vscode-extension/main-repo/javavscode/netbeans/ide/libs.truffleapi/external/truffle-api-20.3.0.jar:/Users/atalati/vscode-extension/main-repo/javavscode/netbeans/nbbuild/netbeans/ide/modules/ext/truffle-api-20.3.0.jar:/Users/atalati/vscode-extension/main-repo/javavscode/netbeans/nbbuild/netbeans/ide/modules/org-netbeans-modules-editor.jar:/Users/atalati/vscode-extension/main-repo/javavscode/netbeans/nbbuild/netbeans/ide/modules/org-netbeans-api-lsp.jar:/Users/atalati/vscode-extension/main-repo/javavscode/netbeans/nbbuild/netbeans/platform/modules/org-netbeans-api-annotations-common.jar:/Users/atalati/vscode-extension/main-repo/javavscode/netbeans/nbbuild/netbeans/platform/modules/org-netbeans-modules-editor-mimelookup.jar:/Users/atalati/vscode-extension/main-repo/javavscode/netbeans/nbbuild/netbeans/platform/core/org-openide-filesystems.jar:/Users/atalati/vscode-extension/main-repo/javavscode/netbeans/nbbuild/netbeans/platform/lib/org-openide-util.jar:/Users/atalati/vscode-extension/main-repo/javavscode/netbeans/nbbuild/netbeans/platform/lib/org-openide-util-lookup.jar:/Users/atalati/vscode-extension/main-repo/javavscode/netbeans/nbbuild/netbeans/ide/modules/org-netbeans-modules-editor-util.jar:/Users/atalati/vscode-extension/main-repo/javavscode/netbeans/nbbuild/netbeans/platform/modules/org-netbeans-api-progress.jar:/Users/atalati/vscode-extension/main-repo/javavscode/netbeans/nbbuild/netbeans/platform/lib/org-openide-modules.jar:/Users/atalati/vscode-extension/main-repo/javavscode/netbeans/nbbuild/netbeans/platform/lib/org-openide-util-ui.jar:/Users/atalati/vscode-extension/main-repo/javavscode/netbeans/nbbuild/netbeans/platform/modules/org-netbeans-api-progress-nb.jar:/Users/atalati/vscode-extension/main-repo/javavscode/netbeans/nbbuild/netbeans/platform/modules/org-openide-awt.jar:/Users/atalati/vscode-extension/main-repo/javavscode/netbeans/nbbuild/netbeans/ide/modules/org-netbeans-modules-editor-document.jar:/Users/atalati/vscode-extension/main-repo/javavscode/netbeans/nbbuild/netbeans/ide/modules/org-netbeans-modules-editor-fold.jar:/Users/atalati/vscode-extension/main-repo/javavscode/netbeans/nbbuild/netbeans/ide/modules/org-netbeans-modules-editor-settings.jar:/Users/atalati/vscode-extension/main-repo/javavscode/netbeans/nbbuild/netbeans/ide/modules/org-netbeans-modules-lexer.jar:/Users/atalati/vscode-extension/main-repo/javavscode/netbeans/nbbuild/netbeans/ide/modules/org-netbeans-modules-editor-settings-lib.jar:/Users/atalati/vscode-extension/main-repo/javavscode/netbeans/nbbuild/netbeans/ide/modules/org-netbeans-modules-editor-fold-nbui.jar:/Users/atalati/vscode-extension/main-repo/javavscode/netbeans/nbbuild/netbeans/ide/modules/org-netbeans-modules-editor-lib.jar:/Users/atalati/vscode-extension/main-repo/javavscode/netbeans/nbbuild/netbeans/ide/modules/org-netbeans-modules-editor-guards.jar:/Users/atalati/vscode-extension/main-repo/javavscode/netbeans/nbbuild/netbeans/ide/modules/org-netbeans-modules-editor-indent.jar:/Users/atalati/vscode-extension/main-repo/javavscode/netbeans/nbbuild/netbeans/ide/modules/org-netbeans-modules-editor-lib2.jar:/Users/atalati/vscode-extension/main-repo/javavscode/netbeans/nbbuild/netbeans/platform/modules/org-openide-dialogs.jar:/Users/atalati/vscode-extension/main-repo/javavscode/netbeans/nbbuild/netbeans/ide/modules/org-netbeans-modules-editor-settings-storage.jar:/Users/atalati/vscode-extension/main-repo/javavscode/netbeans/nbbuild/netbeans/platform/modules/org-openide-filesystems-nb.jar:/Users/atalati/vscode-extension/main-repo/javavscode/netbeans/nbbuild/netbeans/platform/modules/org-netbeans-modules-options-keymap.jar:/Users/atalati/vscode-extension/main-repo/javavscode/netbeans/nbbuild/netbeans/platform/modules/org-netbeans-modules-options-api.jar:/Users/atalati/vscode-extension/main-repo/javavscode/netbeans/nbbuild/netbeans/platform/modules/org-netbeans-core.jar:/Users/atalati/vscode-extension/main-repo/javavscode/netbeans/nbbuild/netbeans/platform/lib/boot.jar:/Users/atalati/vscode-extension/main-repo/javavscode/netbeans/nbbuild/netbeans/platform/core/core.jar:/Users/atalati/vscode-extension/main-repo/javavscode/netbeans/nbbuild/netbeans/platform/core/org-netbeans-libs-asm.jar:/Users/atalati/vscode-extension/main-repo/javavscode/netbeans/platform/libs.asm/external/asm-9.6.jar:/Users/atalati/vscode-extension/main-repo/javavscode/netbeans/nbbuild/netbeans/platform/core/asm-9.6.jar:/Users/atalati/vscode-extension/main-repo/javavscode/netbeans/platform/libs.asm/external/asm-tree-9.6.jar:/Users/atalati/vscode-extension/main-repo/javavscode/netbeans/nbbuild/netbeans/platform/core/asm-tree-9.6.jar:/Users/atalati/vscode-extension/main-repo/javavscode/netbeans/platform/libs.asm/external/asm-commons-9.6.jar:/Users/atalati/vscode-extension/main-repo/javavscode/netbeans/nbbuild/netbeans/platform/core/asm-commons-9.6.jar:/Users/atalati/vscode-extension/main-repo/javavscode/netbeans/nbbuild/netbeans/platform/core/core-base.jar:/Users/atalati/vscode-extension/main-repo/javavscode/netbeans/nbbuild/netbeans/platform/modules/org-netbeans-modules-keyring.jar:/Users/atalati/vscode-extension/main-repo/javavscode/netbeans/nbbuild/netbeans/platform/modules/org-netbeans-modules-sampler.jar:/Users/atalati/vscode-extension/main-repo/javavscode/netbeans/nbbuild/netbeans/platform/modules/org-netbeans-swing-plaf.jar:/Users/atalati/vscode-extension/main-repo/javavscode/netbeans/nbbuild/netbeans/platform/modules/org-openide-actions.jar:/Users/atalati/vscode-extension/main-repo/javavscode/netbeans/nbbuild/netbeans/platform/modules/org-openide-explorer.jar:/Users/atalati/vscode-extension/main-repo/javavscode/netbeans/nbbuild/netbeans/platform/modules/org-netbeans-swing-outline.jar:/Users/atalati/vscode-extension/main-repo/javavscode/netbeans/nbbuild/netbeans/platform/modules/org-netbeans-swing-tabcontrol.jar:/Users/atalati/vscode-extension/main-repo/javavscode/netbeans/nbbuild/netbeans/platform/modules/org-openide-windows.jar:/Users/atalati/vscode-extension/main-repo/javavscode/netbeans/nbbuild/netbeans/platform/modules/org-openide-nodes.jar:/Users/atalati/vscode-extension/main-repo/javavscode/netbeans/nbbuild/netbeans/platform/modules/org-openide-text.jar:/Users/atalati/vscode-extension/main-repo/javavscode/netbeans/nbbuild/netbeans/platform/modules/org-openide-io.jar:/Users/atalati/vscode-extension/main-repo/javavscode/netbeans/nbbuild/netbeans/platform/modules/org-netbeans-api-intent.jar:/Users/atalati/vscode-extension/main-repo/javavscode/netbeans/nbbuild/netbeans/platform/modules/org-netbeans-api-io.jar:/Users/atalati/vscode-extension/main-repo/javavscode/netbeans/nbbuild/netbeans/platform/modules/org-openide-loaders.jar:/Users/atalati/vscode-extension/main-repo/javavscode/netbeans/nbbuild/netbeans/platform/modules/org-netbeans-api-scripting.jar:/Users/atalati/vscode-extension/main-repo/javavscode/netbeans/nbbuild/netbeans/platform/modules/org-netbeans-api-templates.jar:/Users/atalati/vscode-extension/main-repo/javavscode/netbeans/nbbuild/netbeans/platform/modules/org-netbeans-modules-queries.jar:/Users/atalati/vscode-extension/main-repo/javavscode/netbeans/nbbuild/netbeans/platform/modules/org-netbeans-spi-quicksearch.jar:/Users/atalati/vscode-extension/main-repo/javavscode/netbeans/nbbuild/netbeans/ide/modules/org-netbeans-modules-editor-codetemplates.jar:/Users/atalati/vscode-extension/main-repo/javavscode/netbeans/nbbuild/netbeans/ide/modules/org-netbeans-api-lsp.jar:/Users/atalati/vscode-extension/main-repo/javavscode/netbeans/nbbuild/netbeans/platform/modules/org-netbeans-api-annotations-common.jar:/Users/atalati/vscode-extension/main-repo/javavscode/netbeans/nbbuild/netbeans/platform/modules/org-netbeans-modules-editor-mimelookup.jar:/Users/atalati/vscode-extension/main-repo/javavscode/netbeans/nbbuild/netbeans/platform/core/org-openide-filesystems.jar:/Users/atalati/vscode-extension/main-repo/javavscode/netbeans/nbbuild/netbeans/platform/lib/org-openide-util.jar:/Users/atalati/vscode-extension/main-repo/javavscode/netbeans/nbbuild/netbeans/platform/lib/org-openide-util-lookup.jar:/Users/atalati/vscode-extension/main-repo/javavscode/netbeans/nbbuild/netbeans/ide/modules/org-netbeans-modules-editor-util.jar:/Users/atalati/vscode-extension/main-repo/javavscode/netbeans/nbbuild/netbeans/ide/modules/org-netbeans-modules-editor.jar:/Users/atalati/vscode-extension/main-repo/javavscode/netbeans/nbbuild/netbeans/platform/modules/org-netbeans-api-progress.jar:/Users/atalati/vscode-extension/main-repo/javavscode/netbeans/nbbuild/netbeans/platform/lib/org-openide-modules.jar:/Users/atalati/vscode-extension/main-repo/javavscode/netbeans/nbbuild/netbeans/platform/lib/org-openide-util-ui.jar:/Users/atalati/vscode-extension/main-repo/javavscode/netbeans/nbbuild/netbeans/platform/modules/org-netbeans-api-progress-nb.jar:/Users/atalati/vscode-extension/main-repo/javavscode/netbeans/nbbuild/netbeans/platform/modules/org-openide-awt.jar:/Users/atalati/vscode-extension/main-repo/javavscode/netbeans/nbbuild/netbeans/ide/modules/org-netbeans-modules-editor-document.jar:/Users/atalati/vscode-extension/main-repo/javavscode/netbeans/nbbuild/netbeans/ide/modules/org-netbeans-modules-editor-fold.jar:/Users/atalati/vscode-extension/main-repo/javavscode/netbeans/nbbuild/netbeans/ide/modules/org-netbeans-modules-editor-settings.jar:/Users/atalati/vscode-extension/main-repo/javavscode/netbeans/nbbuild/netbeans/ide/modules/org-netbeans-modules-lexer.jar:/Users/atalati/vscode-extension/main-repo/javavscode/netbeans/nbbuild/netbeans/ide/modules/org-netbeans-modules-editor-settings-lib.jar:/Users/atalati/vscode-extension/main-repo/javavscode/netbeans/nbbuild/netbeans/ide/modules/org-netbeans-modules-editor-fold-nbui.jar:/Users/atalati/vscode-extension/main-repo/javavscode/netbeans/nbbuild/netbeans/ide/modules/org-netbeans-modules-editor-lib.jar:/Users/atalati/vscode-extension/main-repo/javavscode/netbeans/nbbuild/netbeans/ide/modules/org-netbeans-modules-editor-guards.jar:/Users/atalati/vscode-extension/main-repo/javavscode/netbeans/nbbuild/netbeans/ide/modules/org-netbeans-modules-editor-indent.jar:/Users/atalati/vscode-extension/main-repo/javavscode/netbeans/nbbuild/netbeans/ide/modules/org-netbeans-modules-editor-lib2.jar:/Users/atalati/vscode-extension/main-repo/javavscode/netbeans/nbbuild/netbeans/platform/modules/org-openide-dialogs.jar:/Users/atalati/vscode-extension/main-repo/javavscode/netbeans/nbbuild/netbeans/ide/modules/org-netbeans-modules-editor-settings-storage.jar:/Users/atalati/vscode-extension/main-repo/javavscode/netbeans/nbbuild/netbeans/platform/modules/org-openide-filesystems-nb.jar:/Users/atalati/vscode-extension/main-repo/javavscode/netbeans/nbbuild/netbeans/platform/modules/org-netbeans-modules-options-keymap.jar:/Users/atalati/vscode-extension/main-repo/javavscode/netbeans/nbbuild/netbeans/platform/modules/org-netbeans-modules-options-api.jar:/Users/atalati/vscode-extension/main-repo/javavscode/netbeans/nbbuild/netbeans/platform/modules/org-netbeans-core.jar:/Users/atalati/vscode-extension/main-repo/javavscode/netbeans/nbbuild/netbeans/platform/lib/boot.jar:/Users/atalati/vscode-extension/main-repo/javavscode/netbeans/nbbuild/netbeans/platform/core/core.jar:/Users/atalati/vscode-extension/main-repo/javavscode/netbeans/nbbuild/netbeans/platform/core/org-netbeans-libs-asm.jar:/Users/atalati/vscode-extension/main-repo/javavscode/netbeans/platform/libs.asm/external/asm-9.6.jar:/Users/atalati/vscode-extension/main-repo/javavscode/netbeans/nbbuild/netbeans/platform/core/asm-9.6.jar:/Users/atalati/vscode-extension/main-repo/javavscode/netbeans/platform/libs.asm/external/asm-tree-9.6.jar:/Users/atalati/vscode-extension/main-repo/javavscode/netbeans/nbbuild/netbeans/platform/core/asm-tree-9.6.jar:/Users/atalati/vscode-extension/main-repo/javavscode/netbeans/platform/libs.asm/external/asm-commons-9.6.jar:/Users/atalati/vscode-extension/main-repo/javavscode/netbeans/nbbuild/netbeans/platform/core/asm-commons-9.6.jar:/Users/atalati/vscode-extension/main-repo/javavscode/netbeans/nbbuild/netbeans/platform/core/core-base.jar:/Users/atalati/vscode-extension/main-repo/javavscode/netbeans/nbbuild/netbeans/platform/modules/org-netbeans-modules-keyring.jar:/Users/atalati/vscode-extension/main-repo/javavscode/netbeans/nbbuild/netbeans/platform/modules/org-netbeans-modules-sampler.jar:/Users/atalati/vscode-extension/main-repo/javavscode/netbeans/nbbuild/netbeans/platform/modules/org-netbeans-swing-plaf.jar:/Users/atalati/vscode-extension/main-repo/javavscode/netbeans/nbbuild/netbeans/platform/modules/org-openide-actions.jar:/Users/atalati/vscode-extension/main-repo/javavscode/netbeans/nbbuild/netbeans/platform/modules/org-openide-explorer.jar:/Users/atalati/vscode-extension/main-repo/javavscode/netbeans/nbbuild/netbeans/platform/modules/org-netbeans-swing-outline.jar:/Users/atalati/vscode-extension/main-repo/javavscode/netbeans/nbbuild/netbeans/platform/modules/org-netbeans-swing-tabcontrol.jar:/Users/atalati/vscode-extension/main-repo/javavscode/netbeans/nbbuild/netbeans/platform/modules/org-openide-windows.jar:/Users/atalati/vscode-extension/main-repo/javavscode/netbeans/nbbuild/netbeans/platform/modules/org-openide-nodes.jar:/Users/atalati/vscode-extension/main-repo/javavscode/netbeans/nbbuild/netbeans/platform/modules/org-openide-text.jar:/Users/atalati/vscode-extension/main-repo/javavscode/netbeans/nbbuild/netbeans/platform/modules/org-openide-io.jar:/Users/atalati/vscode-extension/main-repo/javavscode/netbeans/nbbuild/netbeans/platform/modules/org-netbeans-api-intent.jar:/Users/atalati/vscode-extension/main-repo/javavscode/netbeans/nbbuild/netbeans/platform/modules/org-netbeans-api-io.jar:/Users/atalati/vscode-extension/main-repo/javavscode/netbeans/nbbuild/netbeans/platform/modules/org-openide-loaders.jar:/Users/atalati/vscode-extension/main-repo/javavscode/netbeans/nbbuild/netbeans/platform/modules/org-netbeans-api-scripting.jar:/Users/atalati/vscode-extension/main-repo/javavscode/netbeans/nbbuild/netbeans/platform/modules/org-netbeans-api-templates.jar:/Users/atalati/vscode-extension/main-repo/javavscode/netbeans/nbbuild/netbeans/platform/modules/org-netbeans-modules-queries.jar:/Users/atalati/vscode-extension/main-repo/javavscode/netbeans/nbbuild/netbeans/platform/modules/org-netbeans-spi-quicksearch.jar:/Users/atalati/vscode-extension/main-repo/javavscode/netbeans/nbbuild/netbeans/ide/modules/org-netbeans-modules-editor-completion.jar:/Users/atalati/vscode-extension/main-repo/javavscode/netbeans/nbbuild/netbeans/ide/modules/org-netbeans-spi-editor-hints.jar:/Users/atalati/vscode-extension/main-repo/javavscode/netbeans/nbbuild/netbeans/ide/modules/org-netbeans-modules-editor-document.jar:/Users/atalati/vscode-extension/main-repo/javavscode/netbeans/nbbuild/netbeans/platform/modules/org-netbeans-api-annotations-common.jar:/Users/atalati/vscode-extension/main-repo/javavscode/netbeans/nbbuild/netbeans/platform/modules/org-netbeans-modules-editor-mimelookup.jar:/Users/atalati/vscode-extension/main-repo/javavscode/netbeans/nbbuild/netbeans/platform/core/org-openide-filesystems.jar:/Users/atalati/vscode-extension/main-repo/javavscode/netbeans/nbbuild/netbeans/platform/lib/org-openide-util.jar:/Users/atalati/vscode-extension/main-repo/javavscode/netbeans/nbbuild/netbeans/platform/lib/org-openide-util-lookup.jar:/Users/atalati/vscode-extension/main-repo/javavscode/netbeans/nbbuild/netbeans/ide/modules/org-netbeans-modules-editor-util.jar:/Users/atalati/vscode-extension/main-repo/javavscode/netbeans/nbbuild/netbeans/ide/modules/org-netbeans-modules-editor-indent.jar:/Users/atalati/vscode-extension/main-repo/javavscode/netbeans/nbbuild/netbeans/ide/modules/org-netbeans-modules-editor-document.jar:/Users/atalati/vscode-extension/main-repo/javavscode/netbeans/nbbuild/netbeans/platform/modules/org-netbeans-api-annotations-common.jar:/Users/atalati/vscode-extension/main-repo/javavscode/netbeans/nbbuild/netbeans/platform/modules/org-netbeans-modules-editor-mimelookup.jar:/Users/atalati/vscode-extension/main-repo/javavscode/netbeans/nbbuild/netbeans/platform/core/org-openide-filesystems.jar:/Users/atalati/vscode-extension/main-repo/javavscode/netbeans/nbbuild/netbeans/platform/lib/org-openide-util.jar:/Users/atalati/vscode-extension/main-repo/javavscode/netbeans/nbbuild/netbeans/platform/lib/org-openide-util-lookup.jar:/Users/atalati/vscode-extension/main-repo/javavscode/netbeans/nbbuild/netbeans/ide/modules/org-netbeans-modules-editor-util.jar:/Users/atalati/vscode-extension/main-repo/javavscode/netbeans/nbbuild/netbeans/ide/modules/org-netbeans-modules-editor-settings.jar:/Users/atalati/vscode-extension/main-repo/javavscode/netbeans/nbbuild/netbeans/platform/lib/org-openide-modules.jar:/Users/atalati/vscode-extension/main-repo/javavscode/netbeans/nbbuild/netbeans/platform/lib/org-openide-util-ui.jar:/Users/atalati/vscode-extension/main-repo/javavscode/netbeans/nbbuild/netbeans/ide/modules/org-netbeans-modules-lexer.jar:/Users/atalati/vscode-extension/main-repo/javavscode/netbeans/nbbuild/netbeans/ide/modules/org-netbeans-modules-editor-lib.jar:/Users/atalati/vscode-extension/main-repo/javavscode/netbeans/nbbuild/netbeans/platform/modules/org-netbeans-api-annotations-common.jar:/Users/atalati/vscode-extension/main-repo/javavscode/netbeans/nbbuild/netbeans/platform/modules/org-netbeans-api-progress.jar:/Users/atalati/vscode-extension/main-repo/javavscode/netbeans/nbbuild/netbeans/platform/lib/org-openide-modules.jar:/Users/atalati/vscode-extension/main-repo/javavscode/netbeans/nbbuild/netbeans/platform/lib/org-openide-util-ui.jar:/Users/atalati/vscode-extension/main-repo/javavscode/netbeans/nbbuild/netbeans/platform/lib/org-openide-util.jar:/Users/atalati/vscode-extension/main-repo/javavscode/netbeans/nbbuild/netbeans/platform/lib/org-openide-util-lookup.jar:/Users/atalati/vscode-extension/main-repo/javavscode/netbeans/nbbuild/netbeans/platform/modules/org-netbeans-api-progress-nb.jar:/Users/atalati/vscode-extension/main-repo/javavscode/netbeans/nbbuild/netbeans/platform/modules/org-openide-awt.jar:/Users/atalati/vscode-extension/main-repo/javavscode/netbeans/nbbuild/netbeans/platform/core/org-openide-filesystems.jar:/Users/atalati/vscode-extension/main-repo/javavscode/netbeans/nbbuild/netbeans/ide/modules/org-netbeans-modules-editor-document.jar:/Users/atalati/vscode-extension/main-repo/javavscode/netbeans/nbbuild/netbeans/platform/modules/org-netbeans-modules-editor-mimelookup.jar:/Users/atalati/vscode-extension/main-repo/javavscode/netbeans/nbbuild/netbeans/ide/modules/org-netbeans-modules-editor-util.jar:/Users/atalati/vscode-extension/main-repo/javavscode/netbeans/nbbuild/netbeans/ide/modules/org-netbeans-modules-editor-fold.jar:/Users/atalati/vscode-extension/main-repo/javavscode/netbeans/nbbuild/netbeans/ide/modules/org-netbeans-modules-editor-settings.jar:/Users/atalati/vscode-extension/main-repo/javavscode/netbeans/nbbuild/netbeans/ide/modules/org-netbeans-modules-lexer.jar:/Users/atalati/vscode-extension/main-repo/javavscode/netbeans/nbbuild/netbeans/ide/modules/org-netbeans-modules-editor-settings-lib.jar:/Users/atalati/vscode-extension/main-repo/javavscode/netbeans/nbbuild/netbeans/ide/modules/org-netbeans-modules-editor-guards.jar:/Users/atalati/vscode-extension/main-repo/javavscode/netbeans/nbbuild/netbeans/ide/modules/org-netbeans-modules-editor-indent.jar:/Users/atalati/vscode-extension/main-repo/javavscode/netbeans/nbbuild/netbeans/ide/modules/org-netbeans-modules-editor-lib2.jar:/Users/atalati/vscode-extension/main-repo/javavscode/netbeans/nbbuild/netbeans/platform/modules/org-openide-dialogs.jar:/Users/atalati/vscode-extension/main-repo/javavscode/netbeans/nbbuild/netbeans/ide/modules/org-netbeans-modules-editor-lib2.jar:/Users/atalati/vscode-extension/main-repo/javavscode/netbeans/nbbuild/netbeans/platform/modules/org-netbeans-api-annotations-common.jar:/Users/atalati/vscode-extension/main-repo/javavscode/netbeans/nbbuild/netbeans/ide/modules/org-netbeans-modules-editor-document.jar:/Users/atalati/vscode-extension/main-repo/javavscode/netbeans/nbbuild/netbeans/platform/modules/org-netbeans-modules-editor-mimelookup.jar:/Users/atalati/vscode-extension/main-repo/javavscode/netbeans/nbbuild/netbeans/platform/core/org-openide-filesystems.jar:/Users/atalati/vscode-extension/main-repo/javavscode/netbeans/nbbuild/netbeans/platform/lib/org-openide-util.jar:/Users/atalati/vscode-extension/main-repo/javavscode/netbeans/nbbuild/netbeans/platform/lib/org-openide-util-lookup.jar:/Users/atalati/vscode-extension/main-repo/javavscode/netbeans/nbbuild/netbeans/ide/modules/org-netbeans-modules-editor-util.jar:/Users/atalati/vscode-extension/main-repo/javavscode/netbeans/nbbuild/netbeans/ide/modules/org-netbeans-modules-editor-settings.jar:/Users/atalati/vscode-extension/main-repo/javavscode/netbeans/nbbuild/netbeans/platform/lib/org-openide-modules.jar:/Users/atalati/vscode-extension/main-repo/javavscode/netbeans/nbbuild/netbeans/platform/lib/org-openide-util-ui.jar:/Users/atalati/vscode-extension/main-repo/javavscode/netbeans/nbbuild/netbeans/ide/modules/org-netbeans-modules-lexer.jar:/Users/atalati/vscode-extension/main-repo/javavscode/netbeans/nbbuild/netbeans/platform/modules/org-openide-awt.jar:/Users/atalati/vscode-extension/main-repo/javavscode/netbeans/nbbuild/netbeans/platform/modules/org-openide-dialogs.jar:/Users/atalati/vscode-extension/main-repo/javavscode/netbeans/nbbuild/netbeans/platform/modules/org-netbeans-api-progress.jar:/Users/atalati/vscode-extension/main-repo/javavscode/netbeans/nbbuild/netbeans/platform/modules/org-netbeans-api-progress-nb.jar:/Users/atalati/vscode-extension/main-repo/javavscode/netbeans/nbbuild/netbeans/platform/modules/org-netbeans-modules-editor-mimelookup.jar:/Users/atalati/vscode-extension/main-repo/javavscode/netbeans/nbbuild/netbeans/platform/core/org-openide-filesystems.jar:/Users/atalati/vscode-extension/main-repo/javavscode/netbeans/nbbuild/netbeans/platform/lib/org-openide-util.jar:/Users/atalati/vscode-extension/main-repo/javavscode/netbeans/nbbuild/netbeans/platform/lib/org-openide-util-lookup.jar:/Users/atalati/vscode-extension/main-repo/javavscode/netbeans/nbbuild/netbeans/ide/modules/org-netbeans-modules-editor-util.jar:/Users/atalati/vscode-extension/main-repo/javavscode/netbeans/nbbuild/netbeans/platform/lib/org-openide-util.jar:/Users/atalati/vscode-extension/main-repo/javavscode/netbeans/nbbuild/netbeans/platform/lib/org-openide-util-lookup.jar:/Users/atalati/vscode-extension/main-repo/javavscode/netbeans/nbbuild/netbeans/ide/modules/org-netbeans-modules-extexecution.jar:/Users/atalati/vscode-extension/main-repo/javavscode/netbeans/nbbuild/netbeans/platform/modules/org-netbeans-api-annotations-common.jar:/Users/atalati/vscode-extension/main-repo/javavscode/netbeans/nbbuild/netbeans/platform/modules/org-netbeans-api-progress.jar:/Users/atalati/vscode-extension/main-repo/javavscode/netbeans/nbbuild/netbeans/platform/lib/org-openide-modules.jar:/Users/atalati/vscode-extension/main-repo/javavscode/netbeans/nbbuild/netbeans/platform/lib/org-openide-util-ui.jar:/Users/atalati/vscode-extension/main-repo/javavscode/netbeans/nbbuild/netbeans/platform/lib/org-openide-util.jar:/Users/atalati/vscode-extension/main-repo/javavscode/netbeans/nbbuild/netbeans/platform/lib/org-openide-util-lookup.jar:/Users/atalati/vscode-extension/main-repo/javavscode/netbeans/nbbuild/netbeans/ide/modules/org-netbeans-modules-extexecution-base.jar:/Users/atalati/vscode-extension/main-repo/javavscode/netbeans/nbbuild/netbeans/platform/core/org-openide-filesystems.jar:/Users/atalati/vscode-extension/main-repo/javavscode/netbeans/nbbuild/netbeans/platform/modules/org-openide-io.jar:/Users/atalati/vscode-extension/main-repo/javavscode/netbeans/nbbuild/netbeans/platform/modules/org-netbeans-api-intent.jar:/Users/atalati/vscode-extension/main-repo/javavscode/netbeans/nbbuild/netbeans/platform/modules/org-netbeans-api-io.jar:/Users/atalati/vscode-extension/main-repo/javavscode/netbeans/nbbuild/netbeans/ide/modules/org-netbeans-modules-extexecution-base.jar:/Users/atalati/vscode-extension/main-repo/javavscode/netbeans/nbbuild/netbeans/platform/modules/org-netbeans-api-annotations-common.jar:/Users/atalati/vscode-extension/main-repo/javavscode/netbeans/nbbuild/netbeans/platform/lib/org-openide-util.jar:/Users/atalati/vscode-extension/main-repo/javavscode/netbeans/nbbuild/netbeans/platform/lib/org-openide-util-lookup.jar:/Users/atalati/vscode-extension/main-repo/javavscode/netbeans/nbbuild/netbeans/ide/modules/org-netbeans-modules-gototest.jar:/Users/atalati/vscode-extension/main-repo/javavscode/netbeans/nbbuild/netbeans/platform/modules/org-netbeans-api-annotations-common.jar:/Users/atalati/vscode-extension/main-repo/javavscode/netbeans/nbbuild/netbeans/ide/modules/org-netbeans-modules-gsf-testrunner.jar:/Users/atalati/vscode-extension/main-repo/javavscode/netbeans/nbbuild/netbeans/ide/modules/org-netbeans-modules-extexecution.jar:/Users/atalati/vscode-extension/main-repo/javavscode/netbeans/nbbuild/netbeans/platform/modules/org-netbeans-api-progress.jar:/Users/atalati/vscode-extension/main-repo/javavscode/netbeans/nbbuild/netbeans/platform/lib/org-openide-modules.jar:/Users/atalati/vscode-extension/main-repo/javavscode/netbeans/nbbuild/netbeans/platform/lib/org-openide-util-ui.jar:/Users/atalati/vscode-extension/main-repo/javavscode/netbeans/nbbuild/netbeans/platform/lib/org-openide-util.jar:/Users/atalati/vscode-extension/main-repo/javavscode/netbeans/nbbuild/netbeans/platform/lib/org-openide-util-lookup.jar:/Users/atalati/vscode-extension/main-repo/javavscode/netbeans/nbbuild/netbeans/ide/modules/org-netbeans-modules-extexecution-base.jar:/Users/atalati/vscode-extension/main-repo/javavscode/netbeans/nbbuild/netbeans/platform/core/org-openide-filesystems.jar:/Users/atalati/vscode-extension/main-repo/javavscode/netbeans/nbbuild/netbeans/platform/modules/org-openide-io.jar:/Users/atalati/vscode-extension/main-repo/javavscode/netbeans/nbbuild/netbeans/platform/modules/org-netbeans-api-intent.jar:/Users/atalati/vscode-extension/main-repo/javavscode/netbeans/nbbuild/netbeans/platform/modules/org-netbeans-api-io.jar:/Users/atalati/vscode-extension/main-repo/javavscode/netbeans/nbbuild/netbeans/ide/modules/org-netbeans-modules-projectapi.jar:/Users/atalati/vscode-extension/main-repo/javavscode/netbeans/nbbuild/netbeans/platform/modules/org-netbeans-modules-queries.jar:/Users/atalati/vscode-extension/main-repo/javavscode/netbeans/nbbuild/netbeans/ide/modules/org-netbeans-modules-gsf-testrunner-ui.jar:/Users/atalati/vscode-extension/main-repo/javavscode/netbeans/nbbuild/netbeans/ide/modules/org-netbeans-api-java-classpath.jar:/Users/atalati/vscode-extension/main-repo/javavscode/netbeans/nbbuild/netbeans/platform/modules/org-netbeans-api-progress-nb.jar:/Users/atalati/vscode-extension/main-repo/javavscode/netbeans/nbbuild/netbeans/platform/modules/org-openide-awt.jar:/Users/atalati/vscode-extension/main-repo/javavscode/netbeans/nbbuild/netbeans/ide/modules/org-netbeans-modules-diff.jar:/Users/atalati/vscode-extension/main-repo/javavscode/netbeans/nbbuild/netbeans/ide/modules/org-netbeans-modules-editor-errorstripe.jar:/Users/atalati/vscode-extension/main-repo/javavscode/netbeans/nbbuild/netbeans/ide/modules/org-netbeans-modules-editor-document.jar:/Users/atalati/vscode-extension/main-repo/javavscode/netbeans/nbbuild/netbeans/platform/modules/org-netbeans-modules-editor-mimelookup.jar:/Users/atalati/vscode-extension/main-repo/javavscode/netbeans/nbbuild/netbeans/ide/modules/org-netbeans-modules-editor-util.jar:/Users/atalati/vscode-extension/main-repo/javavscode/netbeans/nbbuild/netbeans/ide/modules/org-netbeans-modules-editor-errorstripe-api.jar:/Users/atalati/vscode-extension/main-repo/javavscode/netbeans/nbbuild/netbeans/ide/modules/org-netbeans-modules-editor-fold.jar:/Users/atalati/vscode-extension/main-repo/javavscode/netbeans/nbbuild/netbeans/ide/modules/org-netbeans-modules-editor-settings.jar:/Users/atalati/vscode-extension/main-repo/javavscode/netbeans/nbbuild/netbeans/ide/modules/org-netbeans-modules-lexer.jar:/Users/atalati/vscode-extension/main-repo/javavscode/netbeans/nbbuild/netbeans/ide/modules/org-netbeans-modules-editor-settings-lib.jar:/Users/atalati/vscode-extension/main-repo/javavscode/netbeans/nbbuild/netbeans/ide/modules/org-netbeans-modules-editor-lib.jar:/Users/atalati/vscode-extension/main-repo/javavscode/netbeans/nbbuild/netbeans/ide/modules/org-netbeans-modules-editor-guards.jar:/Users/atalati/vscode-extension/main-repo/javavscode/netbeans/nbbuild/netbeans/ide/modules/org-netbeans-modules-editor-indent.jar:/Users/atalati/vscode-extension/main-repo/javavscode/netbeans/nbbuild/netbeans/ide/modules/org-netbeans-modules-editor-lib2.jar:/Users/atalati/vscode-extension/main-repo/javavscode/netbeans/nbbuild/netbeans/platform/modules/org-openide-dialogs.jar:/Users/atalati/vscode-extension/main-repo/javavscode/netbeans/nbbuild/netbeans/platform/modules/org-openide-loaders.jar:/Users/atalati/vscode-extension/main-repo/javavscode/netbeans/nbbuild/netbeans/platform/modules/org-netbeans-api-scripting.jar:/Users/atalati/vscode-extension/main-repo/javavscode/netbeans/nbbuild/netbeans/platform/modules/org-netbeans-api-templates.jar:/Users/atalati/vscode-extension/main-repo/javavscode/netbeans/nbbuild/netbeans/platform/modules/org-openide-actions.jar:/Users/atalati/vscode-extension/main-repo/javavscode/netbeans/nbbuild/netbeans/platform/modules/org-openide-explorer.jar:/Users/atalati/vscode-extension/main-repo/javavscode/netbeans/nbbuild/netbeans/platform/modules/org-netbeans-swing-outline.jar:/Users/atalati/vscode-extension/main-repo/javavscode/netbeans/nbbuild/netbeans/platform/modules/org-netbeans-swing-tabcontrol.jar:/Users/atalati/vscode-extension/main-repo/javavscode/netbeans/nbbuild/netbeans/platform/modules/org-openide-windows.jar:/Users/atalati/vscode-extension/main-repo/javavscode/netbeans/nbbuild/netbeans/platform/modules/org-openide-nodes.jar:/Users/atalati/vscode-extension/main-repo/javavscode/netbeans/nbbuild/netbeans/platform/modules/org-openide-text.jar:/Users/atalati/vscode-extension/main-repo/javavscode/netbeans/nbbuild/netbeans/platform/modules/org-openide-filesystems-nb.jar:/Users/atalati/vscode-extension/main-repo/javavscode/netbeans/nbbuild/netbeans/platform/modules/org-netbeans-modules-options-api.jar:/Users/atalati/vscode-extension/main-repo/javavscode/netbeans/nbbuild/netbeans/platform/modules/org-netbeans-core.jar:/Users/atalati/vscode-extension/main-repo/javavscode/netbeans/nbbuild/netbeans/platform/lib/boot.jar:/Users/atalati/vscode-extension/main-repo/javavscode/netbeans/nbbuild/netbeans/platform/core/core.jar:/Users/atalati/vscode-extension/main-repo/javavscode/netbeans/nbbuild/netbeans/platform/core/org-netbeans-libs-asm.jar:/Users/atalati/vscode-extension/main-repo/javavscode/netbeans/platform/libs.asm/external/asm-9.6.jar:/Users/atalati/vscode-extension/main-repo/javavscode/netbeans/nbbuild/netbeans/platform/core/asm-9.6.jar:/Users/atalati/vscode-extension/main-repo/javavscode/netbeans/platform/libs.asm/external/asm-tree-9.6.jar:/Users/atalati/vscode-extension/main-repo/javavscode/netbeans/nbbuild/netbeans/platform/core/asm-tree-9.6.jar:/Users/atalati/vscode-extension/main-repo/javavscode/netbeans/platform/libs.asm/external/asm-commons-9.6.jar:/Users/atalati/vscode-extension/main-repo/javavscode/netbeans/nbbuild/netbeans/platform/core/asm-commons-9.6.jar:/Users/atalati/vscode-extension/main-repo/javavscode/netbeans/nbbuild/netbeans/platform/core/core-base.jar:/Users/atalati/vscode-extension/main-repo/javavscode/netbeans/nbbuild/netbeans/platform/modules/org-netbeans-modules-keyring.jar:/Users/atalati/vscode-extension/main-repo/javavscode/netbeans/nbbuild/netbeans/platform/modules/org-netbeans-modules-sampler.jar:/Users/atalati/vscode-extension/main-repo/javavscode/netbeans/nbbuild/netbeans/platform/modules/org-netbeans-swing-plaf.jar:/Users/atalati/vscode-extension/main-repo/javavscode/netbeans/nbbuild/netbeans/platform/modules/org-netbeans-spi-quicksearch.jar:/Users/atalati/vscode-extension/main-repo/javavscode/netbeans/nbbuild/netbeans/ide/modules/org-netbeans-modules-options-editor.jar:/Users/atalati/vscode-extension/main-repo/javavscode/netbeans/nbbuild/netbeans/ide/modules/org-netbeans-modules-editor.jar:/Users/atalati/vscode-extension/main-repo/javavscode/netbeans/nbbuild/netbeans/ide/modules/org-netbeans-api-lsp.jar:/Users/atalati/vscode-extension/main-repo/javavscode/netbeans/nbbuild/netbeans/ide/modules/org-netbeans-modules-editor-fold-nbui.jar:/Users/atalati/vscode-extension/main-repo/javavscode/netbeans/nbbuild/netbeans/ide/modules/org-netbeans-modules-editor-settings-storage.jar:/Users/atalati/vscode-extension/main-repo/javavscode/netbeans/nbbuild/netbeans/platform/modules/org-netbeans-modules-options-keymap.jar:/Users/atalati/vscode-extension/main-repo/javavscode/netbeans/nbbuild/netbeans/ide/modules/org-netbeans-modules-parsing-api.jar:/Users/atalati/vscode-extension/main-repo/javavscode/netbeans/nbbuild/netbeans/ide/modules/org-netbeans-modules-parsing-lucene.jar:/Users/atalati/vscode-extension/main-repo/javavscode/netbeans/nbbuild/netbeans/ide/modules/org-netbeans-libs-lucene.jar:/Users/atalati/vscode-extension/main-repo/javavscode/netbeans/ide/libs.lucene/external/lucene-core-3.6.2.jar:/Users/atalati/vscode-extension/main-repo/javavscode/netbeans/nbbuild/netbeans/ide/modules/ext/lucene-core-3.6.2.jar:/Users/atalati/vscode-extension/main-repo/javavscode/netbeans/nbbuild/netbeans/platform/modules/org-netbeans-modules-masterfs.jar:/Users/atalati/vscode-extension/main-repo/javavscode/netbeans/nbbuild/netbeans/ide/modules/org-netbeans-modules-parsing-indexing.jar:/Users/atalati/vscode-extension/main-repo/javavscode/netbeans/nbbuild/netbeans/ide/modules/org-netbeans-modules-project-indexingbridge.jar:/Users/atalati/vscode-extension/main-repo/javavscode/netbeans/nbbuild/netbeans/ide/modules/org-netbeans-modules-projectuiapi-base.jar:/Users/atalati/vscode-extension/main-repo/javavscode/netbeans/nbbuild/netbeans/ide/modules/org-netbeans-spi-tasklist.jar:/Users/atalati/vscode-extension/main-repo/javavscode/netbeans/nbbuild/netbeans/ide/modules/org-netbeans-modules-gsf-testrunner.jar:/Users/atalati/vscode-extension/main-repo/javavscode/netbeans/nbbuild/netbeans/ide/modules/org-netbeans-modules-extexecution.jar:/Users/atalati/vscode-extension/main-repo/javavscode/netbeans/nbbuild/netbeans/platform/modules/org-netbeans-api-annotations-common.jar:/Users/atalati/vscode-extension/main-repo/javavscode/netbeans/nbbuild/netbeans/platform/modules/org-netbeans-api-progress.jar:/Users/atalati/vscode-extension/main-repo/javavscode/netbeans/nbbuild/netbeans/platform/lib/org-openide-modules.jar:/Users/atalati/vscode-extension/main-repo/javavscode/netbeans/nbbuild/netbeans/platform/lib/org-openide-util-ui.jar:/Users/atalati/vscode-extension/main-repo/javavscode/netbeans/nbbuild/netbeans/platform/lib/org-openide-util.jar:/Users/atalati/vscode-extension/main-repo/javavscode/netbeans/nbbuild/netbeans/platform/lib/org-openide-util-lookup.jar:/Users/atalati/vscode-extension/main-repo/javavscode/netbeans/nbbuild/netbeans/ide/modules/org-netbeans-modules-extexecution-base.jar:/Users/atalati/vscode-extension/main-repo/javavscode/netbeans/nbbuild/netbeans/platform/core/org-openide-filesystems.jar:/Users/atalati/vscode-extension/main-repo/javavscode/netbeans/nbbuild/netbeans/platform/modules/org-openide-io.jar:/Users/atalati/vscode-extension/main-repo/javavscode/netbeans/nbbuild/netbeans/platform/modules/org-netbeans-api-intent.jar:/Users/atalati/vscode-extension/main-repo/javavscode/netbeans/nbbuild/netbeans/platform/modules/org-netbeans-api-io.jar:/Users/atalati/vscode-extension/main-repo/javavscode/netbeans/nbbuild/netbeans/ide/modules/org-netbeans-modules-projectapi.jar:/Users/atalati/vscode-extension/main-repo/javavscode/netbeans/nbbuild/netbeans/platform/modules/org-netbeans-modules-queries.jar:/Users/atalati/vscode-extension/main-repo/javavscode/netbeans/nbbuild/netbeans/ide/modules/org-netbeans-modules-gsf-testrunner-ui.jar:/Users/atalati/vscode-extension/main-repo/javavscode/netbeans/nbbuild/netbeans/platform/modules/org-netbeans-api-annotations-common.jar:/Users/atalati/vscode-extension/main-repo/javavscode/netbeans/nbbuild/netbeans/ide/modules/org-netbeans-api-java-classpath.jar:/Users/atalati/vscode-extension/main-repo/javavscode/netbeans/nbbuild/netbeans/platform/core/org-openide-filesystems.jar:/Users/atalati/vscode-extension/main-repo/javavscode/netbeans/nbbuild/netbeans/platform/lib/org-openide-util.jar:/Users/atalati/vscode-extension/main-repo/javavscode/netbeans/nbbuild/netbeans/platform/lib/org-openide-util-lookup.jar:/Users/atalati/vscode-extension/main-repo/javavscode/netbeans/nbbuild/netbeans/platform/modules/org-netbeans-api-progress.jar:/Users/atalati/vscode-extension/main-repo/javavscode/netbeans/nbbuild/netbeans/platform/lib/org-openide-modules.jar:/Users/atalati/vscode-extension/main-repo/javavscode/netbeans/nbbuild/netbeans/platform/lib/org-openide-util-ui.jar:/Users/atalati/vscode-extension/main-repo/javavscode/netbeans/nbbuild/netbeans/platform/modules/org-netbeans-api-progress-nb.jar:/Users/atalati/vscode-extension/main-repo/javavscode/netbeans/nbbuild/netbeans/platform/modules/org-openide-awt.jar:/Users/atalati/vscode-extension/main-repo/javavscode/netbeans/nbbuild/netbeans/ide/modules/org-netbeans-modules-diff.jar:/Users/atalati/vscode-extension/main-repo/javavscode/netbeans/nbbuild/netbeans/ide/modules/org-netbeans-modules-editor-errorstripe.jar:/Users/atalati/vscode-extension/main-repo/javavscode/netbeans/nbbuild/netbeans/ide/modules/org-netbeans-modules-editor-document.jar:/Users/atalati/vscode-extension/main-repo/javavscode/netbeans/nbbuild/netbeans/platform/modules/org-netbeans-modules-editor-mimelookup.jar:/Users/atalati/vscode-extension/main-repo/javavscode/netbeans/nbbuild/netbeans/ide/modules/org-netbeans-modules-editor-util.jar:/Users/atalati/vscode-extension/main-repo/javavscode/netbeans/nbbuild/netbeans/ide/modules/org-netbeans-modules-editor-errorstripe-api.jar:/Users/atalati/vscode-extension/main-repo/javavscode/netbeans/nbbuild/netbeans/ide/modules/org-netbeans-modules-editor-fold.jar:/Users/atalati/vscode-extension/main-repo/javavscode/netbeans/nbbuild/netbeans/ide/modules/org-netbeans-modules-editor-settings.jar:/Users/atalati/vscode-extension/main-repo/javavscode/netbeans/nbbuild/netbeans/ide/modules/org-netbeans-modules-lexer.jar:/Users/atalati/vscode-extension/main-repo/javavscode/netbeans/nbbuild/netbeans/ide/modules/org-netbeans-modules-editor-settings-lib.jar:/Users/atalati/vscode-extension/main-repo/javavscode/netbeans/nbbuild/netbeans/ide/modules/org-netbeans-modules-editor-lib.jar:/Users/atalati/vscode-extension/main-repo/javavscode/netbeans/nbbuild/netbeans/ide/modules/org-netbeans-modules-editor-guards.jar:/Users/atalati/vscode-extension/main-repo/javavscode/netbeans/nbbuild/netbeans/ide/modules/org-netbeans-modules-editor-indent.jar:/Users/atalati/vscode-extension/main-repo/javavscode/netbeans/nbbuild/netbeans/ide/modules/org-netbeans-modules-editor-lib2.jar:/Users/atalati/vscode-extension/main-repo/javavscode/netbeans/nbbuild/netbeans/platform/modules/org-openide-dialogs.jar:/Users/atalati/vscode-extension/main-repo/javavscode/netbeans/nbbuild/netbeans/platform/modules/org-openide-loaders.jar:/Users/atalati/vscode-extension/main-repo/javavscode/netbeans/nbbuild/netbeans/platform/modules/org-netbeans-api-scripting.jar:/Users/atalati/vscode-extension/main-repo/javavscode/netbeans/nbbuild/netbeans/platform/modules/org-netbeans-api-templates.jar:/Users/atalati/vscode-extension/main-repo/javavscode/netbeans/nbbuild/netbeans/platform/modules/org-netbeans-modules-queries.jar:/Users/atalati/vscode-extension/main-repo/javavscode/netbeans/nbbuild/netbeans/platform/modules/org-openide-actions.jar:/Users/atalati/vscode-extension/main-repo/javavscode/netbeans/nbbuild/netbeans/platform/modules/org-openide-explorer.jar:/Users/atalati/vscode-extension/main-repo/javavscode/netbeans/nbbuild/netbeans/platform/modules/org-netbeans-swing-outline.jar:/Users/atalati/vscode-extension/main-repo/javavscode/netbeans/nbbuild/netbeans/platform/modules/org-netbeans-swing-tabcontrol.jar:/Users/atalati/vscode-extension/main-repo/javavscode/netbeans/nbbuild/netbeans/platform/modules/org-openide-windows.jar:/Users/atalati/vscode-extension/main-repo/javavscode/netbeans/nbbuild/netbeans/platform/modules/org-openide-nodes.jar:/Users/atalati/vscode-extension/main-repo/javavscode/netbeans/nbbuild/netbeans/platform/modules/org-openide-text.jar:/Users/atalati/vscode-extension/main-repo/javavscode/netbeans/nbbuild/netbeans/platform/modules/org-openide-filesystems-nb.jar:/Users/atalati/vscode-extension/main-repo/javavscode/netbeans/nbbuild/netbeans/platform/modules/org-netbeans-modules-options-api.jar:/Users/atalati/vscode-extension/main-repo/javavscode/netbeans/nbbuild/netbeans/platform/modules/org-netbeans-core.jar:/Users/atalati/vscode-extension/main-repo/javavscode/netbeans/nbbuild/netbeans/platform/lib/boot.jar:/Users/atalati/vscode-extension/main-repo/javavscode/netbeans/nbbuild/netbeans/platform/core/core.jar:/Users/atalati/vscode-extension/main-repo/javavscode/netbeans/nbbuild/netbeans/platform/core/org-netbeans-libs-asm.jar:/Users/atalati/vscode-extension/main-repo/javavscode/netbeans/platform/libs.asm/external/asm-9.6.jar:/Users/atalati/vscode-extension/main-repo/javavscode/netbeans/nbbuild/netbeans/platform/core/asm-9.6.jar:/Users/atalati/vscode-extension/main-repo/javavscode/netbeans/platform/libs.asm/external/asm-tree-9.6.jar:/Users/atalati/vscode-extension/main-repo/javavscode/netbeans/nbbuild/netbeans/platform/core/asm-tree-9.6.jar:/Users/atalati/vscode-extension/main-repo/javavscode/netbeans/platform/libs.asm/external/asm-commons-9.6.jar:/Users/atalati/vscode-extension/main-repo/javavscode/netbeans/nbbuild/netbeans/platform/core/asm-commons-9.6.jar:/Users/atalati/vscode-extension/main-repo/javavscode/netbeans/nbbuild/netbeans/platform/core/core-base.jar:/Users/atalati/vscode-extension/main-repo/javavscode/netbeans/nbbuild/netbeans/platform/modules/org-netbeans-modules-keyring.jar:/Users/atalati/vscode-extension/main-repo/javavscode/netbeans/nbbuild/netbeans/platform/modules/org-netbeans-modules-sampler.jar:/Users/atalati/vscode-extension/main-repo/javavscode/netbeans/nbbuild/netbeans/platform/modules/org-netbeans-swing-plaf.jar:/Users/atalati/vscode-extension/main-repo/javavscode/netbeans/nbbuild/netbeans/platform/modules/org-openide-io.jar:/Users/atalati/vscode-extension/main-repo/javavscode/netbeans/nbbuild/netbeans/platform/modules/org-netbeans-api-intent.jar:/Users/atalati/vscode-extension/main-repo/javavscode/netbeans/nbbuild/netbeans/platform/modules/org-netbeans-api-io.jar:/Users/atalati/vscode-extension/main-repo/javavscode/netbeans/nbbuild/netbeans/platform/modules/org-netbeans-spi-quicksearch.jar:/Users/atalati/vscode-extension/main-repo/javavscode/netbeans/nbbuild/netbeans/ide/modules/org-netbeans-modules-options-editor.jar:/Users/atalati/vscode-extension/main-repo/javavscode/netbeans/nbbuild/netbeans/ide/modules/org-netbeans-modules-editor.jar:/Users/atalati/vscode-extension/main-repo/javavscode/netbeans/nbbuild/netbeans/ide/modules/org-netbeans-api-lsp.jar:/Users/atalati/vscode-extension/main-repo/javavscode/netbeans/nbbuild/netbeans/ide/modules/org-netbeans-modules-editor-fold-nbui.jar:/Users/atalati/vscode-extension/main-repo/javavscode/netbeans/nbbuild/netbeans/ide/modules/org-netbeans-modules-editor-settings-storage.jar:/Users/atalati/vscode-extension/main-repo/javavscode/netbeans/nbbuild/netbeans/platform/modules/org-netbeans-modules-options-keymap.jar:/Users/atalati/vscode-extension/main-repo/javavscode/netbeans/nbbuild/netbeans/ide/modules/org-netbeans-modules-projectapi.jar:/Users/atalati/vscode-extension/main-repo/javavscode/netbeans/nbbuild/netbeans/ide/modules/org-netbeans-modules-extexecution.jar:/Users/atalati/vscode-extension/main-repo/javavscode/netbeans/nbbuild/netbeans/ide/modules/org-netbeans-modules-extexecution-base.jar:/Users/atalati/vscode-extension/main-repo/javavscode/netbeans/nbbuild/netbeans/ide/modules/org-netbeans-modules-gsf-testrunner.jar:/Users/atalati/vscode-extension/main-repo/javavscode/netbeans/nbbuild/netbeans/ide/modules/org-netbeans-modules-parsing-api.jar:/Users/atalati/vscode-extension/main-repo/javavscode/netbeans/nbbuild/netbeans/ide/modules/org-netbeans-modules-parsing-lucene.jar:/Users/atalati/vscode-extension/main-repo/javavscode/netbeans/nbbuild/netbeans/ide/modules/org-netbeans-libs-lucene.jar:/Users/atalati/vscode-extension/main-repo/javavscode/netbeans/ide/libs.lucene/external/lucene-core-3.6.2.jar:/Users/atalati/vscode-extension/main-repo/javavscode/netbeans/nbbuild/netbeans/ide/modules/ext/lucene-core-3.6.2.jar:/Users/atalati/vscode-extension/main-repo/javavscode/netbeans/nbbuild/netbeans/platform/modules/org-netbeans-modules-masterfs.jar:/Users/atalati/vscode-extension/main-repo/javavscode/netbeans/nbbuild/netbeans/ide/modules/org-netbeans-modules-parsing-indexing.jar:/Users/atalati/vscode-extension/main-repo/javavscode/netbeans/nbbuild/netbeans/ide/modules/org-netbeans-modules-project-indexingbridge.jar:/Users/atalati/vscode-extension/main-repo/javavscode/netbeans/nbbuild/netbeans/ide/modules/org-netbeans-modules-projectuiapi-base.jar:/Users/atalati/vscode-extension/main-repo/javavscode/netbeans/nbbuild/netbeans/ide/modules/org-netbeans-spi-tasklist.jar:/Users/atalati/vscode-extension/main-repo/javavscode/netbeans/nbbuild/netbeans/java/modules/org-netbeans-modules-java-completion.jar:/Users/atalati/vscode-extension/main-repo/javavscode/netbeans/nbbuild/netbeans/platform/modules/org-netbeans-api-annotations-common.jar:/Users/atalati/vscode-extension/main-repo/javavscode/netbeans/nbbuild/netbeans/ide/modules/org-netbeans-api-java-classpath.jar:/Users/atalati/vscode-extension/main-repo/javavscode/netbeans/nbbuild/netbeans/platform/core/org-openide-filesystems.jar:/Users/atalati/vscode-extension/main-repo/javavscode/netbeans/nbbuild/netbeans/platform/lib/org-openide-util.jar:/Users/atalati/vscode-extension/main-repo/javavscode/netbeans/nbbuild/netbeans/platform/lib/org-openide-util-lookup.jar:/Users/atalati/vscode-extension/main-repo/javavscode/netbeans/nbbuild/netbeans/java/modules/org-netbeans-libs-javacapi.jar:/Users/atalati/vscode-extension/main-repo/javavscode/netbeans/java/libs.javacapi/external/nb-javac-jdk-22+33-api.jar:/Users/atalati/vscode-extension/main-repo/javavscode/netbeans/java/libs.javacapi/external/nb-javac-jdk-22+33.jar:/Users/atalati/vscode-extension/main-repo/javavscode/netbeans/nbbuild/netbeans/platform/modules/org-netbeans-modules-editor-mimelookup.jar:/Users/atalati/vscode-extension/main-repo/javavscode/netbeans/nbbuild/netbeans/java/modules/org-netbeans-modules-java-lexer.jar:/Users/atalati/vscode-extension/main-repo/javavscode/netbeans/nbbuild/netbeans/ide/modules/org-netbeans-modules-lexer.jar:/Users/atalati/vscode-extension/main-repo/javavscode/netbeans/nbbuild/netbeans/ide/modules/org-netbeans-modules-editor-util.jar:/Users/atalati/vscode-extension/main-repo/javavscode/netbeans/nbbuild/netbeans/platform/lib/org-openide-util-ui.jar:/Users/atalati/vscode-extension/main-repo/javavscode/netbeans/nbbuild/netbeans/java/modules/org-netbeans-modules-java-source-base.jar:/Users/atalati/vscode-extension/main-repo/javavscode/netbeans/nbbuild/netbeans/java/modules/org-netbeans-api-java.jar:/Users/atalati/vscode-extension/main-repo/javavscode/netbeans/nbbuild/netbeans/platform/lib/org-openide-modules.jar:/Users/atalati/vscode-extension/main-repo/javavscode/netbeans/nbbuild/netbeans/platform/modules/org-netbeans-api-progress.jar:/Users/atalati/vscode-extension/main-repo/javavscode/netbeans/nbbuild/netbeans/platform/modules/org-netbeans-api-scripting.jar:/Users/atalati/vscode-extension/main-repo/javavscode/netbeans/nbbuild/netbeans/java/modules/org-netbeans-lib-nbjavac.jar:/Users/atalati/vscode-extension/main-repo/javavscode/netbeans/nbbuild/netbeans/platform/core/org-netbeans-libs-asm.jar:/Users/atalati/vscode-extension/main-repo/javavscode/netbeans/platform/libs.asm/external/asm-9.6.jar:/Users/atalati/vscode-extension/main-repo/javavscode/netbeans/nbbuild/netbeans/platform/core/asm-9.6.jar:/Users/atalati/vscode-extension/main-repo/javavscode/netbeans/platform/libs.asm/external/asm-tree-9.6.jar:/Users/atalati/vscode-extension/main-repo/javavscode/netbeans/nbbuild/netbeans/platform/core/asm-tree-9.6.jar:/Users/atalati/vscode-extension/main-repo/javavscode/netbeans/platform/libs.asm/external/asm-commons-9.6.jar:/Users/atalati/vscode-extension/main-repo/javavscode/netbeans/nbbuild/netbeans/platform/core/asm-commons-9.6.jar:/Users/atalati/vscode-extension/main-repo/javavscode/netbeans/nbbuild/netbeans/ide/modules/org-netbeans-libs-lucene.jar:/Users/atalati/vscode-extension/main-repo/javavscode/netbeans/ide/libs.lucene/external/lucene-core-3.6.2.jar:/Users/atalati/vscode-extension/main-repo/javavscode/netbeans/nbbuild/netbeans/ide/modules/ext/lucene-core-3.6.2.jar:/Users/atalati/vscode-extension/main-repo/javavscode/netbeans/nbbuild/netbeans/java/modules/org-netbeans-modules-classfile.jar:/Users/atalati/vscode-extension/main-repo/javavscode/netbeans/nbbuild/netbeans/ide/modules/org-netbeans-modules-editor-document.jar:/Users/atalati/vscode-extension/main-repo/javavscode/netbeans/nbbuild/netbeans/ide/modules/org-netbeans-modules-editor-guards.jar:/Users/atalati/vscode-extension/main-repo/javavscode/netbeans/nbbuild/netbeans/ide/modules/org-netbeans-modules-editor-indent.jar:/Users/atalati/vscode-extension/main-repo/javavscode/netbeans/nbbuild/netbeans/ide/modules/org-netbeans-modules-editor-settings.jar:/Users/atalati/vscode-extension/main-repo/javavscode/netbeans/nbbuild/netbeans/java/modules/org-netbeans-modules-java-platform.jar:/Users/atalati/vscode-extension/main-repo/javavscode/netbeans/nbbuild/netbeans/java/modules/org-netbeans-modules-java-preprocessorbridge.jar:/Users/atalati/vscode-extension/main-repo/javavscode/netbeans/nbbuild/netbeans/ide/modules/org-netbeans-modules-parsing-api.jar:/Users/atalati/vscode-extension/main-repo/javavscode/netbeans/nbbuild/netbeans/ide/modules/org-netbeans-modules-parsing-lucene.jar:/Users/atalati/vscode-extension/main-repo/javavscode/netbeans/nbbuild/netbeans/platform/modules/org-netbeans-modules-masterfs.jar:/Users/atalati/vscode-extension/main-repo/javavscode/netbeans/nbbuild/netbeans/platform/modules/org-netbeans-modules-queries.jar:/Users/atalati/vscode-extension/main-repo/javavscode/netbeans/nbbuild/netbeans/ide/modules/org-netbeans-modules-projectapi.jar:/Users/atalati/vscode-extension/main-repo/javavscode/netbeans/nbbuild/netbeans/ide/modules/org-netbeans-modules-parsing-indexing.jar:/Users/atalati/vscode-extension/main-repo/javavscode/netbeans/nbbuild/netbeans/ide/modules/org-netbeans-modules-project-indexingbridge.jar:/Users/atalati/vscode-extension/main-repo/javavscode/netbeans/nbbuild/netbeans/ide/modules/org-netbeans-modules-projectuiapi-base.jar:/Users/atalati/vscode-extension/main-repo/javavscode/netbeans/nbbuild/netbeans/platform/modules/org-openide-explorer.jar:/Users/atalati/vscode-extension/main-repo/javavscode/netbeans/nbbuild/netbeans/platform/modules/org-netbeans-swing-outline.jar:/Users/atalati/vscode-extension/main-repo/javavscode/netbeans/nbbuild/netbeans/platform/modules/org-netbeans-swing-tabcontrol.jar:/Users/atalati/vscode-extension/main-repo/javavscode/netbeans/nbbuild/netbeans/platform/modules/org-openide-awt.jar:/Users/atalati/vscode-extension/main-repo/javavscode/netbeans/nbbuild/netbeans/platform/modules/org-openide-windows.jar:/Users/atalati/vscode-extension/main-repo/javavscode/netbeans/nbbuild/netbeans/platform/modules/org-openide-nodes.jar:/Users/atalati/vscode-extension/main-repo/javavscode/netbeans/nbbuild/netbeans/platform/modules/org-openide-dialogs.jar:/Users/atalati/vscode-extension/main-repo/javavscode/netbeans/nbbuild/netbeans/platform/modules/org-netbeans-api-progress-nb.jar:/Users/atalati/vscode-extension/main-repo/javavscode/netbeans/nbbuild/netbeans/ide/modules/org-netbeans-spi-tasklist.jar:/Users/atalati/vscode-extension/main-repo/javavscode/netbeans/nbbuild/netbeans/ide/modules/org-netbeans-modules-refactoring-api.jar:/Users/atalati/vscode-extension/main-repo/javavscode/netbeans/nbbuild/netbeans/ide/modules/org-netbeans-modules-diff.jar:/Users/atalati/vscode-extension/main-repo/javavscode/netbeans/nbbuild/netbeans/ide/modules/org-netbeans-modules-editor-errorstripe.jar:/Users/atalati/vscode-extension/main-repo/javavscode/netbeans/nbbuild/netbeans/ide/modules/org-netbeans-modules-editor-errorstripe-api.jar:/Users/atalati/vscode-extension/main-repo/javavscode/netbeans/nbbuild/netbeans/ide/modules/org-netbeans-modules-editor-fold.jar:/Users/atalati/vscode-extension/main-repo/javavscode/netbeans/nbbuild/netbeans/ide/modules/org-netbeans-modules-editor-settings-lib.jar:/Users/atalati/vscode-extension/main-repo/javavscode/netbeans/nbbuild/netbeans/ide/modules/org-netbeans-modules-editor-lib.jar:/Users/atalati/vscode-extension/main-repo/javavscode/netbeans/nbbuild/netbeans/ide/modules/org-netbeans-modules-editor-lib2.jar:/Users/atalati/vscode-extension/main-repo/javavscode/netbeans/nbbuild/netbeans/platform/modules/org-openide-loaders.jar:/Users/atalati/vscode-extension/main-repo/javavscode/netbeans/nbbuild/netbeans/platform/modules/org-netbeans-api-templates.jar:/Users/atalati/vscode-extension/main-repo/javavscode/netbeans/nbbuild/netbeans/platform/modules/org-openide-actions.jar:/Users/atalati/vscode-extension/main-repo/javavscode/netbeans/nbbuild/netbeans/platform/modules/org-openide-text.jar:/Users/atalati/vscode-extension/main-repo/javavscode/netbeans/nbbuild/netbeans/platform/modules/org-openide-filesystems-nb.jar:/Users/atalati/vscode-extension/main-repo/javavscode/netbeans/nbbuild/netbeans/platform/modules/org-netbeans-modules-options-api.jar:/Users/atalati/vscode-extension/main-repo/javavscode/netbeans/nbbuild/netbeans/platform/modules/org-netbeans-core.jar:/Users/atalati/vscode-extension/main-repo/javavscode/netbeans/nbbuild/netbeans/platform/lib/boot.jar:/Users/atalati/vscode-extension/main-repo/javavscode/netbeans/nbbuild/netbeans/platform/core/core.jar:/Users/atalati/vscode-extension/main-repo/javavscode/netbeans/nbbuild/netbeans/platform/core/core-base.jar:/Users/atalati/vscode-extension/main-repo/javavscode/netbeans/nbbuild/netbeans/platform/modules/org-netbeans-modules-keyring.jar:/Users/atalati/vscode-extension/main-repo/javavscode/netbeans/nbbuild/netbeans/platform/modules/org-netbeans-modules-sampler.jar:/Users/atalati/vscode-extension/main-repo/javavscode/netbeans/nbbuild/netbeans/platform/modules/org-netbeans-swing-plaf.jar:/Users/atalati/vscode-extension/main-repo/javavscode/netbeans/nbbuild/netbeans/platform/modules/org-openide-io.jar:/Users/atalati/vscode-extension/main-repo/javavscode/netbeans/nbbuild/netbeans/platform/modules/org-netbeans-api-intent.jar:/Users/atalati/vscode-extension/main-repo/javavscode/netbeans/nbbuild/netbeans/platform/modules/org-netbeans-api-io.jar:/Users/atalati/vscode-extension/main-repo/javavscode/netbeans/nbbuild/netbeans/platform/modules/org-netbeans-spi-quicksearch.jar:/Users/atalati/vscode-extension/main-repo/javavscode/netbeans/nbbuild/netbeans/ide/modules/org-netbeans-modules-options-editor.jar:/Users/atalati/vscode-extension/main-repo/javavscode/netbeans/nbbuild/netbeans/ide/modules/org-netbeans-modules-editor.jar:/Users/atalati/vscode-extension/main-repo/javavscode/netbeans/nbbuild/netbeans/ide/modules/org-netbeans-api-lsp.jar:/Users/atalati/vscode-extension/main-repo/javavscode/netbeans/nbbuild/netbeans/ide/modules/org-netbeans-modules-editor-fold-nbui.jar:/Users/atalati/vscode-extension/main-repo/javavscode/netbeans/nbbuild/netbeans/ide/modules/org-netbeans-modules-editor-settings-storage.jar:/Users/atalati/vscode-extension/main-repo/javavscode/netbeans/nbbuild/netbeans/platform/modules/org-netbeans-modules-options-keymap.jar:/Users/atalati/vscode-extension/main-repo/javavscode/netbeans/nbbuild/netbeans/java/modules/org-netbeans-modules-java-editor.jar:/Users/atalati/vscode-extension/main-repo/javavscode/netbeans/nbbuild/netbeans/platform/modules/org-netbeans-api-annotations-common.jar:/Users/atalati/vscode-extension/main-repo/javavscode/netbeans/nbbuild/netbeans/java/modules/org-netbeans-api-java.jar:/Users/atalati/vscode-extension/main-repo/javavscode/netbeans/nbbuild/netbeans/ide/modules/org-netbeans-api-java-classpath.jar:/Users/atalati/vscode-extension/main-repo/javavscode/netbeans/nbbuild/netbeans/platform/core/org-openide-filesystems.jar:/Users/atalati/vscode-extension/main-repo/javavscode/netbeans/nbbuild/netbeans/platform/lib/org-openide-util.jar:/Users/atalati/vscode-extension/main-repo/javavscode/netbeans/nbbuild/netbeans/platform/lib/org-openide-util-lookup.jar:/Users/atalati/vscode-extension/main-repo/javavscode/netbeans/nbbuild/netbeans/platform/lib/org-openide-modules.jar:/Users/atalati/vscode-extension/main-repo/javavscode/netbeans/nbbuild/netbeans/platform/lib/org-openide-util-ui.jar:/Users/atalati/vscode-extension/main-repo/javavscode/netbeans/nbbuild/netbeans/ide/modules/org-netbeans-api-lsp.jar:/Users/atalati/vscode-extension/main-repo/javavscode/netbeans/nbbuild/netbeans/platform/modules/org-netbeans-modules-editor-mimelookup.jar:/Users/atalati/vscode-extension/main-repo/javavscode/netbeans/nbbuild/netbeans/ide/modules/org-netbeans-modules-editor-util.jar:/Users/atalati/vscode-extension/main-repo/javavscode/netbeans/nbbuild/netbeans/platform/modules/org-netbeans-api-progress.jar:/Users/atalati/vscode-extension/main-repo/javavscode/netbeans/nbbuild/netbeans/platform/modules/org-netbeans-api-progress-nb.jar:/Users/atalati/vscode-extension/main-repo/javavscode/netbeans/nbbuild/netbeans/platform/modules/org-openide-awt.jar:/Users/atalati/vscode-extension/main-repo/javavscode/netbeans/nbbuild/netbeans/java/modules/org-netbeans-libs-javacapi.jar:/Users/atalati/vscode-extension/main-repo/javavscode/netbeans/java/libs.javacapi/external/nb-javac-jdk-22+33-api.jar:/Users/atalati/vscode-extension/main-repo/javavscode/netbeans/java/libs.javacapi/external/nb-javac-jdk-22+33.jar:/Users/atalati/vscode-extension/main-repo/javavscode/netbeans/nbbuild/netbeans/ide/modules/org-netbeans-modules-editor.jar:/Users/atalati/vscode-extension/main-repo/javavscode/netbeans/nbbuild/netbeans/ide/modules/org-netbeans-modules-editor-document.jar:/Users/atalati/vscode-extension/main-repo/javavscode/netbeans/nbbuild/netbeans/ide/modules/org-netbeans-modules-editor-fold.jar:/Users/atalati/vscode-extension/main-repo/javavscode/netbeans/nbbuild/netbeans/ide/modules/org-netbeans-modules-editor-settings.jar:/Users/atalati/vscode-extension/main-repo/javavscode/netbeans/nbbuild/netbeans/ide/modules/org-netbeans-modules-lexer.jar:/Users/atalati/vscode-extension/main-repo/javavscode/netbeans/nbbuild/netbeans/ide/modules/org-netbeans-modules-editor-settings-lib.jar:/Users/atalati/vscode-extension/main-repo/javavscode/netbeans/nbbuild/netbeans/ide/modules/org-netbeans-modules-editor-fold-nbui.jar:/Users/atalati/vscode-extension/main-repo/javavscode/netbeans/nbbuild/netbeans/ide/modules/org-netbeans-modules-editor-lib.jar:/Users/atalati/vscode-extension/main-repo/javavscode/netbeans/nbbuild/netbeans/ide/modules/org-netbeans-modules-editor-guards.jar:/Users/atalati/vscode-extension/main-repo/javavscode/netbeans/nbbuild/netbeans/ide/modules/org-netbeans-modules-editor-indent.jar:/Users/atalati/vscode-extension/main-repo/javavscode/netbeans/nbbuild/netbeans/ide/modules/org-netbeans-modules-editor-lib2.jar:/Users/atalati/vscode-extension/main-repo/javavscode/netbeans/nbbuild/netbeans/platform/modules/org-openide-dialogs.jar:/Users/atalati/vscode-extension/main-repo/javavscode/netbeans/nbbuild/netbeans/ide/modules/org-netbeans-modules-editor-settings-storage.jar:/Users/atalati/vscode-extension/main-repo/javavscode/netbeans/nbbuild/netbeans/platform/modules/org-openide-filesystems-nb.jar:/Users/atalati/vscode-extension/main-repo/javavscode/netbeans/nbbuild/netbeans/platform/modules/org-netbeans-modules-options-keymap.jar:/Users/atalati/vscode-extension/main-repo/javavscode/netbeans/nbbuild/netbeans/platform/modules/org-netbeans-modules-options-api.jar:/Users/atalati/vscode-extension/main-repo/javavscode/netbeans/nbbuild/netbeans/platform/modules/org-netbeans-core.jar:/Users/atalati/vscode-extension/main-repo/javavscode/netbeans/nbbuild/netbeans/platform/lib/boot.jar:/Users/atalati/vscode-extension/main-repo/javavscode/netbeans/nbbuild/netbeans/platform/core/core.jar:/Users/atalati/vscode-extension/main-repo/javavscode/netbeans/nbbuild/netbeans/platform/core/org-netbeans-libs-asm.jar:/Users/atalati/vscode-extension/main-repo/javavscode/netbeans/platform/libs.asm/external/asm-9.6.jar:/Users/atalati/vscode-extension/main-repo/javavscode/netbeans/nbbuild/netbeans/platform/core/asm-9.6.jar:/Users/atalati/vscode-extension/main-repo/javavscode/netbeans/platform/libs.asm/external/asm-tree-9.6.jar:/Users/atalati/vscode-extension/main-repo/javavscode/netbeans/nbbuild/netbeans/platform/core/asm-tree-9.6.jar:/Users/atalati/vscode-extension/main-repo/javavscode/netbeans/platform/libs.asm/external/asm-commons-9.6.jar:/Users/atalati/vscode-extension/main-repo/javavscode/netbeans/nbbuild/netbeans/platform/core/asm-commons-9.6.jar:/Users/atalati/vscode-extension/main-repo/javavscode/netbeans/nbbuild/netbeans/platform/core/core-base.jar:/Users/atalati/vscode-extension/main-repo/javavscode/netbeans/nbbuild/netbeans/platform/modules/org-netbeans-modules-keyring.jar:/Users/atalati/vscode-extension/main-repo/javavscode/netbeans/nbbuild/netbeans/platform/modules/org-netbeans-modules-sampler.jar:/Users/atalati/vscode-extension/main-repo/javavscode/netbeans/nbbuild/netbeans/platform/modules/org-netbeans-swing-plaf.jar:/Users/atalati/vscode-extension/main-repo/javavscode/netbeans/nbbuild/netbeans/platform/modules/org-openide-actions.jar:/Users/atalati/vscode-extension/main-repo/javavscode/netbeans/nbbuild/netbeans/platform/modules/org-openide-explorer.jar:/Users/atalati/vscode-extension/main-repo/javavscode/netbeans/nbbuild/netbeans/platform/modules/org-netbeans-swing-outline.jar:/Users/atalati/vscode-extension/main-repo/javavscode/netbeans/nbbuild/netbeans/platform/modules/org-netbeans-swing-tabcontrol.jar:/Users/atalati/vscode-extension/main-repo/javavscode/netbeans/nbbuild/netbeans/platform/modules/org-openide-windows.jar:/Users/atalati/vscode-extension/main-repo/javavscode/netbeans/nbbuild/netbeans/platform/modules/org-openide-nodes.jar:/Users/atalati/vscode-extension/main-repo/javavscode/netbeans/nbbuild/netbeans/platform/modules/org-openide-text.jar:/Users/atalati/vscode-extension/main-repo/javavscode/netbeans/nbbuild/netbeans/platform/modules/org-openide-io.jar:/Users/atalati/vscode-extension/main-repo/javavscode/netbeans/nbbuild/netbeans/platform/modules/org-netbeans-api-intent.jar:/Users/atalati/vscode-extension/main-repo/javavscode/netbeans/nbbuild/netbeans/platform/modules/org-netbeans-api-io.jar:/Users/atalati/vscode-extension/main-repo/javavscode/netbeans/nbbuild/netbeans/platform/modules/org-openide-loaders.jar:/Users/atalati/vscode-extension/main-repo/javavscode/netbeans/nbbuild/netbeans/platform/modules/org-netbeans-api-scripting.jar:/Users/atalati/vscode-extension/main-repo/javavscode/netbeans/nbbuild/netbeans/platform/modules/org-netbeans-api-templates.jar:/Users/atalati/vscode-extension/main-repo/javavscode/netbeans/nbbuild/netbeans/platform/modules/org-netbeans-modules-queries.jar:/Users/atalati/vscode-extension/main-repo/javavscode/netbeans/nbbuild/netbeans/platform/modules/org-netbeans-spi-quicksearch.jar:/Users/atalati/vscode-extension/main-repo/javavscode/netbeans/nbbuild/netbeans/ide/modules/org-netbeans-modules-editor-bracesmatching.jar:/Users/atalati/vscode-extension/main-repo/javavscode/netbeans/nbbuild/netbeans/ide/modules/org-netbeans-modules-editor-codetemplates.jar:/Users/atalati/vscode-extension/main-repo/javavscode/netbeans/nbbuild/netbeans/ide/modules/org-netbeans-modules-editor-completion.jar:/Users/atalati/vscode-extension/main-repo/javavscode/netbeans/nbbuild/netbeans/ide/modules/org-netbeans-spi-editor-hints.jar:/Users/atalati/vscode-extension/main-repo/javavscode/netbeans/nbbuild/netbeans/ide/modules/org-netbeans-modules-editor-errorstripe.jar:/Users/atalati/vscode-extension/main-repo/javavscode/netbeans/nbbuild/netbeans/ide/modules/org-netbeans-modules-editor-errorstripe-api.jar:/Users/atalati/vscode-extension/main-repo/javavscode/netbeans/nbbuild/netbeans/java/modules/org-netbeans-modules-java-completion.jar:/Users/atalati/vscode-extension/main-repo/javavscode/netbeans/nbbuild/netbeans/java/modules/org-netbeans-modules-java-lexer.jar:/Users/atalati/vscode-extension/main-repo/javavscode/netbeans/nbbuild/netbeans/java/modules/org-netbeans-modules-java-source-base.jar:/Users/atalati/vscode-extension/main-repo/javavscode/netbeans/nbbuild/netbeans/java/modules/org-netbeans-lib-nbjavac.jar:/Users/atalati/vscode-extension/main-repo/javavscode/netbeans/nbbuild/netbeans/ide/modules/org-netbeans-libs-lucene.jar:/Users/atalati/vscode-extension/main-repo/javavscode/netbeans/ide/libs.lucene/external/lucene-core-3.6.2.jar:/Users/atalati/vscode-extension/main-repo/javavscode/netbeans/nbbuild/netbeans/ide/modules/ext/lucene-core-3.6.2.jar:/Users/atalati/vscode-extension/main-repo/javavscode/netbeans/nbbuild/netbeans/java/modules/org-netbeans-modules-classfile.jar:/Users/atalati/vscode-extension/main-repo/javavscode/netbeans/nbbuild/netbeans/java/modules/org-netbeans-modules-java-platform.jar:/Users/atalati/vscode-extension/main-repo/javavscode/netbeans/nbbuild/netbeans/java/modules/org-netbeans-modules-java-preprocessorbridge.jar:/Users/atalati/vscode-extension/main-repo/javavscode/netbeans/nbbuild/netbeans/ide/modules/org-netbeans-modules-parsing-api.jar:/Users/atalati/vscode-extension/main-repo/javavscode/netbeans/nbbuild/netbeans/ide/modules/org-netbeans-modules-parsing-lucene.jar:/Users/atalati/vscode-extension/main-repo/javavscode/netbeans/nbbuild/netbeans/platform/modules/org-netbeans-modules-masterfs.jar:/Users/atalati/vscode-extension/main-repo/javavscode/netbeans/nbbuild/netbeans/ide/modules/org-netbeans-modules-projectapi.jar:/Users/atalati/vscode-extension/main-repo/javavscode/netbeans/nbbuild/netbeans/ide/modules/org-netbeans-modules-parsing-indexing.jar:/Users/atalati/vscode-extension/main-repo/javavscode/netbeans/nbbuild/netbeans/ide/modules/org-netbeans-modules-project-indexingbridge.jar:/Users/atalati/vscode-extension/main-repo/javavscode/netbeans/nbbuild/netbeans/ide/modules/org-netbeans-modules-projectuiapi-base.jar:/Users/atalati/vscode-extension/main-repo/javavscode/netbeans/nbbuild/netbeans/ide/modules/org-netbeans-spi-tasklist.jar:/Users/atalati/vscode-extension/main-repo/javavscode/netbeans/nbbuild/netbeans/ide/modules/org-netbeans-modules-refactoring-api.jar:/Users/atalati/vscode-extension/main-repo/javavscode/netbeans/nbbuild/netbeans/ide/modules/org-netbeans-modules-diff.jar:/Users/atalati/vscode-extension/main-repo/javavscode/netbeans/nbbuild/netbeans/ide/modules/org-netbeans-modules-options-editor.jar:/Users/atalati/vscode-extension/main-repo/javavscode/netbeans/nbbuild/netbeans/java/modules/org-netbeans-modules-java-editor-base.jar:/Users/atalati/vscode-extension/main-repo/javavscode/netbeans/nbbuild/netbeans/java/modules/org-netbeans-modules-java-project.jar:/Users/atalati/vscode-extension/main-repo/javavscode/netbeans/nbbuild/netbeans/ide/modules/org-netbeans-modules-project-ant.jar:/Users/atalati/vscode-extension/main-repo/javavscode/netbeans/nbbuild/netbeans/ide/modules/org-netbeans-modules-project-libraries.jar:/Users/atalati/vscode-extension/main-repo/javavscode/netbeans/nbbuild/netbeans/ide/modules/org-netbeans-modules-project-spi-intern.jar:/Users/atalati/vscode-extension/main-repo/javavscode/netbeans/nbbuild/netbeans/ide/modules/org-netbeans-modules-xml-catalog.jar:/Users/atalati/vscode-extension/main-repo/javavscode/netbeans/nbbuild/netbeans/ide/modules/org-apache-xml-resolver.jar:/Users/atalati/vscode-extension/main-repo/javavscode/netbeans/ide/o.apache.xml.resolver/external/resolver-1.2.jar:/Users/atalati/vscode-extension/main-repo/javavscode/netbeans/nbbuild/netbeans/ide/modules/ext/resolver-1.2.jar:/Users/atalati/vscode-extension/main-repo/javavscode/netbeans/nbbuild/netbeans/ide/modules/org-netbeans-api-xml.jar:/Users/atalati/vscode-extension/main-repo/javavscode/netbeans/nbbuild/netbeans/java/modules/org-netbeans-spi-java-hints.jar:/Users/atalati/vscode-extension/main-repo/javavscode/netbeans/nbbuild/netbeans/ide/modules/org-netbeans-modules-code-analysis.jar:/Users/atalati/vscode-extension/main-repo/javavscode/netbeans/nbbuild/netbeans/platform/modules/org-netbeans-modules-autoupdate-services.jar:/Users/atalati/vscode-extension/main-repo/javavscode/netbeans/nbbuild/netbeans/platform/modules/ext/updater.jar:/Users/atalati/vscode-extension/main-repo/javavscode/netbeans/nbbuild/netbeans/ide/modules/org-netbeans-modules-projectuiapi.jar:/Users/atalati/vscode-extension/main-repo/javavscode/netbeans/nbbuild/netbeans/platform/modules/org-netbeans-modules-settings.jar:/Users/atalati/vscode-extension/main-repo/javavscode/netbeans/nbbuild/netbeans/java/modules/org-netbeans-modules-java-source.jar:/Users/atalati/vscode-extension/main-repo/javavscode/netbeans/nbbuild/netbeans/platform/modules/org-netbeans-core-multiview.jar:/Users/atalati/vscode-extension/main-repo/javavscode/netbeans/nbbuild/netbeans/ide/modules/org-netbeans-modules-editor-indent-project.jar:/Users/atalati/vscode-extension/main-repo/javavscode/netbeans/nbbuild/netbeans/ide/modules/org-netbeans-modules-editor-indent-support.jar:/Users/atalati/vscode-extension/main-repo/javavscode/netbeans/nbbuild/netbeans/java/modules/org-netbeans-modules-java-sourceui.jar:/Users/atalati/vscode-extension/main-repo/javavscode/netbeans/nbbuild/netbeans/ide/modules/org-netbeans-modules-jumpto.jar:/Users/atalati/vscode-extension/main-repo/javavscode/netbeans/nbbuild/netbeans/platform/modules/org-netbeans-api-search.jar:/Users/atalati/vscode-extension/main-repo/javavscode/netbeans/nbbuild/netbeans/platform/modules/org-netbeans-core-ui.jar:/Users/atalati/vscode-extension/main-repo/javavscode/netbeans/nbbuild/netbeans/java/modules/org-netbeans-modules-refactoring-java.jar:/Users/atalati/vscode-extension/main-repo/javavscode/netbeans/nbbuild/netbeans/ide/modules/org-netbeans-modules-gototest.jar:/Users/atalati/vscode-extension/main-repo/javavscode/netbeans/nbbuild/netbeans/ide/modules/org-netbeans-modules-gsf-testrunner.jar:/Users/atalati/vscode-extension/main-repo/javavscode/netbeans/nbbuild/netbeans/ide/modules/org-netbeans-modules-extexecution.jar:/Users/atalati/vscode-extension/main-repo/javavscode/netbeans/nbbuild/netbeans/ide/modules/org-netbeans-modules-extexecution-base.jar:/Users/atalati/vscode-extension/main-repo/javavscode/netbeans/nbbuild/netbeans/ide/modules/org-netbeans-modules-gsf-testrunner-ui.jar:/Users/atalati/vscode-extension/main-repo/javavscode/netbeans/nbbuild/netbeans/java/modules/org-netbeans-modules-java-file-launcher.jar:/Users/atalati/vscode-extension/main-repo/javavscode/netbeans/nbbuild/netbeans/java/modules/org-netbeans-api-debugger-jpda.jar:/Users/atalati/vscode-extension/main-repo/javavscode/netbeans/nbbuild/netbeans/ide/modules/org-netbeans-api-debugger.jar:/Users/atalati/vscode-extension/main-repo/javavscode/netbeans/nbbuild/netbeans/java/modules/org-netbeans-modules-java-project-ui.jar:/Users/atalati/vscode-extension/main-repo/javavscode/netbeans/nbbuild/netbeans/extide/modules/org-apache-tools-ant-module.jar:/Users/atalati/vscode-extension/main-repo/javavscode/netbeans/nbbuild/netbeans/ide/modules/org-netbeans-api-xml-ui.jar:/Users/atalati/vscode-extension/main-repo/javavscode/netbeans/nbbuild/netbeans/extide/modules/org-netbeans-modules-options-java.jar:/Users/atalati/vscode-extension/main-repo/javavscode/netbeans/nbbuild/netbeans/ide/modules/org-netbeans-spi-navigator.jar:/Users/atalati/vscode-extension/main-repo/javavscode/netbeans/nbbuild/netbeans/platform/modules/org-openide-execution.jar:/Users/atalati/vscode-extension/main-repo/javavscode/netbeans/nbbuild/netbeans/java/modules/org-netbeans-modules-java-platform-ui.jar:/Users/atalati/vscode-extension/main-repo/javavscode/netbeans/nbbuild/netbeans/ide/modules/org-netbeans-modules-project-ant-ui.jar:/Users/atalati/vscode-extension/main-repo/javavscode/netbeans/nbbuild/netbeans/ide/modules/org-netbeans-modules-project-libraries-ui.jar:/Users/atalati/vscode-extension/main-repo/javavscode/netbeans/nbbuild/netbeans/platform/modules/org-netbeans-modules-javahelp.jar:/Users/atalati/vscode-extension/main-repo/javavscode/netbeans/platform/javahelp/external/jhall-2.0_05.jar:/Users/atalati/vscode-extension/main-repo/javavscode/netbeans/nbbuild/netbeans/java/modules/org-netbeans-modules-whitelist.jar:/Users/atalati/vscode-extension/main-repo/javavscode/netbeans/nbbuild/netbeans/java/modules/org-netbeans-modules-libs-corba-omgapi.jar:/Users/atalati/vscode-extension/main-repo/javavscode/netbeans/nbbuild/netbeans/java/modules/ext/corba/omgapi/glassfish-corba-omgapi.jar:/Users/atalati/vscode-extension/main-repo/javavscode/netbeans/nbbuild/netbeans/java/modules/org-netbeans-modules-java-editor-base.jar:/Users/atalati/vscode-extension/main-repo/javavscode/netbeans/nbbuild/netbeans/platform/modules/org-netbeans-api-annotations-common.jar:/Users/atalati/vscode-extension/main-repo/javavscode/netbeans/nbbuild/netbeans/ide/modules/org-netbeans-api-java-classpath.jar:/Users/atalati/vscode-extension/main-repo/javavscode/netbeans/nbbuild/netbeans/platform/core/org-openide-filesystems.jar:/Users/atalati/vscode-extension/main-repo/javavscode/netbeans/nbbuild/netbeans/platform/lib/org-openide-util.jar:/Users/atalati/vscode-extension/main-repo/javavscode/netbeans/nbbuild/netbeans/platform/lib/org-openide-util-lookup.jar:/Users/atalati/vscode-extension/main-repo/javavscode/netbeans/nbbuild/netbeans/java/modules/org-netbeans-libs-javacapi.jar:/Users/atalati/vscode-extension/main-repo/javavscode/netbeans/java/libs.javacapi/external/nb-javac-jdk-22+33-api.jar:/Users/atalati/vscode-extension/main-repo/javavscode/netbeans/java/libs.javacapi/external/nb-javac-jdk-22+33.jar:/Users/atalati/vscode-extension/main-repo/javavscode/netbeans/nbbuild/netbeans/platform/modules/org-netbeans-modules-editor-mimelookup.jar:/Users/atalati/vscode-extension/main-repo/javavscode/netbeans/nbbuild/netbeans/ide/modules/org-netbeans-modules-editor-settings.jar:/Users/atalati/vscode-extension/main-repo/javavscode/netbeans/nbbuild/netbeans/platform/lib/org-openide-modules.jar:/Users/atalati/vscode-extension/main-repo/javavscode/netbeans/nbbuild/netbeans/platform/lib/org-openide-util-ui.jar:/Users/atalati/vscode-extension/main-repo/javavscode/netbeans/nbbuild/netbeans/java/modules/org-netbeans-modules-java-lexer.jar:/Users/atalati/vscode-extension/main-repo/javavscode/netbeans/nbbuild/netbeans/ide/modules/org-netbeans-modules-lexer.jar:/Users/atalati/vscode-extension/main-repo/javavscode/netbeans/nbbuild/netbeans/ide/modules/org-netbeans-modules-editor-util.jar:/Users/atalati/vscode-extension/main-repo/javavscode/netbeans/nbbuild/netbeans/java/modules/org-netbeans-modules-java-project.jar:/Users/atalati/vscode-extension/main-repo/javavscode/netbeans/nbbuild/netbeans/java/modules/org-netbeans-api-java.jar:/Users/atalati/vscode-extension/main-repo/javavscode/netbeans/nbbuild/netbeans/java/modules/org-netbeans-modules-classfile.jar:/Users/atalati/vscode-extension/main-repo/javavscode/netbeans/nbbuild/netbeans/java/modules/org-netbeans-modules-java-platform.jar:/Users/atalati/vscode-extension/main-repo/javavscode/netbeans/nbbuild/netbeans/java/modules/org-netbeans-modules-java-source-base.jar:/Users/atalati/vscode-extension/main-repo/javavscode/netbeans/nbbuild/netbeans/platform/modules/org-netbeans-api-progress.jar:/Users/atalati/vscode-extension/main-repo/javavscode/netbeans/nbbuild/netbeans/platform/modules/org-netbeans-api-scripting.jar:/Users/atalati/vscode-extension/main-repo/javavscode/netbeans/nbbuild/netbeans/java/modules/org-netbeans-lib-nbjavac.jar:/Users/atalati/vscode-extension/main-repo/javavscode/netbeans/nbbuild/netbeans/platform/core/org-netbeans-libs-asm.jar:/Users/atalati/vscode-extension/main-repo/javavscode/netbeans/platform/libs.asm/external/asm-9.6.jar:/Users/atalati/vscode-extension/main-repo/javavscode/netbeans/nbbuild/netbeans/platform/core/asm-9.6.jar:/Users/atalati/vscode-extension/main-repo/javavscode/netbeans/platform/libs.asm/external/asm-tree-9.6.jar:/Users/atalati/vscode-extension/main-repo/javavscode/netbeans/nbbuild/netbeans/platform/core/asm-tree-9.6.jar:/Users/atalati/vscode-extension/main-repo/javavscode/netbeans/platform/libs.asm/external/asm-commons-9.6.jar:/Users/atalati/vscode-extension/main-repo/javavscode/netbeans/nbbuild/netbeans/platform/core/asm-commons-9.6.jar:/Users/atalati/vscode-extension/main-repo/javavscode/netbeans/nbbuild/netbeans/ide/modules/org-netbeans-libs-lucene.jar:/Users/atalati/vscode-extension/main-repo/javavscode/netbeans/ide/libs.lucene/external/lucene-core-3.6.2.jar:/Users/atalati/vscode-extension/main-repo/javavscode/netbeans/nbbuild/netbeans/ide/modules/ext/lucene-core-3.6.2.jar:/Users/atalati/vscode-extension/main-repo/javavscode/netbeans/nbbuild/netbeans/ide/modules/org-netbeans-modules-editor-document.jar:/Users/atalati/vscode-extension/main-repo/javavscode/netbeans/nbbuild/netbeans/ide/modules/org-netbeans-modules-editor-guards.jar:/Users/atalati/vscode-extension/main-repo/javavscode/netbeans/nbbuild/netbeans/ide/modules/org-netbeans-modules-editor-indent.jar:/Users/atalati/vscode-extension/main-repo/javavscode/netbeans/nbbuild/netbeans/java/modules/org-netbeans-modules-java-preprocessorbridge.jar:/Users/atalati/vscode-extension/main-repo/javavscode/netbeans/nbbuild/netbeans/ide/modules/org-netbeans-modules-parsing-api.jar:/Users/atalati/vscode-extension/main-repo/javavscode/netbeans/nbbuild/netbeans/ide/modules/org-netbeans-modules-parsing-lucene.jar:/Users/atalati/vscode-extension/main-repo/javavscode/netbeans/nbbuild/netbeans/platform/modules/org-netbeans-modules-masterfs.jar:/Users/atalati/vscode-extension/main-repo/javavscode/netbeans/nbbuild/netbeans/platform/modules/org-netbeans-modules-queries.jar:/Users/atalati/vscode-extension/main-repo/javavscode/netbeans/nbbuild/netbeans/ide/modules/org-netbeans-modules-projectapi.jar:/Users/atalati/vscode-extension/main-repo/javavscode/netbeans/nbbuild/netbeans/ide/modules/org-netbeans-modules-parsing-indexing.jar:/Users/atalati/vscode-extension/main-repo/javavscode/netbeans/nbbuild/netbeans/ide/modules/org-netbeans-modules-project-indexingbridge.jar:/Users/atalati/vscode-extension/main-repo/javavscode/netbeans/nbbuild/netbeans/ide/modules/org-netbeans-modules-projectuiapi-base.jar:/Users/atalati/vscode-extension/main-repo/javavscode/netbeans/nbbuild/netbeans/platform/modules/org-openide-explorer.jar:/Users/atalati/vscode-extension/main-repo/javavscode/netbeans/nbbuild/netbeans/platform/modules/org-netbeans-swing-outline.jar:/Users/atalati/vscode-extension/main-repo/javavscode/netbeans/nbbuild/netbeans/platform/modules/org-netbeans-swing-tabcontrol.jar:/Users/atalati/vscode-extension/main-repo/javavscode/netbeans/nbbuild/netbeans/platform/modules/org-openide-awt.jar:/Users/atalati/vscode-extension/main-repo/javavscode/netbeans/nbbuild/netbeans/platform/modules/org-openide-windows.jar:/Users/atalati/vscode-extension/main-repo/javavscode/netbeans/nbbuild/netbeans/platform/modules/org-openide-nodes.jar:/Users/atalati/vscode-extension/main-repo/javavscode/netbeans/nbbuild/netbeans/platform/modules/org-openide-dialogs.jar:/Users/atalati/vscode-extension/main-repo/javavscode/netbeans/nbbuild/netbeans/platform/modules/org-netbeans-api-progress-nb.jar:/Users/atalati/vscode-extension/main-repo/javavscode/netbeans/nbbuild/netbeans/ide/modules/org-netbeans-spi-tasklist.jar:/Users/atalati/vscode-extension/main-repo/javavscode/netbeans/nbbuild/netbeans/ide/modules/org-netbeans-modules-refactoring-api.jar:/Users/atalati/vscode-extension/main-repo/javavscode/netbeans/nbbuild/netbeans/ide/modules/org-netbeans-modules-diff.jar:/Users/atalati/vscode-extension/main-repo/javavscode/netbeans/nbbuild/netbeans/ide/modules/org-netbeans-modules-editor-errorstripe.jar:/Users/atalati/vscode-extension/main-repo/javavscode/netbeans/nbbuild/netbeans/ide/modules/org-netbeans-modules-editor-errorstripe-api.jar:/Users/atalati/vscode-extension/main-repo/javavscode/netbeans/nbbuild/netbeans/ide/modules/org-netbeans-modules-editor-fold.jar:/Users/atalati/vscode-extension/main-repo/javavscode/netbeans/nbbuild/netbeans/ide/modules/org-netbeans-modules-editor-settings-lib.jar:/Users/atalati/vscode-extension/main-repo/javavscode/netbeans/nbbuild/netbeans/ide/modules/org-netbeans-modules-editor-lib.jar:/Users/atalati/vscode-extension/main-repo/javavscode/netbeans/nbbuild/netbeans/ide/modules/org-netbeans-modules-editor-lib2.jar:/Users/atalati/vscode-extension/main-repo/javavscode/netbeans/nbbuild/netbeans/platform/modules/org-openide-loaders.jar:/Users/atalati/vscode-extension/main-repo/javavscode/netbeans/nbbuild/netbeans/platform/modules/org-netbeans-api-templates.jar:/Users/atalati/vscode-extension/main-repo/javavscode/netbeans/nbbuild/netbeans/platform/modules/org-openide-actions.jar:/Users/atalati/vscode-extension/main-repo/javavscode/netbeans/nbbuild/netbeans/platform/modules/org-openide-text.jar:/Users/atalati/vscode-extension/main-repo/javavscode/netbeans/nbbuild/netbeans/platform/modules/org-openide-filesystems-nb.jar:/Users/atalati/vscode-extension/main-repo/javavscode/netbeans/nbbuild/netbeans/platform/modules/org-netbeans-modules-options-api.jar:/Users/atalati/vscode-extension/main-repo/javavscode/netbeans/nbbuild/netbeans/platform/modules/org-netbeans-core.jar:/Users/atalati/vscode-extension/main-repo/javavscode/netbeans/nbbuild/netbeans/platform/lib/boot.jar:/Users/atalati/vscode-extension/main-repo/javavscode/netbeans/nbbuild/netbeans/platform/core/core.jar:/Users/atalati/vscode-extension/main-repo/javavscode/netbeans/nbbuild/netbeans/platform/core/core-base.jar:/Users/atalati/vscode-extension/main-repo/javavscode/netbeans/nbbuild/netbeans/platform/modules/org-netbeans-modules-keyring.jar:/Users/atalati/vscode-extension/main-repo/javavscode/netbeans/nbbuild/netbeans/platform/modules/org-netbeans-modules-sampler.jar:/Users/atalati/vscode-extension/main-repo/javavscode/netbeans/nbbuild/netbeans/platform/modules/org-netbeans-swing-plaf.jar:/Users/atalati/vscode-extension/main-repo/javavscode/netbeans/nbbuild/netbeans/platform/modules/org-openide-io.jar:/Users/atalati/vscode-extension/main-repo/javavscode/netbeans/nbbuild/netbeans/platform/modules/org-netbeans-api-intent.jar:/Users/atalati/vscode-extension/main-repo/javavscode/netbeans/nbbuild/netbeans/platform/modules/org-netbeans-api-io.jar:/Users/atalati/vscode-extension/main-repo/javavscode/netbeans/nbbuild/netbeans/platform/modules/org-netbeans-spi-quicksearch.jar:/Users/atalati/vscode-extension/main-repo/javavscode/netbeans/nbbuild/netbeans/ide/modules/org-netbeans-modules-options-editor.jar:/Users/atalati/vscode-extension/main-repo/javavscode/netbeans/nbbuild/netbeans/ide/modules/org-netbeans-modules-editor.jar:/Users/atalati/vscode-extension/main-repo/javavscode/netbeans/nbbuild/netbeans/ide/modules/org-netbeans-api-lsp.jar:/Users/atalati/vscode-extension/main-repo/javavscode/netbeans/nbbuild/netbeans/ide/modules/org-netbeans-modules-editor-fold-nbui.jar:/Users/atalati/vscode-extension/main-repo/javavscode/netbeans/nbbuild/netbeans/ide/modules/org-netbeans-modules-editor-settings-storage.jar:/Users/atalati/vscode-extension/main-repo/javavscode/netbeans/nbbuild/netbeans/platform/modules/org-netbeans-modules-options-keymap.jar:/Users/atalati/vscode-extension/main-repo/javavscode/netbeans/nbbuild/netbeans/ide/modules/org-netbeans-modules-project-ant.jar:/Users/atalati/vscode-extension/main-repo/javavscode/netbeans/nbbuild/netbeans/ide/modules/org-netbeans-modules-project-libraries.jar:/Users/atalati/vscode-extension/main-repo/javavscode/netbeans/nbbuild/netbeans/ide/modules/org-netbeans-modules-project-spi-intern.jar:/Users/atalati/vscode-extension/main-repo/javavscode/netbeans/nbbuild/netbeans/ide/modules/org-netbeans-modules-xml-catalog.jar:/Users/atalati/vscode-extension/main-repo/javavscode/netbeans/nbbuild/netbeans/ide/modules/org-apache-xml-resolver.jar:/Users/atalati/vscode-extension/main-repo/javavscode/netbeans/ide/o.apache.xml.resolver/external/resolver-1.2.jar:/Users/atalati/vscode-extension/main-repo/javavscode/netbeans/nbbuild/netbeans/ide/modules/ext/resolver-1.2.jar:/Users/atalati/vscode-extension/main-repo/javavscode/netbeans/nbbuild/netbeans/ide/modules/org-netbeans-api-xml.jar:/Users/atalati/vscode-extension/main-repo/javavscode/netbeans/nbbuild/netbeans/java/modules/org-netbeans-spi-java-hints.jar:/Users/atalati/vscode-extension/main-repo/javavscode/netbeans/nbbuild/netbeans/ide/modules/org-netbeans-modules-code-analysis.jar:/Users/atalati/vscode-extension/main-repo/javavscode/netbeans/nbbuild/netbeans/platform/modules/org-netbeans-modules-autoupdate-services.jar:/Users/atalati/vscode-extension/main-repo/javavscode/netbeans/nbbuild/netbeans/platform/modules/ext/updater.jar:/Users/atalati/vscode-extension/main-repo/javavscode/netbeans/nbbuild/netbeans/ide/modules/org-netbeans-modules-projectuiapi.jar:/Users/atalati/vscode-extension/main-repo/javavscode/netbeans/nbbuild/netbeans/platform/modules/org-netbeans-modules-settings.jar:/Users/atalati/vscode-extension/main-repo/javavscode/netbeans/nbbuild/netbeans/ide/modules/org-netbeans-spi-editor-hints.jar:/Users/atalati/vscode-extension/main-repo/javavscode/netbeans/nbbuild/netbeans/java/modules/org-netbeans-modules-java-source.jar:/Users/atalati/vscode-extension/main-repo/javavscode/netbeans/nbbuild/netbeans/platform/modules/org-netbeans-core-multiview.jar:/Users/atalati/vscode-extension/main-repo/javavscode/netbeans/nbbuild/netbeans/ide/modules/org-netbeans-modules-editor-indent-project.jar:/Users/atalati/vscode-extension/main-repo/javavscode/netbeans/nbbuild/netbeans/ide/modules/org-netbeans-modules-editor-indent-support.jar:/Users/atalati/vscode-extension/main-repo/javavscode/netbeans/nbbuild/netbeans/java/modules/org-netbeans-modules-java-file-launcher.jar:/Users/atalati/vscode-extension/main-repo/javavscode/netbeans/nbbuild/netbeans/platform/modules/org-netbeans-api-annotations-common.jar:/Users/atalati/vscode-extension/main-repo/javavscode/netbeans/nbbuild/netbeans/java/modules/org-netbeans-api-debugger-jpda.jar:/Users/atalati/vscode-extension/main-repo/javavscode/netbeans/nbbuild/netbeans/ide/modules/org-netbeans-api-debugger.jar:/Users/atalati/vscode-extension/main-repo/javavscode/netbeans/nbbuild/netbeans/ide/modules/org-netbeans-modules-projectapi.jar:/Users/atalati/vscode-extension/main-repo/javavscode/netbeans/nbbuild/netbeans/platform/modules/org-netbeans-modules-queries.jar:/Users/atalati/vscode-extension/main-repo/javavscode/netbeans/nbbuild/netbeans/platform/core/org-openide-filesystems.jar:/Users/atalati/vscode-extension/main-repo/javavscode/netbeans/nbbuild/netbeans/platform/lib/org-openide-util.jar:/Users/atalati/vscode-extension/main-repo/javavscode/netbeans/nbbuild/netbeans/platform/lib/org-openide-util-lookup.jar:/Users/atalati/vscode-extension/main-repo/javavscode/netbeans/nbbuild/netbeans/platform/lib/org-openide-modules.jar:/Users/atalati/vscode-extension/main-repo/javavscode/netbeans/nbbuild/netbeans/platform/lib/org-openide-util-ui.jar:/Users/atalati/vscode-extension/main-repo/javavscode/netbeans/nbbuild/netbeans/ide/modules/org-netbeans-api-java-classpath.jar:/Users/atalati/vscode-extension/main-repo/javavscode/netbeans/nbbuild/netbeans/java/modules/org-netbeans-api-java.jar:/Users/atalati/vscode-extension/main-repo/javavscode/netbeans/nbbuild/netbeans/platform/modules/org-netbeans-api-templates.jar:/Users/atalati/vscode-extension/main-repo/javavscode/netbeans/nbbuild/netbeans/platform/modules/org-netbeans-api-scripting.jar:/Users/atalati/vscode-extension/main-repo/javavscode/netbeans/nbbuild/netbeans/java/modules/org-netbeans-libs-javacapi.jar:/Users/atalati/vscode-extension/main-repo/javavscode/netbeans/java/libs.javacapi/external/nb-javac-jdk-22+33-api.jar:/Users/atalati/vscode-extension/main-repo/javavscode/netbeans/java/libs.javacapi/external/nb-javac-jdk-22+33.jar:/Users/atalati/vscode-extension/main-repo/javavscode/netbeans/nbbuild/netbeans/platform/modules/org-netbeans-modules-editor-mimelookup.jar:/Users/atalati/vscode-extension/main-repo/javavscode/netbeans/nbbuild/netbeans/ide/modules/org-netbeans-modules-extexecution.jar:/Users/atalati/vscode-extension/main-repo/javavscode/netbeans/nbbuild/netbeans/platform/modules/org-netbeans-api-progress.jar:/Users/atalati/vscode-extension/main-repo/javavscode/netbeans/nbbuild/netbeans/ide/modules/org-netbeans-modules-extexecution-base.jar:/Users/atalati/vscode-extension/main-repo/javavscode/netbeans/nbbuild/netbeans/platform/modules/org-openide-io.jar:/Users/atalati/vscode-extension/main-repo/javavscode/netbeans/nbbuild/netbeans/platform/modules/org-netbeans-api-intent.jar:/Users/atalati/vscode-extension/main-repo/javavscode/netbeans/nbbuild/netbeans/platform/modules/org-netbeans-api-io.jar:/Users/atalati/vscode-extension/main-repo/javavscode/netbeans/nbbuild/netbeans/java/modules/org-netbeans-modules-java-lexer.jar:/Users/atalati/vscode-extension/main-repo/javavscode/netbeans/nbbuild/netbeans/ide/modules/org-netbeans-modules-lexer.jar:/Users/atalati/vscode-extension/main-repo/javavscode/netbeans/nbbuild/netbeans/ide/modules/org-netbeans-modules-editor-util.jar:/Users/atalati/vscode-extension/main-repo/javavscode/netbeans/nbbuild/netbeans/java/modules/org-netbeans-modules-java-platform.jar:/Users/atalati/vscode-extension/main-repo/javavscode/netbeans/nbbuild/netbeans/java/modules/org-netbeans-modules-java-project-ui.jar:/Users/atalati/vscode-extension/main-repo/javavscode/netbeans/nbbuild/netbeans/extide/modules/org-apache-tools-ant-module.jar:/Users/atalati/vscode-extension/main-repo/javavscode/netbeans/nbbuild/netbeans/ide/modules/org-netbeans-api-xml.jar:/Users/atalati/vscode-extension/main-repo/javavscode/netbeans/nbbuild/netbeans/ide/modules/org-netbeans-modules-editor-document.jar:/Users/atalati/vscode-extension/main-repo/javavscode/netbeans/nbbuild/netbeans/ide/modules/org-netbeans-api-xml-ui.jar:/Users/atalati/vscode-extension/main-repo/javavscode/netbeans/nbbuild/netbeans/platform/modules/org-openide-loaders.jar:/Users/atalati/vscode-extension/main-repo/javavscode/netbeans/nbbuild/netbeans/platform/modules/org-netbeans-api-progress-nb.jar:/Users/atalati/vscode-extension/main-repo/javavscode/netbeans/nbbuild/netbeans/platform/modules/org-openide-awt.jar:/Users/atalati/vscode-extension/main-repo/javavscode/netbeans/nbbuild/netbeans/platform/modules/org-openide-actions.jar:/Users/atalati/vscode-extension/main-repo/javavscode/netbeans/nbbuild/netbeans/platform/modules/org-openide-dialogs.jar:/Users/atalati/vscode-extension/main-repo/javavscode/netbeans/nbbuild/netbeans/platform/modules/org-openide-explorer.jar:/Users/atalati/vscode-extension/main-repo/javavscode/netbeans/nbbuild/netbeans/platform/modules/org-netbeans-swing-outline.jar:/Users/atalati/vscode-extension/main-repo/javavscode/netbeans/nbbuild/netbeans/platform/modules/org-netbeans-swing-tabcontrol.jar:/Users/atalati/vscode-extension/main-repo/javavscode/netbeans/nbbuild/netbeans/platform/modules/org-openide-windows.jar:/Users/atalati/vscode-extension/main-repo/javavscode/netbeans/nbbuild/netbeans/platform/modules/org-openide-nodes.jar:/Users/atalati/vscode-extension/main-repo/javavscode/netbeans/nbbuild/netbeans/platform/modules/org-openide-text.jar:/Users/atalati/vscode-extension/main-repo/javavscode/netbeans/nbbuild/netbeans/platform/modules/org-openide-filesystems-nb.jar:/Users/atalati/vscode-extension/main-repo/javavscode/netbeans/nbbuild/netbeans/platform/modules/org-netbeans-core-multiview.jar:/Users/atalati/vscode-extension/main-repo/javavscode/netbeans/nbbuild/netbeans/platform/modules/org-netbeans-modules-options-api.jar:/Users/atalati/vscode-extension/main-repo/javavscode/netbeans/nbbuild/netbeans/platform/modules/org-netbeans-core.jar:/Users/atalati/vscode-extension/main-repo/javavscode/netbeans/nbbuild/netbeans/platform/lib/boot.jar:/Users/atalati/vscode-extension/main-repo/javavscode/netbeans/nbbuild/netbeans/platform/core/core.jar:/Users/atalati/vscode-extension/main-repo/javavscode/netbeans/nbbuild/netbeans/platform/core/org-netbeans-libs-asm.jar:/Users/atalati/vscode-extension/main-repo/javavscode/netbeans/platform/libs.asm/external/asm-9.6.jar:/Users/atalati/vscode-extension/main-repo/javavscode/netbeans/nbbuild/netbeans/platform/core/asm-9.6.jar:/Users/atalati/vscode-extension/main-repo/javavscode/netbeans/platform/libs.asm/external/asm-tree-9.6.jar:/Users/atalati/vscode-extension/main-repo/javavscode/netbeans/nbbuild/netbeans/platform/core/asm-tree-9.6.jar:/Users/atalati/vscode-extension/main-repo/javavscode/netbeans/platform/libs.asm/external/asm-commons-9.6.jar:/Users/atalati/vscode-extension/main-repo/javavscode/netbeans/nbbuild/netbeans/platform/core/asm-commons-9.6.jar:/Users/atalati/vscode-extension/main-repo/javavscode/netbeans/nbbuild/netbeans/platform/core/core-base.jar:/Users/atalati/vscode-extension/main-repo/javavscode/netbeans/nbbuild/netbeans/platform/modules/org-netbeans-modules-keyring.jar:/Users/atalati/vscode-extension/main-repo/javavscode/netbeans/nbbuild/netbeans/platform/modules/org-netbeans-modules-sampler.jar:/Users/atalati/vscode-extension/main-repo/javavscode/netbeans/nbbuild/netbeans/platform/modules/org-netbeans-swing-plaf.jar:/Users/atalati/vscode-extension/main-repo/javavscode/netbeans/nbbuild/netbeans/platform/modules/org-netbeans-spi-quicksearch.jar:/Users/atalati/vscode-extension/main-repo/javavscode/netbeans/nbbuild/netbeans/extide/modules/org-netbeans-modules-options-java.jar:/Users/atalati/vscode-extension/main-repo/javavscode/netbeans/nbbuild/netbeans/ide/modules/org-netbeans-modules-project-indexingbridge.jar:/Users/atalati/vscode-extension/main-repo/javavscode/netbeans/nbbuild/netbeans/ide/modules/org-netbeans-modules-projectuiapi.jar:/Users/atalati/vscode-extension/main-repo/javavscode/netbeans/nbbuild/netbeans/ide/modules/org-netbeans-modules-projectuiapi-base.jar:/Users/atalati/vscode-extension/main-repo/javavscode/netbeans/nbbuild/netbeans/ide/modules/org-netbeans-spi-navigator.jar:/Users/atalati/vscode-extension/main-repo/javavscode/netbeans/nbbuild/netbeans/platform/modules/org-openide-execution.jar:/Users/atalati/vscode-extension/main-repo/javavscode/netbeans/nbbuild/netbeans/platform/modules/org-netbeans-api-search.jar:/Users/atalati/vscode-extension/main-repo/javavscode/netbeans/nbbuild/netbeans/java/modules/org-netbeans-modules-classfile.jar:/Users/atalati/vscode-extension/main-repo/javavscode/netbeans/nbbuild/netbeans/java/modules/org-netbeans-modules-java-platform-ui.jar:/Users/atalati/vscode-extension/main-repo/javavscode/netbeans/nbbuild/netbeans/java/modules/org-netbeans-modules-java-project.jar:/Users/atalati/vscode-extension/main-repo/javavscode/netbeans/nbbuild/netbeans/java/modules/org-netbeans-modules-java-source-base.jar:/Users/atalati/vscode-extension/main-repo/javavscode/netbeans/nbbuild/netbeans/java/modules/org-netbeans-lib-nbjavac.jar:/Users/atalati/vscode-extension/main-repo/javavscode/netbeans/nbbuild/netbeans/ide/modules/org-netbeans-libs-lucene.jar:/Users/atalati/vscode-extension/main-repo/javavscode/netbeans/ide/libs.lucene/external/lucene-core-3.6.2.jar:/Users/atalati/vscode-extension/main-repo/javavscode/netbeans/nbbuild/netbeans/ide/modules/ext/lucene-core-3.6.2.jar:/Users/atalati/vscode-extension/main-repo/javavscode/netbeans/nbbuild/netbeans/ide/modules/org-netbeans-modules-editor-guards.jar:/Users/atalati/vscode-extension/main-repo/javavscode/netbeans/nbbuild/netbeans/ide/modules/org-netbeans-modules-editor-indent.jar:/Users/atalati/vscode-extension/main-repo/javavscode/netbeans/nbbuild/netbeans/ide/modules/org-netbeans-modules-editor-settings.jar:/Users/atalati/vscode-extension/main-repo/javavscode/netbeans/nbbuild/netbeans/java/modules/org-netbeans-modules-java-preprocessorbridge.jar:/Users/atalati/vscode-extension/main-repo/javavscode/netbeans/nbbuild/netbeans/ide/modules/org-netbeans-modules-parsing-api.jar:/Users/atalati/vscode-extension/main-repo/javavscode/netbeans/nbbuild/netbeans/ide/modules/org-netbeans-modules-parsing-lucene.jar:/Users/atalati/vscode-extension/main-repo/javavscode/netbeans/nbbuild/netbeans/platform/modules/org-netbeans-modules-masterfs.jar:/Users/atalati/vscode-extension/main-repo/javavscode/netbeans/nbbuild/netbeans/ide/modules/org-netbeans-modules-parsing-indexing.jar:/Users/atalati/vscode-extension/main-repo/javavscode/netbeans/nbbuild/netbeans/ide/modules/org-netbeans-spi-tasklist.jar:/Users/atalati/vscode-extension/main-repo/javavscode/netbeans/nbbuild/netbeans/ide/modules/org-netbeans-modules-refactoring-api.jar:/Users/atalati/vscode-extension/main-repo/javavscode/netbeans/nbbuild/netbeans/ide/modules/org-netbeans-modules-diff.jar:/Users/atalati/vscode-extension/main-repo/javavscode/netbeans/nbbuild/netbeans/ide/modules/org-netbeans-modules-editor-errorstripe.jar:/Users/atalati/vscode-extension/main-repo/javavscode/netbeans/nbbuild/netbeans/ide/modules/org-netbeans-modules-editor-errorstripe-api.jar:/Users/atalati/vscode-extension/main-repo/javavscode/netbeans/nbbuild/netbeans/ide/modules/org-netbeans-modules-editor-fold.jar:/Users/atalati/vscode-extension/main-repo/javavscode/netbeans/nbbuild/netbeans/ide/modules/org-netbeans-modules-editor-settings-lib.jar:/Users/atalati/vscode-extension/main-repo/javavscode/netbeans/nbbuild/netbeans/ide/modules/org-netbeans-modules-editor-lib.jar:/Users/atalati/vscode-extension/main-repo/javavscode/netbeans/nbbuild/netbeans/ide/modules/org-netbeans-modules-editor-lib2.jar:/Users/atalati/vscode-extension/main-repo/javavscode/netbeans/nbbuild/netbeans/ide/modules/org-netbeans-modules-options-editor.jar:/Users/atalati/vscode-extension/main-repo/javavscode/netbeans/nbbuild/netbeans/ide/modules/org-netbeans-modules-editor.jar:/Users/atalati/vscode-extension/main-repo/javavscode/netbeans/nbbuild/netbeans/ide/modules/org-netbeans-api-lsp.jar:/Users/atalati/vscode-extension/main-repo/javavscode/netbeans/nbbuild/netbeans/ide/modules/org-netbeans-modules-editor-fold-nbui.jar:/Users/atalati/vscode-extension/main-repo/javavscode/netbeans/nbbuild/netbeans/ide/modules/org-netbeans-modules-editor-settings-storage.jar:/Users/atalati/vscode-extension/main-repo/javavscode/netbeans/nbbuild/netbeans/platform/modules/org-netbeans-modules-options-keymap.jar:/Users/atalati/vscode-extension/main-repo/javavscode/netbeans/nbbuild/netbeans/ide/modules/org-netbeans-modules-project-ant.jar:/Users/atalati/vscode-extension/main-repo/javavscode/netbeans/nbbuild/netbeans/ide/modules/org-netbeans-modules-project-libraries.jar:/Users/atalati/vscode-extension/main-repo/javavscode/netbeans/nbbuild/netbeans/ide/modules/org-netbeans-modules-project-spi-intern.jar:/Users/atalati/vscode-extension/main-repo/javavscode/netbeans/nbbuild/netbeans/ide/modules/org-netbeans-modules-xml-catalog.jar:/Users/atalati/vscode-extension/main-repo/javavscode/netbeans/nbbuild/netbeans/ide/modules/org-apache-xml-resolver.jar:/Users/atalati/vscode-extension/main-repo/javavscode/netbeans/ide/o.apache.xml.resolver/external/resolver-1.2.jar:/Users/atalati/vscode-extension/main-repo/javavscode/netbeans/nbbuild/netbeans/ide/modules/ext/resolver-1.2.jar:/Users/atalati/vscode-extension/main-repo/javavscode/netbeans/nbbuild/netbeans/java/modules/org-netbeans-modules-java-source.jar:/Users/atalati/vscode-extension/main-repo/javavscode/netbeans/nbbuild/netbeans/platform/modules/org-netbeans-modules-autoupdate-services.jar:/Users/atalati/vscode-extension/main-repo/javavscode/netbeans/nbbuild/netbeans/platform/modules/ext/updater.jar:/Users/atalati/vscode-extension/main-repo/javavscode/netbeans/nbbuild/netbeans/ide/modules/org-netbeans-modules-editor-indent-project.jar:/Users/atalati/vscode-extension/main-repo/javavscode/netbeans/nbbuild/netbeans/ide/modules/org-netbeans-modules-editor-indent-support.jar:/Users/atalati/vscode-extension/main-repo/javavscode/netbeans/nbbuild/netbeans/java/modules/org-netbeans-modules-java-sourceui.jar:/Users/atalati/vscode-extension/main-repo/javavscode/netbeans/nbbuild/netbeans/ide/modules/org-netbeans-modules-jumpto.jar:/Users/atalati/vscode-extension/main-repo/javavscode/netbeans/nbbuild/netbeans/platform/modules/org-netbeans-core-ui.jar:/Users/atalati/vscode-extension/main-repo/javavscode/netbeans/nbbuild/netbeans/ide/modules/org-netbeans-modules-project-ant-ui.jar:/Users/atalati/vscode-extension/main-repo/javavscode/netbeans/nbbuild/netbeans/ide/modules/org-netbeans-modules-project-libraries-ui.jar:/Users/atalati/vscode-extension/main-repo/javavscode/netbeans/nbbuild/netbeans/ide/modules/org-netbeans-spi-editor-hints.jar:/Users/atalati/vscode-extension/main-repo/javavscode/netbeans/nbbuild/netbeans/java/modules/org-netbeans-modules-java-hints.jar:/Users/atalati/vscode-extension/main-repo/javavscode/netbeans/nbbuild/netbeans/platform/modules/org-netbeans-api-annotations-common.jar:/Users/atalati/vscode-extension/main-repo/javavscode/netbeans/nbbuild/netbeans/java/modules/org-netbeans-api-java.jar:/Users/atalati/vscode-extension/main-repo/javavscode/netbeans/nbbuild/netbeans/ide/modules/org-netbeans-api-java-classpath.jar:/Users/atalati/vscode-extension/main-repo/javavscode/netbeans/nbbuild/netbeans/platform/core/org-openide-filesystems.jar:/Users/atalati/vscode-extension/main-repo/javavscode/netbeans/nbbuild/netbeans/platform/lib/org-openide-util.jar:/Users/atalati/vscode-extension/main-repo/javavscode/netbeans/nbbuild/netbeans/platform/lib/org-openide-util-lookup.jar:/Users/atalati/vscode-extension/main-repo/javavscode/netbeans/nbbuild/netbeans/platform/lib/org-openide-modules.jar:/Users/atalati/vscode-extension/main-repo/javavscode/netbeans/nbbuild/netbeans/platform/lib/org-openide-util-ui.jar:/Users/atalati/vscode-extension/main-repo/javavscode/netbeans/nbbuild/netbeans/ide/modules/org-netbeans-api-lsp.jar:/Users/atalati/vscode-extension/main-repo/javavscode/netbeans/nbbuild/netbeans/platform/modules/org-netbeans-modules-editor-mimelookup.jar:/Users/atalati/vscode-extension/main-repo/javavscode/netbeans/nbbuild/netbeans/ide/modules/org-netbeans-modules-editor-util.jar:/Users/atalati/vscode-extension/main-repo/javavscode/netbeans/nbbuild/netbeans/platform/modules/org-netbeans-api-progress.jar:/Users/atalati/vscode-extension/main-repo/javavscode/netbeans/nbbuild/netbeans/platform/modules/org-netbeans-api-progress-nb.jar:/Users/atalati/vscode-extension/main-repo/javavscode/netbeans/nbbuild/netbeans/platform/modules/org-openide-awt.jar:/Users/atalati/vscode-extension/main-repo/javavscode/netbeans/nbbuild/netbeans/platform/modules/org-netbeans-api-templates.jar:/Users/atalati/vscode-extension/main-repo/javavscode/netbeans/nbbuild/netbeans/platform/modules/org-netbeans-api-scripting.jar:/Users/atalati/vscode-extension/main-repo/javavscode/netbeans/nbbuild/netbeans/platform/modules/org-netbeans-modules-queries.jar:/Users/atalati/vscode-extension/main-repo/javavscode/netbeans/nbbuild/netbeans/java/modules/org-netbeans-libs-javacapi.jar:/Users/atalati/vscode-extension/main-repo/javavscode/netbeans/java/libs.javacapi/external/nb-javac-jdk-22+33-api.jar:/Users/atalati/vscode-extension/main-repo/javavscode/netbeans/java/libs.javacapi/external/nb-javac-jdk-22+33.jar:/Users/atalati/vscode-extension/main-repo/javavscode/netbeans/nbbuild/netbeans/ide/modules/org-netbeans-libs-lucene.jar:/Users/atalati/vscode-extension/main-repo/javavscode/netbeans/ide/libs.lucene/external/lucene-core-3.6.2.jar:/Users/atalati/vscode-extension/main-repo/javavscode/netbeans/nbbuild/netbeans/ide/modules/ext/lucene-core-3.6.2.jar:/Users/atalati/vscode-extension/main-repo/javavscode/netbeans/nbbuild/netbeans/ide/modules/org-netbeans-modules-editor.jar:/Users/atalati/vscode-extension/main-repo/javavscode/netbeans/nbbuild/netbeans/ide/modules/org-netbeans-modules-editor-document.jar:/Users/atalati/vscode-extension/main-repo/javavscode/netbeans/nbbuild/netbeans/ide/modules/org-netbeans-modules-editor-fold.jar:/Users/atalati/vscode-extension/main-repo/javavscode/netbeans/nbbuild/netbeans/ide/modules/org-netbeans-modules-editor-settings.jar:/Users/atalati/vscode-extension/main-repo/javavscode/netbeans/nbbuild/netbeans/ide/modules/org-netbeans-modules-lexer.jar:/Users/atalati/vscode-extension/main-repo/javavscode/netbeans/nbbuild/netbeans/ide/modules/org-netbeans-modules-editor-settings-lib.jar:/Users/atalati/vscode-extension/main-repo/javavscode/netbeans/nbbuild/netbeans/ide/modules/org-netbeans-modules-editor-fold-nbui.jar:/Users/atalati/vscode-extension/main-repo/javavscode/netbeans/nbbuild/netbeans/ide/modules/org-netbeans-modules-editor-lib.jar:/Users/atalati/vscode-extension/main-repo/javavscode/netbeans/nbbuild/netbeans/ide/modules/org-netbeans-modules-editor-guards.jar:/Users/atalati/vscode-extension/main-repo/javavscode/netbeans/nbbuild/netbeans/ide/modules/org-netbeans-modules-editor-indent.jar:/Users/atalati/vscode-extension/main-repo/javavscode/netbeans/nbbuild/netbeans/ide/modules/org-netbeans-modules-editor-lib2.jar:/Users/atalati/vscode-extension/main-repo/javavscode/netbeans/nbbuild/netbeans/platform/modules/org-openide-dialogs.jar:/Users/atalati/vscode-extension/main-repo/javavscode/netbeans/nbbuild/netbeans/ide/modules/org-netbeans-modules-editor-settings-storage.jar:/Users/atalati/vscode-extension/main-repo/javavscode/netbeans/nbbuild/netbeans/platform/modules/org-openide-filesystems-nb.jar:/Users/atalati/vscode-extension/main-repo/javavscode/netbeans/nbbuild/netbeans/platform/modules/org-netbeans-modules-options-keymap.jar:/Users/atalati/vscode-extension/main-repo/javavscode/netbeans/nbbuild/netbeans/platform/modules/org-netbeans-modules-options-api.jar:/Users/atalati/vscode-extension/main-repo/javavscode/netbeans/nbbuild/netbeans/platform/modules/org-netbeans-core.jar:/Users/atalati/vscode-extension/main-repo/javavscode/netbeans/nbbuild/netbeans/platform/lib/boot.jar:/Users/atalati/vscode-extension/main-repo/javavscode/netbeans/nbbuild/netbeans/platform/core/core.jar:/Users/atalati/vscode-extension/main-repo/javavscode/netbeans/nbbuild/netbeans/platform/core/org-netbeans-libs-asm.jar:/Users/atalati/vscode-extension/main-repo/javavscode/netbeans/platform/libs.asm/external/asm-9.6.jar:/Users/atalati/vscode-extension/main-repo/javavscode/netbeans/nbbuild/netbeans/platform/core/asm-9.6.jar:/Users/atalati/vscode-extension/main-repo/javavscode/netbeans/platform/libs.asm/external/asm-tree-9.6.jar:/Users/atalati/vscode-extension/main-repo/javavscode/netbeans/nbbuild/netbeans/platform/core/asm-tree-9.6.jar:/Users/atalati/vscode-extension/main-repo/javavscode/netbeans/platform/libs.asm/external/asm-commons-9.6.jar:/Users/atalati/vscode-extension/main-repo/javavscode/netbeans/nbbuild/netbeans/platform/core/asm-commons-9.6.jar:/Users/atalati/vscode-extension/main-repo/javavscode/netbeans/nbbuild/netbeans/platform/core/core-base.jar:/Users/atalati/vscode-extension/main-repo/javavscode/netbeans/nbbuild/netbeans/platform/modules/org-netbeans-modules-keyring.jar:/Users/atalati/vscode-extension/main-repo/javavscode/netbeans/nbbuild/netbeans/platform/modules/org-netbeans-modules-sampler.jar:/Users/atalati/vscode-extension/main-repo/javavscode/netbeans/nbbuild/netbeans/platform/modules/org-netbeans-swing-plaf.jar:/Users/atalati/vscode-extension/main-repo/javavscode/netbeans/nbbuild/netbeans/platform/modules/org-openide-actions.jar:/Users/atalati/vscode-extension/main-repo/javavscode/netbeans/nbbuild/netbeans/platform/modules/org-openide-explorer.jar:/Users/atalati/vscode-extension/main-repo/javavscode/netbeans/nbbuild/netbeans/platform/modules/org-netbeans-swing-outline.jar:/Users/atalati/vscode-extension/main-repo/javavscode/netbeans/nbbuild/netbeans/platform/modules/org-netbeans-swing-tabcontrol.jar:/Users/atalati/vscode-extension/main-repo/javavscode/netbeans/nbbuild/netbeans/platform/modules/org-openide-windows.jar:/Users/atalati/vscode-extension/main-repo/javavscode/netbeans/nbbuild/netbeans/platform/modules/org-openide-nodes.jar:/Users/atalati/vscode-extension/main-repo/javavscode/netbeans/nbbuild/netbeans/platform/modules/org-openide-text.jar:/Users/atalati/vscode-extension/main-repo/javavscode/netbeans/nbbuild/netbeans/platform/modules/org-openide-io.jar:/Users/atalati/vscode-extension/main-repo/javavscode/netbeans/nbbuild/netbeans/platform/modules/org-netbeans-api-intent.jar:/Users/atalati/vscode-extension/main-repo/javavscode/netbeans/nbbuild/netbeans/platform/modules/org-netbeans-api-io.jar:/Users/atalati/vscode-extension/main-repo/javavscode/netbeans/nbbuild/netbeans/platform/modules/org-openide-loaders.jar:/Users/atalati/vscode-extension/main-repo/javavscode/netbeans/nbbuild/netbeans/platform/modules/org-netbeans-spi-quicksearch.jar:/Users/atalati/vscode-extension/main-repo/javavscode/netbeans/nbbuild/netbeans/ide/modules/org-netbeans-modules-editor-errorstripe-api.jar:/Users/atalati/vscode-extension/main-repo/javavscode/netbeans/nbbuild/netbeans/ide/modules/org-netbeans-modules-editor-tools-storage.jar:/Users/atalati/vscode-extension/main-repo/javavscode/netbeans/nbbuild/netbeans/ide/modules/org-netbeans-modules-projectapi.jar:/Users/atalati/vscode-extension/main-repo/javavscode/netbeans/nbbuild/netbeans/ide/modules/org-netbeans-modules-projectuiapi.jar:/Users/atalati/vscode-extension/main-repo/javavscode/netbeans/nbbuild/netbeans/ide/modules/org-netbeans-modules-projectuiapi-base.jar:/Users/atalati/vscode-extension/main-repo/javavscode/netbeans/nbbuild/netbeans/java/modules/org-netbeans-modules-java-completion.jar:/Users/atalati/vscode-extension/main-repo/javavscode/netbeans/nbbuild/netbeans/java/modules/org-netbeans-modules-java-lexer.jar:/Users/atalati/vscode-extension/main-repo/javavscode/netbeans/nbbuild/netbeans/java/modules/org-netbeans-modules-java-source-base.jar:/Users/atalati/vscode-extension/main-repo/javavscode/netbeans/nbbuild/netbeans/java/modules/org-netbeans-lib-nbjavac.jar:/Users/atalati/vscode-extension/main-repo/javavscode/netbeans/nbbuild/netbeans/java/modules/org-netbeans-modules-classfile.jar:/Users/atalati/vscode-extension/main-repo/javavscode/netbeans/nbbuild/netbeans/java/modules/org-netbeans-modules-java-platform.jar:/Users/atalati/vscode-extension/main-repo/javavscode/netbeans/nbbuild/netbeans/java/modules/org-netbeans-modules-java-preprocessorbridge.jar:/Users/atalati/vscode-extension/main-repo/javavscode/netbeans/nbbuild/netbeans/ide/modules/org-netbeans-modules-parsing-api.jar:/Users/atalati/vscode-extension/main-repo/javavscode/netbeans/nbbuild/netbeans/ide/modules/org-netbeans-modules-parsing-lucene.jar:/Users/atalati/vscode-extension/main-repo/javavscode/netbeans/nbbuild/netbeans/platform/modules/org-netbeans-modules-masterfs.jar:/Users/atalati/vscode-extension/main-repo/javavscode/netbeans/nbbuild/netbeans/ide/modules/org-netbeans-modules-parsing-indexing.jar:/Users/atalati/vscode-extension/main-repo/javavscode/netbeans/nbbuild/netbeans/ide/modules/org-netbeans-modules-project-indexingbridge.jar:/Users/atalati/vscode-extension/main-repo/javavscode/netbeans/nbbuild/netbeans/ide/modules/org-netbeans-spi-tasklist.jar:/Users/atalati/vscode-extension/main-repo/javavscode/netbeans/nbbuild/netbeans/ide/modules/org-netbeans-modules-refactoring-api.jar:/Users/atalati/vscode-extension/main-repo/javavscode/netbeans/nbbuild/netbeans/ide/modules/org-netbeans-modules-diff.jar:/Users/atalati/vscode-extension/main-repo/javavscode/netbeans/nbbuild/netbeans/ide/modules/org-netbeans-modules-editor-errorstripe.jar:/Users/atalati/vscode-extension/main-repo/javavscode/netbeans/nbbuild/netbeans/ide/modules/org-netbeans-modules-options-editor.jar:/Users/atalati/vscode-extension/main-repo/javavscode/netbeans/nbbuild/netbeans/java/modules/org-netbeans-modules-java-editor.jar:/Users/atalati/vscode-extension/main-repo/javavscode/netbeans/nbbuild/netbeans/ide/modules/org-netbeans-modules-editor-bracesmatching.jar:/Users/atalati/vscode-extension/main-repo/javavscode/netbeans/nbbuild/netbeans/ide/modules/org-netbeans-modules-editor-codetemplates.jar:/Users/atalati/vscode-extension/main-repo/javavscode/netbeans/nbbuild/netbeans/ide/modules/org-netbeans-modules-editor-completion.jar:/Users/atalati/vscode-extension/main-repo/javavscode/netbeans/nbbuild/netbeans/ide/modules/org-netbeans-spi-editor-hints.jar:/Users/atalati/vscode-extension/main-repo/javavscode/netbeans/nbbuild/netbeans/java/modules/org-netbeans-modules-java-editor-base.jar:/Users/atalati/vscode-extension/main-repo/javavscode/netbeans/nbbuild/netbeans/java/modules/org-netbeans-modules-java-project.jar:/Users/atalati/vscode-extension/main-repo/javavscode/netbeans/nbbuild/netbeans/ide/modules/org-netbeans-modules-project-ant.jar:/Users/atalati/vscode-extension/main-repo/javavscode/netbeans/nbbuild/netbeans/ide/modules/org-netbeans-modules-project-libraries.jar:/Users/atalati/vscode-extension/main-repo/javavscode/netbeans/nbbuild/netbeans/ide/modules/org-netbeans-modules-project-spi-intern.jar:/Users/atalati/vscode-extension/main-repo/javavscode/netbeans/nbbuild/netbeans/ide/modules/org-netbeans-modules-xml-catalog.jar:/Users/atalati/vscode-extension/main-repo/javavscode/netbeans/nbbuild/netbeans/ide/modules/org-apache-xml-resolver.jar:/Users/atalati/vscode-extension/main-repo/javavscode/netbeans/ide/o.apache.xml.resolver/external/resolver-1.2.jar:/Users/atalati/vscode-extension/main-repo/javavscode/netbeans/nbbuild/netbeans/ide/modules/ext/resolver-1.2.jar:/Users/atalati/vscode-extension/main-repo/javavscode/netbeans/nbbuild/netbeans/ide/modules/org-netbeans-api-xml.jar:/Users/atalati/vscode-extension/main-repo/javavscode/netbeans/nbbuild/netbeans/java/modules/org-netbeans-spi-java-hints.jar:/Users/atalati/vscode-extension/main-repo/javavscode/netbeans/nbbuild/netbeans/ide/modules/org-netbeans-modules-code-analysis.jar:/Users/atalati/vscode-extension/main-repo/javavscode/netbeans/nbbuild/netbeans/platform/modules/org-netbeans-modules-autoupdate-services.jar:/Users/atalati/vscode-extension/main-repo/javavscode/netbeans/nbbuild/netbeans/platform/modules/ext/updater.jar:/Users/atalati/vscode-extension/main-repo/javavscode/netbeans/nbbuild/netbeans/platform/modules/org-netbeans-modules-settings.jar:/Users/atalati/vscode-extension/main-repo/javavscode/netbeans/nbbuild/netbeans/java/modules/org-netbeans-modules-java-source.jar:/Users/atalati/vscode-extension/main-repo/javavscode/netbeans/nbbuild/netbeans/platform/modules/org-netbeans-core-multiview.jar:/Users/atalati/vscode-extension/main-repo/javavscode/netbeans/nbbuild/netbeans/ide/modules/org-netbeans-modules-editor-indent-project.jar:/Users/atalati/vscode-extension/main-repo/javavscode/netbeans/nbbuild/netbeans/ide/modules/org-netbeans-modules-editor-indent-support.jar:/Users/atalati/vscode-extension/main-repo/javavscode/netbeans/nbbuild/netbeans/java/modules/org-netbeans-modules-java-sourceui.jar:/Users/atalati/vscode-extension/main-repo/javavscode/netbeans/nbbuild/netbeans/ide/modules/org-netbeans-modules-jumpto.jar:/Users/atalati/vscode-extension/main-repo/javavscode/netbeans/nbbuild/netbeans/platform/modules/org-netbeans-api-search.jar:/Users/atalati/vscode-extension/main-repo/javavscode/netbeans/nbbuild/netbeans/platform/modules/org-netbeans-core-ui.jar:/Users/atalati/vscode-extension/main-repo/javavscode/netbeans/nbbuild/netbeans/java/modules/org-netbeans-modules-refactoring-java.jar:/Users/atalati/vscode-extension/main-repo/javavscode/netbeans/nbbuild/netbeans/ide/modules/org-netbeans-modules-gototest.jar:/Users/atalati/vscode-extension/main-repo/javavscode/netbeans/nbbuild/netbeans/ide/modules/org-netbeans-modules-gsf-testrunner.jar:/Users/atalati/vscode-extension/main-repo/javavscode/netbeans/nbbuild/netbeans/ide/modules/org-netbeans-modules-extexecution.jar:/Users/atalati/vscode-extension/main-repo/javavscode/netbeans/nbbuild/netbeans/ide/modules/org-netbeans-modules-extexecution-base.jar:/Users/atalati/vscode-extension/main-repo/javavscode/netbeans/nbbuild/netbeans/ide/modules/org-netbeans-modules-gsf-testrunner-ui.jar:/Users/atalati/vscode-extension/main-repo/javavscode/netbeans/nbbuild/netbeans/java/modules/org-netbeans-modules-java-file-launcher.jar:/Users/atalati/vscode-extension/main-repo/javavscode/netbeans/nbbuild/netbeans/java/modules/org-netbeans-api-debugger-jpda.jar:/Users/atalati/vscode-extension/main-repo/javavscode/netbeans/nbbuild/netbeans/ide/modules/org-netbeans-api-debugger.jar:/Users/atalati/vscode-extension/main-repo/javavscode/netbeans/nbbuild/netbeans/java/modules/org-netbeans-modules-java-project-ui.jar:/Users/atalati/vscode-extension/main-repo/javavscode/netbeans/nbbuild/netbeans/extide/modules/org-apache-tools-ant-module.jar:/Users/atalati/vscode-extension/main-repo/javavscode/netbeans/nbbuild/netbeans/ide/modules/org-netbeans-api-xml-ui.jar:/Users/atalati/vscode-extension/main-repo/javavscode/netbeans/nbbuild/netbeans/extide/modules/org-netbeans-modules-options-java.jar:/Users/atalati/vscode-extension/main-repo/javavscode/netbeans/nbbuild/netbeans/ide/modules/org-netbeans-spi-navigator.jar:/Users/atalati/vscode-extension/main-repo/javavscode/netbeans/nbbuild/netbeans/platform/modules/org-openide-execution.jar:/Users/atalati/vscode-extension/main-repo/javavscode/netbeans/nbbuild/netbeans/java/modules/org-netbeans-modules-java-platform-ui.jar:/Users/atalati/vscode-extension/main-repo/javavscode/netbeans/nbbuild/netbeans/ide/modules/org-netbeans-modules-project-ant-ui.jar:/Users/atalati/vscode-extension/main-repo/javavscode/netbeans/nbbuild/netbeans/ide/modules/org-netbeans-modules-project-libraries-ui.jar:/Users/atalati/vscode-extension/main-repo/javavscode/netbeans/nbbuild/netbeans/platform/modules/org-netbeans-modules-javahelp.jar:/Users/atalati/vscode-extension/main-repo/javavscode/netbeans/platform/javahelp/external/jhall-2.0_05.jar:/Users/atalati/vscode-extension/main-repo/javavscode/netbeans/nbbuild/netbeans/java/modules/org-netbeans-modules-whitelist.jar:/Users/atalati/vscode-extension/main-repo/javavscode/netbeans/nbbuild/netbeans/java/modules/org-netbeans-modules-libs-corba-omgapi.jar:/Users/atalati/vscode-extension/main-repo/javavscode/netbeans/nbbuild/netbeans/java/modules/ext/corba/omgapi/glassfish-corba-omgapi.jar:/Users/atalati/vscode-extension/main-repo/javavscode/netbeans/nbbuild/netbeans/java/modules/org-netbeans-modules-java-hints-legacy-spi.jar:/Users/atalati/vscode-extension/main-repo/javavscode/netbeans/nbbuild/netbeans/java/modules/org-netbeans-modules-java-hints-legacy-spi.jar:/Users/atalati/vscode-extension/main-repo/javavscode/netbeans/nbbuild/netbeans/java/modules/org-netbeans-libs-javacapi.jar:/Users/atalati/vscode-extension/main-repo/javavscode/netbeans/java/libs.javacapi/external/nb-javac-jdk-22+33-api.jar:/Users/atalati/vscode-extension/main-repo/javavscode/netbeans/java/libs.javacapi/external/nb-javac-jdk-22+33.jar:/Users/atalati/vscode-extension/main-repo/javavscode/netbeans/nbbuild/netbeans/java/modules/org-netbeans-modules-java-source-base.jar:/Users/atalati/vscode-extension/main-repo/javavscode/netbeans/nbbuild/netbeans/platform/modules/org-netbeans-api-annotations-common.jar:/Users/atalati/vscode-extension/main-repo/javavscode/netbeans/nbbuild/netbeans/java/modules/org-netbeans-api-java.jar:/Users/atalati/vscode-extension/main-repo/javavscode/netbeans/nbbuild/netbeans/ide/modules/org-netbeans-api-java-classpath.jar:/Users/atalati/vscode-extension/main-repo/javavscode/netbeans/nbbuild/netbeans/platform/core/org-openide-filesystems.jar:/Users/atalati/vscode-extension/main-repo/javavscode/netbeans/nbbuild/netbeans/platform/lib/org-openide-util.jar:/Users/atalati/vscode-extension/main-repo/javavscode/netbeans/nbbuild/netbeans/platform/lib/org-openide-util-lookup.jar:/Users/atalati/vscode-extension/main-repo/javavscode/netbeans/nbbuild/netbeans/platform/lib/org-openide-modules.jar:/Users/atalati/vscode-extension/main-repo/javavscode/netbeans/nbbuild/netbeans/platform/lib/org-openide-util-ui.jar:/Users/atalati/vscode-extension/main-repo/javavscode/netbeans/nbbuild/netbeans/platform/modules/org-netbeans-api-progress.jar:/Users/atalati/vscode-extension/main-repo/javavscode/netbeans/nbbuild/netbeans/platform/modules/org-netbeans-api-scripting.jar:/Users/atalati/vscode-extension/main-repo/javavscode/netbeans/nbbuild/netbeans/java/modules/org-netbeans-lib-nbjavac.jar:/Users/atalati/vscode-extension/main-repo/javavscode/netbeans/nbbuild/netbeans/platform/core/org-netbeans-libs-asm.jar:/Users/atalati/vscode-extension/main-repo/javavscode/netbeans/platform/libs.asm/external/asm-9.6.jar:/Users/atalati/vscode-extension/main-repo/javavscode/netbeans/nbbuild/netbeans/platform/core/asm-9.6.jar:/Users/atalati/vscode-extension/main-repo/javavscode/netbeans/platform/libs.asm/external/asm-tree-9.6.jar:/Users/atalati/vscode-extension/main-repo/javavscode/netbeans/nbbuild/netbeans/platform/core/asm-tree-9.6.jar:/Users/atalati/vscode-extension/main-repo/javavscode/netbeans/platform/libs.asm/external/asm-commons-9.6.jar:/Users/atalati/vscode-extension/main-repo/javavscode/netbeans/nbbuild/netbeans/platform/core/asm-commons-9.6.jar:/Users/atalati/vscode-extension/main-repo/javavscode/netbeans/nbbuild/netbeans/ide/modules/org-netbeans-libs-lucene.jar:/Users/atalati/vscode-extension/main-repo/javavscode/netbeans/ide/libs.lucene/external/lucene-core-3.6.2.jar:/Users/atalati/vscode-extension/main-repo/javavscode/netbeans/nbbuild/netbeans/ide/modules/ext/lucene-core-3.6.2.jar:/Users/atalati/vscode-extension/main-repo/javavscode/netbeans/nbbuild/netbeans/java/modules/org-netbeans-modules-classfile.jar:/Users/atalati/vscode-extension/main-repo/javavscode/netbeans/nbbuild/netbeans/ide/modules/org-netbeans-modules-editor-document.jar:/Users/atalati/vscode-extension/main-repo/javavscode/netbeans/nbbuild/netbeans/platform/modules/org-netbeans-modules-editor-mimelookup.jar:/Users/atalati/vscode-extension/main-repo/javavscode/netbeans/nbbuild/netbeans/ide/modules/org-netbeans-modules-editor-util.jar:/Users/atalati/vscode-extension/main-repo/javavscode/netbeans/nbbuild/netbeans/ide/modules/org-netbeans-modules-editor-guards.jar:/Users/atalati/vscode-extension/main-repo/javavscode/netbeans/nbbuild/netbeans/ide/modules/org-netbeans-modules-editor-indent.jar:/Users/atalati/vscode-extension/main-repo/javavscode/netbeans/nbbuild/netbeans/ide/modules/org-netbeans-modules-editor-settings.jar:/Users/atalati/vscode-extension/main-repo/javavscode/netbeans/nbbuild/netbeans/ide/modules/org-netbeans-modules-lexer.jar:/Users/atalati/vscode-extension/main-repo/javavscode/netbeans/nbbuild/netbeans/java/modules/org-netbeans-modules-java-lexer.jar:/Users/atalati/vscode-extension/main-repo/javavscode/netbeans/nbbuild/netbeans/java/modules/org-netbeans-modules-java-platform.jar:/Users/atalati/vscode-extension/main-repo/javavscode/netbeans/nbbuild/netbeans/java/modules/org-netbeans-modules-java-preprocessorbridge.jar:/Users/atalati/vscode-extension/main-repo/javavscode/netbeans/nbbuild/netbeans/ide/modules/org-netbeans-modules-parsing-api.jar:/Users/atalati/vscode-extension/main-repo/javavscode/netbeans/nbbuild/netbeans/ide/modules/org-netbeans-modules-parsing-lucene.jar:/Users/atalati/vscode-extension/main-repo/javavscode/netbeans/nbbuild/netbeans/platform/modules/org-netbeans-modules-masterfs.jar:/Users/atalati/vscode-extension/main-repo/javavscode/netbeans/nbbuild/netbeans/platform/modules/org-netbeans-modules-queries.jar:/Users/atalati/vscode-extension/main-repo/javavscode/netbeans/nbbuild/netbeans/ide/modules/org-netbeans-modules-projectapi.jar:/Users/atalati/vscode-extension/main-repo/javavscode/netbeans/nbbuild/netbeans/ide/modules/org-netbeans-modules-parsing-indexing.jar:/Users/atalati/vscode-extension/main-repo/javavscode/netbeans/nbbuild/netbeans/ide/modules/org-netbeans-modules-project-indexingbridge.jar:/Users/atalati/vscode-extension/main-repo/javavscode/netbeans/nbbuild/netbeans/ide/modules/org-netbeans-modules-projectuiapi-base.jar:/Users/atalati/vscode-extension/main-repo/javavscode/netbeans/nbbuild/netbeans/platform/modules/org-openide-explorer.jar:/Users/atalati/vscode-extension/main-repo/javavscode/netbeans/nbbuild/netbeans/platform/modules/org-netbeans-swing-outline.jar:/Users/atalati/vscode-extension/main-repo/javavscode/netbeans/nbbuild/netbeans/platform/modules/org-netbeans-swing-tabcontrol.jar:/Users/atalati/vscode-extension/main-repo/javavscode/netbeans/nbbuild/netbeans/platform/modules/org-openide-awt.jar:/Users/atalati/vscode-extension/main-repo/javavscode/netbeans/nbbuild/netbeans/platform/modules/org-openide-windows.jar:/Users/atalati/vscode-extension/main-repo/javavscode/netbeans/nbbuild/netbeans/platform/modules/org-openide-nodes.jar:/Users/atalati/vscode-extension/main-repo/javavscode/netbeans/nbbuild/netbeans/platform/modules/org-openide-dialogs.jar:/Users/atalati/vscode-extension/main-repo/javavscode/netbeans/nbbuild/netbeans/platform/modules/org-netbeans-api-progress-nb.jar:/Users/atalati/vscode-extension/main-repo/javavscode/netbeans/nbbuild/netbeans/ide/modules/org-netbeans-spi-tasklist.jar:/Users/atalati/vscode-extension/main-repo/javavscode/netbeans/nbbuild/netbeans/ide/modules/org-netbeans-modules-refactoring-api.jar:/Users/atalati/vscode-extension/main-repo/javavscode/netbeans/nbbuild/netbeans/ide/modules/org-netbeans-modules-diff.jar:/Users/atalati/vscode-extension/main-repo/javavscode/netbeans/nbbuild/netbeans/ide/modules/org-netbeans-modules-editor-errorstripe.jar:/Users/atalati/vscode-extension/main-repo/javavscode/netbeans/nbbuild/netbeans/ide/modules/org-netbeans-modules-editor-errorstripe-api.jar:/Users/atalati/vscode-extension/main-repo/javavscode/netbeans/nbbuild/netbeans/ide/modules/org-netbeans-modules-editor-fold.jar:/Users/atalati/vscode-extension/main-repo/javavscode/netbeans/nbbuild/netbeans/ide/modules/org-netbeans-modules-editor-settings-lib.jar:/Users/atalati/vscode-extension/main-repo/javavscode/netbeans/nbbuild/netbeans/ide/modules/org-netbeans-modules-editor-lib.jar:/Users/atalati/vscode-extension/main-repo/javavscode/netbeans/nbbuild/netbeans/ide/modules/org-netbeans-modules-editor-lib2.jar:/Users/atalati/vscode-extension/main-repo/javavscode/netbeans/nbbuild/netbeans/platform/modules/org-openide-loaders.jar:/Users/atalati/vscode-extension/main-repo/javavscode/netbeans/nbbuild/netbeans/platform/modules/org-netbeans-api-templates.jar:/Users/atalati/vscode-extension/main-repo/javavscode/netbeans/nbbuild/netbeans/platform/modules/org-openide-actions.jar:/Users/atalati/vscode-extension/main-repo/javavscode/netbeans/nbbuild/netbeans/platform/modules/org-openide-text.jar:/Users/atalati/vscode-extension/main-repo/javavscode/netbeans/nbbuild/netbeans/platform/modules/org-openide-filesystems-nb.jar:/Users/atalati/vscode-extension/main-repo/javavscode/netbeans/nbbuild/netbeans/platform/modules/org-netbeans-modules-options-api.jar:/Users/atalati/vscode-extension/main-repo/javavscode/netbeans/nbbuild/netbeans/platform/modules/org-netbeans-core.jar:/Users/atalati/vscode-extension/main-repo/javavscode/netbeans/nbbuild/netbeans/platform/lib/boot.jar:/Users/atalati/vscode-extension/main-repo/javavscode/netbeans/nbbuild/netbeans/platform/core/core.jar:/Users/atalati/vscode-extension/main-repo/javavscode/netbeans/nbbuild/netbeans/platform/core/core-base.jar:/Users/atalati/vscode-extension/main-repo/javavscode/netbeans/nbbuild/netbeans/platform/modules/org-netbeans-modules-keyring.jar:/Users/atalati/vscode-extension/main-repo/javavscode/netbeans/nbbuild/netbeans/platform/modules/org-netbeans-modules-sampler.jar:/Users/atalati/vscode-extension/main-repo/javavscode/netbeans/nbbuild/netbeans/platform/modules/org-netbeans-swing-plaf.jar:/Users/atalati/vscode-extension/main-repo/javavscode/netbeans/nbbuild/netbeans/platform/modules/org-openide-io.jar:/Users/atalati/vscode-extension/main-repo/javavscode/netbeans/nbbuild/netbeans/platform/modules/org-netbeans-api-intent.jar:/Users/atalati/vscode-extension/main-repo/javavscode/netbeans/nbbuild/netbeans/platform/modules/org-netbeans-api-io.jar:/Users/atalati/vscode-extension/main-repo/javavscode/netbeans/nbbuild/netbeans/platform/modules/org-netbeans-spi-quicksearch.jar:/Users/atalati/vscode-extension/main-repo/javavscode/netbeans/nbbuild/netbeans/ide/modules/org-netbeans-modules-options-editor.jar:/Users/atalati/vscode-extension/main-repo/javavscode/netbeans/nbbuild/netbeans/ide/modules/org-netbeans-modules-editor.jar:/Users/atalati/vscode-extension/main-repo/javavscode/netbeans/nbbuild/netbeans/ide/modules/org-netbeans-api-lsp.jar:/Users/atalati/vscode-extension/main-repo/javavscode/netbeans/nbbuild/netbeans/ide/modules/org-netbeans-modules-editor-fold-nbui.jar:/Users/atalati/vscode-extension/main-repo/javavscode/netbeans/nbbuild/netbeans/ide/modules/org-netbeans-modules-editor-settings-storage.jar:/Users/atalati/vscode-extension/main-repo/javavscode/netbeans/nbbuild/netbeans/platform/modules/org-netbeans-modules-options-keymap.jar:/Users/atalati/vscode-extension/main-repo/javavscode/netbeans/nbbuild/netbeans/ide/modules/org-netbeans-spi-editor-hints.jar:/Users/atalati/vscode-extension/main-repo/javavscode/netbeans/nbbuild/netbeans/java/modules/org-netbeans-spi-java-hints.jar:/Users/atalati/vscode-extension/main-repo/javavscode/netbeans/nbbuild/netbeans/ide/modules/org-netbeans-modules-code-analysis.jar:/Users/atalati/vscode-extension/main-repo/javavscode/netbeans/nbbuild/netbeans/platform/modules/org-netbeans-modules-autoupdate-services.jar:/Users/atalati/vscode-extension/main-repo/javavscode/netbeans/nbbuild/netbeans/platform/modules/ext/updater.jar:/Users/atalati/vscode-extension/main-repo/javavscode/netbeans/nbbuild/netbeans/ide/modules/org-netbeans-modules-projectuiapi.jar:/Users/atalati/vscode-extension/main-repo/javavscode/netbeans/nbbuild/netbeans/platform/modules/org-netbeans-modules-settings.jar:/Users/atalati/vscode-extension/main-repo/javavscode/netbeans/nbbuild/netbeans/java/modules/org-netbeans-modules-java-project.jar:/Users/atalati/vscode-extension/main-repo/javavscode/netbeans/nbbuild/netbeans/ide/modules/org-netbeans-modules-project-ant.jar:/Users/atalati/vscode-extension/main-repo/javavscode/netbeans/nbbuild/netbeans/ide/modules/org-netbeans-modules-project-libraries.jar:/Users/atalati/vscode-extension/main-repo/javavscode/netbeans/nbbuild/netbeans/ide/modules/org-netbeans-modules-project-spi-intern.jar:/Users/atalati/vscode-extension/main-repo/javavscode/netbeans/nbbuild/netbeans/ide/modules/org-netbeans-modules-xml-catalog.jar:/Users/atalati/vscode-extension/main-repo/javavscode/netbeans/nbbuild/netbeans/ide/modules/org-apache-xml-resolver.jar:/Users/atalati/vscode-extension/main-repo/javavscode/netbeans/ide/o.apache.xml.resolver/external/resolver-1.2.jar:/Users/atalati/vscode-extension/main-repo/javavscode/netbeans/nbbuild/netbeans/ide/modules/ext/resolver-1.2.jar:/Users/atalati/vscode-extension/main-repo/javavscode/netbeans/nbbuild/netbeans/ide/modules/org-netbeans-api-xml.jar:/Users/atalati/vscode-extension/main-repo/javavscode/netbeans/nbbuild/netbeans/java/modules/org-netbeans-modules-java-source.jar:/Users/atalati/vscode-extension/main-repo/javavscode/netbeans/nbbuild/netbeans/platform/modules/org-netbeans-core-multiview.jar:/Users/atalati/vscode-extension/main-repo/javavscode/netbeans/nbbuild/netbeans/ide/modules/org-netbeans-modules-editor-indent-project.jar:/Users/atalati/vscode-extension/main-repo/javavscode/netbeans/nbbuild/netbeans/ide/modules/org-netbeans-modules-editor-indent-support.jar:/Users/atalati/vscode-extension/main-repo/javavscode/netbeans/nbbuild/netbeans/java/modules/org-netbeans-modules-java-lexer.jar:/Users/atalati/vscode-extension/main-repo/javavscode/netbeans/nbbuild/netbeans/ide/modules/org-netbeans-modules-lexer.jar:/Users/atalati/vscode-extension/main-repo/javavscode/netbeans/nbbuild/netbeans/ide/modules/org-netbeans-modules-editor-util.jar:/Users/atalati/vscode-extension/main-repo/javavscode/netbeans/nbbuild/netbeans/platform/lib/org-openide-util.jar:/Users/atalati/vscode-extension/main-repo/javavscode/netbeans/nbbuild/netbeans/platform/lib/org-openide-util-lookup.jar:/Users/atalati/vscode-extension/main-repo/javavscode/netbeans/nbbuild/netbeans/platform/lib/org-openide-util-ui.jar:/Users/atalati/vscode-extension/main-repo/javavscode/netbeans/nbbuild/netbeans/java/modules/org-netbeans-modules-java-nativeimage-debugger.jar:/Users/atalati/vscode-extension/main-repo/javavscode/netbeans/nbbuild/netbeans/platform/modules/org-netbeans-api-annotations-common.jar:/Users/atalati/vscode-extension/main-repo/javavscode/netbeans/nbbuild/netbeans/ide/modules/org-netbeans-api-debugger.jar:/Users/atalati/vscode-extension/main-repo/javavscode/netbeans/nbbuild/netbeans/ide/modules/org-netbeans-modules-projectapi.jar:/Users/atalati/vscode-extension/main-repo/javavscode/netbeans/nbbuild/netbeans/platform/modules/org-netbeans-modules-queries.jar:/Users/atalati/vscode-extension/main-repo/javavscode/netbeans/nbbuild/netbeans/platform/core/org-openide-filesystems.jar:/Users/atalati/vscode-extension/main-repo/javavscode/netbeans/nbbuild/netbeans/platform/lib/org-openide-util.jar:/Users/atalati/vscode-extension/main-repo/javavscode/netbeans/nbbuild/netbeans/platform/lib/org-openide-util-lookup.jar:/Users/atalati/vscode-extension/main-repo/javavscode/netbeans/nbbuild/netbeans/platform/lib/org-openide-modules.jar:/Users/atalati/vscode-extension/main-repo/javavscode/netbeans/nbbuild/netbeans/platform/lib/org-openide-util-ui.jar:/Users/atalati/vscode-extension/main-repo/javavscode/netbeans/nbbuild/netbeans/java/modules/org-netbeans-api-debugger-jpda.jar:/Users/atalati/vscode-extension/main-repo/javavscode/netbeans/nbbuild/netbeans/ide/modules/org-netbeans-api-java-classpath.jar:/Users/atalati/vscode-extension/main-repo/javavscode/netbeans/nbbuild/netbeans/ide/modules/org-netbeans-modules-extexecution.jar:/Users/atalati/vscode-extension/main-repo/javavscode/netbeans/nbbuild/netbeans/platform/modules/org-netbeans-api-progress.jar:/Users/atalati/vscode-extension/main-repo/javavscode/netbeans/nbbuild/netbeans/ide/modules/org-netbeans-modules-extexecution-base.jar:/Users/atalati/vscode-extension/main-repo/javavscode/netbeans/nbbuild/netbeans/platform/modules/org-openide-io.jar:/Users/atalati/vscode-extension/main-repo/javavscode/netbeans/nbbuild/netbeans/platform/modules/org-netbeans-api-intent.jar:/Users/atalati/vscode-extension/main-repo/javavscode/netbeans/nbbuild/netbeans/platform/modules/org-netbeans-api-io.jar:/Users/atalati/vscode-extension/main-repo/javavscode/netbeans/nbbuild/netbeans/java/modules/org-netbeans-modules-java-project.jar:/Users/atalati/vscode-extension/main-repo/javavscode/netbeans/nbbuild/netbeans/java/modules/org-netbeans-api-java.jar:/Users/atalati/vscode-extension/main-repo/javavscode/netbeans/nbbuild/netbeans/java/modules/org-netbeans-modules-classfile.jar:/Users/atalati/vscode-extension/main-repo/javavscode/netbeans/nbbuild/netbeans/java/modules/org-netbeans-modules-java-platform.jar:/Users/atalati/vscode-extension/main-repo/javavscode/netbeans/nbbuild/netbeans/java/modules/org-netbeans-modules-java-source-base.jar:/Users/atalati/vscode-extension/main-repo/javavscode/netbeans/nbbuild/netbeans/platform/modules/org-netbeans-api-scripting.jar:/Users/atalati/vscode-extension/main-repo/javavscode/netbeans/nbbuild/netbeans/java/modules/org-netbeans-lib-nbjavac.jar:/Users/atalati/vscode-extension/main-repo/javavscode/netbeans/nbbuild/netbeans/java/modules/org-netbeans-libs-javacapi.jar:/Users/atalati/vscode-extension/main-repo/javavscode/netbeans/java/libs.javacapi/external/nb-javac-jdk-22+33-api.jar:/Users/atalati/vscode-extension/main-repo/javavscode/netbeans/java/libs.javacapi/external/nb-javac-jdk-22+33.jar:/Users/atalati/vscode-extension/main-repo/javavscode/netbeans/nbbuild/netbeans/platform/core/org-netbeans-libs-asm.jar:/Users/atalati/vscode-extension/main-repo/javavscode/netbeans/platform/libs.asm/external/asm-9.6.jar:/Users/atalati/vscode-extension/main-repo/javavscode/netbeans/nbbuild/netbeans/platform/core/asm-9.6.jar:/Users/atalati/vscode-extension/main-repo/javavscode/netbeans/platform/libs.asm/external/asm-tree-9.6.jar:/Users/atalati/vscode-extension/main-repo/javavscode/netbeans/nbbuild/netbeans/platform/core/asm-tree-9.6.jar:/Users/atalati/vscode-extension/main-repo/javavscode/netbeans/platform/libs.asm/external/asm-commons-9.6.jar:/Users/atalati/vscode-extension/main-repo/javavscode/netbeans/nbbuild/netbeans/platform/core/asm-commons-9.6.jar:/Users/atalati/vscode-extension/main-repo/javavscode/netbeans/nbbuild/netbeans/ide/modules/org-netbeans-libs-lucene.jar:/Users/atalati/vscode-extension/main-repo/javavscode/netbeans/ide/libs.lucene/external/lucene-core-3.6.2.jar:/Users/atalati/vscode-extension/main-repo/javavscode/netbeans/nbbuild/netbeans/ide/modules/ext/lucene-core-3.6.2.jar:/Users/atalati/vscode-extension/main-repo/javavscode/netbeans/nbbuild/netbeans/ide/modules/org-netbeans-modules-editor-document.jar:/Users/atalati/vscode-extension/main-repo/javavscode/netbeans/nbbuild/netbeans/platform/modules/org-netbeans-modules-editor-mimelookup.jar:/Users/atalati/vscode-extension/main-repo/javavscode/netbeans/nbbuild/netbeans/ide/modules/org-netbeans-modules-editor-util.jar:/Users/atalati/vscode-extension/main-repo/javavscode/netbeans/nbbuild/netbeans/ide/modules/org-netbeans-modules-editor-guards.jar:/Users/atalati/vscode-extension/main-repo/javavscode/netbeans/nbbuild/netbeans/ide/modules/org-netbeans-modules-editor-indent.jar:/Users/atalati/vscode-extension/main-repo/javavscode/netbeans/nbbuild/netbeans/ide/modules/org-netbeans-modules-editor-settings.jar:/Users/atalati/vscode-extension/main-repo/javavscode/netbeans/nbbuild/netbeans/ide/modules/org-netbeans-modules-lexer.jar:/Users/atalati/vscode-extension/main-repo/javavscode/netbeans/nbbuild/netbeans/java/modules/org-netbeans-modules-java-lexer.jar:/Users/atalati/vscode-extension/main-repo/javavscode/netbeans/nbbuild/netbeans/java/modules/org-netbeans-modules-java-preprocessorbridge.jar:/Users/atalati/vscode-extension/main-repo/javavscode/netbeans/nbbuild/netbeans/ide/modules/org-netbeans-modules-parsing-api.jar:/Users/atalati/vscode-extension/main-repo/javavscode/netbeans/nbbuild/netbeans/ide/modules/org-netbeans-modules-parsing-lucene.jar:/Users/atalati/vscode-extension/main-repo/javavscode/netbeans/nbbuild/netbeans/platform/modules/org-netbeans-modules-masterfs.jar:/Users/atalati/vscode-extension/main-repo/javavscode/netbeans/nbbuild/netbeans/ide/modules/org-netbeans-modules-parsing-indexing.jar:/Users/atalati/vscode-extension/main-repo/javavscode/netbeans/nbbuild/netbeans/ide/modules/org-netbeans-modules-project-indexingbridge.jar:/Users/atalati/vscode-extension/main-repo/javavscode/netbeans/nbbuild/netbeans/ide/modules/org-netbeans-modules-projectuiapi-base.jar:/Users/atalati/vscode-extension/main-repo/javavscode/netbeans/nbbuild/netbeans/platform/modules/org-openide-explorer.jar:/Users/atalati/vscode-extension/main-repo/javavscode/netbeans/nbbuild/netbeans/platform/modules/org-netbeans-swing-outline.jar:/Users/atalati/vscode-extension/main-repo/javavscode/netbeans/nbbuild/netbeans/platform/modules/org-netbeans-swing-tabcontrol.jar:/Users/atalati/vscode-extension/main-repo/javavscode/netbeans/nbbuild/netbeans/platform/modules/org-openide-awt.jar:/Users/atalati/vscode-extension/main-repo/javavscode/netbeans/nbbuild/netbeans/platform/modules/org-openide-windows.jar:/Users/atalati/vscode-extension/main-repo/javavscode/netbeans/nbbuild/netbeans/platform/modules/org-openide-nodes.jar:/Users/atalati/vscode-extension/main-repo/javavscode/netbeans/nbbuild/netbeans/platform/modules/org-openide-dialogs.jar:/Users/atalati/vscode-extension/main-repo/javavscode/netbeans/nbbuild/netbeans/platform/modules/org-netbeans-api-progress-nb.jar:/Users/atalati/vscode-extension/main-repo/javavscode/netbeans/nbbuild/netbeans/ide/modules/org-netbeans-spi-tasklist.jar:/Users/atalati/vscode-extension/main-repo/javavscode/netbeans/nbbuild/netbeans/ide/modules/org-netbeans-modules-refactoring-api.jar:/Users/atalati/vscode-extension/main-repo/javavscode/netbeans/nbbuild/netbeans/ide/modules/org-netbeans-modules-diff.jar:/Users/atalati/vscode-extension/main-repo/javavscode/netbeans/nbbuild/netbeans/ide/modules/org-netbeans-modules-editor-errorstripe.jar:/Users/atalati/vscode-extension/main-repo/javavscode/netbeans/nbbuild/netbeans/ide/modules/org-netbeans-modules-editor-errorstripe-api.jar:/Users/atalati/vscode-extension/main-repo/javavscode/netbeans/nbbuild/netbeans/ide/modules/org-netbeans-modules-editor-fold.jar:/Users/atalati/vscode-extension/main-repo/javavscode/netbeans/nbbuild/netbeans/ide/modules/org-netbeans-modules-editor-settings-lib.jar:/Users/atalati/vscode-extension/main-repo/javavscode/netbeans/nbbuild/netbeans/ide/modules/org-netbeans-modules-editor-lib.jar:/Users/atalati/vscode-extension/main-repo/javavscode/netbeans/nbbuild/netbeans/ide/modules/org-netbeans-modules-editor-lib2.jar:/Users/atalati/vscode-extension/main-repo/javavscode/netbeans/nbbuild/netbeans/platform/modules/org-openide-loaders.jar:/Users/atalati/vscode-extension/main-repo/javavscode/netbeans/nbbuild/netbeans/platform/modules/org-netbeans-api-templates.jar:/Users/atalati/vscode-extension/main-repo/javavscode/netbeans/nbbuild/netbeans/platform/modules/org-openide-actions.jar:/Users/atalati/vscode-extension/main-repo/javavscode/netbeans/nbbuild/netbeans/platform/modules/org-openide-text.jar:/Users/atalati/vscode-extension/main-repo/javavscode/netbeans/nbbuild/netbeans/platform/modules/org-openide-filesystems-nb.jar:/Users/atalati/vscode-extension/main-repo/javavscode/netbeans/nbbuild/netbeans/platform/modules/org-netbeans-modules-options-api.jar:/Users/atalati/vscode-extension/main-repo/javavscode/netbeans/nbbuild/netbeans/platform/modules/org-netbeans-core.jar:/Users/atalati/vscode-extension/main-repo/javavscode/netbeans/nbbuild/netbeans/platform/lib/boot.jar:/Users/atalati/vscode-extension/main-repo/javavscode/netbeans/nbbuild/netbeans/platform/core/core.jar:/Users/atalati/vscode-extension/main-repo/javavscode/netbeans/nbbuild/netbeans/platform/core/core-base.jar:/Users/atalati/vscode-extension/main-repo/javavscode/netbeans/nbbuild/netbeans/platform/modules/org-netbeans-modules-keyring.jar:/Users/atalati/vscode-extension/main-repo/javavscode/netbeans/nbbuild/netbeans/platform/modules/org-netbeans-modules-sampler.jar:/Users/atalati/vscode-extension/main-repo/javavscode/netbeans/nbbuild/netbeans/platform/modules/org-netbeans-swing-plaf.jar:/Users/atalati/vscode-extension/main-repo/javavscode/netbeans/nbbuild/netbeans/platform/modules/org-netbeans-spi-quicksearch.jar:/Users/atalati/vscode-extension/main-repo/javavscode/netbeans/nbbuild/netbeans/ide/modules/org-netbeans-modules-options-editor.jar:/Users/atalati/vscode-extension/main-repo/javavscode/netbeans/nbbuild/netbeans/ide/modules/org-netbeans-modules-editor.jar:/Users/atalati/vscode-extension/main-repo/javavscode/netbeans/nbbuild/netbeans/ide/modules/org-netbeans-api-lsp.jar:/Users/atalati/vscode-extension/main-repo/javavscode/netbeans/nbbuild/netbeans/ide/modules/org-netbeans-modules-editor-fold-nbui.jar:/Users/atalati/vscode-extension/main-repo/javavscode/netbeans/nbbuild/netbeans/ide/modules/org-netbeans-modules-editor-settings-storage.jar:/Users/atalati/vscode-extension/main-repo/javavscode/netbeans/nbbuild/netbeans/platform/modules/org-netbeans-modules-options-keymap.jar:/Users/atalati/vscode-extension/main-repo/javavscode/netbeans/nbbuild/netbeans/ide/modules/org-netbeans-modules-project-ant.jar:/Users/atalati/vscode-extension/main-repo/javavscode/netbeans/nbbuild/netbeans/ide/modules/org-netbeans-modules-project-libraries.jar:/Users/atalati/vscode-extension/main-repo/javavscode/netbeans/nbbuild/netbeans/ide/modules/org-netbeans-modules-project-spi-intern.jar:/Users/atalati/vscode-extension/main-repo/javavscode/netbeans/nbbuild/netbeans/ide/modules/org-netbeans-modules-xml-catalog.jar:/Users/atalati/vscode-extension/main-repo/javavscode/netbeans/nbbuild/netbeans/ide/modules/org-apache-xml-resolver.jar:/Users/atalati/vscode-extension/main-repo/javavscode/netbeans/ide/o.apache.xml.resolver/external/resolver-1.2.jar:/Users/atalati/vscode-extension/main-repo/javavscode/netbeans/nbbuild/netbeans/ide/modules/ext/resolver-1.2.jar:/Users/atalati/vscode-extension/main-repo/javavscode/netbeans/nbbuild/netbeans/ide/modules/org-netbeans-api-xml.jar:/Users/atalati/vscode-extension/main-repo/javavscode/netbeans/nbbuild/netbeans/ide/modules/org-netbeans-modules-nativeimage-api.jar:/Users/atalati/vscode-extension/main-repo/javavscode/netbeans/nbbuild/netbeans/ide/modules/org-netbeans-modules-projectuiapi.jar:/Users/atalati/vscode-extension/main-repo/javavscode/netbeans/nbbuild/netbeans/ide/modules/org-netbeans-spi-debugger-ui.jar:/Users/atalati/vscode-extension/main-repo/javavscode/netbeans/nbbuild/netbeans/ide/modules/org-netbeans-spi-viewmodel.jar:/Users/atalati/vscode-extension/main-repo/javavscode/netbeans/nbbuild/netbeans/java/modules/org-netbeans-modules-java-project.jar:/Users/atalati/vscode-extension/main-repo/javavscode/netbeans/nbbuild/netbeans/platform/modules/org-netbeans-api-annotations-common.jar:/Users/atalati/vscode-extension/main-repo/javavscode/netbeans/nbbuild/netbeans/java/modules/org-netbeans-api-java.jar:/Users/atalati/vscode-extension/main-repo/javavscode/netbeans/nbbuild/netbeans/ide/modules/org-netbeans-api-java-classpath.jar:/Users/atalati/vscode-extension/main-repo/javavscode/netbeans/nbbuild/netbeans/platform/core/org-openide-filesystems.jar:/Users/atalati/vscode-extension/main-repo/javavscode/netbeans/nbbuild/netbeans/platform/lib/org-openide-util.jar:/Users/atalati/vscode-extension/main-repo/javavscode/netbeans/nbbuild/netbeans/platform/lib/org-openide-util-lookup.jar:/Users/atalati/vscode-extension/main-repo/javavscode/netbeans/nbbuild/netbeans/platform/lib/org-openide-modules.jar:/Users/atalati/vscode-extension/main-repo/javavscode/netbeans/nbbuild/netbeans/platform/lib/org-openide-util-ui.jar:/Users/atalati/vscode-extension/main-repo/javavscode/netbeans/nbbuild/netbeans/java/modules/org-netbeans-modules-classfile.jar:/Users/atalati/vscode-extension/main-repo/javavscode/netbeans/nbbuild/netbeans/java/modules/org-netbeans-modules-java-platform.jar:/Users/atalati/vscode-extension/main-repo/javavscode/netbeans/nbbuild/netbeans/java/modules/org-netbeans-modules-java-source-base.jar:/Users/atalati/vscode-extension/main-repo/javavscode/netbeans/nbbuild/netbeans/platform/modules/org-netbeans-api-progress.jar:/Users/atalati/vscode-extension/main-repo/javavscode/netbeans/nbbuild/netbeans/platform/modules/org-netbeans-api-scripting.jar:/Users/atalati/vscode-extension/main-repo/javavscode/netbeans/nbbuild/netbeans/java/modules/org-netbeans-lib-nbjavac.jar:/Users/atalati/vscode-extension/main-repo/javavscode/netbeans/nbbuild/netbeans/java/modules/org-netbeans-libs-javacapi.jar:/Users/atalati/vscode-extension/main-repo/javavscode/netbeans/java/libs.javacapi/external/nb-javac-jdk-22+33-api.jar:/Users/atalati/vscode-extension/main-repo/javavscode/netbeans/java/libs.javacapi/external/nb-javac-jdk-22+33.jar:/Users/atalati/vscode-extension/main-repo/javavscode/netbeans/nbbuild/netbeans/platform/core/org-netbeans-libs-asm.jar:/Users/atalati/vscode-extension/main-repo/javavscode/netbeans/platform/libs.asm/external/asm-9.6.jar:/Users/atalati/vscode-extension/main-repo/javavscode/netbeans/nbbuild/netbeans/platform/core/asm-9.6.jar:/Users/atalati/vscode-extension/main-repo/javavscode/netbeans/platform/libs.asm/external/asm-tree-9.6.jar:/Users/atalati/vscode-extension/main-repo/javavscode/netbeans/nbbuild/netbeans/platform/core/asm-tree-9.6.jar:/Users/atalati/vscode-extension/main-repo/javavscode/netbeans/platform/libs.asm/external/asm-commons-9.6.jar:/Users/atalati/vscode-extension/main-repo/javavscode/netbeans/nbbuild/netbeans/platform/core/asm-commons-9.6.jar:/Users/atalati/vscode-extension/main-repo/javavscode/netbeans/nbbuild/netbeans/ide/modules/org-netbeans-libs-lucene.jar:/Users/atalati/vscode-extension/main-repo/javavscode/netbeans/ide/libs.lucene/external/lucene-core-3.6.2.jar:/Users/atalati/vscode-extension/main-repo/javavscode/netbeans/nbbuild/netbeans/ide/modules/ext/lucene-core-3.6.2.jar:/Users/atalati/vscode-extension/main-repo/javavscode/netbeans/nbbuild/netbeans/ide/modules/org-netbeans-modules-editor-document.jar:/Users/atalati/vscode-extension/main-repo/javavscode/netbeans/nbbuild/netbeans/platform/modules/org-netbeans-modules-editor-mimelookup.jar:/Users/atalati/vscode-extension/main-repo/javavscode/netbeans/nbbuild/netbeans/ide/modules/org-netbeans-modules-editor-util.jar:/Users/atalati/vscode-extension/main-repo/javavscode/netbeans/nbbuild/netbeans/ide/modules/org-netbeans-modules-editor-guards.jar:/Users/atalati/vscode-extension/main-repo/javavscode/netbeans/nbbuild/netbeans/ide/modules/org-netbeans-modules-editor-indent.jar:/Users/atalati/vscode-extension/main-repo/javavscode/netbeans/nbbuild/netbeans/ide/modules/org-netbeans-modules-editor-settings.jar:/Users/atalati/vscode-extension/main-repo/javavscode/netbeans/nbbuild/netbeans/ide/modules/org-netbeans-modules-lexer.jar:/Users/atalati/vscode-extension/main-repo/javavscode/netbeans/nbbuild/netbeans/java/modules/org-netbeans-modules-java-lexer.jar:/Users/atalati/vscode-extension/main-repo/javavscode/netbeans/nbbuild/netbeans/java/modules/org-netbeans-modules-java-preprocessorbridge.jar:/Users/atalati/vscode-extension/main-repo/javavscode/netbeans/nbbuild/netbeans/ide/modules/org-netbeans-modules-parsing-api.jar:/Users/atalati/vscode-extension/main-repo/javavscode/netbeans/nbbuild/netbeans/ide/modules/org-netbeans-modules-parsing-lucene.jar:/Users/atalati/vscode-extension/main-repo/javavscode/netbeans/nbbuild/netbeans/platform/modules/org-netbeans-modules-masterfs.jar:/Users/atalati/vscode-extension/main-repo/javavscode/netbeans/nbbuild/netbeans/platform/modules/org-netbeans-modules-queries.jar:/Users/atalati/vscode-extension/main-repo/javavscode/netbeans/nbbuild/netbeans/ide/modules/org-netbeans-modules-projectapi.jar:/Users/atalati/vscode-extension/main-repo/javavscode/netbeans/nbbuild/netbeans/ide/modules/org-netbeans-modules-parsing-indexing.jar:/Users/atalati/vscode-extension/main-repo/javavscode/netbeans/nbbuild/netbeans/ide/modules/org-netbeans-modules-project-indexingbridge.jar:/Users/atalati/vscode-extension/main-repo/javavscode/netbeans/nbbuild/netbeans/ide/modules/org-netbeans-modules-projectuiapi-base.jar:/Users/atalati/vscode-extension/main-repo/javavscode/netbeans/nbbuild/netbeans/platform/modules/org-openide-explorer.jar:/Users/atalati/vscode-extension/main-repo/javavscode/netbeans/nbbuild/netbeans/platform/modules/org-netbeans-swing-outline.jar:/Users/atalati/vscode-extension/main-repo/javavscode/netbeans/nbbuild/netbeans/platform/modules/org-netbeans-swing-tabcontrol.jar:/Users/atalati/vscode-extension/main-repo/javavscode/netbeans/nbbuild/netbeans/platform/modules/org-openide-awt.jar:/Users/atalati/vscode-extension/main-repo/javavscode/netbeans/nbbuild/netbeans/platform/modules/org-openide-windows.jar:/Users/atalati/vscode-extension/main-repo/javavscode/netbeans/nbbuild/netbeans/platform/modules/org-openide-nodes.jar:/Users/atalati/vscode-extension/main-repo/javavscode/netbeans/nbbuild/netbeans/platform/modules/org-openide-dialogs.jar:/Users/atalati/vscode-extension/main-repo/javavscode/netbeans/nbbuild/netbeans/platform/modules/org-netbeans-api-progress-nb.jar:/Users/atalati/vscode-extension/main-repo/javavscode/netbeans/nbbuild/netbeans/ide/modules/org-netbeans-spi-tasklist.jar:/Users/atalati/vscode-extension/main-repo/javavscode/netbeans/nbbuild/netbeans/ide/modules/org-netbeans-modules-refactoring-api.jar:/Users/atalati/vscode-extension/main-repo/javavscode/netbeans/nbbuild/netbeans/ide/modules/org-netbeans-modules-diff.jar:/Users/atalati/vscode-extension/main-repo/javavscode/netbeans/nbbuild/netbeans/ide/modules/org-netbeans-modules-editor-errorstripe.jar:/Users/atalati/vscode-extension/main-repo/javavscode/netbeans/nbbuild/netbeans/ide/modules/org-netbeans-modules-editor-errorstripe-api.jar:/Users/atalati/vscode-extension/main-repo/javavscode/netbeans/nbbuild/netbeans/ide/modules/org-netbeans-modules-editor-fold.jar:/Users/atalati/vscode-extension/main-repo/javavscode/netbeans/nbbuild/netbeans/ide/modules/org-netbeans-modules-editor-settings-lib.jar:/Users/atalati/vscode-extension/main-repo/javavscode/netbeans/nbbuild/netbeans/ide/modules/org-netbeans-modules-editor-lib.jar:/Users/atalati/vscode-extension/main-repo/javavscode/netbeans/nbbuild/netbeans/ide/modules/org-netbeans-modules-editor-lib2.jar:/Users/atalati/vscode-extension/main-repo/javavscode/netbeans/nbbuild/netbeans/platform/modules/org-openide-loaders.jar:/Users/atalati/vscode-extension/main-repo/javavscode/netbeans/nbbuild/netbeans/platform/modules/org-netbeans-api-templates.jar:/Users/atalati/vscode-extension/main-repo/javavscode/netbeans/nbbuild/netbeans/platform/modules/org-openide-actions.jar:/Users/atalati/vscode-extension/main-repo/javavscode/netbeans/nbbuild/netbeans/platform/modules/org-openide-text.jar:/Users/atalati/vscode-extension/main-repo/javavscode/netbeans/nbbuild/netbeans/platform/modules/org-openide-filesystems-nb.jar:/Users/atalati/vscode-extension/main-repo/javavscode/netbeans/nbbuild/netbeans/platform/modules/org-netbeans-modules-options-api.jar:/Users/atalati/vscode-extension/main-repo/javavscode/netbeans/nbbuild/netbeans/platform/modules/org-netbeans-core.jar:/Users/atalati/vscode-extension/main-repo/javavscode/netbeans/nbbuild/netbeans/platform/lib/boot.jar:/Users/atalati/vscode-extension/main-repo/javavscode/netbeans/nbbuild/netbeans/platform/core/core.jar:/Users/atalati/vscode-extension/main-repo/javavscode/netbeans/nbbuild/netbeans/platform/core/core-base.jar:/Users/atalati/vscode-extension/main-repo/javavscode/netbeans/nbbuild/netbeans/platform/modules/org-netbeans-modules-keyring.jar:/Users/atalati/vscode-extension/main-repo/javavscode/netbeans/nbbuild/netbeans/platform/modules/org-netbeans-modules-sampler.jar:/Users/atalati/vscode-extension/main-repo/javavscode/netbeans/nbbuild/netbeans/platform/modules/org-netbeans-swing-plaf.jar:/Users/atalati/vscode-extension/main-repo/javavscode/netbeans/nbbuild/netbeans/platform/modules/org-openide-io.jar:/Users/atalati/vscode-extension/main-repo/javavscode/netbeans/nbbuild/netbeans/platform/modules/org-netbeans-api-intent.jar:/Users/atalati/vscode-extension/main-repo/javavscode/netbeans/nbbuild/netbeans/platform/modules/org-netbeans-api-io.jar:/Users/atalati/vscode-extension/main-repo/javavscode/netbeans/nbbuild/netbeans/platform/modules/org-netbeans-spi-quicksearch.jar:/Users/atalati/vscode-extension/main-repo/javavscode/netbeans/nbbuild/netbeans/ide/modules/org-netbeans-modules-options-editor.jar:/Users/atalati/vscode-extension/main-repo/javavscode/netbeans/nbbuild/netbeans/ide/modules/org-netbeans-modules-editor.jar:/Users/atalati/vscode-extension/main-repo/javavscode/netbeans/nbbuild/netbeans/ide/modules/org-netbeans-api-lsp.jar:/Users/atalati/vscode-extension/main-repo/javavscode/netbeans/nbbuild/netbeans/ide/modules/org-netbeans-modules-editor-fold-nbui.jar:/Users/atalati/vscode-extension/main-repo/javavscode/netbeans/nbbuild/netbeans/ide/modules/org-netbeans-modules-editor-settings-storage.jar:/Users/atalati/vscode-extension/main-repo/javavscode/netbeans/nbbuild/netbeans/platform/modules/org-netbeans-modules-options-keymap.jar:/Users/atalati/vscode-extension/main-repo/javavscode/netbeans/nbbuild/netbeans/ide/modules/org-netbeans-modules-project-ant.jar:/Users/atalati/vscode-extension/main-repo/javavscode/netbeans/nbbuild/netbeans/ide/modules/org-netbeans-modules-project-libraries.jar:/Users/atalati/vscode-extension/main-repo/javavscode/netbeans/nbbuild/netbeans/ide/modules/org-netbeans-modules-project-spi-intern.jar:/Users/atalati/vscode-extension/main-repo/javavscode/netbeans/nbbuild/netbeans/ide/modules/org-netbeans-modules-xml-catalog.jar:/Users/atalati/vscode-extension/main-repo/javavscode/netbeans/nbbuild/netbeans/ide/modules/org-apache-xml-resolver.jar:/Users/atalati/vscode-extension/main-repo/javavscode/netbeans/ide/o.apache.xml.resolver/external/resolver-1.2.jar:/Users/atalati/vscode-extension/main-repo/javavscode/netbeans/nbbuild/netbeans/ide/modules/ext/resolver-1.2.jar:/Users/atalati/vscode-extension/main-repo/javavscode/netbeans/nbbuild/netbeans/ide/modules/org-netbeans-api-xml.jar:/Users/atalati/vscode-extension/main-repo/javavscode/netbeans/nbbuild/netbeans/java/modules/org-netbeans-modules-java-source.jar:/Users/atalati/vscode-extension/main-repo/javavscode/netbeans/nbbuild/netbeans/platform/modules/org-netbeans-api-annotations-common.jar:/Users/atalati/vscode-extension/main-repo/javavscode/netbeans/nbbuild/netbeans/java/modules/org-netbeans-api-java.jar:/Users/atalati/vscode-extension/main-repo/javavscode/netbeans/nbbuild/netbeans/ide/modules/org-netbeans-api-java-classpath.jar:/Users/atalati/vscode-extension/main-repo/javavscode/netbeans/nbbuild/netbeans/platform/core/org-openide-filesystems.jar:/Users/atalati/vscode-extension/main-repo/javavscode/netbeans/nbbuild/netbeans/platform/lib/org-openide-util.jar:/Users/atalati/vscode-extension/main-repo/javavscode/netbeans/nbbuild/netbeans/platform/lib/org-openide-util-lookup.jar:/Users/atalati/vscode-extension/main-repo/javavscode/netbeans/nbbuild/netbeans/platform/lib/org-openide-modules.jar:/Users/atalati/vscode-extension/main-repo/javavscode/netbeans/nbbuild/netbeans/platform/lib/org-openide-util-ui.jar:/Users/atalati/vscode-extension/main-repo/javavscode/netbeans/nbbuild/netbeans/platform/modules/org-netbeans-api-progress.jar:/Users/atalati/vscode-extension/main-repo/javavscode/netbeans/nbbuild/netbeans/platform/modules/org-netbeans-api-progress-nb.jar:/Users/atalati/vscode-extension/main-repo/javavscode/netbeans/nbbuild/netbeans/platform/modules/org-openide-awt.jar:/Users/atalati/vscode-extension/main-repo/javavscode/netbeans/nbbuild/netbeans/platform/modules/org-netbeans-api-templates.jar:/Users/atalati/vscode-extension/main-repo/javavscode/netbeans/nbbuild/netbeans/platform/modules/org-netbeans-api-scripting.jar:/Users/atalati/vscode-extension/main-repo/javavscode/netbeans/nbbuild/netbeans/platform/modules/org-netbeans-modules-queries.jar:/Users/atalati/vscode-extension/main-repo/javavscode/netbeans/nbbuild/netbeans/platform/modules/org-netbeans-core-multiview.jar:/Users/atalati/vscode-extension/main-repo/javavscode/netbeans/nbbuild/netbeans/platform/modules/org-netbeans-modules-editor-mimelookup.jar:/Users/atalati/vscode-extension/main-repo/javavscode/netbeans/nbbuild/netbeans/platform/modules/org-openide-dialogs.jar:/Users/atalati/vscode-extension/main-repo/javavscode/netbeans/nbbuild/netbeans/platform/modules/org-openide-nodes.jar:/Users/atalati/vscode-extension/main-repo/javavscode/netbeans/nbbuild/netbeans/platform/modules/org-openide-text.jar:/Users/atalati/vscode-extension/main-repo/javavscode/netbeans/nbbuild/netbeans/platform/modules/org-openide-windows.jar:/Users/atalati/vscode-extension/main-repo/javavscode/netbeans/nbbuild/netbeans/java/modules/org-netbeans-lib-nbjavac.jar:/Users/atalati/vscode-extension/main-repo/javavscode/netbeans/nbbuild/netbeans/java/modules/org-netbeans-libs-javacapi.jar:/Users/atalati/vscode-extension/main-repo/javavscode/netbeans/java/libs.javacapi/external/nb-javac-jdk-22+33-api.jar:/Users/atalati/vscode-extension/main-repo/javavscode/netbeans/java/libs.javacapi/external/nb-javac-jdk-22+33.jar:/Users/atalati/vscode-extension/main-repo/javavscode/netbeans/nbbuild/netbeans/ide/modules/org-netbeans-libs-lucene.jar:/Users/atalati/vscode-extension/main-repo/javavscode/netbeans/ide/libs.lucene/external/lucene-core-3.6.2.jar:/Users/atalati/vscode-extension/main-repo/javavscode/netbeans/nbbuild/netbeans/ide/modules/ext/lucene-core-3.6.2.jar:/Users/atalati/vscode-extension/main-repo/javavscode/netbeans/nbbuild/netbeans/platform/modules/org-netbeans-modules-autoupdate-services.jar:/Users/atalati/vscode-extension/main-repo/javavscode/netbeans/nbbuild/netbeans/platform/modules/ext/updater.jar:/Users/atalati/vscode-extension/main-repo/javavscode/netbeans/nbbuild/netbeans/platform/lib/boot.jar:/Users/atalati/vscode-extension/main-repo/javavscode/netbeans/nbbuild/netbeans/platform/core/core.jar:/Users/atalati/vscode-extension/main-repo/javavscode/netbeans/nbbuild/netbeans/platform/core/org-netbeans-libs-asm.jar:/Users/atalati/vscode-extension/main-repo/javavscode/netbeans/platform/libs.asm/external/asm-9.6.jar:/Users/atalati/vscode-extension/main-repo/javavscode/netbeans/nbbuild/netbeans/platform/core/asm-9.6.jar:/Users/atalati/vscode-extension/main-repo/javavscode/netbeans/platform/libs.asm/external/asm-tree-9.6.jar:/Users/atalati/vscode-extension/main-repo/javavscode/netbeans/nbbuild/netbeans/platform/core/asm-tree-9.6.jar:/Users/atalati/vscode-extension/main-repo/javavscode/netbeans/platform/libs.asm/external/asm-commons-9.6.jar:/Users/atalati/vscode-extension/main-repo/javavscode/netbeans/nbbuild/netbeans/platform/core/asm-commons-9.6.jar:/Users/atalati/vscode-extension/main-repo/javavscode/netbeans/nbbuild/netbeans/platform/core/core-base.jar:/Users/atalati/vscode-extension/main-repo/javavscode/netbeans/nbbuild/netbeans/java/modules/org-netbeans-modules-classfile.jar:/Users/atalati/vscode-extension/main-repo/javavscode/netbeans/nbbuild/netbeans/ide/modules/org-netbeans-modules-editor-document.jar:/Users/atalati/vscode-extension/main-repo/javavscode/netbeans/nbbuild/netbeans/ide/modules/org-netbeans-modules-editor-util.jar:/Users/atalati/vscode-extension/main-repo/javavscode/netbeans/nbbuild/netbeans/ide/modules/org-netbeans-modules-editor-guards.jar:/Users/atalati/vscode-extension/main-repo/javavscode/netbeans/nbbuild/netbeans/ide/modules/org-netbeans-modules-editor-indent.jar:/Users/atalati/vscode-extension/main-repo/javavscode/netbeans/nbbuild/netbeans/ide/modules/org-netbeans-modules-editor-settings.jar:/Users/atalati/vscode-extension/main-repo/javavscode/netbeans/nbbuild/netbeans/ide/modules/org-netbeans-modules-lexer.jar:/Users/atalati/vscode-extension/main-repo/javavscode/netbeans/nbbuild/netbeans/ide/modules/org-netbeans-modules-editor-indent-project.jar:/Users/atalati/vscode-extension/main-repo/javavscode/netbeans/nbbuild/netbeans/ide/modules/org-netbeans-modules-editor-lib2.jar:/Users/atalati/vscode-extension/main-repo/javavscode/netbeans/nbbuild/netbeans/ide/modules/org-netbeans-modules-editor-settings-storage.jar:/Users/atalati/vscode-extension/main-repo/javavscode/netbeans/nbbuild/netbeans/platform/modules/org-openide-filesystems-nb.jar:/Users/atalati/vscode-extension/main-repo/javavscode/netbeans/nbbuild/netbeans/platform/modules/org-netbeans-modules-options-keymap.jar:/Users/atalati/vscode-extension/main-repo/javavscode/netbeans/nbbuild/netbeans/platform/modules/org-netbeans-modules-options-api.jar:/Users/atalati/vscode-extension/main-repo/javavscode/netbeans/nbbuild/netbeans/platform/modules/org-netbeans-core.jar:/Users/atalati/vscode-extension/main-repo/javavscode/netbeans/nbbuild/netbeans/platform/modules/org-netbeans-modules-keyring.jar:/Users/atalati/vscode-extension/main-repo/javavscode/netbeans/nbbuild/netbeans/platform/modules/org-netbeans-modules-sampler.jar:/Users/atalati/vscode-extension/main-repo/javavscode/netbeans/nbbuild/netbeans/platform/modules/org-netbeans-swing-plaf.jar:/Users/atalati/vscode-extension/main-repo/javavscode/netbeans/nbbuild/netbeans/platform/modules/org-openide-actions.jar:/Users/atalati/vscode-extension/main-repo/javavscode/netbeans/nbbuild/netbeans/platform/modules/org-openide-explorer.jar:/Users/atalati/vscode-extension/main-repo/javavscode/netbeans/nbbuild/netbeans/platform/modules/org-netbeans-swing-outline.jar:/Users/atalati/vscode-extension/main-repo/javavscode/netbeans/nbbuild/netbeans/platform/modules/org-netbeans-swing-tabcontrol.jar:/Users/atalati/vscode-extension/main-repo/javavscode/netbeans/nbbuild/netbeans/platform/modules/org-openide-io.jar:/Users/atalati/vscode-extension/main-repo/javavscode/netbeans/nbbuild/netbeans/platform/modules/org-netbeans-api-intent.jar:/Users/atalati/vscode-extension/main-repo/javavscode/netbeans/nbbuild/netbeans/platform/modules/org-netbeans-api-io.jar:/Users/atalati/vscode-extension/main-repo/javavscode/netbeans/nbbuild/netbeans/platform/modules/org-openide-loaders.jar:/Users/atalati/vscode-extension/main-repo/javavscode/netbeans/nbbuild/netbeans/platform/modules/org-netbeans-spi-quicksearch.jar:/Users/atalati/vscode-extension/main-repo/javavscode/netbeans/nbbuild/netbeans/ide/modules/org-netbeans-modules-editor-settings-lib.jar:/Users/atalati/vscode-extension/main-repo/javavscode/netbeans/nbbuild/netbeans/ide/modules/org-netbeans-modules-options-editor.jar:/Users/atalati/vscode-extension/main-repo/javavscode/netbeans/nbbuild/netbeans/ide/modules/org-netbeans-modules-editor.jar:/Users/atalati/vscode-extension/main-repo/javavscode/netbeans/nbbuild/netbeans/ide/modules/org-netbeans-api-lsp.jar:/Users/atalati/vscode-extension/main-repo/javavscode/netbeans/nbbuild/netbeans/ide/modules/org-netbeans-modules-editor-fold.jar:/Users/atalati/vscode-extension/main-repo/javavscode/netbeans/nbbuild/netbeans/ide/modules/org-netbeans-modules-editor-fold-nbui.jar:/Users/atalati/vscode-extension/main-repo/javavscode/netbeans/nbbuild/netbeans/ide/modules/org-netbeans-modules-editor-lib.jar:/Users/atalati/vscode-extension/main-repo/javavscode/netbeans/nbbuild/netbeans/ide/modules/org-netbeans-modules-projectapi.jar:/Users/atalati/vscode-extension/main-repo/javavscode/netbeans/nbbuild/netbeans/ide/modules/org-netbeans-modules-projectuiapi.jar:/Users/atalati/vscode-extension/main-repo/javavscode/netbeans/nbbuild/netbeans/ide/modules/org-netbeans-modules-projectuiapi-base.jar:/Users/atalati/vscode-extension/main-repo/javavscode/netbeans/nbbuild/netbeans/ide/modules/org-netbeans-modules-editor-indent-support.jar:/Users/atalati/vscode-extension/main-repo/javavscode/netbeans/nbbuild/netbeans/java/modules/org-netbeans-modules-java-platform.jar:/Users/atalati/vscode-extension/main-repo/javavscode/netbeans/nbbuild/netbeans/java/modules/org-netbeans-modules-java-preprocessorbridge.jar:/Users/atalati/vscode-extension/main-repo/javavscode/netbeans/nbbuild/netbeans/ide/modules/org-netbeans-modules-parsing-api.jar:/Users/atalati/vscode-extension/main-repo/javavscode/netbeans/nbbuild/netbeans/ide/modules/org-netbeans-modules-parsing-lucene.jar:/Users/atalati/vscode-extension/main-repo/javavscode/netbeans/nbbuild/netbeans/platform/modules/org-netbeans-modules-masterfs.jar:/Users/atalati/vscode-extension/main-repo/javavscode/netbeans/nbbuild/netbeans/ide/modules/org-netbeans-modules-parsing-indexing.jar:/Users/atalati/vscode-extension/main-repo/javavscode/netbeans/nbbuild/netbeans/ide/modules/org-netbeans-modules-project-indexingbridge.jar:/Users/atalati/vscode-extension/main-repo/javavscode/netbeans/nbbuild/netbeans/ide/modules/org-netbeans-spi-tasklist.jar:/Users/atalati/vscode-extension/main-repo/javavscode/netbeans/nbbuild/netbeans/java/modules/org-netbeans-modules-java-source-base.jar:/Users/atalati/vscode-extension/main-repo/javavscode/netbeans/nbbuild/netbeans/java/modules/org-netbeans-modules-java-lexer.jar:/Users/atalati/vscode-extension/main-repo/javavscode/netbeans/nbbuild/netbeans/ide/modules/org-netbeans-modules-refactoring-api.jar:/Users/atalati/vscode-extension/main-repo/javavscode/netbeans/nbbuild/netbeans/ide/modules/org-netbeans-modules-diff.jar:/Users/atalati/vscode-extension/main-repo/javavscode/netbeans/nbbuild/netbeans/ide/modules/org-netbeans-modules-editor-errorstripe.jar:/Users/atalati/vscode-extension/main-repo/javavscode/netbeans/nbbuild/netbeans/ide/modules/org-netbeans-modules-editor-errorstripe-api.jar:/Users/atalati/vscode-extension/main-repo/javavscode/netbeans/nbbuild/netbeans/java/modules/org-netbeans-modules-java-source-base.jar:/Users/atalati/vscode-extension/main-repo/javavscode/netbeans/nbbuild/netbeans/platform/modules/org-netbeans-api-annotations-common.jar:/Users/atalati/vscode-extension/main-repo/javavscode/netbeans/nbbuild/netbeans/java/modules/org-netbeans-api-java.jar:/Users/atalati/vscode-extension/main-repo/javavscode/netbeans/nbbuild/netbeans/ide/modules/org-netbeans-api-java-classpath.jar:/Users/atalati/vscode-extension/main-repo/javavscode/netbeans/nbbuild/netbeans/platform/core/org-openide-filesystems.jar:/Users/atalati/vscode-extension/main-repo/javavscode/netbeans/nbbuild/netbeans/platform/lib/org-openide-util.jar:/Users/atalati/vscode-extension/main-repo/javavscode/netbeans/nbbuild/netbeans/platform/lib/org-openide-util-lookup.jar:/Users/atalati/vscode-extension/main-repo/javavscode/netbeans/nbbuild/netbeans/platform/lib/org-openide-modules.jar:/Users/atalati/vscode-extension/main-repo/javavscode/netbeans/nbbuild/netbeans/platform/lib/org-openide-util-ui.jar:/Users/atalati/vscode-extension/main-repo/javavscode/netbeans/nbbuild/netbeans/platform/modules/org-netbeans-api-progress.jar:/Users/atalati/vscode-extension/main-repo/javavscode/netbeans/nbbuild/netbeans/platform/modules/org-netbeans-api-scripting.jar:/Users/atalati/vscode-extension/main-repo/javavscode/netbeans/nbbuild/netbeans/java/modules/org-netbeans-lib-nbjavac.jar:/Users/atalati/vscode-extension/main-repo/javavscode/netbeans/nbbuild/netbeans/java/modules/org-netbeans-libs-javacapi.jar:/Users/atalati/vscode-extension/main-repo/javavscode/netbeans/java/libs.javacapi/external/nb-javac-jdk-22+33-api.jar:/Users/atalati/vscode-extension/main-repo/javavscode/netbeans/java/libs.javacapi/external/nb-javac-jdk-22+33.jar:/Users/atalati/vscode-extension/main-repo/javavscode/netbeans/nbbuild/netbeans/platform/core/org-netbeans-libs-asm.jar:/Users/atalati/vscode-extension/main-repo/javavscode/netbeans/platform/libs.asm/external/asm-9.6.jar:/Users/atalati/vscode-extension/main-repo/javavscode/netbeans/nbbuild/netbeans/platform/core/asm-9.6.jar:/Users/atalati/vscode-extension/main-repo/javavscode/netbeans/platform/libs.asm/external/asm-tree-9.6.jar:/Users/atalati/vscode-extension/main-repo/javavscode/netbeans/nbbuild/netbeans/platform/core/asm-tree-9.6.jar:/Users/atalati/vscode-extension/main-repo/javavscode/netbeans/platform/libs.asm/external/asm-commons-9.6.jar:/Users/atalati/vscode-extension/main-repo/javavscode/netbeans/nbbuild/netbeans/platform/core/asm-commons-9.6.jar:/Users/atalati/vscode-extension/main-repo/javavscode/netbeans/nbbuild/netbeans/ide/modules/org-netbeans-libs-lucene.jar:/Users/atalati/vscode-extension/main-repo/javavscode/netbeans/ide/libs.lucene/external/lucene-core-3.6.2.jar:/Users/atalati/vscode-extension/main-repo/javavscode/netbeans/nbbuild/netbeans/ide/modules/ext/lucene-core-3.6.2.jar:/Users/atalati/vscode-extension/main-repo/javavscode/netbeans/nbbuild/netbeans/java/modules/org-netbeans-modules-classfile.jar:/Users/atalati/vscode-extension/main-repo/javavscode/netbeans/nbbuild/netbeans/ide/modules/org-netbeans-modules-editor-document.jar:/Users/atalati/vscode-extension/main-repo/javavscode/netbeans/nbbuild/netbeans/platform/modules/org-netbeans-modules-editor-mimelookup.jar:/Users/atalati/vscode-extension/main-repo/javavscode/netbeans/nbbuild/netbeans/ide/modules/org-netbeans-modules-editor-util.jar:/Users/atalati/vscode-extension/main-repo/javavscode/netbeans/nbbuild/netbeans/ide/modules/org-netbeans-modules-editor-guards.jar:/Users/atalati/vscode-extension/main-repo/javavscode/netbeans/nbbuild/netbeans/ide/modules/org-netbeans-modules-editor-indent.jar:/Users/atalati/vscode-extension/main-repo/javavscode/netbeans/nbbuild/netbeans/ide/modules/org-netbeans-modules-editor-settings.jar:/Users/atalati/vscode-extension/main-repo/javavscode/netbeans/nbbuild/netbeans/ide/modules/org-netbeans-modules-lexer.jar:/Users/atalati/vscode-extension/main-repo/javavscode/netbeans/nbbuild/netbeans/java/modules/org-netbeans-modules-java-lexer.jar:/Users/atalati/vscode-extension/main-repo/javavscode/netbeans/nbbuild/netbeans/java/modules/org-netbeans-modules-java-platform.jar:/Users/atalati/vscode-extension/main-repo/javavscode/netbeans/nbbuild/netbeans/java/modules/org-netbeans-modules-java-preprocessorbridge.jar:/Users/atalati/vscode-extension/main-repo/javavscode/netbeans/nbbuild/netbeans/ide/modules/org-netbeans-modules-parsing-api.jar:/Users/atalati/vscode-extension/main-repo/javavscode/netbeans/nbbuild/netbeans/ide/modules/org-netbeans-modules-parsing-lucene.jar:/Users/atalati/vscode-extension/main-repo/javavscode/netbeans/nbbuild/netbeans/platform/modules/org-netbeans-modules-masterfs.jar:/Users/atalati/vscode-extension/main-repo/javavscode/netbeans/nbbuild/netbeans/platform/modules/org-netbeans-modules-queries.jar:/Users/atalati/vscode-extension/main-repo/javavscode/netbeans/nbbuild/netbeans/ide/modules/org-netbeans-modules-projectapi.jar:/Users/atalati/vscode-extension/main-repo/javavscode/netbeans/nbbuild/netbeans/ide/modules/org-netbeans-modules-parsing-indexing.jar:/Users/atalati/vscode-extension/main-repo/javavscode/netbeans/nbbuild/netbeans/ide/modules/org-netbeans-modules-project-indexingbridge.jar:/Users/atalati/vscode-extension/main-repo/javavscode/netbeans/nbbuild/netbeans/ide/modules/org-netbeans-modules-projectuiapi-base.jar:/Users/atalati/vscode-extension/main-repo/javavscode/netbeans/nbbuild/netbeans/platform/modules/org-openide-explorer.jar:/Users/atalati/vscode-extension/main-repo/javavscode/netbeans/nbbuild/netbeans/platform/modules/org-netbeans-swing-outline.jar:/Users/atalati/vscode-extension/main-repo/javavscode/netbeans/nbbuild/netbeans/platform/modules/org-netbeans-swing-tabcontrol.jar:/Users/atalati/vscode-extension/main-repo/javavscode/netbeans/nbbuild/netbeans/platform/modules/org-openide-awt.jar:/Users/atalati/vscode-extension/main-repo/javavscode/netbeans/nbbuild/netbeans/platform/modules/org-openide-windows.jar:/Users/atalati/vscode-extension/main-repo/javavscode/netbeans/nbbuild/netbeans/platform/modules/org-openide-nodes.jar:/Users/atalati/vscode-extension/main-repo/javavscode/netbeans/nbbuild/netbeans/platform/modules/org-openide-dialogs.jar:/Users/atalati/vscode-extension/main-repo/javavscode/netbeans/nbbuild/netbeans/platform/modules/org-netbeans-api-progress-nb.jar:/Users/atalati/vscode-extension/main-repo/javavscode/netbeans/nbbuild/netbeans/ide/modules/org-netbeans-spi-tasklist.jar:/Users/atalati/vscode-extension/main-repo/javavscode/netbeans/nbbuild/netbeans/ide/modules/org-netbeans-modules-refactoring-api.jar:/Users/atalati/vscode-extension/main-repo/javavscode/netbeans/nbbuild/netbeans/ide/modules/org-netbeans-modules-diff.jar:/Users/atalati/vscode-extension/main-repo/javavscode/netbeans/nbbuild/netbeans/ide/modules/org-netbeans-modules-editor-errorstripe.jar:/Users/atalati/vscode-extension/main-repo/javavscode/netbeans/nbbuild/netbeans/ide/modules/org-netbeans-modules-editor-errorstripe-api.jar:/Users/atalati/vscode-extension/main-repo/javavscode/netbeans/nbbuild/netbeans/ide/modules/org-netbeans-modules-editor-fold.jar:/Users/atalati/vscode-extension/main-repo/javavscode/netbeans/nbbuild/netbeans/ide/modules/org-netbeans-modules-editor-settings-lib.jar:/Users/atalati/vscode-extension/main-repo/javavscode/netbeans/nbbuild/netbeans/ide/modules/org-netbeans-modules-editor-lib.jar:/Users/atalati/vscode-extension/main-repo/javavscode/netbeans/nbbuild/netbeans/ide/modules/org-netbeans-modules-editor-lib2.jar:/Users/atalati/vscode-extension/main-repo/javavscode/netbeans/nbbuild/netbeans/platform/modules/org-openide-loaders.jar:/Users/atalati/vscode-extension/main-repo/javavscode/netbeans/nbbuild/netbeans/platform/modules/org-netbeans-api-templates.jar:/Users/atalati/vscode-extension/main-repo/javavscode/netbeans/nbbuild/netbeans/platform/modules/org-openide-actions.jar:/Users/atalati/vscode-extension/main-repo/javavscode/netbeans/nbbuild/netbeans/platform/modules/org-openide-text.jar:/Users/atalati/vscode-extension/main-repo/javavscode/netbeans/nbbuild/netbeans/platform/modules/org-openide-filesystems-nb.jar:/Users/atalati/vscode-extension/main-repo/javavscode/netbeans/nbbuild/netbeans/platform/modules/org-netbeans-modules-options-api.jar:/Users/atalati/vscode-extension/main-repo/javavscode/netbeans/nbbuild/netbeans/platform/modules/org-netbeans-core.jar:/Users/atalati/vscode-extension/main-repo/javavscode/netbeans/nbbuild/netbeans/platform/lib/boot.jar:/Users/atalati/vscode-extension/main-repo/javavscode/netbeans/nbbuild/netbeans/platform/core/core.jar:/Users/atalati/vscode-extension/main-repo/javavscode/netbeans/nbbuild/netbeans/platform/core/core-base.jar:/Users/atalati/vscode-extension/main-repo/javavscode/netbeans/nbbuild/netbeans/platform/modules/org-netbeans-modules-keyring.jar:/Users/atalati/vscode-extension/main-repo/javavscode/netbeans/nbbuild/netbeans/platform/modules/org-netbeans-modules-sampler.jar:/Users/atalati/vscode-extension/main-repo/javavscode/netbeans/nbbuild/netbeans/platform/modules/org-netbeans-swing-plaf.jar:/Users/atalati/vscode-extension/main-repo/javavscode/netbeans/nbbuild/netbeans/platform/modules/org-openide-io.jar:/Users/atalati/vscode-extension/main-repo/javavscode/netbeans/nbbuild/netbeans/platform/modules/org-netbeans-api-intent.jar:/Users/atalati/vscode-extension/main-repo/javavscode/netbeans/nbbuild/netbeans/platform/modules/org-netbeans-api-io.jar:/Users/atalati/vscode-extension/main-repo/javavscode/netbeans/nbbuild/netbeans/platform/modules/org-netbeans-spi-quicksearch.jar:/Users/atalati/vscode-extension/main-repo/javavscode/netbeans/nbbuild/netbeans/ide/modules/org-netbeans-modules-options-editor.jar:/Users/atalati/vscode-extension/main-repo/javavscode/netbeans/nbbuild/netbeans/ide/modules/org-netbeans-modules-editor.jar:/Users/atalati/vscode-extension/main-repo/javavscode/netbeans/nbbuild/netbeans/ide/modules/org-netbeans-api-lsp.jar:/Users/atalati/vscode-extension/main-repo/javavscode/netbeans/nbbuild/netbeans/ide/modules/org-netbeans-modules-editor-fold-nbui.jar:/Users/atalati/vscode-extension/main-repo/javavscode/netbeans/nbbuild/netbeans/ide/modules/org-netbeans-modules-editor-settings-storage.jar:/Users/atalati/vscode-extension/main-repo/javavscode/netbeans/nbbuild/netbeans/platform/modules/org-netbeans-modules-options-keymap.jar:/Users/atalati/vscode-extension/main-repo/javavscode/netbeans/nbbuild/netbeans/java/modules/org-netbeans-modules-java-sourceui.jar:/Users/atalati/vscode-extension/main-repo/javavscode/netbeans/nbbuild/netbeans/platform/modules/org-netbeans-api-annotations-common.jar:/Users/atalati/vscode-extension/main-repo/javavscode/netbeans/nbbuild/netbeans/java/modules/org-netbeans-api-java.jar:/Users/atalati/vscode-extension/main-repo/javavscode/netbeans/nbbuild/netbeans/ide/modules/org-netbeans-api-java-classpath.jar:/Users/atalati/vscode-extension/main-repo/javavscode/netbeans/nbbuild/netbeans/platform/core/org-openide-filesystems.jar:/Users/atalati/vscode-extension/main-repo/javavscode/netbeans/nbbuild/netbeans/platform/lib/org-openide-util.jar:/Users/atalati/vscode-extension/main-repo/javavscode/netbeans/nbbuild/netbeans/platform/lib/org-openide-util-lookup.jar:/Users/atalati/vscode-extension/main-repo/javavscode/netbeans/nbbuild/netbeans/platform/lib/org-openide-modules.jar:/Users/atalati/vscode-extension/main-repo/javavscode/netbeans/nbbuild/netbeans/platform/lib/org-openide-util-ui.jar:/Users/atalati/vscode-extension/main-repo/javavscode/netbeans/nbbuild/netbeans/ide/modules/org-netbeans-api-lsp.jar:/Users/atalati/vscode-extension/main-repo/javavscode/netbeans/nbbuild/netbeans/platform/modules/org-netbeans-modules-editor-mimelookup.jar:/Users/atalati/vscode-extension/main-repo/javavscode/netbeans/nbbuild/netbeans/ide/modules/org-netbeans-modules-editor-util.jar:/Users/atalati/vscode-extension/main-repo/javavscode/netbeans/nbbuild/netbeans/platform/modules/org-netbeans-api-progress.jar:/Users/atalati/vscode-extension/main-repo/javavscode/netbeans/nbbuild/netbeans/platform/modules/org-netbeans-api-progress-nb.jar:/Users/atalati/vscode-extension/main-repo/javavscode/netbeans/nbbuild/netbeans/platform/modules/org-openide-awt.jar:/Users/atalati/vscode-extension/main-repo/javavscode/netbeans/nbbuild/netbeans/java/modules/org-netbeans-lib-nbjavac.jar:/Users/atalati/vscode-extension/main-repo/javavscode/netbeans/nbbuild/netbeans/java/modules/org-netbeans-libs-javacapi.jar:/Users/atalati/vscode-extension/main-repo/javavscode/netbeans/java/libs.javacapi/external/nb-javac-jdk-22+33-api.jar:/Users/atalati/vscode-extension/main-repo/javavscode/netbeans/java/libs.javacapi/external/nb-javac-jdk-22+33.jar:/Users/atalati/vscode-extension/main-repo/javavscode/netbeans/nbbuild/netbeans/ide/modules/org-netbeans-libs-lucene.jar:/Users/atalati/vscode-extension/main-repo/javavscode/netbeans/ide/libs.lucene/external/lucene-core-3.6.2.jar:/Users/atalati/vscode-extension/main-repo/javavscode/netbeans/nbbuild/netbeans/ide/modules/ext/lucene-core-3.6.2.jar:/Users/atalati/vscode-extension/main-repo/javavscode/netbeans/nbbuild/netbeans/ide/modules/org-netbeans-modules-editor-fold.jar:/Users/atalati/vscode-extension/main-repo/javavscode/netbeans/nbbuild/netbeans/ide/modules/org-netbeans-modules-editor-settings.jar:/Users/atalati/vscode-extension/main-repo/javavscode/netbeans/nbbuild/netbeans/ide/modules/org-netbeans-modules-lexer.jar:/Users/atalati/vscode-extension/main-repo/javavscode/netbeans/nbbuild/netbeans/ide/modules/org-netbeans-modules-editor-settings-lib.jar:/Users/atalati/vscode-extension/main-repo/javavscode/netbeans/nbbuild/netbeans/ide/modules/org-netbeans-modules-editor-lib.jar:/Users/atalati/vscode-extension/main-repo/javavscode/netbeans/nbbuild/netbeans/ide/modules/org-netbeans-modules-editor-document.jar:/Users/atalati/vscode-extension/main-repo/javavscode/netbeans/nbbuild/netbeans/ide/modules/org-netbeans-modules-editor-guards.jar:/Users/atalati/vscode-extension/main-repo/javavscode/netbeans/nbbuild/netbeans/ide/modules/org-netbeans-modules-editor-indent.jar:/Users/atalati/vscode-extension/main-repo/javavscode/netbeans/nbbuild/netbeans/ide/modules/org-netbeans-modules-editor-lib2.jar:/Users/atalati/vscode-extension/main-repo/javavscode/netbeans/nbbuild/netbeans/platform/modules/org-openide-dialogs.jar:/Users/atalati/vscode-extension/main-repo/javavscode/netbeans/nbbuild/netbeans/java/modules/org-netbeans-modules-java-lexer.jar:/Users/atalati/vscode-extension/main-repo/javavscode/netbeans/nbbuild/netbeans/java/modules/org-netbeans-modules-java-platform.jar:/Users/atalati/vscode-extension/main-repo/javavscode/netbeans/nbbuild/netbeans/java/modules/org-netbeans-modules-java-preprocessorbridge.jar:/Users/atalati/vscode-extension/main-repo/javavscode/netbeans/nbbuild/netbeans/ide/modules/org-netbeans-modules-parsing-api.jar:/Users/atalati/vscode-extension/main-repo/javavscode/netbeans/nbbuild/netbeans/ide/modules/org-netbeans-modules-parsing-lucene.jar:/Users/atalati/vscode-extension/main-repo/javavscode/netbeans/nbbuild/netbeans/platform/modules/org-netbeans-modules-masterfs.jar:/Users/atalati/vscode-extension/main-repo/javavscode/netbeans/nbbuild/netbeans/platform/modules/org-netbeans-modules-queries.jar:/Users/atalati/vscode-extension/main-repo/javavscode/netbeans/nbbuild/netbeans/ide/modules/org-netbeans-modules-projectapi.jar:/Users/atalati/vscode-extension/main-repo/javavscode/netbeans/nbbuild/netbeans/ide/modules/org-netbeans-modules-parsing-indexing.jar:/Users/atalati/vscode-extension/main-repo/javavscode/netbeans/nbbuild/netbeans/ide/modules/org-netbeans-modules-project-indexingbridge.jar:/Users/atalati/vscode-extension/main-repo/javavscode/netbeans/nbbuild/netbeans/ide/modules/org-netbeans-modules-projectuiapi-base.jar:/Users/atalati/vscode-extension/main-repo/javavscode/netbeans/nbbuild/netbeans/platform/modules/org-openide-explorer.jar:/Users/atalati/vscode-extension/main-repo/javavscode/netbeans/nbbuild/netbeans/platform/modules/org-netbeans-swing-outline.jar:/Users/atalati/vscode-extension/main-repo/javavscode/netbeans/nbbuild/netbeans/platform/modules/org-netbeans-swing-tabcontrol.jar:/Users/atalati/vscode-extension/main-repo/javavscode/netbeans/nbbuild/netbeans/platform/modules/org-openide-windows.jar:/Users/atalati/vscode-extension/main-repo/javavscode/netbeans/nbbuild/netbeans/platform/modules/org-openide-nodes.jar:/Users/atalati/vscode-extension/main-repo/javavscode/netbeans/nbbuild/netbeans/ide/modules/org-netbeans-spi-tasklist.jar:/Users/atalati/vscode-extension/main-repo/javavscode/netbeans/nbbuild/netbeans/java/modules/org-netbeans-modules-java-source.jar:/Users/atalati/vscode-extension/main-repo/javavscode/netbeans/nbbuild/netbeans/platform/modules/org-netbeans-api-templates.jar:/Users/atalati/vscode-extension/main-repo/javavscode/netbeans/nbbuild/netbeans/platform/modules/org-netbeans-api-scripting.jar:/Users/atalati/vscode-extension/main-repo/javavscode/netbeans/nbbuild/netbeans/platform/modules/org-netbeans-core-multiview.jar:/Users/atalati/vscode-extension/main-repo/javavscode/netbeans/nbbuild/netbeans/platform/modules/org-openide-text.jar:/Users/atalati/vscode-extension/main-repo/javavscode/netbeans/nbbuild/netbeans/platform/modules/org-netbeans-modules-autoupdate-services.jar:/Users/atalati/vscode-extension/main-repo/javavscode/netbeans/nbbuild/netbeans/platform/modules/ext/updater.jar:/Users/atalati/vscode-extension/main-repo/javavscode/netbeans/nbbuild/netbeans/platform/lib/boot.jar:/Users/atalati/vscode-extension/main-repo/javavscode/netbeans/nbbuild/netbeans/platform/core/core.jar:/Users/atalati/vscode-extension/main-repo/javavscode/netbeans/nbbuild/netbeans/platform/core/org-netbeans-libs-asm.jar:/Users/atalati/vscode-extension/main-repo/javavscode/netbeans/platform/libs.asm/external/asm-9.6.jar:/Users/atalati/vscode-extension/main-repo/javavscode/netbeans/nbbuild/netbeans/platform/core/asm-9.6.jar:/Users/atalati/vscode-extension/main-repo/javavscode/netbeans/platform/libs.asm/external/asm-tree-9.6.jar:/Users/atalati/vscode-extension/main-repo/javavscode/netbeans/nbbuild/netbeans/platform/core/asm-tree-9.6.jar:/Users/atalati/vscode-extension/main-repo/javavscode/netbeans/platform/libs.asm/external/asm-commons-9.6.jar:/Users/atalati/vscode-extension/main-repo/javavscode/netbeans/nbbuild/netbeans/platform/core/asm-commons-9.6.jar:/Users/atalati/vscode-extension/main-repo/javavscode/netbeans/nbbuild/netbeans/platform/core/core-base.jar:/Users/atalati/vscode-extension/main-repo/javavscode/netbeans/nbbuild/netbeans/java/modules/org-netbeans-modules-classfile.jar:/Users/atalati/vscode-extension/main-repo/javavscode/netbeans/nbbuild/netbeans/ide/modules/org-netbeans-modules-editor-indent-project.jar:/Users/atalati/vscode-extension/main-repo/javavscode/netbeans/nbbuild/netbeans/ide/modules/org-netbeans-modules-editor-settings-storage.jar:/Users/atalati/vscode-extension/main-repo/javavscode/netbeans/nbbuild/netbeans/platform/modules/org-openide-filesystems-nb.jar:/Users/atalati/vscode-extension/main-repo/javavscode/netbeans/nbbuild/netbeans/platform/modules/org-netbeans-modules-options-keymap.jar:/Users/atalati/vscode-extension/main-repo/javavscode/netbeans/nbbuild/netbeans/platform/modules/org-netbeans-modules-options-api.jar:/Users/atalati/vscode-extension/main-repo/javavscode/netbeans/nbbuild/netbeans/platform/modules/org-netbeans-core.jar:/Users/atalati/vscode-extension/main-repo/javavscode/netbeans/nbbuild/netbeans/platform/modules/org-netbeans-modules-keyring.jar:/Users/atalati/vscode-extension/main-repo/javavscode/netbeans/nbbuild/netbeans/platform/modules/org-netbeans-modules-sampler.jar:/Users/atalati/vscode-extension/main-repo/javavscode/netbeans/nbbuild/netbeans/platform/modules/org-netbeans-swing-plaf.jar:/Users/atalati/vscode-extension/main-repo/javavscode/netbeans/nbbuild/netbeans/platform/modules/org-openide-actions.jar:/Users/atalati/vscode-extension/main-repo/javavscode/netbeans/nbbuild/netbeans/platform/modules/org-openide-io.jar:/Users/atalati/vscode-extension/main-repo/javavscode/netbeans/nbbuild/netbeans/platform/modules/org-netbeans-api-intent.jar:/Users/atalati/vscode-extension/main-repo/javavscode/netbeans/nbbuild/netbeans/platform/modules/org-netbeans-api-io.jar:/Users/atalati/vscode-extension/main-repo/javavscode/netbeans/nbbuild/netbeans/platform/modules/org-openide-loaders.jar:/Users/atalati/vscode-extension/main-repo/javavscode/netbeans/nbbuild/netbeans/platform/modules/org-netbeans-spi-quicksearch.jar:/Users/atalati/vscode-extension/main-repo/javavscode/netbeans/nbbuild/netbeans/ide/modules/org-netbeans-modules-options-editor.jar:/Users/atalati/vscode-extension/main-repo/javavscode/netbeans/nbbuild/netbeans/ide/modules/org-netbeans-modules-editor.jar:/Users/atalati/vscode-extension/main-repo/javavscode/netbeans/nbbuild/netbeans/ide/modules/org-netbeans-modules-editor-fold-nbui.jar:/Users/atalati/vscode-extension/main-repo/javavscode/netbeans/nbbuild/netbeans/ide/modules/org-netbeans-modules-projectuiapi.jar:/Users/atalati/vscode-extension/main-repo/javavscode/netbeans/nbbuild/netbeans/ide/modules/org-netbeans-modules-editor-indent-support.jar:/Users/atalati/vscode-extension/main-repo/javavscode/netbeans/nbbuild/netbeans/java/modules/org-netbeans-modules-java-source-base.jar:/Users/atalati/vscode-extension/main-repo/javavscode/netbeans/nbbuild/netbeans/ide/modules/org-netbeans-modules-refactoring-api.jar:/Users/atalati/vscode-extension/main-repo/javavscode/netbeans/nbbuild/netbeans/ide/modules/org-netbeans-modules-diff.jar:/Users/atalati/vscode-extension/main-repo/javavscode/netbeans/nbbuild/netbeans/ide/modules/org-netbeans-modules-editor-errorstripe.jar:/Users/atalati/vscode-extension/main-repo/javavscode/netbeans/nbbuild/netbeans/ide/modules/org-netbeans-modules-editor-errorstripe-api.jar:/Users/atalati/vscode-extension/main-repo/javavscode/netbeans/nbbuild/netbeans/ide/modules/org-netbeans-modules-jumpto.jar:/Users/atalati/vscode-extension/main-repo/javavscode/netbeans/nbbuild/netbeans/platform/modules/org-netbeans-api-search.jar:/Users/atalati/vscode-extension/main-repo/javavscode/netbeans/nbbuild/netbeans/platform/modules/org-netbeans-core-ui.jar:/Users/atalati/vscode-extension/main-repo/javavscode/netbeans/nbbuild/netbeans/java/modules/org-netbeans-modules-java-testrunner-ui.jar:/Users/atalati/vscode-extension/main-repo/javavscode/netbeans/nbbuild/netbeans/platform/modules/org-netbeans-api-annotations-common.jar:/Users/atalati/vscode-extension/main-repo/javavscode/netbeans/nbbuild/netbeans/java/modules/org-netbeans-api-java.jar:/Users/atalati/vscode-extension/main-repo/javavscode/netbeans/nbbuild/netbeans/ide/modules/org-netbeans-api-java-classpath.jar:/Users/atalati/vscode-extension/main-repo/javavscode/netbeans/nbbuild/netbeans/platform/core/org-openide-filesystems.jar:/Users/atalati/vscode-extension/main-repo/javavscode/netbeans/nbbuild/netbeans/platform/lib/org-openide-util.jar:/Users/atalati/vscode-extension/main-repo/javavscode/netbeans/nbbuild/netbeans/platform/lib/org-openide-util-lookup.jar:/Users/atalati/vscode-extension/main-repo/javavscode/netbeans/nbbuild/netbeans/platform/lib/org-openide-modules.jar:/Users/atalati/vscode-extension/main-repo/javavscode/netbeans/nbbuild/netbeans/platform/lib/org-openide-util-ui.jar:/Users/atalati/vscode-extension/main-repo/javavscode/netbeans/nbbuild/netbeans/java/modules/org-netbeans-libs-javacapi.jar:/Users/atalati/vscode-extension/main-repo/javavscode/netbeans/java/libs.javacapi/external/nb-javac-jdk-22+33-api.jar:/Users/atalati/vscode-extension/main-repo/javavscode/netbeans/java/libs.javacapi/external/nb-javac-jdk-22+33.jar:/Users/atalati/vscode-extension/main-repo/javavscode/netbeans/nbbuild/netbeans/ide/modules/org-netbeans-modules-extexecution.jar:/Users/atalati/vscode-extension/main-repo/javavscode/netbeans/nbbuild/netbeans/platform/modules/org-netbeans-api-progress.jar:/Users/atalati/vscode-extension/main-repo/javavscode/netbeans/nbbuild/netbeans/ide/modules/org-netbeans-modules-extexecution-base.jar:/Users/atalati/vscode-extension/main-repo/javavscode/netbeans/nbbuild/netbeans/platform/modules/org-openide-io.jar:/Users/atalati/vscode-extension/main-repo/javavscode/netbeans/nbbuild/netbeans/platform/modules/org-netbeans-api-intent.jar:/Users/atalati/vscode-extension/main-repo/javavscode/netbeans/nbbuild/netbeans/platform/modules/org-netbeans-api-io.jar:/Users/atalati/vscode-extension/main-repo/javavscode/netbeans/nbbuild/netbeans/ide/modules/org-netbeans-modules-gsf-testrunner.jar:/Users/atalati/vscode-extension/main-repo/javavscode/netbeans/nbbuild/netbeans/ide/modules/org-netbeans-modules-projectapi.jar:/Users/atalati/vscode-extension/main-repo/javavscode/netbeans/nbbuild/netbeans/platform/modules/org-netbeans-modules-queries.jar:/Users/atalati/vscode-extension/main-repo/javavscode/netbeans/nbbuild/netbeans/ide/modules/org-netbeans-modules-gsf-testrunner-ui.jar:/Users/atalati/vscode-extension/main-repo/javavscode/netbeans/nbbuild/netbeans/platform/modules/org-netbeans-api-progress-nb.jar:/Users/atalati/vscode-extension/main-repo/javavscode/netbeans/nbbuild/netbeans/platform/modules/org-openide-awt.jar:/Users/atalati/vscode-extension/main-repo/javavscode/netbeans/nbbuild/netbeans/ide/modules/org-netbeans-modules-diff.jar:/Users/atalati/vscode-extension/main-repo/javavscode/netbeans/nbbuild/netbeans/ide/modules/org-netbeans-modules-editor-errorstripe.jar:/Users/atalati/vscode-extension/main-repo/javavscode/netbeans/nbbuild/netbeans/ide/modules/org-netbeans-modules-editor-document.jar:/Users/atalati/vscode-extension/main-repo/javavscode/netbeans/nbbuild/netbeans/platform/modules/org-netbeans-modules-editor-mimelookup.jar:/Users/atalati/vscode-extension/main-repo/javavscode/netbeans/nbbuild/netbeans/ide/modules/org-netbeans-modules-editor-util.jar:/Users/atalati/vscode-extension/main-repo/javavscode/netbeans/nbbuild/netbeans/ide/modules/org-netbeans-modules-editor-errorstripe-api.jar:/Users/atalati/vscode-extension/main-repo/javavscode/netbeans/nbbuild/netbeans/ide/modules/org-netbeans-modules-editor-fold.jar:/Users/atalati/vscode-extension/main-repo/javavscode/netbeans/nbbuild/netbeans/ide/modules/org-netbeans-modules-editor-settings.jar:/Users/atalati/vscode-extension/main-repo/javavscode/netbeans/nbbuild/netbeans/ide/modules/org-netbeans-modules-lexer.jar:/Users/atalati/vscode-extension/main-repo/javavscode/netbeans/nbbuild/netbeans/ide/modules/org-netbeans-modules-editor-settings-lib.jar:/Users/atalati/vscode-extension/main-repo/javavscode/netbeans/nbbuild/netbeans/ide/modules/org-netbeans-modules-editor-lib.jar:/Users/atalati/vscode-extension/main-repo/javavscode/netbeans/nbbuild/netbeans/ide/modules/org-netbeans-modules-editor-guards.jar:/Users/atalati/vscode-extension/main-repo/javavscode/netbeans/nbbuild/netbeans/ide/modules/org-netbeans-modules-editor-indent.jar:/Users/atalati/vscode-extension/main-repo/javavscode/netbeans/nbbuild/netbeans/ide/modules/org-netbeans-modules-editor-lib2.jar:/Users/atalati/vscode-extension/main-repo/javavscode/netbeans/nbbuild/netbeans/platform/modules/org-openide-dialogs.jar:/Users/atalati/vscode-extension/main-repo/javavscode/netbeans/nbbuild/netbeans/platform/modules/org-openide-loaders.jar:/Users/atalati/vscode-extension/main-repo/javavscode/netbeans/nbbuild/netbeans/platform/modules/org-netbeans-api-scripting.jar:/Users/atalati/vscode-extension/main-repo/javavscode/netbeans/nbbuild/netbeans/platform/modules/org-netbeans-api-templates.jar:/Users/atalati/vscode-extension/main-repo/javavscode/netbeans/nbbuild/netbeans/platform/modules/org-openide-actions.jar:/Users/atalati/vscode-extension/main-repo/javavscode/netbeans/nbbuild/netbeans/platform/modules/org-openide-explorer.jar:/Users/atalati/vscode-extension/main-repo/javavscode/netbeans/nbbuild/netbeans/platform/modules/org-netbeans-swing-outline.jar:/Users/atalati/vscode-extension/main-repo/javavscode/netbeans/nbbuild/netbeans/platform/modules/org-netbeans-swing-tabcontrol.jar:/Users/atalati/vscode-extension/main-repo/javavscode/netbeans/nbbuild/netbeans/platform/modules/org-openide-windows.jar:/Users/atalati/vscode-extension/main-repo/javavscode/netbeans/nbbuild/netbeans/platform/modules/org-openide-nodes.jar:/Users/atalati/vscode-extension/main-repo/javavscode/netbeans/nbbuild/netbeans/platform/modules/org-openide-text.jar:/Users/atalati/vscode-extension/main-repo/javavscode/netbeans/nbbuild/netbeans/platform/modules/org-openide-filesystems-nb.jar:/Users/atalati/vscode-extension/main-repo/javavscode/netbeans/nbbuild/netbeans/platform/modules/org-netbeans-modules-options-api.jar:/Users/atalati/vscode-extension/main-repo/javavscode/netbeans/nbbuild/netbeans/platform/modules/org-netbeans-core.jar:/Users/atalati/vscode-extension/main-repo/javavscode/netbeans/nbbuild/netbeans/platform/lib/boot.jar:/Users/atalati/vscode-extension/main-repo/javavscode/netbeans/nbbuild/netbeans/platform/core/core.jar:/Users/atalati/vscode-extension/main-repo/javavscode/netbeans/nbbuild/netbeans/platform/core/org-netbeans-libs-asm.jar:/Users/atalati/vscode-extension/main-repo/javavscode/netbeans/platform/libs.asm/external/asm-9.6.jar:/Users/atalati/vscode-extension/main-repo/javavscode/netbeans/nbbuild/netbeans/platform/core/asm-9.6.jar:/Users/atalati/vscode-extension/main-repo/javavscode/netbeans/platform/libs.asm/external/asm-tree-9.6.jar:/Users/atalati/vscode-extension/main-repo/javavscode/netbeans/nbbuild/netbeans/platform/core/asm-tree-9.6.jar:/Users/atalati/vscode-extension/main-repo/javavscode/netbeans/platform/libs.asm/external/asm-commons-9.6.jar:/Users/atalati/vscode-extension/main-repo/javavscode/netbeans/nbbuild/netbeans/platform/core/asm-commons-9.6.jar:/Users/atalati/vscode-extension/main-repo/javavscode/netbeans/nbbuild/netbeans/platform/core/core-base.jar:/Users/atalati/vscode-extension/main-repo/javavscode/netbeans/nbbuild/netbeans/platform/modules/org-netbeans-modules-keyring.jar:/Users/atalati/vscode-extension/main-repo/javavscode/netbeans/nbbuild/netbeans/platform/modules/org-netbeans-modules-sampler.jar:/Users/atalati/vscode-extension/main-repo/javavscode/netbeans/nbbuild/netbeans/platform/modules/org-netbeans-swing-plaf.jar:/Users/atalati/vscode-extension/main-repo/javavscode/netbeans/nbbuild/netbeans/platform/modules/org-netbeans-spi-quicksearch.jar:/Users/atalati/vscode-extension/main-repo/javavscode/netbeans/nbbuild/netbeans/ide/modules/org-netbeans-modules-options-editor.jar:/Users/atalati/vscode-extension/main-repo/javavscode/netbeans/nbbuild/netbeans/ide/modules/org-netbeans-modules-editor.jar:/Users/atalati/vscode-extension/main-repo/javavscode/netbeans/nbbuild/netbeans/ide/modules/org-netbeans-api-lsp.jar:/Users/atalati/vscode-extension/main-repo/javavscode/netbeans/nbbuild/netbeans/ide/modules/org-netbeans-modules-editor-fold-nbui.jar:/Users/atalati/vscode-extension/main-repo/javavscode/netbeans/nbbuild/netbeans/ide/modules/org-netbeans-modules-editor-settings-storage.jar:/Users/atalati/vscode-extension/main-repo/javavscode/netbeans/nbbuild/netbeans/platform/modules/org-netbeans-modules-options-keymap.jar:/Users/atalati/vscode-extension/main-repo/javavscode/netbeans/nbbuild/netbeans/ide/modules/org-netbeans-modules-parsing-api.jar:/Users/atalati/vscode-extension/main-repo/javavscode/netbeans/nbbuild/netbeans/ide/modules/org-netbeans-modules-parsing-lucene.jar:/Users/atalati/vscode-extension/main-repo/javavscode/netbeans/nbbuild/netbeans/ide/modules/org-netbeans-libs-lucene.jar:/Users/atalati/vscode-extension/main-repo/javavscode/netbeans/ide/libs.lucene/external/lucene-core-3.6.2.jar:/Users/atalati/vscode-extension/main-repo/javavscode/netbeans/nbbuild/netbeans/ide/modules/ext/lucene-core-3.6.2.jar:/Users/atalati/vscode-extension/main-repo/javavscode/netbeans/nbbuild/netbeans/platform/modules/org-netbeans-modules-masterfs.jar:/Users/atalati/vscode-extension/main-repo/javavscode/netbeans/nbbuild/netbeans/ide/modules/org-netbeans-modules-parsing-indexing.jar:/Users/atalati/vscode-extension/main-repo/javavscode/netbeans/nbbuild/netbeans/ide/modules/org-netbeans-modules-project-indexingbridge.jar:/Users/atalati/vscode-extension/main-repo/javavscode/netbeans/nbbuild/netbeans/ide/modules/org-netbeans-modules-projectuiapi-base.jar:/Users/atalati/vscode-extension/main-repo/javavscode/netbeans/nbbuild/netbeans/ide/modules/org-netbeans-spi-tasklist.jar:/Users/atalati/vscode-extension/main-repo/javavscode/netbeans/nbbuild/netbeans/java/modules/org-netbeans-modules-java-source.jar:/Users/atalati/vscode-extension/main-repo/javavscode/netbeans/nbbuild/netbeans/platform/modules/org-netbeans-core-multiview.jar:/Users/atalati/vscode-extension/main-repo/javavscode/netbeans/nbbuild/netbeans/java/modules/org-netbeans-lib-nbjavac.jar:/Users/atalati/vscode-extension/main-repo/javavscode/netbeans/nbbuild/netbeans/platform/modules/org-netbeans-modules-autoupdate-services.jar:/Users/atalati/vscode-extension/main-repo/javavscode/netbeans/nbbuild/netbeans/platform/modules/ext/updater.jar:/Users/atalati/vscode-extension/main-repo/javavscode/netbeans/nbbuild/netbeans/java/modules/org-netbeans-modules-classfile.jar:/Users/atalati/vscode-extension/main-repo/javavscode/netbeans/nbbuild/netbeans/ide/modules/org-netbeans-modules-editor-indent-project.jar:/Users/atalati/vscode-extension/main-repo/javavscode/netbeans/nbbuild/netbeans/ide/modules/org-netbeans-modules-projectuiapi.jar:/Users/atalati/vscode-extension/main-repo/javavscode/netbeans/nbbuild/netbeans/ide/modules/org-netbeans-modules-editor-indent-support.jar:/Users/atalati/vscode-extension/main-repo/javavscode/netbeans/nbbuild/netbeans/java/modules/org-netbeans-modules-java-platform.jar:/Users/atalati/vscode-extension/main-repo/javavscode/netbeans/nbbuild/netbeans/java/modules/org-netbeans-modules-java-preprocessorbridge.jar:/Users/atalati/vscode-extension/main-repo/javavscode/netbeans/nbbuild/netbeans/java/modules/org-netbeans-modules-java-source-base.jar:/Users/atalati/vscode-extension/main-repo/javavscode/netbeans/nbbuild/netbeans/java/modules/org-netbeans-modules-java-lexer.jar:/Users/atalati/vscode-extension/main-repo/javavscode/netbeans/nbbuild/netbeans/ide/modules/org-netbeans-modules-refactoring-api.jar:/Users/atalati/vscode-extension/main-repo/javavscode/netbeans/nbbuild/netbeans/java/modules/org-netbeans-modules-java-testrunner.jar:/Users/atalati/vscode-extension/main-repo/javavscode/netbeans/nbbuild/netbeans/java/modules/org-netbeans-modules-java-project.jar:/Users/atalati/vscode-extension/main-repo/javavscode/netbeans/nbbuild/netbeans/ide/modules/org-netbeans-modules-project-ant.jar:/Users/atalati/vscode-extension/main-repo/javavscode/netbeans/nbbuild/netbeans/ide/modules/org-netbeans-modules-project-libraries.jar:/Users/atalati/vscode-extension/main-repo/javavscode/netbeans/nbbuild/netbeans/ide/modules/org-netbeans-modules-project-spi-intern.jar:/Users/atalati/vscode-extension/main-repo/javavscode/netbeans/nbbuild/netbeans/ide/modules/org-netbeans-modules-xml-catalog.jar:/Users/atalati/vscode-extension/main-repo/javavscode/netbeans/nbbuild/netbeans/ide/modules/org-apache-xml-resolver.jar:/Users/atalati/vscode-extension/main-repo/javavscode/netbeans/ide/o.apache.xml.resolver/external/resolver-1.2.jar:/Users/atalati/vscode-extension/main-repo/javavscode/netbeans/nbbuild/netbeans/ide/modules/ext/resolver-1.2.jar:/Users/atalati/vscode-extension/main-repo/javavscode/netbeans/nbbuild/netbeans/ide/modules/org-netbeans-api-xml.jar:/Users/atalati/vscode-extension/main-repo/javavscode/netbeans/nbbuild/netbeans/ide/modules/org-netbeans-spi-editor-hints.jar:/Users/atalati/vscode-extension/main-repo/javavscode/netbeans/nbbuild/netbeans/java/modules/org-netbeans-spi-java-hints.jar:/Users/atalati/vscode-extension/main-repo/javavscode/netbeans/nbbuild/netbeans/ide/modules/org-netbeans-modules-code-analysis.jar:/Users/atalati/vscode-extension/main-repo/javavscode/netbeans/nbbuild/netbeans/platform/modules/org-netbeans-modules-settings.jar:/Users/atalati/vscode-extension/main-repo/javavscode/netbeans/nbbuild/netbeans/ide/modules/org-netbeans-modules-javascript2-debug.jar:/Users/atalati/vscode-extension/main-repo/javavscode/netbeans/nbbuild/netbeans/platform/modules/org-netbeans-api-annotations-common.jar:/Users/atalati/vscode-extension/main-repo/javavscode/netbeans/nbbuild/netbeans/ide/modules/org-netbeans-api-debugger.jar:/Users/atalati/vscode-extension/main-repo/javavscode/netbeans/nbbuild/netbeans/ide/modules/org-netbeans-modules-projectapi.jar:/Users/atalati/vscode-extension/main-repo/javavscode/netbeans/nbbuild/netbeans/platform/modules/org-netbeans-modules-queries.jar:/Users/atalati/vscode-extension/main-repo/javavscode/netbeans/nbbuild/netbeans/platform/core/org-openide-filesystems.jar:/Users/atalati/vscode-extension/main-repo/javavscode/netbeans/nbbuild/netbeans/platform/lib/org-openide-util.jar:/Users/atalati/vscode-extension/main-repo/javavscode/netbeans/nbbuild/netbeans/platform/lib/org-openide-util-lookup.jar:/Users/atalati/vscode-extension/main-repo/javavscode/netbeans/nbbuild/netbeans/platform/lib/org-openide-modules.jar:/Users/atalati/vscode-extension/main-repo/javavscode/netbeans/nbbuild/netbeans/platform/lib/org-openide-util-ui.jar:/Users/atalati/vscode-extension/main-repo/javavscode/netbeans/nbbuild/netbeans/ide/modules/org-netbeans-modules-editor-document.jar:/Users/atalati/vscode-extension/main-repo/javavscode/netbeans/nbbuild/netbeans/platform/modules/org-netbeans-modules-editor-mimelookup.jar:/Users/atalati/vscode-extension/main-repo/javavscode/netbeans/nbbuild/netbeans/ide/modules/org-netbeans-modules-editor-util.jar:/Users/atalati/vscode-extension/main-repo/javavscode/netbeans/nbbuild/netbeans/ide/modules/org-netbeans-modules-parsing-api.jar:/Users/atalati/vscode-extension/main-repo/javavscode/netbeans/nbbuild/netbeans/ide/modules/org-netbeans-api-java-classpath.jar:/Users/atalati/vscode-extension/main-repo/javavscode/netbeans/nbbuild/netbeans/ide/modules/org-netbeans-modules-lexer.jar:/Users/atalati/vscode-extension/main-repo/javavscode/netbeans/nbbuild/netbeans/ide/modules/org-netbeans-modules-parsing-lucene.jar:/Users/atalati/vscode-extension/main-repo/javavscode/netbeans/nbbuild/netbeans/ide/modules/org-netbeans-libs-lucene.jar:/Users/atalati/vscode-extension/main-repo/javavscode/netbeans/ide/libs.lucene/external/lucene-core-3.6.2.jar:/Users/atalati/vscode-extension/main-repo/javavscode/netbeans/nbbuild/netbeans/ide/modules/ext/lucene-core-3.6.2.jar:/Users/atalati/vscode-extension/main-repo/javavscode/netbeans/nbbuild/netbeans/platform/modules/org-netbeans-modules-masterfs.jar:/Users/atalati/vscode-extension/main-repo/javavscode/netbeans/nbbuild/netbeans/ide/modules/org-netbeans-modules-web-common.jar:/Users/atalati/vscode-extension/main-repo/javavscode/netbeans/nbbuild/netbeans/ide/modules/org-netbeans-libs-json_simple.jar:/Users/atalati/vscode-extension/main-repo/javavscode/netbeans/nbbuild/netbeans/ide/modules/ext/json-simple-1.1.1.jar:/Users/atalati/vscode-extension/main-repo/javavscode/netbeans/nbbuild/netbeans/ide/modules/org-netbeans-modules-jumpto.jar:/Users/atalati/vscode-extension/main-repo/javavscode/netbeans/nbbuild/netbeans/platform/modules/org-netbeans-api-annotations-common.jar:/Users/atalati/vscode-extension/main-repo/javavscode/netbeans/nbbuild/netbeans/platform/modules/org-netbeans-api-search.jar:/Users/atalati/vscode-extension/main-repo/javavscode/netbeans/nbbuild/netbeans/platform/modules/org-netbeans-api-progress.jar:/Users/atalati/vscode-extension/main-repo/javavscode/netbeans/nbbuild/netbeans/platform/lib/org-openide-modules.jar:/Users/atalati/vscode-extension/main-repo/javavscode/netbeans/nbbuild/netbeans/platform/lib/org-openide-util-ui.jar:/Users/atalati/vscode-extension/main-repo/javavscode/netbeans/nbbuild/netbeans/platform/lib/org-openide-util.jar:/Users/atalati/vscode-extension/main-repo/javavscode/netbeans/nbbuild/netbeans/platform/lib/org-openide-util-lookup.jar:/Users/atalati/vscode-extension/main-repo/javavscode/netbeans/nbbuild/netbeans/platform/modules/org-netbeans-modules-queries.jar:/Users/atalati/vscode-extension/main-repo/javavscode/netbeans/nbbuild/netbeans/platform/core/org-openide-filesystems.jar:/Users/atalati/vscode-extension/main-repo/javavscode/netbeans/nbbuild/netbeans/platform/modules/org-netbeans-swing-outline.jar:/Users/atalati/vscode-extension/main-repo/javavscode/netbeans/nbbuild/netbeans/platform/modules/org-openide-actions.jar:/Users/atalati/vscode-extension/main-repo/javavscode/netbeans/nbbuild/netbeans/platform/modules/org-openide-awt.jar:/Users/atalati/vscode-extension/main-repo/javavscode/netbeans/nbbuild/netbeans/platform/modules/org-openide-dialogs.jar:/Users/atalati/vscode-extension/main-repo/javavscode/netbeans/nbbuild/netbeans/platform/modules/org-netbeans-api-progress-nb.jar:/Users/atalati/vscode-extension/main-repo/javavscode/netbeans/nbbuild/netbeans/platform/modules/org-openide-explorer.jar:/Users/atalati/vscode-extension/main-repo/javavscode/netbeans/nbbuild/netbeans/platform/modules/org-netbeans-swing-tabcontrol.jar:/Users/atalati/vscode-extension/main-repo/javavscode/netbeans/nbbuild/netbeans/platform/modules/org-openide-windows.jar:/Users/atalati/vscode-extension/main-repo/javavscode/netbeans/nbbuild/netbeans/platform/modules/org-openide-nodes.jar:/Users/atalati/vscode-extension/main-repo/javavscode/netbeans/nbbuild/netbeans/platform/modules/org-openide-text.jar:/Users/atalati/vscode-extension/main-repo/javavscode/netbeans/nbbuild/netbeans/platform/modules/org-netbeans-modules-editor-mimelookup.jar:/Users/atalati/vscode-extension/main-repo/javavscode/netbeans/nbbuild/netbeans/platform/modules/org-openide-filesystems-nb.jar:/Users/atalati/vscode-extension/main-repo/javavscode/netbeans/nbbuild/netbeans/platform/modules/org-openide-io.jar:/Users/atalati/vscode-extension/main-repo/javavscode/netbeans/nbbuild/netbeans/platform/modules/org-netbeans-api-intent.jar:/Users/atalati/vscode-extension/main-repo/javavscode/netbeans/nbbuild/netbeans/platform/modules/org-netbeans-api-io.jar:/Users/atalati/vscode-extension/main-repo/javavscode/netbeans/nbbuild/netbeans/platform/modules/org-openide-loaders.jar:/Users/atalati/vscode-extension/main-repo/javavscode/netbeans/nbbuild/netbeans/platform/modules/org-netbeans-api-scripting.jar:/Users/atalati/vscode-extension/main-repo/javavscode/netbeans/nbbuild/netbeans/platform/modules/org-netbeans-api-templates.jar:/Users/atalati/vscode-extension/main-repo/javavscode/netbeans/nbbuild/netbeans/platform/modules/org-netbeans-core-ui.jar:/Users/atalati/vscode-extension/main-repo/javavscode/netbeans/nbbuild/netbeans/platform/modules/org-netbeans-core.jar:/Users/atalati/vscode-extension/main-repo/javavscode/netbeans/nbbuild/netbeans/platform/lib/boot.jar:/Users/atalati/vscode-extension/main-repo/javavscode/netbeans/nbbuild/netbeans/platform/core/core.jar:/Users/atalati/vscode-extension/main-repo/javavscode/netbeans/nbbuild/netbeans/platform/core/org-netbeans-libs-asm.jar:/Users/atalati/vscode-extension/main-repo/javavscode/netbeans/platform/libs.asm/external/asm-9.6.jar:/Users/atalati/vscode-extension/main-repo/javavscode/netbeans/nbbuild/netbeans/platform/core/asm-9.6.jar:/Users/atalati/vscode-extension/main-repo/javavscode/netbeans/platform/libs.asm/external/asm-tree-9.6.jar:/Users/atalati/vscode-extension/main-repo/javavscode/netbeans/nbbuild/netbeans/platform/core/asm-tree-9.6.jar:/Users/atalati/vscode-extension/main-repo/javavscode/netbeans/platform/libs.asm/external/asm-commons-9.6.jar:/Users/atalati/vscode-extension/main-repo/javavscode/netbeans/nbbuild/netbeans/platform/core/asm-commons-9.6.jar:/Users/atalati/vscode-extension/main-repo/javavscode/netbeans/nbbuild/netbeans/platform/core/core-base.jar:/Users/atalati/vscode-extension/main-repo/javavscode/netbeans/nbbuild/netbeans/platform/modules/org-netbeans-modules-keyring.jar:/Users/atalati/vscode-extension/main-repo/javavscode/netbeans/nbbuild/netbeans/platform/modules/org-netbeans-modules-sampler.jar:/Users/atalati/vscode-extension/main-repo/javavscode/netbeans/nbbuild/netbeans/platform/modules/org-netbeans-swing-plaf.jar:/Users/atalati/vscode-extension/main-repo/javavscode/netbeans/nbbuild/netbeans/platform/modules/org-netbeans-modules-options-api.jar:/Users/atalati/vscode-extension/main-repo/javavscode/netbeans/nbbuild/netbeans/platform/modules/org-netbeans-spi-quicksearch.jar:/Users/atalati/vscode-extension/main-repo/javavscode/netbeans/nbbuild/netbeans/ide/modules/org-netbeans-modules-editor-lib.jar:/Users/atalati/vscode-extension/main-repo/javavscode/netbeans/nbbuild/netbeans/ide/modules/org-netbeans-modules-editor-document.jar:/Users/atalati/vscode-extension/main-repo/javavscode/netbeans/nbbuild/netbeans/ide/modules/org-netbeans-modules-editor-util.jar:/Users/atalati/vscode-extension/main-repo/javavscode/netbeans/nbbuild/netbeans/ide/modules/org-netbeans-modules-editor-fold.jar:/Users/atalati/vscode-extension/main-repo/javavscode/netbeans/nbbuild/netbeans/ide/modules/org-netbeans-modules-editor-settings.jar:/Users/atalati/vscode-extension/main-repo/javavscode/netbeans/nbbuild/netbeans/ide/modules/org-netbeans-modules-lexer.jar:/Users/atalati/vscode-extension/main-repo/javavscode/netbeans/nbbuild/netbeans/ide/modules/org-netbeans-modules-editor-settings-lib.jar:/Users/atalati/vscode-extension/main-repo/javavscode/netbeans/nbbuild/netbeans/ide/modules/org-netbeans-modules-editor-guards.jar:/Users/atalati/vscode-extension/main-repo/javavscode/netbeans/nbbuild/netbeans/ide/modules/org-netbeans-modules-editor-indent.jar:/Users/atalati/vscode-extension/main-repo/javavscode/netbeans/nbbuild/netbeans/ide/modules/org-netbeans-modules-editor-lib2.jar:/Users/atalati/vscode-extension/main-repo/javavscode/netbeans/nbbuild/netbeans/ide/modules/org-netbeans-modules-parsing-api.jar:/Users/atalati/vscode-extension/main-repo/javavscode/netbeans/nbbuild/netbeans/ide/modules/org-netbeans-api-java-classpath.jar:/Users/atalati/vscode-extension/main-repo/javavscode/netbeans/nbbuild/netbeans/ide/modules/org-netbeans-modules-parsing-lucene.jar:/Users/atalati/vscode-extension/main-repo/javavscode/netbeans/nbbuild/netbeans/ide/modules/org-netbeans-libs-lucene.jar:/Users/atalati/vscode-extension/main-repo/javavscode/netbeans/ide/libs.lucene/external/lucene-core-3.6.2.jar:/Users/atalati/vscode-extension/main-repo/javavscode/netbeans/nbbuild/netbeans/ide/modules/ext/lucene-core-3.6.2.jar:/Users/atalati/vscode-extension/main-repo/javavscode/netbeans/nbbuild/netbeans/platform/modules/org-netbeans-modules-masterfs.jar:/Users/atalati/vscode-extension/main-repo/javavscode/netbeans/nbbuild/netbeans/ide/modules/org-netbeans-modules-projectapi.jar:/Users/atalati/vscode-extension/main-repo/javavscode/netbeans/nbbuild/netbeans/ide/modules/org-netbeans-modules-parsing-indexing.jar:/Users/atalati/vscode-extension/main-repo/javavscode/netbeans/nbbuild/netbeans/ide/modules/org-netbeans-modules-project-indexingbridge.jar:/Users/atalati/vscode-extension/main-repo/javavscode/netbeans/nbbuild/netbeans/ide/modules/org-netbeans-modules-projectuiapi-base.jar:/Users/atalati/vscode-extension/main-repo/javavscode/netbeans/nbbuild/netbeans/ide/modules/org-netbeans-spi-tasklist.jar:/Users/atalati/vscode-extension/main-repo/javavscode/netbeans/nbbuild/netbeans/ide/modules/org-netbeans-modules-lexer.jar:/Users/atalati/vscode-extension/main-repo/javavscode/netbeans/nbbuild/netbeans/ide/modules/org-netbeans-modules-editor-util.jar:/Users/atalati/vscode-extension/main-repo/javavscode/netbeans/nbbuild/netbeans/platform/lib/org-openide-util.jar:/Users/atalati/vscode-extension/main-repo/javavscode/netbeans/nbbuild/netbeans/platform/lib/org-openide-util-lookup.jar:/Users/atalati/vscode-extension/main-repo/javavscode/netbeans/nbbuild/netbeans/platform/lib/org-openide-util-ui.jar:/Users/atalati/vscode-extension/main-repo/javavscode/netbeans/nbbuild/netbeans/ide/modules/org-netbeans-modules-nativeimage-api.jar:/Users/atalati/vscode-extension/main-repo/javavscode/netbeans/nbbuild/netbeans/platform/modules/org-netbeans-api-annotations-common.jar:/Users/atalati/vscode-extension/main-repo/javavscode/netbeans/nbbuild/netbeans/ide/modules/org-netbeans-api-debugger.jar:/Users/atalati/vscode-extension/main-repo/javavscode/netbeans/nbbuild/netbeans/ide/modules/org-netbeans-modules-projectapi.jar:/Users/atalati/vscode-extension/main-repo/javavscode/netbeans/nbbuild/netbeans/platform/modules/org-netbeans-modules-queries.jar:/Users/atalati/vscode-extension/main-repo/javavscode/netbeans/nbbuild/netbeans/platform/core/org-openide-filesystems.jar:/Users/atalati/vscode-extension/main-repo/javavscode/netbeans/nbbuild/netbeans/platform/lib/org-openide-util.jar:/Users/atalati/vscode-extension/main-repo/javavscode/netbeans/nbbuild/netbeans/platform/lib/org-openide-util-lookup.jar:/Users/atalati/vscode-extension/main-repo/javavscode/netbeans/nbbuild/netbeans/platform/lib/org-openide-modules.jar:/Users/atalati/vscode-extension/main-repo/javavscode/netbeans/nbbuild/netbeans/platform/lib/org-openide-util-ui.jar:/Users/atalati/vscode-extension/main-repo/javavscode/netbeans/nbbuild/netbeans/ide/modules/org-netbeans-modules-extexecution.jar:/Users/atalati/vscode-extension/main-repo/javavscode/netbeans/nbbuild/netbeans/platform/modules/org-netbeans-api-progress.jar:/Users/atalati/vscode-extension/main-repo/javavscode/netbeans/nbbuild/netbeans/ide/modules/org-netbeans-modules-extexecution-base.jar:/Users/atalati/vscode-extension/main-repo/javavscode/netbeans/nbbuild/netbeans/platform/modules/org-openide-io.jar:/Users/atalati/vscode-extension/main-repo/javavscode/netbeans/nbbuild/netbeans/platform/modules/org-netbeans-api-intent.jar:/Users/atalati/vscode-extension/main-repo/javavscode/netbeans/nbbuild/netbeans/platform/modules/org-netbeans-api-io.jar:/Users/atalati/vscode-extension/main-repo/javavscode/netbeans/nbbuild/netbeans/ide/modules/org-netbeans-modules-parsing-api.jar:/Users/atalati/vscode-extension/main-repo/javavscode/netbeans/nbbuild/netbeans/platform/modules/org-netbeans-api-annotations-common.jar:/Users/atalati/vscode-extension/main-repo/javavscode/netbeans/nbbuild/netbeans/ide/modules/org-netbeans-api-java-classpath.jar:/Users/atalati/vscode-extension/main-repo/javavscode/netbeans/nbbuild/netbeans/platform/core/org-openide-filesystems.jar:/Users/atalati/vscode-extension/main-repo/javavscode/netbeans/nbbuild/netbeans/platform/lib/org-openide-util.jar:/Users/atalati/vscode-extension/main-repo/javavscode/netbeans/nbbuild/netbeans/platform/lib/org-openide-util-lookup.jar:/Users/atalati/vscode-extension/main-repo/javavscode/netbeans/nbbuild/netbeans/ide/modules/org-netbeans-modules-editor-document.jar:/Users/atalati/vscode-extension/main-repo/javavscode/netbeans/nbbuild/netbeans/platform/modules/org-netbeans-modules-editor-mimelookup.jar:/Users/atalati/vscode-extension/main-repo/javavscode/netbeans/nbbuild/netbeans/ide/modules/org-netbeans-modules-editor-util.jar:/Users/atalati/vscode-extension/main-repo/javavscode/netbeans/nbbuild/netbeans/ide/modules/org-netbeans-modules-lexer.jar:/Users/atalati/vscode-extension/main-repo/javavscode/netbeans/nbbuild/netbeans/platform/lib/org-openide-util-ui.jar:/Users/atalati/vscode-extension/main-repo/javavscode/netbeans/nbbuild/netbeans/ide/modules/org-netbeans-modules-parsing-lucene.jar:/Users/atalati/vscode-extension/main-repo/javavscode/netbeans/nbbuild/netbeans/ide/modules/org-netbeans-libs-lucene.jar:/Users/atalati/vscode-extension/main-repo/javavscode/netbeans/ide/libs.lucene/external/lucene-core-3.6.2.jar:/Users/atalati/vscode-extension/main-repo/javavscode/netbeans/nbbuild/netbeans/ide/modules/ext/lucene-core-3.6.2.jar:/Users/atalati/vscode-extension/main-repo/javavscode/netbeans/nbbuild/netbeans/platform/modules/org-netbeans-modules-masterfs.jar:/Users/atalati/vscode-extension/main-repo/javavscode/netbeans/nbbuild/netbeans/platform/modules/org-netbeans-modules-queries.jar:/Users/atalati/vscode-extension/main-repo/javavscode/netbeans/nbbuild/netbeans/platform/lib/org-openide-modules.jar:/Users/atalati/vscode-extension/main-repo/javavscode/netbeans/nbbuild/netbeans/ide/modules/org-netbeans-modules-projectapi.jar:/Users/atalati/vscode-extension/main-repo/javavscode/netbeans/nbbuild/netbeans/ide/modules/org-netbeans-modules-parsing-indexing.jar:/Users/atalati/vscode-extension/main-repo/javavscode/netbeans/nbbuild/netbeans/platform/modules/org-netbeans-api-annotations-common.jar:/Users/atalati/vscode-extension/main-repo/javavscode/netbeans/nbbuild/netbeans/ide/modules/org-netbeans-api-java-classpath.jar:/Users/atalati/vscode-extension/main-repo/javavscode/netbeans/nbbuild/netbeans/platform/core/org-openide-filesystems.jar:/Users/atalati/vscode-extension/main-repo/javavscode/netbeans/nbbuild/netbeans/platform/lib/org-openide-util.jar:/Users/atalati/vscode-extension/main-repo/javavscode/netbeans/nbbuild/netbeans/platform/lib/org-openide-util-lookup.jar:/Users/atalati/vscode-extension/main-repo/javavscode/netbeans/nbbuild/netbeans/platform/modules/org-netbeans-api-progress.jar:/Users/atalati/vscode-extension/main-repo/javavscode/netbeans/nbbuild/netbeans/platform/lib/org-openide-modules.jar:/Users/atalati/vscode-extension/main-repo/javavscode/netbeans/nbbuild/netbeans/platform/lib/org-openide-util-ui.jar:/Users/atalati/vscode-extension/main-repo/javavscode/netbeans/nbbuild/netbeans/ide/modules/org-netbeans-libs-lucene.jar:/Users/atalati/vscode-extension/main-repo/javavscode/netbeans/ide/libs.lucene/external/lucene-core-3.6.2.jar:/Users/atalati/vscode-extension/main-repo/javavscode/netbeans/nbbuild/netbeans/ide/modules/ext/lucene-core-3.6.2.jar:/Users/atalati/vscode-extension/main-repo/javavscode/netbeans/nbbuild/netbeans/ide/modules/org-netbeans-modules-editor-document.jar:/Users/atalati/vscode-extension/main-repo/javavscode/netbeans/nbbuild/netbeans/platform/modules/org-netbeans-modules-editor-mimelookup.jar:/Users/atalati/vscode-extension/main-repo/javavscode/netbeans/nbbuild/netbeans/ide/modules/org-netbeans-modules-editor-util.jar:/Users/atalati/vscode-extension/main-repo/javavscode/netbeans/nbbuild/netbeans/ide/modules/org-netbeans-modules-parsing-api.jar:/Users/atalati/vscode-extension/main-repo/javavscode/netbeans/nbbuild/netbeans/ide/modules/org-netbeans-modules-lexer.jar:/Users/atalati/vscode-extension/main-repo/javavscode/netbeans/nbbuild/netbeans/ide/modules/org-netbeans-modules-parsing-lucene.jar:/Users/atalati/vscode-extension/main-repo/javavscode/netbeans/nbbuild/netbeans/platform/modules/org-netbeans-modules-masterfs.jar:/Users/atalati/vscode-extension/main-repo/javavscode/netbeans/nbbuild/netbeans/platform/modules/org-netbeans-modules-queries.jar:/Users/atalati/vscode-extension/main-repo/javavscode/netbeans/nbbuild/netbeans/ide/modules/org-netbeans-modules-projectapi.jar:/Users/atalati/vscode-extension/main-repo/javavscode/netbeans/nbbuild/netbeans/ide/modules/org-netbeans-modules-project-indexingbridge.jar:/Users/atalati/vscode-extension/main-repo/javavscode/netbeans/nbbuild/netbeans/ide/modules/org-netbeans-modules-projectuiapi-base.jar:/Users/atalati/vscode-extension/main-repo/javavscode/netbeans/nbbuild/netbeans/platform/modules/org-openide-explorer.jar:/Users/atalati/vscode-extension/main-repo/javavscode/netbeans/nbbuild/netbeans/platform/modules/org-netbeans-swing-outline.jar:/Users/atalati/vscode-extension/main-repo/javavscode/netbeans/nbbuild/netbeans/platform/modules/org-netbeans-swing-tabcontrol.jar:/Users/atalati/vscode-extension/main-repo/javavscode/netbeans/nbbuild/netbeans/platform/modules/org-openide-awt.jar:/Users/atalati/vscode-extension/main-repo/javavscode/netbeans/nbbuild/netbeans/platform/modules/org-openide-windows.jar:/Users/atalati/vscode-extension/main-repo/javavscode/netbeans/nbbuild/netbeans/platform/modules/org-openide-nodes.jar:/Users/atalati/vscode-extension/main-repo/javavscode/netbeans/nbbuild/netbeans/platform/modules/org-openide-dialogs.jar:/Users/atalati/vscode-extension/main-repo/javavscode/netbeans/nbbuild/netbeans/platform/modules/org-netbeans-api-progress-nb.jar:/Users/atalati/vscode-extension/main-repo/javavscode/netbeans/nbbuild/netbeans/ide/modules/org-netbeans-spi-tasklist.jar:/Users/atalati/vscode-extension/main-repo/javavscode/netbeans/nbbuild/netbeans/ide/modules/org-netbeans-modules-parsing-lucene.jar:/Users/atalati/vscode-extension/main-repo/javavscode/netbeans/nbbuild/netbeans/platform/modules/org-netbeans-api-annotations-common.jar:/Users/atalati/vscode-extension/main-repo/javavscode/netbeans/nbbuild/netbeans/ide/modules/org-netbeans-libs-lucene.jar:/Users/atalati/vscode-extension/main-repo/javavscode/netbeans/ide/libs.lucene/external/lucene-core-3.6.2.jar:/Users/atalati/vscode-extension/main-repo/javavscode/netbeans/nbbuild/netbeans/ide/modules/ext/lucene-core-3.6.2.jar:/Users/atalati/vscode-extension/main-repo/javavscode/netbeans/nbbuild/netbeans/platform/modules/org-netbeans-modules-masterfs.jar:/Users/atalati/vscode-extension/main-repo/javavscode/netbeans/nbbuild/netbeans/platform/modules/org-netbeans-modules-queries.jar:/Users/atalati/vscode-extension/main-repo/javavscode/netbeans/nbbuild/netbeans/platform/core/org-openide-filesystems.jar:/Users/atalati/vscode-extension/main-repo/javavscode/netbeans/nbbuild/netbeans/platform/lib/org-openide-util.jar:/Users/atalati/vscode-extension/main-repo/javavscode/netbeans/nbbuild/netbeans/platform/lib/org-openide-util-lookup.jar:/Users/atalati/vscode-extension/main-repo/javavscode/netbeans/nbbuild/netbeans/platform/lib/org-openide-modules.jar:/Users/atalati/vscode-extension/main-repo/javavscode/netbeans/nbbuild/netbeans/platform/lib/org-openide-util-ui.jar:/Users/atalati/vscode-extension/main-repo/javavscode/netbeans/nbbuild/netbeans/ide/modules/org-netbeans-modules-projectapi.jar:/Users/atalati/vscode-extension/main-repo/javavscode/netbeans/nbbuild/netbeans/platform/modules/org-netbeans-api-annotations-common.jar:/Users/atalati/vscode-extension/main-repo/javavscode/netbeans/nbbuild/netbeans/platform/modules/org-netbeans-modules-queries.jar:/Users/atalati/vscode-extension/main-repo/javavscode/netbeans/nbbuild/netbeans/platform/core/org-openide-filesystems.jar:/Users/atalati/vscode-extension/main-repo/javavscode/netbeans/nbbuild/netbeans/platform/lib/org-openide-util.jar:/Users/atalati/vscode-extension/main-repo/javavscode/netbeans/nbbuild/netbeans/platform/lib/org-openide-util-lookup.jar:/Users/atalati/vscode-extension/main-repo/javavscode/netbeans/nbbuild/netbeans/platform/lib/org-openide-modules.jar:/Users/atalati/vscode-extension/main-repo/javavscode/netbeans/nbbuild/netbeans/platform/lib/org-openide-util-ui.jar:/Users/atalati/vscode-extension/main-repo/javavscode/netbeans/nbbuild/netbeans/ide/modules/org-netbeans-modules-projectuiapi.jar:/Users/atalati/vscode-extension/main-repo/javavscode/netbeans/nbbuild/netbeans/platform/modules/org-netbeans-api-annotations-common.jar:/Users/atalati/vscode-extension/main-repo/javavscode/netbeans/nbbuild/netbeans/platform/modules/org-netbeans-api-progress.jar:/Users/atalati/vscode-extension/main-repo/javavscode/netbeans/nbbuild/netbeans/platform/lib/org-openide-modules.jar:/Users/atalati/vscode-extension/main-repo/javavscode/netbeans/nbbuild/netbeans/platform/lib/org-openide-util-ui.jar:/Users/atalati/vscode-extension/main-repo/javavscode/netbeans/nbbuild/netbeans/platform/lib/org-openide-util.jar:/Users/atalati/vscode-extension/main-repo/javavscode/netbeans/nbbuild/netbeans/platform/lib/org-openide-util-lookup.jar:/Users/atalati/vscode-extension/main-repo/javavscode/netbeans/nbbuild/netbeans/platform/modules/org-netbeans-api-progress-nb.jar:/Users/atalati/vscode-extension/main-repo/javavscode/netbeans/nbbuild/netbeans/platform/modules/org-openide-awt.jar:/Users/atalati/vscode-extension/main-repo/javavscode/netbeans/nbbuild/netbeans/platform/core/org-openide-filesystems.jar:/Users/atalati/vscode-extension/main-repo/javavscode/netbeans/nbbuild/netbeans/platform/modules/org-netbeans-api-templates.jar:/Users/atalati/vscode-extension/main-repo/javavscode/netbeans/nbbuild/netbeans/platform/modules/org-netbeans-api-scripting.jar:/Users/atalati/vscode-extension/main-repo/javavscode/netbeans/nbbuild/netbeans/platform/modules/org-netbeans-modules-queries.jar:/Users/atalati/vscode-extension/main-repo/javavscode/netbeans/nbbuild/netbeans/ide/modules/org-netbeans-modules-projectapi.jar:/Users/atalati/vscode-extension/main-repo/javavscode/netbeans/nbbuild/netbeans/ide/modules/org-netbeans-modules-projectuiapi-base.jar:/Users/atalati/vscode-extension/main-repo/javavscode/netbeans/nbbuild/netbeans/platform/modules/org-openide-explorer.jar:/Users/atalati/vscode-extension/main-repo/javavscode/netbeans/nbbuild/netbeans/platform/modules/org-netbeans-swing-outline.jar:/Users/atalati/vscode-extension/main-repo/javavscode/netbeans/nbbuild/netbeans/platform/modules/org-netbeans-swing-tabcontrol.jar:/Users/atalati/vscode-extension/main-repo/javavscode/netbeans/nbbuild/netbeans/platform/modules/org-openide-windows.jar:/Users/atalati/vscode-extension/main-repo/javavscode/netbeans/nbbuild/netbeans/platform/modules/org-openide-nodes.jar:/Users/atalati/vscode-extension/main-repo/javavscode/netbeans/nbbuild/netbeans/platform/modules/org-openide-dialogs.jar:/Users/atalati/vscode-extension/main-repo/javavscode/netbeans/nbbuild/netbeans/platform/modules/org-openide-filesystems-nb.jar:/Users/atalati/vscode-extension/main-repo/javavscode/netbeans/nbbuild/netbeans/platform/modules/org-openide-loaders.jar:/Users/atalati/vscode-extension/main-repo/javavscode/netbeans/nbbuild/netbeans/platform/modules/org-netbeans-modules-editor-mimelookup.jar:/Users/atalati/vscode-extension/main-repo/javavscode/netbeans/nbbuild/netbeans/platform/modules/org-openide-actions.jar:/Users/atalati/vscode-extension/main-repo/javavscode/netbeans/nbbuild/netbeans/platform/modules/org-openide-text.jar:/Users/atalati/vscode-extension/main-repo/javavscode/netbeans/nbbuild/netbeans/ide/modules/org-netbeans-modules-projectuiapi-base.jar:/Users/atalati/vscode-extension/main-repo/javavscode/netbeans/nbbuild/netbeans/platform/modules/org-netbeans-api-annotations-common.jar:/Users/atalati/vscode-extension/main-repo/javavscode/netbeans/nbbuild/netbeans/ide/modules/org-netbeans-modules-projectapi.jar:/Users/atalati/vscode-extension/main-repo/javavscode/netbeans/nbbuild/netbeans/platform/modules/org-netbeans-modules-queries.jar:/Users/atalati/vscode-extension/main-repo/javavscode/netbeans/nbbuild/netbeans/platform/core/org-openide-filesystems.jar:/Users/atalati/vscode-extension/main-repo/javavscode/netbeans/nbbuild/netbeans/platform/lib/org-openide-util.jar:/Users/atalati/vscode-extension/main-repo/javavscode/netbeans/nbbuild/netbeans/platform/lib/org-openide-util-lookup.jar:/Users/atalati/vscode-extension/main-repo/javavscode/netbeans/nbbuild/netbeans/platform/lib/org-openide-modules.jar:/Users/atalati/vscode-extension/main-repo/javavscode/netbeans/nbbuild/netbeans/platform/lib/org-openide-util-ui.jar:/Users/atalati/vscode-extension/main-repo/javavscode/netbeans/nbbuild/netbeans/platform/modules/org-openide-explorer.jar:/Users/atalati/vscode-extension/main-repo/javavscode/netbeans/nbbuild/netbeans/platform/modules/org-netbeans-swing-outline.jar:/Users/atalati/vscode-extension/main-repo/javavscode/netbeans/nbbuild/netbeans/platform/modules/org-netbeans-swing-tabcontrol.jar:/Users/atalati/vscode-extension/main-repo/javavscode/netbeans/nbbuild/netbeans/platform/modules/org-openide-awt.jar:/Users/atalati/vscode-extension/main-repo/javavscode/netbeans/nbbuild/netbeans/platform/modules/org-openide-windows.jar:/Users/atalati/vscode-extension/main-repo/javavscode/netbeans/nbbuild/netbeans/platform/modules/org-openide-nodes.jar:/Users/atalati/vscode-extension/main-repo/javavscode/netbeans/nbbuild/netbeans/platform/modules/org-openide-dialogs.jar:/Users/atalati/vscode-extension/main-repo/javavscode/netbeans/nbbuild/netbeans/platform/modules/org-netbeans-api-progress.jar:/Users/atalati/vscode-extension/main-repo/javavscode/netbeans/nbbuild/netbeans/platform/modules/org-netbeans-api-progress-nb.jar:/Users/atalati/vscode-extension/main-repo/javavscode/netbeans/nbbuild/netbeans/platform/modules/org-netbeans-modules-queries.jar:/Users/atalati/vscode-extension/main-repo/javavscode/netbeans/nbbuild/netbeans/platform/core/org-openide-filesystems.jar:/Users/atalati/vscode-extension/main-repo/javavscode/netbeans/nbbuild/netbeans/platform/lib/org-openide-util.jar:/Users/atalati/vscode-extension/main-repo/javavscode/netbeans/nbbuild/netbeans/platform/lib/org-openide-util-lookup.jar:/Users/atalati/vscode-extension/main-repo/javavscode/netbeans/nbbuild/netbeans/ide/modules/org-netbeans-modules-refactoring-api.jar:/Users/atalati/vscode-extension/main-repo/javavscode/netbeans/nbbuild/netbeans/platform/modules/org-netbeans-api-annotations-common.jar:/Users/atalati/vscode-extension/main-repo/javavscode/netbeans/nbbuild/netbeans/platform/modules/org-netbeans-api-progress.jar:/Users/atalati/vscode-extension/main-repo/javavscode/netbeans/nbbuild/netbeans/platform/lib/org-openide-modules.jar:/Users/atalati/vscode-extension/main-repo/javavscode/netbeans/nbbuild/netbeans/platform/lib/org-openide-util-ui.jar:/Users/atalati/vscode-extension/main-repo/javavscode/netbeans/nbbuild/netbeans/platform/lib/org-openide-util.jar:/Users/atalati/vscode-extension/main-repo/javavscode/netbeans/nbbuild/netbeans/platform/lib/org-openide-util-lookup.jar:/Users/atalati/vscode-extension/main-repo/javavscode/netbeans/nbbuild/netbeans/platform/modules/org-netbeans-api-progress-nb.jar:/Users/atalati/vscode-extension/main-repo/javavscode/netbeans/nbbuild/netbeans/platform/modules/org-openide-awt.jar:/Users/atalati/vscode-extension/main-repo/javavscode/netbeans/nbbuild/netbeans/platform/core/org-openide-filesystems.jar:/Users/atalati/vscode-extension/main-repo/javavscode/netbeans/nbbuild/netbeans/ide/modules/org-netbeans-modules-diff.jar:/Users/atalati/vscode-extension/main-repo/javavscode/netbeans/nbbuild/netbeans/ide/modules/org-netbeans-modules-editor-errorstripe.jar:/Users/atalati/vscode-extension/main-repo/javavscode/netbeans/nbbuild/netbeans/ide/modules/org-netbeans-modules-editor-document.jar:/Users/atalati/vscode-extension/main-repo/javavscode/netbeans/nbbuild/netbeans/platform/modules/org-netbeans-modules-editor-mimelookup.jar:/Users/atalati/vscode-extension/main-repo/javavscode/netbeans/nbbuild/netbeans/ide/modules/org-netbeans-modules-editor-util.jar:/Users/atalati/vscode-extension/main-repo/javavscode/netbeans/nbbuild/netbeans/ide/modules/org-netbeans-modules-editor-errorstripe-api.jar:/Users/atalati/vscode-extension/main-repo/javavscode/netbeans/nbbuild/netbeans/ide/modules/org-netbeans-modules-editor-fold.jar:/Users/atalati/vscode-extension/main-repo/javavscode/netbeans/nbbuild/netbeans/ide/modules/org-netbeans-modules-editor-settings.jar:/Users/atalati/vscode-extension/main-repo/javavscode/netbeans/nbbuild/netbeans/ide/modules/org-netbeans-modules-lexer.jar:/Users/atalati/vscode-extension/main-repo/javavscode/netbeans/nbbuild/netbeans/ide/modules/org-netbeans-modules-editor-settings-lib.jar:/Users/atalati/vscode-extension/main-repo/javavscode/netbeans/nbbuild/netbeans/ide/modules/org-netbeans-modules-editor-lib.jar:/Users/atalati/vscode-extension/main-repo/javavscode/netbeans/nbbuild/netbeans/ide/modules/org-netbeans-modules-editor-guards.jar:/Users/atalati/vscode-extension/main-repo/javavscode/netbeans/nbbuild/netbeans/ide/modules/org-netbeans-modules-editor-indent.jar:/Users/atalati/vscode-extension/main-repo/javavscode/netbeans/nbbuild/netbeans/ide/modules/org-netbeans-modules-editor-lib2.jar:/Users/atalati/vscode-extension/main-repo/javavscode/netbeans/nbbuild/netbeans/platform/modules/org-openide-dialogs.jar:/Users/atalati/vscode-extension/main-repo/javavscode/netbeans/nbbuild/netbeans/platform/modules/org-openide-loaders.jar:/Users/atalati/vscode-extension/main-repo/javavscode/netbeans/nbbuild/netbeans/platform/modules/org-netbeans-api-scripting.jar:/Users/atalati/vscode-extension/main-repo/javavscode/netbeans/nbbuild/netbeans/platform/modules/org-netbeans-api-templates.jar:/Users/atalati/vscode-extension/main-repo/javavscode/netbeans/nbbuild/netbeans/platform/modules/org-netbeans-modules-queries.jar:/Users/atalati/vscode-extension/main-repo/javavscode/netbeans/nbbuild/netbeans/platform/modules/org-openide-actions.jar:/Users/atalati/vscode-extension/main-repo/javavscode/netbeans/nbbuild/netbeans/platform/modules/org-openide-explorer.jar:/Users/atalati/vscode-extension/main-repo/javavscode/netbeans/nbbuild/netbeans/platform/modules/org-netbeans-swing-outline.jar:/Users/atalati/vscode-extension/main-repo/javavscode/netbeans/nbbuild/netbeans/platform/modules/org-netbeans-swing-tabcontrol.jar:/Users/atalati/vscode-extension/main-repo/javavscode/netbeans/nbbuild/netbeans/platform/modules/org-openide-windows.jar:/Users/atalati/vscode-extension/main-repo/javavscode/netbeans/nbbuild/netbeans/platform/modules/org-openide-nodes.jar:/Users/atalati/vscode-extension/main-repo/javavscode/netbeans/nbbuild/netbeans/platform/modules/org-openide-text.jar:/Users/atalati/vscode-extension/main-repo/javavscode/netbeans/nbbuild/netbeans/platform/modules/org-openide-filesystems-nb.jar:/Users/atalati/vscode-extension/main-repo/javavscode/netbeans/nbbuild/netbeans/platform/modules/org-netbeans-modules-options-api.jar:/Users/atalati/vscode-extension/main-repo/javavscode/netbeans/nbbuild/netbeans/platform/modules/org-netbeans-core.jar:/Users/atalati/vscode-extension/main-repo/javavscode/netbeans/nbbuild/netbeans/platform/lib/boot.jar:/Users/atalati/vscode-extension/main-repo/javavscode/netbeans/nbbuild/netbeans/platform/core/core.jar:/Users/atalati/vscode-extension/main-repo/javavscode/netbeans/nbbuild/netbeans/platform/core/org-netbeans-libs-asm.jar:/Users/atalati/vscode-extension/main-repo/javavscode/netbeans/platform/libs.asm/external/asm-9.6.jar:/Users/atalati/vscode-extension/main-repo/javavscode/netbeans/nbbuild/netbeans/platform/core/asm-9.6.jar:/Users/atalati/vscode-extension/main-repo/javavscode/netbeans/platform/libs.asm/external/asm-tree-9.6.jar:/Users/atalati/vscode-extension/main-repo/javavscode/netbeans/nbbuild/netbeans/platform/core/asm-tree-9.6.jar:/Users/atalati/vscode-extension/main-repo/javavscode/netbeans/platform/libs.asm/external/asm-commons-9.6.jar:/Users/atalati/vscode-extension/main-repo/javavscode/netbeans/nbbuild/netbeans/platform/core/asm-commons-9.6.jar:/Users/atalati/vscode-extension/main-repo/javavscode/netbeans/nbbuild/netbeans/platform/core/core-base.jar:/Users/atalati/vscode-extension/main-repo/javavscode/netbeans/nbbuild/netbeans/platform/modules/org-netbeans-modules-keyring.jar:/Users/atalati/vscode-extension/main-repo/javavscode/netbeans/nbbuild/netbeans/platform/modules/org-netbeans-modules-sampler.jar:/Users/atalati/vscode-extension/main-repo/javavscode/netbeans/nbbuild/netbeans/platform/modules/org-netbeans-swing-plaf.jar:/Users/atalati/vscode-extension/main-repo/javavscode/netbeans/nbbuild/netbeans/platform/modules/org-openide-io.jar:/Users/atalati/vscode-extension/main-repo/javavscode/netbeans/nbbuild/netbeans/platform/modules/org-netbeans-api-intent.jar:/Users/atalati/vscode-extension/main-repo/javavscode/netbeans/nbbuild/netbeans/platform/modules/org-netbeans-api-io.jar:/Users/atalati/vscode-extension/main-repo/javavscode/netbeans/nbbuild/netbeans/platform/modules/org-netbeans-spi-quicksearch.jar:/Users/atalati/vscode-extension/main-repo/javavscode/netbeans/nbbuild/netbeans/ide/modules/org-netbeans-modules-options-editor.jar:/Users/atalati/vscode-extension/main-repo/javavscode/netbeans/nbbuild/netbeans/ide/modules/org-netbeans-modules-editor.jar:/Users/atalati/vscode-extension/main-repo/javavscode/netbeans/nbbuild/netbeans/ide/modules/org-netbeans-api-lsp.jar:/Users/atalati/vscode-extension/main-repo/javavscode/netbeans/nbbuild/netbeans/ide/modules/org-netbeans-modules-editor-fold-nbui.jar:/Users/atalati/vscode-extension/main-repo/javavscode/netbeans/nbbuild/netbeans/ide/modules/org-netbeans-modules-editor-settings-storage.jar:/Users/atalati/vscode-extension/main-repo/javavscode/netbeans/nbbuild/netbeans/platform/modules/org-netbeans-modules-options-keymap.jar:/Users/atalati/vscode-extension/main-repo/javavscode/netbeans/nbbuild/netbeans/ide/modules/org-netbeans-modules-projectapi.jar:/Users/atalati/vscode-extension/main-repo/javavscode/netbeans/nbbuild/netbeans/ide/modules/org-netbeans-modules-parsing-api.jar:/Users/atalati/vscode-extension/main-repo/javavscode/netbeans/nbbuild/netbeans/ide/modules/org-netbeans-api-java-classpath.jar:/Users/atalati/vscode-extension/main-repo/javavscode/netbeans/nbbuild/netbeans/ide/modules/org-netbeans-modules-parsing-lucene.jar:/Users/atalati/vscode-extension/main-repo/javavscode/netbeans/nbbuild/netbeans/ide/modules/org-netbeans-libs-lucene.jar:/Users/atalati/vscode-extension/main-repo/javavscode/netbeans/ide/libs.lucene/external/lucene-core-3.6.2.jar:/Users/atalati/vscode-extension/main-repo/javavscode/netbeans/nbbuild/netbeans/ide/modules/ext/lucene-core-3.6.2.jar:/Users/atalati/vscode-extension/main-repo/javavscode/netbeans/nbbuild/netbeans/platform/modules/org-netbeans-modules-masterfs.jar:/Users/atalati/vscode-extension/main-repo/javavscode/netbeans/nbbuild/netbeans/ide/modules/org-netbeans-modules-parsing-indexing.jar:/Users/atalati/vscode-extension/main-repo/javavscode/netbeans/nbbuild/netbeans/ide/modules/org-netbeans-modules-project-indexingbridge.jar:/Users/atalati/vscode-extension/main-repo/javavscode/netbeans/nbbuild/netbeans/ide/modules/org-netbeans-modules-projectuiapi-base.jar:/Users/atalati/vscode-extension/main-repo/javavscode/netbeans/nbbuild/netbeans/ide/modules/org-netbeans-spi-tasklist.jar:/Users/atalati/vscode-extension/main-repo/javavscode/netbeans/nbbuild/netbeans/java/modules/org-netbeans-modules-refactoring-java.jar:/Users/atalati/vscode-extension/main-repo/javavscode/netbeans/nbbuild/netbeans/platform/modules/org-netbeans-api-annotations-common.jar:/Users/atalati/vscode-extension/main-repo/javavscode/netbeans/nbbuild/netbeans/java/modules/org-netbeans-api-java.jar:/Users/atalati/vscode-extension/main-repo/javavscode/netbeans/nbbuild/netbeans/ide/modules/org-netbeans-api-java-classpath.jar:/Users/atalati/vscode-extension/main-repo/javavscode/netbeans/nbbuild/netbeans/platform/core/org-openide-filesystems.jar:/Users/atalati/vscode-extension/main-repo/javavscode/netbeans/nbbuild/netbeans/platform/lib/org-openide-util.jar:/Users/atalati/vscode-extension/main-repo/javavscode/netbeans/nbbuild/netbeans/platform/lib/org-openide-util-lookup.jar:/Users/atalati/vscode-extension/main-repo/javavscode/netbeans/nbbuild/netbeans/platform/lib/org-openide-modules.jar:/Users/atalati/vscode-extension/main-repo/javavscode/netbeans/nbbuild/netbeans/platform/lib/org-openide-util-ui.jar:/Users/atalati/vscode-extension/main-repo/javavscode/netbeans/nbbuild/netbeans/ide/modules/org-netbeans-api-lsp.jar:/Users/atalati/vscode-extension/main-repo/javavscode/netbeans/nbbuild/netbeans/platform/modules/org-netbeans-modules-editor-mimelookup.jar:/Users/atalati/vscode-extension/main-repo/javavscode/netbeans/nbbuild/netbeans/ide/modules/org-netbeans-modules-editor-util.jar:/Users/atalati/vscode-extension/main-repo/javavscode/netbeans/nbbuild/netbeans/platform/modules/org-netbeans-api-progress.jar:/Users/atalati/vscode-extension/main-repo/javavscode/netbeans/nbbuild/netbeans/platform/modules/org-netbeans-api-progress-nb.jar:/Users/atalati/vscode-extension/main-repo/javavscode/netbeans/nbbuild/netbeans/platform/modules/org-openide-awt.jar:/Users/atalati/vscode-extension/main-repo/javavscode/netbeans/nbbuild/netbeans/java/modules/org-netbeans-libs-javacapi.jar:/Users/atalati/vscode-extension/main-repo/javavscode/netbeans/java/libs.javacapi/external/nb-javac-jdk-22+33-api.jar:/Users/atalati/vscode-extension/main-repo/javavscode/netbeans/java/libs.javacapi/external/nb-javac-jdk-22+33.jar:/Users/atalati/vscode-extension/main-repo/javavscode/netbeans/nbbuild/netbeans/ide/modules/org-netbeans-modules-editor-document.jar:/Users/atalati/vscode-extension/main-repo/javavscode/netbeans/nbbuild/netbeans/ide/modules/org-netbeans-modules-editor-lib.jar:/Users/atalati/vscode-extension/main-repo/javavscode/netbeans/nbbuild/netbeans/ide/modules/org-netbeans-modules-editor-fold.jar:/Users/atalati/vscode-extension/main-repo/javavscode/netbeans/nbbuild/netbeans/ide/modules/org-netbeans-modules-editor-settings.jar:/Users/atalati/vscode-extension/main-repo/javavscode/netbeans/nbbuild/netbeans/ide/modules/org-netbeans-modules-lexer.jar:/Users/atalati/vscode-extension/main-repo/javavscode/netbeans/nbbuild/netbeans/ide/modules/org-netbeans-modules-editor-settings-lib.jar:/Users/atalati/vscode-extension/main-repo/javavscode/netbeans/nbbuild/netbeans/ide/modules/org-netbeans-modules-editor-guards.jar:/Users/atalati/vscode-extension/main-repo/javavscode/netbeans/nbbuild/netbeans/ide/modules/org-netbeans-modules-editor-indent.jar:/Users/atalati/vscode-extension/main-repo/javavscode/netbeans/nbbuild/netbeans/ide/modules/org-netbeans-modules-editor-lib2.jar:/Users/atalati/vscode-extension/main-repo/javavscode/netbeans/nbbuild/netbeans/platform/modules/org-openide-dialogs.jar:/Users/atalati/vscode-extension/main-repo/javavscode/netbeans/nbbuild/netbeans/ide/modules/org-netbeans-modules-gototest.jar:/Users/atalati/vscode-extension/main-repo/javavscode/netbeans/nbbuild/netbeans/ide/modules/org-netbeans-modules-gsf-testrunner.jar:/Users/atalati/vscode-extension/main-repo/javavscode/netbeans/nbbuild/netbeans/ide/modules/org-netbeans-modules-extexecution.jar:/Users/atalati/vscode-extension/main-repo/javavscode/netbeans/nbbuild/netbeans/ide/modules/org-netbeans-modules-extexecution-base.jar:/Users/atalati/vscode-extension/main-repo/javavscode/netbeans/nbbuild/netbeans/platform/modules/org-openide-io.jar:/Users/atalati/vscode-extension/main-repo/javavscode/netbeans/nbbuild/netbeans/platform/modules/org-netbeans-api-intent.jar:/Users/atalati/vscode-extension/main-repo/javavscode/netbeans/nbbuild/netbeans/platform/modules/org-netbeans-api-io.jar:/Users/atalati/vscode-extension/main-repo/javavscode/netbeans/nbbuild/netbeans/ide/modules/org-netbeans-modules-projectapi.jar:/Users/atalati/vscode-extension/main-repo/javavscode/netbeans/nbbuild/netbeans/platform/modules/org-netbeans-modules-queries.jar:/Users/atalati/vscode-extension/main-repo/javavscode/netbeans/nbbuild/netbeans/ide/modules/org-netbeans-modules-gsf-testrunner-ui.jar:/Users/atalati/vscode-extension/main-repo/javavscode/netbeans/nbbuild/netbeans/ide/modules/org-netbeans-modules-diff.jar:/Users/atalati/vscode-extension/main-repo/javavscode/netbeans/nbbuild/netbeans/ide/modules/org-netbeans-modules-editor-errorstripe.jar:/Users/atalati/vscode-extension/main-repo/javavscode/netbeans/nbbuild/netbeans/ide/modules/org-netbeans-modules-editor-errorstripe-api.jar:/Users/atalati/vscode-extension/main-repo/javavscode/netbeans/nbbuild/netbeans/platform/modules/org-openide-loaders.jar:/Users/atalati/vscode-extension/main-repo/javavscode/netbeans/nbbuild/netbeans/platform/modules/org-netbeans-api-scripting.jar:/Users/atalati/vscode-extension/main-repo/javavscode/netbeans/nbbuild/netbeans/platform/modules/org-netbeans-api-templates.jar:/Users/atalati/vscode-extension/main-repo/javavscode/netbeans/nbbuild/netbeans/platform/modules/org-openide-actions.jar:/Users/atalati/vscode-extension/main-repo/javavscode/netbeans/nbbuild/netbeans/platform/modules/org-openide-explorer.jar:/Users/atalati/vscode-extension/main-repo/javavscode/netbeans/nbbuild/netbeans/platform/modules/org-netbeans-swing-outline.jar:/Users/atalati/vscode-extension/main-repo/javavscode/netbeans/nbbuild/netbeans/platform/modules/org-netbeans-swing-tabcontrol.jar:/Users/atalati/vscode-extension/main-repo/javavscode/netbeans/nbbuild/netbeans/platform/modules/org-openide-windows.jar:/Users/atalati/vscode-extension/main-repo/javavscode/netbeans/nbbuild/netbeans/platform/modules/org-openide-nodes.jar:/Users/atalati/vscode-extension/main-repo/javavscode/netbeans/nbbuild/netbeans/platform/modules/org-openide-text.jar:/Users/atalati/vscode-extension/main-repo/javavscode/netbeans/nbbuild/netbeans/platform/modules/org-openide-filesystems-nb.jar:/Users/atalati/vscode-extension/main-repo/javavscode/netbeans/nbbuild/netbeans/platform/modules/org-netbeans-modules-options-api.jar:/Users/atalati/vscode-extension/main-repo/javavscode/netbeans/nbbuild/netbeans/platform/modules/org-netbeans-core.jar:/Users/atalati/vscode-extension/main-repo/javavscode/netbeans/nbbuild/netbeans/platform/lib/boot.jar:/Users/atalati/vscode-extension/main-repo/javavscode/netbeans/nbbuild/netbeans/platform/core/core.jar:/Users/atalati/vscode-extension/main-repo/javavscode/netbeans/nbbuild/netbeans/platform/core/org-netbeans-libs-asm.jar:/Users/atalati/vscode-extension/main-repo/javavscode/netbeans/platform/libs.asm/external/asm-9.6.jar:/Users/atalati/vscode-extension/main-repo/javavscode/netbeans/nbbuild/netbeans/platform/core/asm-9.6.jar:/Users/atalati/vscode-extension/main-repo/javavscode/netbeans/platform/libs.asm/external/asm-tree-9.6.jar:/Users/atalati/vscode-extension/main-repo/javavscode/netbeans/nbbuild/netbeans/platform/core/asm-tree-9.6.jar:/Users/atalati/vscode-extension/main-repo/javavscode/netbeans/platform/libs.asm/external/asm-commons-9.6.jar:/Users/atalati/vscode-extension/main-repo/javavscode/netbeans/nbbuild/netbeans/platform/core/asm-commons-9.6.jar:/Users/atalati/vscode-extension/main-repo/javavscode/netbeans/nbbuild/netbeans/platform/core/core-base.jar:/Users/atalati/vscode-extension/main-repo/javavscode/netbeans/nbbuild/netbeans/platform/modules/org-netbeans-modules-keyring.jar:/Users/atalati/vscode-extension/main-repo/javavscode/netbeans/nbbuild/netbeans/platform/modules/org-netbeans-modules-sampler.jar:/Users/atalati/vscode-extension/main-repo/javavscode/netbeans/nbbuild/netbeans/platform/modules/org-netbeans-swing-plaf.jar:/Users/atalati/vscode-extension/main-repo/javavscode/netbeans/nbbuild/netbeans/platform/modules/org-netbeans-spi-quicksearch.jar:/Users/atalati/vscode-extension/main-repo/javavscode/netbeans/nbbuild/netbeans/ide/modules/org-netbeans-modules-options-editor.jar:/Users/atalati/vscode-extension/main-repo/javavscode/netbeans/nbbuild/netbeans/ide/modules/org-netbeans-modules-editor.jar:/Users/atalati/vscode-extension/main-repo/javavscode/netbeans/nbbuild/netbeans/ide/modules/org-netbeans-modules-editor-fold-nbui.jar:/Users/atalati/vscode-extension/main-repo/javavscode/netbeans/nbbuild/netbeans/ide/modules/org-netbeans-modules-editor-settings-storage.jar:/Users/atalati/vscode-extension/main-repo/javavscode/netbeans/nbbuild/netbeans/platform/modules/org-netbeans-modules-options-keymap.jar:/Users/atalati/vscode-extension/main-repo/javavscode/netbeans/nbbuild/netbeans/ide/modules/org-netbeans-modules-parsing-api.jar:/Users/atalati/vscode-extension/main-repo/javavscode/netbeans/nbbuild/netbeans/ide/modules/org-netbeans-modules-parsing-lucene.jar:/Users/atalati/vscode-extension/main-repo/javavscode/netbeans/nbbuild/netbeans/ide/modules/org-netbeans-libs-lucene.jar:/Users/atalati/vscode-extension/main-repo/javavscode/netbeans/ide/libs.lucene/external/lucene-core-3.6.2.jar:/Users/atalati/vscode-extension/main-repo/javavscode/netbeans/nbbuild/netbeans/ide/modules/ext/lucene-core-3.6.2.jar:/Users/atalati/vscode-extension/main-repo/javavscode/netbeans/nbbuild/netbeans/platform/modules/org-netbeans-modules-masterfs.jar:/Users/atalati/vscode-extension/main-repo/javavscode/netbeans/nbbuild/netbeans/ide/modules/org-netbeans-modules-parsing-indexing.jar:/Users/atalati/vscode-extension/main-repo/javavscode/netbeans/nbbuild/netbeans/ide/modules/org-netbeans-modules-project-indexingbridge.jar:/Users/atalati/vscode-extension/main-repo/javavscode/netbeans/nbbuild/netbeans/ide/modules/org-netbeans-modules-projectuiapi-base.jar:/Users/atalati/vscode-extension/main-repo/javavscode/netbeans/nbbuild/netbeans/ide/modules/org-netbeans-spi-tasklist.jar:/Users/atalati/vscode-extension/main-repo/javavscode/netbeans/nbbuild/netbeans/java/modules/org-netbeans-modules-java-file-launcher.jar:/Users/atalati/vscode-extension/main-repo/javavscode/netbeans/nbbuild/netbeans/java/modules/org-netbeans-api-debugger-jpda.jar:/Users/atalati/vscode-extension/main-repo/javavscode/netbeans/nbbuild/netbeans/ide/modules/org-netbeans-api-debugger.jar:/Users/atalati/vscode-extension/main-repo/javavscode/netbeans/nbbuild/netbeans/java/modules/org-netbeans-modules-java-lexer.jar:/Users/atalati/vscode-extension/main-repo/javavscode/netbeans/nbbuild/netbeans/java/modules/org-netbeans-modules-java-platform.jar:/Users/atalati/vscode-extension/main-repo/javavscode/netbeans/nbbuild/netbeans/java/modules/org-netbeans-modules-java-project-ui.jar:/Users/atalati/vscode-extension/main-repo/javavscode/netbeans/nbbuild/netbeans/extide/modules/org-apache-tools-ant-module.jar:/Users/atalati/vscode-extension/main-repo/javavscode/netbeans/nbbuild/netbeans/ide/modules/org-netbeans-api-xml.jar:/Users/atalati/vscode-extension/main-repo/javavscode/netbeans/nbbuild/netbeans/ide/modules/org-netbeans-api-xml-ui.jar:/Users/atalati/vscode-extension/main-repo/javavscode/netbeans/nbbuild/netbeans/platform/modules/org-netbeans-core-multiview.jar:/Users/atalati/vscode-extension/main-repo/javavscode/netbeans/nbbuild/netbeans/extide/modules/org-netbeans-modules-options-java.jar:/Users/atalati/vscode-extension/main-repo/javavscode/netbeans/nbbuild/netbeans/ide/modules/org-netbeans-modules-projectuiapi.jar:/Users/atalati/vscode-extension/main-repo/javavscode/netbeans/nbbuild/netbeans/ide/modules/org-netbeans-spi-navigator.jar:/Users/atalati/vscode-extension/main-repo/javavscode/netbeans/nbbuild/netbeans/platform/modules/org-openide-execution.jar:/Users/atalati/vscode-extension/main-repo/javavscode/netbeans/nbbuild/netbeans/platform/modules/org-netbeans-api-search.jar:/Users/atalati/vscode-extension/main-repo/javavscode/netbeans/nbbuild/netbeans/java/modules/org-netbeans-modules-classfile.jar:/Users/atalati/vscode-extension/main-repo/javavscode/netbeans/nbbuild/netbeans/java/modules/org-netbeans-modules-java-platform-ui.jar:/Users/atalati/vscode-extension/main-repo/javavscode/netbeans/nbbuild/netbeans/java/modules/org-netbeans-modules-java-project.jar:/Users/atalati/vscode-extension/main-repo/javavscode/netbeans/nbbuild/netbeans/java/modules/org-netbeans-modules-java-source-base.jar:/Users/atalati/vscode-extension/main-repo/javavscode/netbeans/nbbuild/netbeans/java/modules/org-netbeans-lib-nbjavac.jar:/Users/atalati/vscode-extension/main-repo/javavscode/netbeans/nbbuild/netbeans/java/modules/org-netbeans-modules-java-preprocessorbridge.jar:/Users/atalati/vscode-extension/main-repo/javavscode/netbeans/nbbuild/netbeans/ide/modules/org-netbeans-modules-refactoring-api.jar:/Users/atalati/vscode-extension/main-repo/javavscode/netbeans/nbbuild/netbeans/ide/modules/org-netbeans-modules-project-ant.jar:/Users/atalati/vscode-extension/main-repo/javavscode/netbeans/nbbuild/netbeans/ide/modules/org-netbeans-modules-project-libraries.jar:/Users/atalati/vscode-extension/main-repo/javavscode/netbeans/nbbuild/netbeans/ide/modules/org-netbeans-modules-project-spi-intern.jar:/Users/atalati/vscode-extension/main-repo/javavscode/netbeans/nbbuild/netbeans/ide/modules/org-netbeans-modules-xml-catalog.jar:/Users/atalati/vscode-extension/main-repo/javavscode/netbeans/nbbuild/netbeans/ide/modules/org-apache-xml-resolver.jar:/Users/atalati/vscode-extension/main-repo/javavscode/netbeans/ide/o.apache.xml.resolver/external/resolver-1.2.jar:/Users/atalati/vscode-extension/main-repo/javavscode/netbeans/nbbuild/netbeans/ide/modules/ext/resolver-1.2.jar:/Users/atalati/vscode-extension/main-repo/javavscode/netbeans/nbbuild/netbeans/java/modules/org-netbeans-modules-java-source.jar:/Users/atalati/vscode-extension/main-repo/javavscode/netbeans/nbbuild/netbeans/platform/modules/org-netbeans-modules-autoupdate-services.jar:/Users/atalati/vscode-extension/main-repo/javavscode/netbeans/nbbuild/netbeans/platform/modules/ext/updater.jar:/Users/atalati/vscode-extension/main-repo/javavscode/netbeans/nbbuild/netbeans/ide/modules/org-netbeans-modules-editor-indent-project.jar:/Users/atalati/vscode-extension/main-repo/javavscode/netbeans/nbbuild/netbeans/ide/modules/org-netbeans-modules-editor-indent-support.jar:/Users/atalati/vscode-extension/main-repo/javavscode/netbeans/nbbuild/netbeans/java/modules/org-netbeans-modules-java-sourceui.jar:/Users/atalati/vscode-extension/main-repo/javavscode/netbeans/nbbuild/netbeans/ide/modules/org-netbeans-modules-jumpto.jar:/Users/atalati/vscode-extension/main-repo/javavscode/netbeans/nbbuild/netbeans/platform/modules/org-netbeans-core-ui.jar:/Users/atalati/vscode-extension/main-repo/javavscode/netbeans/nbbuild/netbeans/ide/modules/org-netbeans-modules-project-ant-ui.jar:/Users/atalati/vscode-extension/main-repo/javavscode/netbeans/nbbuild/netbeans/ide/modules/org-netbeans-modules-project-libraries-ui.jar:/Users/atalati/vscode-extension/main-repo/javavscode/netbeans/nbbuild/netbeans/ide/modules/org-netbeans-spi-editor-hints.jar:/Users/atalati/vscode-extension/main-repo/javavscode/netbeans/nbbuild/netbeans/platform/modules/org-netbeans-modules-javahelp.jar:/Users/atalati/vscode-extension/main-repo/javavscode/netbeans/platform/javahelp/external/jhall-2.0_05.jar:/Users/atalati/vscode-extension/main-repo/javavscode/netbeans/nbbuild/netbeans/java/modules/org-netbeans-spi-java-hints.jar:/Users/atalati/vscode-extension/main-repo/javavscode/netbeans/nbbuild/netbeans/ide/modules/org-netbeans-modules-code-analysis.jar:/Users/atalati/vscode-extension/main-repo/javavscode/netbeans/nbbuild/netbeans/platform/modules/org-netbeans-modules-settings.jar:/Users/atalati/vscode-extension/main-repo/javavscode/netbeans/nbbuild/netbeans/platform/modules/org-netbeans-modules-sendopts.jar:/Users/atalati/vscode-extension/main-repo/javavscode/netbeans/nbbuild/netbeans/platform/lib/boot.jar:/Users/atalati/vscode-extension/main-repo/javavscode/netbeans/nbbuild/netbeans/platform/lib/org-openide-modules.jar:/Users/atalati/vscode-extension/main-repo/javavscode/netbeans/nbbuild/netbeans/platform/lib/org-openide-util-ui.jar:/Users/atalati/vscode-extension/main-repo/javavscode/netbeans/nbbuild/netbeans/platform/lib/org-openide-util.jar:/Users/atalati/vscode-extension/main-repo/javavscode/netbeans/nbbuild/netbeans/platform/lib/org-openide-util-lookup.jar:/Users/atalati/vscode-extension/main-repo/javavscode/netbeans/nbbuild/netbeans/platform/core/org-openide-filesystems.jar:/Users/atalati/vscode-extension/main-repo/javavscode/netbeans/nbbuild/netbeans/ide/modules/org-netbeans-spi-debugger-ui.jar:/Users/atalati/vscode-extension/main-repo/javavscode/netbeans/nbbuild/netbeans/platform/modules/org-netbeans-api-annotations-common.jar:/Users/atalati/vscode-extension/main-repo/javavscode/netbeans/nbbuild/netbeans/ide/modules/org-netbeans-api-debugger.jar:/Users/atalati/vscode-extension/main-repo/javavscode/netbeans/nbbuild/netbeans/ide/modules/org-netbeans-modules-projectapi.jar:/Users/atalati/vscode-extension/main-repo/javavscode/netbeans/nbbuild/netbeans/platform/modules/org-netbeans-modules-queries.jar:/Users/atalati/vscode-extension/main-repo/javavscode/netbeans/nbbuild/netbeans/platform/core/org-openide-filesystems.jar:/Users/atalati/vscode-extension/main-repo/javavscode/netbeans/nbbuild/netbeans/platform/lib/org-openide-util.jar:/Users/atalati/vscode-extension/main-repo/javavscode/netbeans/nbbuild/netbeans/platform/lib/org-openide-util-lookup.jar:/Users/atalati/vscode-extension/main-repo/javavscode/netbeans/nbbuild/netbeans/platform/lib/org-openide-modules.jar:/Users/atalati/vscode-extension/main-repo/javavscode/netbeans/nbbuild/netbeans/platform/lib/org-openide-util-ui.jar:/Users/atalati/vscode-extension/main-repo/javavscode/netbeans/nbbuild/netbeans/ide/modules/org-netbeans-modules-editor.jar:/Users/atalati/vscode-extension/main-repo/javavscode/netbeans/nbbuild/netbeans/ide/modules/org-netbeans-api-lsp.jar:/Users/atalati/vscode-extension/main-repo/javavscode/netbeans/nbbuild/netbeans/platform/modules/org-netbeans-modules-editor-mimelookup.jar:/Users/atalati/vscode-extension/main-repo/javavscode/netbeans/nbbuild/netbeans/ide/modules/org-netbeans-modules-editor-util.jar:/Users/atalati/vscode-extension/main-repo/javavscode/netbeans/nbbuild/netbeans/platform/modules/org-netbeans-api-progress.jar:/Users/atalati/vscode-extension/main-repo/javavscode/netbeans/nbbuild/netbeans/platform/modules/org-netbeans-api-progress-nb.jar:/Users/atalati/vscode-extension/main-repo/javavscode/netbeans/nbbuild/netbeans/platform/modules/org-openide-awt.jar:/Users/atalati/vscode-extension/main-repo/javavscode/netbeans/nbbuild/netbeans/ide/modules/org-netbeans-modules-editor-document.jar:/Users/atalati/vscode-extension/main-repo/javavscode/netbeans/nbbuild/netbeans/ide/modules/org-netbeans-modules-editor-fold.jar:/Users/atalati/vscode-extension/main-repo/javavscode/netbeans/nbbuild/netbeans/ide/modules/org-netbeans-modules-editor-settings.jar:/Users/atalati/vscode-extension/main-repo/javavscode/netbeans/nbbuild/netbeans/ide/modules/org-netbeans-modules-lexer.jar:/Users/atalati/vscode-extension/main-repo/javavscode/netbeans/nbbuild/netbeans/ide/modules/org-netbeans-modules-editor-settings-lib.jar:/Users/atalati/vscode-extension/main-repo/javavscode/netbeans/nbbuild/netbeans/ide/modules/org-netbeans-modules-editor-fold-nbui.jar:/Users/atalati/vscode-extension/main-repo/javavscode/netbeans/nbbuild/netbeans/ide/modules/org-netbeans-modules-editor-lib.jar:/Users/atalati/vscode-extension/main-repo/javavscode/netbeans/nbbuild/netbeans/ide/modules/org-netbeans-modules-editor-guards.jar:/Users/atalati/vscode-extension/main-repo/javavscode/netbeans/nbbuild/netbeans/ide/modules/org-netbeans-modules-editor-indent.jar:/Users/atalati/vscode-extension/main-repo/javavscode/netbeans/nbbuild/netbeans/ide/modules/org-netbeans-modules-editor-lib2.jar:/Users/atalati/vscode-extension/main-repo/javavscode/netbeans/nbbuild/netbeans/platform/modules/org-openide-dialogs.jar:/Users/atalati/vscode-extension/main-repo/javavscode/netbeans/nbbuild/netbeans/ide/modules/org-netbeans-modules-editor-settings-storage.jar:/Users/atalati/vscode-extension/main-repo/javavscode/netbeans/nbbuild/netbeans/platform/modules/org-openide-filesystems-nb.jar:/Users/atalati/vscode-extension/main-repo/javavscode/netbeans/nbbuild/netbeans/platform/modules/org-netbeans-modules-options-keymap.jar:/Users/atalati/vscode-extension/main-repo/javavscode/netbeans/nbbuild/netbeans/platform/modules/org-netbeans-modules-options-api.jar:/Users/atalati/vscode-extension/main-repo/javavscode/netbeans/nbbuild/netbeans/platform/modules/org-netbeans-core.jar:/Users/atalati/vscode-extension/main-repo/javavscode/netbeans/nbbuild/netbeans/platform/lib/boot.jar:/Users/atalati/vscode-extension/main-repo/javavscode/netbeans/nbbuild/netbeans/platform/core/core.jar:/Users/atalati/vscode-extension/main-repo/javavscode/netbeans/nbbuild/netbeans/platform/core/org-netbeans-libs-asm.jar:/Users/atalati/vscode-extension/main-repo/javavscode/netbeans/platform/libs.asm/external/asm-9.6.jar:/Users/atalati/vscode-extension/main-repo/javavscode/netbeans/nbbuild/netbeans/platform/core/asm-9.6.jar:/Users/atalati/vscode-extension/main-repo/javavscode/netbeans/platform/libs.asm/external/asm-tree-9.6.jar:/Users/atalati/vscode-extension/main-repo/javavscode/netbeans/nbbuild/netbeans/platform/core/asm-tree-9.6.jar:/Users/atalati/vscode-extension/main-repo/javavscode/netbeans/platform/libs.asm/external/asm-commons-9.6.jar:/Users/atalati/vscode-extension/main-repo/javavscode/netbeans/nbbuild/netbeans/platform/core/asm-commons-9.6.jar:/Users/atalati/vscode-extension/main-repo/javavscode/netbeans/nbbuild/netbeans/platform/core/core-base.jar:/Users/atalati/vscode-extension/main-repo/javavscode/netbeans/nbbuild/netbeans/platform/modules/org-netbeans-modules-keyring.jar:/Users/atalati/vscode-extension/main-repo/javavscode/netbeans/nbbuild/netbeans/platform/modules/org-netbeans-modules-sampler.jar:/Users/atalati/vscode-extension/main-repo/javavscode/netbeans/nbbuild/netbeans/platform/modules/org-netbeans-swing-plaf.jar:/Users/atalati/vscode-extension/main-repo/javavscode/netbeans/nbbuild/netbeans/platform/modules/org-openide-actions.jar:/Users/atalati/vscode-extension/main-repo/javavscode/netbeans/nbbuild/netbeans/platform/modules/org-openide-explorer.jar:/Users/atalati/vscode-extension/main-repo/javavscode/netbeans/nbbuild/netbeans/platform/modules/org-netbeans-swing-outline.jar:/Users/atalati/vscode-extension/main-repo/javavscode/netbeans/nbbuild/netbeans/platform/modules/org-netbeans-swing-tabcontrol.jar:/Users/atalati/vscode-extension/main-repo/javavscode/netbeans/nbbuild/netbeans/platform/modules/org-openide-windows.jar:/Users/atalati/vscode-extension/main-repo/javavscode/netbeans/nbbuild/netbeans/platform/modules/org-openide-nodes.jar:/Users/atalati/vscode-extension/main-repo/javavscode/netbeans/nbbuild/netbeans/platform/modules/org-openide-text.jar:/Users/atalati/vscode-extension/main-repo/javavscode/netbeans/nbbuild/netbeans/platform/modules/org-openide-io.jar:/Users/atalati/vscode-extension/main-repo/javavscode/netbeans/nbbuild/netbeans/platform/modules/org-netbeans-api-intent.jar:/Users/atalati/vscode-extension/main-repo/javavscode/netbeans/nbbuild/netbeans/platform/modules/org-netbeans-api-io.jar:/Users/atalati/vscode-extension/main-repo/javavscode/netbeans/nbbuild/netbeans/platform/modules/org-openide-loaders.jar:/Users/atalati/vscode-extension/main-repo/javavscode/netbeans/nbbuild/netbeans/platform/modules/org-netbeans-api-scripting.jar:/Users/atalati/vscode-extension/main-repo/javavscode/netbeans/nbbuild/netbeans/platform/modules/org-netbeans-api-templates.jar:/Users/atalati/vscode-extension/main-repo/javavscode/netbeans/nbbuild/netbeans/platform/modules/org-netbeans-spi-quicksearch.jar:/Users/atalati/vscode-extension/main-repo/javavscode/netbeans/nbbuild/netbeans/ide/modules/org-netbeans-modules-projectuiapi.jar:/Users/atalati/vscode-extension/main-repo/javavscode/netbeans/nbbuild/netbeans/ide/modules/org-netbeans-modules-projectuiapi-base.jar:/Users/atalati/vscode-extension/main-repo/javavscode/netbeans/nbbuild/netbeans/ide/modules/org-netbeans-spi-viewmodel.jar:/Users/atalati/vscode-extension/main-repo/javavscode/netbeans/nbbuild/netbeans/ide/modules/org-netbeans-spi-editor-hints.jar:/Users/atalati/vscode-extension/main-repo/javavscode/netbeans/nbbuild/netbeans/platform/modules/org-netbeans-api-annotations-common.jar:/Users/atalati/vscode-extension/main-repo/javavscode/netbeans/nbbuild/netbeans/ide/modules/org-netbeans-api-lsp.jar:/Users/atalati/vscode-extension/main-repo/javavscode/netbeans/nbbuild/netbeans/platform/modules/org-netbeans-modules-editor-mimelookup.jar:/Users/atalati/vscode-extension/main-repo/javavscode/netbeans/nbbuild/netbeans/platform/core/org-openide-filesystems.jar:/Users/atalati/vscode-extension/main-repo/javavscode/netbeans/nbbuild/netbeans/platform/lib/org-openide-util.jar:/Users/atalati/vscode-extension/main-repo/javavscode/netbeans/nbbuild/netbeans/platform/lib/org-openide-util-lookup.jar:/Users/atalati/vscode-extension/main-repo/javavscode/netbeans/nbbuild/netbeans/ide/modules/org-netbeans-modules-editor-util.jar:/Users/atalati/vscode-extension/main-repo/javavscode/netbeans/nbbuild/netbeans/ide/modules/org-netbeans-modules-editor-document.jar:/Users/atalati/vscode-extension/main-repo/javavscode/netbeans/nbbuild/netbeans/ide/modules/org-netbeans-modules-editor-lib.jar:/Users/atalati/vscode-extension/main-repo/javavscode/netbeans/nbbuild/netbeans/platform/modules/org-netbeans-api-progress.jar:/Users/atalati/vscode-extension/main-repo/javavscode/netbeans/nbbuild/netbeans/platform/lib/org-openide-modules.jar:/Users/atalati/vscode-extension/main-repo/javavscode/netbeans/nbbuild/netbeans/platform/lib/org-openide-util-ui.jar:/Users/atalati/vscode-extension/main-repo/javavscode/netbeans/nbbuild/netbeans/platform/modules/org-netbeans-api-progress-nb.jar:/Users/atalati/vscode-extension/main-repo/javavscode/netbeans/nbbuild/netbeans/platform/modules/org-openide-awt.jar:/Users/atalati/vscode-extension/main-repo/javavscode/netbeans/nbbuild/netbeans/ide/modules/org-netbeans-modules-editor-fold.jar:/Users/atalati/vscode-extension/main-repo/javavscode/netbeans/nbbuild/netbeans/ide/modules/org-netbeans-modules-editor-settings.jar:/Users/atalati/vscode-extension/main-repo/javavscode/netbeans/nbbuild/netbeans/ide/modules/org-netbeans-modules-lexer.jar:/Users/atalati/vscode-extension/main-repo/javavscode/netbeans/nbbuild/netbeans/ide/modules/org-netbeans-modules-editor-settings-lib.jar:/Users/atalati/vscode-extension/main-repo/javavscode/netbeans/nbbuild/netbeans/ide/modules/org-netbeans-modules-editor-guards.jar:/Users/atalati/vscode-extension/main-repo/javavscode/netbeans/nbbuild/netbeans/ide/modules/org-netbeans-modules-editor-indent.jar:/Users/atalati/vscode-extension/main-repo/javavscode/netbeans/nbbuild/netbeans/ide/modules/org-netbeans-modules-editor-lib2.jar:/Users/atalati/vscode-extension/main-repo/javavscode/netbeans/nbbuild/netbeans/platform/modules/org-openide-dialogs.jar:/Users/atalati/vscode-extension/main-repo/javavscode/netbeans/nbbuild/netbeans/platform/modules/org-openide-loaders.jar:/Users/atalati/vscode-extension/main-repo/javavscode/netbeans/nbbuild/netbeans/platform/modules/org-netbeans-api-scripting.jar:/Users/atalati/vscode-extension/main-repo/javavscode/netbeans/nbbuild/netbeans/platform/modules/org-netbeans-api-templates.jar:/Users/atalati/vscode-extension/main-repo/javavscode/netbeans/nbbuild/netbeans/platform/modules/org-netbeans-modules-queries.jar:/Users/atalati/vscode-extension/main-repo/javavscode/netbeans/nbbuild/netbeans/platform/modules/org-openide-actions.jar:/Users/atalati/vscode-extension/main-repo/javavscode/netbeans/nbbuild/netbeans/platform/modules/org-openide-explorer.jar:/Users/atalati/vscode-extension/main-repo/javavscode/netbeans/nbbuild/netbeans/platform/modules/org-netbeans-swing-outline.jar:/Users/atalati/vscode-extension/main-repo/javavscode/netbeans/nbbuild/netbeans/platform/modules/org-netbeans-swing-tabcontrol.jar:/Users/atalati/vscode-extension/main-repo/javavscode/netbeans/nbbuild/netbeans/platform/modules/org-openide-windows.jar:/Users/atalati/vscode-extension/main-repo/javavscode/netbeans/nbbuild/netbeans/platform/modules/org-openide-nodes.jar:/Users/atalati/vscode-extension/main-repo/javavscode/netbeans/nbbuild/netbeans/platform/modules/org-openide-text.jar:/Users/atalati/vscode-extension/main-repo/javavscode/netbeans/nbbuild/netbeans/platform/modules/org-openide-filesystems-nb.jar:/Users/atalati/vscode-extension/main-repo/javavscode/netbeans/nbbuild/netbeans/java/modules/org-netbeans-spi-java-hints.jar:/Users/atalati/vscode-extension/main-repo/javavscode/netbeans/nbbuild/netbeans/platform/modules/org-netbeans-api-annotations-common.jar:/Users/atalati/vscode-extension/main-repo/javavscode/netbeans/nbbuild/netbeans/java/modules/org-netbeans-api-java.jar:/Users/atalati/vscode-extension/main-repo/javavscode/netbeans/nbbuild/netbeans/ide/modules/org-netbeans-api-java-classpath.jar:/Users/atalati/vscode-extension/main-repo/javavscode/netbeans/nbbuild/netbeans/platform/core/org-openide-filesystems.jar:/Users/atalati/vscode-extension/main-repo/javavscode/netbeans/nbbuild/netbeans/platform/lib/org-openide-util.jar:/Users/atalati/vscode-extension/main-repo/javavscode/netbeans/nbbuild/netbeans/platform/lib/org-openide-util-lookup.jar:/Users/atalati/vscode-extension/main-repo/javavscode/netbeans/nbbuild/netbeans/platform/lib/org-openide-modules.jar:/Users/atalati/vscode-extension/main-repo/javavscode/netbeans/nbbuild/netbeans/platform/lib/org-openide-util-ui.jar:/Users/atalati/vscode-extension/main-repo/javavscode/netbeans/nbbuild/netbeans/platform/modules/org-netbeans-api-progress.jar:/Users/atalati/vscode-extension/main-repo/javavscode/netbeans/nbbuild/netbeans/platform/modules/org-netbeans-api-progress-nb.jar:/Users/atalati/vscode-extension/main-repo/javavscode/netbeans/nbbuild/netbeans/platform/modules/org-openide-awt.jar:/Users/atalati/vscode-extension/main-repo/javavscode/netbeans/nbbuild/netbeans/java/modules/org-netbeans-lib-nbjavac.jar:/Users/atalati/vscode-extension/main-repo/javavscode/netbeans/nbbuild/netbeans/java/modules/org-netbeans-libs-javacapi.jar:/Users/atalati/vscode-extension/main-repo/javavscode/netbeans/java/libs.javacapi/external/nb-javac-jdk-22+33-api.jar:/Users/atalati/vscode-extension/main-repo/javavscode/netbeans/java/libs.javacapi/external/nb-javac-jdk-22+33.jar:/Users/atalati/vscode-extension/main-repo/javavscode/netbeans/nbbuild/netbeans/ide/modules/org-netbeans-libs-lucene.jar:/Users/atalati/vscode-extension/main-repo/javavscode/netbeans/ide/libs.lucene/external/lucene-core-3.6.2.jar:/Users/atalati/vscode-extension/main-repo/javavscode/netbeans/nbbuild/netbeans/ide/modules/ext/lucene-core-3.6.2.jar:/Users/atalati/vscode-extension/main-repo/javavscode/netbeans/nbbuild/netbeans/ide/modules/org-netbeans-modules-code-analysis.jar:/Users/atalati/vscode-extension/main-repo/javavscode/netbeans/nbbuild/netbeans/platform/modules/org-netbeans-modules-autoupdate-services.jar:/Users/atalati/vscode-extension/main-repo/javavscode/netbeans/nbbuild/netbeans/platform/modules/ext/updater.jar:/Users/atalati/vscode-extension/main-repo/javavscode/netbeans/nbbuild/netbeans/platform/lib/boot.jar:/Users/atalati/vscode-extension/main-repo/javavscode/netbeans/nbbuild/netbeans/platform/core/core.jar:/Users/atalati/vscode-extension/main-repo/javavscode/netbeans/nbbuild/netbeans/platform/core/org-netbeans-libs-asm.jar:/Users/atalati/vscode-extension/main-repo/javavscode/netbeans/platform/libs.asm/external/asm-9.6.jar:/Users/atalati/vscode-extension/main-repo/javavscode/netbeans/nbbuild/netbeans/platform/core/asm-9.6.jar:/Users/atalati/vscode-extension/main-repo/javavscode/netbeans/platform/libs.asm/external/asm-tree-9.6.jar:/Users/atalati/vscode-extension/main-repo/javavscode/netbeans/nbbuild/netbeans/platform/core/asm-tree-9.6.jar:/Users/atalati/vscode-extension/main-repo/javavscode/netbeans/platform/libs.asm/external/asm-commons-9.6.jar:/Users/atalati/vscode-extension/main-repo/javavscode/netbeans/nbbuild/netbeans/platform/core/asm-commons-9.6.jar:/Users/atalati/vscode-extension/main-repo/javavscode/netbeans/nbbuild/netbeans/platform/core/core-base.jar:/Users/atalati/vscode-extension/main-repo/javavscode/netbeans/nbbuild/netbeans/platform/modules/org-openide-dialogs.jar:/Users/atalati/vscode-extension/main-repo/javavscode/netbeans/nbbuild/netbeans/platform/modules/org-netbeans-modules-editor-mimelookup.jar:/Users/atalati/vscode-extension/main-repo/javavscode/netbeans/nbbuild/netbeans/platform/modules/org-netbeans-modules-options-api.jar:/Users/atalati/vscode-extension/main-repo/javavscode/netbeans/nbbuild/netbeans/platform/modules/org-netbeans-core.jar:/Users/atalati/vscode-extension/main-repo/javavscode/netbeans/nbbuild/netbeans/platform/modules/org-netbeans-modules-keyring.jar:/Users/atalati/vscode-extension/main-repo/javavscode/netbeans/nbbuild/netbeans/platform/modules/org-netbeans-modules-sampler.jar:/Users/atalati/vscode-extension/main-repo/javavscode/netbeans/nbbuild/netbeans/platform/modules/org-netbeans-swing-plaf.jar:/Users/atalati/vscode-extension/main-repo/javavscode/netbeans/nbbuild/netbeans/platform/modules/org-openide-actions.jar:/Users/atalati/vscode-extension/main-repo/javavscode/netbeans/nbbuild/netbeans/platform/modules/org-openide-explorer.jar:/Users/atalati/vscode-extension/main-repo/javavscode/netbeans/nbbuild/netbeans/platform/modules/org-netbeans-swing-outline.jar:/Users/atalati/vscode-extension/main-repo/javavscode/netbeans/nbbuild/netbeans/platform/modules/org-netbeans-swing-tabcontrol.jar:/Users/atalati/vscode-extension/main-repo/javavscode/netbeans/nbbuild/netbeans/platform/modules/org-openide-windows.jar:/Users/atalati/vscode-extension/main-repo/javavscode/netbeans/nbbuild/netbeans/platform/modules/org-openide-nodes.jar:/Users/atalati/vscode-extension/main-repo/javavscode/netbeans/nbbuild/netbeans/platform/modules/org-openide-text.jar:/Users/atalati/vscode-extension/main-repo/javavscode/netbeans/nbbuild/netbeans/platform/modules/org-openide-io.jar:/Users/atalati/vscode-extension/main-repo/javavscode/netbeans/nbbuild/netbeans/platform/modules/org-netbeans-api-intent.jar:/Users/atalati/vscode-extension/main-repo/javavscode/netbeans/nbbuild/netbeans/platform/modules/org-netbeans-api-io.jar:/Users/atalati/vscode-extension/main-repo/javavscode/netbeans/nbbuild/netbeans/platform/modules/org-openide-loaders.jar:/Users/atalati/vscode-extension/main-repo/javavscode/netbeans/nbbuild/netbeans/platform/modules/org-netbeans-api-scripting.jar:/Users/atalati/vscode-extension/main-repo/javavscode/netbeans/nbbuild/netbeans/platform/modules/org-netbeans-api-templates.jar:/Users/atalati/vscode-extension/main-repo/javavscode/netbeans/nbbuild/netbeans/platform/modules/org-netbeans-modules-queries.jar:/Users/atalati/vscode-extension/main-repo/javavscode/netbeans/nbbuild/netbeans/platform/modules/org-openide-filesystems-nb.jar:/Users/atalati/vscode-extension/main-repo/javavscode/netbeans/nbbuild/netbeans/platform/modules/org-netbeans-spi-quicksearch.jar:/Users/atalati/vscode-extension/main-repo/javavscode/netbeans/nbbuild/netbeans/ide/modules/org-netbeans-modules-parsing-api.jar:/Users/atalati/vscode-extension/main-repo/javavscode/netbeans/nbbuild/netbeans/ide/modules/org-netbeans-modules-editor-document.jar:/Users/atalati/vscode-extension/main-repo/javavscode/netbeans/nbbuild/netbeans/ide/modules/org-netbeans-modules-editor-util.jar:/Users/atalati/vscode-extension/main-repo/javavscode/netbeans/nbbuild/netbeans/ide/modules/org-netbeans-modules-lexer.jar:/Users/atalati/vscode-extension/main-repo/javavscode/netbeans/nbbuild/netbeans/ide/modules/org-netbeans-modules-parsing-lucene.jar:/Users/atalati/vscode-extension/main-repo/javavscode/netbeans/nbbuild/netbeans/platform/modules/org-netbeans-modules-masterfs.jar:/Users/atalati/vscode-extension/main-repo/javavscode/netbeans/nbbuild/netbeans/ide/modules/org-netbeans-modules-projectapi.jar:/Users/atalati/vscode-extension/main-repo/javavscode/netbeans/nbbuild/netbeans/ide/modules/org-netbeans-modules-parsing-indexing.jar:/Users/atalati/vscode-extension/main-repo/javavscode/netbeans/nbbuild/netbeans/ide/modules/org-netbeans-modules-project-indexingbridge.jar:/Users/atalati/vscode-extension/main-repo/javavscode/netbeans/nbbuild/netbeans/ide/modules/org-netbeans-modules-projectuiapi-base.jar:/Users/atalati/vscode-extension/main-repo/javavscode/netbeans/nbbuild/netbeans/ide/modules/org-netbeans-spi-tasklist.jar:/Users/atalati/vscode-extension/main-repo/javavscode/netbeans/nbbuild/netbeans/ide/modules/org-netbeans-modules-projectuiapi.jar:/Users/atalati/vscode-extension/main-repo/javavscode/netbeans/nbbuild/netbeans/ide/modules/org-netbeans-modules-refactoring-api.jar:/Users/atalati/vscode-extension/main-repo/javavscode/netbeans/nbbuild/netbeans/ide/modules/org-netbeans-modules-diff.jar:/Users/atalati/vscode-extension/main-repo/javavscode/netbeans/nbbuild/netbeans/ide/modules/org-netbeans-modules-editor-errorstripe.jar:/Users/atalati/vscode-extension/main-repo/javavscode/netbeans/nbbuild/netbeans/ide/modules/org-netbeans-modules-editor-errorstripe-api.jar:/Users/atalati/vscode-extension/main-repo/javavscode/netbeans/nbbuild/netbeans/ide/modules/org-netbeans-modules-editor-fold.jar:/Users/atalati/vscode-extension/main-repo/javavscode/netbeans/nbbuild/netbeans/ide/modules/org-netbeans-modules-editor-settings.jar:/Users/atalati/vscode-extension/main-repo/javavscode/netbeans/nbbuild/netbeans/ide/modules/org-netbeans-modules-editor-settings-lib.jar:/Users/atalati/vscode-extension/main-repo/javavscode/netbeans/nbbuild/netbeans/ide/modules/org-netbeans-modules-editor-lib.jar:/Users/atalati/vscode-extension/main-repo/javavscode/netbeans/nbbuild/netbeans/ide/modules/org-netbeans-modules-editor-guards.jar:/Users/atalati/vscode-extension/main-repo/javavscode/netbeans/nbbuild/netbeans/ide/modules/org-netbeans-modules-editor-indent.jar:/Users/atalati/vscode-extension/main-repo/javavscode/netbeans/nbbuild/netbeans/ide/modules/org-netbeans-modules-editor-lib2.jar:/Users/atalati/vscode-extension/main-repo/javavscode/netbeans/nbbuild/netbeans/ide/modules/org-netbeans-modules-options-editor.jar:/Users/atalati/vscode-extension/main-repo/javavscode/netbeans/nbbuild/netbeans/ide/modules/org-netbeans-modules-editor.jar:/Users/atalati/vscode-extension/main-repo/javavscode/netbeans/nbbuild/netbeans/ide/modules/org-netbeans-api-lsp.jar:/Users/atalati/vscode-extension/main-repo/javavscode/netbeans/nbbuild/netbeans/ide/modules/org-netbeans-modules-editor-fold-nbui.jar:/Users/atalati/vscode-extension/main-repo/javavscode/netbeans/nbbuild/netbeans/ide/modules/org-netbeans-modules-editor-settings-storage.jar:/Users/atalati/vscode-extension/main-repo/javavscode/netbeans/nbbuild/netbeans/platform/modules/org-netbeans-modules-options-keymap.jar:/Users/atalati/vscode-extension/main-repo/javavscode/netbeans/nbbuild/netbeans/platform/modules/org-netbeans-modules-settings.jar:/Users/atalati/vscode-extension/main-repo/javavscode/netbeans/nbbuild/netbeans/ide/modules/org-netbeans-spi-editor-hints.jar:/Users/atalati/vscode-extension/main-repo/javavscode/netbeans/nbbuild/netbeans/java/modules/org-netbeans-modules-java-lexer.jar:/Users/atalati/vscode-extension/main-repo/javavscode/netbeans/nbbuild/netbeans/java/modules/org-netbeans-modules-java-platform.jar:/Users/atalati/vscode-extension/main-repo/javavscode/netbeans/nbbuild/netbeans/java/modules/org-netbeans-modules-java-project.jar:/Users/atalati/vscode-extension/main-repo/javavscode/netbeans/nbbuild/netbeans/java/modules/org-netbeans-modules-classfile.jar:/Users/atalati/vscode-extension/main-repo/javavscode/netbeans/nbbuild/netbeans/java/modules/org-netbeans-modules-java-source-base.jar:/Users/atalati/vscode-extension/main-repo/javavscode/netbeans/nbbuild/netbeans/java/modules/org-netbeans-modules-java-preprocessorbridge.jar:/Users/atalati/vscode-extension/main-repo/javavscode/netbeans/nbbuild/netbeans/ide/modules/org-netbeans-modules-project-ant.jar:/Users/atalati/vscode-extension/main-repo/javavscode/netbeans/nbbuild/netbeans/ide/modules/org-netbeans-modules-project-libraries.jar:/Users/atalati/vscode-extension/main-repo/javavscode/netbeans/nbbuild/netbeans/ide/modules/org-netbeans-modules-project-spi-intern.jar:/Users/atalati/vscode-extension/main-repo/javavscode/netbeans/nbbuild/netbeans/ide/modules/org-netbeans-modules-xml-catalog.jar:/Users/atalati/vscode-extension/main-repo/javavscode/netbeans/nbbuild/netbeans/ide/modules/org-apache-xml-resolver.jar:/Users/atalati/vscode-extension/main-repo/javavscode/netbeans/ide/o.apache.xml.resolver/external/resolver-1.2.jar:/Users/atalati/vscode-extension/main-repo/javavscode/netbeans/nbbuild/netbeans/ide/modules/ext/resolver-1.2.jar:/Users/atalati/vscode-extension/main-repo/javavscode/netbeans/nbbuild/netbeans/ide/modules/org-netbeans-api-xml.jar:/Users/atalati/vscode-extension/main-repo/javavscode/netbeans/nbbuild/netbeans/java/modules/org-netbeans-modules-java-source.jar:/Users/atalati/vscode-extension/main-repo/javavscode/netbeans/nbbuild/netbeans/platform/modules/org-netbeans-core-multiview.jar:/Users/atalati/vscode-extension/main-repo/javavscode/netbeans/nbbuild/netbeans/ide/modules/org-netbeans-modules-editor-indent-project.jar:/Users/atalati/vscode-extension/main-repo/javavscode/netbeans/nbbuild/netbeans/ide/modules/org-netbeans-modules-editor-indent-support.jar:/Users/atalati/vscode-extension/main-repo/javavscode/netbeans/nbbuild/netbeans/ide/modules/org-netbeans-spi-viewmodel.jar:/Users/atalati/vscode-extension/main-repo/javavscode/netbeans/nbbuild/netbeans/platform/modules/org-netbeans-swing-outline.jar:/Users/atalati/vscode-extension/main-repo/javavscode/netbeans/nbbuild/netbeans/platform/lib/org-openide-util-ui.jar:/Users/atalati/vscode-extension/main-repo/javavscode/netbeans/nbbuild/netbeans/platform/lib/org-openide-util.jar:/Users/atalati/vscode-extension/main-repo/javavscode/netbeans/nbbuild/netbeans/platform/lib/org-openide-util-lookup.jar:/Users/atalati/vscode-extension/main-repo/javavscode/netbeans/nbbuild/netbeans/platform/modules/org-openide-awt.jar:/Users/atalati/vscode-extension/main-repo/javavscode/netbeans/nbbuild/netbeans/platform/modules/org-netbeans-api-annotations-common.jar:/Users/atalati/vscode-extension/main-repo/javavscode/netbeans/nbbuild/netbeans/platform/core/org-openide-filesystems.jar:/Users/atalati/vscode-extension/main-repo/javavscode/netbeans/nbbuild/netbeans/platform/modules/org-openide-explorer.jar:/Users/atalati/vscode-extension/main-repo/javavscode/netbeans/nbbuild/netbeans/platform/modules/org-netbeans-swing-tabcontrol.jar:/Users/atalati/vscode-extension/main-repo/javavscode/netbeans/nbbuild/netbeans/platform/modules/org-openide-windows.jar:/Users/atalati/vscode-extension/main-repo/javavscode/netbeans/nbbuild/netbeans/platform/modules/org-openide-nodes.jar:/Users/atalati/vscode-extension/main-repo/javavscode/netbeans/nbbuild/netbeans/platform/modules/org-openide-dialogs.jar:/Users/atalati/vscode-extension/main-repo/javavscode/netbeans/nbbuild/netbeans/platform/modules/org-netbeans-api-progress.jar:/Users/atalati/vscode-extension/main-repo/javavscode/netbeans/nbbuild/netbeans/platform/lib/org-openide-modules.jar:/Users/atalati/vscode-extension/main-repo/javavscode/netbeans/nbbuild/netbeans/platform/modules/org-netbeans-api-progress-nb.jar:/Users/atalati/vscode-extension/main-repo/javavscode/netbeans/nbbuild/netbeans/platform/modules/org-openide-awt.jar:/Users/atalati/vscode-extension/main-repo/javavscode/netbeans/nbbuild/netbeans/platform/modules/org-netbeans-api-annotations-common.jar:/Users/atalati/vscode-extension/main-repo/javavscode/netbeans/nbbuild/netbeans/platform/core/org-openide-filesystems.jar:/Users/atalati/vscode-extension/main-repo/javavscode/netbeans/nbbuild/netbeans/platform/lib/org-openide-util.jar:/Users/atalati/vscode-extension/main-repo/javavscode/netbeans/nbbuild/netbeans/platform/lib/org-openide-util-lookup.jar:/Users/atalati/vscode-extension/main-repo/javavscode/netbeans/nbbuild/netbeans/platform/lib/org-openide-util-ui.jar:/Users/atalati/vscode-extension/main-repo/javavscode/netbeans/nbbuild/netbeans/platform/modules/org-openide-dialogs.jar:/Users/atalati/vscode-extension/main-repo/javavscode/netbeans/nbbuild/netbeans/platform/modules/org-netbeans-api-progress.jar:/Users/atalati/vscode-extension/main-repo/javavscode/netbeans/nbbuild/netbeans/platform/lib/org-openide-modules.jar:/Users/atalati/vscode-extension/main-repo/javavscode/netbeans/nbbuild/netbeans/platform/lib/org-openide-util-ui.jar:/Users/atalati/vscode-extension/main-repo/javavscode/netbeans/nbbuild/netbeans/platform/lib/org-openide-util.jar:/Users/atalati/vscode-extension/main-repo/javavscode/netbeans/nbbuild/netbeans/platform/lib/org-openide-util-lookup.jar:/Users/atalati/vscode-extension/main-repo/javavscode/netbeans/nbbuild/netbeans/platform/modules/org-netbeans-api-progress-nb.jar:/Users/atalati/vscode-extension/main-repo/javavscode/netbeans/nbbuild/netbeans/platform/modules/org-openide-awt.jar:/Users/atalati/vscode-extension/main-repo/javavscode/netbeans/nbbuild/netbeans/platform/modules/org-netbeans-api-annotations-common.jar:/Users/atalati/vscode-extension/main-repo/javavscode/netbeans/nbbuild/netbeans/platform/core/org-openide-filesystems.jar:/Users/atalati/vscode-extension/main-repo/javavscode/netbeans/nbbuild/netbeans/platform/modules/org-openide-explorer.jar:/Users/atalati/vscode-extension/main-repo/javavscode/netbeans/nbbuild/netbeans/platform/modules/org-netbeans-swing-outline.jar:/Users/atalati/vscode-extension/main-repo/javavscode/netbeans/nbbuild/netbeans/platform/lib/org-openide-util-ui.jar:/Users/atalati/vscode-extension/main-repo/javavscode/netbeans/nbbuild/netbeans/platform/lib/org-openide-util.jar:/Users/atalati/vscode-extension/main-repo/javavscode/netbeans/nbbuild/netbeans/platform/lib/org-openide-util-lookup.jar:/Users/atalati/vscode-extension/main-repo/javavscode/netbeans/nbbuild/netbeans/platform/modules/org-netbeans-swing-tabcontrol.jar:/Users/atalati/vscode-extension/main-repo/javavscode/netbeans/nbbuild/netbeans/platform/modules/org-openide-awt.jar:/Users/atalati/vscode-extension/main-repo/javavscode/netbeans/nbbuild/netbeans/platform/modules/org-netbeans-api-annotations-common.jar:/Users/atalati/vscode-extension/main-repo/javavscode/netbeans/nbbuild/netbeans/platform/core/org-openide-filesystems.jar:/Users/atalati/vscode-extension/main-repo/javavscode/netbeans/nbbuild/netbeans/platform/modules/org-openide-windows.jar:/Users/atalati/vscode-extension/main-repo/javavscode/netbeans/nbbuild/netbeans/platform/modules/org-openide-nodes.jar:/Users/atalati/vscode-extension/main-repo/javavscode/netbeans/nbbuild/netbeans/platform/modules/org-openide-dialogs.jar:/Users/atalati/vscode-extension/main-repo/javavscode/netbeans/nbbuild/netbeans/platform/modules/org-netbeans-api-progress.jar:/Users/atalati/vscode-extension/main-repo/javavscode/netbeans/nbbuild/netbeans/platform/lib/org-openide-modules.jar:/Users/atalati/vscode-extension/main-repo/javavscode/netbeans/nbbuild/netbeans/platform/modules/org-netbeans-api-progress-nb.jar:/Users/atalati/vscode-extension/main-repo/javavscode/netbeans/nbbuild/netbeans/platform/core/org-openide-filesystems.jar:/Users/atalati/vscode-extension/main-repo/javavscode/netbeans/nbbuild/netbeans/platform/lib/org-openide-util.jar:/Users/atalati/vscode-extension/main-repo/javavscode/netbeans/nbbuild/netbeans/platform/lib/org-openide-util-lookup.jar:/Users/atalati/vscode-extension/main-repo/javavscode/netbeans/nbbuild/netbeans/platform/modules/org-openide-io.jar:/Users/atalati/vscode-extension/main-repo/javavscode/netbeans/nbbuild/netbeans/platform/modules/org-netbeans-api-annotations-common.jar:/Users/atalati/vscode-extension/main-repo/javavscode/netbeans/nbbuild/netbeans/platform/modules/org-netbeans-api-intent.jar:/Users/atalati/vscode-extension/main-repo/javavscode/netbeans/nbbuild/netbeans/platform/core/org-openide-filesystems.jar:/Users/atalati/vscode-extension/main-repo/javavscode/netbeans/nbbuild/netbeans/platform/lib/org-openide-util.jar:/Users/atalati/vscode-extension/main-repo/javavscode/netbeans/nbbuild/netbeans/platform/lib/org-openide-util-lookup.jar:/Users/atalati/vscode-extension/main-repo/javavscode/netbeans/nbbuild/netbeans/platform/modules/org-netbeans-api-io.jar:/Users/atalati/vscode-extension/main-repo/javavscode/netbeans/nbbuild/netbeans/platform/modules/org-openide-loaders.jar:/Users/atalati/vscode-extension/main-repo/javavscode/netbeans/nbbuild/netbeans/platform/modules/org-netbeans-api-annotations-common.jar:/Users/atalati/vscode-extension/main-repo/javavscode/netbeans/nbbuild/netbeans/platform/modules/org-netbeans-api-progress.jar:/Users/atalati/vscode-extension/main-repo/javavscode/netbeans/nbbuild/netbeans/platform/lib/org-openide-modules.jar:/Users/atalati/vscode-extension/main-repo/javavscode/netbeans/nbbuild/netbeans/platform/lib/org-openide-util-ui.jar:/Users/atalati/vscode-extension/main-repo/javavscode/netbeans/nbbuild/netbeans/platform/lib/org-openide-util.jar:/Users/atalati/vscode-extension/main-repo/javavscode/netbeans/nbbuild/netbeans/platform/lib/org-openide-util-lookup.jar:/Users/atalati/vscode-extension/main-repo/javavscode/netbeans/nbbuild/netbeans/platform/modules/org-netbeans-api-progress-nb.jar:/Users/atalati/vscode-extension/main-repo/javavscode/netbeans/nbbuild/netbeans/platform/modules/org-openide-awt.jar:/Users/atalati/vscode-extension/main-repo/javavscode/netbeans/nbbuild/netbeans/platform/core/org-openide-filesystems.jar:/Users/atalati/vscode-extension/main-repo/javavscode/netbeans/nbbuild/netbeans/platform/modules/org-netbeans-api-scripting.jar:/Users/atalati/vscode-extension/main-repo/javavscode/netbeans/nbbuild/netbeans/platform/modules/org-netbeans-api-templates.jar:/Users/atalati/vscode-extension/main-repo/javavscode/netbeans/nbbuild/netbeans/platform/modules/org-netbeans-modules-queries.jar:/Users/atalati/vscode-extension/main-repo/javavscode/netbeans/nbbuild/netbeans/platform/modules/org-netbeans-modules-editor-mimelookup.jar:/Users/atalati/vscode-extension/main-repo/javavscode/netbeans/nbbuild/netbeans/platform/modules/org-openide-actions.jar:/Users/atalati/vscode-extension/main-repo/javavscode/netbeans/nbbuild/netbeans/platform/modules/org-openide-dialogs.jar:/Users/atalati/vscode-extension/main-repo/javavscode/netbeans/nbbuild/netbeans/platform/modules/org-openide-explorer.jar:/Users/atalati/vscode-extension/main-repo/javavscode/netbeans/nbbuild/netbeans/platform/modules/org-netbeans-swing-outline.jar:/Users/atalati/vscode-extension/main-repo/javavscode/netbeans/nbbuild/netbeans/platform/modules/org-netbeans-swing-tabcontrol.jar:/Users/atalati/vscode-extension/main-repo/javavscode/netbeans/nbbuild/netbeans/platform/modules/org-openide-windows.jar:/Users/atalati/vscode-extension/main-repo/javavscode/netbeans/nbbuild/netbeans/platform/modules/org-openide-nodes.jar:/Users/atalati/vscode-extension/main-repo/javavscode/netbeans/nbbuild/netbeans/platform/modules/org-openide-text.jar:/Users/atalati/vscode-extension/main-repo/javavscode/netbeans/nbbuild/netbeans/platform/modules/org-openide-filesystems-nb.jar:/Users/atalati/vscode-extension/main-repo/javavscode/netbeans/nbbuild/netbeans/platform/lib/org-openide-modules.jar:/Users/atalati/vscode-extension/main-repo/javavscode/netbeans/nbbuild/netbeans/platform/lib/org-openide-util-ui.jar:/Users/atalati/vscode-extension/main-repo/javavscode/netbeans/nbbuild/netbeans/platform/lib/org-openide-util.jar:/Users/atalati/vscode-extension/main-repo/javavscode/netbeans/nbbuild/netbeans/platform/lib/org-openide-util-lookup.jar:/Users/atalati/vscode-extension/main-repo/javavscode/netbeans/nbbuild/netbeans/platform/modules/org-openide-nodes.jar:/Users/atalati/vscode-extension/main-repo/javavscode/netbeans/nbbuild/netbeans/platform/modules/org-openide-awt.jar:/Users/atalati/vscode-extension/main-repo/javavscode/netbeans/nbbuild/netbeans/platform/modules/org-netbeans-api-annotations-common.jar:/Users/atalati/vscode-extension/main-repo/javavscode/netbeans/nbbuild/netbeans/platform/core/org-openide-filesystems.jar:/Users/atalati/vscode-extension/main-repo/javavscode/netbeans/nbbuild/netbeans/platform/lib/org-openide-util.jar:/Users/atalati/vscode-extension/main-repo/javavscode/netbeans/nbbuild/netbeans/platform/lib/org-openide-util-lookup.jar:/Users/atalati/vscode-extension/main-repo/javavscode/netbeans/nbbuild/netbeans/platform/lib/org-openide-util-ui.jar:/Users/atalati/vscode-extension/main-repo/javavscode/netbeans/nbbuild/netbeans/platform/modules/org-openide-dialogs.jar:/Users/atalati/vscode-extension/main-repo/javavscode/netbeans/nbbuild/netbeans/platform/modules/org-netbeans-api-progress.jar:/Users/atalati/vscode-extension/main-repo/javavscode/netbeans/nbbuild/netbeans/platform/lib/org-openide-modules.jar:/Users/atalati/vscode-extension/main-repo/javavscode/netbeans/nbbuild/netbeans/platform/modules/org-netbeans-api-progress-nb.jar:/Users/atalati/vscode-extension/main-repo/javavscode/netbeans/nbbuild/netbeans/platform/modules/org-openide-text.jar:/Users/atalati/vscode-extension/main-repo/javavscode/netbeans/nbbuild/netbeans/platform/modules/org-netbeans-modules-editor-mimelookup.jar:/Users/atalati/vscode-extension/main-repo/javavscode/netbeans/nbbuild/netbeans/platform/core/org-openide-filesystems.jar:/Users/atalati/vscode-extension/main-repo/javavscode/netbeans/nbbuild/netbeans/platform/lib/org-openide-util.jar:/Users/atalati/vscode-extension/main-repo/javavscode/netbeans/nbbuild/netbeans/platform/lib/org-openide-util-lookup.jar:/Users/atalati/vscode-extension/main-repo/javavscode/netbeans/nbbuild/netbeans/platform/modules/org-openide-awt.jar:/Users/atalati/vscode-extension/main-repo/javavscode/netbeans/nbbuild/netbeans/platform/modules/org-netbeans-api-annotations-common.jar:/Users/atalati/vscode-extension/main-repo/javavscode/netbeans/nbbuild/netbeans/platform/lib/org-openide-util-ui.jar:/Users/atalati/vscode-extension/main-repo/javavscode/netbeans/nbbuild/netbeans/platform/modules/org-openide-dialogs.jar:/Users/atalati/vscode-extension/main-repo/javavscode/netbeans/nbbuild/netbeans/platform/modules/org-netbeans-api-progress.jar:/Users/atalati/vscode-extension/main-repo/javavscode/netbeans/nbbuild/netbeans/platform/lib/org-openide-modules.jar:/Users/atalati/vscode-extension/main-repo/javavscode/netbeans/nbbuild/netbeans/platform/modules/org-netbeans-api-progress-nb.jar:/Users/atalati/vscode-extension/main-repo/javavscode/netbeans/nbbuild/netbeans/platform/modules/org-openide-nodes.jar:/Users/atalati/vscode-extension/main-repo/javavscode/netbeans/nbbuild/netbeans/platform/modules/org-openide-windows.jar:/Users/atalati/vscode-extension/main-repo/javavscode/netbeans/nbbuild/netbeans/platform/lib/org-openide-util.jar:/Users/atalati/vscode-extension/main-repo/javavscode/netbeans/nbbuild/netbeans/platform/lib/org-openide-util-lookup.jar:/Users/atalati/vscode-extension/main-repo/javavscode/netbeans/nbbuild/netbeans/platform/lib/org-openide-util-lookup.jar:/Users/atalati/vscode-extension/main-repo/javavscode/netbeans/nbbuild/netbeans/platform/lib/org-openide-util-ui.jar:/Users/atalati/vscode-extension/main-repo/javavscode/netbeans/nbbuild/netbeans/platform/lib/org-openide-util.jar:/Users/atalati/vscode-extension/main-repo/javavscode/netbeans/nbbuild/netbeans/platform/lib/org-openide-util-lookup.jar:/Users/atalati/vscode-extension/main-repo/javavscode/netbeans/nbbuild/netbeans/ide/modules/com-google-guava.jar:/Users/atalati/vscode-extension/main-repo/javavscode/netbeans/ide/c.google.guava/external/guava-32.1.2-jre.jar:/Users/atalati/vscode-extension/main-repo/javavscode/netbeans/ide/c.google.guava/external/guava-32.1.2-jre.jar:/Users/atalati/vscode-extension/main-repo/javavscode/netbeans/nbbuild/netbeans/ide/modules/com-google-guava.jar:/Users/atalati/vscode-extension/main-repo/javavscode/netbeans/java/java.lsp.server/external/org.eclipse.lsp4j.debug-0.13.0.jar:/Users/atalati/vscode-extension/main-repo/javavscode/netbeans/nbbuild/netbeans/java/modules/ext/org.eclipse.lsp4j.debug-0.13.0.jar:/Users/atalati/vscode-extension/main-repo/javavscode/netbeans/java/java.lsp.server/external/org.eclipse.xtend.lib.macro-2.24.0.jar:/Users/atalati/vscode-extension/main-repo/javavscode/netbeans/nbbuild/netbeans/java/modules/ext/org.eclipse.xtend.lib.macro-2.24.0.jar:/Users/atalati/vscode-extension/main-repo/javavscode/netbeans/java/java.lsp.server/external/org.eclipse.lsp4j.generator-0.13.0.jar:/Users/atalati/vscode-extension/main-repo/javavscode/netbeans/nbbuild/netbeans/java/modules/ext/org.eclipse.lsp4j.generator-0.13.0.jar:/Users/atalati/vscode-extension/main-repo/javavscode/netbeans/java/java.lsp.server/external/org.eclipse.lsp4j.jsonrpc-0.13.0.jar:/Users/atalati/vscode-extension/main-repo/javavscode/netbeans/nbbuild/netbeans/java/modules/ext/org.eclipse.lsp4j.jsonrpc-0.13.0.jar:/Users/atalati/vscode-extension/main-repo/javavscode/netbeans/java/java.lsp.server/external/org.eclipse.lsp4j.jsonrpc.debug-0.13.0.jar:/Users/atalati/vscode-extension/main-repo/javavscode/netbeans/nbbuild/netbeans/java/modules/ext/org.eclipse.lsp4j.jsonrpc.debug-0.13.0.jar:/Users/atalati/vscode-extension/main-repo/javavscode/netbeans/java/java.lsp.server/external/org.eclipse.xtend.lib-2.24.0.jar:/Users/atalati/vscode-extension/main-repo/javavscode/netbeans/nbbuild/netbeans/java/modules/ext/org.eclipse.xtend.lib-2.24.0.jar:/Users/atalati/vscode-extension/main-repo/javavscode/netbeans/java/java.lsp.server/external/org.eclipse.xtext.xbase.lib-2.24.0.jar:/Users/atalati/vscode-extension/main-repo/javavscode/netbeans/nbbuild/netbeans/java/modules/ext/org.eclipse.xtext.xbase.lib-2.24.0.jar:/Users/atalati/vscode-extension/main-repo/javavscode/netbeans/java/java.lsp.server/external/org.eclipse.lsp4j-0.13.0.jar:/Users/atalati/vscode-extension/main-repo/javavscode/netbeans/nbbuild/netbeans/java/modules/ext/org.eclipse.lsp4j-0.13.0.jar" />
    <property name="textmate.lexer.dir" value="/Users/atalati/vscode-extension/main-repo/javavscode/netbeans/nbbuild/netbeans/ide" />
    <property name="hudson.COMMAND_MODE" value="unix2003" />
    <property name="ide/editor.guards.dir" value="/Users/atalati/vscode-extension/main-repo/javavscode/netbeans/nbbuild/netbeans/ide" />
    <property name="xml.xam.dir" value="/Users/atalati/vscode-extension/main-repo/javavscode/netbeans/nbbuild/netbeans/ide" />
    <property name="servletjspapi.dir" value="/Users/atalati/vscode-extension/main-repo/javavscode/netbeans/nbbuild/netbeans/enterprise" />
    <property name="web.core.syntax.dir" value="/Users/atalati/vscode-extension/main-repo/javavscode/netbeans/nbbuild/netbeans/enterprise" />
    <property name="ide/editor.indent.project.dir" value="/Users/atalati/vscode-extension/main-repo/javavscode/netbeans/nbbuild/netbeans/ide" />
    <property name="xml.catalog.ui.dir" value="/Users/atalati/vscode-extension/main-repo/javavscode/netbeans/nbbuild/netbeans/ide" />
    <property name="java.source.queriesimpl.dir" value="/Users/atalati/vscode-extension/main-repo/javavscode/netbeans/nbbuild/netbeans/java" />
    <property name="ide/versioning.ui.dir" value="/Users/atalati/vscode-extension/main-repo/javavscode/netbeans/nbbuild/netbeans/ide" />
    <property name="php/libs.javacup.dir" value="/Users/atalati/vscode-extension/main-repo/javavscode/netbeans/nbbuild/netbeans/php" />
    <property name="gradle.kit.dir" value="/Users/atalati/vscode-extension/main-repo/javavscode/netbeans/nbbuild/netbeans/java" />
    <property name="profiler/profiler.snaptracer.dir" value="/Users/atalati/vscode-extension/main-repo/javavscode/netbeans/nbbuild/netbeans/profiler" />
    <property name="java/spi.debugger.jpda.ui.dir" value="/Users/atalati/vscode-extension/main-repo/javavscode/netbeans/nbbuild/netbeans/java" />
    <property name="ide/xml.tax.dir" value="/Users/atalati/vscode-extension/main-repo/javavscode/netbeans/nbbuild/netbeans/ide" />
    <property name="java/java.openjdk.project.dir" value="/Users/atalati/vscode-extension/main-repo/javavscode/netbeans/nbbuild/netbeans/java" />
    <property name="libs.antlr3.runtime.dir" value="/Users/atalati/vscode-extension/main-repo/javavscode/netbeans/nbbuild/netbeans/ide" />
    <property name="languages.hcl.dir" value="/Users/atalati/vscode-extension/main-repo/javavscode/netbeans/nbbuild/netbeans/ide" />
    <property name="javascript2.prototypejs.dir" value="/Users/atalati/vscode-extension/main-repo/javavscode/netbeans/nbbuild/netbeans/webcommon" />
    <property name="platform/core.execution.dir" value="/Users/atalati/vscode-extension/main-repo/javavscode/netbeans/nbbuild/netbeans/platform" />
    <property name="platform/api.progress.dir" value="/Users/atalati/vscode-extension/main-repo/javavscode/netbeans/nbbuild/netbeans/platform" />
    <property name="spec.version.base" value="2.6.0" />
    <property name="java/java.testrunner.dir" value="/Users/atalati/vscode-extension/main-repo/javavscode/netbeans/nbbuild/netbeans/java" />
    <property name="ide/versioning.core.dir" value="/Users/atalati/vscode-extension/main-repo/javavscode/netbeans/nbbuild/netbeans/ide" />
    <property name="enterprise/j2ee.sun.ddui.dir" value="/Users/atalati/vscode-extension/main-repo/javavscode/netbeans/nbbuild/netbeans/enterprise" />
    <property name="file.encoding" value="UTF-8" />
    <property name="ide/projectapi.dir" value="/Users/atalati/vscode-extension/main-repo/javavscode/netbeans/nbbuild/netbeans/ide" />
    <property name="lib.nbjavac.dir" value="/Users/atalati/vscode-extension/main-repo/javavscode/netbeans/nbbuild/netbeans/java" />
    <property name="javahelp.dir" value="/Users/atalati/vscode-extension/main-repo/javavscode/netbeans/nbbuild/netbeans/platform" />
    <property name="ide/localtasks.dir" value="/Users/atalati/vscode-extension/main-repo/javavscode/netbeans/nbbuild/netbeans/ide" />
    <property name="enterprise/javaee.wildfly.dir" value="/Users/atalati/vscode-extension/main-repo/javavscode/netbeans/nbbuild/netbeans/enterprise" />
    <property name="web.jspparser.dir" value="/Users/atalati/vscode-extension/main-repo/javavscode/netbeans/nbbuild/netbeans/enterprise" />
    <property name="enterprise/jakartaee10.api.dir" value="/Users/atalati/vscode-extension/main-repo/javavscode/netbeans/nbbuild/netbeans/enterprise" />
    <property name="platform/o.apache.commons.logging.dir" value="/Users/atalati/vscode-extension/main-repo/javavscode/netbeans/nbbuild/netbeans/platform" />
    <property name="o.n.html.ko4j.dir" value="/Users/atalati/vscode-extension/main-repo/javavscode/netbeans/nbbuild/netbeans/platform" />
    <property name="ide/libs.c.kohlschutter.junixsocket.dir" value="/Users/atalati/vscode-extension/main-repo/javavscode/netbeans/nbbuild/netbeans/ide" />
    <property name="platform/sendopts.dir" value="/Users/atalati/vscode-extension/main-repo/javavscode/netbeans/nbbuild/netbeans/platform" />
    <property name="java.j2semodule.dir" value="/Users/atalati/vscode-extension/main-repo/javavscode/netbeans/nbbuild/netbeans/java" />
    <property name="clusters.config.enterprise.list" value="nb.cluster.harness,nb.cluster.bootstrap,nb.cluster.platform,nb.cluster.ide,nb.cluster.extide,nb.cluster.websvccommon,nb.cluster.java,nb.cluster.javafx,nb.cluster.profiler,nb.cluster.3rdparty,nb.cluster.nb,nb.cluster.webcommon,nb.cluster.enterprise" />
    <property name="webcommon/javascript.bower.dir" value="/Users/atalati/vscode-extension/main-repo/javavscode/netbeans/nbbuild/netbeans/webcommon" />
    <property name="test.netbeans.dest.dir" value="/Users/atalati/vscode-extension/main-repo/javavscode/netbeans/nbbuild/netbeans" />
    <property name="java/dbschema.dir" value="/Users/atalati/vscode-extension/main-repo/javavscode/netbeans/nbbuild/netbeans/java" />
    <property name="nbjdk.enable_security_manager" value="-Djava.security.manager=allow" />
    <property name="nbm.distribution" value="http://deadlock.netbeans.org/job/nbms-and-javadoc/lastStableBuild/artifact/nbbuild/nbms/java/org-netbeans-modules-java-lsp-server.nbm" />
    <property name="ide/o.apache.commons.lang.dir" value="/Users/atalati/vscode-extension/main-repo/javavscode/netbeans/nbbuild/netbeans/ide" />
    <property name="php/php.symfony.dir" value="/Users/atalati/vscode-extension/main-repo/javavscode/netbeans/nbbuild/netbeans/php" />
    <property name="ide/project.spi.intern.dir" value="/Users/atalati/vscode-extension/main-repo/javavscode/netbeans/nbbuild/netbeans/ide" />
    <property name="platform/net.java.html.json.dir" value="/Users/atalati/vscode-extension/main-repo/javavscode/netbeans/nbbuild/netbeans/platform" />
    <property name="nbjdk.home.defaulted" value="true" />
    <property name="websvc.projectapi.dir" value="/Users/atalati/vscode-extension/main-repo/javavscode/netbeans/nbbuild/netbeans/enterprise" />
    <property name="java/java.completion.dir" value="/Users/atalati/vscode-extension/main-repo/javavscode/netbeans/nbbuild/netbeans/java" />
    <property name="validation.nb.cluster.cnd" value="cnd.kit" />
    <property name="ide/api.xml.ui.dir" value="/Users/atalati/vscode-extension/main-repo/javavscode/netbeans/nbbuild/netbeans/ide" />
    <property name="enterprise/projectimport.eclipse.web.dir" value="/Users/atalati/vscode-extension/main-repo/javavscode/netbeans/nbbuild/netbeans/enterprise" />
    <property name="debugger.jpda.ant.dir" value="/Users/atalati/vscode-extension/main-repo/javavscode/netbeans/nbbuild/netbeans/java" />
    <property name="test.jms.flags" value="" />
    <property name="ide/versioning.dir" value="/Users/atalati/vscode-extension/main-repo/javavscode/netbeans/nbbuild/netbeans/ide" />
    <property name="spellchecker.apimodule.dir" value="/Users/atalati/vscode-extension/main-repo/javavscode/netbeans/nbbuild/netbeans/ide" />
    <property name="ide/editor.plain.lib.dir" value="/Users/atalati/vscode-extension/main-repo/javavscode/netbeans/nbbuild/netbeans/ide" />
    <property name="validation.nb.cluster.php" value="php.editor" />
    <property name="binaries.server" value="https://netbeans.osuosl.org/binaries/" />
    <property name="code.name.base" value="org.netbeans.modules.java.lsp.server" />
    <property name="java/java.sourceui.dir" value="/Users/atalati/vscode-extension/main-repo/javavscode/netbeans/nbbuild/netbeans/java" />
    <property name="enterprise/jakartaee8.platform.dir" value="/Users/atalati/vscode-extension/main-repo/javavscode/netbeans/nbbuild/netbeans/enterprise" />
    <property name="groovy/groovy.antproject.dir" value="/Users/atalati/vscode-extension/main-repo/javavscode/netbeans/nbbuild/netbeans/groovy" />
    <property name="ide/server.dir" value="/Users/atalati/vscode-extension/main-repo/javavscode/netbeans/nbbuild/netbeans/ide" />
    <property name="javascript.karma.dir" value="/Users/atalati/vscode-extension/main-repo/javavscode/netbeans/nbbuild/netbeans/webcommon" />
    <property name="debugger.jpda.projects.dir" value="/Users/atalati/vscode-extension/main-repo/javavscode/netbeans/nbbuild/netbeans/java" />
    <property name="apisupport/apisupport.wizards.dir" value="/Users/atalati/vscode-extension/main-repo/javavscode/netbeans/nbbuild/netbeans/apisupport" />
    <property name="javascript2.knockout.dir" value="/Users/atalati/vscode-extension/main-repo/javavscode/netbeans/nbbuild/netbeans/webcommon" />
    <property name="hudson.MANPATH" value="/Users/atalati/.nvm/versions/node/v20.10.0/share/man:/opt/homebrew/share/man::" />
    <property name="webcommon/javascript2.source.query.dir" value="/Users/atalati/vscode-extension/main-repo/javavscode/netbeans/nbbuild/netbeans/webcommon" />
    <property name="jms-tools.flags" value=" -J--add-modules=jdk.jshell -J--add-opens=jdk.jshell/jdk.jshell=ALL-UNNAMED -J--add-exports=jdk.jshell/jdk.internal.jshell.debug=ALL-UNNAMED -J--add-exports=jdk.jdeps/com.sun.tools.classfile=ALL-UNNAMED -J--add-exports=jdk.jdeps/com.sun.tools.javap=ALL-UNNAMED -J--add-exports=jdk.internal.jvmstat/sun.jvmstat.monitor=ALL-UNNAMED -J--add-exports=jdk.internal.opt/jdk.internal.opt=ALL-UNNAMED -J--add-exports=java.management/sun.management=ALL-UNNAMED" />
    <property name="web.jsf12.dir" value="/Users/atalati/vscode-extension/main-repo/javavscode/netbeans/nbbuild/netbeans/enterprise" />
    <property name="build.compiler.debuglevel" value="source,lines,vars" />
    <property name="platform/net.java.html.boot.script.dir" value="/Users/atalati/vscode-extension/main-repo/javavscode/netbeans/nbbuild/netbeans/platform" />
    <property name="nb.cluster.dlight" value="dlight.kit,dlight.libs.common,dlight.remote,dlight.remote.impl,dlight.remote.ui,dlight.sendto,git.remote,git.remote.cli,mercurial.remote,remotefs.versioning,remotefs.versioning.api,subversion.remote" />
    <property name="exists.test.unit.src.dir" value="true" />
    <property name="javascript2.jsdoc.dir" value="/Users/atalati/vscode-extension/main-repo/javavscode/netbeans/nbbuild/netbeans/webcommon" />
    <property name="websvc.jaxwsmodelapi.dir" value="/Users/atalati/vscode-extension/main-repo/javavscode/netbeans/nbbuild/netbeans/websvccommon" />
    <property name="core.network.dir" value="/Users/atalati/vscode-extension/main-repo/javavscode/netbeans/nbbuild/netbeans/platform" />
    <property name="platform/janitor.dir" value="/Users/atalati/vscode-extension/main-repo/javavscode/netbeans/nbbuild/netbeans/platform" />
    <property name="platform/masterfs.nio2.dir" value="/Users/atalati/vscode-extension/main-repo/javavscode/netbeans/nbbuild/netbeans/platform" />
    <property name="ide/o.n.swing.dirchooser.dir" value="/Users/atalati/vscode-extension/main-repo/javavscode/netbeans/nbbuild/netbeans/ide" />
    <property name="nashorn.execution.dir" value="/Users/atalati/vscode-extension/main-repo/javavscode/netbeans/nbbuild/netbeans/java" />
    <property name="api.progress.dir" value="/Users/atalati/vscode-extension/main-repo/javavscode/netbeans/nbbuild/netbeans/platform" />
    <property name="ide/o.eclipse.core.contenttype.dir" value="/Users/atalati/vscode-extension/main-repo/javavscode/netbeans/nbbuild/netbeans/ide" />
    <property name="javafx2.editor.dir" value="/Users/atalati/vscode-extension/main-repo/javavscode/netbeans/nbbuild/netbeans/javafx" />
    <property name="nb.cluster.platform" value="api.annotations.common,api.htmlui,api.intent,api.io,api.progress,api.progress.compat8,api.progress.nb,api.scripting,api.search,api.templates,api.visual,applemenu,autoupdate.cli,autoupdate.services,autoupdate.ui,core.execution,core.io.ui,core.kit,core.multitabs,core.multiview,core.nativeaccess,core.netigso,core.network,core.osgi,core.output2,core.ui,core.windows,editor.mimelookup,editor.mimelookup.impl,favorites,htmlui,janitor,javahelp,junitlib,keyring,keyring.fallback,keyring.impl,lib.uihandler,libs.batik.read,libs.felix,libs.flatlaf,libs.javafx,libs.jna,libs.jna.platform,libs.jsr223,libs.junit4,libs.junit5,libs.osgi,libs.testng,masterfs,masterfs.linux,masterfs.macosx,masterfs.nio2,masterfs.ui,masterfs.windows,net.java.html,net.java.html.boot,net.java.html.boot.fx,net.java.html.boot.script,net.java.html.geo,net.java.html.json,net.java.html.sound,netbinox,o.apache.commons.codec,o.apache.commons.commons_io,o.apache.commons.lang3,o.apache.commons.logging,o.n.core,o.n.html.ko4j,o.n.html.presenters.spi,o.n.html.xhr4j,o.n.swing.laf.dark,o.n.swing.laf.flatlaf,o.n.swing.outline,o.n.swing.plaf,o.n.swing.tabcontrol,openide.actions,openide.awt,openide.compat,openide.dialogs,openide.execution,openide.execution.compat8,openide.explorer,openide.filesystems.compat8,openide.filesystems.nb,openide.io,openide.loaders,openide.nodes,openide.options,openide.text,openide.util.ui.svg,openide.windows,options.api,options.keymap,print,progress.ui,queries,sampler,sendopts,settings,spi.actions,spi.quicksearch,templates,templatesui,uihandler" />
    <property name="libs.javafx.macosx.dir" value="/Users/atalati/vscode-extension/main-repo/javavscode/netbeans/nbbuild/netbeans/extra" />
    <property name="extra.module.files" value="" />
    <property name="php/hudson.php.dir" value="/Users/atalati/vscode-extension/main-repo/javavscode/netbeans/nbbuild/netbeans/php" />
    <property name="websvc.saas.ui.dir" value="/Users/atalati/vscode-extension/main-repo/javavscode/netbeans/nbbuild/netbeans/websvccommon" />
    <property name="platform/o.n.swing.tabcontrol.dir" value="/Users/atalati/vscode-extension/main-repo/javavscode/netbeans/nbbuild/netbeans/platform" />
    <property name="libs.junit5.dir" value="/Users/atalati/vscode-extension/main-repo/javavscode/netbeans/nbbuild/netbeans/platform" />
    <property name="selenium2.java.dir" value="/Users/atalati/vscode-extension/main-repo/javavscode/netbeans/nbbuild/netbeans/java" />
    <property name="ide/libs.lucene.dir" value="/Users/atalati/vscode-extension/main-repo/javavscode/netbeans/nbbuild/netbeans/ide" />
    <property name="groovy.antproject.dir" value="/Users/atalati/vscode-extension/main-repo/javavscode/netbeans/nbbuild/netbeans/groovy" />
    <property name="webcommon/api.knockout.dir" value="/Users/atalati/vscode-extension/main-repo/javavscode/netbeans/nbbuild/netbeans/webcommon" />
    <property name="hudson.LOGNAME" value="atalati" />
    <property name="ide/o.eclipse.equinox.registry.dir" value="/Users/atalati/vscode-extension/main-repo/javavscode/netbeans/nbbuild/netbeans/ide" />
    <property name="ide/xml.wsdl.model.dir" value="/Users/atalati/vscode-extension/main-repo/javavscode/netbeans/nbbuild/netbeans/ide" />
    <property name="platform/options.keymap.dir" value="/Users/atalati/vscode-extension/main-repo/javavscode/netbeans/nbbuild/netbeans/platform" />
    <property name="java/java.metrics.dir" value="/Users/atalati/vscode-extension/main-repo/javavscode/netbeans/nbbuild/netbeans/java" />
    <property name="nb.cluster.websvccommon.depends" value="nb.cluster.ide,nb.cluster.platform" />
    <property name="lexer.nbbridge.dir" value="/Users/atalati/vscode-extension/main-repo/javavscode/netbeans/nbbuild/netbeans/ide" />
    <property name="ide/slf4j.api.dir" value="/Users/atalati/vscode-extension/main-repo/javavscode/netbeans/nbbuild/netbeans/ide" />
    <property name="ide/target.iterator.dir" value="/Users/atalati/vscode-extension/main-repo/javavscode/netbeans/nbbuild/netbeans/ide" />
    <property name="test.unit.runtime.cp" value="/Users/atalati/vscode-extension/main-repo/javavscode/netbeans/nbbuild/netbeans/ide/modules/com-google-gson.jar:/Users/atalati/vscode-extension/main-repo/javavscode/netbeans/nbbuild/netbeans/ide/modules/com-google-guava.jar:/Users/atalati/vscode-extension/main-repo/javavscode/netbeans/nbbuild/netbeans/platform/lib/boot.jar:/Users/atalati/vscode-extension/main-repo/javavscode/netbeans/nbbuild/netbeans/platform/core/core.jar:/Users/atalati/vscode-extension/main-repo/javavscode/netbeans/nbbuild/netbeans/platform/modules/org-netbeans-core-windows.jar:/Users/atalati/vscode-extension/main-repo/javavscode/netbeans/nbbuild/netbeans/ide/modules/org-netbeans-libs-freemarker.jar:/Users/atalati/vscode-extension/main-repo/javavscode/netbeans/nbbuild/netbeans/platform/modules/org-netbeans-libs-junit4.jar:/Users/atalati/vscode-extension/main-repo/javavscode/netbeans/nbbuild/netbeans/platform/modules/org-openide-io.jar:/Users/atalati/vscode-extension/main-repo/javavscode/netbeans/nbbuild/netbeans/ide/modules/org-netbeans-modules-options-editor.jar:/Users/atalati/vscode-extension/main-repo/javavscode/netbeans/nbbuild/netbeans/ide/modules/org-netbeans-modules-projectuiapi-base.jar:/Users/atalati/vscode-extension/main-repo/javavscode/netbeans/nbbuild/netbeans/platform/modules/org-netbeans-api-progress.jar:/Users/atalati/vscode-extension/main-repo/javavscode/netbeans/nbbuild/netbeans/ide/modules/org-netbeans-modules-editor-settings-storage.jar:/Users/atalati/vscode-extension/main-repo/javavscode/netbeans/nbbuild/netbeans/ide/modules/org-netbeans-api-xml.jar:/Users/atalati/vscode-extension/main-repo/javavscode/netbeans/nbbuild/netbeans/platform/lib/org-openide-util-ui.jar:/Users/atalati/vscode-extension/main-repo/javavscode/netbeans/nbbuild/netbeans/java/modules/org-netbeans-libs-javacapi.jar:/Users/atalati/vscode-extension/main-repo/javavscode/netbeans/nbbuild/netbeans/ide/modules/org-netbeans-modules-editor-fold.jar:/Users/atalati/vscode-extension/main-repo/javavscode/netbeans/nbbuild/netbeans/ide/modules/org-apache-xml-resolver.jar:/Users/atalati/vscode-extension/main-repo/javavscode/netbeans/nbbuild/netbeans/platform/modules/org-netbeans-swing-plaf.jar:/Users/atalati/vscode-extension/main-repo/javavscode/netbeans/nbbuild/netbeans/ide/modules/org-netbeans-modules-editor-fold-nbui.jar:/Users/atalati/vscode-extension/main-repo/javavscode/netbeans/nbbuild/netbeans/ide/modules/org-netbeans-modules-editor-settings-lib.jar:/Users/atalati/vscode-extension/main-repo/javavscode/netbeans/nbbuild/netbeans/ide/modules/org-netbeans-modules-editor-document.jar:/Users/atalati/vscode-extension/main-repo/javavscode/netbeans/nbbuild/netbeans/platform/core/org-netbeans-libs-asm.jar:/Users/atalati/vscode-extension/main-repo/javavscode/netbeans/nbbuild/netbeans/platform/modules/org-openide-text.jar:/Users/atalati/vscode-extension/main-repo/javavscode/netbeans/nbbuild/netbeans/java/modules/org-netbeans-api-java.jar:/Users/atalati/vscode-extension/main-repo/javavscode/netbeans/nbbuild/netbeans/ide/modules/org-netbeans-modules-xml-catalog.jar:/Users/atalati/vscode-extension/main-repo/javavscode/netbeans/nbbuild/netbeans/platform/modules/org-netbeans-modules-options-api.jar:/Users/atalati/vscode-extension/main-repo/javavscode/netbeans/nbbuild/netbeans/platform/lib/org-openide-modules.jar:/Users/atalati/vscode-extension/main-repo/javavscode/netbeans/nbbuild/netbeans/ide/modules/org-netbeans-modules-editor-guards.jar:/Users/atalati/vscode-extension/main-repo/javavscode/netbeans/nbbuild/netbeans/platform/modules/org-openide-filesystems-nb.jar:/Users/atalati/vscode-extension/main-repo/javavscode/netbeans/nbbuild/netbeans/ide/modules/org-netbeans-spi-tasklist.jar:/Users/atalati/vscode-extension/main-repo/javavscode/netbeans/nbbuild/netbeans/platform/modules/org-netbeans-modules-keyring.jar:/Users/atalati/vscode-extension/main-repo/javavscode/netbeans/nbbuild/netbeans/platform/modules/org-netbeans-modules-options-keymap.jar:/Users/atalati/vscode-extension/main-repo/javavscode/netbeans/nbbuild/netbeans/java/modules/org-netbeans-lib-nbjavac.jar:/Users/atalati/vscode-extension/main-repo/javavscode/netbeans/nbbuild/netbeans/ide/modules/org-netbeans-modules-project-indexingbridge.jar:/Users/atalati/vscode-extension/main-repo/javavscode/netbeans/nbbuild/netbeans/ide/modules/org-netbeans-modules-diff.jar:/Users/atalati/vscode-extension/main-repo/javavscode/netbeans/nbbuild/netbeans/platform/modules/org-netbeans-api-templates.jar:/Users/atalati/vscode-extension/main-repo/javavscode/netbeans/nbbuild/netbeans/ide/modules/org-netbeans-modules-project-spi-intern.jar:/Users/atalati/vscode-extension/main-repo/javavscode/netbeans/nbbuild/netbeans/platform/modules/org-netbeans-modules-queries.jar:/Users/atalati/vscode-extension/main-repo/javavscode/netbeans/nbbuild/netbeans/ide/modules/org-netbeans-api-java-classpath.jar:/Users/atalati/vscode-extension/main-repo/javavscode/netbeans/nbbuild/netbeans/ide/modules/org-netbeans-modules-lexer.jar:/Users/atalati/vscode-extension/main-repo/javavscode/netbeans/nbbuild/netbeans/platform/lib/org-openide-util-lookup.jar:/Users/atalati/vscode-extension/main-repo/javavscode/netbeans/nbbuild/netbeans/ide/modules/org-netbeans-modules-project-ant.jar:/Users/atalati/vscode-extension/main-repo/javavscode/netbeans/nbbuild/netbeans/java/modules/org-netbeans-modules-java-platform.jar:/Users/atalati/vscode-extension/main-repo/javavscode/netbeans/nbbuild/netbeans/platform/modules/org-netbeans-modules-editor-mimelookup.jar:/Users/atalati/vscode-extension/main-repo/javavscode/netbeans/nbbuild/netbeans/java/modules/org-netbeans-modules-java-lexer.jar:/Users/atalati/vscode-extension/main-repo/javavscode/netbeans/nbbuild/netbeans/platform/modules/org-netbeans-api-annotations-common.jar:/Users/atalati/vscode-extension/main-repo/javavscode/netbeans/nbbuild/netbeans/platform/modules/org-netbeans-core.jar:/Users/atalati/vscode-extension/main-repo/javavscode/netbeans/nbbuild/netbeans/ide/modules/org-netbeans-modules-refactoring-api.jar:/Users/atalati/vscode-extension/main-repo/javavscode/netbeans/nbbuild/netbeans/ide/modules/org-netbeans-modules-editor-util.jar:/Users/atalati/vscode-extension/main-repo/javavscode/netbeans/nbbuild/netbeans/java/modules/org-netbeans-modules-classfile.jar:/Users/atalati/vscode-extension/main-repo/javavscode/netbeans/nbbuild/netbeans/platform/lib/org-openide-util.jar:/Users/atalati/vscode-extension/main-repo/javavscode/netbeans/nbbuild/netbeans/platform/modules/org-netbeans-spi-quicksearch.jar:/Users/atalati/vscode-extension/main-repo/javavscode/netbeans/nbbuild/netbeans/ide/modules/org-netbeans-modules-parsing-indexing.jar:/Users/atalati/vscode-extension/main-repo/javavscode/netbeans/nbbuild/netbeans/platform/modules/org-openide-windows.jar:/Users/atalati/vscode-extension/main-repo/javavscode/netbeans/nbbuild/netbeans/ide/modules/org-netbeans-modules-editor-errorstripe-api.jar:/Users/atalati/vscode-extension/main-repo/javavscode/netbeans/nbbuild/netbeans/java/modules/org-netbeans-modules-java-project.jar:/Users/atalati/vscode-extension/main-repo/javavscode/netbeans/nbbuild/netbeans/platform/modules/org-netbeans-modules-masterfs.jar:/Users/atalati/vscode-extension/main-repo/javavscode/netbeans/nbbuild/netbeans/ide/modules/org-netbeans-libs-lucene.jar:/Users/atalati/vscode-extension/main-repo/javavscode/netbeans/nbbuild/netbeans/ide/modules/org-netbeans-modules-editor-indent.jar:/Users/atalati/vscode-extension/main-repo/javavscode/netbeans/nbbuild/netbeans/platform/modules/org-openide-explorer.jar:/Users/atalati/vscode-extension/main-repo/javavscode/netbeans/nbbuild/netbeans/java/modules/org-netbeans-modules-java-preprocessorbridge.jar:/Users/atalati/vscode-extension/main-repo/javavscode/netbeans/nbbuild/netbeans/platform/modules/org-netbeans-modules-sampler.jar:/Users/atalati/vscode-extension/main-repo/javavscode/netbeans/nbbuild/netbeans/java/modules/org-netbeans-api-debugger-jpda.jar:/Users/atalati/vscode-extension/main-repo/javavscode/netbeans/nbbuild/netbeans/ide/modules/org-netbeans-modules-editor-lib.jar:/Users/atalati/vscode-extension/main-repo/javavscode/netbeans/nbbuild/netbeans/ide/modules/org-netbeans-modules-project-libraries.jar:/Users/atalati/vscode-extension/main-repo/javavscode/netbeans/nbbuild/netbeans/platform/modules/org-openide-dialogs.jar:/Users/atalati/vscode-extension/main-repo/javavscode/netbeans/nbbuild/netbeans/ide/modules/org-netbeans-modules-projectapi.jar:/Users/atalati/vscode-extension/main-repo/javavscode/netbeans/nbbuild/netbeans/platform/core/org-openide-filesystems.jar:/Users/atalati/vscode-extension/main-repo/javavscode/netbeans/nbbuild/netbeans/ide/modules/org-netbeans-modules-editor-errorstripe.jar:/Users/atalati/vscode-extension/main-repo/javavscode/netbeans/nbbuild/netbeans/platform/modules/org-openide-awt.jar:/Users/atalati/vscode-extension/main-repo/javavscode/netbeans/nbbuild/netbeans/platform/modules/org-netbeans-api-scripting.jar:/Users/atalati/vscode-extension/main-repo/javavscode/netbeans/nbbuild/netbeans/platform/modules/org-netbeans-swing-tabcontrol.jar:/Users/atalati/vscode-extension/main-repo/javavscode/netbeans/nbbuild/netbeans/java/modules/org-netbeans-modules-debugger-jpda-projects.jar:/Users/atalati/vscode-extension/main-repo/javavscode/netbeans/nbbuild/netbeans/platform/modules/org-openide-actions.jar:/Users/atalati/vscode-extension/main-repo/javavscode/netbeans/nbbuild/netbeans/ide/modules/org-netbeans-modules-parsing-lucene.jar:/Users/atalati/vscode-extension/main-repo/javavscode/netbeans/nbbuild/netbeans/java/modules/org-netbeans-modules-java-source-base.jar:/Users/atalati/vscode-extension/main-repo/javavscode/netbeans/nbbuild/netbeans/ide/modules/org-netbeans-modules-editor-settings.jar:/Users/atalati/vscode-extension/main-repo/javavscode/netbeans/nbbuild/netbeans/platform/modules/org-netbeans-api-io.jar:/Users/atalati/vscode-extension/main-repo/javavscode/netbeans/nbbuild/netbeans/ide/modules/org-netbeans-modules-editor.jar:/Users/atalati/vscode-extension/main-repo/javavscode/netbeans/nbbuild/netbeans/platform/modules/org-openide-loaders.jar:/Users/atalati/vscode-extension/main-repo/javavscode/netbeans/nbbuild/netbeans/platform/modules/org-netbeans-api-intent.jar:/Users/atalati/vscode-extension/main-repo/javavscode/netbeans/nbbuild/netbeans/ide/modules/org-netbeans-api-lsp.jar:/Users/atalati/vscode-extension/main-repo/javavscode/netbeans/nbbuild/netbeans/platform/modules/org-openide-nodes.jar:/Users/atalati/vscode-extension/main-repo/javavscode/netbeans/nbbuild/netbeans/ide/modules/org-netbeans-modules-editor-lib2.jar:/Users/atalati/vscode-extension/main-repo/javavscode/netbeans/nbbuild/netbeans/platform/modules/org-netbeans-swing-outline.jar:/Users/atalati/vscode-extension/main-repo/javavscode/netbeans/nbbuild/netbeans/platform/core/core-base.jar:/Users/atalati/vscode-extension/main-repo/javavscode/netbeans/nbbuild/netbeans/platform/modules/org-netbeans-api-progress-nb.jar:/Users/atalati/vscode-extension/main-repo/javavscode/netbeans/nbbuild/netbeans/ide/modules/org-netbeans-api-debugger.jar:/Users/atalati/vscode-extension/main-repo/javavscode/netbeans/nbbuild/netbeans/ide/modules/org-netbeans-modules-parsing-api.jar:/Users/atalati/vscode-extension/main-repo/javavscode/netbeans/nbbuild/netbeans/ide/modules/org-netbeans-modules-editor-actions.jar:/Users/atalati/vscode-extension/main-repo/javavscode/netbeans/nbbuild/netbeans/platform/modules/org-netbeans-modules-editor-mimelookup-impl.jar:/Users/atalati/vscode-extension/main-repo/javavscode/netbeans/nbbuild/netbeans/ide/modules/org-netbeans-modules-editor-tools-storage.jar:/Users/atalati/vscode-extension/main-repo/javavscode/netbeans/nbbuild/netbeans/ide/modules/org-netbeans-modules-extexecution-process.jar:/Users/atalati/vscode-extension/main-repo/javavscode/netbeans/nbbuild/netbeans/platform/modules/org-netbeans-libs-jna.jar:/Users/atalati/vscode-extension/main-repo/javavscode/netbeans/nbbuild/netbeans/ide/modules/org-netbeans-modules-extexecution-base.jar:/Users/atalati/vscode-extension/main-repo/javavscode/netbeans/nbbuild/netbeans/ide/modules/org-netbeans-modules-extexecution-process-jdk9.jar:/Users/atalati/vscode-extension/main-repo/javavscode/netbeans/nbbuild/netbeans/java/modules/org-netbeans-modules-java-hints-declarative.jar:/Users/atalati/vscode-extension/main-repo/javavscode/netbeans/nbbuild/netbeans/java/modules/org-netbeans-modules-java-j2seplatform.jar:/Users/atalati/vscode-extension/main-repo/javavscode/netbeans/nbbuild/netbeans/extide/modules/org-netbeans-modules-options-java.jar:/Users/atalati/vscode-extension/main-repo/javavscode/netbeans/nbbuild/netbeans/platform/modules/org-netbeans-modules-autoupdate-services.jar:/Users/atalati/vscode-extension/main-repo/javavscode/netbeans/nbbuild/netbeans/ide/modules/org-netbeans-modules-extexecution.jar:/Users/atalati/vscode-extension/main-repo/javavscode/netbeans/nbbuild/netbeans/ide/modules/org-netbeans-modules-project-ant-ui.jar:/Users/atalati/vscode-extension/main-repo/javavscode/netbeans/nbbuild/netbeans/java/modules/org-netbeans-modules-java-platform-ui.jar:/Users/atalati/vscode-extension/main-repo/javavscode/netbeans/nbbuild/netbeans/platform/modules/org-netbeans-api-search.jar:/Users/atalati/vscode-extension/main-repo/javavscode/netbeans/nbbuild/netbeans/java/modules/org-netbeans-modules-java-openjdk-project.jar:/Users/atalati/vscode-extension/main-repo/javavscode/netbeans/nbbuild/netbeans/ide/modules/org-netbeans-spi-navigator.jar:/Users/atalati/vscode-extension/main-repo/javavscode/netbeans/nbbuild/netbeans/java/modules/org-netbeans-spi-java-hints.jar:/Users/atalati/vscode-extension/main-repo/javavscode/netbeans/nbbuild/netbeans/ide/modules/org-netbeans-api-xml-ui.jar:/Users/atalati/vscode-extension/main-repo/javavscode/netbeans/nbbuild/netbeans/platform/modules/org-openide-execution.jar:/Users/atalati/vscode-extension/main-repo/javavscode/netbeans/nbbuild/netbeans/java/modules/org-netbeans-modules-java-sourceui.jar:/Users/atalati/vscode-extension/main-repo/javavscode/netbeans/nbbuild/netbeans/ide/modules/org-netbeans-modules-projectuiapi.jar:/Users/atalati/vscode-extension/main-repo/javavscode/netbeans/nbbuild/netbeans/ide/modules/org-netbeans-modules-project-libraries-ui.jar:/Users/atalati/vscode-extension/main-repo/javavscode/netbeans/nbbuild/netbeans/ide/modules/org-netbeans-modules-gsf-testrunner-ui.jar:/Users/atalati/vscode-extension/main-repo/javavscode/netbeans/nbbuild/netbeans/java/modules/org-netbeans-modules-java-source.jar:/Users/atalati/vscode-extension/main-repo/javavscode/netbeans/nbbuild/netbeans/java/modules/org-netbeans-modules-java-testrunner-ui.jar:/Users/atalati/vscode-extension/main-repo/javavscode/netbeans/nbbuild/netbeans/java/modules/org-netbeans-modules-java-testrunner.jar:/Users/atalati/vscode-extension/main-repo/javavscode/netbeans/nbbuild/netbeans/ide/modules/org-netbeans-modules-jumpto.jar:/Users/atalati/vscode-extension/main-repo/javavscode/netbeans/nbbuild/netbeans/extide/modules/org-apache-tools-ant-module.jar:/Users/atalati/vscode-extension/main-repo/javavscode/netbeans/nbbuild/netbeans/ide/modules/org-netbeans-modules-editor-indent-project.jar:/Users/atalati/vscode-extension/main-repo/javavscode/netbeans/nbbuild/netbeans/ide/modules/org-netbeans-spi-editor-hints.jar:/Users/atalati/vscode-extension/main-repo/javavscode/netbeans/nbbuild/netbeans/platform/modules/org-netbeans-core-multiview.jar:/Users/atalati/vscode-extension/main-repo/javavscode/netbeans/nbbuild/netbeans/ide/modules/org-netbeans-modules-code-analysis.jar:/Users/atalati/vscode-extension/main-repo/javavscode/netbeans/nbbuild/netbeans/platform/modules/org-netbeans-modules-settings.jar:/Users/atalati/vscode-extension/main-repo/javavscode/netbeans/nbbuild/netbeans/java/modules/org-netbeans-modules-java-project-ui.jar:/Users/atalati/vscode-extension/main-repo/javavscode/netbeans/nbbuild/netbeans/ide/modules/org-netbeans-modules-editor-indent-support.jar:/Users/atalati/vscode-extension/main-repo/javavscode/netbeans/nbbuild/netbeans/ide/modules/org-netbeans-modules-gsf-testrunner.jar:/Users/atalati/vscode-extension/main-repo/javavscode/netbeans/nbbuild/netbeans/platform/modules/org-netbeans-core-ui.jar:/Users/atalati/vscode-extension/main-repo/javavscode/netbeans/nbbuild/build/testdist/unit/java/org-netbeans-modules-java-source-base/tests.jar:/Users/atalati/vscode-extension/main-repo/javavscode/netbeans/nbbuild/netbeans/ide/modules/org-netbeans-modules-lexer-nbbridge.jar:/Users/atalati/vscode-extension/main-repo/javavscode/netbeans/nbbuild/netbeans/ide/modules/org-netbeans-modules-project-dependency.jar:/Users/atalati/vscode-extension/main-repo/javavscode/netbeans/nbbuild/netbeans/java/modules/org-netbeans-modules-maven.jar:/Users/atalati/vscode-extension/main-repo/javavscode/netbeans/nbbuild/netbeans/ide/modules/org-netbeans-modules-web-common.jar:/Users/atalati/vscode-extension/main-repo/javavscode/netbeans/nbbuild/netbeans/platform/modules/org-apache-commons-logging.jar:/Users/atalati/vscode-extension/main-repo/javavscode/netbeans/nbbuild/netbeans/platform/modules/org-apache-commons-codec.jar:/Users/atalati/vscode-extension/main-repo/javavscode/netbeans/nbbuild/netbeans/ide/modules/org-netbeans-modules-xml-xam.jar:/Users/atalati/vscode-extension/main-repo/javavscode/netbeans/nbbuild/netbeans/ide/modules/org-netbeans-libs-antlr3-runtime.jar:/Users/atalati/vscode-extension/main-repo/javavscode/netbeans/nbbuild/netbeans/platform/modules/org-netbeans-modules-favorites.jar:/Users/atalati/vscode-extension/main-repo/javavscode/netbeans/nbbuild/netbeans/java/modules/org-netbeans-modules-maven-indexer-ui.jar:/Users/atalati/vscode-extension/main-repo/javavscode/netbeans/nbbuild/netbeans/platform/modules/org-netbeans-core-execution.jar:/Users/atalati/vscode-extension/main-repo/javavscode/netbeans/nbbuild/netbeans/ide/modules/org-netbeans-modules-swing-validation.jar:/Users/atalati/vscode-extension/main-repo/javavscode/netbeans/nbbuild/netbeans/platform/modules/org-netbeans-modules-sendopts.jar:/Users/atalati/vscode-extension/main-repo/javavscode/netbeans/nbbuild/netbeans/ide/modules/org-netbeans-modules-projectui.jar:/Users/atalati/vscode-extension/main-repo/javavscode/netbeans/nbbuild/netbeans/java/modules/org-netbeans-modules-java-api-common.jar:/Users/atalati/vscode-extension/main-repo/javavscode/netbeans/nbbuild/netbeans/java/modules/org-netbeans-modules-maven-embedder.jar:/Users/atalati/vscode-extension/main-repo/javavscode/netbeans/nbbuild/netbeans/java/modules/org-netbeans-modules-maven-model.jar:/Users/atalati/vscode-extension/main-repo/javavscode/netbeans/nbbuild/netbeans/ide/modules/org-netbeans-libs-json_simple.jar:/Users/atalati/vscode-extension/main-repo/javavscode/netbeans/nbbuild/netbeans/java/modules/org-netbeans-modules-maven-indexer.jar:/Users/atalati/vscode-extension/main-repo/javavscode/netbeans/nbbuild/netbeans/harness/modules/org-netbeans-insane.jar:/Users/atalati/vscode-extension/main-repo/javavscode/netbeans/nbbuild/netbeans/harness/modules/org-netbeans-modules-nbjunit.jar:/Users/atalati/vscode-extension/main-repo/javavscode/netbeans/nbbuild/netbeans/ide/modules/org-netbeans-modules-parsing-nb.jar:/Users/atalati/vscode-extension/main-repo/javavscode/netbeans/nbbuild/netbeans/ide/modules/org-netbeans-modules-projectapi-nb.jar:/Users/atalati/vscode-extension/main-repo/javavscode/netbeans/nbbuild/netbeans/ide/modules/org-netbeans-spi-editor-hints-projects.jar:/Users/atalati/vscode-extension/main-repo/javavscode/netbeans/nbbuild/build/testdist/unit/platform/org-openide-util-lookup/tests.jar:/Users/atalati/vscode-extension/main-repo/javavscode/netbeans/nbbuild/netbeans/extide/modules/org-netbeans-modules-gradle.jar:/Users/atalati/vscode-extension/main-repo/javavscode/netbeans/nbbuild/netbeans/ide/modules/slf4j-api.jar:/Users/atalati/vscode-extension/main-repo/javavscode/netbeans/nbbuild/netbeans/ide/modules/slf4j-jdk14.jar:/Users/atalati/vscode-extension/main-repo/javavscode/netbeans/nbbuild/netbeans/extide/modules/org-netbeans-modules-libs-gradle.jar:/Users/atalati/vscode-extension/main-repo/javavscode/netbeans/nbbuild/netbeans/java/modules/org-netbeans-modules-gradle-java.jar:/Users/atalati/vscode-extension/main-repo/javavscode/netbeans/nbbuild/build/testdist/unit/platform/org-openide-modules/tests.jar" />
    <property name="nb.cluster.php" value="hudson.php,languages.neon,libs.javacup,php.api.annotation,php.api.documentation,php.api.editor,php.api.executable,php.api.framework,php.api.phpmodule,php.api.templates,php.api.testing,php.apigen,php.atoum,php.code.analysis,php.codeception,php.composer,php.dbgp,php.doctrine2,php.editor,php.kit,php.latte,php.nette.tester,php.nette2,php.phing,php.phpdoc,php.phpunit,php.project,php.refactoring,php.samples,php.smarty,php.symfony,php.symfony2,php.twig,php.zend,php.zend2,selenium2.php,spellchecker.bindings.php,websvc.saas.codegen.php" />
    <property name="ide/o.eclipse.core.runtime.dir" value="/Users/atalati/vscode-extension/main-repo/javavscode/netbeans/nbbuild/netbeans/ide" />
    <property name="harness/jellytools.platform.dir" value="/Users/atalati/vscode-extension/main-repo/javavscode/netbeans/nbbuild/netbeans/harness" />
    <property name="enterprise/cloud.common.dir" value="/Users/atalati/vscode-extension/main-repo/javavscode/netbeans/nbbuild/netbeans/enterprise" />
    <property name="nb.cluster.nb.dir" value="nb" />
    <property name="enterprise/j2ee.kit.dir" value="/Users/atalati/vscode-extension/main-repo/javavscode/netbeans/nbbuild/netbeans/enterprise" />
    <property name="nb/ide.branding.dir" value="/Users/atalati/vscode-extension/main-repo/javavscode/netbeans/nbbuild/netbeans/nb" />
    <property name="web.javascript.debugger.dir" value="/Users/atalati/vscode-extension/main-repo/javavscode/netbeans/nbbuild/netbeans/webcommon" />
    <property name="java/websvc.jaxws21.dir" value="/Users/atalati/vscode-extension/main-repo/javavscode/netbeans/nbbuild/netbeans/java" />
    <property name="java/projectimport.eclipse.j2se.dir" value="/Users/atalati/vscode-extension/main-repo/javavscode/netbeans/nbbuild/netbeans/java" />
    <property name="webcommon/javascript2.editor.dir" value="/Users/atalati/vscode-extension/main-repo/javavscode/netbeans/nbbuild/netbeans/webcommon" />
    <property name="java/debugger.jpda.truffle.dir" value="/Users/atalati/vscode-extension/main-repo/javavscode/netbeans/nbbuild/netbeans/java" />
    <property name="editor.breadcrumbs.dir" value="/Users/atalati/vscode-extension/main-repo/javavscode/netbeans/nbbuild/netbeans/ide" />
    <property name="spi.viewmodel.dir" value="/Users/atalati/vscode-extension/main-repo/javavscode/netbeans/nbbuild/netbeans/ide" />
    <property name="php.code.analysis.dir" value="/Users/atalati/vscode-extension/main-repo/javavscode/netbeans/nbbuild/netbeans/php" />
    <property name="enterprise/web.struts.dir" value="/Users/atalati/vscode-extension/main-repo/javavscode/netbeans/nbbuild/netbeans/enterprise" />
    <property name="platform/o.n.core.dir" value="/Users/atalati/vscode-extension/main-repo/javavscode/netbeans/nbbuild/netbeans/platform" />
    <property name="ide/project.ant.compat8.dir" value="/Users/atalati/vscode-extension/main-repo/javavscode/netbeans/nbbuild/netbeans/ide" />
    <property name="hudson.subversion.dir" value="/Users/atalati/vscode-extension/main-repo/javavscode/netbeans/nbbuild/netbeans/ide" />
    <property name="extra/libs.javafx.linux.dir" value="/Users/atalati/vscode-extension/main-repo/javavscode/netbeans/nbbuild/netbeans/extra" />
    <property name="javascript2.extjs.dir" value="/Users/atalati/vscode-extension/main-repo/javavscode/netbeans/nbbuild/netbeans/webcommon" />
    <property name="db.kit.dir" value="/Users/atalati/vscode-extension/main-repo/javavscode/netbeans/nbbuild/netbeans/ide" />
    <property name="xml.xdm.dir" value="/Users/atalati/vscode-extension/main-repo/javavscode/netbeans/nbbuild/netbeans/ide" />
    <property name="java/java.source.base.dir" value="/Users/atalati/vscode-extension/main-repo/javavscode/netbeans/nbbuild/netbeans/java" />
    <property name="hudson.XPC_SERVICE_NAME" value="0" />
    <property name="editor.deprecated.pre65formatting.dir" value="/Users/atalati/vscode-extension/main-repo/javavscode/netbeans/nbbuild/netbeans/ide" />
    <property name="libs.javafx.linux.aarch64.dir" value="/Users/atalati/vscode-extension/main-repo/javavscode/netbeans/nbbuild/netbeans/extra" />
    <property name="platform/openide.filesystems.compat8.dir" value="/Users/atalati/vscode-extension/main-repo/javavscode/netbeans/nbbuild/netbeans/platform" />
    <property name="nb.cluster.identity" value="identity.ant,identity.kit,identity.profile.api,identity.profile.ui,identity.samples,identity.server.manager" />
    <property name="user.name" value="atalati" />
    <property name="gradle.persistence.dir" value="/Users/atalati/vscode-extension/main-repo/javavscode/netbeans/nbbuild/netbeans/java" />
    <property name="nbm.module.author" value="" />
    <property name="api.java.classpath.dir" value="/Users/atalati/vscode-extension/main-repo/javavscode/netbeans/nbbuild/netbeans/ide" />
    <property name="ide/projectuiapi.base.dir" value="/Users/atalati/vscode-extension/main-repo/javavscode/netbeans/nbbuild/netbeans/ide" />
    <property name="nb.cluster.team.depends" value="nb.cluster.harness,nb.cluster.platform,nb.cluster.ide" />
    <property name="locjar.brands" value="" />
    <property name="ide/dbapi.dir" value="/Users/atalati/vscode-extension/main-repo/javavscode/netbeans/nbbuild/netbeans/ide" />
    <property name="java.platform.dir" value="/Users/atalati/vscode-extension/main-repo/javavscode/netbeans/nbbuild/netbeans/java" />
    <property name="ide/hudson.ui.dir" value="/Users/atalati/vscode-extension/main-repo/javavscode/netbeans/nbbuild/netbeans/ide" />
    <property name="java/debugger.jpda.visual.dir" value="/Users/atalati/vscode-extension/main-repo/javavscode/netbeans/nbbuild/netbeans/java" />
    <property name="java/java.lsp.server.dir" value="/Users/atalati/vscode-extension/main-repo/javavscode/netbeans/nbbuild/netbeans/java" />
    <property name="java/java.nativeimage.debugger.dir" value="/Users/atalati/vscode-extension/main-repo/javavscode/netbeans/nbbuild/netbeans/java" />
    <property name="php/php.phing.dir" value="/Users/atalati/vscode-extension/main-repo/javavscode/netbeans/nbbuild/netbeans/php" />
    <property name="ide/jumpto.dir" value="/Users/atalati/vscode-extension/main-repo/javavscode/netbeans/nbbuild/netbeans/ide" />
    <property name="editor.indent.project.dir" value="/Users/atalati/vscode-extension/main-repo/javavscode/netbeans/nbbuild/netbeans/ide" />
    <property name="ide/libs.antlr4.runtime.dir" value="/Users/atalati/vscode-extension/main-repo/javavscode/netbeans/nbbuild/netbeans/ide" />
    <property name="ant.debugger.dir" value="/Users/atalati/vscode-extension/main-repo/javavscode/netbeans/nbbuild/netbeans/java" />
    <property name="core.multitabs.dir" value="/Users/atalati/vscode-extension/main-repo/javavscode/netbeans/nbbuild/netbeans/platform" />
    <property name="nb.cluster.ide.depends" value="nb.cluster.platform,nb.cluster.harness" />
    <property name="nb.cluster.cnd" value="cnd,cnd.analysis.api,cnd.analysis.impl,cnd.antlr,cnd.api.model,cnd.api.project,cnd.api.remote,cnd.api.remote.ui,cnd.apt,cnd.asm,cnd.callgraph,cnd.classview,cnd.cncppunit,cnd.completion,cnd.debugger.common2,cnd.debugger.dbx,cnd.debugger.gdb2,cnd.discovery,cnd.dwarfdiscovery,cnd.dwarfdump,cnd.editor,cnd.gotodeclaration,cnd.highlight,cnd.indexing,cnd.kit,cnd.lexer,cnd.makeproject,cnd.makeproject.source.bridge,cnd.makeproject.ui,cnd.model.jclank.bridge,cnd.model.services,cnd.modeldiscovery,cnd.modelimpl,cnd.modelui,cnd.modelutil,cnd.navigation,cnd.qnavigator,cnd.refactoring,cnd.remote,cnd.remote.projectui,cnd.remote.ui,cnd.repository,cnd.repository.api,cnd.script,cnd.search,cnd.simpleunit,cnd.source,cnd.spellchecker.bindings,cnd.testrunner,cnd.toolchain,cnd.toolchain.ui,cnd.ui,cnd.utils,cnd.utils.ui,jellytools.cnd,libs.clank,libs.dbx.support" />
    <property name="editor.tools.storage.dir" value="/Users/atalati/vscode-extension/main-repo/javavscode/netbeans/nbbuild/netbeans/ide" />
    <property name="ant.version" value="Apache Ant(TM) version 1.10.14 compiled on August 16 2023" />
    <property name="hudson.NVM_INC" value="/Users/atalati/.nvm/versions/node/v20.10.0/include/node" />
    <property name="javafx2.platform.dir" value="/Users/atalati/vscode-extension/main-repo/javavscode/netbeans/nbbuild/netbeans/javafx" />
    <property name="j2ee.ejbrefactoring.dir" value="/Users/atalati/vscode-extension/main-repo/javavscode/netbeans/nbbuild/netbeans/enterprise" />
    <property name="profiler.kit.dir" value="/Users/atalati/vscode-extension/main-repo/javavscode/netbeans/nbbuild/netbeans/profiler" />
    <property name="bcpkix.dir" value="/Users/atalati/vscode-extension/main-repo/javavscode/netbeans/nbbuild/netbeans/ide" />
    <property name="uihandler.dir" value="/Users/atalati/vscode-extension/main-repo/javavscode/netbeans/nbbuild/netbeans/platform" />
    <property name="build.test.unit.work.dir" value="/Users/atalati/vscode-extension/main-repo/javavscode/netbeans/java/java.lsp.server/build/test/unit/work" />
    <property name="ide/spellchecker.bindings.properties.dir" value="/Users/atalati/vscode-extension/main-repo/javavscode/netbeans/nbbuild/netbeans/ide" />
    <property name="websvc.design.dir" value="/Users/atalati/vscode-extension/main-repo/javavscode/netbeans/nbbuild/netbeans/enterprise" />
    <property name="applemenu.dir" value="/Users/atalati/vscode-extension/main-repo/javavscode/netbeans/nbbuild/netbeans/platform" />
    <property name="test.unit.cp.extra" value="" />
    <property name="tasks-already-set" value="true" />
    <property name="module.jar" value="modules/org-netbeans-modules-java-lsp-server.jar" />
    <property name="web.jsf.richfaces.dir" value="/Users/atalati/vscode-extension/main-repo/javavscode/netbeans/nbbuild/netbeans/enterprise" />
    <property name="debugger.jpda.projectsui.dir" value="/Users/atalati/vscode-extension/main-repo/javavscode/netbeans/nbbuild/netbeans/java" />
    <property name="settings.dir" value="/Users/atalati/vscode-extension/main-repo/javavscode/netbeans/nbbuild/netbeans/platform" />
    <property name="harness/nbjunit.dir" value="/Users/atalati/vscode-extension/main-repo/javavscode/netbeans/nbbuild/netbeans/harness" />
    <property name="java.vm.vendor" value="Oracle Corporation" />
    <property name="nb/updatecenters.dir" value="/Users/atalati/vscode-extension/main-repo/javavscode/netbeans/nbbuild/netbeans/nb" />
    <property name="payara.common.dir" value="/Users/atalati/vscode-extension/main-repo/javavscode/netbeans/nbbuild/netbeans/enterprise" />
    <property name="webcommon/javascript2.react.dir" value="/Users/atalati/vscode-extension/main-repo/javavscode/netbeans/nbbuild/netbeans/webcommon" />
    <property name="junit.ui.dir" value="/Users/atalati/vscode-extension/main-repo/javavscode/netbeans/nbbuild/netbeans/java" />
    <property name="hudson._CE_M" value="" />
    <property name="ide/hudson.dir" value="/Users/atalati/vscode-extension/main-repo/javavscode/netbeans/nbbuild/netbeans/ide" />
    <property name="selenium2.php.dir" value="/Users/atalati/vscode-extension/main-repo/javavscode/netbeans/nbbuild/netbeans/php" />
    <property name="maven.refactoring.dir" value="/Users/atalati/vscode-extension/main-repo/javavscode/netbeans/nbbuild/netbeans/java" />
    <property name="java/j2ee.eclipselinkmodelgen.dir" value="/Users/atalati/vscode-extension/main-repo/javavscode/netbeans/nbbuild/netbeans/java" />
    <property name="tools.jar" value="/Library/Java/JavaVirtualMachines/jdk-17.0.8.jdk/Contents/Home/lib/tools.jar" />
    <property name="user.language" value="en" />
    <property name="nb.cluster.cpplite.dir" value="cpplite" />
    <property name="enterprise/websvc.websvcapi.dir" value="/Users/atalati/vscode-extension/main-repo/javavscode/netbeans/nbbuild/netbeans/enterprise" />
    <property name="release.external/org.eclipse.lsp4j.generator-0.13.0.jar" value="modules/ext/org.eclipse.lsp4j.generator-0.13.0.jar" />
    <property name="html.custom.dir" value="/Users/atalati/vscode-extension/main-repo/javavscode/netbeans/nbbuild/netbeans/ide" />
    <property name="java/junit.dir" value="/Users/atalati/vscode-extension/main-repo/javavscode/netbeans/nbbuild/netbeans/java" />
    <property name="ide/projectapi.nb.dir" value="/Users/atalati/vscode-extension/main-repo/javavscode/netbeans/nbbuild/netbeans/ide" />
    <property name="ant.java.version" value="17" />
    <property name="editor.autosave.dir" value="/Users/atalati/vscode-extension/main-repo/javavscode/netbeans/nbbuild/netbeans/ide" />
    <property name="api.progress.compat8.dir" value="/Users/atalati/vscode-extension/main-repo/javavscode/netbeans/nbbuild/netbeans/platform" />
    <property name="webcommon/javascript2.knockout.dir" value="/Users/atalati/vscode-extension/main-repo/javavscode/netbeans/nbbuild/netbeans/webcommon" />
    <property name="ide/parsing.ui.dir" value="/Users/atalati/vscode-extension/main-repo/javavscode/netbeans/nbbuild/netbeans/ide" />
    <property name="javascript.v8debug.dir" value="/Users/atalati/vscode-extension/main-repo/javavscode/netbeans/nbbuild/netbeans/webcommon" />
    <property name="java.project.ui.dir" value="/Users/atalati/vscode-extension/main-repo/javavscode/netbeans/nbbuild/netbeans/java" />
    <property name="platform/core.network.dir" value="/Users/atalati/vscode-extension/main-repo/javavscode/netbeans/nbbuild/netbeans/platform" />
    <property name="release.external/org.eclipse.lsp4j.debug-0.13.0.jar" value="modules/ext/org.eclipse.lsp4j.debug-0.13.0.jar" />
    <property name="ide/editor.codetemplates.dir" value="/Users/atalati/vscode-extension/main-repo/javavscode/netbeans/nbbuild/netbeans/ide" />
    <property name="build.test.unit.classes.dir" value="/Users/atalati/vscode-extension/main-repo/javavscode/netbeans/java/java.lsp.server/build/test/unit/classes" />
    <property name="servletapi.dir" value="/Users/atalati/vscode-extension/main-repo/javavscode/netbeans/nbbuild/netbeans/ide" />
    <property name="ide/languages.dir" value="/Users/atalati/vscode-extension/main-repo/javavscode/netbeans/nbbuild/netbeans/ide" />
    <property name="java/maven.indexer.dir" value="/Users/atalati/vscode-extension/main-repo/javavscode/netbeans/nbbuild/netbeans/java" />
    <property name="ant.file.default" value="/Users/atalati/vscode-extension/main-repo/javavscode/netbeans/nbbuild/default.xml" />
    <property name="typescript.editor.dir" value="/Users/atalati/vscode-extension/main-repo/javavscode/netbeans/nbbuild/netbeans/webcommon" />
    <property name="maven.coverage.dir" value="/Users/atalati/vscode-extension/main-repo/javavscode/netbeans/nbbuild/netbeans/java" />
    <property name="nb.cluster.jira.depends" value="nb.cluster.harness,nb.cluster.platform,nb.cluster.ide" />
    <property name="enterprise/j2ee.ejbrefactoring.dir" value="/Users/atalati/vscode-extension/main-repo/javavscode/netbeans/nbbuild/netbeans/enterprise" />
    <property name="nbjunit.workdir" value="/Users/atalati/vscode-extension/main-repo/javavscode/netbeans/java/java.lsp.server/build/test/unit/work" />
    <property name="extide/o.apache.tools.ant.module.dir" value="/Users/atalati/vscode-extension/main-repo/javavscode/netbeans/nbbuild/netbeans/extide" />
    <property name="java/java.hints.test.dir" value="/Users/atalati/vscode-extension/main-repo/javavscode/netbeans/nbbuild/netbeans/java" />
    <property name="xml.jaxb.dir" value="/Users/atalati/vscode-extension/main-repo/javavscode/netbeans/nbbuild/netbeans/java" />
    <property name="platform/progress.ui.dir" value="/Users/atalati/vscode-extension/main-repo/javavscode/netbeans/nbbuild/netbeans/platform" />
    <property name="java/maven.junit.dir" value="/Users/atalati/vscode-extension/main-repo/javavscode/netbeans/nbbuild/netbeans/java" />
    <property name="ide/libs.commons_net.dir" value="/Users/atalati/vscode-extension/main-repo/javavscode/netbeans/nbbuild/netbeans/ide" />
    <property name="libs.c.kohlschutter.junixsocket.dir" value="/Users/atalati/vscode-extension/main-repo/javavscode/netbeans/nbbuild/netbeans/ide" />
    <property name="team.commons.dir" value="/Users/atalati/vscode-extension/main-repo/javavscode/netbeans/nbbuild/netbeans/ide" />
    <property name="javahelp.excludes" value="credits.html" />
    <property name="release.files.extra" value="modules/ext/org.eclipse.lsp4j-0.13.0.jar,modules/ext/org.eclipse.xtend.lib-2.24.0.jar,modules/ext/org.eclipse.xtext.xbase.lib-2.24.0.jar,modules/ext/org.eclipse.lsp4j.jsonrpc.debug-0.13.0.jar,modules/ext/org.eclipse.lsp4j.generator-0.13.0.jar,modules/ext/org.eclipse.xtend.lib.macro-2.24.0.jar,modules/ext/org.eclipse.lsp4j.debug-0.13.0.jar,modules/ext/org.eclipse.lsp4j.jsonrpc-0.13.0.jar" />
    <property name="java.vendor.url.bug" value="https://bugreport.java.com/bugreport/" />
    <property name="enterprise/web.jsf20.dir" value="/Users/atalati/vscode-extension/main-repo/javavscode/netbeans/nbbuild/netbeans/enterprise" />
    <property name="editor.mimelookup.dir" value="/Users/atalati/vscode-extension/main-repo/javavscode/netbeans/nbbuild/netbeans/platform" />
    <property name="editor.actions.dir" value="/Users/atalati/vscode-extension/main-repo/javavscode/netbeans/nbbuild/netbeans/ide" />
    <property name="jshell.support.dir" value="/Users/atalati/vscode-extension/main-repo/javavscode/netbeans/nbbuild/netbeans/java" />
    <property name="profiler/profiler.ppoints.dir" value="/Users/atalati/vscode-extension/main-repo/javavscode/netbeans/nbbuild/netbeans/profiler" />
    <property name="lib.profiler.common.dir" value="/Users/atalati/vscode-extension/main-repo/javavscode/netbeans/nbbuild/netbeans/profiler" />
    <property name="java.testrunner.ant.dir" value="/Users/atalati/vscode-extension/main-repo/javavscode/netbeans/nbbuild/netbeans/java" />
    <property name="hudson.CONDA_PYTHON_EXE" value="/opt/homebrew/Caskroom/miniconda/base/bin/python" />
    <property name="web.jsf.dir" value="/Users/atalati/vscode-extension/main-repo/javavscode/netbeans/nbbuild/netbeans/enterprise" />
    <property name="java.vm.version" value="17.0.8+9-LTS-211" />
    <property name="extide/options.java.dir" value="/Users/atalati/vscode-extension/main-repo/javavscode/netbeans/nbbuild/netbeans/extide" />
    <property name="websvccommon/websvc.jaxwsmodelapi.dir" value="/Users/atalati/vscode-extension/main-repo/javavscode/netbeans/nbbuild/netbeans/websvccommon" />
    <property name="bugtracking.dir" value="/Users/atalati/vscode-extension/main-repo/javavscode/netbeans/nbbuild/netbeans/ide" />
    <property name="nbjunit.hard.timeout" value="600000" />
    <property name="enterprise/javaee.specs.support.dir" value="/Users/atalati/vscode-extension/main-repo/javavscode/netbeans/nbbuild/netbeans/enterprise" />
    <property name="test.dist.dir" value="/Users/atalati/vscode-extension/main-repo/javavscode/netbeans/nbbuild/build/testdist" />
  </properties>
  <testcase classname="org.netbeans.modules.java.lsp.server.protocol.ServerTest" name="testDidOpenPreservesLines" time="1.607" />
  <testcase classname="org.netbeans.modules.java.lsp.server.protocol.ServerTest" name="testFixImports" time="3.251" />
  <testcase classname="org.netbeans.modules.java.lsp.server.protocol.ServerTest" name="testAdvancedCompletion1" time="1.281" />
  <testcase classname="org.netbeans.modules.java.lsp.server.protocol.ServerTest" name="testSurroundWith" time="1.245" />
  <testcase classname="org.netbeans.modules.java.lsp.server.protocol.ServerTest" name="testSourceActionOrganizeImports" time="0.091" />
  <testcase classname="org.netbeans.modules.java.lsp.server.protocol.ServerTest" name="testRenameDocumentChangesCapabilitiesRenameOp" time="0.765" />
  <testcase classname="org.netbeans.modules.java.lsp.server.protocol.ServerTest" name="testSimulateNewUnnamedFile" time="0.01" />
  <testcase classname="org.netbeans.modules.java.lsp.server.protocol.ServerTest" name="testCodeActionImplementAllAbstractMethodsInAnonymousClass" time="1.448" />
  <testcase classname="org.netbeans.modules.java.lsp.server.protocol.ServerTest" name="testCodeActionGetterSetter" time="0.08" />
  <testcase classname="org.netbeans.modules.java.lsp.server.protocol.ServerTest" name="testCodeActionGenerateConstructor" time="0.069" />
  <testcase classname="org.netbeans.modules.java.lsp.server.protocol.ServerTest" name="testPushDown" time="1.698" />
  <testcase classname="org.netbeans.modules.java.lsp.server.protocol.ServerTest" name="testSourceActionEqualsHashCode" time="0.492" />
  <testcase classname="org.netbeans.modules.java.lsp.server.protocol.ServerTest" name="testSemanticHighlighting" time="0.059" />
  <testcase classname="org.netbeans.modules.java.lsp.server.protocol.ServerTest" name="testSourceActionGetterSetter" time="0.097" />
  <testcase classname="org.netbeans.modules.java.lsp.server.protocol.ServerTest" name="testNoErrorAndHintsFor" time="1.475" />
  <testcase classname="org.netbeans.modules.java.lsp.server.protocol.ServerTest" name="testSourceActionToString" time="0.066" />
  <testcase classname="org.netbeans.modules.java.lsp.server.protocol.ServerTest" name="testHover" time="0.162" />
  <testcase classname="org.netbeans.modules.java.lsp.server.protocol.ServerTest" name="testGoToSuperImplementation" time="0.095" />
  <testcase classname="org.netbeans.modules.java.lsp.server.protocol.ServerTest" name="testMain" time="4.427" />
  <testcase classname="org.netbeans.modules.java.lsp.server.protocol.ServerTest" name="testCodeActionImplementAllAbstractMethodsInEnum" time="0.613" />
  <testcase classname="org.netbeans.modules.java.lsp.server.protocol.ServerTest" name="testSemanticHighlighting2" time="0.046" />
  <testcase classname="org.netbeans.modules.java.lsp.server.protocol.ServerTest" name="testGoToImplementations" time="0.76" />
  <testcase classname="org.netbeans.modules.java.lsp.server.protocol.ServerTest" name="testSourceActionLogger" time="0.065" />
  <testcase classname="org.netbeans.modules.java.lsp.server.protocol.ServerTest" name="testChangeMethodParameters" time="2.179" />
  <testcase classname="org.netbeans.modules.java.lsp.server.protocol.ServerTest" name="testMarkOccurrences" time="0.079" />
  <testcase classname="org.netbeans.modules.java.lsp.server.protocol.ServerTest" name="testSignatureHelp" time="0.049" />
  <testcase classname="org.netbeans.modules.java.lsp.server.protocol.ServerTest" name="testGoToTypeDefinition" time="0.65" />
  <testcase classname="org.netbeans.modules.java.lsp.server.protocol.ServerTest" name="testSourceActionDelegateMethod" time="0.92" />
  <testcase classname="org.netbeans.modules.java.lsp.server.protocol.ServerTest" name="testCodeActionWithRemoval" time="1.421" />
  <testcase classname="org.netbeans.modules.java.lsp.server.protocol.ServerTest" name="testCodeActionImplementAllAbstractMethodsInClass" time="0.607" />
  <testcase classname="org.netbeans.modules.java.lsp.server.protocol.ServerTest" name="testCodeActionGenerateVarFieldOrParam" time="0.692" />
  <testcase classname="org.netbeans.modules.java.lsp.server.protocol.ServerTest" name="testFindUsages" time="0.791" />
  <testcase classname="org.netbeans.modules.java.lsp.server.protocol.ServerTest" name="testCodeActionIntroduceVariable" time="2.34" />
  <testcase classname="org.netbeans.modules.java.lsp.server.protocol.ServerTest" name="testFormatDocument" time="0.687" />
  <testcase classname="org.netbeans.modules.java.lsp.server.protocol.ServerTest" name="testHintsPrefsFileAbsent" time="1.089" />
  <testcase classname="org.netbeans.modules.java.lsp.server.protocol.ServerTest" name="testDeclarativeHints" time="1.138" />
  <testcase classname="org.netbeans.modules.java.lsp.server.protocol.ServerTest" name="testCancelProgressHandle" time="2.425" />
  <testcase classname="org.netbeans.modules.java.lsp.server.protocol.ServerTest" name="testFileModificationDiags" time="6.043" />
  <testcase classname="org.netbeans.modules.java.lsp.server.protocol.ServerTest" name="testCodeActionIntroduceConstant" time="0.611" />
  <testcase classname="org.netbeans.modules.java.lsp.server.protocol.ServerTest" name="testDefaultLookupJustOnce" time="0.006" />
  <testcase classname="org.netbeans.modules.java.lsp.server.protocol.ServerTest" name="testDiagnosticsRemovedForDeletedFile" time="0.588" />
  <testcase classname="org.netbeans.modules.java.lsp.server.protocol.ServerTest" name="testCodeActionIntroduceField" time="0.606" />
  <testcase classname="org.netbeans.modules.java.lsp.server.protocol.ServerTest" name="testExtractInterface" time="1.754" />
  <testcase classname="org.netbeans.modules.java.lsp.server.protocol.ServerTest" name="testExtractSuperclass" time="2.947" />
  <testcase classname="org.netbeans.modules.java.lsp.server.protocol.ServerTest" name="testCodeActionIntroduceMethod" time="2.341" />
  <testcase classname="org.netbeans.modules.java.lsp.server.protocol.ServerTest" name="testCodeActionGenerateClass" time="0.644" />
  <testcase classname="org.netbeans.modules.java.lsp.server.protocol.ServerTest" name="testCodeActionGenerateMethod" time="0.571" />
  <testcase classname="org.netbeans.modules.java.lsp.server.protocol.ServerTest" name="testAutoImportOnCompletion" time="1.9" />
  <testcase classname="org.netbeans.modules.java.lsp.server.protocol.ServerTest" name="testRenameDocumentChangesCapabilitiesNoRenameOp" time="1.215" />
  <testcase classname="org.netbeans.modules.java.lsp.server.protocol.ServerTest" name="testWorkspaceSymbols" time="1.73" />
  <testcase classname="org.netbeans.modules.java.lsp.server.protocol.ServerTest" name="testAnnotationCompletion" time="0.286" />
  <testcase classname="org.netbeans.modules.java.lsp.server.protocol.ServerTest" name="testGoToDefinition" time="0.932" />
  <testcase classname="org.netbeans.modules.java.lsp.server.protocol.ServerTest" name="testNavigator" time="0.099" />
  <testcase classname="org.netbeans.modules.java.lsp.server.protocol.ServerTest" name="testSourceActionOverrideMethod" time="0.546" />
  <testcase classname="org.netbeans.modules.java.lsp.server.protocol.ServerTest" name="testFormatSelection" time="1.516" />
  <testcase classname="org.netbeans.modules.java.lsp.server.protocol.ServerTest" name="testPullUp" time="2.567" />
  <testcase classname="org.netbeans.modules.java.lsp.server.protocol.ServerTest" name="testOpenProjectOpenJDK" time="2.33" />
  <testcase classname="org.netbeans.modules.java.lsp.server.protocol.ServerTest" name="testMoveClass" time="2.445" />
  <testcase classname="org.netbeans.modules.java.lsp.server.protocol.ServerTest" name="testMoveMethod" time="2.835" />
  <testcase classname="org.netbeans.modules.java.lsp.server.protocol.ServerTest" name="testFindDebugAttachConfigurations" time="0.031">
    <failure message="expected:&lt;j[ava+]&gt; but was:&lt;j[dk]&gt;" type="junit.framework.ComparisonFailure">junit.framework.ComparisonFailure: expected:&lt;j[ava+]&gt; but was:&lt;j[dk]&gt;
	at org.netbeans.modules.java.lsp.server.protocol.ServerTest.checkAttachToPort(ServerTest.java:1222)
	at org.netbeans.modules.java.lsp.server.protocol.ServerTest.testFindDebugAttachConfigurations(ServerTest.java:1211)
	at java.base/jdk.internal.reflect.NativeMethodAccessorImpl.invoke0(Native Method)
	at java.base/jdk.internal.reflect.NativeMethodAccessorImpl.invoke(NativeMethodAccessorImpl.java:77)
	at java.base/jdk.internal.reflect.DelegatingMethodAccessorImpl.invoke(DelegatingMethodAccessorImpl.java:43)
	at org.netbeans.junit.NbTestCase.access$200(NbTestCase.java:79)
	at org.netbeans.junit.NbTestCase$2.doSomething(NbTestCase.java:484)
	at org.netbeans.junit.NbTestCase$1Guard.run(NbTestCase.java:405)
	at java.base/java.lang.Thread.run(Thread.java:833)
</failure>
  </testcase>
  <testcase classname="org.netbeans.modules.java.lsp.server.protocol.ServerTest" name="testSourceActionConstructor" time="0.767" />
  <testcase classname="org.netbeans.modules.java.lsp.server.protocol.ServerTest" name="testCodeFolding" time="0.066" />
  <system-out><![CDATA[]]></system-out>
  <system-err><![CDATA[May 27, 2024 4:39:13 PM org.netbeans.modules.masterfs.watcher.Watcher getNotifierForPlatform
INFO: Native file watcher is disabled
May 27, 2024 4:39:13 PM org.netbeans.modules.editor.settings.storage.keybindings.KeyMapsStorage$KeyMapsReader startElement
WARNING: Duplicate shortcut 'D-SPACE' definition; rebound from 'all-completion-show' to 'completion-show' in (Editors/Keybindings/NetBeans/Defaults/org-netbeans-modules-editor-keybindings.xml).
May 27, 2024 4:39:13 PM org.netbeans.modules.editor.settings.storage.keybindings.KeyMapsStorage$KeyMapsReader startElement
WARNING: Duplicate shortcut 'D-BACK_SLASH' definition; rebound from 'all-completion-show' to 'completion-show' in (Editors/Keybindings/NetBeans/Defaults/org-netbeans-modules-editor-keybindings.xml).
May 27, 2024 4:39:13 PM org.netbeans.modules.editor.settings.storage.keybindings.KeyMapsStorage$KeyMapsReader startElement
WARNING: Duplicate shortcut 'D-PLUS' definition; rebound from 'expand-fold-tree' to 'expand-fold' in (Editors/Keybindings/NetBeans/Defaults/org-netbeans-modules-editor-keybindings.xml).
May 27, 2024 4:39:13 PM org.netbeans.modules.editor.settings.storage.keybindings.KeyMapsStorage$KeyMapsReader startElement
WARNING: Duplicate shortcut 'O-INSERT' definition; rebound from 'copy-to-clipboard' to 'generate-code' in (Editors/Keybindings/NetBeans/Defaults/org-netbeans-modules-editor-keybindings.xml).
May 27, 2024 4:39:13 PM org.netbeans.modules.editor.settings.storage.keybindings.KeyMapsStorage$KeyMapsReader startElement
WARNING: Duplicate shortcut 'O-RIGHT' definition; rebound from 'caret-next-word' to 'jump-list-next' in (Editors/Keybindings/NetBeans/Defaults/org-netbeans-modules-editor-keybindings.xml).
May 27, 2024 4:39:13 PM org.netbeans.modules.editor.settings.storage.keybindings.KeyMapsStorage$KeyMapsReader startElement
WARNING: Duplicate shortcut 'O-KP_RIGHT' definition; rebound from 'caret-next-word' to 'jump-list-next' in (Editors/Keybindings/NetBeans/Defaults/org-netbeans-modules-editor-keybindings.xml).
May 27, 2024 4:39:13 PM org.netbeans.modules.editor.settings.storage.keybindings.KeyMapsStorage$KeyMapsReader startElement
WARNING: Duplicate shortcut 'O-LEFT' definition; rebound from 'caret-previous-word' to 'jump-list-prev' in (Editors/Keybindings/NetBeans/Defaults/org-netbeans-modules-editor-keybindings.xml).
May 27, 2024 4:39:13 PM org.netbeans.modules.editor.settings.storage.keybindings.KeyMapsStorage$KeyMapsReader startElement
WARNING: Duplicate shortcut 'O-KP_LEFT' definition; rebound from 'caret-previous-word' to 'jump-list-prev' in (Editors/Keybindings/NetBeans/Defaults/org-netbeans-modules-editor-keybindings.xml).
May 27, 2024 4:39:13 PM org.netbeans.modules.editor.settings.storage.keybindings.KeyMapsStorage$KeyMapsReader startElement
WARNING: Duplicate shortcut 'DSO-J' definition; rebound from 'remove-last-caret' to 'addCaretSelectAll' in (Editors/Keybindings/NetBeans/Defaults/org-netbeans-modules-editor-keybindings.xml).
May 27, 2024 4:39:13 PM org.netbeans.modules.editor.settings.storage.keybindings.KeyMapsStorage$KeyMapsReader startElement
WARNING: Duplicate shortcut 'DS-UP' definition; rebound from 'move-selection-else-line-up' to 'copy-selection-else-line-up' in (Editors/Keybindings/NetBeans/Defaults/org-netbeans-modules-editor-keybindings.xml).
May 27, 2024 4:39:13 PM org.netbeans.modules.editor.settings.storage.keybindings.KeyMapsStorage$KeyMapsReader startElement
WARNING: Duplicate shortcut 'DS-KP_UP' definition; rebound from 'move-selection-else-line-up' to 'copy-selection-else-line-up' in (Editors/Keybindings/NetBeans/Defaults/org-netbeans-modules-editor-keybindings.xml).
May 27, 2024 4:39:13 PM org.netbeans.modules.editor.settings.storage.keybindings.KeyMapsStorage$KeyMapsReader startElement
WARNING: Duplicate shortcut 'DS-DOWN' definition; rebound from 'move-selection-else-line-down' to 'copy-selection-else-line-down' in (Editors/Keybindings/NetBeans/Defaults/org-netbeans-modules-editor-keybindings.xml).
May 27, 2024 4:39:13 PM org.netbeans.modules.editor.settings.storage.keybindings.KeyMapsStorage$KeyMapsReader startElement
WARNING: Duplicate shortcut 'DS-KP_DOWN' definition; rebound from 'move-selection-else-line-down' to 'copy-selection-else-line-down' in (Editors/Keybindings/NetBeans/Defaults/org-netbeans-modules-editor-keybindings.xml).
May 27, 2024 4:39:13 PM org.netbeans.modules.editor.settings.storage.keybindings.KeyMapsStorage$KeyMapsReader startElement
WARNING: Duplicate shortcut 'D-BACK_SPACE' definition; rebound from 'remove-surrounding-code' to 'remove-word-previous' in (Editors/Keybindings/NetBeans/Defaults/org-netbeans-modules-editor-keybindings.xml).
May 27, 2024 4:39:13 PM org.netbeans.modules.editor.settings.storage.keybindings.KeyMapsStorage$KeyMapsReader startElement
WARNING: Duplicate shortcut 'DS-HOME' definition; rebound from 'adjust-caret-top' to 'selection-begin' in (Editors/Keybindings/NetBeans/Defaults/org-netbeans-modules-editor-keybindings.xml).
May 27, 2024 4:39:13 PM org.netbeans.modules.editor.settings.storage.keybindings.KeyMapsStorage$KeyMapsReader startElement
WARNING: Duplicate shortcut 'DS-END' definition; rebound from 'adjust-caret-bottom' to 'selection-end' in (Editors/Keybindings/NetBeans/Defaults/org-netbeans-modules-editor-keybindings.xml).
May 27, 2024 4:39:13 PM org.netbeans.modules.editor.settings.storage.keybindings.KeyMapsStorage$KeyMapsReader startElement
WARNING: Duplicate shortcut 'OS-LEFT' definition; rebound from 'selection-previous-word' to 'shift-line-left' in (Editors/Keybindings/NetBeans/Defaults/org-netbeans-modules-editor-keybindings.xml).
May 27, 2024 4:39:13 PM org.netbeans.modules.editor.settings.storage.keybindings.KeyMapsStorage$KeyMapsReader startElement
WARNING: Duplicate shortcut 'OS-KP_LEFT' definition; rebound from 'selection-previous-word' to 'shift-line-left' in (Editors/Keybindings/NetBeans/Defaults/org-netbeans-modules-editor-keybindings.xml).
May 27, 2024 4:39:13 PM org.netbeans.modules.editor.settings.storage.keybindings.KeyMapsStorage$KeyMapsReader startElement
WARNING: Duplicate shortcut 'OS-RIGHT' definition; rebound from 'selection-next-word' to 'shift-line-right' in (Editors/Keybindings/NetBeans/Defaults/org-netbeans-modules-editor-keybindings.xml).
May 27, 2024 4:39:13 PM org.netbeans.modules.editor.settings.storage.keybindings.KeyMapsStorage$KeyMapsReader startElement
WARNING: Duplicate shortcut 'OS-KP_RIGHT' definition; rebound from 'selection-next-word' to 'shift-line-right' in (Editors/Keybindings/NetBeans/Defaults/org-netbeans-modules-editor-keybindings.xml).
May 27, 2024 4:39:13 PM org.netbeans.modules.editor.settings.storage.keybindings.KeyMapsStorage$KeyMapsReader startElement
WARNING: Duplicate shortcut 'DS-C' definition; rebound from 'annotations-cycling' to 'toggle-comment' in (Editors/Keybindings/NetBeans/Defaults/org-netbeans-modules-editor-keybindings.xml).
May 27, 2024 4:39:13 PM org.netbeans.modules.editor.settings.storage.keybindings.KeyMapsStorage$KeyMapsReader startElement
WARNING: Duplicate shortcut 'O-UP' definition; rebound from 'scroll-down' to 'prev-marked-occurrence' in (Editors/Keybindings/NetBeans/Defaults/org-netbeans-modules-editor-keybindings.xml).
May 27, 2024 4:39:13 PM org.netbeans.modules.editor.settings.storage.keybindings.KeyMapsStorage$KeyMapsReader startElement
WARNING: Duplicate shortcut 'O-DOWN' definition; rebound from 'scroll-up' to 'next-marked-occurrence' in (Editors/Keybindings/NetBeans/Defaults/org-netbeans-modules-editor-keybindings.xml).
May 27, 2024 4:39:13 PM org.netbeans.modules.editor.settings.storage.keybindings.KeyMapsStorage$KeyMapsReader startElement
WARNING: Duplicate shortcut 'DS-I' definition; rebound from 'fast-import' to 'fix-imports' in (Editors/text/x-java/Keybindings/NetBeans/Defaults/org-netbeans-modules-editor-java-keybindings.xml).
May 27, 2024 4:39:13 PM org.netbeans.modules.editor.settings.storage.keybindings.KeyMapsStorage$KeyMapsReader startElement
WARNING: Duplicate shortcut 'DS-I' definition; rebound from 'fast-import' to 'fix-imports' in (Editors/text/x-java/Keybindings/NetBeans/Defaults/org-netbeans-modules-editor-java-keybindings-mac.xml).
May 27, 2024 4:39:13 PM org.openide.filesystems.Ordering getOrder
WARNING: Not all children in / marked with the position attribute: [language.instance, Reformatter.instance, Reindenter.instance, SourcePathCheck.instance, AutoIndenter.instance, org-netbeans-modules-gsf-codecoverage-CoverageHighlightsLayerFactory.instance, org.netbeans.spi.editor.highlighting.HighlightsLayerFactory.instance, org-netbeans-modules-java-editor-semantic-HighlightsLayerFactoryImpl.instance, org-netbeans-modules-java-editor-semantic-SemanticHighlighterFactory.instance, org-netbeans-modules-java-editor-semantic-MarkOccurrencesHighlighterFactory.instance, org-netbeans-modules-java-editor-overridden-ComputeAnnotations$FactoryImpl.instance, EditorKit.instance, org-netbeans-modules-refactoring-java-ui-HighlightsLayerFactory.instance, org-netbeans-modules-java-hints-infrastructure-ErrorHintsFactory.instance, org-netbeans-modules-java-hints-introduce-IntroduceHint$HLFImpl.instance, org-netbeans-modules-java-hints-infrastructure-EmbeddedLazyHintComputation$FactoryImpl.instance, org-netbeans-modules-java-source-indexing-JavaCustomIndexer$Factory-register.instance, org-netbeans-modules-java-source-parsing-JavacParserFactory.instance, org-netbeans-modules-java-source-parsing-VanillaPartialReparser$VerifyPartialReparse$FactoryImpl.instance, org-netbeans-modules-java-hints-declarative-debugging-EvaluationSpanTask$FactoryImpl.instance, org-netbeans-modules-java-hints-spiimpl-JavaHintsPositionRefresher.instance, org-netbeans-modules-java-hints-spiimpl-hints-HintsTask$HintPositionRefresherHelper.instance, org-netbeans-modules-java-hints-spiimpl-hints-HintsTask$SuggestionsPositionRefresherHelper.instance, org-netbeans-modules-java-hints-spiimpl-options-HintsSettings$GlobalSettingsProvider.instance, org-netbeans-modules-editor-java-CamelCaseOperations$JavaCamelCaseInterceptor$JavaFactory.instance, org-netbeans-modules-editor-java-JavaKit$JavaTypedBreakInterceptor$JavaFactory.instance, org-netbeans-modules-java-editor-codegen-RemoveSurroundingCodePanel$UnwrapCodeHighlightsLayerFactory.instance, org-netbeans-modules-java-editor-whitelist-WhiteListCheckTask$Factory.instance, org-netbeans-modules-editor-java-JavaKit$JavaDeletedTextInterceptor$Factory.instance, org-netbeans-modules-editor-java-JavaKit$JavaTypedTextInterceptor$Factory.instance, org-netbeans-modules-java-editor-fold-ResourceStringFoldProvider.instance, org-netbeans-modules-java-editor-rename-InstantRenamePerformer$RenameDeletedTextInterceptor$Factory.instance, org-netbeans-modules-refactoring-java-callhierarchy-LspCallHierarchyProvider.instance, org-netbeans-modules-refactoring-java-plugins-InstantRefactoringPerformer$UndoableWrapper.instance, org-netbeans-modules-refactoring-java-plugins-InstantRefactoringPerformer$RenameDeletedTextInterceptor$Factory.instance, org-netbeans-modules-whitelist-index-WhiteListIndexerPlugin$Factory.instance, org-netbeans-modules-java-hints-infrastructure-ErrorPositionRefresherHelper.instance, org-netbeans-modules-java-hints-infrastructure-JavaErrorProvider.instance, org-netbeans-modules-java-hints-introduce-PositionRefresherHelperImpl.instance, org-netbeans-modules-diff-builtin-visualizer-editable-DiffHighlightsLayerFactory.instance, org-netbeans-modules-merge-builtin-visualizer-MergeHighlightsLayerFactory.instance, COSSynchronizingIndexer.instance, org-netbeans-modules-editor-impl-highlighting-HLFactory.instance, org-netbeans-lib-editor-hyperlink-HyperlinkOperation$HighlightFactoryImpl.instance, org-netbeans-modules-editor-url-HighlightURLs$FactoryImpl.instance, org-netbeans-modules-editor-lib2-highlighting-Factory.instance, org-netbeans-modules-jumpto-file-FileIndexer$Factory.instance, org-netbeans-modules-editor-hints-HighlightsLayerFactoryImpl.instance, org-netbeans-modules-csl-hints-GsfHintsFactory.instance, org-netbeans-modules-csl-hints-infrastructure-HintsTaskFactory.instance, org-netbeans-modules-csl-hints-infrastructure-SelectionHintsTaskFactory.instance, org-netbeans-modules-csl-hints-infrastructure-SuggestionsTaskFactory.instance, org-netbeans-modules-csl-navigation-ClassMemberNavigatorSourceFactory.instance, org-netbeans-modules-csl-editor-semantic-SemanticHighlighterFactory.instance, org-netbeans-modules-csl-editor-semantic-MarkOccurrencesHighlighterFactory.instance, org-netbeans-modules-csl-editor-fold-GsfFoldManagerTaskFactory.instance, org-netbeans-modules-csl-navigation-CaretListeningFactory.instance, org-netbeans-modules-csl-editor-overridden-ComputeAnnotations$FactoryImpl.instance, org-netbeans-lib-editor-codetemplates-textsync-TextRegionManager$Highlighting$HLFactory.instance, org-netbeans-modules-editor-bracesmatching-BracesMatchHighlighting$Factory.instance, org-netbeans-modules-editor-fold-ui-FoldingEditorSupport$F.instance, org-netbeans-modules-refactoring-spi-impl-UndoableWrapper.instance, org-netbeans-modules-java-source-indexing-JavaBinaryIndexer$Factory-register.instance, org-netbeans-modules-editor-impl-DocumentFactoryImpl.instance, org-netbeans-modules-gsf-testrunner-ui-TestMethodFinderImpl$Factory.instance, org-netbeans-modules-editor-hints-lsp-HintsDiagnosticsProvider.instance, org-netbeans-modules-java-lsp-server-protocol-Server$LSPServerTelemetryFactory-getDefault.instance, org-netbeans-modules-csl-navigation-BreadCrumbsTask$TaskFactoryImpl.instance, org-netbeans-modules-csl-core-CslCamelCaseInterceptor$Factory.instance, org-netbeans-modules-java-hints-infrastructure-EmbeddedHintsCollector$Factory.instance], but some are: [org-netbeans-modules-editor-java-JavaStructureProvider.instance, org-netbeans-modules-java-file-launcher-indexer-CompilerOptionsIndexer$FactoryImpl.instance]
May 27, 2024 4:39:14 PM org.netbeans.core.startup.NbEvents logged
INFO: Warning - could not install some modules:
	org.netbeans.modules.debugger.jpda - No module providing the capability org.netbeans.spi.debugger.jpda.EditorContext could be found.
	org.apache.commons.commons_io - The module named org.apache.commons.codec was needed and not found.
	org.apache.commons.commons_io - The module named org.apache.commons.logging was needed and not found.
	org.netbeans.modules.debugger.jpda.ui - The module org.netbeans.modules.debugger.jpda would also need to be installed.
	org.netbeans.modules.debugger.jpda.ui - None of the modules providing the capability org.netbeans.api.debugger.jpda.JPDADebuggerEngineImpl could be installed.
	org.netbeans.modules.debugger.jpda.truffle - The module org.netbeans.modules.debugger.jpda.ui would also need to be installed.
	org.netbeans.modules.debugger.jpda.truffle - The module org.netbeans.modules.debugger.jpda would also need to be installed.
	org.netbeans.modules.debugger.jpda.truffle - None of the modules providing the capability org.netbeans.api.debugger.jpda.JPDADebuggerEngineImpl could be installed.
	org.netbeans.api.htmlui - The module named net.java.html was needed and not found.
	org.netbeans.api.htmlui - The module named org.netbeans.html.xhr4j was needed and not found.
	org.netbeans.api.htmlui - The module named net.java.html.json was needed and not found.
	org.netbeans.api.htmlui - The module named net.java.html.boot was needed and not found.
	org.netbeans.api.htmlui - The module named org.netbeans.html.ko4j was needed and not found.
	org.netbeans.modules.java.lsp.server - The module named com.google.guava was needed and not found.
	org.netbeans.modules.java.lsp.server - The module org.netbeans.modules.debugger.jpda.truffle would also need to be installed.
	org.netbeans.modules.java.lsp.server - The module org.netbeans.api.htmlui would also need to be installed.
	org.netbeans.modules.java.lsp.server - The module named net.java.html was needed and not found.
	org.netbeans.modules.java.lsp.server - The module named com.google.gson was needed and not found.
	org.netbeans.modules.java.lsp.server - The module org.apache.commons.commons_io would also need to be installed.
	org.netbeans.modules.java.lsp.server - The module named net.java.html.json was needed and not found.
	org.netbeans.modules.java.lsp.server - The module named net.java.html.boot was needed and not found.
	org.netbeans.modules.java.lsp.server - The module named org.netbeans.html.presenters.spi was needed and not found.
	org.netbeans.modules.java.lsp.server - The module named org.apache.commons.lang3 was needed and not found.
	org.netbeans.modules.maven.embedder - The module named org.apache.commons.logging was needed and not found.
	org.netbeans.modules.maven.indexer - The module named org.apache.commons.codec was needed and not found.
	org.netbeans.modules.maven.indexer - The module org.netbeans.modules.maven.embedder would also need to be installed.
	org.netbeans.modules.java.openjdk.project - The module named com.google.gson was needed and not found.
	org.netbeans.modules.xml.xam - No module providing the capability org.netbeans.modules.xml.xam.spi.ModelAccessProvider could be found.
	org.netbeans.modules.xml.xam - No module providing the capability org.netbeans.modules.xml.xam.spi.DocumentModelAccessProvider could be found.
	org.netbeans.modules.maven.model - The module org.netbeans.modules.xml.xam would also need to be installed.
	org.netbeans.modules.maven.model - The module org.netbeans.modules.maven.embedder would also need to be installed.
	org.netbeans.modules.libs.gradle - The module named slf4j.jdk14 was needed and not found.
	org.netbeans.modules.libs.gradle - The module named slf4j.api was needed and not found.
	org.netbeans.modules.gradle - The module org.netbeans.modules.libs.gradle would also need to be installed.
	org.netbeans.modules.gradle.java - The module org.netbeans.modules.gradle would also need to be installed.
	org.netbeans.modules.maven.indexer.ui - The module org.netbeans.modules.maven.indexer would also need to be installed.
	org.netbeans.modules.maven.indexer.ui - The module org.netbeans.modules.maven.embedder would also need to be installed.
	org.netbeans.core.windows - No module providing the capability org.netbeans.swing.tabcontrol.customtabs.TabbedComponentFactory could be found.
	org.netbeans.modules.maven - The module named org.apache.commons.codec was needed and not found.
	org.netbeans.modules.maven - The module org.netbeans.modules.maven.indexer.ui would also need to be installed.
	org.netbeans.modules.maven - The module org.netbeans.modules.maven.indexer would also need to be installed.
	org.netbeans.modules.maven - The module org.netbeans.modules.maven.model would also need to be installed.
	org.netbeans.modules.maven - The module org.netbeans.modules.xml.xam would also need to be installed.
	org.netbeans.modules.maven - The module org.netbeans.modules.maven.embedder would also need to be installed.

May 27, 2024 4:39:14 PM org.netbeans.core.startup.NbEvents notify
WARNING: Warning - could not install some modules:
	JPDA Debugger - No module providing the capability org.netbeans.spi.debugger.jpda.EditorContext could be found.
	o.apache.commons.commons_io - The module named org.apache.commons.codec was needed and not found.
	o.apache.commons.commons_io - The module named org.apache.commons.logging was needed and not found.
	JPDA Debugger UI - None of the modules providing the capability org.netbeans.api.debugger.jpda.JPDADebuggerEngineImpl could be installed.
	GraalVM Debugging Support - None of the modules providing the capability org.netbeans.api.debugger.jpda.JPDADebuggerEngineImpl could be installed.
	HTML UI API - The module named net.java.html was needed and not found.
	HTML UI API - The module named org.netbeans.html.xhr4j was needed and not found.
	HTML UI API - The module named net.java.html.json was needed and not found.
	HTML UI API - The module named net.java.html.boot was needed and not found.
	HTML UI API - The module named org.netbeans.html.ko4j was needed and not found.
	Java LSP Server - The module named com.google.guava was needed and not found.
	Java LSP Server - The module named net.java.html was needed and not found.
	Java LSP Server - The module named com.google.gson was needed and not found.
	Java LSP Server - The module named net.java.html.json was needed and not found.
	Java LSP Server - The module named net.java.html.boot was needed and not found.
	Java LSP Server - The module named org.netbeans.html.presenters.spi was needed and not found.
	Java LSP Server - The module named org.apache.commons.lang3 was needed and not found.
	Maven Embedder - The module named org.apache.commons.logging was needed and not found.
	Maven Repository Indexing UI - The module named org.apache.commons.codec was needed and not found.
	Project for OpenJDK - The module named com.google.gson was needed and not found.
	Extensible Abstract Model (XAM) - No module providing the capability org.netbeans.modules.xml.xam.spi.ModelAccessProvider could be found.
	Extensible Abstract Model (XAM) - No module providing the capability org.netbeans.modules.xml.xam.spi.DocumentModelAccessProvider could be found.
	Gradle Tooling API - The module named slf4j.jdk14 was needed and not found.
	Gradle Tooling API - The module named slf4j.api was needed and not found.
	Core - Windows - No module providing the capability org.netbeans.swing.tabcontrol.customtabs.TabbedComponentFactory could be found.
	Maven Projects - The module named org.apache.commons.codec was needed and not found.
	9 further modules could not be installed due to the above problems.

May 27, 2024 4:39:14 PM org.netbeans.core.startup.NbEvents logged
WARNING: The module Editor loaded the class org.netbeans.modules.editor.EditorModule
from the wrong classloader. The expected classloader was org.netbeans.JarClassLoader@3e198ffc
whereas it was actually loaded from jdk.internal.loader.ClassLoaders$AppClassLoader@326de728
Usually this means that some classes were in the startup classpath.
To suppress this message, run with: -J-Dnetbeans.moduleitem.dontverifyclassloader=true
May 27, 2024 4:39:14 PM org.netbeans.core.startup.NbEvents logged
WARNING: The module Base Project UI API  loaded the class org.netbeans.modules.project.uiapi.ProjectUiapiModule
from the wrong classloader. The expected classloader was org.netbeans.JarClassLoader@3e198ffc
whereas it was actually loaded from jdk.internal.loader.ClassLoaders$AppClassLoader@326de728
Usually this means that some classes were in the startup classpath.
To suppress this message, run with: -J-Dnetbeans.moduleitem.dontverifyclassloader=true
May 27, 2024 4:39:14 PM org.netbeans.core.startup.NbEvents logged
WARNING: The module Java Source loaded the class org.netbeans.modules.java.source.JBrowseModule
from the wrong classloader. The expected classloader was org.netbeans.JarClassLoader@3e198ffc
whereas it was actually loaded from jdk.internal.loader.ClassLoaders$AppClassLoader@326de728
Usually this means that some classes were in the startup classpath.
To suppress this message, run with: -J-Dnetbeans.moduleitem.dontverifyclassloader=true
May 27, 2024 4:39:14 PM org.netbeans.core.startup.NbEvents logged
WARNING: The module Editor Hints loaded the class org.netbeans.modules.editor.hints.HintsModule
from the wrong classloader. The expected classloader was org.netbeans.JarClassLoader@3e198ffc
whereas it was actually loaded from jdk.internal.loader.ClassLoaders$AppClassLoader@326de728
Usually this means that some classes were in the startup classpath.
To suppress this message, run with: -J-Dnetbeans.moduleitem.dontverifyclassloader=true
May 27, 2024 4:39:14 PM org.netbeans.core.startup.NbEvents logged
WARNING: The module Debugger Core - UI loaded the class org.netbeans.modules.debugger.ui.DebuggerModule
from the wrong classloader. The expected classloader was org.netbeans.JarClassLoader@3e198ffc
whereas it was actually loaded from jdk.internal.loader.ClassLoaders$AppClassLoader@326de728
Usually this means that some classes were in the startup classpath.
To suppress this message, run with: -J-Dnetbeans.moduleitem.dontverifyclassloader=true
May 27, 2024 4:39:14 PM org.netbeans.core.startup.NbEvents logged
WARNING: The module JavaHelp Integration loaded the class org.netbeans.modules.javahelp.Installer
from the wrong classloader. The expected classloader was org.netbeans.JarClassLoader@3e198ffc
whereas it was actually loaded from jdk.internal.loader.ClassLoaders$AppClassLoader@326de728
Usually this means that some classes were in the startup classpath.
To suppress this message, run with: -J-Dnetbeans.moduleitem.dontverifyclassloader=true
May 27, 2024 4:39:14 PM org.netbeans.core.startup.NbEvents logged
WARNING: The module Java Source UI loaded the class org.netbeans.modules.java.source.ui.JavaSourceUIModule
from the wrong classloader. The expected classloader was org.netbeans.JarClassLoader@3e198ffc
whereas it was actually loaded from jdk.internal.loader.ClassLoaders$AppClassLoader@326de728
Usually this means that some classes were in the startup classpath.
To suppress this message, run with: -J-Dnetbeans.moduleitem.dontverifyclassloader=true
May 27, 2024 4:39:14 PM org.netbeans.core.startup.NbEvents logged
WARNING: The module Ant-Based Project Support UI loaded the class org.netbeans.modules.project.ant.ui.AntProjectModule
from the wrong classloader. The expected classloader was org.netbeans.JarClassLoader@3e198ffc
whereas it was actually loaded from jdk.internal.loader.ClassLoaders$AppClassLoader@326de728
Usually this means that some classes were in the startup classpath.
To suppress this message, run with: -J-Dnetbeans.moduleitem.dontverifyclassloader=true
May 27, 2024 4:39:14 PM org.netbeans.core.startup.NbEvents logged
WARNING: The module Project UI loaded the class org.netbeans.modules.project.ui.ProjectUiModule
from the wrong classloader. The expected classloader was org.netbeans.JarClassLoader@3e198ffc
whereas it was actually loaded from jdk.internal.loader.ClassLoaders$AppClassLoader@326de728
Usually this means that some classes were in the startup classpath.
To suppress this message, run with: -J-Dnetbeans.moduleitem.dontverifyclassloader=true
May 27, 2024 4:39:14 PM org.netbeans.core.startup.NbEvents logged
WARNING: The module Parsing API IDE bridge loaded the class org.netbeans.modules.parsing.nb.Installer
from the wrong classloader. The expected classloader was org.netbeans.JarClassLoader@3e198ffc
whereas it was actually loaded from jdk.internal.loader.ClassLoaders$AppClassLoader@326de728
Usually this means that some classes were in the startup classpath.
To suppress this message, run with: -J-Dnetbeans.moduleitem.dontverifyclassloader=true
May 27, 2024 4:39:14 PM org.netbeans.core.startup.NbEvents logged
WARNING: The module Java SE Platforms and Libraries loaded the class org.netbeans.modules.java.j2seplatform.J2SEPlatformModule
from the wrong classloader. The expected classloader was org.netbeans.JarClassLoader@3e198ffc
whereas it was actually loaded from jdk.internal.loader.ClassLoaders$AppClassLoader@326de728
Usually this means that some classes were in the startup classpath.
To suppress this message, run with: -J-Dnetbeans.moduleitem.dontverifyclassloader=true
May 27, 2024 4:39:14 PM org.netbeans.core.startup.NbEvents logged
WARNING: The module Editor Code Completion loaded the class org.netbeans.modules.editor.completion.CompletionModule
from the wrong classloader. The expected classloader was org.netbeans.JarClassLoader@3e198ffc
whereas it was actually loaded from jdk.internal.loader.ClassLoaders$AppClassLoader@326de728
Usually this means that some classes were in the startup classpath.
To suppress this message, run with: -J-Dnetbeans.moduleitem.dontverifyclassloader=true
May 27, 2024 4:39:14 PM org.netbeans.core.startup.NbEvents logged
WARNING: The module Editor Code Templates loaded the class org.netbeans.lib.editor.codetemplates.CodeTemplatesModule
from the wrong classloader. The expected classloader was org.netbeans.JarClassLoader@3e198ffc
whereas it was actually loaded from jdk.internal.loader.ClassLoaders$AppClassLoader@326de728
Usually this means that some classes were in the startup classpath.
To suppress this message, run with: -J-Dnetbeans.moduleitem.dontverifyclassloader=true
May 27, 2024 4:39:14 PM org.netbeans.core.startup.NbEvents logged
WARNING: The module JNA loaded the class org.netbeans.libs.jna.Installer
from the wrong classloader. The expected classloader was org.netbeans.JarClassLoader@3e198ffc
whereas it was actually loaded from jdk.internal.loader.ClassLoaders$AppClassLoader@326de728
Usually this means that some classes were in the startup classpath.
To suppress this message, run with: -J-Dnetbeans.moduleitem.dontverifyclassloader=true
May 27, 2024 4:39:14 PM org.netbeans.core.startup.NbEvents logged
WARNING: The module Database Explorer loaded the class org.netbeans.modules.db.DatabaseModule
from the wrong classloader. The expected classloader was org.netbeans.JarClassLoader@3e198ffc
whereas it was actually loaded from jdk.internal.loader.ClassLoaders$AppClassLoader@326de728
Usually this means that some classes were in the startup classpath.
To suppress this message, run with: -J-Dnetbeans.moduleitem.dontverifyclassloader=true
May 27, 2024 4:39:14 PM org.netbeans.core.startup.NbInstaller checkForDeprecations
WARNING: the modules [org.netbeans.modules.java.hints] use org.netbeans.modules.java.hints.legacy.spi which is deprecated: Use Java Hints SPI (org.netbeans.spi.java.hints) instead.
May 27, 2024 4:39:14 PM org.openide.filesystems.Ordering getOrder
WARNING: Not all children in / marked with the position attribute: [language.instance, Reformatter.instance, Reindenter.instance, SourcePathCheck.instance, AutoIndenter.instance, org-netbeans-modules-gsf-codecoverage-CoverageHighlightsLayerFactory.instance, org.netbeans.spi.editor.highlighting.HighlightsLayerFactory.instance, org-netbeans-modules-java-editor-semantic-HighlightsLayerFactoryImpl.instance, org-netbeans-modules-java-editor-semantic-SemanticHighlighterFactory.instance, org-netbeans-modules-java-editor-semantic-MarkOccurrencesHighlighterFactory.instance, org-netbeans-modules-java-editor-overridden-ComputeAnnotations$FactoryImpl.instance, EditorKit.instance, org-netbeans-modules-refactoring-java-ui-HighlightsLayerFactory.instance, org-netbeans-modules-java-hints-infrastructure-ErrorHintsFactory.instance, org-netbeans-modules-java-hints-introduce-IntroduceHint$HLFImpl.instance, org-netbeans-modules-java-hints-infrastructure-EmbeddedLazyHintComputation$FactoryImpl.instance, org-netbeans-modules-java-source-indexing-JavaCustomIndexer$Factory-register.instance, org-netbeans-modules-java-source-parsing-JavacParserFactory.instance, org-netbeans-modules-java-source-parsing-VanillaPartialReparser$VerifyPartialReparse$FactoryImpl.instance, org-netbeans-modules-java-hints-declarative-debugging-EvaluationSpanTask$FactoryImpl.instance, org-netbeans-modules-java-hints-spiimpl-JavaHintsPositionRefresher.instance, org-netbeans-modules-java-hints-spiimpl-hints-HintsTask$HintPositionRefresherHelper.instance, org-netbeans-modules-java-hints-spiimpl-hints-HintsTask$SuggestionsPositionRefresherHelper.instance, org-netbeans-modules-java-hints-spiimpl-options-HintsSettings$GlobalSettingsProvider.instance, org-netbeans-modules-editor-java-CamelCaseOperations$JavaCamelCaseInterceptor$JavaFactory.instance, org-netbeans-modules-editor-java-JavaKit$JavaTypedBreakInterceptor$JavaFactory.instance, org-netbeans-modules-java-editor-codegen-RemoveSurroundingCodePanel$UnwrapCodeHighlightsLayerFactory.instance, org-netbeans-modules-java-editor-whitelist-WhiteListCheckTask$Factory.instance, org-netbeans-modules-editor-java-JavaKit$JavaDeletedTextInterceptor$Factory.instance, org-netbeans-modules-editor-java-JavaKit$JavaTypedTextInterceptor$Factory.instance, org-netbeans-modules-java-editor-fold-ResourceStringFoldProvider.instance, org-netbeans-modules-java-editor-rename-InstantRenamePerformer$RenameDeletedTextInterceptor$Factory.instance, org-netbeans-modules-refactoring-java-callhierarchy-LspCallHierarchyProvider.instance, org-netbeans-modules-refactoring-java-plugins-InstantRefactoringPerformer$UndoableWrapper.instance, org-netbeans-modules-refactoring-java-plugins-InstantRefactoringPerformer$RenameDeletedTextInterceptor$Factory.instance, org-netbeans-modules-whitelist-index-WhiteListIndexerPlugin$Factory.instance, org-netbeans-modules-java-hints-infrastructure-ErrorPositionRefresherHelper.instance, org-netbeans-modules-java-hints-infrastructure-JavaErrorProvider.instance, org-netbeans-modules-java-hints-introduce-PositionRefresherHelperImpl.instance, org-netbeans-modules-diff-builtin-visualizer-editable-DiffHighlightsLayerFactory.instance, org-netbeans-modules-merge-builtin-visualizer-MergeHighlightsLayerFactory.instance, COSSynchronizingIndexer.instance, org-netbeans-modules-editor-impl-highlighting-HLFactory.instance, org-netbeans-lib-editor-hyperlink-HyperlinkOperation$HighlightFactoryImpl.instance, org-netbeans-modules-editor-url-HighlightURLs$FactoryImpl.instance, org-netbeans-modules-editor-lib2-highlighting-Factory.instance, org-netbeans-modules-jumpto-file-FileIndexer$Factory.instance, org-netbeans-modules-editor-hints-HighlightsLayerFactoryImpl.instance, org-netbeans-modules-csl-hints-GsfHintsFactory.instance, org-netbeans-modules-csl-hints-infrastructure-HintsTaskFactory.instance, org-netbeans-modules-csl-hints-infrastructure-SelectionHintsTaskFactory.instance, org-netbeans-modules-csl-hints-infrastructure-SuggestionsTaskFactory.instance, org-netbeans-modules-csl-navigation-ClassMemberNavigatorSourceFactory.instance, org-netbeans-modules-csl-editor-semantic-SemanticHighlighterFactory.instance, org-netbeans-modules-csl-editor-semantic-MarkOccurrencesHighlighterFactory.instance, org-netbeans-modules-csl-editor-fold-GsfFoldManagerTaskFactory.instance, org-netbeans-modules-csl-navigation-CaretListeningFactory.instance, org-netbeans-modules-csl-editor-overridden-ComputeAnnotations$FactoryImpl.instance, org-netbeans-lib-editor-codetemplates-textsync-TextRegionManager$Highlighting$HLFactory.instance, org-netbeans-modules-editor-bracesmatching-BracesMatchHighlighting$Factory.instance, org-netbeans-modules-editor-fold-ui-FoldingEditorSupport$F.instance, org-netbeans-modules-refactoring-spi-impl-UndoableWrapper.instance, org-netbeans-modules-java-source-indexing-JavaBinaryIndexer$Factory-register.instance, org-netbeans-modules-editor-impl-DocumentFactoryImpl.instance, org-netbeans-modules-gsf-testrunner-ui-TestMethodFinderImpl$Factory.instance, org-netbeans-modules-editor-hints-lsp-HintsDiagnosticsProvider.instance, org-netbeans-modules-java-lsp-server-protocol-Server$LSPServerTelemetryFactory-getDefault.instance, org-netbeans-modules-csl-navigation-BreadCrumbsTask$TaskFactoryImpl.instance, org-netbeans-modules-csl-core-CslCamelCaseInterceptor$Factory.instance, org-netbeans-modules-java-hints-infrastructure-EmbeddedHintsCollector$Factory.instance], but some are: [org-netbeans-modules-editor-java-JavaStructureProvider.instance, org-netbeans-modules-java-file-launcher-indexer-CompilerOptionsIndexer$FactoryImpl.instance]
Creating a client for testcase: testDidOpenPreservesLines
May 27, 2024 4:39:14 PM org.openide.filesystems.Ordering getOrder
WARNING: Not all children in / marked with the position attribute: [language.instance, Reformatter.instance, Reindenter.instance, SourcePathCheck.instance, AutoIndenter.instance, org-netbeans-modules-gsf-codecoverage-CoverageHighlightsLayerFactory.instance, org.netbeans.spi.editor.highlighting.HighlightsLayerFactory.instance, org-netbeans-modules-java-editor-semantic-HighlightsLayerFactoryImpl.instance, org-netbeans-modules-java-editor-semantic-SemanticHighlighterFactory.instance, org-netbeans-modules-java-editor-semantic-MarkOccurrencesHighlighterFactory.instance, org-netbeans-modules-java-editor-overridden-ComputeAnnotations$FactoryImpl.instance, EditorKit.instance, org-netbeans-modules-refactoring-java-ui-HighlightsLayerFactory.instance, org-netbeans-modules-java-hints-infrastructure-ErrorHintsFactory.instance, org-netbeans-modules-java-hints-introduce-IntroduceHint$HLFImpl.instance, org-netbeans-modules-java-hints-infrastructure-EmbeddedLazyHintComputation$FactoryImpl.instance, org-netbeans-modules-java-source-indexing-JavaCustomIndexer$Factory-register.instance, org-netbeans-modules-java-source-parsing-JavacParserFactory.instance, org-netbeans-modules-java-source-parsing-VanillaPartialReparser$VerifyPartialReparse$FactoryImpl.instance, org-netbeans-modules-java-hints-declarative-debugging-EvaluationSpanTask$FactoryImpl.instance, org-netbeans-modules-java-hints-spiimpl-JavaHintsPositionRefresher.instance, org-netbeans-modules-java-hints-spiimpl-hints-HintsTask$HintPositionRefresherHelper.instance, org-netbeans-modules-java-hints-spiimpl-hints-HintsTask$SuggestionsPositionRefresherHelper.instance, org-netbeans-modules-java-hints-spiimpl-options-HintsSettings$GlobalSettingsProvider.instance, org-netbeans-modules-editor-java-CamelCaseOperations$JavaCamelCaseInterceptor$JavaFactory.instance, org-netbeans-modules-editor-java-JavaKit$JavaTypedBreakInterceptor$JavaFactory.instance, org-netbeans-modules-java-editor-codegen-RemoveSurroundingCodePanel$UnwrapCodeHighlightsLayerFactory.instance, org-netbeans-modules-java-editor-whitelist-WhiteListCheckTask$Factory.instance, org-netbeans-modules-editor-java-JavaKit$JavaDeletedTextInterceptor$Factory.instance, org-netbeans-modules-editor-java-JavaKit$JavaTypedTextInterceptor$Factory.instance, org-netbeans-modules-java-editor-fold-ResourceStringFoldProvider.instance, org-netbeans-modules-java-editor-rename-InstantRenamePerformer$RenameDeletedTextInterceptor$Factory.instance, org-netbeans-modules-refactoring-java-callhierarchy-LspCallHierarchyProvider.instance, org-netbeans-modules-refactoring-java-plugins-InstantRefactoringPerformer$UndoableWrapper.instance, org-netbeans-modules-refactoring-java-plugins-InstantRefactoringPerformer$RenameDeletedTextInterceptor$Factory.instance, org-netbeans-modules-whitelist-index-WhiteListIndexerPlugin$Factory.instance, org-netbeans-modules-java-hints-infrastructure-ErrorPositionRefresherHelper.instance, org-netbeans-modules-java-hints-infrastructure-JavaErrorProvider.instance, org-netbeans-modules-java-hints-introduce-PositionRefresherHelperImpl.instance, org-netbeans-modules-diff-builtin-visualizer-editable-DiffHighlightsLayerFactory.instance, org-netbeans-modules-merge-builtin-visualizer-MergeHighlightsLayerFactory.instance, COSSynchronizingIndexer.instance, org-netbeans-modules-editor-impl-highlighting-HLFactory.instance, org-netbeans-lib-editor-hyperlink-HyperlinkOperation$HighlightFactoryImpl.instance, org-netbeans-modules-editor-url-HighlightURLs$FactoryImpl.instance, org-netbeans-modules-editor-lib2-highlighting-Factory.instance, org-netbeans-modules-jumpto-file-FileIndexer$Factory.instance, org-netbeans-modules-editor-hints-HighlightsLayerFactoryImpl.instance, org-netbeans-modules-csl-hints-GsfHintsFactory.instance, org-netbeans-modules-csl-hints-infrastructure-HintsTaskFactory.instance, org-netbeans-modules-csl-hints-infrastructure-SelectionHintsTaskFactory.instance, org-netbeans-modules-csl-hints-infrastructure-SuggestionsTaskFactory.instance, org-netbeans-modules-csl-navigation-ClassMemberNavigatorSourceFactory.instance, org-netbeans-modules-csl-editor-semantic-SemanticHighlighterFactory.instance, org-netbeans-modules-csl-editor-semantic-MarkOccurrencesHighlighterFactory.instance, org-netbeans-modules-csl-editor-fold-GsfFoldManagerTaskFactory.instance, org-netbeans-modules-csl-navigation-CaretListeningFactory.instance, org-netbeans-modules-csl-editor-overridden-ComputeAnnotations$FactoryImpl.instance, org-netbeans-lib-editor-codetemplates-textsync-TextRegionManager$Highlighting$HLFactory.instance, org-netbeans-modules-editor-bracesmatching-BracesMatchHighlighting$Factory.instance, org-netbeans-modules-editor-fold-ui-FoldingEditorSupport$F.instance, org-netbeans-modules-refactoring-spi-impl-UndoableWrapper.instance, org-netbeans-modules-java-source-indexing-JavaBinaryIndexer$Factory-register.instance, org-netbeans-modules-editor-impl-DocumentFactoryImpl.instance, org-netbeans-modules-gsf-testrunner-ui-TestMethodFinderImpl$Factory.instance, org-netbeans-modules-editor-hints-lsp-HintsDiagnosticsProvider.instance, org-netbeans-modules-java-lsp-server-protocol-Server$LSPServerTelemetryFactory-getDefault.instance, org-netbeans-modules-csl-navigation-BreadCrumbsTask$TaskFactoryImpl.instance, org-netbeans-modules-csl-core-CslCamelCaseInterceptor$Factory.instance, org-netbeans-modules-java-hints-infrastructure-EmbeddedHintsCollector$Factory.instance], but some are: [org-netbeans-modules-editor-java-JavaStructureProvider.instance, org-netbeans-modules-java-file-launcher-indexer-CompilerOptionsIndexer$FactoryImpl.instance]
May 27, 2024 4:39:14 PM org.openide.filesystems.Ordering getOrder
WARNING: Not all children in / marked with the position attribute: [language.instance, Reformatter.instance, Reindenter.instance, SourcePathCheck.instance, AutoIndenter.instance, org-netbeans-modules-gsf-codecoverage-CoverageHighlightsLayerFactory.instance, org.netbeans.spi.editor.highlighting.HighlightsLayerFactory.instance, org-netbeans-modules-java-editor-semantic-HighlightsLayerFactoryImpl.instance, org-netbeans-modules-java-editor-semantic-SemanticHighlighterFactory.instance, org-netbeans-modules-java-editor-semantic-MarkOccurrencesHighlighterFactory.instance, org-netbeans-modules-java-editor-overridden-ComputeAnnotations$FactoryImpl.instance, EditorKit.instance, org-netbeans-modules-refactoring-java-ui-HighlightsLayerFactory.instance, org-netbeans-modules-java-hints-infrastructure-ErrorHintsFactory.instance, org-netbeans-modules-java-hints-introduce-IntroduceHint$HLFImpl.instance, org-netbeans-modules-java-hints-infrastructure-EmbeddedLazyHintComputation$FactoryImpl.instance, org-netbeans-modules-java-source-indexing-JavaCustomIndexer$Factory-register.instance, org-netbeans-modules-java-source-parsing-JavacParserFactory.instance, org-netbeans-modules-java-source-parsing-VanillaPartialReparser$VerifyPartialReparse$FactoryImpl.instance, org-netbeans-modules-java-hints-declarative-debugging-EvaluationSpanTask$FactoryImpl.instance, org-netbeans-modules-java-hints-spiimpl-JavaHintsPositionRefresher.instance, org-netbeans-modules-java-hints-spiimpl-hints-HintsTask$HintPositionRefresherHelper.instance, org-netbeans-modules-java-hints-spiimpl-hints-HintsTask$SuggestionsPositionRefresherHelper.instance, org-netbeans-modules-java-hints-spiimpl-options-HintsSettings$GlobalSettingsProvider.instance, org-netbeans-modules-editor-java-CamelCaseOperations$JavaCamelCaseInterceptor$JavaFactory.instance, org-netbeans-modules-editor-java-JavaKit$JavaTypedBreakInterceptor$JavaFactory.instance, org-netbeans-modules-java-editor-codegen-RemoveSurroundingCodePanel$UnwrapCodeHighlightsLayerFactory.instance, org-netbeans-modules-java-editor-whitelist-WhiteListCheckTask$Factory.instance, org-netbeans-modules-editor-java-JavaKit$JavaDeletedTextInterceptor$Factory.instance, org-netbeans-modules-editor-java-JavaKit$JavaTypedTextInterceptor$Factory.instance, org-netbeans-modules-java-editor-fold-ResourceStringFoldProvider.instance, org-netbeans-modules-java-editor-rename-InstantRenamePerformer$RenameDeletedTextInterceptor$Factory.instance, org-netbeans-modules-refactoring-java-callhierarchy-LspCallHierarchyProvider.instance, org-netbeans-modules-refactoring-java-plugins-InstantRefactoringPerformer$UndoableWrapper.instance, org-netbeans-modules-refactoring-java-plugins-InstantRefactoringPerformer$RenameDeletedTextInterceptor$Factory.instance, org-netbeans-modules-whitelist-index-WhiteListIndexerPlugin$Factory.instance, org-netbeans-modules-java-hints-infrastructure-ErrorPositionRefresherHelper.instance, org-netbeans-modules-java-hints-infrastructure-JavaErrorProvider.instance, org-netbeans-modules-java-hints-introduce-PositionRefresherHelperImpl.instance, org-netbeans-modules-diff-builtin-visualizer-editable-DiffHighlightsLayerFactory.instance, org-netbeans-modules-merge-builtin-visualizer-MergeHighlightsLayerFactory.instance, COSSynchronizingIndexer.instance, org-netbeans-modules-editor-impl-highlighting-HLFactory.instance, org-netbeans-lib-editor-hyperlink-HyperlinkOperation$HighlightFactoryImpl.instance, org-netbeans-modules-editor-url-HighlightURLs$FactoryImpl.instance, org-netbeans-modules-editor-lib2-highlighting-Factory.instance, org-netbeans-modules-jumpto-file-FileIndexer$Factory.instance, org-netbeans-modules-editor-hints-HighlightsLayerFactoryImpl.instance, org-netbeans-modules-csl-hints-GsfHintsFactory.instance, org-netbeans-modules-csl-hints-infrastructure-HintsTaskFactory.instance, org-netbeans-modules-csl-hints-infrastructure-SelectionHintsTaskFactory.instance, org-netbeans-modules-csl-hints-infrastructure-SuggestionsTaskFactory.instance, org-netbeans-modules-csl-navigation-ClassMemberNavigatorSourceFactory.instance, org-netbeans-modules-csl-editor-semantic-SemanticHighlighterFactory.instance, org-netbeans-modules-csl-editor-semantic-MarkOccurrencesHighlighterFactory.instance, org-netbeans-modules-csl-editor-fold-GsfFoldManagerTaskFactory.instance, org-netbeans-modules-csl-navigation-CaretListeningFactory.instance, org-netbeans-modules-csl-editor-overridden-ComputeAnnotations$FactoryImpl.instance, org-netbeans-lib-editor-codetemplates-textsync-TextRegionManager$Highlighting$HLFactory.instance, org-netbeans-modules-editor-bracesmatching-BracesMatchHighlighting$Factory.instance, org-netbeans-modules-editor-fold-ui-FoldingEditorSupport$F.instance, org-netbeans-modules-refactoring-spi-impl-UndoableWrapper.instance, org-netbeans-modules-java-source-indexing-JavaBinaryIndexer$Factory-register.instance, org-netbeans-modules-editor-impl-DocumentFactoryImpl.instance, org-netbeans-modules-gsf-testrunner-ui-TestMethodFinderImpl$Factory.instance, org-netbeans-modules-editor-hints-lsp-HintsDiagnosticsProvider.instance, org-netbeans-modules-java-lsp-server-protocol-Server$LSPServerTelemetryFactory-getDefault.instance, org-netbeans-modules-csl-navigation-BreadCrumbsTask$TaskFactoryImpl.instance, org-netbeans-modules-csl-core-CslCamelCaseInterceptor$Factory.instance, org-netbeans-modules-java-hints-infrastructure-EmbeddedHintsCollector$Factory.instance], but some are: [org-netbeans-modules-editor-java-JavaStructureProvider.instance, org-netbeans-modules-java-file-launcher-indexer-CompilerOptionsIndexer$FactoryImpl.instance]
May 27, 2024 4:39:14 PM org.netbeans.core.startup.NbEvents logged
INFO: Turning on modules:
May 27, 2024 4:39:14 PM org.netbeans.core.startup.NbEvents dumpModulesList
INFO: 	org.openide.util.lookup [8.57 dev-b15c9b7692b2764be5a997d056e2283b72ae9131]
	org.openide.util [9.31 dev-b15c9b7692b2764be5a997d056e2283b72ae9131]
	org.openide.util.ui [9.32 dev-b15c9b7692b2764be5a997d056e2283b72ae9131]
	org.openide.modules [7.71 dev-b15c9b7692b2764be5a997d056e2283b72ae9131]
	org.netbeans.api.annotations.common/1 [1.51 dev-b15c9b7692b2764be5a997d056e2283b72ae9131]
	org.openide.filesystems [9.36 dev-b15c9b7692b2764be5a997d056e2283b72ae9131]
	org.openide.awt [7.91 dev-b15c9b7692b2764be5a997d056e2283b72ae9131]
	org.netbeans.api.progress/1 [1.71 dev-b15c9b7692b2764be5a997d056e2283b72ae9131]
	org.netbeans.api.progress.nb [1.71 dev-b15c9b7692b2764be5a997d056e2283b72ae9131]
	org.openide.dialogs [7.70 dev-b15c9b7692b2764be5a997d056e2283b72ae9131]
	org.openide.nodes [7.68 dev-b15c9b7692b2764be5a997d056e2283b72ae9131]
	org.openide.windows [6.100 dev-b15c9b7692b2764be5a997d056e2283b72ae9131]
	org.netbeans.modules.editor.mimelookup/1 [1.63 dev-b15c9b7692b2764be5a997d056e2283b72ae9131]
	org.openide.text [6.91 dev-b15c9b7692b2764be5a997d056e2283b72ae9131]
	org.netbeans.api.scripting [1.20 dev-b15c9b7692b2764be5a997d056e2283b72ae9131]
	org.netbeans.swing.tabcontrol [1.80 dev-b15c9b7692b2764be5a997d056e2283b72ae9131]
	org.netbeans.swing.outline [1.57 dev-b15c9b7692b2764be5a997d056e2283b72ae9131]
	org.openide.explorer [6.85 dev-b15c9b7692b2764be5a997d056e2283b72ae9131]
	org.openide.actions [6.62 dev-b15c9b7692b2764be5a997d056e2283b72ae9131]
	org.netbeans.modules.queries/1 [1.66 dev-b15c9b7692b2764be5a997d056e2283b72ae9131]
	org.netbeans.api.templates [1.31 dev-b15c9b7692b2764be5a997d056e2283b72ae9131]
	org.openide.filesystems.nb [9.33 dev-b15c9b7692b2764be5a997d056e2283b72ae9131]
	org.openide.loaders [7.93 dev-b15c9b7692b2764be5a997d056e2283b72ae9131]
	org.netbeans.api.intent [1.25 dev-b15c9b7692b2764be5a997d056e2283b72ae9131]
	org.netbeans.api.io [1.26 dev-b15c9b7692b2764be5a997d056e2283b72ae9131]
	org.openide.io [1.72 dev-b15c9b7692b2764be5a997d056e2283b72ae9131]
	org.openide.execution [9.26 dev-b15c9b7692b2764be5a997d056e2283b72ae9131]
	org.netbeans.swing.plaf [1.65 dev-b15c9b7692b2764be5a997d056e2283b72ae9131]
	org.netbeans.spi.viewmodel/2 [1.74 dev-b15c9b7692b2764be5a997d056e2283b72ae9131]
	org.netbeans.spi.tasklist/1 [1.58.0.1 1 dev-b15c9b7692b2764be5a997d056e2283b72ae9131]
	org.netbeans.spi.quicksearch [1.50 dev-b15c9b7692b2764be5a997d056e2283b72ae9131]
	org.netbeans.spi.navigator/1 [1.61 dev-b15c9b7692b2764be5a997d056e2283b72ae9131]
	org.netbeans.modules.editor.util/1 [1.88 dev-b15c9b7692b2764be5a997d056e2283b72ae9131]
	org.netbeans.modules.editor.settings.lib [1.74.0.1 1 dev-b15c9b7692b2764be5a997d056e2283b72ae9131]
	org.netbeans.modules.editor.settings/1 [1.80 dev-b15c9b7692b2764be5a997d056e2283b72ae9131]
	org.netbeans.modules.lexer/2 [1.86.0.1 1 dev-b15c9b7692b2764be5a997d056e2283b72ae9131]
	org.netbeans.modules.editor.fold/1 [1.68 dev-b15c9b7692b2764be5a997d056e2283b72ae9131]
	org.netbeans.modules.editor.document [1.32.0.3 3 dev-b15c9b7692b2764be5a997d056e2283b72ae9131]
	org.netbeans.modules.editor.lib2/1 [2.43.0.55.3 55 dev-b15c9b7692b2764be5a997d056e2283b72ae9131]
	org.netbeans.modules.editor.guards/1 [1.56 dev-b15c9b7692b2764be5a997d056e2283b72ae9131]
	org.netbeans.api.lsp/1 [1.24 dev-b15c9b7692b2764be5a997d056e2283b72ae9131]
	org.netbeans.modules.editor.indent/2 [1.66 dev-b15c9b7692b2764be5a997d056e2283b72ae9131]
	org.netbeans.modules.editor.lib/3 [4.30.0.23.3.55 23 dev-b15c9b7692b2764be5a997d056e2283b72ae9131]
	org.netbeans.modules.keyring [1.47 dev-b15c9b7692b2764be5a997d056e2283b72ae9131]
	org.netbeans.libs.asm [5.26 dev-b15c9b7692b2764be5a997d056e2283b72ae9131]
	org.netbeans.bootstrap/1 [2.102 dev-b15c9b7692b2764be5a997d056e2283b72ae9131]
	org.netbeans.core.startup.base [1.85.0.1 1 dev-b15c9b7692b2764be5a997d056e2283b72ae9131]
	org.netbeans.core.startup/1 [1.86.0.1 dev-b15c9b7692b2764be5a997d056e2283b72ae9131]
	org.netbeans.modules.sampler [1.37 dev-b15c9b7692b2764be5a997d056e2283b72ae9131]
	org.netbeans.core/2 [3.74 dev-b15c9b7692b2764be5a997d056e2283b72ae9131]
	org.netbeans.modules.options.api/1 [1.68 dev-b15c9b7692b2764be5a997d056e2283b72ae9131]
	org.netbeans.modules.options.keymap [1.60 dev-b15c9b7692b2764be5a997d056e2283b72ae9131]
	org.netbeans.modules.editor.settings.storage/1 [1.75.0.1 dev-b15c9b7692b2764be5a997d056e2283b72ae9131]
	org.netbeans.modules.editor.fold.nbui [1.35.0.55 dev-b15c9b7692b2764be5a997d056e2283b72ae9131]
	org.netbeans.modules.editor/3 [1.110.0.6.3.23.55 6 dev-b15c9b7692b2764be5a997d056e2283b72ae9131]
	org.netbeans.libs.javacapi [8.47.0.3 3 dev-b15c9b7692b2764be5a997d056e2283b72ae9131]
	org.netbeans.lib.nbjavac [1.39.0.4.3 4 dev-b15c9b7692b2764be5a997d056e2283b72ae9131]
	org.netbeans.modules.editor.errorstripe.api/1 [2.55.0.1 1 dev-b15c9b7692b2764be5a997d056e2283b72ae9131]
	org.netbeans.api.java.classpath/1 [1.77 dev-b15c9b7692b2764be5a997d056e2283b72ae9131]
	org.netbeans.api.java/1 [1.89 dev-b15c9b7692b2764be5a997d056e2283b72ae9131]
	org.netbeans.modules.java.platform/1 [1.65 dev-b15c9b7692b2764be5a997d056e2283b72ae9131]
	org.netbeans.modules.options.editor/1 [1.83 dev-b15c9b7692b2764be5a997d056e2283b72ae9131]
	org.netbeans.modules.editor.errorstripe/2 [2.57.0.1.1 1 dev-b15c9b7692b2764be5a997d056e2283b72ae9131]
	org.netbeans.modules.projectapi/1 [1.94 dev-b15c9b7692b2764be5a997d056e2283b72ae9131]
	org.netbeans.modules.diff/1 [1.74.0.42.1 42 dev-b15c9b7692b2764be5a997d056e2283b72ae9131]
	org.netbeans.libs.lucene/3 [3.42 dev-b15c9b7692b2764be5a997d056e2283b72ae9131]
	org.netbeans.modules.masterfs/2 [2.78.0.2 2 dev-b15c9b7692b2764be5a997d056e2283b72ae9131]
	org.netbeans.modules.parsing.lucene/2 [2.59.0.1 1 dev-b15c9b7692b2764be5a997d056e2283b72ae9131]
	org.netbeans.modules.parsing.api/1 [9.30.0.8 8 dev-b15c9b7692b2764be5a997d056e2283b72ae9131]
	org.netbeans.modules.projectuiapi.base/1 [1.109.0.9 9 dev-b15c9b7692b2764be5a997d056e2283b72ae9131]
	org.netbeans.modules.project.indexingbridge [1.40 dev-b15c9b7692b2764be5a997d056e2283b72ae9131]
	org.netbeans.modules.parsing.indexing [9.32.0.1.3.8 1 dev-b15c9b7692b2764be5a997d056e2283b72ae9131]
	org.netbeans.modules.refactoring.api [1.70.0.1 1 dev-b15c9b7692b2764be5a997d056e2283b72ae9131]
	org.netbeans.modules.classfile/1 [1.75 dev-b15c9b7692b2764be5a997d056e2283b72ae9131]
	org.netbeans.modules.editor.indent.support [1.65 dev-b15c9b7692b2764be5a997d056e2283b72ae9131]
	org.netbeans.modules.projectuiapi/1 [1.112.0.8 8 dev-b15c9b7692b2764be5a997d056e2283b72ae9131]
	org.netbeans.modules.editor.indent.project/0 [1.45 dev-b15c9b7692b2764be5a997d056e2283b72ae9131]
	org.netbeans.core.multiview/1 [1.67 dev-b15c9b7692b2764be5a997d056e2283b72ae9131]
	org.netbeans.modules.java.lexer/1 [1.59 dev-b15c9b7692b2764be5a997d056e2283b72ae9131]
	org.netbeans.modules.java.preprocessorbridge [1.72.0.1 1 dev-b15c9b7692b2764be5a997d056e2283b72ae9131]
	org.netbeans.modules.java.source.base [2.65.0.6.4.3.8.1 6 dev-b15c9b7692b2764be5a997d056e2283b72ae9131]
	org.netbeans.modules.autoupdate.services [1.79 dev-b15c9b7692b2764be5a997d056e2283b72ae9131]
	org.netbeans.modules.java.source [0.188.0.32.4.3.6.1 32 dev-b15c9b7692b2764be5a997d056e2283b72ae9131]
	org.netbeans.modules.project.spi.intern [1.26 dev-b15c9b7692b2764be5a997d056e2283b72ae9131]
	org.netbeans.modules.project.libraries/1 [1.76 dev-b15c9b7692b2764be5a997d056e2283b72ae9131]
	org.apache.xml.resolver [1.54.0.12 12 dev-b15c9b7692b2764be5a997d056e2283b72ae9131]
	org.netbeans.api.xml/1 [1.67 dev-b15c9b7692b2764be5a997d056e2283b72ae9131]
	org.netbeans.modules.xml.catalog/2 [3.27.0.4 4 dev-b15c9b7692b2764be5a997d056e2283b72ae9131]
	org.netbeans.modules.project.ant/1 [1.90 dev-b15c9b7692b2764be5a997d056e2283b72ae9131]
	org.netbeans.modules.java.project/1 [1.95 dev-b15c9b7692b2764be5a997d056e2283b72ae9131]
	org.netbeans.modules.settings/1 [1.72 dev-b15c9b7692b2764be5a997d056e2283b72ae9131]
	org.netbeans.spi.editor.hints/0 [1.65.0.8.55 8 dev-b15c9b7692b2764be5a997d056e2283b72ae9131]
	org.netbeans.modules.code.analysis/0 [1.49 dev-b15c9b7692b2764be5a997d056e2283b72ae9131]
	org.netbeans.spi.java.hints [1.57.0.13.4.3.32.6.8 13 dev-b15c9b7692b2764be5a997d056e2283b72ae9131]
	org.netbeans.modules.editor.tools.storage [1.31 dev-b15c9b7692b2764be5a997d056e2283b72ae9131]
	org.netbeans.spi.editor.hints.projects [1.34.0.1.8 1 dev-b15c9b7692b2764be5a997d056e2283b72ae9131]
	org.netbeans.api.debugger/1 [1.78 dev-b15c9b7692b2764be5a997d056e2283b72ae9131]
	org.netbeans.spi.debugger.ui/1 [2.81 dev-b15c9b7692b2764be5a997d056e2283b72ae9131]
	org.netbeans.api.debugger.jpda/2 [3.33 dev-b15c9b7692b2764be5a997d056e2283b72ae9131]
	org.netbeans.spi.debugger.jpda.ui [3.26 dev-b15c9b7692b2764be5a997d056e2283b72ae9131]
	org.netbeans.modules.libs.corba.omgapi [1.18 dev-b15c9b7692b2764be5a997d056e2283b72ae9131]
	org.netbeans.modules.whitelist [1.46 dev-b15c9b7692b2764be5a997d056e2283b72ae9131]
	org.netbeans.libs.json_simple/1 [0.35 dev-b15c9b7692b2764be5a997d056e2283b72ae9131]
	org.netbeans.modules.web.common [1.122 dev-b15c9b7692b2764be5a997d056e2283b72ae9131]
	org.netbeans.modules.swing.validation/2 [1.55 dev-b15c9b7692b2764be5a997d056e2283b72ae9131]
	org.netbeans.modules.sendopts/2 [2.59 dev-b15c9b7692b2764be5a997d056e2283b72ae9131]
	org.netbeans.modules.javahelp/1 [2.64 dev-b15c9b7692b2764be5a997d056e2283b72ae9131]
	org.netbeans.core.ui/1 [1.68 dev-b15c9b7692b2764be5a997d056e2283b72ae9131]
	org.netbeans.api.search [1.44 dev-b15c9b7692b2764be5a997d056e2283b72ae9131]
	org.netbeans.modules.jumpto/1 [1.78.0.1 1 dev-b15c9b7692b2764be5a997d056e2283b72ae9131]
	org.netbeans.modules.java.sourceui/1 [1.71.0.2.4.3.32.6 2 dev-b15c9b7692b2764be5a997d056e2283b72ae9131]
	org.netbeans.modules.project.libraries.ui/1 [1.75 dev-b15c9b7692b2764be5a997d056e2283b72ae9131]
	org.netbeans.modules.project.ant.ui/1 [1.88 dev-b15c9b7692b2764be5a997d056e2283b72ae9131]
	org.netbeans.api.xml.ui/1 [1.67 dev-b15c9b7692b2764be5a997d056e2283b72ae9131]
	org.netbeans.modules.options.java [1.37 dev-b15c9b7692b2764be5a997d056e2283b72ae9131]
	org.apache.tools.ant.module/3 [3.107.0.2 2 dev-b15c9b7692b2764be5a997d056e2283b72ae9131]
	org.netbeans.modules.java.platform.ui/1 [1.65 dev-b15c9b7692b2764be5a997d056e2283b72ae9131]
	org.netbeans.modules.java.project.ui/1 [1.98 dev-b15c9b7692b2764be5a997d056e2283b72ae9131]
	org.netbeans.modules.extexecution.base/2 [1.29 dev-b15c9b7692b2764be5a997d056e2283b72ae9131]
	org.netbeans.modules.extexecution/2 [1.72 dev-b15c9b7692b2764be5a997d056e2283b72ae9131]
	org.netbeans.modules.gsf.testrunner/2 [2.35 dev-b15c9b7692b2764be5a997d056e2283b72ae9131]
	org.netbeans.modules.gsf.testrunner.ui [1.38.0.1 dev-b15c9b7692b2764be5a997d056e2283b72ae9131]
	org.netbeans.modules.gototest/1 [1.57 dev-b15c9b7692b2764be5a997d056e2283b72ae9131]
	org.netbeans.modules.java.file.launcher [1.0 dev-b15c9b7692b2764be5a997d056e2283b72ae9131]
	org.netbeans.modules.refactoring.java/1 [1.85.0.1.3 1 dev-b15c9b7692b2764be5a997d056e2283b72ae9131]
	org.netbeans.core.execution/1 [1.65 dev-b15c9b7692b2764be5a997d056e2283b72ae9131]
	org.netbeans.modules.favorites/1 [1.69 dev-b15c9b7692b2764be5a997d056e2283b72ae9131]
	org.netbeans.modules.projectui [1.82.0.8.9 dev-b15c9b7692b2764be5a997d056e2283b72ae9131]
	org.netbeans.modules.projectapi.nb [1.27 dev-b15c9b7692b2764be5a997d056e2283b72ae9131]
	org.netbeans.modules.project.dependency [1.7.0.1 1 dev-b15c9b7692b2764be5a997d056e2283b72ae9131]
	org.netbeans.modules.parsing.nb [1.27.0.8.1 dev-b15c9b7692b2764be5a997d056e2283b72ae9131]
	org.netbeans.insane/1 [1.52.0.1 1 dev-b15c9b7692b2764be5a997d056e2283b72ae9131]
	org.netbeans.libs.junit4 [1.41 dev-b15c9b7692b2764be5a997d056e2283b72ae9131]
	org.netbeans.modules.nbjunit/1 [1.113 dev-b15c9b7692b2764be5a997d056e2283b72ae9131]
	org.netbeans.modules.nativeimage.api/0 [0.15 dev-b15c9b7692b2764be5a997d056e2283b72ae9131]
	org.netbeans.modules.lexer.nbbridge/1 [1.55.0.1 dev-b15c9b7692b2764be5a997d056e2283b72ae9131]
	org.netbeans.modules.javascript2.debug/1 [1.41 dev-b15c9b7692b2764be5a997d056e2283b72ae9131]
	org.netbeans.modules.java.testrunner [1.43 dev-b15c9b7692b2764be5a997d056e2283b72ae9131]
	org.netbeans.modules.java.testrunner.ui [1.27 dev-b15c9b7692b2764be5a997d056e2283b72ae9131]
	org.netbeans.modules.java.nativeimage.debugger/0 [0.13 dev-b15c9b7692b2764be5a997d056e2283b72ae9131]
	org.netbeans.modules.java.j2seplatform/1 [1.66 dev-b15c9b7692b2764be5a997d056e2283b72ae9131]
	org.netbeans.modules.java.hints.legacy.spi/1 [1.40.0.1.13 1 dev-b15c9b7692b2764be5a997d056e2283b72ae9131]
	org.netbeans.modules.java.completion [2.9.0.2 2 dev-b15c9b7692b2764be5a997d056e2283b72ae9131]
	org.netbeans.modules.java.editor.base [2.88.0.1 1 dev-b15c9b7692b2764be5a997d056e2283b72ae9131]
	org.netbeans.modules.editor.bracesmatching/0 [1.62.0.55 dev-b15c9b7692b2764be5a997d056e2283b72ae9131]
	org.netbeans.modules.editor.completion/1 [1.68.0.2 2 dev-b15c9b7692b2764be5a997d056e2283b72ae9131]
	org.netbeans.modules.editor.codetemplates/1 [1.67.0.1 1 dev-b15c9b7692b2764be5a997d056e2283b72ae9131]
	org.netbeans.modules.java.editor/1 [2.91.0.12.1.1.1 12 dev-b15c9b7692b2764be5a997d056e2283b72ae9131]
	org.netbeans.modules.java.hints/1 [1.106.0.17.3.12.1.1.32.6.1.1.13 17 dev-b15c9b7692b2764be5a997d056e2283b72ae9131]
	org.netbeans.modules.java.hints.declarative/1 [1.43.0.1.17.13 1 dev-b15c9b7692b2764be5a997d056e2283b72ae9131]
	org.netbeans.libs.antlr3.runtime [1.44.0.1 1 dev-b15c9b7692b2764be5a997d056e2283b72ae9131]
	org.netbeans.modules.java.api.common/0 [1.146 dev-b15c9b7692b2764be5a997d056e2283b72ae9131]
	org.netbeans.modules.extexecution.process.jdk9 [1.23 dev-b15c9b7692b2764be5a997d056e2283b72ae9131]
	org.netbeans.libs.jna/2 [2.18 dev-b15c9b7692b2764be5a997d056e2283b72ae9131]
	org.netbeans.modules.extexecution.process [1.50 dev-b15c9b7692b2764be5a997d056e2283b72ae9131]
	org.netbeans.modules.editor.mimelookup.impl/1 [1.55 dev-b15c9b7692b2764be5a997d056e2283b72ae9131]
	org.netbeans.modules.editor.breadcrumbs/0 [1.40 dev-b15c9b7692b2764be5a997d056e2283b72ae9131]
	org.netbeans.modules.editor.actions/1 [1.54.0.55 dev-b15c9b7692b2764be5a997d056e2283b72ae9131]
	org.netbeans.modules.debugger.jpda.projects [1.63 dev-b15c9b7692b2764be5a997d056e2283b72ae9131]
	org.netbeans.modules.db.metadata.model/1 [1.34 dev-b15c9b7692b2764be5a997d056e2283b72ae9131]
	org.netbeans.core.ide/1 [1.64 dev-b15c9b7692b2764be5a997d056e2283b72ae9131]
	org.netbeans.modules.db/1 [1.92.0.30 30 dev-b15c9b7692b2764be5a997d056e2283b72ae9131]
	org.netbeans.modules.csl.types/1 [1.23 dev-b15c9b7692b2764be5a997d056e2283b72ae9131]
	org.netbeans.modules.csl.api/2 [2.81.0.2.1.1.8.1 2 dev-b15c9b7692b2764be5a997d056e2283b72ae9131]
	org.netbeans.libs.graalsdk [1.23 dev-b15c9b7692b2764be5a997d056e2283b72ae9131]
	org.netbeans.libs.truffleapi [1.23 dev-b15c9b7692b2764be5a997d056e2283b72ae9131]
	org.netbeans.libs.freemarker/1 [2.57.0.239 239 dev-b15c9b7692b2764be5a997d056e2283b72ae9131]
	org.netbeans.libs.flexmark [1.16 dev-b15c9b7692b2764be5a997d056e2283b72ae9131]

May 27, 2024 4:39:14 PM org.netbeans.modules.java.lsp.server.protocol.Server$LanguageServerImpl lambda$asyncOpenSelectedProjects1$9
INFO: 0 projects opened in 19ms
May 27, 2024 4:39:14 PM org.netbeans.modules.editor.settings.storage.keybindings.KeyMapsStorage$KeyMapsReader startElement
WARNING: Duplicate shortcut 'D-SPACE' definition; rebound from 'all-completion-show' to 'completion-show' in (Editors/Keybindings/NetBeans/Defaults/org-netbeans-modules-editor-keybindings.xml).
May 27, 2024 4:39:14 PM org.netbeans.modules.editor.settings.storage.keybindings.KeyMapsStorage$KeyMapsReader startElement
WARNING: Duplicate shortcut 'D-BACK_SLASH' definition; rebound from 'all-completion-show' to 'completion-show' in (Editors/Keybindings/NetBeans/Defaults/org-netbeans-modules-editor-keybindings.xml).
May 27, 2024 4:39:14 PM org.netbeans.modules.editor.settings.storage.keybindings.KeyMapsStorage$KeyMapsReader startElement
WARNING: Duplicate shortcut 'D-PLUS' definition; rebound from 'expand-fold-tree' to 'expand-fold' in (Editors/Keybindings/NetBeans/Defaults/org-netbeans-modules-editor-keybindings.xml).
May 27, 2024 4:39:14 PM org.netbeans.modules.editor.settings.storage.keybindings.KeyMapsStorage$KeyMapsReader startElement
WARNING: Duplicate shortcut 'O-INSERT' definition; rebound from 'copy-to-clipboard' to 'generate-code' in (Editors/Keybindings/NetBeans/Defaults/org-netbeans-modules-editor-keybindings.xml).
May 27, 2024 4:39:14 PM org.netbeans.modules.editor.settings.storage.keybindings.KeyMapsStorage$KeyMapsReader startElement
WARNING: Duplicate shortcut 'O-RIGHT' definition; rebound from 'caret-next-word' to 'jump-list-next' in (Editors/Keybindings/NetBeans/Defaults/org-netbeans-modules-editor-keybindings.xml).
May 27, 2024 4:39:14 PM org.netbeans.modules.editor.settings.storage.keybindings.KeyMapsStorage$KeyMapsReader startElement
WARNING: Duplicate shortcut 'O-KP_RIGHT' definition; rebound from 'caret-next-word' to 'jump-list-next' in (Editors/Keybindings/NetBeans/Defaults/org-netbeans-modules-editor-keybindings.xml).
May 27, 2024 4:39:14 PM org.netbeans.modules.editor.settings.storage.keybindings.KeyMapsStorage$KeyMapsReader startElement
WARNING: Duplicate shortcut 'O-LEFT' definition; rebound from 'caret-previous-word' to 'jump-list-prev' in (Editors/Keybindings/NetBeans/Defaults/org-netbeans-modules-editor-keybindings.xml).
May 27, 2024 4:39:14 PM org.netbeans.modules.editor.settings.storage.keybindings.KeyMapsStorage$KeyMapsReader startElement
WARNING: Duplicate shortcut 'O-KP_LEFT' definition; rebound from 'caret-previous-word' to 'jump-list-prev' in (Editors/Keybindings/NetBeans/Defaults/org-netbeans-modules-editor-keybindings.xml).
May 27, 2024 4:39:14 PM org.netbeans.modules.editor.settings.storage.keybindings.KeyMapsStorage$KeyMapsReader startElement
WARNING: Duplicate shortcut 'DSO-J' definition; rebound from 'remove-last-caret' to 'addCaretSelectAll' in (Editors/Keybindings/NetBeans/Defaults/org-netbeans-modules-editor-keybindings.xml).
May 27, 2024 4:39:14 PM org.netbeans.modules.editor.settings.storage.keybindings.KeyMapsStorage$KeyMapsReader startElement
WARNING: Duplicate shortcut 'DS-UP' definition; rebound from 'move-selection-else-line-up' to 'copy-selection-else-line-up' in (Editors/Keybindings/NetBeans/Defaults/org-netbeans-modules-editor-keybindings.xml).
May 27, 2024 4:39:14 PM org.netbeans.modules.editor.settings.storage.keybindings.KeyMapsStorage$KeyMapsReader startElement
WARNING: Duplicate shortcut 'DS-KP_UP' definition; rebound from 'move-selection-else-line-up' to 'copy-selection-else-line-up' in (Editors/Keybindings/NetBeans/Defaults/org-netbeans-modules-editor-keybindings.xml).
May 27, 2024 4:39:14 PM org.netbeans.modules.editor.settings.storage.keybindings.KeyMapsStorage$KeyMapsReader startElement
WARNING: Duplicate shortcut 'DS-DOWN' definition; rebound from 'move-selection-else-line-down' to 'copy-selection-else-line-down' in (Editors/Keybindings/NetBeans/Defaults/org-netbeans-modules-editor-keybindings.xml).
May 27, 2024 4:39:14 PM org.netbeans.modules.editor.settings.storage.keybindings.KeyMapsStorage$KeyMapsReader startElement
WARNING: Duplicate shortcut 'DS-KP_DOWN' definition; rebound from 'move-selection-else-line-down' to 'copy-selection-else-line-down' in (Editors/Keybindings/NetBeans/Defaults/org-netbeans-modules-editor-keybindings.xml).
May 27, 2024 4:39:14 PM org.netbeans.modules.editor.settings.storage.keybindings.KeyMapsStorage$KeyMapsReader startElement
WARNING: Duplicate shortcut 'D-BACK_SPACE' definition; rebound from 'remove-surrounding-code' to 'remove-word-previous' in (Editors/Keybindings/NetBeans/Defaults/org-netbeans-modules-editor-keybindings.xml).
May 27, 2024 4:39:14 PM org.netbeans.modules.editor.settings.storage.keybindings.KeyMapsStorage$KeyMapsReader startElement
WARNING: Duplicate shortcut 'DS-HOME' definition; rebound from 'adjust-caret-top' to 'selection-begin' in (Editors/Keybindings/NetBeans/Defaults/org-netbeans-modules-editor-keybindings.xml).
May 27, 2024 4:39:14 PM org.netbeans.modules.editor.settings.storage.keybindings.KeyMapsStorage$KeyMapsReader startElement
WARNING: Duplicate shortcut 'DS-END' definition; rebound from 'adjust-caret-bottom' to 'selection-end' in (Editors/Keybindings/NetBeans/Defaults/org-netbeans-modules-editor-keybindings.xml).
May 27, 2024 4:39:14 PM org.netbeans.modules.editor.settings.storage.keybindings.KeyMapsStorage$KeyMapsReader startElement
WARNING: Duplicate shortcut 'OS-LEFT' definition; rebound from 'selection-previous-word' to 'shift-line-left' in (Editors/Keybindings/NetBeans/Defaults/org-netbeans-modules-editor-keybindings.xml).
May 27, 2024 4:39:14 PM org.netbeans.modules.editor.settings.storage.keybindings.KeyMapsStorage$KeyMapsReader startElement
WARNING: Duplicate shortcut 'OS-KP_LEFT' definition; rebound from 'selection-previous-word' to 'shift-line-left' in (Editors/Keybindings/NetBeans/Defaults/org-netbeans-modules-editor-keybindings.xml).
May 27, 2024 4:39:14 PM org.netbeans.modules.editor.settings.storage.keybindings.KeyMapsStorage$KeyMapsReader startElement
WARNING: Duplicate shortcut 'OS-RIGHT' definition; rebound from 'selection-next-word' to 'shift-line-right' in (Editors/Keybindings/NetBeans/Defaults/org-netbeans-modules-editor-keybindings.xml).
May 27, 2024 4:39:14 PM org.netbeans.modules.editor.settings.storage.keybindings.KeyMapsStorage$KeyMapsReader startElement
WARNING: Duplicate shortcut 'OS-KP_RIGHT' definition; rebound from 'selection-next-word' to 'shift-line-right' in (Editors/Keybindings/NetBeans/Defaults/org-netbeans-modules-editor-keybindings.xml).
May 27, 2024 4:39:14 PM org.netbeans.modules.editor.settings.storage.keybindings.KeyMapsStorage$KeyMapsReader startElement
WARNING: Duplicate shortcut 'DS-C' definition; rebound from 'annotations-cycling' to 'toggle-comment' in (Editors/Keybindings/NetBeans/Defaults/org-netbeans-modules-editor-keybindings.xml).
May 27, 2024 4:39:14 PM org.netbeans.modules.editor.settings.storage.keybindings.KeyMapsStorage$KeyMapsReader startElement
WARNING: Duplicate shortcut 'O-UP' definition; rebound from 'scroll-down' to 'prev-marked-occurrence' in (Editors/Keybindings/NetBeans/Defaults/org-netbeans-modules-editor-keybindings.xml).
May 27, 2024 4:39:14 PM org.netbeans.modules.editor.settings.storage.keybindings.KeyMapsStorage$KeyMapsReader startElement
WARNING: Duplicate shortcut 'O-DOWN' definition; rebound from 'scroll-up' to 'next-marked-occurrence' in (Editors/Keybindings/NetBeans/Defaults/org-netbeans-modules-editor-keybindings.xml).
May 27, 2024 4:39:14 PM org.netbeans.modules.editor.settings.storage.keybindings.KeyMapsStorage$KeyMapsReader startElement
WARNING: Duplicate shortcut 'DS-I' definition; rebound from 'fast-import' to 'fix-imports' in (Editors/text/x-java/Keybindings/NetBeans/Defaults/org-netbeans-modules-editor-java-keybindings.xml).
May 27, 2024 4:39:14 PM org.netbeans.modules.editor.settings.storage.keybindings.KeyMapsStorage$KeyMapsReader startElement
WARNING: Duplicate shortcut 'DS-I' definition; rebound from 'fast-import' to 'fix-imports' in (Editors/text/x-java/Keybindings/NetBeans/Defaults/org-netbeans-modules-editor-java-keybindings-mac.xml).
Creating a client for testcase: testFixImports
May 27, 2024 4:39:14 PM org.netbeans.modules.java.lsp.server.protocol.Server hackConfigureGroovySupport
WARNING: Unable to configure Groovy indexing: Groovy support is not enabled
May 27, 2024 4:39:14 PM org.openide.util.ImageUtilities$CachedLookupLoader getLoader
WARNING: No interface org.openide.util.spi.SVGLoader instance found in ProxyLookup(class=class org.openide.util.lookup.ProxyLookup)->[AbstractLookup[IL[org.netbeans.modules.java.lsp.server.progress.OperationContext@117e04b7, IL[{serializeNulls:false,factories:[Factory[typeHierarchy=com.google.gson.JsonElement,adapter=com.google.gson.internal.bind.TypeAdapters$27@5fcd6e4a], com.google.gson.internal.bind.ObjectTypeAdapter$1@645f9bf9, com.google.gson.internal.Excluder@76ab38ae, com.google.gson.internal.bind.TreeTypeAdapter$SingleTypeFactory@6d2b4261, org.netbeans.modules.java.lsp.server.protocol.NbGsonAdapter$1@5920ceb0, org.eclipse.lsp4j.jsonrpc.json.adapters.MessageTypeAdapter$Factory@41b8063e, org.eclipse.lsp4j.jsonrpc.json.adapters.EnumTypeAdapter$Factory@6e7938ef, org.eclipse.lsp4j.jsonrpc.json.adapters.TupleTypeAdapters$TwoTypeAdapterFactory@5976470b, org.eclipse.lsp4j.jsonrpc.json.adapters.EitherTypeAdapter$Factory@6fc57db, org.eclipse.lsp4j.jsonrpc.json.adapters.ThrowableTypeAdapter$Factory@77438cc, org.eclipse.lsp4j.jsonrpc.json.adapters.CollectionTypeAdapter$Factory@206dd68d, Factory[type=java.lang.String,adapter=com.google.gson.internal.bind.TypeAdapters$15@4bc88394], Factory[type=java.lang.Integer+int,adapter=com.google.gson.internal.bind.TypeAdapters$7@2fee57b9], Factory[type=java.lang.Boolean+boolean,adapter=com.google.gson.internal.bind.TypeAdapters$3@97aa8d0], Factory[type=java.lang.Byte+byte,adapter=com.google.gson.internal.bind.TypeAdapters$5@47eddecc], Factory[type=java.lang.Short+short,adapter=com.google.gson.internal.bind.TypeAdapters$6@48b63186], Factory[type=java.lang.Long+long,adapter=com.google.gson.internal.bind.TypeAdapters$11@1538f4b6], Factory[type=java.lang.Double+double,adapter=com.google.gson.Gson$1@4958f2e9], Factory[type=java.lang.Float+float,adapter=com.google.gson.Gson$2@60ea4eb0], com.google.gson.internal.bind.NumberTypeAdapter$1@1929792a, Factory[type=java.util.concurrent.atomic.AtomicInteger,adapter=com.google.gson.TypeAdapter$1@4be6b3fd], Factory[type=java.util.concurrent.atomic.AtomicBoolean,adapter=com.google.gson.TypeAdapter$1@4527dfd2], Factory[type=java.util.concurrent.atomic.AtomicLong,adapter=com.google.gson.TypeAdapter$1@778a9608], Factory[type=java.util.concurrent.atomic.AtomicLongArray,adapter=com.google.gson.TypeAdapter$1@25b841fa], Factory[type=java.util.concurrent.atomic.AtomicIntegerArray,adapter=com.google.gson.TypeAdapter$1@5b3f67eb], Factory[type=java.lang.Character+char,adapter=com.google.gson.internal.bind.TypeAdapters$14@201dea11], Factory[type=java.lang.StringBuilder,adapter=com.google.gson.internal.bind.TypeAdapters$18@38402cc], Factory[type=java.lang.StringBuffer,adapter=com.google.gson.internal.bind.TypeAdapters$19@64d434d7], Factory[type=java.math.BigDecimal,adapter=com.google.gson.internal.bind.TypeAdapters$16@44f40799], Factory[type=java.math.BigInteger,adapter=com.google.gson.internal.bind.TypeAdapters$17@b762074], Factory[type=java.net.URL,adapter=com.google.gson.internal.bind.TypeAdapters$20@2847c1b4], Factory[type=java.net.URI,adapter=com.google.gson.internal.bind.TypeAdapters$21@6df03ae7], Factory[type=java.util.UUID,adapter=com.google.gson.internal.bind.TypeAdapters$23@9dc200f], Factory[type=java.util.Currency,adapter=com.google.gson.TypeAdapter$1@3393d4c0], Factory[type=java.util.Locale,adapter=com.google.gson.internal.bind.TypeAdapters$26@25cff967], Factory[typeHierarchy=java.net.InetAddress,adapter=com.google.gson.internal.bind.TypeAdapters$22@4984d83b], Factory[type=java.util.BitSet,adapter=com.google.gson.TypeAdapter$1@21b0555c], com.google.gson.internal.bind.DateTypeAdapter$1@c28a07e, Factory[type=java.util.Calendar+java.util.GregorianCalendar,adapter=com.google.gson.internal.bind.TypeAdapters$25@5676645d], com.google.gson.internal.sql.SqlTimeTypeAdapter$1@395c2ba8, com.google.gson.internal.sql.SqlDateTypeAdapter$1@1a65836a, com.google.gson.internal.sql.SqlTimestampTypeAdapter$1@5307fb08, com.google.gson.internal.bind.ArrayTypeAdapter$1@36b629b9, Factory[type=java.lang.Class,adapter=com.google.gson.TypeAdapter$1@6e6f55ac], com.google.gson.internal.bind.CollectionTypeAdapterFactory@5827f5d8, com.google.gson.internal.bind.MapTypeAdapterFactory@34949a6f, com.google.gson.internal.bind.JsonAdapterAnnotationTypeAdapterFactory@336886a5, com.google.gson.internal.bind.TypeAdapters$28@27be7751, com.google.gson.internal.bind.ReflectiveTypeAdapterFactory@4050cf4b],instanceCreators:{class org.eclipse.lsp4j.SemanticTokensCapabilities=org.netbeans.modules.java.lsp.server.protocol.Server$2@508762cc, class org.eclipse.lsp4j.SemanticTokensParams=org.netbeans.modules.java.lsp.server.protocol.Server$3@27ad8bd7}}], ProxyLookup(class=class org.openide.util.lookup.ProxyLookup)->[ProxyLookup(class=class org.openide.util.lookup.ProxyLookup)->[AbstractLookup[IL[org.netbeans.modules.java.lsp.server.protocol.Server$LanguageServerImpl@2b34e89b, IL[org.netbeans.modules.java.lsp.server.protocol.NbCodeClientWrapper@3f6ce9ec, IL[org.netbeans.modules.java.lsp.server.protocol.Server$LanguageServerImpl$2@1ad50043, IL[org.netbeans.modules.java.lsp.server.protocol.WorkspaceUIContext@47675f93, IL[org.netbeans.modules.java.lsp.server.explorer.LspTreeViewServiceImpl$1@4b1b17d4, IL[org.netbeans.modules.java.lsp.server.input.LspInputServiceImpl$RegistryImpl@13e0b4d2]], ProxyLookup(class=class org.openide.util.lookup.ProxyLookup)->[], ProxyLookup(class=class org.netbeans.core.startup.MainLookup)->[MetaInfServicesLookup[SystemClassLoader[168 modules]], SingletonLookup[SystemClassLoader[168 modules]], ProxyLookup(class=class org.openide.util.lookup.ProxyLookup)->[SingletonLookup[org.netbeans.ModuleManager@3a10b971], ModuleLookup[FixedModule:org.openide.util.lookup, FixedModule:org.openide.loaders, FixedModule:org.netbeans.core, FixedModule:org.netbeans.modules.autoupdate.services, FixedModule:org.netbeans.modules.lexer.nbbridge, FixedModule:org.openide.awt, FixedModule:org.netbeans.modules.settings, FixedModule:org.openide.nodes, FixedModule:org.netbeans.modules.projectui, FixedModule:org.netbeans.modules.java.file.launcher, FixedModule:org.netbeans.swing.plaf, FixedModule:org.netbeans.api.debugger.jpda, FixedModule:org.openide.text, FixedModule:org.netbeans.modules.project.ant.ui, FixedModule:org.netbeans.modules.extexecution, FixedModule:org.netbeans.modules.extexecution.process, FixedModule:org.netbeans.modules.java.editor.base, FixedModule:org.netbeans.modules.javahelp, FixedModule:org.netbeans.spi.debugger.jpda.ui, FixedModule:org.netbeans.libs.junit4, FixedModule:org.netbeans.modules.code.analysis, FixedModule:org.netbeans.modules.options.java, FixedModule:org.netbeans.modules.gototest, FixedModule:org.netbeans.modules.options.api, FixedModule:org.netbeans.api.xml, FixedModule:org.netbeans.modules.java.testrunner, FixedModule:org.netbeans.core.multiview, FixedModule:org.netbeans.modules.debugger.jpda.projects, FixedModule:org.apache.tools.ant.module, FixedModule:org.apache.commons.commons_io, FixedModule:org.netbeans.modules.java.source, FixedModule:org.openide.dialogs, FixedModule:org.netbeans.insane, FixedModule:org.netbeans.modules.csl.types, FixedModule:org.netbeans.modules.java.editor, FixedModule:org.netbeans.modules.editor.guards, FixedModule:org.netbeans.modules.java.source.base, FixedModule:org.netbeans.modules.java.openjdk.project, FixedModule:org.netbeans.api.templates, FixedModule:org.netbeans.modules.project.ant, FixedModule:org.netbeans.modules.xml.xam, FixedModule:org.netbeans.modules.java.project.ui, FixedModule:org.netbeans.modules.maven.indexer.ui, FixedModule:org.netbeans.modules.refactoring.java, FixedModule:org.netbeans.core.startup, FixedModule:org.netbeans.spi.java.hints, FixedModule:org.netbeans.modules.parsing.nb, FixedModule:org.netbeans.modules.java.api.common, FixedModule:org.netbeans.modules.favorites, FixedModule:org.netbeans.modules.gradle.java, FixedModule:org.netbeans.modules.parsing.lucene, FixedModule:org.netbeans.modules.editor.indent.support, FixedModule:org.openide.filesystems.nb, FixedModule:org.openide.filesystems, FixedModule:org.netbeans.modules.java.project, FixedModule:org.netbeans.core.ui, FixedModule:org.netbeans.libs.flexmark, FixedModule:org.netbeans.modules.editor.breadcrumbs, FixedModule:org.netbeans.api.search, FixedModule:org.netbeans.modules.editor.settings.lib, FixedModule:org.netbeans.modules.extexecution.base, FixedModule:org.netbeans.modules.nbjunit, FixedModule:org.netbeans.modules.classfile, FixedModule:org.netbeans.modules.editor.settings, FixedModule:org.netbeans.modules.editor.document, FixedModule:org.netbeans.libs.graalsdk, FixedModule:org.netbeans.modules.parsing.indexing, FixedModule:org.netbeans.modules.editor.fold, FixedModule:org.netbeans.modules.project.libraries, FixedModule:org.netbeans.modules.java.testrunner.ui, FixedModule:org.netbeans.modules.java.preprocessorbridge, FixedModule:org.netbeans.modules.masterfs, FixedModule:org.netbeans.modules.jumpto, FixedModule:org.netbeans.modules.java.hints.declarative, FixedModule:org.netbeans.swing.tabcontrol, FixedModule:org.netbeans.modules.project.libraries.ui, FixedModule:org.netbeans.modules.csl.api, FixedModule:org.netbeans.modules.java.j2seplatform, FixedModule:org.netbeans.api.annotations.common, FixedModule:org.netbeans.swing.outline, FixedModule:org.netbeans.modules.debugger.jpda.ui, FixedModule:org.netbeans.libs.asm, FixedModule:org.netbeans.api.io, FixedModule:org.netbeans.modules.java.completion, FixedModule:org.netbeans.api.java, FixedModule:org.netbeans.modules.parsing.api, FixedModule:org.netbeans.modules.gradle, FixedModule:org.netbeans.modules.editor, FixedModule:org.netbeans.modules.editor.bracesmatching, FixedModule:org.netbeans.libs.lucene, FixedModule:org.netbeans.modules.projectapi, FixedModule:org.netbeans.modules.editor.mimelookup, FixedModule:org.netbeans.api.xml.ui, FixedModule:org.netbeans.core.execution, FixedModule:org.netbeans.modules.libs.gradle, FixedModule:org.netbeans.libs.freemarker, FixedModule:org.netbeans.modules.project.spi.intern, FixedModule:org.netbeans.spi.quicksearch, FixedModule:org.netbeans.modules.java.hints, FixedModule:org.netbeans.libs.javacapi, FixedModule:org.netbeans.modules.project.indexingbridge, FixedModule:org.netbeans.spi.editor.hints, FixedModule:org.openide.util.ui, FixedModule:org.netbeans.api.intent, FixedModule:org.netbeans.libs.antlr3.runtime, FixedModule:org.openide.execution, FixedModule:org.netbeans.core.startup.base, FixedModule:org.netbeans.modules.java.sourceui, FixedModule:org.netbeans.modules.projectuiapi, FixedModule:org.netbeans.api.htmlui, FixedModule:org.openide.io, FixedModule:org.netbeans.api.lsp, FixedModule:org.netbeans.spi.navigator, FixedModule:org.netbeans.modules.editor.codetemplates, FixedModule:org.netbeans.modules.project.dependency, FixedModule:org.netbeans.modules.maven.embedder, FixedModule:org.netbeans.modules.projectapi.nb, FixedModule:org.netbeans.modules.editor.completion, FixedModule:org.netbeans.libs.jna, FixedModule:org.netbeans.modules.maven, FixedModule:org.netbeans.modules.editor.indent, FixedModule:org.netbeans.modules.editor.errorstripe.api, FixedModule:org.netbeans.modules.editor.tools.storage, FixedModule:org.netbeans.modules.editor.lib, FixedModule:org.openide.windows, FixedModule:org.netbeans.modules.diff, FixedModule:org.netbeans.modules.debugger.jpda.truffle, FixedModule:org.netbeans.modules.refactoring.api, FixedModule:org.netbeans.modules.debugger.jpda, FixedModule:org.netbeans.modules.keyring, FixedModule:org.netbeans.api.progress.nb, FixedModule:org.netbeans.modules.java.lexer, FixedModule:org.netbeans.api.debugger, FixedModule:org.netbeans.spi.viewmodel, FixedModule:org.netbeans.modules.maven.model, FixedModule:org.netbeans.api.java.classpath, FixedModule:org.netbeans.modules.java.platform, FixedModule:org.netbeans.libs.json_simple, FixedModule:org.netbeans.modules.editor.errorstripe, FixedModule:org.netbeans.modules.options.keymap, FixedModule:org.netbeans.modules.javascript2.debug, FixedModule:org.netbeans.libs.truffleapi, FixedModule:org.netbeans.core.ide, FixedModule:org.netbeans.modules.java.nativeimage.debugger, FixedModule:org.netbeans.bootstrap, FixedModule:org.netbeans.modules.editor.util, FixedModule:org.netbeans.modules.maven.indexer, FixedModule:org.netbeans.modules.lexer, FixedModule:org.netbeans.modules.db.metadata.model, FixedModule:org.netbeans.modules.editor.settings.storage, FixedModule:org.netbeans.modules.whitelist, FixedModule:org.netbeans.modules.queries, FixedModule:org.netbeans.modules.sampler, FixedModule:org.netbeans.api.scripting, FixedModule:org.netbeans.modules.java.hints.legacy.spi, FixedModule:org.openide.util, FixedModule:org.netbeans.modules.web.common, FixedModule:org.netbeans.spi.debugger.ui, FixedModule:org.netbeans.modules.libs.corba.omgapi, FixedModule:org.netbeans.spi.tasklist, FixedModule:org.netbeans.modules.extexecution.process.jdk9, FixedModule:org.netbeans.modules.sendopts, FixedModule:org.openide.explorer, FixedModule:org.netbeans.modules.editor.mimelookup.impl, FixedModule:org.netbeans.modules.editor.actions, FixedModule:org.netbeans.modules.editor.fold.nbui, FixedModule:org.netbeans.modules.db, FixedModule:org.netbeans.modules.options.editor, FixedModule:org.netbeans.modules.java.lsp.server, FixedModule:org.netbeans.modules.xml.catalog, FixedModule:org.netbeans.modules.gsf.testrunner.ui, FixedModule:org.netbeans.modules.editor.lib2, FixedModule:org.netbeans.modules.nativeimage.api, FixedModule:org.netbeans.modules.gsf.testrunner, FixedModule:org.netbeans.modules.swing.validation, FixedModule:org.netbeans.spi.editor.hints.projects, FixedModule:org.openide.actions, FixedModule:org.netbeans.modules.java.platform.ui, FixedModule:org.netbeans.modules.projectuiapi.base, FixedModule:org.openide.modules, FixedModule:org.netbeans.lib.nbjavac, FixedModule:org.netbeans.modules.editor.indent.project, FixedModule:org.netbeans.core.windows, FixedModule:org.apache.xml.resolver, FixedModule:org.netbeans.api.progress]], AbstractLookup[], FolderLookup.lookup["SL["]]]]
May 27, 2024 4:39:14 PM org.openide.util.ImageUtilities getIcon
INFO: No SVG loader available for loading jar:file:/Users/atalati/vscode-extension/main-repo/javavscode/netbeans/nbbuild/netbeans/platform/modules/org-openide-loaders.jar!/org/openide/loaders/defaultFolder.svg
May 27, 2024 4:39:14 PM org.netbeans.modules.project.ui.OpenProjectList log
INFO: USG_PROJECT_OPEN
May 27, 2024 4:39:14 PM org.netbeans.modules.java.lsp.server.protocol.Server$LanguageServerImpl lambda$asyncOpenSelectedProjects1$9
INFO: 1 projects opened in 43ms
May 27, 2024 4:39:15 PM org.netbeans.modules.parsing.impl.indexing.RepositoryUpdater$Work reportIndexingStart
INFO: Indexing started, time from last indexing 0 ms.
May 27, 2024 4:39:15 PM org.netbeans.modules.parsing.impl.indexing.RepositoryUpdater$RootsWork getDone
INFO: Resolving dependencies took: 129 ms
May 27, 2024 4:39:17 PM org.netbeans.modules.parsing.impl.indexing.RepositoryUpdater$AbstractRootsWork scanBinaries
INFO: Complete indexing of 70 binary roots took: 1,606 ms
May 27, 2024 4:39:17 PM org.netbeans.modules.parsing.impl.indexing.RepositoryUpdater$AbstractRootsWork scanSources
INFO: Indexing of: /Users/atalati/vscode-extension/main-repo/javavscode/netbeans/java/java.lsp.server/build/test/unit/work/o.n.m.j.l.s.p.S/fi took: 139 ms (New or modified files: 2, Deleted files: 0) [Adding listeners took: 1 ms]
May 27, 2024 4:39:17 PM org.netbeans.modules.parsing.impl.indexing.RepositoryUpdater$AbstractRootsWork scanSources
INFO: Complete indexing of 1 source roots took: 139 ms (New or modified files: 2, Deleted files: 0) [Adding listeners took: 1 ms]
May 27, 2024 4:39:17 PM org.netbeans.modules.parsing.impl.indexing.RepositoryUpdater$Work reportIndexerStatistics
INFO: Indexing finished, indexing took 1,930 ms.
May 27, 2024 4:39:17 PM org.netbeans.modules.java.source.parsing.JavacParser init
WARNING: ClassPath identity changed for /Users/atalati/vscode-extension/main-repo/javavscode/netbeans/java/java.lsp.server/build/test/unit/work/o.n.m.j.l.s.p.S/fi/Test.java@1dfe0878:5f46da15, class path owner: /Users/atalati/vscode-extension/main-repo/javavscode/netbeans/java/java.lsp.server/build/test/unit/work/o.n.m.j.l.s.p.S/fi (class org.netbeans.modules.java.lsp.server.protocol.ServerTest$TestProjectFactory$4) original sourcePath: /Users/atalati/vscode-extension/main-repo/javavscode/netbeans/java/java.lsp.server/build/test/unit/work/o.n.m.j.l.s.p.S/fi new sourcePath: /Users/atalati/vscode-extension/main-repo/javavscode/netbeans/java/java.lsp.server/build/test/unit/work/o.n.m.j.l.s.p.S/fi
May 27, 2024 4:39:18 PM org.netbeans.modules.project.ui.OpenProjectList log
INFO: USG_PROJECT_CLOSE
Creating a client for testcase: testAdvancedCompletion1
May 27, 2024 4:39:18 PM org.netbeans.modules.project.ui.OpenProjectList log
INFO: USG_PROJECT_OPEN
May 27, 2024 4:39:18 PM org.netbeans.modules.java.lsp.server.protocol.Server$LanguageServerImpl lambda$asyncOpenSelectedProjects1$9
INFO: 1 projects opened in 2ms
May 27, 2024 4:39:18 PM org.netbeans.modules.parsing.impl.indexing.RepositoryUpdater$Work reportIndexingStart
INFO: Indexing started, time from last indexing 1,297 ms.
May 27, 2024 4:39:18 PM org.netbeans.modules.java.source.parsing.JavacParser init
WARNING: ClassPath identity changed for /Users/atalati/vscode-extension/main-repo/javavscode/netbeans/java/java.lsp.server/build/test/unit/work/o.n.m.j.l.s.p.S/fi/Test.java@1dfe0878:5f46da15, class path owner: /Users/atalati/vscode-extension/main-repo/javavscode/netbeans/java/java.lsp.server/build/test/unit/work/o.n.m.j.l.s.p.S/fi (class org.netbeans.modules.java.lsp.server.protocol.ServerTest$TestProjectFactory$4) original sourcePath: /Users/atalati/vscode-extension/main-repo/javavscode/netbeans/java/java.lsp.server/build/test/unit/work/o.n.m.j.l.s.p.S/fi new sourcePath: /Users/atalati/vscode-extension/main-repo/javavscode/netbeans/java/java.lsp.server/build/test/unit/work/o.n.m.j.l.s.p.S/fi
May 27, 2024 4:39:18 PM org.netbeans.modules.parsing.impl.indexing.RepositoryUpdater$RootsWork getDone
INFO: Resolving dependencies took: 5 ms
May 27, 2024 4:39:18 PM org.netbeans.modules.parsing.impl.indexing.RepositoryUpdater$AbstractRootsWork scanBinaries
INFO: Complete indexing of 0 binary roots took: 0 ms
May 27, 2024 4:39:18 PM org.netbeans.modules.parsing.impl.indexing.RepositoryUpdater$AbstractRootsWork scanSources
INFO: Indexing of: /Users/atalati/vscode-extension/main-repo/javavscode/netbeans/java/java.lsp.server/build/test/unit/work/o.n.m.j.l.s.p.S/ac took: 172 ms (New or modified files: 2, Deleted files: 0) [Adding listeners took: 1 ms]
May 27, 2024 4:39:18 PM org.netbeans.modules.parsing.impl.indexing.RepositoryUpdater$AbstractRootsWork scanSources
INFO: Complete indexing of 1 source roots took: 172 ms (New or modified files: 2, Deleted files: 0) [Adding listeners took: 1 ms]
May 27, 2024 4:39:18 PM org.netbeans.modules.parsing.impl.indexing.RepositoryUpdater$Work reportIndexerStatistics
INFO: Indexing finished, indexing took 181 ms.
May 27, 2024 4:39:18 PM org.netbeans.modules.java.source.parsing.JavacParser init
WARNING: ClassPath identity changed for /Users/atalati/vscode-extension/main-repo/javavscode/netbeans/java/java.lsp.server/build/test/unit/work/o.n.m.j.l.s.p.S/ac/Test.java@7a0aa719:70ff6041, class path owner: /Users/atalati/vscode-extension/main-repo/javavscode/netbeans/java/java.lsp.server/build/test/unit/work/o.n.m.j.l.s.p.S/ac (class org.netbeans.modules.java.lsp.server.protocol.ServerTest$TestProjectFactory$4) original sourcePath: /Users/atalati/vscode-extension/main-repo/javavscode/netbeans/java/java.lsp.server/build/test/unit/work/o.n.m.j.l.s.p.S/ac new sourcePath: /Users/atalati/vscode-extension/main-repo/javavscode/netbeans/java/java.lsp.server/build/test/unit/work/o.n.m.j.l.s.p.S/ac
May 27, 2024 4:39:18 PM org.netbeans.modules.java.source.parsing.JavacParser init
WARNING: ClassPath identity changed for /Users/atalati/vscode-extension/main-repo/javavscode/netbeans/java/java.lsp.server/build/test/unit/work/o.n.m.j.l.s.p.S/ac/Test.java@7a0aa719:70ff6041, class path owner: /Users/atalati/vscode-extension/main-repo/javavscode/netbeans/java/java.lsp.server/build/test/unit/work/o.n.m.j.l.s.p.S/ac (class org.netbeans.modules.java.lsp.server.protocol.ServerTest$TestProjectFactory$4) original sourcePath: /Users/atalati/vscode-extension/main-repo/javavscode/netbeans/java/java.lsp.server/build/test/unit/work/o.n.m.j.l.s.p.S/ac new sourcePath: /Users/atalati/vscode-extension/main-repo/javavscode/netbeans/java/java.lsp.server/build/test/unit/work/o.n.m.j.l.s.p.S/ac
May 27, 2024 4:39:19 PM org.netbeans.modules.java.source.parsing.JavacParser init
WARNING: ClassPath identity changed for /Users/atalati/vscode-extension/main-repo/javavscode/netbeans/java/java.lsp.server/build/test/unit/work/o.n.m.j.l.s.p.S/ac/Test.java@7a0aa719:70ff6041, class path owner: /Users/atalati/vscode-extension/main-repo/javavscode/netbeans/java/java.lsp.server/build/test/unit/work/o.n.m.j.l.s.p.S/ac (class org.netbeans.modules.java.lsp.server.protocol.ServerTest$TestProjectFactory$4) original sourcePath: /Users/atalati/vscode-extension/main-repo/javavscode/netbeans/java/java.lsp.server/build/test/unit/work/o.n.m.j.l.s.p.S/ac new sourcePath: /Users/atalati/vscode-extension/main-repo/javavscode/netbeans/java/java.lsp.server/build/test/unit/work/o.n.m.j.l.s.p.S/ac
Documented
Inherited
Native
Repeatable
Retention
Target
May 27, 2024 4:39:19 PM org.netbeans.modules.java.source.parsing.JavacParser init
WARNING: ClassPath identity changed for /Users/atalati/vscode-extension/main-repo/javavscode/netbeans/java/java.lsp.server/build/test/unit/work/o.n.m.j.l.s.p.S/ac/Test.java@7a0aa719:70ff6041, class path owner: /Users/atalati/vscode-extension/main-repo/javavscode/netbeans/java/java.lsp.server/build/test/unit/work/o.n.m.j.l.s.p.S/ac (class org.netbeans.modules.java.lsp.server.protocol.ServerTest$TestProjectFactory$4) original sourcePath: /Users/atalati/vscode-extension/main-repo/javavscode/netbeans/java/java.lsp.server/build/test/unit/work/o.n.m.j.l.s.p.S/ac new sourcePath: /Users/atalati/vscode-extension/main-repo/javavscode/netbeans/java/java.lsp.server/build/test/unit/work/o.n.m.j.l.s.p.S/ac
May 27, 2024 4:39:19 PM org.netbeans.modules.parsing.impl.indexing.RepositoryUpdater$Work reportIndexingStart
INFO: Indexing started, time from last indexing 322 ms.
value
ElementType.TYPE
ElementType.FIELD
ElementType.METHOD
ElementType.PARAMETER
ElementType.CONSTRUCTOR
ElementType.LOCAL_VARIABLE
ElementType.ANNOTATION_TYPE
ElementType.PACKAGE
ElementType.TYPE_PARAMETER
ElementType.TYPE_USE
ElementType.MODULE
ElementType.RECORD_COMPONENT
false
true
Test
Void
VirtualMachineError
VerifyError
UnsupportedOperationException
UnsupportedClassVersionError
UnsatisfiedLinkError
UnknownError
TypeNotPresentException
Throwable
ThreadLocal
ThreadGroup
ThreadDeath
Thread
System
SuppressWarnings
StringIndexOutOfBoundsException
StringBuilder
StringBuffer
String
StrictMath
StackWalker
StackTraceElement
StackOverflowError
Short
SecurityManager
SecurityException
SafeVarargs
RuntimePermission
RuntimeException
Runtime
Runnable
ReflectiveOperationException
Record
Readable
ProcessHandle
ProcessBuilder
Process
Package
Override
OutOfMemoryError
Object
NumberFormatException
Number
NullPointerException
NoSuchMethodException
NoSuchMethodError
NoSuchFieldException
NoSuchFieldError
NoClassDefFoundError
NegativeArraySizeException
ModuleLayer
Module
Math
Long
LinkageError
LayerInstantiationException
Iterable
InterruptedException
InternalError
Integer
InstantiationException
InstantiationError
InheritableThreadLocal
IndexOutOfBoundsException
IncompatibleClassChangeError
IllegalThreadStateException
IllegalStateException
IllegalMonitorStateException
IllegalCallerException
IllegalArgumentException
IllegalAccessException
IllegalAccessError
FunctionalInterface
Float
ExceptionInInitializerError
Exception
Error
EnumConstantNotPresentException
Enum
Double
Deprecated
Compiler
Comparable
Cloneable
CloneNotSupportedException
ClassValue
ClassNotFoundException
ClassLoader
ClassFormatError
ClassCircularityError
ClassCastException
Class
Character
CharSequence
Byte
BootstrapMethodError
Boolean
AutoCloseable
AssertionError
ArrayStoreException
ArrayIndexOutOfBoundsException
ArithmeticException
Appendable
AbstractMethodError
sun
java
jdk
com
javax
org
apple
netscape
May 27, 2024 4:39:19 PM org.netbeans.modules.java.source.parsing.JavacParser init
WARNING: ClassPath identity changed for /Users/atalati/vscode-extension/main-repo/javavscode/netbeans/java/java.lsp.server/build/test/unit/work/o.n.m.j.l.s.p.S/ac/Test.java@7a0aa719:70ff6041, class path owner: /Users/atalati/vscode-extension/main-repo/javavscode/netbeans/java/java.lsp.server/build/test/unit/work/o.n.m.j.l.s.p.S/ac (class org.netbeans.modules.java.lsp.server.protocol.ServerTest$TestProjectFactory$4) original sourcePath: /Users/atalati/vscode-extension/main-repo/javavscode/netbeans/java/java.lsp.server/build/test/unit/work/o.n.m.j.l.s.p.S/ac new sourcePath: /Users/atalati/vscode-extension/main-repo/javavscode/netbeans/java/java.lsp.server/build/test/unit/work/o.n.m.j.l.s.p.S/ac
value
ElementType.TYPE
ElementType.FIELD
ElementType.METHOD
ElementType.PARAMETER
ElementType.CONSTRUCTOR
ElementType.LOCAL_VARIABLE
ElementType.ANNOTATION_TYPE
ElementType.PACKAGE
ElementType.TYPE_PARAMETER
ElementType.TYPE_USE
ElementType.MODULE
ElementType.RECORD_COMPONENT
false
true
ElementType
Test
Void
VirtualMachineError
VerifyError
UnsupportedOperationException
UnsupportedClassVersionError
UnsatisfiedLinkError
UnknownError
TypeNotPresentException
Throwable
ThreadLocal
ThreadGroup
ThreadDeath
Thread
System
SuppressWarnings
StringIndexOutOfBoundsException
StringBuilder
StringBuffer
String
StrictMath
StackWalker
StackTraceElement
StackOverflowError
Short
SecurityManager
SecurityException
SafeVarargs
RuntimePermission
RuntimeException
Runtime
Runnable
ReflectiveOperationException
Record
Readable
ProcessHandle
ProcessBuilder
Process
Package
Override
OutOfMemoryError
Object
NumberFormatException
Number
NullPointerException
NoSuchMethodException
NoSuchMethodError
NoSuchFieldException
NoSuchFieldError
NoClassDefFoundError
NegativeArraySizeException
ModuleLayer
Module
Math
Long
LinkageError
LayerInstantiationException
Iterable
InterruptedException
InternalError
Integer
InstantiationException
InstantiationError
InheritableThreadLocal
IndexOutOfBoundsException
IncompatibleClassChangeError
IllegalThreadStateException
IllegalStateException
IllegalMonitorStateException
IllegalCallerException
IllegalArgumentException
IllegalAccessException
IllegalAccessError
FunctionalInterface
Float
ExceptionInInitializerError
Exception
Error
EnumConstantNotPresentException
Enum
Double
Deprecated
Compiler
Comparable
Cloneable
CloneNotSupportedException
ClassValue
ClassNotFoundException
ClassLoader
ClassFormatError
ClassCircularityError
ClassCastException
Class
Character
CharSequence
Byte
BootstrapMethodError
Boolean
AutoCloseable
AssertionError
ArrayStoreException
ArrayIndexOutOfBoundsException
ArithmeticException
Appendable
AbstractMethodError
sun
java
jdk
com
javax
org
apple
netscape
May 27, 2024 4:39:19 PM org.netbeans.modules.project.ui.OpenProjectList log
INFO: USG_PROJECT_CLOSE
Creating a client for testcase: testSurroundWith
May 27, 2024 4:39:19 PM org.netbeans.modules.java.lsp.server.protocol.Server$LanguageServerImpl lambda$asyncOpenSelectedProjects1$9
INFO: 0 projects opened in 1ms
May 27, 2024 4:39:19 PM org.netbeans.modules.java.source.parsing.JavacParser init
WARNING: ClassPath identity changed for /Users/atalati/vscode-extension/main-repo/javavscode/netbeans/java/java.lsp.server/build/test/unit/work/o.n.m.j.l.s.p.S/fi/Test.java@1dfe0878:5f46da15, class path owner: /Users/atalati/vscode-extension/main-repo/javavscode/netbeans/java/java.lsp.server/build/test/unit/work/o.n.m.j.l.s.p.S/fi (class org.netbeans.modules.java.lsp.server.protocol.ServerTest$TestProjectFactory$4) original sourcePath: /Users/atalati/vscode-extension/main-repo/javavscode/netbeans/java/java.lsp.server/build/test/unit/work/o.n.m.j.l.s.p.S/fi new sourcePath: /Users/atalati/vscode-extension/main-repo/javavscode/netbeans/java/java.lsp.server/build/test/unit/work/o.n.m.j.l.s.p.S/fi
May 27, 2024 4:39:19 PM org.netbeans.modules.java.source.indexing.JavaCustomIndexer index
WARNING: Ignoring root with no ClassPath: /Users/atalati/vscode-extension/main-repo/javavscode/netbeans/java/java.lsp.server/build/test/unit/work/o.n.m.j.l.s.p.S/dopl
May 27, 2024 4:39:19 PM org.netbeans.modules.parsing.impl.indexing.RepositoryUpdater$Work reportIndexerStatistics
INFO: Indexing finished, indexing took 377 ms.
May 27, 2024 4:39:19 PM org.netbeans.modules.parsing.impl.indexing.RepositoryUpdater$Work reportIndexingStart
INFO: Indexing started, time from last indexing 399 ms.
May 27, 2024 4:39:19 PM org.netbeans.modules.parsing.impl.indexing.RepositoryUpdater$RootsWork getDone
INFO: Resolving dependencies took: 1 ms
May 27, 2024 4:39:19 PM org.netbeans.modules.parsing.impl.indexing.RepositoryUpdater$AbstractRootsWork scanBinaries
INFO: Complete indexing of 0 binary roots took: 0 ms
May 27, 2024 4:39:19 PM org.netbeans.modules.parsing.impl.indexing.RepositoryUpdater$AbstractRootsWork scanSources
INFO: Complete indexing of 0 source roots took: 0 ms (New or modified files: 0, Deleted files: 0) [Adding listeners took: 0 ms]
May 27, 2024 4:39:19 PM org.netbeans.modules.parsing.impl.indexing.RepositoryUpdater$Work reportIndexerStatistics
INFO: Indexing finished, indexing took 9 ms.
May 27, 2024 4:39:19 PM org.netbeans.modules.java.source.parsing.JavacParser init
WARNING: ClassPath identity changed for /Users/atalati/vscode-extension/main-repo/javavscode/netbeans/java/java.lsp.server/build/test/unit/work/o.n.m.j.l.s.p.S/fi/Test.java@1dfe0878:5f46da15, class path owner: /Users/atalati/vscode-extension/main-repo/javavscode/netbeans/java/java.lsp.server/build/test/unit/work/o.n.m.j.l.s.p.S/fi (class org.netbeans.modules.java.lsp.server.protocol.ServerTest$TestProjectFactory$4) original sourcePath: /Users/atalati/vscode-extension/main-repo/javavscode/netbeans/java/java.lsp.server/build/test/unit/work/o.n.m.j.l.s.p.S/fi new sourcePath: /Users/atalati/vscode-extension/main-repo/javavscode/netbeans/java/java.lsp.server/build/test/unit/work/o.n.m.j.l.s.p.S/fi
May 27, 2024 4:39:20 PM org.netbeans.modules.java.source.parsing.JavacParser init
WARNING: ClassPath identity changed for /Users/atalati/vscode-extension/main-repo/javavscode/netbeans/java/java.lsp.server/build/test/unit/work/o.n.m.j.l.s.p.S/dopl/Test2.java@f129f6b0:5cef8a46, class path owner: null original sourcePath: /Users/atalati/vscode-extension/main-repo/javavscode/netbeans/java/java.lsp.server/build/test/unit/work/o.n.m.j.l.s.p.S/dopl new sourcePath: /Users/atalati/vscode-extension/main-repo/javavscode/netbeans/java/java.lsp.server/build/test/unit/work/o.n.m.j.l.s.p.S/dopl
May 27, 2024 4:39:20 PM org.netbeans.modules.java.source.parsing.JavacParser init
WARNING: ClassPath identity changed for /Users/atalati/vscode-extension/main-repo/javavscode/netbeans/java/java.lsp.server/build/test/unit/work/o.n.m.j.l.s.p.S/ac/Test.java@7a0aa719:70ff6041, class path owner: /Users/atalati/vscode-extension/main-repo/javavscode/netbeans/java/java.lsp.server/build/test/unit/work/o.n.m.j.l.s.p.S/ac (class org.netbeans.modules.java.lsp.server.protocol.ServerTest$TestProjectFactory$4) original sourcePath: /Users/atalati/vscode-extension/main-repo/javavscode/netbeans/java/java.lsp.server/build/test/unit/work/o.n.m.j.l.s.p.S/ac new sourcePath: /Users/atalati/vscode-extension/main-repo/javavscode/netbeans/java/java.lsp.server/build/test/unit/work/o.n.m.j.l.s.p.S/ac
Creating a client for testcase: testSourceActionOrganizeImports
May 27, 2024 4:39:20 PM org.netbeans.modules.java.lsp.server.protocol.Server$LanguageServerImpl lambda$asyncOpenSelectedProjects1$9
INFO: 0 projects opened in 1ms
Creating a client for testcase: testRenameDocumentChangesCapabilitiesRenameOp
May 27, 2024 4:39:20 PM org.netbeans.modules.project.ui.OpenProjectList log
INFO: USG_PROJECT_OPEN
May 27, 2024 4:39:20 PM org.netbeans.modules.java.lsp.server.protocol.Server$LanguageServerImpl lambda$asyncOpenSelectedProjects1$9
INFO: 1 projects opened in 2ms
May 27, 2024 4:39:20 PM org.netbeans.modules.java.source.parsing.JavacParser init
WARNING: ClassPath identity changed for /Users/atalati/vscode-extension/main-repo/javavscode/netbeans/java/java.lsp.server/build/test/unit/work/o.n.m.j.l.s.p.S/fi/Test.java@1dfe0878:5f46da15, class path owner: /Users/atalati/vscode-extension/main-repo/javavscode/netbeans/java/java.lsp.server/build/test/unit/work/o.n.m.j.l.s.p.S/fi (class org.netbeans.modules.java.lsp.server.protocol.ServerTest$TestProjectFactory$4) original sourcePath: /Users/atalati/vscode-extension/main-repo/javavscode/netbeans/java/java.lsp.server/build/test/unit/work/o.n.m.j.l.s.p.S/fi new sourcePath: /Users/atalati/vscode-extension/main-repo/javavscode/netbeans/java/java.lsp.server/build/test/unit/work/o.n.m.j.l.s.p.S/fi
May 27, 2024 4:39:21 PM org.netbeans.modules.java.source.parsing.JavacParser init
WARNING: ClassPath identity changed for /Users/atalati/vscode-extension/main-repo/javavscode/netbeans/java/java.lsp.server/build/test/unit/work/o.n.m.j.l.s.p.S/sw/Test.java@a666dfdb:3a882d20, class path owner: null original sourcePath: /Users/atalati/vscode-extension/main-repo/javavscode/netbeans/java/java.lsp.server/build/test/unit/work/o.n.m.j.l.s.p.S/sw new sourcePath: /Users/atalati/vscode-extension/main-repo/javavscode/netbeans/java/java.lsp.server/build/test/unit/work/o.n.m.j.l.s.p.S/sw
May 27, 2024 4:39:21 PM org.netbeans.modules.java.source.parsing.JavacParser init
WARNING: ClassPath identity changed for /Users/atalati/vscode-extension/main-repo/javavscode/netbeans/java/java.lsp.server/build/test/unit/work/o.n.m.j.l.s.p.S/saoi/Test.java@27dfd05f:3554d487, class path owner: null original sourcePath: /Users/atalati/vscode-extension/main-repo/javavscode/netbeans/java/java.lsp.server/build/test/unit/work/o.n.m.j.l.s.p.S/saoi new sourcePath: /Users/atalati/vscode-extension/main-repo/javavscode/netbeans/java/java.lsp.server/build/test/unit/work/o.n.m.j.l.s.p.S/saoi
May 27, 2024 4:39:21 PM org.netbeans.modules.parsing.impl.indexing.RepositoryUpdater$Work reportIndexingStart
INFO: Indexing started, time from last indexing 1,328 ms.
May 27, 2024 4:39:21 PM org.netbeans.modules.parsing.impl.indexing.RepositoryUpdater$RootsWork getDone
INFO: Resolving dependencies took: 2 ms
May 27, 2024 4:39:21 PM org.netbeans.modules.parsing.impl.indexing.RepositoryUpdater$AbstractRootsWork scanBinaries
INFO: Complete indexing of 70 binary roots took: 17 ms
May 27, 2024 4:39:21 PM org.netbeans.modules.parsing.impl.indexing.RepositoryUpdater$AbstractRootsWork scanSources
INFO: Indexing of: /Users/atalati/vscode-extension/main-repo/javavscode/netbeans/java/java.lsp.server/build/test/unit/work/o.n.m.j.l.s.p.S/rdccro took: 66 ms (New or modified files: 3, Deleted files: 0) [Adding listeners took: 0 ms]
May 27, 2024 4:39:21 PM org.netbeans.modules.parsing.impl.indexing.RepositoryUpdater$AbstractRootsWork scanSources
INFO: Complete indexing of 1 source roots took: 66 ms (New or modified files: 3, Deleted files: 0) [Adding listeners took: 0 ms]
May 27, 2024 4:39:21 PM org.netbeans.modules.parsing.impl.indexing.RepositoryUpdater$Work reportIndexerStatistics
INFO: Indexing finished, indexing took 85 ms.
May 27, 2024 4:39:21 PM org.netbeans.modules.project.ui.OpenProjectList log
INFO: USG_PROJECT_CLOSE
Creating a client for testcase: testSimulateNewUnnamedFile
May 27, 2024 4:39:21 PM org.netbeans.modules.java.lsp.server.protocol.Server$LanguageServerImpl lambda$asyncOpenSelectedProjects1$9
INFO: 0 projects opened in 0ms
Creating a client for testcase: testCodeActionImplementAllAbstractMethodsInAnonymousClass
May 27, 2024 4:39:21 PM org.netbeans.modules.java.lsp.server.protocol.Server$LanguageServerImpl lambda$asyncOpenSelectedProjects1$9
INFO: 0 projects opened in 0ms
May 27, 2024 4:39:21 PM org.netbeans.modules.java.source.parsing.JavacParser init
WARNING: ClassPath identity changed for /Users/atalati/vscode-extension/main-repo/javavscode/netbeans/java/java.lsp.server/build/test/unit/work/o.n.m.j.l.s.p.S/fi/Test.java@1dfe0878:5f46da15, class path owner: /Users/atalati/vscode-extension/main-repo/javavscode/netbeans/java/java.lsp.server/build/test/unit/work/o.n.m.j.l.s.p.S/fi (class org.netbeans.modules.java.lsp.server.protocol.ServerTest$TestProjectFactory$4) original sourcePath: /Users/atalati/vscode-extension/main-repo/javavscode/netbeans/java/java.lsp.server/build/test/unit/work/o.n.m.j.l.s.p.S/fi new sourcePath: /Users/atalati/vscode-extension/main-repo/javavscode/netbeans/java/java.lsp.server/build/test/unit/work/o.n.m.j.l.s.p.S/fi
May 27, 2024 4:39:21 PM org.netbeans.modules.java.source.parsing.JavacParser init
WARNING: ClassPath identity changed for /Users/atalati/vscode-extension/main-repo/javavscode/netbeans/java/java.lsp.server/build/test/unit/work/o.n.m.j.l.s.p.S/sw/Test.java@a666dfdb:3a882d20, class path owner: null original sourcePath: /Users/atalati/vscode-extension/main-repo/javavscode/netbeans/java/java.lsp.server/build/test/unit/work/o.n.m.j.l.s.p.S/sw new sourcePath: /Users/atalati/vscode-extension/main-repo/javavscode/netbeans/java/java.lsp.server/build/test/unit/work/o.n.m.j.l.s.p.S/sw
May 27, 2024 4:39:22 PM org.netbeans.modules.parsing.impl.indexing.RepositoryUpdater$Work reportIndexingStart
INFO: Indexing started, time from last indexing 671 ms.
May 27, 2024 4:39:22 PM org.netbeans.modules.parsing.impl.indexing.RepositoryUpdater$RootsWork getDone
INFO: Resolving dependencies took: 0 ms
May 27, 2024 4:39:22 PM org.netbeans.modules.parsing.impl.indexing.RepositoryUpdater$AbstractRootsWork scanBinaries
INFO: Complete indexing of 0 binary roots took: 0 ms
May 27, 2024 4:39:22 PM org.netbeans.modules.parsing.impl.indexing.RepositoryUpdater$AbstractRootsWork scanSources
INFO: Complete indexing of 0 source roots took: 0 ms (New or modified files: 0, Deleted files: 0) [Adding listeners took: 0 ms]
May 27, 2024 4:39:22 PM org.netbeans.modules.parsing.impl.indexing.RepositoryUpdater$Work reportIndexerStatistics
INFO: Indexing finished, indexing took 2 ms.
May 27, 2024 4:39:22 PM org.netbeans.modules.java.source.parsing.JavacParser init
WARNING: ClassPath identity changed for /Users/atalati/vscode-extension/main-repo/javavscode/netbeans/java/java.lsp.server/build/test/unit/work/o.n.m.j.l.s.p.S/fi/Test.java@1dfe0878:5f46da15, class path owner: /Users/atalati/vscode-extension/main-repo/javavscode/netbeans/java/java.lsp.server/build/test/unit/work/o.n.m.j.l.s.p.S/fi (class org.netbeans.modules.java.lsp.server.protocol.ServerTest$TestProjectFactory$4) original sourcePath: /Users/atalati/vscode-extension/main-repo/javavscode/netbeans/java/java.lsp.server/build/test/unit/work/o.n.m.j.l.s.p.S/fi new sourcePath: /Users/atalati/vscode-extension/main-repo/javavscode/netbeans/java/java.lsp.server/build/test/unit/work/o.n.m.j.l.s.p.S/fi
May 27, 2024 4:39:22 PM org.netbeans.modules.java.source.parsing.JavacParser init
WARNING: ClassPath identity changed for /Users/atalati/vscode-extension/main-repo/javavscode/netbeans/java/java.lsp.server/build/test/unit/work/o.n.m.j.l.s.p.S/sw/Test.java@a666dfdb:3a882d20, class path owner: null original sourcePath: /Users/atalati/vscode-extension/main-repo/javavscode/netbeans/java/java.lsp.server/build/test/unit/work/o.n.m.j.l.s.p.S/sw new sourcePath: /Users/atalati/vscode-extension/main-repo/javavscode/netbeans/java/java.lsp.server/build/test/unit/work/o.n.m.j.l.s.p.S/sw
May 27, 2024 4:39:22 PM org.netbeans.modules.java.source.parsing.JavacParser init
WARNING: ClassPath identity changed for /Users/atalati/vscode-extension/main-repo/javavscode/netbeans/java/java.lsp.server/build/test/unit/work/o.n.m.j.l.s.p.S/saoi/Test.java@27dfd05f:3554d487, class path owner: null original sourcePath: /Users/atalati/vscode-extension/main-repo/javavscode/netbeans/java/java.lsp.server/build/test/unit/work/o.n.m.j.l.s.p.S/saoi new sourcePath: /Users/atalati/vscode-extension/main-repo/javavscode/netbeans/java/java.lsp.server/build/test/unit/work/o.n.m.j.l.s.p.S/saoi
May 27, 2024 4:39:22 PM org.netbeans.modules.java.source.parsing.JavacParser init
WARNING: ClassPath identity changed for /Users/atalati/vscode-extension/main-repo/javavscode/netbeans/java/java.lsp.server/build/test/unit/work/o.n.m.j.l.s.p.S/ac/Test.java@7a0aa719:70ff6041, class path owner: /Users/atalati/vscode-extension/main-repo/javavscode/netbeans/java/java.lsp.server/build/test/unit/work/o.n.m.j.l.s.p.S/ac (class org.netbeans.modules.java.lsp.server.protocol.ServerTest$TestProjectFactory$4) original sourcePath: /Users/atalati/vscode-extension/main-repo/javavscode/netbeans/java/java.lsp.server/build/test/unit/work/o.n.m.j.l.s.p.S/ac new sourcePath: /Users/atalati/vscode-extension/main-repo/javavscode/netbeans/java/java.lsp.server/build/test/unit/work/o.n.m.j.l.s.p.S/ac
May 27, 2024 4:39:22 PM org.netbeans.modules.parsing.impl.indexing.RepositoryUpdater$Work reportIndexingStart
INFO: Indexing started, time from last indexing 507 ms.
May 27, 2024 4:39:22 PM org.netbeans.modules.java.source.parsing.JavacParser init
WARNING: ClassPath identity changed for /Users/atalati/vscode-extension/main-repo/javavscode/netbeans/java/java.lsp.server/build/test/unit/work/o.n.m.j.l.s.p.S/dopl/Test2.java@f129f6b0:5cef8a46, class path owner: null original sourcePath: /Users/atalati/vscode-extension/main-repo/javavscode/netbeans/java/java.lsp.server/build/test/unit/work/o.n.m.j.l.s.p.S/dopl new sourcePath: /Users/atalati/vscode-extension/main-repo/javavscode/netbeans/java/java.lsp.server/build/test/unit/work/o.n.m.j.l.s.p.S/dopl
May 27, 2024 4:39:22 PM org.netbeans.modules.java.source.parsing.JavacParser init
WARNING: ClassPath identity changed for /Users/atalati/vscode-extension/main-repo/javavscode/netbeans/java/java.lsp.server/build/test/unit/work/o.n.m.j.l.s.p.S/dopl/Test3.java@f2fd2e51:bd3dc98, class path owner: null original sourcePath: /Users/atalati/vscode-extension/main-repo/javavscode/netbeans/java/java.lsp.server/build/test/unit/work/o.n.m.j.l.s.p.S/dopl new sourcePath: /Users/atalati/vscode-extension/main-repo/javavscode/netbeans/java/java.lsp.server/build/test/unit/work/o.n.m.j.l.s.p.S/dopl
May 27, 2024 4:39:22 PM org.netbeans.modules.java.source.parsing.JavacParser init
WARNING: ClassPath identity changed for /Users/atalati/vscode-extension/main-repo/javavscode/netbeans/java/java.lsp.server/build/test/unit/work/o.n.m.j.l.s.p.S/dopl/Test.java@bd4a9bbc:d189352, class path owner: null original sourcePath: /Users/atalati/vscode-extension/main-repo/javavscode/netbeans/java/java.lsp.server/build/test/unit/work/o.n.m.j.l.s.p.S/dopl new sourcePath: /Users/atalati/vscode-extension/main-repo/javavscode/netbeans/java/java.lsp.server/build/test/unit/work/o.n.m.j.l.s.p.S/dopl
May 27, 2024 4:39:22 PM org.netbeans.modules.java.source.parsing.JavacParser init
WARNING: ClassPath identity changed for /Users/atalati/vscode-extension/main-repo/javavscode/netbeans/java/java.lsp.server/build/test/unit/work/o.n.m.j.l.s.p.S/rdccro/Test2.java@5cbe0648:1731dbb4, class path owner: /Users/atalati/vscode-extension/main-repo/javavscode/netbeans/java/java.lsp.server/build/test/unit/work/o.n.m.j.l.s.p.S/rdccro (class org.netbeans.modules.java.lsp.server.protocol.ServerTest$TestProjectFactory$4) original sourcePath: /Users/atalati/vscode-extension/main-repo/javavscode/netbeans/java/java.lsp.server/build/test/unit/work/o.n.m.j.l.s.p.S/rdccro new sourcePath: /Users/atalati/vscode-extension/main-repo/javavscode/netbeans/java/java.lsp.server/build/test/unit/work/o.n.m.j.l.s.p.S/rdccro
May 27, 2024 4:39:22 PM org.netbeans.modules.java.source.indexing.JavaCustomIndexer index
WARNING: Ignoring root with no ClassPath: /Users/atalati/vscode-extension/main-repo/javavscode/netbeans/java/java.lsp.server/build/test/unit/work/o.n.m.j.l.s.p.S/sw
May 27, 2024 4:39:22 PM org.netbeans.modules.java.source.parsing.JavacParser init
WARNING: ClassPath identity changed for /Users/atalati/vscode-extension/main-repo/javavscode/netbeans/java/java.lsp.server/build/test/unit/work/o.n.m.j.l.s.p.S/rdccro/Test.java@c90373e4:73492c39, class path owner: /Users/atalati/vscode-extension/main-repo/javavscode/netbeans/java/java.lsp.server/build/test/unit/work/o.n.m.j.l.s.p.S/rdccro (class org.netbeans.modules.java.lsp.server.protocol.ServerTest$TestProjectFactory$4) original sourcePath: /Users/atalati/vscode-extension/main-repo/javavscode/netbeans/java/java.lsp.server/build/test/unit/work/o.n.m.j.l.s.p.S/rdccro new sourcePath: /Users/atalati/vscode-extension/main-repo/javavscode/netbeans/java/java.lsp.server/build/test/unit/work/o.n.m.j.l.s.p.S/rdccro
May 27, 2024 4:39:22 PM org.netbeans.modules.java.source.parsing.JavacParser init
WARNING: ClassPath identity changed for /Users/atalati/vscode-extension/main-repo/javavscode/netbeans/java/java.lsp.server/build/test/unit/work/o.n.m.j.l.s.p.S/sw/Test.java@a666dfdb:3a882d20, class path owner: null original sourcePath: /Users/atalati/vscode-extension/main-repo/javavscode/netbeans/java/java.lsp.server/build/test/unit/work/o.n.m.j.l.s.p.S/sw new sourcePath: /Users/atalati/vscode-extension/main-repo/javavscode/netbeans/java/java.lsp.server/build/test/unit/work/o.n.m.j.l.s.p.S/sw
May 27, 2024 4:39:22 PM org.netbeans.modules.parsing.impl.indexing.RepositoryUpdater$Work reportIndexerStatistics
INFO: Indexing finished, indexing took 319 ms.
May 27, 2024 4:39:22 PM org.netbeans.modules.parsing.impl.indexing.RepositoryUpdater$Work reportIndexingStart
INFO: Indexing started, time from last indexing 0 ms.
May 27, 2024 4:39:22 PM org.netbeans.modules.java.source.parsing.JavacParser init
WARNING: ClassPath identity changed for /Users/atalati/vscode-extension/main-repo/javavscode/netbeans/java/java.lsp.server/build/test/unit/work/o.n.m.j.l.s.p.S/caiaamiac/Test.java@5be81650:1700fcb8, class path owner: null original sourcePath: /Users/atalati/vscode-extension/main-repo/javavscode/netbeans/java/java.lsp.server/build/test/unit/work/o.n.m.j.l.s.p.S/caiaamiac new sourcePath: /Users/atalati/vscode-extension/main-repo/javavscode/netbeans/java/java.lsp.server/build/test/unit/work/o.n.m.j.l.s.p.S/caiaamiac
Creating a client for testcase: testCodeActionGetterSetter
May 27, 2024 4:39:22 PM org.netbeans.modules.java.source.indexing.JavaCustomIndexer index
WARNING: Ignoring root with no ClassPath: /Users/atalati/vscode-extension/main-repo/javavscode/netbeans/java/java.lsp.server/build/test/unit/work/o.n.m.j.l.s.p.S/saoi
May 27, 2024 4:39:22 PM org.netbeans.modules.java.lsp.server.protocol.Server$LanguageServerImpl lambda$asyncOpenSelectedProjects1$9
INFO: 0 projects opened in 0ms
May 27, 2024 4:39:22 PM org.netbeans.modules.parsing.impl.indexing.RepositoryUpdater$Work reportIndexerStatistics
INFO: Indexing finished, indexing took 142 ms.
May 27, 2024 4:39:23 PM org.netbeans.modules.java.source.parsing.JavacParser init
WARNING: ClassPath identity changed for /Users/atalati/vscode-extension/main-repo/javavscode/netbeans/java/java.lsp.server/build/test/unit/work/o.n.m.j.l.s.p.S/cags/Test.java@9d40e9e1:474ce2c3, class path owner: null original sourcePath: /Users/atalati/vscode-extension/main-repo/javavscode/netbeans/java/java.lsp.server/build/test/unit/work/o.n.m.j.l.s.p.S/cags new sourcePath: /Users/atalati/vscode-extension/main-repo/javavscode/netbeans/java/java.lsp.server/build/test/unit/work/o.n.m.j.l.s.p.S/cags
Creating a client for testcase: testCodeActionGenerateConstructor
May 27, 2024 4:39:23 PM org.netbeans.modules.java.lsp.server.protocol.Server$LanguageServerImpl lambda$asyncOpenSelectedProjects1$9
INFO: 0 projects opened in 0ms
Creating a client for testcase: testPushDown
May 27, 2024 4:39:23 PM org.netbeans.modules.project.ui.OpenProjectList log
INFO: USG_PROJECT_OPEN
May 27, 2024 4:39:23 PM org.netbeans.modules.java.lsp.server.protocol.Server$LanguageServerImpl lambda$asyncOpenSelectedProjects1$9
INFO: 1 projects opened in 2ms
May 27, 2024 4:39:23 PM org.netbeans.modules.java.source.parsing.JavacParser init
WARNING: ClassPath identity changed for /Users/atalati/vscode-extension/main-repo/javavscode/netbeans/java/java.lsp.server/build/test/unit/work/o.n.m.j.l.s.p.S/rdccro/Test.java@c90373e4:73492c39, class path owner: /Users/atalati/vscode-extension/main-repo/javavscode/netbeans/java/java.lsp.server/build/test/unit/work/o.n.m.j.l.s.p.S/rdccro (class org.netbeans.modules.java.lsp.server.protocol.ServerTest$TestProjectFactory$4) original sourcePath: /Users/atalati/vscode-extension/main-repo/javavscode/netbeans/java/java.lsp.server/build/test/unit/work/o.n.m.j.l.s.p.S/rdccro new sourcePath: /Users/atalati/vscode-extension/main-repo/javavscode/netbeans/java/java.lsp.server/build/test/unit/work/o.n.m.j.l.s.p.S/rdccro
May 27, 2024 4:39:23 PM org.netbeans.modules.java.source.parsing.JavacParser init
WARNING: ClassPath identity changed for /Users/atalati/vscode-extension/main-repo/javavscode/netbeans/java/java.lsp.server/build/test/unit/work/o.n.m.j.l.s.p.S/rdccro/Test2.java@5cbe0648:1731dbb4, class path owner: /Users/atalati/vscode-extension/main-repo/javavscode/netbeans/java/java.lsp.server/build/test/unit/work/o.n.m.j.l.s.p.S/rdccro (class org.netbeans.modules.java.lsp.server.protocol.ServerTest$TestProjectFactory$4) original sourcePath: /Users/atalati/vscode-extension/main-repo/javavscode/netbeans/java/java.lsp.server/build/test/unit/work/o.n.m.j.l.s.p.S/rdccro new sourcePath: /Users/atalati/vscode-extension/main-repo/javavscode/netbeans/java/java.lsp.server/build/test/unit/work/o.n.m.j.l.s.p.S/rdccro
May 27, 2024 4:39:23 PM org.netbeans.modules.java.source.parsing.JavacParser init
WARNING: ClassPath identity changed for /Users/atalati/vscode-extension/main-repo/javavscode/netbeans/java/java.lsp.server/build/test/unit/work/o.n.m.j.l.s.p.S/rdccro/Test2.java@5cbe0648:1731dbb4, class path owner: /Users/atalati/vscode-extension/main-repo/javavscode/netbeans/java/java.lsp.server/build/test/unit/work/o.n.m.j.l.s.p.S/rdccro (class org.netbeans.modules.java.lsp.server.protocol.ServerTest$TestProjectFactory$4) original sourcePath: /Users/atalati/vscode-extension/main-repo/javavscode/netbeans/java/java.lsp.server/build/test/unit/work/o.n.m.j.l.s.p.S/rdccro new sourcePath: /Users/atalati/vscode-extension/main-repo/javavscode/netbeans/java/java.lsp.server/build/test/unit/work/o.n.m.j.l.s.p.S/rdccro
May 27, 2024 4:39:23 PM org.netbeans.modules.java.source.parsing.JavacParser init
WARNING: ClassPath identity changed for /Users/atalati/vscode-extension/main-repo/javavscode/netbeans/java/java.lsp.server/build/test/unit/work/o.n.m.j.l.s.p.S/fi/Test.java@1dfe0878:5f46da15, class path owner: /Users/atalati/vscode-extension/main-repo/javavscode/netbeans/java/java.lsp.server/build/test/unit/work/o.n.m.j.l.s.p.S/fi (class org.netbeans.modules.java.lsp.server.protocol.ServerTest$TestProjectFactory$4) original sourcePath: /Users/atalati/vscode-extension/main-repo/javavscode/netbeans/java/java.lsp.server/build/test/unit/work/o.n.m.j.l.s.p.S/fi new sourcePath: /Users/atalati/vscode-extension/main-repo/javavscode/netbeans/java/java.lsp.server/build/test/unit/work/o.n.m.j.l.s.p.S/fi
May 27, 2024 4:39:23 PM org.netbeans.modules.java.source.parsing.JavacParser init
WARNING: ClassPath identity changed for /Users/atalati/vscode-extension/main-repo/javavscode/netbeans/java/java.lsp.server/build/test/unit/work/o.n.m.j.l.s.p.S/sw/Test.java@a666dfdb:3a882d20, class path owner: null original sourcePath: /Users/atalati/vscode-extension/main-repo/javavscode/netbeans/java/java.lsp.server/build/test/unit/work/o.n.m.j.l.s.p.S/sw new sourcePath: /Users/atalati/vscode-extension/main-repo/javavscode/netbeans/java/java.lsp.server/build/test/unit/work/o.n.m.j.l.s.p.S/sw
May 27, 2024 4:39:23 PM org.netbeans.modules.java.source.parsing.JavacParser init
WARNING: ClassPath identity changed for /Users/atalati/vscode-extension/main-repo/javavscode/netbeans/java/java.lsp.server/build/test/unit/work/o.n.m.j.l.s.p.S/caiaamiac/Test.java@5be81650:1700fcb8, class path owner: null original sourcePath: /Users/atalati/vscode-extension/main-repo/javavscode/netbeans/java/java.lsp.server/build/test/unit/work/o.n.m.j.l.s.p.S/caiaamiac new sourcePath: /Users/atalati/vscode-extension/main-repo/javavscode/netbeans/java/java.lsp.server/build/test/unit/work/o.n.m.j.l.s.p.S/caiaamiac
May 27, 2024 4:39:23 PM org.netbeans.modules.java.source.parsing.JavacParser init
WARNING: ClassPath identity changed for /Users/atalati/vscode-extension/main-repo/javavscode/netbeans/java/java.lsp.server/build/test/unit/work/o.n.m.j.l.s.p.S/snuf/Test.java@b3e2f7c3:12294bf0, class path owner: null original sourcePath: /Users/atalati/vscode-extension/main-repo/javavscode/netbeans/java/java.lsp.server/build/test/unit/work/o.n.m.j.l.s.p.S/snuf new sourcePath: /Users/atalati/vscode-extension/main-repo/javavscode/netbeans/java/java.lsp.server/build/test/unit/work/o.n.m.j.l.s.p.S/snuf
May 27, 2024 4:39:23 PM org.netbeans.modules.java.source.parsing.JavacParser init
WARNING: ClassPath identity changed for /Users/atalati/vscode-extension/main-repo/javavscode/netbeans/java/java.lsp.server/build/test/unit/work/o.n.m.j.l.s.p.S/cags/Test.java@9d40e9e1:474ce2c3, class path owner: null original sourcePath: /Users/atalati/vscode-extension/main-repo/javavscode/netbeans/java/java.lsp.server/build/test/unit/work/o.n.m.j.l.s.p.S/cags new sourcePath: /Users/atalati/vscode-extension/main-repo/javavscode/netbeans/java/java.lsp.server/build/test/unit/work/o.n.m.j.l.s.p.S/cags
May 27, 2024 4:39:23 PM org.netbeans.modules.java.source.parsing.JavacParser init
WARNING: ClassPath identity changed for /Users/atalati/vscode-extension/main-repo/javavscode/netbeans/java/java.lsp.server/build/test/unit/work/o.n.m.j.l.s.p.S/cagc/Test.java@4f15c5f1:3cfef554, class path owner: null original sourcePath: /Users/atalati/vscode-extension/main-repo/javavscode/netbeans/java/java.lsp.server/build/test/unit/work/o.n.m.j.l.s.p.S/cagc new sourcePath: /Users/atalati/vscode-extension/main-repo/javavscode/netbeans/java/java.lsp.server/build/test/unit/work/o.n.m.j.l.s.p.S/cagc
May 27, 2024 4:39:23 PM org.netbeans.modules.parsing.impl.indexing.RepositoryUpdater$Work reportIndexingStart
INFO: Indexing started, time from last indexing 649 ms.
May 27, 2024 4:39:23 PM org.netbeans.modules.parsing.impl.indexing.RepositoryUpdater$RootsWork getDone
INFO: Resolving dependencies took: 2 ms
May 27, 2024 4:39:23 PM org.netbeans.modules.parsing.impl.indexing.RepositoryUpdater$AbstractRootsWork scanBinaries
INFO: Complete indexing of 70 binary roots took: 37 ms
May 27, 2024 4:39:23 PM org.netbeans.modules.parsing.impl.indexing.RepositoryUpdater$AbstractRootsWork scanSources
INFO: Indexing of: /Users/atalati/vscode-extension/main-repo/javavscode/netbeans/java/java.lsp.server/build/test/unit/work/o.n.m.j.l.s.p.S/pd took: 66 ms (New or modified files: 3, Deleted files: 0) [Adding listeners took: 0 ms]
May 27, 2024 4:39:23 PM org.netbeans.modules.parsing.impl.indexing.RepositoryUpdater$AbstractRootsWork scanSources
INFO: Complete indexing of 1 source roots took: 66 ms (New or modified files: 3, Deleted files: 0) [Adding listeners took: 0 ms]
May 27, 2024 4:39:23 PM org.netbeans.modules.parsing.impl.indexing.RepositoryUpdater$Work reportIndexerStatistics
INFO: Indexing finished, indexing took 107 ms.
May 27, 2024 4:39:24 PM org.netbeans.modules.java.source.parsing.JavacParser init
WARNING: ClassPath identity changed for /Users/atalati/vscode-extension/main-repo/javavscode/netbeans/java/java.lsp.server/build/test/unit/work/o.n.m.j.l.s.p.S/rdccro/Test.java@c90373e4:73492c39, class path owner: /Users/atalati/vscode-extension/main-repo/javavscode/netbeans/java/java.lsp.server/build/test/unit/work/o.n.m.j.l.s.p.S/rdccro (class org.netbeans.modules.java.lsp.server.protocol.ServerTest$TestProjectFactory$4) original sourcePath: /Users/atalati/vscode-extension/main-repo/javavscode/netbeans/java/java.lsp.server/build/test/unit/work/o.n.m.j.l.s.p.S/rdccro new sourcePath: /Users/atalati/vscode-extension/main-repo/javavscode/netbeans/java/java.lsp.server/build/test/unit/work/o.n.m.j.l.s.p.S/rdccro
May 27, 2024 4:39:24 PM org.netbeans.modules.java.source.parsing.JavacParser init
WARNING: ClassPath identity changed for /Users/atalati/vscode-extension/main-repo/javavscode/netbeans/java/java.lsp.server/build/test/unit/work/o.n.m.j.l.s.p.S/rdccro/Test2.java@5cbe0648:1731dbb4, class path owner: /Users/atalati/vscode-extension/main-repo/javavscode/netbeans/java/java.lsp.server/build/test/unit/work/o.n.m.j.l.s.p.S/rdccro (class org.netbeans.modules.java.lsp.server.protocol.ServerTest$TestProjectFactory$4) original sourcePath: /Users/atalati/vscode-extension/main-repo/javavscode/netbeans/java/java.lsp.server/build/test/unit/work/o.n.m.j.l.s.p.S/rdccro new sourcePath: /Users/atalati/vscode-extension/main-repo/javavscode/netbeans/java/java.lsp.server/build/test/unit/work/o.n.m.j.l.s.p.S/rdccro
May 27, 2024 4:39:24 PM org.netbeans.modules.java.source.parsing.JavacParser init
WARNING: ClassPath identity changed for /Users/atalati/vscode-extension/main-repo/javavscode/netbeans/java/java.lsp.server/build/test/unit/work/o.n.m.j.l.s.p.S/fi/Test.java@1dfe0878:5f46da15, class path owner: /Users/atalati/vscode-extension/main-repo/javavscode/netbeans/java/java.lsp.server/build/test/unit/work/o.n.m.j.l.s.p.S/fi (class org.netbeans.modules.java.lsp.server.protocol.ServerTest$TestProjectFactory$4) original sourcePath: /Users/atalati/vscode-extension/main-repo/javavscode/netbeans/java/java.lsp.server/build/test/unit/work/o.n.m.j.l.s.p.S/fi new sourcePath: /Users/atalati/vscode-extension/main-repo/javavscode/netbeans/java/java.lsp.server/build/test/unit/work/o.n.m.j.l.s.p.S/fi
May 27, 2024 4:39:24 PM org.netbeans.modules.java.source.parsing.JavacParser init
WARNING: ClassPath identity changed for /Users/atalati/vscode-extension/main-repo/javavscode/netbeans/java/java.lsp.server/build/test/unit/work/o.n.m.j.l.s.p.S/cags/Test.java@9d40e9e1:474ce2c3, class path owner: null original sourcePath: /Users/atalati/vscode-extension/main-repo/javavscode/netbeans/java/java.lsp.server/build/test/unit/work/o.n.m.j.l.s.p.S/cags new sourcePath: /Users/atalati/vscode-extension/main-repo/javavscode/netbeans/java/java.lsp.server/build/test/unit/work/o.n.m.j.l.s.p.S/cags
May 27, 2024 4:39:24 PM org.netbeans.modules.java.source.parsing.JavacParser init
WARNING: ClassPath identity changed for /Users/atalati/vscode-extension/main-repo/javavscode/netbeans/java/java.lsp.server/build/test/unit/work/o.n.m.j.l.s.p.S/sw/Test.java@a666dfdb:3a882d20, class path owner: null original sourcePath: /Users/atalati/vscode-extension/main-repo/javavscode/netbeans/java/java.lsp.server/build/test/unit/work/o.n.m.j.l.s.p.S/sw new sourcePath: /Users/atalati/vscode-extension/main-repo/javavscode/netbeans/java/java.lsp.server/build/test/unit/work/o.n.m.j.l.s.p.S/sw
May 27, 2024 4:39:24 PM org.netbeans.modules.java.source.parsing.JavacParser init
WARNING: ClassPath identity changed for /Users/atalati/vscode-extension/main-repo/javavscode/netbeans/java/java.lsp.server/build/test/unit/work/o.n.m.j.l.s.p.S/caiaamiac/Test.java@5be81650:1700fcb8, class path owner: null original sourcePath: /Users/atalati/vscode-extension/main-repo/javavscode/netbeans/java/java.lsp.server/build/test/unit/work/o.n.m.j.l.s.p.S/caiaamiac new sourcePath: /Users/atalati/vscode-extension/main-repo/javavscode/netbeans/java/java.lsp.server/build/test/unit/work/o.n.m.j.l.s.p.S/caiaamiac
May 27, 2024 4:39:24 PM org.netbeans.modules.parsing.impl.indexing.RepositoryUpdater$Work reportIndexingStart
INFO: Indexing started, time from last indexing 403 ms.
May 27, 2024 4:39:24 PM org.netbeans.modules.java.source.parsing.JavacParser init
WARNING: ClassPath identity changed for /Users/atalati/vscode-extension/main-repo/javavscode/netbeans/java/java.lsp.server/build/test/unit/work/o.n.m.j.l.s.p.S/snuf/Test.java@b3e2f7c3:12294bf0, class path owner: null original sourcePath: /Users/atalati/vscode-extension/main-repo/javavscode/netbeans/java/java.lsp.server/build/test/unit/work/o.n.m.j.l.s.p.S/snuf new sourcePath: /Users/atalati/vscode-extension/main-repo/javavscode/netbeans/java/java.lsp.server/build/test/unit/work/o.n.m.j.l.s.p.S/snuf
May 27, 2024 4:39:24 PM org.netbeans.modules.java.source.indexing.JavaCustomIndexer index
WARNING: Ignoring root with no ClassPath: /Users/atalati/vscode-extension/main-repo/javavscode/netbeans/java/java.lsp.server/build/test/unit/work/o.n.m.j.l.s.p.S/caiaamiac
May 27, 2024 4:39:24 PM org.netbeans.modules.java.source.parsing.JavacParser init
WARNING: ClassPath identity changed for /Users/atalati/vscode-extension/main-repo/javavscode/netbeans/java/java.lsp.server/build/test/unit/work/o.n.m.j.l.s.p.S/cagc/Test.java@4f15c5f1:3cfef554, class path owner: null original sourcePath: /Users/atalati/vscode-extension/main-repo/javavscode/netbeans/java/java.lsp.server/build/test/unit/work/o.n.m.j.l.s.p.S/cagc new sourcePath: /Users/atalati/vscode-extension/main-repo/javavscode/netbeans/java/java.lsp.server/build/test/unit/work/o.n.m.j.l.s.p.S/cagc
May 27, 2024 4:39:24 PM org.netbeans.modules.java.source.parsing.JavacParser init
WARNING: ClassPath identity changed for /Users/atalati/vscode-extension/main-repo/javavscode/netbeans/java/java.lsp.server/build/test/unit/work/o.n.m.j.l.s.p.S/caiaamiac/Test.java@5be81650:1700fcb8, class path owner: null original sourcePath: /Users/atalati/vscode-extension/main-repo/javavscode/netbeans/java/java.lsp.server/build/test/unit/work/o.n.m.j.l.s.p.S/caiaamiac new sourcePath: /Users/atalati/vscode-extension/main-repo/javavscode/netbeans/java/java.lsp.server/build/test/unit/work/o.n.m.j.l.s.p.S/caiaamiac
May 27, 2024 4:39:24 PM org.netbeans.modules.parsing.impl.indexing.RepositoryUpdater$Work reportIndexerStatistics
INFO: Indexing finished, indexing took 282 ms.
May 27, 2024 4:39:24 PM org.netbeans.modules.parsing.impl.indexing.RepositoryUpdater$Work reportIndexingStart
INFO: Indexing started, time from last indexing 1 ms.
May 27, 2024 4:39:24 PM org.netbeans.modules.java.source.indexing.JavaCustomIndexer index
WARNING: Ignoring root with no ClassPath: /Users/atalati/vscode-extension/main-repo/javavscode/netbeans/java/java.lsp.server/build/test/unit/work/o.n.m.j.l.s.p.S/snuf
May 27, 2024 4:39:24 PM org.netbeans.modules.java.source.parsing.JavacParser init
WARNING: ClassPath identity changed for /Users/atalati/vscode-extension/main-repo/javavscode/netbeans/java/java.lsp.server/build/test/unit/work/o.n.m.j.l.s.p.S/snuf/Test.java@b3e2f7c3:12294bf0, class path owner: null original sourcePath: /Users/atalati/vscode-extension/main-repo/javavscode/netbeans/java/java.lsp.server/build/test/unit/work/o.n.m.j.l.s.p.S/snuf new sourcePath: /Users/atalati/vscode-extension/main-repo/javavscode/netbeans/java/java.lsp.server/build/test/unit/work/o.n.m.j.l.s.p.S/snuf
May 27, 2024 4:39:24 PM org.netbeans.modules.parsing.impl.indexing.RepositoryUpdater$Work reportIndexerStatistics
INFO: Indexing finished, indexing took 50 ms.
May 27, 2024 4:39:24 PM org.netbeans.modules.parsing.impl.indexing.RepositoryUpdater$Work reportIndexingStart
INFO: Indexing started, time from last indexing 1 ms.
May 27, 2024 4:39:24 PM org.netbeans.modules.java.source.indexing.JavaCustomIndexer index
WARNING: Ignoring root with no ClassPath: /Users/atalati/vscode-extension/main-repo/javavscode/netbeans/java/java.lsp.server/build/test/unit/work/o.n.m.j.l.s.p.S/cags
May 27, 2024 4:39:24 PM org.netbeans.modules.java.source.parsing.JavacParser init
WARNING: ClassPath identity changed for /Users/atalati/vscode-extension/main-repo/javavscode/netbeans/java/java.lsp.server/build/test/unit/work/o.n.m.j.l.s.p.S/cags/Test.java@9d40e9e1:474ce2c3, class path owner: null original sourcePath: /Users/atalati/vscode-extension/main-repo/javavscode/netbeans/java/java.lsp.server/build/test/unit/work/o.n.m.j.l.s.p.S/cags new sourcePath: /Users/atalati/vscode-extension/main-repo/javavscode/netbeans/java/java.lsp.server/build/test/unit/work/o.n.m.j.l.s.p.S/cags
May 27, 2024 4:39:24 PM org.netbeans.modules.parsing.impl.indexing.RepositoryUpdater$Work reportIndexerStatistics
INFO: Indexing finished, indexing took 17 ms.
May 27, 2024 4:39:24 PM org.netbeans.modules.parsing.impl.indexing.RepositoryUpdater$Work reportIndexingStart
INFO: Indexing started, time from last indexing 0 ms.
May 27, 2024 4:39:24 PM org.netbeans.modules.java.source.indexing.JavaCustomIndexer index
WARNING: Ignoring root with no ClassPath: /Users/atalati/vscode-extension/main-repo/javavscode/netbeans/java/java.lsp.server/build/test/unit/work/o.n.m.j.l.s.p.S/cagc
May 27, 2024 4:39:24 PM org.netbeans.modules.java.source.parsing.JavacParser init
WARNING: ClassPath identity changed for /Users/atalati/vscode-extension/main-repo/javavscode/netbeans/java/java.lsp.server/build/test/unit/work/o.n.m.j.l.s.p.S/cagc/Test.java@4f15c5f1:3cfef554, class path owner: null original sourcePath: /Users/atalati/vscode-extension/main-repo/javavscode/netbeans/java/java.lsp.server/build/test/unit/work/o.n.m.j.l.s.p.S/cagc new sourcePath: /Users/atalati/vscode-extension/main-repo/javavscode/netbeans/java/java.lsp.server/build/test/unit/work/o.n.m.j.l.s.p.S/cagc
May 27, 2024 4:39:24 PM org.netbeans.modules.parsing.impl.indexing.RepositoryUpdater$Work reportIndexerStatistics
INFO: Indexing finished, indexing took 19 ms.
May 27, 2024 4:39:24 PM org.netbeans.modules.project.ui.OpenProjectList log
INFO: USG_PROJECT_CLOSE
Creating a client for testcase: testSourceActionEqualsHashCode
May 27, 2024 4:39:24 PM org.netbeans.modules.java.lsp.server.protocol.Server$LanguageServerImpl lambda$asyncOpenSelectedProjects1$9
INFO: 0 projects opened in 0ms
May 27, 2024 4:39:24 PM org.netbeans.modules.java.source.parsing.JavacParser init
WARNING: ClassPath identity changed for /Users/atalati/vscode-extension/main-repo/javavscode/netbeans/java/java.lsp.server/build/test/unit/work/o.n.m.j.l.s.p.S/rdccro/Test.java@c90373e4:73492c39, class path owner: /Users/atalati/vscode-extension/main-repo/javavscode/netbeans/java/java.lsp.server/build/test/unit/work/o.n.m.j.l.s.p.S/rdccro (class org.netbeans.modules.java.lsp.server.protocol.ServerTest$TestProjectFactory$4) original sourcePath: /Users/atalati/vscode-extension/main-repo/javavscode/netbeans/java/java.lsp.server/build/test/unit/work/o.n.m.j.l.s.p.S/rdccro new sourcePath: /Users/atalati/vscode-extension/main-repo/javavscode/netbeans/java/java.lsp.server/build/test/unit/work/o.n.m.j.l.s.p.S/rdccro
May 27, 2024 4:39:24 PM org.netbeans.modules.java.source.parsing.JavacParser init
WARNING: ClassPath identity changed for /Users/atalati/vscode-extension/main-repo/javavscode/netbeans/java/java.lsp.server/build/test/unit/work/o.n.m.j.l.s.p.S/rdccro/Test2.java@5cbe0648:1731dbb4, class path owner: /Users/atalati/vscode-extension/main-repo/javavscode/netbeans/java/java.lsp.server/build/test/unit/work/o.n.m.j.l.s.p.S/rdccro (class org.netbeans.modules.java.lsp.server.protocol.ServerTest$TestProjectFactory$4) original sourcePath: /Users/atalati/vscode-extension/main-repo/javavscode/netbeans/java/java.lsp.server/build/test/unit/work/o.n.m.j.l.s.p.S/rdccro new sourcePath: /Users/atalati/vscode-extension/main-repo/javavscode/netbeans/java/java.lsp.server/build/test/unit/work/o.n.m.j.l.s.p.S/rdccro
May 27, 2024 4:39:24 PM org.netbeans.modules.java.source.parsing.JavacParser init
WARNING: ClassPath identity changed for /Users/atalati/vscode-extension/main-repo/javavscode/netbeans/java/java.lsp.server/build/test/unit/work/o.n.m.j.l.s.p.S/rdccro/Test2.java@5cbe0648:1731dbb4, class path owner: /Users/atalati/vscode-extension/main-repo/javavscode/netbeans/java/java.lsp.server/build/test/unit/work/o.n.m.j.l.s.p.S/rdccro (class org.netbeans.modules.java.lsp.server.protocol.ServerTest$TestProjectFactory$4) original sourcePath: /Users/atalati/vscode-extension/main-repo/javavscode/netbeans/java/java.lsp.server/build/test/unit/work/o.n.m.j.l.s.p.S/rdccro new sourcePath: /Users/atalati/vscode-extension/main-repo/javavscode/netbeans/java/java.lsp.server/build/test/unit/work/o.n.m.j.l.s.p.S/rdccro
May 27, 2024 4:39:24 PM org.netbeans.modules.java.source.parsing.JavacParser init
WARNING: ClassPath identity changed for /Users/atalati/vscode-extension/main-repo/javavscode/netbeans/java/java.lsp.server/build/test/unit/work/o.n.m.j.l.s.p.S/fi/Test.java@1dfe0878:5f46da15, class path owner: /Users/atalati/vscode-extension/main-repo/javavscode/netbeans/java/java.lsp.server/build/test/unit/work/o.n.m.j.l.s.p.S/fi (class org.netbeans.modules.java.lsp.server.protocol.ServerTest$TestProjectFactory$4) original sourcePath: /Users/atalati/vscode-extension/main-repo/javavscode/netbeans/java/java.lsp.server/build/test/unit/work/o.n.m.j.l.s.p.S/fi new sourcePath: /Users/atalati/vscode-extension/main-repo/javavscode/netbeans/java/java.lsp.server/build/test/unit/work/o.n.m.j.l.s.p.S/fi
May 27, 2024 4:39:25 PM org.netbeans.modules.java.source.parsing.JavacParser init
WARNING: ClassPath identity changed for /Users/atalati/vscode-extension/main-repo/javavscode/netbeans/java/java.lsp.server/build/test/unit/work/o.n.m.j.l.s.p.S/cags/Test.java@9d40e9e1:474ce2c3, class path owner: null original sourcePath: /Users/atalati/vscode-extension/main-repo/javavscode/netbeans/java/java.lsp.server/build/test/unit/work/o.n.m.j.l.s.p.S/cags new sourcePath: /Users/atalati/vscode-extension/main-repo/javavscode/netbeans/java/java.lsp.server/build/test/unit/work/o.n.m.j.l.s.p.S/cags
May 27, 2024 4:39:25 PM org.netbeans.modules.java.source.parsing.JavacParser init
WARNING: ClassPath identity changed for /Users/atalati/vscode-extension/main-repo/javavscode/netbeans/java/java.lsp.server/build/test/unit/work/o.n.m.j.l.s.p.S/sw/Test.java@a666dfdb:3a882d20, class path owner: null original sourcePath: /Users/atalati/vscode-extension/main-repo/javavscode/netbeans/java/java.lsp.server/build/test/unit/work/o.n.m.j.l.s.p.S/sw new sourcePath: /Users/atalati/vscode-extension/main-repo/javavscode/netbeans/java/java.lsp.server/build/test/unit/work/o.n.m.j.l.s.p.S/sw
May 27, 2024 4:39:25 PM org.netbeans.modules.java.source.parsing.JavacParser init
WARNING: ClassPath identity changed for /Users/atalati/vscode-extension/main-repo/javavscode/netbeans/java/java.lsp.server/build/test/unit/work/o.n.m.j.l.s.p.S/caiaamiac/Test.java@5be81650:1700fcb8, class path owner: null original sourcePath: /Users/atalati/vscode-extension/main-repo/javavscode/netbeans/java/java.lsp.server/build/test/unit/work/o.n.m.j.l.s.p.S/caiaamiac new sourcePath: /Users/atalati/vscode-extension/main-repo/javavscode/netbeans/java/java.lsp.server/build/test/unit/work/o.n.m.j.l.s.p.S/caiaamiac
May 27, 2024 4:39:25 PM org.netbeans.modules.java.source.parsing.JavacParser init
WARNING: ClassPath identity changed for /Users/atalati/vscode-extension/main-repo/javavscode/netbeans/java/java.lsp.server/build/test/unit/work/o.n.m.j.l.s.p.S/snuf/Test.java@b3e2f7c3:12294bf0, class path owner: null original sourcePath: /Users/atalati/vscode-extension/main-repo/javavscode/netbeans/java/java.lsp.server/build/test/unit/work/o.n.m.j.l.s.p.S/snuf new sourcePath: /Users/atalati/vscode-extension/main-repo/javavscode/netbeans/java/java.lsp.server/build/test/unit/work/o.n.m.j.l.s.p.S/snuf
May 27, 2024 4:39:25 PM org.netbeans.modules.java.source.parsing.JavacParser init
WARNING: ClassPath identity changed for /Users/atalati/vscode-extension/main-repo/javavscode/netbeans/java/java.lsp.server/build/test/unit/work/o.n.m.j.l.s.p.S/saoi/Test.java@27dfd05f:3554d487, class path owner: null original sourcePath: /Users/atalati/vscode-extension/main-repo/javavscode/netbeans/java/java.lsp.server/build/test/unit/work/o.n.m.j.l.s.p.S/saoi new sourcePath: /Users/atalati/vscode-extension/main-repo/javavscode/netbeans/java/java.lsp.server/build/test/unit/work/o.n.m.j.l.s.p.S/saoi
May 27, 2024 4:39:25 PM org.netbeans.modules.java.source.parsing.JavacParser init
WARNING: ClassPath identity changed for /Users/atalati/vscode-extension/main-repo/javavscode/netbeans/java/java.lsp.server/build/test/unit/work/o.n.m.j.l.s.p.S/ac/Test.java@7a0aa719:70ff6041, class path owner: /Users/atalati/vscode-extension/main-repo/javavscode/netbeans/java/java.lsp.server/build/test/unit/work/o.n.m.j.l.s.p.S/ac (class org.netbeans.modules.java.lsp.server.protocol.ServerTest$TestProjectFactory$4) original sourcePath: /Users/atalati/vscode-extension/main-repo/javavscode/netbeans/java/java.lsp.server/build/test/unit/work/o.n.m.j.l.s.p.S/ac new sourcePath: /Users/atalati/vscode-extension/main-repo/javavscode/netbeans/java/java.lsp.server/build/test/unit/work/o.n.m.j.l.s.p.S/ac
May 27, 2024 4:39:25 PM org.netbeans.modules.java.source.parsing.JavacParser init
WARNING: ClassPath identity changed for /Users/atalati/vscode-extension/main-repo/javavscode/netbeans/java/java.lsp.server/build/test/unit/work/o.n.m.j.l.s.p.S/cagc/Test.java@4f15c5f1:3cfef554, class path owner: null original sourcePath: /Users/atalati/vscode-extension/main-repo/javavscode/netbeans/java/java.lsp.server/build/test/unit/work/o.n.m.j.l.s.p.S/cagc new sourcePath: /Users/atalati/vscode-extension/main-repo/javavscode/netbeans/java/java.lsp.server/build/test/unit/work/o.n.m.j.l.s.p.S/cagc
May 27, 2024 4:39:25 PM org.netbeans.modules.java.source.parsing.JavacParser init
WARNING: ClassPath identity changed for /Users/atalati/vscode-extension/main-repo/javavscode/netbeans/java/java.lsp.server/build/test/unit/work/o.n.m.j.l.s.p.S/dopl/Test2.java@f129f6b0:5cef8a46, class path owner: null original sourcePath: /Users/atalati/vscode-extension/main-repo/javavscode/netbeans/java/java.lsp.server/build/test/unit/work/o.n.m.j.l.s.p.S/dopl new sourcePath: /Users/atalati/vscode-extension/main-repo/javavscode/netbeans/java/java.lsp.server/build/test/unit/work/o.n.m.j.l.s.p.S/dopl
May 27, 2024 4:39:25 PM org.netbeans.modules.java.source.parsing.JavacParser init
WARNING: ClassPath identity changed for /Users/atalati/vscode-extension/main-repo/javavscode/netbeans/java/java.lsp.server/build/test/unit/work/o.n.m.j.l.s.p.S/dopl/Test3.java@f2fd2e51:bd3dc98, class path owner: null original sourcePath: /Users/atalati/vscode-extension/main-repo/javavscode/netbeans/java/java.lsp.server/build/test/unit/work/o.n.m.j.l.s.p.S/dopl new sourcePath: /Users/atalati/vscode-extension/main-repo/javavscode/netbeans/java/java.lsp.server/build/test/unit/work/o.n.m.j.l.s.p.S/dopl
May 27, 2024 4:39:25 PM org.netbeans.modules.java.source.parsing.JavacParser init
WARNING: ClassPath identity changed for /Users/atalati/vscode-extension/main-repo/javavscode/netbeans/java/java.lsp.server/build/test/unit/work/o.n.m.j.l.s.p.S/dopl/Test.java@bd4a9bbc:d189352, class path owner: null original sourcePath: /Users/atalati/vscode-extension/main-repo/javavscode/netbeans/java/java.lsp.server/build/test/unit/work/o.n.m.j.l.s.p.S/dopl new sourcePath: /Users/atalati/vscode-extension/main-repo/javavscode/netbeans/java/java.lsp.server/build/test/unit/work/o.n.m.j.l.s.p.S/dopl
May 27, 2024 4:39:25 PM org.netbeans.modules.java.source.parsing.JavacParser init
WARNING: ClassPath identity changed for /Users/atalati/vscode-extension/main-repo/javavscode/netbeans/java/java.lsp.server/build/test/unit/work/o.n.m.j.l.s.p.S/pd/b/Base.java@29379b1f:517cb654, class path owner: /Users/atalati/vscode-extension/main-repo/javavscode/netbeans/java/java.lsp.server/build/test/unit/work/o.n.m.j.l.s.p.S/pd (class org.netbeans.modules.java.lsp.server.protocol.ServerTest$TestProjectFactory$4) original sourcePath: /Users/atalati/vscode-extension/main-repo/javavscode/netbeans/java/java.lsp.server/build/test/unit/work/o.n.m.j.l.s.p.S/pd new sourcePath: /Users/atalati/vscode-extension/main-repo/javavscode/netbeans/java/java.lsp.server/build/test/unit/work/o.n.m.j.l.s.p.S/pd
Creating a client for testcase: testSemanticHighlighting
Error during dispatch at client: 
May 27, 2024 4:39:25 PM org.netbeans.modules.java.lsp.server.protocol.Server$LanguageServerImpl lambda$asyncOpenSelectedProjects1$9
INFO: 0 projects opened in 0ms
java.lang.RuntimeException: java.lang.reflect.InvocationTargetException
	at org.eclipse.lsp4j.jsonrpc.services.GenericEndpoint.lambda$null$0(GenericEndpoint.java:67)
	at org.eclipse.lsp4j.jsonrpc.services.GenericEndpoint.request(GenericEndpoint.java:120)
	at org.eclipse.lsp4j.jsonrpc.RemoteEndpoint.handleRequest(RemoteEndpoint.java:261)
	at org.eclipse.lsp4j.jsonrpc.RemoteEndpoint.consume(RemoteEndpoint.java:190)
	at org.eclipse.lsp4j.jsonrpc.json.StreamMessageProducer.handleMessage(StreamMessageProducer.java:194)
	at org.eclipse.lsp4j.jsonrpc.json.StreamMessageProducer.listen(StreamMessageProducer.java:94)
	at org.eclipse.lsp4j.jsonrpc.json.ConcurrentMessageProcessor.run(ConcurrentMessageProcessor.java:113)
	at java.base/java.util.concurrent.Executors$RunnableAdapter.call(Executors.java:539)
	at java.base/java.util.concurrent.FutureTask.run(FutureTask.java:264)
	at java.base/java.util.concurrent.ThreadPoolExecutor.runWorker(ThreadPoolExecutor.java:1136)
	at java.base/java.util.concurrent.ThreadPoolExecutor$Worker.run(ThreadPoolExecutor.java:635)
	at java.base/java.lang.Thread.run(Thread.java:833)
Caused by: java.lang.reflect.InvocationTargetException
	at jdk.internal.reflect.GeneratedMethodAccessor48.invoke(Unknown Source)
	at java.base/jdk.internal.reflect.DelegatingMethodAccessorImpl.invoke(DelegatingMethodAccessorImpl.java:43)
	at java.base/java.lang.reflect.Method.invoke(Method.java:568)
	at org.eclipse.lsp4j.jsonrpc.services.GenericEndpoint.lambda$null$0(GenericEndpoint.java:65)
	... 11 more
Caused by: java.lang.UnsupportedOperationException
	at org.eclipse.lsp4j.services.LanguageClient.configuration(LanguageClient.java:138)
	... 15 more
May 27, 2024 4:39:25 PM org.eclipse.lsp4j.jsonrpc.RemoteEndpoint fallbackResponseError
SEVERE: Internal error: java.lang.reflect.InvocationTargetException
java.lang.RuntimeException: java.lang.reflect.InvocationTargetException
	at org.eclipse.lsp4j.jsonrpc.services.GenericEndpoint.lambda$null$0(GenericEndpoint.java:67)
	at org.eclipse.lsp4j.jsonrpc.services.GenericEndpoint.request(GenericEndpoint.java:120)
	at org.eclipse.lsp4j.jsonrpc.RemoteEndpoint.handleRequest(RemoteEndpoint.java:261)
	at org.eclipse.lsp4j.jsonrpc.RemoteEndpoint.consume(RemoteEndpoint.java:190)
	at org.eclipse.lsp4j.jsonrpc.json.StreamMessageProducer.handleMessage(StreamMessageProducer.java:194)
	at org.eclipse.lsp4j.jsonrpc.json.StreamMessageProducer.listen(StreamMessageProducer.java:94)
	at org.eclipse.lsp4j.jsonrpc.json.ConcurrentMessageProcessor.run(ConcurrentMessageProcessor.java:113)
	at java.base/java.util.concurrent.Executors$RunnableAdapter.call(Executors.java:539)
	at java.base/java.util.concurrent.FutureTask.run(FutureTask.java:264)
	at java.base/java.util.concurrent.ThreadPoolExecutor.runWorker(ThreadPoolExecutor.java:1136)
	at java.base/java.util.concurrent.ThreadPoolExecutor$Worker.run(ThreadPoolExecutor.java:635)
	at java.base/java.lang.Thread.run(Thread.java:833)
Caused by: java.lang.reflect.InvocationTargetException
	at jdk.internal.reflect.GeneratedMethodAccessor48.invoke(Unknown Source)
	at java.base/jdk.internal.reflect.DelegatingMethodAccessorImpl.invoke(DelegatingMethodAccessorImpl.java:43)
	at java.base/java.lang.reflect.Method.invoke(Method.java:568)
	at org.eclipse.lsp4j.jsonrpc.services.GenericEndpoint.lambda$null$0(GenericEndpoint.java:65)
	... 11 more
Caused by: java.lang.UnsupportedOperationException
	at org.eclipse.lsp4j.services.LanguageClient.configuration(LanguageClient.java:138)
	... 15 more

May 27, 2024 4:39:25 PM org.netbeans.modules.parsing.impl.indexing.RepositoryUpdater$Work reportIndexingStart
INFO: Indexing started, time from last indexing 809 ms.
May 27, 2024 4:39:25 PM org.netbeans.modules.parsing.impl.indexing.RepositoryUpdater$RootsWork getDone
INFO: Resolving dependencies took: 0 ms
May 27, 2024 4:39:25 PM org.netbeans.modules.parsing.impl.indexing.RepositoryUpdater$AbstractRootsWork scanBinaries
INFO: Complete indexing of 0 binary roots took: 0 ms
May 27, 2024 4:39:25 PM org.netbeans.modules.parsing.impl.indexing.RepositoryUpdater$AbstractRootsWork scanSources
INFO: Complete indexing of 0 source roots took: 0 ms (New or modified files: 0, Deleted files: 0) [Adding listeners took: 0 ms]
May 27, 2024 4:39:25 PM org.netbeans.modules.parsing.impl.indexing.RepositoryUpdater$Work reportIndexerStatistics
INFO: Indexing finished, indexing took 5 ms.
Creating a client for testcase: testSourceActionGetterSetter
May 27, 2024 4:39:25 PM org.netbeans.modules.java.lsp.server.protocol.Server$LanguageServerImpl lambda$asyncOpenSelectedProjects1$9
INFO: 0 projects opened in 1ms
May 27, 2024 4:39:25 PM org.netbeans.modules.java.source.parsing.JavacParser init
WARNING: ClassPath identity changed for /Users/atalati/vscode-extension/main-repo/javavscode/netbeans/java/java.lsp.server/build/test/unit/work/o.n.m.j.l.s.p.S/sags/Test.java@bb3c03f1:38e6b70b, class path owner: null original sourcePath: /Users/atalati/vscode-extension/main-repo/javavscode/netbeans/java/java.lsp.server/build/test/unit/work/o.n.m.j.l.s.p.S/sags new sourcePath: /Users/atalati/vscode-extension/main-repo/javavscode/netbeans/java/java.lsp.server/build/test/unit/work/o.n.m.j.l.s.p.S/sags
Creating a client for testcase: testNoErrorAndHintsFor
May 27, 2024 4:39:25 PM org.netbeans.modules.java.lsp.server.protocol.Server$LanguageServerImpl lambda$asyncOpenSelectedProjects1$9
INFO: 0 projects opened in 1ms
May 27, 2024 4:39:25 PM org.openide.filesystems.Ordering getOrder
WARNING: Not all children in / marked with the position attribute: [org-netbeans-modules-java-editor-hyperlink-JavaHyperlinkProvider$LocationProvider.instance], but some are: [org-netbeans-modules-editor-url-HyperlinkImpl.instance]
May 27, 2024 4:39:25 PM org.netbeans.modules.java.source.parsing.JavacParser init
WARNING: ClassPath identity changed for /Users/atalati/vscode-extension/main-repo/javavscode/netbeans/java/java.lsp.server/build/test/unit/work/o.n.m.j.l.s.p.S/pd/b/Base.java@29379b1f:517cb654, class path owner: /Users/atalati/vscode-extension/main-repo/javavscode/netbeans/java/java.lsp.server/build/test/unit/work/o.n.m.j.l.s.p.S/pd (class org.netbeans.modules.java.lsp.server.protocol.ServerTest$TestProjectFactory$4) original sourcePath: /Users/atalati/vscode-extension/main-repo/javavscode/netbeans/java/java.lsp.server/build/test/unit/work/o.n.m.j.l.s.p.S/pd new sourcePath: /Users/atalati/vscode-extension/main-repo/javavscode/netbeans/java/java.lsp.server/build/test/unit/work/o.n.m.j.l.s.p.S/pd
May 27, 2024 4:39:25 PM org.netbeans.modules.java.source.parsing.JavacParser init
WARNING: ClassPath identity changed for /Users/atalati/vscode-extension/main-repo/javavscode/netbeans/java/java.lsp.server/build/test/unit/work/o.n.m.j.l.s.p.S/rdccro/Test.java@c90373e4:73492c39, class path owner: /Users/atalati/vscode-extension/main-repo/javavscode/netbeans/java/java.lsp.server/build/test/unit/work/o.n.m.j.l.s.p.S/rdccro (class org.netbeans.modules.java.lsp.server.protocol.ServerTest$TestProjectFactory$4) original sourcePath: /Users/atalati/vscode-extension/main-repo/javavscode/netbeans/java/java.lsp.server/build/test/unit/work/o.n.m.j.l.s.p.S/rdccro new sourcePath: /Users/atalati/vscode-extension/main-repo/javavscode/netbeans/java/java.lsp.server/build/test/unit/work/o.n.m.j.l.s.p.S/rdccro
May 27, 2024 4:39:25 PM org.netbeans.modules.java.source.parsing.JavacParser init
WARNING: ClassPath identity changed for /Users/atalati/vscode-extension/main-repo/javavscode/netbeans/java/java.lsp.server/build/test/unit/work/o.n.m.j.l.s.p.S/rdccro/Test2.java@5cbe0648:1731dbb4, class path owner: /Users/atalati/vscode-extension/main-repo/javavscode/netbeans/java/java.lsp.server/build/test/unit/work/o.n.m.j.l.s.p.S/rdccro (class org.netbeans.modules.java.lsp.server.protocol.ServerTest$TestProjectFactory$4) original sourcePath: /Users/atalati/vscode-extension/main-repo/javavscode/netbeans/java/java.lsp.server/build/test/unit/work/o.n.m.j.l.s.p.S/rdccro new sourcePath: /Users/atalati/vscode-extension/main-repo/javavscode/netbeans/java/java.lsp.server/build/test/unit/work/o.n.m.j.l.s.p.S/rdccro
May 27, 2024 4:39:25 PM org.netbeans.modules.java.source.parsing.JavacParser init
WARNING: ClassPath identity changed for /Users/atalati/vscode-extension/main-repo/javavscode/netbeans/java/java.lsp.server/build/test/unit/work/o.n.m.j.l.s.p.S/fi/Test.java@1dfe0878:5f46da15, class path owner: /Users/atalati/vscode-extension/main-repo/javavscode/netbeans/java/java.lsp.server/build/test/unit/work/o.n.m.j.l.s.p.S/fi (class org.netbeans.modules.java.lsp.server.protocol.ServerTest$TestProjectFactory$4) original sourcePath: /Users/atalati/vscode-extension/main-repo/javavscode/netbeans/java/java.lsp.server/build/test/unit/work/o.n.m.j.l.s.p.S/fi new sourcePath: /Users/atalati/vscode-extension/main-repo/javavscode/netbeans/java/java.lsp.server/build/test/unit/work/o.n.m.j.l.s.p.S/fi
May 27, 2024 4:39:25 PM org.netbeans.modules.java.source.parsing.JavacParser init
WARNING: ClassPath identity changed for /Users/atalati/vscode-extension/main-repo/javavscode/netbeans/java/java.lsp.server/build/test/unit/work/o.n.m.j.l.s.p.S/cags/Test.java@9d40e9e1:474ce2c3, class path owner: null original sourcePath: /Users/atalati/vscode-extension/main-repo/javavscode/netbeans/java/java.lsp.server/build/test/unit/work/o.n.m.j.l.s.p.S/cags new sourcePath: /Users/atalati/vscode-extension/main-repo/javavscode/netbeans/java/java.lsp.server/build/test/unit/work/o.n.m.j.l.s.p.S/cags
May 27, 2024 4:39:25 PM org.netbeans.modules.java.source.parsing.JavacParser init
WARNING: ClassPath identity changed for /Users/atalati/vscode-extension/main-repo/javavscode/netbeans/java/java.lsp.server/build/test/unit/work/o.n.m.j.l.s.p.S/sw/Test.java@a666dfdb:3a882d20, class path owner: null original sourcePath: /Users/atalati/vscode-extension/main-repo/javavscode/netbeans/java/java.lsp.server/build/test/unit/work/o.n.m.j.l.s.p.S/sw new sourcePath: /Users/atalati/vscode-extension/main-repo/javavscode/netbeans/java/java.lsp.server/build/test/unit/work/o.n.m.j.l.s.p.S/sw
May 27, 2024 4:39:25 PM org.netbeans.modules.java.source.parsing.JavacParser init
WARNING: ClassPath identity changed for /Users/atalati/vscode-extension/main-repo/javavscode/netbeans/java/java.lsp.server/build/test/unit/work/o.n.m.j.l.s.p.S/caiaamiac/Test.java@5be81650:1700fcb8, class path owner: null original sourcePath: /Users/atalati/vscode-extension/main-repo/javavscode/netbeans/java/java.lsp.server/build/test/unit/work/o.n.m.j.l.s.p.S/caiaamiac new sourcePath: /Users/atalati/vscode-extension/main-repo/javavscode/netbeans/java/java.lsp.server/build/test/unit/work/o.n.m.j.l.s.p.S/caiaamiac
May 27, 2024 4:39:26 PM org.netbeans.modules.java.source.parsing.JavacParser init
WARNING: ClassPath identity changed for /Users/atalati/vscode-extension/main-repo/javavscode/netbeans/java/java.lsp.server/build/test/unit/work/o.n.m.j.l.s.p.S/snuf/Test.java@b3e2f7c3:12294bf0, class path owner: null original sourcePath: /Users/atalati/vscode-extension/main-repo/javavscode/netbeans/java/java.lsp.server/build/test/unit/work/o.n.m.j.l.s.p.S/snuf new sourcePath: /Users/atalati/vscode-extension/main-repo/javavscode/netbeans/java/java.lsp.server/build/test/unit/work/o.n.m.j.l.s.p.S/snuf
May 27, 2024 4:39:26 PM org.netbeans.modules.java.source.parsing.JavacParser init
WARNING: ClassPath identity changed for /Users/atalati/vscode-extension/main-repo/javavscode/netbeans/java/java.lsp.server/build/test/unit/work/o.n.m.j.l.s.p.S/saoi/Test.java@27dfd05f:3554d487, class path owner: null original sourcePath: /Users/atalati/vscode-extension/main-repo/javavscode/netbeans/java/java.lsp.server/build/test/unit/work/o.n.m.j.l.s.p.S/saoi new sourcePath: /Users/atalati/vscode-extension/main-repo/javavscode/netbeans/java/java.lsp.server/build/test/unit/work/o.n.m.j.l.s.p.S/saoi
May 27, 2024 4:39:26 PM org.netbeans.modules.java.source.parsing.JavacParser init
WARNING: ClassPath identity changed for /Users/atalati/vscode-extension/main-repo/javavscode/netbeans/java/java.lsp.server/build/test/unit/work/o.n.m.j.l.s.p.S/ac/Test.java@7a0aa719:70ff6041, class path owner: /Users/atalati/vscode-extension/main-repo/javavscode/netbeans/java/java.lsp.server/build/test/unit/work/o.n.m.j.l.s.p.S/ac (class org.netbeans.modules.java.lsp.server.protocol.ServerTest$TestProjectFactory$4) original sourcePath: /Users/atalati/vscode-extension/main-repo/javavscode/netbeans/java/java.lsp.server/build/test/unit/work/o.n.m.j.l.s.p.S/ac new sourcePath: /Users/atalati/vscode-extension/main-repo/javavscode/netbeans/java/java.lsp.server/build/test/unit/work/o.n.m.j.l.s.p.S/ac
May 27, 2024 4:39:26 PM org.netbeans.modules.java.source.parsing.JavacParser init
WARNING: ClassPath identity changed for /Users/atalati/vscode-extension/main-repo/javavscode/netbeans/java/java.lsp.server/build/test/unit/work/o.n.m.j.l.s.p.S/cagc/Test.java@4f15c5f1:3cfef554, class path owner: null original sourcePath: /Users/atalati/vscode-extension/main-repo/javavscode/netbeans/java/java.lsp.server/build/test/unit/work/o.n.m.j.l.s.p.S/cagc new sourcePath: /Users/atalati/vscode-extension/main-repo/javavscode/netbeans/java/java.lsp.server/build/test/unit/work/o.n.m.j.l.s.p.S/cagc
May 27, 2024 4:39:26 PM org.netbeans.modules.java.source.parsing.JavacParser init
WARNING: ClassPath identity changed for /Users/atalati/vscode-extension/main-repo/javavscode/netbeans/java/java.lsp.server/build/test/unit/work/o.n.m.j.l.s.p.S/dopl/Test2.java@f129f6b0:5cef8a46, class path owner: null original sourcePath: /Users/atalati/vscode-extension/main-repo/javavscode/netbeans/java/java.lsp.server/build/test/unit/work/o.n.m.j.l.s.p.S/dopl new sourcePath: /Users/atalati/vscode-extension/main-repo/javavscode/netbeans/java/java.lsp.server/build/test/unit/work/o.n.m.j.l.s.p.S/dopl
May 27, 2024 4:39:26 PM org.netbeans.modules.java.source.parsing.JavacParser init
WARNING: ClassPath identity changed for /Users/atalati/vscode-extension/main-repo/javavscode/netbeans/java/java.lsp.server/build/test/unit/work/o.n.m.j.l.s.p.S/dopl/Test3.java@f2fd2e51:bd3dc98, class path owner: null original sourcePath: /Users/atalati/vscode-extension/main-repo/javavscode/netbeans/java/java.lsp.server/build/test/unit/work/o.n.m.j.l.s.p.S/dopl new sourcePath: /Users/atalati/vscode-extension/main-repo/javavscode/netbeans/java/java.lsp.server/build/test/unit/work/o.n.m.j.l.s.p.S/dopl
May 27, 2024 4:39:26 PM org.netbeans.modules.java.source.parsing.JavacParser init
WARNING: ClassPath identity changed for /Users/atalati/vscode-extension/main-repo/javavscode/netbeans/java/java.lsp.server/build/test/unit/work/o.n.m.j.l.s.p.S/dopl/Test.java@bd4a9bbc:d189352, class path owner: null original sourcePath: /Users/atalati/vscode-extension/main-repo/javavscode/netbeans/java/java.lsp.server/build/test/unit/work/o.n.m.j.l.s.p.S/dopl new sourcePath: /Users/atalati/vscode-extension/main-repo/javavscode/netbeans/java/java.lsp.server/build/test/unit/work/o.n.m.j.l.s.p.S/dopl
May 27, 2024 4:39:26 PM org.netbeans.modules.java.source.parsing.JavacParser init
WARNING: ClassPath identity changed for /Users/atalati/vscode-extension/main-repo/javavscode/netbeans/java/java.lsp.server/build/test/unit/work/o.n.m.j.l.s.p.S/saehc/Test.java@20b3203b:6a0e3571, class path owner: null original sourcePath: /Users/atalati/vscode-extension/main-repo/javavscode/netbeans/java/java.lsp.server/build/test/unit/work/o.n.m.j.l.s.p.S/saehc new sourcePath: /Users/atalati/vscode-extension/main-repo/javavscode/netbeans/java/java.lsp.server/build/test/unit/work/o.n.m.j.l.s.p.S/saehc
May 27, 2024 4:39:26 PM org.netbeans.modules.java.source.parsing.JavacParser init
WARNING: ClassPath identity changed for AbstractFileObject@30135ce8[java.base/java/lang/String.java], class path owner: null original sourcePath: jar:file:/Library/Java/JavaVirtualMachines/jdk-17.0.8.jdk/Contents/Home/lib/src.zip!/java.base/java/lang/ new sourcePath: jar:file:/Library/Java/JavaVirtualMachines/jdk-17.0.8.jdk/Contents/Home/lib/src.zip!/java.base/java/lang/
Creating a client for testcase: testSourceActionToString
May 27, 2024 4:39:26 PM org.netbeans.modules.java.lsp.server.protocol.Server$LanguageServerImpl lambda$asyncOpenSelectedProjects1$9
INFO: 0 projects opened in 0ms
Creating a client for testcase: testHover
May 27, 2024 4:39:27 PM org.netbeans.modules.java.lsp.server.protocol.Server$LanguageServerImpl lambda$asyncOpenSelectedProjects1$9
INFO: 0 projects opened in 0ms
Creating a client for testcase: testGoToSuperImplementation
May 27, 2024 4:39:27 PM org.netbeans.modules.java.lsp.server.protocol.Server$LanguageServerImpl lambda$asyncOpenSelectedProjects1$9
INFO: 0 projects opened in 1ms
Creating a client for testcase: testMain
May 27, 2024 4:39:27 PM org.netbeans.modules.java.lsp.server.protocol.Server$LanguageServerImpl lambda$asyncOpenSelectedProjects1$9
INFO: 0 projects opened in 1ms
May 27, 2024 4:39:28 PM org.netbeans.modules.java.source.parsing.JavacParser init
WARNING: ClassPath identity changed for /Users/atalati/vscode-extension/main-repo/javavscode/netbeans/java/java.lsp.server/build/test/unit/work/o.n.m.j.l.s.p.S/m/Test.java@96357854:2cb18a69, class path owner: null original sourcePath: /Users/atalati/vscode-extension/main-repo/javavscode/netbeans/java/java.lsp.server/build/test/unit/work/o.n.m.j.l.s.p.S/m new sourcePath: /Users/atalati/vscode-extension/main-repo/javavscode/netbeans/java/java.lsp.server/build/test/unit/work/o.n.m.j.l.s.p.S/m
May 27, 2024 4:39:30 PM org.netbeans.modules.java.source.parsing.JavacParser init
WARNING: ClassPath identity changed for /Users/atalati/vscode-extension/main-repo/javavscode/netbeans/java/java.lsp.server/build/test/unit/work/o.n.m.j.l.s.p.S/m/Test.java@96357854:2cb18a69, class path owner: null original sourcePath: /Users/atalati/vscode-extension/main-repo/javavscode/netbeans/java/java.lsp.server/build/test/unit/work/o.n.m.j.l.s.p.S/m new sourcePath: /Users/atalati/vscode-extension/main-repo/javavscode/netbeans/java/java.lsp.server/build/test/unit/work/o.n.m.j.l.s.p.S/m
May 27, 2024 4:39:31 PM org.netbeans.modules.java.source.parsing.JavacParser init
WARNING: ClassPath identity changed for /Users/atalati/vscode-extension/main-repo/javavscode/netbeans/java/java.lsp.server/build/test/unit/work/o.n.m.j.l.s.p.S/m/Test.java@96357854:2cb18a69, class path owner: null original sourcePath: /Users/atalati/vscode-extension/main-repo/javavscode/netbeans/java/java.lsp.server/build/test/unit/work/o.n.m.j.l.s.p.S/m new sourcePath: /Users/atalati/vscode-extension/main-repo/javavscode/netbeans/java/java.lsp.server/build/test/unit/work/o.n.m.j.l.s.p.S/m
Creating a client for testcase: testCodeActionImplementAllAbstractMethodsInEnum
May 27, 2024 4:39:31 PM org.netbeans.modules.java.lsp.server.protocol.Server$LanguageServerImpl lambda$asyncOpenSelectedProjects1$9
INFO: 0 projects opened in 0ms
Creating a client for testcase: testSemanticHighlighting2
Error during dispatch at client: 
java.lang.RuntimeException: java.lang.reflect.InvocationTargetException
	at org.eclipse.lsp4j.jsonrpc.services.GenericEndpoint.lambda$null$0(GenericEndpoint.java:67)
	at org.eclipse.lsp4j.jsonrpc.services.GenericEndpoint.request(GenericEndpoint.java:120)
	at org.eclipse.lsp4j.jsonrpc.RemoteEndpoint.handleRequest(RemoteEndpoint.java:261)
	at org.eclipse.lsp4j.jsonrpc.RemoteEndpoint.consume(RemoteEndpoint.java:190)
	at org.eclipse.lsp4j.jsonrpc.json.StreamMessageProducer.handleMessage(StreamMessageProducer.java:194)
	at org.eclipse.lsp4j.jsonrpc.json.StreamMessageProducer.listen(StreamMessageProducer.java:94)
	at org.eclipse.lsp4j.jsonrpc.json.ConcurrentMessageProcessor.run(ConcurrentMessageProcessor.java:113)
	at java.base/java.util.concurrent.Executors$RunnableAdapter.call(Executors.java:539)
	at java.base/java.util.concurrent.FutureTask.run(FutureTask.java:264)
	at java.base/java.util.concurrent.ThreadPoolExecutor.runWorker(ThreadPoolExecutor.java:1136)
	at java.base/java.util.concurrent.ThreadPoolExecutor$Worker.run(ThreadPoolExecutor.java:635)
	at java.base/java.lang.Thread.run(Thread.java:833)
Caused by: java.lang.reflect.InvocationTargetException
	at jdk.internal.reflect.GeneratedMethodAccessor48.invoke(Unknown Source)
	at java.base/jdk.internal.reflect.DelegatingMethodAccessorImpl.invoke(DelegatingMethodAccessorImpl.java:43)
	at java.base/java.lang.reflect.Method.invoke(Method.java:568)
	at org.eclipse.lsp4j.jsonrpc.services.GenericEndpoint.lambda$null$0(GenericEndpoint.java:65)
	... 11 more
Caused by: java.lang.UnsupportedOperationException
	at org.eclipse.lsp4j.services.LanguageClient.configuration(LanguageClient.java:138)
	... 15 more
May 27, 2024 4:39:32 PM org.netbeans.modules.java.lsp.server.protocol.Server$LanguageServerImpl lambda$asyncOpenSelectedProjects1$9
INFO: 0 projects opened in 0ms
May 27, 2024 4:39:32 PM org.eclipse.lsp4j.jsonrpc.RemoteEndpoint fallbackResponseError
SEVERE: Internal error: java.lang.reflect.InvocationTargetException
java.lang.RuntimeException: java.lang.reflect.InvocationTargetException
	at org.eclipse.lsp4j.jsonrpc.services.GenericEndpoint.lambda$null$0(GenericEndpoint.java:67)
	at org.eclipse.lsp4j.jsonrpc.services.GenericEndpoint.request(GenericEndpoint.java:120)
	at org.eclipse.lsp4j.jsonrpc.RemoteEndpoint.handleRequest(RemoteEndpoint.java:261)
	at org.eclipse.lsp4j.jsonrpc.RemoteEndpoint.consume(RemoteEndpoint.java:190)
	at org.eclipse.lsp4j.jsonrpc.json.StreamMessageProducer.handleMessage(StreamMessageProducer.java:194)
	at org.eclipse.lsp4j.jsonrpc.json.StreamMessageProducer.listen(StreamMessageProducer.java:94)
	at org.eclipse.lsp4j.jsonrpc.json.ConcurrentMessageProcessor.run(ConcurrentMessageProcessor.java:113)
	at java.base/java.util.concurrent.Executors$RunnableAdapter.call(Executors.java:539)
	at java.base/java.util.concurrent.FutureTask.run(FutureTask.java:264)
	at java.base/java.util.concurrent.ThreadPoolExecutor.runWorker(ThreadPoolExecutor.java:1136)
	at java.base/java.util.concurrent.ThreadPoolExecutor$Worker.run(ThreadPoolExecutor.java:635)
	at java.base/java.lang.Thread.run(Thread.java:833)
Caused by: java.lang.reflect.InvocationTargetException
	at jdk.internal.reflect.GeneratedMethodAccessor48.invoke(Unknown Source)
	at java.base/jdk.internal.reflect.DelegatingMethodAccessorImpl.invoke(DelegatingMethodAccessorImpl.java:43)
	at java.base/java.lang.reflect.Method.invoke(Method.java:568)
	at org.eclipse.lsp4j.jsonrpc.services.GenericEndpoint.lambda$null$0(GenericEndpoint.java:65)
	... 11 more
Caused by: java.lang.UnsupportedOperationException
	at org.eclipse.lsp4j.services.LanguageClient.configuration(LanguageClient.java:138)
	... 15 more

Creating a client for testcase: testGoToImplementations
May 27, 2024 4:39:32 PM org.netbeans.modules.project.ui.OpenProjectList log
INFO: USG_PROJECT_OPEN
May 27, 2024 4:39:32 PM org.netbeans.modules.java.lsp.server.protocol.Server$LanguageServerImpl lambda$asyncOpenSelectedProjects1$9
INFO: 1 projects opened in 2ms
May 27, 2024 4:39:32 PM org.netbeans.modules.java.source.parsing.JavacParser init
WARNING: ClassPath identity changed for /Users/atalati/vscode-extension/main-repo/javavscode/netbeans/java/java.lsp.server/build/test/unit/work/o.n.m.j.l.s.p.S/caiaamie/Test.java@5976eef5:76990e1e, class path owner: null original sourcePath: /Users/atalati/vscode-extension/main-repo/javavscode/netbeans/java/java.lsp.server/build/test/unit/work/o.n.m.j.l.s.p.S/caiaamie new sourcePath: /Users/atalati/vscode-extension/main-repo/javavscode/netbeans/java/java.lsp.server/build/test/unit/work/o.n.m.j.l.s.p.S/caiaamie
May 27, 2024 4:39:32 PM org.netbeans.modules.parsing.impl.indexing.RepositoryUpdater$Work reportIndexingStart
INFO: Indexing started, time from last indexing 7,537 ms.
May 27, 2024 4:39:32 PM org.netbeans.modules.parsing.impl.indexing.RepositoryUpdater$RootsWork getDone
INFO: Resolving dependencies took: 37 ms
May 27, 2024 4:39:32 PM org.netbeans.modules.parsing.impl.indexing.RepositoryUpdater$AbstractRootsWork scanBinaries
INFO: Complete indexing of 70 binary roots took: 49 ms
May 27, 2024 4:39:33 PM org.netbeans.modules.parsing.impl.indexing.RepositoryUpdater$AbstractRootsWork scanSources
INFO: Indexing of: /Users/atalati/vscode-extension/main-repo/javavscode/netbeans/java/java.lsp.server/build/test/unit/work/o.n.m.j.l.s.p.S/gti took: 61 ms (New or modified files: 3, Deleted files: 0) [Adding listeners took: 0 ms]
May 27, 2024 4:39:33 PM org.netbeans.modules.parsing.impl.indexing.RepositoryUpdater$AbstractRootsWork scanSources
INFO: Complete indexing of 1 source roots took: 61 ms (New or modified files: 3, Deleted files: 0) [Adding listeners took: 0 ms]
May 27, 2024 4:39:33 PM org.netbeans.modules.parsing.impl.indexing.RepositoryUpdater$Work reportIndexerStatistics
INFO: Indexing finished, indexing took 148 ms.
May 27, 2024 4:39:33 PM org.netbeans.modules.project.ui.OpenProjectList log
INFO: USG_PROJECT_CLOSE
Creating a client for testcase: testSourceActionLogger
May 27, 2024 4:39:33 PM org.netbeans.modules.java.lsp.server.protocol.Server$LanguageServerImpl lambda$asyncOpenSelectedProjects1$9
INFO: 0 projects opened in 0ms
Creating a client for testcase: testChangeMethodParameters
May 27, 2024 4:39:33 PM org.netbeans.modules.project.ui.OpenProjectList log
INFO: USG_PROJECT_OPEN
May 27, 2024 4:39:33 PM org.netbeans.modules.java.lsp.server.protocol.Server$LanguageServerImpl lambda$asyncOpenSelectedProjects1$9
INFO: 1 projects opened in 1ms
May 27, 2024 4:39:33 PM org.netbeans.modules.java.source.parsing.JavacParser init
WARNING: ClassPath identity changed for /Users/atalati/vscode-extension/main-repo/javavscode/netbeans/java/java.lsp.server/build/test/unit/work/o.n.m.j.l.s.p.S/fi/Test.java@1dfe0878:5f46da15, class path owner: /Users/atalati/vscode-extension/main-repo/javavscode/netbeans/java/java.lsp.server/build/test/unit/work/o.n.m.j.l.s.p.S/fi (class org.netbeans.modules.java.lsp.server.protocol.ServerTest$TestProjectFactory$4) original sourcePath: /Users/atalati/vscode-extension/main-repo/javavscode/netbeans/java/java.lsp.server/build/test/unit/work/o.n.m.j.l.s.p.S/fi new sourcePath: /Users/atalati/vscode-extension/main-repo/javavscode/netbeans/java/java.lsp.server/build/test/unit/work/o.n.m.j.l.s.p.S/fi
May 27, 2024 4:39:33 PM org.netbeans.modules.java.source.parsing.JavacParser init
WARNING: ClassPath identity changed for /Users/atalati/vscode-extension/main-repo/javavscode/netbeans/java/java.lsp.server/build/test/unit/work/o.n.m.j.l.s.p.S/rdccro/Test.java@c90373e4:73492c39, class path owner: /Users/atalati/vscode-extension/main-repo/javavscode/netbeans/java/java.lsp.server/build/test/unit/work/o.n.m.j.l.s.p.S/rdccro (class org.netbeans.modules.java.lsp.server.protocol.ServerTest$TestProjectFactory$4) original sourcePath: /Users/atalati/vscode-extension/main-repo/javavscode/netbeans/java/java.lsp.server/build/test/unit/work/o.n.m.j.l.s.p.S/rdccro new sourcePath: /Users/atalati/vscode-extension/main-repo/javavscode/netbeans/java/java.lsp.server/build/test/unit/work/o.n.m.j.l.s.p.S/rdccro
May 27, 2024 4:39:33 PM org.netbeans.modules.java.source.parsing.JavacParser init
WARNING: ClassPath identity changed for /Users/atalati/vscode-extension/main-repo/javavscode/netbeans/java/java.lsp.server/build/test/unit/work/o.n.m.j.l.s.p.S/rdccro/Test2.java@5cbe0648:1731dbb4, class path owner: /Users/atalati/vscode-extension/main-repo/javavscode/netbeans/java/java.lsp.server/build/test/unit/work/o.n.m.j.l.s.p.S/rdccro (class org.netbeans.modules.java.lsp.server.protocol.ServerTest$TestProjectFactory$4) original sourcePath: /Users/atalati/vscode-extension/main-repo/javavscode/netbeans/java/java.lsp.server/build/test/unit/work/o.n.m.j.l.s.p.S/rdccro new sourcePath: /Users/atalati/vscode-extension/main-repo/javavscode/netbeans/java/java.lsp.server/build/test/unit/work/o.n.m.j.l.s.p.S/rdccro
May 27, 2024 4:39:33 PM org.netbeans.modules.java.source.parsing.JavacParser init
WARNING: ClassPath identity changed for /Users/atalati/vscode-extension/main-repo/javavscode/netbeans/java/java.lsp.server/build/test/unit/work/o.n.m.j.l.s.p.S/pd/b/Base.java@29379b1f:517cb654, class path owner: /Users/atalati/vscode-extension/main-repo/javavscode/netbeans/java/java.lsp.server/build/test/unit/work/o.n.m.j.l.s.p.S/pd (class org.netbeans.modules.java.lsp.server.protocol.ServerTest$TestProjectFactory$4) original sourcePath: /Users/atalati/vscode-extension/main-repo/javavscode/netbeans/java/java.lsp.server/build/test/unit/work/o.n.m.j.l.s.p.S/pd new sourcePath: /Users/atalati/vscode-extension/main-repo/javavscode/netbeans/java/java.lsp.server/build/test/unit/work/o.n.m.j.l.s.p.S/pd
May 27, 2024 4:39:33 PM org.netbeans.modules.java.source.parsing.JavacParser init
WARNING: ClassPath identity changed for /Users/atalati/vscode-extension/main-repo/javavscode/netbeans/java/java.lsp.server/build/test/unit/work/o.n.m.j.l.s.p.S/cags/Test.java@9d40e9e1:474ce2c3, class path owner: null original sourcePath: /Users/atalati/vscode-extension/main-repo/javavscode/netbeans/java/java.lsp.server/build/test/unit/work/o.n.m.j.l.s.p.S/cags new sourcePath: /Users/atalati/vscode-extension/main-repo/javavscode/netbeans/java/java.lsp.server/build/test/unit/work/o.n.m.j.l.s.p.S/cags
May 27, 2024 4:39:33 PM org.netbeans.modules.java.source.parsing.JavacParser init
WARNING: ClassPath identity changed for /Users/atalati/vscode-extension/main-repo/javavscode/netbeans/java/java.lsp.server/build/test/unit/work/o.n.m.j.l.s.p.S/saehc/Test.java@20b3203b:6a0e3571, class path owner: null original sourcePath: /Users/atalati/vscode-extension/main-repo/javavscode/netbeans/java/java.lsp.server/build/test/unit/work/o.n.m.j.l.s.p.S/saehc new sourcePath: /Users/atalati/vscode-extension/main-repo/javavscode/netbeans/java/java.lsp.server/build/test/unit/work/o.n.m.j.l.s.p.S/saehc
May 27, 2024 4:39:33 PM org.netbeans.modules.java.source.parsing.JavacParser init
WARNING: ClassPath identity changed for /Users/atalati/vscode-extension/main-repo/javavscode/netbeans/java/java.lsp.server/build/test/unit/work/o.n.m.j.l.s.p.S/caiaamiac/Test.java@5be81650:1700fcb8, class path owner: null original sourcePath: /Users/atalati/vscode-extension/main-repo/javavscode/netbeans/java/java.lsp.server/build/test/unit/work/o.n.m.j.l.s.p.S/caiaamiac new sourcePath: /Users/atalati/vscode-extension/main-repo/javavscode/netbeans/java/java.lsp.server/build/test/unit/work/o.n.m.j.l.s.p.S/caiaamiac
May 27, 2024 4:39:33 PM org.netbeans.modules.java.source.parsing.JavacParser init
WARNING: ClassPath identity changed for /Users/atalati/vscode-extension/main-repo/javavscode/netbeans/java/java.lsp.server/build/test/unit/work/o.n.m.j.l.s.p.S/ac/Test.java@7a0aa719:70ff6041, class path owner: /Users/atalati/vscode-extension/main-repo/javavscode/netbeans/java/java.lsp.server/build/test/unit/work/o.n.m.j.l.s.p.S/ac (class org.netbeans.modules.java.lsp.server.protocol.ServerTest$TestProjectFactory$4) original sourcePath: /Users/atalati/vscode-extension/main-repo/javavscode/netbeans/java/java.lsp.server/build/test/unit/work/o.n.m.j.l.s.p.S/ac new sourcePath: /Users/atalati/vscode-extension/main-repo/javavscode/netbeans/java/java.lsp.server/build/test/unit/work/o.n.m.j.l.s.p.S/ac
May 27, 2024 4:39:33 PM org.netbeans.modules.java.source.parsing.JavacParser init
WARNING: ClassPath identity changed for /Users/atalati/vscode-extension/main-repo/javavscode/netbeans/java/java.lsp.server/build/test/unit/work/o.n.m.j.l.s.p.S/saoi/Test.java@27dfd05f:3554d487, class path owner: null original sourcePath: /Users/atalati/vscode-extension/main-repo/javavscode/netbeans/java/java.lsp.server/build/test/unit/work/o.n.m.j.l.s.p.S/saoi new sourcePath: /Users/atalati/vscode-extension/main-repo/javavscode/netbeans/java/java.lsp.server/build/test/unit/work/o.n.m.j.l.s.p.S/saoi
May 27, 2024 4:39:33 PM org.netbeans.modules.java.source.parsing.JavacParser init
WARNING: ClassPath identity changed for /Users/atalati/vscode-extension/main-repo/javavscode/netbeans/java/java.lsp.server/build/test/unit/work/o.n.m.j.l.s.p.S/snuf/Test.java@b3e2f7c3:12294bf0, class path owner: null original sourcePath: /Users/atalati/vscode-extension/main-repo/javavscode/netbeans/java/java.lsp.server/build/test/unit/work/o.n.m.j.l.s.p.S/snuf new sourcePath: /Users/atalati/vscode-extension/main-repo/javavscode/netbeans/java/java.lsp.server/build/test/unit/work/o.n.m.j.l.s.p.S/snuf
May 27, 2024 4:39:33 PM org.netbeans.modules.java.source.parsing.JavacParser init
WARNING: ClassPath identity changed for /Users/atalati/vscode-extension/main-repo/javavscode/netbeans/java/java.lsp.server/build/test/unit/work/o.n.m.j.l.s.p.S/cagc/Test.java@4f15c5f1:3cfef554, class path owner: null original sourcePath: /Users/atalati/vscode-extension/main-repo/javavscode/netbeans/java/java.lsp.server/build/test/unit/work/o.n.m.j.l.s.p.S/cagc new sourcePath: /Users/atalati/vscode-extension/main-repo/javavscode/netbeans/java/java.lsp.server/build/test/unit/work/o.n.m.j.l.s.p.S/cagc
May 27, 2024 4:39:33 PM org.netbeans.modules.java.source.parsing.JavacParser init
WARNING: ClassPath identity changed for /Users/atalati/vscode-extension/main-repo/javavscode/netbeans/java/java.lsp.server/build/test/unit/work/o.n.m.j.l.s.p.S/gtsi/Test.java@63f576f8:171aea74, class path owner: null original sourcePath: /Users/atalati/vscode-extension/main-repo/javavscode/netbeans/java/java.lsp.server/build/test/unit/work/o.n.m.j.l.s.p.S/gtsi new sourcePath: /Users/atalati/vscode-extension/main-repo/javavscode/netbeans/java/java.lsp.server/build/test/unit/work/o.n.m.j.l.s.p.S/gtsi
May 27, 2024 4:39:33 PM org.netbeans.modules.parsing.impl.indexing.RepositoryUpdater$Work reportIndexingStart
INFO: Indexing started, time from last indexing 675 ms.
May 27, 2024 4:39:33 PM org.netbeans.modules.parsing.impl.indexing.RepositoryUpdater$RootsWork getDone
INFO: Resolving dependencies took: 1 ms
May 27, 2024 4:39:33 PM org.netbeans.modules.parsing.impl.indexing.RepositoryUpdater$AbstractRootsWork scanBinaries
INFO: Complete indexing of 0 binary roots took: 0 ms
May 27, 2024 4:39:33 PM org.netbeans.modules.java.source.parsing.JavacParser init
WARNING: ClassPath identity changed for /Users/atalati/vscode-extension/main-repo/javavscode/netbeans/java/java.lsp.server/build/test/unit/work/o.n.m.j.l.s.p.S/sw/Test.java@a666dfdb:3a882d20, class path owner: null original sourcePath: /Users/atalati/vscode-extension/main-repo/javavscode/netbeans/java/java.lsp.server/build/test/unit/work/o.n.m.j.l.s.p.S/sw new sourcePath: /Users/atalati/vscode-extension/main-repo/javavscode/netbeans/java/java.lsp.server/build/test/unit/work/o.n.m.j.l.s.p.S/sw
May 27, 2024 4:39:33 PM org.netbeans.modules.java.source.parsing.JavacParser init
WARNING: ClassPath identity changed for AbstractFileObject@30135ce8[java.base/java/lang/String.java], class path owner: null original sourcePath: jar:file:/Library/Java/JavaVirtualMachines/jdk-17.0.8.jdk/Contents/Home/lib/src.zip!/java.base/java/lang/ new sourcePath: jar:file:/Library/Java/JavaVirtualMachines/jdk-17.0.8.jdk/Contents/Home/lib/src.zip!/java.base/java/lang/
May 27, 2024 4:39:33 PM org.netbeans.modules.java.source.parsing.JavacParser init
WARNING: ClassPath identity changed for /Users/atalati/vscode-extension/main-repo/javavscode/netbeans/java/java.lsp.server/build/test/unit/work/o.n.m.j.l.s.p.S/m/Test.java@96357854:2cb18a69, class path owner: null original sourcePath: /Users/atalati/vscode-extension/main-repo/javavscode/netbeans/java/java.lsp.server/build/test/unit/work/o.n.m.j.l.s.p.S/m new sourcePath: /Users/atalati/vscode-extension/main-repo/javavscode/netbeans/java/java.lsp.server/build/test/unit/work/o.n.m.j.l.s.p.S/m
May 27, 2024 4:39:34 PM org.netbeans.modules.java.source.parsing.JavacParser init
WARNING: ClassPath identity changed for /Users/atalati/vscode-extension/main-repo/javavscode/netbeans/java/java.lsp.server/build/test/unit/work/o.n.m.j.l.s.p.S/dopl/Test2.java@f129f6b0:5cef8a46, class path owner: null original sourcePath: /Users/atalati/vscode-extension/main-repo/javavscode/netbeans/java/java.lsp.server/build/test/unit/work/o.n.m.j.l.s.p.S/dopl new sourcePath: /Users/atalati/vscode-extension/main-repo/javavscode/netbeans/java/java.lsp.server/build/test/unit/work/o.n.m.j.l.s.p.S/dopl
May 27, 2024 4:39:34 PM org.netbeans.modules.java.source.parsing.JavacParser init
WARNING: ClassPath identity changed for /Users/atalati/vscode-extension/main-repo/javavscode/netbeans/java/java.lsp.server/build/test/unit/work/o.n.m.j.l.s.p.S/dopl/Test3.java@f2fd2e51:bd3dc98, class path owner: null original sourcePath: /Users/atalati/vscode-extension/main-repo/javavscode/netbeans/java/java.lsp.server/build/test/unit/work/o.n.m.j.l.s.p.S/dopl new sourcePath: /Users/atalati/vscode-extension/main-repo/javavscode/netbeans/java/java.lsp.server/build/test/unit/work/o.n.m.j.l.s.p.S/dopl
May 27, 2024 4:39:34 PM org.netbeans.modules.parsing.impl.indexing.RepositoryUpdater$AbstractRootsWork scanSources
INFO: Indexing of: /Users/atalati/vscode-extension/main-repo/javavscode/netbeans/java/java.lsp.server/build/test/unit/work/o.n.m.j.l.s.p.S/cmp took: 328 ms (New or modified files: 3, Deleted files: 0) [Adding listeners took: 0 ms]
May 27, 2024 4:39:34 PM org.netbeans.modules.parsing.impl.indexing.RepositoryUpdater$AbstractRootsWork scanSources
INFO: Complete indexing of 1 source roots took: 328 ms (New or modified files: 3, Deleted files: 0) [Adding listeners took: 0 ms]
May 27, 2024 4:39:34 PM org.netbeans.modules.parsing.impl.indexing.RepositoryUpdater$Work reportIndexerStatistics
INFO: Indexing finished, indexing took 331 ms.
May 27, 2024 4:39:34 PM org.netbeans.modules.java.source.parsing.JavacParser init
WARNING: ClassPath identity changed for /Users/atalati/vscode-extension/main-repo/javavscode/netbeans/java/java.lsp.server/build/test/unit/work/o.n.m.j.l.s.p.S/fi/Test.java@1dfe0878:5f46da15, class path owner: /Users/atalati/vscode-extension/main-repo/javavscode/netbeans/java/java.lsp.server/build/test/unit/work/o.n.m.j.l.s.p.S/fi (class org.netbeans.modules.java.lsp.server.protocol.ServerTest$TestProjectFactory$4) original sourcePath: /Users/atalati/vscode-extension/main-repo/javavscode/netbeans/java/java.lsp.server/build/test/unit/work/o.n.m.j.l.s.p.S/fi new sourcePath: /Users/atalati/vscode-extension/main-repo/javavscode/netbeans/java/java.lsp.server/build/test/unit/work/o.n.m.j.l.s.p.S/fi
May 27, 2024 4:39:34 PM org.netbeans.modules.java.source.parsing.JavacParser init
WARNING: ClassPath identity changed for /Users/atalati/vscode-extension/main-repo/javavscode/netbeans/java/java.lsp.server/build/test/unit/work/o.n.m.j.l.s.p.S/rdccro/Test.java@c90373e4:73492c39, class path owner: /Users/atalati/vscode-extension/main-repo/javavscode/netbeans/java/java.lsp.server/build/test/unit/work/o.n.m.j.l.s.p.S/rdccro (class org.netbeans.modules.java.lsp.server.protocol.ServerTest$TestProjectFactory$4) original sourcePath: /Users/atalati/vscode-extension/main-repo/javavscode/netbeans/java/java.lsp.server/build/test/unit/work/o.n.m.j.l.s.p.S/rdccro new sourcePath: /Users/atalati/vscode-extension/main-repo/javavscode/netbeans/java/java.lsp.server/build/test/unit/work/o.n.m.j.l.s.p.S/rdccro
May 27, 2024 4:39:34 PM org.netbeans.modules.java.source.parsing.JavacParser init
WARNING: ClassPath identity changed for /Users/atalati/vscode-extension/main-repo/javavscode/netbeans/java/java.lsp.server/build/test/unit/work/o.n.m.j.l.s.p.S/rdccro/Test2.java@5cbe0648:1731dbb4, class path owner: /Users/atalati/vscode-extension/main-repo/javavscode/netbeans/java/java.lsp.server/build/test/unit/work/o.n.m.j.l.s.p.S/rdccro (class org.netbeans.modules.java.lsp.server.protocol.ServerTest$TestProjectFactory$4) original sourcePath: /Users/atalati/vscode-extension/main-repo/javavscode/netbeans/java/java.lsp.server/build/test/unit/work/o.n.m.j.l.s.p.S/rdccro new sourcePath: /Users/atalati/vscode-extension/main-repo/javavscode/netbeans/java/java.lsp.server/build/test/unit/work/o.n.m.j.l.s.p.S/rdccro
May 27, 2024 4:39:34 PM org.netbeans.modules.parsing.impl.indexing.RepositoryUpdater$Work reportIndexingStart
INFO: Indexing started, time from last indexing 182 ms.
May 27, 2024 4:39:34 PM org.netbeans.modules.java.source.parsing.JavacParser init
WARNING: ClassPath identity changed for /Users/atalati/vscode-extension/main-repo/javavscode/netbeans/java/java.lsp.server/build/test/unit/work/o.n.m.j.l.s.p.S/pd/b/Base.java@29379b1f:517cb654, class path owner: /Users/atalati/vscode-extension/main-repo/javavscode/netbeans/java/java.lsp.server/build/test/unit/work/o.n.m.j.l.s.p.S/pd (class org.netbeans.modules.java.lsp.server.protocol.ServerTest$TestProjectFactory$4) original sourcePath: /Users/atalati/vscode-extension/main-repo/javavscode/netbeans/java/java.lsp.server/build/test/unit/work/o.n.m.j.l.s.p.S/pd new sourcePath: /Users/atalati/vscode-extension/main-repo/javavscode/netbeans/java/java.lsp.server/build/test/unit/work/o.n.m.j.l.s.p.S/pd
May 27, 2024 4:39:34 PM org.netbeans.modules.java.source.parsing.JavacParser init
WARNING: ClassPath identity changed for /Users/atalati/vscode-extension/main-repo/javavscode/netbeans/java/java.lsp.server/build/test/unit/work/o.n.m.j.l.s.p.S/cags/Test.java@9d40e9e1:474ce2c3, class path owner: null original sourcePath: /Users/atalati/vscode-extension/main-repo/javavscode/netbeans/java/java.lsp.server/build/test/unit/work/o.n.m.j.l.s.p.S/cags new sourcePath: /Users/atalati/vscode-extension/main-repo/javavscode/netbeans/java/java.lsp.server/build/test/unit/work/o.n.m.j.l.s.p.S/cags
May 27, 2024 4:39:34 PM org.netbeans.modules.java.source.parsing.JavacParser init
WARNING: ClassPath identity changed for /Users/atalati/vscode-extension/main-repo/javavscode/netbeans/java/java.lsp.server/build/test/unit/work/o.n.m.j.l.s.p.S/saehc/Test.java@20b3203b:6a0e3571, class path owner: null original sourcePath: /Users/atalati/vscode-extension/main-repo/javavscode/netbeans/java/java.lsp.server/build/test/unit/work/o.n.m.j.l.s.p.S/saehc new sourcePath: /Users/atalati/vscode-extension/main-repo/javavscode/netbeans/java/java.lsp.server/build/test/unit/work/o.n.m.j.l.s.p.S/saehc
May 27, 2024 4:39:34 PM org.netbeans.modules.java.source.parsing.JavacParser init
WARNING: ClassPath identity changed for /Users/atalati/vscode-extension/main-repo/javavscode/netbeans/java/java.lsp.server/build/test/unit/work/o.n.m.j.l.s.p.S/caiaamiac/Test.java@5be81650:1700fcb8, class path owner: null original sourcePath: /Users/atalati/vscode-extension/main-repo/javavscode/netbeans/java/java.lsp.server/build/test/unit/work/o.n.m.j.l.s.p.S/caiaamiac new sourcePath: /Users/atalati/vscode-extension/main-repo/javavscode/netbeans/java/java.lsp.server/build/test/unit/work/o.n.m.j.l.s.p.S/caiaamiac
May 27, 2024 4:39:34 PM org.netbeans.modules.java.source.parsing.JavacParser init
WARNING: ClassPath identity changed for /Users/atalati/vscode-extension/main-repo/javavscode/netbeans/java/java.lsp.server/build/test/unit/work/o.n.m.j.l.s.p.S/ac/Test.java@7a0aa719:70ff6041, class path owner: /Users/atalati/vscode-extension/main-repo/javavscode/netbeans/java/java.lsp.server/build/test/unit/work/o.n.m.j.l.s.p.S/ac (class org.netbeans.modules.java.lsp.server.protocol.ServerTest$TestProjectFactory$4) original sourcePath: /Users/atalati/vscode-extension/main-repo/javavscode/netbeans/java/java.lsp.server/build/test/unit/work/o.n.m.j.l.s.p.S/ac new sourcePath: /Users/atalati/vscode-extension/main-repo/javavscode/netbeans/java/java.lsp.server/build/test/unit/work/o.n.m.j.l.s.p.S/ac
May 27, 2024 4:39:34 PM org.netbeans.modules.java.source.parsing.JavacParser init
WARNING: ClassPath identity changed for /Users/atalati/vscode-extension/main-repo/javavscode/netbeans/java/java.lsp.server/build/test/unit/work/o.n.m.j.l.s.p.S/saoi/Test.java@27dfd05f:3554d487, class path owner: null original sourcePath: /Users/atalati/vscode-extension/main-repo/javavscode/netbeans/java/java.lsp.server/build/test/unit/work/o.n.m.j.l.s.p.S/saoi new sourcePath: /Users/atalati/vscode-extension/main-repo/javavscode/netbeans/java/java.lsp.server/build/test/unit/work/o.n.m.j.l.s.p.S/saoi
May 27, 2024 4:39:34 PM org.netbeans.modules.java.source.parsing.JavacParser init
WARNING: ClassPath identity changed for /Users/atalati/vscode-extension/main-repo/javavscode/netbeans/java/java.lsp.server/build/test/unit/work/o.n.m.j.l.s.p.S/snuf/Test.java@b3e2f7c3:12294bf0, class path owner: null original sourcePath: /Users/atalati/vscode-extension/main-repo/javavscode/netbeans/java/java.lsp.server/build/test/unit/work/o.n.m.j.l.s.p.S/snuf new sourcePath: /Users/atalati/vscode-extension/main-repo/javavscode/netbeans/java/java.lsp.server/build/test/unit/work/o.n.m.j.l.s.p.S/snuf
May 27, 2024 4:39:34 PM org.netbeans.modules.java.source.indexing.JavaCustomIndexer index
WARNING: Ignoring root with no ClassPath: /Users/atalati/vscode-extension/main-repo/javavscode/netbeans/java/java.lsp.server/build/test/unit/work/o.n.m.j.l.s.p.S/saehc
May 27, 2024 4:39:34 PM org.netbeans.modules.java.source.parsing.JavacParser init
WARNING: ClassPath identity changed for /Users/atalati/vscode-extension/main-repo/javavscode/netbeans/java/java.lsp.server/build/test/unit/work/o.n.m.j.l.s.p.S/cagc/Test.java@4f15c5f1:3cfef554, class path owner: null original sourcePath: /Users/atalati/vscode-extension/main-repo/javavscode/netbeans/java/java.lsp.server/build/test/unit/work/o.n.m.j.l.s.p.S/cagc new sourcePath: /Users/atalati/vscode-extension/main-repo/javavscode/netbeans/java/java.lsp.server/build/test/unit/work/o.n.m.j.l.s.p.S/cagc
May 27, 2024 4:39:34 PM org.netbeans.modules.java.source.parsing.JavacParser init
WARNING: ClassPath identity changed for /Users/atalati/vscode-extension/main-repo/javavscode/netbeans/java/java.lsp.server/build/test/unit/work/o.n.m.j.l.s.p.S/gtsi/Test.java@63f576f8:171aea74, class path owner: null original sourcePath: /Users/atalati/vscode-extension/main-repo/javavscode/netbeans/java/java.lsp.server/build/test/unit/work/o.n.m.j.l.s.p.S/gtsi new sourcePath: /Users/atalati/vscode-extension/main-repo/javavscode/netbeans/java/java.lsp.server/build/test/unit/work/o.n.m.j.l.s.p.S/gtsi
May 27, 2024 4:39:34 PM org.netbeans.modules.java.source.parsing.JavacParser init
WARNING: ClassPath identity changed for /Users/atalati/vscode-extension/main-repo/javavscode/netbeans/java/java.lsp.server/build/test/unit/work/o.n.m.j.l.s.p.S/sw/Test.java@a666dfdb:3a882d20, class path owner: null original sourcePath: /Users/atalati/vscode-extension/main-repo/javavscode/netbeans/java/java.lsp.server/build/test/unit/work/o.n.m.j.l.s.p.S/sw new sourcePath: /Users/atalati/vscode-extension/main-repo/javavscode/netbeans/java/java.lsp.server/build/test/unit/work/o.n.m.j.l.s.p.S/sw
May 27, 2024 4:39:34 PM org.netbeans.modules.parsing.impl.indexing.RepositoryUpdater$Work reportIndexerStatistics
INFO: Indexing finished, indexing took 427 ms.
May 27, 2024 4:39:34 PM org.netbeans.modules.parsing.impl.indexing.RepositoryUpdater$Work reportIndexingStart
INFO: Indexing started, time from last indexing 0 ms.
May 27, 2024 4:39:34 PM org.netbeans.modules.java.source.parsing.JavacParser init
WARNING: ClassPath identity changed for AbstractFileObject@30135ce8[java.base/java/lang/String.java], class path owner: null original sourcePath: jar:file:/Library/Java/JavaVirtualMachines/jdk-17.0.8.jdk/Contents/Home/lib/src.zip!/java.base/java/lang/ new sourcePath: jar:file:/Library/Java/JavaVirtualMachines/jdk-17.0.8.jdk/Contents/Home/lib/src.zip!/java.base/java/lang/
May 27, 2024 4:39:34 PM org.netbeans.modules.java.source.parsing.JavacParser init
WARNING: ClassPath identity changed for /Users/atalati/vscode-extension/main-repo/javavscode/netbeans/java/java.lsp.server/build/test/unit/work/o.n.m.j.l.s.p.S/m/Test.java@96357854:2cb18a69, class path owner: null original sourcePath: /Users/atalati/vscode-extension/main-repo/javavscode/netbeans/java/java.lsp.server/build/test/unit/work/o.n.m.j.l.s.p.S/m new sourcePath: /Users/atalati/vscode-extension/main-repo/javavscode/netbeans/java/java.lsp.server/build/test/unit/work/o.n.m.j.l.s.p.S/m
May 27, 2024 4:39:34 PM org.netbeans.modules.java.source.indexing.JavaCustomIndexer index
WARNING: Ignoring root with no ClassPath: /Users/atalati/vscode-extension/main-repo/javavscode/netbeans/java/java.lsp.server/build/test/unit/work/o.n.m.j.l.s.p.S/sh
May 27, 2024 4:39:34 PM org.netbeans.modules.java.source.parsing.JavacParser init
WARNING: ClassPath identity changed for /Users/atalati/vscode-extension/main-repo/javavscode/netbeans/java/java.lsp.server/build/test/unit/work/o.n.m.j.l.s.p.S/dopl/Test2.java@f129f6b0:5cef8a46, class path owner: null original sourcePath: /Users/atalati/vscode-extension/main-repo/javavscode/netbeans/java/java.lsp.server/build/test/unit/work/o.n.m.j.l.s.p.S/dopl new sourcePath: /Users/atalati/vscode-extension/main-repo/javavscode/netbeans/java/java.lsp.server/build/test/unit/work/o.n.m.j.l.s.p.S/dopl
May 27, 2024 4:39:34 PM org.netbeans.modules.java.source.parsing.JavacParser init
WARNING: ClassPath identity changed for /Users/atalati/vscode-extension/main-repo/javavscode/netbeans/java/java.lsp.server/build/test/unit/work/o.n.m.j.l.s.p.S/dopl/Test3.java@f2fd2e51:bd3dc98, class path owner: null original sourcePath: /Users/atalati/vscode-extension/main-repo/javavscode/netbeans/java/java.lsp.server/build/test/unit/work/o.n.m.j.l.s.p.S/dopl new sourcePath: /Users/atalati/vscode-extension/main-repo/javavscode/netbeans/java/java.lsp.server/build/test/unit/work/o.n.m.j.l.s.p.S/dopl
May 27, 2024 4:39:34 PM org.netbeans.modules.parsing.impl.indexing.RepositoryUpdater$Work reportIndexerStatistics
INFO: Indexing finished, indexing took 263 ms.
May 27, 2024 4:39:34 PM org.netbeans.modules.parsing.impl.indexing.RepositoryUpdater$Work reportIndexingStart
INFO: Indexing started, time from last indexing 0 ms.
May 27, 2024 4:39:34 PM org.netbeans.modules.java.source.indexing.JavaCustomIndexer index
WARNING: Ignoring root with no ClassPath: /Users/atalati/vscode-extension/main-repo/javavscode/netbeans/java/java.lsp.server/build/test/unit/work/o.n.m.j.l.s.p.S/sags
May 27, 2024 4:39:34 PM org.netbeans.modules.java.source.parsing.JavacParser init
WARNING: ClassPath identity changed for /Users/atalati/vscode-extension/main-repo/javavscode/netbeans/java/java.lsp.server/build/test/unit/work/o.n.m.j.l.s.p.S/sags/Test.java@bb3c03f1:38e6b70b, class path owner: null original sourcePath: /Users/atalati/vscode-extension/main-repo/javavscode/netbeans/java/java.lsp.server/build/test/unit/work/o.n.m.j.l.s.p.S/sags new sourcePath: /Users/atalati/vscode-extension/main-repo/javavscode/netbeans/java/java.lsp.server/build/test/unit/work/o.n.m.j.l.s.p.S/sags
May 27, 2024 4:39:34 PM org.netbeans.modules.parsing.impl.indexing.RepositoryUpdater$Work reportIndexerStatistics
INFO: Indexing finished, indexing took 17 ms.
May 27, 2024 4:39:34 PM org.netbeans.modules.parsing.impl.indexing.RepositoryUpdater$Work reportIndexingStart
INFO: Indexing started, time from last indexing 1 ms.
May 27, 2024 4:39:34 PM org.netbeans.modules.java.source.indexing.JavaCustomIndexer index
WARNING: Ignoring root with no ClassPath: /Users/atalati/vscode-extension/main-repo/javavscode/netbeans/java/java.lsp.server/build/test/unit/work/o.n.m.j.l.s.p.S/neahf
May 27, 2024 4:39:34 PM org.netbeans.modules.parsing.impl.indexing.RepositoryUpdater$Work reportIndexerStatistics
INFO: Indexing finished, indexing took 18 ms.
May 27, 2024 4:39:34 PM org.netbeans.modules.parsing.impl.indexing.RepositoryUpdater$Work reportIndexingStart
INFO: Indexing started, time from last indexing 0 ms.
May 27, 2024 4:39:34 PM org.netbeans.modules.java.source.indexing.JavaCustomIndexer index
WARNING: Ignoring root with no ClassPath: /Users/atalati/vscode-extension/main-repo/javavscode/netbeans/java/java.lsp.server/build/test/unit/work/o.n.m.j.l.s.p.S/sats
May 27, 2024 4:39:34 PM org.netbeans.modules.java.source.parsing.JavacParser init
WARNING: ClassPath identity changed for /Users/atalati/vscode-extension/main-repo/javavscode/netbeans/java/java.lsp.server/build/test/unit/work/o.n.m.j.l.s.p.S/sats/Test.java@1f26e9a2:3430d24, class path owner: null original sourcePath: /Users/atalati/vscode-extension/main-repo/javavscode/netbeans/java/java.lsp.server/build/test/unit/work/o.n.m.j.l.s.p.S/sats new sourcePath: /Users/atalati/vscode-extension/main-repo/javavscode/netbeans/java/java.lsp.server/build/test/unit/work/o.n.m.j.l.s.p.S/sats
May 27, 2024 4:39:34 PM org.netbeans.modules.parsing.impl.indexing.RepositoryUpdater$Work reportIndexerStatistics
INFO: Indexing finished, indexing took 16 ms.
May 27, 2024 4:39:34 PM org.netbeans.modules.parsing.impl.indexing.RepositoryUpdater$Work reportIndexingStart
INFO: Indexing started, time from last indexing 0 ms.
May 27, 2024 4:39:34 PM org.netbeans.modules.java.source.indexing.JavaCustomIndexer index
WARNING: Ignoring root with no ClassPath: /Users/atalati/vscode-extension/main-repo/javavscode/netbeans/java/java.lsp.server/build/test/unit/work/o.n.m.j.l.s.p.S/h
May 27, 2024 4:39:34 PM org.netbeans.modules.parsing.impl.indexing.RepositoryUpdater$Work reportIndexerStatistics
INFO: Indexing finished, indexing took 18 ms.
May 27, 2024 4:39:34 PM org.netbeans.modules.parsing.impl.indexing.RepositoryUpdater$Work reportIndexingStart
INFO: Indexing started, time from last indexing 0 ms.
May 27, 2024 4:39:34 PM org.netbeans.modules.java.source.indexing.JavaCustomIndexer index
WARNING: Ignoring root with no ClassPath: /Users/atalati/vscode-extension/main-repo/javavscode/netbeans/java/java.lsp.server/build/test/unit/work/o.n.m.j.l.s.p.S/gtsi
May 27, 2024 4:39:34 PM org.netbeans.modules.parsing.impl.indexing.RepositoryUpdater$Work reportIndexerStatistics
INFO: Indexing finished, indexing took 19 ms.
May 27, 2024 4:39:34 PM org.netbeans.modules.parsing.impl.indexing.RepositoryUpdater$Work reportIndexingStart
INFO: Indexing started, time from last indexing 0 ms.
May 27, 2024 4:39:35 PM org.netbeans.modules.java.source.indexing.JavaCustomIndexer index
WARNING: Ignoring root with no ClassPath: /Users/atalati/vscode-extension/main-repo/javavscode/netbeans/java/java.lsp.server/build/test/unit/work/o.n.m.j.l.s.p.S/m
May 27, 2024 4:39:35 PM org.netbeans.modules.java.source.parsing.JavacParser init
WARNING: ClassPath identity changed for /Users/atalati/vscode-extension/main-repo/javavscode/netbeans/java/java.lsp.server/build/test/unit/work/o.n.m.j.l.s.p.S/m/Test.java@96357854:2cb18a69, class path owner: null original sourcePath: /Users/atalati/vscode-extension/main-repo/javavscode/netbeans/java/java.lsp.server/build/test/unit/work/o.n.m.j.l.s.p.S/m new sourcePath: /Users/atalati/vscode-extension/main-repo/javavscode/netbeans/java/java.lsp.server/build/test/unit/work/o.n.m.j.l.s.p.S/m
May 27, 2024 4:39:35 PM org.netbeans.modules.parsing.impl.indexing.RepositoryUpdater$Work reportIndexerStatistics
INFO: Indexing finished, indexing took 18 ms.
May 27, 2024 4:39:35 PM org.netbeans.modules.parsing.impl.indexing.RepositoryUpdater$Work reportIndexingStart
INFO: Indexing started, time from last indexing 0 ms.
May 27, 2024 4:39:35 PM org.netbeans.modules.java.source.indexing.JavaCustomIndexer index
WARNING: Ignoring root with no ClassPath: /Users/atalati/vscode-extension/main-repo/javavscode/netbeans/java/java.lsp.server/build/test/unit/work/o.n.m.j.l.s.p.S/caiaamie
May 27, 2024 4:39:35 PM org.netbeans.modules.java.source.parsing.JavacParser init
WARNING: ClassPath identity changed for /Users/atalati/vscode-extension/main-repo/javavscode/netbeans/java/java.lsp.server/build/test/unit/work/o.n.m.j.l.s.p.S/caiaamie/Test.java@5976eef5:76990e1e, class path owner: null original sourcePath: /Users/atalati/vscode-extension/main-repo/javavscode/netbeans/java/java.lsp.server/build/test/unit/work/o.n.m.j.l.s.p.S/caiaamie new sourcePath: /Users/atalati/vscode-extension/main-repo/javavscode/netbeans/java/java.lsp.server/build/test/unit/work/o.n.m.j.l.s.p.S/caiaamie
May 27, 2024 4:39:35 PM org.netbeans.modules.parsing.impl.indexing.RepositoryUpdater$Work reportIndexerStatistics
INFO: Indexing finished, indexing took 16 ms.
May 27, 2024 4:39:35 PM org.netbeans.modules.parsing.impl.indexing.RepositoryUpdater$Work reportIndexingStart
INFO: Indexing started, time from last indexing 0 ms.
May 27, 2024 4:39:35 PM org.netbeans.modules.java.source.indexing.JavaCustomIndexer index
WARNING: Ignoring root with no ClassPath: /Users/atalati/vscode-extension/main-repo/javavscode/netbeans/java/java.lsp.server/build/test/unit/work/o.n.m.j.l.s.p.S/sh-1
May 27, 2024 4:39:35 PM org.netbeans.modules.parsing.impl.indexing.RepositoryUpdater$Work reportIndexerStatistics
INFO: Indexing finished, indexing took 16 ms.
May 27, 2024 4:39:35 PM org.netbeans.modules.parsing.impl.indexing.RepositoryUpdater$Work reportIndexingStart
INFO: Indexing started, time from last indexing 0 ms.
May 27, 2024 4:39:35 PM org.netbeans.modules.java.source.indexing.JavaCustomIndexer index
WARNING: Ignoring root with no ClassPath: /Users/atalati/vscode-extension/main-repo/javavscode/netbeans/java/java.lsp.server/build/test/unit/work/o.n.m.j.l.s.p.S/sal
May 27, 2024 4:39:35 PM org.netbeans.modules.parsing.impl.indexing.RepositoryUpdater$Work reportIndexerStatistics
INFO: Indexing finished, indexing took 36 ms.
May 27, 2024 4:39:35 PM org.netbeans.modules.project.ui.OpenProjectList log
INFO: USG_PROJECT_CLOSE
Creating a client for testcase: testMarkOccurrences
May 27, 2024 4:39:35 PM org.netbeans.modules.java.lsp.server.protocol.Server$LanguageServerImpl lambda$asyncOpenSelectedProjects1$9
INFO: 0 projects opened in 1ms
Creating a client for testcase: testSignatureHelp
May 27, 2024 4:39:35 PM org.netbeans.modules.java.lsp.server.protocol.Server$LanguageServerImpl lambda$asyncOpenSelectedProjects1$9
INFO: 0 projects opened in 0ms
Creating a client for testcase: testGoToTypeDefinition
May 27, 2024 4:39:35 PM org.netbeans.modules.project.ui.OpenProjectList log
INFO: USG_PROJECT_OPEN
May 27, 2024 4:39:35 PM org.netbeans.modules.java.lsp.server.protocol.Server$LanguageServerImpl lambda$asyncOpenSelectedProjects1$9
INFO: 1 projects opened in 1ms
May 27, 2024 4:39:35 PM org.netbeans.modules.java.source.parsing.JavacParser init
WARNING: ClassPath identity changed for AbstractFileObject@30135ce8[java.base/java/lang/String.java], class path owner: null original sourcePath: jar:file:/Library/Java/JavaVirtualMachines/jdk-17.0.8.jdk/Contents/Home/lib/src.zip!/java.base/java/lang/ new sourcePath: jar:file:/Library/Java/JavaVirtualMachines/jdk-17.0.8.jdk/Contents/Home/lib/src.zip!/java.base/java/lang/
May 27, 2024 4:39:35 PM org.netbeans.modules.java.source.parsing.JavacParser init
WARNING: ClassPath identity changed for /Users/atalati/vscode-extension/main-repo/javavscode/netbeans/java/java.lsp.server/build/test/unit/work/o.n.m.j.l.s.p.S/pd/b/Base.java@29379b1f:517cb654, class path owner: /Users/atalati/vscode-extension/main-repo/javavscode/netbeans/java/java.lsp.server/build/test/unit/work/o.n.m.j.l.s.p.S/pd (class org.netbeans.modules.java.lsp.server.protocol.ServerTest$TestProjectFactory$4) original sourcePath: /Users/atalati/vscode-extension/main-repo/javavscode/netbeans/java/java.lsp.server/build/test/unit/work/o.n.m.j.l.s.p.S/pd new sourcePath: /Users/atalati/vscode-extension/main-repo/javavscode/netbeans/java/java.lsp.server/build/test/unit/work/o.n.m.j.l.s.p.S/pd
May 27, 2024 4:39:35 PM org.netbeans.modules.java.source.parsing.JavacParser init
WARNING: ClassPath identity changed for /Users/atalati/vscode-extension/main-repo/javavscode/netbeans/java/java.lsp.server/build/test/unit/work/o.n.m.j.l.s.p.S/fi/Test.java@1dfe0878:5f46da15, class path owner: /Users/atalati/vscode-extension/main-repo/javavscode/netbeans/java/java.lsp.server/build/test/unit/work/o.n.m.j.l.s.p.S/fi (class org.netbeans.modules.java.lsp.server.protocol.ServerTest$TestProjectFactory$4) original sourcePath: /Users/atalati/vscode-extension/main-repo/javavscode/netbeans/java/java.lsp.server/build/test/unit/work/o.n.m.j.l.s.p.S/fi new sourcePath: /Users/atalati/vscode-extension/main-repo/javavscode/netbeans/java/java.lsp.server/build/test/unit/work/o.n.m.j.l.s.p.S/fi
May 27, 2024 4:39:35 PM org.netbeans.modules.java.source.parsing.JavacParser init
WARNING: ClassPath identity changed for /Users/atalati/vscode-extension/main-repo/javavscode/netbeans/java/java.lsp.server/build/test/unit/work/o.n.m.j.l.s.p.S/cags/Test.java@9d40e9e1:474ce2c3, class path owner: null original sourcePath: /Users/atalati/vscode-extension/main-repo/javavscode/netbeans/java/java.lsp.server/build/test/unit/work/o.n.m.j.l.s.p.S/cags new sourcePath: /Users/atalati/vscode-extension/main-repo/javavscode/netbeans/java/java.lsp.server/build/test/unit/work/o.n.m.j.l.s.p.S/cags
May 27, 2024 4:39:35 PM org.netbeans.modules.java.source.parsing.JavacParser init
WARNING: ClassPath identity changed for /Users/atalati/vscode-extension/main-repo/javavscode/netbeans/java/java.lsp.server/build/test/unit/work/o.n.m.j.l.s.p.S/ac/Test.java@7a0aa719:70ff6041, class path owner: /Users/atalati/vscode-extension/main-repo/javavscode/netbeans/java/java.lsp.server/build/test/unit/work/o.n.m.j.l.s.p.S/ac (class org.netbeans.modules.java.lsp.server.protocol.ServerTest$TestProjectFactory$4) original sourcePath: /Users/atalati/vscode-extension/main-repo/javavscode/netbeans/java/java.lsp.server/build/test/unit/work/o.n.m.j.l.s.p.S/ac new sourcePath: /Users/atalati/vscode-extension/main-repo/javavscode/netbeans/java/java.lsp.server/build/test/unit/work/o.n.m.j.l.s.p.S/ac
May 27, 2024 4:39:35 PM org.netbeans.modules.java.source.parsing.JavacParser init
WARNING: ClassPath identity changed for /Users/atalati/vscode-extension/main-repo/javavscode/netbeans/java/java.lsp.server/build/test/unit/work/o.n.m.j.l.s.p.S/cagc/Test.java@4f15c5f1:3cfef554, class path owner: null original sourcePath: /Users/atalati/vscode-extension/main-repo/javavscode/netbeans/java/java.lsp.server/build/test/unit/work/o.n.m.j.l.s.p.S/cagc new sourcePath: /Users/atalati/vscode-extension/main-repo/javavscode/netbeans/java/java.lsp.server/build/test/unit/work/o.n.m.j.l.s.p.S/cagc
May 27, 2024 4:39:35 PM org.netbeans.modules.java.source.parsing.JavacParser init
WARNING: ClassPath identity changed for /Users/atalati/vscode-extension/main-repo/javavscode/netbeans/java/java.lsp.server/build/test/unit/work/o.n.m.j.l.s.p.S/gtsi/Test.java@63f576f8:171aea74, class path owner: null original sourcePath: /Users/atalati/vscode-extension/main-repo/javavscode/netbeans/java/java.lsp.server/build/test/unit/work/o.n.m.j.l.s.p.S/gtsi new sourcePath: /Users/atalati/vscode-extension/main-repo/javavscode/netbeans/java/java.lsp.server/build/test/unit/work/o.n.m.j.l.s.p.S/gtsi
May 27, 2024 4:39:35 PM org.netbeans.modules.java.source.parsing.JavacParser init
WARNING: ClassPath identity changed for /Users/atalati/vscode-extension/main-repo/javavscode/netbeans/java/java.lsp.server/build/test/unit/work/o.n.m.j.l.s.p.S/dopl/Test2.java@f129f6b0:5cef8a46, class path owner: null original sourcePath: /Users/atalati/vscode-extension/main-repo/javavscode/netbeans/java/java.lsp.server/build/test/unit/work/o.n.m.j.l.s.p.S/dopl new sourcePath: /Users/atalati/vscode-extension/main-repo/javavscode/netbeans/java/java.lsp.server/build/test/unit/work/o.n.m.j.l.s.p.S/dopl
May 27, 2024 4:39:35 PM org.netbeans.modules.java.source.parsing.JavacParser init
WARNING: ClassPath identity changed for /Users/atalati/vscode-extension/main-repo/javavscode/netbeans/java/java.lsp.server/build/test/unit/work/o.n.m.j.l.s.p.S/dopl/Test3.java@f2fd2e51:bd3dc98, class path owner: null original sourcePath: /Users/atalati/vscode-extension/main-repo/javavscode/netbeans/java/java.lsp.server/build/test/unit/work/o.n.m.j.l.s.p.S/dopl new sourcePath: /Users/atalati/vscode-extension/main-repo/javavscode/netbeans/java/java.lsp.server/build/test/unit/work/o.n.m.j.l.s.p.S/dopl
May 27, 2024 4:39:35 PM org.netbeans.modules.java.source.parsing.JavacParser init
WARNING: ClassPath identity changed for /Users/atalati/vscode-extension/main-repo/javavscode/netbeans/java/java.lsp.server/build/test/unit/work/o.n.m.j.l.s.p.S/dopl/Test.java@bd4a9bbc:d189352, class path owner: null original sourcePath: /Users/atalati/vscode-extension/main-repo/javavscode/netbeans/java/java.lsp.server/build/test/unit/work/o.n.m.j.l.s.p.S/dopl new sourcePath: /Users/atalati/vscode-extension/main-repo/javavscode/netbeans/java/java.lsp.server/build/test/unit/work/o.n.m.j.l.s.p.S/dopl
May 27, 2024 4:39:35 PM org.netbeans.modules.java.source.parsing.JavacParser init
WARNING: ClassPath identity changed for /Users/atalati/vscode-extension/main-repo/javavscode/netbeans/java/java.lsp.server/build/test/unit/work/o.n.m.j.l.s.p.S/sal/Test.java@6263ac27:69d77bd9, class path owner: null original sourcePath: /Users/atalati/vscode-extension/main-repo/javavscode/netbeans/java/java.lsp.server/build/test/unit/work/o.n.m.j.l.s.p.S/sal new sourcePath: /Users/atalati/vscode-extension/main-repo/javavscode/netbeans/java/java.lsp.server/build/test/unit/work/o.n.m.j.l.s.p.S/sal
May 27, 2024 4:39:35 PM org.netbeans.modules.java.source.parsing.JavacParser init
WARNING: ClassPath identity changed for /Users/atalati/vscode-extension/main-repo/javavscode/netbeans/java/java.lsp.server/build/test/unit/work/o.n.m.j.l.s.p.S/rdccro/Test.java@c90373e4:73492c39, class path owner: /Users/atalati/vscode-extension/main-repo/javavscode/netbeans/java/java.lsp.server/build/test/unit/work/o.n.m.j.l.s.p.S/rdccro (class org.netbeans.modules.java.lsp.server.protocol.ServerTest$TestProjectFactory$4) original sourcePath: /Users/atalati/vscode-extension/main-repo/javavscode/netbeans/java/java.lsp.server/build/test/unit/work/o.n.m.j.l.s.p.S/rdccro new sourcePath: /Users/atalati/vscode-extension/main-repo/javavscode/netbeans/java/java.lsp.server/build/test/unit/work/o.n.m.j.l.s.p.S/rdccro
May 27, 2024 4:39:35 PM org.netbeans.modules.java.source.parsing.JavacParser init
WARNING: ClassPath identity changed for /Users/atalati/vscode-extension/main-repo/javavscode/netbeans/java/java.lsp.server/build/test/unit/work/o.n.m.j.l.s.p.S/rdccro/Test2.java@5cbe0648:1731dbb4, class path owner: /Users/atalati/vscode-extension/main-repo/javavscode/netbeans/java/java.lsp.server/build/test/unit/work/o.n.m.j.l.s.p.S/rdccro (class org.netbeans.modules.java.lsp.server.protocol.ServerTest$TestProjectFactory$4) original sourcePath: /Users/atalati/vscode-extension/main-repo/javavscode/netbeans/java/java.lsp.server/build/test/unit/work/o.n.m.j.l.s.p.S/rdccro new sourcePath: /Users/atalati/vscode-extension/main-repo/javavscode/netbeans/java/java.lsp.server/build/test/unit/work/o.n.m.j.l.s.p.S/rdccro
May 27, 2024 4:39:35 PM org.netbeans.modules.java.source.parsing.JavacParser init
WARNING: ClassPath identity changed for /Users/atalati/vscode-extension/main-repo/javavscode/netbeans/java/java.lsp.server/build/test/unit/work/o.n.m.j.l.s.p.S/saehc/Test.java@20b3203b:6a0e3571, class path owner: null original sourcePath: /Users/atalati/vscode-extension/main-repo/javavscode/netbeans/java/java.lsp.server/build/test/unit/work/o.n.m.j.l.s.p.S/saehc new sourcePath: /Users/atalati/vscode-extension/main-repo/javavscode/netbeans/java/java.lsp.server/build/test/unit/work/o.n.m.j.l.s.p.S/saehc
May 27, 2024 4:39:35 PM org.netbeans.modules.java.source.parsing.JavacParser init
WARNING: ClassPath identity changed for /Users/atalati/vscode-extension/main-repo/javavscode/netbeans/java/java.lsp.server/build/test/unit/work/o.n.m.j.l.s.p.S/caiaamiac/Test.java@5be81650:1700fcb8, class path owner: null original sourcePath: /Users/atalati/vscode-extension/main-repo/javavscode/netbeans/java/java.lsp.server/build/test/unit/work/o.n.m.j.l.s.p.S/caiaamiac new sourcePath: /Users/atalati/vscode-extension/main-repo/javavscode/netbeans/java/java.lsp.server/build/test/unit/work/o.n.m.j.l.s.p.S/caiaamiac
May 27, 2024 4:39:35 PM org.netbeans.modules.java.source.parsing.JavacParser init
WARNING: ClassPath identity changed for /Users/atalati/vscode-extension/main-repo/javavscode/netbeans/java/java.lsp.server/build/test/unit/work/o.n.m.j.l.s.p.S/snuf/Test.java@b3e2f7c3:12294bf0, class path owner: null original sourcePath: /Users/atalati/vscode-extension/main-repo/javavscode/netbeans/java/java.lsp.server/build/test/unit/work/o.n.m.j.l.s.p.S/snuf new sourcePath: /Users/atalati/vscode-extension/main-repo/javavscode/netbeans/java/java.lsp.server/build/test/unit/work/o.n.m.j.l.s.p.S/snuf
May 27, 2024 4:39:35 PM org.netbeans.modules.java.source.parsing.JavacParser init
WARNING: ClassPath identity changed for /Users/atalati/vscode-extension/main-repo/javavscode/netbeans/java/java.lsp.server/build/test/unit/work/o.n.m.j.l.s.p.S/saoi/Test.java@27dfd05f:3554d487, class path owner: null original sourcePath: /Users/atalati/vscode-extension/main-repo/javavscode/netbeans/java/java.lsp.server/build/test/unit/work/o.n.m.j.l.s.p.S/saoi new sourcePath: /Users/atalati/vscode-extension/main-repo/javavscode/netbeans/java/java.lsp.server/build/test/unit/work/o.n.m.j.l.s.p.S/saoi
May 27, 2024 4:39:35 PM org.netbeans.modules.java.source.parsing.JavacParser init
WARNING: ClassPath identity changed for /Users/atalati/vscode-extension/main-repo/javavscode/netbeans/java/java.lsp.server/build/test/unit/work/o.n.m.j.l.s.p.S/sw/Test.java@a666dfdb:3a882d20, class path owner: null original sourcePath: /Users/atalati/vscode-extension/main-repo/javavscode/netbeans/java/java.lsp.server/build/test/unit/work/o.n.m.j.l.s.p.S/sw new sourcePath: /Users/atalati/vscode-extension/main-repo/javavscode/netbeans/java/java.lsp.server/build/test/unit/work/o.n.m.j.l.s.p.S/sw
May 27, 2024 4:39:35 PM org.netbeans.modules.java.source.parsing.JavacParser init
WARNING: ClassPath identity changed for /Users/atalati/vscode-extension/main-repo/javavscode/netbeans/java/java.lsp.server/build/test/unit/work/o.n.m.j.l.s.p.S/sats/Test.java@1f26e9a2:3430d24, class path owner: null original sourcePath: /Users/atalati/vscode-extension/main-repo/javavscode/netbeans/java/java.lsp.server/build/test/unit/work/o.n.m.j.l.s.p.S/sats new sourcePath: /Users/atalati/vscode-extension/main-repo/javavscode/netbeans/java/java.lsp.server/build/test/unit/work/o.n.m.j.l.s.p.S/sats
May 27, 2024 4:39:35 PM org.netbeans.modules.java.source.parsing.JavacParser init
WARNING: ClassPath identity changed for /Users/atalati/vscode-extension/main-repo/javavscode/netbeans/java/java.lsp.server/build/test/unit/work/o.n.m.j.l.s.p.S/m/Test.java@96357854:2cb18a69, class path owner: null original sourcePath: /Users/atalati/vscode-extension/main-repo/javavscode/netbeans/java/java.lsp.server/build/test/unit/work/o.n.m.j.l.s.p.S/m new sourcePath: /Users/atalati/vscode-extension/main-repo/javavscode/netbeans/java/java.lsp.server/build/test/unit/work/o.n.m.j.l.s.p.S/m
May 27, 2024 4:39:35 PM org.netbeans.modules.java.source.parsing.JavacParser init
WARNING: ClassPath identity changed for /Users/atalati/vscode-extension/main-repo/javavscode/netbeans/java/java.lsp.server/build/test/unit/work/o.n.m.j.l.s.p.S/caiaamie/Test.java@5976eef5:76990e1e, class path owner: null original sourcePath: /Users/atalati/vscode-extension/main-repo/javavscode/netbeans/java/java.lsp.server/build/test/unit/work/o.n.m.j.l.s.p.S/caiaamie new sourcePath: /Users/atalati/vscode-extension/main-repo/javavscode/netbeans/java/java.lsp.server/build/test/unit/work/o.n.m.j.l.s.p.S/caiaamie
May 27, 2024 4:39:35 PM org.netbeans.modules.java.source.parsing.JavacParser init
WARNING: ClassPath identity changed for /Users/atalati/vscode-extension/main-repo/javavscode/netbeans/java/java.lsp.server/build/test/unit/work/o.n.m.j.l.s.p.S/mo/Test.java@d1364199:31bc1d7c, class path owner: null original sourcePath: /Users/atalati/vscode-extension/main-repo/javavscode/netbeans/java/java.lsp.server/build/test/unit/work/o.n.m.j.l.s.p.S/mo new sourcePath: /Users/atalati/vscode-extension/main-repo/javavscode/netbeans/java/java.lsp.server/build/test/unit/work/o.n.m.j.l.s.p.S/mo
May 27, 2024 4:39:36 PM org.netbeans.modules.java.source.parsing.JavacParser init
WARNING: ClassPath identity changed for /Users/atalati/vscode-extension/main-repo/javavscode/netbeans/java/java.lsp.server/build/test/unit/work/o.n.m.j.l.s.p.S/sh-2/Test.java@b461fcf1:3e6ca0a9, class path owner: null original sourcePath: /Users/atalati/vscode-extension/main-repo/javavscode/netbeans/java/java.lsp.server/build/test/unit/work/o.n.m.j.l.s.p.S/sh-2 new sourcePath: /Users/atalati/vscode-extension/main-repo/javavscode/netbeans/java/java.lsp.server/build/test/unit/work/o.n.m.j.l.s.p.S/sh-2
May 27, 2024 4:39:36 PM org.netbeans.modules.parsing.impl.indexing.RepositoryUpdater$Work reportIndexingStart
INFO: Indexing started, time from last indexing 934 ms.
May 27, 2024 4:39:36 PM org.netbeans.modules.parsing.impl.indexing.RepositoryUpdater$RootsWork getDone
INFO: Resolving dependencies took: 4 ms
May 27, 2024 4:39:36 PM org.netbeans.modules.parsing.impl.indexing.RepositoryUpdater$AbstractRootsWork scanBinaries
INFO: Complete indexing of 70 binary roots took: 17 ms
May 27, 2024 4:39:36 PM org.netbeans.modules.parsing.impl.indexing.RepositoryUpdater$AbstractRootsWork scanSources
INFO: Indexing of: /Users/atalati/vscode-extension/main-repo/javavscode/netbeans/java/java.lsp.server/build/test/unit/work/o.n.m.j.l.s.p.S/gttd took: 62 ms (New or modified files: 3, Deleted files: 0) [Adding listeners took: 0 ms]
May 27, 2024 4:39:36 PM org.netbeans.modules.parsing.impl.indexing.RepositoryUpdater$AbstractRootsWork scanSources
INFO: Complete indexing of 1 source roots took: 62 ms (New or modified files: 3, Deleted files: 0) [Adding listeners took: 0 ms]
May 27, 2024 4:39:36 PM org.netbeans.modules.parsing.impl.indexing.RepositoryUpdater$Work reportIndexerStatistics
INFO: Indexing finished, indexing took 90 ms.
May 27, 2024 4:39:36 PM org.netbeans.modules.project.ui.OpenProjectList log
INFO: USG_PROJECT_CLOSE
Creating a client for testcase: testSourceActionDelegateMethod
May 27, 2024 4:39:36 PM org.netbeans.modules.java.lsp.server.protocol.Server$LanguageServerImpl lambda$asyncOpenSelectedProjects1$9
INFO: 0 projects opened in 0ms
May 27, 2024 4:39:36 PM org.netbeans.modules.java.source.parsing.JavacParser init
WARNING: ClassPath identity changed for AbstractFileObject@30135ce8[java.base/java/lang/String.java], class path owner: null original sourcePath: jar:file:/Library/Java/JavaVirtualMachines/jdk-17.0.8.jdk/Contents/Home/lib/src.zip!/java.base/java/lang/ new sourcePath: jar:file:/Library/Java/JavaVirtualMachines/jdk-17.0.8.jdk/Contents/Home/lib/src.zip!/java.base/java/lang/
May 27, 2024 4:39:36 PM org.netbeans.modules.java.source.parsing.JavacParser init
WARNING: ClassPath identity changed for /Users/atalati/vscode-extension/main-repo/javavscode/netbeans/java/java.lsp.server/build/test/unit/work/o.n.m.j.l.s.p.S/pd/b/Base.java@29379b1f:517cb654, class path owner: /Users/atalati/vscode-extension/main-repo/javavscode/netbeans/java/java.lsp.server/build/test/unit/work/o.n.m.j.l.s.p.S/pd (class org.netbeans.modules.java.lsp.server.protocol.ServerTest$TestProjectFactory$4) original sourcePath: /Users/atalati/vscode-extension/main-repo/javavscode/netbeans/java/java.lsp.server/build/test/unit/work/o.n.m.j.l.s.p.S/pd new sourcePath: /Users/atalati/vscode-extension/main-repo/javavscode/netbeans/java/java.lsp.server/build/test/unit/work/o.n.m.j.l.s.p.S/pd
May 27, 2024 4:39:36 PM org.netbeans.modules.java.source.parsing.JavacParser init
WARNING: ClassPath identity changed for /Users/atalati/vscode-extension/main-repo/javavscode/netbeans/java/java.lsp.server/build/test/unit/work/o.n.m.j.l.s.p.S/fi/Test.java@1dfe0878:5f46da15, class path owner: /Users/atalati/vscode-extension/main-repo/javavscode/netbeans/java/java.lsp.server/build/test/unit/work/o.n.m.j.l.s.p.S/fi (class org.netbeans.modules.java.lsp.server.protocol.ServerTest$TestProjectFactory$4) original sourcePath: /Users/atalati/vscode-extension/main-repo/javavscode/netbeans/java/java.lsp.server/build/test/unit/work/o.n.m.j.l.s.p.S/fi new sourcePath: /Users/atalati/vscode-extension/main-repo/javavscode/netbeans/java/java.lsp.server/build/test/unit/work/o.n.m.j.l.s.p.S/fi
May 27, 2024 4:39:36 PM org.netbeans.modules.java.source.parsing.JavacParser init
WARNING: ClassPath identity changed for /Users/atalati/vscode-extension/main-repo/javavscode/netbeans/java/java.lsp.server/build/test/unit/work/o.n.m.j.l.s.p.S/cags/Test.java@9d40e9e1:474ce2c3, class path owner: null original sourcePath: /Users/atalati/vscode-extension/main-repo/javavscode/netbeans/java/java.lsp.server/build/test/unit/work/o.n.m.j.l.s.p.S/cags new sourcePath: /Users/atalati/vscode-extension/main-repo/javavscode/netbeans/java/java.lsp.server/build/test/unit/work/o.n.m.j.l.s.p.S/cags
May 27, 2024 4:39:36 PM org.netbeans.modules.java.source.parsing.JavacParser init
WARNING: ClassPath identity changed for /Users/atalati/vscode-extension/main-repo/javavscode/netbeans/java/java.lsp.server/build/test/unit/work/o.n.m.j.l.s.p.S/ac/Test.java@7a0aa719:70ff6041, class path owner: /Users/atalati/vscode-extension/main-repo/javavscode/netbeans/java/java.lsp.server/build/test/unit/work/o.n.m.j.l.s.p.S/ac (class org.netbeans.modules.java.lsp.server.protocol.ServerTest$TestProjectFactory$4) original sourcePath: /Users/atalati/vscode-extension/main-repo/javavscode/netbeans/java/java.lsp.server/build/test/unit/work/o.n.m.j.l.s.p.S/ac new sourcePath: /Users/atalati/vscode-extension/main-repo/javavscode/netbeans/java/java.lsp.server/build/test/unit/work/o.n.m.j.l.s.p.S/ac
May 27, 2024 4:39:36 PM org.netbeans.modules.java.source.parsing.JavacParser init
WARNING: ClassPath identity changed for /Users/atalati/vscode-extension/main-repo/javavscode/netbeans/java/java.lsp.server/build/test/unit/work/o.n.m.j.l.s.p.S/cagc/Test.java@4f15c5f1:3cfef554, class path owner: null original sourcePath: /Users/atalati/vscode-extension/main-repo/javavscode/netbeans/java/java.lsp.server/build/test/unit/work/o.n.m.j.l.s.p.S/cagc new sourcePath: /Users/atalati/vscode-extension/main-repo/javavscode/netbeans/java/java.lsp.server/build/test/unit/work/o.n.m.j.l.s.p.S/cagc
May 27, 2024 4:39:36 PM org.netbeans.modules.java.source.parsing.JavacParser init
WARNING: ClassPath identity changed for /Users/atalati/vscode-extension/main-repo/javavscode/netbeans/java/java.lsp.server/build/test/unit/work/o.n.m.j.l.s.p.S/gtsi/Test.java@63f576f8:171aea74, class path owner: null original sourcePath: /Users/atalati/vscode-extension/main-repo/javavscode/netbeans/java/java.lsp.server/build/test/unit/work/o.n.m.j.l.s.p.S/gtsi new sourcePath: /Users/atalati/vscode-extension/main-repo/javavscode/netbeans/java/java.lsp.server/build/test/unit/work/o.n.m.j.l.s.p.S/gtsi
May 27, 2024 4:39:36 PM org.netbeans.modules.java.source.parsing.JavacParser init
WARNING: ClassPath identity changed for /Users/atalati/vscode-extension/main-repo/javavscode/netbeans/java/java.lsp.server/build/test/unit/work/o.n.m.j.l.s.p.S/dopl/Test2.java@f129f6b0:5cef8a46, class path owner: null original sourcePath: /Users/atalati/vscode-extension/main-repo/javavscode/netbeans/java/java.lsp.server/build/test/unit/work/o.n.m.j.l.s.p.S/dopl new sourcePath: /Users/atalati/vscode-extension/main-repo/javavscode/netbeans/java/java.lsp.server/build/test/unit/work/o.n.m.j.l.s.p.S/dopl
May 27, 2024 4:39:36 PM org.netbeans.modules.java.source.parsing.JavacParser init
WARNING: ClassPath identity changed for /Users/atalati/vscode-extension/main-repo/javavscode/netbeans/java/java.lsp.server/build/test/unit/work/o.n.m.j.l.s.p.S/dopl/Test3.java@f2fd2e51:bd3dc98, class path owner: null original sourcePath: /Users/atalati/vscode-extension/main-repo/javavscode/netbeans/java/java.lsp.server/build/test/unit/work/o.n.m.j.l.s.p.S/dopl new sourcePath: /Users/atalati/vscode-extension/main-repo/javavscode/netbeans/java/java.lsp.server/build/test/unit/work/o.n.m.j.l.s.p.S/dopl
May 27, 2024 4:39:36 PM org.netbeans.modules.java.source.parsing.JavacParser init
WARNING: ClassPath identity changed for /Users/atalati/vscode-extension/main-repo/javavscode/netbeans/java/java.lsp.server/build/test/unit/work/o.n.m.j.l.s.p.S/dopl/Test.java@bd4a9bbc:d189352, class path owner: null original sourcePath: /Users/atalati/vscode-extension/main-repo/javavscode/netbeans/java/java.lsp.server/build/test/unit/work/o.n.m.j.l.s.p.S/dopl new sourcePath: /Users/atalati/vscode-extension/main-repo/javavscode/netbeans/java/java.lsp.server/build/test/unit/work/o.n.m.j.l.s.p.S/dopl
May 27, 2024 4:39:36 PM org.netbeans.modules.java.source.parsing.JavacParser init
WARNING: ClassPath identity changed for /Users/atalati/vscode-extension/main-repo/javavscode/netbeans/java/java.lsp.server/build/test/unit/work/o.n.m.j.l.s.p.S/sal/Test.java@6263ac27:69d77bd9, class path owner: null original sourcePath: /Users/atalati/vscode-extension/main-repo/javavscode/netbeans/java/java.lsp.server/build/test/unit/work/o.n.m.j.l.s.p.S/sal new sourcePath: /Users/atalati/vscode-extension/main-repo/javavscode/netbeans/java/java.lsp.server/build/test/unit/work/o.n.m.j.l.s.p.S/sal
May 27, 2024 4:39:36 PM org.netbeans.modules.java.source.parsing.JavacParser init
WARNING: ClassPath identity changed for /Users/atalati/vscode-extension/main-repo/javavscode/netbeans/java/java.lsp.server/build/test/unit/work/o.n.m.j.l.s.p.S/rdccro/Test.java@c90373e4:73492c39, class path owner: /Users/atalati/vscode-extension/main-repo/javavscode/netbeans/java/java.lsp.server/build/test/unit/work/o.n.m.j.l.s.p.S/rdccro (class org.netbeans.modules.java.lsp.server.protocol.ServerTest$TestProjectFactory$4) original sourcePath: /Users/atalati/vscode-extension/main-repo/javavscode/netbeans/java/java.lsp.server/build/test/unit/work/o.n.m.j.l.s.p.S/rdccro new sourcePath: /Users/atalati/vscode-extension/main-repo/javavscode/netbeans/java/java.lsp.server/build/test/unit/work/o.n.m.j.l.s.p.S/rdccro
May 27, 2024 4:39:36 PM org.netbeans.modules.java.source.parsing.JavacParser init
WARNING: ClassPath identity changed for /Users/atalati/vscode-extension/main-repo/javavscode/netbeans/java/java.lsp.server/build/test/unit/work/o.n.m.j.l.s.p.S/rdccro/Test2.java@5cbe0648:1731dbb4, class path owner: /Users/atalati/vscode-extension/main-repo/javavscode/netbeans/java/java.lsp.server/build/test/unit/work/o.n.m.j.l.s.p.S/rdccro (class org.netbeans.modules.java.lsp.server.protocol.ServerTest$TestProjectFactory$4) original sourcePath: /Users/atalati/vscode-extension/main-repo/javavscode/netbeans/java/java.lsp.server/build/test/unit/work/o.n.m.j.l.s.p.S/rdccro new sourcePath: /Users/atalati/vscode-extension/main-repo/javavscode/netbeans/java/java.lsp.server/build/test/unit/work/o.n.m.j.l.s.p.S/rdccro
May 27, 2024 4:39:36 PM org.netbeans.modules.java.source.parsing.JavacParser init
WARNING: ClassPath identity changed for /Users/atalati/vscode-extension/main-repo/javavscode/netbeans/java/java.lsp.server/build/test/unit/work/o.n.m.j.l.s.p.S/rdccro/Test2.java@5cbe0648:1731dbb4, class path owner: /Users/atalati/vscode-extension/main-repo/javavscode/netbeans/java/java.lsp.server/build/test/unit/work/o.n.m.j.l.s.p.S/rdccro (class org.netbeans.modules.java.lsp.server.protocol.ServerTest$TestProjectFactory$4) original sourcePath: /Users/atalati/vscode-extension/main-repo/javavscode/netbeans/java/java.lsp.server/build/test/unit/work/o.n.m.j.l.s.p.S/rdccro new sourcePath: /Users/atalati/vscode-extension/main-repo/javavscode/netbeans/java/java.lsp.server/build/test/unit/work/o.n.m.j.l.s.p.S/rdccro
May 27, 2024 4:39:36 PM org.netbeans.modules.parsing.impl.indexing.RepositoryUpdater$Work reportIndexingStart
INFO: Indexing started, time from last indexing 555 ms.
May 27, 2024 4:39:36 PM org.netbeans.modules.parsing.impl.indexing.LogContext$RingTimeBuffer checkAndReport
WARNING: Excessive indexing rate detected: 11 in 1mins, treshold is 10. Dumping suspicious contexts
May 27, 2024 4:39:36 PM org.netbeans.modules.parsing.impl.indexing.LogContext log
INFO: SCAN_EXCEEDS_RATE ID: 0, Type:PATH
Time scheduled: Mon May 27 16:39:14 IST 2024
Time executed: Mon May 27 16:39:15 IST 2024
Time finished: Mon May 27 16:39:17 IST 2024
Scanned roots: [< root = nbjrt:file:/Library/Java/JavaVirtualMachines/jdk-17.0.8.jdk/Contents/Home/!/modules/jdk.management.jfr/; spent = 123; crawler = 0; res = -1; allRes = -1>
	 < root = nbjrt:file:/Library/Java/JavaVirtualMachines/jdk-17.0.8.jdk/Contents/Home/!/modules/jdk.management/; spent = 123; crawler = 0; res = -1; allRes = -1>
	 < root = nbjrt:file:/Library/Java/JavaVirtualMachines/jdk-17.0.8.jdk/Contents/Home/!/modules/java.scripting/; spent = 17; crawler = 0; res = -1; allRes = -1>
	 < root = nbjrt:file:/Library/Java/JavaVirtualMachines/jdk-17.0.8.jdk/Contents/Home/!/modules/jdk.unsupported.desktop/; spent = 9; crawler = 0; res = -1; allRes = -1>
	 < root = nbjrt:file:/Library/Java/JavaVirtualMachines/jdk-17.0.8.jdk/Contents/Home/!/modules/java.datatransfer/; spent = 30; crawler = 0; res = -1; allRes = -1>
	 < root = nbjrt:file:/Library/Java/JavaVirtualMachines/jdk-17.0.8.jdk/Contents/Home/!/modules/jdk.internal.vm.compiler.management/; spent = 7; crawler = 0; res = -1; allRes = -1>
	 < root = nbjrt:file:/Library/Java/JavaVirtualMachines/jdk-17.0.8.jdk/Contents/Home/!/modules/jdk.internal.ed/; spent = 13; crawler = 0; res = -1; allRes = -1>
	 < root = nbjrt:file:/Library/Java/JavaVirtualMachines/jdk-17.0.8.jdk/Contents/Home/!/modules/jdk.jsobject/; spent = 12; crawler = 0; res = -1; allRes = -1>
	 < root = nbjrt:file:/Library/Java/JavaVirtualMachines/jdk-17.0.8.jdk/Contents/Home/!/modules/jdk.internal.opt/; spent = 21; crawler = 0; res = -1; allRes = -1>
	 < root = nbjrt:file:/Library/Java/JavaVirtualMachines/jdk-17.0.8.jdk/Contents/Home/!/modules/jdk.sctp/; spent = 22; crawler = 0; res = -1; allRes = -1>
	 < root = nbjrt:file:/Library/Java/JavaVirtualMachines/jdk-17.0.8.jdk/Contents/Home/!/modules/jdk.unsupported/; spent = 18; crawler = 0; res = -1; allRes = -1>
	 < root = nbjrt:file:/Library/Java/JavaVirtualMachines/jdk-17.0.8.jdk/Contents/Home/!/modules/java.rmi/; spent = 44; crawler = 0; res = -1; allRes = -1>
	 < root = nbjrt:file:/Library/Java/JavaVirtualMachines/jdk-17.0.8.jdk/Contents/Home/!/modules/jdk.naming.dns/; spent = 9; crawler = 0; res = -1; allRes = -1>
	 < root = nbjrt:file:/Library/Java/JavaVirtualMachines/jdk-17.0.8.jdk/Contents/Home/!/modules/java.instrument/; spent = 4; crawler = 0; res = -1; allRes = -1>
	 < root = nbjrt:file:/Library/Java/JavaVirtualMachines/jdk-17.0.8.jdk/Contents/Home/!/modules/jdk.crypto.ec/; spent = 16; crawler = 0; res = -1; allRes = -1>
	 < root = nbjrt:file:/Library/Java/JavaVirtualMachines/jdk-17.0.8.jdk/Contents/Home/!/modules/java.management/; spent = 80; crawler = 0; res = -1; allRes = -1>
	 < root = nbjrt:file:/Library/Java/JavaVirtualMachines/jdk-17.0.8.jdk/Contents/Home/!/modules/java.security.sasl/; spent = 9; crawler = 0; res = -1; allRes = -1>
	 < root = nbjrt:file:/Library/Java/JavaVirtualMachines/jdk-17.0.8.jdk/Contents/Home/!/modules/jdk.editpad/; spent = 8; crawler = 0; res = -1; allRes = -1>
	 < root = nbjrt:file:/Library/Java/JavaVirtualMachines/jdk-17.0.8.jdk/Contents/Home/!/modules/java.logging/; spent = 11; crawler = 0; res = -1; allRes = -1>
	 < root = nbjrt:file:/Library/Java/JavaVirtualMachines/jdk-17.0.8.jdk/Contents/Home/!/modules/jdk.incubator.vector/; spent = 49; crawler = 0; res = -1; allRes = -1>
	 < root = nbjrt:file:/Library/Java/JavaVirtualMachines/jdk-17.0.8.jdk/Contents/Home/!/modules/jdk.jdwp.agent/; spent = 5; crawler = 0; res = -1; allRes = -1>
	 < root = nbjrt:file:/Library/Java/JavaVirtualMachines/jdk-17.0.8.jdk/Contents/Home/!/modules/jdk.internal.le/; spent = 37; crawler = 0; res = -1; allRes = -1>
	 < root = nbjrt:file:/Library/Java/JavaVirtualMachines/jdk-17.0.8.jdk/Contents/Home/!/modules/jdk.incubator.foreign/; spent = 27; crawler = 0; res = -1; allRes = -1>
	 < root = nbjrt:file:/Library/Java/JavaVirtualMachines/jdk-17.0.8.jdk/Contents/Home/!/modules/java.security.jgss/; spent = 43; crawler = 0; res = -1; allRes = -1>
	 < root = nbjrt:file:/Library/Java/JavaVirtualMachines/jdk-17.0.8.jdk/Contents/Home/!/modules/jdk.nio.mapmode/; spent = 6; crawler = 0; res = -1; allRes = -1>
	 < root = nbjrt:file:/Library/Java/JavaVirtualMachines/jdk-17.0.8.jdk/Contents/Home/!/modules/jdk.zipfs/; spent = 12; crawler = 0; res = -1; allRes = -1>
	 < root = nbjrt:file:/Library/Java/JavaVirtualMachines/jdk-17.0.8.jdk/Contents/Home/!/modules/java.management.rmi/; spent = 11; crawler = 0; res = -1; allRes = -1>
	 < root = nbjrt:file:/Library/Java/JavaVirtualMachines/jdk-17.0.8.jdk/Contents/Home/!/modules/java.naming/; spent = 35; crawler = 0; res = -1; allRes = -1>
	 < root = nbjrt:file:/Library/Java/JavaVirtualMachines/jdk-17.0.8.jdk/Contents/Home/!/modules/jdk.localedata/; spent = 467; crawler = 0; res = -1; allRes = -1>
	 < root = nbjrt:file:/Library/Java/JavaVirtualMachines/jdk-17.0.8.jdk/Contents/Home/!/modules/java.desktop/; spent = 527; crawler = 0; res = -1; allRes = -1>
	 < root = nbjrt:file:/Library/Java/JavaVirtualMachines/jdk-17.0.8.jdk/Contents/Home/!/modules/jdk.internal.jvmstat/; spent = 161; crawler = 0; res = -1; allRes = -1>
	 < root = nbjrt:file:/Library/Java/JavaVirtualMachines/jdk-17.0.8.jdk/Contents/Home/!/modules/jdk.jlink/; spent = 12; crawler = 0; res = -1; allRes = -1>
	 < root = nbjrt:file:/Library/Java/JavaVirtualMachines/jdk-17.0.8.jdk/Contents/Home/!/modules/jdk.security.jgss/; spent = 5; crawler = 0; res = -1; allRes = -1>
	 < root = nbjrt:file:/Library/Java/JavaVirtualMachines/jdk-17.0.8.jdk/Contents/Home/!/modules/jdk.hotspot.agent/; spent = 84; crawler = 0; res = -1; allRes = -1>
	 < root = nbjrt:file:/Library/Java/JavaVirtualMachines/jdk-17.0.8.jdk/Contents/Home/!/modules/jdk.jcmd/; spent = 5; crawler = 0; res = -1; allRes = -1>
	 < root = nbjrt:file:/Library/Java/JavaVirtualMachines/jdk-17.0.8.jdk/Contents/Home/!/modules/jdk.jpackage/; spent = 12; crawler = 0; res = -1; allRes = -1>
	 < root = nbjrt:file:/Library/Java/JavaVirtualMachines/jdk-17.0.8.jdk/Contents/Home/!/modules/jdk.xml.dom/; spent = 7; crawler = 0; res = -1; allRes = -1>
	 < root = nbjrt:file:/Library/Java/JavaVirtualMachines/jdk-17.0.8.jdk/Contents/Home/!/modules/jdk.jshell/; spent = 31; crawler = 0; res = -1; allRes = -1>
	 < root = nbjrt:file:/Library/Java/JavaVirtualMachines/jdk-17.0.8.jdk/Contents/Home/!/modules/java.sql.rowset/; spent = 10; crawler = 0; res = -1; allRes = -1>
	 < root = nbjrt:file:/Library/Java/JavaVirtualMachines/jdk-17.0.8.jdk/Contents/Home/!/modules/java.xml.crypto/; spent = 21; crawler = 0; res = -1; allRes = -1>
	 < root = nbjrt:file:/Library/Java/JavaVirtualMachines/jdk-17.0.8.jdk/Contents/Home/!/modules/jdk.security.auth/; spent = 8; crawler = 0; res = -1; allRes = -1>
	 < root = nbjrt:file:/Library/Java/JavaVirtualMachines/jdk-17.0.8.jdk/Contents/Home/!/modules/jdk.jdeps/; spent = 41; crawler = 0; res = -1; allRes = -1>
	 < root = nbjrt:file:/Library/Java/JavaVirtualMachines/jdk-17.0.8.jdk/Contents/Home/!/modules/jdk.management.agent/; spent = 11; crawler = 0; res = -1; allRes = -1>
	 < root = nbjrt:file:/Library/Java/JavaVirtualMachines/jdk-17.0.8.jdk/Contents/Home/!/modules/java.smartcardio/; spent = 6; crawler = 0; res = -1; allRes = -1>
	 < root = nbjrt:file:/Library/Java/JavaVirtualMachines/jdk-17.0.8.jdk/Contents/Home/!/modules/java.sql/; spent = 7; crawler = 0; res = -1; allRes = -1>
	 < root = nbjrt:file:/Library/Java/JavaVirtualMachines/jdk-17.0.8.jdk/Contents/Home/!/modules/java.net.http/; spent = 32; crawler = 0; res = -1; allRes = -1>
	 < root = nbjrt:file:/Library/Java/JavaVirtualMachines/jdk-17.0.8.jdk/Contents/Home/!/modules/jdk.naming.rmi/; spent = 12; crawler = 0; res = -1; allRes = -1>
	 < root = nbjrt:file:/Library/Java/JavaVirtualMachines/jdk-17.0.8.jdk/Contents/Home/!/modules/jdk.random/; spent = 15; crawler = 0; res = -1; allRes = -1>
	 < root = nbjrt:file:/Library/Java/JavaVirtualMachines/jdk-17.0.8.jdk/Contents/Home/!/modules/jdk.accessibility/; spent = 5; crawler = 0; res = -1; allRes = -1>
	 < root = nbjrt:file:/Library/Java/JavaVirtualMachines/jdk-17.0.8.jdk/Contents/Home/!/modules/java.base/; spent = 406; crawler = 0; res = -1; allRes = -1>
	 < root = nbjrt:file:/Library/Java/JavaVirtualMachines/jdk-17.0.8.jdk/Contents/Home/!/modules/jdk.jconsole/; spent = 18; crawler = 0; res = -1; allRes = -1>
	 < root = nbjrt:file:/Library/Java/JavaVirtualMachines/jdk-17.0.8.jdk/Contents/Home/!/modules/java.compiler/; spent = 14; crawler = 0; res = -1; allRes = -1>
	 < root = nbjrt:file:/Library/Java/JavaVirtualMachines/jdk-17.0.8.jdk/Contents/Home/!/modules/jdk.crypto.cryptoki/; spent = 17; crawler = 0; res = -1; allRes = -1>
	 < root = nbjrt:file:/Library/Java/JavaVirtualMachines/jdk-17.0.8.jdk/Contents/Home/!/modules/jdk.internal.vm.ci/; spent = 20; crawler = 0; res = -1; allRes = -1>
	 < root = nbjrt:file:/Library/Java/JavaVirtualMachines/jdk-17.0.8.jdk/Contents/Home/!/modules/jdk.jdi/; spent = 30; crawler = 0; res = -1; allRes = -1>
	 < root = nbjrt:file:/Library/Java/JavaVirtualMachines/jdk-17.0.8.jdk/Contents/Home/!/modules/java.transaction.xa/; spent = 3; crawler = 0; res = -1; allRes = -1>
	 < root = nbjrt:file:/Library/Java/JavaVirtualMachines/jdk-17.0.8.jdk/Contents/Home/!/modules/jdk.internal.vm.compiler/; spent = 3; crawler = 0; res = -1; allRes = -1>
	 < root = nbjrt:file:/Library/Java/JavaVirtualMachines/jdk-17.0.8.jdk/Contents/Home/!/modules/jdk.attach/; spent = 3; crawler = 0; res = -1; allRes = -1>
	 < root = nbjrt:file:/Library/Java/JavaVirtualMachines/jdk-17.0.8.jdk/Contents/Home/!/modules/jdk.dynalink/; spent = 11; crawler = 0; res = -1; allRes = -1>
	 < root = nbjrt:file:/Library/Java/JavaVirtualMachines/jdk-17.0.8.jdk/Contents/Home/!/modules/java.xml/; spent = 130; crawler = 0; res = -1; allRes = -1>
	 < root = nbjrt:file:/Library/Java/JavaVirtualMachines/jdk-17.0.8.jdk/Contents/Home/!/modules/jdk.httpserver/; spent = 19; crawler = 0; res = -1; allRes = -1>
	 < root = nbjrt:file:/Library/Java/JavaVirtualMachines/jdk-17.0.8.jdk/Contents/Home/!/modules/jdk.jartool/; spent = 7; crawler = 0; res = -1; allRes = -1>
	 < root = nbjrt:file:/Library/Java/JavaVirtualMachines/jdk-17.0.8.jdk/Contents/Home/!/modules/java.prefs/; spent = 10; crawler = 0; res = -1; allRes = -1>
	 < root = nbjrt:file:/Library/Java/JavaVirtualMachines/jdk-17.0.8.jdk/Contents/Home/!/modules/jdk.javadoc/; spent = 41; crawler = 0; res = -1; allRes = -1>
	 < root = nbjrt:file:/Library/Java/JavaVirtualMachines/jdk-17.0.8.jdk/Contents/Home/!/modules/jdk.jstatd/; spent = 4; crawler = 0; res = -1; allRes = -1>
	 < root = nbjrt:file:/Library/Java/JavaVirtualMachines/jdk-17.0.8.jdk/Contents/Home/!/modules/jdk.net/; spent = 9; crawler = 0; res = -1; allRes = -1>
	 < root = nbjrt:file:/Library/Java/JavaVirtualMachines/jdk-17.0.8.jdk/Contents/Home/!/modules/java.se/; spent = 3; crawler = 0; res = -1; allRes = -1>
	 < root = nbjrt:file:/Library/Java/JavaVirtualMachines/jdk-17.0.8.jdk/Contents/Home/!/modules/jdk.charsets/; spent = 26; crawler = 0; res = -1; allRes = -1>
	 < root = nbjrt:file:/Library/Java/JavaVirtualMachines/jdk-17.0.8.jdk/Contents/Home/!/modules/jdk.jfr/; spent = 21; crawler = 0; res = -1; allRes = -1>
	 < root = nbjrt:file:/Library/Java/JavaVirtualMachines/jdk-17.0.8.jdk/Contents/Home/!/modules/jdk.compiler/; spent = 90; crawler = 0; res = -1; allRes = -1>
	 < root = file:/Users/atalati/vscode-extension/main-repo/javavscode/netbeans/java/java.lsp.server/build/test/unit/work/o.n.m.j.l.s.p.S/fi/; spent = 139; crawler = 4; res = 2; allRes = 2>]
, total time: 3304
Current root(s): []
Current indexer(s): 
Time spent in indexers:
	LSPServerTelemetry: 0
	java: 2669
	java-launcher-compiler-options: 0
	org-netbeans-modules-jumpto-file-FileIndexer: 4
	org.netbeans.modules.java.source.indexing.COSSynchronizingIndexer: 5
	tests: 2
	text/x-java: 15
Time spent in indexers, in individual roots:
	nbjrt:file:/Library/Java/JavaVirtualMachines/jdk-17.0.8.jdk/Contents/Home/!/modules/jdk.management.jfr/
		java: 91
	nbjrt:file:/Library/Java/JavaVirtualMachines/jdk-17.0.8.jdk/Contents/Home/!/modules/jdk.management/
		java: 92
	nbjrt:file:/Library/Java/JavaVirtualMachines/jdk-17.0.8.jdk/Contents/Home/!/modules/java.scripting/
		java: 17
	nbjrt:file:/Library/Java/JavaVirtualMachines/jdk-17.0.8.jdk/Contents/Home/!/modules/jdk.unsupported.desktop/
		java: 9
	nbjrt:file:/Library/Java/JavaVirtualMachines/jdk-17.0.8.jdk/Contents/Home/!/modules/java.datatransfer/
		java: 30
	nbjrt:file:/Library/Java/JavaVirtualMachines/jdk-17.0.8.jdk/Contents/Home/!/modules/jdk.internal.vm.compiler.management/
		java: 7
	nbjrt:file:/Library/Java/JavaVirtualMachines/jdk-17.0.8.jdk/Contents/Home/!/modules/jdk.internal.ed/
		java: 13
	nbjrt:file:/Library/Java/JavaVirtualMachines/jdk-17.0.8.jdk/Contents/Home/!/modules/jdk.jsobject/
		java: 12
	nbjrt:file:/Library/Java/JavaVirtualMachines/jdk-17.0.8.jdk/Contents/Home/!/modules/jdk.internal.opt/
		java: 21
	nbjrt:file:/Library/Java/JavaVirtualMachines/jdk-17.0.8.jdk/Contents/Home/!/modules/jdk.sctp/
		java: 22
	nbjrt:file:/Library/Java/JavaVirtualMachines/jdk-17.0.8.jdk/Contents/Home/!/modules/jdk.unsupported/
		java: 17
	nbjrt:file:/Library/Java/JavaVirtualMachines/jdk-17.0.8.jdk/Contents/Home/!/modules/java.rmi/
		java: 44
	nbjrt:file:/Library/Java/JavaVirtualMachines/jdk-17.0.8.jdk/Contents/Home/!/modules/jdk.naming.dns/
		java: 9
	nbjrt:file:/Library/Java/JavaVirtualMachines/jdk-17.0.8.jdk/Contents/Home/!/modules/java.instrument/
		java: 4
	nbjrt:file:/Library/Java/JavaVirtualMachines/jdk-17.0.8.jdk/Contents/Home/!/modules/jdk.crypto.ec/
		java: 15
	nbjrt:file:/Library/Java/JavaVirtualMachines/jdk-17.0.8.jdk/Contents/Home/!/modules/java.management/
		java: 79
	nbjrt:file:/Library/Java/JavaVirtualMachines/jdk-17.0.8.jdk/Contents/Home/!/modules/java.security.sasl/
		java: 9
	nbjrt:file:/Library/Java/JavaVirtualMachines/jdk-17.0.8.jdk/Contents/Home/!/modules/jdk.editpad/
		java: 7
	nbjrt:file:/Library/Java/JavaVirtualMachines/jdk-17.0.8.jdk/Contents/Home/!/modules/java.logging/
		java: 10
	nbjrt:file:/Library/Java/JavaVirtualMachines/jdk-17.0.8.jdk/Contents/Home/!/modules/jdk.incubator.vector/
		java: 48
	nbjrt:file:/Library/Java/JavaVirtualMachines/jdk-17.0.8.jdk/Contents/Home/!/modules/jdk.jdwp.agent/
		java: 5
	nbjrt:file:/Library/Java/JavaVirtualMachines/jdk-17.0.8.jdk/Contents/Home/!/modules/jdk.internal.le/
		java: 36
	nbjrt:file:/Library/Java/JavaVirtualMachines/jdk-17.0.8.jdk/Contents/Home/!/modules/jdk.incubator.foreign/
		java: 26
	nbjrt:file:/Library/Java/JavaVirtualMachines/jdk-17.0.8.jdk/Contents/Home/!/modules/java.security.jgss/
		java: 43
	nbjrt:file:/Library/Java/JavaVirtualMachines/jdk-17.0.8.jdk/Contents/Home/!/modules/jdk.nio.mapmode/
		java: 6
	nbjrt:file:/Library/Java/JavaVirtualMachines/jdk-17.0.8.jdk/Contents/Home/!/modules/jdk.zipfs/
		java: 12
	nbjrt:file:/Library/Java/JavaVirtualMachines/jdk-17.0.8.jdk/Contents/Home/!/modules/java.management.rmi/
		java: 11
	nbjrt:file:/Library/Java/JavaVirtualMachines/jdk-17.0.8.jdk/Contents/Home/!/modules/java.naming/
		java: 35
	nbjrt:file:/Library/Java/JavaVirtualMachines/jdk-17.0.8.jdk/Contents/Home/!/modules/jdk.localedata/
		java: 262
	nbjrt:file:/Library/Java/JavaVirtualMachines/jdk-17.0.8.jdk/Contents/Home/!/modules/java.desktop/
		java: 447
	nbjrt:file:/Library/Java/JavaVirtualMachines/jdk-17.0.8.jdk/Contents/Home/!/modules/jdk.internal.jvmstat/
		java: 8
	nbjrt:file:/Library/Java/JavaVirtualMachines/jdk-17.0.8.jdk/Contents/Home/!/modules/jdk.jlink/
		java: 12
	nbjrt:file:/Library/Java/JavaVirtualMachines/jdk-17.0.8.jdk/Contents/Home/!/modules/jdk.security.jgss/
		java: 5
	nbjrt:file:/Library/Java/JavaVirtualMachines/jdk-17.0.8.jdk/Contents/Home/!/modules/jdk.hotspot.agent/
		java: 84
	nbjrt:file:/Library/Java/JavaVirtualMachines/jdk-17.0.8.jdk/Contents/Home/!/modules/jdk.jcmd/
		java: 5
	nbjrt:file:/Library/Java/JavaVirtualMachines/jdk-17.0.8.jdk/Contents/Home/!/modules/jdk.jpackage/
		java: 11
	nbjrt:file:/Library/Java/JavaVirtualMachines/jdk-17.0.8.jdk/Contents/Home/!/modules/jdk.xml.dom/
		java: 7
	nbjrt:file:/Library/Java/JavaVirtualMachines/jdk-17.0.8.jdk/Contents/Home/!/modules/jdk.jshell/
		java: 31
	nbjrt:file:/Library/Java/JavaVirtualMachines/jdk-17.0.8.jdk/Contents/Home/!/modules/java.sql.rowset/
		java: 10
	nbjrt:file:/Library/Java/JavaVirtualMachines/jdk-17.0.8.jdk/Contents/Home/!/modules/java.xml.crypto/
		java: 21
	nbjrt:file:/Library/Java/JavaVirtualMachines/jdk-17.0.8.jdk/Contents/Home/!/modules/jdk.security.auth/
		java: 8
	nbjrt:file:/Library/Java/JavaVirtualMachines/jdk-17.0.8.jdk/Contents/Home/!/modules/jdk.jdeps/
		java: 40
	nbjrt:file:/Library/Java/JavaVirtualMachines/jdk-17.0.8.jdk/Contents/Home/!/modules/jdk.management.agent/
		java: 11
	nbjrt:file:/Library/Java/JavaVirtualMachines/jdk-17.0.8.jdk/Contents/Home/!/modules/java.smartcardio/
		java: 6
	nbjrt:file:/Library/Java/JavaVirtualMachines/jdk-17.0.8.jdk/Contents/Home/!/modules/java.sql/
		java: 7
	nbjrt:file:/Library/Java/JavaVirtualMachines/jdk-17.0.8.jdk/Contents/Home/!/modules/java.net.http/
		java: 32
	nbjrt:file:/Library/Java/JavaVirtualMachines/jdk-17.0.8.jdk/Contents/Home/!/modules/jdk.naming.rmi/
		java: 11
	nbjrt:file:/Library/Java/JavaVirtualMachines/jdk-17.0.8.jdk/Contents/Home/!/modules/jdk.random/
		java: 15
	nbjrt:file:/Library/Java/JavaVirtualMachines/jdk-17.0.8.jdk/Contents/Home/!/modules/jdk.accessibility/
		java: 5
	nbjrt:file:/Library/Java/JavaVirtualMachines/jdk-17.0.8.jdk/Contents/Home/!/modules/java.base/
		java: 336
	nbjrt:file:/Library/Java/JavaVirtualMachines/jdk-17.0.8.jdk/Contents/Home/!/modules/jdk.jconsole/
		java: 18
	nbjrt:file:/Library/Java/JavaVirtualMachines/jdk-17.0.8.jdk/Contents/Home/!/modules/java.compiler/
		java: 14
	nbjrt:file:/Library/Java/JavaVirtualMachines/jdk-17.0.8.jdk/Contents/Home/!/modules/jdk.crypto.cryptoki/
		java: 17
	nbjrt:file:/Library/Java/JavaVirtualMachines/jdk-17.0.8.jdk/Contents/Home/!/modules/jdk.internal.vm.ci/
		java: 20
	nbjrt:file:/Library/Java/JavaVirtualMachines/jdk-17.0.8.jdk/Contents/Home/!/modules/jdk.jdi/
		java: 30
	nbjrt:file:/Library/Java/JavaVirtualMachines/jdk-17.0.8.jdk/Contents/Home/!/modules/java.transaction.xa/
		java: 3
	nbjrt:file:/Library/Java/JavaVirtualMachines/jdk-17.0.8.jdk/Contents/Home/!/modules/jdk.internal.vm.compiler/
		java: 3
	nbjrt:file:/Library/Java/JavaVirtualMachines/jdk-17.0.8.jdk/Contents/Home/!/modules/jdk.attach/
		java: 3
	nbjrt:file:/Library/Java/JavaVirtualMachines/jdk-17.0.8.jdk/Contents/Home/!/modules/jdk.dynalink/
		java: 11
	nbjrt:file:/Library/Java/JavaVirtualMachines/jdk-17.0.8.jdk/Contents/Home/!/modules/java.xml/
		java: 130
	nbjrt:file:/Library/Java/JavaVirtualMachines/jdk-17.0.8.jdk/Contents/Home/!/modules/jdk.httpserver/
		java: 19
	nbjrt:file:/Library/Java/JavaVirtualMachines/jdk-17.0.8.jdk/Contents/Home/!/modules/jdk.jartool/
		java: 6
	nbjrt:file:/Library/Java/JavaVirtualMachines/jdk-17.0.8.jdk/Contents/Home/!/modules/java.prefs/
		java: 10
	nbjrt:file:/Library/Java/JavaVirtualMachines/jdk-17.0.8.jdk/Contents/Home/!/modules/jdk.javadoc/
		java: 41
	nbjrt:file:/Library/Java/JavaVirtualMachines/jdk-17.0.8.jdk/Contents/Home/!/modules/jdk.jstatd/
		java: 4
	nbjrt:file:/Library/Java/JavaVirtualMachines/jdk-17.0.8.jdk/Contents/Home/!/modules/jdk.net/
		java: 9
	nbjrt:file:/Library/Java/JavaVirtualMachines/jdk-17.0.8.jdk/Contents/Home/!/modules/java.se/
		java: 3
	nbjrt:file:/Library/Java/JavaVirtualMachines/jdk-17.0.8.jdk/Contents/Home/!/modules/jdk.charsets/
		java: 26
	nbjrt:file:/Library/Java/JavaVirtualMachines/jdk-17.0.8.jdk/Contents/Home/!/modules/jdk.jfr/
		java: 21
	nbjrt:file:/Library/Java/JavaVirtualMachines/jdk-17.0.8.jdk/Contents/Home/!/modules/jdk.compiler/
		java: 88
	file:/Users/atalati/vscode-extension/main-repo/javavscode/netbeans/java/java.lsp.server/build/test/unit/work/o.n.m.j.l.s.p.S/fi/
		LSPServerTelemetry: 0
		java: 89
		java-launcher-compiler-options: 0
		org-netbeans-modules-jumpto-file-FileIndexer: 4
		org.netbeans.modules.java.source.indexing.COSSynchronizingIndexer: 5
		tests: 2
		text/x-java: 15
Time in index store: 3
Time crawling: 8
Indexers added: [tests]
Stacktrace:
	java.base/java.lang.Thread.getStackTrace(Thread.java:1610)
	org.netbeans.modules.parsing.impl.indexing.LogContext.create(LogContext.java:111)
	org.netbeans.modules.parsing.impl.indexing.LogContext.create(LogContext.java:102)
	org.netbeans.modules.parsing.impl.indexing.PathRegistry.scheduleFirer(PathRegistry.java:938)
	org.netbeans.modules.parsing.impl.indexing.PathRegistry.resetCacheAndFire(PathRegistry.java:931)
	org.netbeans.modules.parsing.impl.indexing.PathRegistry.access$500(PathRegistry.java:68)
	org.netbeans.modules.parsing.impl.indexing.PathRegistry$Listener.pathsAdded(PathRegistry.java:1206)
	java.base/jdk.internal.reflect.NativeMethodAccessorImpl.invoke0(Native Method)
	java.base/jdk.internal.reflect.NativeMethodAccessorImpl.invoke(NativeMethodAccessorImpl.java:77)
	java.base/jdk.internal.reflect.DelegatingMethodAccessorImpl.invoke(DelegatingMethodAccessorImpl.java:43)
	java.base/java.lang.reflect.Method.invoke(Method.java:568)
	org.openide.util.WeakListenerImpl$ProxyListener.invoke(WeakListenerImpl.java:461)
	jdk.proxy2/jdk.proxy2.$Proxy19.pathsAdded(Unknown Source)
	org.netbeans.api.java.classpath.GlobalPathRegistry.register(GlobalPathRegistry.java:206)
	org.netbeans.modules.java.lsp.server.protocol.ServerTest$TestProjectFactory$1.projectOpened(ServerTest.java:5353)
	org.netbeans.spi.project.ui.ProjectOpenedHook$1.projectOpened(ProjectOpenedHook.java:60)
	org.netbeans.modules.project.ui.OpenProjectList.notifyOpened(OpenProjectList.java:1321)
	org.netbeans.modules.project.ui.OpenProjectList.doOpenProject(OpenProjectList.java:1402)
	org.netbeans.modules.project.ui.OpenProjectList.open(OpenProjectList.java:848)
	org.netbeans.modules.project.ui.OpenProjectList.open(OpenProjectList.java:682)
	org.netbeans.modules.project.ui.OpenProjectList.open(OpenProjectList.java:643)
	org.netbeans.modules.project.ui.OpenProjectsTrampolineImpl.openAPI(OpenProjectsTrampolineImpl.java:56)
	org.netbeans.api.project.ui.OpenProjects.open(OpenProjects.java:173)
	org.netbeans.modules.java.lsp.server.protocol.Server$LanguageServerImpl.lambda$asyncOpenSelectedProjects1$9(Server.java:713)
	java.base/java.util.concurrent.CompletableFuture.uniRunNow(CompletableFuture.java:819)
	java.base/java.util.concurrent.CompletableFuture.uniRunStage(CompletableFuture.java:803)
	java.base/java.util.concurrent.CompletableFuture.thenRun(CompletableFuture.java:2195)
	org.netbeans.modules.java.lsp.server.protocol.Server$LanguageServerImpl.asyncOpenSelectedProjects1(Server.java:703)
	org.netbeans.modules.java.lsp.server.protocol.Server$LanguageServerImpl.asyncOpenSelectedProjects0(Server.java:642)
	org.netbeans.modules.java.lsp.server.protocol.Server$LanguageServerImpl.lambda$initialize$15(Server.java:949)
	org.openide.util.RequestProcessor$Task.run(RequestProcessor.java:1420)
	org.netbeans.modules.openide.util.GlobalLookup.execute(GlobalLookup.java:45)
	org.openide.util.lookup.Lookups.executeWith(Lookups.java:287)
	org.openide.util.RequestProcessor$Processor.run(RequestProcessor.java:2035)
Changed ClassPaths:[/Users/atalati/vscode-extension/main-repo/javavscode/netbeans/java/java.lsp.server/build/test/unit/work/o.n.m.j.l.s.p.S/fi]

May 27, 2024 4:39:36 PM org.netbeans.modules.parsing.impl.indexing.LogContext log
INFO: SCAN_EXCEEDS_RATE ID: 1, Type:PATH
Time scheduled: Mon May 27 16:39:18 IST 2024
Time executed: Mon May 27 16:39:18 IST 2024
Time finished: Mon May 27 16:39:18 IST 2024
Scanned roots: [< root = file:/Users/atalati/vscode-extension/main-repo/javavscode/netbeans/java/java.lsp.server/build/test/unit/work/o.n.m.j.l.s.p.S/ac/; spent = 172; crawler = 68; res = 2; allRes = 2>]
, total time: 172
Current root(s): []
Current indexer(s): 
Time spent in indexers:
	LSPServerTelemetry: 0
	java: 54
	java-launcher-compiler-options: 0
	org-netbeans-modules-jumpto-file-FileIndexer: 1
	org.netbeans.modules.java.source.indexing.COSSynchronizingIndexer: 1
	tests: 1
	text/x-java: 1
Time spent in indexers, in individual roots:
	file:/Users/atalati/vscode-extension/main-repo/javavscode/netbeans/java/java.lsp.server/build/test/unit/work/o.n.m.j.l.s.p.S/ac/
		LSPServerTelemetry: 0
		java: 54
		java-launcher-compiler-options: 0
		org-netbeans-modules-jumpto-file-FileIndexer: 1
		org.netbeans.modules.java.source.indexing.COSSynchronizingIndexer: 1
		tests: 1
		text/x-java: 1
Time in index store: 3
Time crawling: 136
Stacktrace:
	java.base/java.lang.Thread.getStackTrace(Thread.java:1610)
	org.netbeans.modules.parsing.impl.indexing.LogContext.create(LogContext.java:111)
	org.netbeans.modules.parsing.impl.indexing.LogContext.create(LogContext.java:102)
	org.netbeans.modules.parsing.impl.indexing.PathRegistry.scheduleFirer(PathRegistry.java:938)
	org.netbeans.modules.parsing.impl.indexing.PathRegistry.resetCacheAndFire(PathRegistry.java:931)
	org.netbeans.modules.parsing.impl.indexing.PathRegistry.access$500(PathRegistry.java:68)
	org.netbeans.modules.parsing.impl.indexing.PathRegistry$Listener.pathsRemoved(PathRegistry.java:1218)
	java.base/jdk.internal.reflect.NativeMethodAccessorImpl.invoke0(Native Method)
	java.base/jdk.internal.reflect.NativeMethodAccessorImpl.invoke(NativeMethodAccessorImpl.java:77)
	java.base/jdk.internal.reflect.DelegatingMethodAccessorImpl.invoke(DelegatingMethodAccessorImpl.java:43)
	java.base/java.lang.reflect.Method.invoke(Method.java:568)
	org.openide.util.WeakListenerImpl$ProxyListener.invoke(WeakListenerImpl.java:461)
	jdk.proxy2/jdk.proxy2.$Proxy19.pathsRemoved(Unknown Source)
	org.netbeans.api.java.classpath.GlobalPathRegistry.unregister(GlobalPathRegistry.java:239)
	org.netbeans.modules.java.lsp.server.protocol.ServerTest$TestProjectFactory$1.projectClosed(ServerTest.java:5358)
	org.netbeans.spi.project.ui.ProjectOpenedHook$1.projectClosed(ProjectOpenedHook.java:64)
	org.netbeans.modules.project.ui.OpenProjectList.notifyClosed(OpenProjectList.java:1345)
	org.netbeans.modules.project.ui.OpenProjectList.access$2600(OpenProjectList.java:116)
	org.netbeans.modules.project.ui.OpenProjectList$15.run(OpenProjectList.java:1001)
	org.openide.util.RequestProcessor$Task.run(RequestProcessor.java:1420)
	org.netbeans.modules.openide.util.GlobalLookup.execute(GlobalLookup.java:45)
	org.openide.util.lookup.Lookups.executeWith(Lookups.java:287)
	org.openide.util.RequestProcessor$Processor.run(RequestProcessor.java:2035)
Changed ClassPaths:[/Users/atalati/vscode-extension/main-repo/javavscode/netbeans/java/java.lsp.server/build/test/unit/work/o.n.m.j.l.s.p.S/ac, /Users/atalati/vscode-extension/main-repo/javavscode/netbeans/java/java.lsp.server/build/test/unit/work/o.n.m.j.l.s.p.S/fi]

May 27, 2024 4:39:36 PM org.netbeans.modules.parsing.impl.indexing.LogContext log
INFO: SCAN_EXCEEDS_RATE ID: 3, Type:PATH
Time scheduled: Mon May 27 16:39:19 IST 2024
Time executed: Mon May 27 16:39:19 IST 2024
Time finished: Mon May 27 16:39:19 IST 2024
Scanned roots: []
, total time: 0
Current root(s): []
Current indexer(s): 
Time spent in indexers:
Time spent in indexers, in individual roots:
Time in index store: 0
Time crawling: 0
Stacktrace:
	java.base/java.lang.Thread.getStackTrace(Thread.java:1610)
	org.netbeans.modules.parsing.impl.indexing.LogContext.create(LogContext.java:111)
	org.netbeans.modules.parsing.impl.indexing.LogContext.create(LogContext.java:102)
	org.netbeans.modules.parsing.impl.indexing.PathRegistry.scheduleFirer(PathRegistry.java:938)
	org.netbeans.modules.parsing.impl.indexing.PathRegistry.resetCacheAndFire(PathRegistry.java:931)
	org.netbeans.modules.parsing.impl.indexing.PathRegistry.access$500(PathRegistry.java:68)
	org.netbeans.modules.parsing.impl.indexing.PathRegistry$Listener.pathsRemoved(PathRegistry.java:1218)
	java.base/jdk.internal.reflect.NativeMethodAccessorImpl.invoke0(Native Method)
	java.base/jdk.internal.reflect.NativeMethodAccessorImpl.invoke(NativeMethodAccessorImpl.java:77)
	java.base/jdk.internal.reflect.DelegatingMethodAccessorImpl.invoke(DelegatingMethodAccessorImpl.java:43)
	java.base/java.lang.reflect.Method.invoke(Method.java:568)
	org.openide.util.WeakListenerImpl$ProxyListener.invoke(WeakListenerImpl.java:461)
	jdk.proxy2/jdk.proxy2.$Proxy19.pathsRemoved(Unknown Source)
	org.netbeans.api.java.classpath.GlobalPathRegistry.unregister(GlobalPathRegistry.java:239)
	org.netbeans.modules.java.lsp.server.protocol.ServerTest$TestProjectFactory$1.projectClosed(ServerTest.java:5358)
	org.netbeans.spi.project.ui.ProjectOpenedHook$1.projectClosed(ProjectOpenedHook.java:64)
	org.netbeans.modules.project.ui.OpenProjectList.notifyClosed(OpenProjectList.java:1345)
	org.netbeans.modules.project.ui.OpenProjectList.access$2600(OpenProjectList.java:116)
	org.netbeans.modules.project.ui.OpenProjectList$15.run(OpenProjectList.java:1001)
	org.openide.util.RequestProcessor$Task.run(RequestProcessor.java:1420)
	org.netbeans.modules.openide.util.GlobalLookup.execute(GlobalLookup.java:45)
	org.openide.util.lookup.Lookups.executeWith(Lookups.java:287)
	org.openide.util.RequestProcessor$Processor.run(RequestProcessor.java:2035)
Changed ClassPaths:[/Users/atalati/vscode-extension/main-repo/javavscode/netbeans/java/java.lsp.server/build/test/unit/work/o.n.m.j.l.s.p.S/ac]

May 27, 2024 4:39:36 PM org.netbeans.modules.parsing.impl.indexing.LogContext log
INFO: SCAN_EXCEEDS_RATE ID: 4, Type:PATH
Time scheduled: Mon May 27 16:39:20 IST 2024
Time executed: Mon May 27 16:39:21 IST 2024
Time finished: Mon May 27 16:39:21 IST 2024
Scanned roots: [< root = nbjrt:file:/Library/Java/JavaVirtualMachines/jdk-17.0.8.jdk/Contents/Home/!/modules/jdk.management/; spent = 2; crawler = 0; res = -1; allRes = -1>
	 < root = nbjrt:file:/Library/Java/JavaVirtualMachines/jdk-17.0.8.jdk/Contents/Home/!/modules/jdk.management.jfr/; spent = 2; crawler = 0; res = -1; allRes = -1>
	 < root = nbjrt:file:/Library/Java/JavaVirtualMachines/jdk-17.0.8.jdk/Contents/Home/!/modules/java.scripting/; spent = 15386; crawler = 0; res = -1; allRes = -1>
	 < root = nbjrt:file:/Library/Java/JavaVirtualMachines/jdk-17.0.8.jdk/Contents/Home/!/modules/java.datatransfer/; spent = 15386; crawler = 0; res = -1; allRes = -1>
	 < root = nbjrt:file:/Library/Java/JavaVirtualMachines/jdk-17.0.8.jdk/Contents/Home/!/modules/jdk.unsupported.desktop/; spent = 1; crawler = 0; res = -1; allRes = -1>
	 < root = nbjrt:file:/Library/Java/JavaVirtualMachines/jdk-17.0.8.jdk/Contents/Home/!/modules/jdk.internal.ed/; spent = 1; crawler = 0; res = -1; allRes = -1>
	 < root = nbjrt:file:/Library/Java/JavaVirtualMachines/jdk-17.0.8.jdk/Contents/Home/!/modules/jdk.internal.opt/; spent = 15385; crawler = 0; res = -1; allRes = -1>
	 < root = nbjrt:file:/Library/Java/JavaVirtualMachines/jdk-17.0.8.jdk/Contents/Home/!/modules/jdk.internal.vm.compiler.management/; spent = 15385; crawler = 0; res = -1; allRes = -1>
	 < root = nbjrt:file:/Library/Java/JavaVirtualMachines/jdk-17.0.8.jdk/Contents/Home/!/modules/jdk.jsobject/; spent = 15385; crawler = 0; res = -1; allRes = -1>
	 < root = nbjrt:file:/Library/Java/JavaVirtualMachines/jdk-17.0.8.jdk/Contents/Home/!/modules/jdk.sctp/; spent = 15385; crawler = 0; res = -1; allRes = -1>
	 < root = nbjrt:file:/Library/Java/JavaVirtualMachines/jdk-17.0.8.jdk/Contents/Home/!/modules/jdk.unsupported/; spent = 1; crawler = 0; res = -1; allRes = -1>
	 < root = nbjrt:file:/Library/Java/JavaVirtualMachines/jdk-17.0.8.jdk/Contents/Home/!/modules/java.management/; spent = 1; crawler = 0; res = -1; allRes = -1>
	 < root = nbjrt:file:/Library/Java/JavaVirtualMachines/jdk-17.0.8.jdk/Contents/Home/!/modules/java.rmi/; spent = 15384; crawler = 0; res = -1; allRes = -1>
	 < root = nbjrt:file:/Library/Java/JavaVirtualMachines/jdk-17.0.8.jdk/Contents/Home/!/modules/jdk.naming.dns/; spent = 15384; crawler = 0; res = -1; allRes = -1>
	 < root = nbjrt:file:/Library/Java/JavaVirtualMachines/jdk-17.0.8.jdk/Contents/Home/!/modules/java.instrument/; spent = 15384; crawler = 0; res = -1; allRes = -1>
	 < root = nbjrt:file:/Library/Java/JavaVirtualMachines/jdk-17.0.8.jdk/Contents/Home/!/modules/jdk.crypto.ec/; spent = 1; crawler = 0; res = -1; allRes = -1>
	 < root = nbjrt:file:/Library/Java/JavaVirtualMachines/jdk-17.0.8.jdk/Contents/Home/!/modules/jdk.incubator.vector/; spent = 15383; crawler = 0; res = -1; allRes = -1>
	 < root = nbjrt:file:/Library/Java/JavaVirtualMachines/jdk-17.0.8.jdk/Contents/Home/!/modules/java.security.sasl/; spent = 15383; crawler = 0; res = -1; allRes = -1>
	 < root = nbjrt:file:/Library/Java/JavaVirtualMachines/jdk-17.0.8.jdk/Contents/Home/!/modules/jdk.editpad/; spent = 15383; crawler = 0; res = -1; allRes = -1>
	 < root = nbjrt:file:/Library/Java/JavaVirtualMachines/jdk-17.0.8.jdk/Contents/Home/!/modules/java.logging/; spent = 15383; crawler = 0; res = -1; allRes = -1>
	 < root = nbjrt:file:/Library/Java/JavaVirtualMachines/jdk-17.0.8.jdk/Contents/Home/!/modules/jdk.internal.le/; spent = 1; crawler = 0; res = -1; allRes = -1>
	 < root = nbjrt:file:/Library/Java/JavaVirtualMachines/jdk-17.0.8.jdk/Contents/Home/!/modules/jdk.jdwp.agent/; spent = 15382; crawler = 0; res = -1; allRes = -1>
	 < root = nbjrt:file:/Library/Java/JavaVirtualMachines/jdk-17.0.8.jdk/Contents/Home/!/modules/java.security.jgss/; spent = 15382; crawler = 0; res = -1; allRes = -1>
	 < root = nbjrt:file:/Library/Java/JavaVirtualMachines/jdk-17.0.8.jdk/Contents/Home/!/modules/jdk.incubator.foreign/; spent = 15382; crawler = 0; res = -1; allRes = -1>
	 < root = nbjrt:file:/Library/Java/JavaVirtualMachines/jdk-17.0.8.jdk/Contents/Home/!/modules/jdk.nio.mapmode/; spent = 1; crawler = 0; res = -1; allRes = -1>
	 < root = nbjrt:file:/Library/Java/JavaVirtualMachines/jdk-17.0.8.jdk/Contents/Home/!/modules/jdk.zipfs/; spent = 1; crawler = 0; res = -1; allRes = -1>
	 < root = nbjrt:file:/Library/Java/JavaVirtualMachines/jdk-17.0.8.jdk/Contents/Home/!/modules/java.management.rmi/; spent = 15381; crawler = 0; res = -1; allRes = -1>
	 < root = nbjrt:file:/Library/Java/JavaVirtualMachines/jdk-17.0.8.jdk/Contents/Home/!/modules/java.naming/; spent = 15381; crawler = 0; res = -1; allRes = -1>
	 < root = nbjrt:file:/Library/Java/JavaVirtualMachines/jdk-17.0.8.jdk/Contents/Home/!/modules/jdk.localedata/; spent = 15381; crawler = 0; res = -1; allRes = -1>
	 < root = nbjrt:file:/Library/Java/JavaVirtualMachines/jdk-17.0.8.jdk/Contents/Home/!/modules/java.desktop/; spent = 1; crawler = 0; res = -1; allRes = -1>
	 < root = nbjrt:file:/Library/Java/JavaVirtualMachines/jdk-17.0.8.jdk/Contents/Home/!/modules/jdk.internal.jvmstat/; spent = 15380; crawler = 0; res = -1; allRes = -1>
	 < root = nbjrt:file:/Library/Java/JavaVirtualMachines/jdk-17.0.8.jdk/Contents/Home/!/modules/java.base/; spent = 15380; crawler = 0; res = -1; allRes = -1>
	 < root = nbjrt:file:/Library/Java/JavaVirtualMachines/jdk-17.0.8.jdk/Contents/Home/!/modules/jdk.jlink/; spent = 15380; crawler = 0; res = -1; allRes = -1>
	 < root = nbjrt:file:/Library/Java/JavaVirtualMachines/jdk-17.0.8.jdk/Contents/Home/!/modules/jdk.security.jgss/; spent = 15380; crawler = 0; res = -1; allRes = -1>
	 < root = nbjrt:file:/Library/Java/JavaVirtualMachines/jdk-17.0.8.jdk/Contents/Home/!/modules/jdk.hotspot.agent/; spent = 1; crawler = 0; res = -1; allRes = -1>
	 < root = nbjrt:file:/Library/Java/JavaVirtualMachines/jdk-17.0.8.jdk/Contents/Home/!/modules/jdk.jcmd/; spent = 1; crawler = 0; res = -1; allRes = -1>
	 < root = nbjrt:file:/Library/Java/JavaVirtualMachines/jdk-17.0.8.jdk/Contents/Home/!/modules/jdk.jpackage/; spent = 15379; crawler = 0; res = -1; allRes = -1>
	 < root = nbjrt:file:/Library/Java/JavaVirtualMachines/jdk-17.0.8.jdk/Contents/Home/!/modules/jdk.xml.dom/; spent = 15379; crawler = 0; res = -1; allRes = -1>
	 < root = nbjrt:file:/Library/Java/JavaVirtualMachines/jdk-17.0.8.jdk/Contents/Home/!/modules/java.sql.rowset/; spent = 1; crawler = 0; res = -1; allRes = -1>
	 < root = nbjrt:file:/Library/Java/JavaVirtualMachines/jdk-17.0.8.jdk/Contents/Home/!/modules/jdk.jshell/; spent = 1; crawler = 0; res = -1; allRes = -1>
	 < root = nbjrt:file:/Library/Java/JavaVirtualMachines/jdk-17.0.8.jdk/Contents/Home/!/modules/java.xml.crypto/; spent = 15378; crawler = 0; res = -1; allRes = -1>
	 < root = nbjrt:file:/Library/Java/JavaVirtualMachines/jdk-17.0.8.jdk/Contents/Home/!/modules/jdk.security.auth/; spent = 15378; crawler = 0; res = -1; allRes = -1>
	 < root = nbjrt:file:/Library/Java/JavaVirtualMachines/jdk-17.0.8.jdk/Contents/Home/!/modules/jdk.jdeps/; spent = 1; crawler = 0; res = -1; allRes = -1>
	 < root = nbjrt:file:/Library/Java/JavaVirtualMachines/jdk-17.0.8.jdk/Contents/Home/!/modules/jdk.management.agent/; spent = 1; crawler = 0; res = -1; allRes = -1>
	 < root = nbjrt:file:/Library/Java/JavaVirtualMachines/jdk-17.0.8.jdk/Contents/Home/!/modules/java.smartcardio/; spent = 15377; crawler = 0; res = -1; allRes = -1>
	 < root = nbjrt:file:/Library/Java/JavaVirtualMachines/jdk-17.0.8.jdk/Contents/Home/!/modules/java.sql/; spent = 15377; crawler = 0; res = -1; allRes = -1>
	 < root = nbjrt:file:/Library/Java/JavaVirtualMachines/jdk-17.0.8.jdk/Contents/Home/!/modules/java.net.http/; spent = 1; crawler = 0; res = -1; allRes = -1>
	 < root = nbjrt:file:/Library/Java/JavaVirtualMachines/jdk-17.0.8.jdk/Contents/Home/!/modules/jdk.naming.rmi/; spent = 1; crawler = 0; res = -1; allRes = -1>
	 < root = nbjrt:file:/Library/Java/JavaVirtualMachines/jdk-17.0.8.jdk/Contents/Home/!/modules/jdk.accessibility/; spent = 15376; crawler = 0; res = -1; allRes = -1>
	 < root = nbjrt:file:/Library/Java/JavaVirtualMachines/jdk-17.0.8.jdk/Contents/Home/!/modules/java.xml/; spent = 15375; crawler = 0; res = -1; allRes = -1>
	 < root = nbjrt:file:/Library/Java/JavaVirtualMachines/jdk-17.0.8.jdk/Contents/Home/!/modules/jdk.random/; spent = 1; crawler = 0; res = -1; allRes = -1>
	 < root = nbjrt:file:/Library/Java/JavaVirtualMachines/jdk-17.0.8.jdk/Contents/Home/!/modules/jdk.jconsole/; spent = 15375; crawler = 0; res = -1; allRes = -1>
	 < root = nbjrt:file:/Library/Java/JavaVirtualMachines/jdk-17.0.8.jdk/Contents/Home/!/modules/jdk.crypto.cryptoki/; spent = 1; crawler = 0; res = -1; allRes = -1>
	 < root = nbjrt:file:/Library/Java/JavaVirtualMachines/jdk-17.0.8.jdk/Contents/Home/!/modules/java.compiler/; spent = 1; crawler = 0; res = -1; allRes = -1>
	 < root = nbjrt:file:/Library/Java/JavaVirtualMachines/jdk-17.0.8.jdk/Contents/Home/!/modules/jdk.internal.vm.ci/; spent = 15374; crawler = 0; res = -1; allRes = -1>
	 < root = nbjrt:file:/Library/Java/JavaVirtualMachines/jdk-17.0.8.jdk/Contents/Home/!/modules/jdk.jdi/; spent = 15374; crawler = 0; res = -1; allRes = -1>
	 < root = nbjrt:file:/Library/Java/JavaVirtualMachines/jdk-17.0.8.jdk/Contents/Home/!/modules/java.transaction.xa/; spent = 1; crawler = 0; res = -1; allRes = -1>
	 < root = nbjrt:file:/Library/Java/JavaVirtualMachines/jdk-17.0.8.jdk/Contents/Home/!/modules/jdk.internal.vm.compiler/; spent = 1; crawler = 0; res = -1; allRes = -1>
	 < root = nbjrt:file:/Library/Java/JavaVirtualMachines/jdk-17.0.8.jdk/Contents/Home/!/modules/jdk.attach/; spent = 15373; crawler = 0; res = -1; allRes = -1>
	 < root = nbjrt:file:/Library/Java/JavaVirtualMachines/jdk-17.0.8.jdk/Contents/Home/!/modules/jdk.dynalink/; spent = 15373; crawler = 0; res = -1; allRes = -1>
	 < root = nbjrt:file:/Library/Java/JavaVirtualMachines/jdk-17.0.8.jdk/Contents/Home/!/modules/jdk.javadoc/; spent = 15373; crawler = 0; res = -1; allRes = -1>
	 < root = nbjrt:file:/Library/Java/JavaVirtualMachines/jdk-17.0.8.jdk/Contents/Home/!/modules/jdk.httpserver/; spent = 1; crawler = 0; res = -1; allRes = -1>
	 < root = nbjrt:file:/Library/Java/JavaVirtualMachines/jdk-17.0.8.jdk/Contents/Home/!/modules/jdk.jartool/; spent = 1; crawler = 0; res = -1; allRes = -1>
	 < root = nbjrt:file:/Library/Java/JavaVirtualMachines/jdk-17.0.8.jdk/Contents/Home/!/modules/java.prefs/; spent = 15372; crawler = 0; res = -1; allRes = -1>
	 < root = nbjrt:file:/Library/Java/JavaVirtualMachines/jdk-17.0.8.jdk/Contents/Home/!/modules/jdk.net/; spent = 15372; crawler = 0; res = -1; allRes = -1>
	 < root = nbjrt:file:/Library/Java/JavaVirtualMachines/jdk-17.0.8.jdk/Contents/Home/!/modules/jdk.jstatd/; spent = 15372; crawler = 0; res = -1; allRes = -1>
	 < root = nbjrt:file:/Library/Java/JavaVirtualMachines/jdk-17.0.8.jdk/Contents/Home/!/modules/jdk.compiler/; spent = 1; crawler = 0; res = -1; allRes = -1>
	 < root = nbjrt:file:/Library/Java/JavaVirtualMachines/jdk-17.0.8.jdk/Contents/Home/!/modules/java.se/; spent = 1; crawler = 0; res = -1; allRes = -1>
	 < root = nbjrt:file:/Library/Java/JavaVirtualMachines/jdk-17.0.8.jdk/Contents/Home/!/modules/jdk.charsets/; spent = 15371; crawler = 0; res = -1; allRes = -1>
	 < root = nbjrt:file:/Library/Java/JavaVirtualMachines/jdk-17.0.8.jdk/Contents/Home/!/modules/jdk.jfr/; spent = 15371; crawler = 0; res = -1; allRes = -1>
	 < root = file:/Users/atalati/vscode-extension/main-repo/javavscode/netbeans/java/java.lsp.server/build/test/unit/work/o.n.m.j.l.s.p.S/rdccro/; spent = 66; crawler = 1; res = 3; allRes = 3>]
, total time: 96
Current root(s): []
Current indexer(s): 
Time spent in indexers:
	LSPServerTelemetry: 1
	java: 75
	java-launcher-compiler-options: 0
	org-netbeans-modules-jumpto-file-FileIndexer: 0
	org.netbeans.modules.java.source.indexing.COSSynchronizingIndexer: 1
	tests: 0
	text/x-java: 4
Time spent in indexers, in individual roots:
	nbjrt:file:/Library/Java/JavaVirtualMachines/jdk-17.0.8.jdk/Contents/Home/!/modules/jdk.management/
		java: 1
	nbjrt:file:/Library/Java/JavaVirtualMachines/jdk-17.0.8.jdk/Contents/Home/!/modules/jdk.management.jfr/
		java: 2
	nbjrt:file:/Library/Java/JavaVirtualMachines/jdk-17.0.8.jdk/Contents/Home/!/modules/java.scripting/
		java: 0
	nbjrt:file:/Library/Java/JavaVirtualMachines/jdk-17.0.8.jdk/Contents/Home/!/modules/java.datatransfer/
		java: 0
	nbjrt:file:/Library/Java/JavaVirtualMachines/jdk-17.0.8.jdk/Contents/Home/!/modules/jdk.unsupported.desktop/
		java: 1
	nbjrt:file:/Library/Java/JavaVirtualMachines/jdk-17.0.8.jdk/Contents/Home/!/modules/jdk.internal.ed/
		java: 1
	nbjrt:file:/Library/Java/JavaVirtualMachines/jdk-17.0.8.jdk/Contents/Home/!/modules/jdk.internal.opt/
		java: 0
	nbjrt:file:/Library/Java/JavaVirtualMachines/jdk-17.0.8.jdk/Contents/Home/!/modules/jdk.internal.vm.compiler.management/
		java: 0
	nbjrt:file:/Library/Java/JavaVirtualMachines/jdk-17.0.8.jdk/Contents/Home/!/modules/jdk.jsobject/
		java: 0
	nbjrt:file:/Library/Java/JavaVirtualMachines/jdk-17.0.8.jdk/Contents/Home/!/modules/jdk.sctp/
		java: 0
	nbjrt:file:/Library/Java/JavaVirtualMachines/jdk-17.0.8.jdk/Contents/Home/!/modules/jdk.unsupported/
		java: 1
	nbjrt:file:/Library/Java/JavaVirtualMachines/jdk-17.0.8.jdk/Contents/Home/!/modules/java.management/
		java: 1
	nbjrt:file:/Library/Java/JavaVirtualMachines/jdk-17.0.8.jdk/Contents/Home/!/modules/java.rmi/
		java: 0
	nbjrt:file:/Library/Java/JavaVirtualMachines/jdk-17.0.8.jdk/Contents/Home/!/modules/jdk.naming.dns/
		java: 0
	nbjrt:file:/Library/Java/JavaVirtualMachines/jdk-17.0.8.jdk/Contents/Home/!/modules/java.instrument/
		java: 0
	nbjrt:file:/Library/Java/JavaVirtualMachines/jdk-17.0.8.jdk/Contents/Home/!/modules/jdk.crypto.ec/
		java: 1
	nbjrt:file:/Library/Java/JavaVirtualMachines/jdk-17.0.8.jdk/Contents/Home/!/modules/jdk.incubator.vector/
		java: 0
	nbjrt:file:/Library/Java/JavaVirtualMachines/jdk-17.0.8.jdk/Contents/Home/!/modules/java.security.sasl/
		java: 0
	nbjrt:file:/Library/Java/JavaVirtualMachines/jdk-17.0.8.jdk/Contents/Home/!/modules/jdk.editpad/
		java: 0
	nbjrt:file:/Library/Java/JavaVirtualMachines/jdk-17.0.8.jdk/Contents/Home/!/modules/java.logging/
		java: 0
	nbjrt:file:/Library/Java/JavaVirtualMachines/jdk-17.0.8.jdk/Contents/Home/!/modules/jdk.internal.le/
		java: 1
	nbjrt:file:/Library/Java/JavaVirtualMachines/jdk-17.0.8.jdk/Contents/Home/!/modules/jdk.jdwp.agent/
		java: 0
	nbjrt:file:/Library/Java/JavaVirtualMachines/jdk-17.0.8.jdk/Contents/Home/!/modules/java.security.jgss/
		java: 0
	nbjrt:file:/Library/Java/JavaVirtualMachines/jdk-17.0.8.jdk/Contents/Home/!/modules/jdk.incubator.foreign/
		java: 0
	nbjrt:file:/Library/Java/JavaVirtualMachines/jdk-17.0.8.jdk/Contents/Home/!/modules/jdk.nio.mapmode/
		java: 0
	nbjrt:file:/Library/Java/JavaVirtualMachines/jdk-17.0.8.jdk/Contents/Home/!/modules/jdk.zipfs/
		java: 1
	nbjrt:file:/Library/Java/JavaVirtualMachines/jdk-17.0.8.jdk/Contents/Home/!/modules/java.management.rmi/
		java: 0
	nbjrt:file:/Library/Java/JavaVirtualMachines/jdk-17.0.8.jdk/Contents/Home/!/modules/java.naming/
		java: 0
	nbjrt:file:/Library/Java/JavaVirtualMachines/jdk-17.0.8.jdk/Contents/Home/!/modules/jdk.localedata/
		java: 0
	nbjrt:file:/Library/Java/JavaVirtualMachines/jdk-17.0.8.jdk/Contents/Home/!/modules/java.desktop/
		java: 1
	nbjrt:file:/Library/Java/JavaVirtualMachines/jdk-17.0.8.jdk/Contents/Home/!/modules/jdk.internal.jvmstat/
		java: 0
	nbjrt:file:/Library/Java/JavaVirtualMachines/jdk-17.0.8.jdk/Contents/Home/!/modules/java.base/
		java: 0
	nbjrt:file:/Library/Java/JavaVirtualMachines/jdk-17.0.8.jdk/Contents/Home/!/modules/jdk.jlink/
		java: 0
	nbjrt:file:/Library/Java/JavaVirtualMachines/jdk-17.0.8.jdk/Contents/Home/!/modules/jdk.security.jgss/
		java: 0
	nbjrt:file:/Library/Java/JavaVirtualMachines/jdk-17.0.8.jdk/Contents/Home/!/modules/jdk.hotspot.agent/
		java: 1
	nbjrt:file:/Library/Java/JavaVirtualMachines/jdk-17.0.8.jdk/Contents/Home/!/modules/jdk.jcmd/
		java: 0
	nbjrt:file:/Library/Java/JavaVirtualMachines/jdk-17.0.8.jdk/Contents/Home/!/modules/jdk.jpackage/
		java: 0
	nbjrt:file:/Library/Java/JavaVirtualMachines/jdk-17.0.8.jdk/Contents/Home/!/modules/jdk.xml.dom/
		java: 0
	nbjrt:file:/Library/Java/JavaVirtualMachines/jdk-17.0.8.jdk/Contents/Home/!/modules/java.sql.rowset/
		java: 1
	nbjrt:file:/Library/Java/JavaVirtualMachines/jdk-17.0.8.jdk/Contents/Home/!/modules/jdk.jshell/
		java: 1
	nbjrt:file:/Library/Java/JavaVirtualMachines/jdk-17.0.8.jdk/Contents/Home/!/modules/java.xml.crypto/
		java: 0
	nbjrt:file:/Library/Java/JavaVirtualMachines/jdk-17.0.8.jdk/Contents/Home/!/modules/jdk.security.auth/
		java: 0
	nbjrt:file:/Library/Java/JavaVirtualMachines/jdk-17.0.8.jdk/Contents/Home/!/modules/jdk.jdeps/
		java: 1
	nbjrt:file:/Library/Java/JavaVirtualMachines/jdk-17.0.8.jdk/Contents/Home/!/modules/jdk.management.agent/
		java: 1
	nbjrt:file:/Library/Java/JavaVirtualMachines/jdk-17.0.8.jdk/Contents/Home/!/modules/java.smartcardio/
		java: 0
	nbjrt:file:/Library/Java/JavaVirtualMachines/jdk-17.0.8.jdk/Contents/Home/!/modules/java.sql/
		java: 0
	nbjrt:file:/Library/Java/JavaVirtualMachines/jdk-17.0.8.jdk/Contents/Home/!/modules/java.net.http/
		java: 0
	nbjrt:file:/Library/Java/JavaVirtualMachines/jdk-17.0.8.jdk/Contents/Home/!/modules/jdk.naming.rmi/
		java: 1
	nbjrt:file:/Library/Java/JavaVirtualMachines/jdk-17.0.8.jdk/Contents/Home/!/modules/jdk.accessibility/
		java: 0
	nbjrt:file:/Library/Java/JavaVirtualMachines/jdk-17.0.8.jdk/Contents/Home/!/modules/java.xml/
		java: 0
	nbjrt:file:/Library/Java/JavaVirtualMachines/jdk-17.0.8.jdk/Contents/Home/!/modules/jdk.random/
		java: 1
	nbjrt:file:/Library/Java/JavaVirtualMachines/jdk-17.0.8.jdk/Contents/Home/!/modules/jdk.jconsole/
		java: 0
	nbjrt:file:/Library/Java/JavaVirtualMachines/jdk-17.0.8.jdk/Contents/Home/!/modules/jdk.crypto.cryptoki/
		java: 1
	nbjrt:file:/Library/Java/JavaVirtualMachines/jdk-17.0.8.jdk/Contents/Home/!/modules/java.compiler/
		java: 1
	nbjrt:file:/Library/Java/JavaVirtualMachines/jdk-17.0.8.jdk/Contents/Home/!/modules/jdk.internal.vm.ci/
		java: 0
	nbjrt:file:/Library/Java/JavaVirtualMachines/jdk-17.0.8.jdk/Contents/Home/!/modules/jdk.jdi/
		java: 0
	nbjrt:file:/Library/Java/JavaVirtualMachines/jdk-17.0.8.jdk/Contents/Home/!/modules/java.transaction.xa/
		java: 0
	nbjrt:file:/Library/Java/JavaVirtualMachines/jdk-17.0.8.jdk/Contents/Home/!/modules/jdk.internal.vm.compiler/
		java: 1
	nbjrt:file:/Library/Java/JavaVirtualMachines/jdk-17.0.8.jdk/Contents/Home/!/modules/jdk.attach/
		java: 0
	nbjrt:file:/Library/Java/JavaVirtualMachines/jdk-17.0.8.jdk/Contents/Home/!/modules/jdk.dynalink/
		java: 0
	nbjrt:file:/Library/Java/JavaVirtualMachines/jdk-17.0.8.jdk/Contents/Home/!/modules/jdk.javadoc/
		java: 0
	nbjrt:file:/Library/Java/JavaVirtualMachines/jdk-17.0.8.jdk/Contents/Home/!/modules/jdk.httpserver/
		java: 1
	nbjrt:file:/Library/Java/JavaVirtualMachines/jdk-17.0.8.jdk/Contents/Home/!/modules/jdk.jartool/
		java: 1
	nbjrt:file:/Library/Java/JavaVirtualMachines/jdk-17.0.8.jdk/Contents/Home/!/modules/java.prefs/
		java: 0
	nbjrt:file:/Library/Java/JavaVirtualMachines/jdk-17.0.8.jdk/Contents/Home/!/modules/jdk.net/
		java: 0
	nbjrt:file:/Library/Java/JavaVirtualMachines/jdk-17.0.8.jdk/Contents/Home/!/modules/jdk.jstatd/
		java: 0
	nbjrt:file:/Library/Java/JavaVirtualMachines/jdk-17.0.8.jdk/Contents/Home/!/modules/jdk.compiler/
		java: 1
	nbjrt:file:/Library/Java/JavaVirtualMachines/jdk-17.0.8.jdk/Contents/Home/!/modules/java.se/
		java: 1
	nbjrt:file:/Library/Java/JavaVirtualMachines/jdk-17.0.8.jdk/Contents/Home/!/modules/jdk.charsets/
		java: 0
	nbjrt:file:/Library/Java/JavaVirtualMachines/jdk-17.0.8.jdk/Contents/Home/!/modules/jdk.jfr/
		java: 0
	file:/Users/atalati/vscode-extension/main-repo/javavscode/netbeans/java/java.lsp.server/build/test/unit/work/o.n.m.j.l.s.p.S/rdccro/
		LSPServerTelemetry: 1
		java: 50
		java-launcher-compiler-options: 0
		org-netbeans-modules-jumpto-file-FileIndexer: 0
		org.netbeans.modules.java.source.indexing.COSSynchronizingIndexer: 1
		tests: 0
		text/x-java: 4
Time in index store: 2
Time crawling: 2
Stacktrace:
	java.base/java.lang.Thread.getStackTrace(Thread.java:1610)
	org.netbeans.modules.parsing.impl.indexing.LogContext.create(LogContext.java:111)
	org.netbeans.modules.parsing.impl.indexing.LogContext.create(LogContext.java:102)
	org.netbeans.modules.parsing.impl.indexing.PathRegistry.scheduleFirer(PathRegistry.java:938)
	org.netbeans.modules.parsing.impl.indexing.PathRegistry.resetCacheAndFire(PathRegistry.java:931)
	org.netbeans.modules.parsing.impl.indexing.PathRegistry.access$500(PathRegistry.java:68)
	org.netbeans.modules.parsing.impl.indexing.PathRegistry$Listener.pathsAdded(PathRegistry.java:1206)
	java.base/jdk.internal.reflect.NativeMethodAccessorImpl.invoke0(Native Method)
	java.base/jdk.internal.reflect.NativeMethodAccessorImpl.invoke(NativeMethodAccessorImpl.java:77)
	java.base/jdk.internal.reflect.DelegatingMethodAccessorImpl.invoke(DelegatingMethodAccessorImpl.java:43)
	java.base/java.lang.reflect.Method.invoke(Method.java:568)
	org.openide.util.WeakListenerImpl$ProxyListener.invoke(WeakListenerImpl.java:461)
	jdk.proxy2/jdk.proxy2.$Proxy19.pathsAdded(Unknown Source)
	org.netbeans.api.java.classpath.GlobalPathRegistry.register(GlobalPathRegistry.java:206)
	org.netbeans.modules.java.lsp.server.protocol.ServerTest$TestProjectFactory$1.projectOpened(ServerTest.java:5353)
	org.netbeans.spi.project.ui.ProjectOpenedHook$1.projectOpened(ProjectOpenedHook.java:60)
	org.netbeans.modules.project.ui.OpenProjectList.notifyOpened(OpenProjectList.java:1321)
	org.netbeans.modules.project.ui.OpenProjectList.doOpenProject(OpenProjectList.java:1402)
	org.netbeans.modules.project.ui.OpenProjectList.open(OpenProjectList.java:848)
	org.netbeans.modules.project.ui.OpenProjectList.open(OpenProjectList.java:682)
	org.netbeans.modules.project.ui.OpenProjectList.open(OpenProjectList.java:643)
	org.netbeans.modules.project.ui.OpenProjectsTrampolineImpl.openAPI(OpenProjectsTrampolineImpl.java:56)
	org.netbeans.api.project.ui.OpenProjects.open(OpenProjects.java:173)
	org.netbeans.modules.java.lsp.server.protocol.Server$LanguageServerImpl.lambda$asyncOpenSelectedProjects1$9(Server.java:713)
	java.base/java.util.concurrent.CompletableFuture.uniRunNow(CompletableFuture.java:819)
	java.base/java.util.concurrent.CompletableFuture.uniRunStage(CompletableFuture.java:803)
	java.base/java.util.concurrent.CompletableFuture.thenRun(CompletableFuture.java:2195)
	org.netbeans.modules.java.lsp.server.protocol.Server$LanguageServerImpl.asyncOpenSelectedProjects1(Server.java:703)
	org.netbeans.modules.java.lsp.server.protocol.Server$LanguageServerImpl.asyncOpenSelectedProjects0(Server.java:642)
	org.netbeans.modules.java.lsp.server.protocol.Server$LanguageServerImpl.lambda$initialize$15(Server.java:949)
	org.openide.util.RequestProcessor$Task.run(RequestProcessor.java:1420)
	org.netbeans.modules.openide.util.GlobalLookup.execute(GlobalLookup.java:45)
	org.openide.util.lookup.Lookups.executeWith(Lookups.java:287)
	org.openide.util.RequestProcessor$Processor.run(RequestProcessor.java:2035)
Changed ClassPaths:[/Users/atalati/vscode-extension/main-repo/javavscode/netbeans/java/java.lsp.server/build/test/unit/work/o.n.m.j.l.s.p.S/rdccro]

May 27, 2024 4:39:36 PM org.netbeans.modules.parsing.impl.indexing.LogContext log
INFO: SCAN_EXCEEDS_RATE ID: 5, Type:PATH
Time scheduled: Mon May 27 16:39:21 IST 2024
Time executed: Mon May 27 16:39:22 IST 2024
Time finished: Mon May 27 16:39:22 IST 2024
Scanned roots: []
, total time: 0
Current root(s): []
Current indexer(s): 
Time spent in indexers:
Time spent in indexers, in individual roots:
Time in index store: 0
Time crawling: 0
Stacktrace:
	java.base/java.lang.Thread.getStackTrace(Thread.java:1610)
	org.netbeans.modules.parsing.impl.indexing.LogContext.create(LogContext.java:111)
	org.netbeans.modules.parsing.impl.indexing.LogContext.create(LogContext.java:102)
	org.netbeans.modules.parsing.impl.indexing.PathRegistry.scheduleFirer(PathRegistry.java:938)
	org.netbeans.modules.parsing.impl.indexing.PathRegistry.resetCacheAndFire(PathRegistry.java:931)
	org.netbeans.modules.parsing.impl.indexing.PathRegistry.access$500(PathRegistry.java:68)
	org.netbeans.modules.parsing.impl.indexing.PathRegistry$Listener.pathsRemoved(PathRegistry.java:1218)
	java.base/jdk.internal.reflect.NativeMethodAccessorImpl.invoke0(Native Method)
	java.base/jdk.internal.reflect.NativeMethodAccessorImpl.invoke(NativeMethodAccessorImpl.java:77)
	java.base/jdk.internal.reflect.DelegatingMethodAccessorImpl.invoke(DelegatingMethodAccessorImpl.java:43)
	java.base/java.lang.reflect.Method.invoke(Method.java:568)
	org.openide.util.WeakListenerImpl$ProxyListener.invoke(WeakListenerImpl.java:461)
	jdk.proxy2/jdk.proxy2.$Proxy19.pathsRemoved(Unknown Source)
	org.netbeans.api.java.classpath.GlobalPathRegistry.unregister(GlobalPathRegistry.java:239)
	org.netbeans.modules.java.lsp.server.protocol.ServerTest$TestProjectFactory$1.projectClosed(ServerTest.java:5358)
	org.netbeans.spi.project.ui.ProjectOpenedHook$1.projectClosed(ProjectOpenedHook.java:64)
	org.netbeans.modules.project.ui.OpenProjectList.notifyClosed(OpenProjectList.java:1345)
	org.netbeans.modules.project.ui.OpenProjectList.access$2600(OpenProjectList.java:116)
	org.netbeans.modules.project.ui.OpenProjectList$15.run(OpenProjectList.java:1001)
	org.openide.util.RequestProcessor$Task.run(RequestProcessor.java:1420)
	org.netbeans.modules.openide.util.GlobalLookup.execute(GlobalLookup.java:45)
	org.openide.util.lookup.Lookups.executeWith(Lookups.java:287)
	org.openide.util.RequestProcessor$Processor.run(RequestProcessor.java:2035)
Changed ClassPaths:[/Users/atalati/vscode-extension/main-repo/javavscode/netbeans/java/java.lsp.server/build/test/unit/work/o.n.m.j.l.s.p.S/rdccro]

May 27, 2024 4:39:36 PM org.netbeans.modules.parsing.impl.indexing.LogContext log
INFO: SCAN_EXCEEDS_RATE ID: 8, Type:PATH
Time scheduled: Mon May 27 16:39:23 IST 2024
Time executed: Mon May 27 16:39:23 IST 2024
Time finished: Mon May 27 16:39:23 IST 2024
Scanned roots: [< root = nbjrt:file:/Library/Java/JavaVirtualMachines/jdk-17.0.8.jdk/Contents/Home/!/modules/jdk.management/; spent = 2; crawler = 0; res = -1; allRes = -1>
	 < root = nbjrt:file:/Library/Java/JavaVirtualMachines/jdk-17.0.8.jdk/Contents/Home/!/modules/jdk.management.jfr/; spent = 2; crawler = 0; res = -1; allRes = -1>
	 < root = nbjrt:file:/Library/Java/JavaVirtualMachines/jdk-17.0.8.jdk/Contents/Home/!/modules/java.scripting/; spent = 1; crawler = 0; res = -1; allRes = -1>
	 < root = nbjrt:file:/Library/Java/JavaVirtualMachines/jdk-17.0.8.jdk/Contents/Home/!/modules/java.datatransfer/; spent = 1; crawler = 0; res = -1; allRes = -1>
	 < root = nbjrt:file:/Library/Java/JavaVirtualMachines/jdk-17.0.8.jdk/Contents/Home/!/modules/jdk.unsupported.desktop/; spent = 1; crawler = 0; res = -1; allRes = -1>
	 < root = nbjrt:file:/Library/Java/JavaVirtualMachines/jdk-17.0.8.jdk/Contents/Home/!/modules/jdk.internal.ed/; spent = 1; crawler = 0; res = -1; allRes = -1>
	 < root = nbjrt:file:/Library/Java/JavaVirtualMachines/jdk-17.0.8.jdk/Contents/Home/!/modules/jdk.internal.vm.compiler.management/; spent = 1; crawler = 0; res = -1; allRes = -1>
	 < root = nbjrt:file:/Library/Java/JavaVirtualMachines/jdk-17.0.8.jdk/Contents/Home/!/modules/jdk.internal.opt/; spent = 1; crawler = 0; res = -1; allRes = -1>
	 < root = nbjrt:file:/Library/Java/JavaVirtualMachines/jdk-17.0.8.jdk/Contents/Home/!/modules/jdk.jsobject/; spent = 13008; crawler = 0; res = -1; allRes = -1>
	 < root = nbjrt:file:/Library/Java/JavaVirtualMachines/jdk-17.0.8.jdk/Contents/Home/!/modules/jdk.sctp/; spent = 1; crawler = 0; res = -1; allRes = -1>
	 < root = nbjrt:file:/Library/Java/JavaVirtualMachines/jdk-17.0.8.jdk/Contents/Home/!/modules/jdk.unsupported/; spent = 1; crawler = 0; res = -1; allRes = -1>
	 < root = nbjrt:file:/Library/Java/JavaVirtualMachines/jdk-17.0.8.jdk/Contents/Home/!/modules/java.management/; spent = 13007; crawler = 0; res = -1; allRes = -1>
	 < root = nbjrt:file:/Library/Java/JavaVirtualMachines/jdk-17.0.8.jdk/Contents/Home/!/modules/java.rmi/; spent = 1; crawler = 0; res = -1; allRes = -1>
	 < root = nbjrt:file:/Library/Java/JavaVirtualMachines/jdk-17.0.8.jdk/Contents/Home/!/modules/jdk.naming.dns/; spent = 1; crawler = 0; res = -1; allRes = -1>
	 < root = nbjrt:file:/Library/Java/JavaVirtualMachines/jdk-17.0.8.jdk/Contents/Home/!/modules/java.instrument/; spent = 1; crawler = 0; res = -1; allRes = -1>
	 < root = nbjrt:file:/Library/Java/JavaVirtualMachines/jdk-17.0.8.jdk/Contents/Home/!/modules/jdk.crypto.ec/; spent = 1; crawler = 0; res = -1; allRes = -1>
	 < root = nbjrt:file:/Library/Java/JavaVirtualMachines/jdk-17.0.8.jdk/Contents/Home/!/modules/jdk.incubator.vector/; spent = 1; crawler = 0; res = -1; allRes = -1>
	 < root = nbjrt:file:/Library/Java/JavaVirtualMachines/jdk-17.0.8.jdk/Contents/Home/!/modules/java.security.sasl/; spent = 1; crawler = 0; res = -1; allRes = -1>
	 < root = nbjrt:file:/Library/Java/JavaVirtualMachines/jdk-17.0.8.jdk/Contents/Home/!/modules/jdk.editpad/; spent = 13004; crawler = 0; res = -1; allRes = -1>
	 < root = nbjrt:file:/Library/Java/JavaVirtualMachines/jdk-17.0.8.jdk/Contents/Home/!/modules/java.logging/; spent = 1; crawler = 0; res = -1; allRes = -1>
	 < root = nbjrt:file:/Library/Java/JavaVirtualMachines/jdk-17.0.8.jdk/Contents/Home/!/modules/jdk.internal.le/; spent = 1; crawler = 0; res = -1; allRes = -1>
	 < root = nbjrt:file:/Library/Java/JavaVirtualMachines/jdk-17.0.8.jdk/Contents/Home/!/modules/jdk.jdwp.agent/; spent = 13003; crawler = 0; res = -1; allRes = -1>
	 < root = nbjrt:file:/Library/Java/JavaVirtualMachines/jdk-17.0.8.jdk/Contents/Home/!/modules/java.security.jgss/; spent = 1; crawler = 0; res = -1; allRes = -1>
	 < root = nbjrt:file:/Library/Java/JavaVirtualMachines/jdk-17.0.8.jdk/Contents/Home/!/modules/jdk.incubator.foreign/; spent = 1; crawler = 0; res = -1; allRes = -1>
	 < root = nbjrt:file:/Library/Java/JavaVirtualMachines/jdk-17.0.8.jdk/Contents/Home/!/modules/jdk.nio.mapmode/; spent = 1; crawler = 0; res = -1; allRes = -1>
	 < root = nbjrt:file:/Library/Java/JavaVirtualMachines/jdk-17.0.8.jdk/Contents/Home/!/modules/jdk.zipfs/; spent = 1; crawler = 0; res = -1; allRes = -1>
	 < root = nbjrt:file:/Library/Java/JavaVirtualMachines/jdk-17.0.8.jdk/Contents/Home/!/modules/java.management.rmi/; spent = 13001; crawler = 0; res = -1; allRes = -1>
	 < root = nbjrt:file:/Library/Java/JavaVirtualMachines/jdk-17.0.8.jdk/Contents/Home/!/modules/java.naming/; spent = 1; crawler = 0; res = -1; allRes = -1>
	 < root = nbjrt:file:/Library/Java/JavaVirtualMachines/jdk-17.0.8.jdk/Contents/Home/!/modules/jdk.localedata/; spent = 1; crawler = 0; res = -1; allRes = -1>
	 < root = nbjrt:file:/Library/Java/JavaVirtualMachines/jdk-17.0.8.jdk/Contents/Home/!/modules/jdk.internal.jvmstat/; spent = 1; crawler = 0; res = -1; allRes = -1>
	 < root = nbjrt:file:/Library/Java/JavaVirtualMachines/jdk-17.0.8.jdk/Contents/Home/!/modules/java.desktop/; spent = 2; crawler = 0; res = -1; allRes = -1>
	 < root = nbjrt:file:/Library/Java/JavaVirtualMachines/jdk-17.0.8.jdk/Contents/Home/!/modules/jdk.jlink/; spent = 1; crawler = 0; res = -1; allRes = -1>
	 < root = nbjrt:file:/Library/Java/JavaVirtualMachines/jdk-17.0.8.jdk/Contents/Home/!/modules/java.base/; spent = 3; crawler = 0; res = -1; allRes = -1>
	 < root = nbjrt:file:/Library/Java/JavaVirtualMachines/jdk-17.0.8.jdk/Contents/Home/!/modules/jdk.security.jgss/; spent = 1; crawler = 0; res = -1; allRes = -1>
	 < root = nbjrt:file:/Library/Java/JavaVirtualMachines/jdk-17.0.8.jdk/Contents/Home/!/modules/jdk.jcmd/; spent = 1; crawler = 0; res = -1; allRes = -1>
	 < root = nbjrt:file:/Library/Java/JavaVirtualMachines/jdk-17.0.8.jdk/Contents/Home/!/modules/jdk.hotspot.agent/; spent = 1; crawler = 0; res = -1; allRes = -1>
	 < root = nbjrt:file:/Library/Java/JavaVirtualMachines/jdk-17.0.8.jdk/Contents/Home/!/modules/jdk.jpackage/; spent = 12995; crawler = 0; res = -1; allRes = -1>
	 < root = nbjrt:file:/Library/Java/JavaVirtualMachines/jdk-17.0.8.jdk/Contents/Home/!/modules/jdk.xml.dom/; spent = 12995; crawler = 0; res = -1; allRes = -1>
	 < root = nbjrt:file:/Library/Java/JavaVirtualMachines/jdk-17.0.8.jdk/Contents/Home/!/modules/jdk.jshell/; spent = 1; crawler = 0; res = -1; allRes = -1>
	 < root = nbjrt:file:/Library/Java/JavaVirtualMachines/jdk-17.0.8.jdk/Contents/Home/!/modules/java.sql.rowset/; spent = 1; crawler = 0; res = -1; allRes = -1>
	 < root = nbjrt:file:/Library/Java/JavaVirtualMachines/jdk-17.0.8.jdk/Contents/Home/!/modules/jdk.security.auth/; spent = 1; crawler = 0; res = -1; allRes = -1>
	 < root = nbjrt:file:/Library/Java/JavaVirtualMachines/jdk-17.0.8.jdk/Contents/Home/!/modules/java.xml.crypto/; spent = 1; crawler = 0; res = -1; allRes = -1>
	 < root = nbjrt:file:/Library/Java/JavaVirtualMachines/jdk-17.0.8.jdk/Contents/Home/!/modules/jdk.management.agent/; spent = 1; crawler = 0; res = -1; allRes = -1>
	 < root = nbjrt:file:/Library/Java/JavaVirtualMachines/jdk-17.0.8.jdk/Contents/Home/!/modules/jdk.jdeps/; spent = 1; crawler = 0; res = -1; allRes = -1>
	 < root = nbjrt:file:/Library/Java/JavaVirtualMachines/jdk-17.0.8.jdk/Contents/Home/!/modules/java.sql/; spent = 1; crawler = 0; res = -1; allRes = -1>
	 < root = nbjrt:file:/Library/Java/JavaVirtualMachines/jdk-17.0.8.jdk/Contents/Home/!/modules/java.net.http/; spent = 2; crawler = 0; res = -1; allRes = -1>
	 < root = nbjrt:file:/Library/Java/JavaVirtualMachines/jdk-17.0.8.jdk/Contents/Home/!/modules/java.smartcardio/; spent = 3; crawler = 0; res = -1; allRes = -1>
	 < root = nbjrt:file:/Library/Java/JavaVirtualMachines/jdk-17.0.8.jdk/Contents/Home/!/modules/jdk.naming.rmi/; spent = 12989; crawler = 0; res = -1; allRes = -1>
	 < root = nbjrt:file:/Library/Java/JavaVirtualMachines/jdk-17.0.8.jdk/Contents/Home/!/modules/jdk.random/; spent = 1; crawler = 0; res = -1; allRes = -1>
	 < root = nbjrt:file:/Library/Java/JavaVirtualMachines/jdk-17.0.8.jdk/Contents/Home/!/modules/jdk.accessibility/; spent = 3; crawler = 0; res = -1; allRes = -1>
	 < root = nbjrt:file:/Library/Java/JavaVirtualMachines/jdk-17.0.8.jdk/Contents/Home/!/modules/java.xml/; spent = 2; crawler = 0; res = -1; allRes = -1>
	 < root = nbjrt:file:/Library/Java/JavaVirtualMachines/jdk-17.0.8.jdk/Contents/Home/!/modules/jdk.jconsole/; spent = 12986; crawler = 0; res = -1; allRes = -1>
	 < root = nbjrt:file:/Library/Java/JavaVirtualMachines/jdk-17.0.8.jdk/Contents/Home/!/modules/java.compiler/; spent = 1; crawler = 0; res = -1; allRes = -1>
	 < root = nbjrt:file:/Library/Java/JavaVirtualMachines/jdk-17.0.8.jdk/Contents/Home/!/modules/jdk.crypto.cryptoki/; spent = 12985; crawler = 0; res = -1; allRes = -1>
	 < root = nbjrt:file:/Library/Java/JavaVirtualMachines/jdk-17.0.8.jdk/Contents/Home/!/modules/jdk.internal.vm.ci/; spent = 12985; crawler = 0; res = -1; allRes = -1>
	 < root = nbjrt:file:/Library/Java/JavaVirtualMachines/jdk-17.0.8.jdk/Contents/Home/!/modules/java.transaction.xa/; spent = 1; crawler = 0; res = -1; allRes = -1>
	 < root = nbjrt:file:/Library/Java/JavaVirtualMachines/jdk-17.0.8.jdk/Contents/Home/!/modules/jdk.jdi/; spent = 1; crawler = 0; res = -1; allRes = -1>
	 < root = nbjrt:file:/Library/Java/JavaVirtualMachines/jdk-17.0.8.jdk/Contents/Home/!/modules/jdk.attach/; spent = 1; crawler = 0; res = -1; allRes = -1>
	 < root = nbjrt:file:/Library/Java/JavaVirtualMachines/jdk-17.0.8.jdk/Contents/Home/!/modules/jdk.internal.vm.compiler/; spent = 2; crawler = 0; res = -1; allRes = -1>
	 < root = nbjrt:file:/Library/Java/JavaVirtualMachines/jdk-17.0.8.jdk/Contents/Home/!/modules/jdk.javadoc/; spent = 1; crawler = 0; res = -1; allRes = -1>
	 < root = nbjrt:file:/Library/Java/JavaVirtualMachines/jdk-17.0.8.jdk/Contents/Home/!/modules/jdk.dynalink/; spent = 2; crawler = 0; res = -1; allRes = -1>
	 < root = nbjrt:file:/Library/Java/JavaVirtualMachines/jdk-17.0.8.jdk/Contents/Home/!/modules/jdk.httpserver/; spent = 1; crawler = 0; res = -1; allRes = -1>
	 < root = nbjrt:file:/Library/Java/JavaVirtualMachines/jdk-17.0.8.jdk/Contents/Home/!/modules/jdk.jartool/; spent = 1; crawler = 0; res = -1; allRes = -1>
	 < root = nbjrt:file:/Library/Java/JavaVirtualMachines/jdk-17.0.8.jdk/Contents/Home/!/modules/java.prefs/; spent = 1; crawler = 0; res = -1; allRes = -1>
	 < root = nbjrt:file:/Library/Java/JavaVirtualMachines/jdk-17.0.8.jdk/Contents/Home/!/modules/jdk.jstatd/; spent = 12979; crawler = 0; res = -1; allRes = -1>
	 < root = nbjrt:file:/Library/Java/JavaVirtualMachines/jdk-17.0.8.jdk/Contents/Home/!/modules/jdk.net/; spent = 2; crawler = 0; res = -1; allRes = -1>
	 < root = nbjrt:file:/Library/Java/JavaVirtualMachines/jdk-17.0.8.jdk/Contents/Home/!/modules/jdk.compiler/; spent = 2; crawler = 0; res = -1; allRes = -1>
	 < root = nbjrt:file:/Library/Java/JavaVirtualMachines/jdk-17.0.8.jdk/Contents/Home/!/modules/java.se/; spent = 1; crawler = 0; res = -1; allRes = -1>
	 < root = nbjrt:file:/Library/Java/JavaVirtualMachines/jdk-17.0.8.jdk/Contents/Home/!/modules/jdk.charsets/; spent = 12977; crawler = 0; res = -1; allRes = -1>
	 < root = nbjrt:file:/Library/Java/JavaVirtualMachines/jdk-17.0.8.jdk/Contents/Home/!/modules/jdk.jfr/; spent = 1; crawler = 0; res = -1; allRes = -1>
	 < root = file:/Users/atalati/vscode-extension/main-repo/javavscode/netbeans/java/java.lsp.server/build/test/unit/work/o.n.m.j.l.s.p.S/pd/; spent = 66; crawler = 2; res = 3; allRes = 3>]
, total time: 138
Current root(s): []
Current indexer(s): 
Time spent in indexers:
	LSPServerTelemetry: 0
	java: 111
	java-launcher-compiler-options: 0
	org-netbeans-modules-jumpto-file-FileIndexer: 1
	org.netbeans.modules.java.source.indexing.COSSynchronizingIndexer: 0
	tests: 0
	text/x-java: 4
Time spent in indexers, in individual roots:
	nbjrt:file:/Library/Java/JavaVirtualMachines/jdk-17.0.8.jdk/Contents/Home/!/modules/jdk.management/
		java: 1
	nbjrt:file:/Library/Java/JavaVirtualMachines/jdk-17.0.8.jdk/Contents/Home/!/modules/jdk.management.jfr/
		java: 1
	nbjrt:file:/Library/Java/JavaVirtualMachines/jdk-17.0.8.jdk/Contents/Home/!/modules/java.scripting/
		java: 1
	nbjrt:file:/Library/Java/JavaVirtualMachines/jdk-17.0.8.jdk/Contents/Home/!/modules/java.datatransfer/
		java: 1
	nbjrt:file:/Library/Java/JavaVirtualMachines/jdk-17.0.8.jdk/Contents/Home/!/modules/jdk.unsupported.desktop/
		java: 1
	nbjrt:file:/Library/Java/JavaVirtualMachines/jdk-17.0.8.jdk/Contents/Home/!/modules/jdk.internal.ed/
		java: 1
	nbjrt:file:/Library/Java/JavaVirtualMachines/jdk-17.0.8.jdk/Contents/Home/!/modules/jdk.internal.vm.compiler.management/
		java: 1
	nbjrt:file:/Library/Java/JavaVirtualMachines/jdk-17.0.8.jdk/Contents/Home/!/modules/jdk.internal.opt/
		java: 1
	nbjrt:file:/Library/Java/JavaVirtualMachines/jdk-17.0.8.jdk/Contents/Home/!/modules/jdk.jsobject/
		java: 0
	nbjrt:file:/Library/Java/JavaVirtualMachines/jdk-17.0.8.jdk/Contents/Home/!/modules/jdk.sctp/
		java: 1
	nbjrt:file:/Library/Java/JavaVirtualMachines/jdk-17.0.8.jdk/Contents/Home/!/modules/jdk.unsupported/
		java: 1
	nbjrt:file:/Library/Java/JavaVirtualMachines/jdk-17.0.8.jdk/Contents/Home/!/modules/java.management/
		java: 0
	nbjrt:file:/Library/Java/JavaVirtualMachines/jdk-17.0.8.jdk/Contents/Home/!/modules/java.rmi/
		java: 1
	nbjrt:file:/Library/Java/JavaVirtualMachines/jdk-17.0.8.jdk/Contents/Home/!/modules/jdk.naming.dns/
		java: 1
	nbjrt:file:/Library/Java/JavaVirtualMachines/jdk-17.0.8.jdk/Contents/Home/!/modules/java.instrument/
		java: 1
	nbjrt:file:/Library/Java/JavaVirtualMachines/jdk-17.0.8.jdk/Contents/Home/!/modules/jdk.crypto.ec/
		java: 1
	nbjrt:file:/Library/Java/JavaVirtualMachines/jdk-17.0.8.jdk/Contents/Home/!/modules/jdk.incubator.vector/
		java: 1
	nbjrt:file:/Library/Java/JavaVirtualMachines/jdk-17.0.8.jdk/Contents/Home/!/modules/java.security.sasl/
		java: 1
	nbjrt:file:/Library/Java/JavaVirtualMachines/jdk-17.0.8.jdk/Contents/Home/!/modules/jdk.editpad/
		java: 0
	nbjrt:file:/Library/Java/JavaVirtualMachines/jdk-17.0.8.jdk/Contents/Home/!/modules/java.logging/
		java: 1
	nbjrt:file:/Library/Java/JavaVirtualMachines/jdk-17.0.8.jdk/Contents/Home/!/modules/jdk.internal.le/
		java: 1
	nbjrt:file:/Library/Java/JavaVirtualMachines/jdk-17.0.8.jdk/Contents/Home/!/modules/jdk.jdwp.agent/
		java: 0
	nbjrt:file:/Library/Java/JavaVirtualMachines/jdk-17.0.8.jdk/Contents/Home/!/modules/java.security.jgss/
		java: 1
	nbjrt:file:/Library/Java/JavaVirtualMachines/jdk-17.0.8.jdk/Contents/Home/!/modules/jdk.incubator.foreign/
		java: 1
	nbjrt:file:/Library/Java/JavaVirtualMachines/jdk-17.0.8.jdk/Contents/Home/!/modules/jdk.nio.mapmode/
		java: 1
	nbjrt:file:/Library/Java/JavaVirtualMachines/jdk-17.0.8.jdk/Contents/Home/!/modules/jdk.zipfs/
		java: 1
	nbjrt:file:/Library/Java/JavaVirtualMachines/jdk-17.0.8.jdk/Contents/Home/!/modules/java.management.rmi/
		java: 0
	nbjrt:file:/Library/Java/JavaVirtualMachines/jdk-17.0.8.jdk/Contents/Home/!/modules/java.naming/
		java: 1
	nbjrt:file:/Library/Java/JavaVirtualMachines/jdk-17.0.8.jdk/Contents/Home/!/modules/jdk.localedata/
		java: 0
	nbjrt:file:/Library/Java/JavaVirtualMachines/jdk-17.0.8.jdk/Contents/Home/!/modules/jdk.internal.jvmstat/
		java: 1
	nbjrt:file:/Library/Java/JavaVirtualMachines/jdk-17.0.8.jdk/Contents/Home/!/modules/java.desktop/
		java: 2
	nbjrt:file:/Library/Java/JavaVirtualMachines/jdk-17.0.8.jdk/Contents/Home/!/modules/jdk.jlink/
		java: 1
	nbjrt:file:/Library/Java/JavaVirtualMachines/jdk-17.0.8.jdk/Contents/Home/!/modules/java.base/
		java: 2
	nbjrt:file:/Library/Java/JavaVirtualMachines/jdk-17.0.8.jdk/Contents/Home/!/modules/jdk.security.jgss/
		java: 1
	nbjrt:file:/Library/Java/JavaVirtualMachines/jdk-17.0.8.jdk/Contents/Home/!/modules/jdk.jcmd/
		java: 1
	nbjrt:file:/Library/Java/JavaVirtualMachines/jdk-17.0.8.jdk/Contents/Home/!/modules/jdk.hotspot.agent/
		java: 1
	nbjrt:file:/Library/Java/JavaVirtualMachines/jdk-17.0.8.jdk/Contents/Home/!/modules/jdk.jpackage/
		java: 0
	nbjrt:file:/Library/Java/JavaVirtualMachines/jdk-17.0.8.jdk/Contents/Home/!/modules/jdk.xml.dom/
		java: 0
	nbjrt:file:/Library/Java/JavaVirtualMachines/jdk-17.0.8.jdk/Contents/Home/!/modules/jdk.jshell/
		java: 1
	nbjrt:file:/Library/Java/JavaVirtualMachines/jdk-17.0.8.jdk/Contents/Home/!/modules/java.sql.rowset/
		java: 0
	nbjrt:file:/Library/Java/JavaVirtualMachines/jdk-17.0.8.jdk/Contents/Home/!/modules/jdk.security.auth/
		java: 1
	nbjrt:file:/Library/Java/JavaVirtualMachines/jdk-17.0.8.jdk/Contents/Home/!/modules/java.xml.crypto/
		java: 1
	nbjrt:file:/Library/Java/JavaVirtualMachines/jdk-17.0.8.jdk/Contents/Home/!/modules/jdk.management.agent/
		java: 1
	nbjrt:file:/Library/Java/JavaVirtualMachines/jdk-17.0.8.jdk/Contents/Home/!/modules/jdk.jdeps/
		java: 1
	nbjrt:file:/Library/Java/JavaVirtualMachines/jdk-17.0.8.jdk/Contents/Home/!/modules/java.sql/
		java: 1
	nbjrt:file:/Library/Java/JavaVirtualMachines/jdk-17.0.8.jdk/Contents/Home/!/modules/java.net.http/
		java: 2
	nbjrt:file:/Library/Java/JavaVirtualMachines/jdk-17.0.8.jdk/Contents/Home/!/modules/java.smartcardio/
		java: 3
	nbjrt:file:/Library/Java/JavaVirtualMachines/jdk-17.0.8.jdk/Contents/Home/!/modules/jdk.naming.rmi/
		java: 0
	nbjrt:file:/Library/Java/JavaVirtualMachines/jdk-17.0.8.jdk/Contents/Home/!/modules/jdk.random/
		java: 1
	nbjrt:file:/Library/Java/JavaVirtualMachines/jdk-17.0.8.jdk/Contents/Home/!/modules/jdk.accessibility/
		java: 1
	nbjrt:file:/Library/Java/JavaVirtualMachines/jdk-17.0.8.jdk/Contents/Home/!/modules/java.xml/
		java: 2
	nbjrt:file:/Library/Java/JavaVirtualMachines/jdk-17.0.8.jdk/Contents/Home/!/modules/jdk.jconsole/
		java: 0
	nbjrt:file:/Library/Java/JavaVirtualMachines/jdk-17.0.8.jdk/Contents/Home/!/modules/java.compiler/
		java: 0
	nbjrt:file:/Library/Java/JavaVirtualMachines/jdk-17.0.8.jdk/Contents/Home/!/modules/jdk.crypto.cryptoki/
		java: 0
	nbjrt:file:/Library/Java/JavaVirtualMachines/jdk-17.0.8.jdk/Contents/Home/!/modules/jdk.internal.vm.ci/
		java: 0
	nbjrt:file:/Library/Java/JavaVirtualMachines/jdk-17.0.8.jdk/Contents/Home/!/modules/java.transaction.xa/
		java: 1
	nbjrt:file:/Library/Java/JavaVirtualMachines/jdk-17.0.8.jdk/Contents/Home/!/modules/jdk.jdi/
		java: 1
	nbjrt:file:/Library/Java/JavaVirtualMachines/jdk-17.0.8.jdk/Contents/Home/!/modules/jdk.attach/
		java: 1
	nbjrt:file:/Library/Java/JavaVirtualMachines/jdk-17.0.8.jdk/Contents/Home/!/modules/jdk.internal.vm.compiler/
		java: 2
	nbjrt:file:/Library/Java/JavaVirtualMachines/jdk-17.0.8.jdk/Contents/Home/!/modules/jdk.javadoc/
		java: 1
	nbjrt:file:/Library/Java/JavaVirtualMachines/jdk-17.0.8.jdk/Contents/Home/!/modules/jdk.dynalink/
		java: 2
	nbjrt:file:/Library/Java/JavaVirtualMachines/jdk-17.0.8.jdk/Contents/Home/!/modules/jdk.httpserver/
		java: 1
	nbjrt:file:/Library/Java/JavaVirtualMachines/jdk-17.0.8.jdk/Contents/Home/!/modules/jdk.jartool/
		java: 1
	nbjrt:file:/Library/Java/JavaVirtualMachines/jdk-17.0.8.jdk/Contents/Home/!/modules/java.prefs/
		java: 1
	nbjrt:file:/Library/Java/JavaVirtualMachines/jdk-17.0.8.jdk/Contents/Home/!/modules/jdk.jstatd/
		java: 0
	nbjrt:file:/Library/Java/JavaVirtualMachines/jdk-17.0.8.jdk/Contents/Home/!/modules/jdk.net/
		java: 1
	nbjrt:file:/Library/Java/JavaVirtualMachines/jdk-17.0.8.jdk/Contents/Home/!/modules/jdk.compiler/
		java: 1
	nbjrt:file:/Library/Java/JavaVirtualMachines/jdk-17.0.8.jdk/Contents/Home/!/modules/java.se/
		java: 1
	nbjrt:file:/Library/Java/JavaVirtualMachines/jdk-17.0.8.jdk/Contents/Home/!/modules/jdk.charsets/
		java: 0
	nbjrt:file:/Library/Java/JavaVirtualMachines/jdk-17.0.8.jdk/Contents/Home/!/modules/jdk.jfr/
		java: 1
	file:/Users/atalati/vscode-extension/main-repo/javavscode/netbeans/java/java.lsp.server/build/test/unit/work/o.n.m.j.l.s.p.S/pd/
		LSPServerTelemetry: 0
		java: 49
		java-launcher-compiler-options: 0
		org-netbeans-modules-jumpto-file-FileIndexer: 1
		org.netbeans.modules.java.source.indexing.COSSynchronizingIndexer: 0
		tests: 0
		text/x-java: 4
Time in index store: 3
Time crawling: 4
Stacktrace:
	java.base/java.lang.Thread.getStackTrace(Thread.java:1610)
	org.netbeans.modules.parsing.impl.indexing.LogContext.create(LogContext.java:111)
	org.netbeans.modules.parsing.impl.indexing.LogContext.create(LogContext.java:102)
	org.netbeans.modules.parsing.impl.indexing.PathRegistry.scheduleFirer(PathRegistry.java:938)
	org.netbeans.modules.parsing.impl.indexing.PathRegistry.resetCacheAndFire(PathRegistry.java:931)
	org.netbeans.modules.parsing.impl.indexing.PathRegistry.access$500(PathRegistry.java:68)
	org.netbeans.modules.parsing.impl.indexing.PathRegistry$Listener.pathsAdded(PathRegistry.java:1206)
	java.base/jdk.internal.reflect.NativeMethodAccessorImpl.invoke0(Native Method)
	java.base/jdk.internal.reflect.NativeMethodAccessorImpl.invoke(NativeMethodAccessorImpl.java:77)
	java.base/jdk.internal.reflect.DelegatingMethodAccessorImpl.invoke(DelegatingMethodAccessorImpl.java:43)
	java.base/java.lang.reflect.Method.invoke(Method.java:568)
	org.openide.util.WeakListenerImpl$ProxyListener.invoke(WeakListenerImpl.java:461)
	jdk.proxy2/jdk.proxy2.$Proxy19.pathsAdded(Unknown Source)
	org.netbeans.api.java.classpath.GlobalPathRegistry.register(GlobalPathRegistry.java:206)
	org.netbeans.modules.java.lsp.server.protocol.ServerTest$TestProjectFactory$1.projectOpened(ServerTest.java:5353)
	org.netbeans.spi.project.ui.ProjectOpenedHook$1.projectOpened(ProjectOpenedHook.java:60)
	org.netbeans.modules.project.ui.OpenProjectList.notifyOpened(OpenProjectList.java:1321)
	org.netbeans.modules.project.ui.OpenProjectList.doOpenProject(OpenProjectList.java:1402)
	org.netbeans.modules.project.ui.OpenProjectList.open(OpenProjectList.java:848)
	org.netbeans.modules.project.ui.OpenProjectList.open(OpenProjectList.java:682)
	org.netbeans.modules.project.ui.OpenProjectList.open(OpenProjectList.java:643)
	org.netbeans.modules.project.ui.OpenProjectsTrampolineImpl.openAPI(OpenProjectsTrampolineImpl.java:56)
	org.netbeans.api.project.ui.OpenProjects.open(OpenProjects.java:173)
	org.netbeans.modules.java.lsp.server.protocol.Server$LanguageServerImpl.lambda$asyncOpenSelectedProjects1$9(Server.java:713)
	java.base/java.util.concurrent.CompletableFuture.uniRunNow(CompletableFuture.java:819)
	java.base/java.util.concurrent.CompletableFuture.uniRunStage(CompletableFuture.java:803)
	java.base/java.util.concurrent.CompletableFuture.thenRun(CompletableFuture.java:2195)
	org.netbeans.modules.java.lsp.server.protocol.Server$LanguageServerImpl.asyncOpenSelectedProjects1(Server.java:703)
	org.netbeans.modules.java.lsp.server.protocol.Server$LanguageServerImpl.asyncOpenSelectedProjects0(Server.java:642)
	org.netbeans.modules.java.lsp.server.protocol.Server$LanguageServerImpl.lambda$initialize$15(Server.java:949)
	org.openide.util.RequestProcessor$Task.run(RequestProcessor.java:1420)
	org.netbeans.modules.openide.util.GlobalLookup.execute(GlobalLookup.java:45)
	org.openide.util.lookup.Lookups.executeWith(Lookups.java:287)
	org.openide.util.RequestProcessor$Processor.run(RequestProcessor.java:2035)
Changed ClassPaths:[/Users/atalati/vscode-extension/main-repo/javavscode/netbeans/java/java.lsp.server/build/test/unit/work/o.n.m.j.l.s.p.S/pd]

May 27, 2024 4:39:36 PM org.netbeans.modules.java.source.parsing.JavacParser init
WARNING: ClassPath identity changed for /Users/atalati/vscode-extension/main-repo/javavscode/netbeans/java/java.lsp.server/build/test/unit/work/o.n.m.j.l.s.p.S/saehc/Test.java@20b3203b:6a0e3571, class path owner: null original sourcePath: /Users/atalati/vscode-extension/main-repo/javavscode/netbeans/java/java.lsp.server/build/test/unit/work/o.n.m.j.l.s.p.S/saehc new sourcePath: /Users/atalati/vscode-extension/main-repo/javavscode/netbeans/java/java.lsp.server/build/test/unit/work/o.n.m.j.l.s.p.S/saehc
May 27, 2024 4:39:36 PM org.netbeans.modules.parsing.impl.indexing.LogContext log
INFO: SCAN_EXCEEDS_RATE ID: 13, Type:PATH
Time scheduled: Mon May 27 16:39:24 IST 2024
Time executed: Mon May 27 16:39:25 IST 2024
Time finished: Mon May 27 16:39:25 IST 2024
Scanned roots: []
, total time: 0
Current root(s): []
Current indexer(s): 
Time spent in indexers:
Time spent in indexers, in individual roots:
Time in index store: 0
Time crawling: 0
Stacktrace:
	java.base/java.lang.Thread.getStackTrace(Thread.java:1610)
	org.netbeans.modules.parsing.impl.indexing.LogContext.create(LogContext.java:111)
	org.netbeans.modules.parsing.impl.indexing.LogContext.create(LogContext.java:102)
	org.netbeans.modules.parsing.impl.indexing.PathRegistry.scheduleFirer(PathRegistry.java:938)
	org.netbeans.modules.parsing.impl.indexing.PathRegistry.resetCacheAndFire(PathRegistry.java:931)
	org.netbeans.modules.parsing.impl.indexing.PathRegistry.access$500(PathRegistry.java:68)
	org.netbeans.modules.parsing.impl.indexing.PathRegistry$Listener.pathsRemoved(PathRegistry.java:1218)
	java.base/jdk.internal.reflect.NativeMethodAccessorImpl.invoke0(Native Method)
	java.base/jdk.internal.reflect.NativeMethodAccessorImpl.invoke(NativeMethodAccessorImpl.java:77)
	java.base/jdk.internal.reflect.DelegatingMethodAccessorImpl.invoke(DelegatingMethodAccessorImpl.java:43)
	java.base/java.lang.reflect.Method.invoke(Method.java:568)
	org.openide.util.WeakListenerImpl$ProxyListener.invoke(WeakListenerImpl.java:461)
	jdk.proxy2/jdk.proxy2.$Proxy19.pathsRemoved(Unknown Source)
	org.netbeans.api.java.classpath.GlobalPathRegistry.unregister(GlobalPathRegistry.java:239)
	org.netbeans.modules.java.lsp.server.protocol.ServerTest$TestProjectFactory$1.projectClosed(ServerTest.java:5358)
	org.netbeans.spi.project.ui.ProjectOpenedHook$1.projectClosed(ProjectOpenedHook.java:64)
	org.netbeans.modules.project.ui.OpenProjectList.notifyClosed(OpenProjectList.java:1345)
	org.netbeans.modules.project.ui.OpenProjectList.access$2600(OpenProjectList.java:116)
	org.netbeans.modules.project.ui.OpenProjectList$15.run(OpenProjectList.java:1001)
	org.openide.util.RequestProcessor$Task.run(RequestProcessor.java:1420)
	org.netbeans.modules.openide.util.GlobalLookup.execute(GlobalLookup.java:45)
	org.openide.util.lookup.Lookups.executeWith(Lookups.java:287)
	org.openide.util.RequestProcessor$Processor.run(RequestProcessor.java:2035)
Changed ClassPaths:[/Users/atalati/vscode-extension/main-repo/javavscode/netbeans/java/java.lsp.server/build/test/unit/work/o.n.m.j.l.s.p.S/pd]

May 27, 2024 4:39:36 PM org.netbeans.modules.parsing.impl.indexing.LogContext log
INFO: SCAN_EXCEEDS_RATE ID: 14, Type:PATH
Time scheduled: Mon May 27 16:39:32 IST 2024
Time executed: Mon May 27 16:39:32 IST 2024
Time finished: Mon May 27 16:39:33 IST 2024
Scanned roots: [< root = nbjrt:file:/Library/Java/JavaVirtualMachines/jdk-17.0.8.jdk/Contents/Home/!/modules/jdk.management/; spent = 2; crawler = 0; res = -1; allRes = -1>
	 < root = nbjrt:file:/Library/Java/JavaVirtualMachines/jdk-17.0.8.jdk/Contents/Home/!/modules/jdk.management.jfr/; spent = 2; crawler = 0; res = -1; allRes = -1>
	 < root = nbjrt:file:/Library/Java/JavaVirtualMachines/jdk-17.0.8.jdk/Contents/Home/!/modules/java.scripting/; spent = 3840; crawler = 0; res = -1; allRes = -1>
	 < root = nbjrt:file:/Library/Java/JavaVirtualMachines/jdk-17.0.8.jdk/Contents/Home/!/modules/java.datatransfer/; spent = 1; crawler = 0; res = -1; allRes = -1>
	 < root = nbjrt:file:/Library/Java/JavaVirtualMachines/jdk-17.0.8.jdk/Contents/Home/!/modules/jdk.unsupported.desktop/; spent = 1; crawler = 0; res = -1; allRes = -1>
	 < root = nbjrt:file:/Library/Java/JavaVirtualMachines/jdk-17.0.8.jdk/Contents/Home/!/modules/jdk.internal.ed/; spent = 1; crawler = 0; res = -1; allRes = -1>
	 < root = nbjrt:file:/Library/Java/JavaVirtualMachines/jdk-17.0.8.jdk/Contents/Home/!/modules/jdk.internal.vm.compiler.management/; spent = 1; crawler = 0; res = -1; allRes = -1>
	 < root = nbjrt:file:/Library/Java/JavaVirtualMachines/jdk-17.0.8.jdk/Contents/Home/!/modules/jdk.jsobject/; spent = 1; crawler = 0; res = -1; allRes = -1>
	 < root = nbjrt:file:/Library/Java/JavaVirtualMachines/jdk-17.0.8.jdk/Contents/Home/!/modules/jdk.internal.opt/; spent = 1; crawler = 0; res = -1; allRes = -1>
	 < root = nbjrt:file:/Library/Java/JavaVirtualMachines/jdk-17.0.8.jdk/Contents/Home/!/modules/jdk.sctp/; spent = 3837; crawler = 0; res = -1; allRes = -1>
	 < root = nbjrt:file:/Library/Java/JavaVirtualMachines/jdk-17.0.8.jdk/Contents/Home/!/modules/jdk.unsupported/; spent = 3837; crawler = 0; res = -1; allRes = -1>
	 < root = nbjrt:file:/Library/Java/JavaVirtualMachines/jdk-17.0.8.jdk/Contents/Home/!/modules/java.management/; spent = 1; crawler = 0; res = -1; allRes = -1>
	 < root = nbjrt:file:/Library/Java/JavaVirtualMachines/jdk-17.0.8.jdk/Contents/Home/!/modules/java.rmi/; spent = 2; crawler = 0; res = -1; allRes = -1>
	 < root = nbjrt:file:/Library/Java/JavaVirtualMachines/jdk-17.0.8.jdk/Contents/Home/!/modules/jdk.naming.dns/; spent = 1; crawler = 0; res = -1; allRes = -1>
	 < root = nbjrt:file:/Library/Java/JavaVirtualMachines/jdk-17.0.8.jdk/Contents/Home/!/modules/java.instrument/; spent = 1; crawler = 0; res = -1; allRes = -1>
	 < root = nbjrt:file:/Library/Java/JavaVirtualMachines/jdk-17.0.8.jdk/Contents/Home/!/modules/jdk.crypto.ec/; spent = 1; crawler = 0; res = -1; allRes = -1>
	 < root = nbjrt:file:/Library/Java/JavaVirtualMachines/jdk-17.0.8.jdk/Contents/Home/!/modules/jdk.incubator.vector/; spent = 1; crawler = 0; res = -1; allRes = -1>
	 < root = nbjrt:file:/Library/Java/JavaVirtualMachines/jdk-17.0.8.jdk/Contents/Home/!/modules/jdk.editpad/; spent = 1; crawler = 0; res = -1; allRes = -1>
	 < root = nbjrt:file:/Library/Java/JavaVirtualMachines/jdk-17.0.8.jdk/Contents/Home/!/modules/java.security.sasl/; spent = 9; crawler = 0; res = -1; allRes = -1>
	 < root = nbjrt:file:/Library/Java/JavaVirtualMachines/jdk-17.0.8.jdk/Contents/Home/!/modules/jdk.internal.le/; spent = 2; crawler = 0; res = -1; allRes = -1>
	 < root = nbjrt:file:/Library/Java/JavaVirtualMachines/jdk-17.0.8.jdk/Contents/Home/!/modules/java.logging/; spent = 9; crawler = 0; res = -1; allRes = -1>
	 < root = nbjrt:file:/Library/Java/JavaVirtualMachines/jdk-17.0.8.jdk/Contents/Home/!/modules/jdk.jdwp.agent/; spent = 1; crawler = 0; res = -1; allRes = -1>
	 < root = nbjrt:file:/Library/Java/JavaVirtualMachines/jdk-17.0.8.jdk/Contents/Home/!/modules/java.security.jgss/; spent = 1; crawler = 0; res = -1; allRes = -1>
	 < root = nbjrt:file:/Library/Java/JavaVirtualMachines/jdk-17.0.8.jdk/Contents/Home/!/modules/jdk.nio.mapmode/; spent = 1; crawler = 0; res = -1; allRes = -1>
	 < root = nbjrt:file:/Library/Java/JavaVirtualMachines/jdk-17.0.8.jdk/Contents/Home/!/modules/jdk.incubator.foreign/; spent = 2; crawler = 0; res = -1; allRes = -1>
	 < root = nbjrt:file:/Library/Java/JavaVirtualMachines/jdk-17.0.8.jdk/Contents/Home/!/modules/jdk.zipfs/; spent = 1; crawler = 0; res = -1; allRes = -1>
	 < root = nbjrt:file:/Library/Java/JavaVirtualMachines/jdk-17.0.8.jdk/Contents/Home/!/modules/java.management.rmi/; spent = 1; crawler = 0; res = -1; allRes = -1>
	 < root = nbjrt:file:/Library/Java/JavaVirtualMachines/jdk-17.0.8.jdk/Contents/Home/!/modules/java.naming/; spent = 1; crawler = 0; res = -1; allRes = -1>
	 < root = nbjrt:file:/Library/Java/JavaVirtualMachines/jdk-17.0.8.jdk/Contents/Home/!/modules/jdk.localedata/; spent = 2; crawler = 0; res = -1; allRes = -1>
	 < root = nbjrt:file:/Library/Java/JavaVirtualMachines/jdk-17.0.8.jdk/Contents/Home/!/modules/jdk.internal.jvmstat/; spent = 1; crawler = 0; res = -1; allRes = -1>
	 < root = nbjrt:file:/Library/Java/JavaVirtualMachines/jdk-17.0.8.jdk/Contents/Home/!/modules/java.desktop/; spent = 4; crawler = 0; res = -1; allRes = -1>
	 < root = nbjrt:file:/Library/Java/JavaVirtualMachines/jdk-17.0.8.jdk/Contents/Home/!/modules/jdk.jlink/; spent = 1; crawler = 0; res = -1; allRes = -1>
	 < root = nbjrt:file:/Library/Java/JavaVirtualMachines/jdk-17.0.8.jdk/Contents/Home/!/modules/jdk.security.jgss/; spent = 3814; crawler = 0; res = -1; allRes = -1>
	 < root = nbjrt:file:/Library/Java/JavaVirtualMachines/jdk-17.0.8.jdk/Contents/Home/!/modules/java.base/; spent = 3; crawler = 0; res = -1; allRes = -1>
	 < root = nbjrt:file:/Library/Java/JavaVirtualMachines/jdk-17.0.8.jdk/Contents/Home/!/modules/jdk.hotspot.agent/; spent = 1; crawler = 0; res = -1; allRes = -1>
	 < root = nbjrt:file:/Library/Java/JavaVirtualMachines/jdk-17.0.8.jdk/Contents/Home/!/modules/jdk.jcmd/; spent = 1; crawler = 0; res = -1; allRes = -1>
	 < root = nbjrt:file:/Library/Java/JavaVirtualMachines/jdk-17.0.8.jdk/Contents/Home/!/modules/jdk.jpackage/; spent = 1; crawler = 0; res = -1; allRes = -1>
	 < root = nbjrt:file:/Library/Java/JavaVirtualMachines/jdk-17.0.8.jdk/Contents/Home/!/modules/jdk.xml.dom/; spent = 1; crawler = 0; res = -1; allRes = -1>
	 < root = nbjrt:file:/Library/Java/JavaVirtualMachines/jdk-17.0.8.jdk/Contents/Home/!/modules/java.sql.rowset/; spent = 1; crawler = 0; res = -1; allRes = -1>
	 < root = nbjrt:file:/Library/Java/JavaVirtualMachines/jdk-17.0.8.jdk/Contents/Home/!/modules/jdk.jshell/; spent = 2; crawler = 0; res = -1; allRes = -1>
	 < root = nbjrt:file:/Library/Java/JavaVirtualMachines/jdk-17.0.8.jdk/Contents/Home/!/modules/jdk.security.auth/; spent = 1; crawler = 0; res = -1; allRes = -1>
	 < root = nbjrt:file:/Library/Java/JavaVirtualMachines/jdk-17.0.8.jdk/Contents/Home/!/modules/java.xml.crypto/; spent = 1; crawler = 0; res = -1; allRes = -1>
	 < root = nbjrt:file:/Library/Java/JavaVirtualMachines/jdk-17.0.8.jdk/Contents/Home/!/modules/jdk.jdeps/; spent = 1; crawler = 0; res = -1; allRes = -1>
	 < root = nbjrt:file:/Library/Java/JavaVirtualMachines/jdk-17.0.8.jdk/Contents/Home/!/modules/jdk.management.agent/; spent = 1; crawler = 0; res = -1; allRes = -1>
	 < root = nbjrt:file:/Library/Java/JavaVirtualMachines/jdk-17.0.8.jdk/Contents/Home/!/modules/java.smartcardio/; spent = 1; crawler = 0; res = -1; allRes = -1>
	 < root = nbjrt:file:/Library/Java/JavaVirtualMachines/jdk-17.0.8.jdk/Contents/Home/!/modules/java.sql/; spent = 1; crawler = 0; res = -1; allRes = -1>
	 < root = nbjrt:file:/Library/Java/JavaVirtualMachines/jdk-17.0.8.jdk/Contents/Home/!/modules/java.net.http/; spent = 1; crawler = 0; res = -1; allRes = -1>
	 < root = nbjrt:file:/Library/Java/JavaVirtualMachines/jdk-17.0.8.jdk/Contents/Home/!/modules/jdk.naming.rmi/; spent = 1; crawler = 0; res = -1; allRes = -1>
	 < root = nbjrt:file:/Library/Java/JavaVirtualMachines/jdk-17.0.8.jdk/Contents/Home/!/modules/jdk.random/; spent = 1; crawler = 0; res = -1; allRes = -1>
	 < root = nbjrt:file:/Library/Java/JavaVirtualMachines/jdk-17.0.8.jdk/Contents/Home/!/modules/jdk.accessibility/; spent = 1; crawler = 0; res = -1; allRes = -1>
	 < root = nbjrt:file:/Library/Java/JavaVirtualMachines/jdk-17.0.8.jdk/Contents/Home/!/modules/jdk.jconsole/; spent = 1; crawler = 0; res = -1; allRes = -1>
	 < root = nbjrt:file:/Library/Java/JavaVirtualMachines/jdk-17.0.8.jdk/Contents/Home/!/modules/java.xml/; spent = 2; crawler = 0; res = -1; allRes = -1>
	 < root = nbjrt:file:/Library/Java/JavaVirtualMachines/jdk-17.0.8.jdk/Contents/Home/!/modules/java.compiler/; spent = 1; crawler = 0; res = -1; allRes = -1>
	 < root = nbjrt:file:/Library/Java/JavaVirtualMachines/jdk-17.0.8.jdk/Contents/Home/!/modules/jdk.crypto.cryptoki/; spent = 1; crawler = 0; res = -1; allRes = -1>
	 < root = nbjrt:file:/Library/Java/JavaVirtualMachines/jdk-17.0.8.jdk/Contents/Home/!/modules/jdk.internal.vm.ci/; spent = 1; crawler = 0; res = -1; allRes = -1>
	 < root = nbjrt:file:/Library/Java/JavaVirtualMachines/jdk-17.0.8.jdk/Contents/Home/!/modules/jdk.jdi/; spent = 1; crawler = 0; res = -1; allRes = -1>
	 < root = nbjrt:file:/Library/Java/JavaVirtualMachines/jdk-17.0.8.jdk/Contents/Home/!/modules/java.transaction.xa/; spent = 3800; crawler = 0; res = -1; allRes = -1>
	 < root = nbjrt:file:/Library/Java/JavaVirtualMachines/jdk-17.0.8.jdk/Contents/Home/!/modules/jdk.internal.vm.compiler/; spent = 1; crawler = 0; res = -1; allRes = -1>
	 < root = nbjrt:file:/Library/Java/JavaVirtualMachines/jdk-17.0.8.jdk/Contents/Home/!/modules/jdk.attach/; spent = 3799; crawler = 0; res = -1; allRes = -1>
	 < root = nbjrt:file:/Library/Java/JavaVirtualMachines/jdk-17.0.8.jdk/Contents/Home/!/modules/jdk.dynalink/; spent = 1; crawler = 0; res = -1; allRes = -1>
	 < root = nbjrt:file:/Library/Java/JavaVirtualMachines/jdk-17.0.8.jdk/Contents/Home/!/modules/jdk.javadoc/; spent = 2; crawler = 0; res = -1; allRes = -1>
	 < root = nbjrt:file:/Library/Java/JavaVirtualMachines/jdk-17.0.8.jdk/Contents/Home/!/modules/jdk.httpserver/; spent = 1; crawler = 0; res = -1; allRes = -1>
	 < root = nbjrt:file:/Library/Java/JavaVirtualMachines/jdk-17.0.8.jdk/Contents/Home/!/modules/java.prefs/; spent = 1; crawler = 0; res = -1; allRes = -1>
	 < root = nbjrt:file:/Library/Java/JavaVirtualMachines/jdk-17.0.8.jdk/Contents/Home/!/modules/jdk.jartool/; spent = 1; crawler = 0; res = -1; allRes = -1>
	 < root = nbjrt:file:/Library/Java/JavaVirtualMachines/jdk-17.0.8.jdk/Contents/Home/!/modules/jdk.net/; spent = 1; crawler = 0; res = -1; allRes = -1>
	 < root = nbjrt:file:/Library/Java/JavaVirtualMachines/jdk-17.0.8.jdk/Contents/Home/!/modules/jdk.jstatd/; spent = 1; crawler = 0; res = -1; allRes = -1>
	 < root = nbjrt:file:/Library/Java/JavaVirtualMachines/jdk-17.0.8.jdk/Contents/Home/!/modules/java.se/; spent = 1; crawler = 0; res = -1; allRes = -1>
	 < root = nbjrt:file:/Library/Java/JavaVirtualMachines/jdk-17.0.8.jdk/Contents/Home/!/modules/jdk.compiler/; spent = 1; crawler = 0; res = -1; allRes = -1>
	 < root = nbjrt:file:/Library/Java/JavaVirtualMachines/jdk-17.0.8.jdk/Contents/Home/!/modules/jdk.charsets/; spent = 1; crawler = 0; res = -1; allRes = -1>
	 < root = nbjrt:file:/Library/Java/JavaVirtualMachines/jdk-17.0.8.jdk/Contents/Home/!/modules/jdk.jfr/; spent = 1; crawler = 0; res = -1; allRes = -1>
	 < root = file:/Users/atalati/vscode-extension/main-repo/javavscode/netbeans/java/java.lsp.server/build/test/unit/work/o.n.m.j.l.s.p.S/gti/; spent = 61; crawler = 0; res = 3; allRes = 3>]
, total time: 155
Current root(s): []
Current indexer(s): 
Time spent in indexers:
	LSPServerTelemetry: 0
	java: 114
	java-launcher-compiler-options: 0
	org-netbeans-modules-jumpto-file-FileIndexer: 1
	org.netbeans.modules.java.source.indexing.COSSynchronizingIndexer: 0
	tests: 1
	text/x-java: 3
Time spent in indexers, in individual roots:
	nbjrt:file:/Library/Java/JavaVirtualMachines/jdk-17.0.8.jdk/Contents/Home/!/modules/jdk.management/
		java: 0
	nbjrt:file:/Library/Java/JavaVirtualMachines/jdk-17.0.8.jdk/Contents/Home/!/modules/jdk.management.jfr/
		java: 0
	nbjrt:file:/Library/Java/JavaVirtualMachines/jdk-17.0.8.jdk/Contents/Home/!/modules/java.scripting/
		java: 0
	nbjrt:file:/Library/Java/JavaVirtualMachines/jdk-17.0.8.jdk/Contents/Home/!/modules/java.datatransfer/
		java: 1
	nbjrt:file:/Library/Java/JavaVirtualMachines/jdk-17.0.8.jdk/Contents/Home/!/modules/jdk.unsupported.desktop/
		java: 1
	nbjrt:file:/Library/Java/JavaVirtualMachines/jdk-17.0.8.jdk/Contents/Home/!/modules/jdk.internal.ed/
		java: 1
	nbjrt:file:/Library/Java/JavaVirtualMachines/jdk-17.0.8.jdk/Contents/Home/!/modules/jdk.internal.vm.compiler.management/
		java: 1
	nbjrt:file:/Library/Java/JavaVirtualMachines/jdk-17.0.8.jdk/Contents/Home/!/modules/jdk.jsobject/
		java: 0
	nbjrt:file:/Library/Java/JavaVirtualMachines/jdk-17.0.8.jdk/Contents/Home/!/modules/jdk.internal.opt/
		java: 0
	nbjrt:file:/Library/Java/JavaVirtualMachines/jdk-17.0.8.jdk/Contents/Home/!/modules/jdk.sctp/
		java: 0
	nbjrt:file:/Library/Java/JavaVirtualMachines/jdk-17.0.8.jdk/Contents/Home/!/modules/jdk.unsupported/
		java: 0
	nbjrt:file:/Library/Java/JavaVirtualMachines/jdk-17.0.8.jdk/Contents/Home/!/modules/java.management/
		java: 1
	nbjrt:file:/Library/Java/JavaVirtualMachines/jdk-17.0.8.jdk/Contents/Home/!/modules/java.rmi/
		java: 1
	nbjrt:file:/Library/Java/JavaVirtualMachines/jdk-17.0.8.jdk/Contents/Home/!/modules/jdk.naming.dns/
		java: 1
	nbjrt:file:/Library/Java/JavaVirtualMachines/jdk-17.0.8.jdk/Contents/Home/!/modules/java.instrument/
		java: 1
	nbjrt:file:/Library/Java/JavaVirtualMachines/jdk-17.0.8.jdk/Contents/Home/!/modules/jdk.crypto.ec/
		java: 1
	nbjrt:file:/Library/Java/JavaVirtualMachines/jdk-17.0.8.jdk/Contents/Home/!/modules/jdk.incubator.vector/
		java: 1
	nbjrt:file:/Library/Java/JavaVirtualMachines/jdk-17.0.8.jdk/Contents/Home/!/modules/jdk.editpad/
		java: 1
	nbjrt:file:/Library/Java/JavaVirtualMachines/jdk-17.0.8.jdk/Contents/Home/!/modules/java.security.sasl/
		java: 1
	nbjrt:file:/Library/Java/JavaVirtualMachines/jdk-17.0.8.jdk/Contents/Home/!/modules/jdk.internal.le/
		java: 2
	nbjrt:file:/Library/Java/JavaVirtualMachines/jdk-17.0.8.jdk/Contents/Home/!/modules/java.logging/
		java: 2
	nbjrt:file:/Library/Java/JavaVirtualMachines/jdk-17.0.8.jdk/Contents/Home/!/modules/jdk.jdwp.agent/
		java: 1
	nbjrt:file:/Library/Java/JavaVirtualMachines/jdk-17.0.8.jdk/Contents/Home/!/modules/java.security.jgss/
		java: 1
	nbjrt:file:/Library/Java/JavaVirtualMachines/jdk-17.0.8.jdk/Contents/Home/!/modules/jdk.nio.mapmode/
		java: 0
	nbjrt:file:/Library/Java/JavaVirtualMachines/jdk-17.0.8.jdk/Contents/Home/!/modules/jdk.incubator.foreign/
		java: 2
	nbjrt:file:/Library/Java/JavaVirtualMachines/jdk-17.0.8.jdk/Contents/Home/!/modules/jdk.zipfs/
		java: 1
	nbjrt:file:/Library/Java/JavaVirtualMachines/jdk-17.0.8.jdk/Contents/Home/!/modules/java.management.rmi/
		java: 1
	nbjrt:file:/Library/Java/JavaVirtualMachines/jdk-17.0.8.jdk/Contents/Home/!/modules/java.naming/
		java: 1
	nbjrt:file:/Library/Java/JavaVirtualMachines/jdk-17.0.8.jdk/Contents/Home/!/modules/jdk.localedata/
		java: 1
	nbjrt:file:/Library/Java/JavaVirtualMachines/jdk-17.0.8.jdk/Contents/Home/!/modules/jdk.internal.jvmstat/
		java: 1
	nbjrt:file:/Library/Java/JavaVirtualMachines/jdk-17.0.8.jdk/Contents/Home/!/modules/java.desktop/
		java: 3
	nbjrt:file:/Library/Java/JavaVirtualMachines/jdk-17.0.8.jdk/Contents/Home/!/modules/jdk.jlink/
		java: 1
	nbjrt:file:/Library/Java/JavaVirtualMachines/jdk-17.0.8.jdk/Contents/Home/!/modules/jdk.security.jgss/
		java: 0
	nbjrt:file:/Library/Java/JavaVirtualMachines/jdk-17.0.8.jdk/Contents/Home/!/modules/java.base/
		java: 3
	nbjrt:file:/Library/Java/JavaVirtualMachines/jdk-17.0.8.jdk/Contents/Home/!/modules/jdk.hotspot.agent/
		java: 1
	nbjrt:file:/Library/Java/JavaVirtualMachines/jdk-17.0.8.jdk/Contents/Home/!/modules/jdk.jcmd/
		java: 1
	nbjrt:file:/Library/Java/JavaVirtualMachines/jdk-17.0.8.jdk/Contents/Home/!/modules/jdk.jpackage/
		java: 1
	nbjrt:file:/Library/Java/JavaVirtualMachines/jdk-17.0.8.jdk/Contents/Home/!/modules/jdk.xml.dom/
		java: 1
	nbjrt:file:/Library/Java/JavaVirtualMachines/jdk-17.0.8.jdk/Contents/Home/!/modules/java.sql.rowset/
		java: 1
	nbjrt:file:/Library/Java/JavaVirtualMachines/jdk-17.0.8.jdk/Contents/Home/!/modules/jdk.jshell/
		java: 2
	nbjrt:file:/Library/Java/JavaVirtualMachines/jdk-17.0.8.jdk/Contents/Home/!/modules/jdk.security.auth/
		java: 1
	nbjrt:file:/Library/Java/JavaVirtualMachines/jdk-17.0.8.jdk/Contents/Home/!/modules/java.xml.crypto/
		java: 1
	nbjrt:file:/Library/Java/JavaVirtualMachines/jdk-17.0.8.jdk/Contents/Home/!/modules/jdk.jdeps/
		java: 1
	nbjrt:file:/Library/Java/JavaVirtualMachines/jdk-17.0.8.jdk/Contents/Home/!/modules/jdk.management.agent/
		java: 1
	nbjrt:file:/Library/Java/JavaVirtualMachines/jdk-17.0.8.jdk/Contents/Home/!/modules/java.smartcardio/
		java: 1
	nbjrt:file:/Library/Java/JavaVirtualMachines/jdk-17.0.8.jdk/Contents/Home/!/modules/java.sql/
		java: 0
	nbjrt:file:/Library/Java/JavaVirtualMachines/jdk-17.0.8.jdk/Contents/Home/!/modules/java.net.http/
		java: 1
	nbjrt:file:/Library/Java/JavaVirtualMachines/jdk-17.0.8.jdk/Contents/Home/!/modules/jdk.naming.rmi/
		java: 1
	nbjrt:file:/Library/Java/JavaVirtualMachines/jdk-17.0.8.jdk/Contents/Home/!/modules/jdk.random/
		java: 1
	nbjrt:file:/Library/Java/JavaVirtualMachines/jdk-17.0.8.jdk/Contents/Home/!/modules/jdk.accessibility/
		java: 1
	nbjrt:file:/Library/Java/JavaVirtualMachines/jdk-17.0.8.jdk/Contents/Home/!/modules/jdk.jconsole/
		java: 1
	nbjrt:file:/Library/Java/JavaVirtualMachines/jdk-17.0.8.jdk/Contents/Home/!/modules/java.xml/
		java: 2
	nbjrt:file:/Library/Java/JavaVirtualMachines/jdk-17.0.8.jdk/Contents/Home/!/modules/java.compiler/
		java: 1
	nbjrt:file:/Library/Java/JavaVirtualMachines/jdk-17.0.8.jdk/Contents/Home/!/modules/jdk.crypto.cryptoki/
		java: 1
	nbjrt:file:/Library/Java/JavaVirtualMachines/jdk-17.0.8.jdk/Contents/Home/!/modules/jdk.internal.vm.ci/
		java: 1
	nbjrt:file:/Library/Java/JavaVirtualMachines/jdk-17.0.8.jdk/Contents/Home/!/modules/jdk.jdi/
		java: 1
	nbjrt:file:/Library/Java/JavaVirtualMachines/jdk-17.0.8.jdk/Contents/Home/!/modules/java.transaction.xa/
		java: 0
	nbjrt:file:/Library/Java/JavaVirtualMachines/jdk-17.0.8.jdk/Contents/Home/!/modules/jdk.internal.vm.compiler/
		java: 1
	nbjrt:file:/Library/Java/JavaVirtualMachines/jdk-17.0.8.jdk/Contents/Home/!/modules/jdk.attach/
		java: 0
	nbjrt:file:/Library/Java/JavaVirtualMachines/jdk-17.0.8.jdk/Contents/Home/!/modules/jdk.dynalink/
		java: 1
	nbjrt:file:/Library/Java/JavaVirtualMachines/jdk-17.0.8.jdk/Contents/Home/!/modules/jdk.javadoc/
		java: 1
	nbjrt:file:/Library/Java/JavaVirtualMachines/jdk-17.0.8.jdk/Contents/Home/!/modules/jdk.httpserver/
		java: 1
	nbjrt:file:/Library/Java/JavaVirtualMachines/jdk-17.0.8.jdk/Contents/Home/!/modules/java.prefs/
		java: 1
	nbjrt:file:/Library/Java/JavaVirtualMachines/jdk-17.0.8.jdk/Contents/Home/!/modules/jdk.jartool/
		java: 1
	nbjrt:file:/Library/Java/JavaVirtualMachines/jdk-17.0.8.jdk/Contents/Home/!/modules/jdk.net/
		java: 1
	nbjrt:file:/Library/Java/JavaVirtualMachines/jdk-17.0.8.jdk/Contents/Home/!/modules/jdk.jstatd/
		java: 1
	nbjrt:file:/Library/Java/JavaVirtualMachines/jdk-17.0.8.jdk/Contents/Home/!/modules/java.se/
		java: 1
	nbjrt:file:/Library/Java/JavaVirtualMachines/jdk-17.0.8.jdk/Contents/Home/!/modules/jdk.compiler/
		java: 1
	nbjrt:file:/Library/Java/JavaVirtualMachines/jdk-17.0.8.jdk/Contents/Home/!/modules/jdk.charsets/
		java: 1
	nbjrt:file:/Library/Java/JavaVirtualMachines/jdk-17.0.8.jdk/Contents/Home/!/modules/jdk.jfr/
		java: 1
	file:/Users/atalati/vscode-extension/main-repo/javavscode/netbeans/java/java.lsp.server/build/test/unit/work/o.n.m.j.l.s.p.S/gti/
		LSPServerTelemetry: 0
		java: 47
		java-launcher-compiler-options: 0
		org-netbeans-modules-jumpto-file-FileIndexer: 1
		org.netbeans.modules.java.source.indexing.COSSynchronizingIndexer: 0
		tests: 1
		text/x-java: 3
Time in index store: 1
Time crawling: 0
Stacktrace:
	java.base/java.lang.Thread.getStackTrace(Thread.java:1610)
	org.netbeans.modules.parsing.impl.indexing.LogContext.create(LogContext.java:111)
	org.netbeans.modules.parsing.impl.indexing.LogContext.create(LogContext.java:102)
	org.netbeans.modules.parsing.impl.indexing.PathRegistry.scheduleFirer(PathRegistry.java:938)
	org.netbeans.modules.parsing.impl.indexing.PathRegistry.resetCacheAndFire(PathRegistry.java:931)
	org.netbeans.modules.parsing.impl.indexing.PathRegistry.access$500(PathRegistry.java:68)
	org.netbeans.modules.parsing.impl.indexing.PathRegistry$Listener.pathsAdded(PathRegistry.java:1206)
	java.base/jdk.internal.reflect.NativeMethodAccessorImpl.invoke0(Native Method)
	java.base/jdk.internal.reflect.NativeMethodAccessorImpl.invoke(NativeMethodAccessorImpl.java:77)
	java.base/jdk.internal.reflect.DelegatingMethodAccessorImpl.invoke(DelegatingMethodAccessorImpl.java:43)
	java.base/java.lang.reflect.Method.invoke(Method.java:568)
	org.openide.util.WeakListenerImpl$ProxyListener.invoke(WeakListenerImpl.java:461)
	jdk.proxy2/jdk.proxy2.$Proxy19.pathsAdded(Unknown Source)
	org.netbeans.api.java.classpath.GlobalPathRegistry.register(GlobalPathRegistry.java:206)
	org.netbeans.modules.java.lsp.server.protocol.ServerTest$TestProjectFactory$1.projectOpened(ServerTest.java:5353)
	org.netbeans.spi.project.ui.ProjectOpenedHook$1.projectOpened(ProjectOpenedHook.java:60)
	org.netbeans.modules.project.ui.OpenProjectList.notifyOpened(OpenProjectList.java:1321)
	org.netbeans.modules.project.ui.OpenProjectList.doOpenProject(OpenProjectList.java:1402)
	org.netbeans.modules.project.ui.OpenProjectList.open(OpenProjectList.java:848)
	org.netbeans.modules.project.ui.OpenProjectList.open(OpenProjectList.java:682)
	org.netbeans.modules.project.ui.OpenProjectList.open(OpenProjectList.java:643)
	org.netbeans.modules.project.ui.OpenProjectsTrampolineImpl.openAPI(OpenProjectsTrampolineImpl.java:56)
	org.netbeans.api.project.ui.OpenProjects.open(OpenProjects.java:173)
	org.netbeans.modules.java.lsp.server.protocol.Server$LanguageServerImpl.lambda$asyncOpenSelectedProjects1$9(Server.java:713)
	java.base/java.util.concurrent.CompletableFuture.uniRunNow(CompletableFuture.java:819)
	java.base/java.util.concurrent.CompletableFuture.uniRunStage(CompletableFuture.java:803)
	java.base/java.util.concurrent.CompletableFuture.thenRun(CompletableFuture.java:2195)
	org.netbeans.modules.java.lsp.server.protocol.Server$LanguageServerImpl.asyncOpenSelectedProjects1(Server.java:703)
	org.netbeans.modules.java.lsp.server.protocol.Server$LanguageServerImpl.asyncOpenSelectedProjects0(Server.java:642)
	org.netbeans.modules.java.lsp.server.protocol.Server$LanguageServerImpl.lambda$initialize$15(Server.java:949)
	org.openide.util.RequestProcessor$Task.run(RequestProcessor.java:1420)
	org.netbeans.modules.openide.util.GlobalLookup.execute(GlobalLookup.java:45)
	org.openide.util.lookup.Lookups.executeWith(Lookups.java:287)
	org.openide.util.RequestProcessor$Processor.run(RequestProcessor.java:2035)
Changed ClassPaths:[/Users/atalati/vscode-extension/main-repo/javavscode/netbeans/java/java.lsp.server/build/test/unit/work/o.n.m.j.l.s.p.S/gti]

May 27, 2024 4:39:36 PM org.netbeans.modules.parsing.impl.indexing.LogContext log
INFO: SCAN_EXCEEDS_RATE ID: 15, Type:PATH
Time scheduled: Mon May 27 16:39:33 IST 2024
Time executed: Mon May 27 16:39:33 IST 2024
Time finished: Mon May 27 16:39:34 IST 2024
Scanned roots: [< root = file:/Users/atalati/vscode-extension/main-repo/javavscode/netbeans/java/java.lsp.server/build/test/unit/work/o.n.m.j.l.s.p.S/cmp/; spent = 328; crawler = 6; res = 3; allRes = 3>]
, total time: 328
Current root(s): []
Current indexer(s): 
Time spent in indexers:
	LSPServerTelemetry: 2
	java: 59
	java-launcher-compiler-options: 0
	org-netbeans-modules-jumpto-file-FileIndexer: 1
	org.netbeans.modules.java.source.indexing.COSSynchronizingIndexer: 1
	tests: 0
	text/x-java: 10
Time spent in indexers, in individual roots:
	file:/Users/atalati/vscode-extension/main-repo/javavscode/netbeans/java/java.lsp.server/build/test/unit/work/o.n.m.j.l.s.p.S/cmp/
		LSPServerTelemetry: 2
		java: 59
		java-launcher-compiler-options: 0
		org-netbeans-modules-jumpto-file-FileIndexer: 1
		org.netbeans.modules.java.source.indexing.COSSynchronizingIndexer: 1
		tests: 0
		text/x-java: 10
Time in index store: 2
Time crawling: 12
Stacktrace:
	java.base/java.lang.Thread.getStackTrace(Thread.java:1610)
	org.netbeans.modules.parsing.impl.indexing.LogContext.create(LogContext.java:111)
	org.netbeans.modules.parsing.impl.indexing.LogContext.create(LogContext.java:102)
	org.netbeans.modules.parsing.impl.indexing.PathRegistry.scheduleFirer(PathRegistry.java:938)
	org.netbeans.modules.parsing.impl.indexing.PathRegistry.resetCacheAndFire(PathRegistry.java:931)
	org.netbeans.modules.parsing.impl.indexing.PathRegistry.access$500(PathRegistry.java:68)
	org.netbeans.modules.parsing.impl.indexing.PathRegistry$Listener.pathsRemoved(PathRegistry.java:1218)
	java.base/jdk.internal.reflect.NativeMethodAccessorImpl.invoke0(Native Method)
	java.base/jdk.internal.reflect.NativeMethodAccessorImpl.invoke(NativeMethodAccessorImpl.java:77)
	java.base/jdk.internal.reflect.DelegatingMethodAccessorImpl.invoke(DelegatingMethodAccessorImpl.java:43)
	java.base/java.lang.reflect.Method.invoke(Method.java:568)
	org.openide.util.WeakListenerImpl$ProxyListener.invoke(WeakListenerImpl.java:461)
	jdk.proxy2/jdk.proxy2.$Proxy19.pathsRemoved(Unknown Source)
	org.netbeans.api.java.classpath.GlobalPathRegistry.unregister(GlobalPathRegistry.java:239)
	org.netbeans.modules.java.lsp.server.protocol.ServerTest$TestProjectFactory$1.projectClosed(ServerTest.java:5358)
	org.netbeans.spi.project.ui.ProjectOpenedHook$1.projectClosed(ProjectOpenedHook.java:64)
	org.netbeans.modules.project.ui.OpenProjectList.notifyClosed(OpenProjectList.java:1345)
	org.netbeans.modules.project.ui.OpenProjectList.access$2600(OpenProjectList.java:116)
	org.netbeans.modules.project.ui.OpenProjectList$15.run(OpenProjectList.java:1001)
	org.openide.util.RequestProcessor$Task.run(RequestProcessor.java:1420)
	org.netbeans.modules.openide.util.GlobalLookup.execute(GlobalLookup.java:45)
	org.openide.util.lookup.Lookups.executeWith(Lookups.java:287)
	org.openide.util.RequestProcessor$Processor.run(RequestProcessor.java:2035)
Changed ClassPaths:[/Users/atalati/vscode-extension/main-repo/javavscode/netbeans/java/java.lsp.server/build/test/unit/work/o.n.m.j.l.s.p.S/cmp, /Users/atalati/vscode-extension/main-repo/javavscode/netbeans/java/java.lsp.server/build/test/unit/work/o.n.m.j.l.s.p.S/gti]

May 27, 2024 4:39:36 PM org.netbeans.modules.parsing.impl.indexing.LogContext log
INFO: SCAN_EXCEEDS_RATE ID: 27, Type:PATH
Time scheduled: Mon May 27 16:39:35 IST 2024
Time executed: Mon May 27 16:39:36 IST 2024
Time finished: Mon May 27 16:39:36 IST 2024
Scanned roots: [< root = nbjrt:file:/Library/Java/JavaVirtualMachines/jdk-17.0.8.jdk/Contents/Home/!/modules/jdk.management.jfr/; spent = 1; crawler = 0; res = -1; allRes = -1>
	 < root = nbjrt:file:/Library/Java/JavaVirtualMachines/jdk-17.0.8.jdk/Contents/Home/!/modules/jdk.management/; spent = 1; crawler = 0; res = -1; allRes = -1>
	 < root = nbjrt:file:/Library/Java/JavaVirtualMachines/jdk-17.0.8.jdk/Contents/Home/!/modules/java.datatransfer/; spent = 749; crawler = 0; res = -1; allRes = -1>
	 < root = nbjrt:file:/Library/Java/JavaVirtualMachines/jdk-17.0.8.jdk/Contents/Home/!/modules/java.scripting/; spent = 749; crawler = 0; res = -1; allRes = -1>
	 < root = nbjrt:file:/Library/Java/JavaVirtualMachines/jdk-17.0.8.jdk/Contents/Home/!/modules/jdk.unsupported.desktop/; spent = 1; crawler = 0; res = -1; allRes = -1>
	 < root = nbjrt:file:/Library/Java/JavaVirtualMachines/jdk-17.0.8.jdk/Contents/Home/!/modules/jdk.internal.ed/; spent = 1; crawler = 0; res = -1; allRes = -1>
	 < root = nbjrt:file:/Library/Java/JavaVirtualMachines/jdk-17.0.8.jdk/Contents/Home/!/modules/jdk.internal.vm.compiler.management/; spent = 748; crawler = 0; res = -1; allRes = -1>
	 < root = nbjrt:file:/Library/Java/JavaVirtualMachines/jdk-17.0.8.jdk/Contents/Home/!/modules/jdk.internal.opt/; spent = 748; crawler = 0; res = -1; allRes = -1>
	 < root = nbjrt:file:/Library/Java/JavaVirtualMachines/jdk-17.0.8.jdk/Contents/Home/!/modules/jdk.sctp/; spent = 1; crawler = 0; res = -1; allRes = -1>
	 < root = nbjrt:file:/Library/Java/JavaVirtualMachines/jdk-17.0.8.jdk/Contents/Home/!/modules/jdk.jsobject/; spent = 1; crawler = 0; res = -1; allRes = -1>
	 < root = nbjrt:file:/Library/Java/JavaVirtualMachines/jdk-17.0.8.jdk/Contents/Home/!/modules/jdk.unsupported/; spent = 747; crawler = 0; res = -1; allRes = -1>
	 < root = nbjrt:file:/Library/Java/JavaVirtualMachines/jdk-17.0.8.jdk/Contents/Home/!/modules/java.management/; spent = 747; crawler = 0; res = -1; allRes = -1>
	 < root = nbjrt:file:/Library/Java/JavaVirtualMachines/jdk-17.0.8.jdk/Contents/Home/!/modules/java.rmi/; spent = 1; crawler = 0; res = -1; allRes = -1>
	 < root = nbjrt:file:/Library/Java/JavaVirtualMachines/jdk-17.0.8.jdk/Contents/Home/!/modules/jdk.naming.dns/; spent = 1; crawler = 0; res = -1; allRes = -1>
	 < root = nbjrt:file:/Library/Java/JavaVirtualMachines/jdk-17.0.8.jdk/Contents/Home/!/modules/java.instrument/; spent = 746; crawler = 0; res = -1; allRes = -1>
	 < root = nbjrt:file:/Library/Java/JavaVirtualMachines/jdk-17.0.8.jdk/Contents/Home/!/modules/jdk.crypto.ec/; spent = 746; crawler = 0; res = -1; allRes = -1>
	 < root = nbjrt:file:/Library/Java/JavaVirtualMachines/jdk-17.0.8.jdk/Contents/Home/!/modules/jdk.incubator.vector/; spent = 1; crawler = 0; res = -1; allRes = -1>
	 < root = nbjrt:file:/Library/Java/JavaVirtualMachines/jdk-17.0.8.jdk/Contents/Home/!/modules/java.security.sasl/; spent = 1; crawler = 0; res = -1; allRes = -1>
	 < root = nbjrt:file:/Library/Java/JavaVirtualMachines/jdk-17.0.8.jdk/Contents/Home/!/modules/jdk.editpad/; spent = 745; crawler = 0; res = -1; allRes = -1>
	 < root = nbjrt:file:/Library/Java/JavaVirtualMachines/jdk-17.0.8.jdk/Contents/Home/!/modules/java.logging/; spent = 745; crawler = 0; res = -1; allRes = -1>
	 < root = nbjrt:file:/Library/Java/JavaVirtualMachines/jdk-17.0.8.jdk/Contents/Home/!/modules/jdk.internal.le/; spent = 745; crawler = 0; res = -1; allRes = -1>
	 < root = nbjrt:file:/Library/Java/JavaVirtualMachines/jdk-17.0.8.jdk/Contents/Home/!/modules/jdk.jdwp.agent/; spent = 1; crawler = 0; res = -1; allRes = -1>
	 < root = nbjrt:file:/Library/Java/JavaVirtualMachines/jdk-17.0.8.jdk/Contents/Home/!/modules/java.security.jgss/; spent = 1; crawler = 0; res = -1; allRes = -1>
	 < root = nbjrt:file:/Library/Java/JavaVirtualMachines/jdk-17.0.8.jdk/Contents/Home/!/modules/jdk.incubator.foreign/; spent = 744; crawler = 0; res = -1; allRes = -1>
	 < root = nbjrt:file:/Library/Java/JavaVirtualMachines/jdk-17.0.8.jdk/Contents/Home/!/modules/jdk.nio.mapmode/; spent = 744; crawler = 0; res = -1; allRes = -1>
	 < root = nbjrt:file:/Library/Java/JavaVirtualMachines/jdk-17.0.8.jdk/Contents/Home/!/modules/jdk.zipfs/; spent = 744; crawler = 0; res = -1; allRes = -1>
	 < root = nbjrt:file:/Library/Java/JavaVirtualMachines/jdk-17.0.8.jdk/Contents/Home/!/modules/java.management.rmi/; spent = 1; crawler = 0; res = -1; allRes = -1>
	 < root = nbjrt:file:/Library/Java/JavaVirtualMachines/jdk-17.0.8.jdk/Contents/Home/!/modules/java.naming/; spent = 743; crawler = 0; res = -1; allRes = -1>
	 < root = nbjrt:file:/Library/Java/JavaVirtualMachines/jdk-17.0.8.jdk/Contents/Home/!/modules/jdk.localedata/; spent = 743; crawler = 0; res = -1; allRes = -1>
	 < root = nbjrt:file:/Library/Java/JavaVirtualMachines/jdk-17.0.8.jdk/Contents/Home/!/modules/java.desktop/; spent = 743; crawler = 0; res = -1; allRes = -1>
	 < root = nbjrt:file:/Library/Java/JavaVirtualMachines/jdk-17.0.8.jdk/Contents/Home/!/modules/jdk.internal.jvmstat/; spent = 1; crawler = 0; res = -1; allRes = -1>
	 < root = nbjrt:file:/Library/Java/JavaVirtualMachines/jdk-17.0.8.jdk/Contents/Home/!/modules/java.base/; spent = 1; crawler = 0; res = -1; allRes = -1>
	 < root = nbjrt:file:/Library/Java/JavaVirtualMachines/jdk-17.0.8.jdk/Contents/Home/!/modules/jdk.jlink/; spent = 742; crawler = 0; res = -1; allRes = -1>
	 < root = nbjrt:file:/Library/Java/JavaVirtualMachines/jdk-17.0.8.jdk/Contents/Home/!/modules/jdk.security.jgss/; spent = 742; crawler = 0; res = -1; allRes = -1>
	 < root = nbjrt:file:/Library/Java/JavaVirtualMachines/jdk-17.0.8.jdk/Contents/Home/!/modules/jdk.hotspot.agent/; spent = 742; crawler = 0; res = -1; allRes = -1>
	 < root = nbjrt:file:/Library/Java/JavaVirtualMachines/jdk-17.0.8.jdk/Contents/Home/!/modules/jdk.jcmd/; spent = 1; crawler = 0; res = -1; allRes = -1>
	 < root = nbjrt:file:/Library/Java/JavaVirtualMachines/jdk-17.0.8.jdk/Contents/Home/!/modules/jdk.jpackage/; spent = 1; crawler = 0; res = -1; allRes = -1>
	 < root = nbjrt:file:/Library/Java/JavaVirtualMachines/jdk-17.0.8.jdk/Contents/Home/!/modules/jdk.xml.dom/; spent = 741; crawler = 0; res = -1; allRes = -1>
	 < root = nbjrt:file:/Library/Java/JavaVirtualMachines/jdk-17.0.8.jdk/Contents/Home/!/modules/jdk.jshell/; spent = 741; crawler = 0; res = -1; allRes = -1>
	 < root = nbjrt:file:/Library/Java/JavaVirtualMachines/jdk-17.0.8.jdk/Contents/Home/!/modules/java.sql.rowset/; spent = 741; crawler = 0; res = -1; allRes = -1>
	 < root = nbjrt:file:/Library/Java/JavaVirtualMachines/jdk-17.0.8.jdk/Contents/Home/!/modules/java.xml.crypto/; spent = 1; crawler = 0; res = -1; allRes = -1>
	 < root = nbjrt:file:/Library/Java/JavaVirtualMachines/jdk-17.0.8.jdk/Contents/Home/!/modules/jdk.security.auth/; spent = 1; crawler = 0; res = -1; allRes = -1>
	 < root = nbjrt:file:/Library/Java/JavaVirtualMachines/jdk-17.0.8.jdk/Contents/Home/!/modules/jdk.jdeps/; spent = 740; crawler = 0; res = -1; allRes = -1>
	 < root = nbjrt:file:/Library/Java/JavaVirtualMachines/jdk-17.0.8.jdk/Contents/Home/!/modules/jdk.management.agent/; spent = 740; crawler = 0; res = -1; allRes = -1>
	 < root = nbjrt:file:/Library/Java/JavaVirtualMachines/jdk-17.0.8.jdk/Contents/Home/!/modules/java.smartcardio/; spent = 1; crawler = 0; res = -1; allRes = -1>
	 < root = nbjrt:file:/Library/Java/JavaVirtualMachines/jdk-17.0.8.jdk/Contents/Home/!/modules/java.sql/; spent = 1; crawler = 0; res = -1; allRes = -1>
	 < root = nbjrt:file:/Library/Java/JavaVirtualMachines/jdk-17.0.8.jdk/Contents/Home/!/modules/java.net.http/; spent = 739; crawler = 0; res = -1; allRes = -1>
	 < root = nbjrt:file:/Library/Java/JavaVirtualMachines/jdk-17.0.8.jdk/Contents/Home/!/modules/jdk.naming.rmi/; spent = 739; crawler = 0; res = -1; allRes = -1>
	 < root = nbjrt:file:/Library/Java/JavaVirtualMachines/jdk-17.0.8.jdk/Contents/Home/!/modules/jdk.random/; spent = 1; crawler = 0; res = -1; allRes = -1>
	 < root = nbjrt:file:/Library/Java/JavaVirtualMachines/jdk-17.0.8.jdk/Contents/Home/!/modules/jdk.accessibility/; spent = 1; crawler = 0; res = -1; allRes = -1>
	 < root = nbjrt:file:/Library/Java/JavaVirtualMachines/jdk-17.0.8.jdk/Contents/Home/!/modules/java.xml/; spent = 738; crawler = 0; res = -1; allRes = -1>
	 < root = nbjrt:file:/Library/Java/JavaVirtualMachines/jdk-17.0.8.jdk/Contents/Home/!/modules/jdk.jconsole/; spent = 738; crawler = 0; res = -1; allRes = -1>
	 < root = nbjrt:file:/Library/Java/JavaVirtualMachines/jdk-17.0.8.jdk/Contents/Home/!/modules/java.compiler/; spent = 1; crawler = 0; res = -1; allRes = -1>
	 < root = nbjrt:file:/Library/Java/JavaVirtualMachines/jdk-17.0.8.jdk/Contents/Home/!/modules/jdk.crypto.cryptoki/; spent = 1; crawler = 0; res = -1; allRes = -1>
	 < root = nbjrt:file:/Library/Java/JavaVirtualMachines/jdk-17.0.8.jdk/Contents/Home/!/modules/jdk.jdi/; spent = 737; crawler = 0; res = -1; allRes = -1>
	 < root = nbjrt:file:/Library/Java/JavaVirtualMachines/jdk-17.0.8.jdk/Contents/Home/!/modules/jdk.internal.vm.ci/; spent = 737; crawler = 0; res = -1; allRes = -1>
	 < root = nbjrt:file:/Library/Java/JavaVirtualMachines/jdk-17.0.8.jdk/Contents/Home/!/modules/java.transaction.xa/; spent = 1; crawler = 0; res = -1; allRes = -1>
	 < root = nbjrt:file:/Library/Java/JavaVirtualMachines/jdk-17.0.8.jdk/Contents/Home/!/modules/jdk.internal.vm.compiler/; spent = 1; crawler = 0; res = -1; allRes = -1>
	 < root = nbjrt:file:/Library/Java/JavaVirtualMachines/jdk-17.0.8.jdk/Contents/Home/!/modules/jdk.attach/; spent = 736; crawler = 0; res = -1; allRes = -1>
	 < root = nbjrt:file:/Library/Java/JavaVirtualMachines/jdk-17.0.8.jdk/Contents/Home/!/modules/jdk.dynalink/; spent = 736; crawler = 0; res = -1; allRes = -1>
	 < root = nbjrt:file:/Library/Java/JavaVirtualMachines/jdk-17.0.8.jdk/Contents/Home/!/modules/jdk.javadoc/; spent = 1; crawler = 0; res = -1; allRes = -1>
	 < root = nbjrt:file:/Library/Java/JavaVirtualMachines/jdk-17.0.8.jdk/Contents/Home/!/modules/jdk.httpserver/; spent = 1; crawler = 0; res = -1; allRes = -1>
	 < root = nbjrt:file:/Library/Java/JavaVirtualMachines/jdk-17.0.8.jdk/Contents/Home/!/modules/jdk.jartool/; spent = 735; crawler = 0; res = -1; allRes = -1>
	 < root = nbjrt:file:/Library/Java/JavaVirtualMachines/jdk-17.0.8.jdk/Contents/Home/!/modules/java.prefs/; spent = 735; crawler = 0; res = -1; allRes = -1>
	 < root = nbjrt:file:/Library/Java/JavaVirtualMachines/jdk-17.0.8.jdk/Contents/Home/!/modules/jdk.net/; spent = 1; crawler = 0; res = -1; allRes = -1>
	 < root = nbjrt:file:/Library/Java/JavaVirtualMachines/jdk-17.0.8.jdk/Contents/Home/!/modules/jdk.jstatd/; spent = 734; crawler = 0; res = -1; allRes = -1>
	 < root = nbjrt:file:/Library/Java/JavaVirtualMachines/jdk-17.0.8.jdk/Contents/Home/!/modules/jdk.compiler/; spent = 734; crawler = 0; res = -1; allRes = -1>
	 < root = nbjrt:file:/Library/Java/JavaVirtualMachines/jdk-17.0.8.jdk/Contents/Home/!/modules/java.se/; spent = 1; crawler = 0; res = -1; allRes = -1>
	 < root = nbjrt:file:/Library/Java/JavaVirtualMachines/jdk-17.0.8.jdk/Contents/Home/!/modules/jdk.charsets/; spent = 1; crawler = 0; res = -1; allRes = -1>
	 < root = nbjrt:file:/Library/Java/JavaVirtualMachines/jdk-17.0.8.jdk/Contents/Home/!/modules/jdk.jfr/; spent = 733; crawler = 0; res = -1; allRes = -1>
	 < root = file:/Users/atalati/vscode-extension/main-repo/javavscode/netbeans/java/java.lsp.server/build/test/unit/work/o.n.m.j.l.s.p.S/gttd/; spent = 61; crawler = 0; res = 3; allRes = 3>]
, total time: 93
Current root(s): []
Current indexer(s): 
Time spent in indexers:
	LSPServerTelemetry: 1
	java: 77
	java-launcher-compiler-options: 0
	org-netbeans-modules-jumpto-file-FileIndexer: 1
	org.netbeans.modules.java.source.indexing.COSSynchronizingIndexer: 1
	tests: 0
	text/x-java: 3
Time spent in indexers, in individual roots:
	nbjrt:file:/Library/Java/JavaVirtualMachines/jdk-17.0.8.jdk/Contents/Home/!/modules/jdk.management.jfr/
		java: 1
	nbjrt:file:/Library/Java/JavaVirtualMachines/jdk-17.0.8.jdk/Contents/Home/!/modules/jdk.management/
		java: 1
	nbjrt:file:/Library/Java/JavaVirtualMachines/jdk-17.0.8.jdk/Contents/Home/!/modules/java.datatransfer/
		java: 0
	nbjrt:file:/Library/Java/JavaVirtualMachines/jdk-17.0.8.jdk/Contents/Home/!/modules/java.scripting/
		java: 0
	nbjrt:file:/Library/Java/JavaVirtualMachines/jdk-17.0.8.jdk/Contents/Home/!/modules/jdk.unsupported.desktop/
		java: 1
	nbjrt:file:/Library/Java/JavaVirtualMachines/jdk-17.0.8.jdk/Contents/Home/!/modules/jdk.internal.ed/
		java: 1
	nbjrt:file:/Library/Java/JavaVirtualMachines/jdk-17.0.8.jdk/Contents/Home/!/modules/jdk.internal.vm.compiler.management/
		java: 0
	nbjrt:file:/Library/Java/JavaVirtualMachines/jdk-17.0.8.jdk/Contents/Home/!/modules/jdk.internal.opt/
		java: 0
	nbjrt:file:/Library/Java/JavaVirtualMachines/jdk-17.0.8.jdk/Contents/Home/!/modules/jdk.sctp/
		java: 0
	nbjrt:file:/Library/Java/JavaVirtualMachines/jdk-17.0.8.jdk/Contents/Home/!/modules/jdk.jsobject/
		java: 1
	nbjrt:file:/Library/Java/JavaVirtualMachines/jdk-17.0.8.jdk/Contents/Home/!/modules/jdk.unsupported/
		java: 0
	nbjrt:file:/Library/Java/JavaVirtualMachines/jdk-17.0.8.jdk/Contents/Home/!/modules/java.management/
		java: 0
	nbjrt:file:/Library/Java/JavaVirtualMachines/jdk-17.0.8.jdk/Contents/Home/!/modules/java.rmi/
		java: 1
	nbjrt:file:/Library/Java/JavaVirtualMachines/jdk-17.0.8.jdk/Contents/Home/!/modules/jdk.naming.dns/
		java: 1
	nbjrt:file:/Library/Java/JavaVirtualMachines/jdk-17.0.8.jdk/Contents/Home/!/modules/java.instrument/
		java: 0
	nbjrt:file:/Library/Java/JavaVirtualMachines/jdk-17.0.8.jdk/Contents/Home/!/modules/jdk.crypto.ec/
		java: 0
	nbjrt:file:/Library/Java/JavaVirtualMachines/jdk-17.0.8.jdk/Contents/Home/!/modules/jdk.incubator.vector/
		java: 1
	nbjrt:file:/Library/Java/JavaVirtualMachines/jdk-17.0.8.jdk/Contents/Home/!/modules/java.security.sasl/
		java: 1
	nbjrt:file:/Library/Java/JavaVirtualMachines/jdk-17.0.8.jdk/Contents/Home/!/modules/jdk.editpad/
		java: 0
	nbjrt:file:/Library/Java/JavaVirtualMachines/jdk-17.0.8.jdk/Contents/Home/!/modules/java.logging/
		java: 0
	nbjrt:file:/Library/Java/JavaVirtualMachines/jdk-17.0.8.jdk/Contents/Home/!/modules/jdk.internal.le/
		java: 0
	nbjrt:file:/Library/Java/JavaVirtualMachines/jdk-17.0.8.jdk/Contents/Home/!/modules/jdk.jdwp.agent/
		java: 1
	nbjrt:file:/Library/Java/JavaVirtualMachines/jdk-17.0.8.jdk/Contents/Home/!/modules/java.security.jgss/
		java: 1
	nbjrt:file:/Library/Java/JavaVirtualMachines/jdk-17.0.8.jdk/Contents/Home/!/modules/jdk.incubator.foreign/
		java: 0
	nbjrt:file:/Library/Java/JavaVirtualMachines/jdk-17.0.8.jdk/Contents/Home/!/modules/jdk.nio.mapmode/
		java: 0
	nbjrt:file:/Library/Java/JavaVirtualMachines/jdk-17.0.8.jdk/Contents/Home/!/modules/jdk.zipfs/
		java: 0
	nbjrt:file:/Library/Java/JavaVirtualMachines/jdk-17.0.8.jdk/Contents/Home/!/modules/java.management.rmi/
		java: 1
	nbjrt:file:/Library/Java/JavaVirtualMachines/jdk-17.0.8.jdk/Contents/Home/!/modules/java.naming/
		java: 0
	nbjrt:file:/Library/Java/JavaVirtualMachines/jdk-17.0.8.jdk/Contents/Home/!/modules/jdk.localedata/
		java: 0
	nbjrt:file:/Library/Java/JavaVirtualMachines/jdk-17.0.8.jdk/Contents/Home/!/modules/java.desktop/
		java: 0
	nbjrt:file:/Library/Java/JavaVirtualMachines/jdk-17.0.8.jdk/Contents/Home/!/modules/jdk.internal.jvmstat/
		java: 1
	nbjrt:file:/Library/Java/JavaVirtualMachines/jdk-17.0.8.jdk/Contents/Home/!/modules/java.base/
		java: 1
	nbjrt:file:/Library/Java/JavaVirtualMachines/jdk-17.0.8.jdk/Contents/Home/!/modules/jdk.jlink/
		java: 0
	nbjrt:file:/Library/Java/JavaVirtualMachines/jdk-17.0.8.jdk/Contents/Home/!/modules/jdk.security.jgss/
		java: 0
	nbjrt:file:/Library/Java/JavaVirtualMachines/jdk-17.0.8.jdk/Contents/Home/!/modules/jdk.hotspot.agent/
		java: 0
	nbjrt:file:/Library/Java/JavaVirtualMachines/jdk-17.0.8.jdk/Contents/Home/!/modules/jdk.jcmd/
		java: 1
	nbjrt:file:/Library/Java/JavaVirtualMachines/jdk-17.0.8.jdk/Contents/Home/!/modules/jdk.jpackage/
		java: 1
	nbjrt:file:/Library/Java/JavaVirtualMachines/jdk-17.0.8.jdk/Contents/Home/!/modules/jdk.xml.dom/
		java: 0
	nbjrt:file:/Library/Java/JavaVirtualMachines/jdk-17.0.8.jdk/Contents/Home/!/modules/jdk.jshell/
		java: 0
	nbjrt:file:/Library/Java/JavaVirtualMachines/jdk-17.0.8.jdk/Contents/Home/!/modules/java.sql.rowset/
		java: 0
	nbjrt:file:/Library/Java/JavaVirtualMachines/jdk-17.0.8.jdk/Contents/Home/!/modules/java.xml.crypto/
		java: 1
	nbjrt:file:/Library/Java/JavaVirtualMachines/jdk-17.0.8.jdk/Contents/Home/!/modules/jdk.security.auth/
		java: 1
	nbjrt:file:/Library/Java/JavaVirtualMachines/jdk-17.0.8.jdk/Contents/Home/!/modules/jdk.jdeps/
		java: 0
	nbjrt:file:/Library/Java/JavaVirtualMachines/jdk-17.0.8.jdk/Contents/Home/!/modules/jdk.management.agent/
		java: 0
	nbjrt:file:/Library/Java/JavaVirtualMachines/jdk-17.0.8.jdk/Contents/Home/!/modules/java.smartcardio/
		java: 1
	nbjrt:file:/Library/Java/JavaVirtualMachines/jdk-17.0.8.jdk/Contents/Home/!/modules/java.sql/
		java: 1
	nbjrt:file:/Library/Java/JavaVirtualMachines/jdk-17.0.8.jdk/Contents/Home/!/modules/java.net.http/
		java: 0
	nbjrt:file:/Library/Java/JavaVirtualMachines/jdk-17.0.8.jdk/Contents/Home/!/modules/jdk.naming.rmi/
		java: 0
	nbjrt:file:/Library/Java/JavaVirtualMachines/jdk-17.0.8.jdk/Contents/Home/!/modules/jdk.random/
		java: 1
	nbjrt:file:/Library/Java/JavaVirtualMachines/jdk-17.0.8.jdk/Contents/Home/!/modules/jdk.accessibility/
		java: 1
	nbjrt:file:/Library/Java/JavaVirtualMachines/jdk-17.0.8.jdk/Contents/Home/!/modules/java.xml/
		java: 0
	nbjrt:file:/Library/Java/JavaVirtualMachines/jdk-17.0.8.jdk/Contents/Home/!/modules/jdk.jconsole/
		java: 0
	nbjrt:file:/Library/Java/JavaVirtualMachines/jdk-17.0.8.jdk/Contents/Home/!/modules/java.compiler/
		java: 1
	nbjrt:file:/Library/Java/JavaVirtualMachines/jdk-17.0.8.jdk/Contents/Home/!/modules/jdk.crypto.cryptoki/
		java: 1
	nbjrt:file:/Library/Java/JavaVirtualMachines/jdk-17.0.8.jdk/Contents/Home/!/modules/jdk.jdi/
		java: 0
	nbjrt:file:/Library/Java/JavaVirtualMachines/jdk-17.0.8.jdk/Contents/Home/!/modules/jdk.internal.vm.ci/
		java: 0
	nbjrt:file:/Library/Java/JavaVirtualMachines/jdk-17.0.8.jdk/Contents/Home/!/modules/java.transaction.xa/
		java: 1
	nbjrt:file:/Library/Java/JavaVirtualMachines/jdk-17.0.8.jdk/Contents/Home/!/modules/jdk.internal.vm.compiler/
		java: 0
	nbjrt:file:/Library/Java/JavaVirtualMachines/jdk-17.0.8.jdk/Contents/Home/!/modules/jdk.attach/
		java: 0
	nbjrt:file:/Library/Java/JavaVirtualMachines/jdk-17.0.8.jdk/Contents/Home/!/modules/jdk.dynalink/
		java: 0
	nbjrt:file:/Library/Java/JavaVirtualMachines/jdk-17.0.8.jdk/Contents/Home/!/modules/jdk.javadoc/
		java: 1
	nbjrt:file:/Library/Java/JavaVirtualMachines/jdk-17.0.8.jdk/Contents/Home/!/modules/jdk.httpserver/
		java: 1
	nbjrt:file:/Library/Java/JavaVirtualMachines/jdk-17.0.8.jdk/Contents/Home/!/modules/jdk.jartool/
		java: 0
	nbjrt:file:/Library/Java/JavaVirtualMachines/jdk-17.0.8.jdk/Contents/Home/!/modules/java.prefs/
		java: 0
	nbjrt:file:/Library/Java/JavaVirtualMachines/jdk-17.0.8.jdk/Contents/Home/!/modules/jdk.net/
		java: 1
	nbjrt:file:/Library/Java/JavaVirtualMachines/jdk-17.0.8.jdk/Contents/Home/!/modules/jdk.jstatd/
		java: 0
	nbjrt:file:/Library/Java/JavaVirtualMachines/jdk-17.0.8.jdk/Contents/Home/!/modules/jdk.compiler/
		java: 0
	nbjrt:file:/Library/Java/JavaVirtualMachines/jdk-17.0.8.jdk/Contents/Home/!/modules/java.se/
		java: 1
	nbjrt:file:/Library/Java/JavaVirtualMachines/jdk-17.0.8.jdk/Contents/Home/!/modules/jdk.charsets/
		java: 1
	nbjrt:file:/Library/Java/JavaVirtualMachines/jdk-17.0.8.jdk/Contents/Home/!/modules/jdk.jfr/
		java: 0
	file:/Users/atalati/vscode-extension/main-repo/javavscode/netbeans/java/java.lsp.server/build/test/unit/work/o.n.m.j.l.s.p.S/gttd/
		LSPServerTelemetry: 1
		java: 47
		java-launcher-compiler-options: 0
		org-netbeans-modules-jumpto-file-FileIndexer: 1
		org.netbeans.modules.java.source.indexing.COSSynchronizingIndexer: 1
		tests: 0
		text/x-java: 3
Time in index store: 2
Time crawling: 0
Stacktrace:
	java.base/java.lang.Thread.getStackTrace(Thread.java:1610)
	org.netbeans.modules.parsing.impl.indexing.LogContext.create(LogContext.java:111)
	org.netbeans.modules.parsing.impl.indexing.LogContext.create(LogContext.java:102)
	org.netbeans.modules.parsing.impl.indexing.PathRegistry.scheduleFirer(PathRegistry.java:938)
	org.netbeans.modules.parsing.impl.indexing.PathRegistry.resetCacheAndFire(PathRegistry.java:931)
	org.netbeans.modules.parsing.impl.indexing.PathRegistry.access$500(PathRegistry.java:68)
	org.netbeans.modules.parsing.impl.indexing.PathRegistry$Listener.pathsRemoved(PathRegistry.java:1218)
	java.base/jdk.internal.reflect.NativeMethodAccessorImpl.invoke0(Native Method)
	java.base/jdk.internal.reflect.NativeMethodAccessorImpl.invoke(NativeMethodAccessorImpl.java:77)
	java.base/jdk.internal.reflect.DelegatingMethodAccessorImpl.invoke(DelegatingMethodAccessorImpl.java:43)
	java.base/java.lang.reflect.Method.invoke(Method.java:568)
	org.openide.util.WeakListenerImpl$ProxyListener.invoke(WeakListenerImpl.java:461)
	jdk.proxy2/jdk.proxy2.$Proxy19.pathsRemoved(Unknown Source)
	org.netbeans.api.java.classpath.GlobalPathRegistry.unregister(GlobalPathRegistry.java:239)
	org.netbeans.modules.java.lsp.server.protocol.ServerTest$TestProjectFactory$1.projectClosed(ServerTest.java:5358)
	org.netbeans.spi.project.ui.ProjectOpenedHook$1.projectClosed(ProjectOpenedHook.java:64)
	org.netbeans.modules.project.ui.OpenProjectList.notifyClosed(OpenProjectList.java:1345)
	org.netbeans.modules.project.ui.OpenProjectList.access$2600(OpenProjectList.java:116)
	org.netbeans.modules.project.ui.OpenProjectList$15.run(OpenProjectList.java:1001)
	org.openide.util.RequestProcessor$Task.run(RequestProcessor.java:1420)
	org.netbeans.modules.openide.util.GlobalLookup.execute(GlobalLookup.java:45)
	org.openide.util.lookup.Lookups.executeWith(Lookups.java:287)
	org.openide.util.RequestProcessor$Processor.run(RequestProcessor.java:2035)
Changed ClassPaths:[/Users/atalati/vscode-extension/main-repo/javavscode/netbeans/java/java.lsp.server/build/test/unit/work/o.n.m.j.l.s.p.S/gttd, /Users/atalati/vscode-extension/main-repo/javavscode/netbeans/java/java.lsp.server/build/test/unit/work/o.n.m.j.l.s.p.S/cmp]

May 27, 2024 4:39:36 PM org.netbeans.modules.parsing.impl.indexing.LogContext log
INFO: SCAN_EXCEEDS_RATE ID: 28, Type:PATH
Time scheduled: Mon May 27 16:39:36 IST 2024
Time executed: Mon May 27 16:39:36 IST 2024
Scanned roots: []
, total time: 0
Current root(s): []
Current indexer(s): 
Time spent in indexers:
Time spent in indexers, in individual roots:
Time in index store: 0
Time crawling: 0
Stacktrace:
	java.base/java.lang.Thread.getStackTrace(Thread.java:1610)
	org.netbeans.modules.parsing.impl.indexing.LogContext.create(LogContext.java:111)
	org.netbeans.modules.parsing.impl.indexing.LogContext.create(LogContext.java:102)
	org.netbeans.modules.parsing.impl.indexing.PathRegistry.scheduleFirer(PathRegistry.java:938)
	org.netbeans.modules.parsing.impl.indexing.PathRegistry.resetCacheAndFire(PathRegistry.java:931)
	org.netbeans.modules.parsing.impl.indexing.PathRegistry.access$500(PathRegistry.java:68)
	org.netbeans.modules.parsing.impl.indexing.PathRegistry$Listener.pathsRemoved(PathRegistry.java:1218)
	java.base/jdk.internal.reflect.NativeMethodAccessorImpl.invoke0(Native Method)
	java.base/jdk.internal.reflect.NativeMethodAccessorImpl.invoke(NativeMethodAccessorImpl.java:77)
	java.base/jdk.internal.reflect.DelegatingMethodAccessorImpl.invoke(DelegatingMethodAccessorImpl.java:43)
	java.base/java.lang.reflect.Method.invoke(Method.java:568)
	org.openide.util.WeakListenerImpl$ProxyListener.invoke(WeakListenerImpl.java:461)
	jdk.proxy2/jdk.proxy2.$Proxy19.pathsRemoved(Unknown Source)
	org.netbeans.api.java.classpath.GlobalPathRegistry.unregister(GlobalPathRegistry.java:239)
	org.netbeans.modules.java.lsp.server.protocol.ServerTest$TestProjectFactory$1.projectClosed(ServerTest.java:5358)
	org.netbeans.spi.project.ui.ProjectOpenedHook$1.projectClosed(ProjectOpenedHook.java:64)
	org.netbeans.modules.project.ui.OpenProjectList.notifyClosed(OpenProjectList.java:1345)
	org.netbeans.modules.project.ui.OpenProjectList.access$2600(OpenProjectList.java:116)
	org.netbeans.modules.project.ui.OpenProjectList$15.run(OpenProjectList.java:1001)
	org.openide.util.RequestProcessor$Task.run(RequestProcessor.java:1420)
	org.netbeans.modules.openide.util.GlobalLookup.execute(GlobalLookup.java:45)
	org.openide.util.lookup.Lookups.executeWith(Lookups.java:287)
	org.openide.util.RequestProcessor$Processor.run(RequestProcessor.java:2035)
Changed ClassPaths:[/Users/atalati/vscode-extension/main-repo/javavscode/netbeans/java/java.lsp.server/build/test/unit/work/o.n.m.j.l.s.p.S/gttd]

May 27, 2024 4:39:36 PM org.netbeans.modules.parsing.impl.indexing.LogContext$RingTimeBuffer checkAndReport
WARNING: === End excessive indexing
May 27, 2024 4:39:36 PM org.netbeans.modules.parsing.impl.indexing.RepositoryUpdater$RootsWork getDone
INFO: Resolving dependencies took: 0 ms
May 27, 2024 4:39:36 PM org.netbeans.modules.parsing.impl.indexing.RepositoryUpdater$AbstractRootsWork scanBinaries
INFO: Complete indexing of 0 binary roots took: 0 ms
May 27, 2024 4:39:36 PM org.netbeans.modules.parsing.impl.indexing.RepositoryUpdater$AbstractRootsWork scanSources
INFO: Complete indexing of 0 source roots took: 0 ms (New or modified files: 0, Deleted files: 0) [Adding listeners took: 0 ms]
May 27, 2024 4:39:36 PM org.netbeans.modules.parsing.impl.indexing.RepositoryUpdater$Work reportIndexerStatistics
INFO: Indexing finished, indexing took 2 ms.
May 27, 2024 4:39:36 PM org.netbeans.modules.java.source.parsing.JavacParser init
WARNING: ClassPath identity changed for /Users/atalati/vscode-extension/main-repo/javavscode/netbeans/java/java.lsp.server/build/test/unit/work/o.n.m.j.l.s.p.S/caiaamiac/Test.java@5be81650:1700fcb8, class path owner: null original sourcePath: /Users/atalati/vscode-extension/main-repo/javavscode/netbeans/java/java.lsp.server/build/test/unit/work/o.n.m.j.l.s.p.S/caiaamiac new sourcePath: /Users/atalati/vscode-extension/main-repo/javavscode/netbeans/java/java.lsp.server/build/test/unit/work/o.n.m.j.l.s.p.S/caiaamiac
May 27, 2024 4:39:36 PM org.netbeans.modules.java.source.parsing.JavacParser init
WARNING: ClassPath identity changed for /Users/atalati/vscode-extension/main-repo/javavscode/netbeans/java/java.lsp.server/build/test/unit/work/o.n.m.j.l.s.p.S/snuf/Test.java@b3e2f7c3:12294bf0, class path owner: null original sourcePath: /Users/atalati/vscode-extension/main-repo/javavscode/netbeans/java/java.lsp.server/build/test/unit/work/o.n.m.j.l.s.p.S/snuf new sourcePath: /Users/atalati/vscode-extension/main-repo/javavscode/netbeans/java/java.lsp.server/build/test/unit/work/o.n.m.j.l.s.p.S/snuf
May 27, 2024 4:39:36 PM org.netbeans.modules.java.source.parsing.JavacParser init
WARNING: ClassPath identity changed for /Users/atalati/vscode-extension/main-repo/javavscode/netbeans/java/java.lsp.server/build/test/unit/work/o.n.m.j.l.s.p.S/saoi/Test.java@27dfd05f:3554d487, class path owner: null original sourcePath: /Users/atalati/vscode-extension/main-repo/javavscode/netbeans/java/java.lsp.server/build/test/unit/work/o.n.m.j.l.s.p.S/saoi new sourcePath: /Users/atalati/vscode-extension/main-repo/javavscode/netbeans/java/java.lsp.server/build/test/unit/work/o.n.m.j.l.s.p.S/saoi
May 27, 2024 4:39:36 PM org.netbeans.modules.java.source.parsing.JavacParser init
WARNING: ClassPath identity changed for /Users/atalati/vscode-extension/main-repo/javavscode/netbeans/java/java.lsp.server/build/test/unit/work/o.n.m.j.l.s.p.S/sw/Test.java@a666dfdb:3a882d20, class path owner: null original sourcePath: /Users/atalati/vscode-extension/main-repo/javavscode/netbeans/java/java.lsp.server/build/test/unit/work/o.n.m.j.l.s.p.S/sw new sourcePath: /Users/atalati/vscode-extension/main-repo/javavscode/netbeans/java/java.lsp.server/build/test/unit/work/o.n.m.j.l.s.p.S/sw
May 27, 2024 4:39:36 PM org.netbeans.modules.java.source.parsing.JavacParser init
WARNING: ClassPath identity changed for /Users/atalati/vscode-extension/main-repo/javavscode/netbeans/java/java.lsp.server/build/test/unit/work/o.n.m.j.l.s.p.S/cmp/a/Test.java@78880161:1cd61388, class path owner: /Users/atalati/vscode-extension/main-repo/javavscode/netbeans/java/java.lsp.server/build/test/unit/work/o.n.m.j.l.s.p.S/cmp (class org.netbeans.modules.java.lsp.server.protocol.ServerTest$TestProjectFactory$4) original sourcePath: /Users/atalati/vscode-extension/main-repo/javavscode/netbeans/java/java.lsp.server/build/test/unit/work/o.n.m.j.l.s.p.S/cmp new sourcePath: /Users/atalati/vscode-extension/main-repo/javavscode/netbeans/java/java.lsp.server/build/test/unit/work/o.n.m.j.l.s.p.S/cmp
May 27, 2024 4:39:36 PM org.netbeans.modules.java.source.parsing.JavacParser init
WARNING: ClassPath identity changed for /Users/atalati/vscode-extension/main-repo/javavscode/netbeans/java/java.lsp.server/build/test/unit/work/o.n.m.j.l.s.p.S/sats/Test.java@1f26e9a2:3430d24, class path owner: null original sourcePath: /Users/atalati/vscode-extension/main-repo/javavscode/netbeans/java/java.lsp.server/build/test/unit/work/o.n.m.j.l.s.p.S/sats new sourcePath: /Users/atalati/vscode-extension/main-repo/javavscode/netbeans/java/java.lsp.server/build/test/unit/work/o.n.m.j.l.s.p.S/sats
May 27, 2024 4:39:36 PM org.netbeans.modules.java.source.parsing.JavacParser init
WARNING: ClassPath identity changed for /Users/atalati/vscode-extension/main-repo/javavscode/netbeans/java/java.lsp.server/build/test/unit/work/o.n.m.j.l.s.p.S/m/Test.java@96357854:2cb18a69, class path owner: null original sourcePath: /Users/atalati/vscode-extension/main-repo/javavscode/netbeans/java/java.lsp.server/build/test/unit/work/o.n.m.j.l.s.p.S/m new sourcePath: /Users/atalati/vscode-extension/main-repo/javavscode/netbeans/java/java.lsp.server/build/test/unit/work/o.n.m.j.l.s.p.S/m
May 27, 2024 4:39:36 PM org.netbeans.modules.java.source.parsing.JavacParser init
WARNING: ClassPath identity changed for /Users/atalati/vscode-extension/main-repo/javavscode/netbeans/java/java.lsp.server/build/test/unit/work/o.n.m.j.l.s.p.S/caiaamie/Test.java@5976eef5:76990e1e, class path owner: null original sourcePath: /Users/atalati/vscode-extension/main-repo/javavscode/netbeans/java/java.lsp.server/build/test/unit/work/o.n.m.j.l.s.p.S/caiaamie new sourcePath: /Users/atalati/vscode-extension/main-repo/javavscode/netbeans/java/java.lsp.server/build/test/unit/work/o.n.m.j.l.s.p.S/caiaamie
May 27, 2024 4:39:37 PM org.netbeans.modules.java.source.parsing.JavacParser init
WARNING: ClassPath identity changed for /Users/atalati/vscode-extension/main-repo/javavscode/netbeans/java/java.lsp.server/build/test/unit/work/o.n.m.j.l.s.p.S/mo/Test.java@d1364199:31bc1d7c, class path owner: null original sourcePath: /Users/atalati/vscode-extension/main-repo/javavscode/netbeans/java/java.lsp.server/build/test/unit/work/o.n.m.j.l.s.p.S/mo new sourcePath: /Users/atalati/vscode-extension/main-repo/javavscode/netbeans/java/java.lsp.server/build/test/unit/work/o.n.m.j.l.s.p.S/mo
May 27, 2024 4:39:37 PM org.netbeans.modules.java.source.parsing.JavacParser init
WARNING: ClassPath identity changed for /Users/atalati/vscode-extension/main-repo/javavscode/netbeans/java/java.lsp.server/build/test/unit/work/o.n.m.j.l.s.p.S/sh-2/Test.java@b461fcf1:3e6ca0a9, class path owner: null original sourcePath: /Users/atalati/vscode-extension/main-repo/javavscode/netbeans/java/java.lsp.server/build/test/unit/work/o.n.m.j.l.s.p.S/sh-2 new sourcePath: /Users/atalati/vscode-extension/main-repo/javavscode/netbeans/java/java.lsp.server/build/test/unit/work/o.n.m.j.l.s.p.S/sh-2
May 27, 2024 4:39:37 PM org.netbeans.modules.java.source.parsing.JavacParser init
WARNING: ClassPath identity changed for /Users/atalati/vscode-extension/main-repo/javavscode/netbeans/java/java.lsp.server/build/test/unit/work/o.n.m.j.l.s.p.S/sadm/Test.java@26af602c:662d9086, class path owner: null original sourcePath: /Users/atalati/vscode-extension/main-repo/javavscode/netbeans/java/java.lsp.server/build/test/unit/work/o.n.m.j.l.s.p.S/sadm new sourcePath: /Users/atalati/vscode-extension/main-repo/javavscode/netbeans/java/java.lsp.server/build/test/unit/work/o.n.m.j.l.s.p.S/sadm
Creating a client for testcase: testCodeActionWithRemoval
May 27, 2024 4:39:37 PM org.netbeans.modules.java.lsp.server.protocol.Server$LanguageServerImpl lambda$asyncOpenSelectedProjects1$9
INFO: 0 projects opened in 0ms
May 27, 2024 4:39:37 PM org.netbeans.modules.parsing.impl.indexing.RepositoryUpdater$Work reportIndexingStart
INFO: Indexing started, time from last indexing 421 ms.
May 27, 2024 4:39:37 PM org.netbeans.modules.java.source.indexing.JavaCustomIndexer index
WARNING: Ignoring root with no ClassPath: /Users/atalati/vscode-extension/main-repo/javavscode/netbeans/java/java.lsp.server/build/test/unit/work/o.n.m.j.l.s.p.S/mo
May 27, 2024 4:39:37 PM org.netbeans.modules.parsing.impl.indexing.RepositoryUpdater$Work reportIndexerStatistics
INFO: Indexing finished, indexing took 15 ms.
May 27, 2024 4:39:37 PM org.netbeans.modules.parsing.impl.indexing.RepositoryUpdater$Work reportIndexingStart
INFO: Indexing started, time from last indexing 0 ms.
May 27, 2024 4:39:37 PM org.netbeans.modules.java.source.indexing.JavaCustomIndexer index
WARNING: Ignoring root with no ClassPath: /Users/atalati/vscode-extension/main-repo/javavscode/netbeans/java/java.lsp.server/build/test/unit/work/o.n.m.j.l.s.p.S/sh-2
May 27, 2024 4:39:37 PM org.netbeans.modules.java.source.parsing.JavacParser init
WARNING: ClassPath identity changed for /Users/atalati/vscode-extension/main-repo/javavscode/netbeans/java/java.lsp.server/build/test/unit/work/o.n.m.j.l.s.p.S/sh-2/Test.java@b461fcf1:3e6ca0a9, class path owner: null original sourcePath: /Users/atalati/vscode-extension/main-repo/javavscode/netbeans/java/java.lsp.server/build/test/unit/work/o.n.m.j.l.s.p.S/sh-2 new sourcePath: /Users/atalati/vscode-extension/main-repo/javavscode/netbeans/java/java.lsp.server/build/test/unit/work/o.n.m.j.l.s.p.S/sh-2
May 27, 2024 4:39:37 PM org.netbeans.modules.parsing.impl.indexing.RepositoryUpdater$Work reportIndexerStatistics
INFO: Indexing finished, indexing took 16 ms.
May 27, 2024 4:39:37 PM org.netbeans.modules.java.source.parsing.JavacParser init
WARNING: ClassPath identity changed for /Users/atalati/vscode-extension/main-repo/javavscode/netbeans/java/java.lsp.server/build/test/unit/work/o.n.m.j.l.s.p.S/fi/Test.java@1dfe0878:5f46da15, class path owner: /Users/atalati/vscode-extension/main-repo/javavscode/netbeans/java/java.lsp.server/build/test/unit/work/o.n.m.j.l.s.p.S/fi (class org.netbeans.modules.java.lsp.server.protocol.ServerTest$TestProjectFactory$4) original sourcePath: /Users/atalati/vscode-extension/main-repo/javavscode/netbeans/java/java.lsp.server/build/test/unit/work/o.n.m.j.l.s.p.S/fi new sourcePath: /Users/atalati/vscode-extension/main-repo/javavscode/netbeans/java/java.lsp.server/build/test/unit/work/o.n.m.j.l.s.p.S/fi
May 27, 2024 4:39:37 PM org.netbeans.modules.java.source.parsing.JavacParser init
WARNING: ClassPath identity changed for /Users/atalati/vscode-extension/main-repo/javavscode/netbeans/java/java.lsp.server/build/test/unit/work/o.n.m.j.l.s.p.S/pd/b/Base.java@29379b1f:517cb654, class path owner: /Users/atalati/vscode-extension/main-repo/javavscode/netbeans/java/java.lsp.server/build/test/unit/work/o.n.m.j.l.s.p.S/pd (class org.netbeans.modules.java.lsp.server.protocol.ServerTest$TestProjectFactory$4) original sourcePath: /Users/atalati/vscode-extension/main-repo/javavscode/netbeans/java/java.lsp.server/build/test/unit/work/o.n.m.j.l.s.p.S/pd new sourcePath: /Users/atalati/vscode-extension/main-repo/javavscode/netbeans/java/java.lsp.server/build/test/unit/work/o.n.m.j.l.s.p.S/pd
May 27, 2024 4:39:37 PM org.netbeans.modules.java.source.parsing.JavacParser init
WARNING: ClassPath identity changed for /Users/atalati/vscode-extension/main-repo/javavscode/netbeans/java/java.lsp.server/build/test/unit/work/o.n.m.j.l.s.p.S/cags/Test.java@9d40e9e1:474ce2c3, class path owner: null original sourcePath: /Users/atalati/vscode-extension/main-repo/javavscode/netbeans/java/java.lsp.server/build/test/unit/work/o.n.m.j.l.s.p.S/cags new sourcePath: /Users/atalati/vscode-extension/main-repo/javavscode/netbeans/java/java.lsp.server/build/test/unit/work/o.n.m.j.l.s.p.S/cags
May 27, 2024 4:39:37 PM org.netbeans.modules.java.source.parsing.JavacParser init
WARNING: ClassPath identity changed for /Users/atalati/vscode-extension/main-repo/javavscode/netbeans/java/java.lsp.server/build/test/unit/work/o.n.m.j.l.s.p.S/ac/Test.java@7a0aa719:70ff6041, class path owner: /Users/atalati/vscode-extension/main-repo/javavscode/netbeans/java/java.lsp.server/build/test/unit/work/o.n.m.j.l.s.p.S/ac (class org.netbeans.modules.java.lsp.server.protocol.ServerTest$TestProjectFactory$4) original sourcePath: /Users/atalati/vscode-extension/main-repo/javavscode/netbeans/java/java.lsp.server/build/test/unit/work/o.n.m.j.l.s.p.S/ac new sourcePath: /Users/atalati/vscode-extension/main-repo/javavscode/netbeans/java/java.lsp.server/build/test/unit/work/o.n.m.j.l.s.p.S/ac
May 27, 2024 4:39:37 PM org.netbeans.modules.java.source.parsing.JavacParser init
WARNING: ClassPath identity changed for /Users/atalati/vscode-extension/main-repo/javavscode/netbeans/java/java.lsp.server/build/test/unit/work/o.n.m.j.l.s.p.S/cagc/Test.java@4f15c5f1:3cfef554, class path owner: null original sourcePath: /Users/atalati/vscode-extension/main-repo/javavscode/netbeans/java/java.lsp.server/build/test/unit/work/o.n.m.j.l.s.p.S/cagc new sourcePath: /Users/atalati/vscode-extension/main-repo/javavscode/netbeans/java/java.lsp.server/build/test/unit/work/o.n.m.j.l.s.p.S/cagc
May 27, 2024 4:39:37 PM org.netbeans.modules.java.source.parsing.JavacParser init
WARNING: ClassPath identity changed for /Users/atalati/vscode-extension/main-repo/javavscode/netbeans/java/java.lsp.server/build/test/unit/work/o.n.m.j.l.s.p.S/gtsi/Test.java@63f576f8:171aea74, class path owner: null original sourcePath: /Users/atalati/vscode-extension/main-repo/javavscode/netbeans/java/java.lsp.server/build/test/unit/work/o.n.m.j.l.s.p.S/gtsi new sourcePath: /Users/atalati/vscode-extension/main-repo/javavscode/netbeans/java/java.lsp.server/build/test/unit/work/o.n.m.j.l.s.p.S/gtsi
May 27, 2024 4:39:37 PM org.netbeans.modules.java.source.parsing.JavacParser init
WARNING: ClassPath identity changed for /Users/atalati/vscode-extension/main-repo/javavscode/netbeans/java/java.lsp.server/build/test/unit/work/o.n.m.j.l.s.p.S/mo/Test.java@d1364199:31bc1d7c, class path owner: null original sourcePath: /Users/atalati/vscode-extension/main-repo/javavscode/netbeans/java/java.lsp.server/build/test/unit/work/o.n.m.j.l.s.p.S/mo new sourcePath: /Users/atalati/vscode-extension/main-repo/javavscode/netbeans/java/java.lsp.server/build/test/unit/work/o.n.m.j.l.s.p.S/mo
May 27, 2024 4:39:37 PM org.netbeans.modules.java.source.parsing.JavacParser init
WARNING: ClassPath identity changed for AbstractFileObject@30135ce8[java.base/java/lang/String.java], class path owner: null original sourcePath: jar:file:/Library/Java/JavaVirtualMachines/jdk-17.0.8.jdk/Contents/Home/lib/src.zip!/java.base/java/lang/ new sourcePath: jar:file:/Library/Java/JavaVirtualMachines/jdk-17.0.8.jdk/Contents/Home/lib/src.zip!/java.base/java/lang/
May 27, 2024 4:39:38 PM org.netbeans.modules.java.source.parsing.JavacParser init
WARNING: ClassPath identity changed for /Users/atalati/vscode-extension/main-repo/javavscode/netbeans/java/java.lsp.server/build/test/unit/work/o.n.m.j.l.s.p.S/dopl/Test2.java@f129f6b0:5cef8a46, class path owner: null original sourcePath: /Users/atalati/vscode-extension/main-repo/javavscode/netbeans/java/java.lsp.server/build/test/unit/work/o.n.m.j.l.s.p.S/dopl new sourcePath: /Users/atalati/vscode-extension/main-repo/javavscode/netbeans/java/java.lsp.server/build/test/unit/work/o.n.m.j.l.s.p.S/dopl
May 27, 2024 4:39:38 PM org.netbeans.modules.java.source.parsing.JavacParser init
WARNING: ClassPath identity changed for /Users/atalati/vscode-extension/main-repo/javavscode/netbeans/java/java.lsp.server/build/test/unit/work/o.n.m.j.l.s.p.S/dopl/Test3.java@f2fd2e51:bd3dc98, class path owner: null original sourcePath: /Users/atalati/vscode-extension/main-repo/javavscode/netbeans/java/java.lsp.server/build/test/unit/work/o.n.m.j.l.s.p.S/dopl new sourcePath: /Users/atalati/vscode-extension/main-repo/javavscode/netbeans/java/java.lsp.server/build/test/unit/work/o.n.m.j.l.s.p.S/dopl
May 27, 2024 4:39:38 PM org.netbeans.modules.java.source.parsing.JavacParser init
WARNING: ClassPath identity changed for /Users/atalati/vscode-extension/main-repo/javavscode/netbeans/java/java.lsp.server/build/test/unit/work/o.n.m.j.l.s.p.S/dopl/Test.java@bd4a9bbc:d189352, class path owner: null original sourcePath: /Users/atalati/vscode-extension/main-repo/javavscode/netbeans/java/java.lsp.server/build/test/unit/work/o.n.m.j.l.s.p.S/dopl new sourcePath: /Users/atalati/vscode-extension/main-repo/javavscode/netbeans/java/java.lsp.server/build/test/unit/work/o.n.m.j.l.s.p.S/dopl
May 27, 2024 4:39:38 PM org.netbeans.modules.java.source.parsing.JavacParser init
WARNING: ClassPath identity changed for /Users/atalati/vscode-extension/main-repo/javavscode/netbeans/java/java.lsp.server/build/test/unit/work/o.n.m.j.l.s.p.S/gti/Test.java@7dc8ce5:5778d874, class path owner: /Users/atalati/vscode-extension/main-repo/javavscode/netbeans/java/java.lsp.server/build/test/unit/work/o.n.m.j.l.s.p.S/gti (class org.netbeans.modules.java.lsp.server.protocol.ServerTest$TestProjectFactory$4) original sourcePath: /Users/atalati/vscode-extension/main-repo/javavscode/netbeans/java/java.lsp.server/build/test/unit/work/o.n.m.j.l.s.p.S/gti new sourcePath: /Users/atalati/vscode-extension/main-repo/javavscode/netbeans/java/java.lsp.server/build/test/unit/work/o.n.m.j.l.s.p.S/gti
May 27, 2024 4:39:38 PM org.netbeans.modules.java.source.parsing.JavacParser init
WARNING: ClassPath identity changed for /Users/atalati/vscode-extension/main-repo/javavscode/netbeans/java/java.lsp.server/build/test/unit/work/o.n.m.j.l.s.p.S/sal/Test.java@6263ac27:69d77bd9, class path owner: null original sourcePath: /Users/atalati/vscode-extension/main-repo/javavscode/netbeans/java/java.lsp.server/build/test/unit/work/o.n.m.j.l.s.p.S/sal new sourcePath: /Users/atalati/vscode-extension/main-repo/javavscode/netbeans/java/java.lsp.server/build/test/unit/work/o.n.m.j.l.s.p.S/sal
May 27, 2024 4:39:38 PM org.netbeans.modules.java.source.parsing.JavacParser init
WARNING: ClassPath identity changed for /Users/atalati/vscode-extension/main-repo/javavscode/netbeans/java/java.lsp.server/build/test/unit/work/o.n.m.j.l.s.p.S/rdccro/Test.java@c90373e4:73492c39, class path owner: /Users/atalati/vscode-extension/main-repo/javavscode/netbeans/java/java.lsp.server/build/test/unit/work/o.n.m.j.l.s.p.S/rdccro (class org.netbeans.modules.java.lsp.server.protocol.ServerTest$TestProjectFactory$4) original sourcePath: /Users/atalati/vscode-extension/main-repo/javavscode/netbeans/java/java.lsp.server/build/test/unit/work/o.n.m.j.l.s.p.S/rdccro new sourcePath: /Users/atalati/vscode-extension/main-repo/javavscode/netbeans/java/java.lsp.server/build/test/unit/work/o.n.m.j.l.s.p.S/rdccro
May 27, 2024 4:39:38 PM org.netbeans.modules.java.source.parsing.JavacParser init
WARNING: ClassPath identity changed for /Users/atalati/vscode-extension/main-repo/javavscode/netbeans/java/java.lsp.server/build/test/unit/work/o.n.m.j.l.s.p.S/rdccro/Test2.java@5cbe0648:1731dbb4, class path owner: /Users/atalati/vscode-extension/main-repo/javavscode/netbeans/java/java.lsp.server/build/test/unit/work/o.n.m.j.l.s.p.S/rdccro (class org.netbeans.modules.java.lsp.server.protocol.ServerTest$TestProjectFactory$4) original sourcePath: /Users/atalati/vscode-extension/main-repo/javavscode/netbeans/java/java.lsp.server/build/test/unit/work/o.n.m.j.l.s.p.S/rdccro new sourcePath: /Users/atalati/vscode-extension/main-repo/javavscode/netbeans/java/java.lsp.server/build/test/unit/work/o.n.m.j.l.s.p.S/rdccro
May 27, 2024 4:39:38 PM org.netbeans.modules.java.source.parsing.JavacParser init
WARNING: ClassPath identity changed for /Users/atalati/vscode-extension/main-repo/javavscode/netbeans/java/java.lsp.server/build/test/unit/work/o.n.m.j.l.s.p.S/sadm/Test.java@26af602c:662d9086, class path owner: null original sourcePath: /Users/atalati/vscode-extension/main-repo/javavscode/netbeans/java/java.lsp.server/build/test/unit/work/o.n.m.j.l.s.p.S/sadm new sourcePath: /Users/atalati/vscode-extension/main-repo/javavscode/netbeans/java/java.lsp.server/build/test/unit/work/o.n.m.j.l.s.p.S/sadm
May 27, 2024 4:39:38 PM org.netbeans.modules.java.source.parsing.JavacParser init
WARNING: ClassPath identity changed for /Users/atalati/vscode-extension/main-repo/javavscode/netbeans/java/java.lsp.server/build/test/unit/work/o.n.m.j.l.s.p.S/saehc/Test.java@20b3203b:6a0e3571, class path owner: null original sourcePath: /Users/atalati/vscode-extension/main-repo/javavscode/netbeans/java/java.lsp.server/build/test/unit/work/o.n.m.j.l.s.p.S/saehc new sourcePath: /Users/atalati/vscode-extension/main-repo/javavscode/netbeans/java/java.lsp.server/build/test/unit/work/o.n.m.j.l.s.p.S/saehc
May 27, 2024 4:39:38 PM org.netbeans.modules.java.source.parsing.JavacParser init
WARNING: ClassPath identity changed for /Users/atalati/vscode-extension/main-repo/javavscode/netbeans/java/java.lsp.server/build/test/unit/work/o.n.m.j.l.s.p.S/sh-2/Test.java@b461fcf1:3e6ca0a9, class path owner: null original sourcePath: /Users/atalati/vscode-extension/main-repo/javavscode/netbeans/java/java.lsp.server/build/test/unit/work/o.n.m.j.l.s.p.S/sh-2 new sourcePath: /Users/atalati/vscode-extension/main-repo/javavscode/netbeans/java/java.lsp.server/build/test/unit/work/o.n.m.j.l.s.p.S/sh-2
May 27, 2024 4:39:38 PM org.netbeans.modules.java.source.parsing.JavacParser init
WARNING: ClassPath identity changed for /Users/atalati/vscode-extension/main-repo/javavscode/netbeans/java/java.lsp.server/build/test/unit/work/o.n.m.j.l.s.p.S/caiaamiac/Test.java@5be81650:1700fcb8, class path owner: null original sourcePath: /Users/atalati/vscode-extension/main-repo/javavscode/netbeans/java/java.lsp.server/build/test/unit/work/o.n.m.j.l.s.p.S/caiaamiac new sourcePath: /Users/atalati/vscode-extension/main-repo/javavscode/netbeans/java/java.lsp.server/build/test/unit/work/o.n.m.j.l.s.p.S/caiaamiac
May 27, 2024 4:39:38 PM org.netbeans.modules.java.source.parsing.JavacParser init
WARNING: ClassPath identity changed for /Users/atalati/vscode-extension/main-repo/javavscode/netbeans/java/java.lsp.server/build/test/unit/work/o.n.m.j.l.s.p.S/snuf/Test.java@b3e2f7c3:12294bf0, class path owner: null original sourcePath: /Users/atalati/vscode-extension/main-repo/javavscode/netbeans/java/java.lsp.server/build/test/unit/work/o.n.m.j.l.s.p.S/snuf new sourcePath: /Users/atalati/vscode-extension/main-repo/javavscode/netbeans/java/java.lsp.server/build/test/unit/work/o.n.m.j.l.s.p.S/snuf
May 27, 2024 4:39:38 PM org.netbeans.modules.java.source.parsing.JavacParser init
WARNING: ClassPath identity changed for /Users/atalati/vscode-extension/main-repo/javavscode/netbeans/java/java.lsp.server/build/test/unit/work/o.n.m.j.l.s.p.S/saoi/Test.java@27dfd05f:3554d487, class path owner: null original sourcePath: /Users/atalati/vscode-extension/main-repo/javavscode/netbeans/java/java.lsp.server/build/test/unit/work/o.n.m.j.l.s.p.S/saoi new sourcePath: /Users/atalati/vscode-extension/main-repo/javavscode/netbeans/java/java.lsp.server/build/test/unit/work/o.n.m.j.l.s.p.S/saoi
May 27, 2024 4:39:38 PM org.netbeans.modules.java.source.parsing.JavacParser init
WARNING: ClassPath identity changed for /Users/atalati/vscode-extension/main-repo/javavscode/netbeans/java/java.lsp.server/build/test/unit/work/o.n.m.j.l.s.p.S/sw/Test.java@a666dfdb:3a882d20, class path owner: null original sourcePath: /Users/atalati/vscode-extension/main-repo/javavscode/netbeans/java/java.lsp.server/build/test/unit/work/o.n.m.j.l.s.p.S/sw new sourcePath: /Users/atalati/vscode-extension/main-repo/javavscode/netbeans/java/java.lsp.server/build/test/unit/work/o.n.m.j.l.s.p.S/sw
May 27, 2024 4:39:38 PM org.netbeans.modules.java.source.parsing.JavacParser init
WARNING: ClassPath identity changed for /Users/atalati/vscode-extension/main-repo/javavscode/netbeans/java/java.lsp.server/build/test/unit/work/o.n.m.j.l.s.p.S/gttd/Test.java@83331e92:6293b90e, class path owner: /Users/atalati/vscode-extension/main-repo/javavscode/netbeans/java/java.lsp.server/build/test/unit/work/o.n.m.j.l.s.p.S/gttd (class org.netbeans.modules.java.lsp.server.protocol.ServerTest$TestProjectFactory$4) original sourcePath: /Users/atalati/vscode-extension/main-repo/javavscode/netbeans/java/java.lsp.server/build/test/unit/work/o.n.m.j.l.s.p.S/gttd new sourcePath: /Users/atalati/vscode-extension/main-repo/javavscode/netbeans/java/java.lsp.server/build/test/unit/work/o.n.m.j.l.s.p.S/gttd
May 27, 2024 4:39:38 PM org.netbeans.modules.java.source.parsing.JavacParser init
WARNING: ClassPath identity changed for /Users/atalati/vscode-extension/main-repo/javavscode/netbeans/java/java.lsp.server/build/test/unit/work/o.n.m.j.l.s.p.S/cmp/a/Test.java@78880161:1cd61388, class path owner: /Users/atalati/vscode-extension/main-repo/javavscode/netbeans/java/java.lsp.server/build/test/unit/work/o.n.m.j.l.s.p.S/cmp (class org.netbeans.modules.java.lsp.server.protocol.ServerTest$TestProjectFactory$4) original sourcePath: /Users/atalati/vscode-extension/main-repo/javavscode/netbeans/java/java.lsp.server/build/test/unit/work/o.n.m.j.l.s.p.S/cmp new sourcePath: /Users/atalati/vscode-extension/main-repo/javavscode/netbeans/java/java.lsp.server/build/test/unit/work/o.n.m.j.l.s.p.S/cmp
May 27, 2024 4:39:38 PM org.netbeans.modules.java.source.parsing.JavacParser init
WARNING: ClassPath identity changed for /Users/atalati/vscode-extension/main-repo/javavscode/netbeans/java/java.lsp.server/build/test/unit/work/o.n.m.j.l.s.p.S/sats/Test.java@1f26e9a2:3430d24, class path owner: null original sourcePath: /Users/atalati/vscode-extension/main-repo/javavscode/netbeans/java/java.lsp.server/build/test/unit/work/o.n.m.j.l.s.p.S/sats new sourcePath: /Users/atalati/vscode-extension/main-repo/javavscode/netbeans/java/java.lsp.server/build/test/unit/work/o.n.m.j.l.s.p.S/sats
May 27, 2024 4:39:38 PM org.netbeans.modules.java.source.parsing.JavacParser init
WARNING: ClassPath identity changed for /Users/atalati/vscode-extension/main-repo/javavscode/netbeans/java/java.lsp.server/build/test/unit/work/o.n.m.j.l.s.p.S/m/Test.java@96357854:2cb18a69, class path owner: null original sourcePath: /Users/atalati/vscode-extension/main-repo/javavscode/netbeans/java/java.lsp.server/build/test/unit/work/o.n.m.j.l.s.p.S/m new sourcePath: /Users/atalati/vscode-extension/main-repo/javavscode/netbeans/java/java.lsp.server/build/test/unit/work/o.n.m.j.l.s.p.S/m
May 27, 2024 4:39:38 PM org.netbeans.modules.java.source.parsing.JavacParser init
WARNING: ClassPath identity changed for /Users/atalati/vscode-extension/main-repo/javavscode/netbeans/java/java.lsp.server/build/test/unit/work/o.n.m.j.l.s.p.S/caiaamie/Test.java@5976eef5:76990e1e, class path owner: null original sourcePath: /Users/atalati/vscode-extension/main-repo/javavscode/netbeans/java/java.lsp.server/build/test/unit/work/o.n.m.j.l.s.p.S/caiaamie new sourcePath: /Users/atalati/vscode-extension/main-repo/javavscode/netbeans/java/java.lsp.server/build/test/unit/work/o.n.m.j.l.s.p.S/caiaamie
Creating a client for testcase: testCodeActionImplementAllAbstractMethodsInClass
May 27, 2024 4:39:38 PM org.netbeans.modules.java.lsp.server.protocol.Server$LanguageServerImpl lambda$asyncOpenSelectedProjects1$9
INFO: 0 projects opened in 1ms
Creating a client for testcase: testCodeActionGenerateVarFieldOrParam
May 27, 2024 4:39:39 PM org.netbeans.modules.java.lsp.server.protocol.Server$LanguageServerImpl lambda$asyncOpenSelectedProjects1$9
INFO: 0 projects opened in 1ms
Creating a client for testcase: testFindUsages
May 27, 2024 4:39:39 PM org.netbeans.modules.project.ui.OpenProjectList log
INFO: USG_PROJECT_OPEN
May 27, 2024 4:39:39 PM org.netbeans.modules.java.lsp.server.protocol.Server$LanguageServerImpl lambda$asyncOpenSelectedProjects1$9
INFO: 1 projects opened in 2ms
May 27, 2024 4:39:40 PM org.netbeans.modules.java.source.parsing.JavacParser init
WARNING: ClassPath identity changed for /Users/atalati/vscode-extension/main-repo/javavscode/netbeans/java/java.lsp.server/build/test/unit/work/o.n.m.j.l.s.p.S/cagvfop/Test.java@2e66cfa3:631b0f6b, class path owner: null original sourcePath: /Users/atalati/vscode-extension/main-repo/javavscode/netbeans/java/java.lsp.server/build/test/unit/work/o.n.m.j.l.s.p.S/cagvfop new sourcePath: /Users/atalati/vscode-extension/main-repo/javavscode/netbeans/java/java.lsp.server/build/test/unit/work/o.n.m.j.l.s.p.S/cagvfop
May 27, 2024 4:39:40 PM org.netbeans.modules.parsing.impl.indexing.RepositoryUpdater$Work reportIndexingStart
INFO: Indexing started, time from last indexing 3,077 ms.
May 27, 2024 4:39:40 PM org.netbeans.modules.parsing.impl.indexing.RepositoryUpdater$RootsWork getDone
INFO: Resolving dependencies took: 2 ms
May 27, 2024 4:39:40 PM org.netbeans.modules.parsing.impl.indexing.RepositoryUpdater$AbstractRootsWork scanBinaries
INFO: Complete indexing of 70 binary roots took: 15 ms
May 27, 2024 4:39:40 PM org.netbeans.modules.parsing.impl.indexing.RepositoryUpdater$AbstractRootsWork scanSources
INFO: Indexing of: /Users/atalati/vscode-extension/main-repo/javavscode/netbeans/java/java.lsp.server/build/test/unit/work/o.n.m.j.l.s.p.S/fu took: 57 ms (New or modified files: 3, Deleted files: 0) [Adding listeners took: 0 ms]
May 27, 2024 4:39:40 PM org.netbeans.modules.parsing.impl.indexing.RepositoryUpdater$AbstractRootsWork scanSources
INFO: Complete indexing of 1 source roots took: 57 ms (New or modified files: 3, Deleted files: 0) [Adding listeners took: 0 ms]
May 27, 2024 4:39:40 PM org.netbeans.modules.parsing.impl.indexing.RepositoryUpdater$Work reportIndexerStatistics
INFO: Indexing finished, indexing took 75 ms.
May 27, 2024 4:39:40 PM org.netbeans.modules.project.ui.OpenProjectList log
INFO: USG_PROJECT_CLOSE
Creating a client for testcase: testCodeActionIntroduceVariable
May 27, 2024 4:39:40 PM org.netbeans.modules.java.lsp.server.protocol.Server$LanguageServerImpl lambda$asyncOpenSelectedProjects1$9
INFO: 0 projects opened in 0ms
May 27, 2024 4:39:40 PM org.netbeans.modules.java.source.parsing.JavacParser init
WARNING: ClassPath identity changed for /Users/atalati/vscode-extension/main-repo/javavscode/netbeans/java/java.lsp.server/build/test/unit/work/o.n.m.j.l.s.p.S/pd/b/Base.java@29379b1f:517cb654, class path owner: /Users/atalati/vscode-extension/main-repo/javavscode/netbeans/java/java.lsp.server/build/test/unit/work/o.n.m.j.l.s.p.S/pd (class org.netbeans.modules.java.lsp.server.protocol.ServerTest$TestProjectFactory$4) original sourcePath: /Users/atalati/vscode-extension/main-repo/javavscode/netbeans/java/java.lsp.server/build/test/unit/work/o.n.m.j.l.s.p.S/pd new sourcePath: /Users/atalati/vscode-extension/main-repo/javavscode/netbeans/java/java.lsp.server/build/test/unit/work/o.n.m.j.l.s.p.S/pd
May 27, 2024 4:39:40 PM org.netbeans.modules.java.source.parsing.JavacParser init
WARNING: ClassPath identity changed for /Users/atalati/vscode-extension/main-repo/javavscode/netbeans/java/java.lsp.server/build/test/unit/work/o.n.m.j.l.s.p.S/fi/Test.java@1dfe0878:5f46da15, class path owner: /Users/atalati/vscode-extension/main-repo/javavscode/netbeans/java/java.lsp.server/build/test/unit/work/o.n.m.j.l.s.p.S/fi (class org.netbeans.modules.java.lsp.server.protocol.ServerTest$TestProjectFactory$4) original sourcePath: /Users/atalati/vscode-extension/main-repo/javavscode/netbeans/java/java.lsp.server/build/test/unit/work/o.n.m.j.l.s.p.S/fi new sourcePath: /Users/atalati/vscode-extension/main-repo/javavscode/netbeans/java/java.lsp.server/build/test/unit/work/o.n.m.j.l.s.p.S/fi
May 27, 2024 4:39:40 PM org.netbeans.modules.java.source.parsing.JavacParser init
WARNING: ClassPath identity changed for /Users/atalati/vscode-extension/main-repo/javavscode/netbeans/java/java.lsp.server/build/test/unit/work/o.n.m.j.l.s.p.S/cags/Test.java@9d40e9e1:474ce2c3, class path owner: null original sourcePath: /Users/atalati/vscode-extension/main-repo/javavscode/netbeans/java/java.lsp.server/build/test/unit/work/o.n.m.j.l.s.p.S/cags new sourcePath: /Users/atalati/vscode-extension/main-repo/javavscode/netbeans/java/java.lsp.server/build/test/unit/work/o.n.m.j.l.s.p.S/cags
May 27, 2024 4:39:40 PM org.netbeans.modules.java.source.parsing.JavacParser init
WARNING: ClassPath identity changed for /Users/atalati/vscode-extension/main-repo/javavscode/netbeans/java/java.lsp.server/build/test/unit/work/o.n.m.j.l.s.p.S/ac/Test.java@7a0aa719:70ff6041, class path owner: /Users/atalati/vscode-extension/main-repo/javavscode/netbeans/java/java.lsp.server/build/test/unit/work/o.n.m.j.l.s.p.S/ac (class org.netbeans.modules.java.lsp.server.protocol.ServerTest$TestProjectFactory$4) original sourcePath: /Users/atalati/vscode-extension/main-repo/javavscode/netbeans/java/java.lsp.server/build/test/unit/work/o.n.m.j.l.s.p.S/ac new sourcePath: /Users/atalati/vscode-extension/main-repo/javavscode/netbeans/java/java.lsp.server/build/test/unit/work/o.n.m.j.l.s.p.S/ac
May 27, 2024 4:39:41 PM org.netbeans.modules.java.source.parsing.JavacParser init
WARNING: ClassPath identity changed for /Users/atalati/vscode-extension/main-repo/javavscode/netbeans/java/java.lsp.server/build/test/unit/work/o.n.m.j.l.s.p.S/cagc/Test.java@4f15c5f1:3cfef554, class path owner: null original sourcePath: /Users/atalati/vscode-extension/main-repo/javavscode/netbeans/java/java.lsp.server/build/test/unit/work/o.n.m.j.l.s.p.S/cagc new sourcePath: /Users/atalati/vscode-extension/main-repo/javavscode/netbeans/java/java.lsp.server/build/test/unit/work/o.n.m.j.l.s.p.S/cagc
May 27, 2024 4:39:41 PM org.netbeans.modules.java.source.parsing.JavacParser init
WARNING: ClassPath identity changed for /Users/atalati/vscode-extension/main-repo/javavscode/netbeans/java/java.lsp.server/build/test/unit/work/o.n.m.j.l.s.p.S/gtsi/Test.java@63f576f8:171aea74, class path owner: null original sourcePath: /Users/atalati/vscode-extension/main-repo/javavscode/netbeans/java/java.lsp.server/build/test/unit/work/o.n.m.j.l.s.p.S/gtsi new sourcePath: /Users/atalati/vscode-extension/main-repo/javavscode/netbeans/java/java.lsp.server/build/test/unit/work/o.n.m.j.l.s.p.S/gtsi
May 27, 2024 4:39:41 PM org.netbeans.modules.java.source.parsing.JavacParser init
WARNING: ClassPath identity changed for /Users/atalati/vscode-extension/main-repo/javavscode/netbeans/java/java.lsp.server/build/test/unit/work/o.n.m.j.l.s.p.S/mo/Test.java@d1364199:31bc1d7c, class path owner: null original sourcePath: /Users/atalati/vscode-extension/main-repo/javavscode/netbeans/java/java.lsp.server/build/test/unit/work/o.n.m.j.l.s.p.S/mo new sourcePath: /Users/atalati/vscode-extension/main-repo/javavscode/netbeans/java/java.lsp.server/build/test/unit/work/o.n.m.j.l.s.p.S/mo
May 27, 2024 4:39:41 PM org.netbeans.modules.java.source.parsing.JavacParser init
WARNING: ClassPath identity changed for /Users/atalati/vscode-extension/main-repo/javavscode/netbeans/java/java.lsp.server/build/test/unit/work/o.n.m.j.l.s.p.S/cawr/Test.java@83950a0e:1e256438, class path owner: null original sourcePath: /Users/atalati/vscode-extension/main-repo/javavscode/netbeans/java/java.lsp.server/build/test/unit/work/o.n.m.j.l.s.p.S/cawr new sourcePath: /Users/atalati/vscode-extension/main-repo/javavscode/netbeans/java/java.lsp.server/build/test/unit/work/o.n.m.j.l.s.p.S/cawr
May 27, 2024 4:39:41 PM org.netbeans.modules.java.source.parsing.JavacParser init
WARNING: ClassPath identity changed for AbstractFileObject@30135ce8[java.base/java/lang/String.java], class path owner: null original sourcePath: jar:file:/Library/Java/JavaVirtualMachines/jdk-17.0.8.jdk/Contents/Home/lib/src.zip!/java.base/java/lang/ new sourcePath: jar:file:/Library/Java/JavaVirtualMachines/jdk-17.0.8.jdk/Contents/Home/lib/src.zip!/java.base/java/lang/
May 27, 2024 4:39:41 PM org.netbeans.modules.parsing.impl.indexing.RepositoryUpdater$Work reportIndexingStart
INFO: Indexing started, time from last indexing 709 ms.
May 27, 2024 4:39:41 PM org.netbeans.modules.parsing.impl.indexing.RepositoryUpdater$RootsWork getDone
INFO: Resolving dependencies took: 0 ms
May 27, 2024 4:39:41 PM org.netbeans.modules.parsing.impl.indexing.RepositoryUpdater$AbstractRootsWork scanBinaries
INFO: Complete indexing of 0 binary roots took: 0 ms
May 27, 2024 4:39:41 PM org.netbeans.modules.parsing.impl.indexing.RepositoryUpdater$AbstractRootsWork scanSources
INFO: Complete indexing of 0 source roots took: 0 ms (New or modified files: 0, Deleted files: 0) [Adding listeners took: 0 ms]
May 27, 2024 4:39:41 PM org.netbeans.modules.parsing.impl.indexing.RepositoryUpdater$Work reportIndexerStatistics
INFO: Indexing finished, indexing took 2 ms.
May 27, 2024 4:39:41 PM org.netbeans.modules.java.source.parsing.JavacParser init
WARNING: ClassPath identity changed for /Users/atalati/vscode-extension/main-repo/javavscode/netbeans/java/java.lsp.server/build/test/unit/work/o.n.m.j.l.s.p.S/pd/b/Base.java@29379b1f:517cb654, class path owner: /Users/atalati/vscode-extension/main-repo/javavscode/netbeans/java/java.lsp.server/build/test/unit/work/o.n.m.j.l.s.p.S/pd (class org.netbeans.modules.java.lsp.server.protocol.ServerTest$TestProjectFactory$4) original sourcePath: /Users/atalati/vscode-extension/main-repo/javavscode/netbeans/java/java.lsp.server/build/test/unit/work/o.n.m.j.l.s.p.S/pd new sourcePath: /Users/atalati/vscode-extension/main-repo/javavscode/netbeans/java/java.lsp.server/build/test/unit/work/o.n.m.j.l.s.p.S/pd
May 27, 2024 4:39:41 PM org.netbeans.modules.java.source.parsing.JavacParser init
WARNING: ClassPath identity changed for /Users/atalati/vscode-extension/main-repo/javavscode/netbeans/java/java.lsp.server/build/test/unit/work/o.n.m.j.l.s.p.S/fi/Test.java@1dfe0878:5f46da15, class path owner: /Users/atalati/vscode-extension/main-repo/javavscode/netbeans/java/java.lsp.server/build/test/unit/work/o.n.m.j.l.s.p.S/fi (class org.netbeans.modules.java.lsp.server.protocol.ServerTest$TestProjectFactory$4) original sourcePath: /Users/atalati/vscode-extension/main-repo/javavscode/netbeans/java/java.lsp.server/build/test/unit/work/o.n.m.j.l.s.p.S/fi new sourcePath: /Users/atalati/vscode-extension/main-repo/javavscode/netbeans/java/java.lsp.server/build/test/unit/work/o.n.m.j.l.s.p.S/fi
May 27, 2024 4:39:41 PM org.netbeans.modules.java.source.parsing.JavacParser init
WARNING: ClassPath identity changed for /Users/atalati/vscode-extension/main-repo/javavscode/netbeans/java/java.lsp.server/build/test/unit/work/o.n.m.j.l.s.p.S/cags/Test.java@9d40e9e1:474ce2c3, class path owner: null original sourcePath: /Users/atalati/vscode-extension/main-repo/javavscode/netbeans/java/java.lsp.server/build/test/unit/work/o.n.m.j.l.s.p.S/cags new sourcePath: /Users/atalati/vscode-extension/main-repo/javavscode/netbeans/java/java.lsp.server/build/test/unit/work/o.n.m.j.l.s.p.S/cags
May 27, 2024 4:39:41 PM org.netbeans.modules.java.source.parsing.JavacParser init
WARNING: ClassPath identity changed for /Users/atalati/vscode-extension/main-repo/javavscode/netbeans/java/java.lsp.server/build/test/unit/work/o.n.m.j.l.s.p.S/ac/Test.java@7a0aa719:70ff6041, class path owner: /Users/atalati/vscode-extension/main-repo/javavscode/netbeans/java/java.lsp.server/build/test/unit/work/o.n.m.j.l.s.p.S/ac (class org.netbeans.modules.java.lsp.server.protocol.ServerTest$TestProjectFactory$4) original sourcePath: /Users/atalati/vscode-extension/main-repo/javavscode/netbeans/java/java.lsp.server/build/test/unit/work/o.n.m.j.l.s.p.S/ac new sourcePath: /Users/atalati/vscode-extension/main-repo/javavscode/netbeans/java/java.lsp.server/build/test/unit/work/o.n.m.j.l.s.p.S/ac
May 27, 2024 4:39:41 PM org.netbeans.modules.java.source.parsing.JavacParser init
WARNING: ClassPath identity changed for /Users/atalati/vscode-extension/main-repo/javavscode/netbeans/java/java.lsp.server/build/test/unit/work/o.n.m.j.l.s.p.S/cagc/Test.java@4f15c5f1:3cfef554, class path owner: null original sourcePath: /Users/atalati/vscode-extension/main-repo/javavscode/netbeans/java/java.lsp.server/build/test/unit/work/o.n.m.j.l.s.p.S/cagc new sourcePath: /Users/atalati/vscode-extension/main-repo/javavscode/netbeans/java/java.lsp.server/build/test/unit/work/o.n.m.j.l.s.p.S/cagc
May 27, 2024 4:39:41 PM org.netbeans.modules.java.source.parsing.JavacParser init
WARNING: ClassPath identity changed for /Users/atalati/vscode-extension/main-repo/javavscode/netbeans/java/java.lsp.server/build/test/unit/work/o.n.m.j.l.s.p.S/gtsi/Test.java@63f576f8:171aea74, class path owner: null original sourcePath: /Users/atalati/vscode-extension/main-repo/javavscode/netbeans/java/java.lsp.server/build/test/unit/work/o.n.m.j.l.s.p.S/gtsi new sourcePath: /Users/atalati/vscode-extension/main-repo/javavscode/netbeans/java/java.lsp.server/build/test/unit/work/o.n.m.j.l.s.p.S/gtsi
May 27, 2024 4:39:41 PM org.netbeans.modules.parsing.impl.indexing.RepositoryUpdater$Work reportIndexingStart
INFO: Indexing started, time from last indexing 532 ms.
May 27, 2024 4:39:41 PM org.netbeans.modules.java.source.parsing.JavacParser init
WARNING: ClassPath identity changed for /Users/atalati/vscode-extension/main-repo/javavscode/netbeans/java/java.lsp.server/build/test/unit/work/o.n.m.j.l.s.p.S/mo/Test.java@d1364199:31bc1d7c, class path owner: null original sourcePath: /Users/atalati/vscode-extension/main-repo/javavscode/netbeans/java/java.lsp.server/build/test/unit/work/o.n.m.j.l.s.p.S/mo new sourcePath: /Users/atalati/vscode-extension/main-repo/javavscode/netbeans/java/java.lsp.server/build/test/unit/work/o.n.m.j.l.s.p.S/mo
May 27, 2024 4:39:41 PM org.netbeans.modules.java.source.parsing.JavacParser init
WARNING: ClassPath identity changed for /Users/atalati/vscode-extension/main-repo/javavscode/netbeans/java/java.lsp.server/build/test/unit/work/o.n.m.j.l.s.p.S/cawr/Test.java@83950a0e:1e256438, class path owner: null original sourcePath: /Users/atalati/vscode-extension/main-repo/javavscode/netbeans/java/java.lsp.server/build/test/unit/work/o.n.m.j.l.s.p.S/cawr new sourcePath: /Users/atalati/vscode-extension/main-repo/javavscode/netbeans/java/java.lsp.server/build/test/unit/work/o.n.m.j.l.s.p.S/cawr
May 27, 2024 4:39:41 PM org.netbeans.modules.java.source.parsing.JavacParser init
WARNING: ClassPath identity changed for /Users/atalati/vscode-extension/main-repo/javavscode/netbeans/java/java.lsp.server/build/test/unit/work/o.n.m.j.l.s.p.S/neahf/Other.java@4de540cf:fbaac18, class path owner: null original sourcePath: /Users/atalati/vscode-extension/main-repo/javavscode/netbeans/java/java.lsp.server/build/test/unit/work/o.n.m.j.l.s.p.S/neahf new sourcePath: /Users/atalati/vscode-extension/main-repo/javavscode/netbeans/java/java.lsp.server/build/test/unit/work/o.n.m.j.l.s.p.S/neahf
May 27, 2024 4:39:41 PM org.netbeans.modules.java.source.indexing.JavaCustomIndexer index
WARNING: Ignoring root with no ClassPath: /Users/atalati/vscode-extension/main-repo/javavscode/netbeans/java/java.lsp.server/build/test/unit/work/o.n.m.j.l.s.p.S/sadm
May 27, 2024 4:39:41 PM org.netbeans.modules.java.source.parsing.JavacParser init
WARNING: ClassPath identity changed for /Users/atalati/vscode-extension/main-repo/javavscode/netbeans/java/java.lsp.server/build/test/unit/work/o.n.m.j.l.s.p.S/fu/Test.java@18b7eb64:458c2054, class path owner: /Users/atalati/vscode-extension/main-repo/javavscode/netbeans/java/java.lsp.server/build/test/unit/work/o.n.m.j.l.s.p.S/fu (class org.netbeans.modules.java.lsp.server.protocol.ServerTest$TestProjectFactory$4) original sourcePath: /Users/atalati/vscode-extension/main-repo/javavscode/netbeans/java/java.lsp.server/build/test/unit/work/o.n.m.j.l.s.p.S/fu new sourcePath: /Users/atalati/vscode-extension/main-repo/javavscode/netbeans/java/java.lsp.server/build/test/unit/work/o.n.m.j.l.s.p.S/fu
May 27, 2024 4:39:41 PM org.netbeans.modules.java.source.parsing.JavacParser init
WARNING: ClassPath identity changed for /Users/atalati/vscode-extension/main-repo/javavscode/netbeans/java/java.lsp.server/build/test/unit/work/o.n.m.j.l.s.p.S/sadm/Test.java@26af602c:662d9086, class path owner: null original sourcePath: /Users/atalati/vscode-extension/main-repo/javavscode/netbeans/java/java.lsp.server/build/test/unit/work/o.n.m.j.l.s.p.S/sadm new sourcePath: /Users/atalati/vscode-extension/main-repo/javavscode/netbeans/java/java.lsp.server/build/test/unit/work/o.n.m.j.l.s.p.S/sadm
May 27, 2024 4:39:41 PM org.netbeans.modules.java.source.parsing.JavacParser init
WARNING: ClassPath identity changed for AbstractFileObject@30135ce8[java.base/java/lang/String.java], class path owner: null original sourcePath: jar:file:/Library/Java/JavaVirtualMachines/jdk-17.0.8.jdk/Contents/Home/lib/src.zip!/java.base/java/lang/ new sourcePath: jar:file:/Library/Java/JavaVirtualMachines/jdk-17.0.8.jdk/Contents/Home/lib/src.zip!/java.base/java/lang/
May 27, 2024 4:39:41 PM org.netbeans.modules.java.source.parsing.JavacParser init
WARNING: ClassPath identity changed for /Users/atalati/vscode-extension/main-repo/javavscode/netbeans/java/java.lsp.server/build/test/unit/work/o.n.m.j.l.s.p.S/dopl/Test2.java@f129f6b0:5cef8a46, class path owner: null original sourcePath: /Users/atalati/vscode-extension/main-repo/javavscode/netbeans/java/java.lsp.server/build/test/unit/work/o.n.m.j.l.s.p.S/dopl new sourcePath: /Users/atalati/vscode-extension/main-repo/javavscode/netbeans/java/java.lsp.server/build/test/unit/work/o.n.m.j.l.s.p.S/dopl
May 27, 2024 4:39:41 PM org.netbeans.modules.parsing.impl.indexing.RepositoryUpdater$Work reportIndexerStatistics
INFO: Indexing finished, indexing took 273 ms.
May 27, 2024 4:39:41 PM org.netbeans.modules.parsing.impl.indexing.RepositoryUpdater$Work reportIndexingStart
INFO: Indexing started, time from last indexing 0 ms.
May 27, 2024 4:39:41 PM org.netbeans.modules.java.source.parsing.JavacParser init
WARNING: ClassPath identity changed for AbstractFileObject@30135ce8[java.base/java/lang/String.java], class path owner: null original sourcePath: jar:file:/Library/Java/JavaVirtualMachines/jdk-17.0.8.jdk/Contents/Home/lib/src.zip!/java.base/java/lang/ new sourcePath: jar:file:/Library/Java/JavaVirtualMachines/jdk-17.0.8.jdk/Contents/Home/lib/src.zip!/java.base/java/lang/
May 27, 2024 4:39:41 PM org.netbeans.modules.java.source.indexing.JavaCustomIndexer index
WARNING: Ignoring root with no ClassPath: /Users/atalati/vscode-extension/main-repo/javavscode/netbeans/java/java.lsp.server/build/test/unit/work/o.n.m.j.l.s.p.S/cawr
May 27, 2024 4:39:41 PM org.netbeans.modules.java.source.parsing.JavacParser init
WARNING: ClassPath identity changed for /Users/atalati/vscode-extension/main-repo/javavscode/netbeans/java/java.lsp.server/build/test/unit/work/o.n.m.j.l.s.p.S/cawr/Test.java@83950a0e:1e256438, class path owner: null original sourcePath: /Users/atalati/vscode-extension/main-repo/javavscode/netbeans/java/java.lsp.server/build/test/unit/work/o.n.m.j.l.s.p.S/cawr new sourcePath: /Users/atalati/vscode-extension/main-repo/javavscode/netbeans/java/java.lsp.server/build/test/unit/work/o.n.m.j.l.s.p.S/cawr
May 27, 2024 4:39:41 PM org.netbeans.modules.parsing.impl.indexing.RepositoryUpdater$Work reportIndexerStatistics
INFO: Indexing finished, indexing took 89 ms.
May 27, 2024 4:39:41 PM org.netbeans.modules.parsing.impl.indexing.RepositoryUpdater$Work reportIndexingStart
INFO: Indexing started, time from last indexing 0 ms.
May 27, 2024 4:39:41 PM org.netbeans.modules.java.source.indexing.JavaCustomIndexer index
WARNING: Ignoring root with no ClassPath: /Users/atalati/vscode-extension/main-repo/javavscode/netbeans/java/java.lsp.server/build/test/unit/work/o.n.m.j.l.s.p.S/caiaamic
May 27, 2024 4:39:41 PM org.netbeans.modules.java.source.parsing.JavacParser init
WARNING: ClassPath identity changed for /Users/atalati/vscode-extension/main-repo/javavscode/netbeans/java/java.lsp.server/build/test/unit/work/o.n.m.j.l.s.p.S/caiaamic/Test.java@2f880073:3a94243d, class path owner: null original sourcePath: /Users/atalati/vscode-extension/main-repo/javavscode/netbeans/java/java.lsp.server/build/test/unit/work/o.n.m.j.l.s.p.S/caiaamic new sourcePath: /Users/atalati/vscode-extension/main-repo/javavscode/netbeans/java/java.lsp.server/build/test/unit/work/o.n.m.j.l.s.p.S/caiaamic
May 27, 2024 4:39:42 PM org.netbeans.modules.parsing.impl.indexing.RepositoryUpdater$Work reportIndexerStatistics
INFO: Indexing finished, indexing took 16 ms.
May 27, 2024 4:39:42 PM org.netbeans.modules.parsing.impl.indexing.RepositoryUpdater$Work reportIndexingStart
INFO: Indexing started, time from last indexing 1 ms.
May 27, 2024 4:39:42 PM org.netbeans.modules.java.source.indexing.JavaCustomIndexer index
WARNING: Ignoring root with no ClassPath: /Users/atalati/vscode-extension/main-repo/javavscode/netbeans/java/java.lsp.server/build/test/unit/work/o.n.m.j.l.s.p.S/cagvfop
May 27, 2024 4:39:42 PM org.netbeans.modules.java.source.parsing.JavacParser init
WARNING: ClassPath identity changed for /Users/atalati/vscode-extension/main-repo/javavscode/netbeans/java/java.lsp.server/build/test/unit/work/o.n.m.j.l.s.p.S/cagvfop/Test.java@2e66cfa3:631b0f6b, class path owner: null original sourcePath: /Users/atalati/vscode-extension/main-repo/javavscode/netbeans/java/java.lsp.server/build/test/unit/work/o.n.m.j.l.s.p.S/cagvfop new sourcePath: /Users/atalati/vscode-extension/main-repo/javavscode/netbeans/java/java.lsp.server/build/test/unit/work/o.n.m.j.l.s.p.S/cagvfop
May 27, 2024 4:39:42 PM org.netbeans.modules.parsing.impl.indexing.RepositoryUpdater$Work reportIndexerStatistics
INFO: Indexing finished, indexing took 17 ms.
May 27, 2024 4:39:42 PM org.netbeans.modules.java.source.parsing.JavacParser init
WARNING: ClassPath identity changed for /Users/atalati/vscode-extension/main-repo/javavscode/netbeans/java/java.lsp.server/build/test/unit/work/o.n.m.j.l.s.p.S/pd/b/Base.java@29379b1f:517cb654, class path owner: /Users/atalati/vscode-extension/main-repo/javavscode/netbeans/java/java.lsp.server/build/test/unit/work/o.n.m.j.l.s.p.S/pd (class org.netbeans.modules.java.lsp.server.protocol.ServerTest$TestProjectFactory$4) original sourcePath: /Users/atalati/vscode-extension/main-repo/javavscode/netbeans/java/java.lsp.server/build/test/unit/work/o.n.m.j.l.s.p.S/pd new sourcePath: /Users/atalati/vscode-extension/main-repo/javavscode/netbeans/java/java.lsp.server/build/test/unit/work/o.n.m.j.l.s.p.S/pd
May 27, 2024 4:39:42 PM org.netbeans.modules.java.source.parsing.JavacParser init
WARNING: ClassPath identity changed for /Users/atalati/vscode-extension/main-repo/javavscode/netbeans/java/java.lsp.server/build/test/unit/work/o.n.m.j.l.s.p.S/fi/Test.java@1dfe0878:5f46da15, class path owner: /Users/atalati/vscode-extension/main-repo/javavscode/netbeans/java/java.lsp.server/build/test/unit/work/o.n.m.j.l.s.p.S/fi (class org.netbeans.modules.java.lsp.server.protocol.ServerTest$TestProjectFactory$4) original sourcePath: /Users/atalati/vscode-extension/main-repo/javavscode/netbeans/java/java.lsp.server/build/test/unit/work/o.n.m.j.l.s.p.S/fi new sourcePath: /Users/atalati/vscode-extension/main-repo/javavscode/netbeans/java/java.lsp.server/build/test/unit/work/o.n.m.j.l.s.p.S/fi
May 27, 2024 4:39:42 PM org.netbeans.modules.java.source.parsing.JavacParser init
WARNING: ClassPath identity changed for /Users/atalati/vscode-extension/main-repo/javavscode/netbeans/java/java.lsp.server/build/test/unit/work/o.n.m.j.l.s.p.S/cags/Test.java@9d40e9e1:474ce2c3, class path owner: null original sourcePath: /Users/atalati/vscode-extension/main-repo/javavscode/netbeans/java/java.lsp.server/build/test/unit/work/o.n.m.j.l.s.p.S/cags new sourcePath: /Users/atalati/vscode-extension/main-repo/javavscode/netbeans/java/java.lsp.server/build/test/unit/work/o.n.m.j.l.s.p.S/cags
May 27, 2024 4:39:42 PM org.netbeans.modules.java.source.parsing.JavacParser init
WARNING: ClassPath identity changed for /Users/atalati/vscode-extension/main-repo/javavscode/netbeans/java/java.lsp.server/build/test/unit/work/o.n.m.j.l.s.p.S/ac/Test.java@7a0aa719:70ff6041, class path owner: /Users/atalati/vscode-extension/main-repo/javavscode/netbeans/java/java.lsp.server/build/test/unit/work/o.n.m.j.l.s.p.S/ac (class org.netbeans.modules.java.lsp.server.protocol.ServerTest$TestProjectFactory$4) original sourcePath: /Users/atalati/vscode-extension/main-repo/javavscode/netbeans/java/java.lsp.server/build/test/unit/work/o.n.m.j.l.s.p.S/ac new sourcePath: /Users/atalati/vscode-extension/main-repo/javavscode/netbeans/java/java.lsp.server/build/test/unit/work/o.n.m.j.l.s.p.S/ac
May 27, 2024 4:39:42 PM org.netbeans.modules.java.source.parsing.JavacParser init
WARNING: ClassPath identity changed for /Users/atalati/vscode-extension/main-repo/javavscode/netbeans/java/java.lsp.server/build/test/unit/work/o.n.m.j.l.s.p.S/cagc/Test.java@4f15c5f1:3cfef554, class path owner: null original sourcePath: /Users/atalati/vscode-extension/main-repo/javavscode/netbeans/java/java.lsp.server/build/test/unit/work/o.n.m.j.l.s.p.S/cagc new sourcePath: /Users/atalati/vscode-extension/main-repo/javavscode/netbeans/java/java.lsp.server/build/test/unit/work/o.n.m.j.l.s.p.S/cagc
May 27, 2024 4:39:42 PM org.netbeans.modules.java.source.parsing.JavacParser init
WARNING: ClassPath identity changed for /Users/atalati/vscode-extension/main-repo/javavscode/netbeans/java/java.lsp.server/build/test/unit/work/o.n.m.j.l.s.p.S/gtsi/Test.java@63f576f8:171aea74, class path owner: null original sourcePath: /Users/atalati/vscode-extension/main-repo/javavscode/netbeans/java/java.lsp.server/build/test/unit/work/o.n.m.j.l.s.p.S/gtsi new sourcePath: /Users/atalati/vscode-extension/main-repo/javavscode/netbeans/java/java.lsp.server/build/test/unit/work/o.n.m.j.l.s.p.S/gtsi
May 27, 2024 4:39:42 PM org.netbeans.modules.java.source.parsing.JavacParser init
WARNING: ClassPath identity changed for /Users/atalati/vscode-extension/main-repo/javavscode/netbeans/java/java.lsp.server/build/test/unit/work/o.n.m.j.l.s.p.S/mo/Test.java@d1364199:31bc1d7c, class path owner: null original sourcePath: /Users/atalati/vscode-extension/main-repo/javavscode/netbeans/java/java.lsp.server/build/test/unit/work/o.n.m.j.l.s.p.S/mo new sourcePath: /Users/atalati/vscode-extension/main-repo/javavscode/netbeans/java/java.lsp.server/build/test/unit/work/o.n.m.j.l.s.p.S/mo
May 27, 2024 4:39:42 PM org.netbeans.modules.java.source.parsing.JavacParser init
WARNING: ClassPath identity changed for /Users/atalati/vscode-extension/main-repo/javavscode/netbeans/java/java.lsp.server/build/test/unit/work/o.n.m.j.l.s.p.S/cawr/Test.java@83950a0e:1e256438, class path owner: null original sourcePath: /Users/atalati/vscode-extension/main-repo/javavscode/netbeans/java/java.lsp.server/build/test/unit/work/o.n.m.j.l.s.p.S/cawr new sourcePath: /Users/atalati/vscode-extension/main-repo/javavscode/netbeans/java/java.lsp.server/build/test/unit/work/o.n.m.j.l.s.p.S/cawr
May 27, 2024 4:39:42 PM org.netbeans.modules.java.source.parsing.JavacParser init
WARNING: ClassPath identity changed for /Users/atalati/vscode-extension/main-repo/javavscode/netbeans/java/java.lsp.server/build/test/unit/work/o.n.m.j.l.s.p.S/fu/Test.java@18b7eb64:458c2054, class path owner: /Users/atalati/vscode-extension/main-repo/javavscode/netbeans/java/java.lsp.server/build/test/unit/work/o.n.m.j.l.s.p.S/fu (class org.netbeans.modules.java.lsp.server.protocol.ServerTest$TestProjectFactory$4) original sourcePath: /Users/atalati/vscode-extension/main-repo/javavscode/netbeans/java/java.lsp.server/build/test/unit/work/o.n.m.j.l.s.p.S/fu new sourcePath: /Users/atalati/vscode-extension/main-repo/javavscode/netbeans/java/java.lsp.server/build/test/unit/work/o.n.m.j.l.s.p.S/fu
May 27, 2024 4:39:42 PM org.netbeans.modules.java.source.parsing.JavacParser init
WARNING: ClassPath identity changed for /Users/atalati/vscode-extension/main-repo/javavscode/netbeans/java/java.lsp.server/build/test/unit/work/o.n.m.j.l.s.p.S/neahf/Other.java@4de540cf:fbaac18, class path owner: null original sourcePath: /Users/atalati/vscode-extension/main-repo/javavscode/netbeans/java/java.lsp.server/build/test/unit/work/o.n.m.j.l.s.p.S/neahf new sourcePath: /Users/atalati/vscode-extension/main-repo/javavscode/netbeans/java/java.lsp.server/build/test/unit/work/o.n.m.j.l.s.p.S/neahf
May 27, 2024 4:39:42 PM org.netbeans.modules.java.source.parsing.JavacParser init
WARNING: ClassPath identity changed for AbstractFileObject@30135ce8[java.base/java/lang/String.java], class path owner: null original sourcePath: jar:file:/Library/Java/JavaVirtualMachines/jdk-17.0.8.jdk/Contents/Home/lib/src.zip!/java.base/java/lang/ new sourcePath: jar:file:/Library/Java/JavaVirtualMachines/jdk-17.0.8.jdk/Contents/Home/lib/src.zip!/java.base/java/lang/
May 27, 2024 4:39:42 PM org.netbeans.modules.java.source.parsing.JavacParser init
WARNING: ClassPath identity changed for /Users/atalati/vscode-extension/main-repo/javavscode/netbeans/java/java.lsp.server/build/test/unit/work/o.n.m.j.l.s.p.S/dopl/Test2.java@f129f6b0:5cef8a46, class path owner: null original sourcePath: /Users/atalati/vscode-extension/main-repo/javavscode/netbeans/java/java.lsp.server/build/test/unit/work/o.n.m.j.l.s.p.S/dopl new sourcePath: /Users/atalati/vscode-extension/main-repo/javavscode/netbeans/java/java.lsp.server/build/test/unit/work/o.n.m.j.l.s.p.S/dopl
May 27, 2024 4:39:42 PM org.netbeans.modules.java.source.parsing.JavacParser init
WARNING: ClassPath identity changed for /Users/atalati/vscode-extension/main-repo/javavscode/netbeans/java/java.lsp.server/build/test/unit/work/o.n.m.j.l.s.p.S/dopl/Test3.java@f2fd2e51:bd3dc98, class path owner: null original sourcePath: /Users/atalati/vscode-extension/main-repo/javavscode/netbeans/java/java.lsp.server/build/test/unit/work/o.n.m.j.l.s.p.S/dopl new sourcePath: /Users/atalati/vscode-extension/main-repo/javavscode/netbeans/java/java.lsp.server/build/test/unit/work/o.n.m.j.l.s.p.S/dopl
May 27, 2024 4:39:42 PM org.netbeans.modules.java.source.parsing.JavacParser init
WARNING: ClassPath identity changed for /Users/atalati/vscode-extension/main-repo/javavscode/netbeans/java/java.lsp.server/build/test/unit/work/o.n.m.j.l.s.p.S/dopl/Test.java@bd4a9bbc:d189352, class path owner: null original sourcePath: /Users/atalati/vscode-extension/main-repo/javavscode/netbeans/java/java.lsp.server/build/test/unit/work/o.n.m.j.l.s.p.S/dopl new sourcePath: /Users/atalati/vscode-extension/main-repo/javavscode/netbeans/java/java.lsp.server/build/test/unit/work/o.n.m.j.l.s.p.S/dopl
May 27, 2024 4:39:42 PM org.netbeans.modules.java.source.parsing.JavacParser init
WARNING: ClassPath identity changed for /Users/atalati/vscode-extension/main-repo/javavscode/netbeans/java/java.lsp.server/build/test/unit/work/o.n.m.j.l.s.p.S/gti/Test.java@7dc8ce5:5778d874, class path owner: /Users/atalati/vscode-extension/main-repo/javavscode/netbeans/java/java.lsp.server/build/test/unit/work/o.n.m.j.l.s.p.S/gti (class org.netbeans.modules.java.lsp.server.protocol.ServerTest$TestProjectFactory$4) original sourcePath: /Users/atalati/vscode-extension/main-repo/javavscode/netbeans/java/java.lsp.server/build/test/unit/work/o.n.m.j.l.s.p.S/gti new sourcePath: /Users/atalati/vscode-extension/main-repo/javavscode/netbeans/java/java.lsp.server/build/test/unit/work/o.n.m.j.l.s.p.S/gti
May 27, 2024 4:39:42 PM org.netbeans.modules.java.source.parsing.JavacParser init
WARNING: ClassPath identity changed for /Users/atalati/vscode-extension/main-repo/javavscode/netbeans/java/java.lsp.server/build/test/unit/work/o.n.m.j.l.s.p.S/sal/Test.java@6263ac27:69d77bd9, class path owner: null original sourcePath: /Users/atalati/vscode-extension/main-repo/javavscode/netbeans/java/java.lsp.server/build/test/unit/work/o.n.m.j.l.s.p.S/sal new sourcePath: /Users/atalati/vscode-extension/main-repo/javavscode/netbeans/java/java.lsp.server/build/test/unit/work/o.n.m.j.l.s.p.S/sal
May 27, 2024 4:39:42 PM org.netbeans.modules.java.source.parsing.JavacParser init
WARNING: ClassPath identity changed for /Users/atalati/vscode-extension/main-repo/javavscode/netbeans/java/java.lsp.server/build/test/unit/work/o.n.m.j.l.s.p.S/rdccro/Test.java@c90373e4:73492c39, class path owner: /Users/atalati/vscode-extension/main-repo/javavscode/netbeans/java/java.lsp.server/build/test/unit/work/o.n.m.j.l.s.p.S/rdccro (class org.netbeans.modules.java.lsp.server.protocol.ServerTest$TestProjectFactory$4) original sourcePath: /Users/atalati/vscode-extension/main-repo/javavscode/netbeans/java/java.lsp.server/build/test/unit/work/o.n.m.j.l.s.p.S/rdccro new sourcePath: /Users/atalati/vscode-extension/main-repo/javavscode/netbeans/java/java.lsp.server/build/test/unit/work/o.n.m.j.l.s.p.S/rdccro
May 27, 2024 4:39:42 PM org.netbeans.modules.java.source.parsing.JavacParser init
WARNING: ClassPath identity changed for /Users/atalati/vscode-extension/main-repo/javavscode/netbeans/java/java.lsp.server/build/test/unit/work/o.n.m.j.l.s.p.S/rdccro/Test2.java@5cbe0648:1731dbb4, class path owner: /Users/atalati/vscode-extension/main-repo/javavscode/netbeans/java/java.lsp.server/build/test/unit/work/o.n.m.j.l.s.p.S/rdccro (class org.netbeans.modules.java.lsp.server.protocol.ServerTest$TestProjectFactory$4) original sourcePath: /Users/atalati/vscode-extension/main-repo/javavscode/netbeans/java/java.lsp.server/build/test/unit/work/o.n.m.j.l.s.p.S/rdccro new sourcePath: /Users/atalati/vscode-extension/main-repo/javavscode/netbeans/java/java.lsp.server/build/test/unit/work/o.n.m.j.l.s.p.S/rdccro
May 27, 2024 4:39:42 PM org.netbeans.modules.java.source.parsing.JavacParser init
WARNING: ClassPath identity changed for /Users/atalati/vscode-extension/main-repo/javavscode/netbeans/java/java.lsp.server/build/test/unit/work/o.n.m.j.l.s.p.S/sadm/Test.java@26af602c:662d9086, class path owner: null original sourcePath: /Users/atalati/vscode-extension/main-repo/javavscode/netbeans/java/java.lsp.server/build/test/unit/work/o.n.m.j.l.s.p.S/sadm new sourcePath: /Users/atalati/vscode-extension/main-repo/javavscode/netbeans/java/java.lsp.server/build/test/unit/work/o.n.m.j.l.s.p.S/sadm
May 27, 2024 4:39:42 PM org.netbeans.modules.java.source.parsing.JavacParser init
WARNING: ClassPath identity changed for /Users/atalati/vscode-extension/main-repo/javavscode/netbeans/java/java.lsp.server/build/test/unit/work/o.n.m.j.l.s.p.S/saehc/Test.java@20b3203b:6a0e3571, class path owner: null original sourcePath: /Users/atalati/vscode-extension/main-repo/javavscode/netbeans/java/java.lsp.server/build/test/unit/work/o.n.m.j.l.s.p.S/saehc new sourcePath: /Users/atalati/vscode-extension/main-repo/javavscode/netbeans/java/java.lsp.server/build/test/unit/work/o.n.m.j.l.s.p.S/saehc
May 27, 2024 4:39:42 PM org.netbeans.modules.java.source.parsing.JavacParser init
WARNING: ClassPath identity changed for /Users/atalati/vscode-extension/main-repo/javavscode/netbeans/java/java.lsp.server/build/test/unit/work/o.n.m.j.l.s.p.S/sh-2/Test.java@b461fcf1:3e6ca0a9, class path owner: null original sourcePath: /Users/atalati/vscode-extension/main-repo/javavscode/netbeans/java/java.lsp.server/build/test/unit/work/o.n.m.j.l.s.p.S/sh-2 new sourcePath: /Users/atalati/vscode-extension/main-repo/javavscode/netbeans/java/java.lsp.server/build/test/unit/work/o.n.m.j.l.s.p.S/sh-2
May 27, 2024 4:39:42 PM org.netbeans.modules.java.source.parsing.JavacParser init
WARNING: ClassPath identity changed for /Users/atalati/vscode-extension/main-repo/javavscode/netbeans/java/java.lsp.server/build/test/unit/work/o.n.m.j.l.s.p.S/caiaamic/Test.java@2f880073:3a94243d, class path owner: null original sourcePath: /Users/atalati/vscode-extension/main-repo/javavscode/netbeans/java/java.lsp.server/build/test/unit/work/o.n.m.j.l.s.p.S/caiaamic new sourcePath: /Users/atalati/vscode-extension/main-repo/javavscode/netbeans/java/java.lsp.server/build/test/unit/work/o.n.m.j.l.s.p.S/caiaamic
May 27, 2024 4:39:42 PM org.netbeans.modules.java.source.parsing.JavacParser init
WARNING: ClassPath identity changed for /Users/atalati/vscode-extension/main-repo/javavscode/netbeans/java/java.lsp.server/build/test/unit/work/o.n.m.j.l.s.p.S/caiaamiac/Test.java@5be81650:1700fcb8, class path owner: null original sourcePath: /Users/atalati/vscode-extension/main-repo/javavscode/netbeans/java/java.lsp.server/build/test/unit/work/o.n.m.j.l.s.p.S/caiaamiac new sourcePath: /Users/atalati/vscode-extension/main-repo/javavscode/netbeans/java/java.lsp.server/build/test/unit/work/o.n.m.j.l.s.p.S/caiaamiac
May 27, 2024 4:39:42 PM org.netbeans.modules.java.source.parsing.JavacParser init
WARNING: ClassPath identity changed for /Users/atalati/vscode-extension/main-repo/javavscode/netbeans/java/java.lsp.server/build/test/unit/work/o.n.m.j.l.s.p.S/snuf/Test.java@b3e2f7c3:12294bf0, class path owner: null original sourcePath: /Users/atalati/vscode-extension/main-repo/javavscode/netbeans/java/java.lsp.server/build/test/unit/work/o.n.m.j.l.s.p.S/snuf new sourcePath: /Users/atalati/vscode-extension/main-repo/javavscode/netbeans/java/java.lsp.server/build/test/unit/work/o.n.m.j.l.s.p.S/snuf
May 27, 2024 4:39:42 PM org.netbeans.modules.java.source.parsing.JavacParser init
WARNING: ClassPath identity changed for /Users/atalati/vscode-extension/main-repo/javavscode/netbeans/java/java.lsp.server/build/test/unit/work/o.n.m.j.l.s.p.S/saoi/Test.java@27dfd05f:3554d487, class path owner: null original sourcePath: /Users/atalati/vscode-extension/main-repo/javavscode/netbeans/java/java.lsp.server/build/test/unit/work/o.n.m.j.l.s.p.S/saoi new sourcePath: /Users/atalati/vscode-extension/main-repo/javavscode/netbeans/java/java.lsp.server/build/test/unit/work/o.n.m.j.l.s.p.S/saoi
May 27, 2024 4:39:42 PM org.netbeans.modules.java.source.parsing.JavacParser init
WARNING: ClassPath identity changed for /Users/atalati/vscode-extension/main-repo/javavscode/netbeans/java/java.lsp.server/build/test/unit/work/o.n.m.j.l.s.p.S/cagvfop/Test.java@2e66cfa3:631b0f6b, class path owner: null original sourcePath: /Users/atalati/vscode-extension/main-repo/javavscode/netbeans/java/java.lsp.server/build/test/unit/work/o.n.m.j.l.s.p.S/cagvfop new sourcePath: /Users/atalati/vscode-extension/main-repo/javavscode/netbeans/java/java.lsp.server/build/test/unit/work/o.n.m.j.l.s.p.S/cagvfop
May 27, 2024 4:39:42 PM org.netbeans.modules.java.source.parsing.JavacParser init
WARNING: ClassPath identity changed for /Users/atalati/vscode-extension/main-repo/javavscode/netbeans/java/java.lsp.server/build/test/unit/work/o.n.m.j.l.s.p.S/sw/Test.java@a666dfdb:3a882d20, class path owner: null original sourcePath: /Users/atalati/vscode-extension/main-repo/javavscode/netbeans/java/java.lsp.server/build/test/unit/work/o.n.m.j.l.s.p.S/sw new sourcePath: /Users/atalati/vscode-extension/main-repo/javavscode/netbeans/java/java.lsp.server/build/test/unit/work/o.n.m.j.l.s.p.S/sw
May 27, 2024 4:39:42 PM org.netbeans.modules.java.source.parsing.JavacParser init
WARNING: ClassPath identity changed for /Users/atalati/vscode-extension/main-repo/javavscode/netbeans/java/java.lsp.server/build/test/unit/work/o.n.m.j.l.s.p.S/gttd/Test.java@83331e92:6293b90e, class path owner: /Users/atalati/vscode-extension/main-repo/javavscode/netbeans/java/java.lsp.server/build/test/unit/work/o.n.m.j.l.s.p.S/gttd (class org.netbeans.modules.java.lsp.server.protocol.ServerTest$TestProjectFactory$4) original sourcePath: /Users/atalati/vscode-extension/main-repo/javavscode/netbeans/java/java.lsp.server/build/test/unit/work/o.n.m.j.l.s.p.S/gttd new sourcePath: /Users/atalati/vscode-extension/main-repo/javavscode/netbeans/java/java.lsp.server/build/test/unit/work/o.n.m.j.l.s.p.S/gttd
May 27, 2024 4:39:42 PM org.netbeans.modules.java.source.parsing.JavacParser init
WARNING: ClassPath identity changed for /Users/atalati/vscode-extension/main-repo/javavscode/netbeans/java/java.lsp.server/build/test/unit/work/o.n.m.j.l.s.p.S/cmp/a/Test.java@78880161:1cd61388, class path owner: /Users/atalati/vscode-extension/main-repo/javavscode/netbeans/java/java.lsp.server/build/test/unit/work/o.n.m.j.l.s.p.S/cmp (class org.netbeans.modules.java.lsp.server.protocol.ServerTest$TestProjectFactory$4) original sourcePath: /Users/atalati/vscode-extension/main-repo/javavscode/netbeans/java/java.lsp.server/build/test/unit/work/o.n.m.j.l.s.p.S/cmp new sourcePath: /Users/atalati/vscode-extension/main-repo/javavscode/netbeans/java/java.lsp.server/build/test/unit/work/o.n.m.j.l.s.p.S/cmp
May 27, 2024 4:39:42 PM org.netbeans.modules.java.source.parsing.JavacParser init
WARNING: ClassPath identity changed for /Users/atalati/vscode-extension/main-repo/javavscode/netbeans/java/java.lsp.server/build/test/unit/work/o.n.m.j.l.s.p.S/sats/Test.java@1f26e9a2:3430d24, class path owner: null original sourcePath: /Users/atalati/vscode-extension/main-repo/javavscode/netbeans/java/java.lsp.server/build/test/unit/work/o.n.m.j.l.s.p.S/sats new sourcePath: /Users/atalati/vscode-extension/main-repo/javavscode/netbeans/java/java.lsp.server/build/test/unit/work/o.n.m.j.l.s.p.S/sats
May 27, 2024 4:39:42 PM org.netbeans.modules.java.source.parsing.JavacParser init
WARNING: ClassPath identity changed for /Users/atalati/vscode-extension/main-repo/javavscode/netbeans/java/java.lsp.server/build/test/unit/work/o.n.m.j.l.s.p.S/m/Test.java@96357854:2cb18a69, class path owner: null original sourcePath: /Users/atalati/vscode-extension/main-repo/javavscode/netbeans/java/java.lsp.server/build/test/unit/work/o.n.m.j.l.s.p.S/m new sourcePath: /Users/atalati/vscode-extension/main-repo/javavscode/netbeans/java/java.lsp.server/build/test/unit/work/o.n.m.j.l.s.p.S/m
May 27, 2024 4:39:42 PM org.netbeans.modules.java.source.parsing.JavacParser init
WARNING: ClassPath identity changed for /Users/atalati/vscode-extension/main-repo/javavscode/netbeans/java/java.lsp.server/build/test/unit/work/o.n.m.j.l.s.p.S/caiaamie/Test.java@5976eef5:76990e1e, class path owner: null original sourcePath: /Users/atalati/vscode-extension/main-repo/javavscode/netbeans/java/java.lsp.server/build/test/unit/work/o.n.m.j.l.s.p.S/caiaamie new sourcePath: /Users/atalati/vscode-extension/main-repo/javavscode/netbeans/java/java.lsp.server/build/test/unit/work/o.n.m.j.l.s.p.S/caiaamie
Creating a client for testcase: testFormatDocument
May 27, 2024 4:39:42 PM org.netbeans.modules.java.lsp.server.protocol.Server$LanguageServerImpl lambda$asyncOpenSelectedProjects1$9
INFO: 0 projects opened in 0ms
Creating a client for testcase: testHintsPrefsFileAbsent
May 27, 2024 4:39:43 PM org.netbeans.modules.java.lsp.server.protocol.Server$LanguageServerImpl lambda$asyncOpenSelectedProjects1$9
INFO: 0 projects opened in 0ms
Creating a client for testcase: testDeclarativeHints
May 27, 2024 4:39:44 PM org.netbeans.modules.java.lsp.server.protocol.Server$LanguageServerImpl lambda$asyncOpenSelectedProjects1$9
INFO: 0 projects opened in 0ms
May 27, 2024 4:39:45 PM org.openide.filesystems.Ordering getOrder
WARNING: Not all children in / marked with the position attribute: [language.instance, Reformatter.instance, Reindenter.instance, SourcePathCheck.instance, AutoIndenter.instance, org-netbeans-modules-gsf-codecoverage-CoverageHighlightsLayerFactory.instance, org.netbeans.spi.editor.highlighting.HighlightsLayerFactory.instance, org-netbeans-modules-java-editor-semantic-HighlightsLayerFactoryImpl.instance, org-netbeans-modules-java-editor-semantic-SemanticHighlighterFactory.instance, org-netbeans-modules-java-editor-semantic-MarkOccurrencesHighlighterFactory.instance, org-netbeans-modules-java-editor-overridden-ComputeAnnotations$FactoryImpl.instance, EditorKit.instance, org-netbeans-modules-refactoring-java-ui-HighlightsLayerFactory.instance, org-netbeans-modules-java-hints-infrastructure-ErrorHintsFactory.instance, org-netbeans-modules-java-hints-introduce-IntroduceHint$HLFImpl.instance, org-netbeans-modules-java-hints-infrastructure-EmbeddedLazyHintComputation$FactoryImpl.instance, org-netbeans-modules-java-source-indexing-JavaCustomIndexer$Factory-register.instance, org-netbeans-modules-java-source-parsing-JavacParserFactory.instance, org-netbeans-modules-java-source-parsing-VanillaPartialReparser$VerifyPartialReparse$FactoryImpl.instance, org-netbeans-modules-java-hints-declarative-debugging-EvaluationSpanTask$FactoryImpl.instance, org-netbeans-modules-java-hints-spiimpl-JavaHintsPositionRefresher.instance, org-netbeans-modules-java-hints-spiimpl-hints-HintsTask$HintPositionRefresherHelper.instance, org-netbeans-modules-java-hints-spiimpl-hints-HintsTask$SuggestionsPositionRefresherHelper.instance, org-netbeans-modules-java-hints-spiimpl-options-HintsSettings$GlobalSettingsProvider.instance, org-netbeans-modules-editor-java-CamelCaseOperations$JavaCamelCaseInterceptor$JavaFactory.instance, org-netbeans-modules-editor-java-JavaKit$JavaTypedBreakInterceptor$JavaFactory.instance, org-netbeans-modules-java-editor-codegen-RemoveSurroundingCodePanel$UnwrapCodeHighlightsLayerFactory.instance, org-netbeans-modules-java-editor-whitelist-WhiteListCheckTask$Factory.instance, org-netbeans-modules-editor-java-JavaKit$JavaDeletedTextInterceptor$Factory.instance, org-netbeans-modules-editor-java-JavaKit$JavaTypedTextInterceptor$Factory.instance, org-netbeans-modules-java-editor-fold-ResourceStringFoldProvider.instance, org-netbeans-modules-java-editor-rename-InstantRenamePerformer$RenameDeletedTextInterceptor$Factory.instance, org-netbeans-modules-refactoring-java-callhierarchy-LspCallHierarchyProvider.instance, org-netbeans-modules-refactoring-java-plugins-InstantRefactoringPerformer$UndoableWrapper.instance, org-netbeans-modules-refactoring-java-plugins-InstantRefactoringPerformer$RenameDeletedTextInterceptor$Factory.instance, org-netbeans-modules-whitelist-index-WhiteListIndexerPlugin$Factory.instance, org-netbeans-modules-java-hints-infrastructure-ErrorPositionRefresherHelper.instance, org-netbeans-modules-java-hints-infrastructure-JavaErrorProvider.instance, org-netbeans-modules-java-hints-introduce-PositionRefresherHelperImpl.instance, org-netbeans-modules-diff-builtin-visualizer-editable-DiffHighlightsLayerFactory.instance, org-netbeans-modules-merge-builtin-visualizer-MergeHighlightsLayerFactory.instance, COSSynchronizingIndexer.instance, org-netbeans-modules-editor-impl-highlighting-HLFactory.instance, org-netbeans-lib-editor-hyperlink-HyperlinkOperation$HighlightFactoryImpl.instance, org-netbeans-modules-editor-url-HighlightURLs$FactoryImpl.instance, org-netbeans-modules-editor-lib2-highlighting-Factory.instance, org-netbeans-modules-jumpto-file-FileIndexer$Factory.instance, org-netbeans-modules-editor-hints-HighlightsLayerFactoryImpl.instance, org-netbeans-modules-csl-hints-GsfHintsFactory.instance, org-netbeans-modules-csl-hints-infrastructure-HintsTaskFactory.instance, org-netbeans-modules-csl-hints-infrastructure-SelectionHintsTaskFactory.instance, org-netbeans-modules-csl-hints-infrastructure-SuggestionsTaskFactory.instance, org-netbeans-modules-csl-navigation-ClassMemberNavigatorSourceFactory.instance, org-netbeans-modules-csl-editor-semantic-SemanticHighlighterFactory.instance, org-netbeans-modules-csl-editor-semantic-MarkOccurrencesHighlighterFactory.instance, org-netbeans-modules-csl-editor-fold-GsfFoldManagerTaskFactory.instance, org-netbeans-modules-csl-navigation-CaretListeningFactory.instance, org-netbeans-modules-csl-editor-overridden-ComputeAnnotations$FactoryImpl.instance, org-netbeans-lib-editor-codetemplates-textsync-TextRegionManager$Highlighting$HLFactory.instance, org-netbeans-modules-editor-bracesmatching-BracesMatchHighlighting$Factory.instance, org-netbeans-modules-editor-fold-ui-FoldingEditorSupport$F.instance, org-netbeans-modules-refactoring-spi-impl-UndoableWrapper.instance, org-netbeans-modules-java-source-indexing-JavaBinaryIndexer$Factory-register.instance, org-netbeans-modules-editor-impl-DocumentFactoryImpl.instance, org-netbeans-modules-gsf-testrunner-ui-TestMethodFinderImpl$Factory.instance, org-netbeans-modules-editor-hints-lsp-HintsDiagnosticsProvider.instance, org-netbeans-modules-java-lsp-server-protocol-Server$LSPServerTelemetryFactory-getDefault.instance, org-netbeans-modules-csl-navigation-BreadCrumbsTask$TaskFactoryImpl.instance, org-netbeans-modules-csl-core-CslCamelCaseInterceptor$Factory.instance, org-netbeans-modules-java-hints-infrastructure-EmbeddedHintsCollector$Factory.instance], but some are: [org-netbeans-modules-editor-java-JavaStructureProvider.instance, org-netbeans-modules-java-file-launcher-indexer-CompilerOptionsIndexer$FactoryImpl.instance]
Creating a client for testcase: testCancelProgressHandle
May 27, 2024 4:39:45 PM org.netbeans.modules.java.lsp.server.protocol.Server$LanguageServerImpl lambda$asyncOpenSelectedProjects1$9
INFO: 0 projects opened in 0ms
Creating a client for testcase: testFileModificationDiags
May 27, 2024 4:39:48 PM org.netbeans.modules.java.lsp.server.protocol.Server$LanguageServerImpl lambda$asyncOpenSelectedProjects1$9
INFO: 0 projects opened in 1ms
May 27, 2024 4:39:49 PM org.netbeans.modules.java.source.parsing.JavacParser init
WARNING: ClassPath identity changed for /Users/atalati/vscode-extension/main-repo/javavscode/netbeans/java/java.lsp.server/build/test/unit/work/o.n.m.j.l.s.p.S/fmd/Test.java@faea9a04:c9cd04f, class path owner: null original sourcePath: /Users/atalati/vscode-extension/main-repo/javavscode/netbeans/java/java.lsp.server/build/test/unit/work/o.n.m.j.l.s.p.S/fmd new sourcePath: /Users/atalati/vscode-extension/main-repo/javavscode/netbeans/java/java.lsp.server/build/test/unit/work/o.n.m.j.l.s.p.S/fmd
May 27, 2024 4:39:50 PM org.netbeans.modules.java.source.parsing.JavacParser init
WARNING: ClassPath identity changed for /Users/atalati/vscode-extension/main-repo/javavscode/netbeans/java/java.lsp.server/build/test/unit/work/o.n.m.j.l.s.p.S/fmd/Test.java@faea9a04:c9cd04f, class path owner: null original sourcePath: /Users/atalati/vscode-extension/main-repo/javavscode/netbeans/java/java.lsp.server/build/test/unit/work/o.n.m.j.l.s.p.S/fmd new sourcePath: /Users/atalati/vscode-extension/main-repo/javavscode/netbeans/java/java.lsp.server/build/test/unit/work/o.n.m.j.l.s.p.S/fmd
May 27, 2024 4:39:52 PM org.netbeans.modules.java.source.parsing.JavacParser init
WARNING: ClassPath identity changed for /Users/atalati/vscode-extension/main-repo/javavscode/netbeans/java/java.lsp.server/build/test/unit/work/o.n.m.j.l.s.p.S/fmd/Test.java@faea9a04:c9cd04f, class path owner: null original sourcePath: /Users/atalati/vscode-extension/main-repo/javavscode/netbeans/java/java.lsp.server/build/test/unit/work/o.n.m.j.l.s.p.S/fmd new sourcePath: /Users/atalati/vscode-extension/main-repo/javavscode/netbeans/java/java.lsp.server/build/test/unit/work/o.n.m.j.l.s.p.S/fmd
May 27, 2024 4:39:53 PM org.netbeans.modules.java.source.parsing.JavacParser init
WARNING: ClassPath identity changed for /Users/atalati/vscode-extension/main-repo/javavscode/netbeans/java/java.lsp.server/build/test/unit/work/o.n.m.j.l.s.p.S/fmd/Test.java@faea9a04:c9cd04f, class path owner: null original sourcePath: /Users/atalati/vscode-extension/main-repo/javavscode/netbeans/java/java.lsp.server/build/test/unit/work/o.n.m.j.l.s.p.S/fmd new sourcePath: /Users/atalati/vscode-extension/main-repo/javavscode/netbeans/java/java.lsp.server/build/test/unit/work/o.n.m.j.l.s.p.S/fmd
Creating a client for testcase: testCodeActionIntroduceConstant
May 27, 2024 4:39:54 PM org.netbeans.modules.java.lsp.server.protocol.Server$LanguageServerImpl lambda$asyncOpenSelectedProjects1$9
INFO: 0 projects opened in 1ms
Creating a client for testcase: testDefaultLookupJustOnce
Creating a client for testcase: testDiagnosticsRemovedForDeletedFile
May 27, 2024 4:39:54 PM org.netbeans.modules.java.lsp.server.protocol.Server$LanguageServerImpl lambda$asyncOpenSelectedProjects1$9
INFO: 0 projects opened in 0ms
Creating a client for testcase: testCodeActionIntroduceField
May 27, 2024 4:39:55 PM org.netbeans.modules.java.lsp.server.protocol.Server$LanguageServerImpl lambda$asyncOpenSelectedProjects1$9
INFO: 0 projects opened in 0ms
Creating a client for testcase: testExtractInterface
May 27, 2024 4:39:56 PM org.netbeans.modules.project.ui.OpenProjectList log
INFO: USG_PROJECT_OPEN
May 27, 2024 4:39:56 PM org.netbeans.modules.java.lsp.server.protocol.Server$LanguageServerImpl lambda$asyncOpenSelectedProjects1$9
INFO: 1 projects opened in 2ms
May 27, 2024 4:39:56 PM org.netbeans.modules.java.source.parsing.JavacParser init
WARNING: ClassPath identity changed for /Users/atalati/vscode-extension/main-repo/javavscode/netbeans/java/java.lsp.server/build/test/unit/work/o.n.m.j.l.s.p.S/caif/Test.java@1d0aa6f0:2f58bd73, class path owner: null original sourcePath: /Users/atalati/vscode-extension/main-repo/javavscode/netbeans/java/java.lsp.server/build/test/unit/work/o.n.m.j.l.s.p.S/caif new sourcePath: /Users/atalati/vscode-extension/main-repo/javavscode/netbeans/java/java.lsp.server/build/test/unit/work/o.n.m.j.l.s.p.S/caif
May 27, 2024 4:39:56 PM org.netbeans.modules.parsing.impl.indexing.RepositoryUpdater$Work reportIndexingStart
INFO: Indexing started, time from last indexing 14,619 ms.
May 27, 2024 4:39:56 PM org.netbeans.modules.parsing.impl.indexing.RepositoryUpdater$RootsWork getDone
INFO: Resolving dependencies took: 70 ms
May 27, 2024 4:39:56 PM org.netbeans.modules.parsing.impl.indexing.RepositoryUpdater$AbstractRootsWork scanBinaries
INFO: Complete indexing of 70 binary roots took: 36 ms
May 27, 2024 4:39:56 PM org.netbeans.modules.parsing.impl.indexing.RepositoryUpdater$AbstractRootsWork scanSources
INFO: Indexing of: /Users/atalati/vscode-extension/main-repo/javavscode/netbeans/java/java.lsp.server/build/test/unit/work/o.n.m.j.l.s.p.S/ei took: 59 ms (New or modified files: 2, Deleted files: 0) [Adding listeners took: 0 ms]
May 27, 2024 4:39:56 PM org.netbeans.modules.parsing.impl.indexing.RepositoryUpdater$AbstractRootsWork scanSources
INFO: Complete indexing of 1 source roots took: 59 ms (New or modified files: 2, Deleted files: 0) [Adding listeners took: 0 ms]
May 27, 2024 4:39:56 PM org.netbeans.modules.parsing.impl.indexing.RepositoryUpdater$Work reportIndexerStatistics
INFO: Indexing finished, indexing took 169 ms.
May 27, 2024 4:39:56 PM org.netbeans.modules.java.source.parsing.JavacParser init
WARNING: ClassPath identity changed for /Users/atalati/vscode-extension/main-repo/javavscode/netbeans/java/java.lsp.server/build/test/unit/work/o.n.m.j.l.s.p.S/ei/a/Test.java@ae2790cd:6a6a251e, class path owner: /Users/atalati/vscode-extension/main-repo/javavscode/netbeans/java/java.lsp.server/build/test/unit/work/o.n.m.j.l.s.p.S/ei (class org.netbeans.modules.java.lsp.server.protocol.ServerTest$TestProjectFactory$4) original sourcePath: /Users/atalati/vscode-extension/main-repo/javavscode/netbeans/java/java.lsp.server/build/test/unit/work/o.n.m.j.l.s.p.S/ei new sourcePath: /Users/atalati/vscode-extension/main-repo/javavscode/netbeans/java/java.lsp.server/build/test/unit/work/o.n.m.j.l.s.p.S/ei
May 27, 2024 4:39:56 PM org.netbeans.modules.java.JavaTemplateAttributesProvider attributesFor
WARNING: No classpath was found for folder: AbstractFileObject@3cbdfd1b[root of MemoryFileSystem14[org.openide.filesystems.MemoryFileSystem@7b0ae574]]
May 27, 2024 4:39:56 PM org.netbeans.modules.java.JavaTemplateAttributesProvider attributesFor
WARNING: No classpath was found for folder: AbstractFileObject@6b52874[root of MemoryFileSystem15[org.openide.filesystems.MemoryFileSystem@3a94478c]]
May 27, 2024 4:39:56 PM org.netbeans.modules.java.source.save.CasualDiff checkDiffs
WARNING: Invalid diff: tree (INSERT) pos=280, end=-1
> 
May 27, 2024 4:39:57 PM org.netbeans.modules.parsing.impl.indexing.RepositoryUpdater$Work reportIndexingStart
INFO: Indexing started, time from last indexing 397 ms.
May 27, 2024 4:39:57 PM org.netbeans.modules.java.source.indexing.JavaCustomIndexer index
WARNING: Ignoring root with no ClassPath: /Users/atalati/vscode-extension/main-repo/javavscode/netbeans/java/java.lsp.server/build/test/unit/work/o.n.m.j.l.s.p.S/caiv
May 27, 2024 4:39:57 PM org.netbeans.modules.parsing.impl.indexing.RepositoryUpdater$Work reportIndexerStatistics
INFO: Indexing finished, indexing took 32 ms.
May 27, 2024 4:39:57 PM org.netbeans.modules.parsing.impl.indexing.RepositoryUpdater$Work reportIndexingStart
INFO: Indexing started, time from last indexing 0 ms.
May 27, 2024 4:39:57 PM org.netbeans.modules.java.source.indexing.JavaCustomIndexer index
WARNING: Ignoring root with no ClassPath: /Users/atalati/vscode-extension/main-repo/javavscode/netbeans/java/java.lsp.server/build/test/unit/work/o.n.m.j.l.s.p.S/fd
May 27, 2024 4:39:57 PM org.netbeans.modules.java.source.parsing.JavacParser init
WARNING: ClassPath identity changed for /Users/atalati/vscode-extension/main-repo/javavscode/netbeans/java/java.lsp.server/build/test/unit/work/o.n.m.j.l.s.p.S/fd/Test.java@3567b5b5:418d9a34, class path owner: null original sourcePath: /Users/atalati/vscode-extension/main-repo/javavscode/netbeans/java/java.lsp.server/build/test/unit/work/o.n.m.j.l.s.p.S/fd new sourcePath: /Users/atalati/vscode-extension/main-repo/javavscode/netbeans/java/java.lsp.server/build/test/unit/work/o.n.m.j.l.s.p.S/fd
May 27, 2024 4:39:57 PM org.netbeans.modules.parsing.impl.indexing.RepositoryUpdater$Work reportIndexerStatistics
INFO: Indexing finished, indexing took 20 ms.
May 27, 2024 4:39:57 PM org.netbeans.modules.parsing.impl.indexing.RepositoryUpdater$Work reportIndexingStart
INFO: Indexing started, time from last indexing 1 ms.
May 27, 2024 4:39:57 PM org.netbeans.modules.java.source.indexing.JavaCustomIndexer index
WARNING: Ignoring root with no ClassPath: /Users/atalati/vscode-extension/main-repo/javavscode/netbeans/java/java.lsp.server/build/test/unit/work/o.n.m.j.l.s.p.S/dh
May 27, 2024 4:39:57 PM org.netbeans.modules.parsing.impl.indexing.RepositoryUpdater$Work reportIndexerStatistics
INFO: Indexing finished, indexing took 18 ms.
May 27, 2024 4:39:57 PM org.netbeans.modules.parsing.impl.indexing.RepositoryUpdater$Work reportIndexingStart
INFO: Indexing started, time from last indexing 0 ms.
May 27, 2024 4:39:57 PM org.netbeans.modules.java.source.indexing.JavaCustomIndexer index
WARNING: Ignoring root with no ClassPath: /Users/atalati/vscode-extension/main-repo/javavscode/netbeans/java/java.lsp.server/build/test/unit/work/o.n.m.j.l.s.p.S/fmd
May 27, 2024 4:39:57 PM org.netbeans.modules.java.source.parsing.JavacParser init
WARNING: ClassPath identity changed for /Users/atalati/vscode-extension/main-repo/javavscode/netbeans/java/java.lsp.server/build/test/unit/work/o.n.m.j.l.s.p.S/fmd/Test.java@faea9a04:c9cd04f, class path owner: null original sourcePath: /Users/atalati/vscode-extension/main-repo/javavscode/netbeans/java/java.lsp.server/build/test/unit/work/o.n.m.j.l.s.p.S/fmd new sourcePath: /Users/atalati/vscode-extension/main-repo/javavscode/netbeans/java/java.lsp.server/build/test/unit/work/o.n.m.j.l.s.p.S/fmd
May 27, 2024 4:39:57 PM org.netbeans.modules.parsing.impl.indexing.RepositoryUpdater$Work reportIndexerStatistics
INFO: Indexing finished, indexing took 17 ms.
May 27, 2024 4:39:57 PM org.netbeans.modules.parsing.impl.indexing.RepositoryUpdater$Work reportIndexingStart
INFO: Indexing started, time from last indexing 1 ms.
May 27, 2024 4:39:57 PM org.netbeans.modules.java.source.indexing.JavaCustomIndexer index
WARNING: Ignoring root with no ClassPath: /Users/atalati/vscode-extension/main-repo/javavscode/netbeans/java/java.lsp.server/build/test/unit/work/o.n.m.j.l.s.p.S/caic
May 27, 2024 4:39:57 PM org.netbeans.modules.java.source.parsing.JavacParser init
WARNING: ClassPath identity changed for /Users/atalati/vscode-extension/main-repo/javavscode/netbeans/java/java.lsp.server/build/test/unit/work/o.n.m.j.l.s.p.S/caic/Test.java@5e788e8f:46a60045, class path owner: null original sourcePath: /Users/atalati/vscode-extension/main-repo/javavscode/netbeans/java/java.lsp.server/build/test/unit/work/o.n.m.j.l.s.p.S/caic new sourcePath: /Users/atalati/vscode-extension/main-repo/javavscode/netbeans/java/java.lsp.server/build/test/unit/work/o.n.m.j.l.s.p.S/caic
May 27, 2024 4:39:57 PM org.netbeans.modules.parsing.impl.indexing.RepositoryUpdater$Work reportIndexerStatistics
INFO: Indexing finished, indexing took 18 ms.
May 27, 2024 4:39:57 PM org.netbeans.modules.parsing.impl.indexing.RepositoryUpdater$Work reportIndexingStart
INFO: Indexing started, time from last indexing 0 ms.
May 27, 2024 4:39:57 PM org.netbeans.modules.java.source.indexing.JavaCustomIndexer index
WARNING: Ignoring root with no ClassPath: /Users/atalati/vscode-extension/main-repo/javavscode/netbeans/java/java.lsp.server/build/test/unit/work/o.n.m.j.l.s.p.S/drfdf
May 27, 2024 4:39:57 PM org.netbeans.modules.parsing.impl.indexing.RepositoryUpdater$Work reportIndexerStatistics
INFO: Indexing finished, indexing took 14 ms.
May 27, 2024 4:39:57 PM org.netbeans.modules.parsing.impl.indexing.RepositoryUpdater$Work reportIndexingStart
INFO: Indexing started, time from last indexing 0 ms.
May 27, 2024 4:39:57 PM org.netbeans.modules.java.source.indexing.JavaCustomIndexer index
WARNING: Ignoring root with no ClassPath: /Users/atalati/vscode-extension/main-repo/javavscode/netbeans/java/java.lsp.server/build/test/unit/work/o.n.m.j.l.s.p.S/caif
May 27, 2024 4:39:57 PM org.netbeans.modules.java.source.parsing.JavacParser init
WARNING: ClassPath identity changed for /Users/atalati/vscode-extension/main-repo/javavscode/netbeans/java/java.lsp.server/build/test/unit/work/o.n.m.j.l.s.p.S/caif/Test.java@1d0aa6f0:2f58bd73, class path owner: null original sourcePath: /Users/atalati/vscode-extension/main-repo/javavscode/netbeans/java/java.lsp.server/build/test/unit/work/o.n.m.j.l.s.p.S/caif new sourcePath: /Users/atalati/vscode-extension/main-repo/javavscode/netbeans/java/java.lsp.server/build/test/unit/work/o.n.m.j.l.s.p.S/caif
May 27, 2024 4:39:57 PM org.netbeans.modules.parsing.impl.indexing.RepositoryUpdater$Work reportIndexerStatistics
INFO: Indexing finished, indexing took 17 ms.
May 27, 2024 4:39:57 PM org.netbeans.modules.java.source.parsing.JavacParser init
WARNING: ClassPath identity changed for /Users/atalati/vscode-extension/main-repo/javavscode/netbeans/java/java.lsp.server/build/test/unit/work/o.n.m.j.l.s.p.S/fi/Test.java@1dfe0878:5f46da15, class path owner: /Users/atalati/vscode-extension/main-repo/javavscode/netbeans/java/java.lsp.server/build/test/unit/work/o.n.m.j.l.s.p.S/fi (class org.netbeans.modules.java.lsp.server.protocol.ServerTest$TestProjectFactory$4) original sourcePath: /Users/atalati/vscode-extension/main-repo/javavscode/netbeans/java/java.lsp.server/build/test/unit/work/o.n.m.j.l.s.p.S/fi new sourcePath: /Users/atalati/vscode-extension/main-repo/javavscode/netbeans/java/java.lsp.server/build/test/unit/work/o.n.m.j.l.s.p.S/fi
May 27, 2024 4:39:57 PM org.netbeans.modules.project.ui.OpenProjectList log
INFO: USG_PROJECT_CLOSE
Creating a client for testcase: testExtractSuperclass
May 27, 2024 4:39:57 PM org.netbeans.modules.project.ui.OpenProjectList log
INFO: USG_PROJECT_OPEN
May 27, 2024 4:39:57 PM org.netbeans.modules.java.lsp.server.protocol.Server$LanguageServerImpl lambda$asyncOpenSelectedProjects1$9
INFO: 1 projects opened in 2ms
May 27, 2024 4:39:57 PM org.netbeans.modules.java.source.parsing.JavacParser init
WARNING: ClassPath identity changed for /Users/atalati/vscode-extension/main-repo/javavscode/netbeans/java/java.lsp.server/build/test/unit/work/o.n.m.j.l.s.p.S/pd/b/Base.java@29379b1f:517cb654, class path owner: /Users/atalati/vscode-extension/main-repo/javavscode/netbeans/java/java.lsp.server/build/test/unit/work/o.n.m.j.l.s.p.S/pd (class org.netbeans.modules.java.lsp.server.protocol.ServerTest$TestProjectFactory$4) original sourcePath: /Users/atalati/vscode-extension/main-repo/javavscode/netbeans/java/java.lsp.server/build/test/unit/work/o.n.m.j.l.s.p.S/pd new sourcePath: /Users/atalati/vscode-extension/main-repo/javavscode/netbeans/java/java.lsp.server/build/test/unit/work/o.n.m.j.l.s.p.S/pd
May 27, 2024 4:39:57 PM org.netbeans.modules.java.source.parsing.JavacParser init
WARNING: ClassPath identity changed for /Users/atalati/vscode-extension/main-repo/javavscode/netbeans/java/java.lsp.server/build/test/unit/work/o.n.m.j.l.s.p.S/cags/Test.java@9d40e9e1:474ce2c3, class path owner: null original sourcePath: /Users/atalati/vscode-extension/main-repo/javavscode/netbeans/java/java.lsp.server/build/test/unit/work/o.n.m.j.l.s.p.S/cags new sourcePath: /Users/atalati/vscode-extension/main-repo/javavscode/netbeans/java/java.lsp.server/build/test/unit/work/o.n.m.j.l.s.p.S/cags
May 27, 2024 4:39:57 PM org.netbeans.modules.java.source.parsing.JavacParser init
WARNING: ClassPath identity changed for /Users/atalati/vscode-extension/main-repo/javavscode/netbeans/java/java.lsp.server/build/test/unit/work/o.n.m.j.l.s.p.S/ac/Test.java@7a0aa719:70ff6041, class path owner: /Users/atalati/vscode-extension/main-repo/javavscode/netbeans/java/java.lsp.server/build/test/unit/work/o.n.m.j.l.s.p.S/ac (class org.netbeans.modules.java.lsp.server.protocol.ServerTest$TestProjectFactory$4) original sourcePath: /Users/atalati/vscode-extension/main-repo/javavscode/netbeans/java/java.lsp.server/build/test/unit/work/o.n.m.j.l.s.p.S/ac new sourcePath: /Users/atalati/vscode-extension/main-repo/javavscode/netbeans/java/java.lsp.server/build/test/unit/work/o.n.m.j.l.s.p.S/ac
May 27, 2024 4:39:57 PM org.netbeans.modules.java.source.parsing.JavacParser init
WARNING: ClassPath identity changed for /Users/atalati/vscode-extension/main-repo/javavscode/netbeans/java/java.lsp.server/build/test/unit/work/o.n.m.j.l.s.p.S/cagc/Test.java@4f15c5f1:3cfef554, class path owner: null original sourcePath: /Users/atalati/vscode-extension/main-repo/javavscode/netbeans/java/java.lsp.server/build/test/unit/work/o.n.m.j.l.s.p.S/cagc new sourcePath: /Users/atalati/vscode-extension/main-repo/javavscode/netbeans/java/java.lsp.server/build/test/unit/work/o.n.m.j.l.s.p.S/cagc
May 27, 2024 4:39:58 PM org.netbeans.modules.java.source.parsing.JavacParser init
WARNING: ClassPath identity changed for /Users/atalati/vscode-extension/main-repo/javavscode/netbeans/java/java.lsp.server/build/test/unit/work/o.n.m.j.l.s.p.S/gtsi/Test.java@63f576f8:171aea74, class path owner: null original sourcePath: /Users/atalati/vscode-extension/main-repo/javavscode/netbeans/java/java.lsp.server/build/test/unit/work/o.n.m.j.l.s.p.S/gtsi new sourcePath: /Users/atalati/vscode-extension/main-repo/javavscode/netbeans/java/java.lsp.server/build/test/unit/work/o.n.m.j.l.s.p.S/gtsi
May 27, 2024 4:39:58 PM org.netbeans.modules.java.source.parsing.JavacParser init
WARNING: ClassPath identity changed for /Users/atalati/vscode-extension/main-repo/javavscode/netbeans/java/java.lsp.server/build/test/unit/work/o.n.m.j.l.s.p.S/mo/Test.java@d1364199:31bc1d7c, class path owner: null original sourcePath: /Users/atalati/vscode-extension/main-repo/javavscode/netbeans/java/java.lsp.server/build/test/unit/work/o.n.m.j.l.s.p.S/mo new sourcePath: /Users/atalati/vscode-extension/main-repo/javavscode/netbeans/java/java.lsp.server/build/test/unit/work/o.n.m.j.l.s.p.S/mo
May 27, 2024 4:39:58 PM org.netbeans.modules.java.source.parsing.JavacParser init
WARNING: ClassPath identity changed for /Users/atalati/vscode-extension/main-repo/javavscode/netbeans/java/java.lsp.server/build/test/unit/work/o.n.m.j.l.s.p.S/fmd/Test.java@faea9a04:c9cd04f, class path owner: null original sourcePath: /Users/atalati/vscode-extension/main-repo/javavscode/netbeans/java/java.lsp.server/build/test/unit/work/o.n.m.j.l.s.p.S/fmd new sourcePath: /Users/atalati/vscode-extension/main-repo/javavscode/netbeans/java/java.lsp.server/build/test/unit/work/o.n.m.j.l.s.p.S/fmd
May 27, 2024 4:39:58 PM org.netbeans.modules.java.source.parsing.JavacParser init
WARNING: ClassPath identity changed for /Users/atalati/vscode-extension/main-repo/javavscode/netbeans/java/java.lsp.server/build/test/unit/work/o.n.m.j.l.s.p.S/cawr/Test.java@83950a0e:1e256438, class path owner: null original sourcePath: /Users/atalati/vscode-extension/main-repo/javavscode/netbeans/java/java.lsp.server/build/test/unit/work/o.n.m.j.l.s.p.S/cawr new sourcePath: /Users/atalati/vscode-extension/main-repo/javavscode/netbeans/java/java.lsp.server/build/test/unit/work/o.n.m.j.l.s.p.S/cawr
May 27, 2024 4:39:58 PM org.netbeans.modules.java.source.parsing.JavacParser init
WARNING: ClassPath identity changed for /Users/atalati/vscode-extension/main-repo/javavscode/netbeans/java/java.lsp.server/build/test/unit/work/o.n.m.j.l.s.p.S/fu/Test.java@18b7eb64:458c2054, class path owner: /Users/atalati/vscode-extension/main-repo/javavscode/netbeans/java/java.lsp.server/build/test/unit/work/o.n.m.j.l.s.p.S/fu (class org.netbeans.modules.java.lsp.server.protocol.ServerTest$TestProjectFactory$4) original sourcePath: /Users/atalati/vscode-extension/main-repo/javavscode/netbeans/java/java.lsp.server/build/test/unit/work/o.n.m.j.l.s.p.S/fu new sourcePath: /Users/atalati/vscode-extension/main-repo/javavscode/netbeans/java/java.lsp.server/build/test/unit/work/o.n.m.j.l.s.p.S/fu
May 27, 2024 4:39:58 PM org.netbeans.modules.java.source.parsing.JavacParser init
WARNING: ClassPath identity changed for /Users/atalati/vscode-extension/main-repo/javavscode/netbeans/java/java.lsp.server/build/test/unit/work/o.n.m.j.l.s.p.S/neahf/Other.java@4de540cf:fbaac18, class path owner: null original sourcePath: /Users/atalati/vscode-extension/main-repo/javavscode/netbeans/java/java.lsp.server/build/test/unit/work/o.n.m.j.l.s.p.S/neahf new sourcePath: /Users/atalati/vscode-extension/main-repo/javavscode/netbeans/java/java.lsp.server/build/test/unit/work/o.n.m.j.l.s.p.S/neahf
May 27, 2024 4:39:58 PM org.netbeans.modules.java.source.parsing.JavacParser init
WARNING: ClassPath identity changed for AbstractFileObject@30135ce8[java.base/java/lang/String.java], class path owner: null original sourcePath: jar:file:/Library/Java/JavaVirtualMachines/jdk-17.0.8.jdk/Contents/Home/lib/src.zip!/java.base/java/lang/ new sourcePath: jar:file:/Library/Java/JavaVirtualMachines/jdk-17.0.8.jdk/Contents/Home/lib/src.zip!/java.base/java/lang/
May 27, 2024 4:39:58 PM org.netbeans.modules.java.source.parsing.JavacParser init
WARNING: ClassPath identity changed for /Users/atalati/vscode-extension/main-repo/javavscode/netbeans/java/java.lsp.server/build/test/unit/work/o.n.m.j.l.s.p.S/dopl/Test2.java@f129f6b0:5cef8a46, class path owner: null original sourcePath: /Users/atalati/vscode-extension/main-repo/javavscode/netbeans/java/java.lsp.server/build/test/unit/work/o.n.m.j.l.s.p.S/dopl new sourcePath: /Users/atalati/vscode-extension/main-repo/javavscode/netbeans/java/java.lsp.server/build/test/unit/work/o.n.m.j.l.s.p.S/dopl
May 27, 2024 4:39:58 PM org.netbeans.modules.java.source.parsing.JavacParser init
WARNING: ClassPath identity changed for /Users/atalati/vscode-extension/main-repo/javavscode/netbeans/java/java.lsp.server/build/test/unit/work/o.n.m.j.l.s.p.S/dopl/Test3.java@f2fd2e51:bd3dc98, class path owner: null original sourcePath: /Users/atalati/vscode-extension/main-repo/javavscode/netbeans/java/java.lsp.server/build/test/unit/work/o.n.m.j.l.s.p.S/dopl new sourcePath: /Users/atalati/vscode-extension/main-repo/javavscode/netbeans/java/java.lsp.server/build/test/unit/work/o.n.m.j.l.s.p.S/dopl
May 27, 2024 4:39:58 PM org.netbeans.modules.java.source.parsing.JavacParser init
WARNING: ClassPath identity changed for /Users/atalati/vscode-extension/main-repo/javavscode/netbeans/java/java.lsp.server/build/test/unit/work/o.n.m.j.l.s.p.S/dopl/Test.java@bd4a9bbc:d189352, class path owner: null original sourcePath: /Users/atalati/vscode-extension/main-repo/javavscode/netbeans/java/java.lsp.server/build/test/unit/work/o.n.m.j.l.s.p.S/dopl new sourcePath: /Users/atalati/vscode-extension/main-repo/javavscode/netbeans/java/java.lsp.server/build/test/unit/work/o.n.m.j.l.s.p.S/dopl
May 27, 2024 4:39:58 PM org.netbeans.modules.java.source.parsing.JavacParser init
WARNING: ClassPath identity changed for /Users/atalati/vscode-extension/main-repo/javavscode/netbeans/java/java.lsp.server/build/test/unit/work/o.n.m.j.l.s.p.S/gti/Test.java@7dc8ce5:5778d874, class path owner: /Users/atalati/vscode-extension/main-repo/javavscode/netbeans/java/java.lsp.server/build/test/unit/work/o.n.m.j.l.s.p.S/gti (class org.netbeans.modules.java.lsp.server.protocol.ServerTest$TestProjectFactory$4) original sourcePath: /Users/atalati/vscode-extension/main-repo/javavscode/netbeans/java/java.lsp.server/build/test/unit/work/o.n.m.j.l.s.p.S/gti new sourcePath: /Users/atalati/vscode-extension/main-repo/javavscode/netbeans/java/java.lsp.server/build/test/unit/work/o.n.m.j.l.s.p.S/gti
May 27, 2024 4:39:58 PM org.netbeans.modules.java.source.parsing.JavacParser init
WARNING: ClassPath identity changed for /Users/atalati/vscode-extension/main-repo/javavscode/netbeans/java/java.lsp.server/build/test/unit/work/o.n.m.j.l.s.p.S/sal/Test.java@6263ac27:69d77bd9, class path owner: null original sourcePath: /Users/atalati/vscode-extension/main-repo/javavscode/netbeans/java/java.lsp.server/build/test/unit/work/o.n.m.j.l.s.p.S/sal new sourcePath: /Users/atalati/vscode-extension/main-repo/javavscode/netbeans/java/java.lsp.server/build/test/unit/work/o.n.m.j.l.s.p.S/sal
May 27, 2024 4:39:58 PM org.netbeans.modules.java.source.parsing.JavacParser init
WARNING: ClassPath identity changed for /Users/atalati/vscode-extension/main-repo/javavscode/netbeans/java/java.lsp.server/build/test/unit/work/o.n.m.j.l.s.p.S/rdccro/Test.java@c90373e4:73492c39, class path owner: /Users/atalati/vscode-extension/main-repo/javavscode/netbeans/java/java.lsp.server/build/test/unit/work/o.n.m.j.l.s.p.S/rdccro (class org.netbeans.modules.java.lsp.server.protocol.ServerTest$TestProjectFactory$4) original sourcePath: /Users/atalati/vscode-extension/main-repo/javavscode/netbeans/java/java.lsp.server/build/test/unit/work/o.n.m.j.l.s.p.S/rdccro new sourcePath: /Users/atalati/vscode-extension/main-repo/javavscode/netbeans/java/java.lsp.server/build/test/unit/work/o.n.m.j.l.s.p.S/rdccro
May 27, 2024 4:39:58 PM org.netbeans.modules.java.source.parsing.JavacParser init
WARNING: ClassPath identity changed for /Users/atalati/vscode-extension/main-repo/javavscode/netbeans/java/java.lsp.server/build/test/unit/work/o.n.m.j.l.s.p.S/rdccro/Test2.java@5cbe0648:1731dbb4, class path owner: /Users/atalati/vscode-extension/main-repo/javavscode/netbeans/java/java.lsp.server/build/test/unit/work/o.n.m.j.l.s.p.S/rdccro (class org.netbeans.modules.java.lsp.server.protocol.ServerTest$TestProjectFactory$4) original sourcePath: /Users/atalati/vscode-extension/main-repo/javavscode/netbeans/java/java.lsp.server/build/test/unit/work/o.n.m.j.l.s.p.S/rdccro new sourcePath: /Users/atalati/vscode-extension/main-repo/javavscode/netbeans/java/java.lsp.server/build/test/unit/work/o.n.m.j.l.s.p.S/rdccro
May 27, 2024 4:39:58 PM org.netbeans.modules.java.source.parsing.JavacParser init
WARNING: ClassPath identity changed for /Users/atalati/vscode-extension/main-repo/javavscode/netbeans/java/java.lsp.server/build/test/unit/work/o.n.m.j.l.s.p.S/sadm/Test.java@26af602c:662d9086, class path owner: null original sourcePath: /Users/atalati/vscode-extension/main-repo/javavscode/netbeans/java/java.lsp.server/build/test/unit/work/o.n.m.j.l.s.p.S/sadm new sourcePath: /Users/atalati/vscode-extension/main-repo/javavscode/netbeans/java/java.lsp.server/build/test/unit/work/o.n.m.j.l.s.p.S/sadm
May 27, 2024 4:39:58 PM org.netbeans.modules.java.source.parsing.JavacParser init
WARNING: ClassPath identity changed for /Users/atalati/vscode-extension/main-repo/javavscode/netbeans/java/java.lsp.server/build/test/unit/work/o.n.m.j.l.s.p.S/saehc/Test.java@20b3203b:6a0e3571, class path owner: null original sourcePath: /Users/atalati/vscode-extension/main-repo/javavscode/netbeans/java/java.lsp.server/build/test/unit/work/o.n.m.j.l.s.p.S/saehc new sourcePath: /Users/atalati/vscode-extension/main-repo/javavscode/netbeans/java/java.lsp.server/build/test/unit/work/o.n.m.j.l.s.p.S/saehc
May 27, 2024 4:39:58 PM org.netbeans.modules.java.source.parsing.JavacParser init
WARNING: ClassPath identity changed for /Users/atalati/vscode-extension/main-repo/javavscode/netbeans/java/java.lsp.server/build/test/unit/work/o.n.m.j.l.s.p.S/ei/a/Test.java@ae2790cd:6a6a251e, class path owner: /Users/atalati/vscode-extension/main-repo/javavscode/netbeans/java/java.lsp.server/build/test/unit/work/o.n.m.j.l.s.p.S/ei (class org.netbeans.modules.java.lsp.server.protocol.ServerTest$TestProjectFactory$4) original sourcePath: /Users/atalati/vscode-extension/main-repo/javavscode/netbeans/java/java.lsp.server/build/test/unit/work/o.n.m.j.l.s.p.S/ei new sourcePath: /Users/atalati/vscode-extension/main-repo/javavscode/netbeans/java/java.lsp.server/build/test/unit/work/o.n.m.j.l.s.p.S/ei
May 27, 2024 4:39:58 PM org.netbeans.modules.java.source.parsing.JavacParser init
WARNING: ClassPath identity changed for /Users/atalati/vscode-extension/main-repo/javavscode/netbeans/java/java.lsp.server/build/test/unit/work/o.n.m.j.l.s.p.S/sh-2/Test.java@b461fcf1:3e6ca0a9, class path owner: null original sourcePath: /Users/atalati/vscode-extension/main-repo/javavscode/netbeans/java/java.lsp.server/build/test/unit/work/o.n.m.j.l.s.p.S/sh-2 new sourcePath: /Users/atalati/vscode-extension/main-repo/javavscode/netbeans/java/java.lsp.server/build/test/unit/work/o.n.m.j.l.s.p.S/sh-2
May 27, 2024 4:39:58 PM org.netbeans.modules.java.source.parsing.JavacParser init
WARNING: ClassPath identity changed for /Users/atalati/vscode-extension/main-repo/javavscode/netbeans/java/java.lsp.server/build/test/unit/work/o.n.m.j.l.s.p.S/caiaamic/Test.java@2f880073:3a94243d, class path owner: null original sourcePath: /Users/atalati/vscode-extension/main-repo/javavscode/netbeans/java/java.lsp.server/build/test/unit/work/o.n.m.j.l.s.p.S/caiaamic new sourcePath: /Users/atalati/vscode-extension/main-repo/javavscode/netbeans/java/java.lsp.server/build/test/unit/work/o.n.m.j.l.s.p.S/caiaamic
May 27, 2024 4:39:58 PM org.netbeans.modules.java.source.parsing.JavacParser init
WARNING: ClassPath identity changed for /Users/atalati/vscode-extension/main-repo/javavscode/netbeans/java/java.lsp.server/build/test/unit/work/o.n.m.j.l.s.p.S/caiaamiac/Test.java@5be81650:1700fcb8, class path owner: null original sourcePath: /Users/atalati/vscode-extension/main-repo/javavscode/netbeans/java/java.lsp.server/build/test/unit/work/o.n.m.j.l.s.p.S/caiaamiac new sourcePath: /Users/atalati/vscode-extension/main-repo/javavscode/netbeans/java/java.lsp.server/build/test/unit/work/o.n.m.j.l.s.p.S/caiaamiac
May 27, 2024 4:39:58 PM org.netbeans.modules.java.source.parsing.JavacParser init
WARNING: ClassPath identity changed for /Users/atalati/vscode-extension/main-repo/javavscode/netbeans/java/java.lsp.server/build/test/unit/work/o.n.m.j.l.s.p.S/snuf/Test.java@b3e2f7c3:12294bf0, class path owner: null original sourcePath: /Users/atalati/vscode-extension/main-repo/javavscode/netbeans/java/java.lsp.server/build/test/unit/work/o.n.m.j.l.s.p.S/snuf new sourcePath: /Users/atalati/vscode-extension/main-repo/javavscode/netbeans/java/java.lsp.server/build/test/unit/work/o.n.m.j.l.s.p.S/snuf
May 27, 2024 4:39:58 PM org.netbeans.modules.java.source.parsing.JavacParser init
WARNING: ClassPath identity changed for /Users/atalati/vscode-extension/main-repo/javavscode/netbeans/java/java.lsp.server/build/test/unit/work/o.n.m.j.l.s.p.S/saoi/Test.java@27dfd05f:3554d487, class path owner: null original sourcePath: /Users/atalati/vscode-extension/main-repo/javavscode/netbeans/java/java.lsp.server/build/test/unit/work/o.n.m.j.l.s.p.S/saoi new sourcePath: /Users/atalati/vscode-extension/main-repo/javavscode/netbeans/java/java.lsp.server/build/test/unit/work/o.n.m.j.l.s.p.S/saoi
May 27, 2024 4:39:58 PM org.netbeans.modules.parsing.impl.indexing.RepositoryUpdater$Work reportIndexingStart
INFO: Indexing started, time from last indexing 1,045 ms.
May 27, 2024 4:39:58 PM org.netbeans.modules.java.source.parsing.JavacParser init
WARNING: ClassPath identity changed for /Users/atalati/vscode-extension/main-repo/javavscode/netbeans/java/java.lsp.server/build/test/unit/work/o.n.m.j.l.s.p.S/fd/Test.java@3567b5b5:418d9a34, class path owner: null original sourcePath: /Users/atalati/vscode-extension/main-repo/javavscode/netbeans/java/java.lsp.server/build/test/unit/work/o.n.m.j.l.s.p.S/fd new sourcePath: /Users/atalati/vscode-extension/main-repo/javavscode/netbeans/java/java.lsp.server/build/test/unit/work/o.n.m.j.l.s.p.S/fd
May 27, 2024 4:39:58 PM org.netbeans.modules.parsing.impl.indexing.RepositoryUpdater$RootsWork getDone
INFO: Resolving dependencies took: 26 ms
May 27, 2024 4:39:58 PM org.netbeans.modules.parsing.impl.indexing.RepositoryUpdater$AbstractRootsWork scanBinaries
INFO: Complete indexing of 0 binary roots took: 0 ms
May 27, 2024 4:39:58 PM org.netbeans.modules.java.source.parsing.JavacParser init
WARNING: ClassPath identity changed for /Users/atalati/vscode-extension/main-repo/javavscode/netbeans/java/java.lsp.server/build/test/unit/work/o.n.m.j.l.s.p.S/cagvfop/Test.java@2e66cfa3:631b0f6b, class path owner: null original sourcePath: /Users/atalati/vscode-extension/main-repo/javavscode/netbeans/java/java.lsp.server/build/test/unit/work/o.n.m.j.l.s.p.S/cagvfop new sourcePath: /Users/atalati/vscode-extension/main-repo/javavscode/netbeans/java/java.lsp.server/build/test/unit/work/o.n.m.j.l.s.p.S/cagvfop
May 27, 2024 4:39:58 PM org.netbeans.modules.java.source.parsing.JavacParser init
WARNING: ClassPath identity changed for /Users/atalati/vscode-extension/main-repo/javavscode/netbeans/java/java.lsp.server/build/test/unit/work/o.n.m.j.l.s.p.S/sw/Test.java@a666dfdb:3a882d20, class path owner: null original sourcePath: /Users/atalati/vscode-extension/main-repo/javavscode/netbeans/java/java.lsp.server/build/test/unit/work/o.n.m.j.l.s.p.S/sw new sourcePath: /Users/atalati/vscode-extension/main-repo/javavscode/netbeans/java/java.lsp.server/build/test/unit/work/o.n.m.j.l.s.p.S/sw
May 27, 2024 4:39:58 PM org.netbeans.modules.java.source.parsing.JavacParser init
WARNING: ClassPath identity changed for /Users/atalati/vscode-extension/main-repo/javavscode/netbeans/java/java.lsp.server/build/test/unit/work/o.n.m.j.l.s.p.S/caic/Test.java@5e788e8f:46a60045, class path owner: null original sourcePath: /Users/atalati/vscode-extension/main-repo/javavscode/netbeans/java/java.lsp.server/build/test/unit/work/o.n.m.j.l.s.p.S/caic new sourcePath: /Users/atalati/vscode-extension/main-repo/javavscode/netbeans/java/java.lsp.server/build/test/unit/work/o.n.m.j.l.s.p.S/caic
May 27, 2024 4:39:58 PM org.netbeans.modules.java.source.parsing.JavacParser init
WARNING: ClassPath identity changed for /Users/atalati/vscode-extension/main-repo/javavscode/netbeans/java/java.lsp.server/build/test/unit/work/o.n.m.j.l.s.p.S/gttd/Test.java@83331e92:6293b90e, class path owner: /Users/atalati/vscode-extension/main-repo/javavscode/netbeans/java/java.lsp.server/build/test/unit/work/o.n.m.j.l.s.p.S/gttd (class org.netbeans.modules.java.lsp.server.protocol.ServerTest$TestProjectFactory$4) original sourcePath: /Users/atalati/vscode-extension/main-repo/javavscode/netbeans/java/java.lsp.server/build/test/unit/work/o.n.m.j.l.s.p.S/gttd new sourcePath: /Users/atalati/vscode-extension/main-repo/javavscode/netbeans/java/java.lsp.server/build/test/unit/work/o.n.m.j.l.s.p.S/gttd
May 27, 2024 4:39:58 PM org.netbeans.modules.java.source.parsing.JavacParser init
WARNING: ClassPath identity changed for /Users/atalati/vscode-extension/main-repo/javavscode/netbeans/java/java.lsp.server/build/test/unit/work/o.n.m.j.l.s.p.S/cmp/a/Test.java@78880161:1cd61388, class path owner: /Users/atalati/vscode-extension/main-repo/javavscode/netbeans/java/java.lsp.server/build/test/unit/work/o.n.m.j.l.s.p.S/cmp (class org.netbeans.modules.java.lsp.server.protocol.ServerTest$TestProjectFactory$4) original sourcePath: /Users/atalati/vscode-extension/main-repo/javavscode/netbeans/java/java.lsp.server/build/test/unit/work/o.n.m.j.l.s.p.S/cmp new sourcePath: /Users/atalati/vscode-extension/main-repo/javavscode/netbeans/java/java.lsp.server/build/test/unit/work/o.n.m.j.l.s.p.S/cmp
May 27, 2024 4:39:58 PM org.netbeans.modules.java.source.parsing.JavacParser init
WARNING: ClassPath identity changed for /Users/atalati/vscode-extension/main-repo/javavscode/netbeans/java/java.lsp.server/build/test/unit/work/o.n.m.j.l.s.p.S/sats/Test.java@1f26e9a2:3430d24, class path owner: null original sourcePath: /Users/atalati/vscode-extension/main-repo/javavscode/netbeans/java/java.lsp.server/build/test/unit/work/o.n.m.j.l.s.p.S/sats new sourcePath: /Users/atalati/vscode-extension/main-repo/javavscode/netbeans/java/java.lsp.server/build/test/unit/work/o.n.m.j.l.s.p.S/sats
May 27, 2024 4:39:58 PM org.netbeans.modules.java.source.parsing.JavacParser init
WARNING: ClassPath identity changed for /Users/atalati/vscode-extension/main-repo/javavscode/netbeans/java/java.lsp.server/build/test/unit/work/o.n.m.j.l.s.p.S/m/Test.java@96357854:2cb18a69, class path owner: null original sourcePath: /Users/atalati/vscode-extension/main-repo/javavscode/netbeans/java/java.lsp.server/build/test/unit/work/o.n.m.j.l.s.p.S/m new sourcePath: /Users/atalati/vscode-extension/main-repo/javavscode/netbeans/java/java.lsp.server/build/test/unit/work/o.n.m.j.l.s.p.S/m
May 27, 2024 4:39:58 PM org.netbeans.modules.java.source.parsing.JavacParser init
WARNING: ClassPath identity changed for /Users/atalati/vscode-extension/main-repo/javavscode/netbeans/java/java.lsp.server/build/test/unit/work/o.n.m.j.l.s.p.S/caif/Test.java@1d0aa6f0:2f58bd73, class path owner: null original sourcePath: /Users/atalati/vscode-extension/main-repo/javavscode/netbeans/java/java.lsp.server/build/test/unit/work/o.n.m.j.l.s.p.S/caif new sourcePath: /Users/atalati/vscode-extension/main-repo/javavscode/netbeans/java/java.lsp.server/build/test/unit/work/o.n.m.j.l.s.p.S/caif
May 27, 2024 4:39:58 PM org.netbeans.modules.java.source.parsing.JavacParser init
WARNING: ClassPath identity changed for /Users/atalati/vscode-extension/main-repo/javavscode/netbeans/java/java.lsp.server/build/test/unit/work/o.n.m.j.l.s.p.S/caiaamie/Test.java@5976eef5:76990e1e, class path owner: null original sourcePath: /Users/atalati/vscode-extension/main-repo/javavscode/netbeans/java/java.lsp.server/build/test/unit/work/o.n.m.j.l.s.p.S/caiaamie new sourcePath: /Users/atalati/vscode-extension/main-repo/javavscode/netbeans/java/java.lsp.server/build/test/unit/work/o.n.m.j.l.s.p.S/caiaamie
May 27, 2024 4:39:58 PM org.netbeans.modules.java.source.parsing.JavacParser init
WARNING: ClassPath identity changed for /Users/atalati/vscode-extension/main-repo/javavscode/netbeans/java/java.lsp.server/build/test/unit/work/o.n.m.j.l.s.p.S/fi/Test.java@1dfe0878:5f46da15, class path owner: /Users/atalati/vscode-extension/main-repo/javavscode/netbeans/java/java.lsp.server/build/test/unit/work/o.n.m.j.l.s.p.S/fi (class org.netbeans.modules.java.lsp.server.protocol.ServerTest$TestProjectFactory$4) original sourcePath: /Users/atalati/vscode-extension/main-repo/javavscode/netbeans/java/java.lsp.server/build/test/unit/work/o.n.m.j.l.s.p.S/fi new sourcePath: /Users/atalati/vscode-extension/main-repo/javavscode/netbeans/java/java.lsp.server/build/test/unit/work/o.n.m.j.l.s.p.S/fi
May 27, 2024 4:39:58 PM org.netbeans.modules.parsing.impl.indexing.RepositoryUpdater$AbstractRootsWork scanSources
INFO: Indexing of: /Users/atalati/vscode-extension/main-repo/javavscode/netbeans/java/java.lsp.server/build/test/unit/work/o.n.m.j.l.s.p.S/es took: 317 ms (New or modified files: 2, Deleted files: 0) [Adding listeners took: 0 ms]
May 27, 2024 4:39:58 PM org.netbeans.modules.parsing.impl.indexing.RepositoryUpdater$AbstractRootsWork scanSources
INFO: Complete indexing of 1 source roots took: 317 ms (New or modified files: 2, Deleted files: 0) [Adding listeners took: 0 ms]
May 27, 2024 4:39:58 PM org.netbeans.modules.parsing.impl.indexing.RepositoryUpdater$Work reportIndexerStatistics
INFO: Indexing finished, indexing took 352 ms.
May 27, 2024 4:39:58 PM org.netbeans.modules.java.source.parsing.JavacParser init
WARNING: ClassPath identity changed for /Users/atalati/vscode-extension/main-repo/javavscode/netbeans/java/java.lsp.server/build/test/unit/work/o.n.m.j.l.s.p.S/gtsi/Test.java@63f576f8:171aea74, class path owner: null original sourcePath: /Users/atalati/vscode-extension/main-repo/javavscode/netbeans/java/java.lsp.server/build/test/unit/work/o.n.m.j.l.s.p.S/gtsi new sourcePath: /Users/atalati/vscode-extension/main-repo/javavscode/netbeans/java/java.lsp.server/build/test/unit/work/o.n.m.j.l.s.p.S/gtsi
May 27, 2024 4:39:58 PM org.netbeans.modules.java.source.parsing.JavacParser init
WARNING: ClassPath identity changed for /Users/atalati/vscode-extension/main-repo/javavscode/netbeans/java/java.lsp.server/build/test/unit/work/o.n.m.j.l.s.p.S/es/a/Test.java@ff4153f7:1210aea, class path owner: /Users/atalati/vscode-extension/main-repo/javavscode/netbeans/java/java.lsp.server/build/test/unit/work/o.n.m.j.l.s.p.S/es (class org.netbeans.modules.java.lsp.server.protocol.ServerTest$TestProjectFactory$4) original sourcePath: /Users/atalati/vscode-extension/main-repo/javavscode/netbeans/java/java.lsp.server/build/test/unit/work/o.n.m.j.l.s.p.S/es new sourcePath: /Users/atalati/vscode-extension/main-repo/javavscode/netbeans/java/java.lsp.server/build/test/unit/work/o.n.m.j.l.s.p.S/es
May 27, 2024 4:39:58 PM org.netbeans.modules.java.source.parsing.JavacParser init
WARNING: ClassPath identity changed for /Users/atalati/vscode-extension/main-repo/javavscode/netbeans/java/java.lsp.server/build/test/unit/work/o.n.m.j.l.s.p.S/mo/Test.java@d1364199:31bc1d7c, class path owner: null original sourcePath: /Users/atalati/vscode-extension/main-repo/javavscode/netbeans/java/java.lsp.server/build/test/unit/work/o.n.m.j.l.s.p.S/mo new sourcePath: /Users/atalati/vscode-extension/main-repo/javavscode/netbeans/java/java.lsp.server/build/test/unit/work/o.n.m.j.l.s.p.S/mo
May 27, 2024 4:39:58 PM org.netbeans.modules.java.source.parsing.JavacParser init
WARNING: ClassPath identity changed for /Users/atalati/vscode-extension/main-repo/javavscode/netbeans/java/java.lsp.server/build/test/unit/work/o.n.m.j.l.s.p.S/h/Test.java@ada2e591:6fb7cd5a, class path owner: null original sourcePath: /Users/atalati/vscode-extension/main-repo/javavscode/netbeans/java/java.lsp.server/build/test/unit/work/o.n.m.j.l.s.p.S/h new sourcePath: /Users/atalati/vscode-extension/main-repo/javavscode/netbeans/java/java.lsp.server/build/test/unit/work/o.n.m.j.l.s.p.S/h
May 27, 2024 4:39:58 PM org.netbeans.modules.java.source.parsing.JavacParser init
WARNING: ClassPath identity changed for /Users/atalati/vscode-extension/main-repo/javavscode/netbeans/java/java.lsp.server/build/test/unit/work/o.n.m.j.l.s.p.S/fmd/Test.java@faea9a04:c9cd04f, class path owner: null original sourcePath: /Users/atalati/vscode-extension/main-repo/javavscode/netbeans/java/java.lsp.server/build/test/unit/work/o.n.m.j.l.s.p.S/fmd new sourcePath: /Users/atalati/vscode-extension/main-repo/javavscode/netbeans/java/java.lsp.server/build/test/unit/work/o.n.m.j.l.s.p.S/fmd
May 27, 2024 4:39:58 PM org.netbeans.modules.java.source.parsing.JavacParser init
WARNING: ClassPath identity changed for /Users/atalati/vscode-extension/main-repo/javavscode/netbeans/java/java.lsp.server/build/test/unit/work/o.n.m.j.l.s.p.S/cawr/Test.java@83950a0e:1e256438, class path owner: null original sourcePath: /Users/atalati/vscode-extension/main-repo/javavscode/netbeans/java/java.lsp.server/build/test/unit/work/o.n.m.j.l.s.p.S/cawr new sourcePath: /Users/atalati/vscode-extension/main-repo/javavscode/netbeans/java/java.lsp.server/build/test/unit/work/o.n.m.j.l.s.p.S/cawr
May 27, 2024 4:39:58 PM org.netbeans.modules.java.source.parsing.JavacParser init
WARNING: ClassPath identity changed for /Users/atalati/vscode-extension/main-repo/javavscode/netbeans/java/java.lsp.server/build/test/unit/work/o.n.m.j.l.s.p.S/fu/Test.java@18b7eb64:458c2054, class path owner: /Users/atalati/vscode-extension/main-repo/javavscode/netbeans/java/java.lsp.server/build/test/unit/work/o.n.m.j.l.s.p.S/fu (class org.netbeans.modules.java.lsp.server.protocol.ServerTest$TestProjectFactory$4) original sourcePath: /Users/atalati/vscode-extension/main-repo/javavscode/netbeans/java/java.lsp.server/build/test/unit/work/o.n.m.j.l.s.p.S/fu new sourcePath: /Users/atalati/vscode-extension/main-repo/javavscode/netbeans/java/java.lsp.server/build/test/unit/work/o.n.m.j.l.s.p.S/fu
May 27, 2024 4:39:58 PM org.netbeans.modules.java.source.parsing.JavacParser init
WARNING: ClassPath identity changed for /Users/atalati/vscode-extension/main-repo/javavscode/netbeans/java/java.lsp.server/build/test/unit/work/o.n.m.j.l.s.p.S/neahf/Other.java@4de540cf:fbaac18, class path owner: null original sourcePath: /Users/atalati/vscode-extension/main-repo/javavscode/netbeans/java/java.lsp.server/build/test/unit/work/o.n.m.j.l.s.p.S/neahf new sourcePath: /Users/atalati/vscode-extension/main-repo/javavscode/netbeans/java/java.lsp.server/build/test/unit/work/o.n.m.j.l.s.p.S/neahf
May 27, 2024 4:39:58 PM org.netbeans.modules.java.source.parsing.JavacParser init
WARNING: ClassPath identity changed for AbstractFileObject@30135ce8[java.base/java/lang/String.java], class path owner: null original sourcePath: jar:file:/Library/Java/JavaVirtualMachines/jdk-17.0.8.jdk/Contents/Home/lib/src.zip!/java.base/java/lang/ new sourcePath: jar:file:/Library/Java/JavaVirtualMachines/jdk-17.0.8.jdk/Contents/Home/lib/src.zip!/java.base/java/lang/
May 27, 2024 4:39:59 PM org.netbeans.modules.java.source.parsing.JavacParser init
WARNING: ClassPath identity changed for /Users/atalati/vscode-extension/main-repo/javavscode/netbeans/java/java.lsp.server/build/test/unit/work/o.n.m.j.l.s.p.S/neahf/Test.java@eb60d2b1:5ae66d0b, class path owner: null original sourcePath: /Users/atalati/vscode-extension/main-repo/javavscode/netbeans/java/java.lsp.server/build/test/unit/work/o.n.m.j.l.s.p.S/neahf new sourcePath: /Users/atalati/vscode-extension/main-repo/javavscode/netbeans/java/java.lsp.server/build/test/unit/work/o.n.m.j.l.s.p.S/neahf
May 27, 2024 4:39:59 PM org.netbeans.modules.java.source.parsing.JavacParser init
WARNING: ClassPath identity changed for /Users/atalati/vscode-extension/main-repo/javavscode/netbeans/java/java.lsp.server/build/test/unit/work/o.n.m.j.l.s.p.S/dopl/Test2.java@f129f6b0:5cef8a46, class path owner: null original sourcePath: /Users/atalati/vscode-extension/main-repo/javavscode/netbeans/java/java.lsp.server/build/test/unit/work/o.n.m.j.l.s.p.S/dopl new sourcePath: /Users/atalati/vscode-extension/main-repo/javavscode/netbeans/java/java.lsp.server/build/test/unit/work/o.n.m.j.l.s.p.S/dopl
May 27, 2024 4:39:59 PM org.netbeans.modules.java.source.parsing.JavacParser init
WARNING: ClassPath identity changed for /Users/atalati/vscode-extension/main-repo/javavscode/netbeans/java/java.lsp.server/build/test/unit/work/o.n.m.j.l.s.p.S/dopl/Test3.java@f2fd2e51:bd3dc98, class path owner: null original sourcePath: /Users/atalati/vscode-extension/main-repo/javavscode/netbeans/java/java.lsp.server/build/test/unit/work/o.n.m.j.l.s.p.S/dopl new sourcePath: /Users/atalati/vscode-extension/main-repo/javavscode/netbeans/java/java.lsp.server/build/test/unit/work/o.n.m.j.l.s.p.S/dopl
May 27, 2024 4:39:59 PM org.netbeans.modules.java.source.parsing.JavacParser init
WARNING: ClassPath identity changed for /Users/atalati/vscode-extension/main-repo/javavscode/netbeans/java/java.lsp.server/build/test/unit/work/o.n.m.j.l.s.p.S/dopl/Test.java@bd4a9bbc:d189352, class path owner: null original sourcePath: /Users/atalati/vscode-extension/main-repo/javavscode/netbeans/java/java.lsp.server/build/test/unit/work/o.n.m.j.l.s.p.S/dopl new sourcePath: /Users/atalati/vscode-extension/main-repo/javavscode/netbeans/java/java.lsp.server/build/test/unit/work/o.n.m.j.l.s.p.S/dopl
May 27, 2024 4:39:59 PM org.netbeans.modules.java.source.parsing.JavacParser init
WARNING: ClassPath identity changed for /Users/atalati/vscode-extension/main-repo/javavscode/netbeans/java/java.lsp.server/build/test/unit/work/o.n.m.j.l.s.p.S/sags/Test.java@bb3c03f1:38e6b70b, class path owner: null original sourcePath: /Users/atalati/vscode-extension/main-repo/javavscode/netbeans/java/java.lsp.server/build/test/unit/work/o.n.m.j.l.s.p.S/sags new sourcePath: /Users/atalati/vscode-extension/main-repo/javavscode/netbeans/java/java.lsp.server/build/test/unit/work/o.n.m.j.l.s.p.S/sags
May 27, 2024 4:39:59 PM org.netbeans.modules.java.source.parsing.JavacParser init
WARNING: ClassPath identity changed for /Users/atalati/vscode-extension/main-repo/javavscode/netbeans/java/java.lsp.server/build/test/unit/work/o.n.m.j.l.s.p.S/gti/Test.java@7dc8ce5:5778d874, class path owner: /Users/atalati/vscode-extension/main-repo/javavscode/netbeans/java/java.lsp.server/build/test/unit/work/o.n.m.j.l.s.p.S/gti (class org.netbeans.modules.java.lsp.server.protocol.ServerTest$TestProjectFactory$4) original sourcePath: /Users/atalati/vscode-extension/main-repo/javavscode/netbeans/java/java.lsp.server/build/test/unit/work/o.n.m.j.l.s.p.S/gti new sourcePath: /Users/atalati/vscode-extension/main-repo/javavscode/netbeans/java/java.lsp.server/build/test/unit/work/o.n.m.j.l.s.p.S/gti
May 27, 2024 4:39:59 PM org.netbeans.modules.java.source.parsing.JavacParser init
WARNING: ClassPath identity changed for /Users/atalati/vscode-extension/main-repo/javavscode/netbeans/java/java.lsp.server/build/test/unit/work/o.n.m.j.l.s.p.S/sal/Test.java@6263ac27:69d77bd9, class path owner: null original sourcePath: /Users/atalati/vscode-extension/main-repo/javavscode/netbeans/java/java.lsp.server/build/test/unit/work/o.n.m.j.l.s.p.S/sal new sourcePath: /Users/atalati/vscode-extension/main-repo/javavscode/netbeans/java/java.lsp.server/build/test/unit/work/o.n.m.j.l.s.p.S/sal
May 27, 2024 4:39:59 PM org.netbeans.modules.java.source.parsing.JavacParser init
WARNING: ClassPath identity changed for /Users/atalati/vscode-extension/main-repo/javavscode/netbeans/java/java.lsp.server/build/test/unit/work/o.n.m.j.l.s.p.S/rdccro/Test.java@c90373e4:73492c39, class path owner: /Users/atalati/vscode-extension/main-repo/javavscode/netbeans/java/java.lsp.server/build/test/unit/work/o.n.m.j.l.s.p.S/rdccro (class org.netbeans.modules.java.lsp.server.protocol.ServerTest$TestProjectFactory$4) original sourcePath: /Users/atalati/vscode-extension/main-repo/javavscode/netbeans/java/java.lsp.server/build/test/unit/work/o.n.m.j.l.s.p.S/rdccro new sourcePath: /Users/atalati/vscode-extension/main-repo/javavscode/netbeans/java/java.lsp.server/build/test/unit/work/o.n.m.j.l.s.p.S/rdccro
May 27, 2024 4:39:59 PM org.netbeans.modules.java.source.parsing.JavacParser init
WARNING: ClassPath identity changed for /Users/atalati/vscode-extension/main-repo/javavscode/netbeans/java/java.lsp.server/build/test/unit/work/o.n.m.j.l.s.p.S/rdccro/Test2.java@5cbe0648:1731dbb4, class path owner: /Users/atalati/vscode-extension/main-repo/javavscode/netbeans/java/java.lsp.server/build/test/unit/work/o.n.m.j.l.s.p.S/rdccro (class org.netbeans.modules.java.lsp.server.protocol.ServerTest$TestProjectFactory$4) original sourcePath: /Users/atalati/vscode-extension/main-repo/javavscode/netbeans/java/java.lsp.server/build/test/unit/work/o.n.m.j.l.s.p.S/rdccro new sourcePath: /Users/atalati/vscode-extension/main-repo/javavscode/netbeans/java/java.lsp.server/build/test/unit/work/o.n.m.j.l.s.p.S/rdccro
May 27, 2024 4:39:59 PM org.netbeans.modules.java.source.parsing.JavacParser init
WARNING: ClassPath identity changed for /Users/atalati/vscode-extension/main-repo/javavscode/netbeans/java/java.lsp.server/build/test/unit/work/o.n.m.j.l.s.p.S/sadm/Test.java@26af602c:662d9086, class path owner: null original sourcePath: /Users/atalati/vscode-extension/main-repo/javavscode/netbeans/java/java.lsp.server/build/test/unit/work/o.n.m.j.l.s.p.S/sadm new sourcePath: /Users/atalati/vscode-extension/main-repo/javavscode/netbeans/java/java.lsp.server/build/test/unit/work/o.n.m.j.l.s.p.S/sadm
May 27, 2024 4:39:59 PM org.netbeans.modules.java.source.parsing.JavacParser init
WARNING: ClassPath identity changed for /Users/atalati/vscode-extension/main-repo/javavscode/netbeans/java/java.lsp.server/build/test/unit/work/o.n.m.j.l.s.p.S/saehc/Test.java@20b3203b:6a0e3571, class path owner: null original sourcePath: /Users/atalati/vscode-extension/main-repo/javavscode/netbeans/java/java.lsp.server/build/test/unit/work/o.n.m.j.l.s.p.S/saehc new sourcePath: /Users/atalati/vscode-extension/main-repo/javavscode/netbeans/java/java.lsp.server/build/test/unit/work/o.n.m.j.l.s.p.S/saehc
May 27, 2024 4:39:59 PM org.netbeans.modules.java.source.parsing.JavacParser init
WARNING: ClassPath identity changed for /Users/atalati/vscode-extension/main-repo/javavscode/netbeans/java/java.lsp.server/build/test/unit/work/o.n.m.j.l.s.p.S/ei/a/Test.java@ae2790cd:6a6a251e, class path owner: /Users/atalati/vscode-extension/main-repo/javavscode/netbeans/java/java.lsp.server/build/test/unit/work/o.n.m.j.l.s.p.S/ei (class org.netbeans.modules.java.lsp.server.protocol.ServerTest$TestProjectFactory$4) original sourcePath: /Users/atalati/vscode-extension/main-repo/javavscode/netbeans/java/java.lsp.server/build/test/unit/work/o.n.m.j.l.s.p.S/ei new sourcePath: /Users/atalati/vscode-extension/main-repo/javavscode/netbeans/java/java.lsp.server/build/test/unit/work/o.n.m.j.l.s.p.S/ei
May 27, 2024 4:39:59 PM org.netbeans.modules.java.source.parsing.JavacParser init
WARNING: ClassPath identity changed for /Users/atalati/vscode-extension/main-repo/javavscode/netbeans/java/java.lsp.server/build/test/unit/work/o.n.m.j.l.s.p.S/sh-2/Test.java@b461fcf1:3e6ca0a9, class path owner: null original sourcePath: /Users/atalati/vscode-extension/main-repo/javavscode/netbeans/java/java.lsp.server/build/test/unit/work/o.n.m.j.l.s.p.S/sh-2 new sourcePath: /Users/atalati/vscode-extension/main-repo/javavscode/netbeans/java/java.lsp.server/build/test/unit/work/o.n.m.j.l.s.p.S/sh-2
May 27, 2024 4:39:59 PM org.netbeans.modules.java.source.parsing.JavacParser init
WARNING: ClassPath identity changed for /Users/atalati/vscode-extension/main-repo/javavscode/netbeans/java/java.lsp.server/build/test/unit/work/o.n.m.j.l.s.p.S/caiaamic/Test.java@2f880073:3a94243d, class path owner: null original sourcePath: /Users/atalati/vscode-extension/main-repo/javavscode/netbeans/java/java.lsp.server/build/test/unit/work/o.n.m.j.l.s.p.S/caiaamic new sourcePath: /Users/atalati/vscode-extension/main-repo/javavscode/netbeans/java/java.lsp.server/build/test/unit/work/o.n.m.j.l.s.p.S/caiaamic
May 27, 2024 4:39:59 PM org.netbeans.modules.java.source.parsing.JavacParser init
WARNING: ClassPath identity changed for /Users/atalati/vscode-extension/main-repo/javavscode/netbeans/java/java.lsp.server/build/test/unit/work/o.n.m.j.l.s.p.S/caiaamiac/Test.java@5be81650:1700fcb8, class path owner: null original sourcePath: /Users/atalati/vscode-extension/main-repo/javavscode/netbeans/java/java.lsp.server/build/test/unit/work/o.n.m.j.l.s.p.S/caiaamiac new sourcePath: /Users/atalati/vscode-extension/main-repo/javavscode/netbeans/java/java.lsp.server/build/test/unit/work/o.n.m.j.l.s.p.S/caiaamiac
May 27, 2024 4:39:59 PM org.netbeans.modules.java.source.parsing.JavacParser init
WARNING: ClassPath identity changed for /Users/atalati/vscode-extension/main-repo/javavscode/netbeans/java/java.lsp.server/build/test/unit/work/o.n.m.j.l.s.p.S/snuf/Test.java@b3e2f7c3:12294bf0, class path owner: null original sourcePath: /Users/atalati/vscode-extension/main-repo/javavscode/netbeans/java/java.lsp.server/build/test/unit/work/o.n.m.j.l.s.p.S/snuf new sourcePath: /Users/atalati/vscode-extension/main-repo/javavscode/netbeans/java/java.lsp.server/build/test/unit/work/o.n.m.j.l.s.p.S/snuf
May 27, 2024 4:39:59 PM org.netbeans.modules.java.source.parsing.JavacParser init
WARNING: ClassPath identity changed for /Users/atalati/vscode-extension/main-repo/javavscode/netbeans/java/java.lsp.server/build/test/unit/work/o.n.m.j.l.s.p.S/saoi/Test.java@27dfd05f:3554d487, class path owner: null original sourcePath: /Users/atalati/vscode-extension/main-repo/javavscode/netbeans/java/java.lsp.server/build/test/unit/work/o.n.m.j.l.s.p.S/saoi new sourcePath: /Users/atalati/vscode-extension/main-repo/javavscode/netbeans/java/java.lsp.server/build/test/unit/work/o.n.m.j.l.s.p.S/saoi
May 27, 2024 4:39:59 PM org.netbeans.modules.java.source.parsing.JavacParser init
WARNING: ClassPath identity changed for /Users/atalati/vscode-extension/main-repo/javavscode/netbeans/java/java.lsp.server/build/test/unit/work/o.n.m.j.l.s.p.S/fd/Test.java@3567b5b5:418d9a34, class path owner: null original sourcePath: /Users/atalati/vscode-extension/main-repo/javavscode/netbeans/java/java.lsp.server/build/test/unit/work/o.n.m.j.l.s.p.S/fd new sourcePath: /Users/atalati/vscode-extension/main-repo/javavscode/netbeans/java/java.lsp.server/build/test/unit/work/o.n.m.j.l.s.p.S/fd
May 27, 2024 4:39:59 PM org.netbeans.modules.java.source.parsing.JavacParser init
WARNING: ClassPath identity changed for /Users/atalati/vscode-extension/main-repo/javavscode/netbeans/java/java.lsp.server/build/test/unit/work/o.n.m.j.l.s.p.S/cagvfop/Test.java@2e66cfa3:631b0f6b, class path owner: null original sourcePath: /Users/atalati/vscode-extension/main-repo/javavscode/netbeans/java/java.lsp.server/build/test/unit/work/o.n.m.j.l.s.p.S/cagvfop new sourcePath: /Users/atalati/vscode-extension/main-repo/javavscode/netbeans/java/java.lsp.server/build/test/unit/work/o.n.m.j.l.s.p.S/cagvfop
May 27, 2024 4:39:59 PM org.netbeans.modules.java.source.parsing.JavacParser init
WARNING: ClassPath identity changed for /Users/atalati/vscode-extension/main-repo/javavscode/netbeans/java/java.lsp.server/build/test/unit/work/o.n.m.j.l.s.p.S/sw/Test.java@a666dfdb:3a882d20, class path owner: null original sourcePath: /Users/atalati/vscode-extension/main-repo/javavscode/netbeans/java/java.lsp.server/build/test/unit/work/o.n.m.j.l.s.p.S/sw new sourcePath: /Users/atalati/vscode-extension/main-repo/javavscode/netbeans/java/java.lsp.server/build/test/unit/work/o.n.m.j.l.s.p.S/sw
May 27, 2024 4:39:59 PM org.netbeans.modules.java.source.parsing.JavacParser init
WARNING: ClassPath identity changed for /Users/atalati/vscode-extension/main-repo/javavscode/netbeans/java/java.lsp.server/build/test/unit/work/o.n.m.j.l.s.p.S/caic/Test.java@5e788e8f:46a60045, class path owner: null original sourcePath: /Users/atalati/vscode-extension/main-repo/javavscode/netbeans/java/java.lsp.server/build/test/unit/work/o.n.m.j.l.s.p.S/caic new sourcePath: /Users/atalati/vscode-extension/main-repo/javavscode/netbeans/java/java.lsp.server/build/test/unit/work/o.n.m.j.l.s.p.S/caic
May 27, 2024 4:39:59 PM org.netbeans.modules.java.source.parsing.JavacParser init
WARNING: ClassPath identity changed for /Users/atalati/vscode-extension/main-repo/javavscode/netbeans/java/java.lsp.server/build/test/unit/work/o.n.m.j.l.s.p.S/gttd/Test.java@83331e92:6293b90e, class path owner: /Users/atalati/vscode-extension/main-repo/javavscode/netbeans/java/java.lsp.server/build/test/unit/work/o.n.m.j.l.s.p.S/gttd (class org.netbeans.modules.java.lsp.server.protocol.ServerTest$TestProjectFactory$4) original sourcePath: /Users/atalati/vscode-extension/main-repo/javavscode/netbeans/java/java.lsp.server/build/test/unit/work/o.n.m.j.l.s.p.S/gttd new sourcePath: /Users/atalati/vscode-extension/main-repo/javavscode/netbeans/java/java.lsp.server/build/test/unit/work/o.n.m.j.l.s.p.S/gttd
May 27, 2024 4:39:59 PM org.netbeans.modules.java.source.parsing.JavacParser init
WARNING: ClassPath identity changed for /Users/atalati/vscode-extension/main-repo/javavscode/netbeans/java/java.lsp.server/build/test/unit/work/o.n.m.j.l.s.p.S/cmp/a/Test.java@78880161:1cd61388, class path owner: /Users/atalati/vscode-extension/main-repo/javavscode/netbeans/java/java.lsp.server/build/test/unit/work/o.n.m.j.l.s.p.S/cmp (class org.netbeans.modules.java.lsp.server.protocol.ServerTest$TestProjectFactory$4) original sourcePath: /Users/atalati/vscode-extension/main-repo/javavscode/netbeans/java/java.lsp.server/build/test/unit/work/o.n.m.j.l.s.p.S/cmp new sourcePath: /Users/atalati/vscode-extension/main-repo/javavscode/netbeans/java/java.lsp.server/build/test/unit/work/o.n.m.j.l.s.p.S/cmp
May 27, 2024 4:39:59 PM org.netbeans.modules.java.source.parsing.JavacParser init
WARNING: ClassPath identity changed for /Users/atalati/vscode-extension/main-repo/javavscode/netbeans/java/java.lsp.server/build/test/unit/work/o.n.m.j.l.s.p.S/sats/Test.java@1f26e9a2:3430d24, class path owner: null original sourcePath: /Users/atalati/vscode-extension/main-repo/javavscode/netbeans/java/java.lsp.server/build/test/unit/work/o.n.m.j.l.s.p.S/sats new sourcePath: /Users/atalati/vscode-extension/main-repo/javavscode/netbeans/java/java.lsp.server/build/test/unit/work/o.n.m.j.l.s.p.S/sats
May 27, 2024 4:39:59 PM org.netbeans.modules.java.source.parsing.JavacParser init
WARNING: ClassPath identity changed for /Users/atalati/vscode-extension/main-repo/javavscode/netbeans/java/java.lsp.server/build/test/unit/work/o.n.m.j.l.s.p.S/m/Test.java@96357854:2cb18a69, class path owner: null original sourcePath: /Users/atalati/vscode-extension/main-repo/javavscode/netbeans/java/java.lsp.server/build/test/unit/work/o.n.m.j.l.s.p.S/m new sourcePath: /Users/atalati/vscode-extension/main-repo/javavscode/netbeans/java/java.lsp.server/build/test/unit/work/o.n.m.j.l.s.p.S/m
May 27, 2024 4:39:59 PM org.netbeans.modules.java.source.parsing.JavacParser init
WARNING: ClassPath identity changed for /Users/atalati/vscode-extension/main-repo/javavscode/netbeans/java/java.lsp.server/build/test/unit/work/o.n.m.j.l.s.p.S/caif/Test.java@1d0aa6f0:2f58bd73, class path owner: null original sourcePath: /Users/atalati/vscode-extension/main-repo/javavscode/netbeans/java/java.lsp.server/build/test/unit/work/o.n.m.j.l.s.p.S/caif new sourcePath: /Users/atalati/vscode-extension/main-repo/javavscode/netbeans/java/java.lsp.server/build/test/unit/work/o.n.m.j.l.s.p.S/caif
May 27, 2024 4:39:59 PM org.netbeans.modules.java.source.parsing.JavacParser init
WARNING: ClassPath identity changed for /Users/atalati/vscode-extension/main-repo/javavscode/netbeans/java/java.lsp.server/build/test/unit/work/o.n.m.j.l.s.p.S/caiaamie/Test.java@5976eef5:76990e1e, class path owner: null original sourcePath: /Users/atalati/vscode-extension/main-repo/javavscode/netbeans/java/java.lsp.server/build/test/unit/work/o.n.m.j.l.s.p.S/caiaamie new sourcePath: /Users/atalati/vscode-extension/main-repo/javavscode/netbeans/java/java.lsp.server/build/test/unit/work/o.n.m.j.l.s.p.S/caiaamie
May 27, 2024 4:39:59 PM org.netbeans.modules.java.source.parsing.JavacParser init
WARNING: ClassPath identity changed for /Users/atalati/vscode-extension/main-repo/javavscode/netbeans/java/java.lsp.server/build/test/unit/work/o.n.m.j.l.s.p.S/pd/b/Base.java@29379b1f:517cb654, class path owner: /Users/atalati/vscode-extension/main-repo/javavscode/netbeans/java/java.lsp.server/build/test/unit/work/o.n.m.j.l.s.p.S/pd (class org.netbeans.modules.java.lsp.server.protocol.ServerTest$TestProjectFactory$4) original sourcePath: /Users/atalati/vscode-extension/main-repo/javavscode/netbeans/java/java.lsp.server/build/test/unit/work/o.n.m.j.l.s.p.S/pd new sourcePath: /Users/atalati/vscode-extension/main-repo/javavscode/netbeans/java/java.lsp.server/build/test/unit/work/o.n.m.j.l.s.p.S/pd
May 27, 2024 4:39:59 PM org.netbeans.modules.java.source.parsing.JavacParser init
WARNING: ClassPath identity changed for /Users/atalati/vscode-extension/main-repo/javavscode/netbeans/java/java.lsp.server/build/test/unit/work/o.n.m.j.l.s.p.S/fi/Test.java@1dfe0878:5f46da15, class path owner: /Users/atalati/vscode-extension/main-repo/javavscode/netbeans/java/java.lsp.server/build/test/unit/work/o.n.m.j.l.s.p.S/fi (class org.netbeans.modules.java.lsp.server.protocol.ServerTest$TestProjectFactory$4) original sourcePath: /Users/atalati/vscode-extension/main-repo/javavscode/netbeans/java/java.lsp.server/build/test/unit/work/o.n.m.j.l.s.p.S/fi new sourcePath: /Users/atalati/vscode-extension/main-repo/javavscode/netbeans/java/java.lsp.server/build/test/unit/work/o.n.m.j.l.s.p.S/fi
May 27, 2024 4:39:59 PM org.netbeans.modules.java.source.parsing.JavacParser init
WARNING: ClassPath identity changed for /Users/atalati/vscode-extension/main-repo/javavscode/netbeans/java/java.lsp.server/build/test/unit/work/o.n.m.j.l.s.p.S/cags/Test.java@9d40e9e1:474ce2c3, class path owner: null original sourcePath: /Users/atalati/vscode-extension/main-repo/javavscode/netbeans/java/java.lsp.server/build/test/unit/work/o.n.m.j.l.s.p.S/cags new sourcePath: /Users/atalati/vscode-extension/main-repo/javavscode/netbeans/java/java.lsp.server/build/test/unit/work/o.n.m.j.l.s.p.S/cags
May 27, 2024 4:39:59 PM org.netbeans.modules.java.source.parsing.JavacParser init
WARNING: ClassPath identity changed for /Users/atalati/vscode-extension/main-repo/javavscode/netbeans/java/java.lsp.server/build/test/unit/work/o.n.m.j.l.s.p.S/ac/Test.java@7a0aa719:70ff6041, class path owner: /Users/atalati/vscode-extension/main-repo/javavscode/netbeans/java/java.lsp.server/build/test/unit/work/o.n.m.j.l.s.p.S/ac (class org.netbeans.modules.java.lsp.server.protocol.ServerTest$TestProjectFactory$4) original sourcePath: /Users/atalati/vscode-extension/main-repo/javavscode/netbeans/java/java.lsp.server/build/test/unit/work/o.n.m.j.l.s.p.S/ac new sourcePath: /Users/atalati/vscode-extension/main-repo/javavscode/netbeans/java/java.lsp.server/build/test/unit/work/o.n.m.j.l.s.p.S/ac
May 27, 2024 4:39:59 PM org.netbeans.modules.java.source.parsing.JavacParser init
WARNING: ClassPath identity changed for /Users/atalati/vscode-extension/main-repo/javavscode/netbeans/java/java.lsp.server/build/test/unit/work/o.n.m.j.l.s.p.S/cagc/Test.java@4f15c5f1:3cfef554, class path owner: null original sourcePath: /Users/atalati/vscode-extension/main-repo/javavscode/netbeans/java/java.lsp.server/build/test/unit/work/o.n.m.j.l.s.p.S/cagc new sourcePath: /Users/atalati/vscode-extension/main-repo/javavscode/netbeans/java/java.lsp.server/build/test/unit/work/o.n.m.j.l.s.p.S/cagc
May 27, 2024 4:39:59 PM org.netbeans.modules.java.JavaTemplateAttributesProvider attributesFor
WARNING: No classpath was found for folder: AbstractFileObject@1f81284a[root of MemoryFileSystem21[org.openide.filesystems.MemoryFileSystem@739d3efc]]
May 27, 2024 4:39:59 PM org.netbeans.modules.java.JavaTemplateAttributesProvider attributesFor
WARNING: No classpath was found for folder: AbstractFileObject@453ea34b[root of MemoryFileSystem22[org.openide.filesystems.MemoryFileSystem@3076fd6a]]
May 27, 2024 4:39:59 PM org.netbeans.modules.java.source.save.CasualDiff checkDiffs
WARNING: Invalid diff: tree (INSERT) pos=268, end=-1
> 
May 27, 2024 4:40:00 PM org.netbeans.modules.project.ui.OpenProjectList log
INFO: USG_PROJECT_CLOSE
Creating a client for testcase: testCodeActionIntroduceMethod
May 27, 2024 4:40:00 PM org.netbeans.modules.java.lsp.server.protocol.Server$LanguageServerImpl lambda$asyncOpenSelectedProjects1$9
INFO: 0 projects opened in 1ms
May 27, 2024 4:40:01 PM org.netbeans.modules.parsing.impl.indexing.RepositoryUpdater$Work reportIndexingStart
INFO: Indexing started, time from last indexing 2,592 ms.
May 27, 2024 4:40:01 PM org.netbeans.modules.parsing.impl.indexing.RepositoryUpdater$RootsWork getDone
INFO: Resolving dependencies took: 1 ms
May 27, 2024 4:40:01 PM org.netbeans.modules.parsing.impl.indexing.RepositoryUpdater$AbstractRootsWork scanBinaries
INFO: Complete indexing of 0 binary roots took: 0 ms
May 27, 2024 4:40:01 PM org.netbeans.modules.parsing.impl.indexing.RepositoryUpdater$AbstractRootsWork scanSources
INFO: Complete indexing of 0 source roots took: 0 ms (New or modified files: 0, Deleted files: 0) [Adding listeners took: 0 ms]
May 27, 2024 4:40:01 PM org.netbeans.modules.parsing.impl.indexing.RepositoryUpdater$Work reportIndexerStatistics
INFO: Indexing finished, indexing took 9 ms.
May 27, 2024 4:40:01 PM org.netbeans.modules.java.source.parsing.JavacParser init
WARNING: ClassPath identity changed for /Users/atalati/vscode-extension/main-repo/javavscode/netbeans/java/java.lsp.server/build/test/unit/work/o.n.m.j.l.s.p.S/pd/b/Base.java@29379b1f:517cb654, class path owner: /Users/atalati/vscode-extension/main-repo/javavscode/netbeans/java/java.lsp.server/build/test/unit/work/o.n.m.j.l.s.p.S/pd (class org.netbeans.modules.java.lsp.server.protocol.ServerTest$TestProjectFactory$4) original sourcePath: /Users/atalati/vscode-extension/main-repo/javavscode/netbeans/java/java.lsp.server/build/test/unit/work/o.n.m.j.l.s.p.S/pd new sourcePath: /Users/atalati/vscode-extension/main-repo/javavscode/netbeans/java/java.lsp.server/build/test/unit/work/o.n.m.j.l.s.p.S/pd
May 27, 2024 4:40:01 PM org.netbeans.modules.java.source.parsing.JavacParser init
WARNING: ClassPath identity changed for /Users/atalati/vscode-extension/main-repo/javavscode/netbeans/java/java.lsp.server/build/test/unit/work/o.n.m.j.l.s.p.S/fi/Test.java@1dfe0878:5f46da15, class path owner: /Users/atalati/vscode-extension/main-repo/javavscode/netbeans/java/java.lsp.server/build/test/unit/work/o.n.m.j.l.s.p.S/fi (class org.netbeans.modules.java.lsp.server.protocol.ServerTest$TestProjectFactory$4) original sourcePath: /Users/atalati/vscode-extension/main-repo/javavscode/netbeans/java/java.lsp.server/build/test/unit/work/o.n.m.j.l.s.p.S/fi new sourcePath: /Users/atalati/vscode-extension/main-repo/javavscode/netbeans/java/java.lsp.server/build/test/unit/work/o.n.m.j.l.s.p.S/fi
May 27, 2024 4:40:01 PM org.netbeans.modules.java.source.parsing.JavacParser init
WARNING: ClassPath identity changed for /Users/atalati/vscode-extension/main-repo/javavscode/netbeans/java/java.lsp.server/build/test/unit/work/o.n.m.j.l.s.p.S/cags/Test.java@9d40e9e1:474ce2c3, class path owner: null original sourcePath: /Users/atalati/vscode-extension/main-repo/javavscode/netbeans/java/java.lsp.server/build/test/unit/work/o.n.m.j.l.s.p.S/cags new sourcePath: /Users/atalati/vscode-extension/main-repo/javavscode/netbeans/java/java.lsp.server/build/test/unit/work/o.n.m.j.l.s.p.S/cags
May 27, 2024 4:40:01 PM org.netbeans.modules.java.source.parsing.JavacParser init
WARNING: ClassPath identity changed for /Users/atalati/vscode-extension/main-repo/javavscode/netbeans/java/java.lsp.server/build/test/unit/work/o.n.m.j.l.s.p.S/ac/Test.java@7a0aa719:70ff6041, class path owner: /Users/atalati/vscode-extension/main-repo/javavscode/netbeans/java/java.lsp.server/build/test/unit/work/o.n.m.j.l.s.p.S/ac (class org.netbeans.modules.java.lsp.server.protocol.ServerTest$TestProjectFactory$4) original sourcePath: /Users/atalati/vscode-extension/main-repo/javavscode/netbeans/java/java.lsp.server/build/test/unit/work/o.n.m.j.l.s.p.S/ac new sourcePath: /Users/atalati/vscode-extension/main-repo/javavscode/netbeans/java/java.lsp.server/build/test/unit/work/o.n.m.j.l.s.p.S/ac
May 27, 2024 4:40:02 PM org.netbeans.modules.java.source.parsing.JavacParser init
WARNING: ClassPath identity changed for /Users/atalati/vscode-extension/main-repo/javavscode/netbeans/java/java.lsp.server/build/test/unit/work/o.n.m.j.l.s.p.S/cawr/Test.java@83950a0e:1e256438, class path owner: null original sourcePath: /Users/atalati/vscode-extension/main-repo/javavscode/netbeans/java/java.lsp.server/build/test/unit/work/o.n.m.j.l.s.p.S/cawr new sourcePath: /Users/atalati/vscode-extension/main-repo/javavscode/netbeans/java/java.lsp.server/build/test/unit/work/o.n.m.j.l.s.p.S/cawr
May 27, 2024 4:40:02 PM org.netbeans.modules.java.source.parsing.JavacParser init
WARNING: ClassPath identity changed for /Users/atalati/vscode-extension/main-repo/javavscode/netbeans/java/java.lsp.server/build/test/unit/work/o.n.m.j.l.s.p.S/caiaamic/Test.java@2f880073:3a94243d, class path owner: null original sourcePath: /Users/atalati/vscode-extension/main-repo/javavscode/netbeans/java/java.lsp.server/build/test/unit/work/o.n.m.j.l.s.p.S/caiaamic new sourcePath: /Users/atalati/vscode-extension/main-repo/javavscode/netbeans/java/java.lsp.server/build/test/unit/work/o.n.m.j.l.s.p.S/caiaamic
May 27, 2024 4:40:02 PM org.netbeans.modules.java.source.parsing.JavacParser init
WARNING: ClassPath identity changed for /Users/atalati/vscode-extension/main-repo/javavscode/netbeans/java/java.lsp.server/build/test/unit/work/o.n.m.j.l.s.p.S/caiaamiac/Test.java@5be81650:1700fcb8, class path owner: null original sourcePath: /Users/atalati/vscode-extension/main-repo/javavscode/netbeans/java/java.lsp.server/build/test/unit/work/o.n.m.j.l.s.p.S/caiaamiac new sourcePath: /Users/atalati/vscode-extension/main-repo/javavscode/netbeans/java/java.lsp.server/build/test/unit/work/o.n.m.j.l.s.p.S/caiaamiac
May 27, 2024 4:40:02 PM org.netbeans.modules.java.source.parsing.JavacParser init
WARNING: ClassPath identity changed for /Users/atalati/vscode-extension/main-repo/javavscode/netbeans/java/java.lsp.server/build/test/unit/work/o.n.m.j.l.s.p.S/es/a/Test.java@ff4153f7:1210aea, class path owner: /Users/atalati/vscode-extension/main-repo/javavscode/netbeans/java/java.lsp.server/build/test/unit/work/o.n.m.j.l.s.p.S/es (class org.netbeans.modules.java.lsp.server.protocol.ServerTest$TestProjectFactory$4) original sourcePath: /Users/atalati/vscode-extension/main-repo/javavscode/netbeans/java/java.lsp.server/build/test/unit/work/o.n.m.j.l.s.p.S/es new sourcePath: /Users/atalati/vscode-extension/main-repo/javavscode/netbeans/java/java.lsp.server/build/test/unit/work/o.n.m.j.l.s.p.S/es
May 27, 2024 4:40:02 PM org.netbeans.modules.java.source.parsing.JavacParser init
WARNING: ClassPath identity changed for /Users/atalati/vscode-extension/main-repo/javavscode/netbeans/java/java.lsp.server/build/test/unit/work/o.n.m.j.l.s.p.S/cagvfop/Test.java@2e66cfa3:631b0f6b, class path owner: null original sourcePath: /Users/atalati/vscode-extension/main-repo/javavscode/netbeans/java/java.lsp.server/build/test/unit/work/o.n.m.j.l.s.p.S/cagvfop new sourcePath: /Users/atalati/vscode-extension/main-repo/javavscode/netbeans/java/java.lsp.server/build/test/unit/work/o.n.m.j.l.s.p.S/cagvfop
May 27, 2024 4:40:02 PM org.netbeans.modules.java.source.parsing.JavacParser init
WARNING: ClassPath identity changed for /Users/atalati/vscode-extension/main-repo/javavscode/netbeans/java/java.lsp.server/build/test/unit/work/o.n.m.j.l.s.p.S/m/Test.java@96357854:2cb18a69, class path owner: null original sourcePath: /Users/atalati/vscode-extension/main-repo/javavscode/netbeans/java/java.lsp.server/build/test/unit/work/o.n.m.j.l.s.p.S/m new sourcePath: /Users/atalati/vscode-extension/main-repo/javavscode/netbeans/java/java.lsp.server/build/test/unit/work/o.n.m.j.l.s.p.S/m
May 27, 2024 4:40:02 PM org.netbeans.modules.java.source.parsing.JavacParser init
WARNING: ClassPath identity changed for /Users/atalati/vscode-extension/main-repo/javavscode/netbeans/java/java.lsp.server/build/test/unit/work/o.n.m.j.l.s.p.S/caiaamie/Test.java@5976eef5:76990e1e, class path owner: null original sourcePath: /Users/atalati/vscode-extension/main-repo/javavscode/netbeans/java/java.lsp.server/build/test/unit/work/o.n.m.j.l.s.p.S/caiaamie new sourcePath: /Users/atalati/vscode-extension/main-repo/javavscode/netbeans/java/java.lsp.server/build/test/unit/work/o.n.m.j.l.s.p.S/caiaamie
Creating a client for testcase: testCodeActionGenerateClass
May 27, 2024 4:40:03 PM org.netbeans.modules.java.lsp.server.protocol.Server$LanguageServerImpl lambda$asyncOpenSelectedProjects1$9
INFO: 0 projects opened in 4ms
Creating a client for testcase: testCodeActionGenerateMethod
May 27, 2024 4:40:03 PM org.netbeans.modules.java.lsp.server.protocol.Server$LanguageServerImpl lambda$asyncOpenSelectedProjects1$9
INFO: 0 projects opened in 0ms
Creating a client for testcase: testAutoImportOnCompletion
May 27, 2024 4:40:04 PM org.netbeans.modules.project.ui.OpenProjectList log
INFO: USG_PROJECT_OPEN
May 27, 2024 4:40:04 PM org.netbeans.modules.java.lsp.server.protocol.Server$LanguageServerImpl lambda$asyncOpenSelectedProjects1$9
INFO: 1 projects opened in 2ms
May 27, 2024 4:40:04 PM org.netbeans.modules.java.source.parsing.JavacParser init
WARNING: ClassPath identity changed for /Users/atalati/vscode-extension/main-repo/javavscode/netbeans/java/java.lsp.server/build/test/unit/work/o.n.m.j.l.s.p.S/cagm/Test.java@1fe4de7b:15f8593d, class path owner: null original sourcePath: /Users/atalati/vscode-extension/main-repo/javavscode/netbeans/java/java.lsp.server/build/test/unit/work/o.n.m.j.l.s.p.S/cagm new sourcePath: /Users/atalati/vscode-extension/main-repo/javavscode/netbeans/java/java.lsp.server/build/test/unit/work/o.n.m.j.l.s.p.S/cagm
May 27, 2024 4:40:04 PM org.netbeans.modules.parsing.impl.indexing.RepositoryUpdater$Work reportIndexingStart
INFO: Indexing started, time from last indexing 3,552 ms.
May 27, 2024 4:40:04 PM org.netbeans.modules.parsing.impl.indexing.RepositoryUpdater$RootsWork getDone
INFO: Resolving dependencies took: 77 ms
May 27, 2024 4:40:05 PM org.netbeans.modules.parsing.impl.indexing.RepositoryUpdater$AbstractRootsWork scanBinaries
INFO: Complete indexing of 70 binary roots took: 45 ms
May 27, 2024 4:40:05 PM org.netbeans.modules.parsing.impl.indexing.RepositoryUpdater$AbstractRootsWork scanSources
INFO: Indexing of: /Users/atalati/vscode-extension/main-repo/javavscode/netbeans/java/java.lsp.server/build/test/unit/work/o.n.m.j.l.s.p.S/aioc took: 54 ms (New or modified files: 2, Deleted files: 0) [Adding listeners took: 0 ms]
May 27, 2024 4:40:05 PM org.netbeans.modules.parsing.impl.indexing.RepositoryUpdater$AbstractRootsWork scanSources
INFO: Complete indexing of 1 source roots took: 54 ms (New or modified files: 2, Deleted files: 0) [Adding listeners took: 0 ms]
May 27, 2024 4:40:05 PM org.netbeans.modules.parsing.impl.indexing.RepositoryUpdater$Work reportIndexerStatistics
INFO: Indexing finished, indexing took 177 ms.
May 27, 2024 4:40:05 PM org.netbeans.modules.java.source.parsing.JavacParser init
WARNING: ClassPath identity changed for /Users/atalati/vscode-extension/main-repo/javavscode/netbeans/java/java.lsp.server/build/test/unit/work/o.n.m.j.l.s.p.S/aioc/Test.java@3ce209b3:247ee6f0, class path owner: /Users/atalati/vscode-extension/main-repo/javavscode/netbeans/java/java.lsp.server/build/test/unit/work/o.n.m.j.l.s.p.S/aioc (class org.netbeans.modules.java.lsp.server.protocol.ServerTest$TestProjectFactory$4) original sourcePath: /Users/atalati/vscode-extension/main-repo/javavscode/netbeans/java/java.lsp.server/build/test/unit/work/o.n.m.j.l.s.p.S/aioc new sourcePath: /Users/atalati/vscode-extension/main-repo/javavscode/netbeans/java/java.lsp.server/build/test/unit/work/o.n.m.j.l.s.p.S/aioc
May 27, 2024 4:40:05 PM org.netbeans.modules.java.source.parsing.JavacParser init
WARNING: ClassPath identity changed for /Users/atalati/vscode-extension/main-repo/javavscode/netbeans/java/java.lsp.server/build/test/unit/work/o.n.m.j.l.s.p.S/aioc/Test.java@3ce209b3:247ee6f0, class path owner: /Users/atalati/vscode-extension/main-repo/javavscode/netbeans/java/java.lsp.server/build/test/unit/work/o.n.m.j.l.s.p.S/aioc (class org.netbeans.modules.java.lsp.server.protocol.ServerTest$TestProjectFactory$4) original sourcePath: /Users/atalati/vscode-extension/main-repo/javavscode/netbeans/java/java.lsp.server/build/test/unit/work/o.n.m.j.l.s.p.S/aioc new sourcePath: /Users/atalati/vscode-extension/main-repo/javavscode/netbeans/java/java.lsp.server/build/test/unit/work/o.n.m.j.l.s.p.S/aioc
May 27, 2024 4:40:05 PM org.netbeans.modules.parsing.impl.indexing.RepositoryUpdater$Work reportIndexingStart
INFO: Indexing started, time from last indexing 402 ms.
May 27, 2024 4:40:05 PM org.netbeans.modules.java.source.parsing.JavacParser init
WARNING: ClassPath identity changed for /Users/atalati/vscode-extension/main-repo/javavscode/netbeans/java/java.lsp.server/build/test/unit/work/o.n.m.j.l.s.p.S/fi/Test.java@1dfe0878:5f46da15, class path owner: /Users/atalati/vscode-extension/main-repo/javavscode/netbeans/java/java.lsp.server/build/test/unit/work/o.n.m.j.l.s.p.S/fi (class org.netbeans.modules.java.lsp.server.protocol.ServerTest$TestProjectFactory$4) original sourcePath: /Users/atalati/vscode-extension/main-repo/javavscode/netbeans/java/java.lsp.server/build/test/unit/work/o.n.m.j.l.s.p.S/fi new sourcePath: /Users/atalati/vscode-extension/main-repo/javavscode/netbeans/java/java.lsp.server/build/test/unit/work/o.n.m.j.l.s.p.S/fi
May 27, 2024 4:40:05 PM org.netbeans.modules.java.source.parsing.JavacParser init
WARNING: ClassPath identity changed for /Users/atalati/vscode-extension/main-repo/javavscode/netbeans/java/java.lsp.server/build/test/unit/work/o.n.m.j.l.s.p.S/h/Test.java@ada2e591:6fb7cd5a, class path owner: null original sourcePath: /Users/atalati/vscode-extension/main-repo/javavscode/netbeans/java/java.lsp.server/build/test/unit/work/o.n.m.j.l.s.p.S/h new sourcePath: /Users/atalati/vscode-extension/main-repo/javavscode/netbeans/java/java.lsp.server/build/test/unit/work/o.n.m.j.l.s.p.S/h
May 27, 2024 4:40:05 PM org.netbeans.modules.java.source.parsing.JavacParser init
WARNING: ClassPath identity changed for /Users/atalati/vscode-extension/main-repo/javavscode/netbeans/java/java.lsp.server/build/test/unit/work/o.n.m.j.l.s.p.S/aioc/Test.java@3ce209b3:247ee6f0, class path owner: /Users/atalati/vscode-extension/main-repo/javavscode/netbeans/java/java.lsp.server/build/test/unit/work/o.n.m.j.l.s.p.S/aioc (class org.netbeans.modules.java.lsp.server.protocol.ServerTest$TestProjectFactory$4) original sourcePath: /Users/atalati/vscode-extension/main-repo/javavscode/netbeans/java/java.lsp.server/build/test/unit/work/o.n.m.j.l.s.p.S/aioc new sourcePath: /Users/atalati/vscode-extension/main-repo/javavscode/netbeans/java/java.lsp.server/build/test/unit/work/o.n.m.j.l.s.p.S/aioc
May 27, 2024 4:40:06 PM org.netbeans.modules.java.source.parsing.JavacParser init
WARNING: ClassPath identity changed for /Users/atalati/vscode-extension/main-repo/javavscode/netbeans/java/java.lsp.server/build/test/unit/work/o.n.m.j.l.s.p.S/rdccro/Test.java@c90373e4:73492c39, class path owner: /Users/atalati/vscode-extension/main-repo/javavscode/netbeans/java/java.lsp.server/build/test/unit/work/o.n.m.j.l.s.p.S/rdccro (class org.netbeans.modules.java.lsp.server.protocol.ServerTest$TestProjectFactory$4) original sourcePath: /Users/atalati/vscode-extension/main-repo/javavscode/netbeans/java/java.lsp.server/build/test/unit/work/o.n.m.j.l.s.p.S/rdccro new sourcePath: /Users/atalati/vscode-extension/main-repo/javavscode/netbeans/java/java.lsp.server/build/test/unit/work/o.n.m.j.l.s.p.S/rdccro
May 27, 2024 4:40:06 PM org.netbeans.modules.java.source.indexing.JavaCustomIndexer index
WARNING: Ignoring root with no ClassPath: /Users/atalati/vscode-extension/main-repo/javavscode/netbeans/java/java.lsp.server/build/test/unit/work/o.n.m.j.l.s.p.S/caim
May 27, 2024 4:40:06 PM org.netbeans.modules.java.source.parsing.JavacParser init
WARNING: ClassPath identity changed for /Users/atalati/vscode-extension/main-repo/javavscode/netbeans/java/java.lsp.server/build/test/unit/work/o.n.m.j.l.s.p.S/cagvfop/Test.java@2e66cfa3:631b0f6b, class path owner: null original sourcePath: /Users/atalati/vscode-extension/main-repo/javavscode/netbeans/java/java.lsp.server/build/test/unit/work/o.n.m.j.l.s.p.S/cagvfop new sourcePath: /Users/atalati/vscode-extension/main-repo/javavscode/netbeans/java/java.lsp.server/build/test/unit/work/o.n.m.j.l.s.p.S/cagvfop
May 27, 2024 4:40:06 PM org.netbeans.modules.java.source.parsing.JavacParser init
WARNING: ClassPath identity changed for /Users/atalati/vscode-extension/main-repo/javavscode/netbeans/java/java.lsp.server/build/test/unit/work/o.n.m.j.l.s.p.S/cagc-1/Test.java@e9376555:14713586, class path owner: null original sourcePath: /Users/atalati/vscode-extension/main-repo/javavscode/netbeans/java/java.lsp.server/build/test/unit/work/o.n.m.j.l.s.p.S/cagc-1 new sourcePath: /Users/atalati/vscode-extension/main-repo/javavscode/netbeans/java/java.lsp.server/build/test/unit/work/o.n.m.j.l.s.p.S/cagc-1
May 27, 2024 4:40:06 PM org.netbeans.modules.java.source.parsing.JavacParser init
WARNING: ClassPath identity changed for /Users/atalati/vscode-extension/main-repo/javavscode/netbeans/java/java.lsp.server/build/test/unit/work/o.n.m.j.l.s.p.S/caic/Test.java@5e788e8f:46a60045, class path owner: null original sourcePath: /Users/atalati/vscode-extension/main-repo/javavscode/netbeans/java/java.lsp.server/build/test/unit/work/o.n.m.j.l.s.p.S/caic new sourcePath: /Users/atalati/vscode-extension/main-repo/javavscode/netbeans/java/java.lsp.server/build/test/unit/work/o.n.m.j.l.s.p.S/caic
May 27, 2024 4:40:06 PM org.netbeans.modules.java.source.parsing.JavacParser init
WARNING: ClassPath identity changed for /Users/atalati/vscode-extension/main-repo/javavscode/netbeans/java/java.lsp.server/build/test/unit/work/o.n.m.j.l.s.p.S/sats/Test.java@1f26e9a2:3430d24, class path owner: null original sourcePath: /Users/atalati/vscode-extension/main-repo/javavscode/netbeans/java/java.lsp.server/build/test/unit/work/o.n.m.j.l.s.p.S/sats new sourcePath: /Users/atalati/vscode-extension/main-repo/javavscode/netbeans/java/java.lsp.server/build/test/unit/work/o.n.m.j.l.s.p.S/sats
May 27, 2024 4:40:06 PM org.netbeans.modules.java.source.parsing.JavacParser init
WARNING: ClassPath identity changed for /Users/atalati/vscode-extension/main-repo/javavscode/netbeans/java/java.lsp.server/build/test/unit/work/o.n.m.j.l.s.p.S/caiaamie/Test.java@5976eef5:76990e1e, class path owner: null original sourcePath: /Users/atalati/vscode-extension/main-repo/javavscode/netbeans/java/java.lsp.server/build/test/unit/work/o.n.m.j.l.s.p.S/caiaamie new sourcePath: /Users/atalati/vscode-extension/main-repo/javavscode/netbeans/java/java.lsp.server/build/test/unit/work/o.n.m.j.l.s.p.S/caiaamie
May 27, 2024 4:40:06 PM org.netbeans.modules.java.source.parsing.JavacParser init
WARNING: ClassPath identity changed for /Users/atalati/vscode-extension/main-repo/javavscode/netbeans/java/java.lsp.server/build/test/unit/work/o.n.m.j.l.s.p.S/caiv/Test.java@6b714ae0:50f20056, class path owner: null original sourcePath: /Users/atalati/vscode-extension/main-repo/javavscode/netbeans/java/java.lsp.server/build/test/unit/work/o.n.m.j.l.s.p.S/caiv new sourcePath: /Users/atalati/vscode-extension/main-repo/javavscode/netbeans/java/java.lsp.server/build/test/unit/work/o.n.m.j.l.s.p.S/caiv
May 27, 2024 4:40:06 PM org.netbeans.modules.project.ui.OpenProjectList log
INFO: USG_PROJECT_CLOSE
Creating a client for testcase: testRenameDocumentChangesCapabilitiesNoRenameOp
May 27, 2024 4:40:06 PM org.netbeans.modules.project.ui.OpenProjectList log
INFO: USG_PROJECT_OPEN
May 27, 2024 4:40:06 PM org.netbeans.modules.java.lsp.server.protocol.Server$LanguageServerImpl lambda$asyncOpenSelectedProjects1$9
INFO: 1 projects opened in 2ms
May 27, 2024 4:40:06 PM org.netbeans.modules.java.source.parsing.JavacParser init
WARNING: ClassPath identity changed for /Users/atalati/vscode-extension/main-repo/javavscode/netbeans/java/java.lsp.server/build/test/unit/work/o.n.m.j.l.s.p.S/caim/Test.java@2f4b8339:47b5d12a, class path owner: null original sourcePath: /Users/atalati/vscode-extension/main-repo/javavscode/netbeans/java/java.lsp.server/build/test/unit/work/o.n.m.j.l.s.p.S/caim new sourcePath: /Users/atalati/vscode-extension/main-repo/javavscode/netbeans/java/java.lsp.server/build/test/unit/work/o.n.m.j.l.s.p.S/caim
May 27, 2024 4:40:06 PM org.netbeans.modules.java.source.parsing.JavacParser init
WARNING: ClassPath identity changed for /Users/atalati/vscode-extension/main-repo/javavscode/netbeans/java/java.lsp.server/build/test/unit/work/o.n.m.j.l.s.p.S/ac/Test.java@7a0aa719:70ff6041, class path owner: /Users/atalati/vscode-extension/main-repo/javavscode/netbeans/java/java.lsp.server/build/test/unit/work/o.n.m.j.l.s.p.S/ac (class org.netbeans.modules.java.lsp.server.protocol.ServerTest$TestProjectFactory$4) original sourcePath: /Users/atalati/vscode-extension/main-repo/javavscode/netbeans/java/java.lsp.server/build/test/unit/work/o.n.m.j.l.s.p.S/ac new sourcePath: /Users/atalati/vscode-extension/main-repo/javavscode/netbeans/java/java.lsp.server/build/test/unit/work/o.n.m.j.l.s.p.S/ac
May 27, 2024 4:40:06 PM org.netbeans.modules.java.source.parsing.JavacParser init
WARNING: ClassPath identity changed for /Users/atalati/vscode-extension/main-repo/javavscode/netbeans/java/java.lsp.server/build/test/unit/work/o.n.m.j.l.s.p.S/cawr/Test.java@83950a0e:1e256438, class path owner: null original sourcePath: /Users/atalati/vscode-extension/main-repo/javavscode/netbeans/java/java.lsp.server/build/test/unit/work/o.n.m.j.l.s.p.S/cawr new sourcePath: /Users/atalati/vscode-extension/main-repo/javavscode/netbeans/java/java.lsp.server/build/test/unit/work/o.n.m.j.l.s.p.S/cawr
May 27, 2024 4:40:06 PM org.netbeans.modules.parsing.impl.indexing.RepositoryUpdater$Work reportIndexerStatistics
INFO: Indexing finished, indexing took 930 ms.
May 27, 2024 4:40:06 PM org.netbeans.modules.parsing.impl.indexing.RepositoryUpdater$Work reportIndexingStart
INFO: Indexing started, time from last indexing 0 ms.
May 27, 2024 4:40:06 PM org.netbeans.modules.java.source.parsing.JavacParser init
WARNING: ClassPath identity changed for /Users/atalati/vscode-extension/main-repo/javavscode/netbeans/java/java.lsp.server/build/test/unit/work/o.n.m.j.l.s.p.S/fi/Test.java@1dfe0878:5f46da15, class path owner: /Users/atalati/vscode-extension/main-repo/javavscode/netbeans/java/java.lsp.server/build/test/unit/work/o.n.m.j.l.s.p.S/fi (class org.netbeans.modules.java.lsp.server.protocol.ServerTest$TestProjectFactory$4) original sourcePath: /Users/atalati/vscode-extension/main-repo/javavscode/netbeans/java/java.lsp.server/build/test/unit/work/o.n.m.j.l.s.p.S/fi new sourcePath: /Users/atalati/vscode-extension/main-repo/javavscode/netbeans/java/java.lsp.server/build/test/unit/work/o.n.m.j.l.s.p.S/fi
May 27, 2024 4:40:06 PM org.netbeans.modules.java.source.parsing.JavacParser init
WARNING: ClassPath identity changed for /Users/atalati/vscode-extension/main-repo/javavscode/netbeans/java/java.lsp.server/build/test/unit/work/o.n.m.j.l.s.p.S/h/Test.java@ada2e591:6fb7cd5a, class path owner: null original sourcePath: /Users/atalati/vscode-extension/main-repo/javavscode/netbeans/java/java.lsp.server/build/test/unit/work/o.n.m.j.l.s.p.S/h new sourcePath: /Users/atalati/vscode-extension/main-repo/javavscode/netbeans/java/java.lsp.server/build/test/unit/work/o.n.m.j.l.s.p.S/h
May 27, 2024 4:40:06 PM org.netbeans.modules.java.source.indexing.JavaCustomIndexer index
WARNING: Ignoring root with no ClassPath: /Users/atalati/vscode-extension/main-repo/javavscode/netbeans/java/java.lsp.server/build/test/unit/work/o.n.m.j.l.s.p.S/cagc-1
May 27, 2024 4:40:06 PM org.netbeans.modules.java.source.parsing.JavacParser init
WARNING: ClassPath identity changed for /Users/atalati/vscode-extension/main-repo/javavscode/netbeans/java/java.lsp.server/build/test/unit/work/o.n.m.j.l.s.p.S/cagc-1/Test.java@e9376555:14713586, class path owner: null original sourcePath: /Users/atalati/vscode-extension/main-repo/javavscode/netbeans/java/java.lsp.server/build/test/unit/work/o.n.m.j.l.s.p.S/cagc-1 new sourcePath: /Users/atalati/vscode-extension/main-repo/javavscode/netbeans/java/java.lsp.server/build/test/unit/work/o.n.m.j.l.s.p.S/cagc-1
May 27, 2024 4:40:06 PM org.netbeans.modules.java.source.parsing.JavacParser init
WARNING: ClassPath identity changed for /Users/atalati/vscode-extension/main-repo/javavscode/netbeans/java/java.lsp.server/build/test/unit/work/o.n.m.j.l.s.p.S/sags/Test.java@bb3c03f1:38e6b70b, class path owner: null original sourcePath: /Users/atalati/vscode-extension/main-repo/javavscode/netbeans/java/java.lsp.server/build/test/unit/work/o.n.m.j.l.s.p.S/sags new sourcePath: /Users/atalati/vscode-extension/main-repo/javavscode/netbeans/java/java.lsp.server/build/test/unit/work/o.n.m.j.l.s.p.S/sags
May 27, 2024 4:40:06 PM org.netbeans.modules.java.source.parsing.JavacParser init
WARNING: ClassPath identity changed for /Users/atalati/vscode-extension/main-repo/javavscode/netbeans/java/java.lsp.server/build/test/unit/work/o.n.m.j.l.s.p.S/sal/Test.java@6263ac27:69d77bd9, class path owner: null original sourcePath: /Users/atalati/vscode-extension/main-repo/javavscode/netbeans/java/java.lsp.server/build/test/unit/work/o.n.m.j.l.s.p.S/sal new sourcePath: /Users/atalati/vscode-extension/main-repo/javavscode/netbeans/java/java.lsp.server/build/test/unit/work/o.n.m.j.l.s.p.S/sal
May 27, 2024 4:40:06 PM org.netbeans.modules.parsing.impl.indexing.RepositoryUpdater$Work reportIndexerStatistics
INFO: Indexing finished, indexing took 358 ms.
May 27, 2024 4:40:06 PM org.netbeans.modules.parsing.impl.indexing.RepositoryUpdater$Work reportIndexingStart
INFO: Indexing started, time from last indexing 0 ms.
May 27, 2024 4:40:06 PM org.netbeans.modules.java.source.parsing.JavacParser init
WARNING: ClassPath identity changed for /Users/atalati/vscode-extension/main-repo/javavscode/netbeans/java/java.lsp.server/build/test/unit/work/o.n.m.j.l.s.p.S/rdccro/Test.java@c90373e4:73492c39, class path owner: /Users/atalati/vscode-extension/main-repo/javavscode/netbeans/java/java.lsp.server/build/test/unit/work/o.n.m.j.l.s.p.S/rdccro (class org.netbeans.modules.java.lsp.server.protocol.ServerTest$TestProjectFactory$4) original sourcePath: /Users/atalati/vscode-extension/main-repo/javavscode/netbeans/java/java.lsp.server/build/test/unit/work/o.n.m.j.l.s.p.S/rdccro new sourcePath: /Users/atalati/vscode-extension/main-repo/javavscode/netbeans/java/java.lsp.server/build/test/unit/work/o.n.m.j.l.s.p.S/rdccro
May 27, 2024 4:40:06 PM org.netbeans.modules.java.source.parsing.JavacParser init
WARNING: ClassPath identity changed for /Users/atalati/vscode-extension/main-repo/javavscode/netbeans/java/java.lsp.server/build/test/unit/work/o.n.m.j.l.s.p.S/rdccro/Test2.java@5cbe0648:1731dbb4, class path owner: /Users/atalati/vscode-extension/main-repo/javavscode/netbeans/java/java.lsp.server/build/test/unit/work/o.n.m.j.l.s.p.S/rdccro (class org.netbeans.modules.java.lsp.server.protocol.ServerTest$TestProjectFactory$4) original sourcePath: /Users/atalati/vscode-extension/main-repo/javavscode/netbeans/java/java.lsp.server/build/test/unit/work/o.n.m.j.l.s.p.S/rdccro new sourcePath: /Users/atalati/vscode-extension/main-repo/javavscode/netbeans/java/java.lsp.server/build/test/unit/work/o.n.m.j.l.s.p.S/rdccro
May 27, 2024 4:40:06 PM org.netbeans.modules.java.source.parsing.JavacParser init
WARNING: ClassPath identity changed for /Users/atalati/vscode-extension/main-repo/javavscode/netbeans/java/java.lsp.server/build/test/unit/work/o.n.m.j.l.s.p.S/sadm/Test.java@26af602c:662d9086, class path owner: null original sourcePath: /Users/atalati/vscode-extension/main-repo/javavscode/netbeans/java/java.lsp.server/build/test/unit/work/o.n.m.j.l.s.p.S/sadm new sourcePath: /Users/atalati/vscode-extension/main-repo/javavscode/netbeans/java/java.lsp.server/build/test/unit/work/o.n.m.j.l.s.p.S/sadm
May 27, 2024 4:40:06 PM org.netbeans.modules.java.source.parsing.JavacParser init
WARNING: ClassPath identity changed for /Users/atalati/vscode-extension/main-repo/javavscode/netbeans/java/java.lsp.server/build/test/unit/work/o.n.m.j.l.s.p.S/sh-2/Test.java@b461fcf1:3e6ca0a9, class path owner: null original sourcePath: /Users/atalati/vscode-extension/main-repo/javavscode/netbeans/java/java.lsp.server/build/test/unit/work/o.n.m.j.l.s.p.S/sh-2 new sourcePath: /Users/atalati/vscode-extension/main-repo/javavscode/netbeans/java/java.lsp.server/build/test/unit/work/o.n.m.j.l.s.p.S/sh-2
May 27, 2024 4:40:06 PM org.netbeans.modules.java.source.parsing.JavacParser init
WARNING: ClassPath identity changed for /Users/atalati/vscode-extension/main-repo/javavscode/netbeans/java/java.lsp.server/build/test/unit/work/o.n.m.j.l.s.p.S/saoi/Test.java@27dfd05f:3554d487, class path owner: null original sourcePath: /Users/atalati/vscode-extension/main-repo/javavscode/netbeans/java/java.lsp.server/build/test/unit/work/o.n.m.j.l.s.p.S/saoi new sourcePath: /Users/atalati/vscode-extension/main-repo/javavscode/netbeans/java/java.lsp.server/build/test/unit/work/o.n.m.j.l.s.p.S/saoi
May 27, 2024 4:40:06 PM org.netbeans.modules.java.source.indexing.JavaCustomIndexer index
WARNING: Ignoring root with no ClassPath: /Users/atalati/vscode-extension/main-repo/javavscode/netbeans/java/java.lsp.server/build/test/unit/work/o.n.m.j.l.s.p.S/cagm
May 27, 2024 4:40:06 PM org.netbeans.modules.java.source.parsing.JavacParser init
WARNING: ClassPath identity changed for /Users/atalati/vscode-extension/main-repo/javavscode/netbeans/java/java.lsp.server/build/test/unit/work/o.n.m.j.l.s.p.S/cagvfop/Test.java@2e66cfa3:631b0f6b, class path owner: null original sourcePath: /Users/atalati/vscode-extension/main-repo/javavscode/netbeans/java/java.lsp.server/build/test/unit/work/o.n.m.j.l.s.p.S/cagvfop new sourcePath: /Users/atalati/vscode-extension/main-repo/javavscode/netbeans/java/java.lsp.server/build/test/unit/work/o.n.m.j.l.s.p.S/cagvfop
May 27, 2024 4:40:06 PM org.netbeans.modules.java.source.parsing.JavacParser init
WARNING: ClassPath identity changed for /Users/atalati/vscode-extension/main-repo/javavscode/netbeans/java/java.lsp.server/build/test/unit/work/o.n.m.j.l.s.p.S/cagc-1/Test.java@e9376555:14713586, class path owner: null original sourcePath: /Users/atalati/vscode-extension/main-repo/javavscode/netbeans/java/java.lsp.server/build/test/unit/work/o.n.m.j.l.s.p.S/cagc-1 new sourcePath: /Users/atalati/vscode-extension/main-repo/javavscode/netbeans/java/java.lsp.server/build/test/unit/work/o.n.m.j.l.s.p.S/cagc-1
May 27, 2024 4:40:06 PM org.netbeans.modules.java.source.parsing.JavacParser init
WARNING: ClassPath identity changed for /Users/atalati/vscode-extension/main-repo/javavscode/netbeans/java/java.lsp.server/build/test/unit/work/o.n.m.j.l.s.p.S/cagm/Test.java@1fe4de7b:15f8593d, class path owner: null original sourcePath: /Users/atalati/vscode-extension/main-repo/javavscode/netbeans/java/java.lsp.server/build/test/unit/work/o.n.m.j.l.s.p.S/cagm new sourcePath: /Users/atalati/vscode-extension/main-repo/javavscode/netbeans/java/java.lsp.server/build/test/unit/work/o.n.m.j.l.s.p.S/cagm
May 27, 2024 4:40:06 PM org.netbeans.modules.java.source.parsing.JavacParser init
WARNING: ClassPath identity changed for /Users/atalati/vscode-extension/main-repo/javavscode/netbeans/java/java.lsp.server/build/test/unit/work/o.n.m.j.l.s.p.S/caic/Test.java@5e788e8f:46a60045, class path owner: null original sourcePath: /Users/atalati/vscode-extension/main-repo/javavscode/netbeans/java/java.lsp.server/build/test/unit/work/o.n.m.j.l.s.p.S/caic new sourcePath: /Users/atalati/vscode-extension/main-repo/javavscode/netbeans/java/java.lsp.server/build/test/unit/work/o.n.m.j.l.s.p.S/caic
May 27, 2024 4:40:07 PM org.netbeans.modules.java.source.parsing.JavacParser init
WARNING: ClassPath identity changed for /Users/atalati/vscode-extension/main-repo/javavscode/netbeans/java/java.lsp.server/build/test/unit/work/o.n.m.j.l.s.p.S/sats/Test.java@1f26e9a2:3430d24, class path owner: null original sourcePath: /Users/atalati/vscode-extension/main-repo/javavscode/netbeans/java/java.lsp.server/build/test/unit/work/o.n.m.j.l.s.p.S/sats new sourcePath: /Users/atalati/vscode-extension/main-repo/javavscode/netbeans/java/java.lsp.server/build/test/unit/work/o.n.m.j.l.s.p.S/sats
May 27, 2024 4:40:07 PM org.netbeans.modules.java.source.parsing.JavacParser init
WARNING: ClassPath identity changed for /Users/atalati/vscode-extension/main-repo/javavscode/netbeans/java/java.lsp.server/build/test/unit/work/o.n.m.j.l.s.p.S/caiaamie/Test.java@5976eef5:76990e1e, class path owner: null original sourcePath: /Users/atalati/vscode-extension/main-repo/javavscode/netbeans/java/java.lsp.server/build/test/unit/work/o.n.m.j.l.s.p.S/caiaamie new sourcePath: /Users/atalati/vscode-extension/main-repo/javavscode/netbeans/java/java.lsp.server/build/test/unit/work/o.n.m.j.l.s.p.S/caiaamie
May 27, 2024 4:40:07 PM org.netbeans.modules.java.source.parsing.JavacParser init
WARNING: ClassPath identity changed for /Users/atalati/vscode-extension/main-repo/javavscode/netbeans/java/java.lsp.server/build/test/unit/work/o.n.m.j.l.s.p.S/caiv/Test.java@6b714ae0:50f20056, class path owner: null original sourcePath: /Users/atalati/vscode-extension/main-repo/javavscode/netbeans/java/java.lsp.server/build/test/unit/work/o.n.m.j.l.s.p.S/caiv new sourcePath: /Users/atalati/vscode-extension/main-repo/javavscode/netbeans/java/java.lsp.server/build/test/unit/work/o.n.m.j.l.s.p.S/caiv
May 27, 2024 4:40:07 PM org.netbeans.modules.parsing.impl.indexing.RepositoryUpdater$Work reportIndexerStatistics
INFO: Indexing finished, indexing took 352 ms.
May 27, 2024 4:40:07 PM org.netbeans.modules.parsing.impl.indexing.RepositoryUpdater$Work reportIndexingStart
INFO: Indexing started, time from last indexing 0 ms.
May 27, 2024 4:40:07 PM org.netbeans.modules.parsing.impl.indexing.RepositoryUpdater$RootsWork getDone
INFO: Resolving dependencies took: 41 ms
May 27, 2024 4:40:07 PM org.netbeans.modules.parsing.impl.indexing.RepositoryUpdater$AbstractRootsWork scanBinaries
INFO: Complete indexing of 0 binary roots took: 0 ms
May 27, 2024 4:40:07 PM org.netbeans.modules.java.source.parsing.JavacParser init
WARNING: ClassPath identity changed for /Users/atalati/vscode-extension/main-repo/javavscode/netbeans/java/java.lsp.server/build/test/unit/work/o.n.m.j.l.s.p.S/ac/Test.java@7a0aa719:70ff6041, class path owner: /Users/atalati/vscode-extension/main-repo/javavscode/netbeans/java/java.lsp.server/build/test/unit/work/o.n.m.j.l.s.p.S/ac (class org.netbeans.modules.java.lsp.server.protocol.ServerTest$TestProjectFactory$4) original sourcePath: /Users/atalati/vscode-extension/main-repo/javavscode/netbeans/java/java.lsp.server/build/test/unit/work/o.n.m.j.l.s.p.S/ac new sourcePath: /Users/atalati/vscode-extension/main-repo/javavscode/netbeans/java/java.lsp.server/build/test/unit/work/o.n.m.j.l.s.p.S/ac
May 27, 2024 4:40:07 PM org.netbeans.modules.java.source.parsing.JavacParser init
WARNING: ClassPath identity changed for /Users/atalati/vscode-extension/main-repo/javavscode/netbeans/java/java.lsp.server/build/test/unit/work/o.n.m.j.l.s.p.S/cawr/Test.java@83950a0e:1e256438, class path owner: null original sourcePath: /Users/atalati/vscode-extension/main-repo/javavscode/netbeans/java/java.lsp.server/build/test/unit/work/o.n.m.j.l.s.p.S/cawr new sourcePath: /Users/atalati/vscode-extension/main-repo/javavscode/netbeans/java/java.lsp.server/build/test/unit/work/o.n.m.j.l.s.p.S/cawr
May 27, 2024 4:40:07 PM org.netbeans.modules.parsing.impl.indexing.RepositoryUpdater$AbstractRootsWork scanSources
INFO: Indexing of: /Users/atalati/vscode-extension/main-repo/javavscode/netbeans/java/java.lsp.server/build/test/unit/work/o.n.m.j.l.s.p.S/rdccnro took: 214 ms (New or modified files: 3, Deleted files: 0) [Adding listeners took: 0 ms]
May 27, 2024 4:40:07 PM org.netbeans.modules.parsing.impl.indexing.RepositoryUpdater$AbstractRootsWork scanSources
INFO: Complete indexing of 1 source roots took: 214 ms (New or modified files: 3, Deleted files: 0) [Adding listeners took: 0 ms]
May 27, 2024 4:40:07 PM org.netbeans.modules.parsing.impl.indexing.RepositoryUpdater$Work reportIndexerStatistics
INFO: Indexing finished, indexing took 258 ms.
May 27, 2024 4:40:07 PM org.netbeans.modules.parsing.impl.indexing.RepositoryUpdater$Work reportIndexingStart
INFO: Indexing started, time from last indexing 17 ms.
May 27, 2024 4:40:07 PM org.netbeans.modules.java.source.indexing.JavaCustomIndexer index
WARNING: Ignoring root with no ClassPath: /Users/atalati/vscode-extension/main-repo/javavscode/netbeans/java/java.lsp.server/build/test/unit/work/o.n.m.j.l.s.p.S/cagc-1
May 27, 2024 4:40:07 PM org.netbeans.modules.parsing.impl.indexing.RepositoryUpdater$Work reportIndexerStatistics
INFO: Indexing finished, indexing took 110 ms.
May 27, 2024 4:40:07 PM org.netbeans.modules.parsing.impl.indexing.RepositoryUpdater$Work reportIndexingStart
INFO: Indexing started, time from last indexing 1 ms.
May 27, 2024 4:40:07 PM org.netbeans.modules.project.ui.OpenProjectList log
INFO: USG_PROJECT_CLOSE
Creating a client for testcase: testWorkspaceSymbols
May 27, 2024 4:40:07 PM org.netbeans.modules.project.ui.OpenProjectList log
INFO: USG_PROJECT_OPEN
May 27, 2024 4:40:07 PM org.netbeans.modules.java.lsp.server.protocol.Server$LanguageServerImpl lambda$asyncOpenSelectedProjects1$9
INFO: 1 projects opened in 2ms
May 27, 2024 4:40:07 PM org.netbeans.modules.java.source.indexing.JavaCustomIndexer index
WARNING: Ignoring root with no ClassPath: /Users/atalati/vscode-extension/main-repo/javavscode/netbeans/java/java.lsp.server/build/test/unit/work/o.n.m.j.l.s.p.S/cagm
May 27, 2024 4:40:07 PM org.netbeans.modules.parsing.impl.indexing.RepositoryUpdater$Work reportIndexerStatistics
INFO: Indexing finished, indexing took 15 ms.
May 27, 2024 4:40:08 PM org.netbeans.modules.parsing.impl.indexing.RepositoryUpdater$Work reportIndexingStart
INFO: Indexing started, time from last indexing 492 ms.
May 27, 2024 4:40:08 PM org.netbeans.modules.java.source.parsing.JavacParser init
WARNING: ClassPath identity changed for /Users/atalati/vscode-extension/main-repo/javavscode/netbeans/java/java.lsp.server/build/test/unit/work/o.n.m.j.l.s.p.S/fi/Test.java@1dfe0878:5f46da15, class path owner: /Users/atalati/vscode-extension/main-repo/javavscode/netbeans/java/java.lsp.server/build/test/unit/work/o.n.m.j.l.s.p.S/fi (class org.netbeans.modules.java.lsp.server.protocol.ServerTest$TestProjectFactory$4) original sourcePath: /Users/atalati/vscode-extension/main-repo/javavscode/netbeans/java/java.lsp.server/build/test/unit/work/o.n.m.j.l.s.p.S/fi new sourcePath: /Users/atalati/vscode-extension/main-repo/javavscode/netbeans/java/java.lsp.server/build/test/unit/work/o.n.m.j.l.s.p.S/fi
May 27, 2024 4:40:08 PM org.netbeans.modules.parsing.impl.indexing.RepositoryUpdater$RootsWork getDone
INFO: Resolving dependencies took: 10 ms
May 27, 2024 4:40:08 PM org.netbeans.modules.java.source.parsing.JavacParser init
WARNING: ClassPath identity changed for /Users/atalati/vscode-extension/main-repo/javavscode/netbeans/java/java.lsp.server/build/test/unit/work/o.n.m.j.l.s.p.S/h/Test.java@ada2e591:6fb7cd5a, class path owner: null original sourcePath: /Users/atalati/vscode-extension/main-repo/javavscode/netbeans/java/java.lsp.server/build/test/unit/work/o.n.m.j.l.s.p.S/h new sourcePath: /Users/atalati/vscode-extension/main-repo/javavscode/netbeans/java/java.lsp.server/build/test/unit/work/o.n.m.j.l.s.p.S/h
May 27, 2024 4:40:08 PM org.netbeans.modules.java.source.parsing.JavacParser init
WARNING: ClassPath identity changed for /Users/atalati/vscode-extension/main-repo/javavscode/netbeans/java/java.lsp.server/build/test/unit/work/o.n.m.j.l.s.p.S/neahf/Test.java@eb60d2b1:5ae66d0b, class path owner: null original sourcePath: /Users/atalati/vscode-extension/main-repo/javavscode/netbeans/java/java.lsp.server/build/test/unit/work/o.n.m.j.l.s.p.S/neahf new sourcePath: /Users/atalati/vscode-extension/main-repo/javavscode/netbeans/java/java.lsp.server/build/test/unit/work/o.n.m.j.l.s.p.S/neahf
May 27, 2024 4:40:08 PM org.netbeans.modules.java.source.parsing.JavacParser init
WARNING: ClassPath identity changed for /Users/atalati/vscode-extension/main-repo/javavscode/netbeans/java/java.lsp.server/build/test/unit/work/o.n.m.j.l.s.p.S/sags/Test.java@bb3c03f1:38e6b70b, class path owner: null original sourcePath: /Users/atalati/vscode-extension/main-repo/javavscode/netbeans/java/java.lsp.server/build/test/unit/work/o.n.m.j.l.s.p.S/sags new sourcePath: /Users/atalati/vscode-extension/main-repo/javavscode/netbeans/java/java.lsp.server/build/test/unit/work/o.n.m.j.l.s.p.S/sags
May 27, 2024 4:40:08 PM org.netbeans.modules.java.source.parsing.JavacParser init
WARNING: ClassPath identity changed for /Users/atalati/vscode-extension/main-repo/javavscode/netbeans/java/java.lsp.server/build/test/unit/work/o.n.m.j.l.s.p.S/sal/Test.java@6263ac27:69d77bd9, class path owner: null original sourcePath: /Users/atalati/vscode-extension/main-repo/javavscode/netbeans/java/java.lsp.server/build/test/unit/work/o.n.m.j.l.s.p.S/sal new sourcePath: /Users/atalati/vscode-extension/main-repo/javavscode/netbeans/java/java.lsp.server/build/test/unit/work/o.n.m.j.l.s.p.S/sal
May 27, 2024 4:40:08 PM org.netbeans.modules.java.source.parsing.JavacParser init
WARNING: ClassPath identity changed for /Users/atalati/vscode-extension/main-repo/javavscode/netbeans/java/java.lsp.server/build/test/unit/work/o.n.m.j.l.s.p.S/rdccro/Test.java@c90373e4:73492c39, class path owner: /Users/atalati/vscode-extension/main-repo/javavscode/netbeans/java/java.lsp.server/build/test/unit/work/o.n.m.j.l.s.p.S/rdccro (class org.netbeans.modules.java.lsp.server.protocol.ServerTest$TestProjectFactory$4) original sourcePath: /Users/atalati/vscode-extension/main-repo/javavscode/netbeans/java/java.lsp.server/build/test/unit/work/o.n.m.j.l.s.p.S/rdccro new sourcePath: /Users/atalati/vscode-extension/main-repo/javavscode/netbeans/java/java.lsp.server/build/test/unit/work/o.n.m.j.l.s.p.S/rdccro
May 27, 2024 4:40:08 PM org.netbeans.modules.java.source.parsing.JavacParser init
WARNING: ClassPath identity changed for /Users/atalati/vscode-extension/main-repo/javavscode/netbeans/java/java.lsp.server/build/test/unit/work/o.n.m.j.l.s.p.S/rdccro/Test2.java@5cbe0648:1731dbb4, class path owner: /Users/atalati/vscode-extension/main-repo/javavscode/netbeans/java/java.lsp.server/build/test/unit/work/o.n.m.j.l.s.p.S/rdccro (class org.netbeans.modules.java.lsp.server.protocol.ServerTest$TestProjectFactory$4) original sourcePath: /Users/atalati/vscode-extension/main-repo/javavscode/netbeans/java/java.lsp.server/build/test/unit/work/o.n.m.j.l.s.p.S/rdccro new sourcePath: /Users/atalati/vscode-extension/main-repo/javavscode/netbeans/java/java.lsp.server/build/test/unit/work/o.n.m.j.l.s.p.S/rdccro
May 27, 2024 4:40:08 PM org.netbeans.modules.java.source.parsing.JavacParser init
WARNING: ClassPath identity changed for /Users/atalati/vscode-extension/main-repo/javavscode/netbeans/java/java.lsp.server/build/test/unit/work/o.n.m.j.l.s.p.S/sadm/Test.java@26af602c:662d9086, class path owner: null original sourcePath: /Users/atalati/vscode-extension/main-repo/javavscode/netbeans/java/java.lsp.server/build/test/unit/work/o.n.m.j.l.s.p.S/sadm new sourcePath: /Users/atalati/vscode-extension/main-repo/javavscode/netbeans/java/java.lsp.server/build/test/unit/work/o.n.m.j.l.s.p.S/sadm
May 27, 2024 4:40:08 PM org.netbeans.modules.java.source.parsing.JavacParser init
WARNING: ClassPath identity changed for /Users/atalati/vscode-extension/main-repo/javavscode/netbeans/java/java.lsp.server/build/test/unit/work/o.n.m.j.l.s.p.S/sh-2/Test.java@b461fcf1:3e6ca0a9, class path owner: null original sourcePath: /Users/atalati/vscode-extension/main-repo/javavscode/netbeans/java/java.lsp.server/build/test/unit/work/o.n.m.j.l.s.p.S/sh-2 new sourcePath: /Users/atalati/vscode-extension/main-repo/javavscode/netbeans/java/java.lsp.server/build/test/unit/work/o.n.m.j.l.s.p.S/sh-2
May 27, 2024 4:40:08 PM org.netbeans.modules.java.source.parsing.JavacParser init
WARNING: ClassPath identity changed for /Users/atalati/vscode-extension/main-repo/javavscode/netbeans/java/java.lsp.server/build/test/unit/work/o.n.m.j.l.s.p.S/saoi/Test.java@27dfd05f:3554d487, class path owner: null original sourcePath: /Users/atalati/vscode-extension/main-repo/javavscode/netbeans/java/java.lsp.server/build/test/unit/work/o.n.m.j.l.s.p.S/saoi new sourcePath: /Users/atalati/vscode-extension/main-repo/javavscode/netbeans/java/java.lsp.server/build/test/unit/work/o.n.m.j.l.s.p.S/saoi
May 27, 2024 4:40:08 PM org.netbeans.modules.java.source.parsing.JavacParser init
WARNING: ClassPath identity changed for /Users/atalati/vscode-extension/main-repo/javavscode/netbeans/java/java.lsp.server/build/test/unit/work/o.n.m.j.l.s.p.S/cagvfop/Test.java@2e66cfa3:631b0f6b, class path owner: null original sourcePath: /Users/atalati/vscode-extension/main-repo/javavscode/netbeans/java/java.lsp.server/build/test/unit/work/o.n.m.j.l.s.p.S/cagvfop new sourcePath: /Users/atalati/vscode-extension/main-repo/javavscode/netbeans/java/java.lsp.server/build/test/unit/work/o.n.m.j.l.s.p.S/cagvfop
May 27, 2024 4:40:08 PM org.netbeans.modules.java.source.parsing.JavacParser init
WARNING: ClassPath identity changed for /Users/atalati/vscode-extension/main-repo/javavscode/netbeans/java/java.lsp.server/build/test/unit/work/o.n.m.j.l.s.p.S/cagc-1/Test.java@e9376555:14713586, class path owner: null original sourcePath: /Users/atalati/vscode-extension/main-repo/javavscode/netbeans/java/java.lsp.server/build/test/unit/work/o.n.m.j.l.s.p.S/cagc-1 new sourcePath: /Users/atalati/vscode-extension/main-repo/javavscode/netbeans/java/java.lsp.server/build/test/unit/work/o.n.m.j.l.s.p.S/cagc-1
May 27, 2024 4:40:08 PM org.netbeans.modules.java.source.parsing.JavacParser init
WARNING: ClassPath identity changed for /Users/atalati/vscode-extension/main-repo/javavscode/netbeans/java/java.lsp.server/build/test/unit/work/o.n.m.j.l.s.p.S/caic/Test.java@5e788e8f:46a60045, class path owner: null original sourcePath: /Users/atalati/vscode-extension/main-repo/javavscode/netbeans/java/java.lsp.server/build/test/unit/work/o.n.m.j.l.s.p.S/caic new sourcePath: /Users/atalati/vscode-extension/main-repo/javavscode/netbeans/java/java.lsp.server/build/test/unit/work/o.n.m.j.l.s.p.S/caic
May 27, 2024 4:40:08 PM org.netbeans.modules.java.source.parsing.JavacParser init
WARNING: ClassPath identity changed for /Users/atalati/vscode-extension/main-repo/javavscode/netbeans/java/java.lsp.server/build/test/unit/work/o.n.m.j.l.s.p.S/sats/Test.java@1f26e9a2:3430d24, class path owner: null original sourcePath: /Users/atalati/vscode-extension/main-repo/javavscode/netbeans/java/java.lsp.server/build/test/unit/work/o.n.m.j.l.s.p.S/sats new sourcePath: /Users/atalati/vscode-extension/main-repo/javavscode/netbeans/java/java.lsp.server/build/test/unit/work/o.n.m.j.l.s.p.S/sats
May 27, 2024 4:40:08 PM org.netbeans.modules.java.source.parsing.JavacParser init
WARNING: ClassPath identity changed for /Users/atalati/vscode-extension/main-repo/javavscode/netbeans/java/java.lsp.server/build/test/unit/work/o.n.m.j.l.s.p.S/caiaamie/Test.java@5976eef5:76990e1e, class path owner: null original sourcePath: /Users/atalati/vscode-extension/main-repo/javavscode/netbeans/java/java.lsp.server/build/test/unit/work/o.n.m.j.l.s.p.S/caiaamie new sourcePath: /Users/atalati/vscode-extension/main-repo/javavscode/netbeans/java/java.lsp.server/build/test/unit/work/o.n.m.j.l.s.p.S/caiaamie
May 27, 2024 4:40:08 PM org.netbeans.modules.java.source.parsing.JavacParser init
WARNING: ClassPath identity changed for /Users/atalati/vscode-extension/main-repo/javavscode/netbeans/java/java.lsp.server/build/test/unit/work/o.n.m.j.l.s.p.S/caiv/Test.java@6b714ae0:50f20056, class path owner: null original sourcePath: /Users/atalati/vscode-extension/main-repo/javavscode/netbeans/java/java.lsp.server/build/test/unit/work/o.n.m.j.l.s.p.S/caiv new sourcePath: /Users/atalati/vscode-extension/main-repo/javavscode/netbeans/java/java.lsp.server/build/test/unit/work/o.n.m.j.l.s.p.S/caiv
May 27, 2024 4:40:08 PM org.netbeans.modules.java.source.parsing.JavacParser init
WARNING: ClassPath identity changed for /Users/atalati/vscode-extension/main-repo/javavscode/netbeans/java/java.lsp.server/build/test/unit/work/o.n.m.j.l.s.p.S/pd/b/Base.java@29379b1f:517cb654, class path owner: /Users/atalati/vscode-extension/main-repo/javavscode/netbeans/java/java.lsp.server/build/test/unit/work/o.n.m.j.l.s.p.S/pd (class org.netbeans.modules.java.lsp.server.protocol.ServerTest$TestProjectFactory$4) original sourcePath: /Users/atalati/vscode-extension/main-repo/javavscode/netbeans/java/java.lsp.server/build/test/unit/work/o.n.m.j.l.s.p.S/pd new sourcePath: /Users/atalati/vscode-extension/main-repo/javavscode/netbeans/java/java.lsp.server/build/test/unit/work/o.n.m.j.l.s.p.S/pd
May 27, 2024 4:40:08 PM org.netbeans.modules.java.source.parsing.JavacParser init
WARNING: ClassPath identity changed for /Users/atalati/vscode-extension/main-repo/javavscode/netbeans/java/java.lsp.server/build/test/unit/work/o.n.m.j.l.s.p.S/cags/Test.java@9d40e9e1:474ce2c3, class path owner: null original sourcePath: /Users/atalati/vscode-extension/main-repo/javavscode/netbeans/java/java.lsp.server/build/test/unit/work/o.n.m.j.l.s.p.S/cags new sourcePath: /Users/atalati/vscode-extension/main-repo/javavscode/netbeans/java/java.lsp.server/build/test/unit/work/o.n.m.j.l.s.p.S/cags
May 27, 2024 4:40:08 PM org.netbeans.modules.java.source.parsing.JavacParser init
WARNING: ClassPath identity changed for /Users/atalati/vscode-extension/main-repo/javavscode/netbeans/java/java.lsp.server/build/test/unit/work/o.n.m.j.l.s.p.S/ac/Test.java@7a0aa719:70ff6041, class path owner: /Users/atalati/vscode-extension/main-repo/javavscode/netbeans/java/java.lsp.server/build/test/unit/work/o.n.m.j.l.s.p.S/ac (class org.netbeans.modules.java.lsp.server.protocol.ServerTest$TestProjectFactory$4) original sourcePath: /Users/atalati/vscode-extension/main-repo/javavscode/netbeans/java/java.lsp.server/build/test/unit/work/o.n.m.j.l.s.p.S/ac new sourcePath: /Users/atalati/vscode-extension/main-repo/javavscode/netbeans/java/java.lsp.server/build/test/unit/work/o.n.m.j.l.s.p.S/ac
May 27, 2024 4:40:08 PM org.netbeans.modules.java.source.parsing.JavacParser init
WARNING: ClassPath identity changed for /Users/atalati/vscode-extension/main-repo/javavscode/netbeans/java/java.lsp.server/build/test/unit/work/o.n.m.j.l.s.p.S/gtsi/Test.java@63f576f8:171aea74, class path owner: null original sourcePath: /Users/atalati/vscode-extension/main-repo/javavscode/netbeans/java/java.lsp.server/build/test/unit/work/o.n.m.j.l.s.p.S/gtsi new sourcePath: /Users/atalati/vscode-extension/main-repo/javavscode/netbeans/java/java.lsp.server/build/test/unit/work/o.n.m.j.l.s.p.S/gtsi
May 27, 2024 4:40:08 PM org.netbeans.modules.java.source.parsing.JavacParser init
WARNING: ClassPath identity changed for /Users/atalati/vscode-extension/main-repo/javavscode/netbeans/java/java.lsp.server/build/test/unit/work/o.n.m.j.l.s.p.S/mo/Test.java@d1364199:31bc1d7c, class path owner: null original sourcePath: /Users/atalati/vscode-extension/main-repo/javavscode/netbeans/java/java.lsp.server/build/test/unit/work/o.n.m.j.l.s.p.S/mo new sourcePath: /Users/atalati/vscode-extension/main-repo/javavscode/netbeans/java/java.lsp.server/build/test/unit/work/o.n.m.j.l.s.p.S/mo
May 27, 2024 4:40:08 PM org.netbeans.modules.java.source.parsing.JavacParser init
WARNING: ClassPath identity changed for /Users/atalati/vscode-extension/main-repo/javavscode/netbeans/java/java.lsp.server/build/test/unit/work/o.n.m.j.l.s.p.S/cawr/Test.java@83950a0e:1e256438, class path owner: null original sourcePath: /Users/atalati/vscode-extension/main-repo/javavscode/netbeans/java/java.lsp.server/build/test/unit/work/o.n.m.j.l.s.p.S/cawr new sourcePath: /Users/atalati/vscode-extension/main-repo/javavscode/netbeans/java/java.lsp.server/build/test/unit/work/o.n.m.j.l.s.p.S/cawr
May 27, 2024 4:40:08 PM org.netbeans.modules.java.source.parsing.JavacParser init
WARNING: ClassPath identity changed for /Users/atalati/vscode-extension/main-repo/javavscode/netbeans/java/java.lsp.server/build/test/unit/work/o.n.m.j.l.s.p.S/cagm/Test.java@1fe4de7b:15f8593d, class path owner: null original sourcePath: /Users/atalati/vscode-extension/main-repo/javavscode/netbeans/java/java.lsp.server/build/test/unit/work/o.n.m.j.l.s.p.S/cagm new sourcePath: /Users/atalati/vscode-extension/main-repo/javavscode/netbeans/java/java.lsp.server/build/test/unit/work/o.n.m.j.l.s.p.S/cagm
May 27, 2024 4:40:08 PM org.netbeans.modules.java.source.parsing.JavacParser init
WARNING: ClassPath identity changed for /Users/atalati/vscode-extension/main-repo/javavscode/netbeans/java/java.lsp.server/build/test/unit/work/o.n.m.j.l.s.p.S/caiaamic/Test.java@2f880073:3a94243d, class path owner: null original sourcePath: /Users/atalati/vscode-extension/main-repo/javavscode/netbeans/java/java.lsp.server/build/test/unit/work/o.n.m.j.l.s.p.S/caiaamic new sourcePath: /Users/atalati/vscode-extension/main-repo/javavscode/netbeans/java/java.lsp.server/build/test/unit/work/o.n.m.j.l.s.p.S/caiaamic
May 27, 2024 4:40:08 PM org.netbeans.modules.java.source.parsing.JavacParser init
WARNING: ClassPath identity changed for /Users/atalati/vscode-extension/main-repo/javavscode/netbeans/java/java.lsp.server/build/test/unit/work/o.n.m.j.l.s.p.S/caiaamiac/Test.java@5be81650:1700fcb8, class path owner: null original sourcePath: /Users/atalati/vscode-extension/main-repo/javavscode/netbeans/java/java.lsp.server/build/test/unit/work/o.n.m.j.l.s.p.S/caiaamiac new sourcePath: /Users/atalati/vscode-extension/main-repo/javavscode/netbeans/java/java.lsp.server/build/test/unit/work/o.n.m.j.l.s.p.S/caiaamiac
May 27, 2024 4:40:08 PM org.netbeans.modules.java.source.parsing.JavacParser init
WARNING: ClassPath identity changed for /Users/atalati/vscode-extension/main-repo/javavscode/netbeans/java/java.lsp.server/build/test/unit/work/o.n.m.j.l.s.p.S/es/a/Test.java@ff4153f7:1210aea, class path owner: /Users/atalati/vscode-extension/main-repo/javavscode/netbeans/java/java.lsp.server/build/test/unit/work/o.n.m.j.l.s.p.S/es (class org.netbeans.modules.java.lsp.server.protocol.ServerTest$TestProjectFactory$4) original sourcePath: /Users/atalati/vscode-extension/main-repo/javavscode/netbeans/java/java.lsp.server/build/test/unit/work/o.n.m.j.l.s.p.S/es new sourcePath: /Users/atalati/vscode-extension/main-repo/javavscode/netbeans/java/java.lsp.server/build/test/unit/work/o.n.m.j.l.s.p.S/es
May 27, 2024 4:40:08 PM org.netbeans.modules.java.source.parsing.JavacParser init
WARNING: ClassPath identity changed for /Users/atalati/vscode-extension/main-repo/javavscode/netbeans/java/java.lsp.server/build/test/unit/work/o.n.m.j.l.s.p.S/caim/Test.java@2f4b8339:47b5d12a, class path owner: null original sourcePath: /Users/atalati/vscode-extension/main-repo/javavscode/netbeans/java/java.lsp.server/build/test/unit/work/o.n.m.j.l.s.p.S/caim new sourcePath: /Users/atalati/vscode-extension/main-repo/javavscode/netbeans/java/java.lsp.server/build/test/unit/work/o.n.m.j.l.s.p.S/caim
May 27, 2024 4:40:08 PM org.netbeans.modules.java.source.parsing.JavacParser init
WARNING: ClassPath identity changed for /Users/atalati/vscode-extension/main-repo/javavscode/netbeans/java/java.lsp.server/build/test/unit/work/o.n.m.j.l.s.p.S/sw/Test.java@a666dfdb:3a882d20, class path owner: null original sourcePath: /Users/atalati/vscode-extension/main-repo/javavscode/netbeans/java/java.lsp.server/build/test/unit/work/o.n.m.j.l.s.p.S/sw new sourcePath: /Users/atalati/vscode-extension/main-repo/javavscode/netbeans/java/java.lsp.server/build/test/unit/work/o.n.m.j.l.s.p.S/sw
May 27, 2024 4:40:08 PM org.netbeans.modules.java.source.parsing.JavacParser init
WARNING: ClassPath identity changed for /Users/atalati/vscode-extension/main-repo/javavscode/netbeans/java/java.lsp.server/build/test/unit/work/o.n.m.j.l.s.p.S/cmp/a/Test.java@78880161:1cd61388, class path owner: /Users/atalati/vscode-extension/main-repo/javavscode/netbeans/java/java.lsp.server/build/test/unit/work/o.n.m.j.l.s.p.S/cmp (class org.netbeans.modules.java.lsp.server.protocol.ServerTest$TestProjectFactory$4) original sourcePath: /Users/atalati/vscode-extension/main-repo/javavscode/netbeans/java/java.lsp.server/build/test/unit/work/o.n.m.j.l.s.p.S/cmp new sourcePath: /Users/atalati/vscode-extension/main-repo/javavscode/netbeans/java/java.lsp.server/build/test/unit/work/o.n.m.j.l.s.p.S/cmp
May 27, 2024 4:40:08 PM org.netbeans.modules.java.source.parsing.JavacParser init
WARNING: ClassPath identity changed for /Users/atalati/vscode-extension/main-repo/javavscode/netbeans/java/java.lsp.server/build/test/unit/work/o.n.m.j.l.s.p.S/gttd/Test.java@83331e92:6293b90e, class path owner: /Users/atalati/vscode-extension/main-repo/javavscode/netbeans/java/java.lsp.server/build/test/unit/work/o.n.m.j.l.s.p.S/gttd (class org.netbeans.modules.java.lsp.server.protocol.ServerTest$TestProjectFactory$4) original sourcePath: /Users/atalati/vscode-extension/main-repo/javavscode/netbeans/java/java.lsp.server/build/test/unit/work/o.n.m.j.l.s.p.S/gttd new sourcePath: /Users/atalati/vscode-extension/main-repo/javavscode/netbeans/java/java.lsp.server/build/test/unit/work/o.n.m.j.l.s.p.S/gttd
May 27, 2024 4:40:08 PM org.netbeans.modules.java.source.parsing.JavacParser init
WARNING: ClassPath identity changed for /Users/atalati/vscode-extension/main-repo/javavscode/netbeans/java/java.lsp.server/build/test/unit/work/o.n.m.j.l.s.p.S/aioc/Test.java@3ce209b3:247ee6f0, class path owner: /Users/atalati/vscode-extension/main-repo/javavscode/netbeans/java/java.lsp.server/build/test/unit/work/o.n.m.j.l.s.p.S/aioc (class org.netbeans.modules.java.lsp.server.protocol.ServerTest$TestProjectFactory$4) original sourcePath: /Users/atalati/vscode-extension/main-repo/javavscode/netbeans/java/java.lsp.server/build/test/unit/work/o.n.m.j.l.s.p.S/aioc new sourcePath: /Users/atalati/vscode-extension/main-repo/javavscode/netbeans/java/java.lsp.server/build/test/unit/work/o.n.m.j.l.s.p.S/aioc
May 27, 2024 4:40:08 PM org.netbeans.modules.java.source.parsing.JavacParser init
WARNING: ClassPath identity changed for /Users/atalati/vscode-extension/main-repo/javavscode/netbeans/java/java.lsp.server/build/test/unit/work/o.n.m.j.l.s.p.S/m/Test.java@96357854:2cb18a69, class path owner: null original sourcePath: /Users/atalati/vscode-extension/main-repo/javavscode/netbeans/java/java.lsp.server/build/test/unit/work/o.n.m.j.l.s.p.S/m new sourcePath: /Users/atalati/vscode-extension/main-repo/javavscode/netbeans/java/java.lsp.server/build/test/unit/work/o.n.m.j.l.s.p.S/m
May 27, 2024 4:40:08 PM org.netbeans.modules.java.source.parsing.JavacParser init
WARNING: ClassPath identity changed for /Users/atalati/vscode-extension/main-repo/javavscode/netbeans/java/java.lsp.server/build/test/unit/work/o.n.m.j.l.s.p.S/caif/Test.java@1d0aa6f0:2f58bd73, class path owner: null original sourcePath: /Users/atalati/vscode-extension/main-repo/javavscode/netbeans/java/java.lsp.server/build/test/unit/work/o.n.m.j.l.s.p.S/caif new sourcePath: /Users/atalati/vscode-extension/main-repo/javavscode/netbeans/java/java.lsp.server/build/test/unit/work/o.n.m.j.l.s.p.S/caif
May 27, 2024 4:40:08 PM org.netbeans.modules.parsing.impl.indexing.RepositoryUpdater$AbstractRootsWork scanBinaries
INFO: Complete indexing of 70 binary roots took: 882 ms
May 27, 2024 4:40:09 PM org.netbeans.modules.parsing.impl.indexing.RepositoryUpdater$AbstractRootsWork scanSources
INFO: Indexing of: /Users/atalati/vscode-extension/main-repo/javavscode/netbeans/java/java.lsp.server/build/test/unit/work/o.n.m.j.l.s.p.S/ws took: 196 ms (New or modified files: 2, Deleted files: 0) [Adding listeners took: 0 ms]
May 27, 2024 4:40:09 PM org.netbeans.modules.parsing.impl.indexing.RepositoryUpdater$AbstractRootsWork scanSources
INFO: Complete indexing of 1 source roots took: 196 ms (New or modified files: 2, Deleted files: 0) [Adding listeners took: 0 ms]
May 27, 2024 4:40:09 PM org.netbeans.modules.parsing.impl.indexing.RepositoryUpdater$Work reportIndexerStatistics
INFO: Indexing finished, indexing took 1,091 ms.
May 27, 2024 4:40:09 PM org.netbeans.modules.java.source.parsing.JavacParser init
WARNING: ClassPath identity changed for /Users/atalati/vscode-extension/main-repo/javavscode/netbeans/java/java.lsp.server/build/test/unit/work/o.n.m.j.l.s.p.S/sats/Test.java@1f26e9a2:3430d24, class path owner: null original sourcePath: /Users/atalati/vscode-extension/main-repo/javavscode/netbeans/java/java.lsp.server/build/test/unit/work/o.n.m.j.l.s.p.S/sats new sourcePath: /Users/atalati/vscode-extension/main-repo/javavscode/netbeans/java/java.lsp.server/build/test/unit/work/o.n.m.j.l.s.p.S/sats
May 27, 2024 4:40:09 PM org.netbeans.modules.java.source.parsing.JavacParser init
WARNING: ClassPath identity changed for /Users/atalati/vscode-extension/main-repo/javavscode/netbeans/java/java.lsp.server/build/test/unit/work/o.n.m.j.l.s.p.S/caiaamie/Test.java@5976eef5:76990e1e, class path owner: null original sourcePath: /Users/atalati/vscode-extension/main-repo/javavscode/netbeans/java/java.lsp.server/build/test/unit/work/o.n.m.j.l.s.p.S/caiaamie new sourcePath: /Users/atalati/vscode-extension/main-repo/javavscode/netbeans/java/java.lsp.server/build/test/unit/work/o.n.m.j.l.s.p.S/caiaamie
May 27, 2024 4:40:09 PM org.netbeans.modules.java.source.parsing.JavacParser init
WARNING: ClassPath identity changed for /Users/atalati/vscode-extension/main-repo/javavscode/netbeans/java/java.lsp.server/build/test/unit/work/o.n.m.j.l.s.p.S/caiv/Test.java@6b714ae0:50f20056, class path owner: null original sourcePath: /Users/atalati/vscode-extension/main-repo/javavscode/netbeans/java/java.lsp.server/build/test/unit/work/o.n.m.j.l.s.p.S/caiv new sourcePath: /Users/atalati/vscode-extension/main-repo/javavscode/netbeans/java/java.lsp.server/build/test/unit/work/o.n.m.j.l.s.p.S/caiv
May 27, 2024 4:40:09 PM org.netbeans.modules.java.source.parsing.JavacParser init
WARNING: ClassPath identity changed for /Users/atalati/vscode-extension/main-repo/javavscode/netbeans/java/java.lsp.server/build/test/unit/work/o.n.m.j.l.s.p.S/pd/b/Base.java@29379b1f:517cb654, class path owner: /Users/atalati/vscode-extension/main-repo/javavscode/netbeans/java/java.lsp.server/build/test/unit/work/o.n.m.j.l.s.p.S/pd (class org.netbeans.modules.java.lsp.server.protocol.ServerTest$TestProjectFactory$4) original sourcePath: /Users/atalati/vscode-extension/main-repo/javavscode/netbeans/java/java.lsp.server/build/test/unit/work/o.n.m.j.l.s.p.S/pd new sourcePath: /Users/atalati/vscode-extension/main-repo/javavscode/netbeans/java/java.lsp.server/build/test/unit/work/o.n.m.j.l.s.p.S/pd
May 27, 2024 4:40:09 PM org.netbeans.modules.java.source.parsing.JavacParser init
WARNING: ClassPath identity changed for /Users/atalati/vscode-extension/main-repo/javavscode/netbeans/java/java.lsp.server/build/test/unit/work/o.n.m.j.l.s.p.S/ws/Test.java@71b50153:697349bb, class path owner: /Users/atalati/vscode-extension/main-repo/javavscode/netbeans/java/java.lsp.server/build/test/unit/work/o.n.m.j.l.s.p.S/ws (class org.netbeans.modules.java.lsp.server.protocol.ServerTest$TestProjectFactory$4) original sourcePath: /Users/atalati/vscode-extension/main-repo/javavscode/netbeans/java/java.lsp.server/build/test/unit/work/o.n.m.j.l.s.p.S/ws new sourcePath: /Users/atalati/vscode-extension/main-repo/javavscode/netbeans/java/java.lsp.server/build/test/unit/work/o.n.m.j.l.s.p.S/ws
May 27, 2024 4:40:09 PM org.netbeans.modules.java.source.parsing.JavacParser init
WARNING: ClassPath identity changed for /Users/atalati/vscode-extension/main-repo/javavscode/netbeans/java/java.lsp.server/build/test/unit/work/o.n.m.j.l.s.p.S/cags/Test.java@9d40e9e1:474ce2c3, class path owner: null original sourcePath: /Users/atalati/vscode-extension/main-repo/javavscode/netbeans/java/java.lsp.server/build/test/unit/work/o.n.m.j.l.s.p.S/cags new sourcePath: /Users/atalati/vscode-extension/main-repo/javavscode/netbeans/java/java.lsp.server/build/test/unit/work/o.n.m.j.l.s.p.S/cags
May 27, 2024 4:40:09 PM org.netbeans.modules.project.ui.OpenProjectList log
INFO: USG_PROJECT_CLOSE
Creating a client for testcase: testAnnotationCompletion
May 27, 2024 4:40:09 PM org.netbeans.modules.java.lsp.server.protocol.Server$LanguageServerImpl lambda$asyncOpenSelectedProjects1$9
INFO: 0 projects opened in 0ms
May 27, 2024 4:40:09 PM org.netbeans.modules.java.source.parsing.JavacParser init
WARNING: ClassPath identity changed for /Users/atalati/vscode-extension/main-repo/javavscode/netbeans/java/java.lsp.server/build/test/unit/work/o.n.m.j.l.s.p.S/ac/Test.java@7a0aa719:70ff6041, class path owner: /Users/atalati/vscode-extension/main-repo/javavscode/netbeans/java/java.lsp.server/build/test/unit/work/o.n.m.j.l.s.p.S/ac (class org.netbeans.modules.java.lsp.server.protocol.ServerTest$TestProjectFactory$4) original sourcePath: /Users/atalati/vscode-extension/main-repo/javavscode/netbeans/java/java.lsp.server/build/test/unit/work/o.n.m.j.l.s.p.S/ac new sourcePath: /Users/atalati/vscode-extension/main-repo/javavscode/netbeans/java/java.lsp.server/build/test/unit/work/o.n.m.j.l.s.p.S/ac
May 27, 2024 4:40:09 PM org.netbeans.modules.java.source.parsing.JavacParser init
WARNING: ClassPath identity changed for /Users/atalati/vscode-extension/main-repo/javavscode/netbeans/java/java.lsp.server/build/test/unit/work/o.n.m.j.l.s.p.S/gtsi/Test.java@63f576f8:171aea74, class path owner: null original sourcePath: /Users/atalati/vscode-extension/main-repo/javavscode/netbeans/java/java.lsp.server/build/test/unit/work/o.n.m.j.l.s.p.S/gtsi new sourcePath: /Users/atalati/vscode-extension/main-repo/javavscode/netbeans/java/java.lsp.server/build/test/unit/work/o.n.m.j.l.s.p.S/gtsi
May 27, 2024 4:40:09 PM org.netbeans.modules.java.source.parsing.JavacParser init
WARNING: ClassPath identity changed for /Users/atalati/vscode-extension/main-repo/javavscode/netbeans/java/java.lsp.server/build/test/unit/work/o.n.m.j.l.s.p.S/ac-1/Test.java@9575fd7d:2f68ecfe, class path owner: null original sourcePath: /Users/atalati/vscode-extension/main-repo/javavscode/netbeans/java/java.lsp.server/build/test/unit/work/o.n.m.j.l.s.p.S/ac-1 new sourcePath: /Users/atalati/vscode-extension/main-repo/javavscode/netbeans/java/java.lsp.server/build/test/unit/work/o.n.m.j.l.s.p.S/ac-1
May 27, 2024 4:40:09 PM org.netbeans.modules.java.source.parsing.JavacParser init
WARNING: ClassPath identity changed for /Users/atalati/vscode-extension/main-repo/javavscode/netbeans/java/java.lsp.server/build/test/unit/work/o.n.m.j.l.s.p.S/mo/Test.java@d1364199:31bc1d7c, class path owner: null original sourcePath: /Users/atalati/vscode-extension/main-repo/javavscode/netbeans/java/java.lsp.server/build/test/unit/work/o.n.m.j.l.s.p.S/mo new sourcePath: /Users/atalati/vscode-extension/main-repo/javavscode/netbeans/java/java.lsp.server/build/test/unit/work/o.n.m.j.l.s.p.S/mo
May 27, 2024 4:40:09 PM org.netbeans.modules.java.source.parsing.JavacParser init
WARNING: ClassPath identity changed for /Users/atalati/vscode-extension/main-repo/javavscode/netbeans/java/java.lsp.server/build/test/unit/work/o.n.m.j.l.s.p.S/cawr/Test.java@83950a0e:1e256438, class path owner: null original sourcePath: /Users/atalati/vscode-extension/main-repo/javavscode/netbeans/java/java.lsp.server/build/test/unit/work/o.n.m.j.l.s.p.S/cawr new sourcePath: /Users/atalati/vscode-extension/main-repo/javavscode/netbeans/java/java.lsp.server/build/test/unit/work/o.n.m.j.l.s.p.S/cawr
May 27, 2024 4:40:09 PM org.netbeans.modules.java.source.parsing.JavacParser init
WARNING: ClassPath identity changed for /Users/atalati/vscode-extension/main-repo/javavscode/netbeans/java/java.lsp.server/build/test/unit/work/o.n.m.j.l.s.p.S/ac-1/Test.java@9575fd7d:2f68ecfe, class path owner: null original sourcePath: /Users/atalati/vscode-extension/main-repo/javavscode/netbeans/java/java.lsp.server/build/test/unit/work/o.n.m.j.l.s.p.S/ac-1 new sourcePath: /Users/atalati/vscode-extension/main-repo/javavscode/netbeans/java/java.lsp.server/build/test/unit/work/o.n.m.j.l.s.p.S/ac-1
Creating a client for testcase: testGoToDefinition
May 27, 2024 4:40:09 PM org.netbeans.modules.project.ui.OpenProjectList log
INFO: USG_PROJECT_OPEN
May 27, 2024 4:40:09 PM org.netbeans.modules.java.lsp.server.protocol.Server$LanguageServerImpl lambda$asyncOpenSelectedProjects1$9
INFO: 1 projects opened in 2ms
May 27, 2024 4:40:09 PM org.netbeans.modules.java.source.parsing.JavacParser init
WARNING: ClassPath identity changed for /Users/atalati/vscode-extension/main-repo/javavscode/netbeans/java/java.lsp.server/build/test/unit/work/o.n.m.j.l.s.p.S/cagm/Test.java@1fe4de7b:15f8593d, class path owner: null original sourcePath: /Users/atalati/vscode-extension/main-repo/javavscode/netbeans/java/java.lsp.server/build/test/unit/work/o.n.m.j.l.s.p.S/cagm new sourcePath: /Users/atalati/vscode-extension/main-repo/javavscode/netbeans/java/java.lsp.server/build/test/unit/work/o.n.m.j.l.s.p.S/cagm
May 27, 2024 4:40:09 PM org.netbeans.modules.java.source.parsing.JavacParser init
WARNING: ClassPath identity changed for /Users/atalati/vscode-extension/main-repo/javavscode/netbeans/java/java.lsp.server/build/test/unit/work/o.n.m.j.l.s.p.S/caiaamic/Test.java@2f880073:3a94243d, class path owner: null original sourcePath: /Users/atalati/vscode-extension/main-repo/javavscode/netbeans/java/java.lsp.server/build/test/unit/work/o.n.m.j.l.s.p.S/caiaamic new sourcePath: /Users/atalati/vscode-extension/main-repo/javavscode/netbeans/java/java.lsp.server/build/test/unit/work/o.n.m.j.l.s.p.S/caiaamic
May 27, 2024 4:40:09 PM org.netbeans.modules.java.source.parsing.JavacParser init
WARNING: ClassPath identity changed for /Users/atalati/vscode-extension/main-repo/javavscode/netbeans/java/java.lsp.server/build/test/unit/work/o.n.m.j.l.s.p.S/caiaamiac/Test.java@5be81650:1700fcb8, class path owner: null original sourcePath: /Users/atalati/vscode-extension/main-repo/javavscode/netbeans/java/java.lsp.server/build/test/unit/work/o.n.m.j.l.s.p.S/caiaamiac new sourcePath: /Users/atalati/vscode-extension/main-repo/javavscode/netbeans/java/java.lsp.server/build/test/unit/work/o.n.m.j.l.s.p.S/caiaamiac
May 27, 2024 4:40:09 PM org.netbeans.modules.java.source.parsing.JavacParser init
WARNING: ClassPath identity changed for /Users/atalati/vscode-extension/main-repo/javavscode/netbeans/java/java.lsp.server/build/test/unit/work/o.n.m.j.l.s.p.S/es/a/Test.java@ff4153f7:1210aea, class path owner: /Users/atalati/vscode-extension/main-repo/javavscode/netbeans/java/java.lsp.server/build/test/unit/work/o.n.m.j.l.s.p.S/es (class org.netbeans.modules.java.lsp.server.protocol.ServerTest$TestProjectFactory$4) original sourcePath: /Users/atalati/vscode-extension/main-repo/javavscode/netbeans/java/java.lsp.server/build/test/unit/work/o.n.m.j.l.s.p.S/es new sourcePath: /Users/atalati/vscode-extension/main-repo/javavscode/netbeans/java/java.lsp.server/build/test/unit/work/o.n.m.j.l.s.p.S/es
May 27, 2024 4:40:09 PM org.netbeans.modules.java.source.parsing.JavacParser init
WARNING: ClassPath identity changed for /Users/atalati/vscode-extension/main-repo/javavscode/netbeans/java/java.lsp.server/build/test/unit/work/o.n.m.j.l.s.p.S/caim/Test.java@2f4b8339:47b5d12a, class path owner: null original sourcePath: /Users/atalati/vscode-extension/main-repo/javavscode/netbeans/java/java.lsp.server/build/test/unit/work/o.n.m.j.l.s.p.S/caim new sourcePath: /Users/atalati/vscode-extension/main-repo/javavscode/netbeans/java/java.lsp.server/build/test/unit/work/o.n.m.j.l.s.p.S/caim
May 27, 2024 4:40:09 PM org.netbeans.modules.java.source.parsing.JavacParser init
WARNING: ClassPath identity changed for /Users/atalati/vscode-extension/main-repo/javavscode/netbeans/java/java.lsp.server/build/test/unit/work/o.n.m.j.l.s.p.S/sw/Test.java@a666dfdb:3a882d20, class path owner: null original sourcePath: /Users/atalati/vscode-extension/main-repo/javavscode/netbeans/java/java.lsp.server/build/test/unit/work/o.n.m.j.l.s.p.S/sw new sourcePath: /Users/atalati/vscode-extension/main-repo/javavscode/netbeans/java/java.lsp.server/build/test/unit/work/o.n.m.j.l.s.p.S/sw
May 27, 2024 4:40:09 PM org.netbeans.modules.java.source.parsing.JavacParser init
WARNING: ClassPath identity changed for /Users/atalati/vscode-extension/main-repo/javavscode/netbeans/java/java.lsp.server/build/test/unit/work/o.n.m.j.l.s.p.S/cmp/a/Test.java@78880161:1cd61388, class path owner: /Users/atalati/vscode-extension/main-repo/javavscode/netbeans/java/java.lsp.server/build/test/unit/work/o.n.m.j.l.s.p.S/cmp (class org.netbeans.modules.java.lsp.server.protocol.ServerTest$TestProjectFactory$4) original sourcePath: /Users/atalati/vscode-extension/main-repo/javavscode/netbeans/java/java.lsp.server/build/test/unit/work/o.n.m.j.l.s.p.S/cmp new sourcePath: /Users/atalati/vscode-extension/main-repo/javavscode/netbeans/java/java.lsp.server/build/test/unit/work/o.n.m.j.l.s.p.S/cmp
May 27, 2024 4:40:09 PM org.netbeans.modules.java.source.parsing.JavacParser init
WARNING: ClassPath identity changed for /Users/atalati/vscode-extension/main-repo/javavscode/netbeans/java/java.lsp.server/build/test/unit/work/o.n.m.j.l.s.p.S/gttd/Test.java@83331e92:6293b90e, class path owner: /Users/atalati/vscode-extension/main-repo/javavscode/netbeans/java/java.lsp.server/build/test/unit/work/o.n.m.j.l.s.p.S/gttd (class org.netbeans.modules.java.lsp.server.protocol.ServerTest$TestProjectFactory$4) original sourcePath: /Users/atalati/vscode-extension/main-repo/javavscode/netbeans/java/java.lsp.server/build/test/unit/work/o.n.m.j.l.s.p.S/gttd new sourcePath: /Users/atalati/vscode-extension/main-repo/javavscode/netbeans/java/java.lsp.server/build/test/unit/work/o.n.m.j.l.s.p.S/gttd
May 27, 2024 4:40:09 PM org.netbeans.modules.java.source.parsing.JavacParser init
WARNING: ClassPath identity changed for /Users/atalati/vscode-extension/main-repo/javavscode/netbeans/java/java.lsp.server/build/test/unit/work/o.n.m.j.l.s.p.S/aioc/Test.java@3ce209b3:247ee6f0, class path owner: /Users/atalati/vscode-extension/main-repo/javavscode/netbeans/java/java.lsp.server/build/test/unit/work/o.n.m.j.l.s.p.S/aioc (class org.netbeans.modules.java.lsp.server.protocol.ServerTest$TestProjectFactory$4) original sourcePath: /Users/atalati/vscode-extension/main-repo/javavscode/netbeans/java/java.lsp.server/build/test/unit/work/o.n.m.j.l.s.p.S/aioc new sourcePath: /Users/atalati/vscode-extension/main-repo/javavscode/netbeans/java/java.lsp.server/build/test/unit/work/o.n.m.j.l.s.p.S/aioc
May 27, 2024 4:40:09 PM org.netbeans.modules.java.source.parsing.JavacParser init
WARNING: ClassPath identity changed for /Users/atalati/vscode-extension/main-repo/javavscode/netbeans/java/java.lsp.server/build/test/unit/work/o.n.m.j.l.s.p.S/m/Test.java@96357854:2cb18a69, class path owner: null original sourcePath: /Users/atalati/vscode-extension/main-repo/javavscode/netbeans/java/java.lsp.server/build/test/unit/work/o.n.m.j.l.s.p.S/m new sourcePath: /Users/atalati/vscode-extension/main-repo/javavscode/netbeans/java/java.lsp.server/build/test/unit/work/o.n.m.j.l.s.p.S/m
May 27, 2024 4:40:09 PM org.netbeans.modules.java.source.parsing.JavacParser init
WARNING: ClassPath identity changed for /Users/atalati/vscode-extension/main-repo/javavscode/netbeans/java/java.lsp.server/build/test/unit/work/o.n.m.j.l.s.p.S/caif/Test.java@1d0aa6f0:2f58bd73, class path owner: null original sourcePath: /Users/atalati/vscode-extension/main-repo/javavscode/netbeans/java/java.lsp.server/build/test/unit/work/o.n.m.j.l.s.p.S/caif new sourcePath: /Users/atalati/vscode-extension/main-repo/javavscode/netbeans/java/java.lsp.server/build/test/unit/work/o.n.m.j.l.s.p.S/caif
May 27, 2024 4:40:09 PM org.netbeans.modules.java.source.parsing.JavacParser init
WARNING: ClassPath identity changed for /Users/atalati/vscode-extension/main-repo/javavscode/netbeans/java/java.lsp.server/build/test/unit/work/o.n.m.j.l.s.p.S/fi/Test.java@1dfe0878:5f46da15, class path owner: /Users/atalati/vscode-extension/main-repo/javavscode/netbeans/java/java.lsp.server/build/test/unit/work/o.n.m.j.l.s.p.S/fi (class org.netbeans.modules.java.lsp.server.protocol.ServerTest$TestProjectFactory$4) original sourcePath: /Users/atalati/vscode-extension/main-repo/javavscode/netbeans/java/java.lsp.server/build/test/unit/work/o.n.m.j.l.s.p.S/fi new sourcePath: /Users/atalati/vscode-extension/main-repo/javavscode/netbeans/java/java.lsp.server/build/test/unit/work/o.n.m.j.l.s.p.S/fi
May 27, 2024 4:40:09 PM org.netbeans.modules.java.source.parsing.JavacParser init
WARNING: ClassPath identity changed for /Users/atalati/vscode-extension/main-repo/javavscode/netbeans/java/java.lsp.server/build/test/unit/work/o.n.m.j.l.s.p.S/h/Test.java@ada2e591:6fb7cd5a, class path owner: null original sourcePath: /Users/atalati/vscode-extension/main-repo/javavscode/netbeans/java/java.lsp.server/build/test/unit/work/o.n.m.j.l.s.p.S/h new sourcePath: /Users/atalati/vscode-extension/main-repo/javavscode/netbeans/java/java.lsp.server/build/test/unit/work/o.n.m.j.l.s.p.S/h
May 27, 2024 4:40:10 PM org.netbeans.modules.parsing.impl.indexing.RepositoryUpdater$Work reportIndexingStart
INFO: Indexing started, time from last indexing 925 ms.
May 27, 2024 4:40:10 PM org.netbeans.modules.parsing.impl.indexing.RepositoryUpdater$RootsWork getDone
INFO: Resolving dependencies took: 9 ms
May 27, 2024 4:40:10 PM org.netbeans.modules.parsing.impl.indexing.RepositoryUpdater$AbstractRootsWork scanBinaries
INFO: Complete indexing of 0 binary roots took: 0 ms
May 27, 2024 4:40:10 PM org.netbeans.modules.java.source.parsing.JavacParser init
WARNING: ClassPath identity changed for /Users/atalati/vscode-extension/main-repo/javavscode/netbeans/java/java.lsp.server/build/test/unit/work/o.n.m.j.l.s.p.S/neahf/Test.java@eb60d2b1:5ae66d0b, class path owner: null original sourcePath: /Users/atalati/vscode-extension/main-repo/javavscode/netbeans/java/java.lsp.server/build/test/unit/work/o.n.m.j.l.s.p.S/neahf new sourcePath: /Users/atalati/vscode-extension/main-repo/javavscode/netbeans/java/java.lsp.server/build/test/unit/work/o.n.m.j.l.s.p.S/neahf
May 27, 2024 4:40:10 PM org.netbeans.modules.java.source.parsing.JavacParser init
WARNING: ClassPath identity changed for /Users/atalati/vscode-extension/main-repo/javavscode/netbeans/java/java.lsp.server/build/test/unit/work/o.n.m.j.l.s.p.S/sags/Test.java@bb3c03f1:38e6b70b, class path owner: null original sourcePath: /Users/atalati/vscode-extension/main-repo/javavscode/netbeans/java/java.lsp.server/build/test/unit/work/o.n.m.j.l.s.p.S/sags new sourcePath: /Users/atalati/vscode-extension/main-repo/javavscode/netbeans/java/java.lsp.server/build/test/unit/work/o.n.m.j.l.s.p.S/sags
May 27, 2024 4:40:10 PM org.netbeans.modules.java.source.parsing.JavacParser init
WARNING: ClassPath identity changed for /Users/atalati/vscode-extension/main-repo/javavscode/netbeans/java/java.lsp.server/build/test/unit/work/o.n.m.j.l.s.p.S/sal/Test.java@6263ac27:69d77bd9, class path owner: null original sourcePath: /Users/atalati/vscode-extension/main-repo/javavscode/netbeans/java/java.lsp.server/build/test/unit/work/o.n.m.j.l.s.p.S/sal new sourcePath: /Users/atalati/vscode-extension/main-repo/javavscode/netbeans/java/java.lsp.server/build/test/unit/work/o.n.m.j.l.s.p.S/sal
May 27, 2024 4:40:10 PM org.netbeans.modules.java.source.parsing.JavacParser init
WARNING: ClassPath identity changed for /Users/atalati/vscode-extension/main-repo/javavscode/netbeans/java/java.lsp.server/build/test/unit/work/o.n.m.j.l.s.p.S/rdccro/Test.java@c90373e4:73492c39, class path owner: /Users/atalati/vscode-extension/main-repo/javavscode/netbeans/java/java.lsp.server/build/test/unit/work/o.n.m.j.l.s.p.S/rdccro (class org.netbeans.modules.java.lsp.server.protocol.ServerTest$TestProjectFactory$4) original sourcePath: /Users/atalati/vscode-extension/main-repo/javavscode/netbeans/java/java.lsp.server/build/test/unit/work/o.n.m.j.l.s.p.S/rdccro new sourcePath: /Users/atalati/vscode-extension/main-repo/javavscode/netbeans/java/java.lsp.server/build/test/unit/work/o.n.m.j.l.s.p.S/rdccro
May 27, 2024 4:40:10 PM org.netbeans.modules.java.source.parsing.JavacParser init
WARNING: ClassPath identity changed for /Users/atalati/vscode-extension/main-repo/javavscode/netbeans/java/java.lsp.server/build/test/unit/work/o.n.m.j.l.s.p.S/rdccro/Test2.java@5cbe0648:1731dbb4, class path owner: /Users/atalati/vscode-extension/main-repo/javavscode/netbeans/java/java.lsp.server/build/test/unit/work/o.n.m.j.l.s.p.S/rdccro (class org.netbeans.modules.java.lsp.server.protocol.ServerTest$TestProjectFactory$4) original sourcePath: /Users/atalati/vscode-extension/main-repo/javavscode/netbeans/java/java.lsp.server/build/test/unit/work/o.n.m.j.l.s.p.S/rdccro new sourcePath: /Users/atalati/vscode-extension/main-repo/javavscode/netbeans/java/java.lsp.server/build/test/unit/work/o.n.m.j.l.s.p.S/rdccro
May 27, 2024 4:40:10 PM org.netbeans.modules.java.source.parsing.JavacParser init
WARNING: ClassPath identity changed for /Users/atalati/vscode-extension/main-repo/javavscode/netbeans/java/java.lsp.server/build/test/unit/work/o.n.m.j.l.s.p.S/sadm/Test.java@26af602c:662d9086, class path owner: null original sourcePath: /Users/atalati/vscode-extension/main-repo/javavscode/netbeans/java/java.lsp.server/build/test/unit/work/o.n.m.j.l.s.p.S/sadm new sourcePath: /Users/atalati/vscode-extension/main-repo/javavscode/netbeans/java/java.lsp.server/build/test/unit/work/o.n.m.j.l.s.p.S/sadm
May 27, 2024 4:40:10 PM org.netbeans.modules.java.source.parsing.JavacParser init
WARNING: ClassPath identity changed for /Users/atalati/vscode-extension/main-repo/javavscode/netbeans/java/java.lsp.server/build/test/unit/work/o.n.m.j.l.s.p.S/sh-2/Test.java@b461fcf1:3e6ca0a9, class path owner: null original sourcePath: /Users/atalati/vscode-extension/main-repo/javavscode/netbeans/java/java.lsp.server/build/test/unit/work/o.n.m.j.l.s.p.S/sh-2 new sourcePath: /Users/atalati/vscode-extension/main-repo/javavscode/netbeans/java/java.lsp.server/build/test/unit/work/o.n.m.j.l.s.p.S/sh-2
May 27, 2024 4:40:10 PM org.netbeans.modules.java.source.parsing.JavacParser init
WARNING: ClassPath identity changed for /Users/atalati/vscode-extension/main-repo/javavscode/netbeans/java/java.lsp.server/build/test/unit/work/o.n.m.j.l.s.p.S/saoi/Test.java@27dfd05f:3554d487, class path owner: null original sourcePath: /Users/atalati/vscode-extension/main-repo/javavscode/netbeans/java/java.lsp.server/build/test/unit/work/o.n.m.j.l.s.p.S/saoi new sourcePath: /Users/atalati/vscode-extension/main-repo/javavscode/netbeans/java/java.lsp.server/build/test/unit/work/o.n.m.j.l.s.p.S/saoi
May 27, 2024 4:40:10 PM org.netbeans.modules.java.source.parsing.JavacParser init
WARNING: ClassPath identity changed for /Users/atalati/vscode-extension/main-repo/javavscode/netbeans/java/java.lsp.server/build/test/unit/work/o.n.m.j.l.s.p.S/cagvfop/Test.java@2e66cfa3:631b0f6b, class path owner: null original sourcePath: /Users/atalati/vscode-extension/main-repo/javavscode/netbeans/java/java.lsp.server/build/test/unit/work/o.n.m.j.l.s.p.S/cagvfop new sourcePath: /Users/atalati/vscode-extension/main-repo/javavscode/netbeans/java/java.lsp.server/build/test/unit/work/o.n.m.j.l.s.p.S/cagvfop
May 27, 2024 4:40:10 PM org.netbeans.modules.parsing.impl.indexing.RepositoryUpdater$AbstractRootsWork scanSources
INFO: Indexing of: /Users/atalati/vscode-extension/main-repo/javavscode/netbeans/java/java.lsp.server/build/test/unit/work/o.n.m.j.l.s.p.S/gtd took: 357 ms (New or modified files: 3, Deleted files: 0) [Adding listeners took: 0 ms]
May 27, 2024 4:40:10 PM org.netbeans.modules.parsing.impl.indexing.RepositoryUpdater$AbstractRootsWork scanSources
INFO: Complete indexing of 1 source roots took: 357 ms (New or modified files: 3, Deleted files: 0) [Adding listeners took: 0 ms]
May 27, 2024 4:40:10 PM org.netbeans.modules.parsing.impl.indexing.RepositoryUpdater$Work reportIndexerStatistics
INFO: Indexing finished, indexing took 368 ms.
May 27, 2024 4:40:10 PM org.netbeans.modules.project.ui.OpenProjectList log
INFO: USG_PROJECT_CLOSE
May 27, 2024 4:40:10 PM org.netbeans.modules.java.source.parsing.JavacParser init
WARNING: ClassPath identity changed for /Users/atalati/vscode-extension/main-repo/javavscode/netbeans/java/java.lsp.server/build/test/unit/work/o.n.m.j.l.s.p.S/fi/Test.java@1dfe0878:5f46da15, class path owner: /Users/atalati/vscode-extension/main-repo/javavscode/netbeans/java/java.lsp.server/build/test/unit/work/o.n.m.j.l.s.p.S/fi (class org.netbeans.modules.java.lsp.server.protocol.ServerTest$TestProjectFactory$4) original sourcePath: /Users/atalati/vscode-extension/main-repo/javavscode/netbeans/java/java.lsp.server/build/test/unit/work/o.n.m.j.l.s.p.S/fi new sourcePath: /Users/atalati/vscode-extension/main-repo/javavscode/netbeans/java/java.lsp.server/build/test/unit/work/o.n.m.j.l.s.p.S/fi
Creating a client for testcase: testNavigator
May 27, 2024 4:40:10 PM org.netbeans.modules.java.lsp.server.protocol.Server$LanguageServerImpl lambda$asyncOpenSelectedProjects1$9
INFO: 0 projects opened in 0ms
May 27, 2024 4:40:10 PM org.netbeans.modules.java.source.parsing.JavacParser init
WARNING: ClassPath identity changed for /Users/atalati/vscode-extension/main-repo/javavscode/netbeans/java/java.lsp.server/build/test/unit/work/o.n.m.j.l.s.p.S/h/Test.java@ada2e591:6fb7cd5a, class path owner: null original sourcePath: /Users/atalati/vscode-extension/main-repo/javavscode/netbeans/java/java.lsp.server/build/test/unit/work/o.n.m.j.l.s.p.S/h new sourcePath: /Users/atalati/vscode-extension/main-repo/javavscode/netbeans/java/java.lsp.server/build/test/unit/work/o.n.m.j.l.s.p.S/h
Creating a client for testcase: testSourceActionOverrideMethod
May 27, 2024 4:40:10 PM org.netbeans.modules.java.lsp.server.protocol.Server$LanguageServerImpl lambda$asyncOpenSelectedProjects1$9
INFO: 0 projects opened in 0ms
May 27, 2024 4:40:10 PM org.netbeans.modules.java.source.parsing.JavacParser init
WARNING: ClassPath identity changed for /Users/atalati/vscode-extension/main-repo/javavscode/netbeans/java/java.lsp.server/build/test/unit/work/o.n.m.j.l.s.p.S/neahf/Test.java@eb60d2b1:5ae66d0b, class path owner: null original sourcePath: /Users/atalati/vscode-extension/main-repo/javavscode/netbeans/java/java.lsp.server/build/test/unit/work/o.n.m.j.l.s.p.S/neahf new sourcePath: /Users/atalati/vscode-extension/main-repo/javavscode/netbeans/java/java.lsp.server/build/test/unit/work/o.n.m.j.l.s.p.S/neahf
May 27, 2024 4:40:10 PM org.netbeans.modules.java.source.parsing.JavacParser init
WARNING: ClassPath identity changed for /Users/atalati/vscode-extension/main-repo/javavscode/netbeans/java/java.lsp.server/build/test/unit/work/o.n.m.j.l.s.p.S/sags/Test.java@bb3c03f1:38e6b70b, class path owner: null original sourcePath: /Users/atalati/vscode-extension/main-repo/javavscode/netbeans/java/java.lsp.server/build/test/unit/work/o.n.m.j.l.s.p.S/sags new sourcePath: /Users/atalati/vscode-extension/main-repo/javavscode/netbeans/java/java.lsp.server/build/test/unit/work/o.n.m.j.l.s.p.S/sags
May 27, 2024 4:40:10 PM org.netbeans.modules.java.source.parsing.JavacParser init
WARNING: ClassPath identity changed for /Users/atalati/vscode-extension/main-repo/javavscode/netbeans/java/java.lsp.server/build/test/unit/work/o.n.m.j.l.s.p.S/sal/Test.java@6263ac27:69d77bd9, class path owner: null original sourcePath: /Users/atalati/vscode-extension/main-repo/javavscode/netbeans/java/java.lsp.server/build/test/unit/work/o.n.m.j.l.s.p.S/sal new sourcePath: /Users/atalati/vscode-extension/main-repo/javavscode/netbeans/java/java.lsp.server/build/test/unit/work/o.n.m.j.l.s.p.S/sal
May 27, 2024 4:40:10 PM org.netbeans.modules.java.source.parsing.JavacParser init
WARNING: ClassPath identity changed for /Users/atalati/vscode-extension/main-repo/javavscode/netbeans/java/java.lsp.server/build/test/unit/work/o.n.m.j.l.s.p.S/rdccro/Test.java@c90373e4:73492c39, class path owner: /Users/atalati/vscode-extension/main-repo/javavscode/netbeans/java/java.lsp.server/build/test/unit/work/o.n.m.j.l.s.p.S/rdccro (class org.netbeans.modules.java.lsp.server.protocol.ServerTest$TestProjectFactory$4) original sourcePath: /Users/atalati/vscode-extension/main-repo/javavscode/netbeans/java/java.lsp.server/build/test/unit/work/o.n.m.j.l.s.p.S/rdccro new sourcePath: /Users/atalati/vscode-extension/main-repo/javavscode/netbeans/java/java.lsp.server/build/test/unit/work/o.n.m.j.l.s.p.S/rdccro
May 27, 2024 4:40:10 PM org.netbeans.modules.java.source.parsing.JavacParser init
WARNING: ClassPath identity changed for /Users/atalati/vscode-extension/main-repo/javavscode/netbeans/java/java.lsp.server/build/test/unit/work/o.n.m.j.l.s.p.S/rdccro/Test2.java@5cbe0648:1731dbb4, class path owner: /Users/atalati/vscode-extension/main-repo/javavscode/netbeans/java/java.lsp.server/build/test/unit/work/o.n.m.j.l.s.p.S/rdccro (class org.netbeans.modules.java.lsp.server.protocol.ServerTest$TestProjectFactory$4) original sourcePath: /Users/atalati/vscode-extension/main-repo/javavscode/netbeans/java/java.lsp.server/build/test/unit/work/o.n.m.j.l.s.p.S/rdccro new sourcePath: /Users/atalati/vscode-extension/main-repo/javavscode/netbeans/java/java.lsp.server/build/test/unit/work/o.n.m.j.l.s.p.S/rdccro
May 27, 2024 4:40:10 PM org.netbeans.modules.java.source.parsing.JavacParser init
WARNING: ClassPath identity changed for /Users/atalati/vscode-extension/main-repo/javavscode/netbeans/java/java.lsp.server/build/test/unit/work/o.n.m.j.l.s.p.S/rdccro/Test2.java@5cbe0648:1731dbb4, class path owner: /Users/atalati/vscode-extension/main-repo/javavscode/netbeans/java/java.lsp.server/build/test/unit/work/o.n.m.j.l.s.p.S/rdccro (class org.netbeans.modules.java.lsp.server.protocol.ServerTest$TestProjectFactory$4) original sourcePath: /Users/atalati/vscode-extension/main-repo/javavscode/netbeans/java/java.lsp.server/build/test/unit/work/o.n.m.j.l.s.p.S/rdccro new sourcePath: /Users/atalati/vscode-extension/main-repo/javavscode/netbeans/java/java.lsp.server/build/test/unit/work/o.n.m.j.l.s.p.S/rdccro
May 27, 2024 4:40:10 PM org.netbeans.modules.java.source.parsing.JavacParser init
WARNING: ClassPath identity changed for /Users/atalati/vscode-extension/main-repo/javavscode/netbeans/java/java.lsp.server/build/test/unit/work/o.n.m.j.l.s.p.S/sadm/Test.java@26af602c:662d9086, class path owner: null original sourcePath: /Users/atalati/vscode-extension/main-repo/javavscode/netbeans/java/java.lsp.server/build/test/unit/work/o.n.m.j.l.s.p.S/sadm new sourcePath: /Users/atalati/vscode-extension/main-repo/javavscode/netbeans/java/java.lsp.server/build/test/unit/work/o.n.m.j.l.s.p.S/sadm
May 27, 2024 4:40:10 PM org.netbeans.modules.java.source.parsing.JavacParser init
WARNING: ClassPath identity changed for /Users/atalati/vscode-extension/main-repo/javavscode/netbeans/java/java.lsp.server/build/test/unit/work/o.n.m.j.l.s.p.S/sh-2/Test.java@b461fcf1:3e6ca0a9, class path owner: null original sourcePath: /Users/atalati/vscode-extension/main-repo/javavscode/netbeans/java/java.lsp.server/build/test/unit/work/o.n.m.j.l.s.p.S/sh-2 new sourcePath: /Users/atalati/vscode-extension/main-repo/javavscode/netbeans/java/java.lsp.server/build/test/unit/work/o.n.m.j.l.s.p.S/sh-2
May 27, 2024 4:40:10 PM org.netbeans.modules.java.source.parsing.JavacParser init
WARNING: ClassPath identity changed for /Users/atalati/vscode-extension/main-repo/javavscode/netbeans/java/java.lsp.server/build/test/unit/work/o.n.m.j.l.s.p.S/rdccnro/Test.java@589052e0:4fbbe74b, class path owner: /Users/atalati/vscode-extension/main-repo/javavscode/netbeans/java/java.lsp.server/build/test/unit/work/o.n.m.j.l.s.p.S/rdccnro (class org.netbeans.modules.java.lsp.server.protocol.ServerTest$TestProjectFactory$4) original sourcePath: /Users/atalati/vscode-extension/main-repo/javavscode/netbeans/java/java.lsp.server/build/test/unit/work/o.n.m.j.l.s.p.S/rdccnro new sourcePath: /Users/atalati/vscode-extension/main-repo/javavscode/netbeans/java/java.lsp.server/build/test/unit/work/o.n.m.j.l.s.p.S/rdccnro
May 27, 2024 4:40:10 PM org.netbeans.modules.java.source.parsing.JavacParser init
WARNING: ClassPath identity changed for /Users/atalati/vscode-extension/main-repo/javavscode/netbeans/java/java.lsp.server/build/test/unit/work/o.n.m.j.l.s.p.S/rdccnro/Test.java@589052e0:4fbbe74b, class path owner: /Users/atalati/vscode-extension/main-repo/javavscode/netbeans/java/java.lsp.server/build/test/unit/work/o.n.m.j.l.s.p.S/rdccnro (class org.netbeans.modules.java.lsp.server.protocol.ServerTest$TestProjectFactory$4) original sourcePath: /Users/atalati/vscode-extension/main-repo/javavscode/netbeans/java/java.lsp.server/build/test/unit/work/o.n.m.j.l.s.p.S/rdccnro new sourcePath: /Users/atalati/vscode-extension/main-repo/javavscode/netbeans/java/java.lsp.server/build/test/unit/work/o.n.m.j.l.s.p.S/rdccnro
May 27, 2024 4:40:10 PM org.netbeans.modules.java.source.parsing.JavacParser init
WARNING: ClassPath identity changed for /Users/atalati/vscode-extension/main-repo/javavscode/netbeans/java/java.lsp.server/build/test/unit/work/o.n.m.j.l.s.p.S/saoi/Test.java@27dfd05f:3554d487, class path owner: null original sourcePath: /Users/atalati/vscode-extension/main-repo/javavscode/netbeans/java/java.lsp.server/build/test/unit/work/o.n.m.j.l.s.p.S/saoi new sourcePath: /Users/atalati/vscode-extension/main-repo/javavscode/netbeans/java/java.lsp.server/build/test/unit/work/o.n.m.j.l.s.p.S/saoi
May 27, 2024 4:40:10 PM org.netbeans.modules.parsing.impl.indexing.RepositoryUpdater$Work reportIndexingStart
INFO: Indexing started, time from last indexing 560 ms.
May 27, 2024 4:40:10 PM org.netbeans.modules.parsing.impl.indexing.RepositoryUpdater$RootsWork getDone
INFO: Resolving dependencies took: 0 ms
May 27, 2024 4:40:10 PM org.netbeans.modules.parsing.impl.indexing.RepositoryUpdater$AbstractRootsWork scanBinaries
INFO: Complete indexing of 0 binary roots took: 0 ms
May 27, 2024 4:40:10 PM org.netbeans.modules.parsing.impl.indexing.RepositoryUpdater$AbstractRootsWork scanSources
INFO: Complete indexing of 0 source roots took: 0 ms (New or modified files: 0, Deleted files: 0) [Adding listeners took: 0 ms]
May 27, 2024 4:40:10 PM org.netbeans.modules.parsing.impl.indexing.RepositoryUpdater$Work reportIndexerStatistics
INFO: Indexing finished, indexing took 1 ms.
May 27, 2024 4:40:10 PM org.netbeans.modules.java.source.parsing.JavacParser init
WARNING: ClassPath identity changed for /Users/atalati/vscode-extension/main-repo/javavscode/netbeans/java/java.lsp.server/build/test/unit/work/o.n.m.j.l.s.p.S/cagvfop/Test.java@2e66cfa3:631b0f6b, class path owner: null original sourcePath: /Users/atalati/vscode-extension/main-repo/javavscode/netbeans/java/java.lsp.server/build/test/unit/work/o.n.m.j.l.s.p.S/cagvfop new sourcePath: /Users/atalati/vscode-extension/main-repo/javavscode/netbeans/java/java.lsp.server/build/test/unit/work/o.n.m.j.l.s.p.S/cagvfop
May 27, 2024 4:40:10 PM org.netbeans.modules.java.source.parsing.JavacParser init
WARNING: ClassPath identity changed for /Users/atalati/vscode-extension/main-repo/javavscode/netbeans/java/java.lsp.server/build/test/unit/work/o.n.m.j.l.s.p.S/saom/Test.java@7b4d0543:4f31e1d6, class path owner: null original sourcePath: /Users/atalati/vscode-extension/main-repo/javavscode/netbeans/java/java.lsp.server/build/test/unit/work/o.n.m.j.l.s.p.S/saom new sourcePath: /Users/atalati/vscode-extension/main-repo/javavscode/netbeans/java/java.lsp.server/build/test/unit/work/o.n.m.j.l.s.p.S/saom
Creating a client for testcase: testFormatSelection
May 27, 2024 4:40:11 PM org.netbeans.modules.java.lsp.server.protocol.Server$LanguageServerImpl lambda$asyncOpenSelectedProjects1$9
INFO: 0 projects opened in 1ms
May 27, 2024 4:40:11 PM org.netbeans.modules.parsing.impl.indexing.RepositoryUpdater$Work reportIndexingStart
INFO: Indexing started, time from last indexing 584 ms.
May 27, 2024 4:40:11 PM org.netbeans.modules.java.source.parsing.JavacParser init
WARNING: ClassPath identity changed for /Users/atalati/vscode-extension/main-repo/javavscode/netbeans/java/java.lsp.server/build/test/unit/work/o.n.m.j.l.s.p.S/fi/Test.java@1dfe0878:5f46da15, class path owner: /Users/atalati/vscode-extension/main-repo/javavscode/netbeans/java/java.lsp.server/build/test/unit/work/o.n.m.j.l.s.p.S/fi (class org.netbeans.modules.java.lsp.server.protocol.ServerTest$TestProjectFactory$4) original sourcePath: /Users/atalati/vscode-extension/main-repo/javavscode/netbeans/java/java.lsp.server/build/test/unit/work/o.n.m.j.l.s.p.S/fi new sourcePath: /Users/atalati/vscode-extension/main-repo/javavscode/netbeans/java/java.lsp.server/build/test/unit/work/o.n.m.j.l.s.p.S/fi
May 27, 2024 4:40:11 PM org.netbeans.modules.java.source.indexing.JavaCustomIndexer index
WARNING: Ignoring root with no ClassPath: /Users/atalati/vscode-extension/main-repo/javavscode/netbeans/java/java.lsp.server/build/test/unit/work/o.n.m.j.l.s.p.S/ac-1
May 27, 2024 4:40:11 PM org.netbeans.modules.parsing.impl.indexing.RepositoryUpdater$Work reportIndexerStatistics
INFO: Indexing finished, indexing took 223 ms.
May 27, 2024 4:40:12 PM org.netbeans.modules.java.source.parsing.JavacParser init
WARNING: ClassPath identity changed for /Users/atalati/vscode-extension/main-repo/javavscode/netbeans/java/java.lsp.server/build/test/unit/work/o.n.m.j.l.s.p.S/h/Test.java@ada2e591:6fb7cd5a, class path owner: null original sourcePath: /Users/atalati/vscode-extension/main-repo/javavscode/netbeans/java/java.lsp.server/build/test/unit/work/o.n.m.j.l.s.p.S/h new sourcePath: /Users/atalati/vscode-extension/main-repo/javavscode/netbeans/java/java.lsp.server/build/test/unit/work/o.n.m.j.l.s.p.S/h
May 27, 2024 4:40:12 PM org.netbeans.modules.java.source.parsing.JavacParser init
WARNING: ClassPath identity changed for /Users/atalati/vscode-extension/main-repo/javavscode/netbeans/java/java.lsp.server/build/test/unit/work/o.n.m.j.l.s.p.S/fi/Test.java@1dfe0878:5f46da15, class path owner: /Users/atalati/vscode-extension/main-repo/javavscode/netbeans/java/java.lsp.server/build/test/unit/work/o.n.m.j.l.s.p.S/fi (class org.netbeans.modules.java.lsp.server.protocol.ServerTest$TestProjectFactory$4) original sourcePath: /Users/atalati/vscode-extension/main-repo/javavscode/netbeans/java/java.lsp.server/build/test/unit/work/o.n.m.j.l.s.p.S/fi new sourcePath: /Users/atalati/vscode-extension/main-repo/javavscode/netbeans/java/java.lsp.server/build/test/unit/work/o.n.m.j.l.s.p.S/fi
May 27, 2024 4:40:12 PM org.netbeans.modules.java.source.parsing.JavacParser init
WARNING: ClassPath identity changed for /Users/atalati/vscode-extension/main-repo/javavscode/netbeans/java/java.lsp.server/build/test/unit/work/o.n.m.j.l.s.p.S/cagc/Test.java@4f15c5f1:3cfef554, class path owner: null original sourcePath: /Users/atalati/vscode-extension/main-repo/javavscode/netbeans/java/java.lsp.server/build/test/unit/work/o.n.m.j.l.s.p.S/cagc new sourcePath: /Users/atalati/vscode-extension/main-repo/javavscode/netbeans/java/java.lsp.server/build/test/unit/work/o.n.m.j.l.s.p.S/cagc
May 27, 2024 4:40:12 PM org.netbeans.modules.java.source.parsing.JavacParser init
WARNING: ClassPath identity changed for /Users/atalati/vscode-extension/main-repo/javavscode/netbeans/java/java.lsp.server/build/test/unit/work/o.n.m.j.l.s.p.S/saom/Test.java@7b4d0543:4f31e1d6, class path owner: null original sourcePath: /Users/atalati/vscode-extension/main-repo/javavscode/netbeans/java/java.lsp.server/build/test/unit/work/o.n.m.j.l.s.p.S/saom new sourcePath: /Users/atalati/vscode-extension/main-repo/javavscode/netbeans/java/java.lsp.server/build/test/unit/work/o.n.m.j.l.s.p.S/saom
May 27, 2024 4:40:12 PM org.netbeans.modules.java.source.parsing.JavacParser init
WARNING: ClassPath identity changed for /Users/atalati/vscode-extension/main-repo/javavscode/netbeans/java/java.lsp.server/build/test/unit/work/o.n.m.j.l.s.p.S/fmd/Test.java@faea9a04:c9cd04f, class path owner: null original sourcePath: /Users/atalati/vscode-extension/main-repo/javavscode/netbeans/java/java.lsp.server/build/test/unit/work/o.n.m.j.l.s.p.S/fmd new sourcePath: /Users/atalati/vscode-extension/main-repo/javavscode/netbeans/java/java.lsp.server/build/test/unit/work/o.n.m.j.l.s.p.S/fmd
May 27, 2024 4:40:12 PM org.netbeans.modules.java.source.parsing.JavacParser init
WARNING: ClassPath identity changed for /Users/atalati/vscode-extension/main-repo/javavscode/netbeans/java/java.lsp.server/build/test/unit/work/o.n.m.j.l.s.p.S/fu/Test.java@18b7eb64:458c2054, class path owner: /Users/atalati/vscode-extension/main-repo/javavscode/netbeans/java/java.lsp.server/build/test/unit/work/o.n.m.j.l.s.p.S/fu (class org.netbeans.modules.java.lsp.server.protocol.ServerTest$TestProjectFactory$4) original sourcePath: /Users/atalati/vscode-extension/main-repo/javavscode/netbeans/java/java.lsp.server/build/test/unit/work/o.n.m.j.l.s.p.S/fu new sourcePath: /Users/atalati/vscode-extension/main-repo/javavscode/netbeans/java/java.lsp.server/build/test/unit/work/o.n.m.j.l.s.p.S/fu
May 27, 2024 4:40:12 PM org.netbeans.modules.java.source.parsing.JavacParser init
WARNING: ClassPath identity changed for /Users/atalati/vscode-extension/main-repo/javavscode/netbeans/java/java.lsp.server/build/test/unit/work/o.n.m.j.l.s.p.S/neahf/Other.java@4de540cf:fbaac18, class path owner: null original sourcePath: /Users/atalati/vscode-extension/main-repo/javavscode/netbeans/java/java.lsp.server/build/test/unit/work/o.n.m.j.l.s.p.S/neahf new sourcePath: /Users/atalati/vscode-extension/main-repo/javavscode/netbeans/java/java.lsp.server/build/test/unit/work/o.n.m.j.l.s.p.S/neahf
May 27, 2024 4:40:12 PM org.netbeans.modules.java.source.parsing.JavacParser init
WARNING: ClassPath identity changed for /Users/atalati/vscode-extension/main-repo/javavscode/netbeans/java/java.lsp.server/build/test/unit/work/o.n.m.j.l.s.p.S/cagvfop/Test.java@2e66cfa3:631b0f6b, class path owner: null original sourcePath: /Users/atalati/vscode-extension/main-repo/javavscode/netbeans/java/java.lsp.server/build/test/unit/work/o.n.m.j.l.s.p.S/cagvfop new sourcePath: /Users/atalati/vscode-extension/main-repo/javavscode/netbeans/java/java.lsp.server/build/test/unit/work/o.n.m.j.l.s.p.S/cagvfop
Creating a client for testcase: testPullUp
May 27, 2024 4:40:12 PM org.netbeans.modules.project.ui.OpenProjectList log
INFO: USG_PROJECT_OPEN
May 27, 2024 4:40:12 PM org.netbeans.modules.java.lsp.server.protocol.Server$LanguageServerImpl lambda$asyncOpenSelectedProjects1$9
INFO: 1 projects opened in 1ms
May 27, 2024 4:40:12 PM org.netbeans.modules.java.source.parsing.JavacParser init
WARNING: ClassPath identity changed for /Users/atalati/vscode-extension/main-repo/javavscode/netbeans/java/java.lsp.server/build/test/unit/work/o.n.m.j.l.s.p.S/caiaamie/Test.java@5976eef5:76990e1e, class path owner: null original sourcePath: /Users/atalati/vscode-extension/main-repo/javavscode/netbeans/java/java.lsp.server/build/test/unit/work/o.n.m.j.l.s.p.S/caiaamie new sourcePath: /Users/atalati/vscode-extension/main-repo/javavscode/netbeans/java/java.lsp.server/build/test/unit/work/o.n.m.j.l.s.p.S/caiaamie
May 27, 2024 4:40:12 PM org.netbeans.modules.java.source.parsing.JavacParser init
WARNING: ClassPath identity changed for /Users/atalati/vscode-extension/main-repo/javavscode/netbeans/java/java.lsp.server/build/test/unit/work/o.n.m.j.l.s.p.S/cawr/Test.java@83950a0e:1e256438, class path owner: null original sourcePath: /Users/atalati/vscode-extension/main-repo/javavscode/netbeans/java/java.lsp.server/build/test/unit/work/o.n.m.j.l.s.p.S/cawr new sourcePath: /Users/atalati/vscode-extension/main-repo/javavscode/netbeans/java/java.lsp.server/build/test/unit/work/o.n.m.j.l.s.p.S/cawr
May 27, 2024 4:40:12 PM org.netbeans.modules.java.source.parsing.JavacParser init
WARNING: ClassPath identity changed for /Users/atalati/vscode-extension/main-repo/javavscode/netbeans/java/java.lsp.server/build/test/unit/work/o.n.m.j.l.s.p.S/caiaamic/Test.java@2f880073:3a94243d, class path owner: null original sourcePath: /Users/atalati/vscode-extension/main-repo/javavscode/netbeans/java/java.lsp.server/build/test/unit/work/o.n.m.j.l.s.p.S/caiaamic new sourcePath: /Users/atalati/vscode-extension/main-repo/javavscode/netbeans/java/java.lsp.server/build/test/unit/work/o.n.m.j.l.s.p.S/caiaamic
May 27, 2024 4:40:12 PM org.netbeans.modules.java.source.parsing.JavacParser init
WARNING: ClassPath identity changed for /Users/atalati/vscode-extension/main-repo/javavscode/netbeans/java/java.lsp.server/build/test/unit/work/o.n.m.j.l.s.p.S/caiaamiac/Test.java@5be81650:1700fcb8, class path owner: null original sourcePath: /Users/atalati/vscode-extension/main-repo/javavscode/netbeans/java/java.lsp.server/build/test/unit/work/o.n.m.j.l.s.p.S/caiaamiac new sourcePath: /Users/atalati/vscode-extension/main-repo/javavscode/netbeans/java/java.lsp.server/build/test/unit/work/o.n.m.j.l.s.p.S/caiaamiac
May 27, 2024 4:40:12 PM org.netbeans.modules.java.source.parsing.JavacParser init
WARNING: ClassPath identity changed for /Users/atalati/vscode-extension/main-repo/javavscode/netbeans/java/java.lsp.server/build/test/unit/work/o.n.m.j.l.s.p.S/es/a/Test.java@ff4153f7:1210aea, class path owner: /Users/atalati/vscode-extension/main-repo/javavscode/netbeans/java/java.lsp.server/build/test/unit/work/o.n.m.j.l.s.p.S/es (class org.netbeans.modules.java.lsp.server.protocol.ServerTest$TestProjectFactory$4) original sourcePath: /Users/atalati/vscode-extension/main-repo/javavscode/netbeans/java/java.lsp.server/build/test/unit/work/o.n.m.j.l.s.p.S/es new sourcePath: /Users/atalati/vscode-extension/main-repo/javavscode/netbeans/java/java.lsp.server/build/test/unit/work/o.n.m.j.l.s.p.S/es
May 27, 2024 4:40:12 PM org.netbeans.modules.java.source.parsing.JavacParser init
WARNING: ClassPath identity changed for /Users/atalati/vscode-extension/main-repo/javavscode/netbeans/java/java.lsp.server/build/test/unit/work/o.n.m.j.l.s.p.S/m/Test.java@96357854:2cb18a69, class path owner: null original sourcePath: /Users/atalati/vscode-extension/main-repo/javavscode/netbeans/java/java.lsp.server/build/test/unit/work/o.n.m.j.l.s.p.S/m new sourcePath: /Users/atalati/vscode-extension/main-repo/javavscode/netbeans/java/java.lsp.server/build/test/unit/work/o.n.m.j.l.s.p.S/m
May 27, 2024 4:40:12 PM org.netbeans.modules.java.source.parsing.JavacParser init
WARNING: ClassPath identity changed for /Users/atalati/vscode-extension/main-repo/javavscode/netbeans/java/java.lsp.server/build/test/unit/work/o.n.m.j.l.s.p.S/sags/Test.java@bb3c03f1:38e6b70b, class path owner: null original sourcePath: /Users/atalati/vscode-extension/main-repo/javavscode/netbeans/java/java.lsp.server/build/test/unit/work/o.n.m.j.l.s.p.S/sags new sourcePath: /Users/atalati/vscode-extension/main-repo/javavscode/netbeans/java/java.lsp.server/build/test/unit/work/o.n.m.j.l.s.p.S/sags
May 27, 2024 4:40:12 PM org.netbeans.modules.java.source.parsing.JavacParser init
WARNING: ClassPath identity changed for /Users/atalati/vscode-extension/main-repo/javavscode/netbeans/java/java.lsp.server/build/test/unit/work/o.n.m.j.l.s.p.S/fi/Test.java@1dfe0878:5f46da15, class path owner: /Users/atalati/vscode-extension/main-repo/javavscode/netbeans/java/java.lsp.server/build/test/unit/work/o.n.m.j.l.s.p.S/fi (class org.netbeans.modules.java.lsp.server.protocol.ServerTest$TestProjectFactory$4) original sourcePath: /Users/atalati/vscode-extension/main-repo/javavscode/netbeans/java/java.lsp.server/build/test/unit/work/o.n.m.j.l.s.p.S/fi new sourcePath: /Users/atalati/vscode-extension/main-repo/javavscode/netbeans/java/java.lsp.server/build/test/unit/work/o.n.m.j.l.s.p.S/fi
May 27, 2024 4:40:12 PM org.netbeans.modules.java.source.parsing.JavacParser init
WARNING: ClassPath identity changed for /Users/atalati/vscode-extension/main-repo/javavscode/netbeans/java/java.lsp.server/build/test/unit/work/o.n.m.j.l.s.p.S/cagc/Test.java@4f15c5f1:3cfef554, class path owner: null original sourcePath: /Users/atalati/vscode-extension/main-repo/javavscode/netbeans/java/java.lsp.server/build/test/unit/work/o.n.m.j.l.s.p.S/cagc new sourcePath: /Users/atalati/vscode-extension/main-repo/javavscode/netbeans/java/java.lsp.server/build/test/unit/work/o.n.m.j.l.s.p.S/cagc
May 27, 2024 4:40:12 PM org.netbeans.modules.java.source.parsing.JavacParser init
WARNING: ClassPath identity changed for /Users/atalati/vscode-extension/main-repo/javavscode/netbeans/java/java.lsp.server/build/test/unit/work/o.n.m.j.l.s.p.S/saom/Test.java@7b4d0543:4f31e1d6, class path owner: null original sourcePath: /Users/atalati/vscode-extension/main-repo/javavscode/netbeans/java/java.lsp.server/build/test/unit/work/o.n.m.j.l.s.p.S/saom new sourcePath: /Users/atalati/vscode-extension/main-repo/javavscode/netbeans/java/java.lsp.server/build/test/unit/work/o.n.m.j.l.s.p.S/saom
May 27, 2024 4:40:13 PM org.netbeans.modules.java.source.parsing.JavacParser init
WARNING: ClassPath identity changed for /Users/atalati/vscode-extension/main-repo/javavscode/netbeans/java/java.lsp.server/build/test/unit/work/o.n.m.j.l.s.p.S/h/Test.java@ada2e591:6fb7cd5a, class path owner: null original sourcePath: /Users/atalati/vscode-extension/main-repo/javavscode/netbeans/java/java.lsp.server/build/test/unit/work/o.n.m.j.l.s.p.S/h new sourcePath: /Users/atalati/vscode-extension/main-repo/javavscode/netbeans/java/java.lsp.server/build/test/unit/work/o.n.m.j.l.s.p.S/h
May 27, 2024 4:40:13 PM org.netbeans.modules.java.source.parsing.JavacParser init
WARNING: ClassPath identity changed for /Users/atalati/vscode-extension/main-repo/javavscode/netbeans/java/java.lsp.server/build/test/unit/work/o.n.m.j.l.s.p.S/fmd/Test.java@faea9a04:c9cd04f, class path owner: null original sourcePath: /Users/atalati/vscode-extension/main-repo/javavscode/netbeans/java/java.lsp.server/build/test/unit/work/o.n.m.j.l.s.p.S/fmd new sourcePath: /Users/atalati/vscode-extension/main-repo/javavscode/netbeans/java/java.lsp.server/build/test/unit/work/o.n.m.j.l.s.p.S/fmd
May 27, 2024 4:40:13 PM org.netbeans.modules.java.source.parsing.JavacParser init
WARNING: ClassPath identity changed for /Users/atalati/vscode-extension/main-repo/javavscode/netbeans/java/java.lsp.server/build/test/unit/work/o.n.m.j.l.s.p.S/fu/Test.java@18b7eb64:458c2054, class path owner: /Users/atalati/vscode-extension/main-repo/javavscode/netbeans/java/java.lsp.server/build/test/unit/work/o.n.m.j.l.s.p.S/fu (class org.netbeans.modules.java.lsp.server.protocol.ServerTest$TestProjectFactory$4) original sourcePath: /Users/atalati/vscode-extension/main-repo/javavscode/netbeans/java/java.lsp.server/build/test/unit/work/o.n.m.j.l.s.p.S/fu new sourcePath: /Users/atalati/vscode-extension/main-repo/javavscode/netbeans/java/java.lsp.server/build/test/unit/work/o.n.m.j.l.s.p.S/fu
May 27, 2024 4:40:13 PM org.netbeans.modules.java.source.parsing.JavacParser init
WARNING: ClassPath identity changed for /Users/atalati/vscode-extension/main-repo/javavscode/netbeans/java/java.lsp.server/build/test/unit/work/o.n.m.j.l.s.p.S/neahf/Other.java@4de540cf:fbaac18, class path owner: null original sourcePath: /Users/atalati/vscode-extension/main-repo/javavscode/netbeans/java/java.lsp.server/build/test/unit/work/o.n.m.j.l.s.p.S/neahf new sourcePath: /Users/atalati/vscode-extension/main-repo/javavscode/netbeans/java/java.lsp.server/build/test/unit/work/o.n.m.j.l.s.p.S/neahf
May 27, 2024 4:40:13 PM org.netbeans.modules.parsing.impl.indexing.RepositoryUpdater$Work reportIndexingStart
INFO: Indexing started, time from last indexing 1,357 ms.
May 27, 2024 4:40:13 PM org.netbeans.modules.parsing.impl.indexing.LogContext$RingTimeBuffer checkAndReport
WARNING: Excessive indexing rate detected: 11 in 1mins, treshold is 10. Dumping suspicious contexts
May 27, 2024 4:40:13 PM org.netbeans.modules.parsing.impl.indexing.LogContext log
INFO: SCAN_EXCEEDS_RATE ID: 31, Type:PATH
Time scheduled: Mon May 27 16:39:39 IST 2024
Time executed: Mon May 27 16:39:40 IST 2024
Time finished: Mon May 27 16:39:40 IST 2024
Scanned roots: [< root = nbjrt:file:/Library/Java/JavaVirtualMachines/jdk-17.0.8.jdk/Contents/Home/!/modules/jdk.management.jfr/; spent = 1; crawler = 0; res = -1; allRes = -1>
	 < root = nbjrt:file:/Library/Java/JavaVirtualMachines/jdk-17.0.8.jdk/Contents/Home/!/modules/jdk.management/; spent = 1; crawler = 0; res = -1; allRes = -1>
	 < root = nbjrt:file:/Library/Java/JavaVirtualMachines/jdk-17.0.8.jdk/Contents/Home/!/modules/java.scripting/; spent = 32808; crawler = 0; res = -1; allRes = -1>
	 < root = nbjrt:file:/Library/Java/JavaVirtualMachines/jdk-17.0.8.jdk/Contents/Home/!/modules/java.datatransfer/; spent = 32808; crawler = 0; res = -1; allRes = -1>
	 < root = nbjrt:file:/Library/Java/JavaVirtualMachines/jdk-17.0.8.jdk/Contents/Home/!/modules/jdk.unsupported.desktop/; spent = 1; crawler = 0; res = -1; allRes = -1>
	 < root = nbjrt:file:/Library/Java/JavaVirtualMachines/jdk-17.0.8.jdk/Contents/Home/!/modules/jdk.internal.ed/; spent = 1; crawler = 0; res = -1; allRes = -1>
	 < root = nbjrt:file:/Library/Java/JavaVirtualMachines/jdk-17.0.8.jdk/Contents/Home/!/modules/jdk.internal.vm.compiler.management/; spent = 32807; crawler = 0; res = -1; allRes = -1>
	 < root = nbjrt:file:/Library/Java/JavaVirtualMachines/jdk-17.0.8.jdk/Contents/Home/!/modules/jdk.internal.opt/; spent = 32807; crawler = 0; res = -1; allRes = -1>
	 < root = nbjrt:file:/Library/Java/JavaVirtualMachines/jdk-17.0.8.jdk/Contents/Home/!/modules/jdk.jsobject/; spent = 1; crawler = 0; res = -1; allRes = -1>
	 < root = nbjrt:file:/Library/Java/JavaVirtualMachines/jdk-17.0.8.jdk/Contents/Home/!/modules/jdk.sctp/; spent = 1; crawler = 0; res = -1; allRes = -1>
	 < root = nbjrt:file:/Library/Java/JavaVirtualMachines/jdk-17.0.8.jdk/Contents/Home/!/modules/jdk.unsupported/; spent = 1; crawler = 0; res = -1; allRes = -1>
	 < root = nbjrt:file:/Library/Java/JavaVirtualMachines/jdk-17.0.8.jdk/Contents/Home/!/modules/java.management/; spent = 1; crawler = 0; res = -1; allRes = -1>
	 < root = nbjrt:file:/Library/Java/JavaVirtualMachines/jdk-17.0.8.jdk/Contents/Home/!/modules/java.rmi/; spent = 32805; crawler = 0; res = -1; allRes = -1>
	 < root = nbjrt:file:/Library/Java/JavaVirtualMachines/jdk-17.0.8.jdk/Contents/Home/!/modules/jdk.naming.dns/; spent = 32805; crawler = 0; res = -1; allRes = -1>
	 < root = nbjrt:file:/Library/Java/JavaVirtualMachines/jdk-17.0.8.jdk/Contents/Home/!/modules/java.instrument/; spent = 1; crawler = 0; res = -1; allRes = -1>
	 < root = nbjrt:file:/Library/Java/JavaVirtualMachines/jdk-17.0.8.jdk/Contents/Home/!/modules/jdk.crypto.ec/; spent = 1; crawler = 0; res = -1; allRes = -1>
	 < root = nbjrt:file:/Library/Java/JavaVirtualMachines/jdk-17.0.8.jdk/Contents/Home/!/modules/jdk.incubator.vector/; spent = 32804; crawler = 0; res = -1; allRes = -1>
	 < root = nbjrt:file:/Library/Java/JavaVirtualMachines/jdk-17.0.8.jdk/Contents/Home/!/modules/java.security.sasl/; spent = 32804; crawler = 0; res = -1; allRes = -1>
	 < root = nbjrt:file:/Library/Java/JavaVirtualMachines/jdk-17.0.8.jdk/Contents/Home/!/modules/jdk.editpad/; spent = 1; crawler = 0; res = -1; allRes = -1>
	 < root = nbjrt:file:/Library/Java/JavaVirtualMachines/jdk-17.0.8.jdk/Contents/Home/!/modules/java.logging/; spent = 1; crawler = 0; res = -1; allRes = -1>
	 < root = nbjrt:file:/Library/Java/JavaVirtualMachines/jdk-17.0.8.jdk/Contents/Home/!/modules/jdk.internal.le/; spent = 32803; crawler = 0; res = -1; allRes = -1>
	 < root = nbjrt:file:/Library/Java/JavaVirtualMachines/jdk-17.0.8.jdk/Contents/Home/!/modules/jdk.jdwp.agent/; spent = 32803; crawler = 0; res = -1; allRes = -1>
	 < root = nbjrt:file:/Library/Java/JavaVirtualMachines/jdk-17.0.8.jdk/Contents/Home/!/modules/java.security.jgss/; spent = 1; crawler = 0; res = -1; allRes = -1>
	 < root = nbjrt:file:/Library/Java/JavaVirtualMachines/jdk-17.0.8.jdk/Contents/Home/!/modules/jdk.incubator.foreign/; spent = 1; crawler = 0; res = -1; allRes = -1>
	 < root = nbjrt:file:/Library/Java/JavaVirtualMachines/jdk-17.0.8.jdk/Contents/Home/!/modules/jdk.nio.mapmode/; spent = 32802; crawler = 0; res = -1; allRes = -1>
	 < root = nbjrt:file:/Library/Java/JavaVirtualMachines/jdk-17.0.8.jdk/Contents/Home/!/modules/jdk.zipfs/; spent = 1; crawler = 0; res = -1; allRes = -1>
	 < root = nbjrt:file:/Library/Java/JavaVirtualMachines/jdk-17.0.8.jdk/Contents/Home/!/modules/java.management.rmi/; spent = 32801; crawler = 0; res = -1; allRes = -1>
	 < root = nbjrt:file:/Library/Java/JavaVirtualMachines/jdk-17.0.8.jdk/Contents/Home/!/modules/java.naming/; spent = 32801; crawler = 0; res = -1; allRes = -1>
	 < root = nbjrt:file:/Library/Java/JavaVirtualMachines/jdk-17.0.8.jdk/Contents/Home/!/modules/java.desktop/; spent = 32801; crawler = 0; res = -1; allRes = -1>
	 < root = nbjrt:file:/Library/Java/JavaVirtualMachines/jdk-17.0.8.jdk/Contents/Home/!/modules/jdk.localedata/; spent = 32801; crawler = 0; res = -1; allRes = -1>
	 < root = nbjrt:file:/Library/Java/JavaVirtualMachines/jdk-17.0.8.jdk/Contents/Home/!/modules/jdk.internal.jvmstat/; spent = 1; crawler = 0; res = -1; allRes = -1>
	 < root = nbjrt:file:/Library/Java/JavaVirtualMachines/jdk-17.0.8.jdk/Contents/Home/!/modules/java.base/; spent = 1; crawler = 0; res = -1; allRes = -1>
	 < root = nbjrt:file:/Library/Java/JavaVirtualMachines/jdk-17.0.8.jdk/Contents/Home/!/modules/jdk.jlink/; spent = 32800; crawler = 0; res = -1; allRes = -1>
	 < root = nbjrt:file:/Library/Java/JavaVirtualMachines/jdk-17.0.8.jdk/Contents/Home/!/modules/jdk.security.jgss/; spent = 32800; crawler = 0; res = -1; allRes = -1>
	 < root = nbjrt:file:/Library/Java/JavaVirtualMachines/jdk-17.0.8.jdk/Contents/Home/!/modules/jdk.hotspot.agent/; spent = 32800; crawler = 0; res = -1; allRes = -1>
	 < root = nbjrt:file:/Library/Java/JavaVirtualMachines/jdk-17.0.8.jdk/Contents/Home/!/modules/jdk.jcmd/; spent = 32800; crawler = 0; res = -1; allRes = -1>
	 < root = nbjrt:file:/Library/Java/JavaVirtualMachines/jdk-17.0.8.jdk/Contents/Home/!/modules/jdk.jpackage/; spent = 1; crawler = 0; res = -1; allRes = -1>
	 < root = nbjrt:file:/Library/Java/JavaVirtualMachines/jdk-17.0.8.jdk/Contents/Home/!/modules/jdk.xml.dom/; spent = 1; crawler = 0; res = -1; allRes = -1>
	 < root = nbjrt:file:/Library/Java/JavaVirtualMachines/jdk-17.0.8.jdk/Contents/Home/!/modules/jdk.jshell/; spent = 32799; crawler = 0; res = -1; allRes = -1>
	 < root = nbjrt:file:/Library/Java/JavaVirtualMachines/jdk-17.0.8.jdk/Contents/Home/!/modules/java.sql.rowset/; spent = 32799; crawler = 0; res = -1; allRes = -1>
	 < root = nbjrt:file:/Library/Java/JavaVirtualMachines/jdk-17.0.8.jdk/Contents/Home/!/modules/java.xml.crypto/; spent = 32799; crawler = 0; res = -1; allRes = -1>
	 < root = nbjrt:file:/Library/Java/JavaVirtualMachines/jdk-17.0.8.jdk/Contents/Home/!/modules/jdk.security.auth/; spent = 32799; crawler = 0; res = -1; allRes = -1>
	 < root = nbjrt:file:/Library/Java/JavaVirtualMachines/jdk-17.0.8.jdk/Contents/Home/!/modules/jdk.jdeps/; spent = 32799; crawler = 0; res = -1; allRes = -1>
	 < root = nbjrt:file:/Library/Java/JavaVirtualMachines/jdk-17.0.8.jdk/Contents/Home/!/modules/jdk.management.agent/; spent = 1; crawler = 0; res = -1; allRes = -1>
	 < root = nbjrt:file:/Library/Java/JavaVirtualMachines/jdk-17.0.8.jdk/Contents/Home/!/modules/java.smartcardio/; spent = 1; crawler = 0; res = -1; allRes = -1>
	 < root = nbjrt:file:/Library/Java/JavaVirtualMachines/jdk-17.0.8.jdk/Contents/Home/!/modules/java.sql/; spent = 32798; crawler = 0; res = -1; allRes = -1>
	 < root = nbjrt:file:/Library/Java/JavaVirtualMachines/jdk-17.0.8.jdk/Contents/Home/!/modules/java.net.http/; spent = 32798; crawler = 0; res = -1; allRes = -1>
	 < root = nbjrt:file:/Library/Java/JavaVirtualMachines/jdk-17.0.8.jdk/Contents/Home/!/modules/jdk.naming.rmi/; spent = 32798; crawler = 0; res = -1; allRes = -1>
	 < root = nbjrt:file:/Library/Java/JavaVirtualMachines/jdk-17.0.8.jdk/Contents/Home/!/modules/jdk.random/; spent = 1; crawler = 0; res = -1; allRes = -1>
	 < root = nbjrt:file:/Library/Java/JavaVirtualMachines/jdk-17.0.8.jdk/Contents/Home/!/modules/jdk.accessibility/; spent = 1; crawler = 0; res = -1; allRes = -1>
	 < root = nbjrt:file:/Library/Java/JavaVirtualMachines/jdk-17.0.8.jdk/Contents/Home/!/modules/java.xml/; spent = 32797; crawler = 0; res = -1; allRes = -1>
	 < root = nbjrt:file:/Library/Java/JavaVirtualMachines/jdk-17.0.8.jdk/Contents/Home/!/modules/jdk.jconsole/; spent = 32797; crawler = 0; res = -1; allRes = -1>
	 < root = nbjrt:file:/Library/Java/JavaVirtualMachines/jdk-17.0.8.jdk/Contents/Home/!/modules/java.compiler/; spent = 32797; crawler = 0; res = -1; allRes = -1>
	 < root = nbjrt:file:/Library/Java/JavaVirtualMachines/jdk-17.0.8.jdk/Contents/Home/!/modules/jdk.crypto.cryptoki/; spent = 32797; crawler = 0; res = -1; allRes = -1>
	 < root = nbjrt:file:/Library/Java/JavaVirtualMachines/jdk-17.0.8.jdk/Contents/Home/!/modules/jdk.internal.vm.ci/; spent = 1; crawler = 0; res = -1; allRes = -1>
	 < root = nbjrt:file:/Library/Java/JavaVirtualMachines/jdk-17.0.8.jdk/Contents/Home/!/modules/jdk.jdi/; spent = 1; crawler = 0; res = -1; allRes = -1>
	 < root = nbjrt:file:/Library/Java/JavaVirtualMachines/jdk-17.0.8.jdk/Contents/Home/!/modules/jdk.internal.vm.compiler/; spent = 32796; crawler = 0; res = -1; allRes = -1>
	 < root = nbjrt:file:/Library/Java/JavaVirtualMachines/jdk-17.0.8.jdk/Contents/Home/!/modules/java.transaction.xa/; spent = 32796; crawler = 0; res = -1; allRes = -1>
	 < root = nbjrt:file:/Library/Java/JavaVirtualMachines/jdk-17.0.8.jdk/Contents/Home/!/modules/jdk.attach/; spent = 32796; crawler = 0; res = -1; allRes = -1>
	 < root = nbjrt:file:/Library/Java/JavaVirtualMachines/jdk-17.0.8.jdk/Contents/Home/!/modules/jdk.dynalink/; spent = 32796; crawler = 0; res = -1; allRes = -1>
	 < root = nbjrt:file:/Library/Java/JavaVirtualMachines/jdk-17.0.8.jdk/Contents/Home/!/modules/jdk.httpserver/; spent = 1; crawler = 0; res = -1; allRes = -1>
	 < root = nbjrt:file:/Library/Java/JavaVirtualMachines/jdk-17.0.8.jdk/Contents/Home/!/modules/jdk.javadoc/; spent = 1; crawler = 0; res = -1; allRes = -1>
	 < root = nbjrt:file:/Library/Java/JavaVirtualMachines/jdk-17.0.8.jdk/Contents/Home/!/modules/jdk.jartool/; spent = 32795; crawler = 0; res = -1; allRes = -1>
	 < root = nbjrt:file:/Library/Java/JavaVirtualMachines/jdk-17.0.8.jdk/Contents/Home/!/modules/java.prefs/; spent = 32795; crawler = 0; res = -1; allRes = -1>
	 < root = nbjrt:file:/Library/Java/JavaVirtualMachines/jdk-17.0.8.jdk/Contents/Home/!/modules/jdk.net/; spent = 32795; crawler = 0; res = -1; allRes = -1>
	 < root = nbjrt:file:/Library/Java/JavaVirtualMachines/jdk-17.0.8.jdk/Contents/Home/!/modules/jdk.jstatd/; spent = 32795; crawler = 0; res = -1; allRes = -1>
	 < root = nbjrt:file:/Library/Java/JavaVirtualMachines/jdk-17.0.8.jdk/Contents/Home/!/modules/jdk.compiler/; spent = 32795; crawler = 0; res = -1; allRes = -1>
	 < root = nbjrt:file:/Library/Java/JavaVirtualMachines/jdk-17.0.8.jdk/Contents/Home/!/modules/java.se/; spent = 32795; crawler = 0; res = -1; allRes = -1>
	 < root = nbjrt:file:/Library/Java/JavaVirtualMachines/jdk-17.0.8.jdk/Contents/Home/!/modules/jdk.charsets/; spent = 1; crawler = 0; res = -1; allRes = -1>
	 < root = nbjrt:file:/Library/Java/JavaVirtualMachines/jdk-17.0.8.jdk/Contents/Home/!/modules/jdk.jfr/; spent = 1; crawler = 0; res = -1; allRes = -1>
	 < root = file:/Users/atalati/vscode-extension/main-repo/javavscode/netbeans/java/java.lsp.server/build/test/unit/work/o.n.m.j.l.s.p.S/fu/; spent = 57; crawler = 0; res = 3; allRes = 3>]
, total time: 86
Current root(s): []
Current indexer(s): 
Time spent in indexers:
	LSPServerTelemetry: 0
	java: 70
	java-launcher-compiler-options: 0
	org-netbeans-modules-jumpto-file-FileIndexer: 1
	org.netbeans.modules.java.source.indexing.COSSynchronizingIndexer: 0
	tests: 1
	text/x-java: 3
Time spent in indexers, in individual roots:
	nbjrt:file:/Library/Java/JavaVirtualMachines/jdk-17.0.8.jdk/Contents/Home/!/modules/jdk.management.jfr/
		java: 0
	nbjrt:file:/Library/Java/JavaVirtualMachines/jdk-17.0.8.jdk/Contents/Home/!/modules/jdk.management/
		java: 1
	nbjrt:file:/Library/Java/JavaVirtualMachines/jdk-17.0.8.jdk/Contents/Home/!/modules/java.scripting/
		java: 0
	nbjrt:file:/Library/Java/JavaVirtualMachines/jdk-17.0.8.jdk/Contents/Home/!/modules/java.datatransfer/
		java: 0
	nbjrt:file:/Library/Java/JavaVirtualMachines/jdk-17.0.8.jdk/Contents/Home/!/modules/jdk.unsupported.desktop/
		java: 1
	nbjrt:file:/Library/Java/JavaVirtualMachines/jdk-17.0.8.jdk/Contents/Home/!/modules/jdk.internal.ed/
		java: 1
	nbjrt:file:/Library/Java/JavaVirtualMachines/jdk-17.0.8.jdk/Contents/Home/!/modules/jdk.internal.vm.compiler.management/
		java: 0
	nbjrt:file:/Library/Java/JavaVirtualMachines/jdk-17.0.8.jdk/Contents/Home/!/modules/jdk.internal.opt/
		java: 0
	nbjrt:file:/Library/Java/JavaVirtualMachines/jdk-17.0.8.jdk/Contents/Home/!/modules/jdk.jsobject/
		java: 1
	nbjrt:file:/Library/Java/JavaVirtualMachines/jdk-17.0.8.jdk/Contents/Home/!/modules/jdk.sctp/
		java: 1
	nbjrt:file:/Library/Java/JavaVirtualMachines/jdk-17.0.8.jdk/Contents/Home/!/modules/jdk.unsupported/
		java: 1
	nbjrt:file:/Library/Java/JavaVirtualMachines/jdk-17.0.8.jdk/Contents/Home/!/modules/java.management/
		java: 1
	nbjrt:file:/Library/Java/JavaVirtualMachines/jdk-17.0.8.jdk/Contents/Home/!/modules/java.rmi/
		java: 0
	nbjrt:file:/Library/Java/JavaVirtualMachines/jdk-17.0.8.jdk/Contents/Home/!/modules/jdk.naming.dns/
		java: 0
	nbjrt:file:/Library/Java/JavaVirtualMachines/jdk-17.0.8.jdk/Contents/Home/!/modules/java.instrument/
		java: 1
	nbjrt:file:/Library/Java/JavaVirtualMachines/jdk-17.0.8.jdk/Contents/Home/!/modules/jdk.crypto.ec/
		java: 1
	nbjrt:file:/Library/Java/JavaVirtualMachines/jdk-17.0.8.jdk/Contents/Home/!/modules/jdk.incubator.vector/
		java: 0
	nbjrt:file:/Library/Java/JavaVirtualMachines/jdk-17.0.8.jdk/Contents/Home/!/modules/java.security.sasl/
		java: 0
	nbjrt:file:/Library/Java/JavaVirtualMachines/jdk-17.0.8.jdk/Contents/Home/!/modules/jdk.editpad/
		java: 1
	nbjrt:file:/Library/Java/JavaVirtualMachines/jdk-17.0.8.jdk/Contents/Home/!/modules/java.logging/
		java: 1
	nbjrt:file:/Library/Java/JavaVirtualMachines/jdk-17.0.8.jdk/Contents/Home/!/modules/jdk.internal.le/
		java: 0
	nbjrt:file:/Library/Java/JavaVirtualMachines/jdk-17.0.8.jdk/Contents/Home/!/modules/jdk.jdwp.agent/
		java: 0
	nbjrt:file:/Library/Java/JavaVirtualMachines/jdk-17.0.8.jdk/Contents/Home/!/modules/java.security.jgss/
		java: 1
	nbjrt:file:/Library/Java/JavaVirtualMachines/jdk-17.0.8.jdk/Contents/Home/!/modules/jdk.incubator.foreign/
		java: 1
	nbjrt:file:/Library/Java/JavaVirtualMachines/jdk-17.0.8.jdk/Contents/Home/!/modules/jdk.nio.mapmode/
		java: 0
	nbjrt:file:/Library/Java/JavaVirtualMachines/jdk-17.0.8.jdk/Contents/Home/!/modules/jdk.zipfs/
		java: 0
	nbjrt:file:/Library/Java/JavaVirtualMachines/jdk-17.0.8.jdk/Contents/Home/!/modules/java.management.rmi/
		java: 0
	nbjrt:file:/Library/Java/JavaVirtualMachines/jdk-17.0.8.jdk/Contents/Home/!/modules/java.naming/
		java: 0
	nbjrt:file:/Library/Java/JavaVirtualMachines/jdk-17.0.8.jdk/Contents/Home/!/modules/java.desktop/
		java: 0
	nbjrt:file:/Library/Java/JavaVirtualMachines/jdk-17.0.8.jdk/Contents/Home/!/modules/jdk.localedata/
		java: 0
	nbjrt:file:/Library/Java/JavaVirtualMachines/jdk-17.0.8.jdk/Contents/Home/!/modules/jdk.internal.jvmstat/
		java: 1
	nbjrt:file:/Library/Java/JavaVirtualMachines/jdk-17.0.8.jdk/Contents/Home/!/modules/java.base/
		java: 0
	nbjrt:file:/Library/Java/JavaVirtualMachines/jdk-17.0.8.jdk/Contents/Home/!/modules/jdk.jlink/
		java: 0
	nbjrt:file:/Library/Java/JavaVirtualMachines/jdk-17.0.8.jdk/Contents/Home/!/modules/jdk.security.jgss/
		java: 0
	nbjrt:file:/Library/Java/JavaVirtualMachines/jdk-17.0.8.jdk/Contents/Home/!/modules/jdk.hotspot.agent/
		java: 0
	nbjrt:file:/Library/Java/JavaVirtualMachines/jdk-17.0.8.jdk/Contents/Home/!/modules/jdk.jcmd/
		java: 0
	nbjrt:file:/Library/Java/JavaVirtualMachines/jdk-17.0.8.jdk/Contents/Home/!/modules/jdk.jpackage/
		java: 1
	nbjrt:file:/Library/Java/JavaVirtualMachines/jdk-17.0.8.jdk/Contents/Home/!/modules/jdk.xml.dom/
		java: 1
	nbjrt:file:/Library/Java/JavaVirtualMachines/jdk-17.0.8.jdk/Contents/Home/!/modules/jdk.jshell/
		java: 0
	nbjrt:file:/Library/Java/JavaVirtualMachines/jdk-17.0.8.jdk/Contents/Home/!/modules/java.sql.rowset/
		java: 0
	nbjrt:file:/Library/Java/JavaVirtualMachines/jdk-17.0.8.jdk/Contents/Home/!/modules/java.xml.crypto/
		java: 0
	nbjrt:file:/Library/Java/JavaVirtualMachines/jdk-17.0.8.jdk/Contents/Home/!/modules/jdk.security.auth/
		java: 0
	nbjrt:file:/Library/Java/JavaVirtualMachines/jdk-17.0.8.jdk/Contents/Home/!/modules/jdk.jdeps/
		java: 0
	nbjrt:file:/Library/Java/JavaVirtualMachines/jdk-17.0.8.jdk/Contents/Home/!/modules/jdk.management.agent/
		java: 1
	nbjrt:file:/Library/Java/JavaVirtualMachines/jdk-17.0.8.jdk/Contents/Home/!/modules/java.smartcardio/
		java: 1
	nbjrt:file:/Library/Java/JavaVirtualMachines/jdk-17.0.8.jdk/Contents/Home/!/modules/java.sql/
		java: 0
	nbjrt:file:/Library/Java/JavaVirtualMachines/jdk-17.0.8.jdk/Contents/Home/!/modules/java.net.http/
		java: 0
	nbjrt:file:/Library/Java/JavaVirtualMachines/jdk-17.0.8.jdk/Contents/Home/!/modules/jdk.naming.rmi/
		java: 0
	nbjrt:file:/Library/Java/JavaVirtualMachines/jdk-17.0.8.jdk/Contents/Home/!/modules/jdk.random/
		java: 1
	nbjrt:file:/Library/Java/JavaVirtualMachines/jdk-17.0.8.jdk/Contents/Home/!/modules/jdk.accessibility/
		java: 1
	nbjrt:file:/Library/Java/JavaVirtualMachines/jdk-17.0.8.jdk/Contents/Home/!/modules/java.xml/
		java: 0
	nbjrt:file:/Library/Java/JavaVirtualMachines/jdk-17.0.8.jdk/Contents/Home/!/modules/jdk.jconsole/
		java: 0
	nbjrt:file:/Library/Java/JavaVirtualMachines/jdk-17.0.8.jdk/Contents/Home/!/modules/java.compiler/
		java: 0
	nbjrt:file:/Library/Java/JavaVirtualMachines/jdk-17.0.8.jdk/Contents/Home/!/modules/jdk.crypto.cryptoki/
		java: 0
	nbjrt:file:/Library/Java/JavaVirtualMachines/jdk-17.0.8.jdk/Contents/Home/!/modules/jdk.internal.vm.ci/
		java: 1
	nbjrt:file:/Library/Java/JavaVirtualMachines/jdk-17.0.8.jdk/Contents/Home/!/modules/jdk.jdi/
		java: 1
	nbjrt:file:/Library/Java/JavaVirtualMachines/jdk-17.0.8.jdk/Contents/Home/!/modules/jdk.internal.vm.compiler/
		java: 0
	nbjrt:file:/Library/Java/JavaVirtualMachines/jdk-17.0.8.jdk/Contents/Home/!/modules/java.transaction.xa/
		java: 0
	nbjrt:file:/Library/Java/JavaVirtualMachines/jdk-17.0.8.jdk/Contents/Home/!/modules/jdk.attach/
		java: 0
	nbjrt:file:/Library/Java/JavaVirtualMachines/jdk-17.0.8.jdk/Contents/Home/!/modules/jdk.dynalink/
		java: 0
	nbjrt:file:/Library/Java/JavaVirtualMachines/jdk-17.0.8.jdk/Contents/Home/!/modules/jdk.httpserver/
		java: 0
	nbjrt:file:/Library/Java/JavaVirtualMachines/jdk-17.0.8.jdk/Contents/Home/!/modules/jdk.javadoc/
		java: 1
	nbjrt:file:/Library/Java/JavaVirtualMachines/jdk-17.0.8.jdk/Contents/Home/!/modules/jdk.jartool/
		java: 0
	nbjrt:file:/Library/Java/JavaVirtualMachines/jdk-17.0.8.jdk/Contents/Home/!/modules/java.prefs/
		java: 0
	nbjrt:file:/Library/Java/JavaVirtualMachines/jdk-17.0.8.jdk/Contents/Home/!/modules/jdk.net/
		java: 0
	nbjrt:file:/Library/Java/JavaVirtualMachines/jdk-17.0.8.jdk/Contents/Home/!/modules/jdk.jstatd/
		java: 0
	nbjrt:file:/Library/Java/JavaVirtualMachines/jdk-17.0.8.jdk/Contents/Home/!/modules/jdk.compiler/
		java: 0
	nbjrt:file:/Library/Java/JavaVirtualMachines/jdk-17.0.8.jdk/Contents/Home/!/modules/java.se/
		java: 0
	nbjrt:file:/Library/Java/JavaVirtualMachines/jdk-17.0.8.jdk/Contents/Home/!/modules/jdk.charsets/
		java: 1
	nbjrt:file:/Library/Java/JavaVirtualMachines/jdk-17.0.8.jdk/Contents/Home/!/modules/jdk.jfr/
		java: 1
	file:/Users/atalati/vscode-extension/main-repo/javavscode/netbeans/java/java.lsp.server/build/test/unit/work/o.n.m.j.l.s.p.S/fu/
		LSPServerTelemetry: 0
		java: 45
		java-launcher-compiler-options: 0
		org-netbeans-modules-jumpto-file-FileIndexer: 1
		org.netbeans.modules.java.source.indexing.COSSynchronizingIndexer: 0
		tests: 1
		text/x-java: 3
Time in index store: 2
Time crawling: 0
Stacktrace:
	java.base/java.lang.Thread.getStackTrace(Thread.java:1610)
	org.netbeans.modules.parsing.impl.indexing.LogContext.create(LogContext.java:111)
	org.netbeans.modules.parsing.impl.indexing.LogContext.create(LogContext.java:102)
	org.netbeans.modules.parsing.impl.indexing.PathRegistry.scheduleFirer(PathRegistry.java:938)
	org.netbeans.modules.parsing.impl.indexing.PathRegistry.resetCacheAndFire(PathRegistry.java:931)
	org.netbeans.modules.parsing.impl.indexing.PathRegistry.access$500(PathRegistry.java:68)
	org.netbeans.modules.parsing.impl.indexing.PathRegistry$Listener.pathsAdded(PathRegistry.java:1206)
	java.base/jdk.internal.reflect.NativeMethodAccessorImpl.invoke0(Native Method)
	java.base/jdk.internal.reflect.NativeMethodAccessorImpl.invoke(NativeMethodAccessorImpl.java:77)
	java.base/jdk.internal.reflect.DelegatingMethodAccessorImpl.invoke(DelegatingMethodAccessorImpl.java:43)
	java.base/java.lang.reflect.Method.invoke(Method.java:568)
	org.openide.util.WeakListenerImpl$ProxyListener.invoke(WeakListenerImpl.java:461)
	jdk.proxy2/jdk.proxy2.$Proxy19.pathsAdded(Unknown Source)
	org.netbeans.api.java.classpath.GlobalPathRegistry.register(GlobalPathRegistry.java:206)
	org.netbeans.modules.java.lsp.server.protocol.ServerTest$TestProjectFactory$1.projectOpened(ServerTest.java:5353)
	org.netbeans.spi.project.ui.ProjectOpenedHook$1.projectOpened(ProjectOpenedHook.java:60)
	org.netbeans.modules.project.ui.OpenProjectList.notifyOpened(OpenProjectList.java:1321)
	org.netbeans.modules.project.ui.OpenProjectList.doOpenProject(OpenProjectList.java:1402)
	org.netbeans.modules.project.ui.OpenProjectList.open(OpenProjectList.java:848)
	org.netbeans.modules.project.ui.OpenProjectList.open(OpenProjectList.java:682)
	org.netbeans.modules.project.ui.OpenProjectList.open(OpenProjectList.java:643)
	org.netbeans.modules.project.ui.OpenProjectsTrampolineImpl.openAPI(OpenProjectsTrampolineImpl.java:56)
	org.netbeans.api.project.ui.OpenProjects.open(OpenProjects.java:173)
	org.netbeans.modules.java.lsp.server.protocol.Server$LanguageServerImpl.lambda$asyncOpenSelectedProjects1$9(Server.java:713)
	java.base/java.util.concurrent.CompletableFuture.uniRunNow(CompletableFuture.java:819)
	java.base/java.util.concurrent.CompletableFuture.uniRunStage(CompletableFuture.java:803)
	java.base/java.util.concurrent.CompletableFuture.thenRun(CompletableFuture.java:2195)
	org.netbeans.modules.java.lsp.server.protocol.Server$LanguageServerImpl.asyncOpenSelectedProjects1(Server.java:703)
	org.netbeans.modules.java.lsp.server.protocol.Server$LanguageServerImpl.asyncOpenSelectedProjects0(Server.java:642)
	org.netbeans.modules.java.lsp.server.protocol.Server$LanguageServerImpl.lambda$initialize$15(Server.java:949)
	org.openide.util.RequestProcessor$Task.run(RequestProcessor.java:1420)
	org.netbeans.modules.openide.util.GlobalLookup.execute(GlobalLookup.java:45)
	org.openide.util.lookup.Lookups.executeWith(Lookups.java:287)
	org.openide.util.RequestProcessor$Processor.run(RequestProcessor.java:2035)
Changed ClassPaths:[/Users/atalati/vscode-extension/main-repo/javavscode/netbeans/java/java.lsp.server/build/test/unit/work/o.n.m.j.l.s.p.S/fu]

May 27, 2024 4:40:13 PM org.netbeans.modules.parsing.impl.indexing.LogContext log
INFO: SCAN_EXCEEDS_RATE ID: 32, Type:PATH
Time scheduled: Mon May 27 16:39:40 IST 2024
Time executed: Mon May 27 16:39:41 IST 2024
Time finished: Mon May 27 16:39:41 IST 2024
Scanned roots: []
, total time: 0
Current root(s): []
Current indexer(s): 
Time spent in indexers:
Time spent in indexers, in individual roots:
Time in index store: 0
Time crawling: 0
Stacktrace:
	java.base/java.lang.Thread.getStackTrace(Thread.java:1610)
	org.netbeans.modules.parsing.impl.indexing.LogContext.create(LogContext.java:111)
	org.netbeans.modules.parsing.impl.indexing.LogContext.create(LogContext.java:102)
	org.netbeans.modules.parsing.impl.indexing.PathRegistry.scheduleFirer(PathRegistry.java:938)
	org.netbeans.modules.parsing.impl.indexing.PathRegistry.resetCacheAndFire(PathRegistry.java:931)
	org.netbeans.modules.parsing.impl.indexing.PathRegistry.access$500(PathRegistry.java:68)
	org.netbeans.modules.parsing.impl.indexing.PathRegistry$Listener.pathsRemoved(PathRegistry.java:1218)
	java.base/jdk.internal.reflect.NativeMethodAccessorImpl.invoke0(Native Method)
	java.base/jdk.internal.reflect.NativeMethodAccessorImpl.invoke(NativeMethodAccessorImpl.java:77)
	java.base/jdk.internal.reflect.DelegatingMethodAccessorImpl.invoke(DelegatingMethodAccessorImpl.java:43)
	java.base/java.lang.reflect.Method.invoke(Method.java:568)
	org.openide.util.WeakListenerImpl$ProxyListener.invoke(WeakListenerImpl.java:461)
	jdk.proxy2/jdk.proxy2.$Proxy19.pathsRemoved(Unknown Source)
	org.netbeans.api.java.classpath.GlobalPathRegistry.unregister(GlobalPathRegistry.java:239)
	org.netbeans.modules.java.lsp.server.protocol.ServerTest$TestProjectFactory$1.projectClosed(ServerTest.java:5358)
	org.netbeans.spi.project.ui.ProjectOpenedHook$1.projectClosed(ProjectOpenedHook.java:64)
	org.netbeans.modules.project.ui.OpenProjectList.notifyClosed(OpenProjectList.java:1345)
	org.netbeans.modules.project.ui.OpenProjectList.access$2600(OpenProjectList.java:116)
	org.netbeans.modules.project.ui.OpenProjectList$15.run(OpenProjectList.java:1001)
	org.openide.util.RequestProcessor$Task.run(RequestProcessor.java:1420)
	org.netbeans.modules.openide.util.GlobalLookup.execute(GlobalLookup.java:45)
	org.openide.util.lookup.Lookups.executeWith(Lookups.java:287)
	org.openide.util.RequestProcessor$Processor.run(RequestProcessor.java:2035)
Changed ClassPaths:[/Users/atalati/vscode-extension/main-repo/javavscode/netbeans/java/java.lsp.server/build/test/unit/work/o.n.m.j.l.s.p.S/fu]

May 27, 2024 4:40:13 PM org.netbeans.modules.parsing.impl.indexing.LogContext log
INFO: SCAN_EXCEEDS_RATE ID: 37, Type:PATH
Time scheduled: Mon May 27 16:39:56 IST 2024
Time executed: Mon May 27 16:39:56 IST 2024
Time finished: Mon May 27 16:39:56 IST 2024
Scanned roots: [< root = nbjrt:file:/Library/Java/JavaVirtualMachines/jdk-17.0.8.jdk/Contents/Home/!/modules/jdk.management.jfr/; spent = 1; crawler = 0; res = -1; allRes = -1>
	 < root = nbjrt:file:/Library/Java/JavaVirtualMachines/jdk-17.0.8.jdk/Contents/Home/!/modules/jdk.management/; spent = 1; crawler = 0; res = -1; allRes = -1>
	 < root = nbjrt:file:/Library/Java/JavaVirtualMachines/jdk-17.0.8.jdk/Contents/Home/!/modules/java.scripting/; spent = 1; crawler = 0; res = -1; allRes = -1>
	 < root = nbjrt:file:/Library/Java/JavaVirtualMachines/jdk-17.0.8.jdk/Contents/Home/!/modules/java.datatransfer/; spent = 2; crawler = 0; res = -1; allRes = -1>
	 < root = nbjrt:file:/Library/Java/JavaVirtualMachines/jdk-17.0.8.jdk/Contents/Home/!/modules/jdk.unsupported.desktop/; spent = 2; crawler = 0; res = -1; allRes = -1>
	 < root = nbjrt:file:/Library/Java/JavaVirtualMachines/jdk-17.0.8.jdk/Contents/Home/!/modules/jdk.internal.ed/; spent = 1; crawler = 0; res = -1; allRes = -1>
	 < root = nbjrt:file:/Library/Java/JavaVirtualMachines/jdk-17.0.8.jdk/Contents/Home/!/modules/jdk.internal.vm.compiler.management/; spent = 1; crawler = 0; res = -1; allRes = -1>
	 < root = nbjrt:file:/Library/Java/JavaVirtualMachines/jdk-17.0.8.jdk/Contents/Home/!/modules/jdk.internal.opt/; spent = 1; crawler = 0; res = -1; allRes = -1>
	 < root = nbjrt:file:/Library/Java/JavaVirtualMachines/jdk-17.0.8.jdk/Contents/Home/!/modules/jdk.jsobject/; spent = 1; crawler = 0; res = -1; allRes = -1>
	 < root = nbjrt:file:/Library/Java/JavaVirtualMachines/jdk-17.0.8.jdk/Contents/Home/!/modules/jdk.sctp/; spent = 1; crawler = 0; res = -1; allRes = -1>
	 < root = nbjrt:file:/Library/Java/JavaVirtualMachines/jdk-17.0.8.jdk/Contents/Home/!/modules/jdk.unsupported/; spent = 1; crawler = 0; res = -1; allRes = -1>
	 < root = nbjrt:file:/Library/Java/JavaVirtualMachines/jdk-17.0.8.jdk/Contents/Home/!/modules/java.management/; spent = 1; crawler = 0; res = -1; allRes = -1>
	 < root = nbjrt:file:/Library/Java/JavaVirtualMachines/jdk-17.0.8.jdk/Contents/Home/!/modules/java.rmi/; spent = 16399; crawler = 0; res = -1; allRes = -1>
	 < root = nbjrt:file:/Library/Java/JavaVirtualMachines/jdk-17.0.8.jdk/Contents/Home/!/modules/jdk.naming.dns/; spent = 1; crawler = 0; res = -1; allRes = -1>
	 < root = nbjrt:file:/Library/Java/JavaVirtualMachines/jdk-17.0.8.jdk/Contents/Home/!/modules/java.instrument/; spent = 1; crawler = 0; res = -1; allRes = -1>
	 < root = nbjrt:file:/Library/Java/JavaVirtualMachines/jdk-17.0.8.jdk/Contents/Home/!/modules/jdk.crypto.ec/; spent = 1; crawler = 0; res = -1; allRes = -1>
	 < root = nbjrt:file:/Library/Java/JavaVirtualMachines/jdk-17.0.8.jdk/Contents/Home/!/modules/jdk.incubator.vector/; spent = 1; crawler = 0; res = -1; allRes = -1>
	 < root = nbjrt:file:/Library/Java/JavaVirtualMachines/jdk-17.0.8.jdk/Contents/Home/!/modules/java.security.sasl/; spent = 16397; crawler = 0; res = -1; allRes = -1>
	 < root = nbjrt:file:/Library/Java/JavaVirtualMachines/jdk-17.0.8.jdk/Contents/Home/!/modules/jdk.editpad/; spent = 1; crawler = 0; res = -1; allRes = -1>
	 < root = nbjrt:file:/Library/Java/JavaVirtualMachines/jdk-17.0.8.jdk/Contents/Home/!/modules/java.logging/; spent = 1; crawler = 0; res = -1; allRes = -1>
	 < root = nbjrt:file:/Library/Java/JavaVirtualMachines/jdk-17.0.8.jdk/Contents/Home/!/modules/jdk.internal.le/; spent = 1; crawler = 0; res = -1; allRes = -1>
	 < root = nbjrt:file:/Library/Java/JavaVirtualMachines/jdk-17.0.8.jdk/Contents/Home/!/modules/jdk.jdwp.agent/; spent = 1; crawler = 0; res = -1; allRes = -1>
	 < root = nbjrt:file:/Library/Java/JavaVirtualMachines/jdk-17.0.8.jdk/Contents/Home/!/modules/jdk.incubator.foreign/; spent = 1; crawler = 0; res = -1; allRes = -1>
	 < root = nbjrt:file:/Library/Java/JavaVirtualMachines/jdk-17.0.8.jdk/Contents/Home/!/modules/java.security.jgss/; spent = 1; crawler = 0; res = -1; allRes = -1>
	 < root = nbjrt:file:/Library/Java/JavaVirtualMachines/jdk-17.0.8.jdk/Contents/Home/!/modules/jdk.nio.mapmode/; spent = 16394; crawler = 0; res = -1; allRes = -1>
	 < root = nbjrt:file:/Library/Java/JavaVirtualMachines/jdk-17.0.8.jdk/Contents/Home/!/modules/jdk.zipfs/; spent = 16394; crawler = 0; res = -1; allRes = -1>
	 < root = nbjrt:file:/Library/Java/JavaVirtualMachines/jdk-17.0.8.jdk/Contents/Home/!/modules/java.management.rmi/; spent = 1; crawler = 0; res = -1; allRes = -1>
	 < root = nbjrt:file:/Library/Java/JavaVirtualMachines/jdk-17.0.8.jdk/Contents/Home/!/modules/java.naming/; spent = 16393; crawler = 0; res = -1; allRes = -1>
	 < root = nbjrt:file:/Library/Java/JavaVirtualMachines/jdk-17.0.8.jdk/Contents/Home/!/modules/jdk.localedata/; spent = 1; crawler = 0; res = -1; allRes = -1>
	 < root = nbjrt:file:/Library/Java/JavaVirtualMachines/jdk-17.0.8.jdk/Contents/Home/!/modules/jdk.internal.jvmstat/; spent = 1; crawler = 0; res = -1; allRes = -1>
	 < root = nbjrt:file:/Library/Java/JavaVirtualMachines/jdk-17.0.8.jdk/Contents/Home/!/modules/java.desktop/; spent = 2; crawler = 0; res = -1; allRes = -1>
	 < root = nbjrt:file:/Library/Java/JavaVirtualMachines/jdk-17.0.8.jdk/Contents/Home/!/modules/jdk.jlink/; spent = 1; crawler = 0; res = -1; allRes = -1>
	 < root = nbjrt:file:/Library/Java/JavaVirtualMachines/jdk-17.0.8.jdk/Contents/Home/!/modules/java.base/; spent = 2; crawler = 0; res = -1; allRes = -1>
	 < root = nbjrt:file:/Library/Java/JavaVirtualMachines/jdk-17.0.8.jdk/Contents/Home/!/modules/jdk.security.jgss/; spent = 1; crawler = 0; res = -1; allRes = -1>
	 < root = nbjrt:file:/Library/Java/JavaVirtualMachines/jdk-17.0.8.jdk/Contents/Home/!/modules/jdk.jcmd/; spent = 1; crawler = 0; res = -1; allRes = -1>
	 < root = nbjrt:file:/Library/Java/JavaVirtualMachines/jdk-17.0.8.jdk/Contents/Home/!/modules/jdk.hotspot.agent/; spent = 1; crawler = 0; res = -1; allRes = -1>
	 < root = nbjrt:file:/Library/Java/JavaVirtualMachines/jdk-17.0.8.jdk/Contents/Home/!/modules/jdk.jpackage/; spent = 1; crawler = 0; res = -1; allRes = -1>
	 < root = nbjrt:file:/Library/Java/JavaVirtualMachines/jdk-17.0.8.jdk/Contents/Home/!/modules/jdk.xml.dom/; spent = 1; crawler = 0; res = -1; allRes = -1>
	 < root = nbjrt:file:/Library/Java/JavaVirtualMachines/jdk-17.0.8.jdk/Contents/Home/!/modules/jdk.jshell/; spent = 1; crawler = 0; res = -1; allRes = -1>
	 < root = nbjrt:file:/Library/Java/JavaVirtualMachines/jdk-17.0.8.jdk/Contents/Home/!/modules/java.sql.rowset/; spent = 1; crawler = 0; res = -1; allRes = -1>
	 < root = nbjrt:file:/Library/Java/JavaVirtualMachines/jdk-17.0.8.jdk/Contents/Home/!/modules/java.xml.crypto/; spent = 1; crawler = 0; res = -1; allRes = -1>
	 < root = nbjrt:file:/Library/Java/JavaVirtualMachines/jdk-17.0.8.jdk/Contents/Home/!/modules/jdk.jdeps/; spent = 1; crawler = 0; res = -1; allRes = -1>
	 < root = nbjrt:file:/Library/Java/JavaVirtualMachines/jdk-17.0.8.jdk/Contents/Home/!/modules/jdk.security.auth/; spent = 2; crawler = 0; res = -1; allRes = -1>
	 < root = nbjrt:file:/Library/Java/JavaVirtualMachines/jdk-17.0.8.jdk/Contents/Home/!/modules/jdk.management.agent/; spent = 1; crawler = 0; res = -1; allRes = -1>
	 < root = nbjrt:file:/Library/Java/JavaVirtualMachines/jdk-17.0.8.jdk/Contents/Home/!/modules/java.smartcardio/; spent = 1; crawler = 0; res = -1; allRes = -1>
	 < root = nbjrt:file:/Library/Java/JavaVirtualMachines/jdk-17.0.8.jdk/Contents/Home/!/modules/java.sql/; spent = 1; crawler = 0; res = -1; allRes = -1>
	 < root = nbjrt:file:/Library/Java/JavaVirtualMachines/jdk-17.0.8.jdk/Contents/Home/!/modules/java.net.http/; spent = 1; crawler = 0; res = -1; allRes = -1>
	 < root = nbjrt:file:/Library/Java/JavaVirtualMachines/jdk-17.0.8.jdk/Contents/Home/!/modules/jdk.naming.rmi/; spent = 16382; crawler = 0; res = -1; allRes = -1>
	 < root = nbjrt:file:/Library/Java/JavaVirtualMachines/jdk-17.0.8.jdk/Contents/Home/!/modules/jdk.random/; spent = 1; crawler = 0; res = -1; allRes = -1>
	 < root = nbjrt:file:/Library/Java/JavaVirtualMachines/jdk-17.0.8.jdk/Contents/Home/!/modules/jdk.accessibility/; spent = 1; crawler = 0; res = -1; allRes = -1>
	 < root = nbjrt:file:/Library/Java/JavaVirtualMachines/jdk-17.0.8.jdk/Contents/Home/!/modules/jdk.jconsole/; spent = 1; crawler = 0; res = -1; allRes = -1>
	 < root = nbjrt:file:/Library/Java/JavaVirtualMachines/jdk-17.0.8.jdk/Contents/Home/!/modules/java.compiler/; spent = 1; crawler = 0; res = -1; allRes = -1>
	 < root = nbjrt:file:/Library/Java/JavaVirtualMachines/jdk-17.0.8.jdk/Contents/Home/!/modules/java.xml/; spent = 2; crawler = 0; res = -1; allRes = -1>
	 < root = nbjrt:file:/Library/Java/JavaVirtualMachines/jdk-17.0.8.jdk/Contents/Home/!/modules/jdk.crypto.cryptoki/; spent = 1; crawler = 0; res = -1; allRes = -1>
	 < root = nbjrt:file:/Library/Java/JavaVirtualMachines/jdk-17.0.8.jdk/Contents/Home/!/modules/jdk.internal.vm.ci/; spent = 1; crawler = 0; res = -1; allRes = -1>
	 < root = nbjrt:file:/Library/Java/JavaVirtualMachines/jdk-17.0.8.jdk/Contents/Home/!/modules/jdk.jdi/; spent = 1; crawler = 0; res = -1; allRes = -1>
	 < root = nbjrt:file:/Library/Java/JavaVirtualMachines/jdk-17.0.8.jdk/Contents/Home/!/modules/java.transaction.xa/; spent = 1; crawler = 0; res = -1; allRes = -1>
	 < root = nbjrt:file:/Library/Java/JavaVirtualMachines/jdk-17.0.8.jdk/Contents/Home/!/modules/jdk.internal.vm.compiler/; spent = 16377; crawler = 0; res = -1; allRes = -1>
	 < root = nbjrt:file:/Library/Java/JavaVirtualMachines/jdk-17.0.8.jdk/Contents/Home/!/modules/jdk.attach/; spent = 1; crawler = 0; res = -1; allRes = -1>
	 < root = nbjrt:file:/Library/Java/JavaVirtualMachines/jdk-17.0.8.jdk/Contents/Home/!/modules/jdk.dynalink/; spent = 1; crawler = 0; res = -1; allRes = -1>
	 < root = nbjrt:file:/Library/Java/JavaVirtualMachines/jdk-17.0.8.jdk/Contents/Home/!/modules/jdk.javadoc/; spent = 1; crawler = 0; res = -1; allRes = -1>
	 < root = nbjrt:file:/Library/Java/JavaVirtualMachines/jdk-17.0.8.jdk/Contents/Home/!/modules/jdk.httpserver/; spent = 1; crawler = 0; res = -1; allRes = -1>
	 < root = nbjrt:file:/Library/Java/JavaVirtualMachines/jdk-17.0.8.jdk/Contents/Home/!/modules/jdk.jartool/; spent = 1; crawler = 0; res = -1; allRes = -1>
	 < root = nbjrt:file:/Library/Java/JavaVirtualMachines/jdk-17.0.8.jdk/Contents/Home/!/modules/java.prefs/; spent = 2; crawler = 0; res = -1; allRes = -1>
	 < root = nbjrt:file:/Library/Java/JavaVirtualMachines/jdk-17.0.8.jdk/Contents/Home/!/modules/jdk.net/; spent = 1; crawler = 0; res = -1; allRes = -1>
	 < root = nbjrt:file:/Library/Java/JavaVirtualMachines/jdk-17.0.8.jdk/Contents/Home/!/modules/jdk.jstatd/; spent = 1; crawler = 0; res = -1; allRes = -1>
	 < root = nbjrt:file:/Library/Java/JavaVirtualMachines/jdk-17.0.8.jdk/Contents/Home/!/modules/jdk.compiler/; spent = 1; crawler = 0; res = -1; allRes = -1>
	 < root = nbjrt:file:/Library/Java/JavaVirtualMachines/jdk-17.0.8.jdk/Contents/Home/!/modules/java.se/; spent = 1; crawler = 0; res = -1; allRes = -1>
	 < root = nbjrt:file:/Library/Java/JavaVirtualMachines/jdk-17.0.8.jdk/Contents/Home/!/modules/jdk.charsets/; spent = 1; crawler = 0; res = -1; allRes = -1>
	 < root = nbjrt:file:/Library/Java/JavaVirtualMachines/jdk-17.0.8.jdk/Contents/Home/!/modules/jdk.jfr/; spent = 1; crawler = 0; res = -1; allRes = -1>
	 < root = file:/Users/atalati/vscode-extension/main-repo/javavscode/netbeans/java/java.lsp.server/build/test/unit/work/o.n.m.j.l.s.p.S/ei/; spent = 59; crawler = 0; res = 2; allRes = 2>]
, total time: 129
Current root(s): []
Current indexer(s): 
Time spent in indexers:
	LSPServerTelemetry: 2
	java: 110
	java-launcher-compiler-options: 0
	org-netbeans-modules-jumpto-file-FileIndexer: 1
	org.netbeans.modules.java.source.indexing.COSSynchronizingIndexer: 0
	tests: 1
	text/x-java: 2
Time spent in indexers, in individual roots:
	nbjrt:file:/Library/Java/JavaVirtualMachines/jdk-17.0.8.jdk/Contents/Home/!/modules/jdk.management.jfr/
		java: 1
	nbjrt:file:/Library/Java/JavaVirtualMachines/jdk-17.0.8.jdk/Contents/Home/!/modules/jdk.management/
		java: 1
	nbjrt:file:/Library/Java/JavaVirtualMachines/jdk-17.0.8.jdk/Contents/Home/!/modules/java.scripting/
		java: 1
	nbjrt:file:/Library/Java/JavaVirtualMachines/jdk-17.0.8.jdk/Contents/Home/!/modules/java.datatransfer/
		java: 2
	nbjrt:file:/Library/Java/JavaVirtualMachines/jdk-17.0.8.jdk/Contents/Home/!/modules/jdk.unsupported.desktop/
		java: 1
	nbjrt:file:/Library/Java/JavaVirtualMachines/jdk-17.0.8.jdk/Contents/Home/!/modules/jdk.internal.ed/
		java: 1
	nbjrt:file:/Library/Java/JavaVirtualMachines/jdk-17.0.8.jdk/Contents/Home/!/modules/jdk.internal.vm.compiler.management/
		java: 1
	nbjrt:file:/Library/Java/JavaVirtualMachines/jdk-17.0.8.jdk/Contents/Home/!/modules/jdk.internal.opt/
		java: 1
	nbjrt:file:/Library/Java/JavaVirtualMachines/jdk-17.0.8.jdk/Contents/Home/!/modules/jdk.jsobject/
		java: 1
	nbjrt:file:/Library/Java/JavaVirtualMachines/jdk-17.0.8.jdk/Contents/Home/!/modules/jdk.sctp/
		java: 1
	nbjrt:file:/Library/Java/JavaVirtualMachines/jdk-17.0.8.jdk/Contents/Home/!/modules/jdk.unsupported/
		java: 1
	nbjrt:file:/Library/Java/JavaVirtualMachines/jdk-17.0.8.jdk/Contents/Home/!/modules/java.management/
		java: 1
	nbjrt:file:/Library/Java/JavaVirtualMachines/jdk-17.0.8.jdk/Contents/Home/!/modules/java.rmi/
		java: 0
	nbjrt:file:/Library/Java/JavaVirtualMachines/jdk-17.0.8.jdk/Contents/Home/!/modules/jdk.naming.dns/
		java: 1
	nbjrt:file:/Library/Java/JavaVirtualMachines/jdk-17.0.8.jdk/Contents/Home/!/modules/java.instrument/
		java: 0
	nbjrt:file:/Library/Java/JavaVirtualMachines/jdk-17.0.8.jdk/Contents/Home/!/modules/jdk.crypto.ec/
		java: 1
	nbjrt:file:/Library/Java/JavaVirtualMachines/jdk-17.0.8.jdk/Contents/Home/!/modules/jdk.incubator.vector/
		java: 1
	nbjrt:file:/Library/Java/JavaVirtualMachines/jdk-17.0.8.jdk/Contents/Home/!/modules/java.security.sasl/
		java: 0
	nbjrt:file:/Library/Java/JavaVirtualMachines/jdk-17.0.8.jdk/Contents/Home/!/modules/jdk.editpad/
		java: 1
	nbjrt:file:/Library/Java/JavaVirtualMachines/jdk-17.0.8.jdk/Contents/Home/!/modules/java.logging/
		java: 0
	nbjrt:file:/Library/Java/JavaVirtualMachines/jdk-17.0.8.jdk/Contents/Home/!/modules/jdk.internal.le/
		java: 1
	nbjrt:file:/Library/Java/JavaVirtualMachines/jdk-17.0.8.jdk/Contents/Home/!/modules/jdk.jdwp.agent/
		java: 1
	nbjrt:file:/Library/Java/JavaVirtualMachines/jdk-17.0.8.jdk/Contents/Home/!/modules/jdk.incubator.foreign/
		java: 1
	nbjrt:file:/Library/Java/JavaVirtualMachines/jdk-17.0.8.jdk/Contents/Home/!/modules/java.security.jgss/
		java: 1
	nbjrt:file:/Library/Java/JavaVirtualMachines/jdk-17.0.8.jdk/Contents/Home/!/modules/jdk.nio.mapmode/
		java: 0
	nbjrt:file:/Library/Java/JavaVirtualMachines/jdk-17.0.8.jdk/Contents/Home/!/modules/jdk.zipfs/
		java: 0
	nbjrt:file:/Library/Java/JavaVirtualMachines/jdk-17.0.8.jdk/Contents/Home/!/modules/java.management.rmi/
		java: 0
	nbjrt:file:/Library/Java/JavaVirtualMachines/jdk-17.0.8.jdk/Contents/Home/!/modules/java.naming/
		java: 0
	nbjrt:file:/Library/Java/JavaVirtualMachines/jdk-17.0.8.jdk/Contents/Home/!/modules/jdk.localedata/
		java: 1
	nbjrt:file:/Library/Java/JavaVirtualMachines/jdk-17.0.8.jdk/Contents/Home/!/modules/jdk.internal.jvmstat/
		java: 1
	nbjrt:file:/Library/Java/JavaVirtualMachines/jdk-17.0.8.jdk/Contents/Home/!/modules/java.desktop/
		java: 2
	nbjrt:file:/Library/Java/JavaVirtualMachines/jdk-17.0.8.jdk/Contents/Home/!/modules/jdk.jlink/
		java: 1
	nbjrt:file:/Library/Java/JavaVirtualMachines/jdk-17.0.8.jdk/Contents/Home/!/modules/java.base/
		java: 2
	nbjrt:file:/Library/Java/JavaVirtualMachines/jdk-17.0.8.jdk/Contents/Home/!/modules/jdk.security.jgss/
		java: 1
	nbjrt:file:/Library/Java/JavaVirtualMachines/jdk-17.0.8.jdk/Contents/Home/!/modules/jdk.jcmd/
		java: 1
	nbjrt:file:/Library/Java/JavaVirtualMachines/jdk-17.0.8.jdk/Contents/Home/!/modules/jdk.hotspot.agent/
		java: 1
	nbjrt:file:/Library/Java/JavaVirtualMachines/jdk-17.0.8.jdk/Contents/Home/!/modules/jdk.jpackage/
		java: 1
	nbjrt:file:/Library/Java/JavaVirtualMachines/jdk-17.0.8.jdk/Contents/Home/!/modules/jdk.xml.dom/
		java: 1
	nbjrt:file:/Library/Java/JavaVirtualMachines/jdk-17.0.8.jdk/Contents/Home/!/modules/jdk.jshell/
		java: 1
	nbjrt:file:/Library/Java/JavaVirtualMachines/jdk-17.0.8.jdk/Contents/Home/!/modules/java.sql.rowset/
		java: 1
	nbjrt:file:/Library/Java/JavaVirtualMachines/jdk-17.0.8.jdk/Contents/Home/!/modules/java.xml.crypto/
		java: 1
	nbjrt:file:/Library/Java/JavaVirtualMachines/jdk-17.0.8.jdk/Contents/Home/!/modules/jdk.jdeps/
		java: 1
	nbjrt:file:/Library/Java/JavaVirtualMachines/jdk-17.0.8.jdk/Contents/Home/!/modules/jdk.security.auth/
		java: 2
	nbjrt:file:/Library/Java/JavaVirtualMachines/jdk-17.0.8.jdk/Contents/Home/!/modules/jdk.management.agent/
		java: 1
	nbjrt:file:/Library/Java/JavaVirtualMachines/jdk-17.0.8.jdk/Contents/Home/!/modules/java.smartcardio/
		java: 1
	nbjrt:file:/Library/Java/JavaVirtualMachines/jdk-17.0.8.jdk/Contents/Home/!/modules/java.sql/
		java: 1
	nbjrt:file:/Library/Java/JavaVirtualMachines/jdk-17.0.8.jdk/Contents/Home/!/modules/java.net.http/
		java: 1
	nbjrt:file:/Library/Java/JavaVirtualMachines/jdk-17.0.8.jdk/Contents/Home/!/modules/jdk.naming.rmi/
		java: 0
	nbjrt:file:/Library/Java/JavaVirtualMachines/jdk-17.0.8.jdk/Contents/Home/!/modules/jdk.random/
		java: 1
	nbjrt:file:/Library/Java/JavaVirtualMachines/jdk-17.0.8.jdk/Contents/Home/!/modules/jdk.accessibility/
		java: 1
	nbjrt:file:/Library/Java/JavaVirtualMachines/jdk-17.0.8.jdk/Contents/Home/!/modules/jdk.jconsole/
		java: 1
	nbjrt:file:/Library/Java/JavaVirtualMachines/jdk-17.0.8.jdk/Contents/Home/!/modules/java.compiler/
		java: 1
	nbjrt:file:/Library/Java/JavaVirtualMachines/jdk-17.0.8.jdk/Contents/Home/!/modules/java.xml/
		java: 2
	nbjrt:file:/Library/Java/JavaVirtualMachines/jdk-17.0.8.jdk/Contents/Home/!/modules/jdk.crypto.cryptoki/
		java: 1
	nbjrt:file:/Library/Java/JavaVirtualMachines/jdk-17.0.8.jdk/Contents/Home/!/modules/jdk.internal.vm.ci/
		java: 1
	nbjrt:file:/Library/Java/JavaVirtualMachines/jdk-17.0.8.jdk/Contents/Home/!/modules/jdk.jdi/
		java: 1
	nbjrt:file:/Library/Java/JavaVirtualMachines/jdk-17.0.8.jdk/Contents/Home/!/modules/java.transaction.xa/
		java: 1
	nbjrt:file:/Library/Java/JavaVirtualMachines/jdk-17.0.8.jdk/Contents/Home/!/modules/jdk.internal.vm.compiler/
		java: 0
	nbjrt:file:/Library/Java/JavaVirtualMachines/jdk-17.0.8.jdk/Contents/Home/!/modules/jdk.attach/
		java: 1
	nbjrt:file:/Library/Java/JavaVirtualMachines/jdk-17.0.8.jdk/Contents/Home/!/modules/jdk.dynalink/
		java: 1
	nbjrt:file:/Library/Java/JavaVirtualMachines/jdk-17.0.8.jdk/Contents/Home/!/modules/jdk.javadoc/
		java: 1
	nbjrt:file:/Library/Java/JavaVirtualMachines/jdk-17.0.8.jdk/Contents/Home/!/modules/jdk.httpserver/
		java: 1
	nbjrt:file:/Library/Java/JavaVirtualMachines/jdk-17.0.8.jdk/Contents/Home/!/modules/jdk.jartool/
		java: 1
	nbjrt:file:/Library/Java/JavaVirtualMachines/jdk-17.0.8.jdk/Contents/Home/!/modules/java.prefs/
		java: 2
	nbjrt:file:/Library/Java/JavaVirtualMachines/jdk-17.0.8.jdk/Contents/Home/!/modules/jdk.net/
		java: 1
	nbjrt:file:/Library/Java/JavaVirtualMachines/jdk-17.0.8.jdk/Contents/Home/!/modules/jdk.jstatd/
		java: 1
	nbjrt:file:/Library/Java/JavaVirtualMachines/jdk-17.0.8.jdk/Contents/Home/!/modules/jdk.compiler/
		java: 1
	nbjrt:file:/Library/Java/JavaVirtualMachines/jdk-17.0.8.jdk/Contents/Home/!/modules/java.se/
		java: 1
	nbjrt:file:/Library/Java/JavaVirtualMachines/jdk-17.0.8.jdk/Contents/Home/!/modules/jdk.charsets/
		java: 1
	nbjrt:file:/Library/Java/JavaVirtualMachines/jdk-17.0.8.jdk/Contents/Home/!/modules/jdk.jfr/
		java: 1
	file:/Users/atalati/vscode-extension/main-repo/javavscode/netbeans/java/java.lsp.server/build/test/unit/work/o.n.m.j.l.s.p.S/ei/
		LSPServerTelemetry: 2
		java: 44
		java-launcher-compiler-options: 0
		org-netbeans-modules-jumpto-file-FileIndexer: 1
		org.netbeans.modules.java.source.indexing.COSSynchronizingIndexer: 0
		tests: 1
		text/x-java: 2
Time in index store: 3
Time crawling: 0
Stacktrace:
	java.base/java.lang.Thread.getStackTrace(Thread.java:1610)
	org.netbeans.modules.parsing.impl.indexing.LogContext.create(LogContext.java:111)
	org.netbeans.modules.parsing.impl.indexing.LogContext.create(LogContext.java:102)
	org.netbeans.modules.parsing.impl.indexing.PathRegistry.scheduleFirer(PathRegistry.java:938)
	org.netbeans.modules.parsing.impl.indexing.PathRegistry.resetCacheAndFire(PathRegistry.java:931)
	org.netbeans.modules.parsing.impl.indexing.PathRegistry.access$500(PathRegistry.java:68)
	org.netbeans.modules.parsing.impl.indexing.PathRegistry$Listener.pathsAdded(PathRegistry.java:1206)
	jdk.internal.reflect.GeneratedMethodAccessor95.invoke(Unknown Source)
	java.base/jdk.internal.reflect.DelegatingMethodAccessorImpl.invoke(DelegatingMethodAccessorImpl.java:43)
	java.base/java.lang.reflect.Method.invoke(Method.java:568)
	org.openide.util.WeakListenerImpl$ProxyListener.invoke(WeakListenerImpl.java:461)
	jdk.proxy2/jdk.proxy2.$Proxy19.pathsAdded(Unknown Source)
	org.netbeans.api.java.classpath.GlobalPathRegistry.register(GlobalPathRegistry.java:206)
	org.netbeans.modules.java.lsp.server.protocol.ServerTest$TestProjectFactory$1.projectOpened(ServerTest.java:5353)
	org.netbeans.spi.project.ui.ProjectOpenedHook$1.projectOpened(ProjectOpenedHook.java:60)
	org.netbeans.modules.project.ui.OpenProjectList.notifyOpened(OpenProjectList.java:1321)
	org.netbeans.modules.project.ui.OpenProjectList.doOpenProject(OpenProjectList.java:1402)
	org.netbeans.modules.project.ui.OpenProjectList.open(OpenProjectList.java:848)
	org.netbeans.modules.project.ui.OpenProjectList.open(OpenProjectList.java:682)
	org.netbeans.modules.project.ui.OpenProjectList.open(OpenProjectList.java:643)
	org.netbeans.modules.project.ui.OpenProjectsTrampolineImpl.openAPI(OpenProjectsTrampolineImpl.java:56)
	org.netbeans.api.project.ui.OpenProjects.open(OpenProjects.java:173)
	org.netbeans.modules.java.lsp.server.protocol.Server$LanguageServerImpl.lambda$asyncOpenSelectedProjects1$9(Server.java:713)
	java.base/java.util.concurrent.CompletableFuture.uniRunNow(CompletableFuture.java:819)
	java.base/java.util.concurrent.CompletableFuture.uniRunStage(CompletableFuture.java:803)
	java.base/java.util.concurrent.CompletableFuture.thenRun(CompletableFuture.java:2195)
	org.netbeans.modules.java.lsp.server.protocol.Server$LanguageServerImpl.asyncOpenSelectedProjects1(Server.java:703)
	org.netbeans.modules.java.lsp.server.protocol.Server$LanguageServerImpl.asyncOpenSelectedProjects0(Server.java:642)
	org.netbeans.modules.java.lsp.server.protocol.Server$LanguageServerImpl.lambda$initialize$15(Server.java:949)
	org.openide.util.RequestProcessor$Task.run(RequestProcessor.java:1420)
	org.netbeans.modules.openide.util.GlobalLookup.execute(GlobalLookup.java:45)
	org.openide.util.lookup.Lookups.executeWith(Lookups.java:287)
	org.openide.util.RequestProcessor$Processor.run(RequestProcessor.java:2035)
Changed ClassPaths:[/Users/atalati/vscode-extension/main-repo/javavscode/netbeans/java/java.lsp.server/build/test/unit/work/o.n.m.j.l.s.p.S/ei]

May 27, 2024 4:40:13 PM org.netbeans.modules.parsing.impl.indexing.LogContext log
INFO: SCAN_EXCEEDS_RATE ID: 45, Type:PATH
Time scheduled: Mon May 27 16:39:57 IST 2024
Time executed: Mon May 27 16:39:58 IST 2024
Time finished: Mon May 27 16:39:58 IST 2024
Scanned roots: [< root = file:/Users/atalati/vscode-extension/main-repo/javavscode/netbeans/java/java.lsp.server/build/test/unit/work/o.n.m.j.l.s.p.S/es/; spent = 317; crawler = 8; res = 2; allRes = 2>]
, total time: 317
Current root(s): []
Current indexer(s): 
Time spent in indexers:
	LSPServerTelemetry: 1
	java: 46
	java-launcher-compiler-options: 0
	org-netbeans-modules-jumpto-file-FileIndexer: 1
	org.netbeans.modules.java.source.indexing.COSSynchronizingIndexer: 2
	tests: 1
	text/x-java: 2
Time spent in indexers, in individual roots:
	file:/Users/atalati/vscode-extension/main-repo/javavscode/netbeans/java/java.lsp.server/build/test/unit/work/o.n.m.j.l.s.p.S/es/
		LSPServerTelemetry: 1
		java: 46
		java-launcher-compiler-options: 0
		org-netbeans-modules-jumpto-file-FileIndexer: 1
		org.netbeans.modules.java.source.indexing.COSSynchronizingIndexer: 2
		tests: 1
		text/x-java: 2
Time in index store: 2
Time crawling: 16
Stacktrace:
	java.base/java.lang.Thread.getStackTrace(Thread.java:1610)
	org.netbeans.modules.parsing.impl.indexing.LogContext.create(LogContext.java:111)
	org.netbeans.modules.parsing.impl.indexing.LogContext.create(LogContext.java:102)
	org.netbeans.modules.parsing.impl.indexing.PathRegistry.scheduleFirer(PathRegistry.java:938)
	org.netbeans.modules.parsing.impl.indexing.PathRegistry.resetCacheAndFire(PathRegistry.java:931)
	org.netbeans.modules.parsing.impl.indexing.PathRegistry.access$500(PathRegistry.java:68)
	org.netbeans.modules.parsing.impl.indexing.PathRegistry$Listener.pathsRemoved(PathRegistry.java:1218)
	jdk.internal.reflect.GeneratedMethodAccessor96.invoke(Unknown Source)
	java.base/jdk.internal.reflect.DelegatingMethodAccessorImpl.invoke(DelegatingMethodAccessorImpl.java:43)
	java.base/java.lang.reflect.Method.invoke(Method.java:568)
	org.openide.util.WeakListenerImpl$ProxyListener.invoke(WeakListenerImpl.java:461)
	jdk.proxy2/jdk.proxy2.$Proxy19.pathsRemoved(Unknown Source)
	org.netbeans.api.java.classpath.GlobalPathRegistry.unregister(GlobalPathRegistry.java:239)
	org.netbeans.modules.java.lsp.server.protocol.ServerTest$TestProjectFactory$1.projectClosed(ServerTest.java:5358)
	org.netbeans.spi.project.ui.ProjectOpenedHook$1.projectClosed(ProjectOpenedHook.java:64)
	org.netbeans.modules.project.ui.OpenProjectList.notifyClosed(OpenProjectList.java:1345)
	org.netbeans.modules.project.ui.OpenProjectList.access$2600(OpenProjectList.java:116)
	org.netbeans.modules.project.ui.OpenProjectList$15.run(OpenProjectList.java:1001)
	org.openide.util.RequestProcessor$Task.run(RequestProcessor.java:1420)
	org.netbeans.modules.openide.util.GlobalLookup.execute(GlobalLookup.java:45)
	org.openide.util.lookup.Lookups.executeWith(Lookups.java:287)
	org.openide.util.RequestProcessor$Processor.run(RequestProcessor.java:2035)
Changed ClassPaths:[/Users/atalati/vscode-extension/main-repo/javavscode/netbeans/java/java.lsp.server/build/test/unit/work/o.n.m.j.l.s.p.S/es, /Users/atalati/vscode-extension/main-repo/javavscode/netbeans/java/java.lsp.server/build/test/unit/work/o.n.m.j.l.s.p.S/ei]

May 27, 2024 4:40:13 PM org.netbeans.modules.parsing.impl.indexing.LogContext log
INFO: SCAN_EXCEEDS_RATE ID: 46, Type:PATH
Time scheduled: Mon May 27 16:40:00 IST 2024
Time executed: Mon May 27 16:40:01 IST 2024
Time finished: Mon May 27 16:40:01 IST 2024
Scanned roots: []
, total time: 0
Current root(s): []
Current indexer(s): 
Time spent in indexers:
Time spent in indexers, in individual roots:
Time in index store: 0
Time crawling: 0
Stacktrace:
	java.base/java.lang.Thread.getStackTrace(Thread.java:1610)
	org.netbeans.modules.parsing.impl.indexing.LogContext.create(LogContext.java:111)
	org.netbeans.modules.parsing.impl.indexing.LogContext.create(LogContext.java:102)
	org.netbeans.modules.parsing.impl.indexing.PathRegistry.scheduleFirer(PathRegistry.java:938)
	org.netbeans.modules.parsing.impl.indexing.PathRegistry.resetCacheAndFire(PathRegistry.java:931)
	org.netbeans.modules.parsing.impl.indexing.PathRegistry.access$500(PathRegistry.java:68)
	org.netbeans.modules.parsing.impl.indexing.PathRegistry$Listener.pathsRemoved(PathRegistry.java:1218)
	jdk.internal.reflect.GeneratedMethodAccessor96.invoke(Unknown Source)
	java.base/jdk.internal.reflect.DelegatingMethodAccessorImpl.invoke(DelegatingMethodAccessorImpl.java:43)
	java.base/java.lang.reflect.Method.invoke(Method.java:568)
	org.openide.util.WeakListenerImpl$ProxyListener.invoke(WeakListenerImpl.java:461)
	jdk.proxy2/jdk.proxy2.$Proxy19.pathsRemoved(Unknown Source)
	org.netbeans.api.java.classpath.GlobalPathRegistry.unregister(GlobalPathRegistry.java:239)
	org.netbeans.modules.java.lsp.server.protocol.ServerTest$TestProjectFactory$1.projectClosed(ServerTest.java:5358)
	org.netbeans.spi.project.ui.ProjectOpenedHook$1.projectClosed(ProjectOpenedHook.java:64)
	org.netbeans.modules.project.ui.OpenProjectList.notifyClosed(OpenProjectList.java:1345)
	org.netbeans.modules.project.ui.OpenProjectList.access$2600(OpenProjectList.java:116)
	org.netbeans.modules.project.ui.OpenProjectList$15.run(OpenProjectList.java:1001)
	org.openide.util.RequestProcessor$Task.run(RequestProcessor.java:1420)
	org.netbeans.modules.openide.util.GlobalLookup.execute(GlobalLookup.java:45)
	org.openide.util.lookup.Lookups.executeWith(Lookups.java:287)
	org.openide.util.RequestProcessor$Processor.run(RequestProcessor.java:2035)
Changed ClassPaths:[/Users/atalati/vscode-extension/main-repo/javavscode/netbeans/java/java.lsp.server/build/test/unit/work/o.n.m.j.l.s.p.S/es]

May 27, 2024 4:40:13 PM org.netbeans.modules.parsing.impl.indexing.LogContext log
INFO: SCAN_EXCEEDS_RATE ID: 47, Type:PATH
Time scheduled: Mon May 27 16:40:04 IST 2024
Time executed: Mon May 27 16:40:04 IST 2024
Time finished: Mon May 27 16:40:05 IST 2024
Scanned roots: [< root = nbjrt:file:/Library/Java/JavaVirtualMachines/jdk-17.0.8.jdk/Contents/Home/!/modules/jdk.management/; spent = 34; crawler = 0; res = -1; allRes = -1>
	 < root = nbjrt:file:/Library/Java/JavaVirtualMachines/jdk-17.0.8.jdk/Contents/Home/!/modules/jdk.management.jfr/; spent = 34; crawler = 0; res = -1; allRes = -1>
	 < root = nbjrt:file:/Library/Java/JavaVirtualMachines/jdk-17.0.8.jdk/Contents/Home/!/modules/java.datatransfer/; spent = 8111; crawler = 0; res = -1; allRes = -1>
	 < root = nbjrt:file:/Library/Java/JavaVirtualMachines/jdk-17.0.8.jdk/Contents/Home/!/modules/java.scripting/; spent = 8111; crawler = 0; res = -1; allRes = -1>
	 < root = nbjrt:file:/Library/Java/JavaVirtualMachines/jdk-17.0.8.jdk/Contents/Home/!/modules/jdk.unsupported.desktop/; spent = 1; crawler = 0; res = -1; allRes = -1>
	 < root = nbjrt:file:/Library/Java/JavaVirtualMachines/jdk-17.0.8.jdk/Contents/Home/!/modules/jdk.internal.ed/; spent = 1; crawler = 0; res = -1; allRes = -1>
	 < root = nbjrt:file:/Library/Java/JavaVirtualMachines/jdk-17.0.8.jdk/Contents/Home/!/modules/jdk.internal.vm.compiler.management/; spent = 8110; crawler = 0; res = -1; allRes = -1>
	 < root = nbjrt:file:/Library/Java/JavaVirtualMachines/jdk-17.0.8.jdk/Contents/Home/!/modules/jdk.internal.opt/; spent = 8110; crawler = 0; res = -1; allRes = -1>
	 < root = nbjrt:file:/Library/Java/JavaVirtualMachines/jdk-17.0.8.jdk/Contents/Home/!/modules/jdk.jsobject/; spent = 8110; crawler = 0; res = -1; allRes = -1>
	 < root = nbjrt:file:/Library/Java/JavaVirtualMachines/jdk-17.0.8.jdk/Contents/Home/!/modules/jdk.sctp/; spent = 8110; crawler = 0; res = -1; allRes = -1>
	 < root = nbjrt:file:/Library/Java/JavaVirtualMachines/jdk-17.0.8.jdk/Contents/Home/!/modules/jdk.unsupported/; spent = 1; crawler = 0; res = -1; allRes = -1>
	 < root = nbjrt:file:/Library/Java/JavaVirtualMachines/jdk-17.0.8.jdk/Contents/Home/!/modules/java.management/; spent = 1; crawler = 0; res = -1; allRes = -1>
	 < root = nbjrt:file:/Library/Java/JavaVirtualMachines/jdk-17.0.8.jdk/Contents/Home/!/modules/java.rmi/; spent = 8109; crawler = 0; res = -1; allRes = -1>
	 < root = nbjrt:file:/Library/Java/JavaVirtualMachines/jdk-17.0.8.jdk/Contents/Home/!/modules/jdk.naming.dns/; spent = 8109; crawler = 0; res = -1; allRes = -1>
	 < root = nbjrt:file:/Library/Java/JavaVirtualMachines/jdk-17.0.8.jdk/Contents/Home/!/modules/java.instrument/; spent = 8109; crawler = 0; res = -1; allRes = -1>
	 < root = nbjrt:file:/Library/Java/JavaVirtualMachines/jdk-17.0.8.jdk/Contents/Home/!/modules/jdk.crypto.ec/; spent = 8109; crawler = 0; res = -1; allRes = -1>
	 < root = nbjrt:file:/Library/Java/JavaVirtualMachines/jdk-17.0.8.jdk/Contents/Home/!/modules/jdk.incubator.vector/; spent = 8109; crawler = 0; res = -1; allRes = -1>
	 < root = nbjrt:file:/Library/Java/JavaVirtualMachines/jdk-17.0.8.jdk/Contents/Home/!/modules/java.security.sasl/; spent = 8109; crawler = 0; res = -1; allRes = -1>
	 < root = nbjrt:file:/Library/Java/JavaVirtualMachines/jdk-17.0.8.jdk/Contents/Home/!/modules/jdk.editpad/; spent = 1; crawler = 0; res = -1; allRes = -1>
	 < root = nbjrt:file:/Library/Java/JavaVirtualMachines/jdk-17.0.8.jdk/Contents/Home/!/modules/java.logging/; spent = 1; crawler = 0; res = -1; allRes = -1>
	 < root = nbjrt:file:/Library/Java/JavaVirtualMachines/jdk-17.0.8.jdk/Contents/Home/!/modules/jdk.internal.le/; spent = 8108; crawler = 0; res = -1; allRes = -1>
	 < root = nbjrt:file:/Library/Java/JavaVirtualMachines/jdk-17.0.8.jdk/Contents/Home/!/modules/jdk.jdwp.agent/; spent = 8108; crawler = 0; res = -1; allRes = -1>
	 < root = nbjrt:file:/Library/Java/JavaVirtualMachines/jdk-17.0.8.jdk/Contents/Home/!/modules/java.security.jgss/; spent = 8108; crawler = 0; res = -1; allRes = -1>
	 < root = nbjrt:file:/Library/Java/JavaVirtualMachines/jdk-17.0.8.jdk/Contents/Home/!/modules/jdk.nio.mapmode/; spent = 1; crawler = 0; res = -1; allRes = -1>
	 < root = nbjrt:file:/Library/Java/JavaVirtualMachines/jdk-17.0.8.jdk/Contents/Home/!/modules/jdk.incubator.foreign/; spent = 1; crawler = 0; res = -1; allRes = -1>
	 < root = nbjrt:file:/Library/Java/JavaVirtualMachines/jdk-17.0.8.jdk/Contents/Home/!/modules/jdk.zipfs/; spent = 8107; crawler = 0; res = -1; allRes = -1>
	 < root = nbjrt:file:/Library/Java/JavaVirtualMachines/jdk-17.0.8.jdk/Contents/Home/!/modules/java.management.rmi/; spent = 8107; crawler = 0; res = -1; allRes = -1>
	 < root = nbjrt:file:/Library/Java/JavaVirtualMachines/jdk-17.0.8.jdk/Contents/Home/!/modules/java.naming/; spent = 8107; crawler = 0; res = -1; allRes = -1>
	 < root = nbjrt:file:/Library/Java/JavaVirtualMachines/jdk-17.0.8.jdk/Contents/Home/!/modules/jdk.localedata/; spent = 8107; crawler = 0; res = -1; allRes = -1>
	 < root = nbjrt:file:/Library/Java/JavaVirtualMachines/jdk-17.0.8.jdk/Contents/Home/!/modules/java.desktop/; spent = 1; crawler = 0; res = -1; allRes = -1>
	 < root = nbjrt:file:/Library/Java/JavaVirtualMachines/jdk-17.0.8.jdk/Contents/Home/!/modules/jdk.internal.jvmstat/; spent = 1; crawler = 0; res = -1; allRes = -1>
	 < root = nbjrt:file:/Library/Java/JavaVirtualMachines/jdk-17.0.8.jdk/Contents/Home/!/modules/java.base/; spent = 8106; crawler = 0; res = -1; allRes = -1>
	 < root = nbjrt:file:/Library/Java/JavaVirtualMachines/jdk-17.0.8.jdk/Contents/Home/!/modules/jdk.jlink/; spent = 8106; crawler = 0; res = -1; allRes = -1>
	 < root = nbjrt:file:/Library/Java/JavaVirtualMachines/jdk-17.0.8.jdk/Contents/Home/!/modules/jdk.security.jgss/; spent = 8106; crawler = 0; res = -1; allRes = -1>
	 < root = nbjrt:file:/Library/Java/JavaVirtualMachines/jdk-17.0.8.jdk/Contents/Home/!/modules/jdk.hotspot.agent/; spent = 8106; crawler = 0; res = -1; allRes = -1>
	 < root = nbjrt:file:/Library/Java/JavaVirtualMachines/jdk-17.0.8.jdk/Contents/Home/!/modules/jdk.jcmd/; spent = 1; crawler = 0; res = -1; allRes = -1>
	 < root = nbjrt:file:/Library/Java/JavaVirtualMachines/jdk-17.0.8.jdk/Contents/Home/!/modules/jdk.jpackage/; spent = 1; crawler = 0; res = -1; allRes = -1>
	 < root = nbjrt:file:/Library/Java/JavaVirtualMachines/jdk-17.0.8.jdk/Contents/Home/!/modules/jdk.xml.dom/; spent = 8105; crawler = 0; res = -1; allRes = -1>
	 < root = nbjrt:file:/Library/Java/JavaVirtualMachines/jdk-17.0.8.jdk/Contents/Home/!/modules/jdk.jshell/; spent = 8105; crawler = 0; res = -1; allRes = -1>
	 < root = nbjrt:file:/Library/Java/JavaVirtualMachines/jdk-17.0.8.jdk/Contents/Home/!/modules/java.sql.rowset/; spent = 8105; crawler = 0; res = -1; allRes = -1>
	 < root = nbjrt:file:/Library/Java/JavaVirtualMachines/jdk-17.0.8.jdk/Contents/Home/!/modules/java.xml.crypto/; spent = 8105; crawler = 0; res = -1; allRes = -1>
	 < root = nbjrt:file:/Library/Java/JavaVirtualMachines/jdk-17.0.8.jdk/Contents/Home/!/modules/jdk.security.auth/; spent = 1; crawler = 0; res = -1; allRes = -1>
	 < root = nbjrt:file:/Library/Java/JavaVirtualMachines/jdk-17.0.8.jdk/Contents/Home/!/modules/jdk.jdeps/; spent = 1; crawler = 0; res = -1; allRes = -1>
	 < root = nbjrt:file:/Library/Java/JavaVirtualMachines/jdk-17.0.8.jdk/Contents/Home/!/modules/jdk.management.agent/; spent = 8104; crawler = 0; res = -1; allRes = -1>
	 < root = nbjrt:file:/Library/Java/JavaVirtualMachines/jdk-17.0.8.jdk/Contents/Home/!/modules/java.smartcardio/; spent = 8104; crawler = 0; res = -1; allRes = -1>
	 < root = nbjrt:file:/Library/Java/JavaVirtualMachines/jdk-17.0.8.jdk/Contents/Home/!/modules/java.sql/; spent = 8104; crawler = 0; res = -1; allRes = -1>
	 < root = nbjrt:file:/Library/Java/JavaVirtualMachines/jdk-17.0.8.jdk/Contents/Home/!/modules/java.net.http/; spent = 8104; crawler = 0; res = -1; allRes = -1>
	 < root = nbjrt:file:/Library/Java/JavaVirtualMachines/jdk-17.0.8.jdk/Contents/Home/!/modules/jdk.naming.rmi/; spent = 1; crawler = 0; res = -1; allRes = -1>
	 < root = nbjrt:file:/Library/Java/JavaVirtualMachines/jdk-17.0.8.jdk/Contents/Home/!/modules/jdk.random/; spent = 1; crawler = 0; res = -1; allRes = -1>
	 < root = nbjrt:file:/Library/Java/JavaVirtualMachines/jdk-17.0.8.jdk/Contents/Home/!/modules/jdk.accessibility/; spent = 8103; crawler = 0; res = -1; allRes = -1>
	 < root = nbjrt:file:/Library/Java/JavaVirtualMachines/jdk-17.0.8.jdk/Contents/Home/!/modules/java.xml/; spent = 8103; crawler = 0; res = -1; allRes = -1>
	 < root = nbjrt:file:/Library/Java/JavaVirtualMachines/jdk-17.0.8.jdk/Contents/Home/!/modules/jdk.jconsole/; spent = 8103; crawler = 0; res = -1; allRes = -1>
	 < root = nbjrt:file:/Library/Java/JavaVirtualMachines/jdk-17.0.8.jdk/Contents/Home/!/modules/java.compiler/; spent = 8103; crawler = 0; res = -1; allRes = -1>
	 < root = nbjrt:file:/Library/Java/JavaVirtualMachines/jdk-17.0.8.jdk/Contents/Home/!/modules/jdk.crypto.cryptoki/; spent = 1; crawler = 0; res = -1; allRes = -1>
	 < root = nbjrt:file:/Library/Java/JavaVirtualMachines/jdk-17.0.8.jdk/Contents/Home/!/modules/jdk.internal.vm.ci/; spent = 1; crawler = 0; res = -1; allRes = -1>
	 < root = nbjrt:file:/Library/Java/JavaVirtualMachines/jdk-17.0.8.jdk/Contents/Home/!/modules/jdk.jdi/; spent = 8102; crawler = 0; res = -1; allRes = -1>
	 < root = nbjrt:file:/Library/Java/JavaVirtualMachines/jdk-17.0.8.jdk/Contents/Home/!/modules/java.transaction.xa/; spent = 8102; crawler = 0; res = -1; allRes = -1>
	 < root = nbjrt:file:/Library/Java/JavaVirtualMachines/jdk-17.0.8.jdk/Contents/Home/!/modules/jdk.internal.vm.compiler/; spent = 8102; crawler = 0; res = -1; allRes = -1>
	 < root = nbjrt:file:/Library/Java/JavaVirtualMachines/jdk-17.0.8.jdk/Contents/Home/!/modules/jdk.attach/; spent = 8102; crawler = 0; res = -1; allRes = -1>
	 < root = nbjrt:file:/Library/Java/JavaVirtualMachines/jdk-17.0.8.jdk/Contents/Home/!/modules/jdk.dynalink/; spent = 1; crawler = 0; res = -1; allRes = -1>
	 < root = nbjrt:file:/Library/Java/JavaVirtualMachines/jdk-17.0.8.jdk/Contents/Home/!/modules/jdk.javadoc/; spent = 1; crawler = 0; res = -1; allRes = -1>
	 < root = nbjrt:file:/Library/Java/JavaVirtualMachines/jdk-17.0.8.jdk/Contents/Home/!/modules/jdk.httpserver/; spent = 8101; crawler = 0; res = -1; allRes = -1>
	 < root = nbjrt:file:/Library/Java/JavaVirtualMachines/jdk-17.0.8.jdk/Contents/Home/!/modules/jdk.jartool/; spent = 8101; crawler = 0; res = -1; allRes = -1>
	 < root = nbjrt:file:/Library/Java/JavaVirtualMachines/jdk-17.0.8.jdk/Contents/Home/!/modules/java.prefs/; spent = 8101; crawler = 0; res = -1; allRes = -1>
	 < root = nbjrt:file:/Library/Java/JavaVirtualMachines/jdk-17.0.8.jdk/Contents/Home/!/modules/jdk.net/; spent = 8101; crawler = 0; res = -1; allRes = -1>
	 < root = nbjrt:file:/Library/Java/JavaVirtualMachines/jdk-17.0.8.jdk/Contents/Home/!/modules/jdk.jstatd/; spent = 8101; crawler = 0; res = -1; allRes = -1>
	 < root = nbjrt:file:/Library/Java/JavaVirtualMachines/jdk-17.0.8.jdk/Contents/Home/!/modules/jdk.compiler/; spent = 1; crawler = 0; res = -1; allRes = -1>
	 < root = nbjrt:file:/Library/Java/JavaVirtualMachines/jdk-17.0.8.jdk/Contents/Home/!/modules/java.se/; spent = 1; crawler = 0; res = -1; allRes = -1>
	 < root = nbjrt:file:/Library/Java/JavaVirtualMachines/jdk-17.0.8.jdk/Contents/Home/!/modules/jdk.charsets/; spent = 8100; crawler = 0; res = -1; allRes = -1>
	 < root = nbjrt:file:/Library/Java/JavaVirtualMachines/jdk-17.0.8.jdk/Contents/Home/!/modules/jdk.jfr/; spent = 8100; crawler = 0; res = -1; allRes = -1>
	 < root = file:/Users/atalati/vscode-extension/main-repo/javavscode/netbeans/java/java.lsp.server/build/test/unit/work/o.n.m.j.l.s.p.S/aioc/; spent = 54; crawler = 0; res = 2; allRes = 2>]
, total time: 144
Current root(s): []
Current indexer(s): 
Time spent in indexers:
	LSPServerTelemetry: 1
	java: 65
	java-launcher-compiler-options: 0
	org-netbeans-modules-jumpto-file-FileIndexer: 1
	org.netbeans.modules.java.source.indexing.COSSynchronizingIndexer: 1
	tests: 1
	text/x-java: 1
Time spent in indexers, in individual roots:
	nbjrt:file:/Library/Java/JavaVirtualMachines/jdk-17.0.8.jdk/Contents/Home/!/modules/jdk.management/
		java: 1
	nbjrt:file:/Library/Java/JavaVirtualMachines/jdk-17.0.8.jdk/Contents/Home/!/modules/jdk.management.jfr/
		java: 1
	nbjrt:file:/Library/Java/JavaVirtualMachines/jdk-17.0.8.jdk/Contents/Home/!/modules/java.datatransfer/
		java: 0
	nbjrt:file:/Library/Java/JavaVirtualMachines/jdk-17.0.8.jdk/Contents/Home/!/modules/java.scripting/
		java: 0
	nbjrt:file:/Library/Java/JavaVirtualMachines/jdk-17.0.8.jdk/Contents/Home/!/modules/jdk.unsupported.desktop/
		java: 1
	nbjrt:file:/Library/Java/JavaVirtualMachines/jdk-17.0.8.jdk/Contents/Home/!/modules/jdk.internal.ed/
		java: 1
	nbjrt:file:/Library/Java/JavaVirtualMachines/jdk-17.0.8.jdk/Contents/Home/!/modules/jdk.internal.vm.compiler.management/
		java: 0
	nbjrt:file:/Library/Java/JavaVirtualMachines/jdk-17.0.8.jdk/Contents/Home/!/modules/jdk.internal.opt/
		java: 0
	nbjrt:file:/Library/Java/JavaVirtualMachines/jdk-17.0.8.jdk/Contents/Home/!/modules/jdk.jsobject/
		java: 0
	nbjrt:file:/Library/Java/JavaVirtualMachines/jdk-17.0.8.jdk/Contents/Home/!/modules/jdk.sctp/
		java: 0
	nbjrt:file:/Library/Java/JavaVirtualMachines/jdk-17.0.8.jdk/Contents/Home/!/modules/jdk.unsupported/
		java: 1
	nbjrt:file:/Library/Java/JavaVirtualMachines/jdk-17.0.8.jdk/Contents/Home/!/modules/java.management/
		java: 1
	nbjrt:file:/Library/Java/JavaVirtualMachines/jdk-17.0.8.jdk/Contents/Home/!/modules/java.rmi/
		java: 0
	nbjrt:file:/Library/Java/JavaVirtualMachines/jdk-17.0.8.jdk/Contents/Home/!/modules/jdk.naming.dns/
		java: 0
	nbjrt:file:/Library/Java/JavaVirtualMachines/jdk-17.0.8.jdk/Contents/Home/!/modules/java.instrument/
		java: 0
	nbjrt:file:/Library/Java/JavaVirtualMachines/jdk-17.0.8.jdk/Contents/Home/!/modules/jdk.crypto.ec/
		java: 0
	nbjrt:file:/Library/Java/JavaVirtualMachines/jdk-17.0.8.jdk/Contents/Home/!/modules/jdk.incubator.vector/
		java: 0
	nbjrt:file:/Library/Java/JavaVirtualMachines/jdk-17.0.8.jdk/Contents/Home/!/modules/java.security.sasl/
		java: 0
	nbjrt:file:/Library/Java/JavaVirtualMachines/jdk-17.0.8.jdk/Contents/Home/!/modules/jdk.editpad/
		java: 1
	nbjrt:file:/Library/Java/JavaVirtualMachines/jdk-17.0.8.jdk/Contents/Home/!/modules/java.logging/
		java: 1
	nbjrt:file:/Library/Java/JavaVirtualMachines/jdk-17.0.8.jdk/Contents/Home/!/modules/jdk.internal.le/
		java: 0
	nbjrt:file:/Library/Java/JavaVirtualMachines/jdk-17.0.8.jdk/Contents/Home/!/modules/jdk.jdwp.agent/
		java: 0
	nbjrt:file:/Library/Java/JavaVirtualMachines/jdk-17.0.8.jdk/Contents/Home/!/modules/java.security.jgss/
		java: 0
	nbjrt:file:/Library/Java/JavaVirtualMachines/jdk-17.0.8.jdk/Contents/Home/!/modules/jdk.nio.mapmode/
		java: 0
	nbjrt:file:/Library/Java/JavaVirtualMachines/jdk-17.0.8.jdk/Contents/Home/!/modules/jdk.incubator.foreign/
		java: 1
	nbjrt:file:/Library/Java/JavaVirtualMachines/jdk-17.0.8.jdk/Contents/Home/!/modules/jdk.zipfs/
		java: 0
	nbjrt:file:/Library/Java/JavaVirtualMachines/jdk-17.0.8.jdk/Contents/Home/!/modules/java.management.rmi/
		java: 0
	nbjrt:file:/Library/Java/JavaVirtualMachines/jdk-17.0.8.jdk/Contents/Home/!/modules/java.naming/
		java: 0
	nbjrt:file:/Library/Java/JavaVirtualMachines/jdk-17.0.8.jdk/Contents/Home/!/modules/jdk.localedata/
		java: 0
	nbjrt:file:/Library/Java/JavaVirtualMachines/jdk-17.0.8.jdk/Contents/Home/!/modules/java.desktop/
		java: 0
	nbjrt:file:/Library/Java/JavaVirtualMachines/jdk-17.0.8.jdk/Contents/Home/!/modules/jdk.internal.jvmstat/
		java: 1
	nbjrt:file:/Library/Java/JavaVirtualMachines/jdk-17.0.8.jdk/Contents/Home/!/modules/java.base/
		java: 0
	nbjrt:file:/Library/Java/JavaVirtualMachines/jdk-17.0.8.jdk/Contents/Home/!/modules/jdk.jlink/
		java: 0
	nbjrt:file:/Library/Java/JavaVirtualMachines/jdk-17.0.8.jdk/Contents/Home/!/modules/jdk.security.jgss/
		java: 0
	nbjrt:file:/Library/Java/JavaVirtualMachines/jdk-17.0.8.jdk/Contents/Home/!/modules/jdk.hotspot.agent/
		java: 0
	nbjrt:file:/Library/Java/JavaVirtualMachines/jdk-17.0.8.jdk/Contents/Home/!/modules/jdk.jcmd/
		java: 1
	nbjrt:file:/Library/Java/JavaVirtualMachines/jdk-17.0.8.jdk/Contents/Home/!/modules/jdk.jpackage/
		java: 1
	nbjrt:file:/Library/Java/JavaVirtualMachines/jdk-17.0.8.jdk/Contents/Home/!/modules/jdk.xml.dom/
		java: 0
	nbjrt:file:/Library/Java/JavaVirtualMachines/jdk-17.0.8.jdk/Contents/Home/!/modules/jdk.jshell/
		java: 0
	nbjrt:file:/Library/Java/JavaVirtualMachines/jdk-17.0.8.jdk/Contents/Home/!/modules/java.sql.rowset/
		java: 0
	nbjrt:file:/Library/Java/JavaVirtualMachines/jdk-17.0.8.jdk/Contents/Home/!/modules/java.xml.crypto/
		java: 0
	nbjrt:file:/Library/Java/JavaVirtualMachines/jdk-17.0.8.jdk/Contents/Home/!/modules/jdk.security.auth/
		java: 0
	nbjrt:file:/Library/Java/JavaVirtualMachines/jdk-17.0.8.jdk/Contents/Home/!/modules/jdk.jdeps/
		java: 1
	nbjrt:file:/Library/Java/JavaVirtualMachines/jdk-17.0.8.jdk/Contents/Home/!/modules/jdk.management.agent/
		java: 0
	nbjrt:file:/Library/Java/JavaVirtualMachines/jdk-17.0.8.jdk/Contents/Home/!/modules/java.smartcardio/
		java: 0
	nbjrt:file:/Library/Java/JavaVirtualMachines/jdk-17.0.8.jdk/Contents/Home/!/modules/java.sql/
		java: 0
	nbjrt:file:/Library/Java/JavaVirtualMachines/jdk-17.0.8.jdk/Contents/Home/!/modules/java.net.http/
		java: 0
	nbjrt:file:/Library/Java/JavaVirtualMachines/jdk-17.0.8.jdk/Contents/Home/!/modules/jdk.naming.rmi/
		java: 1
	nbjrt:file:/Library/Java/JavaVirtualMachines/jdk-17.0.8.jdk/Contents/Home/!/modules/jdk.random/
		java: 1
	nbjrt:file:/Library/Java/JavaVirtualMachines/jdk-17.0.8.jdk/Contents/Home/!/modules/jdk.accessibility/
		java: 0
	nbjrt:file:/Library/Java/JavaVirtualMachines/jdk-17.0.8.jdk/Contents/Home/!/modules/java.xml/
		java: 0
	nbjrt:file:/Library/Java/JavaVirtualMachines/jdk-17.0.8.jdk/Contents/Home/!/modules/jdk.jconsole/
		java: 0
	nbjrt:file:/Library/Java/JavaVirtualMachines/jdk-17.0.8.jdk/Contents/Home/!/modules/java.compiler/
		java: 0
	nbjrt:file:/Library/Java/JavaVirtualMachines/jdk-17.0.8.jdk/Contents/Home/!/modules/jdk.crypto.cryptoki/
		java: 1
	nbjrt:file:/Library/Java/JavaVirtualMachines/jdk-17.0.8.jdk/Contents/Home/!/modules/jdk.internal.vm.ci/
		java: 1
	nbjrt:file:/Library/Java/JavaVirtualMachines/jdk-17.0.8.jdk/Contents/Home/!/modules/jdk.jdi/
		java: 0
	nbjrt:file:/Library/Java/JavaVirtualMachines/jdk-17.0.8.jdk/Contents/Home/!/modules/java.transaction.xa/
		java: 0
	nbjrt:file:/Library/Java/JavaVirtualMachines/jdk-17.0.8.jdk/Contents/Home/!/modules/jdk.internal.vm.compiler/
		java: 0
	nbjrt:file:/Library/Java/JavaVirtualMachines/jdk-17.0.8.jdk/Contents/Home/!/modules/jdk.attach/
		java: 0
	nbjrt:file:/Library/Java/JavaVirtualMachines/jdk-17.0.8.jdk/Contents/Home/!/modules/jdk.dynalink/
		java: 1
	nbjrt:file:/Library/Java/JavaVirtualMachines/jdk-17.0.8.jdk/Contents/Home/!/modules/jdk.javadoc/
		java: 1
	nbjrt:file:/Library/Java/JavaVirtualMachines/jdk-17.0.8.jdk/Contents/Home/!/modules/jdk.httpserver/
		java: 0
	nbjrt:file:/Library/Java/JavaVirtualMachines/jdk-17.0.8.jdk/Contents/Home/!/modules/jdk.jartool/
		java: 0
	nbjrt:file:/Library/Java/JavaVirtualMachines/jdk-17.0.8.jdk/Contents/Home/!/modules/java.prefs/
		java: 0
	nbjrt:file:/Library/Java/JavaVirtualMachines/jdk-17.0.8.jdk/Contents/Home/!/modules/jdk.net/
		java: 0
	nbjrt:file:/Library/Java/JavaVirtualMachines/jdk-17.0.8.jdk/Contents/Home/!/modules/jdk.jstatd/
		java: 0
	nbjrt:file:/Library/Java/JavaVirtualMachines/jdk-17.0.8.jdk/Contents/Home/!/modules/jdk.compiler/
		java: 1
	nbjrt:file:/Library/Java/JavaVirtualMachines/jdk-17.0.8.jdk/Contents/Home/!/modules/java.se/
		java: 1
	nbjrt:file:/Library/Java/JavaVirtualMachines/jdk-17.0.8.jdk/Contents/Home/!/modules/jdk.charsets/
		java: 0
	nbjrt:file:/Library/Java/JavaVirtualMachines/jdk-17.0.8.jdk/Contents/Home/!/modules/jdk.jfr/
		java: 0
	file:/Users/atalati/vscode-extension/main-repo/javavscode/netbeans/java/java.lsp.server/build/test/unit/work/o.n.m.j.l.s.p.S/aioc/
		LSPServerTelemetry: 1
		java: 44
		java-launcher-compiler-options: 0
		org-netbeans-modules-jumpto-file-FileIndexer: 1
		org.netbeans.modules.java.source.indexing.COSSynchronizingIndexer: 1
		tests: 1
		text/x-java: 1
Time in index store: 2
Time crawling: 0
Stacktrace:
	java.base/java.lang.Thread.getStackTrace(Thread.java:1610)
	org.netbeans.modules.parsing.impl.indexing.LogContext.create(LogContext.java:111)
	org.netbeans.modules.parsing.impl.indexing.LogContext.create(LogContext.java:102)
	org.netbeans.modules.parsing.impl.indexing.PathRegistry.scheduleFirer(PathRegistry.java:938)
	org.netbeans.modules.parsing.impl.indexing.PathRegistry.resetCacheAndFire(PathRegistry.java:931)
	org.netbeans.modules.parsing.impl.indexing.PathRegistry.access$500(PathRegistry.java:68)
	org.netbeans.modules.parsing.impl.indexing.PathRegistry$Listener.pathsAdded(PathRegistry.java:1206)
	jdk.internal.reflect.GeneratedMethodAccessor95.invoke(Unknown Source)
	java.base/jdk.internal.reflect.DelegatingMethodAccessorImpl.invoke(DelegatingMethodAccessorImpl.java:43)
	java.base/java.lang.reflect.Method.invoke(Method.java:568)
	org.openide.util.WeakListenerImpl$ProxyListener.invoke(WeakListenerImpl.java:461)
	jdk.proxy2/jdk.proxy2.$Proxy19.pathsAdded(Unknown Source)
	org.netbeans.api.java.classpath.GlobalPathRegistry.register(GlobalPathRegistry.java:206)
	org.netbeans.modules.java.lsp.server.protocol.ServerTest$TestProjectFactory$1.projectOpened(ServerTest.java:5353)
	org.netbeans.spi.project.ui.ProjectOpenedHook$1.projectOpened(ProjectOpenedHook.java:60)
	org.netbeans.modules.project.ui.OpenProjectList.notifyOpened(OpenProjectList.java:1321)
	org.netbeans.modules.project.ui.OpenProjectList.doOpenProject(OpenProjectList.java:1402)
	org.netbeans.modules.project.ui.OpenProjectList.open(OpenProjectList.java:848)
	org.netbeans.modules.project.ui.OpenProjectList.open(OpenProjectList.java:682)
	org.netbeans.modules.project.ui.OpenProjectList.open(OpenProjectList.java:643)
	org.netbeans.modules.project.ui.OpenProjectsTrampolineImpl.openAPI(OpenProjectsTrampolineImpl.java:56)
	org.netbeans.api.project.ui.OpenProjects.open(OpenProjects.java:173)
	org.netbeans.modules.java.lsp.server.protocol.Server$LanguageServerImpl.lambda$asyncOpenSelectedProjects1$9(Server.java:713)
	java.base/java.util.concurrent.CompletableFuture.uniRunNow(CompletableFuture.java:819)
	java.base/java.util.concurrent.CompletableFuture.uniRunStage(CompletableFuture.java:803)
	java.base/java.util.concurrent.CompletableFuture.thenRun(CompletableFuture.java:2195)
	org.netbeans.modules.java.lsp.server.protocol.Server$LanguageServerImpl.asyncOpenSelectedProjects1(Server.java:703)
	org.netbeans.modules.java.lsp.server.protocol.Server$LanguageServerImpl.asyncOpenSelectedProjects0(Server.java:642)
	org.netbeans.modules.java.lsp.server.protocol.Server$LanguageServerImpl.lambda$initialize$15(Server.java:949)
	org.openide.util.RequestProcessor$Task.run(RequestProcessor.java:1420)
	org.netbeans.modules.openide.util.GlobalLookup.execute(GlobalLookup.java:45)
	org.openide.util.lookup.Lookups.executeWith(Lookups.java:287)
	org.openide.util.RequestProcessor$Processor.run(RequestProcessor.java:2035)
Changed ClassPaths:[/Users/atalati/vscode-extension/main-repo/javavscode/netbeans/java/java.lsp.server/build/test/unit/work/o.n.m.j.l.s.p.S/aioc]

May 27, 2024 4:40:13 PM org.netbeans.modules.parsing.impl.indexing.LogContext log
INFO: SCAN_EXCEEDS_RATE ID: 51, Type:PATH
Time scheduled: Mon May 27 16:40:06 IST 2024
Time executed: Mon May 27 16:40:07 IST 2024
Time finished: Mon May 27 16:40:07 IST 2024
Scanned roots: [< root = file:/Users/atalati/vscode-extension/main-repo/javavscode/netbeans/java/java.lsp.server/build/test/unit/work/o.n.m.j.l.s.p.S/rdccnro/; spent = 214; crawler = 0; res = 3; allRes = 3>]
, total time: 214
Current root(s): []
Current indexer(s): 
Time spent in indexers:
	LSPServerTelemetry: 0
	java: 52
	java-launcher-compiler-options: 0
	org-netbeans-modules-jumpto-file-FileIndexer: 1
	org.netbeans.modules.java.source.indexing.COSSynchronizingIndexer: 1
	tests: 1
	text/x-java: 3
Time spent in indexers, in individual roots:
	file:/Users/atalati/vscode-extension/main-repo/javavscode/netbeans/java/java.lsp.server/build/test/unit/work/o.n.m.j.l.s.p.S/rdccnro/
		LSPServerTelemetry: 0
		java: 52
		java-launcher-compiler-options: 0
		org-netbeans-modules-jumpto-file-FileIndexer: 1
		org.netbeans.modules.java.source.indexing.COSSynchronizingIndexer: 1
		tests: 1
		text/x-java: 3
Time in index store: 1
Time crawling: 0
Stacktrace:
	java.base/java.lang.Thread.getStackTrace(Thread.java:1610)
	org.netbeans.modules.parsing.impl.indexing.LogContext.create(LogContext.java:111)
	org.netbeans.modules.parsing.impl.indexing.LogContext.create(LogContext.java:102)
	org.netbeans.modules.parsing.impl.indexing.PathRegistry.scheduleFirer(PathRegistry.java:938)
	org.netbeans.modules.parsing.impl.indexing.PathRegistry.resetCacheAndFire(PathRegistry.java:931)
	org.netbeans.modules.parsing.impl.indexing.PathRegistry.access$500(PathRegistry.java:68)
	org.netbeans.modules.parsing.impl.indexing.PathRegistry$Listener.pathsRemoved(PathRegistry.java:1218)
	jdk.internal.reflect.GeneratedMethodAccessor96.invoke(Unknown Source)
	java.base/jdk.internal.reflect.DelegatingMethodAccessorImpl.invoke(DelegatingMethodAccessorImpl.java:43)
	java.base/java.lang.reflect.Method.invoke(Method.java:568)
	org.openide.util.WeakListenerImpl$ProxyListener.invoke(WeakListenerImpl.java:461)
	jdk.proxy2/jdk.proxy2.$Proxy19.pathsRemoved(Unknown Source)
	org.netbeans.api.java.classpath.GlobalPathRegistry.unregister(GlobalPathRegistry.java:239)
	org.netbeans.modules.java.lsp.server.protocol.ServerTest$TestProjectFactory$1.projectClosed(ServerTest.java:5358)
	org.netbeans.spi.project.ui.ProjectOpenedHook$1.projectClosed(ProjectOpenedHook.java:64)
	org.netbeans.modules.project.ui.OpenProjectList.notifyClosed(OpenProjectList.java:1345)
	org.netbeans.modules.project.ui.OpenProjectList.access$2600(OpenProjectList.java:116)
	org.netbeans.modules.project.ui.OpenProjectList$15.run(OpenProjectList.java:1001)
	org.openide.util.RequestProcessor$Task.run(RequestProcessor.java:1420)
	org.netbeans.modules.openide.util.GlobalLookup.execute(GlobalLookup.java:45)
	org.openide.util.lookup.Lookups.executeWith(Lookups.java:287)
	org.openide.util.RequestProcessor$Processor.run(RequestProcessor.java:2035)
Changed ClassPaths:[/Users/atalati/vscode-extension/main-repo/javavscode/netbeans/java/java.lsp.server/build/test/unit/work/o.n.m.j.l.s.p.S/aioc, /Users/atalati/vscode-extension/main-repo/javavscode/netbeans/java/java.lsp.server/build/test/unit/work/o.n.m.j.l.s.p.S/rdccnro]

May 27, 2024 4:40:13 PM org.netbeans.modules.parsing.impl.indexing.LogContext log
INFO: SCAN_EXCEEDS_RATE ID: 54, Type:PATH
Time scheduled: Mon May 27 16:40:07 IST 2024
Time executed: Mon May 27 16:40:08 IST 2024
Time finished: Mon May 27 16:40:09 IST 2024
Scanned roots: [< root = nbjrt:file:/Library/Java/JavaVirtualMachines/jdk-17.0.8.jdk/Contents/Home/!/modules/jdk.management.jfr/; spent = 82; crawler = 0; res = -1; allRes = -1>
	 < root = nbjrt:file:/Library/Java/JavaVirtualMachines/jdk-17.0.8.jdk/Contents/Home/!/modules/jdk.management/; spent = 82; crawler = 0; res = -1; allRes = -1>
	 < root = nbjrt:file:/Library/Java/JavaVirtualMachines/jdk-17.0.8.jdk/Contents/Home/!/modules/java.datatransfer/; spent = 7; crawler = 0; res = -1; allRes = -1>
	 < root = nbjrt:file:/Library/Java/JavaVirtualMachines/jdk-17.0.8.jdk/Contents/Home/!/modules/java.scripting/; spent = 7; crawler = 0; res = -1; allRes = -1>
	 < root = nbjrt:file:/Library/Java/JavaVirtualMachines/jdk-17.0.8.jdk/Contents/Home/!/modules/jdk.unsupported.desktop/; spent = 42; crawler = 0; res = -1; allRes = -1>
	 < root = nbjrt:file:/Library/Java/JavaVirtualMachines/jdk-17.0.8.jdk/Contents/Home/!/modules/jdk.internal.ed/; spent = 42; crawler = 0; res = -1; allRes = -1>
	 < root = nbjrt:file:/Library/Java/JavaVirtualMachines/jdk-17.0.8.jdk/Contents/Home/!/modules/jdk.internal.vm.compiler.management/; spent = 8; crawler = 0; res = -1; allRes = -1>
	 < root = nbjrt:file:/Library/Java/JavaVirtualMachines/jdk-17.0.8.jdk/Contents/Home/!/modules/jdk.jsobject/; spent = 9; crawler = 0; res = -1; allRes = -1>
	 < root = nbjrt:file:/Library/Java/JavaVirtualMachines/jdk-17.0.8.jdk/Contents/Home/!/modules/jdk.internal.opt/; spent = 17; crawler = 0; res = -1; allRes = -1>
	 < root = nbjrt:file:/Library/Java/JavaVirtualMachines/jdk-17.0.8.jdk/Contents/Home/!/modules/jdk.unsupported/; spent = 77; crawler = 0; res = -1; allRes = -1>
	 < root = nbjrt:file:/Library/Java/JavaVirtualMachines/jdk-17.0.8.jdk/Contents/Home/!/modules/jdk.sctp/; spent = 77; crawler = 0; res = -1; allRes = -1>
	 < root = nbjrt:file:/Library/Java/JavaVirtualMachines/jdk-17.0.8.jdk/Contents/Home/!/modules/java.rmi/; spent = 21; crawler = 0; res = -1; allRes = -1>
	 < root = nbjrt:file:/Library/Java/JavaVirtualMachines/jdk-17.0.8.jdk/Contents/Home/!/modules/java.management/; spent = 21; crawler = 0; res = -1; allRes = -1>
	 < root = nbjrt:file:/Library/Java/JavaVirtualMachines/jdk-17.0.8.jdk/Contents/Home/!/modules/java.instrument/; spent = 6; crawler = 0; res = -1; allRes = -1>
	 < root = nbjrt:file:/Library/Java/JavaVirtualMachines/jdk-17.0.8.jdk/Contents/Home/!/modules/jdk.naming.dns/; spent = 7; crawler = 0; res = -1; allRes = -1>
	 < root = nbjrt:file:/Library/Java/JavaVirtualMachines/jdk-17.0.8.jdk/Contents/Home/!/modules/jdk.incubator.vector/; spent = 49; crawler = 0; res = -1; allRes = -1>
	 < root = nbjrt:file:/Library/Java/JavaVirtualMachines/jdk-17.0.8.jdk/Contents/Home/!/modules/jdk.crypto.ec/; spent = 50; crawler = 0; res = -1; allRes = -1>
	 < root = nbjrt:file:/Library/Java/JavaVirtualMachines/jdk-17.0.8.jdk/Contents/Home/!/modules/java.security.sasl/; spent = 18; crawler = 0; res = -1; allRes = -1>
	 < root = nbjrt:file:/Library/Java/JavaVirtualMachines/jdk-17.0.8.jdk/Contents/Home/!/modules/jdk.editpad/; spent = 18; crawler = 0; res = -1; allRes = -1>
	 < root = nbjrt:file:/Library/Java/JavaVirtualMachines/jdk-17.0.8.jdk/Contents/Home/!/modules/jdk.internal.le/; spent = 12; crawler = 0; res = -1; allRes = -1>
	 < root = nbjrt:file:/Library/Java/JavaVirtualMachines/jdk-17.0.8.jdk/Contents/Home/!/modules/java.logging/; spent = 12; crawler = 0; res = -1; allRes = -1>
	 < root = nbjrt:file:/Library/Java/JavaVirtualMachines/jdk-17.0.8.jdk/Contents/Home/!/modules/jdk.jdwp.agent/; spent = 17; crawler = 0; res = -1; allRes = -1>
	 < root = nbjrt:file:/Library/Java/JavaVirtualMachines/jdk-17.0.8.jdk/Contents/Home/!/modules/java.security.jgss/; spent = 17; crawler = 0; res = -1; allRes = -1>
	 < root = nbjrt:file:/Library/Java/JavaVirtualMachines/jdk-17.0.8.jdk/Contents/Home/!/modules/jdk.nio.mapmode/; spent = 26; crawler = 0; res = -1; allRes = -1>
	 < root = nbjrt:file:/Library/Java/JavaVirtualMachines/jdk-17.0.8.jdk/Contents/Home/!/modules/jdk.incubator.foreign/; spent = 26; crawler = 0; res = -1; allRes = -1>
	 < root = nbjrt:file:/Library/Java/JavaVirtualMachines/jdk-17.0.8.jdk/Contents/Home/!/modules/jdk.zipfs/; spent = 25; crawler = 0; res = -1; allRes = -1>
	 < root = nbjrt:file:/Library/Java/JavaVirtualMachines/jdk-17.0.8.jdk/Contents/Home/!/modules/java.management.rmi/; spent = 25; crawler = 0; res = -1; allRes = -1>
	 < root = nbjrt:file:/Library/Java/JavaVirtualMachines/jdk-17.0.8.jdk/Contents/Home/!/modules/jdk.localedata/; spent = 40; crawler = 0; res = -1; allRes = -1>
	 < root = nbjrt:file:/Library/Java/JavaVirtualMachines/jdk-17.0.8.jdk/Contents/Home/!/modules/java.naming/; spent = 40; crawler = 0; res = -1; allRes = -1>
	 < root = nbjrt:file:/Library/Java/JavaVirtualMachines/jdk-17.0.8.jdk/Contents/Home/!/modules/jdk.internal.jvmstat/; spent = 19; crawler = 0; res = -1; allRes = -1>
	 < root = nbjrt:file:/Library/Java/JavaVirtualMachines/jdk-17.0.8.jdk/Contents/Home/!/modules/java.desktop/; spent = 19; crawler = 0; res = -1; allRes = -1>
	 < root = nbjrt:file:/Library/Java/JavaVirtualMachines/jdk-17.0.8.jdk/Contents/Home/!/modules/java.base/; spent = 11; crawler = 0; res = -1; allRes = -1>
	 < root = nbjrt:file:/Library/Java/JavaVirtualMachines/jdk-17.0.8.jdk/Contents/Home/!/modules/jdk.security.jgss/; spent = 10; crawler = 0; res = -1; allRes = -1>
	 < root = nbjrt:file:/Library/Java/JavaVirtualMachines/jdk-17.0.8.jdk/Contents/Home/!/modules/jdk.jlink/; spent = 21; crawler = 0; res = -1; allRes = -1>
	 < root = nbjrt:file:/Library/Java/JavaVirtualMachines/jdk-17.0.8.jdk/Contents/Home/!/modules/jdk.hotspot.agent/; spent = 10; crawler = 0; res = -1; allRes = -1>
	 < root = nbjrt:file:/Library/Java/JavaVirtualMachines/jdk-17.0.8.jdk/Contents/Home/!/modules/jdk.jcmd/; spent = 10; crawler = 0; res = -1; allRes = -1>
	 < root = nbjrt:file:/Library/Java/JavaVirtualMachines/jdk-17.0.8.jdk/Contents/Home/!/modules/jdk.jpackage/; spent = 18; crawler = 0; res = -1; allRes = -1>
	 < root = nbjrt:file:/Library/Java/JavaVirtualMachines/jdk-17.0.8.jdk/Contents/Home/!/modules/jdk.xml.dom/; spent = 18; crawler = 0; res = -1; allRes = -1>
	 < root = nbjrt:file:/Library/Java/JavaVirtualMachines/jdk-17.0.8.jdk/Contents/Home/!/modules/jdk.jshell/; spent = 10; crawler = 0; res = -1; allRes = -1>
	 < root = nbjrt:file:/Library/Java/JavaVirtualMachines/jdk-17.0.8.jdk/Contents/Home/!/modules/java.xml.crypto/; spent = 11; crawler = 0; res = -1; allRes = -1>
	 < root = nbjrt:file:/Library/Java/JavaVirtualMachines/jdk-17.0.8.jdk/Contents/Home/!/modules/java.sql.rowset/; spent = 21; crawler = 0; res = -1; allRes = -1>
	 < root = nbjrt:file:/Library/Java/JavaVirtualMachines/jdk-17.0.8.jdk/Contents/Home/!/modules/jdk.jdeps/; spent = 10; crawler = 0; res = -1; allRes = -1>
	 < root = nbjrt:file:/Library/Java/JavaVirtualMachines/jdk-17.0.8.jdk/Contents/Home/!/modules/jdk.security.auth/; spent = 10; crawler = 0; res = -1; allRes = -1>
	 < root = nbjrt:file:/Library/Java/JavaVirtualMachines/jdk-17.0.8.jdk/Contents/Home/!/modules/java.smartcardio/; spent = 9; crawler = 0; res = -1; allRes = -1>
	 < root = nbjrt:file:/Library/Java/JavaVirtualMachines/jdk-17.0.8.jdk/Contents/Home/!/modules/jdk.management.agent/; spent = 9; crawler = 0; res = -1; allRes = -1>
	 < root = nbjrt:file:/Library/Java/JavaVirtualMachines/jdk-17.0.8.jdk/Contents/Home/!/modules/java.sql/; spent = 10; crawler = 0; res = -1; allRes = -1>
	 < root = nbjrt:file:/Library/Java/JavaVirtualMachines/jdk-17.0.8.jdk/Contents/Home/!/modules/java.net.http/; spent = 18; crawler = 0; res = -1; allRes = -1>
	 < root = nbjrt:file:/Library/Java/JavaVirtualMachines/jdk-17.0.8.jdk/Contents/Home/!/modules/jdk.naming.rmi/; spent = 8; crawler = 0; res = -1; allRes = -1>
	 < root = nbjrt:file:/Library/Java/JavaVirtualMachines/jdk-17.0.8.jdk/Contents/Home/!/modules/jdk.random/; spent = 22; crawler = 0; res = -1; allRes = -1>
	 < root = nbjrt:file:/Library/Java/JavaVirtualMachines/jdk-17.0.8.jdk/Contents/Home/!/modules/jdk.accessibility/; spent = 22; crawler = 0; res = -1; allRes = -1>
	 < root = nbjrt:file:/Library/Java/JavaVirtualMachines/jdk-17.0.8.jdk/Contents/Home/!/modules/java.xml/; spent = 19; crawler = 0; res = -1; allRes = -1>
	 < root = nbjrt:file:/Library/Java/JavaVirtualMachines/jdk-17.0.8.jdk/Contents/Home/!/modules/jdk.jconsole/; spent = 19; crawler = 0; res = -1; allRes = -1>
	 < root = nbjrt:file:/Library/Java/JavaVirtualMachines/jdk-17.0.8.jdk/Contents/Home/!/modules/java.compiler/; spent = 21; crawler = 0; res = -1; allRes = -1>
	 < root = nbjrt:file:/Library/Java/JavaVirtualMachines/jdk-17.0.8.jdk/Contents/Home/!/modules/jdk.crypto.cryptoki/; spent = 22; crawler = 0; res = -1; allRes = -1>
	 < root = nbjrt:file:/Library/Java/JavaVirtualMachines/jdk-17.0.8.jdk/Contents/Home/!/modules/jdk.internal.vm.ci/; spent = 18; crawler = 0; res = -1; allRes = -1>
	 < root = nbjrt:file:/Library/Java/JavaVirtualMachines/jdk-17.0.8.jdk/Contents/Home/!/modules/jdk.jdi/; spent = 19; crawler = 0; res = -1; allRes = -1>
	 < root = nbjrt:file:/Library/Java/JavaVirtualMachines/jdk-17.0.8.jdk/Contents/Home/!/modules/jdk.internal.vm.compiler/; spent = 9; crawler = 0; res = -1; allRes = -1>
	 < root = nbjrt:file:/Library/Java/JavaVirtualMachines/jdk-17.0.8.jdk/Contents/Home/!/modules/java.transaction.xa/; spent = 9; crawler = 0; res = -1; allRes = -1>
	 < root = nbjrt:file:/Library/Java/JavaVirtualMachines/jdk-17.0.8.jdk/Contents/Home/!/modules/jdk.attach/; spent = 20; crawler = 0; res = -1; allRes = -1>
	 < root = nbjrt:file:/Library/Java/JavaVirtualMachines/jdk-17.0.8.jdk/Contents/Home/!/modules/jdk.dynalink/; spent = 20; crawler = 0; res = -1; allRes = -1>
	 < root = nbjrt:file:/Library/Java/JavaVirtualMachines/jdk-17.0.8.jdk/Contents/Home/!/modules/jdk.httpserver/; spent = 23; crawler = 0; res = -1; allRes = -1>
	 < root = nbjrt:file:/Library/Java/JavaVirtualMachines/jdk-17.0.8.jdk/Contents/Home/!/modules/jdk.javadoc/; spent = 23; crawler = 0; res = -1; allRes = -1>
	 < root = nbjrt:file:/Library/Java/JavaVirtualMachines/jdk-17.0.8.jdk/Contents/Home/!/modules/java.prefs/; spent = 28; crawler = 0; res = -1; allRes = -1>
	 < root = nbjrt:file:/Library/Java/JavaVirtualMachines/jdk-17.0.8.jdk/Contents/Home/!/modules/jdk.jartool/; spent = 28; crawler = 0; res = -1; allRes = -1>
	 < root = nbjrt:file:/Library/Java/JavaVirtualMachines/jdk-17.0.8.jdk/Contents/Home/!/modules/jdk.net/; spent = 26; crawler = 0; res = -1; allRes = -1>
	 < root = nbjrt:file:/Library/Java/JavaVirtualMachines/jdk-17.0.8.jdk/Contents/Home/!/modules/jdk.jstatd/; spent = 26; crawler = 0; res = -1; allRes = -1>
	 < root = nbjrt:file:/Library/Java/JavaVirtualMachines/jdk-17.0.8.jdk/Contents/Home/!/modules/java.se/; spent = 73; crawler = 0; res = -1; allRes = -1>
	 < root = nbjrt:file:/Library/Java/JavaVirtualMachines/jdk-17.0.8.jdk/Contents/Home/!/modules/jdk.compiler/; spent = 73; crawler = 0; res = -1; allRes = -1>
	 < root = nbjrt:file:/Library/Java/JavaVirtualMachines/jdk-17.0.8.jdk/Contents/Home/!/modules/jdk.jfr/; spent = 55; crawler = 0; res = -1; allRes = -1>
	 < root = nbjrt:file:/Library/Java/JavaVirtualMachines/jdk-17.0.8.jdk/Contents/Home/!/modules/jdk.charsets/; spent = 55; crawler = 0; res = -1; allRes = -1>
	 < root = file:/Users/atalati/vscode-extension/main-repo/javavscode/netbeans/java/java.lsp.server/build/test/unit/work/o.n.m.j.l.s.p.S/ws/; spent = 196; crawler = 9; res = 2; allRes = 2>]
, total time: 1958
Current root(s): []
Current indexer(s): 
Time spent in indexers:
	LSPServerTelemetry: 1
	java: 133
	java-launcher-compiler-options: 1
	org-netbeans-modules-jumpto-file-FileIndexer: 1
	org.netbeans.modules.java.source.indexing.COSSynchronizingIndexer: 1
	tests: 1
	text/x-java: 2
Time spent in indexers, in individual roots:
	nbjrt:file:/Library/Java/JavaVirtualMachines/jdk-17.0.8.jdk/Contents/Home/!/modules/jdk.management.jfr/
		java: 2
	nbjrt:file:/Library/Java/JavaVirtualMachines/jdk-17.0.8.jdk/Contents/Home/!/modules/jdk.management/
		java: 2
	nbjrt:file:/Library/Java/JavaVirtualMachines/jdk-17.0.8.jdk/Contents/Home/!/modules/java.datatransfer/
		java: 0
	nbjrt:file:/Library/Java/JavaVirtualMachines/jdk-17.0.8.jdk/Contents/Home/!/modules/java.scripting/
		java: 0
	nbjrt:file:/Library/Java/JavaVirtualMachines/jdk-17.0.8.jdk/Contents/Home/!/modules/jdk.unsupported.desktop/
		java: 0
	nbjrt:file:/Library/Java/JavaVirtualMachines/jdk-17.0.8.jdk/Contents/Home/!/modules/jdk.internal.ed/
		java: 0
	nbjrt:file:/Library/Java/JavaVirtualMachines/jdk-17.0.8.jdk/Contents/Home/!/modules/jdk.internal.vm.compiler.management/
		java: 1
	nbjrt:file:/Library/Java/JavaVirtualMachines/jdk-17.0.8.jdk/Contents/Home/!/modules/jdk.jsobject/
		java: 0
	nbjrt:file:/Library/Java/JavaVirtualMachines/jdk-17.0.8.jdk/Contents/Home/!/modules/jdk.internal.opt/
		java: 1
	nbjrt:file:/Library/Java/JavaVirtualMachines/jdk-17.0.8.jdk/Contents/Home/!/modules/jdk.unsupported/
		java: 1
	nbjrt:file:/Library/Java/JavaVirtualMachines/jdk-17.0.8.jdk/Contents/Home/!/modules/jdk.sctp/
		java: 1
	nbjrt:file:/Library/Java/JavaVirtualMachines/jdk-17.0.8.jdk/Contents/Home/!/modules/java.rmi/
		java: 1
	nbjrt:file:/Library/Java/JavaVirtualMachines/jdk-17.0.8.jdk/Contents/Home/!/modules/java.management/
		java: 1
	nbjrt:file:/Library/Java/JavaVirtualMachines/jdk-17.0.8.jdk/Contents/Home/!/modules/java.instrument/
		java: 1
	nbjrt:file:/Library/Java/JavaVirtualMachines/jdk-17.0.8.jdk/Contents/Home/!/modules/jdk.naming.dns/
		java: 2
	nbjrt:file:/Library/Java/JavaVirtualMachines/jdk-17.0.8.jdk/Contents/Home/!/modules/jdk.incubator.vector/
		java: 2
	nbjrt:file:/Library/Java/JavaVirtualMachines/jdk-17.0.8.jdk/Contents/Home/!/modules/jdk.crypto.ec/
		java: 2
	nbjrt:file:/Library/Java/JavaVirtualMachines/jdk-17.0.8.jdk/Contents/Home/!/modules/java.security.sasl/
		java: 0
	nbjrt:file:/Library/Java/JavaVirtualMachines/jdk-17.0.8.jdk/Contents/Home/!/modules/jdk.editpad/
		java: 0
	nbjrt:file:/Library/Java/JavaVirtualMachines/jdk-17.0.8.jdk/Contents/Home/!/modules/jdk.internal.le/
		java: 1
	nbjrt:file:/Library/Java/JavaVirtualMachines/jdk-17.0.8.jdk/Contents/Home/!/modules/java.logging/
		java: 1
	nbjrt:file:/Library/Java/JavaVirtualMachines/jdk-17.0.8.jdk/Contents/Home/!/modules/jdk.jdwp.agent/
		java: 2
	nbjrt:file:/Library/Java/JavaVirtualMachines/jdk-17.0.8.jdk/Contents/Home/!/modules/java.security.jgss/
		java: 1
	nbjrt:file:/Library/Java/JavaVirtualMachines/jdk-17.0.8.jdk/Contents/Home/!/modules/jdk.nio.mapmode/
		java: 1
	nbjrt:file:/Library/Java/JavaVirtualMachines/jdk-17.0.8.jdk/Contents/Home/!/modules/jdk.incubator.foreign/
		java: 1
	nbjrt:file:/Library/Java/JavaVirtualMachines/jdk-17.0.8.jdk/Contents/Home/!/modules/jdk.zipfs/
		java: 2
	nbjrt:file:/Library/Java/JavaVirtualMachines/jdk-17.0.8.jdk/Contents/Home/!/modules/java.management.rmi/
		java: 2
	nbjrt:file:/Library/Java/JavaVirtualMachines/jdk-17.0.8.jdk/Contents/Home/!/modules/jdk.localedata/
		java: 1
	nbjrt:file:/Library/Java/JavaVirtualMachines/jdk-17.0.8.jdk/Contents/Home/!/modules/java.naming/
		java: 1
	nbjrt:file:/Library/Java/JavaVirtualMachines/jdk-17.0.8.jdk/Contents/Home/!/modules/jdk.internal.jvmstat/
		java: 2
	nbjrt:file:/Library/Java/JavaVirtualMachines/jdk-17.0.8.jdk/Contents/Home/!/modules/java.desktop/
		java: 2
	nbjrt:file:/Library/Java/JavaVirtualMachines/jdk-17.0.8.jdk/Contents/Home/!/modules/java.base/
		java: 3
	nbjrt:file:/Library/Java/JavaVirtualMachines/jdk-17.0.8.jdk/Contents/Home/!/modules/jdk.security.jgss/
		java: 0
	nbjrt:file:/Library/Java/JavaVirtualMachines/jdk-17.0.8.jdk/Contents/Home/!/modules/jdk.jlink/
		java: 1
	nbjrt:file:/Library/Java/JavaVirtualMachines/jdk-17.0.8.jdk/Contents/Home/!/modules/jdk.hotspot.agent/
		java: 1
	nbjrt:file:/Library/Java/JavaVirtualMachines/jdk-17.0.8.jdk/Contents/Home/!/modules/jdk.jcmd/
		java: 1
	nbjrt:file:/Library/Java/JavaVirtualMachines/jdk-17.0.8.jdk/Contents/Home/!/modules/jdk.jpackage/
		java: 1
	nbjrt:file:/Library/Java/JavaVirtualMachines/jdk-17.0.8.jdk/Contents/Home/!/modules/jdk.xml.dom/
		java: 1
	nbjrt:file:/Library/Java/JavaVirtualMachines/jdk-17.0.8.jdk/Contents/Home/!/modules/jdk.jshell/
		java: 1
	nbjrt:file:/Library/Java/JavaVirtualMachines/jdk-17.0.8.jdk/Contents/Home/!/modules/java.xml.crypto/
		java: 2
	nbjrt:file:/Library/Java/JavaVirtualMachines/jdk-17.0.8.jdk/Contents/Home/!/modules/java.sql.rowset/
		java: 2
	nbjrt:file:/Library/Java/JavaVirtualMachines/jdk-17.0.8.jdk/Contents/Home/!/modules/jdk.jdeps/
		java: 1
	nbjrt:file:/Library/Java/JavaVirtualMachines/jdk-17.0.8.jdk/Contents/Home/!/modules/jdk.security.auth/
		java: 0
	nbjrt:file:/Library/Java/JavaVirtualMachines/jdk-17.0.8.jdk/Contents/Home/!/modules/java.smartcardio/
		java: 2
	nbjrt:file:/Library/Java/JavaVirtualMachines/jdk-17.0.8.jdk/Contents/Home/!/modules/jdk.management.agent/
		java: 2
	nbjrt:file:/Library/Java/JavaVirtualMachines/jdk-17.0.8.jdk/Contents/Home/!/modules/java.sql/
		java: 0
	nbjrt:file:/Library/Java/JavaVirtualMachines/jdk-17.0.8.jdk/Contents/Home/!/modules/java.net.http/
		java: 1
	nbjrt:file:/Library/Java/JavaVirtualMachines/jdk-17.0.8.jdk/Contents/Home/!/modules/jdk.naming.rmi/
		java: 1
	nbjrt:file:/Library/Java/JavaVirtualMachines/jdk-17.0.8.jdk/Contents/Home/!/modules/jdk.random/
		java: 1
	nbjrt:file:/Library/Java/JavaVirtualMachines/jdk-17.0.8.jdk/Contents/Home/!/modules/jdk.accessibility/
		java: 1
	nbjrt:file:/Library/Java/JavaVirtualMachines/jdk-17.0.8.jdk/Contents/Home/!/modules/java.xml/
		java: 2
	nbjrt:file:/Library/Java/JavaVirtualMachines/jdk-17.0.8.jdk/Contents/Home/!/modules/jdk.jconsole/
		java: 1
	nbjrt:file:/Library/Java/JavaVirtualMachines/jdk-17.0.8.jdk/Contents/Home/!/modules/java.compiler/
		java: 1
	nbjrt:file:/Library/Java/JavaVirtualMachines/jdk-17.0.8.jdk/Contents/Home/!/modules/jdk.crypto.cryptoki/
		java: 2
	nbjrt:file:/Library/Java/JavaVirtualMachines/jdk-17.0.8.jdk/Contents/Home/!/modules/jdk.internal.vm.ci/
		java: 1
	nbjrt:file:/Library/Java/JavaVirtualMachines/jdk-17.0.8.jdk/Contents/Home/!/modules/jdk.jdi/
		java: 2
	nbjrt:file:/Library/Java/JavaVirtualMachines/jdk-17.0.8.jdk/Contents/Home/!/modules/jdk.internal.vm.compiler/
		java: 1
	nbjrt:file:/Library/Java/JavaVirtualMachines/jdk-17.0.8.jdk/Contents/Home/!/modules/java.transaction.xa/
		java: 1
	nbjrt:file:/Library/Java/JavaVirtualMachines/jdk-17.0.8.jdk/Contents/Home/!/modules/jdk.attach/
		java: 1
	nbjrt:file:/Library/Java/JavaVirtualMachines/jdk-17.0.8.jdk/Contents/Home/!/modules/jdk.dynalink/
		java: 1
	nbjrt:file:/Library/Java/JavaVirtualMachines/jdk-17.0.8.jdk/Contents/Home/!/modules/jdk.httpserver/
		java: 0
	nbjrt:file:/Library/Java/JavaVirtualMachines/jdk-17.0.8.jdk/Contents/Home/!/modules/jdk.javadoc/
		java: 0
	nbjrt:file:/Library/Java/JavaVirtualMachines/jdk-17.0.8.jdk/Contents/Home/!/modules/java.prefs/
		java: 1
	nbjrt:file:/Library/Java/JavaVirtualMachines/jdk-17.0.8.jdk/Contents/Home/!/modules/jdk.jartool/
		java: 1
	nbjrt:file:/Library/Java/JavaVirtualMachines/jdk-17.0.8.jdk/Contents/Home/!/modules/jdk.net/
		java: 1
	nbjrt:file:/Library/Java/JavaVirtualMachines/jdk-17.0.8.jdk/Contents/Home/!/modules/jdk.jstatd/
		java: 1
	nbjrt:file:/Library/Java/JavaVirtualMachines/jdk-17.0.8.jdk/Contents/Home/!/modules/java.se/
		java: 1
	nbjrt:file:/Library/Java/JavaVirtualMachines/jdk-17.0.8.jdk/Contents/Home/!/modules/jdk.compiler/
		java: 2
	nbjrt:file:/Library/Java/JavaVirtualMachines/jdk-17.0.8.jdk/Contents/Home/!/modules/jdk.jfr/
		java: 1
	nbjrt:file:/Library/Java/JavaVirtualMachines/jdk-17.0.8.jdk/Contents/Home/!/modules/jdk.charsets/
		java: 1
	file:/Users/atalati/vscode-extension/main-repo/javavscode/netbeans/java/java.lsp.server/build/test/unit/work/o.n.m.j.l.s.p.S/ws/
		LSPServerTelemetry: 1
		java: 55
		java-launcher-compiler-options: 1
		org-netbeans-modules-jumpto-file-FileIndexer: 1
		org.netbeans.modules.java.source.indexing.COSSynchronizingIndexer: 1
		tests: 1
		text/x-java: 2
Time in index store: 3
Time crawling: 18
Stacktrace:
	java.base/java.lang.Thread.getStackTrace(Thread.java:1610)
	org.netbeans.modules.parsing.impl.indexing.LogContext.create(LogContext.java:111)
	org.netbeans.modules.parsing.impl.indexing.LogContext.create(LogContext.java:102)
	org.netbeans.modules.parsing.impl.indexing.PathRegistry.scheduleFirer(PathRegistry.java:938)
	org.netbeans.modules.parsing.impl.indexing.PathRegistry.resetCacheAndFire(PathRegistry.java:931)
	org.netbeans.modules.parsing.impl.indexing.PathRegistry.access$500(PathRegistry.java:68)
	org.netbeans.modules.parsing.impl.indexing.PathRegistry$Listener.pathsRemoved(PathRegistry.java:1218)
	jdk.internal.reflect.GeneratedMethodAccessor96.invoke(Unknown Source)
	java.base/jdk.internal.reflect.DelegatingMethodAccessorImpl.invoke(DelegatingMethodAccessorImpl.java:43)
	java.base/java.lang.reflect.Method.invoke(Method.java:568)
	org.openide.util.WeakListenerImpl$ProxyListener.invoke(WeakListenerImpl.java:461)
	jdk.proxy2/jdk.proxy2.$Proxy19.pathsRemoved(Unknown Source)
	org.netbeans.api.java.classpath.GlobalPathRegistry.unregister(GlobalPathRegistry.java:239)
	org.netbeans.modules.java.lsp.server.protocol.ServerTest$TestProjectFactory$1.projectClosed(ServerTest.java:5358)
	org.netbeans.spi.project.ui.ProjectOpenedHook$1.projectClosed(ProjectOpenedHook.java:64)
	org.netbeans.modules.project.ui.OpenProjectList.notifyClosed(OpenProjectList.java:1345)
	org.netbeans.modules.project.ui.OpenProjectList.access$2600(OpenProjectList.java:116)
	org.netbeans.modules.project.ui.OpenProjectList$15.run(OpenProjectList.java:1001)
	org.openide.util.RequestProcessor$Task.run(RequestProcessor.java:1420)
	org.netbeans.modules.openide.util.GlobalLookup.execute(GlobalLookup.java:45)
	org.openide.util.lookup.Lookups.executeWith(Lookups.java:287)
	org.openide.util.RequestProcessor$Processor.run(RequestProcessor.java:2035)
Changed ClassPaths:[/Users/atalati/vscode-extension/main-repo/javavscode/netbeans/java/java.lsp.server/build/test/unit/work/o.n.m.j.l.s.p.S/ws, /Users/atalati/vscode-extension/main-repo/javavscode/netbeans/java/java.lsp.server/build/test/unit/work/o.n.m.j.l.s.p.S/rdccnro]

May 27, 2024 4:40:13 PM org.netbeans.modules.parsing.impl.indexing.LogContext log
INFO: SCAN_EXCEEDS_RATE ID: 55, Type:PATH
Time scheduled: Mon May 27 16:40:09 IST 2024
Time executed: Mon May 27 16:40:10 IST 2024
Time finished: Mon May 27 16:40:10 IST 2024
Scanned roots: [< root = file:/Users/atalati/vscode-extension/main-repo/javavscode/netbeans/java/java.lsp.server/build/test/unit/work/o.n.m.j.l.s.p.S/gtd/; spent = 357; crawler = 71; res = 3; allRes = 3>]
, total time: 357
Current root(s): []
Current indexer(s): 
Time spent in indexers:
	LSPServerTelemetry: 2
	java: 50
	java-launcher-compiler-options: 0
	org-netbeans-modules-jumpto-file-FileIndexer: 1
	org.netbeans.modules.java.source.indexing.COSSynchronizingIndexer: 1
	tests: 1
	text/x-java: 19
Time spent in indexers, in individual roots:
	file:/Users/atalati/vscode-extension/main-repo/javavscode/netbeans/java/java.lsp.server/build/test/unit/work/o.n.m.j.l.s.p.S/gtd/
		LSPServerTelemetry: 2
		java: 50
		java-launcher-compiler-options: 0
		org-netbeans-modules-jumpto-file-FileIndexer: 1
		org.netbeans.modules.java.source.indexing.COSSynchronizingIndexer: 1
		tests: 1
		text/x-java: 19
Time in index store: 2
Time crawling: 142
Stacktrace:
	java.base/java.lang.Thread.getStackTrace(Thread.java:1610)
	org.netbeans.modules.parsing.impl.indexing.LogContext.create(LogContext.java:111)
	org.netbeans.modules.parsing.impl.indexing.LogContext.create(LogContext.java:102)
	org.netbeans.modules.parsing.impl.indexing.PathRegistry.scheduleFirer(PathRegistry.java:938)
	org.netbeans.modules.parsing.impl.indexing.PathRegistry.resetCacheAndFire(PathRegistry.java:931)
	org.netbeans.modules.parsing.impl.indexing.PathRegistry.access$500(PathRegistry.java:68)
	org.netbeans.modules.parsing.impl.indexing.PathRegistry$Listener.pathsRemoved(PathRegistry.java:1218)
	jdk.internal.reflect.GeneratedMethodAccessor96.invoke(Unknown Source)
	java.base/jdk.internal.reflect.DelegatingMethodAccessorImpl.invoke(DelegatingMethodAccessorImpl.java:43)
	java.base/java.lang.reflect.Method.invoke(Method.java:568)
	org.openide.util.WeakListenerImpl$ProxyListener.invoke(WeakListenerImpl.java:461)
	jdk.proxy2/jdk.proxy2.$Proxy19.pathsRemoved(Unknown Source)
	org.netbeans.api.java.classpath.GlobalPathRegistry.unregister(GlobalPathRegistry.java:239)
	org.netbeans.modules.java.lsp.server.protocol.ServerTest$TestProjectFactory$1.projectClosed(ServerTest.java:5358)
	org.netbeans.spi.project.ui.ProjectOpenedHook$1.projectClosed(ProjectOpenedHook.java:64)
	org.netbeans.modules.project.ui.OpenProjectList.notifyClosed(OpenProjectList.java:1345)
	org.netbeans.modules.project.ui.OpenProjectList.access$2600(OpenProjectList.java:116)
	org.netbeans.modules.project.ui.OpenProjectList$15.run(OpenProjectList.java:1001)
	org.openide.util.RequestProcessor$Task.run(RequestProcessor.java:1420)
	org.netbeans.modules.openide.util.GlobalLookup.execute(GlobalLookup.java:45)
	org.openide.util.lookup.Lookups.executeWith(Lookups.java:287)
	org.openide.util.RequestProcessor$Processor.run(RequestProcessor.java:2035)
Changed ClassPaths:[/Users/atalati/vscode-extension/main-repo/javavscode/netbeans/java/java.lsp.server/build/test/unit/work/o.n.m.j.l.s.p.S/ws, /Users/atalati/vscode-extension/main-repo/javavscode/netbeans/java/java.lsp.server/build/test/unit/work/o.n.m.j.l.s.p.S/gtd]

May 27, 2024 4:40:13 PM org.netbeans.modules.java.source.parsing.JavacParser init
WARNING: ClassPath identity changed for /Users/atalati/vscode-extension/main-repo/javavscode/netbeans/java/java.lsp.server/build/test/unit/work/o.n.m.j.l.s.p.S/neahf/Test.java@eb60d2b1:5ae66d0b, class path owner: null original sourcePath: /Users/atalati/vscode-extension/main-repo/javavscode/netbeans/java/java.lsp.server/build/test/unit/work/o.n.m.j.l.s.p.S/neahf new sourcePath: /Users/atalati/vscode-extension/main-repo/javavscode/netbeans/java/java.lsp.server/build/test/unit/work/o.n.m.j.l.s.p.S/neahf
May 27, 2024 4:40:13 PM org.netbeans.modules.parsing.impl.indexing.LogContext log
INFO: SCAN_EXCEEDS_RATE ID: 56, Type:PATH
Time scheduled: Mon May 27 16:40:10 IST 2024
Time executed: Mon May 27 16:40:10 IST 2024
Time finished: Mon May 27 16:40:10 IST 2024
Scanned roots: []
, total time: 0
Current root(s): []
Current indexer(s): 
Time spent in indexers:
Time spent in indexers, in individual roots:
Time in index store: 0
Time crawling: 0
Stacktrace:
	java.base/java.lang.Thread.getStackTrace(Thread.java:1610)
	org.netbeans.modules.parsing.impl.indexing.LogContext.create(LogContext.java:111)
	org.netbeans.modules.parsing.impl.indexing.LogContext.create(LogContext.java:102)
	org.netbeans.modules.parsing.impl.indexing.PathRegistry.scheduleFirer(PathRegistry.java:938)
	org.netbeans.modules.parsing.impl.indexing.PathRegistry.resetCacheAndFire(PathRegistry.java:931)
	org.netbeans.modules.parsing.impl.indexing.PathRegistry.access$500(PathRegistry.java:68)
	org.netbeans.modules.parsing.impl.indexing.PathRegistry$Listener.pathsRemoved(PathRegistry.java:1218)
	jdk.internal.reflect.GeneratedMethodAccessor96.invoke(Unknown Source)
	java.base/jdk.internal.reflect.DelegatingMethodAccessorImpl.invoke(DelegatingMethodAccessorImpl.java:43)
	java.base/java.lang.reflect.Method.invoke(Method.java:568)
	org.openide.util.WeakListenerImpl$ProxyListener.invoke(WeakListenerImpl.java:461)
	jdk.proxy2/jdk.proxy2.$Proxy19.pathsRemoved(Unknown Source)
	org.netbeans.api.java.classpath.GlobalPathRegistry.unregister(GlobalPathRegistry.java:239)
	org.netbeans.modules.java.lsp.server.protocol.ServerTest$TestProjectFactory$1.projectClosed(ServerTest.java:5358)
	org.netbeans.spi.project.ui.ProjectOpenedHook$1.projectClosed(ProjectOpenedHook.java:64)
	org.netbeans.modules.project.ui.OpenProjectList.notifyClosed(OpenProjectList.java:1345)
	org.netbeans.modules.project.ui.OpenProjectList.access$2600(OpenProjectList.java:116)
	org.netbeans.modules.project.ui.OpenProjectList$15.run(OpenProjectList.java:1001)
	org.openide.util.RequestProcessor$Task.run(RequestProcessor.java:1420)
	org.netbeans.modules.openide.util.GlobalLookup.execute(GlobalLookup.java:45)
	org.openide.util.lookup.Lookups.executeWith(Lookups.java:287)
	org.openide.util.RequestProcessor$Processor.run(RequestProcessor.java:2035)
Changed ClassPaths:[/Users/atalati/vscode-extension/main-repo/javavscode/netbeans/java/java.lsp.server/build/test/unit/work/o.n.m.j.l.s.p.S/gtd]

May 27, 2024 4:40:13 PM org.netbeans.modules.parsing.impl.indexing.LogContext log
INFO: SCAN_EXCEEDS_RATE ID: 58, Type:PATH
Time scheduled: Mon May 27 16:40:12 IST 2024
Time executed: Mon May 27 16:40:13 IST 2024
Scanned roots: []
, total time: 0
Current root(s): []
Current indexer(s): 
Time spent in indexers:
Time spent in indexers, in individual roots:
Time in index store: 0
Time crawling: 0
Stacktrace:
	java.base/java.lang.Thread.getStackTrace(Thread.java:1610)
	org.netbeans.modules.parsing.impl.indexing.LogContext.create(LogContext.java:111)
	org.netbeans.modules.parsing.impl.indexing.LogContext.create(LogContext.java:102)
	org.netbeans.modules.parsing.impl.indexing.PathRegistry.scheduleFirer(PathRegistry.java:938)
	org.netbeans.modules.parsing.impl.indexing.PathRegistry.resetCacheAndFire(PathRegistry.java:931)
	org.netbeans.modules.parsing.impl.indexing.PathRegistry.access$500(PathRegistry.java:68)
	org.netbeans.modules.parsing.impl.indexing.PathRegistry$Listener.pathsAdded(PathRegistry.java:1206)
	jdk.internal.reflect.GeneratedMethodAccessor95.invoke(Unknown Source)
	java.base/jdk.internal.reflect.DelegatingMethodAccessorImpl.invoke(DelegatingMethodAccessorImpl.java:43)
	java.base/java.lang.reflect.Method.invoke(Method.java:568)
	org.openide.util.WeakListenerImpl$ProxyListener.invoke(WeakListenerImpl.java:461)
	jdk.proxy2/jdk.proxy2.$Proxy19.pathsAdded(Unknown Source)
	org.netbeans.api.java.classpath.GlobalPathRegistry.register(GlobalPathRegistry.java:206)
	org.netbeans.modules.java.lsp.server.protocol.ServerTest$TestProjectFactory$1.projectOpened(ServerTest.java:5353)
	org.netbeans.spi.project.ui.ProjectOpenedHook$1.projectOpened(ProjectOpenedHook.java:60)
	org.netbeans.modules.project.ui.OpenProjectList.notifyOpened(OpenProjectList.java:1321)
	org.netbeans.modules.project.ui.OpenProjectList.doOpenProject(OpenProjectList.java:1402)
	org.netbeans.modules.project.ui.OpenProjectList.open(OpenProjectList.java:848)
	org.netbeans.modules.project.ui.OpenProjectList.open(OpenProjectList.java:682)
	org.netbeans.modules.project.ui.OpenProjectList.open(OpenProjectList.java:643)
	org.netbeans.modules.project.ui.OpenProjectsTrampolineImpl.openAPI(OpenProjectsTrampolineImpl.java:56)
	org.netbeans.api.project.ui.OpenProjects.open(OpenProjects.java:173)
	org.netbeans.modules.java.lsp.server.protocol.Server$LanguageServerImpl.lambda$asyncOpenSelectedProjects1$9(Server.java:713)
	java.base/java.util.concurrent.CompletableFuture.uniRunNow(CompletableFuture.java:819)
	java.base/java.util.concurrent.CompletableFuture.uniRunStage(CompletableFuture.java:803)
	java.base/java.util.concurrent.CompletableFuture.thenRun(CompletableFuture.java:2195)
	org.netbeans.modules.java.lsp.server.protocol.Server$LanguageServerImpl.asyncOpenSelectedProjects1(Server.java:703)
	org.netbeans.modules.java.lsp.server.protocol.Server$LanguageServerImpl.asyncOpenSelectedProjects0(Server.java:642)
	org.netbeans.modules.java.lsp.server.protocol.Server$LanguageServerImpl.lambda$initialize$15(Server.java:949)
	org.openide.util.RequestProcessor$Task.run(RequestProcessor.java:1420)
	org.netbeans.modules.openide.util.GlobalLookup.execute(GlobalLookup.java:45)
	org.openide.util.lookup.Lookups.executeWith(Lookups.java:287)
	org.openide.util.RequestProcessor$Processor.run(RequestProcessor.java:2035)
Changed ClassPaths:[/Users/atalati/vscode-extension/main-repo/javavscode/netbeans/java/java.lsp.server/build/test/unit/work/o.n.m.j.l.s.p.S/pu]

May 27, 2024 4:40:13 PM org.netbeans.modules.parsing.impl.indexing.LogContext$RingTimeBuffer checkAndReport
WARNING: === End excessive indexing
May 27, 2024 4:40:13 PM org.netbeans.modules.parsing.impl.indexing.RepositoryUpdater$RootsWork getDone
INFO: Resolving dependencies took: 15 ms
May 27, 2024 4:40:13 PM org.netbeans.modules.java.source.parsing.JavacParser init
WARNING: ClassPath identity changed for /Users/atalati/vscode-extension/main-repo/javavscode/netbeans/java/java.lsp.server/build/test/unit/work/o.n.m.j.l.s.p.S/sal/Test.java@6263ac27:69d77bd9, class path owner: null original sourcePath: /Users/atalati/vscode-extension/main-repo/javavscode/netbeans/java/java.lsp.server/build/test/unit/work/o.n.m.j.l.s.p.S/sal new sourcePath: /Users/atalati/vscode-extension/main-repo/javavscode/netbeans/java/java.lsp.server/build/test/unit/work/o.n.m.j.l.s.p.S/sal
May 27, 2024 4:40:13 PM org.netbeans.modules.java.source.parsing.JavacParser init
WARNING: ClassPath identity changed for /Users/atalati/vscode-extension/main-repo/javavscode/netbeans/java/java.lsp.server/build/test/unit/work/o.n.m.j.l.s.p.S/rdccro/Test.java@c90373e4:73492c39, class path owner: /Users/atalati/vscode-extension/main-repo/javavscode/netbeans/java/java.lsp.server/build/test/unit/work/o.n.m.j.l.s.p.S/rdccro (class org.netbeans.modules.java.lsp.server.protocol.ServerTest$TestProjectFactory$4) original sourcePath: /Users/atalati/vscode-extension/main-repo/javavscode/netbeans/java/java.lsp.server/build/test/unit/work/o.n.m.j.l.s.p.S/rdccro new sourcePath: /Users/atalati/vscode-extension/main-repo/javavscode/netbeans/java/java.lsp.server/build/test/unit/work/o.n.m.j.l.s.p.S/rdccro
May 27, 2024 4:40:13 PM org.netbeans.modules.java.source.parsing.JavacParser init
WARNING: ClassPath identity changed for /Users/atalati/vscode-extension/main-repo/javavscode/netbeans/java/java.lsp.server/build/test/unit/work/o.n.m.j.l.s.p.S/rdccro/Test2.java@5cbe0648:1731dbb4, class path owner: /Users/atalati/vscode-extension/main-repo/javavscode/netbeans/java/java.lsp.server/build/test/unit/work/o.n.m.j.l.s.p.S/rdccro (class org.netbeans.modules.java.lsp.server.protocol.ServerTest$TestProjectFactory$4) original sourcePath: /Users/atalati/vscode-extension/main-repo/javavscode/netbeans/java/java.lsp.server/build/test/unit/work/o.n.m.j.l.s.p.S/rdccro new sourcePath: /Users/atalati/vscode-extension/main-repo/javavscode/netbeans/java/java.lsp.server/build/test/unit/work/o.n.m.j.l.s.p.S/rdccro
May 27, 2024 4:40:13 PM org.netbeans.modules.java.source.parsing.JavacParser init
WARNING: ClassPath identity changed for /Users/atalati/vscode-extension/main-repo/javavscode/netbeans/java/java.lsp.server/build/test/unit/work/o.n.m.j.l.s.p.S/sadm/Test.java@26af602c:662d9086, class path owner: null original sourcePath: /Users/atalati/vscode-extension/main-repo/javavscode/netbeans/java/java.lsp.server/build/test/unit/work/o.n.m.j.l.s.p.S/sadm new sourcePath: /Users/atalati/vscode-extension/main-repo/javavscode/netbeans/java/java.lsp.server/build/test/unit/work/o.n.m.j.l.s.p.S/sadm
May 27, 2024 4:40:13 PM org.netbeans.modules.java.source.parsing.JavacParser init
WARNING: ClassPath identity changed for /Users/atalati/vscode-extension/main-repo/javavscode/netbeans/java/java.lsp.server/build/test/unit/work/o.n.m.j.l.s.p.S/sh-2/Test.java@b461fcf1:3e6ca0a9, class path owner: null original sourcePath: /Users/atalati/vscode-extension/main-repo/javavscode/netbeans/java/java.lsp.server/build/test/unit/work/o.n.m.j.l.s.p.S/sh-2 new sourcePath: /Users/atalati/vscode-extension/main-repo/javavscode/netbeans/java/java.lsp.server/build/test/unit/work/o.n.m.j.l.s.p.S/sh-2
May 27, 2024 4:40:13 PM org.netbeans.modules.java.source.parsing.JavacParser init
WARNING: ClassPath identity changed for /Users/atalati/vscode-extension/main-repo/javavscode/netbeans/java/java.lsp.server/build/test/unit/work/o.n.m.j.l.s.p.S/rdccnro/Test2.java@bb4ac7cc:1bd6d593, class path owner: /Users/atalati/vscode-extension/main-repo/javavscode/netbeans/java/java.lsp.server/build/test/unit/work/o.n.m.j.l.s.p.S/rdccnro (class org.netbeans.modules.java.lsp.server.protocol.ServerTest$TestProjectFactory$4) original sourcePath: /Users/atalati/vscode-extension/main-repo/javavscode/netbeans/java/java.lsp.server/build/test/unit/work/o.n.m.j.l.s.p.S/rdccnro new sourcePath: /Users/atalati/vscode-extension/main-repo/javavscode/netbeans/java/java.lsp.server/build/test/unit/work/o.n.m.j.l.s.p.S/rdccnro
May 27, 2024 4:40:13 PM org.netbeans.modules.java.source.parsing.JavacParser init
WARNING: ClassPath identity changed for /Users/atalati/vscode-extension/main-repo/javavscode/netbeans/java/java.lsp.server/build/test/unit/work/o.n.m.j.l.s.p.S/rdccnro/Test.java@589052e0:4fbbe74b, class path owner: /Users/atalati/vscode-extension/main-repo/javavscode/netbeans/java/java.lsp.server/build/test/unit/work/o.n.m.j.l.s.p.S/rdccnro (class org.netbeans.modules.java.lsp.server.protocol.ServerTest$TestProjectFactory$4) original sourcePath: /Users/atalati/vscode-extension/main-repo/javavscode/netbeans/java/java.lsp.server/build/test/unit/work/o.n.m.j.l.s.p.S/rdccnro new sourcePath: /Users/atalati/vscode-extension/main-repo/javavscode/netbeans/java/java.lsp.server/build/test/unit/work/o.n.m.j.l.s.p.S/rdccnro
May 27, 2024 4:40:13 PM org.netbeans.modules.java.source.parsing.JavacParser init
WARNING: ClassPath identity changed for /Users/atalati/vscode-extension/main-repo/javavscode/netbeans/java/java.lsp.server/build/test/unit/work/o.n.m.j.l.s.p.S/saoi/Test.java@27dfd05f:3554d487, class path owner: null original sourcePath: /Users/atalati/vscode-extension/main-repo/javavscode/netbeans/java/java.lsp.server/build/test/unit/work/o.n.m.j.l.s.p.S/saoi new sourcePath: /Users/atalati/vscode-extension/main-repo/javavscode/netbeans/java/java.lsp.server/build/test/unit/work/o.n.m.j.l.s.p.S/saoi
May 27, 2024 4:40:13 PM org.netbeans.modules.java.source.parsing.JavacParser init
WARNING: ClassPath identity changed for /Users/atalati/vscode-extension/main-repo/javavscode/netbeans/java/java.lsp.server/build/test/unit/work/o.n.m.j.l.s.p.S/gtd/Test.java@1f440e3e:72715101, class path owner: /Users/atalati/vscode-extension/main-repo/javavscode/netbeans/java/java.lsp.server/build/test/unit/work/o.n.m.j.l.s.p.S/gtd (class org.netbeans.modules.java.lsp.server.protocol.ServerTest$TestProjectFactory$4) original sourcePath: /Users/atalati/vscode-extension/main-repo/javavscode/netbeans/java/java.lsp.server/build/test/unit/work/o.n.m.j.l.s.p.S/gtd new sourcePath: /Users/atalati/vscode-extension/main-repo/javavscode/netbeans/java/java.lsp.server/build/test/unit/work/o.n.m.j.l.s.p.S/gtd
May 27, 2024 4:40:13 PM org.netbeans.modules.java.source.parsing.JavacParser init
WARNING: ClassPath identity changed for /Users/atalati/vscode-extension/main-repo/javavscode/netbeans/java/java.lsp.server/build/test/unit/work/o.n.m.j.l.s.p.S/cagvfop/Test.java@2e66cfa3:631b0f6b, class path owner: null original sourcePath: /Users/atalati/vscode-extension/main-repo/javavscode/netbeans/java/java.lsp.server/build/test/unit/work/o.n.m.j.l.s.p.S/cagvfop new sourcePath: /Users/atalati/vscode-extension/main-repo/javavscode/netbeans/java/java.lsp.server/build/test/unit/work/o.n.m.j.l.s.p.S/cagvfop
May 27, 2024 4:40:13 PM org.netbeans.modules.java.source.parsing.JavacParser init
WARNING: ClassPath identity changed for /Users/atalati/vscode-extension/main-repo/javavscode/netbeans/java/java.lsp.server/build/test/unit/work/o.n.m.j.l.s.p.S/cagc-1/Test.java@e9376555:14713586, class path owner: null original sourcePath: /Users/atalati/vscode-extension/main-repo/javavscode/netbeans/java/java.lsp.server/build/test/unit/work/o.n.m.j.l.s.p.S/cagc-1 new sourcePath: /Users/atalati/vscode-extension/main-repo/javavscode/netbeans/java/java.lsp.server/build/test/unit/work/o.n.m.j.l.s.p.S/cagc-1
May 27, 2024 4:40:13 PM org.netbeans.modules.java.source.parsing.JavacParser init
WARNING: ClassPath identity changed for /Users/atalati/vscode-extension/main-repo/javavscode/netbeans/java/java.lsp.server/build/test/unit/work/o.n.m.j.l.s.p.S/caic/Test.java@5e788e8f:46a60045, class path owner: null original sourcePath: /Users/atalati/vscode-extension/main-repo/javavscode/netbeans/java/java.lsp.server/build/test/unit/work/o.n.m.j.l.s.p.S/caic new sourcePath: /Users/atalati/vscode-extension/main-repo/javavscode/netbeans/java/java.lsp.server/build/test/unit/work/o.n.m.j.l.s.p.S/caic
May 27, 2024 4:40:13 PM org.netbeans.modules.java.source.parsing.JavacParser init
WARNING: ClassPath identity changed for /Users/atalati/vscode-extension/main-repo/javavscode/netbeans/java/java.lsp.server/build/test/unit/work/o.n.m.j.l.s.p.S/fs/Test.java@eec90ce2:5e494315, class path owner: null original sourcePath: /Users/atalati/vscode-extension/main-repo/javavscode/netbeans/java/java.lsp.server/build/test/unit/work/o.n.m.j.l.s.p.S/fs new sourcePath: /Users/atalati/vscode-extension/main-repo/javavscode/netbeans/java/java.lsp.server/build/test/unit/work/o.n.m.j.l.s.p.S/fs
May 27, 2024 4:40:13 PM org.netbeans.modules.java.source.parsing.JavacParser init
WARNING: ClassPath identity changed for /Users/atalati/vscode-extension/main-repo/javavscode/netbeans/java/java.lsp.server/build/test/unit/work/o.n.m.j.l.s.p.S/sats/Test.java@1f26e9a2:3430d24, class path owner: null original sourcePath: /Users/atalati/vscode-extension/main-repo/javavscode/netbeans/java/java.lsp.server/build/test/unit/work/o.n.m.j.l.s.p.S/sats new sourcePath: /Users/atalati/vscode-extension/main-repo/javavscode/netbeans/java/java.lsp.server/build/test/unit/work/o.n.m.j.l.s.p.S/sats
May 27, 2024 4:40:13 PM org.netbeans.modules.parsing.impl.indexing.RepositoryUpdater$AbstractRootsWork scanBinaries
INFO: Complete indexing of 70 binary roots took: 816 ms
May 27, 2024 4:40:14 PM org.netbeans.modules.parsing.impl.indexing.RepositoryUpdater$AbstractRootsWork scanSources
INFO: Indexing of: /Users/atalati/vscode-extension/main-repo/javavscode/netbeans/java/java.lsp.server/build/test/unit/work/o.n.m.j.l.s.p.S/pu took: 68 ms (New or modified files: 3, Deleted files: 0) [Adding listeners took: 0 ms]
May 27, 2024 4:40:14 PM org.netbeans.modules.parsing.impl.indexing.RepositoryUpdater$AbstractRootsWork scanSources
INFO: Complete indexing of 1 source roots took: 68 ms (New or modified files: 3, Deleted files: 0) [Adding listeners took: 0 ms]
May 27, 2024 4:40:14 PM org.netbeans.modules.parsing.impl.indexing.RepositoryUpdater$Work reportIndexerStatistics
INFO: Indexing finished, indexing took 903 ms.
May 27, 2024 4:40:14 PM org.netbeans.modules.parsing.impl.indexing.RepositoryUpdater$Work reportIndexingStart
INFO: Indexing started, time from last indexing 0 ms.
May 27, 2024 4:40:14 PM org.netbeans.modules.java.source.indexing.JavaCustomIndexer index
WARNING: Ignoring root with no ClassPath: /Users/atalati/vscode-extension/main-repo/javavscode/netbeans/java/java.lsp.server/build/test/unit/work/o.n.m.j.l.s.p.S/n
May 27, 2024 4:40:14 PM org.netbeans.modules.parsing.impl.indexing.RepositoryUpdater$Work reportIndexerStatistics
INFO: Indexing finished, indexing took 19 ms.
May 27, 2024 4:40:14 PM org.netbeans.modules.parsing.impl.indexing.RepositoryUpdater$Work reportIndexingStart
INFO: Indexing started, time from last indexing 0 ms.
May 27, 2024 4:40:14 PM org.netbeans.modules.java.source.indexing.JavaCustomIndexer index
WARNING: Ignoring root with no ClassPath: /Users/atalati/vscode-extension/main-repo/javavscode/netbeans/java/java.lsp.server/build/test/unit/work/o.n.m.j.l.s.p.S/saom
May 27, 2024 4:40:14 PM org.netbeans.modules.java.source.parsing.JavacParser init
WARNING: ClassPath identity changed for /Users/atalati/vscode-extension/main-repo/javavscode/netbeans/java/java.lsp.server/build/test/unit/work/o.n.m.j.l.s.p.S/saom/Test.java@7b4d0543:4f31e1d6, class path owner: null original sourcePath: /Users/atalati/vscode-extension/main-repo/javavscode/netbeans/java/java.lsp.server/build/test/unit/work/o.n.m.j.l.s.p.S/saom new sourcePath: /Users/atalati/vscode-extension/main-repo/javavscode/netbeans/java/java.lsp.server/build/test/unit/work/o.n.m.j.l.s.p.S/saom
May 27, 2024 4:40:14 PM org.netbeans.modules.parsing.impl.indexing.RepositoryUpdater$Work reportIndexerStatistics
INFO: Indexing finished, indexing took 19 ms.
May 27, 2024 4:40:14 PM org.netbeans.modules.parsing.impl.indexing.RepositoryUpdater$Work reportIndexingStart
INFO: Indexing started, time from last indexing 0 ms.
May 27, 2024 4:40:14 PM org.netbeans.modules.java.source.indexing.JavaCustomIndexer index
WARNING: Ignoring root with no ClassPath: /Users/atalati/vscode-extension/main-repo/javavscode/netbeans/java/java.lsp.server/build/test/unit/work/o.n.m.j.l.s.p.S/fs
May 27, 2024 4:40:14 PM org.netbeans.modules.java.source.parsing.JavacParser init
WARNING: ClassPath identity changed for /Users/atalati/vscode-extension/main-repo/javavscode/netbeans/java/java.lsp.server/build/test/unit/work/o.n.m.j.l.s.p.S/fs/Test.java@eec90ce2:5e494315, class path owner: null original sourcePath: /Users/atalati/vscode-extension/main-repo/javavscode/netbeans/java/java.lsp.server/build/test/unit/work/o.n.m.j.l.s.p.S/fs new sourcePath: /Users/atalati/vscode-extension/main-repo/javavscode/netbeans/java/java.lsp.server/build/test/unit/work/o.n.m.j.l.s.p.S/fs
May 27, 2024 4:40:14 PM org.netbeans.modules.parsing.impl.indexing.RepositoryUpdater$Work reportIndexerStatistics
INFO: Indexing finished, indexing took 20 ms.
May 27, 2024 4:40:14 PM org.netbeans.modules.java.source.parsing.JavacParser init
WARNING: ClassPath identity changed for /Users/atalati/vscode-extension/main-repo/javavscode/netbeans/java/java.lsp.server/build/test/unit/work/o.n.m.j.l.s.p.S/fi/Test.java@1dfe0878:5f46da15, class path owner: /Users/atalati/vscode-extension/main-repo/javavscode/netbeans/java/java.lsp.server/build/test/unit/work/o.n.m.j.l.s.p.S/fi (class org.netbeans.modules.java.lsp.server.protocol.ServerTest$TestProjectFactory$4) original sourcePath: /Users/atalati/vscode-extension/main-repo/javavscode/netbeans/java/java.lsp.server/build/test/unit/work/o.n.m.j.l.s.p.S/fi new sourcePath: /Users/atalati/vscode-extension/main-repo/javavscode/netbeans/java/java.lsp.server/build/test/unit/work/o.n.m.j.l.s.p.S/fi
May 27, 2024 4:40:14 PM org.netbeans.modules.java.source.parsing.JavacParser init
WARNING: ClassPath identity changed for /Users/atalati/vscode-extension/main-repo/javavscode/netbeans/java/java.lsp.server/build/test/unit/work/o.n.m.j.l.s.p.S/cagc/Test.java@4f15c5f1:3cfef554, class path owner: null original sourcePath: /Users/atalati/vscode-extension/main-repo/javavscode/netbeans/java/java.lsp.server/build/test/unit/work/o.n.m.j.l.s.p.S/cagc new sourcePath: /Users/atalati/vscode-extension/main-repo/javavscode/netbeans/java/java.lsp.server/build/test/unit/work/o.n.m.j.l.s.p.S/cagc
May 27, 2024 4:40:14 PM org.netbeans.modules.java.source.parsing.JavacParser init
WARNING: ClassPath identity changed for /Users/atalati/vscode-extension/main-repo/javavscode/netbeans/java/java.lsp.server/build/test/unit/work/o.n.m.j.l.s.p.S/saom/Test.java@7b4d0543:4f31e1d6, class path owner: null original sourcePath: /Users/atalati/vscode-extension/main-repo/javavscode/netbeans/java/java.lsp.server/build/test/unit/work/o.n.m.j.l.s.p.S/saom new sourcePath: /Users/atalati/vscode-extension/main-repo/javavscode/netbeans/java/java.lsp.server/build/test/unit/work/o.n.m.j.l.s.p.S/saom
May 27, 2024 4:40:14 PM org.netbeans.modules.java.source.parsing.JavacParser init
WARNING: ClassPath identity changed for /Users/atalati/vscode-extension/main-repo/javavscode/netbeans/java/java.lsp.server/build/test/unit/work/o.n.m.j.l.s.p.S/h/Test.java@ada2e591:6fb7cd5a, class path owner: null original sourcePath: /Users/atalati/vscode-extension/main-repo/javavscode/netbeans/java/java.lsp.server/build/test/unit/work/o.n.m.j.l.s.p.S/h new sourcePath: /Users/atalati/vscode-extension/main-repo/javavscode/netbeans/java/java.lsp.server/build/test/unit/work/o.n.m.j.l.s.p.S/h
May 27, 2024 4:40:14 PM org.netbeans.modules.java.source.parsing.JavacParser init
WARNING: ClassPath identity changed for /Users/atalati/vscode-extension/main-repo/javavscode/netbeans/java/java.lsp.server/build/test/unit/work/o.n.m.j.l.s.p.S/fmd/Test.java@faea9a04:c9cd04f, class path owner: null original sourcePath: /Users/atalati/vscode-extension/main-repo/javavscode/netbeans/java/java.lsp.server/build/test/unit/work/o.n.m.j.l.s.p.S/fmd new sourcePath: /Users/atalati/vscode-extension/main-repo/javavscode/netbeans/java/java.lsp.server/build/test/unit/work/o.n.m.j.l.s.p.S/fmd
May 27, 2024 4:40:14 PM org.netbeans.modules.java.source.parsing.JavacParser init
WARNING: ClassPath identity changed for /Users/atalati/vscode-extension/main-repo/javavscode/netbeans/java/java.lsp.server/build/test/unit/work/o.n.m.j.l.s.p.S/fu/Test.java@18b7eb64:458c2054, class path owner: /Users/atalati/vscode-extension/main-repo/javavscode/netbeans/java/java.lsp.server/build/test/unit/work/o.n.m.j.l.s.p.S/fu (class org.netbeans.modules.java.lsp.server.protocol.ServerTest$TestProjectFactory$4) original sourcePath: /Users/atalati/vscode-extension/main-repo/javavscode/netbeans/java/java.lsp.server/build/test/unit/work/o.n.m.j.l.s.p.S/fu new sourcePath: /Users/atalati/vscode-extension/main-repo/javavscode/netbeans/java/java.lsp.server/build/test/unit/work/o.n.m.j.l.s.p.S/fu
May 27, 2024 4:40:14 PM org.netbeans.modules.java.source.parsing.JavacParser init
WARNING: ClassPath identity changed for /Users/atalati/vscode-extension/main-repo/javavscode/netbeans/java/java.lsp.server/build/test/unit/work/o.n.m.j.l.s.p.S/neahf/Other.java@4de540cf:fbaac18, class path owner: null original sourcePath: /Users/atalati/vscode-extension/main-repo/javavscode/netbeans/java/java.lsp.server/build/test/unit/work/o.n.m.j.l.s.p.S/neahf new sourcePath: /Users/atalati/vscode-extension/main-repo/javavscode/netbeans/java/java.lsp.server/build/test/unit/work/o.n.m.j.l.s.p.S/neahf
May 27, 2024 4:40:14 PM org.netbeans.modules.java.source.parsing.JavacParser init
WARNING: ClassPath identity changed for /Users/atalati/vscode-extension/main-repo/javavscode/netbeans/java/java.lsp.server/build/test/unit/work/o.n.m.j.l.s.p.S/neahf/Test.java@eb60d2b1:5ae66d0b, class path owner: null original sourcePath: /Users/atalati/vscode-extension/main-repo/javavscode/netbeans/java/java.lsp.server/build/test/unit/work/o.n.m.j.l.s.p.S/neahf new sourcePath: /Users/atalati/vscode-extension/main-repo/javavscode/netbeans/java/java.lsp.server/build/test/unit/work/o.n.m.j.l.s.p.S/neahf
May 27, 2024 4:40:14 PM org.netbeans.modules.java.source.parsing.JavacParser init
WARNING: ClassPath identity changed for /Users/atalati/vscode-extension/main-repo/javavscode/netbeans/java/java.lsp.server/build/test/unit/work/o.n.m.j.l.s.p.S/sags/Test.java@bb3c03f1:38e6b70b, class path owner: null original sourcePath: /Users/atalati/vscode-extension/main-repo/javavscode/netbeans/java/java.lsp.server/build/test/unit/work/o.n.m.j.l.s.p.S/sags new sourcePath: /Users/atalati/vscode-extension/main-repo/javavscode/netbeans/java/java.lsp.server/build/test/unit/work/o.n.m.j.l.s.p.S/sags
May 27, 2024 4:40:14 PM org.netbeans.modules.java.source.parsing.JavacParser init
WARNING: ClassPath identity changed for /Users/atalati/vscode-extension/main-repo/javavscode/netbeans/java/java.lsp.server/build/test/unit/work/o.n.m.j.l.s.p.S/sal/Test.java@6263ac27:69d77bd9, class path owner: null original sourcePath: /Users/atalati/vscode-extension/main-repo/javavscode/netbeans/java/java.lsp.server/build/test/unit/work/o.n.m.j.l.s.p.S/sal new sourcePath: /Users/atalati/vscode-extension/main-repo/javavscode/netbeans/java/java.lsp.server/build/test/unit/work/o.n.m.j.l.s.p.S/sal
May 27, 2024 4:40:14 PM org.netbeans.modules.java.source.parsing.JavacParser init
WARNING: ClassPath identity changed for /Users/atalati/vscode-extension/main-repo/javavscode/netbeans/java/java.lsp.server/build/test/unit/work/o.n.m.j.l.s.p.S/rdccro/Test.java@c90373e4:73492c39, class path owner: /Users/atalati/vscode-extension/main-repo/javavscode/netbeans/java/java.lsp.server/build/test/unit/work/o.n.m.j.l.s.p.S/rdccro (class org.netbeans.modules.java.lsp.server.protocol.ServerTest$TestProjectFactory$4) original sourcePath: /Users/atalati/vscode-extension/main-repo/javavscode/netbeans/java/java.lsp.server/build/test/unit/work/o.n.m.j.l.s.p.S/rdccro new sourcePath: /Users/atalati/vscode-extension/main-repo/javavscode/netbeans/java/java.lsp.server/build/test/unit/work/o.n.m.j.l.s.p.S/rdccro
May 27, 2024 4:40:14 PM org.netbeans.modules.java.source.parsing.JavacParser init
WARNING: ClassPath identity changed for /Users/atalati/vscode-extension/main-repo/javavscode/netbeans/java/java.lsp.server/build/test/unit/work/o.n.m.j.l.s.p.S/rdccro/Test2.java@5cbe0648:1731dbb4, class path owner: /Users/atalati/vscode-extension/main-repo/javavscode/netbeans/java/java.lsp.server/build/test/unit/work/o.n.m.j.l.s.p.S/rdccro (class org.netbeans.modules.java.lsp.server.protocol.ServerTest$TestProjectFactory$4) original sourcePath: /Users/atalati/vscode-extension/main-repo/javavscode/netbeans/java/java.lsp.server/build/test/unit/work/o.n.m.j.l.s.p.S/rdccro new sourcePath: /Users/atalati/vscode-extension/main-repo/javavscode/netbeans/java/java.lsp.server/build/test/unit/work/o.n.m.j.l.s.p.S/rdccro
May 27, 2024 4:40:14 PM org.netbeans.modules.java.source.parsing.JavacParser init
WARNING: ClassPath identity changed for /Users/atalati/vscode-extension/main-repo/javavscode/netbeans/java/java.lsp.server/build/test/unit/work/o.n.m.j.l.s.p.S/sadm/Test.java@26af602c:662d9086, class path owner: null original sourcePath: /Users/atalati/vscode-extension/main-repo/javavscode/netbeans/java/java.lsp.server/build/test/unit/work/o.n.m.j.l.s.p.S/sadm new sourcePath: /Users/atalati/vscode-extension/main-repo/javavscode/netbeans/java/java.lsp.server/build/test/unit/work/o.n.m.j.l.s.p.S/sadm
May 27, 2024 4:40:14 PM org.netbeans.modules.java.source.parsing.JavacParser init
WARNING: ClassPath identity changed for /Users/atalati/vscode-extension/main-repo/javavscode/netbeans/java/java.lsp.server/build/test/unit/work/o.n.m.j.l.s.p.S/sh-2/Test.java@b461fcf1:3e6ca0a9, class path owner: null original sourcePath: /Users/atalati/vscode-extension/main-repo/javavscode/netbeans/java/java.lsp.server/build/test/unit/work/o.n.m.j.l.s.p.S/sh-2 new sourcePath: /Users/atalati/vscode-extension/main-repo/javavscode/netbeans/java/java.lsp.server/build/test/unit/work/o.n.m.j.l.s.p.S/sh-2
May 27, 2024 4:40:14 PM org.netbeans.modules.java.source.parsing.JavacParser init
WARNING: ClassPath identity changed for /Users/atalati/vscode-extension/main-repo/javavscode/netbeans/java/java.lsp.server/build/test/unit/work/o.n.m.j.l.s.p.S/rdccnro/Test2.java@bb4ac7cc:1bd6d593, class path owner: /Users/atalati/vscode-extension/main-repo/javavscode/netbeans/java/java.lsp.server/build/test/unit/work/o.n.m.j.l.s.p.S/rdccnro (class org.netbeans.modules.java.lsp.server.protocol.ServerTest$TestProjectFactory$4) original sourcePath: /Users/atalati/vscode-extension/main-repo/javavscode/netbeans/java/java.lsp.server/build/test/unit/work/o.n.m.j.l.s.p.S/rdccnro new sourcePath: /Users/atalati/vscode-extension/main-repo/javavscode/netbeans/java/java.lsp.server/build/test/unit/work/o.n.m.j.l.s.p.S/rdccnro
May 27, 2024 4:40:14 PM org.netbeans.modules.java.source.parsing.JavacParser init
WARNING: ClassPath identity changed for /Users/atalati/vscode-extension/main-repo/javavscode/netbeans/java/java.lsp.server/build/test/unit/work/o.n.m.j.l.s.p.S/rdccnro/Test.java@589052e0:4fbbe74b, class path owner: /Users/atalati/vscode-extension/main-repo/javavscode/netbeans/java/java.lsp.server/build/test/unit/work/o.n.m.j.l.s.p.S/rdccnro (class org.netbeans.modules.java.lsp.server.protocol.ServerTest$TestProjectFactory$4) original sourcePath: /Users/atalati/vscode-extension/main-repo/javavscode/netbeans/java/java.lsp.server/build/test/unit/work/o.n.m.j.l.s.p.S/rdccnro new sourcePath: /Users/atalati/vscode-extension/main-repo/javavscode/netbeans/java/java.lsp.server/build/test/unit/work/o.n.m.j.l.s.p.S/rdccnro
May 27, 2024 4:40:14 PM org.netbeans.modules.java.source.parsing.JavacParser init
WARNING: ClassPath identity changed for /Users/atalati/vscode-extension/main-repo/javavscode/netbeans/java/java.lsp.server/build/test/unit/work/o.n.m.j.l.s.p.S/saoi/Test.java@27dfd05f:3554d487, class path owner: null original sourcePath: /Users/atalati/vscode-extension/main-repo/javavscode/netbeans/java/java.lsp.server/build/test/unit/work/o.n.m.j.l.s.p.S/saoi new sourcePath: /Users/atalati/vscode-extension/main-repo/javavscode/netbeans/java/java.lsp.server/build/test/unit/work/o.n.m.j.l.s.p.S/saoi
May 27, 2024 4:40:14 PM org.netbeans.modules.java.source.parsing.JavacParser init
WARNING: ClassPath identity changed for /Users/atalati/vscode-extension/main-repo/javavscode/netbeans/java/java.lsp.server/build/test/unit/work/o.n.m.j.l.s.p.S/gtd/Test.java@1f440e3e:72715101, class path owner: /Users/atalati/vscode-extension/main-repo/javavscode/netbeans/java/java.lsp.server/build/test/unit/work/o.n.m.j.l.s.p.S/gtd (class org.netbeans.modules.java.lsp.server.protocol.ServerTest$TestProjectFactory$4) original sourcePath: /Users/atalati/vscode-extension/main-repo/javavscode/netbeans/java/java.lsp.server/build/test/unit/work/o.n.m.j.l.s.p.S/gtd new sourcePath: /Users/atalati/vscode-extension/main-repo/javavscode/netbeans/java/java.lsp.server/build/test/unit/work/o.n.m.j.l.s.p.S/gtd
May 27, 2024 4:40:14 PM org.netbeans.modules.java.source.parsing.JavacParser init
WARNING: ClassPath identity changed for /Users/atalati/vscode-extension/main-repo/javavscode/netbeans/java/java.lsp.server/build/test/unit/work/o.n.m.j.l.s.p.S/cagvfop/Test.java@2e66cfa3:631b0f6b, class path owner: null original sourcePath: /Users/atalati/vscode-extension/main-repo/javavscode/netbeans/java/java.lsp.server/build/test/unit/work/o.n.m.j.l.s.p.S/cagvfop new sourcePath: /Users/atalati/vscode-extension/main-repo/javavscode/netbeans/java/java.lsp.server/build/test/unit/work/o.n.m.j.l.s.p.S/cagvfop
May 27, 2024 4:40:15 PM org.netbeans.modules.java.source.parsing.JavacParser init
WARNING: ClassPath identity changed for /Users/atalati/vscode-extension/main-repo/javavscode/netbeans/java/java.lsp.server/build/test/unit/work/o.n.m.j.l.s.p.S/cagc-1/Test.java@e9376555:14713586, class path owner: null original sourcePath: /Users/atalati/vscode-extension/main-repo/javavscode/netbeans/java/java.lsp.server/build/test/unit/work/o.n.m.j.l.s.p.S/cagc-1 new sourcePath: /Users/atalati/vscode-extension/main-repo/javavscode/netbeans/java/java.lsp.server/build/test/unit/work/o.n.m.j.l.s.p.S/cagc-1
May 27, 2024 4:40:15 PM org.netbeans.modules.java.source.parsing.JavacParser init
WARNING: ClassPath identity changed for /Users/atalati/vscode-extension/main-repo/javavscode/netbeans/java/java.lsp.server/build/test/unit/work/o.n.m.j.l.s.p.S/caic/Test.java@5e788e8f:46a60045, class path owner: null original sourcePath: /Users/atalati/vscode-extension/main-repo/javavscode/netbeans/java/java.lsp.server/build/test/unit/work/o.n.m.j.l.s.p.S/caic new sourcePath: /Users/atalati/vscode-extension/main-repo/javavscode/netbeans/java/java.lsp.server/build/test/unit/work/o.n.m.j.l.s.p.S/caic
May 27, 2024 4:40:15 PM org.netbeans.modules.java.source.parsing.JavacParser init
WARNING: ClassPath identity changed for /Users/atalati/vscode-extension/main-repo/javavscode/netbeans/java/java.lsp.server/build/test/unit/work/o.n.m.j.l.s.p.S/fs/Test.java@eec90ce2:5e494315, class path owner: null original sourcePath: /Users/atalati/vscode-extension/main-repo/javavscode/netbeans/java/java.lsp.server/build/test/unit/work/o.n.m.j.l.s.p.S/fs new sourcePath: /Users/atalati/vscode-extension/main-repo/javavscode/netbeans/java/java.lsp.server/build/test/unit/work/o.n.m.j.l.s.p.S/fs
May 27, 2024 4:40:15 PM org.netbeans.modules.java.source.parsing.JavacParser init
WARNING: ClassPath identity changed for /Users/atalati/vscode-extension/main-repo/javavscode/netbeans/java/java.lsp.server/build/test/unit/work/o.n.m.j.l.s.p.S/sats/Test.java@1f26e9a2:3430d24, class path owner: null original sourcePath: /Users/atalati/vscode-extension/main-repo/javavscode/netbeans/java/java.lsp.server/build/test/unit/work/o.n.m.j.l.s.p.S/sats new sourcePath: /Users/atalati/vscode-extension/main-repo/javavscode/netbeans/java/java.lsp.server/build/test/unit/work/o.n.m.j.l.s.p.S/sats
May 27, 2024 4:40:15 PM org.netbeans.modules.java.source.parsing.JavacParser init
WARNING: ClassPath identity changed for /Users/atalati/vscode-extension/main-repo/javavscode/netbeans/java/java.lsp.server/build/test/unit/work/o.n.m.j.l.s.p.S/caiaamie/Test.java@5976eef5:76990e1e, class path owner: null original sourcePath: /Users/atalati/vscode-extension/main-repo/javavscode/netbeans/java/java.lsp.server/build/test/unit/work/o.n.m.j.l.s.p.S/caiaamie new sourcePath: /Users/atalati/vscode-extension/main-repo/javavscode/netbeans/java/java.lsp.server/build/test/unit/work/o.n.m.j.l.s.p.S/caiaamie
May 27, 2024 4:40:15 PM org.netbeans.modules.java.source.parsing.JavacParser init
WARNING: ClassPath identity changed for /Users/atalati/vscode-extension/main-repo/javavscode/netbeans/java/java.lsp.server/build/test/unit/work/o.n.m.j.l.s.p.S/caiv/Test.java@6b714ae0:50f20056, class path owner: null original sourcePath: /Users/atalati/vscode-extension/main-repo/javavscode/netbeans/java/java.lsp.server/build/test/unit/work/o.n.m.j.l.s.p.S/caiv new sourcePath: /Users/atalati/vscode-extension/main-repo/javavscode/netbeans/java/java.lsp.server/build/test/unit/work/o.n.m.j.l.s.p.S/caiv
May 27, 2024 4:40:15 PM org.netbeans.modules.java.source.parsing.JavacParser init
WARNING: ClassPath identity changed for /Users/atalati/vscode-extension/main-repo/javavscode/netbeans/java/java.lsp.server/build/test/unit/work/o.n.m.j.l.s.p.S/cawr/Test.java@83950a0e:1e256438, class path owner: null original sourcePath: /Users/atalati/vscode-extension/main-repo/javavscode/netbeans/java/java.lsp.server/build/test/unit/work/o.n.m.j.l.s.p.S/cawr new sourcePath: /Users/atalati/vscode-extension/main-repo/javavscode/netbeans/java/java.lsp.server/build/test/unit/work/o.n.m.j.l.s.p.S/cawr
May 27, 2024 4:40:15 PM org.netbeans.modules.java.source.parsing.JavacParser init
WARNING: ClassPath identity changed for /Users/atalati/vscode-extension/main-repo/javavscode/netbeans/java/java.lsp.server/build/test/unit/work/o.n.m.j.l.s.p.S/cagm/Test.java@1fe4de7b:15f8593d, class path owner: null original sourcePath: /Users/atalati/vscode-extension/main-repo/javavscode/netbeans/java/java.lsp.server/build/test/unit/work/o.n.m.j.l.s.p.S/cagm new sourcePath: /Users/atalati/vscode-extension/main-repo/javavscode/netbeans/java/java.lsp.server/build/test/unit/work/o.n.m.j.l.s.p.S/cagm
May 27, 2024 4:40:15 PM org.netbeans.modules.java.source.parsing.JavacParser init
WARNING: ClassPath identity changed for /Users/atalati/vscode-extension/main-repo/javavscode/netbeans/java/java.lsp.server/build/test/unit/work/o.n.m.j.l.s.p.S/caiaamic/Test.java@2f880073:3a94243d, class path owner: null original sourcePath: /Users/atalati/vscode-extension/main-repo/javavscode/netbeans/java/java.lsp.server/build/test/unit/work/o.n.m.j.l.s.p.S/caiaamic new sourcePath: /Users/atalati/vscode-extension/main-repo/javavscode/netbeans/java/java.lsp.server/build/test/unit/work/o.n.m.j.l.s.p.S/caiaamic
May 27, 2024 4:40:15 PM org.netbeans.modules.java.source.parsing.JavacParser init
WARNING: ClassPath identity changed for /Users/atalati/vscode-extension/main-repo/javavscode/netbeans/java/java.lsp.server/build/test/unit/work/o.n.m.j.l.s.p.S/caiaamiac/Test.java@5be81650:1700fcb8, class path owner: null original sourcePath: /Users/atalati/vscode-extension/main-repo/javavscode/netbeans/java/java.lsp.server/build/test/unit/work/o.n.m.j.l.s.p.S/caiaamiac new sourcePath: /Users/atalati/vscode-extension/main-repo/javavscode/netbeans/java/java.lsp.server/build/test/unit/work/o.n.m.j.l.s.p.S/caiaamiac
May 27, 2024 4:40:15 PM org.netbeans.modules.project.ui.OpenProjectList log
INFO: USG_PROJECT_CLOSE
Creating a client for testcase: testOpenProjectOpenJDK
May 27, 2024 4:40:15 PM org.netbeans.modules.project.ui.OpenProjectList log
INFO: USG_PROJECT_OPEN
May 27, 2024 4:40:15 PM org.netbeans.modules.java.lsp.server.protocol.Server$LanguageServerImpl lambda$asyncOpenSelectedProjects1$9
INFO: 1 projects opened in 30ms
May 27, 2024 4:40:15 PM org.netbeans.modules.java.source.parsing.JavacParser init
WARNING: ClassPath identity changed for /Users/atalati/vscode-extension/main-repo/javavscode/netbeans/java/java.lsp.server/build/test/unit/work/o.n.m.j.l.s.p.S/es/a/Test.java@ff4153f7:1210aea, class path owner: /Users/atalati/vscode-extension/main-repo/javavscode/netbeans/java/java.lsp.server/build/test/unit/work/o.n.m.j.l.s.p.S/es (class org.netbeans.modules.java.lsp.server.protocol.ServerTest$TestProjectFactory$4) original sourcePath: /Users/atalati/vscode-extension/main-repo/javavscode/netbeans/java/java.lsp.server/build/test/unit/work/o.n.m.j.l.s.p.S/es new sourcePath: /Users/atalati/vscode-extension/main-repo/javavscode/netbeans/java/java.lsp.server/build/test/unit/work/o.n.m.j.l.s.p.S/es
May 27, 2024 4:40:15 PM org.netbeans.modules.java.source.parsing.JavacParser init
WARNING: ClassPath identity changed for /Users/atalati/vscode-extension/main-repo/javavscode/netbeans/java/java.lsp.server/build/test/unit/work/o.n.m.j.l.s.p.S/m/Test.java@96357854:2cb18a69, class path owner: null original sourcePath: /Users/atalati/vscode-extension/main-repo/javavscode/netbeans/java/java.lsp.server/build/test/unit/work/o.n.m.j.l.s.p.S/m new sourcePath: /Users/atalati/vscode-extension/main-repo/javavscode/netbeans/java/java.lsp.server/build/test/unit/work/o.n.m.j.l.s.p.S/m
May 27, 2024 4:40:15 PM org.netbeans.modules.java.source.parsing.JavacParser init
WARNING: ClassPath identity changed for /Users/atalati/vscode-extension/main-repo/javavscode/netbeans/java/java.lsp.server/build/test/unit/work/o.n.m.j.l.s.p.S/pu/a/Test.java@90f3e8ac:1707d449, class path owner: /Users/atalati/vscode-extension/main-repo/javavscode/netbeans/java/java.lsp.server/build/test/unit/work/o.n.m.j.l.s.p.S/pu (class org.netbeans.modules.java.lsp.server.protocol.ServerTest$TestProjectFactory$4) original sourcePath: /Users/atalati/vscode-extension/main-repo/javavscode/netbeans/java/java.lsp.server/build/test/unit/work/o.n.m.j.l.s.p.S/pu new sourcePath: /Users/atalati/vscode-extension/main-repo/javavscode/netbeans/java/java.lsp.server/build/test/unit/work/o.n.m.j.l.s.p.S/pu
May 27, 2024 4:40:15 PM org.netbeans.modules.java.source.parsing.JavacParser init
WARNING: ClassPath identity changed for /Users/atalati/vscode-extension/main-repo/javavscode/netbeans/java/java.lsp.server/build/test/unit/work/o.n.m.j.l.s.p.S/fi/Test.java@1dfe0878:5f46da15, class path owner: /Users/atalati/vscode-extension/main-repo/javavscode/netbeans/java/java.lsp.server/build/test/unit/work/o.n.m.j.l.s.p.S/fi (class org.netbeans.modules.java.lsp.server.protocol.ServerTest$TestProjectFactory$4) original sourcePath: /Users/atalati/vscode-extension/main-repo/javavscode/netbeans/java/java.lsp.server/build/test/unit/work/o.n.m.j.l.s.p.S/fi new sourcePath: /Users/atalati/vscode-extension/main-repo/javavscode/netbeans/java/java.lsp.server/build/test/unit/work/o.n.m.j.l.s.p.S/fi
May 27, 2024 4:40:15 PM org.netbeans.modules.java.source.parsing.JavacParser init
WARNING: ClassPath identity changed for /Users/atalati/vscode-extension/main-repo/javavscode/netbeans/java/java.lsp.server/build/test/unit/work/o.n.m.j.l.s.p.S/cagc/Test.java@4f15c5f1:3cfef554, class path owner: null original sourcePath: /Users/atalati/vscode-extension/main-repo/javavscode/netbeans/java/java.lsp.server/build/test/unit/work/o.n.m.j.l.s.p.S/cagc new sourcePath: /Users/atalati/vscode-extension/main-repo/javavscode/netbeans/java/java.lsp.server/build/test/unit/work/o.n.m.j.l.s.p.S/cagc
May 27, 2024 4:40:15 PM org.netbeans.modules.java.source.parsing.JavacParser init
WARNING: ClassPath identity changed for /Users/atalati/vscode-extension/main-repo/javavscode/netbeans/java/java.lsp.server/build/test/unit/work/o.n.m.j.l.s.p.S/saom/Test.java@7b4d0543:4f31e1d6, class path owner: null original sourcePath: /Users/atalati/vscode-extension/main-repo/javavscode/netbeans/java/java.lsp.server/build/test/unit/work/o.n.m.j.l.s.p.S/saom new sourcePath: /Users/atalati/vscode-extension/main-repo/javavscode/netbeans/java/java.lsp.server/build/test/unit/work/o.n.m.j.l.s.p.S/saom
May 27, 2024 4:40:15 PM org.netbeans.modules.java.source.parsing.JavacParser init
WARNING: ClassPath identity changed for /Users/atalati/vscode-extension/main-repo/javavscode/netbeans/java/java.lsp.server/build/test/unit/work/o.n.m.j.l.s.p.S/h/Test.java@ada2e591:6fb7cd5a, class path owner: null original sourcePath: /Users/atalati/vscode-extension/main-repo/javavscode/netbeans/java/java.lsp.server/build/test/unit/work/o.n.m.j.l.s.p.S/h new sourcePath: /Users/atalati/vscode-extension/main-repo/javavscode/netbeans/java/java.lsp.server/build/test/unit/work/o.n.m.j.l.s.p.S/h
May 27, 2024 4:40:15 PM org.netbeans.modules.java.source.parsing.JavacParser init
WARNING: ClassPath identity changed for /Users/atalati/vscode-extension/main-repo/javavscode/netbeans/java/java.lsp.server/build/test/unit/work/o.n.m.j.l.s.p.S/fmd/Test.java@faea9a04:c9cd04f, class path owner: null original sourcePath: /Users/atalati/vscode-extension/main-repo/javavscode/netbeans/java/java.lsp.server/build/test/unit/work/o.n.m.j.l.s.p.S/fmd new sourcePath: /Users/atalati/vscode-extension/main-repo/javavscode/netbeans/java/java.lsp.server/build/test/unit/work/o.n.m.j.l.s.p.S/fmd
May 27, 2024 4:40:15 PM org.netbeans.modules.java.source.parsing.JavacParser init
WARNING: ClassPath identity changed for /Users/atalati/vscode-extension/main-repo/javavscode/netbeans/java/java.lsp.server/build/test/unit/work/o.n.m.j.l.s.p.S/fu/Test.java@18b7eb64:458c2054, class path owner: /Users/atalati/vscode-extension/main-repo/javavscode/netbeans/java/java.lsp.server/build/test/unit/work/o.n.m.j.l.s.p.S/fu (class org.netbeans.modules.java.lsp.server.protocol.ServerTest$TestProjectFactory$4) original sourcePath: /Users/atalati/vscode-extension/main-repo/javavscode/netbeans/java/java.lsp.server/build/test/unit/work/o.n.m.j.l.s.p.S/fu new sourcePath: /Users/atalati/vscode-extension/main-repo/javavscode/netbeans/java/java.lsp.server/build/test/unit/work/o.n.m.j.l.s.p.S/fu
May 27, 2024 4:40:15 PM org.netbeans.modules.java.source.parsing.JavacParser init
WARNING: ClassPath identity changed for /Users/atalati/vscode-extension/main-repo/javavscode/netbeans/java/java.lsp.server/build/test/unit/work/o.n.m.j.l.s.p.S/neahf/Other.java@4de540cf:fbaac18, class path owner: null original sourcePath: /Users/atalati/vscode-extension/main-repo/javavscode/netbeans/java/java.lsp.server/build/test/unit/work/o.n.m.j.l.s.p.S/neahf new sourcePath: /Users/atalati/vscode-extension/main-repo/javavscode/netbeans/java/java.lsp.server/build/test/unit/work/o.n.m.j.l.s.p.S/neahf
May 27, 2024 4:40:15 PM org.netbeans.modules.java.source.parsing.JavacParser init
WARNING: ClassPath identity changed for /Users/atalati/vscode-extension/main-repo/javavscode/netbeans/java/java.lsp.server/build/test/unit/work/o.n.m.j.l.s.p.S/neahf/Test.java@eb60d2b1:5ae66d0b, class path owner: null original sourcePath: /Users/atalati/vscode-extension/main-repo/javavscode/netbeans/java/java.lsp.server/build/test/unit/work/o.n.m.j.l.s.p.S/neahf new sourcePath: /Users/atalati/vscode-extension/main-repo/javavscode/netbeans/java/java.lsp.server/build/test/unit/work/o.n.m.j.l.s.p.S/neahf
May 27, 2024 4:40:15 PM org.netbeans.modules.java.source.parsing.JavacParser init
WARNING: ClassPath identity changed for /Users/atalati/vscode-extension/main-repo/javavscode/netbeans/java/java.lsp.server/build/test/unit/work/o.n.m.j.l.s.p.S/sags/Test.java@bb3c03f1:38e6b70b, class path owner: null original sourcePath: /Users/atalati/vscode-extension/main-repo/javavscode/netbeans/java/java.lsp.server/build/test/unit/work/o.n.m.j.l.s.p.S/sags new sourcePath: /Users/atalati/vscode-extension/main-repo/javavscode/netbeans/java/java.lsp.server/build/test/unit/work/o.n.m.j.l.s.p.S/sags
May 27, 2024 4:40:15 PM org.netbeans.modules.java.source.parsing.JavacParser init
WARNING: ClassPath identity changed for /Users/atalati/vscode-extension/main-repo/javavscode/netbeans/java/java.lsp.server/build/test/unit/work/o.n.m.j.l.s.p.S/sal/Test.java@6263ac27:69d77bd9, class path owner: null original sourcePath: /Users/atalati/vscode-extension/main-repo/javavscode/netbeans/java/java.lsp.server/build/test/unit/work/o.n.m.j.l.s.p.S/sal new sourcePath: /Users/atalati/vscode-extension/main-repo/javavscode/netbeans/java/java.lsp.server/build/test/unit/work/o.n.m.j.l.s.p.S/sal
May 27, 2024 4:40:15 PM org.netbeans.modules.java.source.parsing.JavacParser init
WARNING: ClassPath identity changed for /Users/atalati/vscode-extension/main-repo/javavscode/netbeans/java/java.lsp.server/build/test/unit/work/o.n.m.j.l.s.p.S/rdccro/Test.java@c90373e4:73492c39, class path owner: /Users/atalati/vscode-extension/main-repo/javavscode/netbeans/java/java.lsp.server/build/test/unit/work/o.n.m.j.l.s.p.S/rdccro (class org.netbeans.modules.java.lsp.server.protocol.ServerTest$TestProjectFactory$4) original sourcePath: /Users/atalati/vscode-extension/main-repo/javavscode/netbeans/java/java.lsp.server/build/test/unit/work/o.n.m.j.l.s.p.S/rdccro new sourcePath: /Users/atalati/vscode-extension/main-repo/javavscode/netbeans/java/java.lsp.server/build/test/unit/work/o.n.m.j.l.s.p.S/rdccro
May 27, 2024 4:40:15 PM org.netbeans.modules.parsing.impl.indexing.RepositoryUpdater$Work reportIndexingStart
INFO: Indexing started, time from last indexing 1,616 ms.
May 27, 2024 4:40:15 PM org.netbeans.modules.java.source.parsing.JavacParser init
WARNING: ClassPath identity changed for /Users/atalati/vscode-extension/main-repo/javavscode/netbeans/java/java.lsp.server/build/test/unit/work/o.n.m.j.l.s.p.S/rdccro/Test2.java@5cbe0648:1731dbb4, class path owner: /Users/atalati/vscode-extension/main-repo/javavscode/netbeans/java/java.lsp.server/build/test/unit/work/o.n.m.j.l.s.p.S/rdccro (class org.netbeans.modules.java.lsp.server.protocol.ServerTest$TestProjectFactory$4) original sourcePath: /Users/atalati/vscode-extension/main-repo/javavscode/netbeans/java/java.lsp.server/build/test/unit/work/o.n.m.j.l.s.p.S/rdccro new sourcePath: /Users/atalati/vscode-extension/main-repo/javavscode/netbeans/java/java.lsp.server/build/test/unit/work/o.n.m.j.l.s.p.S/rdccro
May 27, 2024 4:40:15 PM org.netbeans.modules.java.source.parsing.JavacParser init
WARNING: ClassPath identity changed for /Users/atalati/vscode-extension/main-repo/javavscode/netbeans/java/java.lsp.server/build/test/unit/work/o.n.m.j.l.s.p.S/sadm/Test.java@26af602c:662d9086, class path owner: null original sourcePath: /Users/atalati/vscode-extension/main-repo/javavscode/netbeans/java/java.lsp.server/build/test/unit/work/o.n.m.j.l.s.p.S/sadm new sourcePath: /Users/atalati/vscode-extension/main-repo/javavscode/netbeans/java/java.lsp.server/build/test/unit/work/o.n.m.j.l.s.p.S/sadm
May 27, 2024 4:40:15 PM org.netbeans.modules.java.source.parsing.JavacParser init
WARNING: ClassPath identity changed for /Users/atalati/vscode-extension/main-repo/javavscode/netbeans/java/java.lsp.server/build/test/unit/work/o.n.m.j.l.s.p.S/sh-2/Test.java@b461fcf1:3e6ca0a9, class path owner: null original sourcePath: /Users/atalati/vscode-extension/main-repo/javavscode/netbeans/java/java.lsp.server/build/test/unit/work/o.n.m.j.l.s.p.S/sh-2 new sourcePath: /Users/atalati/vscode-extension/main-repo/javavscode/netbeans/java/java.lsp.server/build/test/unit/work/o.n.m.j.l.s.p.S/sh-2
May 27, 2024 4:40:15 PM org.netbeans.modules.java.source.parsing.JavacParser init
WARNING: ClassPath identity changed for /Users/atalati/vscode-extension/main-repo/javavscode/netbeans/java/java.lsp.server/build/test/unit/work/o.n.m.j.l.s.p.S/rdccnro/Test2.java@bb4ac7cc:1bd6d593, class path owner: /Users/atalati/vscode-extension/main-repo/javavscode/netbeans/java/java.lsp.server/build/test/unit/work/o.n.m.j.l.s.p.S/rdccnro (class org.netbeans.modules.java.lsp.server.protocol.ServerTest$TestProjectFactory$4) original sourcePath: /Users/atalati/vscode-extension/main-repo/javavscode/netbeans/java/java.lsp.server/build/test/unit/work/o.n.m.j.l.s.p.S/rdccnro new sourcePath: /Users/atalati/vscode-extension/main-repo/javavscode/netbeans/java/java.lsp.server/build/test/unit/work/o.n.m.j.l.s.p.S/rdccnro
May 27, 2024 4:40:15 PM org.netbeans.modules.java.source.parsing.JavacParser init
WARNING: ClassPath identity changed for /Users/atalati/vscode-extension/main-repo/javavscode/netbeans/java/java.lsp.server/build/test/unit/work/o.n.m.j.l.s.p.S/rdccnro/Test.java@589052e0:4fbbe74b, class path owner: /Users/atalati/vscode-extension/main-repo/javavscode/netbeans/java/java.lsp.server/build/test/unit/work/o.n.m.j.l.s.p.S/rdccnro (class org.netbeans.modules.java.lsp.server.protocol.ServerTest$TestProjectFactory$4) original sourcePath: /Users/atalati/vscode-extension/main-repo/javavscode/netbeans/java/java.lsp.server/build/test/unit/work/o.n.m.j.l.s.p.S/rdccnro new sourcePath: /Users/atalati/vscode-extension/main-repo/javavscode/netbeans/java/java.lsp.server/build/test/unit/work/o.n.m.j.l.s.p.S/rdccnro
May 27, 2024 4:40:15 PM org.netbeans.modules.parsing.impl.indexing.RepositoryUpdater$RootsWork getDone
INFO: Resolving dependencies took: 87 ms
May 27, 2024 4:40:15 PM org.netbeans.modules.java.source.usages.BinaryAnalyser$ArchiveProcessor executeImpl
WARNING: Invalid class file format: file:/Users/atalati/vscode-extension/main-repo/javavscode/netbeans/nbbuild/netbeans/java/modules/ext/fakeJdkClasses.zip!/java/lang/AssertionError.class
May 27, 2024 4:40:15 PM org.netbeans.modules.java.source.usages.BinaryAnalyser$ArchiveProcessor executeImpl
INFO: Class File Exception Details
org.netbeans.modules.classfile.InvalidClassFormatException
	at org.netbeans.modules.classfile.ClassFile.load(ClassFile.java:174)
	at org.netbeans.modules.classfile.ClassFile.<init>(ClassFile.java:126)
	at org.netbeans.modules.classfile.ClassFile.<init>(ClassFile.java:73)
	at org.netbeans.modules.java.source.usages.BinaryAnalyser.analyse(BinaryAnalyser.java:670)
	at org.netbeans.modules.java.source.usages.BinaryAnalyser.access$800(BinaryAnalyser.java:119)
	at org.netbeans.modules.java.source.usages.BinaryAnalyser$ArchiveProcessor.executeImpl(BinaryAnalyser.java:1297)
	at org.netbeans.modules.java.source.usages.BinaryAnalyser$RootProcessor.execute(BinaryAnalyser.java:1187)
	at org.netbeans.modules.java.source.usages.BinaryAnalyser.analyse(BinaryAnalyser.java:376)
	at org.netbeans.modules.java.source.usages.BinaryAnalyser.analyse(BinaryAnalyser.java:360)
	at org.netbeans.modules.java.source.indexing.JavaBinaryIndexer.doIndex(JavaBinaryIndexer.java:101)
	at org.netbeans.modules.java.source.indexing.JavaBinaryIndexer.index(JavaBinaryIndexer.java:86)
	at org.netbeans.modules.parsing.spi.indexing.Indexable$MyAccessor$1.run(Indexable.java:126)
	at org.netbeans.modules.parsing.impl.indexing.RepositoryUpdater.runIndexer(RepositoryUpdater.java:274)
	at org.netbeans.modules.parsing.spi.indexing.Indexable$MyAccessor.index(Indexable.java:124)
	at org.netbeans.modules.parsing.impl.indexing.RepositoryUpdater$Work.indexBinary(RepositoryUpdater.java:3099)
	at org.netbeans.modules.parsing.impl.indexing.RepositoryUpdater$AbstractRootsWork.lambda$scanBinary$2(RepositoryUpdater.java:5363)
	at org.netbeans.modules.parsing.impl.indexing.RepositoryUpdater.lambda$runInContext$4(RepositoryUpdater.java:2119)
	at org.openide.util.lookup.Lookups.executeWith(Lookups.java:288)
	at org.netbeans.modules.parsing.impl.indexing.RepositoryUpdater.runInContext(RepositoryUpdater.java:2117)
	at org.netbeans.modules.parsing.impl.indexing.RepositoryUpdater.runInContext(RepositoryUpdater.java:2106)
	at org.netbeans.modules.parsing.impl.indexing.RepositoryUpdater.access$1900(RepositoryUpdater.java:135)
	at org.netbeans.modules.parsing.impl.indexing.RepositoryUpdater$AbstractRootsWork.scanBinary(RepositoryUpdater.java:5391)
	at org.netbeans.modules.parsing.impl.indexing.RepositoryUpdater$AbstractRootsWork.lambda$scanBinaries$0(RepositoryUpdater.java:5308)
	at org.netbeans.modules.parsing.impl.indexing.IndexBinaryWorkPool$SequentialStrategy.execute(IndexBinaryWorkPool.java:99)
	at org.netbeans.modules.parsing.impl.indexing.IndexBinaryWorkPool.execute(IndexBinaryWorkPool.java:67)
	at org.netbeans.modules.parsing.impl.indexing.RepositoryUpdater$AbstractRootsWork.scanBinaries(RepositoryUpdater.java:5315)
	at org.netbeans.modules.parsing.impl.indexing.RepositoryUpdater$RootsWork.getDone(RepositoryUpdater.java:5073)
	at org.netbeans.modules.parsing.impl.indexing.RepositoryUpdater$Work.doTheWork(RepositoryUpdater.java:3452)
	at org.netbeans.modules.parsing.impl.indexing.RepositoryUpdater$Task._run(RepositoryUpdater.java:6197)
	at org.netbeans.modules.parsing.impl.indexing.RepositoryUpdater$Task.access$3400(RepositoryUpdater.java:5855)
	at org.netbeans.modules.parsing.impl.indexing.RepositoryUpdater$Task$2.lambda$call$0(RepositoryUpdater.java:6116)
	at org.netbeans.modules.openide.util.GlobalLookup.execute(GlobalLookup.java:45)
	at org.openide.util.lookup.Lookups.executeWith(Lookups.java:287)
	at org.netbeans.modules.parsing.impl.RunWhenScanFinishedSupport.performScan(RunWhenScanFinishedSupport.java:83)
	at org.netbeans.modules.parsing.impl.indexing.RepositoryUpdater$Task$2.call(RepositoryUpdater.java:6116)
	at org.netbeans.modules.parsing.impl.indexing.RepositoryUpdater$Task$2.call(RepositoryUpdater.java:6112)
	at org.netbeans.modules.masterfs.filebasedfs.utils.FileChangedManager.priorityIO(FileChangedManager.java:153)
	at org.netbeans.modules.masterfs.providers.ProvidedExtensions.priorityIO(ProvidedExtensions.java:335)
	at org.netbeans.modules.parsing.nb.DataObjectEnvFactory.runPriorityIO(DataObjectEnvFactory.java:118)
	at org.netbeans.modules.parsing.impl.Utilities.runPriorityIO(Utilities.java:67)
	at org.netbeans.modules.parsing.impl.indexing.RepositoryUpdater$Task.run(RepositoryUpdater.java:6112)
	at java.base/java.util.concurrent.Executors$RunnableAdapter.call(Executors.java:539)
	at java.base/java.util.concurrent.FutureTask.run(FutureTask.java:264)
	at org.openide.util.RequestProcessor$Task.run(RequestProcessor.java:1420)
	at org.netbeans.modules.openide.util.GlobalLookup.execute(GlobalLookup.java:45)
	at org.openide.util.lookup.Lookups.executeWith(Lookups.java:287)
	at org.openide.util.RequestProcessor$Processor.run(RequestProcessor.java:2035)
Caused by: java.io.EOFException
	at java.base/java.io.DataInputStream.readInt(DataInputStream.java:398)
	at org.netbeans.modules.classfile.ClassFile.loadClassHeader(ClassFile.java:183)
	at org.netbeans.modules.classfile.ClassFile.load(ClassFile.java:168)
	... 46 more

May 27, 2024 4:40:15 PM org.netbeans.modules.java.source.usages.BinaryAnalyser$ArchiveProcessor executeImpl
WARNING: Invalid class file format: file:/Users/atalati/vscode-extension/main-repo/javavscode/netbeans/nbbuild/netbeans/java/modules/ext/fakeJdkClasses.zip!/java/lang/AutoCloseable.class
May 27, 2024 4:40:15 PM org.netbeans.modules.java.source.usages.BinaryAnalyser$ArchiveProcessor executeImpl
INFO: Class File Exception Details
org.netbeans.modules.classfile.InvalidClassFormatException
	at org.netbeans.modules.classfile.ClassFile.load(ClassFile.java:174)
	at org.netbeans.modules.classfile.ClassFile.<init>(ClassFile.java:126)
	at org.netbeans.modules.classfile.ClassFile.<init>(ClassFile.java:73)
	at org.netbeans.modules.java.source.usages.BinaryAnalyser.analyse(BinaryAnalyser.java:670)
	at org.netbeans.modules.java.source.usages.BinaryAnalyser.access$800(BinaryAnalyser.java:119)
	at org.netbeans.modules.java.source.usages.BinaryAnalyser$ArchiveProcessor.executeImpl(BinaryAnalyser.java:1297)
	at org.netbeans.modules.java.source.usages.BinaryAnalyser$RootProcessor.execute(BinaryAnalyser.java:1187)
	at org.netbeans.modules.java.source.usages.BinaryAnalyser.analyse(BinaryAnalyser.java:376)
	at org.netbeans.modules.java.source.usages.BinaryAnalyser.analyse(BinaryAnalyser.java:360)
	at org.netbeans.modules.java.source.indexing.JavaBinaryIndexer.doIndex(JavaBinaryIndexer.java:101)
	at org.netbeans.modules.java.source.indexing.JavaBinaryIndexer.index(JavaBinaryIndexer.java:86)
	at org.netbeans.modules.parsing.spi.indexing.Indexable$MyAccessor$1.run(Indexable.java:126)
	at org.netbeans.modules.parsing.impl.indexing.RepositoryUpdater.runIndexer(RepositoryUpdater.java:274)
	at org.netbeans.modules.parsing.spi.indexing.Indexable$MyAccessor.index(Indexable.java:124)
	at org.netbeans.modules.parsing.impl.indexing.RepositoryUpdater$Work.indexBinary(RepositoryUpdater.java:3099)
	at org.netbeans.modules.parsing.impl.indexing.RepositoryUpdater$AbstractRootsWork.lambda$scanBinary$2(RepositoryUpdater.java:5363)
	at org.netbeans.modules.parsing.impl.indexing.RepositoryUpdater.lambda$runInContext$4(RepositoryUpdater.java:2119)
	at org.openide.util.lookup.Lookups.executeWith(Lookups.java:288)
	at org.netbeans.modules.parsing.impl.indexing.RepositoryUpdater.runInContext(RepositoryUpdater.java:2117)
	at org.netbeans.modules.parsing.impl.indexing.RepositoryUpdater.runInContext(RepositoryUpdater.java:2106)
	at org.netbeans.modules.parsing.impl.indexing.RepositoryUpdater.access$1900(RepositoryUpdater.java:135)
	at org.netbeans.modules.parsing.impl.indexing.RepositoryUpdater$AbstractRootsWork.scanBinary(RepositoryUpdater.java:5391)
	at org.netbeans.modules.parsing.impl.indexing.RepositoryUpdater$AbstractRootsWork.lambda$scanBinaries$0(RepositoryUpdater.java:5308)
	at org.netbeans.modules.parsing.impl.indexing.IndexBinaryWorkPool$SequentialStrategy.execute(IndexBinaryWorkPool.java:99)
	at org.netbeans.modules.parsing.impl.indexing.IndexBinaryWorkPool.execute(IndexBinaryWorkPool.java:67)
	at org.netbeans.modules.parsing.impl.indexing.RepositoryUpdater$AbstractRootsWork.scanBinaries(RepositoryUpdater.java:5315)
	at org.netbeans.modules.parsing.impl.indexing.RepositoryUpdater$RootsWork.getDone(RepositoryUpdater.java:5073)
	at org.netbeans.modules.parsing.impl.indexing.RepositoryUpdater$Work.doTheWork(RepositoryUpdater.java:3452)
	at org.netbeans.modules.parsing.impl.indexing.RepositoryUpdater$Task._run(RepositoryUpdater.java:6197)
	at org.netbeans.modules.parsing.impl.indexing.RepositoryUpdater$Task.access$3400(RepositoryUpdater.java:5855)
	at org.netbeans.modules.parsing.impl.indexing.RepositoryUpdater$Task$2.lambda$call$0(RepositoryUpdater.java:6116)
	at org.netbeans.modules.openide.util.GlobalLookup.execute(GlobalLookup.java:45)
	at org.openide.util.lookup.Lookups.executeWith(Lookups.java:287)
	at org.netbeans.modules.parsing.impl.RunWhenScanFinishedSupport.performScan(RunWhenScanFinishedSupport.java:83)
	at org.netbeans.modules.parsing.impl.indexing.RepositoryUpdater$Task$2.call(RepositoryUpdater.java:6116)
	at org.netbeans.modules.parsing.impl.indexing.RepositoryUpdater$Task$2.call(RepositoryUpdater.java:6112)
	at org.netbeans.modules.masterfs.filebasedfs.utils.FileChangedManager.priorityIO(FileChangedManager.java:153)
	at org.netbeans.modules.masterfs.providers.ProvidedExtensions.priorityIO(ProvidedExtensions.java:335)
	at org.netbeans.modules.parsing.nb.DataObjectEnvFactory.runPriorityIO(DataObjectEnvFactory.java:118)
	at org.netbeans.modules.parsing.impl.Utilities.runPriorityIO(Utilities.java:67)
	at org.netbeans.modules.parsing.impl.indexing.RepositoryUpdater$Task.run(RepositoryUpdater.java:6112)
	at java.base/java.util.concurrent.Executors$RunnableAdapter.call(Executors.java:539)
	at java.base/java.util.concurrent.FutureTask.run(FutureTask.java:264)
	at org.openide.util.RequestProcessor$Task.run(RequestProcessor.java:1420)
	at org.netbeans.modules.openide.util.GlobalLookup.execute(GlobalLookup.java:45)
	at org.openide.util.lookup.Lookups.executeWith(Lookups.java:287)
	at org.openide.util.RequestProcessor$Processor.run(RequestProcessor.java:2035)
Caused by: java.io.EOFException
	at java.base/java.io.DataInputStream.readInt(DataInputStream.java:398)
	at org.netbeans.modules.classfile.ClassFile.loadClassHeader(ClassFile.java:183)
	at org.netbeans.modules.classfile.ClassFile.load(ClassFile.java:168)
	... 46 more

May 27, 2024 4:40:15 PM org.netbeans.modules.java.source.usages.BinaryAnalyser$ArchiveProcessor executeImpl
WARNING: Invalid class file format: file:/Users/atalati/vscode-extension/main-repo/javavscode/netbeans/nbbuild/netbeans/java/modules/ext/fakeJdkClasses.zip!/java/lang/StringBuilder.class
May 27, 2024 4:40:15 PM org.netbeans.modules.java.source.usages.BinaryAnalyser$ArchiveProcessor executeImpl
INFO: Class File Exception Details
org.netbeans.modules.classfile.InvalidClassFormatException
	at org.netbeans.modules.classfile.ClassFile.load(ClassFile.java:174)
	at org.netbeans.modules.classfile.ClassFile.<init>(ClassFile.java:126)
	at org.netbeans.modules.classfile.ClassFile.<init>(ClassFile.java:73)
	at org.netbeans.modules.java.source.usages.BinaryAnalyser.analyse(BinaryAnalyser.java:670)
	at org.netbeans.modules.java.source.usages.BinaryAnalyser.access$800(BinaryAnalyser.java:119)
	at org.netbeans.modules.java.source.usages.BinaryAnalyser$ArchiveProcessor.executeImpl(BinaryAnalyser.java:1297)
	at org.netbeans.modules.java.source.usages.BinaryAnalyser$RootProcessor.execute(BinaryAnalyser.java:1187)
	at org.netbeans.modules.java.source.usages.BinaryAnalyser.analyse(BinaryAnalyser.java:376)
	at org.netbeans.modules.java.source.usages.BinaryAnalyser.analyse(BinaryAnalyser.java:360)
	at org.netbeans.modules.java.source.indexing.JavaBinaryIndexer.doIndex(JavaBinaryIndexer.java:101)
	at org.netbeans.modules.java.source.indexing.JavaBinaryIndexer.index(JavaBinaryIndexer.java:86)
	at org.netbeans.modules.parsing.spi.indexing.Indexable$MyAccessor$1.run(Indexable.java:126)
	at org.netbeans.modules.parsing.impl.indexing.RepositoryUpdater.runIndexer(RepositoryUpdater.java:274)
	at org.netbeans.modules.parsing.spi.indexing.Indexable$MyAccessor.index(Indexable.java:124)
	at org.netbeans.modules.parsing.impl.indexing.RepositoryUpdater$Work.indexBinary(RepositoryUpdater.java:3099)
	at org.netbeans.modules.parsing.impl.indexing.RepositoryUpdater$AbstractRootsWork.lambda$scanBinary$2(RepositoryUpdater.java:5363)
	at org.netbeans.modules.parsing.impl.indexing.RepositoryUpdater.lambda$runInContext$4(RepositoryUpdater.java:2119)
	at org.openide.util.lookup.Lookups.executeWith(Lookups.java:288)
	at org.netbeans.modules.parsing.impl.indexing.RepositoryUpdater.runInContext(RepositoryUpdater.java:2117)
	at org.netbeans.modules.parsing.impl.indexing.RepositoryUpdater.runInContext(RepositoryUpdater.java:2106)
	at org.netbeans.modules.parsing.impl.indexing.RepositoryUpdater.access$1900(RepositoryUpdater.java:135)
	at org.netbeans.modules.parsing.impl.indexing.RepositoryUpdater$AbstractRootsWork.scanBinary(RepositoryUpdater.java:5391)
	at org.netbeans.modules.parsing.impl.indexing.RepositoryUpdater$AbstractRootsWork.lambda$scanBinaries$0(RepositoryUpdater.java:5308)
	at org.netbeans.modules.parsing.impl.indexing.IndexBinaryWorkPool$SequentialStrategy.execute(IndexBinaryWorkPool.java:99)
	at org.netbeans.modules.parsing.impl.indexing.IndexBinaryWorkPool.execute(IndexBinaryWorkPool.java:67)
	at org.netbeans.modules.parsing.impl.indexing.RepositoryUpdater$AbstractRootsWork.scanBinaries(RepositoryUpdater.java:5315)
	at org.netbeans.modules.parsing.impl.indexing.RepositoryUpdater$RootsWork.getDone(RepositoryUpdater.java:5073)
	at org.netbeans.modules.parsing.impl.indexing.RepositoryUpdater$Work.doTheWork(RepositoryUpdater.java:3452)
	at org.netbeans.modules.parsing.impl.indexing.RepositoryUpdater$Task._run(RepositoryUpdater.java:6197)
	at org.netbeans.modules.parsing.impl.indexing.RepositoryUpdater$Task.access$3400(RepositoryUpdater.java:5855)
	at org.netbeans.modules.parsing.impl.indexing.RepositoryUpdater$Task$2.lambda$call$0(RepositoryUpdater.java:6116)
	at org.netbeans.modules.openide.util.GlobalLookup.execute(GlobalLookup.java:45)
	at org.openide.util.lookup.Lookups.executeWith(Lookups.java:287)
	at org.netbeans.modules.parsing.impl.RunWhenScanFinishedSupport.performScan(RunWhenScanFinishedSupport.java:83)
	at org.netbeans.modules.parsing.impl.indexing.RepositoryUpdater$Task$2.call(RepositoryUpdater.java:6116)
	at org.netbeans.modules.parsing.impl.indexing.RepositoryUpdater$Task$2.call(RepositoryUpdater.java:6112)
	at org.netbeans.modules.masterfs.filebasedfs.utils.FileChangedManager.priorityIO(FileChangedManager.java:153)
	at org.netbeans.modules.masterfs.providers.ProvidedExtensions.priorityIO(ProvidedExtensions.java:335)
	at org.netbeans.modules.parsing.nb.DataObjectEnvFactory.runPriorityIO(DataObjectEnvFactory.java:118)
	at org.netbeans.modules.parsing.impl.Utilities.runPriorityIO(Utilities.java:67)
	at org.netbeans.modules.parsing.impl.indexing.RepositoryUpdater$Task.run(RepositoryUpdater.java:6112)
	at java.base/java.util.concurrent.Executors$RunnableAdapter.call(Executors.java:539)
	at java.base/java.util.concurrent.FutureTask.run(FutureTask.java:264)
	at org.openide.util.RequestProcessor$Task.run(RequestProcessor.java:1420)
	at org.netbeans.modules.openide.util.GlobalLookup.execute(GlobalLookup.java:45)
	at org.openide.util.lookup.Lookups.executeWith(Lookups.java:287)
	at org.openide.util.RequestProcessor$Processor.run(RequestProcessor.java:2035)
Caused by: java.io.EOFException
	at java.base/java.io.DataInputStream.readInt(DataInputStream.java:398)
	at org.netbeans.modules.classfile.ClassFile.loadClassHeader(ClassFile.java:183)
	at org.netbeans.modules.classfile.ClassFile.load(ClassFile.java:168)
	... 46 more

May 27, 2024 4:40:15 PM org.netbeans.modules.java.source.usages.BinaryAnalyser$ArchiveProcessor executeImpl
WARNING: Invalid class file format: file:/Users/atalati/vscode-extension/main-repo/javavscode/netbeans/nbbuild/netbeans/java/modules/ext/fakeJdkClasses.zip!/java/lang/invoke/LambdaMetafactory.class
May 27, 2024 4:40:15 PM org.netbeans.modules.java.source.usages.BinaryAnalyser$ArchiveProcessor executeImpl
INFO: Class File Exception Details
org.netbeans.modules.classfile.InvalidClassFormatException
	at org.netbeans.modules.classfile.ClassFile.load(ClassFile.java:174)
	at org.netbeans.modules.classfile.ClassFile.<init>(ClassFile.java:126)
	at org.netbeans.modules.classfile.ClassFile.<init>(ClassFile.java:73)
	at org.netbeans.modules.java.source.usages.BinaryAnalyser.analyse(BinaryAnalyser.java:670)
	at org.netbeans.modules.java.source.usages.BinaryAnalyser.access$800(BinaryAnalyser.java:119)
	at org.netbeans.modules.java.source.usages.BinaryAnalyser$ArchiveProcessor.executeImpl(BinaryAnalyser.java:1297)
	at org.netbeans.modules.java.source.usages.BinaryAnalyser$RootProcessor.execute(BinaryAnalyser.java:1187)
	at org.netbeans.modules.java.source.usages.BinaryAnalyser.analyse(BinaryAnalyser.java:376)
	at org.netbeans.modules.java.source.usages.BinaryAnalyser.analyse(BinaryAnalyser.java:360)
	at org.netbeans.modules.java.source.indexing.JavaBinaryIndexer.doIndex(JavaBinaryIndexer.java:101)
	at org.netbeans.modules.java.source.indexing.JavaBinaryIndexer.index(JavaBinaryIndexer.java:86)
	at org.netbeans.modules.parsing.spi.indexing.Indexable$MyAccessor$1.run(Indexable.java:126)
	at org.netbeans.modules.parsing.impl.indexing.RepositoryUpdater.runIndexer(RepositoryUpdater.java:274)
	at org.netbeans.modules.parsing.spi.indexing.Indexable$MyAccessor.index(Indexable.java:124)
	at org.netbeans.modules.parsing.impl.indexing.RepositoryUpdater$Work.indexBinary(RepositoryUpdater.java:3099)
	at org.netbeans.modules.parsing.impl.indexing.RepositoryUpdater$AbstractRootsWork.lambda$scanBinary$2(RepositoryUpdater.java:5363)
	at org.netbeans.modules.parsing.impl.indexing.RepositoryUpdater.lambda$runInContext$4(RepositoryUpdater.java:2119)
	at org.openide.util.lookup.Lookups.executeWith(Lookups.java:288)
	at org.netbeans.modules.parsing.impl.indexing.RepositoryUpdater.runInContext(RepositoryUpdater.java:2117)
	at org.netbeans.modules.parsing.impl.indexing.RepositoryUpdater.runInContext(RepositoryUpdater.java:2106)
	at org.netbeans.modules.parsing.impl.indexing.RepositoryUpdater.access$1900(RepositoryUpdater.java:135)
	at org.netbeans.modules.parsing.impl.indexing.RepositoryUpdater$AbstractRootsWork.scanBinary(RepositoryUpdater.java:5391)
	at org.netbeans.modules.parsing.impl.indexing.RepositoryUpdater$AbstractRootsWork.lambda$scanBinaries$0(RepositoryUpdater.java:5308)
	at org.netbeans.modules.parsing.impl.indexing.IndexBinaryWorkPool$SequentialStrategy.execute(IndexBinaryWorkPool.java:99)
	at org.netbeans.modules.parsing.impl.indexing.IndexBinaryWorkPool.execute(IndexBinaryWorkPool.java:67)
	at org.netbeans.modules.parsing.impl.indexing.RepositoryUpdater$AbstractRootsWork.scanBinaries(RepositoryUpdater.java:5315)
	at org.netbeans.modules.parsing.impl.indexing.RepositoryUpdater$RootsWork.getDone(RepositoryUpdater.java:5073)
	at org.netbeans.modules.parsing.impl.indexing.RepositoryUpdater$Work.doTheWork(RepositoryUpdater.java:3452)
	at org.netbeans.modules.parsing.impl.indexing.RepositoryUpdater$Task._run(RepositoryUpdater.java:6197)
	at org.netbeans.modules.parsing.impl.indexing.RepositoryUpdater$Task.access$3400(RepositoryUpdater.java:5855)
	at org.netbeans.modules.parsing.impl.indexing.RepositoryUpdater$Task$2.lambda$call$0(RepositoryUpdater.java:6116)
	at org.netbeans.modules.openide.util.GlobalLookup.execute(GlobalLookup.java:45)
	at org.openide.util.lookup.Lookups.executeWith(Lookups.java:287)
	at org.netbeans.modules.parsing.impl.RunWhenScanFinishedSupport.performScan(RunWhenScanFinishedSupport.java:83)
	at org.netbeans.modules.parsing.impl.indexing.RepositoryUpdater$Task$2.call(RepositoryUpdater.java:6116)
	at org.netbeans.modules.parsing.impl.indexing.RepositoryUpdater$Task$2.call(RepositoryUpdater.java:6112)
	at org.netbeans.modules.masterfs.filebasedfs.utils.FileChangedManager.priorityIO(FileChangedManager.java:153)
	at org.netbeans.modules.masterfs.providers.ProvidedExtensions.priorityIO(ProvidedExtensions.java:335)
	at org.netbeans.modules.parsing.nb.DataObjectEnvFactory.runPriorityIO(DataObjectEnvFactory.java:118)
	at org.netbeans.modules.parsing.impl.Utilities.runPriorityIO(Utilities.java:67)
	at org.netbeans.modules.parsing.impl.indexing.RepositoryUpdater$Task.run(RepositoryUpdater.java:6112)
	at java.base/java.util.concurrent.Executors$RunnableAdapter.call(Executors.java:539)
	at java.base/java.util.concurrent.FutureTask.run(FutureTask.java:264)
	at org.openide.util.RequestProcessor$Task.run(RequestProcessor.java:1420)
	at org.netbeans.modules.openide.util.GlobalLookup.execute(GlobalLookup.java:45)
	at org.openide.util.lookup.Lookups.executeWith(Lookups.java:287)
	at org.openide.util.RequestProcessor$Processor.run(RequestProcessor.java:2035)
Caused by: java.io.EOFException
	at java.base/java.io.DataInputStream.readInt(DataInputStream.java:398)
	at org.netbeans.modules.classfile.ClassFile.loadClassHeader(ClassFile.java:183)
	at org.netbeans.modules.classfile.ClassFile.load(ClassFile.java:168)
	... 46 more

May 27, 2024 4:40:15 PM org.netbeans.modules.java.source.usages.BinaryAnalyser$ArchiveProcessor executeImpl
WARNING: Invalid class file format: file:/Users/atalati/vscode-extension/main-repo/javavscode/netbeans/nbbuild/netbeans/java/modules/ext/fakeJdkClasses.zip!/java/util/stream/Streams.class
May 27, 2024 4:40:15 PM org.netbeans.modules.java.source.usages.BinaryAnalyser$ArchiveProcessor executeImpl
INFO: Class File Exception Details
org.netbeans.modules.classfile.InvalidClassFormatException
	at org.netbeans.modules.classfile.ClassFile.load(ClassFile.java:174)
	at org.netbeans.modules.classfile.ClassFile.<init>(ClassFile.java:126)
	at org.netbeans.modules.classfile.ClassFile.<init>(ClassFile.java:73)
	at org.netbeans.modules.java.source.usages.BinaryAnalyser.analyse(BinaryAnalyser.java:670)
	at org.netbeans.modules.java.source.usages.BinaryAnalyser.access$800(BinaryAnalyser.java:119)
	at org.netbeans.modules.java.source.usages.BinaryAnalyser$ArchiveProcessor.executeImpl(BinaryAnalyser.java:1297)
	at org.netbeans.modules.java.source.usages.BinaryAnalyser$RootProcessor.execute(BinaryAnalyser.java:1187)
	at org.netbeans.modules.java.source.usages.BinaryAnalyser.analyse(BinaryAnalyser.java:376)
	at org.netbeans.modules.java.source.usages.BinaryAnalyser.analyse(BinaryAnalyser.java:360)
	at org.netbeans.modules.java.source.indexing.JavaBinaryIndexer.doIndex(JavaBinaryIndexer.java:101)
	at org.netbeans.modules.java.source.indexing.JavaBinaryIndexer.index(JavaBinaryIndexer.java:86)
	at org.netbeans.modules.parsing.spi.indexing.Indexable$MyAccessor$1.run(Indexable.java:126)
	at org.netbeans.modules.parsing.impl.indexing.RepositoryUpdater.runIndexer(RepositoryUpdater.java:274)
	at org.netbeans.modules.parsing.spi.indexing.Indexable$MyAccessor.index(Indexable.java:124)
	at org.netbeans.modules.parsing.impl.indexing.RepositoryUpdater$Work.indexBinary(RepositoryUpdater.java:3099)
	at org.netbeans.modules.parsing.impl.indexing.RepositoryUpdater$AbstractRootsWork.lambda$scanBinary$2(RepositoryUpdater.java:5363)
	at org.netbeans.modules.parsing.impl.indexing.RepositoryUpdater.lambda$runInContext$4(RepositoryUpdater.java:2119)
	at org.openide.util.lookup.Lookups.executeWith(Lookups.java:288)
	at org.netbeans.modules.parsing.impl.indexing.RepositoryUpdater.runInContext(RepositoryUpdater.java:2117)
	at org.netbeans.modules.parsing.impl.indexing.RepositoryUpdater.runInContext(RepositoryUpdater.java:2106)
	at org.netbeans.modules.parsing.impl.indexing.RepositoryUpdater.access$1900(RepositoryUpdater.java:135)
	at org.netbeans.modules.parsing.impl.indexing.RepositoryUpdater$AbstractRootsWork.scanBinary(RepositoryUpdater.java:5391)
	at org.netbeans.modules.parsing.impl.indexing.RepositoryUpdater$AbstractRootsWork.lambda$scanBinaries$0(RepositoryUpdater.java:5308)
	at org.netbeans.modules.parsing.impl.indexing.IndexBinaryWorkPool$SequentialStrategy.execute(IndexBinaryWorkPool.java:99)
	at org.netbeans.modules.parsing.impl.indexing.IndexBinaryWorkPool.execute(IndexBinaryWorkPool.java:67)
	at org.netbeans.modules.parsing.impl.indexing.RepositoryUpdater$AbstractRootsWork.scanBinaries(RepositoryUpdater.java:5315)
	at org.netbeans.modules.parsing.impl.indexing.RepositoryUpdater$RootsWork.getDone(RepositoryUpdater.java:5073)
	at org.netbeans.modules.parsing.impl.indexing.RepositoryUpdater$Work.doTheWork(RepositoryUpdater.java:3452)
	at org.netbeans.modules.parsing.impl.indexing.RepositoryUpdater$Task._run(RepositoryUpdater.java:6197)
	at org.netbeans.modules.parsing.impl.indexing.RepositoryUpdater$Task.access$3400(RepositoryUpdater.java:5855)
	at org.netbeans.modules.parsing.impl.indexing.RepositoryUpdater$Task$2.lambda$call$0(RepositoryUpdater.java:6116)
	at org.netbeans.modules.openide.util.GlobalLookup.execute(GlobalLookup.java:45)
	at org.openide.util.lookup.Lookups.executeWith(Lookups.java:287)
	at org.netbeans.modules.parsing.impl.RunWhenScanFinishedSupport.performScan(RunWhenScanFinishedSupport.java:83)
	at org.netbeans.modules.parsing.impl.indexing.RepositoryUpdater$Task$2.call(RepositoryUpdater.java:6116)
	at org.netbeans.modules.parsing.impl.indexing.RepositoryUpdater$Task$2.call(RepositoryUpdater.java:6112)
	at org.netbeans.modules.masterfs.filebasedfs.utils.FileChangedManager.priorityIO(FileChangedManager.java:153)
	at org.netbeans.modules.masterfs.providers.ProvidedExtensions.priorityIO(ProvidedExtensions.java:335)
	at org.netbeans.modules.parsing.nb.DataObjectEnvFactory.runPriorityIO(DataObjectEnvFactory.java:118)
	at org.netbeans.modules.parsing.impl.Utilities.runPriorityIO(Utilities.java:67)
	at org.netbeans.modules.parsing.impl.indexing.RepositoryUpdater$Task.run(RepositoryUpdater.java:6112)
	at java.base/java.util.concurrent.Executors$RunnableAdapter.call(Executors.java:539)
	at java.base/java.util.concurrent.FutureTask.run(FutureTask.java:264)
	at org.openide.util.RequestProcessor$Task.run(RequestProcessor.java:1420)
	at org.netbeans.modules.openide.util.GlobalLookup.execute(GlobalLookup.java:45)
	at org.openide.util.lookup.Lookups.executeWith(Lookups.java:287)
	at org.openide.util.RequestProcessor$Processor.run(RequestProcessor.java:2035)
Caused by: java.io.EOFException
	at java.base/java.io.DataInputStream.readInt(DataInputStream.java:398)
	at org.netbeans.modules.classfile.ClassFile.loadClassHeader(ClassFile.java:183)
	at org.netbeans.modules.classfile.ClassFile.load(ClassFile.java:168)
	... 46 more

May 27, 2024 4:40:15 PM org.netbeans.modules.java.source.usages.BinaryAnalyser$ArchiveProcessor executeImpl
WARNING: Invalid class file format: file:/Users/atalati/vscode-extension/main-repo/javavscode/netbeans/nbbuild/netbeans/java/modules/ext/fakeJdkClasses.zip!/java/util/zip/CRC32C.class
May 27, 2024 4:40:15 PM org.netbeans.modules.java.source.usages.BinaryAnalyser$ArchiveProcessor executeImpl
INFO: Class File Exception Details
org.netbeans.modules.classfile.InvalidClassFormatException
	at org.netbeans.modules.classfile.ClassFile.load(ClassFile.java:174)
	at org.netbeans.modules.classfile.ClassFile.<init>(ClassFile.java:126)
	at org.netbeans.modules.classfile.ClassFile.<init>(ClassFile.java:73)
	at org.netbeans.modules.java.source.usages.BinaryAnalyser.analyse(BinaryAnalyser.java:670)
	at org.netbeans.modules.java.source.usages.BinaryAnalyser.access$800(BinaryAnalyser.java:119)
	at org.netbeans.modules.java.source.usages.BinaryAnalyser$ArchiveProcessor.executeImpl(BinaryAnalyser.java:1297)
	at org.netbeans.modules.java.source.usages.BinaryAnalyser$RootProcessor.execute(BinaryAnalyser.java:1187)
	at org.netbeans.modules.java.source.usages.BinaryAnalyser.analyse(BinaryAnalyser.java:376)
	at org.netbeans.modules.java.source.usages.BinaryAnalyser.analyse(BinaryAnalyser.java:360)
	at org.netbeans.modules.java.source.indexing.JavaBinaryIndexer.doIndex(JavaBinaryIndexer.java:101)
	at org.netbeans.modules.java.source.indexing.JavaBinaryIndexer.index(JavaBinaryIndexer.java:86)
	at org.netbeans.modules.parsing.spi.indexing.Indexable$MyAccessor$1.run(Indexable.java:126)
	at org.netbeans.modules.parsing.impl.indexing.RepositoryUpdater.runIndexer(RepositoryUpdater.java:274)
	at org.netbeans.modules.parsing.spi.indexing.Indexable$MyAccessor.index(Indexable.java:124)
	at org.netbeans.modules.parsing.impl.indexing.RepositoryUpdater$Work.indexBinary(RepositoryUpdater.java:3099)
	at org.netbeans.modules.parsing.impl.indexing.RepositoryUpdater$AbstractRootsWork.lambda$scanBinary$2(RepositoryUpdater.java:5363)
	at org.netbeans.modules.parsing.impl.indexing.RepositoryUpdater.lambda$runInContext$4(RepositoryUpdater.java:2119)
	at org.openide.util.lookup.Lookups.executeWith(Lookups.java:288)
	at org.netbeans.modules.parsing.impl.indexing.RepositoryUpdater.runInContext(RepositoryUpdater.java:2117)
	at org.netbeans.modules.parsing.impl.indexing.RepositoryUpdater.runInContext(RepositoryUpdater.java:2106)
	at org.netbeans.modules.parsing.impl.indexing.RepositoryUpdater.access$1900(RepositoryUpdater.java:135)
	at org.netbeans.modules.parsing.impl.indexing.RepositoryUpdater$AbstractRootsWork.scanBinary(RepositoryUpdater.java:5391)
	at org.netbeans.modules.parsing.impl.indexing.RepositoryUpdater$AbstractRootsWork.lambda$scanBinaries$0(RepositoryUpdater.java:5308)
	at org.netbeans.modules.parsing.impl.indexing.IndexBinaryWorkPool$SequentialStrategy.execute(IndexBinaryWorkPool.java:99)
	at org.netbeans.modules.parsing.impl.indexing.IndexBinaryWorkPool.execute(IndexBinaryWorkPool.java:67)
	at org.netbeans.modules.parsing.impl.indexing.RepositoryUpdater$AbstractRootsWork.scanBinaries(RepositoryUpdater.java:5315)
	at org.netbeans.modules.parsing.impl.indexing.RepositoryUpdater$RootsWork.getDone(RepositoryUpdater.java:5073)
	at org.netbeans.modules.parsing.impl.indexing.RepositoryUpdater$Work.doTheWork(RepositoryUpdater.java:3452)
	at org.netbeans.modules.parsing.impl.indexing.RepositoryUpdater$Task._run(RepositoryUpdater.java:6197)
	at org.netbeans.modules.parsing.impl.indexing.RepositoryUpdater$Task.access$3400(RepositoryUpdater.java:5855)
	at org.netbeans.modules.parsing.impl.indexing.RepositoryUpdater$Task$2.lambda$call$0(RepositoryUpdater.java:6116)
	at org.netbeans.modules.openide.util.GlobalLookup.execute(GlobalLookup.java:45)
	at org.openide.util.lookup.Lookups.executeWith(Lookups.java:287)
	at org.netbeans.modules.parsing.impl.RunWhenScanFinishedSupport.performScan(RunWhenScanFinishedSupport.java:83)
	at org.netbeans.modules.parsing.impl.indexing.RepositoryUpdater$Task$2.call(RepositoryUpdater.java:6116)
	at org.netbeans.modules.parsing.impl.indexing.RepositoryUpdater$Task$2.call(RepositoryUpdater.java:6112)
	at org.netbeans.modules.masterfs.filebasedfs.utils.FileChangedManager.priorityIO(FileChangedManager.java:153)
	at org.netbeans.modules.masterfs.providers.ProvidedExtensions.priorityIO(ProvidedExtensions.java:335)
	at org.netbeans.modules.parsing.nb.DataObjectEnvFactory.runPriorityIO(DataObjectEnvFactory.java:118)
	at org.netbeans.modules.parsing.impl.Utilities.runPriorityIO(Utilities.java:67)
	at org.netbeans.modules.parsing.impl.indexing.RepositoryUpdater$Task.run(RepositoryUpdater.java:6112)
	at java.base/java.util.concurrent.Executors$RunnableAdapter.call(Executors.java:539)
	at java.base/java.util.concurrent.FutureTask.run(FutureTask.java:264)
	at org.openide.util.RequestProcessor$Task.run(RequestProcessor.java:1420)
	at org.netbeans.modules.openide.util.GlobalLookup.execute(GlobalLookup.java:45)
	at org.openide.util.lookup.Lookups.executeWith(Lookups.java:287)
	at org.openide.util.RequestProcessor$Processor.run(RequestProcessor.java:2035)
Caused by: java.io.EOFException
	at java.base/java.io.DataInputStream.readInt(DataInputStream.java:398)
	at org.netbeans.modules.classfile.ClassFile.loadClassHeader(ClassFile.java:183)
	at org.netbeans.modules.classfile.ClassFile.load(ClassFile.java:168)
	... 46 more

May 27, 2024 4:40:15 PM org.netbeans.modules.java.source.parsing.JavacParser init
WARNING: ClassPath identity changed for /Users/atalati/vscode-extension/main-repo/javavscode/netbeans/java/java.lsp.server/build/test/unit/work/o.n.m.j.l.s.p.S/saoi/Test.java@27dfd05f:3554d487, class path owner: null original sourcePath: /Users/atalati/vscode-extension/main-repo/javavscode/netbeans/java/java.lsp.server/build/test/unit/work/o.n.m.j.l.s.p.S/saoi new sourcePath: /Users/atalati/vscode-extension/main-repo/javavscode/netbeans/java/java.lsp.server/build/test/unit/work/o.n.m.j.l.s.p.S/saoi
May 27, 2024 4:40:15 PM org.netbeans.modules.java.source.parsing.JavacParser init
WARNING: ClassPath identity changed for /Users/atalati/vscode-extension/main-repo/javavscode/netbeans/java/java.lsp.server/build/test/unit/work/o.n.m.j.l.s.p.S/gtd/Test.java@1f440e3e:72715101, class path owner: /Users/atalati/vscode-extension/main-repo/javavscode/netbeans/java/java.lsp.server/build/test/unit/work/o.n.m.j.l.s.p.S/gtd (class org.netbeans.modules.java.lsp.server.protocol.ServerTest$TestProjectFactory$4) original sourcePath: /Users/atalati/vscode-extension/main-repo/javavscode/netbeans/java/java.lsp.server/build/test/unit/work/o.n.m.j.l.s.p.S/gtd new sourcePath: /Users/atalati/vscode-extension/main-repo/javavscode/netbeans/java/java.lsp.server/build/test/unit/work/o.n.m.j.l.s.p.S/gtd
May 27, 2024 4:40:15 PM org.netbeans.modules.parsing.impl.indexing.RepositoryUpdater$AbstractRootsWork scanBinaries
INFO: Complete indexing of 1 binary roots took: 109 ms
May 27, 2024 4:40:15 PM org.netbeans.modules.parsing.impl.indexing.RepositoryUpdater$AbstractRootsWork scanSources
INFO: Indexing of: /Users/atalati/vscode-extension/main-repo/javavscode/netbeans/java/java.lsp.server/build/test/unit/work/o.n.m.j.l.s.p.S/opojdk/jdk/langtools/src/java.base/share/classes took: 0 ms (New or modified files: 0, Deleted files: 0) [Adding listeners took: 0 ms]
May 27, 2024 4:40:15 PM org.netbeans.modules.parsing.impl.indexing.RepositoryUpdater$AbstractRootsWork scanSources
INFO: Indexing of: /Users/atalati/vscode-extension/main-repo/javavscode/netbeans/java/java.lsp.server/build/test/unit/work/o.n.m.j.l.s.p.S/opojdk/jdk/src/java.base/macosx/classes took: 0 ms (New or modified files: 0, Deleted files: 0) [Adding listeners took: 0 ms]
May 27, 2024 4:40:15 PM org.netbeans.modules.parsing.impl.indexing.RepositoryUpdater$AbstractRootsWork scanSources
INFO: Indexing of: /Users/atalati/vscode-extension/main-repo/javavscode/netbeans/java/java.lsp.server/build/test/unit/work/o.n.m.j.l.s.p.S/opojdk/jdk/src/closed/java.base/macosx/classes took: 0 ms (New or modified files: 0, Deleted files: 0) [Adding listeners took: 0 ms]
May 27, 2024 4:40:15 PM org.netbeans.modules.parsing.impl.indexing.RepositoryUpdater$AbstractRootsWork scanSources
INFO: Indexing of: /Users/atalati/vscode-extension/main-repo/javavscode/netbeans/java/java.lsp.server/build/test/unit/work/o.n.m.j.l.s.p.S/opojdk/jdk/src/java.base/unix/classes took: 1 ms (New or modified files: 0, Deleted files: 0) [Adding listeners took: 0 ms]
May 27, 2024 4:40:15 PM org.netbeans.modules.java.source.parsing.JavacParser init
WARNING: ClassPath identity changed for /Users/atalati/vscode-extension/main-repo/javavscode/netbeans/java/java.lsp.server/build/test/unit/work/o.n.m.j.l.s.p.S/cagvfop/Test.java@2e66cfa3:631b0f6b, class path owner: null original sourcePath: /Users/atalati/vscode-extension/main-repo/javavscode/netbeans/java/java.lsp.server/build/test/unit/work/o.n.m.j.l.s.p.S/cagvfop new sourcePath: /Users/atalati/vscode-extension/main-repo/javavscode/netbeans/java/java.lsp.server/build/test/unit/work/o.n.m.j.l.s.p.S/cagvfop
May 27, 2024 4:40:15 PM org.netbeans.modules.java.source.parsing.JavacParser init
WARNING: ClassPath identity changed for /Users/atalati/vscode-extension/main-repo/javavscode/netbeans/java/java.lsp.server/build/test/unit/work/o.n.m.j.l.s.p.S/cagc-1/Test.java@e9376555:14713586, class path owner: null original sourcePath: /Users/atalati/vscode-extension/main-repo/javavscode/netbeans/java/java.lsp.server/build/test/unit/work/o.n.m.j.l.s.p.S/cagc-1 new sourcePath: /Users/atalati/vscode-extension/main-repo/javavscode/netbeans/java/java.lsp.server/build/test/unit/work/o.n.m.j.l.s.p.S/cagc-1
May 27, 2024 4:40:16 PM org.netbeans.modules.java.source.parsing.JavacParser init
WARNING: ClassPath identity changed for /Users/atalati/vscode-extension/main-repo/javavscode/netbeans/java/java.lsp.server/build/test/unit/work/o.n.m.j.l.s.p.S/caic/Test.java@5e788e8f:46a60045, class path owner: null original sourcePath: /Users/atalati/vscode-extension/main-repo/javavscode/netbeans/java/java.lsp.server/build/test/unit/work/o.n.m.j.l.s.p.S/caic new sourcePath: /Users/atalati/vscode-extension/main-repo/javavscode/netbeans/java/java.lsp.server/build/test/unit/work/o.n.m.j.l.s.p.S/caic
May 27, 2024 4:40:16 PM org.netbeans.modules.java.source.parsing.JavacParser init
WARNING: ClassPath identity changed for /Users/atalati/vscode-extension/main-repo/javavscode/netbeans/java/java.lsp.server/build/test/unit/work/o.n.m.j.l.s.p.S/fs/Test.java@eec90ce2:5e494315, class path owner: null original sourcePath: /Users/atalati/vscode-extension/main-repo/javavscode/netbeans/java/java.lsp.server/build/test/unit/work/o.n.m.j.l.s.p.S/fs new sourcePath: /Users/atalati/vscode-extension/main-repo/javavscode/netbeans/java/java.lsp.server/build/test/unit/work/o.n.m.j.l.s.p.S/fs
May 27, 2024 4:40:16 PM org.netbeans.modules.java.source.parsing.JavacParser init
WARNING: ClassPath identity changed for /Users/atalati/vscode-extension/main-repo/javavscode/netbeans/java/java.lsp.server/build/test/unit/work/o.n.m.j.l.s.p.S/sats/Test.java@1f26e9a2:3430d24, class path owner: null original sourcePath: /Users/atalati/vscode-extension/main-repo/javavscode/netbeans/java/java.lsp.server/build/test/unit/work/o.n.m.j.l.s.p.S/sats new sourcePath: /Users/atalati/vscode-extension/main-repo/javavscode/netbeans/java/java.lsp.server/build/test/unit/work/o.n.m.j.l.s.p.S/sats
May 27, 2024 4:40:16 PM org.netbeans.modules.java.source.parsing.JavacParser init
WARNING: ClassPath identity changed for /Users/atalati/vscode-extension/main-repo/javavscode/netbeans/java/java.lsp.server/build/test/unit/work/o.n.m.j.l.s.p.S/caiaamie/Test.java@5976eef5:76990e1e, class path owner: null original sourcePath: /Users/atalati/vscode-extension/main-repo/javavscode/netbeans/java/java.lsp.server/build/test/unit/work/o.n.m.j.l.s.p.S/caiaamie new sourcePath: /Users/atalati/vscode-extension/main-repo/javavscode/netbeans/java/java.lsp.server/build/test/unit/work/o.n.m.j.l.s.p.S/caiaamie
May 27, 2024 4:40:16 PM org.netbeans.modules.java.source.parsing.JavacParser init
WARNING: ClassPath identity changed for /Users/atalati/vscode-extension/main-repo/javavscode/netbeans/java/java.lsp.server/build/test/unit/work/o.n.m.j.l.s.p.S/caiv/Test.java@6b714ae0:50f20056, class path owner: null original sourcePath: /Users/atalati/vscode-extension/main-repo/javavscode/netbeans/java/java.lsp.server/build/test/unit/work/o.n.m.j.l.s.p.S/caiv new sourcePath: /Users/atalati/vscode-extension/main-repo/javavscode/netbeans/java/java.lsp.server/build/test/unit/work/o.n.m.j.l.s.p.S/caiv
May 27, 2024 4:40:16 PM org.netbeans.modules.java.source.parsing.JavacParser init
WARNING: ClassPath identity changed for /Users/atalati/vscode-extension/main-repo/javavscode/netbeans/java/java.lsp.server/build/test/unit/work/o.n.m.j.l.s.p.S/pd/b/Base.java@29379b1f:517cb654, class path owner: /Users/atalati/vscode-extension/main-repo/javavscode/netbeans/java/java.lsp.server/build/test/unit/work/o.n.m.j.l.s.p.S/pd (class org.netbeans.modules.java.lsp.server.protocol.ServerTest$TestProjectFactory$4) original sourcePath: /Users/atalati/vscode-extension/main-repo/javavscode/netbeans/java/java.lsp.server/build/test/unit/work/o.n.m.j.l.s.p.S/pd new sourcePath: /Users/atalati/vscode-extension/main-repo/javavscode/netbeans/java/java.lsp.server/build/test/unit/work/o.n.m.j.l.s.p.S/pd
May 27, 2024 4:40:16 PM org.netbeans.modules.java.source.parsing.JavacParser init
WARNING: ClassPath identity changed for /Users/atalati/vscode-extension/main-repo/javavscode/netbeans/java/java.lsp.server/build/test/unit/work/o.n.m.j.l.s.p.S/cags/Test.java@9d40e9e1:474ce2c3, class path owner: null original sourcePath: /Users/atalati/vscode-extension/main-repo/javavscode/netbeans/java/java.lsp.server/build/test/unit/work/o.n.m.j.l.s.p.S/cags new sourcePath: /Users/atalati/vscode-extension/main-repo/javavscode/netbeans/java/java.lsp.server/build/test/unit/work/o.n.m.j.l.s.p.S/cags
May 27, 2024 4:40:16 PM org.netbeans.modules.java.source.parsing.JavacParser init
WARNING: ClassPath identity changed for /Users/atalati/vscode-extension/main-repo/javavscode/netbeans/java/java.lsp.server/build/test/unit/work/o.n.m.j.l.s.p.S/ac/Test.java@7a0aa719:70ff6041, class path owner: /Users/atalati/vscode-extension/main-repo/javavscode/netbeans/java/java.lsp.server/build/test/unit/work/o.n.m.j.l.s.p.S/ac (class org.netbeans.modules.java.lsp.server.protocol.ServerTest$TestProjectFactory$4) original sourcePath: /Users/atalati/vscode-extension/main-repo/javavscode/netbeans/java/java.lsp.server/build/test/unit/work/o.n.m.j.l.s.p.S/ac new sourcePath: /Users/atalati/vscode-extension/main-repo/javavscode/netbeans/java/java.lsp.server/build/test/unit/work/o.n.m.j.l.s.p.S/ac
May 27, 2024 4:40:16 PM org.netbeans.modules.java.source.parsing.JavacParser init
WARNING: ClassPath identity changed for /Users/atalati/vscode-extension/main-repo/javavscode/netbeans/java/java.lsp.server/build/test/unit/work/o.n.m.j.l.s.p.S/gtsi/Test.java@63f576f8:171aea74, class path owner: null original sourcePath: /Users/atalati/vscode-extension/main-repo/javavscode/netbeans/java/java.lsp.server/build/test/unit/work/o.n.m.j.l.s.p.S/gtsi new sourcePath: /Users/atalati/vscode-extension/main-repo/javavscode/netbeans/java/java.lsp.server/build/test/unit/work/o.n.m.j.l.s.p.S/gtsi
May 27, 2024 4:40:16 PM org.netbeans.modules.parsing.impl.indexing.RepositoryUpdater$AbstractRootsWork scanSources
INFO: Indexing of: /Users/atalati/vscode-extension/main-repo/javavscode/netbeans/java/java.lsp.server/build/test/unit/work/o.n.m.j.l.s.p.S/opojdk/jdk/src/java.base/share/classes took: 394 ms (New or modified files: 3, Deleted files: 0) [Adding listeners took: 0 ms]
May 27, 2024 4:40:16 PM org.netbeans.modules.parsing.impl.indexing.RepositoryUpdater$AbstractRootsWork scanSources
INFO: Indexing of: /Users/atalati/vscode-extension/main-repo/javavscode/netbeans/java/java.lsp.server/build/test/unit/work/o.n.m.j.l.s.p.S/opojdk/jdk/src/closed/java.base/unix/classes took: 0 ms (New or modified files: 0, Deleted files: 0) [Adding listeners took: 0 ms]
May 27, 2024 4:40:16 PM org.netbeans.modules.parsing.impl.indexing.RepositoryUpdater$AbstractRootsWork scanSources
INFO: Indexing of: /Users/atalati/vscode-extension/main-repo/javavscode/netbeans/java/java.lsp.server/build/test/unit/work/o.n.m.j.l.s.p.S/opojdk/jdk/src/closed/java.base/share/classes took: 0 ms (New or modified files: 0, Deleted files: 0) [Adding listeners took: 0 ms]
May 27, 2024 4:40:16 PM org.netbeans.modules.parsing.impl.indexing.RepositoryUpdater$AbstractRootsWork scanSources
INFO: Indexing of: /Users/atalati/vscode-extension/main-repo/javavscode/netbeans/java/java.lsp.server/build/test/unit/work/o.n.m.j.l.s.p.S/opojdk/closed/src/java.base/share/classes took: 0 ms (New or modified files: 0, Deleted files: 0) [Adding listeners took: 0 ms]
May 27, 2024 4:40:16 PM org.netbeans.modules.parsing.impl.indexing.RepositoryUpdater$AbstractRootsWork scanSources
INFO: Indexing of: /Users/atalati/vscode-extension/main-repo/javavscode/netbeans/java/java.lsp.server/build/test/unit/work/o.n.m.j.l.s.p.S/opojdk/closed/src/java.base/unix/classes took: 0 ms (New or modified files: 0, Deleted files: 0) [Adding listeners took: 0 ms]
May 27, 2024 4:40:16 PM org.netbeans.modules.parsing.impl.indexing.RepositoryUpdater$AbstractRootsWork scanSources
INFO: Indexing of: /non-existing/support/gensrc/java.base took: 0 ms (New or modified files: 0, Deleted files: 0) [Adding listeners took: 0 ms]
May 27, 2024 4:40:16 PM org.netbeans.modules.parsing.impl.indexing.RepositoryUpdater$AbstractRootsWork scanSources
INFO: Indexing of: /Users/atalati/vscode-extension/main-repo/javavscode/netbeans/java/java.lsp.server/build/test/unit/work/o.n.m.j.l.s.p.S/opojdk/closed/src/java.base/macosx/classes took: 0 ms (New or modified files: 0, Deleted files: 0) [Adding listeners took: 0 ms]
May 27, 2024 4:40:16 PM org.netbeans.modules.parsing.impl.indexing.RepositoryUpdater$AbstractRootsWork scanSources
INFO: Indexing of: /non-existing/jdk/gensrc/java.base took: 0 ms (New or modified files: 0, Deleted files: 0) [Adding listeners took: 0 ms]
May 27, 2024 4:40:16 PM org.netbeans.modules.parsing.impl.indexing.RepositoryUpdater$AbstractRootsWork scanSources
INFO: Complete indexing of 12 source roots took: 395 ms (New or modified files: 3, Deleted files: 0) [Adding listeners took: 0 ms]
May 27, 2024 4:40:16 PM org.netbeans.modules.parsing.impl.indexing.RepositoryUpdater$Work reportIndexerStatistics
INFO: Indexing finished, indexing took 600 ms.
May 27, 2024 4:40:16 PM org.netbeans.modules.java.source.parsing.JavacParser init
WARNING: ClassPath identity changed for /Users/atalati/vscode-extension/main-repo/javavscode/netbeans/java/java.lsp.server/build/test/unit/work/o.n.m.j.l.s.p.S/mo/Test.java@d1364199:31bc1d7c, class path owner: null original sourcePath: /Users/atalati/vscode-extension/main-repo/javavscode/netbeans/java/java.lsp.server/build/test/unit/work/o.n.m.j.l.s.p.S/mo new sourcePath: /Users/atalati/vscode-extension/main-repo/javavscode/netbeans/java/java.lsp.server/build/test/unit/work/o.n.m.j.l.s.p.S/mo
May 27, 2024 4:40:16 PM org.netbeans.modules.java.source.parsing.JavacParser init
WARNING: ClassPath identity changed for /Users/atalati/vscode-extension/main-repo/javavscode/netbeans/java/java.lsp.server/build/test/unit/work/o.n.m.j.l.s.p.S/cawr/Test.java@83950a0e:1e256438, class path owner: null original sourcePath: /Users/atalati/vscode-extension/main-repo/javavscode/netbeans/java/java.lsp.server/build/test/unit/work/o.n.m.j.l.s.p.S/cawr new sourcePath: /Users/atalati/vscode-extension/main-repo/javavscode/netbeans/java/java.lsp.server/build/test/unit/work/o.n.m.j.l.s.p.S/cawr
May 27, 2024 4:40:16 PM org.netbeans.modules.java.source.parsing.JavacParser init
WARNING: ClassPath identity changed for /Users/atalati/vscode-extension/main-repo/javavscode/netbeans/java/java.lsp.server/build/test/unit/work/o.n.m.j.l.s.p.S/dopl/Test2.java@f129f6b0:5cef8a46, class path owner: null original sourcePath: /Users/atalati/vscode-extension/main-repo/javavscode/netbeans/java/java.lsp.server/build/test/unit/work/o.n.m.j.l.s.p.S/dopl new sourcePath: /Users/atalati/vscode-extension/main-repo/javavscode/netbeans/java/java.lsp.server/build/test/unit/work/o.n.m.j.l.s.p.S/dopl
May 27, 2024 4:40:16 PM org.netbeans.modules.java.source.parsing.JavacParser init
WARNING: ClassPath identity changed for /Users/atalati/vscode-extension/main-repo/javavscode/netbeans/java/java.lsp.server/build/test/unit/work/o.n.m.j.l.s.p.S/dopl/Test3.java@f2fd2e51:bd3dc98, class path owner: null original sourcePath: /Users/atalati/vscode-extension/main-repo/javavscode/netbeans/java/java.lsp.server/build/test/unit/work/o.n.m.j.l.s.p.S/dopl new sourcePath: /Users/atalati/vscode-extension/main-repo/javavscode/netbeans/java/java.lsp.server/build/test/unit/work/o.n.m.j.l.s.p.S/dopl
May 27, 2024 4:40:16 PM org.netbeans.modules.java.source.parsing.JavacParser init
WARNING: ClassPath identity changed for /Users/atalati/vscode-extension/main-repo/javavscode/netbeans/java/java.lsp.server/build/test/unit/work/o.n.m.j.l.s.p.S/dopl/Test.java@bd4a9bbc:d189352, class path owner: null original sourcePath: /Users/atalati/vscode-extension/main-repo/javavscode/netbeans/java/java.lsp.server/build/test/unit/work/o.n.m.j.l.s.p.S/dopl new sourcePath: /Users/atalati/vscode-extension/main-repo/javavscode/netbeans/java/java.lsp.server/build/test/unit/work/o.n.m.j.l.s.p.S/dopl
May 27, 2024 4:40:16 PM org.netbeans.modules.java.source.parsing.JavacParser init
WARNING: ClassPath identity changed for /Users/atalati/vscode-extension/main-repo/javavscode/netbeans/java/java.lsp.server/build/test/unit/work/o.n.m.j.l.s.p.S/gti/Test.java@7dc8ce5:5778d874, class path owner: /Users/atalati/vscode-extension/main-repo/javavscode/netbeans/java/java.lsp.server/build/test/unit/work/o.n.m.j.l.s.p.S/gti (class org.netbeans.modules.java.lsp.server.protocol.ServerTest$TestProjectFactory$4) original sourcePath: /Users/atalati/vscode-extension/main-repo/javavscode/netbeans/java/java.lsp.server/build/test/unit/work/o.n.m.j.l.s.p.S/gti new sourcePath: /Users/atalati/vscode-extension/main-repo/javavscode/netbeans/java/java.lsp.server/build/test/unit/work/o.n.m.j.l.s.p.S/gti
May 27, 2024 4:40:16 PM org.netbeans.modules.java.source.parsing.JavacParser init
WARNING: ClassPath identity changed for /Users/atalati/vscode-extension/main-repo/javavscode/netbeans/java/java.lsp.server/build/test/unit/work/o.n.m.j.l.s.p.S/saehc/Test.java@20b3203b:6a0e3571, class path owner: null original sourcePath: /Users/atalati/vscode-extension/main-repo/javavscode/netbeans/java/java.lsp.server/build/test/unit/work/o.n.m.j.l.s.p.S/saehc new sourcePath: /Users/atalati/vscode-extension/main-repo/javavscode/netbeans/java/java.lsp.server/build/test/unit/work/o.n.m.j.l.s.p.S/saehc
May 27, 2024 4:40:16 PM org.netbeans.modules.java.source.parsing.JavacParser init
WARNING: ClassPath identity changed for /Users/atalati/vscode-extension/main-repo/javavscode/netbeans/java/java.lsp.server/build/test/unit/work/o.n.m.j.l.s.p.S/ei/a/Test.java@ae2790cd:6a6a251e, class path owner: /Users/atalati/vscode-extension/main-repo/javavscode/netbeans/java/java.lsp.server/build/test/unit/work/o.n.m.j.l.s.p.S/ei (class org.netbeans.modules.java.lsp.server.protocol.ServerTest$TestProjectFactory$4) original sourcePath: /Users/atalati/vscode-extension/main-repo/javavscode/netbeans/java/java.lsp.server/build/test/unit/work/o.n.m.j.l.s.p.S/ei new sourcePath: /Users/atalati/vscode-extension/main-repo/javavscode/netbeans/java/java.lsp.server/build/test/unit/work/o.n.m.j.l.s.p.S/ei
May 27, 2024 4:40:16 PM org.netbeans.modules.java.source.parsing.JavacParser init
WARNING: ClassPath identity changed for /Users/atalati/vscode-extension/main-repo/javavscode/netbeans/java/java.lsp.server/build/test/unit/work/o.n.m.j.l.s.p.S/cagm/Test.java@1fe4de7b:15f8593d, class path owner: null original sourcePath: /Users/atalati/vscode-extension/main-repo/javavscode/netbeans/java/java.lsp.server/build/test/unit/work/o.n.m.j.l.s.p.S/cagm new sourcePath: /Users/atalati/vscode-extension/main-repo/javavscode/netbeans/java/java.lsp.server/build/test/unit/work/o.n.m.j.l.s.p.S/cagm
May 27, 2024 4:40:16 PM org.netbeans.modules.java.source.parsing.JavacParser init
WARNING: ClassPath identity changed for /Users/atalati/vscode-extension/main-repo/javavscode/netbeans/java/java.lsp.server/build/test/unit/work/o.n.m.j.l.s.p.S/caiaamic/Test.java@2f880073:3a94243d, class path owner: null original sourcePath: /Users/atalati/vscode-extension/main-repo/javavscode/netbeans/java/java.lsp.server/build/test/unit/work/o.n.m.j.l.s.p.S/caiaamic new sourcePath: /Users/atalati/vscode-extension/main-repo/javavscode/netbeans/java/java.lsp.server/build/test/unit/work/o.n.m.j.l.s.p.S/caiaamic
May 27, 2024 4:40:16 PM org.netbeans.modules.java.source.parsing.JavacParser init
WARNING: ClassPath identity changed for /Users/atalati/vscode-extension/main-repo/javavscode/netbeans/java/java.lsp.server/build/test/unit/work/o.n.m.j.l.s.p.S/caiaamiac/Test.java@5be81650:1700fcb8, class path owner: null original sourcePath: /Users/atalati/vscode-extension/main-repo/javavscode/netbeans/java/java.lsp.server/build/test/unit/work/o.n.m.j.l.s.p.S/caiaamiac new sourcePath: /Users/atalati/vscode-extension/main-repo/javavscode/netbeans/java/java.lsp.server/build/test/unit/work/o.n.m.j.l.s.p.S/caiaamiac
May 27, 2024 4:40:16 PM org.netbeans.modules.java.source.parsing.JavacParser init
WARNING: ClassPath identity changed for /Users/atalati/vscode-extension/main-repo/javavscode/netbeans/java/java.lsp.server/build/test/unit/work/o.n.m.j.l.s.p.S/snuf/Test.java@b3e2f7c3:12294bf0, class path owner: null original sourcePath: /Users/atalati/vscode-extension/main-repo/javavscode/netbeans/java/java.lsp.server/build/test/unit/work/o.n.m.j.l.s.p.S/snuf new sourcePath: /Users/atalati/vscode-extension/main-repo/javavscode/netbeans/java/java.lsp.server/build/test/unit/work/o.n.m.j.l.s.p.S/snuf
May 27, 2024 4:40:16 PM org.netbeans.modules.java.source.parsing.JavacParser init
WARNING: ClassPath identity changed for /Users/atalati/vscode-extension/main-repo/javavscode/netbeans/java/java.lsp.server/build/test/unit/work/o.n.m.j.l.s.p.S/es/a/Test.java@ff4153f7:1210aea, class path owner: /Users/atalati/vscode-extension/main-repo/javavscode/netbeans/java/java.lsp.server/build/test/unit/work/o.n.m.j.l.s.p.S/es (class org.netbeans.modules.java.lsp.server.protocol.ServerTest$TestProjectFactory$4) original sourcePath: /Users/atalati/vscode-extension/main-repo/javavscode/netbeans/java/java.lsp.server/build/test/unit/work/o.n.m.j.l.s.p.S/es new sourcePath: /Users/atalati/vscode-extension/main-repo/javavscode/netbeans/java/java.lsp.server/build/test/unit/work/o.n.m.j.l.s.p.S/es
May 27, 2024 4:40:16 PM org.netbeans.modules.java.source.parsing.JavacParser init
WARNING: ClassPath identity changed for /Users/atalati/vscode-extension/main-repo/javavscode/netbeans/java/java.lsp.server/build/test/unit/work/o.n.m.j.l.s.p.S/m/Test.java@96357854:2cb18a69, class path owner: null original sourcePath: /Users/atalati/vscode-extension/main-repo/javavscode/netbeans/java/java.lsp.server/build/test/unit/work/o.n.m.j.l.s.p.S/m new sourcePath: /Users/atalati/vscode-extension/main-repo/javavscode/netbeans/java/java.lsp.server/build/test/unit/work/o.n.m.j.l.s.p.S/m
May 27, 2024 4:40:16 PM org.netbeans.modules.java.source.parsing.JavacParser init
WARNING: ClassPath identity changed for /Users/atalati/vscode-extension/main-repo/javavscode/netbeans/java/java.lsp.server/build/test/unit/work/o.n.m.j.l.s.p.S/pu/a/Test.java@90f3e8ac:1707d449, class path owner: /Users/atalati/vscode-extension/main-repo/javavscode/netbeans/java/java.lsp.server/build/test/unit/work/o.n.m.j.l.s.p.S/pu (class org.netbeans.modules.java.lsp.server.protocol.ServerTest$TestProjectFactory$4) original sourcePath: /Users/atalati/vscode-extension/main-repo/javavscode/netbeans/java/java.lsp.server/build/test/unit/work/o.n.m.j.l.s.p.S/pu new sourcePath: /Users/atalati/vscode-extension/main-repo/javavscode/netbeans/java/java.lsp.server/build/test/unit/work/o.n.m.j.l.s.p.S/pu
May 27, 2024 4:40:16 PM org.netbeans.modules.java.source.parsing.JavacParser init
WARNING: ClassPath identity changed for /Users/atalati/vscode-extension/main-repo/javavscode/netbeans/java/java.lsp.server/build/test/unit/work/o.n.m.j.l.s.p.S/fi/Test.java@1dfe0878:5f46da15, class path owner: /Users/atalati/vscode-extension/main-repo/javavscode/netbeans/java/java.lsp.server/build/test/unit/work/o.n.m.j.l.s.p.S/fi (class org.netbeans.modules.java.lsp.server.protocol.ServerTest$TestProjectFactory$4) original sourcePath: /Users/atalati/vscode-extension/main-repo/javavscode/netbeans/java/java.lsp.server/build/test/unit/work/o.n.m.j.l.s.p.S/fi new sourcePath: /Users/atalati/vscode-extension/main-repo/javavscode/netbeans/java/java.lsp.server/build/test/unit/work/o.n.m.j.l.s.p.S/fi
May 27, 2024 4:40:16 PM org.netbeans.modules.java.source.parsing.JavacParser init
WARNING: ClassPath identity changed for /Users/atalati/vscode-extension/main-repo/javavscode/netbeans/java/java.lsp.server/build/test/unit/work/o.n.m.j.l.s.p.S/cagc/Test.java@4f15c5f1:3cfef554, class path owner: null original sourcePath: /Users/atalati/vscode-extension/main-repo/javavscode/netbeans/java/java.lsp.server/build/test/unit/work/o.n.m.j.l.s.p.S/cagc new sourcePath: /Users/atalati/vscode-extension/main-repo/javavscode/netbeans/java/java.lsp.server/build/test/unit/work/o.n.m.j.l.s.p.S/cagc
May 27, 2024 4:40:16 PM org.netbeans.modules.java.source.parsing.JavacParser init
WARNING: ClassPath identity changed for /Users/atalati/vscode-extension/main-repo/javavscode/netbeans/java/java.lsp.server/build/test/unit/work/o.n.m.j.l.s.p.S/saom/Test.java@7b4d0543:4f31e1d6, class path owner: null original sourcePath: /Users/atalati/vscode-extension/main-repo/javavscode/netbeans/java/java.lsp.server/build/test/unit/work/o.n.m.j.l.s.p.S/saom new sourcePath: /Users/atalati/vscode-extension/main-repo/javavscode/netbeans/java/java.lsp.server/build/test/unit/work/o.n.m.j.l.s.p.S/saom
May 27, 2024 4:40:16 PM org.netbeans.modules.java.source.parsing.JavacParser init
WARNING: ClassPath identity changed for /Users/atalati/vscode-extension/main-repo/javavscode/netbeans/java/java.lsp.server/build/test/unit/work/o.n.m.j.l.s.p.S/h/Test.java@ada2e591:6fb7cd5a, class path owner: null original sourcePath: /Users/atalati/vscode-extension/main-repo/javavscode/netbeans/java/java.lsp.server/build/test/unit/work/o.n.m.j.l.s.p.S/h new sourcePath: /Users/atalati/vscode-extension/main-repo/javavscode/netbeans/java/java.lsp.server/build/test/unit/work/o.n.m.j.l.s.p.S/h
May 27, 2024 4:40:17 PM org.netbeans.modules.java.source.parsing.JavacParser init
WARNING: ClassPath identity changed for /Users/atalati/vscode-extension/main-repo/javavscode/netbeans/java/java.lsp.server/build/test/unit/work/o.n.m.j.l.s.p.S/fmd/Test.java@faea9a04:c9cd04f, class path owner: null original sourcePath: /Users/atalati/vscode-extension/main-repo/javavscode/netbeans/java/java.lsp.server/build/test/unit/work/o.n.m.j.l.s.p.S/fmd new sourcePath: /Users/atalati/vscode-extension/main-repo/javavscode/netbeans/java/java.lsp.server/build/test/unit/work/o.n.m.j.l.s.p.S/fmd
May 27, 2024 4:40:17 PM org.netbeans.modules.java.source.parsing.JavacParser init
WARNING: ClassPath identity changed for /Users/atalati/vscode-extension/main-repo/javavscode/netbeans/java/java.lsp.server/build/test/unit/work/o.n.m.j.l.s.p.S/fu/Test.java@18b7eb64:458c2054, class path owner: /Users/atalati/vscode-extension/main-repo/javavscode/netbeans/java/java.lsp.server/build/test/unit/work/o.n.m.j.l.s.p.S/fu (class org.netbeans.modules.java.lsp.server.protocol.ServerTest$TestProjectFactory$4) original sourcePath: /Users/atalati/vscode-extension/main-repo/javavscode/netbeans/java/java.lsp.server/build/test/unit/work/o.n.m.j.l.s.p.S/fu new sourcePath: /Users/atalati/vscode-extension/main-repo/javavscode/netbeans/java/java.lsp.server/build/test/unit/work/o.n.m.j.l.s.p.S/fu
May 27, 2024 4:40:17 PM org.netbeans.modules.java.source.parsing.JavacParser init
WARNING: ClassPath identity changed for /Users/atalati/vscode-extension/main-repo/javavscode/netbeans/java/java.lsp.server/build/test/unit/work/o.n.m.j.l.s.p.S/neahf/Other.java@4de540cf:fbaac18, class path owner: null original sourcePath: /Users/atalati/vscode-extension/main-repo/javavscode/netbeans/java/java.lsp.server/build/test/unit/work/o.n.m.j.l.s.p.S/neahf new sourcePath: /Users/atalati/vscode-extension/main-repo/javavscode/netbeans/java/java.lsp.server/build/test/unit/work/o.n.m.j.l.s.p.S/neahf
May 27, 2024 4:40:17 PM org.netbeans.modules.java.source.parsing.JavacParser init
WARNING: ClassPath identity changed for /Users/atalati/vscode-extension/main-repo/javavscode/netbeans/java/java.lsp.server/build/test/unit/work/o.n.m.j.l.s.p.S/neahf/Test.java@eb60d2b1:5ae66d0b, class path owner: null original sourcePath: /Users/atalati/vscode-extension/main-repo/javavscode/netbeans/java/java.lsp.server/build/test/unit/work/o.n.m.j.l.s.p.S/neahf new sourcePath: /Users/atalati/vscode-extension/main-repo/javavscode/netbeans/java/java.lsp.server/build/test/unit/work/o.n.m.j.l.s.p.S/neahf
May 27, 2024 4:40:17 PM org.netbeans.modules.java.source.parsing.JavacParser init
WARNING: ClassPath identity changed for /Users/atalati/vscode-extension/main-repo/javavscode/netbeans/java/java.lsp.server/build/test/unit/work/o.n.m.j.l.s.p.S/sags/Test.java@bb3c03f1:38e6b70b, class path owner: null original sourcePath: /Users/atalati/vscode-extension/main-repo/javavscode/netbeans/java/java.lsp.server/build/test/unit/work/o.n.m.j.l.s.p.S/sags new sourcePath: /Users/atalati/vscode-extension/main-repo/javavscode/netbeans/java/java.lsp.server/build/test/unit/work/o.n.m.j.l.s.p.S/sags
May 27, 2024 4:40:17 PM org.netbeans.modules.java.source.parsing.JavacParser init
WARNING: ClassPath identity changed for /Users/atalati/vscode-extension/main-repo/javavscode/netbeans/java/java.lsp.server/build/test/unit/work/o.n.m.j.l.s.p.S/sal/Test.java@6263ac27:69d77bd9, class path owner: null original sourcePath: /Users/atalati/vscode-extension/main-repo/javavscode/netbeans/java/java.lsp.server/build/test/unit/work/o.n.m.j.l.s.p.S/sal new sourcePath: /Users/atalati/vscode-extension/main-repo/javavscode/netbeans/java/java.lsp.server/build/test/unit/work/o.n.m.j.l.s.p.S/sal
May 27, 2024 4:40:17 PM org.netbeans.modules.java.source.parsing.JavacParser init
WARNING: ClassPath identity changed for /Users/atalati/vscode-extension/main-repo/javavscode/netbeans/java/java.lsp.server/build/test/unit/work/o.n.m.j.l.s.p.S/rdccro/Test.java@c90373e4:73492c39, class path owner: /Users/atalati/vscode-extension/main-repo/javavscode/netbeans/java/java.lsp.server/build/test/unit/work/o.n.m.j.l.s.p.S/rdccro (class org.netbeans.modules.java.lsp.server.protocol.ServerTest$TestProjectFactory$4) original sourcePath: /Users/atalati/vscode-extension/main-repo/javavscode/netbeans/java/java.lsp.server/build/test/unit/work/o.n.m.j.l.s.p.S/rdccro new sourcePath: /Users/atalati/vscode-extension/main-repo/javavscode/netbeans/java/java.lsp.server/build/test/unit/work/o.n.m.j.l.s.p.S/rdccro
May 27, 2024 4:40:17 PM org.netbeans.modules.java.source.parsing.JavacParser init
WARNING: ClassPath identity changed for /Users/atalati/vscode-extension/main-repo/javavscode/netbeans/java/java.lsp.server/build/test/unit/work/o.n.m.j.l.s.p.S/rdccro/Test2.java@5cbe0648:1731dbb4, class path owner: /Users/atalati/vscode-extension/main-repo/javavscode/netbeans/java/java.lsp.server/build/test/unit/work/o.n.m.j.l.s.p.S/rdccro (class org.netbeans.modules.java.lsp.server.protocol.ServerTest$TestProjectFactory$4) original sourcePath: /Users/atalati/vscode-extension/main-repo/javavscode/netbeans/java/java.lsp.server/build/test/unit/work/o.n.m.j.l.s.p.S/rdccro new sourcePath: /Users/atalati/vscode-extension/main-repo/javavscode/netbeans/java/java.lsp.server/build/test/unit/work/o.n.m.j.l.s.p.S/rdccro
May 27, 2024 4:40:17 PM org.netbeans.modules.java.source.parsing.JavacParser init
WARNING: ClassPath identity changed for /Users/atalati/vscode-extension/main-repo/javavscode/netbeans/java/java.lsp.server/build/test/unit/work/o.n.m.j.l.s.p.S/sadm/Test.java@26af602c:662d9086, class path owner: null original sourcePath: /Users/atalati/vscode-extension/main-repo/javavscode/netbeans/java/java.lsp.server/build/test/unit/work/o.n.m.j.l.s.p.S/sadm new sourcePath: /Users/atalati/vscode-extension/main-repo/javavscode/netbeans/java/java.lsp.server/build/test/unit/work/o.n.m.j.l.s.p.S/sadm
May 27, 2024 4:40:17 PM org.netbeans.modules.java.source.parsing.JavacParser init
WARNING: ClassPath identity changed for /Users/atalati/vscode-extension/main-repo/javavscode/netbeans/java/java.lsp.server/build/test/unit/work/o.n.m.j.l.s.p.S/sh-2/Test.java@b461fcf1:3e6ca0a9, class path owner: null original sourcePath: /Users/atalati/vscode-extension/main-repo/javavscode/netbeans/java/java.lsp.server/build/test/unit/work/o.n.m.j.l.s.p.S/sh-2 new sourcePath: /Users/atalati/vscode-extension/main-repo/javavscode/netbeans/java/java.lsp.server/build/test/unit/work/o.n.m.j.l.s.p.S/sh-2
May 27, 2024 4:40:17 PM org.netbeans.modules.java.source.parsing.JavacParser init
WARNING: ClassPath identity changed for /Users/atalati/vscode-extension/main-repo/javavscode/netbeans/java/java.lsp.server/build/test/unit/work/o.n.m.j.l.s.p.S/rdccnro/Test2.java@bb4ac7cc:1bd6d593, class path owner: /Users/atalati/vscode-extension/main-repo/javavscode/netbeans/java/java.lsp.server/build/test/unit/work/o.n.m.j.l.s.p.S/rdccnro (class org.netbeans.modules.java.lsp.server.protocol.ServerTest$TestProjectFactory$4) original sourcePath: /Users/atalati/vscode-extension/main-repo/javavscode/netbeans/java/java.lsp.server/build/test/unit/work/o.n.m.j.l.s.p.S/rdccnro new sourcePath: /Users/atalati/vscode-extension/main-repo/javavscode/netbeans/java/java.lsp.server/build/test/unit/work/o.n.m.j.l.s.p.S/rdccnro
May 27, 2024 4:40:17 PM org.netbeans.modules.java.source.parsing.JavacParser init
WARNING: ClassPath identity changed for /Users/atalati/vscode-extension/main-repo/javavscode/netbeans/java/java.lsp.server/build/test/unit/work/o.n.m.j.l.s.p.S/rdccnro/Test.java@589052e0:4fbbe74b, class path owner: /Users/atalati/vscode-extension/main-repo/javavscode/netbeans/java/java.lsp.server/build/test/unit/work/o.n.m.j.l.s.p.S/rdccnro (class org.netbeans.modules.java.lsp.server.protocol.ServerTest$TestProjectFactory$4) original sourcePath: /Users/atalati/vscode-extension/main-repo/javavscode/netbeans/java/java.lsp.server/build/test/unit/work/o.n.m.j.l.s.p.S/rdccnro new sourcePath: /Users/atalati/vscode-extension/main-repo/javavscode/netbeans/java/java.lsp.server/build/test/unit/work/o.n.m.j.l.s.p.S/rdccnro
May 27, 2024 4:40:17 PM org.netbeans.modules.java.source.parsing.JavacParser init
WARNING: ClassPath identity changed for /Users/atalati/vscode-extension/main-repo/javavscode/netbeans/java/java.lsp.server/build/test/unit/work/o.n.m.j.l.s.p.S/saoi/Test.java@27dfd05f:3554d487, class path owner: null original sourcePath: /Users/atalati/vscode-extension/main-repo/javavscode/netbeans/java/java.lsp.server/build/test/unit/work/o.n.m.j.l.s.p.S/saoi new sourcePath: /Users/atalati/vscode-extension/main-repo/javavscode/netbeans/java/java.lsp.server/build/test/unit/work/o.n.m.j.l.s.p.S/saoi
May 27, 2024 4:40:17 PM org.netbeans.modules.java.source.parsing.JavacParser init
WARNING: ClassPath identity changed for /Users/atalati/vscode-extension/main-repo/javavscode/netbeans/java/java.lsp.server/build/test/unit/work/o.n.m.j.l.s.p.S/gtd/Test.java@1f440e3e:72715101, class path owner: /Users/atalati/vscode-extension/main-repo/javavscode/netbeans/java/java.lsp.server/build/test/unit/work/o.n.m.j.l.s.p.S/gtd (class org.netbeans.modules.java.lsp.server.protocol.ServerTest$TestProjectFactory$4) original sourcePath: /Users/atalati/vscode-extension/main-repo/javavscode/netbeans/java/java.lsp.server/build/test/unit/work/o.n.m.j.l.s.p.S/gtd new sourcePath: /Users/atalati/vscode-extension/main-repo/javavscode/netbeans/java/java.lsp.server/build/test/unit/work/o.n.m.j.l.s.p.S/gtd
May 27, 2024 4:40:17 PM org.netbeans.modules.java.source.parsing.JavacParser init
WARNING: ClassPath identity changed for /Users/atalati/vscode-extension/main-repo/javavscode/netbeans/java/java.lsp.server/build/test/unit/work/o.n.m.j.l.s.p.S/cagvfop/Test.java@2e66cfa3:631b0f6b, class path owner: null original sourcePath: /Users/atalati/vscode-extension/main-repo/javavscode/netbeans/java/java.lsp.server/build/test/unit/work/o.n.m.j.l.s.p.S/cagvfop new sourcePath: /Users/atalati/vscode-extension/main-repo/javavscode/netbeans/java/java.lsp.server/build/test/unit/work/o.n.m.j.l.s.p.S/cagvfop
May 27, 2024 4:40:17 PM org.netbeans.modules.java.source.parsing.JavacParser init
WARNING: ClassPath identity changed for /Users/atalati/vscode-extension/main-repo/javavscode/netbeans/java/java.lsp.server/build/test/unit/work/o.n.m.j.l.s.p.S/cagc-1/Test.java@e9376555:14713586, class path owner: null original sourcePath: /Users/atalati/vscode-extension/main-repo/javavscode/netbeans/java/java.lsp.server/build/test/unit/work/o.n.m.j.l.s.p.S/cagc-1 new sourcePath: /Users/atalati/vscode-extension/main-repo/javavscode/netbeans/java/java.lsp.server/build/test/unit/work/o.n.m.j.l.s.p.S/cagc-1
May 27, 2024 4:40:17 PM org.netbeans.modules.java.source.parsing.JavacParser init
WARNING: ClassPath identity changed for /Users/atalati/vscode-extension/main-repo/javavscode/netbeans/java/java.lsp.server/build/test/unit/work/o.n.m.j.l.s.p.S/caic/Test.java@5e788e8f:46a60045, class path owner: null original sourcePath: /Users/atalati/vscode-extension/main-repo/javavscode/netbeans/java/java.lsp.server/build/test/unit/work/o.n.m.j.l.s.p.S/caic new sourcePath: /Users/atalati/vscode-extension/main-repo/javavscode/netbeans/java/java.lsp.server/build/test/unit/work/o.n.m.j.l.s.p.S/caic
May 27, 2024 4:40:17 PM org.netbeans.modules.java.source.parsing.JavacParser init
WARNING: ClassPath identity changed for /Users/atalati/vscode-extension/main-repo/javavscode/netbeans/java/java.lsp.server/build/test/unit/work/o.n.m.j.l.s.p.S/fs/Test.java@eec90ce2:5e494315, class path owner: null original sourcePath: /Users/atalati/vscode-extension/main-repo/javavscode/netbeans/java/java.lsp.server/build/test/unit/work/o.n.m.j.l.s.p.S/fs new sourcePath: /Users/atalati/vscode-extension/main-repo/javavscode/netbeans/java/java.lsp.server/build/test/unit/work/o.n.m.j.l.s.p.S/fs
May 27, 2024 4:40:17 PM org.netbeans.modules.java.source.parsing.JavacParser init
WARNING: ClassPath identity changed for /Users/atalati/vscode-extension/main-repo/javavscode/netbeans/java/java.lsp.server/build/test/unit/work/o.n.m.j.l.s.p.S/sats/Test.java@1f26e9a2:3430d24, class path owner: null original sourcePath: /Users/atalati/vscode-extension/main-repo/javavscode/netbeans/java/java.lsp.server/build/test/unit/work/o.n.m.j.l.s.p.S/sats new sourcePath: /Users/atalati/vscode-extension/main-repo/javavscode/netbeans/java/java.lsp.server/build/test/unit/work/o.n.m.j.l.s.p.S/sats
May 27, 2024 4:40:17 PM org.netbeans.modules.java.source.parsing.JavacParser init
WARNING: ClassPath identity changed for /Users/atalati/vscode-extension/main-repo/javavscode/netbeans/java/java.lsp.server/build/test/unit/work/o.n.m.j.l.s.p.S/caiaamie/Test.java@5976eef5:76990e1e, class path owner: null original sourcePath: /Users/atalati/vscode-extension/main-repo/javavscode/netbeans/java/java.lsp.server/build/test/unit/work/o.n.m.j.l.s.p.S/caiaamie new sourcePath: /Users/atalati/vscode-extension/main-repo/javavscode/netbeans/java/java.lsp.server/build/test/unit/work/o.n.m.j.l.s.p.S/caiaamie
May 27, 2024 4:40:17 PM org.netbeans.modules.java.source.parsing.JavacParser init
WARNING: ClassPath identity changed for /Users/atalati/vscode-extension/main-repo/javavscode/netbeans/java/java.lsp.server/build/test/unit/work/o.n.m.j.l.s.p.S/caiv/Test.java@6b714ae0:50f20056, class path owner: null original sourcePath: /Users/atalati/vscode-extension/main-repo/javavscode/netbeans/java/java.lsp.server/build/test/unit/work/o.n.m.j.l.s.p.S/caiv new sourcePath: /Users/atalati/vscode-extension/main-repo/javavscode/netbeans/java/java.lsp.server/build/test/unit/work/o.n.m.j.l.s.p.S/caiv
May 27, 2024 4:40:17 PM org.netbeans.modules.java.source.parsing.JavacParser init
WARNING: ClassPath identity changed for /Users/atalati/vscode-extension/main-repo/javavscode/netbeans/java/java.lsp.server/build/test/unit/work/o.n.m.j.l.s.p.S/pd/b/Base.java@29379b1f:517cb654, class path owner: /Users/atalati/vscode-extension/main-repo/javavscode/netbeans/java/java.lsp.server/build/test/unit/work/o.n.m.j.l.s.p.S/pd (class org.netbeans.modules.java.lsp.server.protocol.ServerTest$TestProjectFactory$4) original sourcePath: /Users/atalati/vscode-extension/main-repo/javavscode/netbeans/java/java.lsp.server/build/test/unit/work/o.n.m.j.l.s.p.S/pd new sourcePath: /Users/atalati/vscode-extension/main-repo/javavscode/netbeans/java/java.lsp.server/build/test/unit/work/o.n.m.j.l.s.p.S/pd
May 27, 2024 4:40:17 PM org.netbeans.modules.java.source.parsing.JavacParser init
WARNING: ClassPath identity changed for /Users/atalati/vscode-extension/main-repo/javavscode/netbeans/java/java.lsp.server/build/test/unit/work/o.n.m.j.l.s.p.S/cags/Test.java@9d40e9e1:474ce2c3, class path owner: null original sourcePath: /Users/atalati/vscode-extension/main-repo/javavscode/netbeans/java/java.lsp.server/build/test/unit/work/o.n.m.j.l.s.p.S/cags new sourcePath: /Users/atalati/vscode-extension/main-repo/javavscode/netbeans/java/java.lsp.server/build/test/unit/work/o.n.m.j.l.s.p.S/cags
May 27, 2024 4:40:17 PM org.netbeans.modules.java.source.parsing.JavacParser init
WARNING: ClassPath identity changed for /Users/atalati/vscode-extension/main-repo/javavscode/netbeans/java/java.lsp.server/build/test/unit/work/o.n.m.j.l.s.p.S/ac/Test.java@7a0aa719:70ff6041, class path owner: /Users/atalati/vscode-extension/main-repo/javavscode/netbeans/java/java.lsp.server/build/test/unit/work/o.n.m.j.l.s.p.S/ac (class org.netbeans.modules.java.lsp.server.protocol.ServerTest$TestProjectFactory$4) original sourcePath: /Users/atalati/vscode-extension/main-repo/javavscode/netbeans/java/java.lsp.server/build/test/unit/work/o.n.m.j.l.s.p.S/ac new sourcePath: /Users/atalati/vscode-extension/main-repo/javavscode/netbeans/java/java.lsp.server/build/test/unit/work/o.n.m.j.l.s.p.S/ac
May 27, 2024 4:40:17 PM org.netbeans.modules.java.source.parsing.JavacParser init
WARNING: ClassPath identity changed for /Users/atalati/vscode-extension/main-repo/javavscode/netbeans/java/java.lsp.server/build/test/unit/work/o.n.m.j.l.s.p.S/gtsi/Test.java@63f576f8:171aea74, class path owner: null original sourcePath: /Users/atalati/vscode-extension/main-repo/javavscode/netbeans/java/java.lsp.server/build/test/unit/work/o.n.m.j.l.s.p.S/gtsi new sourcePath: /Users/atalati/vscode-extension/main-repo/javavscode/netbeans/java/java.lsp.server/build/test/unit/work/o.n.m.j.l.s.p.S/gtsi
May 27, 2024 4:40:17 PM org.netbeans.modules.project.ui.OpenProjectList log
INFO: USG_PROJECT_CLOSE
Creating a client for testcase: testMoveClass
May 27, 2024 4:40:17 PM org.netbeans.modules.project.ui.OpenProjectList log
INFO: USG_PROJECT_OPEN
May 27, 2024 4:40:17 PM org.netbeans.modules.java.lsp.server.protocol.Server$LanguageServerImpl lambda$asyncOpenSelectedProjects1$9
INFO: 1 projects opened in 1ms
May 27, 2024 4:40:17 PM org.netbeans.modules.java.source.parsing.JavacParser init
WARNING: ClassPath identity changed for /Users/atalati/vscode-extension/main-repo/javavscode/netbeans/java/java.lsp.server/build/test/unit/work/o.n.m.j.l.s.p.S/cagc/Test.java@4f15c5f1:3cfef554, class path owner: null original sourcePath: /Users/atalati/vscode-extension/main-repo/javavscode/netbeans/java/java.lsp.server/build/test/unit/work/o.n.m.j.l.s.p.S/cagc new sourcePath: /Users/atalati/vscode-extension/main-repo/javavscode/netbeans/java/java.lsp.server/build/test/unit/work/o.n.m.j.l.s.p.S/cagc
May 27, 2024 4:40:17 PM org.netbeans.modules.java.source.parsing.JavacParser init
WARNING: ClassPath identity changed for /Users/atalati/vscode-extension/main-repo/javavscode/netbeans/java/java.lsp.server/build/test/unit/work/o.n.m.j.l.s.p.S/saom/Test.java@7b4d0543:4f31e1d6, class path owner: null original sourcePath: /Users/atalati/vscode-extension/main-repo/javavscode/netbeans/java/java.lsp.server/build/test/unit/work/o.n.m.j.l.s.p.S/saom new sourcePath: /Users/atalati/vscode-extension/main-repo/javavscode/netbeans/java/java.lsp.server/build/test/unit/work/o.n.m.j.l.s.p.S/saom
May 27, 2024 4:40:17 PM org.netbeans.modules.java.source.parsing.JavacParser init
WARNING: ClassPath identity changed for /Users/atalati/vscode-extension/main-repo/javavscode/netbeans/java/java.lsp.server/build/test/unit/work/o.n.m.j.l.s.p.S/h/Test.java@ada2e591:6fb7cd5a, class path owner: null original sourcePath: /Users/atalati/vscode-extension/main-repo/javavscode/netbeans/java/java.lsp.server/build/test/unit/work/o.n.m.j.l.s.p.S/h new sourcePath: /Users/atalati/vscode-extension/main-repo/javavscode/netbeans/java/java.lsp.server/build/test/unit/work/o.n.m.j.l.s.p.S/h
May 27, 2024 4:40:17 PM org.netbeans.modules.java.source.parsing.JavacParser init
WARNING: ClassPath identity changed for /Users/atalati/vscode-extension/main-repo/javavscode/netbeans/java/java.lsp.server/build/test/unit/work/o.n.m.j.l.s.p.S/fmd/Test.java@faea9a04:c9cd04f, class path owner: null original sourcePath: /Users/atalati/vscode-extension/main-repo/javavscode/netbeans/java/java.lsp.server/build/test/unit/work/o.n.m.j.l.s.p.S/fmd new sourcePath: /Users/atalati/vscode-extension/main-repo/javavscode/netbeans/java/java.lsp.server/build/test/unit/work/o.n.m.j.l.s.p.S/fmd
May 27, 2024 4:40:17 PM org.netbeans.modules.java.source.parsing.JavacParser init
WARNING: ClassPath identity changed for /Users/atalati/vscode-extension/main-repo/javavscode/netbeans/java/java.lsp.server/build/test/unit/work/o.n.m.j.l.s.p.S/fu/Test.java@18b7eb64:458c2054, class path owner: /Users/atalati/vscode-extension/main-repo/javavscode/netbeans/java/java.lsp.server/build/test/unit/work/o.n.m.j.l.s.p.S/fu (class org.netbeans.modules.java.lsp.server.protocol.ServerTest$TestProjectFactory$4) original sourcePath: /Users/atalati/vscode-extension/main-repo/javavscode/netbeans/java/java.lsp.server/build/test/unit/work/o.n.m.j.l.s.p.S/fu new sourcePath: /Users/atalati/vscode-extension/main-repo/javavscode/netbeans/java/java.lsp.server/build/test/unit/work/o.n.m.j.l.s.p.S/fu
May 27, 2024 4:40:17 PM org.netbeans.modules.java.source.parsing.JavacParser init
WARNING: ClassPath identity changed for /Users/atalati/vscode-extension/main-repo/javavscode/netbeans/java/java.lsp.server/build/test/unit/work/o.n.m.j.l.s.p.S/neahf/Other.java@4de540cf:fbaac18, class path owner: null original sourcePath: /Users/atalati/vscode-extension/main-repo/javavscode/netbeans/java/java.lsp.server/build/test/unit/work/o.n.m.j.l.s.p.S/neahf new sourcePath: /Users/atalati/vscode-extension/main-repo/javavscode/netbeans/java/java.lsp.server/build/test/unit/work/o.n.m.j.l.s.p.S/neahf
May 27, 2024 4:40:17 PM org.netbeans.modules.java.source.parsing.JavacParser init
WARNING: ClassPath identity changed for /Users/atalati/vscode-extension/main-repo/javavscode/netbeans/java/java.lsp.server/build/test/unit/work/o.n.m.j.l.s.p.S/neahf/Test.java@eb60d2b1:5ae66d0b, class path owner: null original sourcePath: /Users/atalati/vscode-extension/main-repo/javavscode/netbeans/java/java.lsp.server/build/test/unit/work/o.n.m.j.l.s.p.S/neahf new sourcePath: /Users/atalati/vscode-extension/main-repo/javavscode/netbeans/java/java.lsp.server/build/test/unit/work/o.n.m.j.l.s.p.S/neahf
May 27, 2024 4:40:17 PM org.netbeans.modules.java.source.parsing.JavacParser init
WARNING: ClassPath identity changed for /Users/atalati/vscode-extension/main-repo/javavscode/netbeans/java/java.lsp.server/build/test/unit/work/o.n.m.j.l.s.p.S/sags/Test.java@bb3c03f1:38e6b70b, class path owner: null original sourcePath: /Users/atalati/vscode-extension/main-repo/javavscode/netbeans/java/java.lsp.server/build/test/unit/work/o.n.m.j.l.s.p.S/sags new sourcePath: /Users/atalati/vscode-extension/main-repo/javavscode/netbeans/java/java.lsp.server/build/test/unit/work/o.n.m.j.l.s.p.S/sags
May 27, 2024 4:40:17 PM org.netbeans.modules.java.source.parsing.JavacParser init
WARNING: ClassPath identity changed for /Users/atalati/vscode-extension/main-repo/javavscode/netbeans/java/java.lsp.server/build/test/unit/work/o.n.m.j.l.s.p.S/sal/Test.java@6263ac27:69d77bd9, class path owner: null original sourcePath: /Users/atalati/vscode-extension/main-repo/javavscode/netbeans/java/java.lsp.server/build/test/unit/work/o.n.m.j.l.s.p.S/sal new sourcePath: /Users/atalati/vscode-extension/main-repo/javavscode/netbeans/java/java.lsp.server/build/test/unit/work/o.n.m.j.l.s.p.S/sal
May 27, 2024 4:40:17 PM org.netbeans.modules.java.source.parsing.JavacParser init
WARNING: ClassPath identity changed for /Users/atalati/vscode-extension/main-repo/javavscode/netbeans/java/java.lsp.server/build/test/unit/work/o.n.m.j.l.s.p.S/rdccro/Test.java@c90373e4:73492c39, class path owner: /Users/atalati/vscode-extension/main-repo/javavscode/netbeans/java/java.lsp.server/build/test/unit/work/o.n.m.j.l.s.p.S/rdccro (class org.netbeans.modules.java.lsp.server.protocol.ServerTest$TestProjectFactory$4) original sourcePath: /Users/atalati/vscode-extension/main-repo/javavscode/netbeans/java/java.lsp.server/build/test/unit/work/o.n.m.j.l.s.p.S/rdccro new sourcePath: /Users/atalati/vscode-extension/main-repo/javavscode/netbeans/java/java.lsp.server/build/test/unit/work/o.n.m.j.l.s.p.S/rdccro
May 27, 2024 4:40:17 PM org.netbeans.modules.java.source.parsing.JavacParser init
WARNING: ClassPath identity changed for /Users/atalati/vscode-extension/main-repo/javavscode/netbeans/java/java.lsp.server/build/test/unit/work/o.n.m.j.l.s.p.S/rdccro/Test2.java@5cbe0648:1731dbb4, class path owner: /Users/atalati/vscode-extension/main-repo/javavscode/netbeans/java/java.lsp.server/build/test/unit/work/o.n.m.j.l.s.p.S/rdccro (class org.netbeans.modules.java.lsp.server.protocol.ServerTest$TestProjectFactory$4) original sourcePath: /Users/atalati/vscode-extension/main-repo/javavscode/netbeans/java/java.lsp.server/build/test/unit/work/o.n.m.j.l.s.p.S/rdccro new sourcePath: /Users/atalati/vscode-extension/main-repo/javavscode/netbeans/java/java.lsp.server/build/test/unit/work/o.n.m.j.l.s.p.S/rdccro
May 27, 2024 4:40:17 PM org.netbeans.modules.java.source.parsing.JavacParser init
WARNING: ClassPath identity changed for /Users/atalati/vscode-extension/main-repo/javavscode/netbeans/java/java.lsp.server/build/test/unit/work/o.n.m.j.l.s.p.S/sadm/Test.java@26af602c:662d9086, class path owner: null original sourcePath: /Users/atalati/vscode-extension/main-repo/javavscode/netbeans/java/java.lsp.server/build/test/unit/work/o.n.m.j.l.s.p.S/sadm new sourcePath: /Users/atalati/vscode-extension/main-repo/javavscode/netbeans/java/java.lsp.server/build/test/unit/work/o.n.m.j.l.s.p.S/sadm
May 27, 2024 4:40:17 PM org.netbeans.modules.java.source.parsing.JavacParser init
WARNING: ClassPath identity changed for /Users/atalati/vscode-extension/main-repo/javavscode/netbeans/java/java.lsp.server/build/test/unit/work/o.n.m.j.l.s.p.S/sh-2/Test.java@b461fcf1:3e6ca0a9, class path owner: null original sourcePath: /Users/atalati/vscode-extension/main-repo/javavscode/netbeans/java/java.lsp.server/build/test/unit/work/o.n.m.j.l.s.p.S/sh-2 new sourcePath: /Users/atalati/vscode-extension/main-repo/javavscode/netbeans/java/java.lsp.server/build/test/unit/work/o.n.m.j.l.s.p.S/sh-2
May 27, 2024 4:40:17 PM org.netbeans.modules.java.source.parsing.JavacParser init
WARNING: ClassPath identity changed for /Users/atalati/vscode-extension/main-repo/javavscode/netbeans/java/java.lsp.server/build/test/unit/work/o.n.m.j.l.s.p.S/rdccnro/Test2.java@bb4ac7cc:1bd6d593, class path owner: /Users/atalati/vscode-extension/main-repo/javavscode/netbeans/java/java.lsp.server/build/test/unit/work/o.n.m.j.l.s.p.S/rdccnro (class org.netbeans.modules.java.lsp.server.protocol.ServerTest$TestProjectFactory$4) original sourcePath: /Users/atalati/vscode-extension/main-repo/javavscode/netbeans/java/java.lsp.server/build/test/unit/work/o.n.m.j.l.s.p.S/rdccnro new sourcePath: /Users/atalati/vscode-extension/main-repo/javavscode/netbeans/java/java.lsp.server/build/test/unit/work/o.n.m.j.l.s.p.S/rdccnro
May 27, 2024 4:40:17 PM org.netbeans.modules.java.source.parsing.JavacParser init
WARNING: ClassPath identity changed for /Users/atalati/vscode-extension/main-repo/javavscode/netbeans/java/java.lsp.server/build/test/unit/work/o.n.m.j.l.s.p.S/rdccnro/Test.java@589052e0:4fbbe74b, class path owner: /Users/atalati/vscode-extension/main-repo/javavscode/netbeans/java/java.lsp.server/build/test/unit/work/o.n.m.j.l.s.p.S/rdccnro (class org.netbeans.modules.java.lsp.server.protocol.ServerTest$TestProjectFactory$4) original sourcePath: /Users/atalati/vscode-extension/main-repo/javavscode/netbeans/java/java.lsp.server/build/test/unit/work/o.n.m.j.l.s.p.S/rdccnro new sourcePath: /Users/atalati/vscode-extension/main-repo/javavscode/netbeans/java/java.lsp.server/build/test/unit/work/o.n.m.j.l.s.p.S/rdccnro
May 27, 2024 4:40:17 PM org.netbeans.modules.java.source.parsing.JavacParser init
WARNING: ClassPath identity changed for /Users/atalati/vscode-extension/main-repo/javavscode/netbeans/java/java.lsp.server/build/test/unit/work/o.n.m.j.l.s.p.S/saoi/Test.java@27dfd05f:3554d487, class path owner: null original sourcePath: /Users/atalati/vscode-extension/main-repo/javavscode/netbeans/java/java.lsp.server/build/test/unit/work/o.n.m.j.l.s.p.S/saoi new sourcePath: /Users/atalati/vscode-extension/main-repo/javavscode/netbeans/java/java.lsp.server/build/test/unit/work/o.n.m.j.l.s.p.S/saoi
May 27, 2024 4:40:17 PM org.netbeans.modules.java.source.parsing.JavacParser init
WARNING: ClassPath identity changed for /Users/atalati/vscode-extension/main-repo/javavscode/netbeans/java/java.lsp.server/build/test/unit/work/o.n.m.j.l.s.p.S/gtd/Test.java@1f440e3e:72715101, class path owner: /Users/atalati/vscode-extension/main-repo/javavscode/netbeans/java/java.lsp.server/build/test/unit/work/o.n.m.j.l.s.p.S/gtd (class org.netbeans.modules.java.lsp.server.protocol.ServerTest$TestProjectFactory$4) original sourcePath: /Users/atalati/vscode-extension/main-repo/javavscode/netbeans/java/java.lsp.server/build/test/unit/work/o.n.m.j.l.s.p.S/gtd new sourcePath: /Users/atalati/vscode-extension/main-repo/javavscode/netbeans/java/java.lsp.server/build/test/unit/work/o.n.m.j.l.s.p.S/gtd
May 27, 2024 4:40:17 PM org.netbeans.modules.java.source.parsing.JavacParser init
WARNING: ClassPath identity changed for /Users/atalati/vscode-extension/main-repo/javavscode/netbeans/java/java.lsp.server/build/test/unit/work/o.n.m.j.l.s.p.S/cagvfop/Test.java@2e66cfa3:631b0f6b, class path owner: null original sourcePath: /Users/atalati/vscode-extension/main-repo/javavscode/netbeans/java/java.lsp.server/build/test/unit/work/o.n.m.j.l.s.p.S/cagvfop new sourcePath: /Users/atalati/vscode-extension/main-repo/javavscode/netbeans/java/java.lsp.server/build/test/unit/work/o.n.m.j.l.s.p.S/cagvfop
May 27, 2024 4:40:17 PM org.netbeans.modules.java.source.parsing.JavacParser init
WARNING: ClassPath identity changed for /Users/atalati/vscode-extension/main-repo/javavscode/netbeans/java/java.lsp.server/build/test/unit/work/o.n.m.j.l.s.p.S/cagc-1/Test.java@e9376555:14713586, class path owner: null original sourcePath: /Users/atalati/vscode-extension/main-repo/javavscode/netbeans/java/java.lsp.server/build/test/unit/work/o.n.m.j.l.s.p.S/cagc-1 new sourcePath: /Users/atalati/vscode-extension/main-repo/javavscode/netbeans/java/java.lsp.server/build/test/unit/work/o.n.m.j.l.s.p.S/cagc-1
May 27, 2024 4:40:18 PM org.netbeans.modules.java.source.parsing.JavacParser init
WARNING: ClassPath identity changed for /Users/atalati/vscode-extension/main-repo/javavscode/netbeans/java/java.lsp.server/build/test/unit/work/o.n.m.j.l.s.p.S/caic/Test.java@5e788e8f:46a60045, class path owner: null original sourcePath: /Users/atalati/vscode-extension/main-repo/javavscode/netbeans/java/java.lsp.server/build/test/unit/work/o.n.m.j.l.s.p.S/caic new sourcePath: /Users/atalati/vscode-extension/main-repo/javavscode/netbeans/java/java.lsp.server/build/test/unit/work/o.n.m.j.l.s.p.S/caic
May 27, 2024 4:40:18 PM org.netbeans.modules.parsing.impl.indexing.RepositoryUpdater$Work reportIndexingStart
INFO: Indexing started, time from last indexing 1,679 ms.
May 27, 2024 4:40:18 PM org.netbeans.modules.java.source.parsing.JavacParser init
WARNING: ClassPath identity changed for /Users/atalati/vscode-extension/main-repo/javavscode/netbeans/java/java.lsp.server/build/test/unit/work/o.n.m.j.l.s.p.S/fs/Test.java@eec90ce2:5e494315, class path owner: null original sourcePath: /Users/atalati/vscode-extension/main-repo/javavscode/netbeans/java/java.lsp.server/build/test/unit/work/o.n.m.j.l.s.p.S/fs new sourcePath: /Users/atalati/vscode-extension/main-repo/javavscode/netbeans/java/java.lsp.server/build/test/unit/work/o.n.m.j.l.s.p.S/fs
May 27, 2024 4:40:18 PM org.netbeans.modules.parsing.impl.indexing.RepositoryUpdater$RootsWork getDone
INFO: Resolving dependencies took: 15 ms
May 27, 2024 4:40:18 PM org.netbeans.modules.java.source.parsing.JavacParser init
WARNING: ClassPath identity changed for /Users/atalati/vscode-extension/main-repo/javavscode/netbeans/java/java.lsp.server/build/test/unit/work/o.n.m.j.l.s.p.S/sats/Test.java@1f26e9a2:3430d24, class path owner: null original sourcePath: /Users/atalati/vscode-extension/main-repo/javavscode/netbeans/java/java.lsp.server/build/test/unit/work/o.n.m.j.l.s.p.S/sats new sourcePath: /Users/atalati/vscode-extension/main-repo/javavscode/netbeans/java/java.lsp.server/build/test/unit/work/o.n.m.j.l.s.p.S/sats
May 27, 2024 4:40:18 PM org.netbeans.modules.java.source.parsing.JavacParser init
WARNING: ClassPath identity changed for /Users/atalati/vscode-extension/main-repo/javavscode/netbeans/java/java.lsp.server/build/test/unit/work/o.n.m.j.l.s.p.S/caiaamie/Test.java@5976eef5:76990e1e, class path owner: null original sourcePath: /Users/atalati/vscode-extension/main-repo/javavscode/netbeans/java/java.lsp.server/build/test/unit/work/o.n.m.j.l.s.p.S/caiaamie new sourcePath: /Users/atalati/vscode-extension/main-repo/javavscode/netbeans/java/java.lsp.server/build/test/unit/work/o.n.m.j.l.s.p.S/caiaamie
May 27, 2024 4:40:18 PM org.netbeans.modules.java.source.parsing.JavacParser init
WARNING: ClassPath identity changed for /Users/atalati/vscode-extension/main-repo/javavscode/netbeans/java/java.lsp.server/build/test/unit/work/o.n.m.j.l.s.p.S/pu/a/Test.java@90f3e8ac:1707d449, class path owner: /Users/atalati/vscode-extension/main-repo/javavscode/netbeans/java/java.lsp.server/build/test/unit/work/o.n.m.j.l.s.p.S/pu (class org.netbeans.modules.java.lsp.server.protocol.ServerTest$TestProjectFactory$4) original sourcePath: /Users/atalati/vscode-extension/main-repo/javavscode/netbeans/java/java.lsp.server/build/test/unit/work/o.n.m.j.l.s.p.S/pu new sourcePath: /Users/atalati/vscode-extension/main-repo/javavscode/netbeans/java/java.lsp.server/build/test/unit/work/o.n.m.j.l.s.p.S/pu
May 27, 2024 4:40:18 PM org.netbeans.modules.java.source.parsing.JavacParser init
WARNING: ClassPath identity changed for /Users/atalati/vscode-extension/main-repo/javavscode/netbeans/java/java.lsp.server/build/test/unit/work/o.n.m.j.l.s.p.S/cawr/Test.java@83950a0e:1e256438, class path owner: null original sourcePath: /Users/atalati/vscode-extension/main-repo/javavscode/netbeans/java/java.lsp.server/build/test/unit/work/o.n.m.j.l.s.p.S/cawr new sourcePath: /Users/atalati/vscode-extension/main-repo/javavscode/netbeans/java/java.lsp.server/build/test/unit/work/o.n.m.j.l.s.p.S/cawr
May 27, 2024 4:40:18 PM org.netbeans.modules.java.source.parsing.JavacParser init
WARNING: ClassPath identity changed for /Users/atalati/vscode-extension/main-repo/javavscode/netbeans/java/java.lsp.server/build/test/unit/work/o.n.m.j.l.s.p.S/caiaamic/Test.java@2f880073:3a94243d, class path owner: null original sourcePath: /Users/atalati/vscode-extension/main-repo/javavscode/netbeans/java/java.lsp.server/build/test/unit/work/o.n.m.j.l.s.p.S/caiaamic new sourcePath: /Users/atalati/vscode-extension/main-repo/javavscode/netbeans/java/java.lsp.server/build/test/unit/work/o.n.m.j.l.s.p.S/caiaamic
May 27, 2024 4:40:18 PM org.netbeans.modules.java.source.parsing.JavacParser init
WARNING: ClassPath identity changed for /Users/atalati/vscode-extension/main-repo/javavscode/netbeans/java/java.lsp.server/build/test/unit/work/o.n.m.j.l.s.p.S/caiaamiac/Test.java@5be81650:1700fcb8, class path owner: null original sourcePath: /Users/atalati/vscode-extension/main-repo/javavscode/netbeans/java/java.lsp.server/build/test/unit/work/o.n.m.j.l.s.p.S/caiaamiac new sourcePath: /Users/atalati/vscode-extension/main-repo/javavscode/netbeans/java/java.lsp.server/build/test/unit/work/o.n.m.j.l.s.p.S/caiaamiac
May 27, 2024 4:40:18 PM org.netbeans.modules.java.source.parsing.JavacParser init
WARNING: ClassPath identity changed for /Users/atalati/vscode-extension/main-repo/javavscode/netbeans/java/java.lsp.server/build/test/unit/work/o.n.m.j.l.s.p.S/es/a/Test.java@ff4153f7:1210aea, class path owner: /Users/atalati/vscode-extension/main-repo/javavscode/netbeans/java/java.lsp.server/build/test/unit/work/o.n.m.j.l.s.p.S/es (class org.netbeans.modules.java.lsp.server.protocol.ServerTest$TestProjectFactory$4) original sourcePath: /Users/atalati/vscode-extension/main-repo/javavscode/netbeans/java/java.lsp.server/build/test/unit/work/o.n.m.j.l.s.p.S/es new sourcePath: /Users/atalati/vscode-extension/main-repo/javavscode/netbeans/java/java.lsp.server/build/test/unit/work/o.n.m.j.l.s.p.S/es
May 27, 2024 4:40:18 PM org.netbeans.modules.java.source.parsing.JavacParser init
WARNING: ClassPath identity changed for /Users/atalati/vscode-extension/main-repo/javavscode/netbeans/java/java.lsp.server/build/test/unit/work/o.n.m.j.l.s.p.S/m/Test.java@96357854:2cb18a69, class path owner: null original sourcePath: /Users/atalati/vscode-extension/main-repo/javavscode/netbeans/java/java.lsp.server/build/test/unit/work/o.n.m.j.l.s.p.S/m new sourcePath: /Users/atalati/vscode-extension/main-repo/javavscode/netbeans/java/java.lsp.server/build/test/unit/work/o.n.m.j.l.s.p.S/m
May 27, 2024 4:40:18 PM org.netbeans.modules.parsing.impl.indexing.RepositoryUpdater$AbstractRootsWork scanBinaries
INFO: Complete indexing of 70 binary roots took: 769 ms
May 27, 2024 4:40:18 PM org.netbeans.modules.parsing.impl.indexing.RepositoryUpdater$AbstractRootsWork scanSources
INFO: Indexing of: /Users/atalati/vscode-extension/main-repo/javavscode/netbeans/java/java.lsp.server/build/test/unit/work/o.n.m.j.l.s.p.S/mc took: 60 ms (New or modified files: 3, Deleted files: 0) [Adding listeners took: 0 ms]
May 27, 2024 4:40:18 PM org.netbeans.modules.parsing.impl.indexing.RepositoryUpdater$AbstractRootsWork scanSources
INFO: Complete indexing of 1 source roots took: 60 ms (New or modified files: 3, Deleted files: 0) [Adding listeners took: 0 ms]
May 27, 2024 4:40:18 PM org.netbeans.modules.parsing.impl.indexing.RepositoryUpdater$Work reportIndexerStatistics
INFO: Indexing finished, indexing took 851 ms.
May 27, 2024 4:40:19 PM org.netbeans.modules.java.source.parsing.JavacParser init
WARNING: ClassPath identity changed for /Users/atalati/vscode-extension/main-repo/javavscode/netbeans/java/java.lsp.server/build/test/unit/work/o.n.m.j.l.s.p.S/fi/Test.java@1dfe0878:5f46da15, class path owner: /Users/atalati/vscode-extension/main-repo/javavscode/netbeans/java/java.lsp.server/build/test/unit/work/o.n.m.j.l.s.p.S/fi (class org.netbeans.modules.java.lsp.server.protocol.ServerTest$TestProjectFactory$4) original sourcePath: /Users/atalati/vscode-extension/main-repo/javavscode/netbeans/java/java.lsp.server/build/test/unit/work/o.n.m.j.l.s.p.S/fi new sourcePath: /Users/atalati/vscode-extension/main-repo/javavscode/netbeans/java/java.lsp.server/build/test/unit/work/o.n.m.j.l.s.p.S/fi
May 27, 2024 4:40:19 PM org.netbeans.modules.java.source.parsing.JavacParser init
WARNING: ClassPath identity changed for /Users/atalati/vscode-extension/main-repo/javavscode/netbeans/java/java.lsp.server/build/test/unit/work/o.n.m.j.l.s.p.S/cagvfop/Test.java@2e66cfa3:631b0f6b, class path owner: null original sourcePath: /Users/atalati/vscode-extension/main-repo/javavscode/netbeans/java/java.lsp.server/build/test/unit/work/o.n.m.j.l.s.p.S/cagvfop new sourcePath: /Users/atalati/vscode-extension/main-repo/javavscode/netbeans/java/java.lsp.server/build/test/unit/work/o.n.m.j.l.s.p.S/cagvfop
May 27, 2024 4:40:19 PM org.netbeans.modules.java.source.parsing.JavacParser init
WARNING: ClassPath identity changed for /Users/atalati/vscode-extension/main-repo/javavscode/netbeans/java/java.lsp.server/build/test/unit/work/o.n.m.j.l.s.p.S/sats/Test.java@1f26e9a2:3430d24, class path owner: null original sourcePath: /Users/atalati/vscode-extension/main-repo/javavscode/netbeans/java/java.lsp.server/build/test/unit/work/o.n.m.j.l.s.p.S/sats new sourcePath: /Users/atalati/vscode-extension/main-repo/javavscode/netbeans/java/java.lsp.server/build/test/unit/work/o.n.m.j.l.s.p.S/sats
May 27, 2024 4:40:19 PM org.netbeans.modules.java.source.parsing.JavacParser init
WARNING: ClassPath identity changed for /Users/atalati/vscode-extension/main-repo/javavscode/netbeans/java/java.lsp.server/build/test/unit/work/o.n.m.j.l.s.p.S/caiaamie/Test.java@5976eef5:76990e1e, class path owner: null original sourcePath: /Users/atalati/vscode-extension/main-repo/javavscode/netbeans/java/java.lsp.server/build/test/unit/work/o.n.m.j.l.s.p.S/caiaamie new sourcePath: /Users/atalati/vscode-extension/main-repo/javavscode/netbeans/java/java.lsp.server/build/test/unit/work/o.n.m.j.l.s.p.S/caiaamie
May 27, 2024 4:40:19 PM org.netbeans.modules.java.source.parsing.JavacParser init
WARNING: ClassPath identity changed for /Users/atalati/vscode-extension/main-repo/javavscode/netbeans/java/java.lsp.server/build/test/unit/work/o.n.m.j.l.s.p.S/pu/a/Test.java@90f3e8ac:1707d449, class path owner: /Users/atalati/vscode-extension/main-repo/javavscode/netbeans/java/java.lsp.server/build/test/unit/work/o.n.m.j.l.s.p.S/pu (class org.netbeans.modules.java.lsp.server.protocol.ServerTest$TestProjectFactory$4) original sourcePath: /Users/atalati/vscode-extension/main-repo/javavscode/netbeans/java/java.lsp.server/build/test/unit/work/o.n.m.j.l.s.p.S/pu new sourcePath: /Users/atalati/vscode-extension/main-repo/javavscode/netbeans/java/java.lsp.server/build/test/unit/work/o.n.m.j.l.s.p.S/pu
May 27, 2024 4:40:19 PM org.netbeans.modules.java.source.parsing.JavacParser init
WARNING: ClassPath identity changed for /Users/atalati/vscode-extension/main-repo/javavscode/netbeans/java/java.lsp.server/build/test/unit/work/o.n.m.j.l.s.p.S/cawr/Test.java@83950a0e:1e256438, class path owner: null original sourcePath: /Users/atalati/vscode-extension/main-repo/javavscode/netbeans/java/java.lsp.server/build/test/unit/work/o.n.m.j.l.s.p.S/cawr new sourcePath: /Users/atalati/vscode-extension/main-repo/javavscode/netbeans/java/java.lsp.server/build/test/unit/work/o.n.m.j.l.s.p.S/cawr
May 27, 2024 4:40:19 PM org.netbeans.modules.java.source.parsing.JavacParser init
WARNING: ClassPath identity changed for /Users/atalati/vscode-extension/main-repo/javavscode/netbeans/java/java.lsp.server/build/test/unit/work/o.n.m.j.l.s.p.S/dopl/Test.java@bd4a9bbc:d189352, class path owner: null original sourcePath: /Users/atalati/vscode-extension/main-repo/javavscode/netbeans/java/java.lsp.server/build/test/unit/work/o.n.m.j.l.s.p.S/dopl new sourcePath: /Users/atalati/vscode-extension/main-repo/javavscode/netbeans/java/java.lsp.server/build/test/unit/work/o.n.m.j.l.s.p.S/dopl
May 27, 2024 4:40:19 PM org.netbeans.modules.project.ui.OpenProjectList log
INFO: USG_PROJECT_CLOSE
Creating a client for testcase: testMoveMethod
May 27, 2024 4:40:19 PM org.netbeans.modules.project.ui.OpenProjectList log
INFO: USG_PROJECT_OPEN
May 27, 2024 4:40:19 PM org.netbeans.modules.java.lsp.server.protocol.Server$LanguageServerImpl lambda$asyncOpenSelectedProjects1$9
INFO: 1 projects opened in 1ms
May 27, 2024 4:40:20 PM org.netbeans.modules.java.source.parsing.JavacParser init
WARNING: ClassPath identity changed for /Users/atalati/vscode-extension/main-repo/javavscode/netbeans/java/java.lsp.server/build/test/unit/work/o.n.m.j.l.s.p.S/caiaamic/Test.java@2f880073:3a94243d, class path owner: null original sourcePath: /Users/atalati/vscode-extension/main-repo/javavscode/netbeans/java/java.lsp.server/build/test/unit/work/o.n.m.j.l.s.p.S/caiaamic new sourcePath: /Users/atalati/vscode-extension/main-repo/javavscode/netbeans/java/java.lsp.server/build/test/unit/work/o.n.m.j.l.s.p.S/caiaamic
May 27, 2024 4:40:20 PM org.netbeans.modules.java.source.parsing.JavacParser init
WARNING: ClassPath identity changed for /Users/atalati/vscode-extension/main-repo/javavscode/netbeans/java/java.lsp.server/build/test/unit/work/o.n.m.j.l.s.p.S/caiaamiac/Test.java@5be81650:1700fcb8, class path owner: null original sourcePath: /Users/atalati/vscode-extension/main-repo/javavscode/netbeans/java/java.lsp.server/build/test/unit/work/o.n.m.j.l.s.p.S/caiaamiac new sourcePath: /Users/atalati/vscode-extension/main-repo/javavscode/netbeans/java/java.lsp.server/build/test/unit/work/o.n.m.j.l.s.p.S/caiaamiac
May 27, 2024 4:40:20 PM org.netbeans.modules.java.source.parsing.JavacParser init
WARNING: ClassPath identity changed for /Users/atalati/vscode-extension/main-repo/javavscode/netbeans/java/java.lsp.server/build/test/unit/work/o.n.m.j.l.s.p.S/es/a/Test.java@ff4153f7:1210aea, class path owner: /Users/atalati/vscode-extension/main-repo/javavscode/netbeans/java/java.lsp.server/build/test/unit/work/o.n.m.j.l.s.p.S/es (class org.netbeans.modules.java.lsp.server.protocol.ServerTest$TestProjectFactory$4) original sourcePath: /Users/atalati/vscode-extension/main-repo/javavscode/netbeans/java/java.lsp.server/build/test/unit/work/o.n.m.j.l.s.p.S/es new sourcePath: /Users/atalati/vscode-extension/main-repo/javavscode/netbeans/java/java.lsp.server/build/test/unit/work/o.n.m.j.l.s.p.S/es
May 27, 2024 4:40:20 PM org.netbeans.modules.java.source.parsing.JavacParser init
WARNING: ClassPath identity changed for /Users/atalati/vscode-extension/main-repo/javavscode/netbeans/java/java.lsp.server/build/test/unit/work/o.n.m.j.l.s.p.S/cmp/a/Test.java@78880161:1cd61388, class path owner: /Users/atalati/vscode-extension/main-repo/javavscode/netbeans/java/java.lsp.server/build/test/unit/work/o.n.m.j.l.s.p.S/cmp (class org.netbeans.modules.java.lsp.server.protocol.ServerTest$TestProjectFactory$4) original sourcePath: /Users/atalati/vscode-extension/main-repo/javavscode/netbeans/java/java.lsp.server/build/test/unit/work/o.n.m.j.l.s.p.S/cmp new sourcePath: /Users/atalati/vscode-extension/main-repo/javavscode/netbeans/java/java.lsp.server/build/test/unit/work/o.n.m.j.l.s.p.S/cmp
May 27, 2024 4:40:20 PM org.netbeans.modules.java.source.parsing.JavacParser init
WARNING: ClassPath identity changed for /Users/atalati/vscode-extension/main-repo/javavscode/netbeans/java/java.lsp.server/build/test/unit/work/o.n.m.j.l.s.p.S/m/Test.java@96357854:2cb18a69, class path owner: null original sourcePath: /Users/atalati/vscode-extension/main-repo/javavscode/netbeans/java/java.lsp.server/build/test/unit/work/o.n.m.j.l.s.p.S/m new sourcePath: /Users/atalati/vscode-extension/main-repo/javavscode/netbeans/java/java.lsp.server/build/test/unit/work/o.n.m.j.l.s.p.S/m
May 27, 2024 4:40:20 PM org.netbeans.modules.java.source.parsing.JavacParser init
WARNING: ClassPath identity changed for /Users/atalati/vscode-extension/main-repo/javavscode/netbeans/java/java.lsp.server/build/test/unit/work/o.n.m.j.l.s.p.S/fi/Test.java@1dfe0878:5f46da15, class path owner: /Users/atalati/vscode-extension/main-repo/javavscode/netbeans/java/java.lsp.server/build/test/unit/work/o.n.m.j.l.s.p.S/fi (class org.netbeans.modules.java.lsp.server.protocol.ServerTest$TestProjectFactory$4) original sourcePath: /Users/atalati/vscode-extension/main-repo/javavscode/netbeans/java/java.lsp.server/build/test/unit/work/o.n.m.j.l.s.p.S/fi new sourcePath: /Users/atalati/vscode-extension/main-repo/javavscode/netbeans/java/java.lsp.server/build/test/unit/work/o.n.m.j.l.s.p.S/fi
May 27, 2024 4:40:20 PM org.netbeans.modules.java.source.parsing.JavacParser init
WARNING: ClassPath identity changed for /Users/atalati/vscode-extension/main-repo/javavscode/netbeans/java/java.lsp.server/build/test/unit/work/o.n.m.j.l.s.p.S/fu/Test.java@18b7eb64:458c2054, class path owner: /Users/atalati/vscode-extension/main-repo/javavscode/netbeans/java/java.lsp.server/build/test/unit/work/o.n.m.j.l.s.p.S/fu (class org.netbeans.modules.java.lsp.server.protocol.ServerTest$TestProjectFactory$4) original sourcePath: /Users/atalati/vscode-extension/main-repo/javavscode/netbeans/java/java.lsp.server/build/test/unit/work/o.n.m.j.l.s.p.S/fu new sourcePath: /Users/atalati/vscode-extension/main-repo/javavscode/netbeans/java/java.lsp.server/build/test/unit/work/o.n.m.j.l.s.p.S/fu
May 27, 2024 4:40:20 PM org.netbeans.modules.parsing.impl.indexing.RepositoryUpdater$Work reportIndexingStart
INFO: Indexing started, time from last indexing 1,595 ms.
May 27, 2024 4:40:20 PM org.netbeans.modules.parsing.impl.indexing.RepositoryUpdater$RootsWork getDone
INFO: Resolving dependencies took: 3 ms
May 27, 2024 4:40:20 PM org.netbeans.modules.parsing.impl.indexing.RepositoryUpdater$AbstractRootsWork scanBinaries
INFO: Complete indexing of 0 binary roots took: 0 ms
May 27, 2024 4:40:20 PM org.netbeans.modules.java.source.parsing.JavacParser init
WARNING: ClassPath identity changed for /Users/atalati/vscode-extension/main-repo/javavscode/netbeans/java/java.lsp.server/build/test/unit/work/o.n.m.j.l.s.p.S/cagvfop/Test.java@2e66cfa3:631b0f6b, class path owner: null original sourcePath: /Users/atalati/vscode-extension/main-repo/javavscode/netbeans/java/java.lsp.server/build/test/unit/work/o.n.m.j.l.s.p.S/cagvfop new sourcePath: /Users/atalati/vscode-extension/main-repo/javavscode/netbeans/java/java.lsp.server/build/test/unit/work/o.n.m.j.l.s.p.S/cagvfop
May 27, 2024 4:40:20 PM org.netbeans.modules.java.source.parsing.JavacParser init
WARNING: ClassPath identity changed for /Users/atalati/vscode-extension/main-repo/javavscode/netbeans/java/java.lsp.server/build/test/unit/work/o.n.m.j.l.s.p.S/sats/Test.java@1f26e9a2:3430d24, class path owner: null original sourcePath: /Users/atalati/vscode-extension/main-repo/javavscode/netbeans/java/java.lsp.server/build/test/unit/work/o.n.m.j.l.s.p.S/sats new sourcePath: /Users/atalati/vscode-extension/main-repo/javavscode/netbeans/java/java.lsp.server/build/test/unit/work/o.n.m.j.l.s.p.S/sats
May 27, 2024 4:40:20 PM org.netbeans.modules.java.source.parsing.JavacParser init
WARNING: ClassPath identity changed for /Users/atalati/vscode-extension/main-repo/javavscode/netbeans/java/java.lsp.server/build/test/unit/work/o.n.m.j.l.s.p.S/caiaamie/Test.java@5976eef5:76990e1e, class path owner: null original sourcePath: /Users/atalati/vscode-extension/main-repo/javavscode/netbeans/java/java.lsp.server/build/test/unit/work/o.n.m.j.l.s.p.S/caiaamie new sourcePath: /Users/atalati/vscode-extension/main-repo/javavscode/netbeans/java/java.lsp.server/build/test/unit/work/o.n.m.j.l.s.p.S/caiaamie
May 27, 2024 4:40:20 PM org.netbeans.modules.parsing.impl.indexing.RepositoryUpdater$AbstractRootsWork scanSources
INFO: Indexing of: /Users/atalati/vscode-extension/main-repo/javavscode/netbeans/java/java.lsp.server/build/test/unit/work/o.n.m.j.l.s.p.S/mm took: 361 ms (New or modified files: 3, Deleted files: 0) [Adding listeners took: 0 ms]
May 27, 2024 4:40:20 PM org.netbeans.modules.parsing.impl.indexing.RepositoryUpdater$AbstractRootsWork scanSources
INFO: Complete indexing of 1 source roots took: 361 ms (New or modified files: 3, Deleted files: 0) [Adding listeners took: 0 ms]
May 27, 2024 4:40:20 PM org.netbeans.modules.parsing.impl.indexing.RepositoryUpdater$Work reportIndexerStatistics
INFO: Indexing finished, indexing took 366 ms.
May 27, 2024 4:40:20 PM org.netbeans.modules.java.source.parsing.JavacParser init
WARNING: ClassPath identity changed for /Users/atalati/vscode-extension/main-repo/javavscode/netbeans/java/java.lsp.server/build/test/unit/work/o.n.m.j.l.s.p.S/ac/Test.java@7a0aa719:70ff6041, class path owner: /Users/atalati/vscode-extension/main-repo/javavscode/netbeans/java/java.lsp.server/build/test/unit/work/o.n.m.j.l.s.p.S/ac (class org.netbeans.modules.java.lsp.server.protocol.ServerTest$TestProjectFactory$4) original sourcePath: /Users/atalati/vscode-extension/main-repo/javavscode/netbeans/java/java.lsp.server/build/test/unit/work/o.n.m.j.l.s.p.S/ac new sourcePath: /Users/atalati/vscode-extension/main-repo/javavscode/netbeans/java/java.lsp.server/build/test/unit/work/o.n.m.j.l.s.p.S/ac
May 27, 2024 4:40:20 PM org.netbeans.modules.java.source.parsing.JavacParser init
WARNING: ClassPath identity changed for /Users/atalati/vscode-extension/main-repo/javavscode/netbeans/java/java.lsp.server/build/test/unit/work/o.n.m.j.l.s.p.S/pu/a/Test.java@90f3e8ac:1707d449, class path owner: /Users/atalati/vscode-extension/main-repo/javavscode/netbeans/java/java.lsp.server/build/test/unit/work/o.n.m.j.l.s.p.S/pu (class org.netbeans.modules.java.lsp.server.protocol.ServerTest$TestProjectFactory$4) original sourcePath: /Users/atalati/vscode-extension/main-repo/javavscode/netbeans/java/java.lsp.server/build/test/unit/work/o.n.m.j.l.s.p.S/pu new sourcePath: /Users/atalati/vscode-extension/main-repo/javavscode/netbeans/java/java.lsp.server/build/test/unit/work/o.n.m.j.l.s.p.S/pu
May 27, 2024 4:40:20 PM org.netbeans.modules.java.source.parsing.JavacParser init
WARNING: ClassPath identity changed for /Users/atalati/vscode-extension/main-repo/javavscode/netbeans/java/java.lsp.server/build/test/unit/work/o.n.m.j.l.s.p.S/gtsi/Test.java@63f576f8:171aea74, class path owner: null original sourcePath: /Users/atalati/vscode-extension/main-repo/javavscode/netbeans/java/java.lsp.server/build/test/unit/work/o.n.m.j.l.s.p.S/gtsi new sourcePath: /Users/atalati/vscode-extension/main-repo/javavscode/netbeans/java/java.lsp.server/build/test/unit/work/o.n.m.j.l.s.p.S/gtsi
May 27, 2024 4:40:21 PM org.netbeans.modules.java.source.parsing.JavacParser init
WARNING: ClassPath identity changed for /Users/atalati/vscode-extension/main-repo/javavscode/netbeans/java/java.lsp.server/build/test/unit/work/o.n.m.j.l.s.p.S/mo/Test.java@d1364199:31bc1d7c, class path owner: null original sourcePath: /Users/atalati/vscode-extension/main-repo/javavscode/netbeans/java/java.lsp.server/build/test/unit/work/o.n.m.j.l.s.p.S/mo new sourcePath: /Users/atalati/vscode-extension/main-repo/javavscode/netbeans/java/java.lsp.server/build/test/unit/work/o.n.m.j.l.s.p.S/mo
May 27, 2024 4:40:21 PM org.netbeans.modules.java.source.parsing.JavacParser init
WARNING: ClassPath identity changed for /Users/atalati/vscode-extension/main-repo/javavscode/netbeans/java/java.lsp.server/build/test/unit/work/o.n.m.j.l.s.p.S/cawr/Test.java@83950a0e:1e256438, class path owner: null original sourcePath: /Users/atalati/vscode-extension/main-repo/javavscode/netbeans/java/java.lsp.server/build/test/unit/work/o.n.m.j.l.s.p.S/cawr new sourcePath: /Users/atalati/vscode-extension/main-repo/javavscode/netbeans/java/java.lsp.server/build/test/unit/work/o.n.m.j.l.s.p.S/cawr
May 27, 2024 4:40:21 PM org.netbeans.modules.parsing.impl.indexing.RepositoryUpdater$Work reportIndexingStart
INFO: Indexing started, time from last indexing 235 ms.
May 27, 2024 4:40:21 PM org.netbeans.modules.java.source.parsing.JavacParser init
WARNING: ClassPath identity changed for /Users/atalati/vscode-extension/main-repo/javavscode/netbeans/java/java.lsp.server/build/test/unit/work/o.n.m.j.l.s.p.S/dopl/Test2.java@f129f6b0:5cef8a46, class path owner: null original sourcePath: /Users/atalati/vscode-extension/main-repo/javavscode/netbeans/java/java.lsp.server/build/test/unit/work/o.n.m.j.l.s.p.S/dopl new sourcePath: /Users/atalati/vscode-extension/main-repo/javavscode/netbeans/java/java.lsp.server/build/test/unit/work/o.n.m.j.l.s.p.S/dopl
May 27, 2024 4:40:21 PM org.netbeans.modules.java.source.parsing.JavacParser init
WARNING: ClassPath identity changed for /Users/atalati/vscode-extension/main-repo/javavscode/netbeans/java/java.lsp.server/build/test/unit/work/o.n.m.j.l.s.p.S/dopl/Test3.java@f2fd2e51:bd3dc98, class path owner: null original sourcePath: /Users/atalati/vscode-extension/main-repo/javavscode/netbeans/java/java.lsp.server/build/test/unit/work/o.n.m.j.l.s.p.S/dopl new sourcePath: /Users/atalati/vscode-extension/main-repo/javavscode/netbeans/java/java.lsp.server/build/test/unit/work/o.n.m.j.l.s.p.S/dopl
May 27, 2024 4:40:21 PM org.netbeans.modules.java.source.parsing.JavacParser init
WARNING: ClassPath identity changed for /Users/atalati/vscode-extension/main-repo/javavscode/netbeans/java/java.lsp.server/build/test/unit/work/o.n.m.j.l.s.p.S/dopl/Test.java@bd4a9bbc:d189352, class path owner: null original sourcePath: /Users/atalati/vscode-extension/main-repo/javavscode/netbeans/java/java.lsp.server/build/test/unit/work/o.n.m.j.l.s.p.S/dopl new sourcePath: /Users/atalati/vscode-extension/main-repo/javavscode/netbeans/java/java.lsp.server/build/test/unit/work/o.n.m.j.l.s.p.S/dopl
May 27, 2024 4:40:21 PM org.netbeans.modules.java.source.parsing.JavacParser init
WARNING: ClassPath identity changed for /Users/atalati/vscode-extension/main-repo/javavscode/netbeans/java/java.lsp.server/build/test/unit/work/o.n.m.j.l.s.p.S/gti/Test.java@7dc8ce5:5778d874, class path owner: /Users/atalati/vscode-extension/main-repo/javavscode/netbeans/java/java.lsp.server/build/test/unit/work/o.n.m.j.l.s.p.S/gti (class org.netbeans.modules.java.lsp.server.protocol.ServerTest$TestProjectFactory$4) original sourcePath: /Users/atalati/vscode-extension/main-repo/javavscode/netbeans/java/java.lsp.server/build/test/unit/work/o.n.m.j.l.s.p.S/gti new sourcePath: /Users/atalati/vscode-extension/main-repo/javavscode/netbeans/java/java.lsp.server/build/test/unit/work/o.n.m.j.l.s.p.S/gti
May 27, 2024 4:40:21 PM org.netbeans.modules.parsing.impl.indexing.RepositoryUpdater$Work doIndex
INFO: Refresh of custom indexer ([text/x-java, application/x-class-file]) for root: file:/Users/atalati/vscode-extension/main-repo/javavscode/netbeans/java/java.lsp.server/build/test/unit/work/o.n.m.j.l.s.p.S/opojdk/jdk/src/java.base/share/classes/ forced by: org.netbeans.modules.java.source.indexing.JavaCustomIndexer$Factory@31aa22
May 27, 2024 4:40:21 PM org.netbeans.modules.java.source.indexing.JavaCustomIndexer index
WARNING: Ignoring root with no ClassPath: /Users/atalati/vscode-extension/main-repo/javavscode/netbeans/java/java.lsp.server/build/test/unit/work/o.n.m.j.l.s.p.S/opojdk/jdk/src/java.base/share/classes
May 27, 2024 4:40:21 PM org.netbeans.modules.java.source.parsing.JavacParser init
WARNING: ClassPath identity changed for /Users/atalati/vscode-extension/main-repo/javavscode/netbeans/java/java.lsp.server/build/test/unit/work/o.n.m.j.l.s.p.S/caiaamic/Test.java@2f880073:3a94243d, class path owner: null original sourcePath: /Users/atalati/vscode-extension/main-repo/javavscode/netbeans/java/java.lsp.server/build/test/unit/work/o.n.m.j.l.s.p.S/caiaamic new sourcePath: /Users/atalati/vscode-extension/main-repo/javavscode/netbeans/java/java.lsp.server/build/test/unit/work/o.n.m.j.l.s.p.S/caiaamic
May 27, 2024 4:40:21 PM org.netbeans.modules.java.source.parsing.JavacParser init
WARNING: ClassPath identity changed for /Users/atalati/vscode-extension/main-repo/javavscode/netbeans/java/java.lsp.server/build/test/unit/work/o.n.m.j.l.s.p.S/caiaamiac/Test.java@5be81650:1700fcb8, class path owner: null original sourcePath: /Users/atalati/vscode-extension/main-repo/javavscode/netbeans/java/java.lsp.server/build/test/unit/work/o.n.m.j.l.s.p.S/caiaamiac new sourcePath: /Users/atalati/vscode-extension/main-repo/javavscode/netbeans/java/java.lsp.server/build/test/unit/work/o.n.m.j.l.s.p.S/caiaamiac
May 27, 2024 4:40:21 PM org.netbeans.modules.parsing.impl.indexing.RepositoryUpdater$Work reportIndexerStatistics
INFO: Indexing finished, indexing took 177 ms.
May 27, 2024 4:40:21 PM org.netbeans.modules.java.source.parsing.JavacParser init
WARNING: ClassPath identity changed for /Users/atalati/vscode-extension/main-repo/javavscode/netbeans/java/java.lsp.server/build/test/unit/work/o.n.m.j.l.s.p.S/es/a/Test.java@ff4153f7:1210aea, class path owner: /Users/atalati/vscode-extension/main-repo/javavscode/netbeans/java/java.lsp.server/build/test/unit/work/o.n.m.j.l.s.p.S/es (class org.netbeans.modules.java.lsp.server.protocol.ServerTest$TestProjectFactory$4) original sourcePath: /Users/atalati/vscode-extension/main-repo/javavscode/netbeans/java/java.lsp.server/build/test/unit/work/o.n.m.j.l.s.p.S/es new sourcePath: /Users/atalati/vscode-extension/main-repo/javavscode/netbeans/java/java.lsp.server/build/test/unit/work/o.n.m.j.l.s.p.S/es
May 27, 2024 4:40:21 PM org.netbeans.modules.java.source.parsing.JavacParser init
WARNING: ClassPath identity changed for /Users/atalati/vscode-extension/main-repo/javavscode/netbeans/java/java.lsp.server/build/test/unit/work/o.n.m.j.l.s.p.S/cmp/a/Test.java@78880161:1cd61388, class path owner: /Users/atalati/vscode-extension/main-repo/javavscode/netbeans/java/java.lsp.server/build/test/unit/work/o.n.m.j.l.s.p.S/cmp (class org.netbeans.modules.java.lsp.server.protocol.ServerTest$TestProjectFactory$4) original sourcePath: /Users/atalati/vscode-extension/main-repo/javavscode/netbeans/java/java.lsp.server/build/test/unit/work/o.n.m.j.l.s.p.S/cmp new sourcePath: /Users/atalati/vscode-extension/main-repo/javavscode/netbeans/java/java.lsp.server/build/test/unit/work/o.n.m.j.l.s.p.S/cmp
May 27, 2024 4:40:21 PM org.netbeans.modules.java.source.parsing.JavacParser init
WARNING: ClassPath identity changed for /Users/atalati/vscode-extension/main-repo/javavscode/netbeans/java/java.lsp.server/build/test/unit/work/o.n.m.j.l.s.p.S/m/Test.java@96357854:2cb18a69, class path owner: null original sourcePath: /Users/atalati/vscode-extension/main-repo/javavscode/netbeans/java/java.lsp.server/build/test/unit/work/o.n.m.j.l.s.p.S/m new sourcePath: /Users/atalati/vscode-extension/main-repo/javavscode/netbeans/java/java.lsp.server/build/test/unit/work/o.n.m.j.l.s.p.S/m
May 27, 2024 4:40:21 PM org.netbeans.modules.java.source.parsing.JavacParser init
WARNING: ClassPath identity changed for /Users/atalati/vscode-extension/main-repo/javavscode/netbeans/java/java.lsp.server/build/test/unit/work/o.n.m.j.l.s.p.S/mm/a/Test.java@773d79c9:4e1201fd, class path owner: /Users/atalati/vscode-extension/main-repo/javavscode/netbeans/java/java.lsp.server/build/test/unit/work/o.n.m.j.l.s.p.S/mm (class org.netbeans.modules.java.lsp.server.protocol.ServerTest$TestProjectFactory$4) original sourcePath: /Users/atalati/vscode-extension/main-repo/javavscode/netbeans/java/java.lsp.server/build/test/unit/work/o.n.m.j.l.s.p.S/mm new sourcePath: /Users/atalati/vscode-extension/main-repo/javavscode/netbeans/java/java.lsp.server/build/test/unit/work/o.n.m.j.l.s.p.S/mm
May 27, 2024 4:40:21 PM org.netbeans.modules.java.source.parsing.JavacParser init
WARNING: ClassPath identity changed for /Users/atalati/vscode-extension/main-repo/javavscode/netbeans/java/java.lsp.server/build/test/unit/work/o.n.m.j.l.s.p.S/fi/Test.java@1dfe0878:5f46da15, class path owner: /Users/atalati/vscode-extension/main-repo/javavscode/netbeans/java/java.lsp.server/build/test/unit/work/o.n.m.j.l.s.p.S/fi (class org.netbeans.modules.java.lsp.server.protocol.ServerTest$TestProjectFactory$4) original sourcePath: /Users/atalati/vscode-extension/main-repo/javavscode/netbeans/java/java.lsp.server/build/test/unit/work/o.n.m.j.l.s.p.S/fi new sourcePath: /Users/atalati/vscode-extension/main-repo/javavscode/netbeans/java/java.lsp.server/build/test/unit/work/o.n.m.j.l.s.p.S/fi
May 27, 2024 4:40:21 PM org.netbeans.modules.java.source.parsing.JavacParser init
WARNING: ClassPath identity changed for /Users/atalati/vscode-extension/main-repo/javavscode/netbeans/java/java.lsp.server/build/test/unit/work/o.n.m.j.l.s.p.S/fu/Test.java@18b7eb64:458c2054, class path owner: /Users/atalati/vscode-extension/main-repo/javavscode/netbeans/java/java.lsp.server/build/test/unit/work/o.n.m.j.l.s.p.S/fu (class org.netbeans.modules.java.lsp.server.protocol.ServerTest$TestProjectFactory$4) original sourcePath: /Users/atalati/vscode-extension/main-repo/javavscode/netbeans/java/java.lsp.server/build/test/unit/work/o.n.m.j.l.s.p.S/fu new sourcePath: /Users/atalati/vscode-extension/main-repo/javavscode/netbeans/java/java.lsp.server/build/test/unit/work/o.n.m.j.l.s.p.S/fu
May 27, 2024 4:40:21 PM org.netbeans.modules.java.source.parsing.JavacParser init
WARNING: ClassPath identity changed for /Users/atalati/vscode-extension/main-repo/javavscode/netbeans/java/java.lsp.server/build/test/unit/work/o.n.m.j.l.s.p.S/neahf/Test.java@eb60d2b1:5ae66d0b, class path owner: null original sourcePath: /Users/atalati/vscode-extension/main-repo/javavscode/netbeans/java/java.lsp.server/build/test/unit/work/o.n.m.j.l.s.p.S/neahf new sourcePath: /Users/atalati/vscode-extension/main-repo/javavscode/netbeans/java/java.lsp.server/build/test/unit/work/o.n.m.j.l.s.p.S/neahf
May 27, 2024 4:40:22 PM org.netbeans.modules.java.source.parsing.JavacParser init
WARNING: ClassPath identity changed for /Users/atalati/vscode-extension/main-repo/javavscode/netbeans/java/java.lsp.server/build/test/unit/work/o.n.m.j.l.s.p.S/cagvfop/Test.java@2e66cfa3:631b0f6b, class path owner: null original sourcePath: /Users/atalati/vscode-extension/main-repo/javavscode/netbeans/java/java.lsp.server/build/test/unit/work/o.n.m.j.l.s.p.S/cagvfop new sourcePath: /Users/atalati/vscode-extension/main-repo/javavscode/netbeans/java/java.lsp.server/build/test/unit/work/o.n.m.j.l.s.p.S/cagvfop
May 27, 2024 4:40:22 PM org.netbeans.modules.java.source.parsing.JavacParser init
WARNING: ClassPath identity changed for /Users/atalati/vscode-extension/main-repo/javavscode/netbeans/java/java.lsp.server/build/test/unit/work/o.n.m.j.l.s.p.S/cagc-1/Test.java@e9376555:14713586, class path owner: null original sourcePath: /Users/atalati/vscode-extension/main-repo/javavscode/netbeans/java/java.lsp.server/build/test/unit/work/o.n.m.j.l.s.p.S/cagc-1 new sourcePath: /Users/atalati/vscode-extension/main-repo/javavscode/netbeans/java/java.lsp.server/build/test/unit/work/o.n.m.j.l.s.p.S/cagc-1
May 27, 2024 4:40:22 PM org.netbeans.modules.java.source.parsing.JavacParser init
WARNING: ClassPath identity changed for /Users/atalati/vscode-extension/main-repo/javavscode/netbeans/java/java.lsp.server/build/test/unit/work/o.n.m.j.l.s.p.S/sats/Test.java@1f26e9a2:3430d24, class path owner: null original sourcePath: /Users/atalati/vscode-extension/main-repo/javavscode/netbeans/java/java.lsp.server/build/test/unit/work/o.n.m.j.l.s.p.S/sats new sourcePath: /Users/atalati/vscode-extension/main-repo/javavscode/netbeans/java/java.lsp.server/build/test/unit/work/o.n.m.j.l.s.p.S/sats
May 27, 2024 4:40:22 PM org.netbeans.modules.java.source.parsing.JavacParser init
WARNING: ClassPath identity changed for /Users/atalati/vscode-extension/main-repo/javavscode/netbeans/java/java.lsp.server/build/test/unit/work/o.n.m.j.l.s.p.S/caiaamie/Test.java@5976eef5:76990e1e, class path owner: null original sourcePath: /Users/atalati/vscode-extension/main-repo/javavscode/netbeans/java/java.lsp.server/build/test/unit/work/o.n.m.j.l.s.p.S/caiaamie new sourcePath: /Users/atalati/vscode-extension/main-repo/javavscode/netbeans/java/java.lsp.server/build/test/unit/work/o.n.m.j.l.s.p.S/caiaamie
May 27, 2024 4:40:22 PM org.netbeans.modules.java.source.parsing.JavacParser init
WARNING: ClassPath identity changed for /Users/atalati/vscode-extension/main-repo/javavscode/netbeans/java/java.lsp.server/build/test/unit/work/o.n.m.j.l.s.p.S/ac/Test.java@7a0aa719:70ff6041, class path owner: /Users/atalati/vscode-extension/main-repo/javavscode/netbeans/java/java.lsp.server/build/test/unit/work/o.n.m.j.l.s.p.S/ac (class org.netbeans.modules.java.lsp.server.protocol.ServerTest$TestProjectFactory$4) original sourcePath: /Users/atalati/vscode-extension/main-repo/javavscode/netbeans/java/java.lsp.server/build/test/unit/work/o.n.m.j.l.s.p.S/ac new sourcePath: /Users/atalati/vscode-extension/main-repo/javavscode/netbeans/java/java.lsp.server/build/test/unit/work/o.n.m.j.l.s.p.S/ac
May 27, 2024 4:40:22 PM org.netbeans.modules.java.source.parsing.JavacParser init
WARNING: ClassPath identity changed for /Users/atalati/vscode-extension/main-repo/javavscode/netbeans/java/java.lsp.server/build/test/unit/work/o.n.m.j.l.s.p.S/pu/a/Test.java@90f3e8ac:1707d449, class path owner: /Users/atalati/vscode-extension/main-repo/javavscode/netbeans/java/java.lsp.server/build/test/unit/work/o.n.m.j.l.s.p.S/pu (class org.netbeans.modules.java.lsp.server.protocol.ServerTest$TestProjectFactory$4) original sourcePath: /Users/atalati/vscode-extension/main-repo/javavscode/netbeans/java/java.lsp.server/build/test/unit/work/o.n.m.j.l.s.p.S/pu new sourcePath: /Users/atalati/vscode-extension/main-repo/javavscode/netbeans/java/java.lsp.server/build/test/unit/work/o.n.m.j.l.s.p.S/pu
May 27, 2024 4:40:22 PM org.netbeans.modules.java.source.parsing.JavacParser init
WARNING: ClassPath identity changed for /Users/atalati/vscode-extension/main-repo/javavscode/netbeans/java/java.lsp.server/build/test/unit/work/o.n.m.j.l.s.p.S/gtsi/Test.java@63f576f8:171aea74, class path owner: null original sourcePath: /Users/atalati/vscode-extension/main-repo/javavscode/netbeans/java/java.lsp.server/build/test/unit/work/o.n.m.j.l.s.p.S/gtsi new sourcePath: /Users/atalati/vscode-extension/main-repo/javavscode/netbeans/java/java.lsp.server/build/test/unit/work/o.n.m.j.l.s.p.S/gtsi
May 27, 2024 4:40:22 PM org.netbeans.modules.java.source.parsing.JavacParser init
WARNING: ClassPath identity changed for /Users/atalati/vscode-extension/main-repo/javavscode/netbeans/java/java.lsp.server/build/test/unit/work/o.n.m.j.l.s.p.S/mo/Test.java@d1364199:31bc1d7c, class path owner: null original sourcePath: /Users/atalati/vscode-extension/main-repo/javavscode/netbeans/java/java.lsp.server/build/test/unit/work/o.n.m.j.l.s.p.S/mo new sourcePath: /Users/atalati/vscode-extension/main-repo/javavscode/netbeans/java/java.lsp.server/build/test/unit/work/o.n.m.j.l.s.p.S/mo
May 27, 2024 4:40:22 PM org.netbeans.modules.java.source.parsing.JavacParser init
WARNING: ClassPath identity changed for /Users/atalati/vscode-extension/main-repo/javavscode/netbeans/java/java.lsp.server/build/test/unit/work/o.n.m.j.l.s.p.S/cawr/Test.java@83950a0e:1e256438, class path owner: null original sourcePath: /Users/atalati/vscode-extension/main-repo/javavscode/netbeans/java/java.lsp.server/build/test/unit/work/o.n.m.j.l.s.p.S/cawr new sourcePath: /Users/atalati/vscode-extension/main-repo/javavscode/netbeans/java/java.lsp.server/build/test/unit/work/o.n.m.j.l.s.p.S/cawr
May 27, 2024 4:40:22 PM org.netbeans.modules.java.source.parsing.JavacParser init
WARNING: ClassPath identity changed for /Users/atalati/vscode-extension/main-repo/javavscode/netbeans/java/java.lsp.server/build/test/unit/work/o.n.m.j.l.s.p.S/dopl/Test2.java@f129f6b0:5cef8a46, class path owner: null original sourcePath: /Users/atalati/vscode-extension/main-repo/javavscode/netbeans/java/java.lsp.server/build/test/unit/work/o.n.m.j.l.s.p.S/dopl new sourcePath: /Users/atalati/vscode-extension/main-repo/javavscode/netbeans/java/java.lsp.server/build/test/unit/work/o.n.m.j.l.s.p.S/dopl
May 27, 2024 4:40:22 PM org.netbeans.modules.java.source.parsing.JavacParser init
WARNING: ClassPath identity changed for /Users/atalati/vscode-extension/main-repo/javavscode/netbeans/java/java.lsp.server/build/test/unit/work/o.n.m.j.l.s.p.S/dopl/Test3.java@f2fd2e51:bd3dc98, class path owner: null original sourcePath: /Users/atalati/vscode-extension/main-repo/javavscode/netbeans/java/java.lsp.server/build/test/unit/work/o.n.m.j.l.s.p.S/dopl new sourcePath: /Users/atalati/vscode-extension/main-repo/javavscode/netbeans/java/java.lsp.server/build/test/unit/work/o.n.m.j.l.s.p.S/dopl
May 27, 2024 4:40:22 PM org.netbeans.modules.java.source.parsing.JavacParser init
WARNING: ClassPath identity changed for /Users/atalati/vscode-extension/main-repo/javavscode/netbeans/java/java.lsp.server/build/test/unit/work/o.n.m.j.l.s.p.S/dopl/Test.java@bd4a9bbc:d189352, class path owner: null original sourcePath: /Users/atalati/vscode-extension/main-repo/javavscode/netbeans/java/java.lsp.server/build/test/unit/work/o.n.m.j.l.s.p.S/dopl new sourcePath: /Users/atalati/vscode-extension/main-repo/javavscode/netbeans/java/java.lsp.server/build/test/unit/work/o.n.m.j.l.s.p.S/dopl
May 27, 2024 4:40:22 PM org.netbeans.modules.java.source.parsing.JavacParser init
WARNING: ClassPath identity changed for /Users/atalati/vscode-extension/main-repo/javavscode/netbeans/java/java.lsp.server/build/test/unit/work/o.n.m.j.l.s.p.S/gti/Test.java@7dc8ce5:5778d874, class path owner: /Users/atalati/vscode-extension/main-repo/javavscode/netbeans/java/java.lsp.server/build/test/unit/work/o.n.m.j.l.s.p.S/gti (class org.netbeans.modules.java.lsp.server.protocol.ServerTest$TestProjectFactory$4) original sourcePath: /Users/atalati/vscode-extension/main-repo/javavscode/netbeans/java/java.lsp.server/build/test/unit/work/o.n.m.j.l.s.p.S/gti new sourcePath: /Users/atalati/vscode-extension/main-repo/javavscode/netbeans/java/java.lsp.server/build/test/unit/work/o.n.m.j.l.s.p.S/gti
May 27, 2024 4:40:22 PM org.netbeans.modules.java.source.parsing.JavacParser init
WARNING: ClassPath identity changed for /Users/atalati/vscode-extension/main-repo/javavscode/netbeans/java/java.lsp.server/build/test/unit/work/o.n.m.j.l.s.p.S/caiaamic/Test.java@2f880073:3a94243d, class path owner: null original sourcePath: /Users/atalati/vscode-extension/main-repo/javavscode/netbeans/java/java.lsp.server/build/test/unit/work/o.n.m.j.l.s.p.S/caiaamic new sourcePath: /Users/atalati/vscode-extension/main-repo/javavscode/netbeans/java/java.lsp.server/build/test/unit/work/o.n.m.j.l.s.p.S/caiaamic
May 27, 2024 4:40:22 PM org.netbeans.modules.java.source.parsing.JavacParser init
WARNING: ClassPath identity changed for /Users/atalati/vscode-extension/main-repo/javavscode/netbeans/java/java.lsp.server/build/test/unit/work/o.n.m.j.l.s.p.S/caiaamiac/Test.java@5be81650:1700fcb8, class path owner: null original sourcePath: /Users/atalati/vscode-extension/main-repo/javavscode/netbeans/java/java.lsp.server/build/test/unit/work/o.n.m.j.l.s.p.S/caiaamiac new sourcePath: /Users/atalati/vscode-extension/main-repo/javavscode/netbeans/java/java.lsp.server/build/test/unit/work/o.n.m.j.l.s.p.S/caiaamiac
May 27, 2024 4:40:22 PM org.netbeans.modules.project.ui.OpenProjectList log
INFO: USG_PROJECT_CLOSE
Creating a client for testcase: testFindDebugAttachConfigurations
May 27, 2024 4:40:22 PM org.netbeans.modules.java.lsp.server.protocol.Server$LanguageServerImpl lambda$asyncOpenSelectedProjects1$9
INFO: 0 projects opened in 0ms
Working directory: /Users/atalati/vscode-extension/main-repo/javavscode/netbeans/java/java.lsp.server/build/test/unit/work/o.n.m.j.l.s.p.S/fdac
Creating a client for testcase: testSourceActionConstructor
May 27, 2024 4:40:22 PM org.netbeans.modules.java.lsp.server.protocol.Server$LanguageServerImpl lambda$asyncOpenSelectedProjects1$9
INFO: 0 projects opened in 0ms
May 27, 2024 4:40:22 PM org.netbeans.modules.java.source.parsing.JavacParser init
WARNING: ClassPath identity changed for /Users/atalati/vscode-extension/main-repo/javavscode/netbeans/java/java.lsp.server/build/test/unit/work/o.n.m.j.l.s.p.S/sats/Test.java@1f26e9a2:3430d24, class path owner: null original sourcePath: /Users/atalati/vscode-extension/main-repo/javavscode/netbeans/java/java.lsp.server/build/test/unit/work/o.n.m.j.l.s.p.S/sats new sourcePath: /Users/atalati/vscode-extension/main-repo/javavscode/netbeans/java/java.lsp.server/build/test/unit/work/o.n.m.j.l.s.p.S/sats
May 27, 2024 4:40:22 PM org.netbeans.modules.java.source.parsing.JavacParser init
WARNING: ClassPath identity changed for /Users/atalati/vscode-extension/main-repo/javavscode/netbeans/java/java.lsp.server/build/test/unit/work/o.n.m.j.l.s.p.S/caiaamie/Test.java@5976eef5:76990e1e, class path owner: null original sourcePath: /Users/atalati/vscode-extension/main-repo/javavscode/netbeans/java/java.lsp.server/build/test/unit/work/o.n.m.j.l.s.p.S/caiaamie new sourcePath: /Users/atalati/vscode-extension/main-repo/javavscode/netbeans/java/java.lsp.server/build/test/unit/work/o.n.m.j.l.s.p.S/caiaamie
May 27, 2024 4:40:22 PM org.netbeans.modules.java.source.parsing.JavacParser init
WARNING: ClassPath identity changed for /Users/atalati/vscode-extension/main-repo/javavscode/netbeans/java/java.lsp.server/build/test/unit/work/o.n.m.j.l.s.p.S/ac/Test.java@7a0aa719:70ff6041, class path owner: /Users/atalati/vscode-extension/main-repo/javavscode/netbeans/java/java.lsp.server/build/test/unit/work/o.n.m.j.l.s.p.S/ac (class org.netbeans.modules.java.lsp.server.protocol.ServerTest$TestProjectFactory$4) original sourcePath: /Users/atalati/vscode-extension/main-repo/javavscode/netbeans/java/java.lsp.server/build/test/unit/work/o.n.m.j.l.s.p.S/ac new sourcePath: /Users/atalati/vscode-extension/main-repo/javavscode/netbeans/java/java.lsp.server/build/test/unit/work/o.n.m.j.l.s.p.S/ac
May 27, 2024 4:40:23 PM org.netbeans.modules.java.source.parsing.JavacParser init
WARNING: ClassPath identity changed for /Users/atalati/vscode-extension/main-repo/javavscode/netbeans/java/java.lsp.server/build/test/unit/work/o.n.m.j.l.s.p.S/pu/a/Test.java@90f3e8ac:1707d449, class path owner: /Users/atalati/vscode-extension/main-repo/javavscode/netbeans/java/java.lsp.server/build/test/unit/work/o.n.m.j.l.s.p.S/pu (class org.netbeans.modules.java.lsp.server.protocol.ServerTest$TestProjectFactory$4) original sourcePath: /Users/atalati/vscode-extension/main-repo/javavscode/netbeans/java/java.lsp.server/build/test/unit/work/o.n.m.j.l.s.p.S/pu new sourcePath: /Users/atalati/vscode-extension/main-repo/javavscode/netbeans/java/java.lsp.server/build/test/unit/work/o.n.m.j.l.s.p.S/pu
May 27, 2024 4:40:23 PM org.netbeans.modules.java.source.parsing.JavacParser init
WARNING: ClassPath identity changed for /Users/atalati/vscode-extension/main-repo/javavscode/netbeans/java/java.lsp.server/build/test/unit/work/o.n.m.j.l.s.p.S/gtsi/Test.java@63f576f8:171aea74, class path owner: null original sourcePath: /Users/atalati/vscode-extension/main-repo/javavscode/netbeans/java/java.lsp.server/build/test/unit/work/o.n.m.j.l.s.p.S/gtsi new sourcePath: /Users/atalati/vscode-extension/main-repo/javavscode/netbeans/java/java.lsp.server/build/test/unit/work/o.n.m.j.l.s.p.S/gtsi
May 27, 2024 4:40:23 PM org.netbeans.modules.java.source.parsing.JavacParser init
WARNING: ClassPath identity changed for /Users/atalati/vscode-extension/main-repo/javavscode/netbeans/java/java.lsp.server/build/test/unit/work/o.n.m.j.l.s.p.S/mo/Test.java@d1364199:31bc1d7c, class path owner: null original sourcePath: /Users/atalati/vscode-extension/main-repo/javavscode/netbeans/java/java.lsp.server/build/test/unit/work/o.n.m.j.l.s.p.S/mo new sourcePath: /Users/atalati/vscode-extension/main-repo/javavscode/netbeans/java/java.lsp.server/build/test/unit/work/o.n.m.j.l.s.p.S/mo
May 27, 2024 4:40:23 PM org.netbeans.modules.java.source.parsing.JavacParser init
WARNING: ClassPath identity changed for /Users/atalati/vscode-extension/main-repo/javavscode/netbeans/java/java.lsp.server/build/test/unit/work/o.n.m.j.l.s.p.S/cawr/Test.java@83950a0e:1e256438, class path owner: null original sourcePath: /Users/atalati/vscode-extension/main-repo/javavscode/netbeans/java/java.lsp.server/build/test/unit/work/o.n.m.j.l.s.p.S/cawr new sourcePath: /Users/atalati/vscode-extension/main-repo/javavscode/netbeans/java/java.lsp.server/build/test/unit/work/o.n.m.j.l.s.p.S/cawr
May 27, 2024 4:40:23 PM org.netbeans.modules.java.source.parsing.JavacParser init
WARNING: ClassPath identity changed for /Users/atalati/vscode-extension/main-repo/javavscode/netbeans/java/java.lsp.server/build/test/unit/work/o.n.m.j.l.s.p.S/dopl/Test2.java@f129f6b0:5cef8a46, class path owner: null original sourcePath: /Users/atalati/vscode-extension/main-repo/javavscode/netbeans/java/java.lsp.server/build/test/unit/work/o.n.m.j.l.s.p.S/dopl new sourcePath: /Users/atalati/vscode-extension/main-repo/javavscode/netbeans/java/java.lsp.server/build/test/unit/work/o.n.m.j.l.s.p.S/dopl
May 27, 2024 4:40:23 PM org.netbeans.modules.java.source.parsing.JavacParser init
WARNING: ClassPath identity changed for /Users/atalati/vscode-extension/main-repo/javavscode/netbeans/java/java.lsp.server/build/test/unit/work/o.n.m.j.l.s.p.S/dopl/Test3.java@f2fd2e51:bd3dc98, class path owner: null original sourcePath: /Users/atalati/vscode-extension/main-repo/javavscode/netbeans/java/java.lsp.server/build/test/unit/work/o.n.m.j.l.s.p.S/dopl new sourcePath: /Users/atalati/vscode-extension/main-repo/javavscode/netbeans/java/java.lsp.server/build/test/unit/work/o.n.m.j.l.s.p.S/dopl
May 27, 2024 4:40:23 PM org.netbeans.modules.java.source.parsing.JavacParser init
WARNING: ClassPath identity changed for /Users/atalati/vscode-extension/main-repo/javavscode/netbeans/java/java.lsp.server/build/test/unit/work/o.n.m.j.l.s.p.S/dopl/Test.java@bd4a9bbc:d189352, class path owner: null original sourcePath: /Users/atalati/vscode-extension/main-repo/javavscode/netbeans/java/java.lsp.server/build/test/unit/work/o.n.m.j.l.s.p.S/dopl new sourcePath: /Users/atalati/vscode-extension/main-repo/javavscode/netbeans/java/java.lsp.server/build/test/unit/work/o.n.m.j.l.s.p.S/dopl
May 27, 2024 4:40:23 PM org.netbeans.modules.java.source.parsing.JavacParser init
WARNING: ClassPath identity changed for /Users/atalati/vscode-extension/main-repo/javavscode/netbeans/java/java.lsp.server/build/test/unit/work/o.n.m.j.l.s.p.S/gti/Test.java@7dc8ce5:5778d874, class path owner: /Users/atalati/vscode-extension/main-repo/javavscode/netbeans/java/java.lsp.server/build/test/unit/work/o.n.m.j.l.s.p.S/gti (class org.netbeans.modules.java.lsp.server.protocol.ServerTest$TestProjectFactory$4) original sourcePath: /Users/atalati/vscode-extension/main-repo/javavscode/netbeans/java/java.lsp.server/build/test/unit/work/o.n.m.j.l.s.p.S/gti new sourcePath: /Users/atalati/vscode-extension/main-repo/javavscode/netbeans/java/java.lsp.server/build/test/unit/work/o.n.m.j.l.s.p.S/gti
May 27, 2024 4:40:23 PM org.netbeans.modules.java.source.parsing.JavacParser init
WARNING: ClassPath identity changed for /Users/atalati/vscode-extension/main-repo/javavscode/netbeans/java/java.lsp.server/build/test/unit/work/o.n.m.j.l.s.p.S/saehc/Test.java@20b3203b:6a0e3571, class path owner: null original sourcePath: /Users/atalati/vscode-extension/main-repo/javavscode/netbeans/java/java.lsp.server/build/test/unit/work/o.n.m.j.l.s.p.S/saehc new sourcePath: /Users/atalati/vscode-extension/main-repo/javavscode/netbeans/java/java.lsp.server/build/test/unit/work/o.n.m.j.l.s.p.S/saehc
May 27, 2024 4:40:23 PM org.netbeans.modules.java.source.parsing.JavacParser init
WARNING: ClassPath identity changed for /Users/atalati/vscode-extension/main-repo/javavscode/netbeans/java/java.lsp.server/build/test/unit/work/o.n.m.j.l.s.p.S/caiaamic/Test.java@2f880073:3a94243d, class path owner: null original sourcePath: /Users/atalati/vscode-extension/main-repo/javavscode/netbeans/java/java.lsp.server/build/test/unit/work/o.n.m.j.l.s.p.S/caiaamic new sourcePath: /Users/atalati/vscode-extension/main-repo/javavscode/netbeans/java/java.lsp.server/build/test/unit/work/o.n.m.j.l.s.p.S/caiaamic
May 27, 2024 4:40:23 PM org.netbeans.modules.java.source.parsing.JavacParser init
WARNING: ClassPath identity changed for /Users/atalati/vscode-extension/main-repo/javavscode/netbeans/java/java.lsp.server/build/test/unit/work/o.n.m.j.l.s.p.S/caiaamiac/Test.java@5be81650:1700fcb8, class path owner: null original sourcePath: /Users/atalati/vscode-extension/main-repo/javavscode/netbeans/java/java.lsp.server/build/test/unit/work/o.n.m.j.l.s.p.S/caiaamiac new sourcePath: /Users/atalati/vscode-extension/main-repo/javavscode/netbeans/java/java.lsp.server/build/test/unit/work/o.n.m.j.l.s.p.S/caiaamiac
May 27, 2024 4:40:23 PM org.netbeans.modules.parsing.impl.indexing.RepositoryUpdater$Work reportIndexingStart
INFO: Indexing started, time from last indexing 2,052 ms.
May 27, 2024 4:40:23 PM org.netbeans.modules.parsing.impl.indexing.RepositoryUpdater$RootsWork getDone
INFO: Resolving dependencies took: 0 ms
May 27, 2024 4:40:23 PM org.netbeans.modules.parsing.impl.indexing.RepositoryUpdater$AbstractRootsWork scanBinaries
INFO: Complete indexing of 0 binary roots took: 0 ms
May 27, 2024 4:40:23 PM org.netbeans.modules.parsing.impl.indexing.RepositoryUpdater$AbstractRootsWork scanSources
INFO: Complete indexing of 0 source roots took: 0 ms (New or modified files: 0, Deleted files: 0) [Adding listeners took: 0 ms]
May 27, 2024 4:40:23 PM org.netbeans.modules.parsing.impl.indexing.RepositoryUpdater$Work reportIndexerStatistics
INFO: Indexing finished, indexing took 2 ms.
May 27, 2024 4:40:23 PM org.netbeans.modules.java.source.parsing.JavacParser init
WARNING: ClassPath identity changed for /Users/atalati/vscode-extension/main-repo/javavscode/netbeans/java/java.lsp.server/build/test/unit/work/o.n.m.j.l.s.p.S/es/a/Test.java@ff4153f7:1210aea, class path owner: /Users/atalati/vscode-extension/main-repo/javavscode/netbeans/java/java.lsp.server/build/test/unit/work/o.n.m.j.l.s.p.S/es (class org.netbeans.modules.java.lsp.server.protocol.ServerTest$TestProjectFactory$4) original sourcePath: /Users/atalati/vscode-extension/main-repo/javavscode/netbeans/java/java.lsp.server/build/test/unit/work/o.n.m.j.l.s.p.S/es new sourcePath: /Users/atalati/vscode-extension/main-repo/javavscode/netbeans/java/java.lsp.server/build/test/unit/work/o.n.m.j.l.s.p.S/es
May 27, 2024 4:40:23 PM org.netbeans.modules.java.source.parsing.JavacParser init
WARNING: ClassPath identity changed for /Users/atalati/vscode-extension/main-repo/javavscode/netbeans/java/java.lsp.server/build/test/unit/work/o.n.m.j.l.s.p.S/caim/Test.java@2f4b8339:47b5d12a, class path owner: null original sourcePath: /Users/atalati/vscode-extension/main-repo/javavscode/netbeans/java/java.lsp.server/build/test/unit/work/o.n.m.j.l.s.p.S/caim new sourcePath: /Users/atalati/vscode-extension/main-repo/javavscode/netbeans/java/java.lsp.server/build/test/unit/work/o.n.m.j.l.s.p.S/caim
May 27, 2024 4:40:23 PM org.netbeans.modules.java.source.parsing.JavacParser init
WARNING: ClassPath identity changed for /Users/atalati/vscode-extension/main-repo/javavscode/netbeans/java/java.lsp.server/build/test/unit/work/o.n.m.j.l.s.p.S/cmp/a/Test.java@78880161:1cd61388, class path owner: /Users/atalati/vscode-extension/main-repo/javavscode/netbeans/java/java.lsp.server/build/test/unit/work/o.n.m.j.l.s.p.S/cmp (class org.netbeans.modules.java.lsp.server.protocol.ServerTest$TestProjectFactory$4) original sourcePath: /Users/atalati/vscode-extension/main-repo/javavscode/netbeans/java/java.lsp.server/build/test/unit/work/o.n.m.j.l.s.p.S/cmp new sourcePath: /Users/atalati/vscode-extension/main-repo/javavscode/netbeans/java/java.lsp.server/build/test/unit/work/o.n.m.j.l.s.p.S/cmp
May 27, 2024 4:40:23 PM org.netbeans.modules.java.source.parsing.JavacParser init
WARNING: ClassPath identity changed for /Users/atalati/vscode-extension/main-repo/javavscode/netbeans/java/java.lsp.server/build/test/unit/work/o.n.m.j.l.s.p.S/m/Test.java@96357854:2cb18a69, class path owner: null original sourcePath: /Users/atalati/vscode-extension/main-repo/javavscode/netbeans/java/java.lsp.server/build/test/unit/work/o.n.m.j.l.s.p.S/m new sourcePath: /Users/atalati/vscode-extension/main-repo/javavscode/netbeans/java/java.lsp.server/build/test/unit/work/o.n.m.j.l.s.p.S/m
May 27, 2024 4:40:23 PM org.netbeans.modules.java.source.parsing.JavacParser init
WARNING: ClassPath identity changed for /Users/atalati/vscode-extension/main-repo/javavscode/netbeans/java/java.lsp.server/build/test/unit/work/o.n.m.j.l.s.p.S/sac/Test.java@2675e57c:131697e9, class path owner: null original sourcePath: /Users/atalati/vscode-extension/main-repo/javavscode/netbeans/java/java.lsp.server/build/test/unit/work/o.n.m.j.l.s.p.S/sac new sourcePath: /Users/atalati/vscode-extension/main-repo/javavscode/netbeans/java/java.lsp.server/build/test/unit/work/o.n.m.j.l.s.p.S/sac
Creating a client for testcase: testCodeFolding
May 27, 2024 4:40:23 PM org.netbeans.modules.java.lsp.server.protocol.Server$LanguageServerImpl lambda$asyncOpenSelectedProjects1$9
INFO: 0 projects opened in 0ms
]]></system-err>
</testsuite>
