<?xml version="1.0" encoding="UTF-8" ?>
<testsuite errors="0" failures="1" hostname="ARSAPRE-7420" name="org.netbeans.modules.java.lsp.server.protocol.ServerTest" skipped="0" tests="62" time="442.88" timestamp="2024-05-28T13:32:01">
  <properties>
    <property name="java/api.java.dir" value="C:\Project\github\javavscode\netbeans\nbbuild\netbeans/java" />
    <property name="php/php.apigen.dir" value="C:\Project\github\javavscode\netbeans\nbbuild\netbeans/php" />
    <property name="j2ee.ddloaders.dir" value="C:\Project\github\javavscode\netbeans\nbbuild\netbeans/enterprise" />
    <property name="java/java.guards.dir" value="C:\Project\github\javavscode\netbeans\nbbuild\netbeans/java" />
    <property name="java.hints.legacy.spi.dir" value="C:\Project\github\javavscode\netbeans\nbbuild\netbeans/java" />
    <property name="java/java.mx.project.dir" value="C:\Project\github\javavscode\netbeans\nbbuild\netbeans/java" />
    <property name="java/java.j2seplatform.dir" value="C:\Project\github\javavscode\netbeans\nbbuild\netbeans/java" />
    <property name="php.refactoring.dir" value="C:\Project\github\javavscode\netbeans\nbbuild\netbeans/php" />
    <property name="module.files.toString" value="patternSet{ includes: [modules/ext/org.eclipse.lsp4j.jsonrpc.debug-0.13.0.jar, modules/ext/org.eclipse.xtext.xbase.lib-2.24.0.jar, modules/ext/org.eclipse.lsp4j.debug-0.13.0.jar, modules/ext/org.eclipse.xtend.lib.macro-2.24.0.jar, modules/ext/org.eclipse.xtend.lib-2.24.0.jar, modules/ext/org.eclipse.lsp4j-0.13.0.jar, modules/ext/org.eclipse.lsp4j.jsonrpc-0.13.0.jar, modules/ext/org.eclipse.lsp4j.generator-0.13.0.jar, modules/org-netbeans-modules-java-lsp-server.jar, modules/docs/org-netbeans-modules-java-lsp-server.jar:if-&gt;has.javahelp, config/Modules/org-netbeans-modules-java-lsp-server.xml, config/ModuleAutoDeps/org-netbeans-modules-java-lsp-server.xml:if-&gt;has.module.auto.deps, ant/nblib/org-netbeans-modules-java-lsp-server.jar] excludes: [] }" />
    <property name="javascript2.source.query.dir" value="C:\Project\github\javavscode\netbeans\nbbuild\netbeans/webcommon" />
    <property name="java/debugger.jpda.kit.dir" value="C:\Project\github\javavscode\netbeans\nbbuild\netbeans/java" />
    <property name="enterprise/jakartaee9.api.dir" value="C:\Project\github\javavscode\netbeans\nbbuild\netbeans/enterprise" />
    <property name="nb.cluster.websvccommon.dir" value="websvccommon" />
    <property name="nb.cluster.webcommon.dir" value="webcommon" />
    <property name="webcommon/javascript2.jquery.dir" value="C:\Project\github\javavscode\netbeans\nbbuild\netbeans/webcommon" />
    <property name="openide.nodes.dir" value="C:\Project\github\javavscode\netbeans\nbbuild\netbeans/platform" />
    <property name="groovy/groovy.samples.dir" value="C:\Project\github\javavscode\netbeans\nbbuild\netbeans/groovy" />
    <property name="cpplite/cpplite.kit.dir" value="C:\Project\github\javavscode\netbeans\nbbuild\netbeans/cpplite" />
    <property name="profiler/profiler.nbmodule.dir" value="C:\Project\github\javavscode\netbeans\nbbuild\netbeans/profiler" />
    <property name="ide/editor.util.dir" value="C:\Project\github\javavscode\netbeans\nbbuild\netbeans/ide" />
    <property name="ant.freeform.dir" value="C:\Project\github\javavscode\netbeans\nbbuild\netbeans/java" />
    <property name="code.name.base.dashes" value="org-netbeans-modules-java-lsp-server" />
    <property name="enterprise/j2ee.clientproject.dir" value="C:\Project\github\javavscode\netbeans\nbbuild\netbeans/enterprise" />
    <property name="cpplite/cpplite.debugger.dir" value="C:\Project\github\javavscode\netbeans\nbbuild\netbeans/cpplite" />
    <property name="ide/editor.tools.storage.dir" value="C:\Project\github\javavscode\netbeans\nbbuild\netbeans/ide" />
    <property name="ide/o.eclipse.mylyn.commons.net.dir" value="C:\Project\github\javavscode\netbeans\nbbuild\netbeans/ide" />
    <property name="gradle.dependencies.dir" value="C:\Project\github\javavscode\netbeans\nbbuild\netbeans/java" />
    <property name="groovy/groovy.gsp.dir" value="C:\Project\github\javavscode\netbeans\nbbuild\netbeans/groovy" />
    <property name="j2ee.persistenceapi.dir" value="C:\Project\github\javavscode\netbeans\nbbuild\netbeans/java" />
    <property name="websvc.restkit.dir" value="C:\Project\github\javavscode\netbeans\nbbuild\netbeans/enterprise" />
    <property name="nb.cluster.harness.depends" value="nb.cluster.platform" />
    <property name="o.eclipse.mylyn.tasks.core.dir" value="C:\Project\github\javavscode\netbeans\nbbuild\netbeans/ide" />
    <property name="payara.micro.dir" value="C:\Project\github\javavscode\netbeans\nbbuild\netbeans/enterprise" />
    <property name="ide/gsf.testrunner.ui.dir" value="C:\Project\github\javavscode\netbeans\nbbuild\netbeans/ide" />
    <property name="xml.wsdl.model.dir" value="C:\Project\github\javavscode\netbeans\nbbuild\netbeans/ide" />
    <property name="platform/core.multitabs.dir" value="C:\Project\github\javavscode\netbeans\nbbuild\netbeans/platform" />
    <property name="php.api.templates.dir" value="C:\Project\github\javavscode\netbeans\nbbuild\netbeans/php" />
    <property name="el.lexer.dir" value="C:\Project\github\javavscode\netbeans\nbbuild\netbeans/enterprise" />
    <property name="enterprise/cloud.oracle.dir" value="C:\Project\github\javavscode\netbeans\nbbuild\netbeans/enterprise" />
    <property name="enterprise/maven.j2ee.dir" value="C:\Project\github\javavscode\netbeans\nbbuild\netbeans/enterprise" />
    <property name="core.browser.webview.dir" value="C:\Project\github\javavscode\netbeans\nbbuild\netbeans/ide" />
    <property name="db.dataview.dir" value="C:\Project\github\javavscode\netbeans\nbbuild\netbeans/ide" />
    <property name="gradle.htmlui.dir" value="C:\Project\github\javavscode\netbeans\nbbuild\netbeans/java" />
    <property name="php/php.api.editor.dir" value="C:\Project\github\javavscode\netbeans\nbbuild\netbeans/php" />
    <property name="hudson.LOGONSERVER" value="\\ARSAPRE-7420" />
    <property name="java.examples.dir" value="C:\Project\github\javavscode\netbeans\nbbuild\netbeans/java" />
    <property name="platform/javahelp.dir" value="C:\Project\github\javavscode\netbeans\nbbuild\netbeans/platform" />
    <property name="php/php.composer.dir" value="C:\Project\github\javavscode\netbeans\nbbuild\netbeans/php" />
    <property name="java/java.preprocessorbridge.dir" value="C:\Project\github\javavscode\netbeans\nbbuild\netbeans/java" />
    <property name="test.nbjdk.home" value="C:\Project\github\javavscode\netbeans\java\java.lsp.server" />
    <property name="ide/c.jcraft.jzlib.dir" value="C:\Project\github\javavscode\netbeans\nbbuild\netbeans/ide" />
    <property name="libs.graaljs.dir" value="C:\Project\github\javavscode\netbeans\nbbuild\netbeans/webcommon" />
    <property name="form.kit.dir" value="C:\Project\github\javavscode\netbeans\nbbuild\netbeans/java" />
    <property name="bcprov.dir" value="C:\Project\github\javavscode\netbeans\nbbuild\netbeans/ide" />
    <property name="enterprise/web.jspparser.dir" value="C:\Project\github\javavscode\netbeans\nbbuild\netbeans/enterprise" />
    <property name="cloud.oracle.dir" value="C:\Project\github\javavscode\netbeans\nbbuild\netbeans/enterprise" />
    <property name="ide/bcutil.dir" value="C:\Project\github\javavscode\netbeans\nbbuild\netbeans/ide" />
    <property name="java/maven.embedder.dir" value="C:\Project\github\javavscode\netbeans\nbbuild\netbeans/java" />
    <property name="test.unit.src.dir" value="C:\Project\github\javavscode\netbeans\java\java.lsp.server\test\unit\src" />
    <property name="web.browser.api.dir" value="C:\Project\github\javavscode\netbeans\nbbuild\netbeans/ide" />
    <property name="api.htmlui.dir" value="C:\Project\github\javavscode\netbeans\nbbuild\netbeans/platform" />
    <property name="libs.nbjavacapi.dir" value="C:\Project\github\javavscode\netbeans\nbbuild\netbeans/java" />
    <property name="java/gradle.spring.dir" value="C:\Project\github\javavscode\netbeans\nbbuild\netbeans/java" />
    <property name="platform/openide.text.dir" value="C:\Project\github\javavscode\netbeans\nbbuild\netbeans/platform" />
    <property name="ide/html.parser.dir" value="C:\Project\github\javavscode\netbeans\nbbuild\netbeans/ide" />
    <property name="j2ee.ejbjarproject.dir" value="C:\Project\github\javavscode\netbeans\nbbuild\netbeans/enterprise" />
    <property name="apisupport.kit.dir" value="C:\Project\github\javavscode\netbeans\nbbuild\netbeans/apisupport" />
    <property name="enterprise/payara.micro.dir" value="C:\Project\github\javavscode\netbeans\nbbuild\netbeans/enterprise" />
    <property name="enterprise/websvc.design.dir" value="C:\Project\github\javavscode\netbeans\nbbuild\netbeans/enterprise" />
    <property name="libs.nashorn.dir" value="C:\Project\github\javavscode\netbeans\nbbuild\netbeans/webcommon" />
    <property name="java/lib.nbjshell9.dir" value="C:\Project\github\javavscode\netbeans\nbbuild\netbeans/java" />
    <property name="ide/xml.axi.dir" value="C:\Project\github\javavscode\netbeans\nbbuild\netbeans/ide" />
    <property name="javascript2.extdoc.dir" value="C:\Project\github\javavscode\netbeans\nbbuild\netbeans/webcommon" />
    <property name="java.preprocessorbridge.dir" value="C:\Project\github\javavscode\netbeans\nbbuild\netbeans/java" />
    <property name="native.encoding" value="Cp1252" />
    <property name="test.unit.compile.cp" value="C:/Project/github/javavscode/netbeans/nbbuild/netbeans/platform/lib/boot.jar;C:/Project/github/javavscode/netbeans/nbbuild/netbeans/platform/core/core.jar;C:/Project/github/javavscode/netbeans/nbbuild/netbeans/platform/modules/org-netbeans-libs-junit4.jar;C:/Project/github/javavscode/netbeans/nbbuild/netbeans/ide/modules/org-netbeans-modules-editor.jar;C:/Project/github/javavscode/netbeans/nbbuild/netbeans/java/modules/org-netbeans-modules-java-hints-declarative.jar;C:/Project/github/javavscode/netbeans/nbbuild/netbeans/java/modules/org-netbeans-modules-java-j2seplatform.jar;C:/Project/github/javavscode/netbeans/nbbuild/netbeans/java/modules/org-netbeans-modules-java-lexer.jar;C:/Project/github/javavscode/netbeans/nbbuild/netbeans/java/modules/org-netbeans-modules-java-source.jar;C:/Project/github/javavscode/netbeans/nbbuild/netbeans/java/modules/org-netbeans-modules-java-source-base.jar;C:/Project/github/javavscode/netbeans/nbbuild/build/testdist/unit/java/org-netbeans-modules-java-source-base/tests.jar;C:/Project/github/javavscode/netbeans/nbbuild/netbeans/harness/modules/org-netbeans-insane.jar;C:/Project/github/javavscode/netbeans/nbbuild/netbeans/platform/lib/org-openide-util-lookup.jar;C:/Project/github/javavscode/netbeans/nbbuild/netbeans/harness/modules/org-netbeans-modules-nbjunit.jar;C:/Project/github/javavscode/netbeans/nbbuild/netbeans/ide/modules/org-netbeans-modules-parsing-nb.jar;C:/Project/github/javavscode/netbeans/nbbuild/netbeans/ide/modules/org-netbeans-modules-projectapi-nb.jar;C:/Project/github/javavscode/netbeans/nbbuild/netbeans/platform/modules/org-openide-io.jar;C:/Project/github/javavscode/netbeans/nbbuild/netbeans/ide/modules/org-netbeans-modules-projectuiapi-base.jar;C:/Project/github/javavscode/netbeans/nbbuild/netbeans/platform/modules/org-netbeans-api-progress.jar;C:/Project/github/javavscode/netbeans/nbbuild/netbeans/platform/modules/org-openide-execution.jar;C:/Project/github/javavscode/netbeans/nbbuild/netbeans/platform/lib/org-openide-util-ui.jar;C:/Project/github/javavscode/netbeans/nbbuild/netbeans/platform/modules/org-netbeans-swing-plaf.jar;C:/Project/github/javavscode/netbeans/nbbuild/netbeans/platform/lib/org-openide-util.jar;C:/Project/github/javavscode/netbeans/nbbuild/netbeans/platform/modules/org-netbeans-spi-quicksearch.jar;C:/Project/github/javavscode/netbeans/nbbuild/netbeans/platform/core/org-netbeans-libs-asm.jar;C:/Project/github/javavscode/netbeans/nbbuild/netbeans/platform/modules/org-openide-windows.jar;C:/Project/github/javavscode/netbeans/nbbuild/netbeans/platform/modules/org-openide-text.jar;C:/Project/github/javavscode/netbeans/nbbuild/netbeans/platform/modules/org-netbeans-modules-masterfs.jar;C:/Project/github/javavscode/netbeans/nbbuild/netbeans/platform/modules/org-netbeans-modules-options-api.jar;C:/Project/github/javavscode/netbeans/nbbuild/netbeans/platform/modules/org-openide-explorer.jar;C:/Project/github/javavscode/netbeans/nbbuild/netbeans/platform/modules/org-netbeans-modules-favorites.jar;C:/Project/github/javavscode/netbeans/nbbuild/netbeans/platform/lib/org-openide-modules.jar;C:/Project/github/javavscode/netbeans/nbbuild/netbeans/platform/modules/org-netbeans-modules-sampler.jar;C:/Project/github/javavscode/netbeans/nbbuild/netbeans/platform/modules/org-openide-filesystems-nb.jar;C:/Project/github/javavscode/netbeans/nbbuild/netbeans/platform/modules/org-netbeans-modules-keyring.jar;C:/Project/github/javavscode/netbeans/nbbuild/netbeans/platform/modules/org-openide-dialogs.jar;C:/Project/github/javavscode/netbeans/nbbuild/netbeans/platform/modules/org-netbeans-api-templates.jar;C:/Project/github/javavscode/netbeans/nbbuild/netbeans/ide/modules/org-netbeans-modules-project-indexingbridge.jar;C:/Project/github/javavscode/netbeans/nbbuild/netbeans/platform/modules/org-netbeans-modules-queries.jar;C:/Project/github/javavscode/netbeans/nbbuild/netbeans/ide/modules/org-netbeans-modules-projectuiapi.jar;C:/Project/github/javavscode/netbeans/nbbuild/netbeans/platform/modules/org-netbeans-core-execution.jar;C:/Project/github/javavscode/netbeans/nbbuild/netbeans/platform/core/org-openide-filesystems.jar;C:/Project/github/javavscode/netbeans/nbbuild/netbeans/ide/modules/org-netbeans-modules-projectapi.jar;C:/Project/github/javavscode/netbeans/nbbuild/netbeans/platform/modules/org-openide-awt.jar;C:/Project/github/javavscode/netbeans/nbbuild/netbeans/platform/modules/org-netbeans-api-scripting.jar;C:/Project/github/javavscode/netbeans/nbbuild/netbeans/platform/modules/org-netbeans-modules-editor-mimelookup.jar;C:/Project/github/javavscode/netbeans/nbbuild/netbeans/platform/modules/org-netbeans-swing-tabcontrol.jar;C:/Project/github/javavscode/netbeans/nbbuild/netbeans/platform/modules/org-netbeans-api-annotations-common.jar;C:/Project/github/javavscode/netbeans/nbbuild/netbeans/platform/modules/org-netbeans-core.jar;C:/Project/github/javavscode/netbeans/nbbuild/netbeans/platform/modules/org-openide-actions.jar;C:/Project/github/javavscode/netbeans/nbbuild/netbeans/platform/modules/org-netbeans-modules-sendopts.jar;C:/Project/github/javavscode/netbeans/nbbuild/netbeans/platform/modules/org-netbeans-api-io.jar;C:/Project/github/javavscode/netbeans/nbbuild/netbeans/ide/modules/org-netbeans-modules-projectui.jar;C:/Project/github/javavscode/netbeans/nbbuild/netbeans/platform/modules/org-netbeans-api-intent.jar;C:/Project/github/javavscode/netbeans/nbbuild/netbeans/platform/modules/org-openide-loaders.jar;C:/Project/github/javavscode/netbeans/nbbuild/netbeans/platform/modules/org-netbeans-core-ui.jar;C:/Project/github/javavscode/netbeans/nbbuild/netbeans/platform/modules/org-openide-nodes.jar;C:/Project/github/javavscode/netbeans/nbbuild/netbeans/platform/core/core-base.jar;C:/Project/github/javavscode/netbeans/nbbuild/netbeans/platform/modules/org-netbeans-swing-outline.jar;C:/Project/github/javavscode/netbeans/nbbuild/netbeans/platform/modules/org-netbeans-api-progress-nb.jar;C:/Project/github/javavscode/netbeans/nbbuild/netbeans/platform/modules/org-netbeans-modules-settings.jar;C:/Project/github/javavscode/netbeans/nbbuild/netbeans/ide/modules/org-netbeans-spi-editor-hints-projects.jar;C:/Project/github/javavscode/netbeans/nbbuild/build/testdist/unit/platform/org-openide-util-lookup/tests.jar;C:/Project/github/javavscode/netbeans/nbbuild/build/testdist/unit/platform/org-openide-modules/tests.jar" />
    <property name="test.modules" value="java/java.completion,java/java.hints,java/java.source.base,java/java.lsp.server" />
    <property name="html.knockout.dir" value="C:\Project\github\javavscode\netbeans\nbbuild\netbeans/webcommon" />
    <property name="server.dir" value="C:\Project\github\javavscode\netbeans\nbbuild\netbeans/ide" />
    <property name="selenium2.webclient.dir" value="C:\Project\github\javavscode\netbeans\nbbuild\netbeans/webcommon" />
    <property name="platform/o.apache.commons.commons_io.dir" value="C:\Project\github\javavscode\netbeans\nbbuild\netbeans/platform" />
    <property name="websvc.restlib.dir" value="C:\Project\github\javavscode\netbeans\nbbuild\netbeans/enterprise" />
    <property name="ant.file.type" value="file" />
    <property name="hudson.PROCESSOR_IDENTIFIER" value="Intel64 Family 6 Model 140 Stepping 1, GenuineIntel" />
    <property name="ide/csl.types.dir" value="C:\Project\github\javavscode\netbeans\nbbuild\netbeans/ide" />
    <property name="ide/bugtracking.dir" value="C:\Project\github\javavscode\netbeans\nbbuild\netbeans/ide" />
    <property name="nb.cluster.dlight.depends" value="nb.cluster.platform,nb.cluster.ide" />
    <property name="nb.cluster.extide" value="gradle,gradle.dists,gradle.editor,libs.gradle,o.apache.tools.ant.module,options.java" />
    <property name="spellchecker.bindings.properties.dir" value="C:\Project\github\javavscode\netbeans\nbbuild\netbeans/ide" />
    <property name="editor.fold.dir" value="C:\Project\github\javavscode\netbeans\nbbuild\netbeans/ide" />
    <property name="maven.indexer.ui.dir" value="C:\Project\github\javavscode\netbeans\nbbuild\netbeans/java" />
    <property name="o.n.swing.laf.flatlaf.dir" value="C:\Project\github\javavscode\netbeans\nbbuild\netbeans/platform" />
    <property name="hudson.MSYSTEM_CARCH" value="x86_64" />
    <property name="cpplite/cpplite.project.dir" value="C:\Project\github\javavscode\netbeans\nbbuild\netbeans/cpplite" />
    <property name="ide/extexecution.process.dir" value="C:\Project\github\javavscode\netbeans\nbbuild\netbeans/ide" />
    <property name="gradle.test.dir" value="C:\Project\github\javavscode\netbeans\nbbuild\netbeans/java" />
    <property name="platform/junitlib.dir" value="C:\Project\github\javavscode\netbeans\nbbuild\netbeans/platform" />
    <property name="platform/spi.actions.dir" value="C:\Project\github\javavscode\netbeans\nbbuild\netbeans/platform" />
    <property name="java.sourceui.dir" value="C:\Project\github\javavscode\netbeans\nbbuild\netbeans/java" />
    <property name="java.vm.specification.version" value="17" />
    <property name="debugger.jpda.ui.dir" value="C:\Project\github\javavscode\netbeans\nbbuild\netbeans/java" />
    <property name="o.apache.commons.lang.dir" value="C:\Project\github\javavscode\netbeans\nbbuild\netbeans/ide" />
    <property name="enterprise/websvc.utilities.dir" value="C:\Project\github\javavscode\netbeans\nbbuild\netbeans/enterprise" />
    <property name="spi.quicksearch.dir" value="C:\Project\github\javavscode\netbeans\nbbuild\netbeans/platform" />
    <property name="platform/core.multiview.dir" value="C:\Project\github\javavscode\netbeans\nbbuild\netbeans/platform" />
    <property name="enterprise/cloud.amazon.dir" value="C:\Project\github\javavscode\netbeans\nbbuild\netbeans/enterprise" />
    <property name="javahelp.search" value="JavaHelpSearch" />
    <property name="ide/hudson.subversion.dir" value="C:\Project\github\javavscode\netbeans\nbbuild\netbeans/ide" />
    <property name="api.maven.dir" value="C:\Project\github\javavscode\netbeans\nbbuild\netbeans/java" />
    <property name="java/nashorn.execution.dir" value="C:\Project\github\javavscode\netbeans\nbbuild\netbeans/java" />
    <property name="hudson.SYSTEMROOT" value="C:\WINDOWS" />
    <property name="java/testng.ui.dir" value="C:\Project\github\javavscode\netbeans\nbbuild\netbeans/java" />
    <property name="slf4j.api.dir" value="C:\Project\github\javavscode\netbeans\nbbuild\netbeans/ide" />
    <property name="nb.cluster.cpplite" value="cpplite.debugger,cpplite.editor,cpplite.kit,cpplite.project" />
    <property name="autoupdate.ui.dir" value="C:\Project\github\javavscode\netbeans\nbbuild\netbeans/platform" />
    <property name="java.j2seproject.dir" value="C:\Project\github\javavscode\netbeans\nbbuild\netbeans/java" />
    <property name="enterprise/web.jsf.editor.dir" value="C:\Project\github\javavscode\netbeans\nbbuild\netbeans/enterprise" />
    <property name="tasklist.projectint.dir" value="C:\Project\github\javavscode\netbeans\nbbuild\netbeans/ide" />
    <property name="j2ee.platform.dir" value="C:\Project\github\javavscode\netbeans\nbbuild\netbeans/enterprise" />
    <property name="web.freeform.dir" value="C:\Project\github\javavscode\netbeans\nbbuild\netbeans/enterprise" />
    <property name="enterprise/web.el.dir" value="C:\Project\github\javavscode\netbeans\nbbuild\netbeans/enterprise" />
    <property name="j2ee.core.utilities.dir" value="C:\Project\github\javavscode\netbeans\nbbuild\netbeans/java" />
    <property name="javahelp.jar.dir" value="modules/docs" />
    <property name="nb.cluster.java" value="ant.browsetask,ant.debugger,ant.freeform,ant.grammar,ant.hints,ant.kit,api.debugger.jpda,api.java,api.maven,beans,classfile,dbschema,debugger.jpda,debugger.jpda.ant,debugger.jpda.js,debugger.jpda.jsui,debugger.jpda.kit,debugger.jpda.projects,debugger.jpda.projectsui,debugger.jpda.truffle,debugger.jpda.trufflenode,debugger.jpda.ui,debugger.jpda.visual,editor.htmlui,form,form.kit,form.nb,form.refactoring,gradle.dependencies,gradle.htmlui,gradle.java,gradle.java.coverage,gradle.kit,gradle.persistence,gradle.spring,gradle.test,hudson.ant,hudson.maven,i18n,i18n.form,j2ee.core.utilities,j2ee.eclipselink,j2ee.eclipselinkmodelgen,j2ee.jpa.refactoring,j2ee.jpa.verification,j2ee.metadata,j2ee.metadata.model.support,j2ee.persistence,j2ee.persistence.kit,j2ee.persistenceapi,java.api.common,java.completion,java.debug,java.disco,java.editor,java.editor.base,java.editor.lib,java.examples,java.file.launcher,java.freeform,java.graph,java.guards,java.hints,java.hints.declarative,java.hints.declarative.test,java.hints.legacy.spi,java.hints.test,java.hints.ui,java.j2sedeploy,java.j2seembedded,java.j2semodule,java.j2seplatform,java.j2seprofiles,java.j2seproject,java.kit,java.lexer,java.lsp.server,java.metrics,java.module.graph,java.mx.project,java.nativeimage.debugger,java.navigation,java.openjdk.project,java.platform,java.platform.ui,java.preprocessorbridge,java.project,java.project.ui,java.source,java.source.ant,java.source.base,java.source.compat8,java.source.queries,java.source.queriesimpl,java.sourceui,java.testrunner,java.testrunner.ant,java.testrunner.ui,javadoc,javaee.injection,javawebstart,jellytools.java,jshell.support,junit,junit.ant,junit.ant.ui,junit.ui,ko4j.debugging,kotlin.editor,languages.antlr,lib.jshell.agent,lib.nbjavac,lib.nbjshell,lib.nbjshell9,libs.cglib,libs.corba.omgapi,libs.javacapi,libs.nbjavacapi,libs.springframework,maven,maven.checkstyle,maven.coverage,maven.embedder,maven.grammar,maven.graph,maven.hints,maven.indexer,maven.indexer.ui,maven.junit,maven.junit.ui,maven.kit,maven.model,maven.osgi,maven.persistence,maven.refactoring,maven.repository,maven.search,maven.spring,nashorn.execution,projectimport.eclipse.core,projectimport.eclipse.j2se,refactoring.java,selenium2.java,selenium2.maven,spellchecker.bindings.java,spi.debugger.jpda.ui,spi.java.hints,spring.beans,testng,testng.ant,testng.maven,testng.ui,websvc.jaxws21,websvc.jaxws21api,websvc.saas.codegen.java,whitelist,xml.jaxb,xml.tools.java" />
    <property name="have-custom-javac-task" value="true" />
    <property name="enterprise/web.freeform.dir" value="C:\Project\github\javavscode\netbeans\nbbuild\netbeans/enterprise" />
    <property name="platform/libs.flatlaf.dir" value="C:\Project\github\javavscode\netbeans\nbbuild\netbeans/platform" />
    <property name="hudson.MSYSTEM" value="MINGW64" />
    <property name="javahelp.jar" value="modules/docs/org-netbeans-modules-java-lsp-server.jar" />
    <property name="profiler.oql.language.dir" value="C:\Project\github\javavscode\netbeans\nbbuild\netbeans/profiler" />
    <property name="profiler/profiler.options.dir" value="C:\Project\github\javavscode\netbeans\nbbuild\netbeans/profiler" />
    <property name="ide/usersguide.dir" value="C:\Project\github\javavscode\netbeans\nbbuild\netbeans/ide" />
    <property name="ide/api.lsp.dir" value="C:\Project\github\javavscode\netbeans\nbbuild\netbeans/ide" />
    <property name="os.version" value="10.0" />
    <property name="selenium2.maven.dir" value="C:\Project\github\javavscode\netbeans\nbbuild\netbeans/java" />
    <property name="ide/web.browser.api.dir" value="C:\Project\github\javavscode\netbeans\nbbuild\netbeans/ide" />
    <property name="masterfs.nio2.dir" value="C:\Project\github\javavscode\netbeans\nbbuild\netbeans/platform" />
    <property name="enterprise/jakarta.web.beans.dir" value="C:\Project\github\javavscode\netbeans\nbbuild\netbeans/enterprise" />
    <property name="ide/html.validation.dir" value="C:\Project\github\javavscode\netbeans\nbbuild\netbeans/ide" />
    <property name="java/java.j2seprofiles.dir" value="C:\Project\github\javavscode\netbeans\nbbuild\netbeans/java" />
    <property name="websvc.restapi.dir" value="C:\Project\github\javavscode\netbeans\nbbuild\netbeans/enterprise" />
    <property name="public.package.jar.dir" value="C:\Project\github\javavscode\netbeans\nbbuild\build\public-package-jars" />
    <property name="hudson.HOMEDRIVE" value="C:" />
    <property name="extexecution.process.jdk9.dir" value="C:\Project\github\javavscode\netbeans\nbbuild\netbeans/ide" />
    <property name="cpplite.debugger.dir" value="C:\Project\github\javavscode\netbeans\nbbuild\netbeans/cpplite" />
    <property name="nb.cluster.nb.depends" value="nb.cluster.platform,nb.cluster.ide,nb.cluster.3rdparty,nb.cluster.harness" />
    <property name="libs.felix.dir" value="C:\Project\github\javavscode\netbeans\nbbuild\netbeans/platform" />
    <property name="editor.indent.support.dir" value="C:\Project\github\javavscode\netbeans\nbbuild\netbeans/ide" />
    <property name="ide/db.metadata.model.dir" value="C:\Project\github\javavscode\netbeans\nbbuild\netbeans/ide" />
    <property name="enterprise/j2eeserver.dir" value="C:\Project\github\javavscode\netbeans\nbbuild\netbeans/enterprise" />
    <property name="websvc.editor.hints.dir" value="C:\Project\github\javavscode\netbeans\nbbuild\netbeans/enterprise" />
    <property name="nb.cluster.java.dir" value="java" />
    <property name="nb/welcome.dir" value="C:\Project\github\javavscode\netbeans\nbbuild\netbeans/nb" />
    <property name="cloud.amazon.dir" value="C:\Project\github\javavscode\netbeans\nbbuild\netbeans/enterprise" />
    <property name="apisupport/apisupport.refactoring.dir" value="C:\Project\github\javavscode\netbeans\nbbuild\netbeans/apisupport" />
    <property name="webcommon/javascript2.extjs.dir" value="C:\Project\github\javavscode\netbeans\nbbuild\netbeans/webcommon" />
    <property name="hudson.JAVA_HOME" value="C:/Project/JDK/jdk-17" />
    <property name="spellchecker.bindings.php.dir" value="C:\Project\github\javavscode\netbeans\nbbuild\netbeans/php" />
    <property name="enterprise/tomcat5.dir" value="C:\Project\github\javavscode\netbeans\nbbuild\netbeans/enterprise" />
    <property name="javafx/javafx2.kit.dir" value="C:\Project\github\javavscode\netbeans\nbbuild\netbeans/javafx" />
    <property name="ide/spi.viewmodel.dir" value="C:\Project\github\javavscode\netbeans\nbbuild\netbeans/ide" />
    <property name="enterprise/libs.amazon.dir" value="C:\Project\github\javavscode\netbeans\nbbuild\netbeans/enterprise" />
    <property name="is.jar.uptodate" value="true" />
    <property name="php.phpdoc.dir" value="C:\Project\github\javavscode\netbeans\nbbuild\netbeans/php" />
    <property name="java/maven.kit.dir" value="C:\Project\github\javavscode\netbeans\nbbuild\netbeans/java" />
    <property name="webcommon/javascript2.sdoc.dir" value="C:\Project\github\javavscode\netbeans\nbbuild\netbeans/webcommon" />
    <property name="ant.library.dir" value="C:/Project/tools/apache-ant-1.10.14/lib" />
    <property name="versioning.indexingbridge.dir" value="C:\Project\github\javavscode\netbeans\nbbuild\netbeans/ide" />
    <property name="ide/editor.errorstripe.dir" value="C:\Project\github\javavscode\netbeans\nbbuild\netbeans/ide" />
    <property name="enterprise/javaee.project.dir" value="C:\Project\github\javavscode\netbeans\nbbuild\netbeans/enterprise" />
    <property name="web.kit.dir" value="C:\Project\github\javavscode\netbeans\nbbuild\netbeans/enterprise" />
    <property name="cpplite.project.dir" value="C:\Project\github\javavscode\netbeans\nbbuild\netbeans/cpplite" />
    <property name="enterprise/websvc.saas.codegen.j2ee.dir" value="C:\Project\github\javavscode\netbeans\nbbuild\netbeans/enterprise" />
    <property name="platform/core.ui.dir" value="C:\Project\github\javavscode\netbeans\nbbuild\netbeans/platform" />
    <property name="o.n.swing.outline.dir" value="C:\Project\github\javavscode\netbeans\nbbuild\netbeans/platform" />
    <property name="o.n.core.dir" value="C:\Project\github\javavscode\netbeans\nbbuild\netbeans/platform" />
    <property name="editor.guards.dir" value="C:\Project\github\javavscode\netbeans\nbbuild\netbeans/ide" />
    <property name="debugger.jpda.js.dir" value="C:\Project\github\javavscode\netbeans\nbbuild\netbeans/java" />
    <property name="platform/o.n.swing.plaf.dir" value="C:\Project\github\javavscode\netbeans\nbbuild\netbeans/platform" />
    <property name="java/projectimport.eclipse.core.dir" value="C:\Project\github\javavscode\netbeans\nbbuild\netbeans/java" />
    <property name="api.visual.dir" value="C:\Project\github\javavscode\netbeans\nbbuild\netbeans/platform" />
    <property name="clusters.config.full.list" value="nb.cluster.rust,nb.cluster.harness,nb.cluster.bootstrap,nb.cluster.platform,nb.cluster.ide,nb.cluster.extide,nb.cluster.websvccommon,nb.cluster.java,nb.cluster.javafx,nb.cluster.profiler,nb.cluster.3rdparty,nb.cluster.nb,nb.cluster.apisupport,nb.cluster.webcommon,nb.cluster.php,nb.cluster.groovy,nb.cluster.enterprise,nb.cluster.cpplite,nb.cluster.ergonomics" />
    <property name="php.smarty.dir" value="C:\Project\github\javavscode\netbeans\nbbuild\netbeans/php" />
    <property name="java/websvc.jaxws21api.dir" value="C:\Project\github\javavscode\netbeans\nbbuild\netbeans/java" />
    <property name="javascript.gulp.dir" value="C:\Project\github\javavscode\netbeans\nbbuild\netbeans/webcommon" />
    <property name="extbrowser.chrome.dir" value="C:\Project\github\javavscode\netbeans\nbbuild\netbeans/webcommon" />
    <property name="gradle.java.coverage.dir" value="C:\Project\github\javavscode\netbeans\nbbuild\netbeans/java" />
    <property name="webcommon/javascript.grunt.dir" value="C:\Project\github\javavscode\netbeans\nbbuild\netbeans/webcommon" />
    <property name="lib.uihandler.dir" value="C:\Project\github\javavscode\netbeans\nbbuild\netbeans/platform" />
    <property name="maven.graph.dir" value="C:\Project\github\javavscode\netbeans\nbbuild\netbeans/java" />
    <property name="api.debugger.dir" value="C:\Project\github\javavscode\netbeans\nbbuild\netbeans/ide" />
    <property name="java.module.graph.dir" value="C:\Project\github\javavscode\netbeans\nbbuild\netbeans/java" />
    <property name="j2ee.metadata.model.support.dir" value="C:\Project\github\javavscode\netbeans\nbbuild\netbeans/java" />
    <property name="javaee7.api.dir" value="C:\Project\github\javavscode\netbeans\nbbuild\netbeans/enterprise" />
    <property name="profiler/profiler.oql.language.dir" value="C:\Project\github\javavscode\netbeans\nbbuild\netbeans/profiler" />
    <property name="nb.cluster.ergonomics" value="ide.ergonomics" />
    <property name="languages.antlr.dir" value="C:\Project\github\javavscode\netbeans\nbbuild\netbeans/java" />
    <property name="hudson.IGCCSVC_DB" value="AQAAANCMnd8BFdERjHoAwE/Cl+sBAAAA4EKUDbkGMEK2zNIPLCvBGwQAAAACAAAAAAAQZgAAAAEAACAAAAC70/8S8QvF1cmcCPGOuleFt+BjCnYn6PfnPZX1mIvT/QAAAAAOgAAAAAIAACAAAADqP2l6x/3oQgZjdCehAmTv/4An1NpBY4su6Wv3erxGzmAAAAAFyDNvS7rjxUXp2rxiEfnQ2fjzs+erfuOBEtjBv44Oj+H8qD9pyajuoicdcgGnk5JpNDpmkMMCgOEZu8y+XzdSck2g1aeWijZtUNsBPUFqM483rg6Sl/r4s/Nez0zJdWtAAAAAW6/erRq8+3ISwErvxyyNTAgNXX9vA4tH0ThOGDXCrc/rHu3sRdIOvV2+trdSOZ7cgMnpBxi83CCCF5Cjski4DA==" />
    <property name="java.j2seembedded.dir" value="C:\Project\github\javavscode\netbeans\nbbuild\netbeans/java" />
    <property name="websvc.manager.dir" value="C:\Project\github\javavscode\netbeans\nbbuild\netbeans/enterprise" />
    <property name="ide/xml.schema.completion.dir" value="C:\Project\github\javavscode\netbeans\nbbuild\netbeans/ide" />
    <property name="net.java.html.dir" value="C:\Project\github\javavscode\netbeans\nbbuild\netbeans/platform" />
    <property name="websvc.metro.lib.dir" value="C:\Project\github\javavscode\netbeans\nbbuild\netbeans/enterprise" />
    <property name="platform/o.n.bootstrap.dir" value="C:\Project\github\javavscode\netbeans\nbbuild\netbeans/platform" />
    <property name="platform/api.htmlui.dir" value="C:\Project\github\javavscode\netbeans\nbbuild\netbeans/platform" />
    <property name="java/java.editor.lib.dir" value="C:\Project\github\javavscode\netbeans\nbbuild\netbeans/java" />
    <property name="maven.jaxws.dir" value="C:\Project\github\javavscode\netbeans\nbbuild\netbeans/enterprise" />
    <property name="hudson.LOCALAPPDATA" value="C:\Users\ARSAPRE\AppData\Local" />
    <property name="apisupport.project.dir" value="C:\Project\github\javavscode\netbeans\nbbuild\netbeans/apisupport" />
    <property name="java/java.api.common.dir" value="C:\Project\github\javavscode\netbeans\nbbuild\netbeans/java" />
    <property name="languages.manifest.dir" value="C:\Project\github\javavscode\netbeans\nbbuild\netbeans/ide" />
    <property name="build.dir" value="C:\Project\github\javavscode\netbeans\java\java.lsp.server\build" />
    <property name="ide/xml.multiview.dir" value="C:\Project\github\javavscode\netbeans\nbbuild\netbeans/ide" />
    <property name="profiler.freeform.dir" value="C:\Project\github\javavscode\netbeans\nbbuild\netbeans/profiler" />
    <property name="java.nativeimage.debugger.dir" value="C:\Project\github\javavscode\netbeans\nbbuild\netbeans/java" />
    <property name="openide.windows.dir" value="C:\Project\github\javavscode\netbeans\nbbuild\netbeans/platform" />
    <property name="enterprise/j2ee.sun.dd.dir" value="C:\Project\github\javavscode\netbeans\nbbuild\netbeans/enterprise" />
    <property name="ide/docker.ui.dir" value="C:\Project\github\javavscode\netbeans\nbbuild\netbeans/ide" />
    <property name="bugzilla.exceptionreporter.dir" value="C:\Project\github\javavscode\netbeans\nbbuild\netbeans/nb" />
    <property name="apisupport/maven.apisupport.dir" value="C:\Project\github\javavscode\netbeans\nbbuild\netbeans/apisupport" />
    <property name="xml.schema.completion.dir" value="C:\Project\github\javavscode\netbeans\nbbuild\netbeans/ide" />
    <property name="enterprise/j2ee.api.ejbmodule.dir" value="C:\Project\github\javavscode\netbeans\nbbuild\netbeans/enterprise" />
    <property name="maven.profiler.dir" value="C:\Project\github\javavscode\netbeans\nbbuild\netbeans/profiler" />
    <property name="java/i18n.dir" value="C:\Project\github\javavscode\netbeans\nbbuild\netbeans/java" />
    <property name="selenium2.webclient.mocha.dir" value="C:\Project\github\javavscode\netbeans\nbbuild\netbeans/webcommon" />
    <property name="spi.actions.dir" value="C:\Project\github\javavscode\netbeans\nbbuild\netbeans/platform" />
    <property name="platform/o.apache.commons.lang3.dir" value="C:\Project\github\javavscode\netbeans\nbbuild\netbeans/platform" />
    <property name="web.client.rest.dir" value="C:\Project\github\javavscode\netbeans\nbbuild\netbeans/enterprise" />
    <property name="platform/openide.filesystems.nb.dir" value="C:\Project\github\javavscode\netbeans\nbbuild\netbeans/platform" />
    <property name="javascript2.lexer.dir" value="C:\Project\github\javavscode\netbeans\nbbuild\netbeans/webcommon" />
    <property name="web.primefaces.dir" value="C:\Project\github\javavscode\netbeans\nbbuild\netbeans/enterprise" />
    <property name="ide/project.ant.dir" value="C:\Project\github\javavscode\netbeans\nbbuild\netbeans/ide" />
    <property name="enterprise/el.lexer.dir" value="C:\Project\github\javavscode\netbeans\nbbuild\netbeans/enterprise" />
    <property name="ide/bcpg.dir" value="C:\Project\github\javavscode\netbeans\nbbuild\netbeans/ide" />
    <property name="nbm.homepage" value="http://www.netbeans.org/" />
    <property name="enterprise/libs.jackson.dir" value="C:\Project\github\javavscode\netbeans\nbbuild\netbeans/enterprise" />
    <property name="web.common.dir" value="C:\Project\github\javavscode\netbeans\nbbuild\netbeans/ide" />
    <property name="ide/css.lib.dir" value="C:\Project\github\javavscode\netbeans\nbbuild\netbeans/ide" />
    <property name="nb.cluster.ergonomics.dir" value="ergonomics" />
    <property name="bcpg.dir" value="C:\Project\github\javavscode\netbeans\nbbuild\netbeans/ide" />
    <property name="java/java.testrunner.ui.dir" value="C:\Project\github\javavscode\netbeans\nbbuild\netbeans/java" />
    <property name="platform/openide.dialogs.dir" value="C:\Project\github\javavscode\netbeans\nbbuild\netbeans/platform" />
    <property name="ide/xsl.dir" value="C:\Project\github\javavscode\netbeans\nbbuild\netbeans/ide" />
    <property name="java/ant.kit.dir" value="C:\Project\github\javavscode\netbeans\nbbuild\netbeans/java" />
    <property name="ide/bcprov.dir" value="C:\Project\github\javavscode\netbeans\nbbuild\netbeans/ide" />
    <property name="test.qa-functional.folder" value="C:\Project\github\javavscode\netbeans\nbbuild\build\testdist/qa-functional/java/org-netbeans-modules-java-lsp-server" />
    <property name="javascript.jstestdriver.dir" value="C:\Project\github\javavscode\netbeans\nbbuild\netbeans/webcommon" />
    <property name="webcommon/libs.graaljs.dir" value="C:\Project\github\javavscode\netbeans\nbbuild\netbeans/webcommon" />
    <property name="php.symfony.dir" value="C:\Project\github\javavscode\netbeans\nbbuild\netbeans/php" />
    <property name="versioning.ui.dir" value="C:\Project\github\javavscode\netbeans\nbbuild\netbeans/ide" />
    <property name="ide/bugtracking.commons.dir" value="C:\Project\github\javavscode\netbeans\nbbuild\netbeans/ide" />
    <property name="dist.base.structured" value="http://deadlock.netbeans.org/job/nbms-and-javadoc/lastStableBuild/artifact/nbbuild/nbms" />
    <property name="clusters.config.platform.list" value="nb.cluster.harness,nb.cluster.bootstrap,nb.cluster.platform" />
    <property name="platform/o.n.swing.outline.dir" value="C:\Project\github\javavscode\netbeans\nbbuild\netbeans/platform" />
    <property name="o.eclipse.equinox.security.dir" value="C:\Project\github\javavscode\netbeans\nbbuild\netbeans/ide" />
    <property name="platform/api.annotations.common.dir" value="C:\Project\github\javavscode\netbeans\nbbuild\netbeans/platform" />
    <property name="profiler.oql.dir" value="C:\Project\github\javavscode\netbeans\nbbuild\netbeans/profiler" />
    <property name="openide.util.ui.dir" value="C:\Project\github\javavscode\netbeans\nbbuild\netbeans/platform" />
    <property name="code.analysis.dir" value="C:\Project\github\javavscode\netbeans\nbbuild\netbeans/ide" />
    <property name="jms-tools.flags.jvm" value="--add-modules=jdk.jshell --add-opens=jdk.jshell/jdk.jshell=ALL-UNNAMED --add-exports=jdk.jshell/jdk.internal.jshell.debug=ALL-UNNAMED --add-exports=jdk.jdeps/com.sun.tools.classfile=ALL-UNNAMED --add-exports=jdk.jdeps/com.sun.tools.javap=ALL-UNNAMED --add-exports=jdk.internal.jvmstat/sun.jvmstat.monitor=ALL-UNNAMED --add-exports=jdk.internal.opt/jdk.internal.opt=ALL-UNNAMED --add-exports=java.management/sun.management=ALL-UNNAMED " />
    <property name="javafx2.project.dir" value="C:\Project\github\javavscode\netbeans\nbbuild\netbeans/javafx" />
    <property name="profiler/lib.profiler.common.dir" value="C:\Project\github\javavscode\netbeans\nbbuild\netbeans/profiler" />
    <property name="updatecenters.dir" value="C:\Project\github\javavscode\netbeans\nbbuild\netbeans/nb" />
    <property name="ide/libs.snakeyaml_engine.dir" value="C:\Project\github\javavscode\netbeans\nbbuild\netbeans/ide" />
    <property name="ide/xml.xam.dir" value="C:\Project\github\javavscode\netbeans\nbbuild\netbeans/ide" />
    <property name="xml.dir" value="C:\Project\github\javavscode\netbeans\nbbuild\netbeans/ide" />
    <property name="api.io.dir" value="C:\Project\github\javavscode\netbeans\nbbuild\netbeans/platform" />
    <property name="platform/autoupdate.services.dir" value="C:\Project\github\javavscode\netbeans\nbbuild\netbeans/platform" />
    <property name="openide.compat.dir" value="C:\Project\github\javavscode\netbeans\nbbuild\netbeans/platform" />
    <property name="css.visual.dir" value="C:\Project\github\javavscode\netbeans\nbbuild\netbeans/ide" />
    <property name="ide/terminal.nb.dir" value="C:\Project\github\javavscode\netbeans\nbbuild\netbeans/ide" />
    <property name="webcommon/web.webkit.tooling.dir" value="C:\Project\github\javavscode\netbeans\nbbuild\netbeans/webcommon" />
    <property name="release.files" value="" />
    <property name="ide/o.eclipse.mylyn.bugzilla.core.dir" value="C:\Project\github\javavscode\netbeans\nbbuild\netbeans/ide" />
    <property name="xml.jaxb.api.dir" value="C:\Project\github\javavscode\netbeans\nbbuild\netbeans/ide" />
    <property name="ide/libs.graalsdk.dir" value="C:\Project\github\javavscode\netbeans\nbbuild\netbeans/ide" />
    <property name="net.java.html.sound.dir" value="C:\Project\github\javavscode\netbeans\nbbuild\netbeans/platform" />
    <property name="testng.dir" value="C:\Project\github\javavscode\netbeans\nbbuild\netbeans/java" />
    <property name="core.io.ui.dir" value="C:\Project\github\javavscode\netbeans\nbbuild\netbeans/platform" />
    <property name="libs.jna.dir" value="C:\Project\github\javavscode\netbeans\nbbuild\netbeans/platform" />
    <property name="profiler.snaptracer.dir" value="C:\Project\github\javavscode\netbeans\nbbuild\netbeans/profiler" />
    <property name="o.apache.tools.ant.module.dir" value="C:\Project\github\javavscode\netbeans\nbbuild\netbeans/extide" />
    <property name="php/php.kit.dir" value="C:\Project\github\javavscode\netbeans\nbbuild\netbeans/php" />
    <property name="class.path.extensions" value="ext/org.eclipse.lsp4j.debug-0.13.0.jar ext/org.eclipse.xtend.lib.macro-2.24.0.jar ext/org.eclipse.lsp4j.generator-0.13.0.jar ext/org.eclipse.lsp4j.jsonrpc-0.13.0.jar ext/org.eclipse.lsp4j.jsonrpc.debug-0.13.0.jar ext/org.eclipse.xtend.lib-2.24.0.jar ext/org.eclipse.xtext.xbase.lib-2.24.0.jar ext/org.eclipse.lsp4j-0.13.0.jar" />
    <property name="db.metadata.model.dir" value="C:\Project\github\javavscode\netbeans\nbbuild\netbeans/ide" />
    <property name="ant.core.lib" value="C:\Project\tools\apache-ant-1.10.14\lib\ant.jar" />
    <property name="ide/spi.editor.hints.dir" value="C:\Project\github\javavscode\netbeans\nbbuild\netbeans/ide" />
    <property name="web.project.dir" value="C:\Project\github\javavscode\netbeans\nbbuild\netbeans/enterprise" />
    <property name="ide/xml.tools.dir" value="C:\Project\github\javavscode\netbeans\nbbuild\netbeans/ide" />
    <property name="bcutil.dir" value="C:\Project\github\javavscode\netbeans\nbbuild\netbeans/ide" />
    <property name="jms-desktop.flags" value=" -J--add-opens=java.desktop/javax.swing.plaf.basic=ALL-UNNAMED -J--add-opens=java.desktop/javax.swing.text=ALL-UNNAMED -J--add-opens=java.desktop/javax.swing=ALL-UNNAMED -J--add-opens=java.desktop/java.awt=ALL-UNNAMED -J--add-opens=java.desktop/java.awt.event=ALL-UNNAMED -J--add-opens=java.desktop/sun.awt.X11=ALL-UNNAMED -J--add-opens=java.desktop/javax.swing.plaf.synth=ALL-UNNAMED -J--add-opens=java.desktop/com.sun.java.swing.plaf.gtk=ALL-UNNAMED -J--add-opens=java.desktop/com.sun.java.swing.plaf.windows=ALL-UNNAMED -J--add-opens=java.desktop/com.apple.laf=ALL-UNNAMED -J--add-opens=java.desktop/sun.awt.shell=ALL-UNNAMED -J--add-opens=java.desktop/sun.awt.im=ALL-UNNAMED -J--add-exports=java.desktop/sun.awt=ALL-UNNAMED -J--add-exports=java.desktop/java.awt.peer=ALL-UNNAMED -J--add-exports=java.desktop/com.sun.beans.editors=ALL-UNNAMED -J--add-exports=java.desktop/sun.swing=ALL-UNNAMED -J--add-exports=java.desktop/sun.awt.im=ALL-UNNAMED -J--add-exports=java.desktop/com.sun.java.swing.plaf.motif=ALL-UNNAMED -J--add-exports=java.desktop/com.apple.eio=ALL-UNNAMED" />
    <property name="ide/core.browser.dir" value="C:\Project\github\javavscode\netbeans\nbbuild\netbeans/ide" />
    <property name="java/maven.repository.dir" value="C:\Project\github\javavscode\netbeans\nbbuild\netbeans/java" />
    <property name="ide/editor.lib.dir" value="C:\Project\github\javavscode\netbeans\nbbuild\netbeans/ide" />
    <property name="test.insane.prepend.args" value="--patch-module=java.base=C:\Project\github\javavscode\netbeans\nbbuild\netbeans/harness/modules/ext/org-netbeans-insane-hook.jar --add-exports=java.base/org.netbeans.insane.hook=ALL-UNNAMED" />
    <property name="ide/db.kit.dir" value="C:\Project\github\javavscode\netbeans\nbbuild\netbeans/ide" />
    <property name="platform/openide.loaders.dir" value="C:\Project\github\javavscode\netbeans\nbbuild\netbeans/platform" />
    <property name="java/java.j2seproject.dir" value="C:\Project\github\javavscode\netbeans\nbbuild\netbeans/java" />
    <property name="cluster" value="C:\Project\github\javavscode\netbeans\nbbuild\netbeans\java" />
    <property name="java.api.common.dir" value="C:\Project\github\javavscode\netbeans\nbbuild\netbeans/java" />
    <property name="cpplite.editor.dir" value="C:\Project\github\javavscode\netbeans\nbbuild\netbeans/cpplite" />
    <property name="nb.cluster.rust" value="rust.cargo,rust.grammar,rust.kit,rust.options,rust.project,rust.project.api,rust.sources" />
    <property name="ide/o.eclipse.jgit.ssh.jsch.dir" value="C:\Project\github\javavscode\netbeans\nbbuild\netbeans/ide" />
    <property name="editor.plain.lib.dir" value="C:\Project\github\javavscode\netbeans\nbbuild\netbeans/ide" />
    <property name="maven.junit.ui.dir" value="C:\Project\github\javavscode\netbeans\nbbuild\netbeans/java" />
    <property name="profiler/profiler.j2se.dir" value="C:\Project\github\javavscode\netbeans\nbbuild\netbeans/profiler" />
    <property name="clusters.list.file" value="C:\Project\github\javavscode\netbeans\nbbuild\cluster.properties" />
    <property name="nbm.release.date" value="" />
    <property name="hudson.SESSIONNAME" value="Console" />
    <property name="ant.grammar.dir" value="C:\Project\github\javavscode\netbeans\nbbuild\netbeans/java" />
    <property name="platform/api.scripting.dir" value="C:\Project\github\javavscode\netbeans\nbbuild\netbeans/platform" />
    <property name="websvc.saas.codegen.java.dir" value="C:\Project\github\javavscode\netbeans\nbbuild\netbeans/java" />
    <property name="gsf.testrunner.ui.dir" value="C:\Project\github\javavscode\netbeans\nbbuild\netbeans/ide" />
    <property name="nbm.executable.files" value="[NOTHING]" />
    <property name="platform/core.output2.dir" value="C:\Project\github\javavscode\netbeans\nbbuild\netbeans/platform" />
    <property name="maven.checkstyle.dir" value="C:\Project\github\javavscode\netbeans\nbbuild\netbeans/java" />
    <property name="web.client.samples.dir" value="C:\Project\github\javavscode\netbeans\nbbuild\netbeans/webcommon" />
    <property name="harness/apisupport.harness.dir" value="C:\Project\github\javavscode\netbeans\nbbuild\netbeans/harness" />
    <property name="java/debugger.jpda.ui.dir" value="C:\Project\github\javavscode\netbeans\nbbuild\netbeans/java" />
    <property name="enterprise/j2eeapis.dir" value="C:\Project\github\javavscode\netbeans\nbbuild\netbeans/enterprise" />
    <property name="profiler/profiler.oql.dir" value="C:\Project\github\javavscode\netbeans\nbbuild\netbeans/profiler" />
    <property name="php.api.annotation.dir" value="C:\Project\github\javavscode\netbeans\nbbuild\netbeans/php" />
    <property name="platform/autoupdate.cli.dir" value="C:\Project\github\javavscode\netbeans\nbbuild\netbeans/platform" />
    <property name="versioning.util.dir" value="C:\Project\github\javavscode\netbeans\nbbuild\netbeans/ide" />
    <property name="javafx2.scenebuilder.dir" value="C:\Project\github\javavscode\netbeans\nbbuild\netbeans/javafx" />
    <property name="groovy/groovy.kit.dir" value="C:\Project\github\javavscode\netbeans\nbbuild\netbeans/groovy" />
    <property name="o.apache.xml.resolver.dir" value="C:\Project\github\javavscode\netbeans\nbbuild\netbeans/ide" />
    <property name="jakartaee10.api.dir" value="C:\Project\github\javavscode\netbeans\nbbuild\netbeans/enterprise" />
    <property name="profiler/debugger.jpda.heapwalk.dir" value="C:\Project\github\javavscode\netbeans\nbbuild\netbeans/profiler" />
    <property name="java.home" value="C:\Project\JDK\jdk-17" />
    <property name="extide/gradle.dists.dir" value="C:\Project\github\javavscode\netbeans\nbbuild\netbeans/extide" />
    <property name="java/java.debug.dir" value="C:\Project\github\javavscode\netbeans\nbbuild\netbeans/java" />
    <property name="ide/db.dataview.dir" value="C:\Project\github\javavscode\netbeans\nbbuild\netbeans/ide" />
    <property name="platform/libs.osgi.dir" value="C:\Project\github\javavscode\netbeans\nbbuild\netbeans/platform" />
    <property name="o.apache.commons.commons_io.dir" value="C:\Project\github\javavscode\netbeans\nbbuild\netbeans/platform" />
    <property name="nb.cluster.ide" value="api.debugger,api.java.classpath,api.lsp,api.xml,api.xml.ui,bcpg,bcpkix,bcprov,bcutil,bugtracking,bugtracking.bridge,bugtracking.commons,bugzilla,c.google.gson,c.google.guava,c.google.guava.failureaccess,c.googlecode.javaewah.JavaEWAH,c.jcraft.jsch,c.jcraft.jzlib,code.analysis,core.browser,core.browser.webview,core.ide,core.multitabs.project,csl.api,csl.types,css.editor,css.lib,css.model,css.prep,css.visual,db,db.core,db.dataview,db.drivers,db.kit,db.metadata.model,db.mysql,db.sql.editor,db.sql.visualeditor,dbapi,defaults,derby,diff,dlight.nativeexecution,dlight.nativeexecution.nb,dlight.terminal,docker.api,docker.editor,docker.ui,editor,editor.actions,editor.autosave,editor.bookmarks,editor.bracesmatching,editor.breadcrumbs,editor.codetemplates,editor.completion,editor.deprecated.pre65formatting,editor.document,editor.errorstripe,editor.errorstripe.api,editor.fold,editor.fold.nbui,editor.global.format,editor.guards,editor.indent,editor.indent.project,editor.indent.support,editor.kit,editor.lib,editor.lib2,editor.macros,editor.plain,editor.plain.lib,editor.search,editor.settings,editor.settings.lib,editor.settings.storage,editor.structure,editor.tools.storage,editor.util,extbrowser,extexecution,extexecution.base,extexecution.impl,extexecution.process,extexecution.process.jdk9,git,go.lang,gototest,gsf.codecoverage,gsf.testrunner,gsf.testrunner.ui,html,html.custom,html.editor,html.editor.lib,html.indexing,html.lexer,html.parser,html.validation,httpserver,hudson,hudson.git,hudson.mercurial,hudson.subversion,hudson.tasklist,hudson.ui,ide.kit,image,javascript2.debug,javascript2.debug.ui,jellytools.ide,jumpto,languages,languages.diff,languages.go,languages.hcl,languages.manifest,languages.toml,languages.yaml,lexer,lexer.antlr4,lexer.nbbridge,lib.terminalemulator,libs.antlr3.runtime,libs.antlr4.runtime,libs.c.kohlschutter.junixsocket,libs.commons_compress,libs.commons_net,libs.flexmark,libs.freemarker,libs.git,libs.graalsdk,libs.graalsdk.system,libs.ini4j,libs.jaxb,libs.jcodings,libs.jsch.agentproxy,libs.json_simple,libs.lucene,libs.snakeyaml_engine,libs.svnClientAdapter,libs.svnClientAdapter.javahl,libs.tomlj,libs.truffleapi,libs.xerces,localhistory,localtasks,lsp.client,markdown,mercurial,mylyn.util,nativeimage.api,notifications,o.apache.commons.httpclient,o.apache.commons.lang,o.apache.ws.commons.util,o.apache.xml.resolver,o.apache.xmlrpc,o.eclipse.core.contenttype,o.eclipse.core.jobs,o.eclipse.core.net,o.eclipse.core.runtime,o.eclipse.core.runtime.compatibility.auth,o.eclipse.equinox.app,o.eclipse.equinox.common,o.eclipse.equinox.preferences,o.eclipse.equinox.registry,o.eclipse.equinox.security,o.eclipse.jgit,o.eclipse.jgit.gpg.bc,o.eclipse.jgit.lfs,o.eclipse.jgit.ssh.jsch,o.eclipse.mylyn.bugzilla.core,o.eclipse.mylyn.commons.core,o.eclipse.mylyn.commons.net,o.eclipse.mylyn.commons.repositories.core,o.eclipse.mylyn.commons.xmlrpc,o.eclipse.mylyn.tasks.core,o.eclipse.mylyn.wikitext.confluence.core,o.eclipse.mylyn.wikitext.core,o.eclipse.mylyn.wikitext.markdown.core,o.eclipse.mylyn.wikitext.textile.core,o.n.swing.dirchooser,o.openidex.util,options.editor,parsing.api,parsing.indexing,parsing.lucene,parsing.nb,parsing.ui,print.editor,project.ant,project.ant.compat8,project.ant.ui,project.dependency,project.indexingbridge,project.libraries,project.libraries.ui,project.spi.intern,project.spi.intern.impl,projectapi,projectapi.nb,projectui,projectui.buildmenu,projectuiapi,projectuiapi.base,properties,properties.syntax,refactoring.api,schema2beans,selenium2,selenium2.server,server,servletapi,slf4j.api,slf4j.jdk14,spellchecker,spellchecker.apimodule,spellchecker.bindings.htmlxml,spellchecker.bindings.properties,spellchecker.dictionary_en,spellchecker.kit,spi.debugger.ui,spi.editor.hints,spi.editor.hints.projects,spi.navigator,spi.palette,spi.tasklist,spi.viewmodel,subversion,swing.validation,target.iterator,tasklist.kit,tasklist.projectint,tasklist.todo,tasklist.ui,team.commons,team.ide,terminal,terminal.nb,textmate.lexer,usersguide,utilities,utilities.project,versioning,versioning.core,versioning.indexingbridge,versioning.masterfs,versioning.system.cvss.installer,versioning.ui,versioning.util,web.browser.api,web.common,web.common.ui,web.indent,web.webkit.debugging,xml,xml.axi,xml.catalog,xml.catalog.ui,xml.core,xml.jaxb.api,xml.lexer,xml.multiview,xml.retriever,xml.schema.completion,xml.schema.model,xml.tax,xml.text,xml.text.obsolete90,xml.tools,xml.wsdl.model,xml.xam,xml.xdm,xsl" />
    <property name="release.external/org.eclipse.xtend.lib.macro-2.24.0.jar" value="modules/ext/org.eclipse.xtend.lib.macro-2.24.0.jar" />
    <property name="javascript2.nodejs.dir" value="C:\Project\github\javavscode\netbeans\nbbuild\netbeans/webcommon" />
    <property name="php/php.samples.dir" value="C:\Project\github\javavscode\netbeans\nbbuild\netbeans/php" />
    <property name="web.jsf20.dir" value="C:\Project\github\javavscode\netbeans\nbbuild\netbeans/enterprise" />
    <property name="enterprise/libs.glassfish_logging.dir" value="C:\Project\github\javavscode\netbeans\nbbuild\netbeans/enterprise" />
    <property name="core.ide.dir" value="C:\Project\github\javavscode\netbeans\nbbuild\netbeans/ide" />
    <property name="nb.cluster.jira" value="c.atlassian.connector.eclipse.commons.core,c.atlassian.connector.eclipse.jira.core,c.atlassian.connector.eclipse.jira.core.rest,c.s.jersey,c.s.mail.javax.mail,javax.servlet,javax.wsdl,javax.xml.rpc,javax.xml.soap,jira,jira.rest,jira.xmlrpc,libs.jira.rest,o.apache.axis,o.apache.commons.discovery,o.codehaus.jettison,o.eclipse.mylyn.commons.soap,o.eclipse.mylyn.monitor.ui.dummy,o.joda.time" />
    <property name="j2ee.eclipselinkmodelgen.dir" value="C:\Project\github\javavscode\netbeans\nbbuild\netbeans/java" />
    <property name="groovy.editor.dir" value="C:\Project\github\javavscode\netbeans\nbbuild\netbeans/groovy" />
    <property name="web.bootsfaces.dir" value="C:\Project\github\javavscode\netbeans\nbbuild\netbeans/enterprise" />
    <property name="hudson.NUMBER_OF_PROCESSORS" value="8" />
    <property name="cp.extra" value="C:\Project\JDK\jdk-17\lib\tools.jar" />
    <property name="enterprise/web.bootsfaces.dir" value="C:\Project\github\javavscode\netbeans\nbbuild\netbeans/enterprise" />
    <property name="masterfs.ui.dir" value="C:\Project\github\javavscode\netbeans\nbbuild\netbeans/platform" />
    <property name="libs.graalsdk.dir" value="C:\Project\github\javavscode\netbeans\nbbuild\netbeans/ide" />
    <property name="j2ee.dd.dir" value="C:\Project\github\javavscode\netbeans\nbbuild\netbeans/enterprise" />
    <property name="jakarta.transformer.dir" value="C:\Project\github\javavscode\netbeans\nbbuild\netbeans/enterprise" />
    <property name="micronaut.dir" value="C:\Project\github\javavscode\netbeans\nbbuild\netbeans/enterprise" />
    <property name="test-qa-functional-sys-prop.branding.token" value="nb" />
    <property name="ide/css.prep.dir" value="C:\Project\github\javavscode\netbeans\nbbuild\netbeans/ide" />
    <property name="nb.cluster.enterprise" value="api.web.webmodule,cloud.amazon,cloud.common,cloud.oracle,el.lexer,glassfish.common,glassfish.eecommon,glassfish.javaee,glassfish.tooling,gradle.javaee,j2ee.ant,j2ee.api.ejbmodule,j2ee.clientproject,j2ee.common,j2ee.core,j2ee.dd,j2ee.dd.webservice,j2ee.ddloaders,j2ee.earproject,j2ee.ejbcore,j2ee.ejbjarproject,j2ee.ejbrefactoring,j2ee.ejbverification,j2ee.genericserver,j2ee.kit,j2ee.platform,j2ee.sun.appsrv,j2ee.sun.dd,j2ee.sun.ddui,j2eeapis,j2eeserver,jakarta.transformer,jakarta.web.beans,jakartaee10.api,jakartaee10.platform,jakartaee8.api,jakartaee8.platform,jakartaee9.api,jakartaee9.platform,javaee.api,javaee.beanvalidation,javaee.project,javaee.resources,javaee.specs.support,javaee.wildfly,javaee7.api,javaee8.api,jellytools.enterprise,jsp.lexer,libs.amazon,libs.commons_fileupload,libs.elimpl,libs.glassfish_logging,libs.jackson,libs.jstl,maven.j2ee,maven.jaxws,micronaut,payara.common,payara.eecommon,payara.jakartaee,payara.micro,payara.tooling,profiler.j2ee,projectimport.eclipse.web,servletjspapi,spring.webmvc,tomcat5,web.beans,web.bootsfaces,web.client.rest,web.core,web.core.syntax,web.debug,web.el,web.freeform,web.jsf,web.jsf.editor,web.jsf.icefaces,web.jsf.kit,web.jsf.navigation,web.jsf.richfaces,web.jsf12,web.jsf12ri,web.jsf20,web.jsfapi,web.jspparser,web.kit,web.monitor,web.primefaces,web.project,web.refactoring,web.struts,weblogic.common,websocket,websvc.clientapi,websvc.core,websvc.customization,websvc.design,websvc.editor.hints,websvc.jaxws.lightapi,websvc.jaxwsapi,websvc.jaxwsmodel,websvc.kit,websvc.manager,websvc.metro.lib,websvc.owsm,websvc.projectapi,websvc.rest,websvc.restapi,websvc.restkit,websvc.restlib,websvc.saas.codegen.j2ee,websvc.utilities,websvc.websvcapi,websvc.wsstackapi" />
    <property name="ide/spellchecker.apimodule.dir" value="C:\Project\github\javavscode\netbeans\nbbuild\netbeans/ide" />
    <property name="lib.v8debug.dir" value="C:\Project\github\javavscode\netbeans\nbbuild\netbeans/webcommon" />
    <property name="j2ee.sun.appsrv.dir" value="C:\Project\github\javavscode\netbeans\nbbuild\netbeans/enterprise" />
    <property name="web.common.ui.dir" value="C:\Project\github\javavscode\netbeans\nbbuild\netbeans/ide" />
    <property name="groovy/libs.groovy.dir" value="C:\Project\github\javavscode\netbeans\nbbuild\netbeans/groovy" />
    <property name="ide/lib.terminalemulator.dir" value="C:\Project\github\javavscode\netbeans\nbbuild\netbeans/ide" />
    <property name="editor.structure.dir" value="C:\Project\github\javavscode\netbeans\nbbuild\netbeans/ide" />
    <property name="hudson.ProgramW6432" value="C:\Program Files" />
    <property name="php.codeception.dir" value="C:\Project\github\javavscode\netbeans\nbbuild\netbeans/php" />
    <property name="libs.freemarker.dir" value="C:\Project\github\javavscode\netbeans\nbbuild\netbeans/ide" />
    <property name="nbantext.jar" value="C:\Project\github\javavscode\netbeans\nbbuild\build\nbantext.jar" />
    <property name="ide/editor.global.format.dir" value="C:\Project\github\javavscode\netbeans\nbbuild\netbeans/ide" />
    <property name="platform/libs.junit5.dir" value="C:\Project\github\javavscode\netbeans\nbbuild\netbeans/platform" />
    <property name="libs.javacapi.dir" value="C:\Project\github\javavscode\netbeans\nbbuild\netbeans/java" />
    <property name="websvc.owsm.dir" value="C:\Project\github\javavscode\netbeans\nbbuild\netbeans/enterprise" />
    <property name="platform/api.visual.dir" value="C:\Project\github\javavscode\netbeans\nbbuild\netbeans/platform" />
    <property name="libs.javacup.dir" value="C:\Project\github\javavscode\netbeans\nbbuild\netbeans/php" />
    <property name="ide/languages.manifest.dir" value="C:\Project\github\javavscode\netbeans\nbbuild\netbeans/ide" />
    <property name="java/classfile.dir" value="C:\Project\github\javavscode\netbeans\nbbuild\netbeans/java" />
    <property name="test.run.args" value="-ea -Xms1200m -Xmx1200m -XX:+UseParallelGC --add-opens=java.base/java.net=ALL-UNNAMED --add-opens=java.base/java.lang.ref=ALL-UNNAMED --add-opens=java.base/java.lang=ALL-UNNAMED --add-opens=java.base/java.security=ALL-UNNAMED --add-opens=java.base/java.util=ALL-UNNAMED --add-opens=java.base/java.nio=ALL-UNNAMED --add-exports=java.base/sun.reflect.annotation=ALL-UNNAMED --add-opens=java.prefs/java.util.prefs=ALL-UNNAMED --add-opens=java.desktop/javax.swing.plaf.basic=ALL-UNNAMED --add-opens=java.desktop/javax.swing.text=ALL-UNNAMED --add-opens=java.desktop/javax.swing=ALL-UNNAMED --add-opens=java.desktop/java.awt=ALL-UNNAMED --add-opens=java.desktop/java.awt.event=ALL-UNNAMED --add-opens=java.desktop/sun.awt.X11=ALL-UNNAMED --add-opens=java.desktop/javax.swing.plaf.synth=ALL-UNNAMED --add-opens=java.desktop/com.sun.java.swing.plaf.gtk=ALL-UNNAMED --add-opens=java.desktop/com.sun.java.swing.plaf.windows=ALL-UNNAMED --add-opens=java.desktop/com.apple.laf=ALL-UNNAMED --add-opens=java.desktop/sun.awt.shell=ALL-UNNAMED --add-opens=java.desktop/sun.awt.im=ALL-UNNAMED --add-exports=java.desktop/sun.awt=ALL-UNNAMED --add-exports=java.desktop/java.awt.peer=ALL-UNNAMED --add-exports=java.desktop/com.sun.beans.editors=ALL-UNNAMED --add-exports=java.desktop/sun.swing=ALL-UNNAMED --add-exports=java.desktop/sun.awt.im=ALL-UNNAMED --add-exports=java.desktop/com.sun.java.swing.plaf.motif=ALL-UNNAMED --add-exports=java.desktop/com.apple.eio=ALL-UNNAMED --add-opens=jdk.compiler/com.sun.tools.javac.api=ALL-UNNAMED --add-opens=jdk.compiler/com.sun.tools.javac.code=ALL-UNNAMED --add-opens=jdk.compiler/com.sun.tools.javac.comp=ALL-UNNAMED --add-opens=jdk.compiler/com.sun.tools.javac.file=ALL-UNNAMED --add-opens=jdk.compiler/com.sun.tools.javac.jvm=ALL-UNNAMED --add-opens=jdk.compiler/com.sun.tools.javac.main=ALL-UNNAMED --add-opens=jdk.compiler/com.sun.tools.javac.model=ALL-UNNAMED --add-opens=jdk.compiler/com.sun.tools.javac.parser=ALL-UNNAMED --add-opens=jdk.compiler/com.sun.tools.javac.processing=ALL-UNNAMED --add-opens=jdk.compiler/com.sun.tools.javac.tree=ALL-UNNAMED --add-opens=jdk.compiler/com.sun.tools.javac.util=ALL-UNNAMED --add-exports=jdk.compiler/com.sun.tools.javac.api=ALL-UNNAMED --add-exports=jdk.compiler/com.sun.tools.javac.code=ALL-UNNAMED --add-exports=jdk.compiler/com.sun.tools.javac.comp=ALL-UNNAMED --add-exports=jdk.compiler/com.sun.tools.javac.file=ALL-UNNAMED --add-exports=jdk.compiler/com.sun.tools.javac.jvm=ALL-UNNAMED --add-exports=jdk.compiler/com.sun.tools.javac.main=ALL-UNNAMED --add-exports=jdk.compiler/com.sun.tools.javac.model=ALL-UNNAMED --add-exports=jdk.compiler/com.sun.tools.javac.parser=ALL-UNNAMED --add-exports=jdk.compiler/com.sun.tools.javac.processing=ALL-UNNAMED --add-exports=jdk.compiler/com.sun.tools.javac.tree=ALL-UNNAMED --add-exports=jdk.compiler/com.sun.tools.javac.util=ALL-UNNAMED   -XX:+IgnoreUnrecognizedVMOptions" />
    <property name="project.ant.dir" value="C:\Project\github\javavscode\netbeans\nbbuild\netbeans/ide" />
    <property name="java/gradle.java.dir" value="C:\Project\github\javavscode\netbeans\nbbuild\netbeans/java" />
    <property name="php.dbgp.dir" value="C:\Project\github\javavscode\netbeans\nbbuild\netbeans/php" />
    <property name="o.eclipse.equinox.registry.dir" value="C:\Project\github\javavscode\netbeans\nbbuild\netbeans/ide" />
    <property name="webcommon/extbrowser.chrome.dir" value="C:\Project\github\javavscode\netbeans\nbbuild\netbeans/webcommon" />
    <property name="build.sysclasspath" value="ignore" />
    <property name="os.name" value="Windows 10" />
    <property name="php.apigen.dir" value="C:\Project\github\javavscode\netbeans\nbbuild\netbeans/php" />
    <property name="spi.editor.hints.dir" value="C:\Project\github\javavscode\netbeans\nbbuild\netbeans/ide" />
    <property name="enterprise/glassfish.eecommon.dir" value="C:\Project\github\javavscode\netbeans\nbbuild\netbeans/enterprise" />
    <property name="java/selenium2.maven.dir" value="C:\Project\github\javavscode\netbeans\nbbuild\netbeans/java" />
    <property name="web.jsf12ri.dir" value="C:\Project\github\javavscode\netbeans\nbbuild\netbeans/enterprise" />
    <property name="php/php.zend.dir" value="C:\Project\github\javavscode\netbeans\nbbuild\netbeans/php" />
    <property name="ide/xml.text.dir" value="C:\Project\github\javavscode\netbeans\nbbuild\netbeans/ide" />
    <property name="webcommon/javascript2.jade.dir" value="C:\Project\github\javavscode\netbeans\nbbuild\netbeans/webcommon" />
    <property name="xml.tax.dir" value="C:\Project\github\javavscode\netbeans\nbbuild\netbeans/ide" />
    <property name="ide/libs.flexmark.dir" value="C:\Project\github\javavscode\netbeans\nbbuild\netbeans/ide" />
    <property name="o.n.swing.tabcontrol.dir" value="C:\Project\github\javavscode\netbeans\nbbuild\netbeans/platform" />
    <property name="module.name.temp" value="C:\Project\github\javavscode\netbeans\java\java.lsp.server" />
    <property name="platform/o.n.html.presenters.spi.dir" value="C:\Project\github\javavscode\netbeans\nbbuild\netbeans/platform" />
    <property name="payara.eecommon.dir" value="C:\Project\github\javavscode\netbeans\nbbuild\netbeans/enterprise" />
    <property name="libs.commons_net.dir" value="C:\Project\github\javavscode\netbeans\nbbuild\netbeans/ide" />
    <property name="hudson.PSModulePath" value="C:\Program Files\WindowsPowerShell\Modules;C:\WINDOWS\system32\WindowsPowerShell\v1.0\Modules" />
    <property name="php.twig.dir" value="C:\Project\github\javavscode\netbeans\nbbuild\netbeans/php" />
    <property name="openide.filesystems.dir" value="C:\Project\github\javavscode\netbeans\nbbuild\netbeans/platform" />
    <property name="j2ee.metadata.dir" value="C:\Project\github\javavscode\netbeans\nbbuild\netbeans/java" />
    <property name="php.samples.dir" value="C:\Project\github\javavscode\netbeans\nbbuild\netbeans/php" />
    <property name="core.kit.dir" value="C:\Project\github\javavscode\netbeans\nbbuild\netbeans/platform" />
    <property name="metabuild.jms-flags" value=" -J--add-opens=java.base/java.net=ALL-UNNAMED -J--add-opens=java.base/java.lang.ref=ALL-UNNAMED -J--add-opens=java.base/java.lang=ALL-UNNAMED -J--add-opens=java.base/java.security=ALL-UNNAMED -J--add-opens=java.base/java.util=ALL-UNNAMED -J--add-opens=java.base/java.nio=ALL-UNNAMED -J--add-exports=java.base/sun.reflect.annotation=ALL-UNNAMED -J--add-opens=java.prefs/java.util.prefs=ALL-UNNAMED -J--add-opens=java.desktop/javax.swing.plaf.basic=ALL-UNNAMED -J--add-opens=java.desktop/javax.swing.text=ALL-UNNAMED -J--add-opens=java.desktop/javax.swing=ALL-UNNAMED -J--add-opens=java.desktop/java.awt=ALL-UNNAMED -J--add-opens=java.desktop/java.awt.event=ALL-UNNAMED -J--add-opens=java.desktop/sun.awt.X11=ALL-UNNAMED -J--add-opens=java.desktop/javax.swing.plaf.synth=ALL-UNNAMED -J--add-opens=java.desktop/com.sun.java.swing.plaf.gtk=ALL-UNNAMED -J--add-opens=java.desktop/com.sun.java.swing.plaf.windows=ALL-UNNAMED -J--add-opens=java.desktop/com.apple.laf=ALL-UNNAMED -J--add-opens=java.desktop/sun.awt.shell=ALL-UNNAMED -J--add-opens=java.desktop/sun.awt.im=ALL-UNNAMED -J--add-exports=java.desktop/sun.awt=ALL-UNNAMED -J--add-exports=java.desktop/java.awt.peer=ALL-UNNAMED -J--add-exports=java.desktop/com.sun.beans.editors=ALL-UNNAMED -J--add-exports=java.desktop/sun.swing=ALL-UNNAMED -J--add-exports=java.desktop/sun.awt.im=ALL-UNNAMED -J--add-exports=java.desktop/com.sun.java.swing.plaf.motif=ALL-UNNAMED -J--add-exports=java.desktop/com.apple.eio=ALL-UNNAMED -J--add-opens=jdk.compiler/com.sun.tools.javac.api=ALL-UNNAMED -J--add-opens=jdk.compiler/com.sun.tools.javac.code=ALL-UNNAMED -J--add-opens=jdk.compiler/com.sun.tools.javac.comp=ALL-UNNAMED -J--add-opens=jdk.compiler/com.sun.tools.javac.file=ALL-UNNAMED -J--add-opens=jdk.compiler/com.sun.tools.javac.jvm=ALL-UNNAMED -J--add-opens=jdk.compiler/com.sun.tools.javac.main=ALL-UNNAMED -J--add-opens=jdk.compiler/com.sun.tools.javac.model=ALL-UNNAMED -J--add-opens=jdk.compiler/com.sun.tools.javac.parser=ALL-UNNAMED -J--add-opens=jdk.compiler/com.sun.tools.javac.processing=ALL-UNNAMED -J--add-opens=jdk.compiler/com.sun.tools.javac.tree=ALL-UNNAMED -J--add-opens=jdk.compiler/com.sun.tools.javac.util=ALL-UNNAMED -J--add-exports=jdk.compiler/com.sun.tools.javac.api=ALL-UNNAMED -J--add-exports=jdk.compiler/com.sun.tools.javac.code=ALL-UNNAMED -J--add-exports=jdk.compiler/com.sun.tools.javac.comp=ALL-UNNAMED -J--add-exports=jdk.compiler/com.sun.tools.javac.file=ALL-UNNAMED -J--add-exports=jdk.compiler/com.sun.tools.javac.jvm=ALL-UNNAMED -J--add-exports=jdk.compiler/com.sun.tools.javac.main=ALL-UNNAMED -J--add-exports=jdk.compiler/com.sun.tools.javac.model=ALL-UNNAMED -J--add-exports=jdk.compiler/com.sun.tools.javac.parser=ALL-UNNAMED -J--add-exports=jdk.compiler/com.sun.tools.javac.processing=ALL-UNNAMED -J--add-exports=jdk.compiler/com.sun.tools.javac.tree=ALL-UNNAMED -J--add-exports=jdk.compiler/com.sun.tools.javac.util=ALL-UNNAMED -J--add-modules=jdk.jshell -J--add-opens=jdk.jshell/jdk.jshell=ALL-UNNAMED -J--add-exports=jdk.jshell/jdk.internal.jshell.debug=ALL-UNNAMED -J--add-exports=jdk.jdeps/com.sun.tools.classfile=ALL-UNNAMED -J--add-exports=jdk.jdeps/com.sun.tools.javap=ALL-UNNAMED -J--add-exports=jdk.internal.jvmstat/sun.jvmstat.monitor=ALL-UNNAMED -J--add-exports=jdk.internal.opt/jdk.internal.opt=ALL-UNNAMED -J--add-exports=java.management/sun.management=ALL-UNNAMED" />
    <property name="openide.execution.compat8.dir" value="C:\Project\github\javavscode\netbeans\nbbuild\netbeans/platform" />
    <property name="web.jsf.icefaces.dir" value="C:\Project\github\javavscode\netbeans\nbbuild\netbeans/enterprise" />
    <property name="o.eclipse.core.contenttype.dir" value="C:\Project\github\javavscode\netbeans\nbbuild\netbeans/ide" />
    <property name="cpplite.kit.dir" value="C:\Project\github\javavscode\netbeans\nbbuild\netbeans/cpplite" />
    <property name="ant.file" value="C:\Project\github\javavscode\netbeans\java\java.lsp.server\build.xml" />
    <property name="javascript2.debug.ui.dir" value="C:\Project\github\javavscode\netbeans\nbbuild\netbeans/ide" />
    <property name="utilities.project.dir" value="C:\Project\github\javavscode\netbeans\nbbuild\netbeans/ide" />
    <property name="clusters.list" value="nb.cluster.rust,nb.cluster.harness,nb.cluster.bootstrap,nb.cluster.platform,nb.cluster.ide,nb.cluster.extide,nb.cluster.websvccommon,nb.cluster.java,nb.cluster.javafx,nb.cluster.profiler,nb.cluster.3rdparty,nb.cluster.nb,nb.cluster.apisupport,nb.cluster.webcommon,nb.cluster.php,nb.cluster.groovy,nb.cluster.enterprise,nb.cluster.cpplite,nb.cluster.ergonomics" />
    <property name="platform/o.n.swing.laf.flatlaf.dir" value="C:\Project\github\javavscode\netbeans\nbbuild\netbeans/platform" />
    <property name="java/java.source.dir" value="C:\Project\github\javavscode\netbeans\nbbuild\netbeans/java" />
    <property name="nb.build.dir" value="C:\Project\github\javavscode\netbeans\nbbuild\build" />
    <property name="editor.lib2.dir" value="C:\Project\github\javavscode\netbeans\nbbuild\netbeans/ide" />
    <property name="java.home.parent" value="C:\Project\JDK" />
    <property name="javascript2.react.dir" value="C:\Project\github\javavscode\netbeans\nbbuild\netbeans/webcommon" />
    <property name="jms-compiler.flags.jvm" value="--add-opens=jdk.compiler/com.sun.tools.javac.api=ALL-UNNAMED --add-opens=jdk.compiler/com.sun.tools.javac.code=ALL-UNNAMED --add-opens=jdk.compiler/com.sun.tools.javac.comp=ALL-UNNAMED --add-opens=jdk.compiler/com.sun.tools.javac.file=ALL-UNNAMED --add-opens=jdk.compiler/com.sun.tools.javac.jvm=ALL-UNNAMED --add-opens=jdk.compiler/com.sun.tools.javac.main=ALL-UNNAMED --add-opens=jdk.compiler/com.sun.tools.javac.model=ALL-UNNAMED --add-opens=jdk.compiler/com.sun.tools.javac.parser=ALL-UNNAMED --add-opens=jdk.compiler/com.sun.tools.javac.processing=ALL-UNNAMED --add-opens=jdk.compiler/com.sun.tools.javac.tree=ALL-UNNAMED --add-opens=jdk.compiler/com.sun.tools.javac.util=ALL-UNNAMED --add-exports=jdk.compiler/com.sun.tools.javac.api=ALL-UNNAMED --add-exports=jdk.compiler/com.sun.tools.javac.code=ALL-UNNAMED --add-exports=jdk.compiler/com.sun.tools.javac.comp=ALL-UNNAMED --add-exports=jdk.compiler/com.sun.tools.javac.file=ALL-UNNAMED --add-exports=jdk.compiler/com.sun.tools.javac.jvm=ALL-UNNAMED --add-exports=jdk.compiler/com.sun.tools.javac.main=ALL-UNNAMED --add-exports=jdk.compiler/com.sun.tools.javac.model=ALL-UNNAMED --add-exports=jdk.compiler/com.sun.tools.javac.parser=ALL-UNNAMED --add-exports=jdk.compiler/com.sun.tools.javac.processing=ALL-UNNAMED --add-exports=jdk.compiler/com.sun.tools.javac.tree=ALL-UNNAMED --add-exports=jdk.compiler/com.sun.tools.javac.util=ALL-UNNAMED " />
    <property name="ide/spellchecker.dictionary_en.dir" value="C:\Project\github\javavscode\netbeans\nbbuild\netbeans/ide" />
    <property name="hudson.ZES_ENABLE_SYSMAN" value="1" />
    <property name="java/debugger.jpda.projectsui.dir" value="C:\Project\github\javavscode\netbeans\nbbuild\netbeans/java" />
    <property name="test.timeout" value="600000" />
    <property name="usersguide.dir" value="C:\Project\github\javavscode\netbeans\nbbuild\netbeans/ide" />
    <property name="ide/editor.indent.support.dir" value="C:\Project\github\javavscode\netbeans\nbbuild\netbeans/ide" />
    <property name="java.editor.lib.dir" value="C:\Project\github\javavscode\netbeans\nbbuild\netbeans/java" />
    <property name="apisupport.harness.dir" value="C:\Project\github\javavscode\netbeans\nbbuild\netbeans/harness" />
    <property name="php/php.zend2.dir" value="C:\Project\github\javavscode\netbeans\nbbuild\netbeans/php" />
    <property name="ide/versioning.util.dir" value="C:\Project\github\javavscode\netbeans\nbbuild\netbeans/ide" />
    <property name="jms-base.flags.jvm" value="--add-opens=java.base/java.net=ALL-UNNAMED --add-opens=java.base/java.lang.ref=ALL-UNNAMED --add-opens=java.base/java.lang=ALL-UNNAMED --add-opens=java.base/java.security=ALL-UNNAMED --add-opens=java.base/java.util=ALL-UNNAMED --add-opens=java.base/java.nio=ALL-UNNAMED --add-exports=java.base/sun.reflect.annotation=ALL-UNNAMED --add-opens=java.prefs/java.util.prefs=ALL-UNNAMED " />
    <property name="options.editor.dir" value="C:\Project\github\javavscode\netbeans\nbbuild\netbeans/ide" />
    <property name="harness/libs.nbi.ant.dir" value="C:\Project\github\javavscode\netbeans\nbbuild\netbeans/harness" />
    <property name="websvc.rest.dir" value="C:\Project\github\javavscode\netbeans\nbbuild\netbeans/enterprise" />
    <property name="platform/masterfs.dir" value="C:\Project\github\javavscode\netbeans\nbbuild\netbeans/platform" />
    <property name="test.extra.nb.javac.deps" value="" />
    <property name="java.class.version" value="61.0" />
    <property name="src.dir" value="C:\Project\github\javavscode\netbeans\java\java.lsp.server\src" />
    <property name="javascript.bower.dir" value="C:\Project\github\javavscode\netbeans\nbbuild\netbeans/webcommon" />
    <property name="webcommon/web.clientproject.dir" value="C:\Project\github\javavscode\netbeans\nbbuild\netbeans/webcommon" />
    <property name="java/maven.search.dir" value="C:\Project\github\javavscode\netbeans\nbbuild\netbeans/java" />
    <property name="java.editor.dir" value="C:\Project\github\javavscode\netbeans\nbbuild\netbeans/java" />
    <property name="java/ant.debugger.dir" value="C:\Project\github\javavscode\netbeans\nbbuild\netbeans/java" />
    <property name="hudson.LC_CTYPE" value="en_US.UTF-8" />
    <property name="java.platform.ui.dir" value="C:\Project\github\javavscode\netbeans\nbbuild\netbeans/java" />
    <property name="enterprise/glassfish.javaee.dir" value="C:\Project\github\javavscode\netbeans\nbbuild\netbeans/enterprise" />
    <property name="nb.cluster.groovy.dir" value="groovy" />
    <property name="web.client.kit.dir" value="C:\Project\github\javavscode\netbeans\nbbuild\netbeans/webcommon" />
    <property name="nb.cluster.3rdparty" value="libs.javafx.linux,libs.javafx.linux.aarch64,libs.javafx.macosx,libs.javafx.macosx.aarch64,libs.javafx.win" />
    <property name="nb.cluster.team.dir" value="extra" />
    <property name="maven.hints.dir" value="C:\Project\github\javavscode\netbeans\nbbuild\netbeans/java" />
    <property name="webcommon/web.javascript.debugger.dir" value="C:\Project\github\javavscode\netbeans\nbbuild\netbeans/webcommon" />
    <property name="bugzilla.dir" value="C:\Project\github\javavscode\netbeans\nbbuild\netbeans/ide" />
    <property name="javaee.resources.dir" value="C:\Project\github\javavscode\netbeans\nbbuild\netbeans/enterprise" />
    <property name="j2ee.earproject.dir" value="C:\Project\github\javavscode\netbeans\nbbuild\netbeans/enterprise" />
    <property name="webcommon/javascript2.jsdoc.dir" value="C:\Project\github\javavscode\netbeans\nbbuild\netbeans/webcommon" />
    <property name="platform/api.templates.dir" value="C:\Project\github\javavscode\netbeans\nbbuild\netbeans/platform" />
    <property name="php.composer.dir" value="C:\Project\github\javavscode\netbeans\nbbuild\netbeans/php" />
    <property name="whitelist.dir" value="C:\Project\github\javavscode\netbeans\nbbuild\netbeans/java" />
    <property name="enterprise/libs.commons_fileupload.dir" value="C:\Project\github\javavscode\netbeans\nbbuild\netbeans/enterprise" />
    <property name="o.eclipse.core.runtime.dir" value="C:\Project\github\javavscode\netbeans\nbbuild\netbeans/ide" />
    <property name="hudson.maven.dir" value="C:\Project\github\javavscode\netbeans\nbbuild\netbeans/java" />
    <property name=".exe" value=".exe" />
    <property name="line.separator" value="&#xd;&#xa;" />
    <property name="java/java.freeform.dir" value="C:\Project\github\javavscode\netbeans\nbbuild\netbeans/java" />
    <property name="enterprise/web.refactoring.dir" value="C:\Project\github\javavscode\netbeans\nbbuild\netbeans/enterprise" />
    <property name="release.external/org.eclipse.lsp4j.jsonrpc-0.13.0.jar" value="modules/ext/org.eclipse.lsp4j.jsonrpc-0.13.0.jar" />
    <property name="java.hints.declarative.dir" value="C:\Project\github\javavscode\netbeans\nbbuild\netbeans/java" />
    <property name="platform/libs.felix.dir" value="C:\Project\github\javavscode\netbeans\nbbuild\netbeans/platform" />
    <property name="web.webkit.debugging.dir" value="C:\Project\github\javavscode\netbeans\nbbuild\netbeans/ide" />
    <property name="ide/api.debugger.dir" value="C:\Project\github\javavscode\netbeans\nbbuild\netbeans/ide" />
    <property name="platform/api.progress.nb.dir" value="C:\Project\github\javavscode\netbeans\nbbuild\netbeans/platform" />
    <property name="ide/languages.go.dir" value="C:\Project\github\javavscode\netbeans\nbbuild\netbeans/ide" />
    <property name="buildnumber" value="20240528-unknown-revn" />
    <property name="enterprise/j2ee.ejbcore.dir" value="C:\Project\github\javavscode\netbeans\nbbuild\netbeans/enterprise" />
    <property name="nb.cluster.rust.dir" value="rust" />
    <property name="ide/editor.bookmarks.dir" value="C:\Project\github\javavscode\netbeans\nbbuild\netbeans/ide" />
    <property name="webcommon/netserver.dir" value="C:\Project\github\javavscode\netbeans\nbbuild\netbeans/webcommon" />
    <property name="jakarta.web.beans.dir" value="C:\Project\github\javavscode\netbeans\nbbuild\netbeans/enterprise" />
    <property name="build.compiler.debug" value="true" />
    <property name="java/java.disco.dir" value="C:\Project\github\javavscode\netbeans\nbbuild\netbeans/java" />
    <property name="hudson.MINGW_CHOST" value="x86_64-w64-mingw32" />
    <property name="validation.nb.cluster.ide" value="ide.kit" />
    <property name="java/java.kit.dir" value="C:\Project\github\javavscode\netbeans\nbbuild\netbeans/java" />
    <property name="libs.jackson.dir" value="C:\Project\github\javavscode\netbeans\nbbuild\netbeans/enterprise" />
    <property name="javascript2.model.dir" value="C:\Project\github\javavscode\netbeans\nbbuild\netbeans/webcommon" />
    <property name="enterprise/j2ee.core.dir" value="C:\Project\github\javavscode\netbeans\nbbuild\netbeans/enterprise" />
    <property name="enterprise/websvc.restkit.dir" value="C:\Project\github\javavscode\netbeans\nbbuild\netbeans/enterprise" />
    <property name="ide/spellchecker.bindings.htmlxml.dir" value="C:\Project\github\javavscode\netbeans\nbbuild\netbeans/ide" />
    <property name="platform/openide.filesystems.dir" value="C:\Project\github\javavscode\netbeans\nbbuild\netbeans/platform" />
    <property name="java/ko4j.debugging.dir" value="C:\Project\github\javavscode\netbeans\nbbuild\netbeans/java" />
    <property name="module.jar.dir" value="modules" />
    <property name="cluster.dir.fallback" value="extra" />
    <property name="enterprise/websvc.restlib.dir" value="C:\Project\github\javavscode\netbeans\nbbuild\netbeans/enterprise" />
    <property name="platform/keyring.impl.dir" value="C:\Project\github\javavscode\netbeans\nbbuild\netbeans/platform" />
    <property name="ant.home" value="C:/Project/tools/apache-ant-1.10.14" />
    <property name="hudson.ant.dir" value="C:\Project\github\javavscode\netbeans\nbbuild\netbeans/java" />
    <property name="nb.cluster.stableuc" value="apisupport.apidocs,db.mysql.sakila,deployment.deviceanywhere,j2me.cdc.kit,j2me.cdc.platform,j2me.cdc.platform.nokias80,j2me.cdc.platform.ojec,j2me.cdc.platform.semc,j2me.cdc.platform.sjmc,j2me.cdc.platform.sun,j2me.cdc.project,j2me.cdc.project.execui,j2me.cdc.project.execuiimpl,j2me.cdc.project.nokiaS80,j2me.cdc.project.ojec,j2me.cdc.project.savaje,j2me.cdc.project.semc,j2me.cdc.project.sjmc,jconsole,jmx,jmx.common,libs.aguiswinglayout,libs.oracle.cloud,libs.ppawtlayout,loadgenerator,maven.util,mvd,o.apache.tools.ant.module.docs,profiler.commandrunner,profiler.loadgen,svg.perseus,swingapplib,vmd.analyzer,vmd.codegen,vmd.components.midp,vmd.components.midp.pda,vmd.components.midp.wma,vmd.components.svg,vmd.componentssupport,vmd.examples,vmd.flow,vmd.game,vmd.inspector,vmd.io,vmd.io.javame,vmd.kit,vmd.midp,vmd.midp.converter,vmd.midpnb,vmd.model,vmd.palette,vmd.properties,vmd.screen,vmd.structure" />
    <property name="nb.cluster.cnd.depends" value="nb.cluster.harness,nb.cluster.platform,nb.cluster.dlight,nb.cluster.ide" />
    <property name="javac.target" value="1.8" />
    <property name="ide/xml.jaxb.api.dir" value="C:\Project\github\javavscode\netbeans\nbbuild\netbeans/ide" />
    <property name="testng.ant.dir" value="C:\Project\github\javavscode\netbeans\nbbuild\netbeans/java" />
    <property name="nb/uihandler.exceptionreporter.dir" value="C:\Project\github\javavscode\netbeans\nbbuild\netbeans/nb" />
    <property name="javafx/javafx2.platform.dir" value="C:\Project\github\javavscode\netbeans\nbbuild\netbeans/javafx" />
    <property name="test.qa-functional.dir" value="C:\Project\github\javavscode\netbeans\java\java.lsp.server\test\qa-functional" />
    <property name="api.search.dir" value="C:\Project\github\javavscode\netbeans\nbbuild\netbeans/platform" />
    <property name="module.jar.basename" value="org-netbeans-modules-java-lsp-server.jar" />
    <property name="ide/utilities.project.dir" value="C:\Project\github\javavscode\netbeans\nbbuild\netbeans/ide" />
    <property name="ide/o.eclipse.equinox.preferences.dir" value="C:\Project\github\javavscode\netbeans\nbbuild\netbeans/ide" />
    <property name="ide/db.core.dir" value="C:\Project\github\javavscode\netbeans\nbbuild\netbeans/ide" />
    <property name="platform/core.windows.dir" value="C:\Project\github\javavscode\netbeans\nbbuild\netbeans/platform" />
    <property name="ide/db.drivers.dir" value="C:\Project\github\javavscode\netbeans\nbbuild\netbeans/ide" />
    <property name="apisupport/apisupport.installer.maven.dir" value="C:\Project\github\javavscode\netbeans\nbbuild\netbeans/apisupport" />
    <property name="ide/refactoring.api.dir" value="C:\Project\github\javavscode\netbeans\nbbuild\netbeans/ide" />
    <property name="ide/web.common.dir" value="C:\Project\github\javavscode\netbeans\nbbuild\netbeans/ide" />
    <property name="o.n.html.xhr4j.dir" value="C:\Project\github\javavscode\netbeans\nbbuild\netbeans/platform" />
    <property name="java/javawebstart.dir" value="C:\Project\github\javavscode\netbeans\nbbuild\netbeans/java" />
    <property name="debugger.jpda.truffle.dir" value="C:\Project\github\javavscode\netbeans\nbbuild\netbeans/java" />
    <property name="ant.file.projectized" value="C:\Project\github\javavscode\netbeans\nbbuild\templates\projectized.xml" />
    <property name="editor.dir" value="C:\Project\github\javavscode\netbeans\nbbuild\netbeans/ide" />
    <property name="versioning.masterfs.dir" value="C:\Project\github\javavscode\netbeans\nbbuild\netbeans/ide" />
    <property name="apisupport.ant.dir" value="C:\Project\github\javavscode\netbeans\nbbuild\netbeans/apisupport" />
    <property name="sampler.dir" value="C:\Project\github\javavscode\netbeans\nbbuild\netbeans/platform" />
    <property name="libs.jcodings.dir" value="C:\Project\github\javavscode\netbeans\nbbuild\netbeans/ide" />
    <property name="enterprise/javaee.beanvalidation.dir" value="C:\Project\github\javavscode\netbeans\nbbuild\netbeans/enterprise" />
    <property name="progress.ui.dir" value="C:\Project\github\javavscode\netbeans\nbbuild\netbeans/platform" />
    <property name="nb/o.n.upgrader.dir" value="C:\Project\github\javavscode\netbeans\nbbuild\netbeans/nb" />
    <property name="php/php.smarty.dir" value="C:\Project\github\javavscode\netbeans\nbbuild\netbeans/php" />
    <property name="java/form.nb.dir" value="C:\Project\github\javavscode\netbeans\nbbuild\netbeans/java" />
    <property name="nb.cluster.harness.dir" value="harness" />
    <property name="spring.beans.dir" value="C:\Project\github\javavscode\netbeans\nbbuild\netbeans/java" />
    <property name="maven.dir" value="C:\Project\github\javavscode\netbeans\nbbuild\netbeans/java" />
    <property name="javafx/javafx2.samples.dir" value="C:\Project\github\javavscode\netbeans\nbbuild\netbeans/javafx" />
    <property name="webcommon/javascript.karma.dir" value="C:\Project\github\javavscode\netbeans\nbbuild\netbeans/webcommon" />
    <property name="libs.javafx.win.dir" value="C:\Project\github\javavscode\netbeans\nbbuild\netbeans/extra" />
    <property name="nb.cluster.platform.depends" value="nb.cluster.bootstrap" />
    <property name="enterprise/weblogic.common.dir" value="C:\Project\github\javavscode\netbeans\nbbuild\netbeans/enterprise" />
    <property name="openide.modules.dir" value="C:\Project\github\javavscode\netbeans\nbbuild\netbeans/platform" />
    <property name="o.n.swing.laf.dark.dir" value="C:\Project\github\javavscode\netbeans\nbbuild\netbeans/platform" />
    <property name="project.spi.intern.dir" value="C:\Project\github\javavscode\netbeans\nbbuild\netbeans/ide" />
    <property name="webcommon/javascript.v8debug.dir" value="C:\Project\github\javavscode\netbeans\nbbuild\netbeans/webcommon" />
    <property name="jakartaee9.api.dir" value="C:\Project\github\javavscode\netbeans\nbbuild\netbeans/enterprise" />
    <property name="platform/core.io.ui.dir" value="C:\Project\github\javavscode\netbeans\nbbuild\netbeans/platform" />
    <property name="ide/db.sql.visualeditor.dir" value="C:\Project\github\javavscode\netbeans\nbbuild\netbeans/ide" />
    <property name="nb.cluster.dlight.dir" value="dlight" />
    <property name="jellytools.enterprise.dir" value="C:\Project\github\javavscode\netbeans\nbbuild\netbeans/enterprise" />
    <property name="libs.javafx.dir" value="C:\Project\github\javavscode\netbeans\nbbuild\netbeans/platform" />
    <property name="ide/db.sql.editor.dir" value="C:\Project\github\javavscode\netbeans\nbbuild\netbeans/ide" />
    <property name="ide/css.visual.dir" value="C:\Project\github\javavscode\netbeans\nbbuild\netbeans/ide" />
    <property name="php/php.api.framework.dir" value="C:\Project\github\javavscode\netbeans\nbbuild\netbeans/php" />
    <property name="java/maven.persistence.dir" value="C:\Project\github\javavscode\netbeans\nbbuild\netbeans/java" />
    <property name="project.libraries.ui.dir" value="C:\Project\github\javavscode\netbeans\nbbuild\netbeans/ide" />
    <property name="extra/libs.javafx.macosx.aarch64.dir" value="C:\Project\github\javavscode\netbeans\nbbuild\netbeans/extra" />
    <property name="java/beans.dir" value="C:\Project\github\javavscode\netbeans\nbbuild\netbeans/java" />
    <property name="refactoring.java.dir" value="C:\Project\github\javavscode\netbeans\nbbuild\netbeans/java" />
    <property name="ant.project.invoked-targets" value="-do-junit" />
    <property name="hudson.USERDOMAIN_ROAMINGPROFILE" value="ARSAPRE-7420" />
    <property name="nbm.is.preferredupdate" value="" />
    <property name="nb/ide.branding.kit.dir" value="C:\Project\github\javavscode\netbeans\nbbuild\netbeans/nb" />
    <property name="core.windows.dir" value="C:\Project\github\javavscode\netbeans\nbbuild\netbeans/platform" />
    <property name="enterprise/spring.webmvc.dir" value="C:\Project\github\javavscode\netbeans\nbbuild\netbeans/enterprise" />
    <property name="ide/o.eclipse.equinox.app.dir" value="C:\Project\github\javavscode\netbeans\nbbuild\netbeans/ide" />
    <property name="hudson.PROCESSOR_LEVEL" value="6" />
    <property name="spi.java.hints.dir" value="C:\Project\github\javavscode\netbeans\nbbuild\netbeans/java" />
    <property name="html.validation.dir" value="C:\Project\github\javavscode\netbeans\nbbuild\netbeans/ide" />
    <property name="TODAY" value="April 9 2024" />
    <property name="ide.kit.dir" value="C:\Project\github\javavscode\netbeans\nbbuild\netbeans/ide" />
    <property name="ide/o.eclipse.equinox.common.dir" value="C:\Project\github\javavscode\netbeans\nbbuild\netbeans/ide" />
    <property name="versioning.core.dir" value="C:\Project\github\javavscode\netbeans\nbbuild\netbeans/ide" />
    <property name="dtd.cp" value="C:\Project\github\javavscode\netbeans/platform/openide.filesystems/src" />
    <property name="maven.repository.dir" value="C:\Project\github\javavscode\netbeans\nbbuild\netbeans/java" />
    <property name="o.eclipse.equinox.app.dir" value="C:\Project\github\javavscode\netbeans\nbbuild\netbeans/ide" />
    <property name="ide/schema2beans.dir" value="C:\Project\github\javavscode\netbeans\nbbuild\netbeans/ide" />
    <property name="profiler/lib.profiler.charts.dir" value="C:\Project\github\javavscode\netbeans\nbbuild\netbeans/profiler" />
    <property name="test.qa-functional.runtime.cp" value="C:/Project/github/javavscode/netbeans/nbbuild/netbeans/platform/modules/org-netbeans-libs-junit4.jar;C:/Project/github/javavscode/netbeans/nbbuild/netbeans/harness/modules/org-netbeans-modules-nbjunit.jar;C:/Project/github/javavscode/netbeans/nbbuild/netbeans/harness/modules/org-netbeans-insane.jar;C:/Project/github/javavscode/netbeans/nbbuild/netbeans/java/modules/org-netbeans-modules-java-j2seproject.jar;C:/Project/github/javavscode/netbeans/nbbuild/build/testdist/qa-functional/java/org-netbeans-modules-java-j2seproject/tests.jar;C:/Project/github/javavscode/netbeans/nbbuild/build/testdist/unit/java/org-netbeans-modules-java-j2seproject/tests.jar;C:/Project/github/javavscode/netbeans/nbbuild/netbeans/extide/modules/org-netbeans-modules-options-java.jar;C:/Project/github/javavscode/netbeans/nbbuild/netbeans/ide/modules/org-netbeans-modules-editor-settings-storage.jar;C:/Project/github/javavscode/netbeans/nbbuild/netbeans/java/modules/org-netbeans-libs-javacapi.jar;C:/Project/github/javavscode/netbeans/nbbuild/netbeans/ide/modules/org-netbeans-modules-web-browser-api.jar;C:/Project/github/javavscode/netbeans/nbbuild/netbeans/ide/modules/org-apache-xml-resolver.jar;C:/Project/github/javavscode/netbeans/nbbuild/netbeans/platform/modules/org-netbeans-swing-plaf.jar;C:/Project/github/javavscode/netbeans/nbbuild/netbeans/ide/modules/org-netbeans-modules-editor-settings-lib.jar;C:/Project/github/javavscode/netbeans/nbbuild/netbeans/platform/modules/org-netbeans-modules-autoupdate-services.jar;C:/Project/github/javavscode/netbeans/nbbuild/netbeans/ide/modules/org-netbeans-modules-editor-document.jar;C:/Project/github/javavscode/netbeans/nbbuild/netbeans/ide/modules/org-netbeans-modules-extexecution.jar;C:/Project/github/javavscode/netbeans/nbbuild/netbeans/java/modules/org-netbeans-api-java.jar;C:/Project/github/javavscode/netbeans/nbbuild/netbeans/ide/modules/org-netbeans-modules-xml-catalog.jar;C:/Project/github/javavscode/netbeans/nbbuild/netbeans/java/modules/org-netbeans-modules-debugger-jpda-ant.jar;C:/Project/github/javavscode/netbeans/nbbuild/netbeans/ide/modules/org-netbeans-modules-project-ant-ui.jar;C:/Project/github/javavscode/netbeans/nbbuild/netbeans/platform/modules/org-netbeans-modules-options-api.jar;C:/Project/github/javavscode/netbeans/nbbuild/netbeans/platform/lib/org-openide-modules.jar;C:/Project/github/javavscode/netbeans/nbbuild/netbeans/java/modules/org-netbeans-modules-java-platform-ui.jar;C:/Project/github/javavscode/netbeans/nbbuild/netbeans/platform/modules/org-netbeans-api-search.jar;C:/Project/github/javavscode/netbeans/nbbuild/netbeans/platform/modules/org-openide-filesystems-nb.jar;C:/Project/github/javavscode/netbeans/nbbuild/netbeans/ide/modules/org-netbeans-modules-editor-guards.jar;C:/Project/github/javavscode/netbeans/nbbuild/netbeans/ide/modules/org-netbeans-spi-tasklist.jar;C:/Project/github/javavscode/netbeans/nbbuild/netbeans/platform/modules/org-netbeans-modules-keyring.jar;C:/Project/github/javavscode/netbeans/nbbuild/netbeans/java/modules/org-netbeans-lib-nbjavac.jar;C:/Project/github/javavscode/netbeans/nbbuild/netbeans/platform/modules/org-netbeans-api-templates.jar;C:/Project/github/javavscode/netbeans/nbbuild/netbeans/platform/lib/org-openide-util-lookup.jar;C:/Project/github/javavscode/netbeans/nbbuild/netbeans/ide/modules/org-netbeans-modules-web-common.jar;C:/Project/github/javavscode/netbeans/nbbuild/netbeans/ide/modules/org-netbeans-spi-navigator.jar;C:/Project/github/javavscode/netbeans/nbbuild/netbeans/platform/modules/org-netbeans-api-annotations-common.jar;C:/Project/github/javavscode/netbeans/nbbuild/netbeans/ide/modules/org-netbeans-modules-refactoring-api.jar;C:/Project/github/javavscode/netbeans/nbbuild/netbeans/ide/modules/org-netbeans-api-xml-ui.jar;C:/Project/github/javavscode/netbeans/nbbuild/netbeans/platform/lib/boot.jar;C:/Project/github/javavscode/netbeans/nbbuild/netbeans/platform/modules/org-openide-execution.jar;C:/Project/github/javavscode/netbeans/nbbuild/netbeans/java/modules/org-netbeans-modules-j2ee-metadata-model-support.jar;C:/Project/github/javavscode/netbeans/nbbuild/netbeans/java/modules/org-netbeans-modules-classfile.jar;C:/Project/github/javavscode/netbeans/nbbuild/netbeans/platform/lib/org-openide-util.jar;C:/Project/github/javavscode/netbeans/nbbuild/netbeans/platform/modules/org-netbeans-spi-quicksearch.jar;C:/Project/github/javavscode/netbeans/nbbuild/netbeans/platform/modules/org-openide-windows.jar;C:/Project/github/javavscode/netbeans/nbbuild/netbeans/ide/modules/org-netbeans-modules-editor-indent.jar;C:/Project/github/javavscode/netbeans/nbbuild/netbeans/java/modules/org-netbeans-modules-java-preprocessorbridge.jar;C:/Project/github/javavscode/netbeans/nbbuild/netbeans/platform/modules/org-netbeans-modules-sampler.jar;C:/Project/github/javavscode/netbeans/nbbuild/netbeans/java/modules/org-netbeans-api-debugger-jpda.jar;C:/Project/github/javavscode/netbeans/nbbuild/netbeans/java/modules/org-netbeans-modules-java-sourceui.jar;C:/Project/github/javavscode/netbeans/nbbuild/netbeans/platform/modules/org-openide-dialogs.jar;C:/Project/github/javavscode/netbeans/nbbuild/netbeans/ide/modules/org-netbeans-modules-projectuiapi.jar;C:/Project/github/javavscode/netbeans/nbbuild/netbeans/ide/modules/org-netbeans-modules-projectapi.jar;C:/Project/github/javavscode/netbeans/nbbuild/netbeans/ide/modules/org-netbeans-modules-editor-errorstripe.jar;C:/Project/github/javavscode/netbeans/nbbuild/netbeans/ide/modules/org-netbeans-modules-project-libraries-ui.jar;C:/Project/github/javavscode/netbeans/nbbuild/netbeans/platform/modules/org-openide-awt.jar;C:/Project/github/javavscode/netbeans/nbbuild/netbeans/java/modules/org-netbeans-modules-j2ee-metadata.jar;C:/Project/github/javavscode/netbeans/nbbuild/netbeans/ide/modules/org-netbeans-modules-extbrowser.jar;C:/Project/github/javavscode/netbeans/nbbuild/netbeans/platform/modules/org-openide-actions.jar;C:/Project/github/javavscode/netbeans/nbbuild/netbeans/java/modules/org-netbeans-modules-java-source.jar;C:/Project/github/javavscode/netbeans/nbbuild/netbeans/platform/modules/org-netbeans-api-io.jar;C:/Project/github/javavscode/netbeans/nbbuild/netbeans/ide/modules/org-netbeans-modules-editor-settings.jar;C:/Project/github/javavscode/netbeans/nbbuild/netbeans/ide/modules/org-netbeans-modules-editor.jar;C:/Project/github/javavscode/netbeans/nbbuild/netbeans/platform/modules/org-openide-loaders.jar;C:/Project/github/javavscode/netbeans/nbbuild/netbeans/platform/modules/org-netbeans-api-intent.jar;C:/Project/github/javavscode/netbeans/nbbuild/netbeans/platform/modules/org-openide-nodes.jar;C:/Project/github/javavscode/netbeans/nbbuild/netbeans/platform/modules/org-netbeans-swing-outline.jar;C:/Project/github/javavscode/netbeans/nbbuild/netbeans/platform/modules/org-netbeans-api-progress-nb.jar;C:/Project/github/javavscode/netbeans/nbbuild/netbeans/platform/modules/org-openide-io.jar;C:/Project/github/javavscode/netbeans/nbbuild/netbeans/ide/modules/org-netbeans-modules-options-editor.jar;C:/Project/github/javavscode/netbeans/nbbuild/netbeans/ide/modules/org-netbeans-modules-projectuiapi-base.jar;C:/Project/github/javavscode/netbeans/nbbuild/netbeans/platform/modules/org-netbeans-api-progress.jar;C:/Project/github/javavscode/netbeans/nbbuild/netbeans/ide/modules/org-netbeans-libs-antlr3-runtime.jar;C:/Project/github/javavscode/netbeans/nbbuild/netbeans/ide/modules/org-netbeans-api-xml.jar;C:/Project/github/javavscode/netbeans/nbbuild/netbeans/platform/lib/org-openide-util-ui.jar;C:/Project/github/javavscode/netbeans/nbbuild/netbeans/ide/modules/org-netbeans-modules-editor-fold.jar;C:/Project/github/javavscode/netbeans/nbbuild/netbeans/ide/modules/org-netbeans-modules-editor-fold-nbui.jar;C:/Project/github/javavscode/netbeans/nbbuild/netbeans/java/modules/org-netbeans-modules-j2ee-persistenceapi.jar;C:/Project/github/javavscode/netbeans/nbbuild/netbeans/platform/modules/org-openide-text.jar;C:/Project/github/javavscode/netbeans/nbbuild/netbeans/platform/core/org-netbeans-libs-asm.jar;C:/Project/github/javavscode/netbeans/nbbuild/netbeans/ide/modules/org-netbeans-modules-jumpto.jar;C:/Project/github/javavscode/netbeans/nbbuild/netbeans/extide/modules/org-apache-tools-ant-module.jar;C:/Project/github/javavscode/netbeans/nbbuild/netbeans/platform/modules/org-netbeans-modules-favorites.jar;C:/Project/github/javavscode/netbeans/nbbuild/netbeans/platform/modules/org-netbeans-modules-options-keymap.jar;C:/Project/github/javavscode/netbeans/nbbuild/netbeans/platform/core/core.jar;C:/Project/github/javavscode/netbeans/nbbuild/netbeans/ide/modules/org-netbeans-modules-project-indexingbridge.jar;C:/Project/github/javavscode/netbeans/nbbuild/netbeans/ide/modules/org-netbeans-modules-diff.jar;C:/Project/github/javavscode/netbeans/nbbuild/netbeans/ide/modules/org-netbeans-modules-project-spi-intern.jar;C:/Project/github/javavscode/netbeans/nbbuild/netbeans/platform/modules/org-netbeans-modules-queries.jar;C:/Project/github/javavscode/netbeans/nbbuild/netbeans/ide/modules/org-netbeans-api-java-classpath.jar;C:/Project/github/javavscode/netbeans/nbbuild/netbeans/ide/modules/org-netbeans-modules-lexer.jar;C:/Project/github/javavscode/netbeans/nbbuild/netbeans/java/modules/org-netbeans-modules-libs-corba-omgapi.jar;C:/Project/github/javavscode/netbeans/nbbuild/netbeans/ide/modules/org-netbeans-modules-project-ant.jar;C:/Project/github/javavscode/netbeans/nbbuild/netbeans/platform/modules/org-netbeans-core-execution.jar;C:/Project/github/javavscode/netbeans/nbbuild/netbeans/platform/modules/org-netbeans-modules-editor-mimelookup.jar;C:/Project/github/javavscode/netbeans/nbbuild/netbeans/java/modules/org-netbeans-modules-java-platform.jar;C:/Project/github/javavscode/netbeans/nbbuild/netbeans/ide/modules/org-netbeans-modules-editor-indent-project.jar;C:/Project/github/javavscode/netbeans/nbbuild/netbeans/java/modules/org-netbeans-modules-java-lexer.jar;C:/Project/github/javavscode/netbeans/nbbuild/netbeans/platform/modules/org-netbeans-core.jar;C:/Project/github/javavscode/netbeans/nbbuild/netbeans/platform/modules/org-netbeans-modules-sendopts.jar;C:/Project/github/javavscode/netbeans/nbbuild/netbeans/ide/modules/org-netbeans-modules-projectui.jar;C:/Project/github/javavscode/netbeans/nbbuild/netbeans/ide/modules/org-netbeans-modules-editor-util.jar;C:/Project/github/javavscode/netbeans/nbbuild/netbeans/platform/modules/org-netbeans-core-multiview.jar;C:/Project/github/javavscode/netbeans/nbbuild/netbeans/platform/modules/org-netbeans-modules-settings.jar;C:/Project/github/javavscode/netbeans/nbbuild/netbeans/ide/modules/org-netbeans-modules-parsing-indexing.jar;C:/Project/github/javavscode/netbeans/nbbuild/netbeans/ide/modules/org-netbeans-modules-editor-errorstripe-api.jar;C:/Project/github/javavscode/netbeans/nbbuild/netbeans/java/modules/org-netbeans-modules-java-project.jar;C:/Project/github/javavscode/netbeans/nbbuild/netbeans/platform/modules/org-netbeans-modules-masterfs.jar;C:/Project/github/javavscode/netbeans/nbbuild/netbeans/ide/modules/org-netbeans-libs-lucene.jar;C:/Project/github/javavscode/netbeans/nbbuild/netbeans/java/modules/org-netbeans-modules-java-api-common.jar;C:/Project/github/javavscode/netbeans/nbbuild/netbeans/platform/modules/org-openide-explorer.jar;C:/Project/github/javavscode/netbeans/nbbuild/netbeans/java/modules/org-netbeans-modules-whitelist.jar;C:/Project/github/javavscode/netbeans/nbbuild/netbeans/ide/modules/org-netbeans-modules-editor-lib.jar;C:/Project/github/javavscode/netbeans/nbbuild/netbeans/ide/modules/org-netbeans-modules-project-libraries.jar;C:/Project/github/javavscode/netbeans/nbbuild/netbeans/java/modules/org-netbeans-modules-java-project-ui.jar;C:/Project/github/javavscode/netbeans/nbbuild/netbeans/platform/core/org-openide-filesystems.jar;C:/Project/github/javavscode/netbeans/nbbuild/netbeans/ide/modules/org-netbeans-modules-editor-indent-support.jar;C:/Project/github/javavscode/netbeans/nbbuild/netbeans/platform/modules/org-netbeans-api-scripting.jar;C:/Project/github/javavscode/netbeans/nbbuild/netbeans/ide/modules/org-netbeans-modules-extexecution-base.jar;C:/Project/github/javavscode/netbeans/nbbuild/netbeans/platform/modules/org-netbeans-swing-tabcontrol.jar;C:/Project/github/javavscode/netbeans/nbbuild/netbeans/java/modules/org-netbeans-modules-ant-browsetask.jar;C:/Project/github/javavscode/netbeans/nbbuild/netbeans/ide/modules/org-netbeans-modules-parsing-lucene.jar;C:/Project/github/javavscode/netbeans/nbbuild/netbeans/java/modules/org-netbeans-modules-java-source-base.jar;C:/Project/github/javavscode/netbeans/nbbuild/netbeans/ide/modules/org-netbeans-api-lsp.jar;C:/Project/github/javavscode/netbeans/nbbuild/netbeans/platform/modules/org-netbeans-core-ui.jar;C:/Project/github/javavscode/netbeans/nbbuild/netbeans/ide/modules/org-netbeans-modules-editor-lib2.jar;C:/Project/github/javavscode/netbeans/nbbuild/netbeans/platform/core/core-base.jar;C:/Project/github/javavscode/netbeans/nbbuild/netbeans/ide/modules/org-netbeans-libs-json_simple.jar;C:/Project/github/javavscode/netbeans/nbbuild/netbeans/ide/modules/org-netbeans-modules-parsing-api.jar;C:/Project/github/javavscode/netbeans/nbbuild/netbeans/ide/modules/org-netbeans-api-debugger.jar;C:/Project/github/javavscode/netbeans/nbbuild/netbeans/harness/modules/org-netbeans-modules-jemmy.jar" />
    <property name="ide/o.apache.ws.commons.util.dir" value="C:\Project\github\javavscode\netbeans\nbbuild\netbeans/ide" />
    <property name="java/java.platform.dir" value="C:\Project\github\javavscode\netbeans\nbbuild\netbeans/java" />
    <property name="platform/keyring.dir" value="C:\Project\github\javavscode\netbeans\nbbuild\netbeans/platform" />
    <property name="core.netigso.dir" value="C:\Project\github\javavscode\netbeans\nbbuild\netbeans/platform" />
    <property name="nbm.target.cluster" value="java" />
    <property name="test.unit.data.dir" value="C:\Project\github\javavscode\netbeans\java\java.lsp.server\test\unit\data" />
    <property name="java.specification.version" value="17" />
    <property name="java.hints.ui.dir" value="C:\Project\github\javavscode\netbeans\nbbuild\netbeans/java" />
    <property name="ide/textmate.lexer.dir" value="C:\Project\github\javavscode\netbeans\nbbuild\netbeans/ide" />
    <property name="html.editor.dir" value="C:\Project\github\javavscode\netbeans\nbbuild\netbeans/ide" />
    <property name="java.file.launcher.dir" value="C:\Project\github\javavscode\netbeans\nbbuild\netbeans/java" />
    <property name="ide/editor.actions.dir" value="C:\Project\github\javavscode\netbeans\nbbuild\netbeans/ide" />
    <property name="nb.cluster.profiler.depends" value="nb.cluster.ide,nb.cluster.java,nb.cluster.extide,nb.cluster.platform" />
    <property name="java.vendor.url" value="https://java.oracle.com/" />
    <property name="ide/editor.document.dir" value="C:\Project\github\javavscode\netbeans\nbbuild\netbeans/ide" />
    <property name="gradle.dists.dir" value="C:\Project\github\javavscode\netbeans\nbbuild\netbeans/extide" />
    <property name="javafx2.kit.dir" value="C:\Project\github\javavscode\netbeans\nbbuild\netbeans/javafx" />
    <property name="module.dependencies" value="com.google.gson &gt; 2.7, net.java.html, net.java.html.boot &gt; 1.7.3, net.java.html.json, org.apache.commons.commons_io &gt; 2.13.0, org.apache.commons.lang3 &gt; 1.10, org.netbeans.api.annotations.common/1 &gt; 1.36, org.netbeans.api.debugger/1 &gt; 1.64, org.netbeans.api.debugger.jpda/2 &gt; 3.27, org.netbeans.api.htmlui &gt; 1.25, org.netbeans.api.io &gt; 1.13, org.netbeans.api.java/1 &gt; 1.72, org.netbeans.api.java.classpath/1 &gt; 1.57, org.netbeans.api.lsp/1 &gt; 1.24, org.netbeans.api.progress/1 &gt; 1.59, org.netbeans.api.templates &gt; 1.24, org.netbeans.html.presenters.spi &gt; 1.7.3, org.netbeans.libs.flexmark &gt; 1.0, org.netbeans.libs.javacapi &gt; 8.30, org.netbeans.modules.csl.api/2 &gt; 2.74, org.netbeans.modules.csl.types/1 &gt; 1.17, org.netbeans.modules.db/1 &gt; 1.83, org.netbeans.modules.debugger.jpda.truffle/1 &gt; 1.6, org.netbeans.modules.editor/3 &gt; 1.97, org.netbeans.modules.editor.codetemplates/1 &gt; 1.56, org.netbeans.modules.editor.document &gt; 1.12, org.netbeans.modules.editor.indent/2 &gt; 1.57, org.netbeans.modules.editor.lib/3 &gt; 4.10, org.netbeans.modules.editor.lib2/1 &gt; 2.31, org.netbeans.modules.editor.mimelookup/1 &gt; 1.43, org.netbeans.modules.editor.util/1 &gt; 1.77, org.netbeans.modules.extexecution/2 &gt; 1.59, org.netbeans.modules.extexecution.base/2 &gt; 1.20, org.netbeans.modules.gototest/1 &gt; 1.57, org.netbeans.modules.gsf.testrunner/2 &gt; 2.22, org.netbeans.modules.gsf.testrunner.ui &gt; 1.27, org.netbeans.modules.java.completion = 2, org.netbeans.modules.java.editor/1 = 12, org.netbeans.modules.java.editor.base = 1, org.netbeans.modules.java.file.launcher &gt; 1.0, org.netbeans.modules.java.hints/1 = 17, org.netbeans.modules.java.hints.legacy.spi/1 &gt; 1.36, org.netbeans.modules.java.lexer/1 &gt; 1.46, org.netbeans.modules.java.nativeimage.debugger/0 &gt; 0.3, org.netbeans.modules.java.project/1 &gt; 1.83, org.netbeans.modules.java.source = 32, org.netbeans.modules.java.source.base = 6, org.netbeans.modules.java.sourceui/1 = 2, org.netbeans.modules.java.testrunner.ui &gt; 1.15, org.netbeans.modules.javascript2.debug/1 &gt; 1.28, org.netbeans.modules.jumpto/1 &gt; 1.64, org.netbeans.modules.lexer/2 &gt; 1.66, org.netbeans.modules.nativeimage.api/0 &gt; 0.8, org.netbeans.modules.parsing.api/1 = 8, org.netbeans.modules.parsing.indexing = 1, org.netbeans.modules.parsing.lucene/2 &gt; 2.47, org.netbeans.modules.projectapi/1 &gt; 1.85, org.netbeans.modules.projectuiapi/1 = 8, org.netbeans.modules.projectuiapi.base/1 &gt; 1.101, org.netbeans.modules.queries/1 &gt; 1.52, org.netbeans.modules.refactoring.api = 1, org.netbeans.modules.refactoring.java/1 = 1, org.netbeans.modules.sendopts/2 &gt; 2.41, org.netbeans.spi.debugger.ui/1 &gt; 2.72, org.netbeans.spi.editor.hints/0 &gt; 1.45, org.netbeans.spi.java.hints = 13, org.netbeans.spi.viewmodel/2 &gt; 1.60, org.openide.awt &gt; 7.78, org.openide.dialogs &gt; 7.61, org.openide.explorer &gt; 6.50, org.openide.filesystems &gt; 9.13, org.openide.io &gt; 1.54, org.openide.loaders &gt; 7.81, org.openide.modules &gt; 7.51, org.openide.nodes &gt; 7.48, org.openide.text &gt; 6.70, org.openide.util &gt; 9.20, org.openide.util.lookup &gt; 8.36, org.openide.util.ui &gt; 9.24, com.google.guava &gt; 27.16" />
    <property name="sun.boot.library.path" value="C:\Project\JDK\jdk-17\bin" />
    <property name="extbrowser.dir" value="C:\Project\github\javavscode\netbeans\nbbuild\netbeans/ide" />
    <property name="_build.dir" value="C:\Project\github\javavscode\netbeans\java\java.lsp.server" />
    <property name="parsing.indexing.dir" value="C:\Project\github\javavscode\netbeans\nbbuild\netbeans/ide" />
    <property name="profiler/lib.profiler.ui.dir" value="C:\Project\github\javavscode\netbeans\nbbuild\netbeans/profiler" />
    <property name="platform/o.n.swing.laf.dark.dir" value="C:\Project\github\javavscode\netbeans\nbbuild\netbeans/platform" />
    <property name="core.multitabs.project.dir" value="C:\Project\github\javavscode\netbeans\nbbuild\netbeans/ide" />
    <property name="test-unit-sys-prop.branding.token" value="nb" />
    <property name="java/libs.cglib.dir" value="C:\Project\github\javavscode\netbeans\nbbuild\netbeans/java" />
    <property name="test.excludes" value="" />
    <property name="enterprise/web.kit.dir" value="C:\Project\github\javavscode\netbeans\nbbuild\netbeans/enterprise" />
    <property name="webcommon/javascript2.json.dir" value="C:\Project\github\javavscode\netbeans\nbbuild\netbeans/webcommon" />
    <property name="ant.file.type.no-testcoverage" value="file" />
    <property name="spi.tasklist.dir" value="C:\Project\github\javavscode\netbeans\nbbuild\netbeans/ide" />
    <property name="lib.profiler.ui.dir" value="C:\Project\github\javavscode\netbeans\nbbuild\netbeans/profiler" />
    <property name="net.java.html.boot.script.dir" value="C:\Project\github\javavscode\netbeans\nbbuild\netbeans/platform" />
    <property name="java.specification.name" value="Java Platform API Specification" />
    <property name="release.external/org.eclipse.xtend.lib-2.24.0.jar" value="modules/ext/org.eclipse.xtend.lib-2.24.0.jar" />
    <property name="docker.api.dir" value="C:\Project\github\javavscode\netbeans\nbbuild\netbeans/ide" />
    <property name="jakartaee9.platform.dir" value="C:\Project\github\javavscode\netbeans\nbbuild\netbeans/enterprise" />
    <property name="groovy.debug.dir" value="C:\Project\github\javavscode\netbeans\nbbuild\netbeans/groovy" />
    <property name="debugger.jpda.dir" value="C:\Project\github\javavscode\netbeans\nbbuild\netbeans/java" />
    <property name="ide/projectuiapi.dir" value="C:\Project\github\javavscode\netbeans\nbbuild\netbeans/ide" />
    <property name="hudson.HOME" value="C:\Users\ARSAPRE" />
    <property name="libs.elimpl.dir" value="C:\Project\github\javavscode\netbeans\nbbuild\netbeans/enterprise" />
    <property name="editor.global.format.dir" value="C:\Project\github\javavscode\netbeans\nbbuild\netbeans/ide" />
    <property name="build.test.unit.results.dir" value="C:\Project\github\javavscode\netbeans\java\java.lsp.server\build\test\unit\results" />
    <property name="o.eclipse.mylyn.wikitext.textile.core.dir" value="C:\Project\github\javavscode\netbeans\nbbuild\netbeans/ide" />
    <property name="ant.file.type.projectized-common" value="file" />
    <property name="profiler/profiler.api.dir" value="C:\Project\github\javavscode\netbeans\nbbuild\netbeans/profiler" />
    <property name="websvc.core.dir" value="C:\Project\github\javavscode\netbeans\nbbuild\netbeans/enterprise" />
    <property name="ide/api.xml.dir" value="C:\Project\github\javavscode\netbeans\nbbuild\netbeans/ide" />
    <property name="profiler.j2ee.dir" value="C:\Project\github\javavscode\netbeans\nbbuild\netbeans/enterprise" />
    <property name="form.dir" value="C:\Project\github\javavscode\netbeans\nbbuild\netbeans/java" />
    <property name="libs.commons_compress.dir" value="C:\Project\github\javavscode\netbeans\nbbuild\netbeans/ide" />
    <property name="xml.multiview.dir" value="C:\Project\github\javavscode\netbeans\nbbuild\netbeans/ide" />
    <property name="project.ant.compat8.dir" value="C:\Project\github\javavscode\netbeans\nbbuild\netbeans/ide" />
    <property name="ide/o.eclipse.mylyn.tasks.core.dir" value="C:\Project\github\javavscode\netbeans\nbbuild\netbeans/ide" />
    <property name="enterprise/websvc.jaxwsmodel.dir" value="C:\Project\github\javavscode\netbeans\nbbuild\netbeans/enterprise" />
    <property name="ant.file.type.main" value="file" />
    <property name="java/gradle.kit.dir" value="C:\Project\github\javavscode\netbeans\nbbuild\netbeans/java" />
    <property name="ide/xml.schema.model.dir" value="C:\Project\github\javavscode\netbeans\nbbuild\netbeans/ide" />
    <property name="java.version" value="17" />
    <property name="webcommon/selenium2.webclient.mocha.dir" value="C:\Project\github\javavscode\netbeans\nbbuild\netbeans/webcommon" />
    <property name="j2ee.jpa.refactoring.dir" value="C:\Project\github\javavscode\netbeans\nbbuild\netbeans/java" />
    <property name="javafx/maven.htmlui.dir" value="C:\Project\github\javavscode\netbeans\nbbuild\netbeans/javafx" />
    <property name="ide/libs.truffleapi.dir" value="C:\Project\github\javavscode\netbeans\nbbuild\netbeans/ide" />
    <property name="libs.osgi.dir" value="C:\Project\github\javavscode\netbeans\nbbuild\netbeans/platform" />
    <property name="tomcat5.dir" value="C:\Project\github\javavscode\netbeans\nbbuild\netbeans/enterprise" />
    <property name="jms-base.flags" value=" -J--add-opens=java.base/java.net=ALL-UNNAMED -J--add-opens=java.base/java.lang.ref=ALL-UNNAMED -J--add-opens=java.base/java.lang=ALL-UNNAMED -J--add-opens=java.base/java.security=ALL-UNNAMED -J--add-opens=java.base/java.util=ALL-UNNAMED -J--add-opens=java.base/java.nio=ALL-UNNAMED -J--add-exports=java.base/sun.reflect.annotation=ALL-UNNAMED -J--add-opens=java.prefs/java.util.prefs=ALL-UNNAMED" />
    <property name="projectapi.nb.dir" value="C:\Project\github\javavscode\netbeans\nbbuild\netbeans/ide" />
    <property name="terminal.dir" value="C:\Project\github\javavscode\netbeans\nbbuild\netbeans/ide" />
    <property name="openide.filesystems.nb.dir" value="C:\Project\github\javavscode\netbeans\nbbuild\netbeans/platform" />
    <property name="ide/xml.catalog.dir" value="C:\Project\github\javavscode\netbeans\nbbuild\netbeans/ide" />
    <property name="hudson.MINGW_PREFIX" value="C:/Program Files/Git/mingw64" />
    <property name="editor.search.dir" value="C:\Project\github\javavscode\netbeans\nbbuild\netbeans/ide" />
    <property name="ide/o.apache.xml.resolver.dir" value="C:\Project\github\javavscode\netbeans\nbbuild\netbeans/ide" />
    <property name="java/java.project.ui.dir" value="C:\Project\github\javavscode\netbeans\nbbuild\netbeans/java" />
    <property name="nbm_alias" value="nb_ide" />
    <property name="j2ee.common.dir" value="C:\Project\github\javavscode\netbeans\nbbuild\netbeans/enterprise" />
    <property name="classfile.dir" value="C:\Project\github\javavscode\netbeans\nbbuild\netbeans/java" />
    <property name="net.java.html.boot.fx.dir" value="C:\Project\github\javavscode\netbeans\nbbuild\netbeans/platform" />
    <property name="editor.codetemplates.dir" value="C:\Project\github\javavscode\netbeans\nbbuild\netbeans/ide" />
    <property name="ide/ide.kit.dir" value="C:\Project\github\javavscode\netbeans\nbbuild\netbeans/ide" />
    <property name="netbeans.dest.dir.excludes" value="C:\Project\github\javavscode\netbeans\nbbuild\netbeans/extra" />
    <property name="java/libs.nbjavacapi.dir" value="C:\Project\github\javavscode\netbeans\nbbuild\netbeans/java" />
    <property name="harness/jemmy.dir" value="C:\Project\github\javavscode\netbeans\nbbuild\netbeans/harness" />
    <property name="java/j2ee.eclipselink.dir" value="C:\Project\github\javavscode\netbeans\nbbuild\netbeans/java" />
    <property name="enterprise/web.jsfapi.dir" value="C:\Project\github\javavscode\netbeans\nbbuild\netbeans/enterprise" />
    <property name="enterprise/web.beans.dir" value="C:\Project\github\javavscode\netbeans\nbbuild\netbeans/enterprise" />
    <property name="websvc.saas.api.dir" value="C:\Project\github\javavscode\netbeans\nbbuild\netbeans/websvccommon" />
    <property name="user.timezone" value="Asia/Calcutta" />
    <property name="clusters.config.rust.list" value="nb.cluster.harness,nb.cluster.bootstrap,nb.cluster.platform,nb.cluster.ide,nb.cluster.rust,nb.cluster.nb" />
    <property name="hudson.SSH_ASKPASS" value="C:/Program Files/Git/mingw64/bin/git-askpass.exe" />
    <property name="core.multiview.dir" value="C:\Project\github\javavscode\netbeans\nbbuild\netbeans/platform" />
    <property name="java/gradle.persistence.dir" value="C:\Project\github\javavscode\netbeans\nbbuild\netbeans/java" />
    <property name="php.atoum.dir" value="C:\Project\github\javavscode\netbeans\nbbuild\netbeans/php" />
    <property name="ide/gsf.testrunner.dir" value="C:\Project\github\javavscode\netbeans\nbbuild\netbeans/ide" />
    <property name="nb.cluster.groovy" value="gradle.groovy,groovy.antproject,groovy.debug,groovy.editor,groovy.gsp,groovy.kit,groovy.refactoring,groovy.samples,groovy.support,libs.groovy,maven.groovy" />
    <property name="ide/project.ant.ui.dir" value="C:\Project\github\javavscode\netbeans\nbbuild\netbeans/ide" />
    <property name="ide/languages.diff.dir" value="C:\Project\github\javavscode\netbeans\nbbuild\netbeans/ide" />
    <property name="ide/c.google.guava.failureaccess.dir" value="C:\Project\github\javavscode\netbeans\nbbuild\netbeans/ide" />
    <property name="javaee.project.dir" value="C:\Project\github\javavscode\netbeans\nbbuild\netbeans/enterprise" />
    <property name="ide/mylyn.util.dir" value="C:\Project\github\javavscode\netbeans\nbbuild\netbeans/ide" />
    <property name="enterprise/javaee8.api.dir" value="C:\Project\github\javavscode\netbeans\nbbuild\netbeans/enterprise" />
    <property name="hudson.TERM" value="xterm" />
    <property name="spellchecker.bindings.htmlxml.dir" value="C:\Project\github\javavscode\netbeans\nbbuild\netbeans/ide" />
    <property name="c.google.guava.failureaccess.dir" value="C:\Project\github\javavscode\netbeans\nbbuild\netbeans/ide" />
    <property name="websocket.dir" value="C:\Project\github\javavscode\netbeans\nbbuild\netbeans/enterprise" />
    <property name="ide/project.libraries.dir" value="C:\Project\github\javavscode\netbeans\nbbuild\netbeans/ide" />
    <property name="ide/languages.hcl.dir" value="C:\Project\github\javavscode\netbeans\nbbuild\netbeans/ide" />
    <property name="platform/libs.jna.platform.dir" value="C:\Project\github\javavscode\netbeans\nbbuild\netbeans/platform" />
    <property name="ide/extexecution.impl.dir" value="C:\Project\github\javavscode\netbeans\nbbuild\netbeans/ide" />
    <property name="platform/htmlui.dir" value="C:\Project\github\javavscode\netbeans\nbbuild\netbeans/platform" />
    <property name="editor.completion.dir" value="C:\Project\github\javavscode\netbeans\nbbuild\netbeans/ide" />
    <property name="nb/bugzilla.exceptionreporter.dir" value="C:\Project\github\javavscode\netbeans\nbbuild\netbeans/nb" />
    <property name="ide/o.eclipse.mylyn.commons.core.dir" value="C:\Project\github\javavscode\netbeans\nbbuild\netbeans/ide" />
    <property name="editor.errorstripe.dir" value="C:\Project\github\javavscode\netbeans\nbbuild\netbeans/ide" />
    <property name="clusters.config.basic.list" value="nb.cluster.harness,nb.cluster.bootstrap,nb.cluster.platform,nb.cluster.ide,nb.cluster.extide,nb.cluster.websvccommon,nb.cluster.java,nb.cluster.javafx,nb.cluster.profiler,nb.cluster.3rdparty,nb.cluster.nb,nb.cluster.apisupport,nb.cluster.ergonomics" />
    <property name="platform/api.io.dir" value="C:\Project\github\javavscode\netbeans\nbbuild\netbeans/platform" />
    <property name="ant.browsetask.dir" value="C:\Project\github\javavscode\netbeans\nbbuild\netbeans/java" />
    <property name="hudson.MINGW_PACKAGE_PREFIX" value="mingw-w64-x86_64" />
    <property name="profiler/profiler.kit.dir" value="C:\Project\github\javavscode\netbeans\nbbuild\netbeans/profiler" />
    <property name="javascript2.jade.dir" value="C:\Project\github\javavscode\netbeans\nbbuild\netbeans/webcommon" />
    <property name="enterprise/jellytools.enterprise.dir" value="C:\Project\github\javavscode\netbeans\nbbuild\netbeans/enterprise" />
    <property name="css.lib.dir" value="C:\Project\github\javavscode\netbeans\nbbuild\netbeans/ide" />
    <property name="enterprise/websvc.restapi.dir" value="C:\Project\github\javavscode\netbeans\nbbuild\netbeans/enterprise" />
    <property name="profiler.dir" value="C:\Project\github\javavscode\netbeans\nbbuild\netbeans/profiler" />
    <property name="buildday" value="9 Apr 2024" />
    <property name="enterprise/api.web.webmodule.dir" value="C:\Project\github\javavscode\netbeans\nbbuild\netbeans/enterprise" />
    <property name="ide/docker.editor.dir" value="C:\Project\github\javavscode\netbeans\nbbuild\netbeans/ide" />
    <property name="maven.spring.dir" value="C:\Project\github\javavscode\netbeans\nbbuild\netbeans/java" />
    <property name="ide/dlight.terminal.dir" value="C:\Project\github\javavscode\netbeans\nbbuild\netbeans/ide" />
    <property name="groovy.refactoring.dir" value="C:\Project\github\javavscode\netbeans\nbbuild\netbeans/groovy" />
    <property name="apisupport/timers.dir" value="C:\Project\github\javavscode\netbeans\nbbuild\netbeans/apisupport" />
    <property name="ide/editor.settings.dir" value="C:\Project\github\javavscode\netbeans\nbbuild\netbeans/ide" />
    <property name="lsp.build.dir" value="vscode/nbcode" />
    <property name="web.beans.dir" value="C:\Project\github\javavscode\netbeans\nbbuild\netbeans/enterprise" />
    <property name="libs.glassfish_logging.dir" value="C:\Project\github\javavscode\netbeans\nbbuild\netbeans/enterprise" />
    <property name="javac.default.target" value="1.8" />
    <property name="clusters.config.dlight.list" value="nb.cluster.platform,nb.cluster.harness,nb.cluster.ide,nb.cluster.dlight,nb.cluster.nb" />
    <property name="libs.graalsdk.system.dir" value="C:\Project\github\javavscode\netbeans\nbbuild\netbeans/ide" />
    <property name="i18n.form.dir" value="C:\Project\github\javavscode\netbeans\nbbuild\netbeans/java" />
    <property name="webcommon/cordova.platforms.android.dir" value="C:\Project\github\javavscode\netbeans\nbbuild\netbeans/webcommon" />
    <property name="enterprise/websocket.dir" value="C:\Project\github\javavscode\netbeans\nbbuild\netbeans/enterprise" />
    <property name="java/libs.corba.omgapi.dir" value="C:\Project\github\javavscode\netbeans\nbbuild\netbeans/java" />
    <property name="php.doctrine2.dir" value="C:\Project\github\javavscode\netbeans\nbbuild\netbeans/php" />
    <property name="webcommon/javascript2.lexer.dir" value="C:\Project\github\javavscode\netbeans\nbbuild\netbeans/webcommon" />
    <property name="j2ee.persistence.kit.dir" value="C:\Project\github\javavscode\netbeans\nbbuild\netbeans/java" />
    <property name="diff.dir" value="C:\Project\github\javavscode\netbeans\nbbuild\netbeans/ide" />
    <property name="enterprise/web.jsf.icefaces.dir" value="C:\Project\github\javavscode\netbeans\nbbuild\netbeans/enterprise" />
    <property name="lib.profiler.dir" value="C:\Project\github\javavscode\netbeans\nbbuild\netbeans/profiler" />
    <property name="xml.tools.dir" value="C:\Project\github\javavscode\netbeans\nbbuild\netbeans/ide" />
    <property name="html.lexer.dir" value="C:\Project\github\javavscode\netbeans\nbbuild\netbeans/ide" />
    <property name="go.lang.dir" value="C:\Project\github\javavscode\netbeans\nbbuild\netbeans/ide" />
    <property name="xml.schema.model.dir" value="C:\Project\github\javavscode\netbeans\nbbuild\netbeans/ide" />
    <property name="java/maven.refactoring.dir" value="C:\Project\github\javavscode\netbeans\nbbuild\netbeans/java" />
    <property name="ide/csl.api.dir" value="C:\Project\github\javavscode\netbeans\nbbuild\netbeans/ide" />
    <property name="enterprise/j2ee.ejbjarproject.dir" value="C:\Project\github\javavscode\netbeans\nbbuild\netbeans/enterprise" />
    <property name="ide/project.spi.intern.impl.dir" value="C:\Project\github\javavscode\netbeans\nbbuild\netbeans/ide" />
    <property name="refactoring.api.dir" value="C:\Project\github\javavscode\netbeans\nbbuild\netbeans/ide" />
    <property name="java/maven.hints.dir" value="C:\Project\github\javavscode\netbeans\nbbuild\netbeans/java" />
    <property name="php.symfony2.dir" value="C:\Project\github\javavscode\netbeans\nbbuild\netbeans/php" />
    <property name="javahelp.base" value="org/netbeans/modules/java/lsp/server/docs" />
    <property name="libs.flatlaf.dir" value="C:\Project\github\javavscode\netbeans\nbbuild\netbeans/platform" />
    <property name="php.api.testing.dir" value="C:\Project\github\javavscode\netbeans\nbbuild\netbeans/php" />
    <property name="hudson.PLINK_PROTOCOL" value="ssh" />
    <property name="enterprise/javaee.api.dir" value="C:\Project\github\javavscode\netbeans\nbbuild\netbeans/enterprise" />
    <property name="java/debugger.jpda.dir" value="C:\Project\github\javavscode\netbeans\nbbuild\netbeans/java" />
    <property name="php/php.phpunit.dir" value="C:\Project\github\javavscode\netbeans\nbbuild\netbeans/php" />
    <property name="print.dir" value="C:\Project\github\javavscode\netbeans\nbbuild\netbeans/platform" />
    <property name="editor.bracesmatching.dir" value="C:\Project\github\javavscode\netbeans\nbbuild\netbeans/ide" />
    <property name="php.api.executable.dir" value="C:\Project\github\javavscode\netbeans\nbbuild\netbeans/php" />
    <property name="jumpto.dir" value="C:\Project\github\javavscode\netbeans\nbbuild\netbeans/ide" />
    <property name="ide/libs.git.dir" value="C:\Project\github\javavscode\netbeans\nbbuild\netbeans/ide" />
    <property name="web.jsf.navigation.dir" value="C:\Project\github\javavscode\netbeans\nbbuild\netbeans/enterprise" />
    <property name="manifest.mf" value="C:\Project\github\javavscode\netbeans\java\java.lsp.server\manifest.mf" />
    <property name="javadoc.dir" value="C:\Project\github\javavscode\netbeans\nbbuild\netbeans/java" />
    <property name="profiler/maven.profiler.dir" value="C:\Project\github\javavscode\netbeans\nbbuild\netbeans/profiler" />
    <property name="project.indexingbridge.dir" value="C:\Project\github\javavscode\netbeans\nbbuild\netbeans/ide" />
    <property name="hudson.TEMP" value="C:\Users\ARSAPRE\AppData\Local\Temp" />
    <property name="websvc.clientapi.dir" value="C:\Project\github\javavscode\netbeans\nbbuild\netbeans/enterprise" />
    <property name="enterprise/payara.common.dir" value="C:\Project\github\javavscode\netbeans\nbbuild\netbeans/enterprise" />
    <property name="ide/lexer.nbbridge.dir" value="C:\Project\github\javavscode\netbeans\nbbuild\netbeans/ide" />
    <property name="platform/libs.batik.read.dir" value="C:\Project\github\javavscode\netbeans\nbbuild\netbeans/platform" />
    <property name="php/php.api.executable.dir" value="C:\Project\github\javavscode\netbeans\nbbuild\netbeans/php" />
    <property name="webcommon/javascript.v8debug.ui.dir" value="C:\Project\github\javavscode\netbeans\nbbuild\netbeans/webcommon" />
    <property name="ide/projectui.dir" value="C:\Project\github\javavscode\netbeans\nbbuild\netbeans/ide" />
    <property name="j2ee.ejbverification.dir" value="C:\Project\github\javavscode\netbeans\nbbuild\netbeans/enterprise" />
    <property name="websvc.kit.dir" value="C:\Project\github\javavscode\netbeans\nbbuild\netbeans/enterprise" />
    <property name="ide/project.dependency.dir" value="C:\Project\github\javavscode\netbeans\nbbuild\netbeans/ide" />
    <property name="ide/editor.plain.dir" value="C:\Project\github\javavscode\netbeans\nbbuild\netbeans/ide" />
    <property name="docker.ui.dir" value="C:\Project\github\javavscode\netbeans\nbbuild\netbeans/ide" />
    <property name="ide/spellchecker.dir" value="C:\Project\github\javavscode\netbeans\nbbuild\netbeans/ide" />
    <property name="hudson.ui.dir" value="C:\Project\github\javavscode\netbeans\nbbuild\netbeans/ide" />
    <property name="o.eclipse.core.jobs.dir" value="C:\Project\github\javavscode\netbeans\nbbuild\netbeans/ide" />
    <property name="ide/selenium2.server.dir" value="C:\Project\github\javavscode\netbeans\nbbuild\netbeans/ide" />
    <property name="groovy.gsp.dir" value="C:\Project\github\javavscode\netbeans\nbbuild\netbeans/groovy" />
    <property name="release.external/org.eclipse.lsp4j-0.13.0.jar" value="modules/ext/org.eclipse.lsp4j-0.13.0.jar" />
    <property name="hudson.FPS_BROWSER_APP_PROFILE_STRING" value="Internet Explorer" />
    <property name="web.core.dir" value="C:\Project\github\javavscode\netbeans\nbbuild\netbeans/enterprise" />
    <property name="hudson.dir" value="C:\Project\github\javavscode\netbeans\nbbuild\netbeans/ide" />
    <property name="webcommon/libs.jstestdriver.dir" value="C:\Project\github\javavscode\netbeans\nbbuild\netbeans/webcommon" />
    <property name="platform/core.startup.base.dir" value="C:\Project\github\javavscode\netbeans\nbbuild\netbeans/platform" />
    <property name="enterprise/j2ee.ddloaders.dir" value="C:\Project\github\javavscode\netbeans\nbbuild\netbeans/enterprise" />
    <property name="hudson.MSYSTEM_PREFIX" value="C:/Program Files/Git/mingw64" />
    <property name="platform/sampler.dir" value="C:\Project\github\javavscode\netbeans\nbbuild\netbeans/platform" />
    <property name="web.jsf.editor.dir" value="C:\Project\github\javavscode\netbeans\nbbuild\netbeans/enterprise" />
    <property name="janitor.dir" value="C:\Project\github\javavscode\netbeans\nbbuild\netbeans/platform" />
    <property name="hudson.PATH" value="C:\Project\JDK\jdk-11\bin;C:\cygwin64\home\ARSAPRE\tools\bin;C:\Python27;C:\Users\ARSAPRE\bin;C:\Program Files\Git\mingw64\bin;C:\Program Files\Git\usr\local\bin;C:\Program Files\Git\usr\bin;C:\Program Files\Git\usr\bin;C:\Program Files\Git\mingw64\bin;C:\Program Files\Git\usr\bin;C:\Users\ARSAPRE\bin;C:\Program Files\Common Files\Oracle\Java\javapath;C:\WINDOWS\system32;C:\WINDOWS;C:\WINDOWS\System32\Wbem;C:\WINDOWS\System32\WindowsPowerShell\v1.0;C:\WINDOWS\System32\OpenSSH;C:\Program Files\PuTTY;C:\Program Files\Git\cmd;C:\Program Files\Microsoft VS Code\bin;C:\Project\tools\apache-ant-1.10.14\bin;C:\Project\tools\apache-maven-3.9.5\bin;C:\Program Files\dotnet;C:\Users\ARSAPRE\AppData\Local\Microsoft\WindowsApps;C:\Program Files\Git\usr\bin\vendor_perl;C:\Program Files\Git\usr\bin\core_perl" />
    <property name="ide/libs.antlr3.runtime.dir" value="C:\Project\github\javavscode\netbeans\nbbuild\netbeans/ide" />
    <property name="ide/editor.errorstripe.api.dir" value="C:\Project\github\javavscode\netbeans\nbbuild\netbeans/ide" />
    <property name="o.eclipse.core.net.dir" value="C:\Project\github\javavscode\netbeans\nbbuild\netbeans/ide" />
    <property name="maven.j2ee.dir" value="C:\Project\github\javavscode\netbeans\nbbuild\netbeans/enterprise" />
    <property name="editor.errorstripe.api.dir" value="C:\Project\github\javavscode\netbeans\nbbuild\netbeans/ide" />
    <property name="openide.util.ui.svg.dir" value="C:\Project\github\javavscode\netbeans\nbbuild\netbeans/platform" />
    <property name="enterprise/j2ee.common.dir" value="C:\Project\github\javavscode\netbeans\nbbuild\netbeans/enterprise" />
    <property name="hudson.PATHEXT" value=".COM;.EXE;.BAT;.CMD;.VBS;.VBE;.JS;.JSE;.WSF;.WSH;.MSC" />
    <property name="hudson.DEFLOGDIR" value="C:\ProgramData\McAfee\Endpoint Security\Logs" />
    <property name="hudson.TERM_PROGRAM_VERSION" value="3.5.2" />
    <property name="php/php.api.templates.dir" value="C:\Project\github\javavscode\netbeans\nbbuild\netbeans/php" />
    <property name="ide/versioning.indexingbridge.dir" value="C:\Project\github\javavscode\netbeans\nbbuild\netbeans/ide" />
    <property name="o.eclipse.equinox.preferences.dir" value="C:\Project\github\javavscode\netbeans\nbbuild\netbeans/ide" />
    <property name="libs.testng.dir" value="C:\Project\github\javavscode\netbeans\nbbuild\netbeans/platform" />
    <property name="webcommon/languages.apacheconf.dir" value="C:\Project\github\javavscode\netbeans\nbbuild\netbeans/webcommon" />
    <property name="validation.nb.cluster.ergonomics" value="ide.ergonomics" />
    <property name="css.prep.dir" value="C:\Project\github\javavscode\netbeans\nbbuild\netbeans/ide" />
    <property name="ide/tasklist.kit.dir" value="C:\Project\github\javavscode\netbeans\nbbuild\netbeans/ide" />
    <property name="ide/extexecution.dir" value="C:\Project\github\javavscode\netbeans\nbbuild\netbeans/ide" />
    <property name="core.startup.dir" value="C:\Project\github\javavscode\netbeans\nbbuild\netbeans/platform" />
    <property name="extexecution.impl.dir" value="C:\Project\github\javavscode\netbeans\nbbuild\netbeans/ide" />
    <property name="javaee.wildfly.dir" value="C:\Project\github\javavscode\netbeans\nbbuild\netbeans/enterprise" />
    <property name="ide/gototest.dir" value="C:\Project\github\javavscode\netbeans\nbbuild\netbeans/ide" />
    <property name="j2ee.sun.ddui.dir" value="C:\Project\github\javavscode\netbeans\nbbuild\netbeans/enterprise" />
    <property name="db.drivers.dir" value="C:\Project\github\javavscode\netbeans\nbbuild\netbeans/ide" />
    <property name="spi.palette.dir" value="C:\Project\github\javavscode\netbeans\nbbuild\netbeans/ide" />
    <property name="sun.java.launcher" value="SUN_STANDARD" />
    <property name="j2ee.ejbcore.dir" value="C:\Project\github\javavscode\netbeans\nbbuild\netbeans/enterprise" />
    <property name="java/i18n.form.dir" value="C:\Project\github\javavscode\netbeans\nbbuild\netbeans/java" />
    <property name="projectimport.eclipse.core.dir" value="C:\Project\github\javavscode\netbeans\nbbuild\netbeans/java" />
    <property name="ide/selenium2.dir" value="C:\Project\github\javavscode\netbeans\nbbuild\netbeans/ide" />
    <property name="maven.search.dir" value="C:\Project\github\javavscode\netbeans\nbbuild\netbeans/java" />
    <property name="j2ee.kit.dir" value="C:\Project\github\javavscode\netbeans\nbbuild\netbeans/enterprise" />
    <property name="webcommon/javascript.jstestdriver.dir" value="C:\Project\github\javavscode\netbeans\nbbuild\netbeans/webcommon" />
    <property name="test.javac.excludes" value="" />
    <property name="libs.tomlj.dir" value="C:\Project\github\javavscode\netbeans\nbbuild\netbeans/ide" />
    <property name="nb.cluster.ergonomics.depends" value="nb.cluster.ide,nb.cluster.platform" />
    <property name="hudson.COMSPEC" value="C:\WINDOWS\system32\cmd.exe" />
    <property name="nb.cluster.identity.depends" value="nb.cluster.platform,nb.cluster.java,nb.cluster.ide,nb.cluster.enterprise,nb.cluster.extide" />
    <property name="extra/libs.javafx.win.dir" value="C:\Project\github\javavscode\netbeans\nbbuild\netbeans/extra" />
    <property name="test.unit.dir" value="C:\Project\github\javavscode\netbeans\java\java.lsp.server\test\unit" />
    <property name="nb.cluster.websvccommon" value="websvc.jaxwsmodelapi,websvc.saas.api,websvc.saas.codegen,websvc.saas.kit,websvc.saas.ui" />
    <property name="java/ant.freeform.dir" value="C:\Project\github\javavscode\netbeans\nbbuild\netbeans/java" />
    <property name="test.qa-functional.cp.extra" value="" />
    <property name="brandings" value="" />
    <property name="websvc.utilities.dir" value="C:\Project\github\javavscode\netbeans\nbbuild\netbeans/enterprise" />
    <property name="j2ee.jpa.verification.dir" value="C:\Project\github\javavscode\netbeans\nbbuild\netbeans/java" />
    <property name="glassfish.eecommon.dir" value="C:\Project\github\javavscode\netbeans\nbbuild\netbeans/enterprise" />
    <property name="hudson.TMP" value="C:\Users\ARSAPRE\AppData\Local\Temp" />
    <property name="jellytools.ide.dir" value="C:\Project\github\javavscode\netbeans\nbbuild\netbeans/ide" />
    <property name="java/maven.model.dir" value="C:\Project\github\javavscode\netbeans\nbbuild\netbeans/java" />
    <property name="java/refactoring.java.dir" value="C:\Project\github\javavscode\netbeans\nbbuild\netbeans/java" />
    <property name="platform/api.search.dir" value="C:\Project\github\javavscode\netbeans\nbbuild\netbeans/platform" />
    <property name="nbm.needs.restart" value="false" />
    <property name="ide.ergonomics.dir" value="C:\Project\github\javavscode\netbeans\nbbuild\netbeans/ergonomics" />
    <property name="ide/c.google.guava.dir" value="C:\Project\github\javavscode\netbeans\nbbuild\netbeans/ide" />
    <property name="nb.cluster.apisupport.dir" value="apisupport" />
    <property name="maven.persistence.dir" value="C:\Project\github\javavscode\netbeans\nbbuild\netbeans/java" />
    <property name="apisupport/apisupport.installer.dir" value="C:\Project\github\javavscode\netbeans\nbbuild\netbeans/apisupport" />
    <property name="libs.flexmark.dir" value="C:\Project\github\javavscode\netbeans\nbbuild\netbeans/ide" />
    <property name="maven.groovy.dir" value="C:\Project\github\javavscode\netbeans\nbbuild\netbeans/groovy" />
    <property name="ant.kit.dir" value="C:\Project\github\javavscode\netbeans\nbbuild\netbeans/java" />
    <property name="extide/libs.gradle.dir" value="C:\Project\github\javavscode\netbeans\nbbuild\netbeans/extide" />
    <property name="db.sql.visualeditor.dir" value="C:\Project\github\javavscode\netbeans\nbbuild\netbeans/ide" />
    <property name="ant.file.type.jdk" value="file" />
    <property name="libs.commons_fileupload.dir" value="C:\Project\github\javavscode\netbeans\nbbuild\netbeans/enterprise" />
    <property name="ide/libs.jsch.agentproxy.dir" value="C:\Project\github\javavscode\netbeans\nbbuild\netbeans/ide" />
    <property name="build.package.index" value="false" />
    <property name="api.progress.nb.dir" value="C:\Project\github\javavscode\netbeans\nbbuild\netbeans/platform" />
    <property name="maven.embedder.dir" value="C:\Project\github\javavscode\netbeans\nbbuild\netbeans/java" />
    <property name="api.lsp.dir" value="C:\Project\github\javavscode\netbeans\nbbuild\netbeans/ide" />
    <property name="keyring.fallback.dir" value="C:\Project\github\javavscode\netbeans\nbbuild\netbeans/platform" />
    <property name="core.execution.dir" value="C:\Project\github\javavscode\netbeans\nbbuild\netbeans/platform" />
    <property name="libs.ini4j.dir" value="C:\Project\github\javavscode\netbeans\nbbuild\netbeans/ide" />
    <property name="ide/html.editor.dir" value="C:\Project\github\javavscode\netbeans\nbbuild\netbeans/ide" />
    <property name="enterprise/jsp.lexer.dir" value="C:\Project\github\javavscode\netbeans\nbbuild\netbeans/enterprise" />
    <property name="sun.cpu.isalist" value="amd64" />
    <property name="ant.file.main" value="C:\Project\github\javavscode\netbeans\build.xml" />
    <property name="continue.after.failing.tests" value="true" />
    <property name="javascript.v8debug.ui.dir" value="C:\Project\github\javavscode\netbeans\nbbuild\netbeans/webcommon" />
    <property name="sun.arch.data.model" value="64" />
    <property name="java/spring.beans.dir" value="C:\Project\github\javavscode\netbeans\nbbuild\netbeans/java" />
    <property name="java/maven.indexer.ui.dir" value="C:\Project\github\javavscode\netbeans\nbbuild\netbeans/java" />
    <property name="ide/hudson.mercurial.dir" value="C:\Project\github\javavscode\netbeans\nbbuild\netbeans/ide" />
    <property name="ide/docker.api.dir" value="C:\Project\github\javavscode\netbeans\nbbuild\netbeans/ide" />
    <property name="profiler/profiler.dir" value="C:\Project\github\javavscode\netbeans\nbbuild\netbeans/profiler" />
    <property name="ide/o.eclipse.core.runtime.compatibility.auth.dir" value="C:\Project\github\javavscode\netbeans\nbbuild\netbeans/ide" />
    <property name="core.ui.dir" value="C:\Project\github\javavscode\netbeans\nbbuild\netbeans/platform" />
    <property name="ide/extbrowser.dir" value="C:\Project\github\javavscode\netbeans\nbbuild\netbeans/ide" />
    <property name="module.startlevel" value="" />
    <property name="ide/go.lang.dir" value="C:\Project\github\javavscode\netbeans\nbbuild\netbeans/ide" />
    <property name="websvc.jaxws21.dir" value="C:\Project\github\javavscode\netbeans\nbbuild\netbeans/java" />
    <property name="clusters.config.cndext.list" value="nb.cluster.harness,nb.cluster.bootstrap,nb.cluster.platform,nb.cluster.ide,nb.cluster.cnd,nb.cluster.nb,nb.cluster.dlight,nb.cluster.cndext,nb.cluster.extide,nb.cluster.java" />
    <property name="hudson.ANT_HOME" value="C:/Project/tools/apache-ant-1.10.14" />
    <property name="webcommon/selenium2.webclient.dir" value="C:\Project\github\javavscode\netbeans\nbbuild\netbeans/webcommon" />
    <property name="nb.cluster.profiler.dir" value="profiler" />
    <property name="java.guards.dir" value="C:\Project\github\javavscode\netbeans\nbbuild\netbeans/java" />
    <property name="enterprise/websvc.jaxws.lightapi.dir" value="C:\Project\github\javavscode\netbeans\nbbuild\netbeans/enterprise" />
    <property name="ant.file.type.default" value="file" />
    <property name="websvc.jaxwsmodel.dir" value="C:\Project\github\javavscode\netbeans\nbbuild\netbeans/enterprise" />
    <property name="git.dir" value="C:\Project\github\javavscode\netbeans\nbbuild\netbeans/ide" />
    <property name="webcommon/selenium2.webclient.protractor.dir" value="C:\Project\github\javavscode\netbeans\nbbuild\netbeans/webcommon" />
    <property name="ide/web.indent.dir" value="C:\Project\github\javavscode\netbeans\nbbuild\netbeans/ide" />
    <property name="user.script" value="" />
    <property name="enterprise/micronaut.dir" value="C:\Project\github\javavscode\netbeans\nbbuild\netbeans/enterprise" />
    <property name="o.eclipse.mylyn.wikitext.markdown.core.dir" value="C:\Project\github\javavscode\netbeans\nbbuild\netbeans/ide" />
    <property name="java/java.source.compat8.dir" value="C:\Project\github\javavscode\netbeans\nbbuild\netbeans/java" />
    <property name="branding.token" value="nb" />
    <property name="webcommon/web.inspect.dir" value="C:\Project\github\javavscode\netbeans\nbbuild\netbeans/webcommon" />
    <property name="ide/o.openidex.util.dir" value="C:\Project\github\javavscode\netbeans\nbbuild\netbeans/ide" />
    <property name="java/junit.ant.dir" value="C:\Project\github\javavscode\netbeans\nbbuild\netbeans/java" />
    <property name="openide.actions.dir" value="C:\Project\github\javavscode\netbeans\nbbuild\netbeans/platform" />
    <property name="platform/core.nativeaccess.dir" value="C:\Project\github\javavscode\netbeans\nbbuild\netbeans/platform" />
    <property name="platform/openide.compat.dir" value="C:\Project\github\javavscode\netbeans\nbbuild\netbeans/platform" />
    <property name="java.j2seprofiles.dir" value="C:\Project\github\javavscode\netbeans\nbbuild\netbeans/java" />
    <property name="ide/libs.commons_compress.dir" value="C:\Project\github\javavscode\netbeans\nbbuild\netbeans/ide" />
    <property name="enterprise/web.jsf.navigation.dir" value="C:\Project\github\javavscode\netbeans\nbbuild\netbeans/enterprise" />
    <property name="nb.cluster.java.depends" value="nb.cluster.ide,nb.cluster.extide,nb.cluster.platform,nb.cluster.webcommon,nb.cluster.websvccommon,nb.cluster.harness" />
    <property name="jnlp.dest.dir" value="C:\Project\github\javavscode\netbeans\nbbuild\build\jnlp" />
    <property name="php/php.phpdoc.dir" value="C:\Project\github\javavscode\netbeans\nbbuild\netbeans/php" />
    <property name="enterprise/websvc.clientapi.dir" value="C:\Project\github\javavscode\netbeans\nbbuild\netbeans/enterprise" />
    <property name="ide/editor.deprecated.pre65formatting.dir" value="C:\Project\github\javavscode\netbeans\nbbuild\netbeans/ide" />
    <property name="ide/editor.macros.dir" value="C:\Project\github\javavscode\netbeans\nbbuild\netbeans/ide" />
    <property name="openide.util.dir" value="C:\Project\github\javavscode\netbeans\nbbuild\netbeans/platform" />
    <property name="ide/notifications.dir" value="C:\Project\github\javavscode\netbeans\nbbuild\netbeans/ide" />
    <property name="o.n.html.presenters.spi.dir" value="C:\Project\github\javavscode\netbeans\nbbuild\netbeans/platform" />
    <property name="editor.htmlui.dir" value="C:\Project\github\javavscode\netbeans\nbbuild\netbeans/java" />
    <property name="test-unit-sys-prop.cluster.path.final" value="C:\Project\github\javavscode\netbeans\nbbuild\netbeans\platform;C:\Project\github\javavscode\netbeans\nbbuild\netbeans\ide;C:\Project\github\javavscode\netbeans\nbbuild\netbeans\java;C:\Project\github\javavscode\netbeans\nbbuild\netbeans\apisupport;C:\Project\github\javavscode\netbeans\nbbuild\netbeans\enterprise;C:\Project\github\javavscode\netbeans\nbbuild\netbeans\ergonomics;C:\Project\github\javavscode\netbeans\nbbuild\netbeans\nb;C:\Project\github\javavscode\netbeans\nbbuild\netbeans\extra;C:\Project\github\javavscode\netbeans\nbbuild\netbeans\harness;C:\Project\github\javavscode\netbeans\nbbuild\netbeans\profiler;C:\Project\github\javavscode\netbeans\nbbuild\netbeans\php;C:\Project\github\javavscode\netbeans\nbbuild\netbeans\groovy;C:\Project\github\javavscode\netbeans\nbbuild\netbeans\identity;C:\Project\github\javavscode\netbeans\nbbuild\netbeans\cnd;C:\Project\github\javavscode\netbeans\nbbuild\netbeans\cndext;C:\Project\github\javavscode\netbeans\nbbuild\netbeans\rust;C:\Project\github\javavscode\netbeans\nbbuild\netbeans\cpplite;C:\Project\github\javavscode\netbeans\nbbuild\netbeans\dlight;C:\Project\github\javavscode\netbeans\nbbuild\netbeans\extide;C:\Project\github\javavscode\netbeans\nbbuild\netbeans\webcommon;C:\Project\github\javavscode\netbeans\nbbuild\netbeans\websvccommon;C:\Project\github\javavscode\netbeans\nbbuild\netbeans\javafx;C:\Project\github\javavscode\netbeans\nbbuild\netbeans\java" />
    <property name="o.eclipse.jgit.lfs.dir" value="C:\Project\github\javavscode\netbeans\nbbuild\netbeans/ide" />
    <property name="enterprise/libs.elimpl.dir" value="C:\Project\github\javavscode\netbeans\nbbuild\netbeans/enterprise" />
    <property name="websvc.jaxws.lightapi.dir" value="C:\Project\github\javavscode\netbeans\nbbuild\netbeans/enterprise" />
    <property name="ide/c.jcraft.jsch.dir" value="C:\Project\github\javavscode\netbeans\nbbuild\netbeans/ide" />
    <property name="groovy.support.dir" value="C:\Project\github\javavscode\netbeans\nbbuild\netbeans/groovy" />
    <property name="editor.indent.dir" value="C:\Project\github\javavscode\netbeans\nbbuild\netbeans/ide" />
    <property name="license.file" value="C:\Project\github\javavscode\netbeans\nbbuild\standard-nbm-license.txt" />
    <property name="autoupdate.services.dir" value="C:\Project\github\javavscode\netbeans\nbbuild\netbeans/platform" />
    <property name="java/java.graph.dir" value="C:\Project\github\javavscode\netbeans\nbbuild\netbeans/java" />
    <property name="ide/html.indexing.dir" value="C:\Project\github\javavscode\netbeans\nbbuild\netbeans/ide" />
    <property name="sun.io.unicode.encoding" value="UnicodeLittle" />
    <property name="java/j2ee.metadata.dir" value="C:\Project\github\javavscode\netbeans\nbbuild\netbeans/java" />
    <property name="release.dir" value="C:\Project\github\javavscode\netbeans\java\java.lsp.server\release" />
    <property name="javascript2.debug.dir" value="C:\Project\github\javavscode\netbeans\nbbuild\netbeans/ide" />
    <property name="lib.nbjshell.dir" value="C:\Project\github\javavscode\netbeans\nbbuild\netbeans/java" />
    <property name="masterfs.macosx.dir" value="C:\Project\github\javavscode\netbeans\nbbuild\netbeans/platform" />
    <property name="bootclasspath.prepend.nb" value="C:\Project\github\javavscode\netbeans\java\libs.javacapi\external\nb-javac-jdk-22+33-api.jar;C:\Project\github\javavscode\netbeans\java\libs.javacapi\external\nb-javac-jdk-22+33.jar" />
    <property name="nb.cluster.profiler" value="debugger.jpda.heapwalk,lib.profiler,lib.profiler.charts,lib.profiler.common,lib.profiler.ui,maven.profiler,profiler,profiler.api,profiler.attach,profiler.freeform,profiler.heapwalker,profiler.j2se,profiler.kit,profiler.nbimpl,profiler.nbmodule,profiler.options,profiler.oql,profiler.oql.language,profiler.ppoints,profiler.projectsupport,profiler.snaptracer,profiler.utilities" />
    <property name="webcommon/libs.nashorn.dir" value="C:\Project\github\javavscode\netbeans\nbbuild\netbeans/webcommon" />
    <property name="java/maven.osgi.dir" value="C:\Project\github\javavscode\netbeans\nbbuild\netbeans/java" />
    <property name="php.phing.dir" value="C:\Project\github\javavscode\netbeans\nbbuild\netbeans/php" />
    <property name="ide/editor.structure.dir" value="C:\Project\github\javavscode\netbeans\nbbuild\netbeans/ide" />
    <property name="platform/masterfs.ui.dir" value="C:\Project\github\javavscode\netbeans\nbbuild\netbeans/platform" />
    <property name="nbm.target.dir" value="C:\Project\github\javavscode\netbeans\java\java.lsp.server\build" />
    <property name="java/java.file.launcher.dir" value="C:\Project\github\javavscode\netbeans\nbbuild\netbeans/java" />
    <property name="enterprise/gradle.javaee.dir" value="C:\Project\github\javavscode\netbeans\nbbuild\netbeans/enterprise" />
    <property name="hudson.USERPROFILE" value="C:\Users\ARSAPRE" />
    <property name="ide/tasklist.projectint.dir" value="C:\Project\github\javavscode\netbeans\nbbuild\netbeans/ide" />
    <property name="ide/o.eclipse.mylyn.commons.xmlrpc.dir" value="C:\Project\github\javavscode\netbeans\nbbuild\netbeans/ide" />
    <property name="ide/web.common.ui.dir" value="C:\Project\github\javavscode\netbeans\nbbuild\netbeans/ide" />
    <property name="o.eclipse.mylyn.commons.net.dir" value="C:\Project\github\javavscode\netbeans\nbbuild\netbeans/ide" />
    <property name="javascript2.doc.dir" value="C:\Project\github\javavscode\netbeans\nbbuild\netbeans/webcommon" />
    <property name="c.googlecode.javaewah.JavaEWAH.dir" value="C:\Project\github\javavscode\netbeans\nbbuild\netbeans/ide" />
    <property name="hudson.ORIGINAL_PATH" value="C:\Program Files\Git\mingw64\bin;C:\Program Files\Git\usr\bin;C:\Users\ARSAPRE\bin;C:\Program Files\Common Files\Oracle\Java\javapath;C:\WINDOWS\system32;C:\WINDOWS;C:\WINDOWS\System32\Wbem;C:\WINDOWS\System32\WindowsPowerShell\v1.0;C:\WINDOWS\System32\OpenSSH;C:\Program Files\PuTTY;C:\Program Files\Git\cmd;C:\Program Files\Microsoft VS Code\bin;C:\Project\tools\apache-ant-1.10.14\bin;C:\Project\tools\apache-maven-3.9.5\bin;C:\Program Files\dotnet;C:\Users\ARSAPRE\AppData\Local\Microsoft\WindowsApps" />
    <property name="java.hints.declarative.test.dir" value="C:\Project\github\javavscode\netbeans\nbbuild\netbeans/java" />
    <property name="ide/bugzilla.dir" value="C:\Project\github\javavscode\netbeans\nbbuild\netbeans/ide" />
    <property name="release.external/org.eclipse.lsp4j.jsonrpc.debug-0.13.0.jar" value="modules/ext/org.eclipse.lsp4j.jsonrpc.debug-0.13.0.jar" />
    <property name="webcommon/web.client.samples.dir" value="C:\Project\github\javavscode\netbeans\nbbuild\netbeans/webcommon" />
    <property name="have-jdk-1.5" value="true" />
    <property name="libs.springframework.dir" value="C:\Project\github\javavscode\netbeans\nbbuild\netbeans/java" />
    <property name="have-jdk-1.4" value="true" />
    <property name="spring.webmvc.dir" value="C:\Project\github\javavscode\netbeans\nbbuild\netbeans/enterprise" />
    <property name="have-jdk-1.9" value="true" />
    <property name="have-jdk-1.8" value="true" />
    <property name="have-jdk-1.7" value="true" />
    <property name="have-jdk-1.6" value="true" />
    <property name="moduleCluster.file" value="C:\Project\github\javavscode\netbeans\nbbuild\netbeans\moduleCluster.properties" />
    <property name="path.separator" value=";" />
    <property name="test.bootclasspath.prepend.args" value="--limit-modules=java.base,java.logging,java.xml,java.prefs,java.desktop,java.management,java.instrument,jdk.zipfs,java.scripting,java.naming,jdk.jdi,jdk.unsupported,java.sql" />
    <property name="debugger.jpda.jsui.dir" value="C:\Project\github\javavscode\netbeans\nbbuild\netbeans/java" />
    <property name="java/gradle.htmlui.dir" value="C:\Project\github\javavscode\netbeans\nbbuild\netbeans/java" />
    <property name="hudson.ORIGINAL_TEMP" value="C:/Users/ARSAPRE/AppData/Local/Temp" />
    <property name="net.java.html.json.dir" value="C:\Project\github\javavscode\netbeans\nbbuild\netbeans/platform" />
    <property name="ide/code.analysis.dir" value="C:\Project\github\javavscode\netbeans\nbbuild\netbeans/ide" />
    <property name="module.name" value="java/java.lsp.server" />
    <property name="spellchecker.dictionary_en.dir" value="C:\Project\github\javavscode\netbeans\nbbuild\netbeans/ide" />
    <property name="web.clientproject.api.dir" value="C:\Project\github\javavscode\netbeans\nbbuild\netbeans/webcommon" />
    <property name="ide/markdown.dir" value="C:\Project\github\javavscode\netbeans\nbbuild\netbeans/ide" />
    <property name="java/j2ee.metadata.model.support.dir" value="C:\Project\github\javavscode\netbeans\nbbuild\netbeans/java" />
    <property name="enterprise/jakartaee8.api.dir" value="C:\Project\github\javavscode\netbeans\nbbuild\netbeans/enterprise" />
    <property name="java/ant.hints.dir" value="C:\Project\github\javavscode\netbeans\nbbuild\netbeans/java" />
    <property name="glassfish.tooling.dir" value="C:\Project\github\javavscode\netbeans\nbbuild\netbeans/enterprise" />
    <property name="testcoverage.import" value="no-testcoverage.xml" />
    <property name="ide/editor.bracesmatching.dir" value="C:\Project\github\javavscode\netbeans\nbbuild\netbeans/ide" />
    <property name="nb.cluster.extide.depends" value="nb.cluster.ide,nb.cluster.platform" />
    <property name="hudson.ALLUSERSPROFILE" value="C:\ProgramData" />
    <property name="java/java.j2seembedded.dir" value="C:\Project\github\javavscode\netbeans\nbbuild\netbeans/java" />
    <property name="lib.jshell.agent.dir" value="C:\Project\github\javavscode\netbeans\nbbuild\netbeans/java" />
    <property name="ide/libs.svnClientAdapter.javahl.dir" value="C:\Project\github\javavscode\netbeans\nbbuild\netbeans/ide" />
    <property name="webcommon/languages.ini.dir" value="C:\Project\github\javavscode\netbeans\nbbuild\netbeans/webcommon" />
    <property name="queries.dir" value="C:\Project\github\javavscode\netbeans\nbbuild\netbeans/platform" />
    <property name="binaries.cache" value="C:\Users\ARSAPRE\.hgexternalcache" />
    <property name="groovy/gradle.groovy.dir" value="C:\Project\github\javavscode\netbeans\nbbuild\netbeans/groovy" />
    <property name="platform/openide.util.ui.dir" value="C:\Project\github\javavscode\netbeans\nbbuild\netbeans/platform" />
    <property name="ant.project.default-target" value="netbeans" />
    <property name="payara.tooling.dir" value="C:\Project\github\javavscode\netbeans\nbbuild\netbeans/enterprise" />
    <property name="ide/db.mysql.dir" value="C:\Project\github\javavscode\netbeans\nbbuild\netbeans/ide" />
    <property name="webcommon/javascript2.model.dir" value="C:\Project\github\javavscode\netbeans\nbbuild\netbeans/webcommon" />
    <property name="java/debugger.jpda.ant.dir" value="C:\Project\github\javavscode\netbeans\nbbuild\netbeans/java" />
    <property name="java/maven.coverage.dir" value="C:\Project\github\javavscode\netbeans\nbbuild\netbeans/java" />
    <property name="kotlin.editor.dir" value="C:\Project\github\javavscode\netbeans\nbbuild\netbeans/java" />
    <property name="ide/html.lexer.dir" value="C:\Project\github\javavscode\netbeans\nbbuild\netbeans/ide" />
    <property name="bootclasspath.prepend" value="C:\Project\github\javavscode\netbeans\java\libs.javacapi\external\nb-javac-jdk-22+33-api.jar;C:\Project\github\javavscode\netbeans\java\libs.javacapi\external\nb-javac-jdk-22+33.jar" />
    <property name="ide/editor.completion.dir" value="C:\Project\github\javavscode\netbeans\nbbuild\netbeans/ide" />
    <property name="maven.htmlui.dir" value="C:\Project\github\javavscode\netbeans\nbbuild\netbeans/javafx" />
    <property name="buildstamp" value="20240528" />
    <property name="ide/html.dir" value="C:\Project\github\javavscode\netbeans\nbbuild\netbeans/ide" />
    <property name="nb.cluster.javafx.dir" value="javafx" />
    <property name="java/maven.grammar.dir" value="C:\Project\github\javavscode\netbeans\nbbuild\netbeans/java" />
    <property name="java/java.hints.ui.dir" value="C:\Project\github\javavscode\netbeans\nbbuild\netbeans/java" />
    <property name="netbeans.javadoc.dir" value="C:\Project\github\javavscode\netbeans\nbbuild\build\javadoc" />
    <property name="java/jshell.support.dir" value="C:\Project\github\javavscode\netbeans\nbbuild\netbeans/java" />
    <property name="enterprise/websvc.wsstackapi.dir" value="C:\Project\github\javavscode\netbeans\nbbuild\netbeans/enterprise" />
    <property name="php.latte.dir" value="C:\Project\github\javavscode\netbeans\nbbuild\netbeans/php" />
    <property name="j2ee.clientproject.dir" value="C:\Project\github\javavscode\netbeans\nbbuild\netbeans/enterprise" />
    <property name="platform/net.java.html.boot.dir" value="C:\Project\github\javavscode\netbeans\nbbuild\netbeans/platform" />
    <property name="hudson.tasklist.dir" value="C:\Project\github\javavscode\netbeans\nbbuild\netbeans/ide" />
    <property name="java/xml.jaxb.dir" value="C:\Project\github\javavscode\netbeans\nbbuild\netbeans/java" />
    <property name="java/form.dir" value="C:\Project\github\javavscode\netbeans\nbbuild\netbeans/java" />
    <property name="php/php.refactoring.dir" value="C:\Project\github\javavscode\netbeans\nbbuild\netbeans/php" />
    <property name="ide/o.eclipse.mylyn.wikitext.markdown.core.dir" value="C:\Project\github\javavscode\netbeans\nbbuild\netbeans/ide" />
    <property name="java.mx.project.dir" value="C:\Project\github\javavscode\netbeans\nbbuild\netbeans/java" />
    <property name="html.angular.dir" value="C:\Project\github\javavscode\netbeans\nbbuild\netbeans/webcommon" />
    <property name="java/hudson.maven.dir" value="C:\Project\github\javavscode\netbeans\nbbuild\netbeans/java" />
    <property name="java/java.examples.dir" value="C:\Project\github\javavscode\netbeans\nbbuild\netbeans/java" />
    <property name="nbjdk.versioninfo" value="java version &quot;17&quot; 2021-09-14 LTS&#xd;&#xa;Java(TM) SE Runtime Environment (build 17+35-LTS-2724)&#xd;&#xa;Java HotSpot(TM) 64-Bit Server VM (build 17+35-LTS-2724, mixed mode, sharing)" />
    <property name="ide/derby.dir" value="C:\Project\github\javavscode\netbeans\nbbuild\netbeans/ide" />
    <property name="build.classes.dir" value="C:\Project\github\javavscode\netbeans\java\java.lsp.server\build\classes" />
    <property name="clusters.config.release.list" value="nb.cluster.harness,nb.cluster.bootstrap,nb.cluster.platform,nb.cluster.ide,nb.cluster.extide,nb.cluster.websvccommon,nb.cluster.java,nb.cluster.javafx,nb.cluster.profiler,nb.cluster.3rdparty,nb.cluster.nb,nb.cluster.apisupport,nb.cluster.webcommon,nb.cluster.php,nb.cluster.groovy,nb.cluster.enterprise,nb.cluster.cpplite,nb.cluster.ergonomics" />
    <property name="enterprise/glassfish.tooling.dir" value="C:\Project\github\javavscode\netbeans\nbbuild\netbeans/enterprise" />
    <property name="core.browser.dir" value="C:\Project\github\javavscode\netbeans\nbbuild\netbeans/ide" />
    <property name="ide/libs.jcodings.dir" value="C:\Project\github\javavscode\netbeans\nbbuild\netbeans/ide" />
    <property name="nb.cluster.ide.dir" value="ide" />
    <property name="editor.fold.nbui.dir" value="C:\Project\github\javavscode\netbeans\nbbuild\netbeans/ide" />
    <property name="editor.bookmarks.dir" value="C:\Project\github\javavscode\netbeans\nbbuild\netbeans/ide" />
    <property name="db.sql.editor.dir" value="C:\Project\github\javavscode\netbeans\nbbuild\netbeans/ide" />
    <property name="java/java.lexer.dir" value="C:\Project\github\javavscode\netbeans\nbbuild\netbeans/java" />
    <property name="nb.cluster.harness" value="apisupport.harness,jellytools.platform,jemmy,libs.nbi.ant,libs.nbi.engine,nbjunit,o.n.insane" />
    <property name="check.module.startlevel" value="true" />
    <property name="libs.junit4.dir" value="C:\Project\github\javavscode\netbeans\nbbuild\netbeans/platform" />
    <property name="java/xml.tools.java.dir" value="C:\Project\github\javavscode\netbeans\nbbuild\netbeans/java" />
    <property name="hudson.OLDPWD" value="C:/Project" />
    <property name="java/api.debugger.jpda.dir" value="C:\Project\github\javavscode\netbeans\nbbuild\netbeans/java" />
    <property name="form.nb.dir" value="C:\Project\github\javavscode\netbeans\nbbuild\netbeans/java" />
    <property name="projectimport.eclipse.j2se.dir" value="C:\Project\github\javavscode\netbeans\nbbuild\netbeans/java" />
    <property name="api.intent.dir" value="C:\Project\github\javavscode\netbeans\nbbuild\netbeans/platform" />
    <property name="java/j2ee.jpa.refactoring.dir" value="C:\Project\github\javavscode\netbeans\nbbuild\netbeans/java" />
    <property name="platform/spi.quicksearch.dir" value="C:\Project\github\javavscode\netbeans\nbbuild\netbeans/platform" />
    <property name="platform/libs.javafx.dir" value="C:\Project\github\javavscode\netbeans\nbbuild\netbeans/platform" />
    <property name="junitlib.dir" value="C:\Project\github\javavscode\netbeans\nbbuild\netbeans/platform" />
    <property name="module.javadoc.packages" value="org.netbeans.modules.java.lsp.server.ui" />
    <property name="java/junit.ui.dir" value="C:\Project\github\javavscode\netbeans\nbbuild\netbeans/java" />
    <property name="platform/openide.options.dir" value="C:\Project\github\javavscode\netbeans\nbbuild\netbeans/platform" />
    <property name="enterprise/web.jsf.dir" value="C:\Project\github\javavscode\netbeans\nbbuild\netbeans/enterprise" />
    <property name="openide.dialogs.dir" value="C:\Project\github\javavscode\netbeans\nbbuild\netbeans/platform" />
    <property name="hudson.SHELL" value="C:\Program Files\Git\usr\bin\bash.exe" />
    <property name="clusters.config.java.list" value="nb.cluster.harness,nb.cluster.bootstrap,nb.cluster.platform,nb.cluster.ide,nb.cluster.extide,nb.cluster.websvccommon,nb.cluster.java,nb.cluster.javafx,nb.cluster.profiler,nb.cluster.3rdparty,nb.cluster.nb" />
    <property name="c.google.gson.dir" value="C:\Project\github\javavscode\netbeans\nbbuild\netbeans/ide" />
    <property name="build.test.qa-functional.results.dir" value="C:\Project\github\javavscode\netbeans\java\java.lsp.server\build\test\qa-functional\results" />
    <property name="clusters.config.cnd.list" value="nb.cluster.harness,nb.cluster.bootstrap,nb.cluster.platform,nb.cluster.ide,nb.cluster.cnd,nb.cluster.nb,nb.cluster.dlight" />
    <property name="webcommon/javascript.cdnjs.dir" value="C:\Project\github\javavscode\netbeans\nbbuild\netbeans/webcommon" />
    <property name="ide/editor.settings.lib.dir" value="C:\Project\github\javavscode\netbeans\nbbuild\netbeans/ide" />
    <property name="java/j2ee.persistence.kit.dir" value="C:\Project\github\javavscode\netbeans\nbbuild\netbeans/java" />
    <property name="user.variant" value="" />
    <property name="platform/o.n.html.xhr4j.dir" value="C:\Project\github\javavscode\netbeans\nbbuild\netbeans/platform" />
    <property name="php.nette.tester.dir" value="C:\Project\github\javavscode\netbeans\nbbuild\netbeans/php" />
    <property name="profiler.j2se.dir" value="C:\Project\github\javavscode\netbeans\nbbuild\netbeans/profiler" />
    <property name="masterfs.windows.dir" value="C:\Project\github\javavscode\netbeans\nbbuild\netbeans/platform" />
    <property name="javac.compilerargs" value="-Xlint -Xlint:-serial" />
    <property name="dbschema.dir" value="C:\Project\github\javavscode\netbeans\nbbuild\netbeans/java" />
    <property name="editor.lib.dir" value="C:\Project\github\javavscode\netbeans\nbbuild\netbeans/ide" />
    <property name="platform/masterfs.macosx.dir" value="C:\Project\github\javavscode\netbeans\nbbuild\netbeans/platform" />
    <property name="platform/o.apache.commons.codec.dir" value="C:\Project\github\javavscode\netbeans\nbbuild\netbeans/platform" />
    <property name="sun.cpu.endian" value="little" />
    <property name="platform/openide.util.dir" value="C:\Project\github\javavscode\netbeans\nbbuild\netbeans/platform" />
    <property name="projectui.buildmenu.dir" value="C:\Project\github\javavscode\netbeans\nbbuild\netbeans/ide" />
    <property name="languages.toml.dir" value="C:\Project\github\javavscode\netbeans\nbbuild\netbeans/ide" />
    <property name="ide/editor.fold.dir" value="C:\Project\github\javavscode\netbeans\nbbuild\netbeans/ide" />
    <property name="platform/net.java.html.dir" value="C:\Project\github\javavscode\netbeans\nbbuild\netbeans/platform" />
    <property name="webcommon/lib.v8debug.dir" value="C:\Project\github\javavscode\netbeans\nbbuild\netbeans/webcommon" />
    <property name="ide/libs.tomlj.dir" value="C:\Project\github\javavscode\netbeans\nbbuild\netbeans/ide" />
    <property name="welcome.dir" value="C:\Project\github\javavscode\netbeans\nbbuild\netbeans/nb" />
    <property name="bugtracking.bridge.dir" value="C:\Project\github\javavscode\netbeans\nbbuild\netbeans/ide" />
    <property name="web.el.dir" value="C:\Project\github\javavscode\netbeans\nbbuild\netbeans/enterprise" />
    <property name="build.test.qa-functional.work.dir" value="C:\Project\github\javavscode\netbeans\java\java.lsp.server\build\test\qa-functional\work" />
    <property name="bugtracking.commons.dir" value="C:\Project\github\javavscode\netbeans\nbbuild\netbeans/ide" />
    <property name="o.n.bootstrap.dir" value="C:\Project\github\javavscode\netbeans\nbbuild\netbeans/platform" />
    <property name="spellchecker.bindings.java.dir" value="C:\Project\github\javavscode\netbeans\nbbuild\netbeans/java" />
    <property name="openide.text.dir" value="C:\Project\github\javavscode\netbeans\nbbuild\netbeans/platform" />
    <property name="nb.cluster.rust.depends" value="nb.cluster.harness,nb.cluster.platform,nb.cluster.ide" />
    <property name="j2ee.core.dir" value="C:\Project\github\javavscode\netbeans\nbbuild\netbeans/enterprise" />
    <property name="j2ee.ant.dir" value="C:\Project\github\javavscode\netbeans\nbbuild\netbeans/enterprise" />
    <property name="ide/lsp.client.dir" value="C:\Project\github\javavscode\netbeans\nbbuild\netbeans/ide" />
    <property name="php.nette2.dir" value="C:\Project\github\javavscode\netbeans\nbbuild\netbeans/php" />
    <property name="platform/openide.explorer.dir" value="C:\Project\github\javavscode\netbeans\nbbuild\netbeans/platform" />
    <property name="java/java.editor.base.dir" value="C:\Project\github\javavscode\netbeans\nbbuild\netbeans/java" />
    <property name="nb.cluster.enterprise.depends" value="nb.cluster.java,nb.cluster.ide,nb.cluster.extide,nb.cluster.profiler,nb.cluster.webcommon,nb.cluster.websvccommon,nb.cluster.platform,nb.cluster.harness" />
    <property name="libs.svnClientAdapter.dir" value="C:\Project\github\javavscode\netbeans\nbbuild\netbeans/ide" />
    <property name="maven.model.dir" value="C:\Project\github\javavscode\netbeans\nbbuild\netbeans/java" />
    <property name="profiler.utilities.dir" value="C:\Project\github\javavscode\netbeans\nbbuild\netbeans/profiler" />
    <property name="test.runner" value="junit" />
    <property name="build.javahelp.dir" value="C:\Project\github\javavscode\netbeans\java\java.lsp.server\build\javahelp" />
    <property name="hudson.PWD" value="C:/Project/github/javavscode/netbeans" />
    <property name="o.n.swing.dirchooser.dir" value="C:\Project\github\javavscode\netbeans\nbbuild\netbeans/ide" />
    <property name="testng.ui.dir" value="C:\Project\github\javavscode\netbeans\nbbuild\netbeans/java" />
    <property name="java/libs.springframework.dir" value="C:\Project\github\javavscode\netbeans\nbbuild\netbeans/java" />
    <property name="nb.cluster.identity.dir" value="identity" />
    <property name="groovy/groovy.refactoring.dir" value="C:\Project\github\javavscode\netbeans\nbbuild\netbeans/groovy" />
    <property name="platform/libs.jna.dir" value="C:\Project\github\javavscode\netbeans\nbbuild\netbeans/platform" />
    <property name="java.j2seplatform.dir" value="C:\Project\github\javavscode\netbeans\nbbuild\netbeans/java" />
    <property name="ide/libs.svnClientAdapter.dir" value="C:\Project\github\javavscode\netbeans\nbbuild\netbeans/ide" />
    <property name="testng.maven.dir" value="C:\Project\github\javavscode\netbeans\nbbuild\netbeans/java" />
    <property name="o.n.insane.dir" value="C:\Project\github\javavscode\netbeans\nbbuild\netbeans/harness" />
    <property name="php.api.documentation.dir" value="C:\Project\github\javavscode\netbeans\nbbuild\netbeans/php" />
    <property name="maven.grammar.dir" value="C:\Project\github\javavscode\netbeans\nbbuild\netbeans/java" />
    <property name="tasklist.ui.dir" value="C:\Project\github\javavscode\netbeans\nbbuild\netbeans/ide" />
    <property name="apisupport.refactoring.dir" value="C:\Project\github\javavscode\netbeans\nbbuild\netbeans/apisupport" />
    <property name="cordova.platforms.android.dir" value="C:\Project\github\javavscode\netbeans\nbbuild\netbeans/webcommon" />
    <property name="ant.file.nbbuild" value="C:\Project\github\javavscode\netbeans\nbbuild\build.xml" />
    <property name="gradle.javaee.dir" value="C:\Project\github\javavscode\netbeans\nbbuild\netbeans/enterprise" />
    <property name="enterprise/websvc.rest.dir" value="C:\Project\github\javavscode\netbeans\nbbuild\netbeans/enterprise" />
    <property name="java.graph.dir" value="C:\Project\github\javavscode\netbeans\nbbuild\netbeans/java" />
    <property name="nbm.is.global" value="" />
    <property name="ide/o.eclipse.mylyn.wikitext.textile.core.dir" value="C:\Project\github\javavscode\netbeans\nbbuild\netbeans/ide" />
    <property name="php/php.editor.dir" value="C:\Project\github\javavscode\netbeans\nbbuild\netbeans/php" />
    <property name="ide/xml.dir" value="C:\Project\github\javavscode\netbeans\nbbuild\netbeans/ide" />
    <property name="tsaurl" value="" />
    <property name="nb.cluster.3rdparty.dir" value="extra" />
    <property name="xml.tools.java.dir" value="C:\Project\github\javavscode\netbeans\nbbuild\netbeans/java" />
    <property name="nb/deadlock.detector.dir" value="C:\Project\github\javavscode\netbeans\nbbuild\netbeans/nb" />
    <property name="test-unit-sys-prop.test.netbeans.dest.dir" value="C:\Project\github\javavscode\netbeans\nbbuild\netbeans" />
    <property name="maven.kit.dir" value="C:\Project\github\javavscode\netbeans\nbbuild\netbeans/java" />
    <property name="ide/o.eclipse.core.jobs.dir" value="C:\Project\github\javavscode\netbeans\nbbuild\netbeans/ide" />
    <property name="weblogic.common.dir" value="C:\Project\github\javavscode\netbeans\nbbuild\netbeans/enterprise" />
    <property name="parsing.lucene.dir" value="C:\Project\github\javavscode\netbeans\nbbuild\netbeans/ide" />
    <property name="o.eclipse.mylyn.wikitext.confluence.core.dir" value="C:\Project\github\javavscode\netbeans\nbbuild\netbeans/ide" />
    <property name="clusters.prefix" value="libnb" />
    <property name="debugger.jpda.visual.dir" value="C:\Project\github\javavscode\netbeans\nbbuild\netbeans/java" />
    <property name="openide.loaders.dir" value="C:\Project\github\javavscode\netbeans\nbbuild\netbeans/platform" />
    <property name="java.vm.specification.vendor" value="Oracle Corporation" />
    <property name="keyring.dir" value="C:\Project\github\javavscode\netbeans\nbbuild\netbeans/platform" />
    <property name="ide/image.dir" value="C:\Project\github\javavscode\netbeans\nbbuild\netbeans/ide" />
    <property name="csl.api.dir" value="C:\Project\github\javavscode\netbeans\nbbuild\netbeans/ide" />
    <property name="libs.jsr223.dir" value="C:\Project\github\javavscode\netbeans\nbbuild\netbeans/platform" />
    <property name="platform/queries.dir" value="C:\Project\github\javavscode\netbeans\nbbuild\netbeans/platform" />
    <property name="platform/keyring.fallback.dir" value="C:\Project\github\javavscode\netbeans\nbbuild\netbeans/platform" />
    <property name="j2ee.genericserver.dir" value="C:\Project\github\javavscode\netbeans\nbbuild\netbeans/enterprise" />
    <property name="web.indent.dir" value="C:\Project\github\javavscode\netbeans\nbbuild\netbeans/ide" />
    <property name="xml.text.dir" value="C:\Project\github\javavscode\netbeans\nbbuild\netbeans/ide" />
    <property name="o.eclipse.mylyn.bugzilla.core.dir" value="C:\Project\github\javavscode\netbeans\nbbuild\netbeans/ide" />
    <property name="profiler/profiler.projectsupport.dir" value="C:\Project\github\javavscode\netbeans\nbbuild\netbeans/profiler" />
    <property name="php/php.code.analysis.dir" value="C:\Project\github\javavscode\netbeans\nbbuild\netbeans/php" />
    <property name="php/php.api.testing.dir" value="C:\Project\github\javavscode\netbeans\nbbuild\netbeans/php" />
    <property name="platform/libs.jsr223.dir" value="C:\Project\github\javavscode\netbeans\nbbuild\netbeans/platform" />
    <property name="ide.branding.dir" value="C:\Project\github\javavscode\netbeans\nbbuild\netbeans/nb" />
    <property name="localtasks.dir" value="C:\Project\github\javavscode\netbeans\nbbuild\netbeans/ide" />
    <property name="languages.dir" value="C:\Project\github\javavscode\netbeans\nbbuild\netbeans/ide" />
    <property name="o.eclipse.mylyn.commons.xmlrpc.dir" value="C:\Project\github\javavscode\netbeans\nbbuild\netbeans/ide" />
    <property name="deadlock.detector.dir" value="C:\Project\github\javavscode\netbeans\nbbuild\netbeans/nb" />
    <property name="javascript.grunt.dir" value="C:\Project\github\javavscode\netbeans\nbbuild\netbeans/webcommon" />
    <property name="java/java.project.dir" value="C:\Project\github\javavscode\netbeans\nbbuild\netbeans/java" />
    <property name="java/java.hints.declarative.test.dir" value="C:\Project\github\javavscode\netbeans\nbbuild\netbeans/java" />
    <property name="ant.file.no-testcoverage" value="C:\Project\github\javavscode\netbeans\nbbuild\templates\no-testcoverage.xml" />
    <property name="php/languages.neon.dir" value="C:\Project\github\javavscode\netbeans\nbbuild\netbeans/php" />
    <property name="php/php.symfony2.dir" value="C:\Project\github\javavscode\netbeans\nbbuild\netbeans/php" />
    <property name="public.packages" value="org.netbeans.modules.java.lsp.server.ui.*" />
    <property name="libs.nbi.ant.dir" value="C:\Project\github\javavscode\netbeans\nbbuild\netbeans/harness" />
    <property name="ide/xml.text.obsolete90.dir" value="C:\Project\github\javavscode\netbeans\nbbuild\netbeans/ide" />
    <property name="ide/libs.xerces.dir" value="C:\Project\github\javavscode\netbeans\nbbuild\netbeans/ide" />
    <property name="php/php.nette.tester.dir" value="C:\Project\github\javavscode\netbeans\nbbuild\netbeans/php" />
    <property name="hudson.PROGRAMFILES" value="C:\Program Files" />
    <property name="enterprise/websvc.kit.dir" value="C:\Project\github\javavscode\netbeans\nbbuild\netbeans/enterprise" />
    <property name="java/java.hints.declarative.dir" value="C:\Project\github\javavscode\netbeans\nbbuild\netbeans/java" />
    <property name="webcommon/libs.plist.dir" value="C:\Project\github\javavscode\netbeans\nbbuild\netbeans/webcommon" />
    <property name="validation.nb.cluster.profiler" value="profiler.kit" />
    <property name="apisupport.wizards.dir" value="C:\Project\github\javavscode\netbeans\nbbuild\netbeans/apisupport" />
    <property name="javascript2.sdoc.dir" value="C:\Project\github\javavscode\netbeans\nbbuild\netbeans/webcommon" />
    <property name="hudson.FPS_BROWSER_USER_PROFILE_STRING" value="Default" />
    <property name="java.openjdk.project.dir" value="C:\Project\github\javavscode\netbeans\nbbuild\netbeans/java" />
    <property name="jms-desktop.flags.jvm" value="--add-opens=java.desktop/javax.swing.plaf.basic=ALL-UNNAMED --add-opens=java.desktop/javax.swing.text=ALL-UNNAMED --add-opens=java.desktop/javax.swing=ALL-UNNAMED --add-opens=java.desktop/java.awt=ALL-UNNAMED --add-opens=java.desktop/java.awt.event=ALL-UNNAMED --add-opens=java.desktop/sun.awt.X11=ALL-UNNAMED --add-opens=java.desktop/javax.swing.plaf.synth=ALL-UNNAMED --add-opens=java.desktop/com.sun.java.swing.plaf.gtk=ALL-UNNAMED --add-opens=java.desktop/com.sun.java.swing.plaf.windows=ALL-UNNAMED --add-opens=java.desktop/com.apple.laf=ALL-UNNAMED --add-opens=java.desktop/sun.awt.shell=ALL-UNNAMED --add-opens=java.desktop/sun.awt.im=ALL-UNNAMED --add-exports=java.desktop/sun.awt=ALL-UNNAMED --add-exports=java.desktop/java.awt.peer=ALL-UNNAMED --add-exports=java.desktop/com.sun.beans.editors=ALL-UNNAMED --add-exports=java.desktop/sun.swing=ALL-UNNAMED --add-exports=java.desktop/sun.awt.im=ALL-UNNAMED --add-exports=java.desktop/com.sun.java.swing.plaf.motif=ALL-UNNAMED --add-exports=java.desktop/com.apple.eio=ALL-UNNAMED " />
    <property name="web.debug.dir" value="C:\Project\github\javavscode\netbeans\nbbuild\netbeans/enterprise" />
    <property name="test.includes" value="**/*Test.class" />
    <property name="platform/masterfs.linux.dir" value="C:\Project\github\javavscode\netbeans\nbbuild\netbeans/platform" />
    <property name="module.auto.deps.xml" value="C:\Project\github\javavscode\netbeans\java\java.lsp.server\module-auto-deps.xml" />
    <property name="java/java.source.queries.dir" value="C:\Project\github\javavscode\netbeans\nbbuild\netbeans/java" />
    <property name="net.java.html.geo.dir" value="C:\Project\github\javavscode\netbeans\nbbuild\netbeans/platform" />
    <property name="groovy/groovy.editor.dir" value="C:\Project\github\javavscode\netbeans\nbbuild\netbeans/groovy" />
    <property name="java/debugger.jpda.jsui.dir" value="C:\Project\github\javavscode\netbeans\nbbuild\netbeans/java" />
    <property name="php.phpunit.dir" value="C:\Project\github\javavscode\netbeans\nbbuild\netbeans/php" />
    <property name="module.l10n.files.toString" value="patternSet{ includes: [I/dont/exist/at/all] excludes: [] }" />
    <property name="nb.cluster.team" value="bugtracking.kenai,c.tasktop.c2c.server.cloud.api,c.tasktop.c2c.server.common.api,c.tasktop.c2c.server.profile.api,c.tasktop.c2c.server.scm.api,c.tasktop.c2c.server.tasks.api,c.tasktop.c2c.server.wiki.api,kenai,kenai.kit,kenai.maven,kenai.ui,lib.cvsclient,o.codehaus.jackson.core,o.codehaus.jackson.mapper,odcs,odcs.git,odcs.hudson,odcs.kit,odcs.tasks,odcs.tasks.bridge,odcs.ui,odcs.versioning,oracle.clouddev.server.profile.activity.client.api,oracle.clouddev.server.profile.activity.client.rest,oracle.eclipse.tools.cloud.dev.tasks,team.server,team.server.nb,versioning.kenai,versioning.system.cvss" />
    <property name="java.disco.dir" value="C:\Project\github\javavscode\netbeans\nbbuild\netbeans/java" />
    <property name="websvc.customization.dir" value="C:\Project\github\javavscode\netbeans\nbbuild\netbeans/enterprise" />
    <property name="o.n.upgrader.dir" value="C:\Project\github\javavscode\netbeans\nbbuild\netbeans/nb" />
    <property name="hudson.EXEPATH" value="C:\Program Files\Git" />
    <property name="jakartaee8.api.dir" value="C:\Project\github\javavscode\netbeans\nbbuild\netbeans/enterprise" />
    <property name="platform/core.kit.dir" value="C:\Project\github\javavscode\netbeans\nbbuild\netbeans/platform" />
    <property name="module.id" value="java.lsp.server" />
    <property name="profiler/profiler.freeform.dir" value="C:\Project\github\javavscode\netbeans\nbbuild\netbeans/profiler" />
    <property name="user.home" value="C:\Users\ARSAPRE" />
    <property name="gsf.codecoverage.dir" value="C:\Project\github\javavscode\netbeans\nbbuild\netbeans/ide" />
    <property name="spi.navigator.dir" value="C:\Project\github\javavscode\netbeans\nbbuild\netbeans/ide" />
    <property name="hudson.PUBLIC" value="C:\Users\Public" />
    <property name="j2ee.sun.dd.dir" value="C:\Project\github\javavscode\netbeans\nbbuild\netbeans/enterprise" />
    <property name="gradle.groovy.dir" value="C:\Project\github\javavscode\netbeans\nbbuild\netbeans/groovy" />
    <property name="core.osgi.dir" value="C:\Project\github\javavscode\netbeans\nbbuild\netbeans/platform" />
    <property name="hudson.DISPLAY" value="needs-to-be-defined" />
    <property name="ide/lexer.antlr4.dir" value="C:\Project\github\javavscode\netbeans\nbbuild\netbeans/ide" />
    <property name="cluster.path.evaluated" value=";C:\Project\github\javavscode\netbeans\nbbuild\netbeans\platform;C:\Project\github\javavscode\netbeans\nbbuild\netbeans\platform;C:\Project\github\javavscode\netbeans\nbbuild\netbeans\ide;C:\Project\github\javavscode\netbeans\nbbuild\netbeans\java;C:\Project\github\javavscode\netbeans\nbbuild\netbeans\apisupport;C:\Project\github\javavscode\netbeans\nbbuild\netbeans\enterprise;C:\Project\github\javavscode\netbeans\nbbuild\netbeans\ergonomics;C:\Project\github\javavscode\netbeans\nbbuild\netbeans\nb;C:\Project\github\javavscode\netbeans\nbbuild\netbeans\extra;C:\Project\github\javavscode\netbeans\nbbuild\netbeans\harness;C:\Project\github\javavscode\netbeans\nbbuild\netbeans\profiler;C:\Project\github\javavscode\netbeans\nbbuild\netbeans\php;C:\Project\github\javavscode\netbeans\nbbuild\netbeans\groovy;C:\Project\github\javavscode\netbeans\nbbuild\netbeans\identity;C:\Project\github\javavscode\netbeans\nbbuild\netbeans\cnd;C:\Project\github\javavscode\netbeans\nbbuild\netbeans\cndext;C:\Project\github\javavscode\netbeans\nbbuild\netbeans\rust;C:\Project\github\javavscode\netbeans\nbbuild\netbeans\cpplite;C:\Project\github\javavscode\netbeans\nbbuild\netbeans\dlight;C:\Project\github\javavscode\netbeans\nbbuild\netbeans\extra;C:\Project\github\javavscode\netbeans\nbbuild\netbeans\extra;C:\Project\github\javavscode\netbeans\nbbuild\netbeans\extra;C:\Project\github\javavscode\netbeans\nbbuild\netbeans\extide;C:\Project\github\javavscode\netbeans\nbbuild\netbeans\webcommon;C:\Project\github\javavscode\netbeans\nbbuild\netbeans\websvccommon;C:\Project\github\javavscode\netbeans\nbbuild\netbeans\javafx" />
    <property name="debugger.jpda.trufflenode.dir" value="C:\Project\github\javavscode\netbeans\nbbuild\netbeans/java" />
    <property name="jellytools.java.dir" value="C:\Project\github\javavscode\netbeans\nbbuild\netbeans/java" />
    <property name="build.package.compress" value="false" />
    <property name="o.apache.xmlrpc.dir" value="C:\Project\github\javavscode\netbeans\nbbuild\netbeans/ide" />
    <property name="lexer.antlr4.dir" value="C:\Project\github\javavscode\netbeans\nbbuild\netbeans/ide" />
    <property name="php/selenium2.php.dir" value="C:\Project\github\javavscode\netbeans\nbbuild\netbeans/php" />
    <property name="favorites.dir" value="C:\Project\github\javavscode\netbeans\nbbuild\netbeans/platform" />
    <property name="websvccommon/websvc.saas.api.dir" value="C:\Project\github\javavscode\netbeans\nbbuild\netbeans/websvccommon" />
    <property name="enterprise/web.client.rest.dir" value="C:\Project\github\javavscode\netbeans\nbbuild\netbeans/enterprise" />
    <property name="platform/openide.nodes.dir" value="C:\Project\github\javavscode\netbeans\nbbuild\netbeans/platform" />
    <property name="core.startup.base.dir" value="C:\Project\github\javavscode\netbeans\nbbuild\netbeans/platform" />
    <property name="profiler.api.dir" value="C:\Project\github\javavscode\netbeans\nbbuild\netbeans/profiler" />
    <property name="test.unit.run.cp.extra" value="" />
    <property name="java.source.dir" value="C:\Project\github\javavscode\netbeans\nbbuild\netbeans/java" />
    <property name="build.test.qa-functional.dir" value="C:\Project\github\javavscode\netbeans\java\java.lsp.server\build\test\qa-functional" />
    <property name="spi.debugger.jpda.ui.dir" value="C:\Project\github\javavscode\netbeans\nbbuild\netbeans/java" />
    <property name="platform/openide.actions.dir" value="C:\Project\github\javavscode\netbeans\nbbuild\netbeans/platform" />
    <property name="javafx/javafx2.project.dir" value="C:\Project\github\javavscode\netbeans\nbbuild\netbeans/javafx" />
    <property name="java.j2sedeploy.dir" value="C:\Project\github\javavscode\netbeans\nbbuild\netbeans/java" />
    <property name="nb.cluster.php.dir" value="php" />
    <property name="enterprise/web.debug.dir" value="C:\Project\github\javavscode\netbeans\nbbuild\netbeans/enterprise" />
    <property name="masterfs.dir" value="C:\Project\github\javavscode\netbeans\nbbuild\netbeans/platform" />
    <property name="platform/openide.modules.dir" value="C:\Project\github\javavscode\netbeans\nbbuild\netbeans/platform" />
    <property name="java.debug.dir" value="C:\Project\github\javavscode\netbeans\nbbuild\netbeans/java" />
    <property name="locjar.locales" value="" />
    <property name="enterprise/web.project.dir" value="C:\Project\github\javavscode\netbeans\nbbuild\netbeans/enterprise" />
    <property name="tsacert" value="" />
    <property name="platform/applemenu.dir" value="C:\Project\github\javavscode\netbeans\nbbuild\netbeans/platform" />
    <property name="httpserver.dir" value="C:\Project\github\javavscode\netbeans\nbbuild\netbeans/ide" />
    <property name="java/form.refactoring.dir" value="C:\Project\github\javavscode\netbeans\nbbuild\netbeans/java" />
    <property name="enterprise/websvc.customization.dir" value="C:\Project\github\javavscode\netbeans\nbbuild\netbeans/enterprise" />
    <property name="ide/mercurial.dir" value="C:\Project\github\javavscode\netbeans\nbbuild\netbeans/ide" />
    <property name="project.dependency.dir" value="C:\Project\github\javavscode\netbeans\nbbuild\netbeans/ide" />
    <property name="nb.clusters.list" value="nb.cluster.harness,nb.cluster.bootstrap,nb.cluster.platform,nb.cluster.ide,nb.cluster.extide,nb.cluster.websvccommon,nb.cluster.java,nb.cluster.javafx,nb.cluster.profiler,nb.cluster.3rdparty,nb.cluster.nb,nb.cluster.apisupport,nb.cluster.webcommon,nb.cluster.php,nb.cluster.groovy,nb.cluster.enterprise,nb.cluster.cpplite,nb.cluster.ergonomics" />
    <property name="ide/gsf.codecoverage.dir" value="C:\Project\github\javavscode\netbeans\nbbuild\netbeans/ide" />
    <property name="php/php.project.dir" value="C:\Project\github\javavscode\netbeans\nbbuild\netbeans/php" />
    <property name="ide/o.apache.commons.httpclient.dir" value="C:\Project\github\javavscode\netbeans\nbbuild\netbeans/ide" />
    <property name="javascript2.kit.dir" value="C:\Project\github\javavscode\netbeans\nbbuild\netbeans/webcommon" />
    <property name="webcommon/web.clientproject.api.dir" value="C:\Project\github\javavscode\netbeans\nbbuild\netbeans/webcommon" />
    <property name="xml.retriever.dir" value="C:\Project\github\javavscode\netbeans\nbbuild\netbeans/ide" />
    <property name="ant.file.jdk" value="C:\Project\github\javavscode\netbeans\nbbuild\jdk.xml" />
    <property name="platform/uihandler.dir" value="C:\Project\github\javavscode\netbeans\nbbuild\netbeans/platform" />
    <property name="test.qa-functional.compile.cp" value="C:/Project/github/javavscode/netbeans/nbbuild/netbeans/platform/modules/org-netbeans-libs-junit4.jar;C:/Project/github/javavscode/netbeans/nbbuild/netbeans/harness/modules/org-netbeans-modules-nbjunit.jar;C:/Project/github/javavscode/netbeans/nbbuild/netbeans/harness/modules/org-netbeans-insane.jar;C:/Project/github/javavscode/netbeans/nbbuild/netbeans/java/modules/org-netbeans-modules-java-j2seproject.jar;C:/Project/github/javavscode/netbeans/nbbuild/build/testdist/qa-functional/java/org-netbeans-modules-java-j2seproject/tests.jar;C:/Project/github/javavscode/netbeans/nbbuild/build/testdist/unit/java/org-netbeans-modules-java-j2seproject/tests.jar;C:/Project/github/javavscode/netbeans/nbbuild/netbeans/harness/modules/org-netbeans-modules-jemmy.jar" />
    <property name="enterprise/glassfish.common.dir" value="C:\Project\github\javavscode\netbeans\nbbuild\netbeans/enterprise" />
    <property name="hudson.php.dir" value="C:\Project\github\javavscode\netbeans\nbbuild\netbeans/php" />
    <property name="java/lib.nbjshell.dir" value="C:\Project\github\javavscode\netbeans\nbbuild\netbeans/java" />
    <property name="java/java.editor.dir" value="C:\Project\github\javavscode\netbeans\nbbuild\netbeans/java" />
    <property name="libs.corba.omgapi.dir" value="C:\Project\github\javavscode\netbeans\nbbuild\netbeans/java" />
    <property name="enterprise/payara.jakartaee.dir" value="C:\Project\github\javavscode\netbeans\nbbuild\netbeans/enterprise" />
    <property name="hudson.MAVEN_HOME" value="C:\Project\tools\apache-maven-3.9.5" />
    <property name="websvc.websvcapi.dir" value="C:\Project\github\javavscode\netbeans\nbbuild\netbeans/enterprise" />
    <property name="enterprise/web.jsf12ri.dir" value="C:\Project\github\javavscode\netbeans\nbbuild\netbeans/enterprise" />
    <property name="platform/masterfs.windows.dir" value="C:\Project\github\javavscode\netbeans\nbbuild\netbeans/platform" />
    <property name="nb.cluster.php.depends" value="nb.cluster.platform,nb.cluster.ide,nb.cluster.extide,nb.cluster.webcommon,nb.cluster.websvccommon" />
    <property name="webcommon/typescript.editor.dir" value="C:\Project\github\javavscode\netbeans\nbbuild\netbeans/webcommon" />
    <property name="openide.options.dir" value="C:\Project\github\javavscode\netbeans\nbbuild\netbeans/platform" />
    <property name="ide/editor.settings.storage.dir" value="C:\Project\github\javavscode\netbeans\nbbuild\netbeans/ide" />
    <property name="spec.version.base.fatal.warning" value="true" />
    <property name="java/testng.ant.dir" value="C:\Project\github\javavscode\netbeans\nbbuild\netbeans/java" />
    <property name="html.indexing.dir" value="C:\Project\github\javavscode\netbeans\nbbuild\netbeans/ide" />
    <property name="libs.json_simple.dir" value="C:\Project\github\javavscode\netbeans\nbbuild\netbeans/ide" />
    <property name="ide/tasklist.todo.dir" value="C:\Project\github\javavscode\netbeans\nbbuild\netbeans/ide" />
    <property name="nbm" value="org-netbeans-modules-java-lsp-server.nbm" />
    <property name="ide/swing.validation.dir" value="C:\Project\github\javavscode\netbeans\nbbuild\netbeans/ide" />
    <property name="project.spi.intern.impl.dir" value="C:\Project\github\javavscode\netbeans\nbbuild\netbeans/ide" />
    <property name="nb.cluster.extide.dir" value="extide" />
    <property name="lib.profiler.charts.dir" value="C:\Project\github\javavscode\netbeans\nbbuild\netbeans/profiler" />
    <property name="platform/core.startup.dir" value="C:\Project\github\javavscode\netbeans\nbbuild\netbeans/platform" />
    <property name="java/java.source.ant.dir" value="C:\Project\github\javavscode\netbeans\nbbuild\netbeans/java" />
    <property name="java/javadoc.dir" value="C:\Project\github\javavscode\netbeans\nbbuild\netbeans/java" />
    <property name="o.apache.commons.lang3.dir" value="C:\Project\github\javavscode\netbeans\nbbuild\netbeans/platform" />
    <property name="hudson.PROCESSOR_ARCHITECTURE" value="AMD64" />
    <property name="libs.git.dir" value="C:\Project\github\javavscode\netbeans\nbbuild\netbeans/ide" />
    <property name="web.jsfapi.dir" value="C:\Project\github\javavscode\netbeans\nbbuild\netbeans/enterprise" />
    <property name="ide/editor.search.dir" value="C:\Project\github\javavscode\netbeans\nbbuild\netbeans/ide" />
    <property name="build.compiler.deprecation" value="true" />
    <property name="debugger.jpda.heapwalk.dir" value="C:\Project\github\javavscode\netbeans\nbbuild\netbeans/profiler" />
    <property name="java.testrunner.ui.dir" value="C:\Project\github\javavscode\netbeans\nbbuild\netbeans/java" />
    <property name="junit.dir" value="C:\Project\github\javavscode\netbeans\nbbuild\netbeans/java" />
    <property name="projectuiapi.base.dir" value="C:\Project\github\javavscode\netbeans\nbbuild\netbeans/ide" />
    <property name="hudson.USERNAME" value="ARSAPRE" />
    <property name="ide/defaults.dir" value="C:\Project\github\javavscode\netbeans\nbbuild\netbeans/ide" />
    <property name="o.apache.commons.httpclient.dir" value="C:\Project\github\javavscode\netbeans\nbbuild\netbeans/ide" />
    <property name="cloud.common.dir" value="C:\Project\github\javavscode\netbeans\nbbuild\netbeans/enterprise" />
    <property name="junit.ant.ui.dir" value="C:\Project\github\javavscode\netbeans\nbbuild\netbeans/java" />
    <property name="hudson.TMPDIR" value="C:\Users\ARSAPRE\AppData\Local\Temp" />
    <property name="libs.batik.read.dir" value="C:\Project\github\javavscode\netbeans\nbbuild\netbeans/platform" />
    <property name="nbjunit.dir" value="C:\Project\github\javavscode\netbeans\nbbuild\netbeans/harness" />
    <property name="ide/team.commons.dir" value="C:\Project\github\javavscode\netbeans\nbbuild\netbeans/ide" />
    <property name="locales" value="" />
    <property name="websvc.wsstackapi.dir" value="C:\Project\github\javavscode\netbeans\nbbuild\netbeans/enterprise" />
    <property name="properties.dir" value="C:\Project\github\javavscode\netbeans\nbbuild\netbeans/ide" />
    <property name="cluster.dir" value="java" />
    <property name="webcommon/javascript2.requirejs.dir" value="C:\Project\github\javavscode\netbeans\nbbuild\netbeans/webcommon" />
    <property name="validation.nb.cluster.platform" value="o.n.core,core.windows,javahelp" />
    <property name="php/php.latte.dir" value="C:\Project\github\javavscode\netbeans\nbbuild\netbeans/php" />
    <property name="apisupport.installer.maven.dir" value="C:\Project\github\javavscode\netbeans\nbbuild\netbeans/apisupport" />
    <property name="ide/options.editor.dir" value="C:\Project\github\javavscode\netbeans\nbbuild\netbeans/ide" />
    <property name="enterprise/servletjspapi.dir" value="C:\Project\github\javavscode\netbeans\nbbuild\netbeans/enterprise" />
    <property name="ide/core.browser.webview.dir" value="C:\Project\github\javavscode\netbeans\nbbuild\netbeans/ide" />
    <property name="o.eclipse.core.runtime.compatibility.auth.dir" value="C:\Project\github\javavscode\netbeans\nbbuild\netbeans/ide" />
    <property name="java/selenium2.java.dir" value="C:\Project\github\javavscode\netbeans\nbbuild\netbeans/java" />
    <property name="net.java.html.boot.dir" value="C:\Project\github\javavscode\netbeans\nbbuild\netbeans/platform" />
    <property name="gradle.spring.dir" value="C:\Project\github\javavscode\netbeans\nbbuild\netbeans/java" />
    <property name="swing.validation.dir" value="C:\Project\github\javavscode\netbeans\nbbuild\netbeans/ide" />
    <property name="jakartaee10.platform.dir" value="C:\Project\github\javavscode\netbeans\nbbuild\netbeans/enterprise" />
    <property name="languages.diff.dir" value="C:\Project\github\javavscode\netbeans\nbbuild\netbeans/ide" />
    <property name="hudson.CommonProgramW6432" value="C:\Program Files\Common Files" />
    <property name="openide.execution.dir" value="C:\Project\github\javavscode\netbeans\nbbuild\netbeans/platform" />
    <property name="layer.file" value="org/netbeans/modules/java/lsp/server/layer.xml" />
    <property name="webcommon/javascript.nodejs.dir" value="C:\Project\github\javavscode\netbeans\nbbuild\netbeans/webcommon" />
    <property name="platform/openide.util.ui.svg.dir" value="C:\Project\github\javavscode\netbeans\nbbuild\netbeans/platform" />
    <property name="i18n.dir" value="C:\Project\github\javavscode\netbeans\nbbuild\netbeans/java" />
    <property name="platform/settings.dir" value="C:\Project\github\javavscode\netbeans\nbbuild\netbeans/platform" />
    <property name="user.country" value="US" />
    <property name="enterprise/websvc.projectapi.dir" value="C:\Project\github\javavscode\netbeans\nbbuild\netbeans/enterprise" />
    <property name="javafx/javafx2.editor.dir" value="C:\Project\github\javavscode\netbeans\nbbuild\netbeans/javafx" />
    <property name="javaee.api.dir" value="C:\Project\github\javavscode\netbeans\nbbuild\netbeans/enterprise" />
    <property name="profiler.nbmodule.dir" value="C:\Project\github\javavscode\netbeans\nbbuild\netbeans/profiler" />
    <property name="disable.apple.ui" value="true" />
    <property name="locmakenbm.locales" value="" />
    <property name="ide/bcpkix.dir" value="C:\Project\github\javavscode\netbeans\nbbuild\netbeans/ide" />
    <property name="j2ee.persistence.dir" value="C:\Project\github\javavscode\netbeans\nbbuild\netbeans/java" />
    <property name="php.api.phpmodule.dir" value="C:\Project\github\javavscode\netbeans\nbbuild\netbeans/php" />
    <property name="lib.nbjshell9.dir" value="C:\Project\github\javavscode\netbeans\nbbuild\netbeans/java" />
    <property name="spellchecker.kit.dir" value="C:\Project\github\javavscode\netbeans\nbbuild\netbeans/ide" />
    <property name="languages.apacheconf.dir" value="C:\Project\github\javavscode\netbeans\nbbuild\netbeans/webcommon" />
    <property name="nb.cluster.cnd.dir" value="cnd" />
    <property name="java.source.base.dir" value="C:\Project\github\javavscode\netbeans\nbbuild\netbeans/java" />
    <property name="platform/openide.io.dir" value="C:\Project\github\javavscode\netbeans\nbbuild\netbeans/platform" />
    <property name="validation.nb.cluster.java" value="java.hints,java.kit" />
    <property name="jellytools.platform.dir" value="C:\Project\github\javavscode\netbeans\nbbuild\netbeans/harness" />
    <property name="ide/javascript2.debug.dir" value="C:\Project\github\javavscode\netbeans\nbbuild\netbeans/ide" />
    <property name="xml.core.dir" value="C:\Project\github\javavscode\netbeans\nbbuild\netbeans/ide" />
    <property name="ide/subversion.dir" value="C:\Project\github\javavscode\netbeans\nbbuild\netbeans/ide" />
    <property name="build.compiler.optimize" value="off" />
    <property name="parsing.ui.dir" value="C:\Project\github\javavscode\netbeans\nbbuild\netbeans/ide" />
    <property name="clusters.config.groovy.list" value="nb.cluster.harness,nb.cluster.bootstrap,nb.cluster.platform,nb.cluster.ide,nb.cluster.extide,nb.cluster.websvccommon,nb.cluster.java,nb.cluster.javafx,nb.cluster.profiler,nb.cluster.3rdparty,nb.cluster.nb,nb.cluster.groovy" />
    <property name="gototest.dir" value="C:\Project\github\javavscode\netbeans\nbbuild\netbeans/ide" />
    <property name="netbeans.zipped.sources.dir" value="C:\Project\github\javavscode\netbeans\java\java.lsp.server\${build}\sources" />
    <property name="glassfish.javaee.dir" value="C:\Project\github\javavscode\netbeans\nbbuild\netbeans/enterprise" />
    <property name="php/php.codeception.dir" value="C:\Project\github\javavscode\netbeans\nbbuild\netbeans/php" />
    <property name="lsp.client.dir" value="C:\Project\github\javavscode\netbeans\nbbuild\netbeans/ide" />
    <property name="java.runtime.name" value="Java(TM) SE Runtime Environment" />
    <property name="enterprise/j2ee.ejbverification.dir" value="C:\Project\github\javavscode\netbeans\nbbuild\netbeans/enterprise" />
    <property name="ide/versioning.masterfs.dir" value="C:\Project\github\javavscode\netbeans\nbbuild\netbeans/ide" />
    <property name="utilities.dir" value="C:\Project\github\javavscode\netbeans\nbbuild\netbeans/ide" />
    <property name="test.config" value="default" />
    <property name="java/maven.spring.dir" value="C:\Project\github\javavscode\netbeans\nbbuild\netbeans/java" />
    <property name="ide/spi.editor.hints.projects.dir" value="C:\Project\github\javavscode\netbeans\nbbuild\netbeans/ide" />
    <property name="java/api.maven.dir" value="C:\Project\github\javavscode\netbeans\nbbuild\netbeans/java" />
    <property name="test.qa-functional.src.dir" value="C:\Project\github\javavscode\netbeans\java\java.lsp.server\test\qa-functional\src" />
    <property name="enterprise/javaee7.api.dir" value="C:\Project\github\javavscode\netbeans\nbbuild\netbeans/enterprise" />
    <property name="ide/bugtracking.bridge.dir" value="C:\Project\github\javavscode\netbeans\nbbuild\netbeans/ide" />
    <property name="ide/css.editor.dir" value="C:\Project\github\javavscode\netbeans\nbbuild\netbeans/ide" />
    <property name="ide/xml.lexer.dir" value="C:\Project\github\javavscode\netbeans\nbbuild\netbeans/ide" />
    <property name="javascript2.requirejs.dir" value="C:\Project\github\javavscode\netbeans\nbbuild\netbeans/webcommon" />
    <property name="profiler/lib.profiler.dir" value="C:\Project\github\javavscode\netbeans\nbbuild\netbeans/profiler" />
    <property name="ide/o.apache.xmlrpc.dir" value="C:\Project\github\javavscode\netbeans\nbbuild\netbeans/ide" />
    <property name="nb.cluster.apisupport" value="apisupport.ant,apisupport.installer,apisupport.installer.maven,apisupport.kit,apisupport.project,apisupport.refactoring,apisupport.wizards,maven.apisupport,timers" />
    <property name="webcommon/javascript2.extdoc.dir" value="C:\Project\github\javavscode\netbeans\nbbuild\netbeans/webcommon" />
    <property name="ide/xml.xdm.dir" value="C:\Project\github\javavscode\netbeans\nbbuild\netbeans/ide" />
    <property name="hudson.CONFIG_SITE" value="C:/Program Files/Git/etc/config.site" />
    <property name="netbeans.dest.dir" value="C:\Project\github\javavscode\netbeans\nbbuild\netbeans" />
    <property name="java/ant.browsetask.dir" value="C:\Project\github\javavscode\netbeans\nbbuild\netbeans/java" />
    <property name="enterprise/j2ee.sun.appsrv.dir" value="C:\Project\github\javavscode\netbeans\nbbuild\netbeans/enterprise" />
    <property name="ide/web.webkit.debugging.dir" value="C:\Project\github\javavscode\netbeans\nbbuild\netbeans/ide" />
    <property name="ide/print.editor.dir" value="C:\Project\github\javavscode\netbeans\nbbuild\netbeans/ide" />
    <property name="slf4j.jdk14.dir" value="C:\Project\github\javavscode\netbeans\nbbuild\netbeans/ide" />
    <property name="extra/libs.javafx.linux.aarch64.dir" value="C:\Project\github\javavscode\netbeans\nbbuild\netbeans/extra" />
    <property name="nb.cluster.cndext.depends" value="nb.cluster.cnd,nb.cluster.extide,nb.cluster.java" />
    <property name="openide.io.dir" value="C:\Project\github\javavscode\netbeans\nbbuild\netbeans/platform" />
    <property name="javaee.injection.dir" value="C:\Project\github\javavscode\netbeans\nbbuild\netbeans/java" />
    <property name="webcommon/html.angular.dir" value="C:\Project\github\javavscode\netbeans\nbbuild\netbeans/webcommon" />
    <property name="web.webkit.tooling.dir" value="C:\Project\github\javavscode\netbeans\nbbuild\netbeans/webcommon" />
    <property name="platform/print.dir" value="C:\Project\github\javavscode\netbeans\nbbuild\netbeans/platform" />
    <property name="enterprise/websvc.core.dir" value="C:\Project\github\javavscode\netbeans\nbbuild\netbeans/enterprise" />
    <property name="web.struts.dir" value="C:\Project\github\javavscode\netbeans\nbbuild\netbeans/enterprise" />
    <property name="platform/lib.uihandler.dir" value="C:\Project\github\javavscode\netbeans\nbbuild\netbeans/platform" />
    <property name="libs.xerces.dir" value="C:\Project\github\javavscode\netbeans\nbbuild\netbeans/ide" />
    <property name="javafx2.samples.dir" value="C:\Project\github\javavscode\netbeans\nbbuild\netbeans/javafx" />
    <property name="test-qa-functional-sys-prop.cluster.path.final" value="C:\Project\github\javavscode\netbeans\nbbuild\netbeans\platform;C:\Project\github\javavscode\netbeans\nbbuild\netbeans\ide;C:\Project\github\javavscode\netbeans\nbbuild\netbeans\java;C:\Project\github\javavscode\netbeans\nbbuild\netbeans\apisupport;C:\Project\github\javavscode\netbeans\nbbuild\netbeans\enterprise;C:\Project\github\javavscode\netbeans\nbbuild\netbeans\ergonomics;C:\Project\github\javavscode\netbeans\nbbuild\netbeans\nb;C:\Project\github\javavscode\netbeans\nbbuild\netbeans\extra;C:\Project\github\javavscode\netbeans\nbbuild\netbeans\harness;C:\Project\github\javavscode\netbeans\nbbuild\netbeans\profiler;C:\Project\github\javavscode\netbeans\nbbuild\netbeans\php;C:\Project\github\javavscode\netbeans\nbbuild\netbeans\groovy;C:\Project\github\javavscode\netbeans\nbbuild\netbeans\identity;C:\Project\github\javavscode\netbeans\nbbuild\netbeans\cnd;C:\Project\github\javavscode\netbeans\nbbuild\netbeans\cndext;C:\Project\github\javavscode\netbeans\nbbuild\netbeans\rust;C:\Project\github\javavscode\netbeans\nbbuild\netbeans\cpplite;C:\Project\github\javavscode\netbeans\nbbuild\netbeans\dlight;C:\Project\github\javavscode\netbeans\nbbuild\netbeans\extide;C:\Project\github\javavscode\netbeans\nbbuild\netbeans\webcommon;C:\Project\github\javavscode\netbeans\nbbuild\netbeans\websvccommon;C:\Project\github\javavscode\netbeans\nbbuild\netbeans\javafx;C:\Project\github\javavscode\netbeans\nbbuild\netbeans\java" />
    <property name="ide/html.editor.lib.dir" value="C:\Project\github\javavscode\netbeans\nbbuild\netbeans/ide" />
    <property name="gradle.editor.dir" value="C:\Project\github\javavscode\netbeans\nbbuild\netbeans/extide" />
    <property name="enterprise/web.jsf12.dir" value="C:\Project\github\javavscode\netbeans\nbbuild\netbeans/enterprise" />
    <property name="enterprise/websvc.editor.hints.dir" value="C:\Project\github\javavscode\netbeans\nbbuild\netbeans/enterprise" />
    <property name="hudson.NVM_DIR" value="C:/Users/ARSAPRE/.nvm" />
    <property name="c.jcraft.jzlib.dir" value="C:\Project\github\javavscode\netbeans\nbbuild\netbeans/ide" />
    <property name="libs.amazon.dir" value="C:\Project\github\javavscode\netbeans\nbbuild\netbeans/enterprise" />
    <property name="enterprise/jakartaee10.platform.dir" value="C:\Project\github\javavscode\netbeans\nbbuild\netbeans/enterprise" />
    <property name="javac.source" value="1.8" />
    <property name="java.version.date" value="2021-09-14" />
    <property name="locjhindexer.locales" value="" />
    <property name="j2ee.eclipselink.dir" value="C:\Project\github\javavscode\netbeans\nbbuild\netbeans/java" />
    <property name="platform/net.java.html.geo.dir" value="C:\Project\github\javavscode\netbeans\nbbuild\netbeans/platform" />
    <property name="java.hints.dir" value="C:\Project\github\javavscode\netbeans\nbbuild\netbeans/java" />
    <property name="enterprise/j2ee.platform.dir" value="C:\Project\github\javavscode\netbeans\nbbuild\netbeans/enterprise" />
    <property name="java/kotlin.editor.dir" value="C:\Project\github\javavscode\netbeans\nbbuild\netbeans/java" />
    <property name="php/php.api.annotation.dir" value="C:\Project\github\javavscode\netbeans\nbbuild\netbeans/php" />
    <property name="enterprise/payara.eecommon.dir" value="C:\Project\github\javavscode\netbeans\nbbuild\netbeans/enterprise" />
    <property name="java/java.source.queriesimpl.dir" value="C:\Project\github\javavscode\netbeans\nbbuild\netbeans/java" />
    <property name="maven.indexer.dir" value="C:\Project\github\javavscode\netbeans\nbbuild\netbeans/java" />
    <property name="platform/editor.mimelookup.impl.dir" value="C:\Project\github\javavscode\netbeans\nbbuild\netbeans/platform" />
    <property name="o.eclipse.jgit.ssh.jsch.dir" value="C:\Project\github\javavscode\netbeans\nbbuild\netbeans/ide" />
    <property name="profiler/profiler.nbimpl.dir" value="C:\Project\github\javavscode\netbeans\nbbuild\netbeans/profiler" />
    <property name="nb.cluster.cndext" value="cnd.mixeddev" />
    <property name="sun.management.compiler" value="HotSpot 64-Bit Tiered Compilers" />
    <property name="test.qa-functional.data.dir" value="C:\Project\github\javavscode\netbeans\java\java.lsp.server\test\qa-functional\data" />
    <property name="openide.util.lookup.dir" value="C:\Project\github\javavscode\netbeans\nbbuild\netbeans/platform" />
    <property name="java.project.dir" value="C:\Project\github\javavscode\netbeans\nbbuild\netbeans/java" />
    <property name="libs.jaxb.dir" value="C:\Project\github\javavscode\netbeans\nbbuild\netbeans/ide" />
    <property name="apisupport/apisupport.project.dir" value="C:\Project\github\javavscode\netbeans\nbbuild\netbeans/apisupport" />
    <property name="libs.antlr4.runtime.dir" value="C:\Project\github\javavscode\netbeans\nbbuild\netbeans/ide" />
    <property name="hudson.PKG_CONFIG_PATH" value="C:\Program Files\Git\mingw64\lib\pkgconfig;C:\Program Files\Git\mingw64\share\pkgconfig" />
    <property name="extexecution.process.dir" value="C:\Project\github\javavscode\netbeans\nbbuild\netbeans/ide" />
    <property name="gradle.dir" value="C:\Project\github\javavscode\netbeans\nbbuild\netbeans/extide" />
    <property name="nativeimage.api.dir" value="C:\Project\github\javavscode\netbeans\nbbuild\netbeans/ide" />
    <property name="ide/nativeimage.api.dir" value="C:\Project\github\javavscode\netbeans\nbbuild\netbeans/ide" />
    <property name="projectui.dir" value="C:\Project\github\javavscode\netbeans\nbbuild\netbeans/ide" />
    <property name="php.api.framework.dir" value="C:\Project\github\javavscode\netbeans\nbbuild\netbeans/php" />
    <property name="enterprise/profiler.j2ee.dir" value="C:\Project\github\javavscode\netbeans\nbbuild\netbeans/enterprise" />
    <property name="jsp.lexer.dir" value="C:\Project\github\javavscode\netbeans\nbbuild\netbeans/enterprise" />
    <property name="ant.hints.dir" value="C:\Project\github\javavscode\netbeans\nbbuild\netbeans/java" />
    <property name="templates.dir" value="C:\Project\github\javavscode\netbeans\nbbuild\netbeans/platform" />
    <property name="hudson.M2_HOME" value="C:\Project\tools\apache-maven-3.9.5" />
    <property name="languages.ini.dir" value="C:\Project\github\javavscode\netbeans\nbbuild\netbeans/webcommon" />
    <property name="java.source.compat8.dir" value="C:\Project\github\javavscode\netbeans\nbbuild\netbeans/java" />
    <property name="ide/parsing.nb.dir" value="C:\Project\github\javavscode\netbeans\nbbuild\netbeans/ide" />
    <property name="java/maven.dir" value="C:\Project\github\javavscode\netbeans\nbbuild\netbeans/java" />
    <property name="platform/editor.mimelookup.dir" value="C:\Project\github\javavscode\netbeans\nbbuild\netbeans/platform" />
    <property name="libs.svnClientAdapter.javahl.dir" value="C:\Project\github\javavscode\netbeans\nbbuild\netbeans/ide" />
    <property name="javaee8.api.dir" value="C:\Project\github\javavscode\netbeans\nbbuild\netbeans/enterprise" />
    <property name="php/php.api.phpmodule.dir" value="C:\Project\github\javavscode\netbeans\nbbuild\netbeans/php" />
    <property name="libs.cglib.dir" value="C:\Project\github\javavscode\netbeans\nbbuild\netbeans/java" />
    <property name="nb.cluster.stableuc.dir" value="extra" />
    <property name="webcommon/javascript2.prototypejs.dir" value="C:\Project\github\javavscode\netbeans\nbbuild\netbeans/webcommon" />
    <property name="java/junit.ant.ui.dir" value="C:\Project\github\javavscode\netbeans\nbbuild\netbeans/java" />
    <property name="java/testng.maven.dir" value="C:\Project\github\javavscode\netbeans\nbbuild\netbeans/java" />
    <property name="j2ee.dd.webservice.dir" value="C:\Project\github\javavscode\netbeans\nbbuild\netbeans/enterprise" />
    <property name="webcommon/javascript2.types.dir" value="C:\Project\github\javavscode\netbeans\nbbuild\netbeans/webcommon" />
    <property name="xml.catalog.dir" value="C:\Project\github\javavscode\netbeans\nbbuild\netbeans/ide" />
    <property name="autoupdate.catalog.url" value="http://bits.netbeans.org/dev/nbms-and-javadoc/lastSuccessfulBuild/artifact/nbbuild/nbms/updates.xml.gz" />
    <property name="apisupport/apisupport.kit.dir" value="C:\Project\github\javavscode\netbeans\nbbuild\netbeans/apisupport" />
    <property name="php.zend.dir" value="C:\Project\github\javavscode\netbeans\nbbuild\netbeans/php" />
    <property name="websvc.jaxws21api.dir" value="C:\Project\github\javavscode\netbeans\nbbuild\netbeans/java" />
    <property name="ant.file.type.nbbuild" value="file" />
    <property name="ant.file.2" value="C:\Project\github\javavscode\netbeans\java\java.lsp.server\build.xml" />
    <property name="ide/languages.toml.dir" value="C:\Project\github\javavscode\netbeans\nbbuild\netbeans/ide" />
    <property name="ant.file.1" value="C:\Project\github\javavscode\netbeans\java\java.lsp.server\build.xml" />
    <property name="apisupport/apisupport.ant.dir" value="C:\Project\github\javavscode\netbeans\nbbuild\netbeans/apisupport" />
    <property name="core.output2.dir" value="C:\Project\github\javavscode\netbeans\nbbuild\netbeans/platform" />
    <property name="platform/core.netigso.dir" value="C:\Project\github\javavscode\netbeans\nbbuild\netbeans/platform" />
    <property name="test.nbjdk.java" value="C:\Project\JDK\jdk-17/bin/java.exe" />
    <property name="ide/libs.json_simple.dir" value="C:\Project\github\javavscode\netbeans\nbbuild\netbeans/ide" />
    <property name="ide/libs.jaxb.dir" value="C:\Project\github\javavscode\netbeans\nbbuild\netbeans/ide" />
    <property name="ide/api.java.classpath.dir" value="C:\Project\github\javavscode\netbeans\nbbuild\netbeans/ide" />
    <property name="nb.cluster.jira.dir" value="extra" />
    <property name="nb.cluster.stableuc.depends" value="nb.cluster.rust,nb.cluster.harness,nb.cluster.bootstrap,nb.cluster.platform,nb.cluster.ide,nb.cluster.extide,nb.cluster.websvccommon,nb.cluster.java,nb.cluster.javafx,nb.cluster.profiler,nb.cluster.3rdparty,nb.cluster.nb,nb.cluster.apisupport,nb.cluster.webcommon,nb.cluster.php,nb.cluster.groovy,nb.cluster.enterprise,nb.cluster.cpplite,nb.cluster.ergonomics" />
    <property name="html.editor.lib.dir" value="C:\Project\github\javavscode\netbeans\nbbuild\netbeans/ide" />
    <property name="ide/spi.palette.dir" value="C:\Project\github\javavscode\netbeans\nbbuild\netbeans/ide" />
    <property name="profiler.nbimpl.dir" value="C:\Project\github\javavscode\netbeans\nbbuild\netbeans/profiler" />
    <property name="api.web.webmodule.dir" value="C:\Project\github\javavscode\netbeans\nbbuild\netbeans/enterprise" />
    <property name="clusters.config.stableuc.list" value="nb.cluster.rust,nb.cluster.harness,nb.cluster.bootstrap,nb.cluster.platform,nb.cluster.ide,nb.cluster.extide,nb.cluster.websvccommon,nb.cluster.java,nb.cluster.javafx,nb.cluster.profiler,nb.cluster.3rdparty,nb.cluster.nb,nb.cluster.apisupport,nb.cluster.webcommon,nb.cluster.php,nb.cluster.groovy,nb.cluster.enterprise,nb.cluster.cpplite,nb.cluster.ergonomics,nb.cluster.jira,nb.cluster.team,nb.cluster.stableuc" />
    <property name="ide/o.eclipse.jgit.lfs.dir" value="C:\Project\github\javavscode\netbeans\nbbuild\netbeans/ide" />
    <property name="platform/autoupdate.ui.dir" value="C:\Project\github\javavscode\netbeans\nbbuild\netbeans/platform" />
    <property name="mylyn.util.dir" value="C:\Project\github\javavscode\netbeans\nbbuild\netbeans/ide" />
    <property name="enterprise/jakartaee9.platform.dir" value="C:\Project\github\javavscode\netbeans\nbbuild\netbeans/enterprise" />
    <property name="projectimport.eclipse.web.dir" value="C:\Project\github\javavscode\netbeans\nbbuild\netbeans/enterprise" />
    <property name="ide/editor.indent.dir" value="C:\Project\github\javavscode\netbeans\nbbuild\netbeans/ide" />
    <property name="libs.javafx.linux.dir" value="C:\Project\github\javavscode\netbeans\nbbuild\netbeans/extra" />
    <property name="webcommon/javascript2.doc.dir" value="C:\Project\github\javavscode\netbeans\nbbuild\netbeans/webcommon" />
    <property name="ide/project.libraries.ui.dir" value="C:\Project\github\javavscode\netbeans\nbbuild\netbeans/ide" />
    <property name="parsing.api.dir" value="C:\Project\github\javavscode\netbeans\nbbuild\netbeans/ide" />
    <property name="junit.ant.dir" value="C:\Project\github\javavscode\netbeans\nbbuild\netbeans/java" />
    <property name="ide/spellchecker.kit.dir" value="C:\Project\github\javavscode\netbeans\nbbuild\netbeans/ide" />
    <property name="ide/httpserver.dir" value="C:\Project\github\javavscode\netbeans\nbbuild\netbeans/ide" />
    <property name="is.regular" value="true" />
    <property name="platform/libs.asm.dir" value="C:\Project\github\javavscode\netbeans\nbbuild\netbeans/platform" />
    <property name="java/java.j2semodule.dir" value="C:\Project\github\javavscode\netbeans\nbbuild\netbeans/java" />
    <property name="php.kit.dir" value="C:\Project\github\javavscode\netbeans\nbbuild\netbeans/php" />
    <property name="derby.dir" value="C:\Project\github\javavscode\netbeans\nbbuild\netbeans/ide" />
    <property name="java.metrics.dir" value="C:\Project\github\javavscode\netbeans\nbbuild\netbeans/java" />
    <property name="ide/hudson.git.dir" value="C:\Project\github\javavscode\netbeans\nbbuild\netbeans/ide" />
    <property name="nb.cluster.3rdparty.depends" value="nb.cluster.platform" />
    <property name="platform/openide.execution.dir" value="C:\Project\github\javavscode\netbeans\nbbuild\netbeans/platform" />
    <property name="ide/terminal.dir" value="C:\Project\github\javavscode\netbeans\nbbuild\netbeans/ide" />
    <property name="webcommon/html.knockout.dir" value="C:\Project\github\javavscode\netbeans\nbbuild\netbeans/webcommon" />
    <property name="print.editor.dir" value="C:\Project\github\javavscode\netbeans\nbbuild\netbeans/ide" />
    <property name="ko4j.debugging.dir" value="C:\Project\github\javavscode\netbeans\nbbuild\netbeans/java" />
    <property name="javaee.beanvalidation.dir" value="C:\Project\github\javavscode\netbeans\nbbuild\netbeans/enterprise" />
    <property name="hudson.INFOPATH" value="C:\Program Files\Git\usr\local\info;C:\Program Files\Git\usr\share\info;C:\Program Files\Git\usr\info;C:\Program Files\Git\share\info" />
    <property name="image.dir" value="C:\Project\github\javavscode\netbeans\nbbuild\netbeans/ide" />
    <property name="form.refactoring.dir" value="C:\Project\github\javavscode\netbeans\nbbuild\netbeans/java" />
    <property name="ide/languages.yaml.dir" value="C:\Project\github\javavscode\netbeans\nbbuild\netbeans/ide" />
    <property name="java.vm.info" value="mixed mode" />
    <property name="ide/hudson.tasklist.dir" value="C:\Project\github\javavscode\netbeans\nbbuild\netbeans/ide" />
    <property name="ide/tasklist.ui.dir" value="C:\Project\github\javavscode\netbeans\nbbuild\netbeans/ide" />
    <property name="java.testrunner.dir" value="C:\Project\github\javavscode\netbeans\nbbuild\netbeans/java" />
    <property name="php.editor.dir" value="C:\Project\github\javavscode\netbeans\nbbuild\netbeans/php" />
    <property name="module.classpath" value="C:\Project\github\javavscode\netbeans\nbbuild\netbeans\ide\modules\com-google-gson.jar:C:\Project\github\javavscode\netbeans\ide\c.google.gson\external\gson-2.8.9.jar:C:\Project\github\javavscode\netbeans\nbbuild\netbeans\platform\modules\net-java-html.jar:C:\Project\github\javavscode\netbeans\platform\net.java.html\external\net.java.html-1.8.1.jar:C:\Project\github\javavscode\netbeans\nbbuild\netbeans\platform\modules\net-java-html-boot.jar:C:\Project\github\javavscode\netbeans\platform\net.java.html.boot\external\net.java.html.boot-1.8.1.jar:C:\Project\github\javavscode\netbeans\nbbuild\netbeans\platform\modules\net-java-html-json.jar:C:\Project\github\javavscode\netbeans\platform\net.java.html.json\external\net.java.html.json-1.8.1.jar:C:\Project\github\javavscode\netbeans\nbbuild\build\public-package-jars\org-apache-commons-commons_io.jar:C:\Project\github\javavscode\netbeans\nbbuild\netbeans\platform\modules\org-apache-commons-lang3.jar:C:\Project\github\javavscode\netbeans\platform\o.apache.commons.lang3\external\commons-lang3-3.14.0.jar:C:\Project\github\javavscode\netbeans\nbbuild\build\public-package-jars\org-netbeans-api-annotations-common.jar:C:\Project\github\javavscode\netbeans\nbbuild\build\public-package-jars\org-netbeans-api-debugger.jar:C:\Project\github\javavscode\netbeans\nbbuild\build\public-package-jars\org-netbeans-api-debugger-jpda.jar:C:\Project\github\javavscode\netbeans\nbbuild\build\public-package-jars\org-netbeans-api-htmlui.jar:C:\Project\github\javavscode\netbeans\nbbuild\build\public-package-jars\org-netbeans-api-io.jar:C:\Project\github\javavscode\netbeans\nbbuild\build\public-package-jars\org-netbeans-api-java.jar:C:\Project\github\javavscode\netbeans\nbbuild\build\public-package-jars\org-netbeans-api-java-classpath.jar:C:\Project\github\javavscode\netbeans\nbbuild\build\public-package-jars\org-netbeans-api-lsp.jar:C:\Project\github\javavscode\netbeans\nbbuild\build\public-package-jars\org-netbeans-api-progress.jar:C:\Project\github\javavscode\netbeans\nbbuild\build\public-package-jars\org-netbeans-api-templates.jar:C:\Project\github\javavscode\netbeans\nbbuild\netbeans\platform\modules\org-netbeans-html-presenters-spi.jar:C:\Project\github\javavscode\netbeans\platform\o.n.html.presenters.spi\external\generic-1.8.1.jar:C:\Project\github\javavscode\netbeans\nbbuild\build\public-package-jars\org-netbeans-libs-flexmark.jar:C:\Project\github\javavscode\netbeans\nbbuild\build\public-package-jars\org-netbeans-libs-javacapi.jar:C:\Project\github\javavscode\netbeans\nbbuild\build\public-package-jars\org-netbeans-modules-csl-api.jar:C:\Project\github\javavscode\netbeans\nbbuild\build\public-package-jars\org-netbeans-modules-csl-types.jar:C:\Project\github\javavscode\netbeans\nbbuild\build\public-package-jars\org-netbeans-modules-db.jar:C:\Project\github\javavscode\netbeans\nbbuild\build\public-package-jars\org-netbeans-modules-debugger-jpda-truffle.jar:C:\Project\github\javavscode\netbeans\nbbuild\build\public-package-jars\org-netbeans-modules-editor.jar:C:\Project\github\javavscode\netbeans\nbbuild\build\public-package-jars\org-netbeans-modules-editor-codetemplates.jar:C:\Project\github\javavscode\netbeans\nbbuild\build\public-package-jars\org-netbeans-modules-editor-document.jar:C:\Project\github\javavscode\netbeans\nbbuild\build\public-package-jars\org-netbeans-modules-editor-indent.jar:C:\Project\github\javavscode\netbeans\nbbuild\build\public-package-jars\org-netbeans-modules-editor-lib.jar:C:\Project\github\javavscode\netbeans\nbbuild\build\public-package-jars\org-netbeans-modules-editor-lib2.jar:C:\Project\github\javavscode\netbeans\nbbuild\build\public-package-jars\org-netbeans-modules-editor-mimelookup.jar:C:\Project\github\javavscode\netbeans\nbbuild\build\public-package-jars\org-netbeans-modules-editor-util.jar:C:\Project\github\javavscode\netbeans\nbbuild\build\public-package-jars\org-netbeans-modules-extexecution.jar:C:\Project\github\javavscode\netbeans\nbbuild\build\public-package-jars\org-netbeans-modules-extexecution-base.jar:C:\Project\github\javavscode\netbeans\nbbuild\build\public-package-jars\org-netbeans-modules-gototest.jar:C:\Project\github\javavscode\netbeans\nbbuild\build\public-package-jars\org-netbeans-modules-gsf-testrunner.jar:C:\Project\github\javavscode\netbeans\nbbuild\build\public-package-jars\org-netbeans-modules-gsf-testrunner-ui.jar:C:\Project\github\javavscode\netbeans\nbbuild\netbeans\java\modules\org-netbeans-modules-java-completion.jar:C:\Project\github\javavscode\netbeans\nbbuild\netbeans\java\modules\org-netbeans-modules-java-editor.jar:C:\Project\github\javavscode\netbeans\nbbuild\netbeans\java\modules\org-netbeans-modules-java-editor-base.jar:C:\Project\github\javavscode\netbeans\nbbuild\build\public-package-jars\org-netbeans-modules-java-file-launcher.jar:C:\Project\github\javavscode\netbeans\nbbuild\netbeans\java\modules\org-netbeans-modules-java-hints.jar:C:\Project\github\javavscode\netbeans\nbbuild\build\public-package-jars\org-netbeans-modules-java-hints-legacy-spi.jar:C:\Project\github\javavscode\netbeans\nbbuild\build\public-package-jars\org-netbeans-modules-java-lexer.jar:C:\Project\github\javavscode\netbeans\nbbuild\build\public-package-jars\org-netbeans-modules-java-nativeimage-debugger.jar:C:\Project\github\javavscode\netbeans\nbbuild\build\public-package-jars\org-netbeans-modules-java-project.jar:C:\Project\github\javavscode\netbeans\nbbuild\netbeans\java\modules\org-netbeans-modules-java-source.jar:C:\Project\github\javavscode\netbeans\nbbuild\netbeans\java\modules\org-netbeans-modules-java-source-base.jar:C:\Project\github\javavscode\netbeans\nbbuild\netbeans\java\modules\org-netbeans-modules-java-sourceui.jar:C:\Project\github\javavscode\netbeans\nbbuild\build\public-package-jars\org-netbeans-modules-java-testrunner-ui.jar:C:\Project\github\javavscode\netbeans\nbbuild\build\public-package-jars\org-netbeans-modules-javascript2-debug.jar:C:\Project\github\javavscode\netbeans\nbbuild\build\public-package-jars\org-netbeans-modules-jumpto.jar:C:\Project\github\javavscode\netbeans\nbbuild\build\public-package-jars\org-netbeans-modules-lexer.jar:C:\Project\github\javavscode\netbeans\nbbuild\build\public-package-jars\org-netbeans-modules-nativeimage-api.jar:C:\Project\github\javavscode\netbeans\nbbuild\netbeans\ide\modules\org-netbeans-modules-parsing-api.jar:C:\Project\github\javavscode\netbeans\nbbuild\netbeans\ide\modules\org-netbeans-modules-parsing-indexing.jar:C:\Project\github\javavscode\netbeans\nbbuild\build\public-package-jars\org-netbeans-modules-parsing-lucene.jar:C:\Project\github\javavscode\netbeans\nbbuild\build\public-package-jars\org-netbeans-modules-projectapi.jar:C:\Project\github\javavscode\netbeans\nbbuild\netbeans\ide\modules\org-netbeans-modules-projectuiapi.jar:C:\Project\github\javavscode\netbeans\nbbuild\build\public-package-jars\org-netbeans-modules-projectuiapi-base.jar:C:\Project\github\javavscode\netbeans\nbbuild\build\public-package-jars\org-netbeans-modules-queries.jar:C:\Project\github\javavscode\netbeans\nbbuild\netbeans\ide\modules\org-netbeans-modules-refactoring-api.jar:C:\Project\github\javavscode\netbeans\nbbuild\netbeans\java\modules\org-netbeans-modules-refactoring-java.jar:C:\Project\github\javavscode\netbeans\nbbuild\build\public-package-jars\org-netbeans-modules-sendopts.jar:C:\Project\github\javavscode\netbeans\nbbuild\build\public-package-jars\org-netbeans-spi-debugger-ui.jar:C:\Project\github\javavscode\netbeans\nbbuild\build\public-package-jars\org-netbeans-spi-editor-hints.jar:C:\Project\github\javavscode\netbeans\nbbuild\netbeans\java\modules\org-netbeans-spi-java-hints.jar:C:\Project\github\javavscode\netbeans\nbbuild\build\public-package-jars\org-netbeans-spi-viewmodel.jar:C:\Project\github\javavscode\netbeans\nbbuild\build\public-package-jars\org-openide-awt.jar:C:\Project\github\javavscode\netbeans\nbbuild\build\public-package-jars\org-openide-dialogs.jar:C:\Project\github\javavscode\netbeans\nbbuild\build\public-package-jars\org-openide-explorer.jar:C:\Project\github\javavscode\netbeans\nbbuild\build\public-package-jars\org-openide-filesystems.jar:C:\Project\github\javavscode\netbeans\nbbuild\build\public-package-jars\org-openide-io.jar:C:\Project\github\javavscode\netbeans\nbbuild\build\public-package-jars\org-openide-loaders.jar:C:\Project\github\javavscode\netbeans\nbbuild\build\public-package-jars\org-openide-modules.jar:C:\Project\github\javavscode\netbeans\nbbuild\build\public-package-jars\org-openide-nodes.jar:C:\Project\github\javavscode\netbeans\nbbuild\build\public-package-jars\org-openide-text.jar:C:\Project\github\javavscode\netbeans\nbbuild\build\public-package-jars\org-openide-util.jar:C:\Project\github\javavscode\netbeans\nbbuild\build\public-package-jars\org-openide-util-lookup.jar:C:\Project\github\javavscode\netbeans\nbbuild\build\public-package-jars\org-openide-util-ui.jar:C:\Project\github\javavscode\netbeans\java\java.lsp.server\external\org.eclipse.lsp4j.debug-0.13.0.jar:C:\Project\github\javavscode\netbeans\java\java.lsp.server\external\org.eclipse.xtend.lib.macro-2.24.0.jar:C:\Project\github\javavscode\netbeans\java\java.lsp.server\external\org.eclipse.lsp4j.generator-0.13.0.jar:C:\Project\github\javavscode\netbeans\java\java.lsp.server\external\org.eclipse.lsp4j.jsonrpc-0.13.0.jar:C:\Project\github\javavscode\netbeans\java\java.lsp.server\external\org.eclipse.lsp4j.jsonrpc.debug-0.13.0.jar:C:\Project\github\javavscode\netbeans\java\java.lsp.server\external\org.eclipse.xtend.lib-2.24.0.jar:C:\Project\github\javavscode\netbeans\java\java.lsp.server\external\org.eclipse.xtext.xbase.lib-2.24.0.jar:C:\Project\github\javavscode\netbeans\java\java.lsp.server\external\org.eclipse.lsp4j-0.13.0.jar" />
    <property name="nb.cluster.javafx.depends" value="nb.cluster.ide,nb.cluster.extide,nb.cluster.platform,nb.cluster.java,nb.cluster.websvccommon,nb.cluster.harness" />
    <property name="libs.jna.platform.dir" value="C:\Project\github\javavscode\netbeans\nbbuild\netbeans/platform" />
    <property name="sun.jnu.encoding" value="Cp1252" />
    <property name="hudson.COMMONPROGRAMFILES" value="C:\Program Files\Common Files" />
    <property name="extexecution.base.dir" value="C:\Project\github\javavscode\netbeans\nbbuild\netbeans/ide" />
    <property name="java/hudson.ant.dir" value="C:\Project\github\javavscode\netbeans\nbbuild\netbeans/java" />
    <property name="java/maven.graph.dir" value="C:\Project\github\javavscode\netbeans\nbbuild\netbeans/java" />
    <property name="java.navigation.dir" value="C:\Project\github\javavscode\netbeans\nbbuild\netbeans/java" />
    <property name="javascript.nodejs.dir" value="C:\Project\github\javavscode\netbeans\nbbuild\netbeans/webcommon" />
    <property name="nb.cluster.bootstrap.dir" value="platform" />
    <property name="enterprise/j2ee.earproject.dir" value="C:\Project\github\javavscode\netbeans\nbbuild\netbeans/enterprise" />
    <property name="nb.cluster.nb" value="autoupdate.pluginimporter,bugzilla.exceptionreporter,deadlock.detector,ide.branding,ide.branding.kit,o.n.upgrader,uihandler.exceptionreporter,updatecenters,welcome" />
    <property name="javascript2.jquery.dir" value="C:\Project\github\javavscode\netbeans\nbbuild\netbeans/webcommon" />
    <property name="cpplite/cpplite.editor.dir" value="C:\Project\github\javavscode\netbeans\nbbuild\netbeans/cpplite" />
    <property name="extra.test.libs.short" value="${extra.test.libs.dir}/gson-2.8.9.jar:\&#xa;${extra.test.libs.dir}/net.java.html-1.8.1.jar:\&#xa;${extra.test.libs.dir}/net.java.html.boot-1.8.1.jar:\&#xa;${extra.test.libs.dir}/net.java.html.json-1.8.1.jar:\&#xa;${extra.test.libs.dir}/commons-io-2.15.1.jar:\&#xa;${extra.test.libs.dir}/commons-codec-1.16.0.jar:\&#xa;${extra.test.libs.dir}/commons-logging-1.3.0.jar:\&#xa;${extra.test.libs.dir}/commons-lang3-3.14.0.jar:\&#xa;${extra.test.libs.dir}/ko4j-1.8.1.jar:\&#xa;${extra.test.libs.dir}/xhr4j-1.8.1.jar:\&#xa;${extra.test.libs.dir}/asm-9.6.jar:\&#xa;${extra.test.libs.dir}/asm-tree-9.6.jar:\&#xa;${extra.test.libs.dir}/asm-commons-9.6.jar:\&#xa;${extra.test.libs.dir}/generic-1.8.1.jar:\&#xa;${extra.test.libs.dir}/flexmark-html2md-converter-0.64.8.jar:\&#xa;${extra.test.libs.dir}/jsoup-1.15.4.jar:\&#xa;${extra.test.libs.dir}/flexmark-util-ast-0.64.8.jar:\&#xa;${extra.test.libs.dir}/flexmark-util-builder-0.64.8.jar:\&#xa;${extra.test.libs.dir}/flexmark-util-collection-0.64.8.jar:\&#xa;${extra.test.libs.dir}/flexmark-util-data-0.64.8.jar:\&#xa;${extra.test.libs.dir}/flexmark-util-dependency-0.64.8.jar:\&#xa;${extra.test.libs.dir}/flexmark-util-format-0.64.8.jar:\&#xa;${extra.test.libs.dir}/flexmark-util-html-0.64.8.jar:\&#xa;${extra.test.libs.dir}/flexmark-util-misc-0.64.8.jar:\&#xa;${extra.test.libs.dir}/flexmark-util-sequence-0.64.8.jar:\&#xa;${extra.test.libs.dir}/flexmark-util-visitor-0.64.8.jar:\&#xa;${extra.test.libs.dir}/flexmark-ext-emoji-0.64.8.jar:\&#xa;${extra.test.libs.dir}/flexmark-ext-anchorlink-0.64.8.jar:\&#xa;${extra.test.libs.dir}/flexmark-ext-tables-0.64.8.jar:\&#xa;${extra.test.libs.dir}/flexmark-0.64.8.jar:\&#xa;${extra.test.libs.dir}/flexmark-ext-gfm-tasklist-0.64.8.jar:\&#xa;${extra.test.libs.dir}/nb-javac-jdk-22+33-api.jar:\&#xa;${extra.test.libs.dir}/nb-javac-jdk-22+33.jar:\&#xa;${extra.test.libs.dir}/lucene-core-3.6.2.jar:\&#xa;${extra.test.libs.dir}/jhall-2.0_05.jar:\&#xa;${extra.test.libs.dir}/resolver-1.2.jar:\&#xa;${extra.test.libs.dir}/graal-sdk-20.3.0.jar:\&#xa;${extra.test.libs.dir}/launcher-common-20.3.0.jar:\&#xa;${extra.test.libs.dir}/truffle-api-20.3.0.jar:\&#xa;${extra.test.libs.dir}/guava-32.1.2-jre.jar:\&#xa;${extra.test.libs.dir}/org.eclipse.lsp4j.debug-0.13.0.jar:\&#xa;${extra.test.libs.dir}/org.eclipse.xtend.lib.macro-2.24.0.jar:\&#xa;${extra.test.libs.dir}/org.eclipse.lsp4j.generator-0.13.0.jar:\&#xa;${extra.test.libs.dir}/org.eclipse.lsp4j.jsonrpc-0.13.0.jar:\&#xa;${extra.test.libs.dir}/org.eclipse.lsp4j.jsonrpc.debug-0.13.0.jar:\&#xa;${extra.test.libs.dir}/org.eclipse.xtend.lib-2.24.0.jar:\&#xa;${extra.test.libs.dir}/org.eclipse.xtext.xbase.lib-2.24.0.jar:\&#xa;${extra.test.libs.dir}/org.eclipse.lsp4j-0.13.0.jar" />
    <property name="java.hints.test.dir" value="C:\Project\github\javavscode\netbeans\nbbuild\netbeans/java" />
    <property name="clusters.config.cpplite.list" value="nb.cluster.harness,nb.cluster.bootstrap,nb.cluster.platform,nb.cluster.ide,nb.cluster.cpplite,nb.cluster.nb" />
    <property name="spellchecker.dir" value="C:\Project\github\javavscode\netbeans\nbbuild\netbeans/ide" />
    <property name="api.xml.dir" value="C:\Project\github\javavscode\netbeans\nbbuild\netbeans/ide" />
    <property name="nb.cluster.enterprise.dir" value="enterprise" />
    <property name="web.refactoring.dir" value="C:\Project\github\javavscode\netbeans\nbbuild\netbeans/enterprise" />
    <property name="ant.file.projectized-common" value="C:\Project\github\javavscode\netbeans\nbbuild\templates\common.xml" />
    <property name="release.external/org.eclipse.xtext.xbase.lib-2.24.0.jar" value="modules/ext/org.eclipse.xtext.xbase.lib-2.24.0.jar" />
    <property name="file.separator" value="\" />
    <property name="java/editor.htmlui.dir" value="C:\Project\github\javavscode\netbeans\nbbuild\netbeans/java" />
    <property name="php/spellchecker.bindings.php.dir" value="C:\Project\github\javavscode\netbeans\nbbuild\netbeans/php" />
    <property name="csl.types.dir" value="C:\Project\github\javavscode\netbeans\nbbuild\netbeans/ide" />
    <property name="build.test.qa-functional.classes.dir" value="C:\Project\github\javavscode\netbeans\java\java.lsp.server\build\test\qa-functional\classes" />
    <property name="c.jcraft.jsch.dir" value="C:\Project\github\javavscode\netbeans\nbbuild\netbeans/ide" />
    <property name="nb.cluster.webcommon" value="api.knockout,cordova,cordova.platforms,cordova.platforms.android,extbrowser.chrome,html.angular,html.knockout,javascript.bower,javascript.cdnjs,javascript.grunt,javascript.gulp,javascript.jstestdriver,javascript.karma,javascript.nodejs,javascript.v8debug,javascript.v8debug.ui,javascript2.doc,javascript2.editor,javascript2.extdoc,javascript2.extjs,javascript2.html,javascript2.jade,javascript2.jquery,javascript2.jsdoc,javascript2.json,javascript2.kit,javascript2.knockout,javascript2.lexer,javascript2.model,javascript2.nodejs,javascript2.prototypejs,javascript2.react,javascript2.requirejs,javascript2.sdoc,javascript2.source.query,javascript2.types,languages.apacheconf,languages.ini,lib.v8debug,libs.graaljs,libs.jstestdriver,libs.nashorn,libs.plist,netserver,selenium2.webclient,selenium2.webclient.mocha,selenium2.webclient.protractor,typescript.editor,web.client.kit,web.client.samples,web.clientproject,web.clientproject.api,web.inspect,web.javascript.debugger,web.webkit.tooling" />
    <property name="exists.test.unit.data" value="true" />
    <property name="platform/libs.junit4.dir" value="C:\Project\github\javavscode\netbeans\nbbuild\netbeans/platform" />
    <property name="ide/extexecution.base.dir" value="C:\Project\github\javavscode\netbeans\nbbuild\netbeans/ide" />
    <property name="java/spi.java.hints.dir" value="C:\Project\github\javavscode\netbeans\nbbuild\netbeans/java" />
    <property name="test.unit.run.cp.short" value="${netbeans.dest.dir}/ide/modules/com-google-gson.jar:\&#xa;${netbeans.dest.dir}/ide/modules/com-google-guava.jar:\&#xa;${netbeans.dest.dir}/platform/lib/boot.jar:\&#xa;${netbeans.dest.dir}/platform/core/core.jar:\&#xa;${netbeans.dest.dir}/platform/modules/org-netbeans-core-windows.jar:\&#xa;${netbeans.dest.dir}/ide/modules/org-netbeans-libs-freemarker.jar:\&#xa;${netbeans.dest.dir}/platform/modules/org-netbeans-libs-junit4.jar:\&#xa;${netbeans.dest.dir}/platform/modules/org-openide-io.jar:\&#xa;${netbeans.dest.dir}/ide/modules/org-netbeans-modules-options-editor.jar:\&#xa;${netbeans.dest.dir}/ide/modules/org-netbeans-modules-projectuiapi-base.jar:\&#xa;${netbeans.dest.dir}/platform/modules/org-netbeans-api-progress.jar:\&#xa;${netbeans.dest.dir}/ide/modules/org-netbeans-modules-editor-settings-storage.jar:\&#xa;${netbeans.dest.dir}/ide/modules/org-netbeans-api-xml.jar:\&#xa;${netbeans.dest.dir}/platform/lib/org-openide-util-ui.jar:\&#xa;${netbeans.dest.dir}/java/modules/org-netbeans-libs-javacapi.jar:\&#xa;${netbeans.dest.dir}/ide/modules/org-netbeans-modules-editor-fold.jar:\&#xa;${netbeans.dest.dir}/ide/modules/org-apache-xml-resolver.jar:\&#xa;${netbeans.dest.dir}/platform/modules/org-netbeans-swing-plaf.jar:\&#xa;${netbeans.dest.dir}/ide/modules/org-netbeans-modules-editor-fold-nbui.jar:\&#xa;${netbeans.dest.dir}/ide/modules/org-netbeans-modules-editor-settings-lib.jar:\&#xa;${netbeans.dest.dir}/ide/modules/org-netbeans-modules-editor-document.jar:\&#xa;${netbeans.dest.dir}/platform/core/org-netbeans-libs-asm.jar:\&#xa;${netbeans.dest.dir}/platform/modules/org-openide-text.jar:\&#xa;${netbeans.dest.dir}/java/modules/org-netbeans-api-java.jar:\&#xa;${netbeans.dest.dir}/ide/modules/org-netbeans-modules-xml-catalog.jar:\&#xa;${netbeans.dest.dir}/platform/modules/org-netbeans-modules-options-api.jar:\&#xa;${netbeans.dest.dir}/platform/lib/org-openide-modules.jar:\&#xa;${netbeans.dest.dir}/ide/modules/org-netbeans-modules-editor-guards.jar:\&#xa;${netbeans.dest.dir}/platform/modules/org-openide-filesystems-nb.jar:\&#xa;${netbeans.dest.dir}/ide/modules/org-netbeans-spi-tasklist.jar:\&#xa;${netbeans.dest.dir}/platform/modules/org-netbeans-modules-keyring.jar:\&#xa;${netbeans.dest.dir}/platform/modules/org-netbeans-modules-options-keymap.jar:\&#xa;${netbeans.dest.dir}/java/modules/org-netbeans-lib-nbjavac.jar:\&#xa;${netbeans.dest.dir}/ide/modules/org-netbeans-modules-project-indexingbridge.jar:\&#xa;${netbeans.dest.dir}/ide/modules/org-netbeans-modules-diff.jar:\&#xa;${netbeans.dest.dir}/platform/modules/org-netbeans-api-templates.jar:\&#xa;${netbeans.dest.dir}/ide/modules/org-netbeans-modules-project-spi-intern.jar:\&#xa;${netbeans.dest.dir}/platform/modules/org-netbeans-modules-queries.jar:\&#xa;${netbeans.dest.dir}/ide/modules/org-netbeans-api-java-classpath.jar:\&#xa;${netbeans.dest.dir}/ide/modules/org-netbeans-modules-lexer.jar:\&#xa;${netbeans.dest.dir}/platform/lib/org-openide-util-lookup.jar:\&#xa;${netbeans.dest.dir}/ide/modules/org-netbeans-modules-project-ant.jar:\&#xa;${netbeans.dest.dir}/java/modules/org-netbeans-modules-java-platform.jar:\&#xa;${netbeans.dest.dir}/platform/modules/org-netbeans-modules-editor-mimelookup.jar:\&#xa;${netbeans.dest.dir}/java/modules/org-netbeans-modules-java-lexer.jar:\&#xa;${netbeans.dest.dir}/platform/modules/org-netbeans-api-annotations-common.jar:\&#xa;${netbeans.dest.dir}/platform/modules/org-netbeans-core.jar:\&#xa;${netbeans.dest.dir}/ide/modules/org-netbeans-modules-refactoring-api.jar:\&#xa;${netbeans.dest.dir}/ide/modules/org-netbeans-modules-editor-util.jar:\&#xa;${netbeans.dest.dir}/java/modules/org-netbeans-modules-classfile.jar:\&#xa;${netbeans.dest.dir}/platform/lib/org-openide-util.jar:\&#xa;${netbeans.dest.dir}/platform/modules/org-netbeans-spi-quicksearch.jar:\&#xa;${netbeans.dest.dir}/ide/modules/org-netbeans-modules-parsing-indexing.jar:\&#xa;${netbeans.dest.dir}/platform/modules/org-openide-windows.jar:\&#xa;${netbeans.dest.dir}/ide/modules/org-netbeans-modules-editor-errorstripe-api.jar:\&#xa;${netbeans.dest.dir}/java/modules/org-netbeans-modules-java-project.jar:\&#xa;${netbeans.dest.dir}/platform/modules/org-netbeans-modules-masterfs.jar:\&#xa;${netbeans.dest.dir}/ide/modules/org-netbeans-libs-lucene.jar:\&#xa;${netbeans.dest.dir}/ide/modules/org-netbeans-modules-editor-indent.jar:\&#xa;${netbeans.dest.dir}/platform/modules/org-openide-explorer.jar:\&#xa;${netbeans.dest.dir}/java/modules/org-netbeans-modules-java-preprocessorbridge.jar:\&#xa;${netbeans.dest.dir}/platform/modules/org-netbeans-modules-sampler.jar:\&#xa;${netbeans.dest.dir}/java/modules/org-netbeans-api-debugger-jpda.jar:\&#xa;${netbeans.dest.dir}/ide/modules/org-netbeans-modules-editor-lib.jar:\&#xa;${netbeans.dest.dir}/ide/modules/org-netbeans-modules-project-libraries.jar:\&#xa;${netbeans.dest.dir}/platform/modules/org-openide-dialogs.jar:\&#xa;${netbeans.dest.dir}/ide/modules/org-netbeans-modules-projectapi.jar:\&#xa;${netbeans.dest.dir}/platform/core/org-openide-filesystems.jar:\&#xa;${netbeans.dest.dir}/ide/modules/org-netbeans-modules-editor-errorstripe.jar:\&#xa;${netbeans.dest.dir}/platform/modules/org-openide-awt.jar:\&#xa;${netbeans.dest.dir}/platform/modules/org-netbeans-api-scripting.jar:\&#xa;${netbeans.dest.dir}/platform/modules/org-netbeans-swing-tabcontrol.jar:\&#xa;${netbeans.dest.dir}/java/modules/org-netbeans-modules-debugger-jpda-projects.jar:\&#xa;${netbeans.dest.dir}/platform/modules/org-openide-actions.jar:\&#xa;${netbeans.dest.dir}/ide/modules/org-netbeans-modules-parsing-lucene.jar:\&#xa;${netbeans.dest.dir}/java/modules/org-netbeans-modules-java-source-base.jar:\&#xa;${netbeans.dest.dir}/ide/modules/org-netbeans-modules-editor-settings.jar:\&#xa;${netbeans.dest.dir}/platform/modules/org-netbeans-api-io.jar:\&#xa;${netbeans.dest.dir}/ide/modules/org-netbeans-modules-editor.jar:\&#xa;${netbeans.dest.dir}/platform/modules/org-openide-loaders.jar:\&#xa;${netbeans.dest.dir}/platform/modules/org-netbeans-api-intent.jar:\&#xa;${netbeans.dest.dir}/ide/modules/org-netbeans-api-lsp.jar:\&#xa;${netbeans.dest.dir}/platform/modules/org-openide-nodes.jar:\&#xa;${netbeans.dest.dir}/ide/modules/org-netbeans-modules-editor-lib2.jar:\&#xa;${netbeans.dest.dir}/platform/modules/org-netbeans-swing-outline.jar:\&#xa;${netbeans.dest.dir}/platform/core/core-base.jar:\&#xa;${netbeans.dest.dir}/platform/modules/org-netbeans-api-progress-nb.jar:\&#xa;${netbeans.dest.dir}/ide/modules/org-netbeans-api-debugger.jar:\&#xa;${netbeans.dest.dir}/ide/modules/org-netbeans-modules-parsing-api.jar:\&#xa;${netbeans.dest.dir}/ide/modules/org-netbeans-modules-editor-actions.jar:\&#xa;${netbeans.dest.dir}/platform/modules/org-netbeans-modules-editor-mimelookup-impl.jar:\&#xa;${netbeans.dest.dir}/ide/modules/org-netbeans-modules-editor-tools-storage.jar:\&#xa;${netbeans.dest.dir}/ide/modules/org-netbeans-modules-extexecution-process.jar:\&#xa;${netbeans.dest.dir}/platform/modules/org-netbeans-libs-jna.jar:\&#xa;${netbeans.dest.dir}/ide/modules/org-netbeans-modules-extexecution-base.jar:\&#xa;${netbeans.dest.dir}/ide/modules/org-netbeans-modules-extexecution-process-jdk9.jar:\&#xa;${netbeans.dest.dir}/java/modules/org-netbeans-modules-java-hints-declarative.jar:\&#xa;${netbeans.dest.dir}/java/modules/org-netbeans-modules-java-j2seplatform.jar:\&#xa;${netbeans.dest.dir}/extide/modules/org-netbeans-modules-options-java.jar:\&#xa;${netbeans.dest.dir}/platform/modules/org-netbeans-modules-autoupdate-services.jar:\&#xa;${netbeans.dest.dir}/ide/modules/org-netbeans-modules-extexecution.jar:\&#xa;${netbeans.dest.dir}/ide/modules/org-netbeans-modules-project-ant-ui.jar:\&#xa;${netbeans.dest.dir}/java/modules/org-netbeans-modules-java-platform-ui.jar:\&#xa;${netbeans.dest.dir}/platform/modules/org-netbeans-api-search.jar:\&#xa;${netbeans.dest.dir}/java/modules/org-netbeans-modules-java-openjdk-project.jar:\&#xa;${netbeans.dest.dir}/ide/modules/org-netbeans-spi-navigator.jar:\&#xa;${netbeans.dest.dir}/java/modules/org-netbeans-spi-java-hints.jar:\&#xa;${netbeans.dest.dir}/ide/modules/org-netbeans-api-xml-ui.jar:\&#xa;${netbeans.dest.dir}/platform/modules/org-openide-execution.jar:\&#xa;${netbeans.dest.dir}/java/modules/org-netbeans-modules-java-sourceui.jar:\&#xa;${netbeans.dest.dir}/ide/modules/org-netbeans-modules-projectuiapi.jar:\&#xa;${netbeans.dest.dir}/ide/modules/org-netbeans-modules-project-libraries-ui.jar:\&#xa;${netbeans.dest.dir}/ide/modules/org-netbeans-modules-gsf-testrunner-ui.jar:\&#xa;${netbeans.dest.dir}/java/modules/org-netbeans-modules-java-source.jar:\&#xa;${netbeans.dest.dir}/java/modules/org-netbeans-modules-java-testrunner-ui.jar:\&#xa;${netbeans.dest.dir}/java/modules/org-netbeans-modules-java-testrunner.jar:\&#xa;${netbeans.dest.dir}/ide/modules/org-netbeans-modules-jumpto.jar:\&#xa;${netbeans.dest.dir}/extide/modules/org-apache-tools-ant-module.jar:\&#xa;${netbeans.dest.dir}/ide/modules/org-netbeans-modules-editor-indent-project.jar:\&#xa;${netbeans.dest.dir}/ide/modules/org-netbeans-spi-editor-hints.jar:\&#xa;${netbeans.dest.dir}/platform/modules/org-netbeans-core-multiview.jar:\&#xa;${netbeans.dest.dir}/ide/modules/org-netbeans-modules-code-analysis.jar:\&#xa;${netbeans.dest.dir}/platform/modules/org-netbeans-modules-settings.jar:\&#xa;${netbeans.dest.dir}/java/modules/org-netbeans-modules-java-project-ui.jar:\&#xa;${netbeans.dest.dir}/ide/modules/org-netbeans-modules-editor-indent-support.jar:\&#xa;${netbeans.dest.dir}/ide/modules/org-netbeans-modules-gsf-testrunner.jar:\&#xa;${netbeans.dest.dir}/platform/modules/org-netbeans-core-ui.jar:\&#xa;${test.dist.dir}/unit/java/org-netbeans-modules-java-source-base/tests.jar:\&#xa;${netbeans.dest.dir}/ide/modules/org-netbeans-modules-lexer-nbbridge.jar:\&#xa;${netbeans.dest.dir}/ide/modules/org-netbeans-modules-project-dependency.jar:\&#xa;${netbeans.dest.dir}/java/modules/org-netbeans-modules-maven.jar:\&#xa;${netbeans.dest.dir}/ide/modules/org-netbeans-modules-web-common.jar:\&#xa;${netbeans.dest.dir}/platform/modules/org-apache-commons-logging.jar:\&#xa;${netbeans.dest.dir}/platform/modules/org-apache-commons-codec.jar:\&#xa;${netbeans.dest.dir}/ide/modules/org-netbeans-modules-xml-xam.jar:\&#xa;${netbeans.dest.dir}/ide/modules/org-netbeans-libs-antlr3-runtime.jar:\&#xa;${netbeans.dest.dir}/platform/modules/org-netbeans-modules-favorites.jar:\&#xa;${netbeans.dest.dir}/java/modules/org-netbeans-modules-maven-indexer-ui.jar:\&#xa;${netbeans.dest.dir}/platform/modules/org-netbeans-core-execution.jar:\&#xa;${netbeans.dest.dir}/ide/modules/org-netbeans-modules-swing-validation.jar:\&#xa;${netbeans.dest.dir}/platform/modules/org-netbeans-modules-sendopts.jar:\&#xa;${netbeans.dest.dir}/ide/modules/org-netbeans-modules-projectui.jar:\&#xa;${netbeans.dest.dir}/java/modules/org-netbeans-modules-java-api-common.jar:\&#xa;${netbeans.dest.dir}/java/modules/org-netbeans-modules-maven-embedder.jar:\&#xa;${netbeans.dest.dir}/java/modules/org-netbeans-modules-maven-model.jar:\&#xa;${netbeans.dest.dir}/ide/modules/org-netbeans-libs-json_simple.jar:\&#xa;${netbeans.dest.dir}/java/modules/org-netbeans-modules-maven-indexer.jar:\&#xa;${netbeans.dest.dir}/harness/modules/org-netbeans-insane.jar:\&#xa;${netbeans.dest.dir}/harness/modules/org-netbeans-modules-nbjunit.jar:\&#xa;${netbeans.dest.dir}/ide/modules/org-netbeans-modules-parsing-nb.jar:\&#xa;${netbeans.dest.dir}/ide/modules/org-netbeans-modules-projectapi-nb.jar:\&#xa;${netbeans.dest.dir}/ide/modules/org-netbeans-spi-editor-hints-projects.jar:\&#xa;${test.dist.dir}/unit/platform/org-openide-util-lookup/tests.jar:\&#xa;${netbeans.dest.dir}/extide/modules/org-netbeans-modules-gradle.jar:\&#xa;${netbeans.dest.dir}/ide/modules/slf4j-api.jar:\&#xa;${netbeans.dest.dir}/ide/modules/slf4j-jdk14.jar:\&#xa;${netbeans.dest.dir}/extide/modules/org-netbeans-modules-libs-gradle.jar:\&#xa;${netbeans.dest.dir}/java/modules/org-netbeans-modules-gradle-java.jar:\&#xa;${test.dist.dir}/unit/platform/org-openide-modules/tests.jar:\&#xa;${netbeans.dest.dir}/java/modules/org-netbeans-modules-java-lsp-server.jar:\&#xa;${netbeans.dest.dir}/platform/modules/net-java-html.jar:\&#xa;${netbeans.dest.dir}/platform/modules/net-java-html-boot.jar:\&#xa;${netbeans.dest.dir}/platform/modules/net-java-html-json.jar:\&#xa;${netbeans.dest.dir}/platform/modules/org-apache-commons-commons_io.jar:\&#xa;${netbeans.dest.dir}/platform/modules/org-apache-commons-lang3.jar:\&#xa;${netbeans.dest.dir}/platform/modules/org-netbeans-api-htmlui.jar:\&#xa;${netbeans.dest.dir}/platform/modules/org-netbeans-html-ko4j.jar:\&#xa;${netbeans.dest.dir}/platform/modules/org-netbeans-html-xhr4j.jar:\&#xa;${netbeans.dest.dir}/platform/modules/org-netbeans-html-presenters-spi.jar:\&#xa;${netbeans.dest.dir}/ide/modules/org-netbeans-libs-flexmark.jar:\&#xa;${netbeans.dest.dir}/ide/modules/org-netbeans-modules-csl-api.jar:\&#xa;${netbeans.dest.dir}/ide/modules/org-netbeans-modules-csl-types.jar:\&#xa;${netbeans.dest.dir}/ide/modules/org-netbeans-modules-editor-breadcrumbs.jar:\&#xa;${netbeans.dest.dir}/ide/modules/org-netbeans-modules-editor-codetemplates.jar:\&#xa;${netbeans.dest.dir}/ide/modules/org-netbeans-modules-editor-completion.jar:\&#xa;${netbeans.dest.dir}/ide/modules/org-netbeans-modules-db.jar:\&#xa;${netbeans.dest.dir}/ide/modules/ext/ddl.jar:\&#xa;${netbeans.dest.dir}/ide/modules/org-netbeans-core-ide.jar:\&#xa;${netbeans.dest.dir}/ide/modules/org-netbeans-modules-db-metadata-model.jar:\&#xa;${netbeans.dest.dir}/platform/modules/org-netbeans-modules-javahelp.jar:\&#xa;${netbeans.dest.dir}/java/modules/org-netbeans-modules-debugger-jpda-truffle.jar:\&#xa;${netbeans.dest.dir}/java/modules/org-netbeans-modules-debugger-jpda.jar:\&#xa;${netbeans.dest.dir}/java/modules/org-netbeans-modules-debugger-jpda-ui.jar:\&#xa;${netbeans.dest.dir}/platform/modules/ext/updater.jar:\&#xa;${netbeans.dest.dir}/java/modules/org-netbeans-spi-debugger-jpda-ui.jar:\&#xa;${netbeans.dest.dir}/ide/modules/org-netbeans-spi-viewmodel.jar:\&#xa;${netbeans.dest.dir}/ide/modules/org-netbeans-spi-debugger-ui.jar:\&#xa;${netbeans.dest.dir}/ide/modules/org-netbeans-modules-javascript2-debug.jar:\&#xa;${netbeans.dest.dir}/ide/modules/ext/json-simple-1.1.1.jar:\&#xa;${netbeans.dest.dir}/ide/modules/org-netbeans-libs-graalsdk.jar:\&#xa;${netbeans.dest.dir}/ide/modules/org-netbeans-libs-truffleapi.jar:\&#xa;${netbeans.dest.dir}/ide/modules/org-netbeans-modules-gototest.jar:\&#xa;${netbeans.dest.dir}/java/modules/org-netbeans-modules-java-completion.jar:\&#xa;${netbeans.dest.dir}/java/modules/org-netbeans-modules-java-editor.jar:\&#xa;${netbeans.dest.dir}/ide/modules/org-netbeans-modules-editor-bracesmatching.jar:\&#xa;${netbeans.dest.dir}/java/modules/org-netbeans-modules-java-editor-base.jar:\&#xa;${netbeans.dest.dir}/java/modules/org-netbeans-modules-refactoring-java.jar:\&#xa;${netbeans.dest.dir}/java/modules/org-netbeans-modules-java-file-launcher.jar:\&#xa;${netbeans.dest.dir}/java/modules/org-netbeans-modules-whitelist.jar:\&#xa;${netbeans.dest.dir}/java/modules/org-netbeans-modules-libs-corba-omgapi.jar:\&#xa;${netbeans.dest.dir}/java/modules/ext/corba/omgapi/glassfish-corba-omgapi.jar:\&#xa;${netbeans.dest.dir}/java/modules/org-netbeans-modules-java-hints.jar:\&#xa;${netbeans.dest.dir}/java/modules/org-netbeans-modules-java-hints-legacy-spi.jar:\&#xa;${netbeans.dest.dir}/java/modules/org-netbeans-modules-java-nativeimage-debugger.jar:\&#xa;${netbeans.dest.dir}/ide/modules/org-netbeans-modules-nativeimage-api.jar" />
    <property name="db.dir" value="C:\Project\github\javavscode\netbeans\nbbuild\netbeans/ide" />
    <property name="ide/editor.fold.nbui.dir" value="C:\Project\github\javavscode\netbeans\nbbuild\netbeans/ide" />
    <property name="editor.macros.dir" value="C:\Project\github\javavscode\netbeans\nbbuild\netbeans/ide" />
    <property name="enterprise/websvc.owsm.dir" value="C:\Project\github\javavscode\netbeans\nbbuild\netbeans/enterprise" />
    <property name="websvccommon/websvc.saas.ui.dir" value="C:\Project\github\javavscode\netbeans\nbbuild\netbeans/websvccommon" />
    <property name="javaee.specs.support.dir" value="C:\Project\github\javavscode\netbeans\nbbuild\netbeans/enterprise" />
    <property name="test.unit.out.folder" value="C:\Project\github\javavscode\netbeans\nbbuild\build\testdist\unit\java\org-netbeans-modules-java-lsp-server" />
    <property name="o.openidex.util.dir" value="C:\Project\github\javavscode\netbeans\nbbuild\netbeans/ide" />
    <property name="o.eclipse.mylyn.commons.core.dir" value="C:\Project\github\javavscode\netbeans\nbbuild\netbeans/ide" />
    <property name="java/gradle.test.dir" value="C:\Project\github\javavscode\netbeans\nbbuild\netbeans/java" />
    <property name="websvccommon/websvc.saas.kit.dir" value="C:\Project\github\javavscode\netbeans\nbbuild\netbeans/websvccommon" />
    <property name="enterprise/libs.jstl.dir" value="C:\Project\github\javavscode\netbeans\nbbuild\netbeans/enterprise" />
    <property name="dbapi.dir" value="C:\Project\github\javavscode\netbeans\nbbuild\netbeans/ide" />
    <property name="project.libraries.dir" value="C:\Project\github\javavscode\netbeans\nbbuild\netbeans/ide" />
    <property name="css.model.dir" value="C:\Project\github\javavscode\netbeans\nbbuild\netbeans/ide" />
    <property name="masterfs.linux.dir" value="C:\Project\github\javavscode\netbeans\nbbuild\netbeans/platform" />
    <property name="java.source.queries.dir" value="C:\Project\github\javavscode\netbeans\nbbuild\netbeans/java" />
    <property name="hudson.mercurial.dir" value="C:\Project\github\javavscode\netbeans\nbbuild\netbeans/ide" />
    <property name="xml.axi.dir" value="C:\Project\github\javavscode\netbeans\nbbuild\netbeans/ide" />
    <property name="java/java.module.graph.dir" value="C:\Project\github\javavscode\netbeans\nbbuild\netbeans/java" />
    <property name="ide/properties.dir" value="C:\Project\github\javavscode\netbeans\nbbuild\netbeans/ide" />
    <property name="platform/o.n.html.ko4j.dir" value="C:\Project\github\javavscode\netbeans\nbbuild\netbeans/platform" />
    <property name="module.processor.classpath" value="C:\Project\github\javavscode\netbeans\nbbuild\netbeans\ide\modules\com-google-gson.jar:C:\Project\github\javavscode\netbeans\ide\c.google.gson\external\gson-2.8.9.jar:C:\Project\github\javavscode\netbeans\ide\c.google.gson\external\gson-2.8.9.jar:C:\Project\github\javavscode\netbeans\nbbuild\netbeans\platform\modules\net-java-html.jar:C:\Project\github\javavscode\netbeans\platform\net.java.html\external\net.java.html-1.8.1.jar:C:\Project\github\javavscode\netbeans\platform\net.java.html\external\net.java.html-1.8.1.jar:C:\Project\github\javavscode\netbeans\nbbuild\netbeans\platform\modules\net-java-html-boot.jar:C:\Project\github\javavscode\netbeans\platform\net.java.html.boot\external\net.java.html.boot-1.8.1.jar:C:\Project\github\javavscode\netbeans\platform\net.java.html.boot\external\net.java.html.boot-1.8.1.jar:C:\Project\github\javavscode\netbeans\nbbuild\netbeans\platform\modules\net-java-html-json.jar:C:\Project\github\javavscode\netbeans\platform\net.java.html.json\external\net.java.html.json-1.8.1.jar:C:\Project\github\javavscode\netbeans\platform\net.java.html.json\external\net.java.html.json-1.8.1.jar:C:\Project\github\javavscode\netbeans\nbbuild\netbeans\platform\modules\org-apache-commons-commons_io.jar:C:\Project\github\javavscode\netbeans\platform\o.apache.commons.commons_io\external\commons-io-2.15.1.jar:C:\Project\github\javavscode\netbeans\platform\o.apache.commons.commons_io\external\commons-io-2.15.1.jar:C:\Project\github\javavscode\netbeans\nbbuild\netbeans\platform\modules\org-apache-commons-lang3.jar:C:\Project\github\javavscode\netbeans\platform\o.apache.commons.lang3\external\commons-lang3-3.14.0.jar:C:\Project\github\javavscode\netbeans\platform\o.apache.commons.lang3\external\commons-lang3-3.14.0.jar:C:\Project\github\javavscode\netbeans\nbbuild\netbeans\platform\modules\org-netbeans-api-annotations-common.jar:C:\Project\github\javavscode\netbeans\nbbuild\netbeans\ide\modules\org-netbeans-api-debugger.jar:C:\Project\github\javavscode\netbeans\nbbuild\netbeans\platform\modules\org-netbeans-api-annotations-common.jar:C:\Project\github\javavscode\netbeans\nbbuild\netbeans\ide\modules\org-netbeans-modules-projectapi.jar:C:\Project\github\javavscode\netbeans\nbbuild\netbeans\platform\modules\org-netbeans-modules-queries.jar:C:\Project\github\javavscode\netbeans\nbbuild\netbeans\platform\core\org-openide-filesystems.jar:C:\Project\github\javavscode\netbeans\nbbuild\netbeans\platform\lib\org-openide-util.jar:C:\Project\github\javavscode\netbeans\nbbuild\netbeans\platform\lib\org-openide-util-lookup.jar:C:\Project\github\javavscode\netbeans\nbbuild\netbeans\platform\lib\org-openide-modules.jar:C:\Project\github\javavscode\netbeans\nbbuild\netbeans\platform\lib\org-openide-util-ui.jar:C:\Project\github\javavscode\netbeans\nbbuild\netbeans\java\modules\org-netbeans-api-debugger-jpda.jar:C:\Project\github\javavscode\netbeans\nbbuild\netbeans\ide\modules\org-netbeans-api-debugger.jar:C:\Project\github\javavscode\netbeans\nbbuild\netbeans\platform\modules\org-netbeans-api-annotations-common.jar:C:\Project\github\javavscode\netbeans\nbbuild\netbeans\ide\modules\org-netbeans-modules-projectapi.jar:C:\Project\github\javavscode\netbeans\nbbuild\netbeans\platform\modules\org-netbeans-modules-queries.jar:C:\Project\github\javavscode\netbeans\nbbuild\netbeans\platform\core\org-openide-filesystems.jar:C:\Project\github\javavscode\netbeans\nbbuild\netbeans\platform\lib\org-openide-util.jar:C:\Project\github\javavscode\netbeans\nbbuild\netbeans\platform\lib\org-openide-util-lookup.jar:C:\Project\github\javavscode\netbeans\nbbuild\netbeans\platform\lib\org-openide-modules.jar:C:\Project\github\javavscode\netbeans\nbbuild\netbeans\platform\lib\org-openide-util-ui.jar:C:\Project\github\javavscode\netbeans\nbbuild\netbeans\ide\modules\org-netbeans-api-java-classpath.jar:C:\Project\github\javavscode\netbeans\nbbuild\netbeans\platform\modules\org-netbeans-api-htmlui.jar:C:\Project\github\javavscode\netbeans\nbbuild\netbeans\platform\modules\net-java-html.jar:C:\Project\github\javavscode\netbeans\platform\net.java.html\external\net.java.html-1.8.1.jar:C:\Project\github\javavscode\netbeans\nbbuild\netbeans\platform\modules\net-java-html-boot.jar:C:\Project\github\javavscode\netbeans\platform\net.java.html.boot\external\net.java.html.boot-1.8.1.jar:C:\Project\github\javavscode\netbeans\nbbuild\netbeans\platform\modules\net-java-html-json.jar:C:\Project\github\javavscode\netbeans\platform\net.java.html.json\external\net.java.html.json-1.8.1.jar:C:\Project\github\javavscode\netbeans\nbbuild\netbeans\platform\core\org-netbeans-libs-asm.jar:C:\Project\github\javavscode\netbeans\platform\libs.asm\external\asm-9.6.jar:C:\Project\github\javavscode\netbeans\platform\libs.asm\external\asm-tree-9.6.jar:C:\Project\github\javavscode\netbeans\platform\libs.asm\external\asm-commons-9.6.jar:C:\Project\github\javavscode\netbeans\nbbuild\netbeans\platform\modules\org-openide-awt.jar:C:\Project\github\javavscode\netbeans\nbbuild\netbeans\platform\modules\org-netbeans-api-annotations-common.jar:C:\Project\github\javavscode\netbeans\nbbuild\netbeans\platform\core\org-openide-filesystems.jar:C:\Project\github\javavscode\netbeans\nbbuild\netbeans\platform\lib\org-openide-util.jar:C:\Project\github\javavscode\netbeans\nbbuild\netbeans\platform\lib\org-openide-util-lookup.jar:C:\Project\github\javavscode\netbeans\nbbuild\netbeans\platform\lib\org-openide-util-ui.jar:C:\Project\github\javavscode\netbeans\nbbuild\netbeans\platform\modules\org-netbeans-api-io.jar:C:\Project\github\javavscode\netbeans\nbbuild\netbeans\platform\modules\org-netbeans-api-annotations-common.jar:C:\Project\github\javavscode\netbeans\nbbuild\netbeans\platform\modules\org-netbeans-api-intent.jar:C:\Project\github\javavscode\netbeans\nbbuild\netbeans\platform\core\org-openide-filesystems.jar:C:\Project\github\javavscode\netbeans\nbbuild\netbeans\platform\lib\org-openide-util.jar:C:\Project\github\javavscode\netbeans\nbbuild\netbeans\platform\lib\org-openide-util-lookup.jar:C:\Project\github\javavscode\netbeans\nbbuild\netbeans\java\modules\org-netbeans-api-java.jar:C:\Project\github\javavscode\netbeans\nbbuild\netbeans\platform\modules\org-netbeans-api-annotations-common.jar:C:\Project\github\javavscode\netbeans\nbbuild\netbeans\ide\modules\org-netbeans-api-java-classpath.jar:C:\Project\github\javavscode\netbeans\nbbuild\netbeans\platform\core\org-openide-filesystems.jar:C:\Project\github\javavscode\netbeans\nbbuild\netbeans\platform\lib\org-openide-util.jar:C:\Project\github\javavscode\netbeans\nbbuild\netbeans\platform\lib\org-openide-util-lookup.jar:C:\Project\github\javavscode\netbeans\nbbuild\netbeans\platform\lib\org-openide-modules.jar:C:\Project\github\javavscode\netbeans\nbbuild\netbeans\platform\lib\org-openide-util-ui.jar:C:\Project\github\javavscode\netbeans\nbbuild\netbeans\ide\modules\org-netbeans-api-java-classpath.jar:C:\Project\github\javavscode\netbeans\nbbuild\netbeans\platform\modules\org-netbeans-api-annotations-common.jar:C:\Project\github\javavscode\netbeans\nbbuild\netbeans\platform\core\org-openide-filesystems.jar:C:\Project\github\javavscode\netbeans\nbbuild\netbeans\platform\lib\org-openide-util.jar:C:\Project\github\javavscode\netbeans\nbbuild\netbeans\platform\lib\org-openide-util-lookup.jar:C:\Project\github\javavscode\netbeans\nbbuild\netbeans\ide\modules\org-netbeans-api-lsp.jar:C:\Project\github\javavscode\netbeans\nbbuild\netbeans\platform\modules\org-netbeans-api-annotations-common.jar:C:\Project\github\javavscode\netbeans\nbbuild\netbeans\platform\modules\org-netbeans-modules-editor-mimelookup.jar:C:\Project\github\javavscode\netbeans\nbbuild\netbeans\platform\core\org-openide-filesystems.jar:C:\Project\github\javavscode\netbeans\nbbuild\netbeans\platform\lib\org-openide-util.jar:C:\Project\github\javavscode\netbeans\nbbuild\netbeans\platform\lib\org-openide-util-lookup.jar:C:\Project\github\javavscode\netbeans\nbbuild\netbeans\ide\modules\org-netbeans-modules-editor-util.jar:C:\Project\github\javavscode\netbeans\nbbuild\netbeans\platform\modules\org-netbeans-api-progress.jar:C:\Project\github\javavscode\netbeans\nbbuild\netbeans\platform\lib\org-openide-modules.jar:C:\Project\github\javavscode\netbeans\nbbuild\netbeans\platform\lib\org-openide-util-ui.jar:C:\Project\github\javavscode\netbeans\nbbuild\netbeans\platform\lib\org-openide-util.jar:C:\Project\github\javavscode\netbeans\nbbuild\netbeans\platform\lib\org-openide-util-lookup.jar:C:\Project\github\javavscode\netbeans\nbbuild\netbeans\platform\modules\org-netbeans-api-templates.jar:C:\Project\github\javavscode\netbeans\nbbuild\netbeans\platform\modules\org-netbeans-api-annotations-common.jar:C:\Project\github\javavscode\netbeans\nbbuild\netbeans\platform\modules\org-netbeans-api-scripting.jar:C:\Project\github\javavscode\netbeans\nbbuild\netbeans\platform\lib\org-openide-util-lookup.jar:C:\Project\github\javavscode\netbeans\nbbuild\netbeans\platform\modules\org-netbeans-modules-queries.jar:C:\Project\github\javavscode\netbeans\nbbuild\netbeans\platform\core\org-openide-filesystems.jar:C:\Project\github\javavscode\netbeans\nbbuild\netbeans\platform\lib\org-openide-util.jar:C:\Project\github\javavscode\netbeans\nbbuild\netbeans\platform\modules\org-netbeans-html-presenters-spi.jar:C:\Project\github\javavscode\netbeans\platform\o.n.html.presenters.spi\external\generic-1.8.1.jar:C:\Project\github\javavscode\netbeans\platform\o.n.html.presenters.spi\external\generic-1.8.1.jar:C:\Project\github\javavscode\netbeans\nbbuild\netbeans\ide\modules\org-netbeans-libs-flexmark.jar:C:\Project\github\javavscode\netbeans\ide\libs.flexmark\external\flexmark-html2md-converter-0.64.8.jar:C:\Project\github\javavscode\netbeans\ide\libs.flexmark\external\jsoup-1.15.4.jar:C:\Project\github\javavscode\netbeans\ide\libs.flexmark\external\flexmark-util-ast-0.64.8.jar:C:\Project\github\javavscode\netbeans\ide\libs.flexmark\external\flexmark-util-builder-0.64.8.jar:C:\Project\github\javavscode\netbeans\ide\libs.flexmark\external\flexmark-util-collection-0.64.8.jar:C:\Project\github\javavscode\netbeans\ide\libs.flexmark\external\flexmark-util-data-0.64.8.jar:C:\Project\github\javavscode\netbeans\ide\libs.flexmark\external\flexmark-util-dependency-0.64.8.jar:C:\Project\github\javavscode\netbeans\ide\libs.flexmark\external\flexmark-util-format-0.64.8.jar:C:\Project\github\javavscode\netbeans\ide\libs.flexmark\external\flexmark-util-html-0.64.8.jar:C:\Project\github\javavscode\netbeans\ide\libs.flexmark\external\flexmark-util-misc-0.64.8.jar:C:\Project\github\javavscode\netbeans\ide\libs.flexmark\external\flexmark-util-sequence-0.64.8.jar:C:\Project\github\javavscode\netbeans\ide\libs.flexmark\external\flexmark-util-visitor-0.64.8.jar:C:\Project\github\javavscode\netbeans\ide\libs.flexmark\external\flexmark-ext-emoji-0.64.8.jar:C:\Project\github\javavscode\netbeans\ide\libs.flexmark\external\flexmark-ext-anchorlink-0.64.8.jar:C:\Project\github\javavscode\netbeans\ide\libs.flexmark\external\flexmark-ext-tables-0.64.8.jar:C:\Project\github\javavscode\netbeans\ide\libs.flexmark\external\flexmark-0.64.8.jar:C:\Project\github\javavscode\netbeans\ide\libs.flexmark\external\flexmark-ext-gfm-tasklist-0.64.8.jar:C:\Project\github\javavscode\netbeans\ide\libs.flexmark\external\flexmark-html2md-converter-0.64.8.jar:C:\Project\github\javavscode\netbeans\ide\libs.flexmark\external\jsoup-1.15.4.jar:C:\Project\github\javavscode\netbeans\ide\libs.flexmark\external\flexmark-util-ast-0.64.8.jar:C:\Project\github\javavscode\netbeans\ide\libs.flexmark\external\flexmark-util-builder-0.64.8.jar:C:\Project\github\javavscode\netbeans\ide\libs.flexmark\external\flexmark-util-collection-0.64.8.jar:C:\Project\github\javavscode\netbeans\ide\libs.flexmark\external\flexmark-util-data-0.64.8.jar:C:\Project\github\javavscode\netbeans\ide\libs.flexmark\external\flexmark-util-dependency-0.64.8.jar:C:\Project\github\javavscode\netbeans\ide\libs.flexmark\external\flexmark-util-format-0.64.8.jar:C:\Project\github\javavscode\netbeans\ide\libs.flexmark\external\flexmark-util-html-0.64.8.jar:C:\Project\github\javavscode\netbeans\ide\libs.flexmark\external\flexmark-util-misc-0.64.8.jar:C:\Project\github\javavscode\netbeans\ide\libs.flexmark\external\flexmark-util-sequence-0.64.8.jar:C:\Project\github\javavscode\netbeans\ide\libs.flexmark\external\flexmark-util-visitor-0.64.8.jar:C:\Project\github\javavscode\netbeans\ide\libs.flexmark\external\flexmark-ext-emoji-0.64.8.jar:C:\Project\github\javavscode\netbeans\ide\libs.flexmark\external\flexmark-ext-anchorlink-0.64.8.jar:C:\Project\github\javavscode\netbeans\ide\libs.flexmark\external\flexmark-ext-tables-0.64.8.jar:C:\Project\github\javavscode\netbeans\ide\libs.flexmark\external\flexmark-0.64.8.jar:C:\Project\github\javavscode\netbeans\ide\libs.flexmark\external\flexmark-ext-gfm-tasklist-0.64.8.jar:C:\Project\github\javavscode\netbeans\nbbuild\netbeans\java\modules\org-netbeans-libs-javacapi.jar:C:\Project\github\javavscode\netbeans\java\libs.javacapi\external\nb-javac-jdk-22+33-api.jar:C:\Project\github\javavscode\netbeans\java\libs.javacapi\external\nb-javac-jdk-22+33.jar:C:\Project\github\javavscode\netbeans\java\libs.javacapi\external\nb-javac-jdk-22+33-api.jar:C:\Project\github\javavscode\netbeans\java\libs.javacapi\external\nb-javac-jdk-22+33.jar:C:\Project\github\javavscode\netbeans\nbbuild\netbeans\ide\modules\org-netbeans-modules-csl-api.jar:C:\Project\github\javavscode\netbeans\nbbuild\netbeans\platform\modules\org-netbeans-api-annotations-common.jar:C:\Project\github\javavscode\netbeans\nbbuild\netbeans\ide\modules\org-netbeans-api-java-classpath.jar:C:\Project\github\javavscode\netbeans\nbbuild\netbeans\platform\core\org-openide-filesystems.jar:C:\Project\github\javavscode\netbeans\nbbuild\netbeans\platform\lib\org-openide-util.jar:C:\Project\github\javavscode\netbeans\nbbuild\netbeans\platform\lib\org-openide-util-lookup.jar:C:\Project\github\javavscode\netbeans\nbbuild\netbeans\ide\modules\org-netbeans-api-lsp.jar:C:\Project\github\javavscode\netbeans\nbbuild\netbeans\platform\modules\org-netbeans-modules-editor-mimelookup.jar:C:\Project\github\javavscode\netbeans\nbbuild\netbeans\ide\modules\org-netbeans-modules-editor-util.jar:C:\Project\github\javavscode\netbeans\nbbuild\netbeans\platform\modules\org-netbeans-api-progress.jar:C:\Project\github\javavscode\netbeans\nbbuild\netbeans\platform\lib\org-openide-modules.jar:C:\Project\github\javavscode\netbeans\nbbuild\netbeans\platform\lib\org-openide-util-ui.jar:C:\Project\github\javavscode\netbeans\nbbuild\netbeans\platform\modules\org-netbeans-core-multiview.jar:C:\Project\github\javavscode\netbeans\nbbuild\netbeans\platform\modules\org-openide-awt.jar:C:\Project\github\javavscode\netbeans\nbbuild\netbeans\platform\modules\org-openide-dialogs.jar:C:\Project\github\javavscode\netbeans\nbbuild\netbeans\platform\modules\org-netbeans-api-progress-nb.jar:C:\Project\github\javavscode\netbeans\nbbuild\netbeans\platform\modules\org-openide-nodes.jar:C:\Project\github\javavscode\netbeans\nbbuild\netbeans\platform\modules\org-openide-text.jar:C:\Project\github\javavscode\netbeans\nbbuild\netbeans\platform\modules\org-openide-windows.jar:C:\Project\github\javavscode\netbeans\nbbuild\netbeans\ide\modules\org-netbeans-libs-lucene.jar:C:\Project\github\javavscode\netbeans\ide\libs.lucene\external\lucene-core-3.6.2.jar:C:\Project\github\javavscode\netbeans\nbbuild\netbeans\ide\modules\org-netbeans-modules-csl-types.jar:C:\Project\github\javavscode\netbeans\nbbuild\netbeans\ide\modules\org-netbeans-modules-parsing-api.jar:C:\Project\github\javavscode\netbeans\nbbuild\netbeans\ide\modules\org-netbeans-modules-editor-document.jar:C:\Project\github\javavscode\netbeans\nbbuild\netbeans\ide\modules\org-netbeans-modules-lexer.jar:C:\Project\github\javavscode\netbeans\nbbuild\netbeans\ide\modules\org-netbeans-modules-parsing-lucene.jar:C:\Project\github\javavscode\netbeans\nbbuild\netbeans\platform\modules\org-netbeans-modules-masterfs.jar:C:\Project\github\javavscode\netbeans\nbbuild\netbeans\platform\modules\org-netbeans-modules-queries.jar:C:\Project\github\javavscode\netbeans\nbbuild\netbeans\ide\modules\org-netbeans-modules-projectapi.jar:C:\Project\github\javavscode\netbeans\nbbuild\netbeans\ide\modules\org-netbeans-modules-diff.jar:C:\Project\github\javavscode\netbeans\nbbuild\netbeans\ide\modules\org-netbeans-modules-editor-errorstripe.jar:C:\Project\github\javavscode\netbeans\nbbuild\netbeans\ide\modules\org-netbeans-modules-editor-errorstripe-api.jar:C:\Project\github\javavscode\netbeans\nbbuild\netbeans\ide\modules\org-netbeans-modules-editor-fold.jar:C:\Project\github\javavscode\netbeans\nbbuild\netbeans\ide\modules\org-netbeans-modules-editor-settings.jar:C:\Project\github\javavscode\netbeans\nbbuild\netbeans\ide\modules\org-netbeans-modules-editor-settings-lib.jar:C:\Project\github\javavscode\netbeans\nbbuild\netbeans\ide\modules\org-netbeans-modules-editor-lib.jar:C:\Project\github\javavscode\netbeans\nbbuild\netbeans\ide\modules\org-netbeans-modules-editor-guards.jar:C:\Project\github\javavscode\netbeans\nbbuild\netbeans\ide\modules\org-netbeans-modules-editor-indent.jar:C:\Project\github\javavscode\netbeans\nbbuild\netbeans\ide\modules\org-netbeans-modules-editor-lib2.jar:C:\Project\github\javavscode\netbeans\nbbuild\netbeans\platform\modules\org-openide-loaders.jar:C:\Project\github\javavscode\netbeans\nbbuild\netbeans\platform\modules\org-netbeans-api-scripting.jar:C:\Project\github\javavscode\netbeans\nbbuild\netbeans\platform\modules\org-netbeans-api-templates.jar:C:\Project\github\javavscode\netbeans\nbbuild\netbeans\platform\modules\org-openide-actions.jar:C:\Project\github\javavscode\netbeans\nbbuild\netbeans\platform\modules\org-openide-explorer.jar:C:\Project\github\javavscode\netbeans\nbbuild\netbeans\platform\modules\org-netbeans-swing-outline.jar:C:\Project\github\javavscode\netbeans\nbbuild\netbeans\platform\modules\org-netbeans-swing-tabcontrol.jar:C:\Project\github\javavscode\netbeans\nbbuild\netbeans\platform\modules\org-openide-filesystems-nb.jar:C:\Project\github\javavscode\netbeans\nbbuild\netbeans\platform\modules\org-netbeans-modules-options-api.jar:C:\Project\github\javavscode\netbeans\nbbuild\netbeans\platform\modules\org-netbeans-core.jar:C:\Project\github\javavscode\netbeans\nbbuild\netbeans\platform\lib\boot.jar:C:\Project\github\javavscode\netbeans\nbbuild\netbeans\platform\core\core.jar:C:\Project\github\javavscode\netbeans\nbbuild\netbeans\platform\core\org-netbeans-libs-asm.jar:C:\Project\github\javavscode\netbeans\platform\libs.asm\external\asm-9.6.jar:C:\Project\github\javavscode\netbeans\platform\libs.asm\external\asm-tree-9.6.jar:C:\Project\github\javavscode\netbeans\platform\libs.asm\external\asm-commons-9.6.jar:C:\Project\github\javavscode\netbeans\nbbuild\netbeans\platform\core\core-base.jar:C:\Project\github\javavscode\netbeans\nbbuild\netbeans\platform\modules\org-netbeans-modules-keyring.jar:C:\Project\github\javavscode\netbeans\nbbuild\netbeans\platform\modules\org-netbeans-modules-sampler.jar:C:\Project\github\javavscode\netbeans\nbbuild\netbeans\platform\modules\org-netbeans-swing-plaf.jar:C:\Project\github\javavscode\netbeans\nbbuild\netbeans\platform\modules\org-openide-io.jar:C:\Project\github\javavscode\netbeans\nbbuild\netbeans\platform\modules\org-netbeans-api-intent.jar:C:\Project\github\javavscode\netbeans\nbbuild\netbeans\platform\modules\org-netbeans-api-io.jar:C:\Project\github\javavscode\netbeans\nbbuild\netbeans\platform\modules\org-netbeans-spi-quicksearch.jar:C:\Project\github\javavscode\netbeans\nbbuild\netbeans\ide\modules\org-netbeans-modules-options-editor.jar:C:\Project\github\javavscode\netbeans\nbbuild\netbeans\ide\modules\org-netbeans-modules-editor.jar:C:\Project\github\javavscode\netbeans\nbbuild\netbeans\ide\modules\org-netbeans-modules-editor-settings-storage.jar:C:\Project\github\javavscode\netbeans\nbbuild\netbeans\platform\modules\org-netbeans-modules-options-keymap.jar:C:\Project\github\javavscode\netbeans\nbbuild\netbeans\ide\modules\org-netbeans-modules-editor-breadcrumbs.jar:C:\Project\github\javavscode\netbeans\nbbuild\netbeans\ide\modules\org-netbeans-modules-editor-codetemplates.jar:C:\Project\github\javavscode\netbeans\nbbuild\netbeans\ide\modules\org-netbeans-modules-editor-completion.jar:C:\Project\github\javavscode\netbeans\nbbuild\netbeans\ide\modules\org-netbeans-spi-editor-hints.jar:C:\Project\github\javavscode\netbeans\nbbuild\netbeans\ide\modules\org-netbeans-modules-jumpto.jar:C:\Project\github\javavscode\netbeans\nbbuild\netbeans\platform\modules\org-netbeans-api-search.jar:C:\Project\github\javavscode\netbeans\nbbuild\netbeans\ide\modules\org-netbeans-modules-parsing-indexing.jar:C:\Project\github\javavscode\netbeans\nbbuild\netbeans\ide\modules\org-netbeans-modules-project-indexingbridge.jar:C:\Project\github\javavscode\netbeans\nbbuild\netbeans\ide\modules\org-netbeans-modules-projectuiapi-base.jar:C:\Project\github\javavscode\netbeans\nbbuild\netbeans\ide\modules\org-netbeans-spi-tasklist.jar:C:\Project\github\javavscode\netbeans\nbbuild\netbeans\ide\modules\org-netbeans-modules-refactoring-api.jar:C:\Project\github\javavscode\netbeans\nbbuild\netbeans\ide\modules\org-netbeans-spi-navigator.jar:C:\Project\github\javavscode\netbeans\nbbuild\netbeans\ide\modules\org-netbeans-modules-csl-types.jar:C:\Project\github\javavscode\netbeans\nbbuild\netbeans\platform\modules\org-netbeans-api-annotations-common.jar:C:\Project\github\javavscode\netbeans\nbbuild\netbeans\ide\modules\org-netbeans-modules-parsing-api.jar:C:\Project\github\javavscode\netbeans\nbbuild\netbeans\ide\modules\org-netbeans-api-java-classpath.jar:C:\Project\github\javavscode\netbeans\nbbuild\netbeans\platform\core\org-openide-filesystems.jar:C:\Project\github\javavscode\netbeans\nbbuild\netbeans\platform\lib\org-openide-util.jar:C:\Project\github\javavscode\netbeans\nbbuild\netbeans\platform\lib\org-openide-util-lookup.jar:C:\Project\github\javavscode\netbeans\nbbuild\netbeans\ide\modules\org-netbeans-modules-editor-document.jar:C:\Project\github\javavscode\netbeans\nbbuild\netbeans\platform\modules\org-netbeans-modules-editor-mimelookup.jar:C:\Project\github\javavscode\netbeans\nbbuild\netbeans\ide\modules\org-netbeans-modules-editor-util.jar:C:\Project\github\javavscode\netbeans\nbbuild\netbeans\ide\modules\org-netbeans-modules-lexer.jar:C:\Project\github\javavscode\netbeans\nbbuild\netbeans\platform\lib\org-openide-util-ui.jar:C:\Project\github\javavscode\netbeans\nbbuild\netbeans\ide\modules\org-netbeans-modules-parsing-lucene.jar:C:\Project\github\javavscode\netbeans\nbbuild\netbeans\ide\modules\org-netbeans-libs-lucene.jar:C:\Project\github\javavscode\netbeans\ide\libs.lucene\external\lucene-core-3.6.2.jar:C:\Project\github\javavscode\netbeans\nbbuild\netbeans\platform\modules\org-netbeans-modules-masterfs.jar:C:\Project\github\javavscode\netbeans\nbbuild\netbeans\platform\modules\org-netbeans-modules-queries.jar:C:\Project\github\javavscode\netbeans\nbbuild\netbeans\platform\lib\org-openide-modules.jar:C:\Project\github\javavscode\netbeans\nbbuild\netbeans\ide\modules\org-netbeans-modules-projectapi.jar:C:\Project\github\javavscode\netbeans\nbbuild\netbeans\ide\modules\org-netbeans-modules-db.jar:C:\Project\github\javavscode\netbeans\nbbuild\netbeans\ide\modules\ext\ddl.jar:C:\Project\github\javavscode\netbeans\nbbuild\netbeans\platform\modules\org-netbeans-api-progress.jar:C:\Project\github\javavscode\netbeans\nbbuild\netbeans\platform\lib\org-openide-modules.jar:C:\Project\github\javavscode\netbeans\nbbuild\netbeans\platform\lib\org-openide-util-ui.jar:C:\Project\github\javavscode\netbeans\nbbuild\netbeans\platform\lib\org-openide-util.jar:C:\Project\github\javavscode\netbeans\nbbuild\netbeans\platform\lib\org-openide-util-lookup.jar:C:\Project\github\javavscode\netbeans\nbbuild\netbeans\platform\modules\org-netbeans-api-progress-nb.jar:C:\Project\github\javavscode\netbeans\nbbuild\netbeans\platform\modules\org-openide-awt.jar:C:\Project\github\javavscode\netbeans\nbbuild\netbeans\platform\modules\org-netbeans-api-annotations-common.jar:C:\Project\github\javavscode\netbeans\nbbuild\netbeans\platform\core\org-openide-filesystems.jar:C:\Project\github\javavscode\netbeans\nbbuild\netbeans\ide\modules\org-netbeans-core-ide.jar:C:\Project\github\javavscode\netbeans\nbbuild\netbeans\platform\modules\org-openide-explorer.jar:C:\Project\github\javavscode\netbeans\nbbuild\netbeans\platform\modules\org-netbeans-swing-outline.jar:C:\Project\github\javavscode\netbeans\nbbuild\netbeans\platform\modules\org-netbeans-swing-tabcontrol.jar:C:\Project\github\javavscode\netbeans\nbbuild\netbeans\platform\modules\org-openide-windows.jar:C:\Project\github\javavscode\netbeans\nbbuild\netbeans\platform\modules\org-openide-nodes.jar:C:\Project\github\javavscode\netbeans\nbbuild\netbeans\platform\modules\org-openide-dialogs.jar:C:\Project\github\javavscode\netbeans\nbbuild\netbeans\ide\modules\org-netbeans-modules-db-metadata-model.jar:C:\Project\github\javavscode\netbeans\nbbuild\netbeans\platform\modules\org-netbeans-modules-javahelp.jar:C:\Project\github\javavscode\netbeans\platform\javahelp\external\jhall-2.0_05.jar:C:\Project\github\javavscode\netbeans\nbbuild\netbeans\platform\modules\org-netbeans-spi-quicksearch.jar:C:\Project\github\javavscode\netbeans\nbbuild\netbeans\platform\modules\org-openide-loaders.jar:C:\Project\github\javavscode\netbeans\nbbuild\netbeans\platform\modules\org-netbeans-api-scripting.jar:C:\Project\github\javavscode\netbeans\nbbuild\netbeans\platform\modules\org-netbeans-api-templates.jar:C:\Project\github\javavscode\netbeans\nbbuild\netbeans\platform\modules\org-netbeans-modules-queries.jar:C:\Project\github\javavscode\netbeans\nbbuild\netbeans\platform\modules\org-netbeans-modules-editor-mimelookup.jar:C:\Project\github\javavscode\netbeans\nbbuild\netbeans\platform\modules\org-openide-actions.jar:C:\Project\github\javavscode\netbeans\nbbuild\netbeans\platform\modules\org-openide-text.jar:C:\Project\github\javavscode\netbeans\nbbuild\netbeans\platform\modules\org-openide-filesystems-nb.jar:C:\Project\github\javavscode\netbeans\nbbuild\netbeans\platform\modules\org-netbeans-modules-keyring.jar:C:\Project\github\javavscode\netbeans\nbbuild\netbeans\ide\modules\org-netbeans-modules-project-libraries.jar:C:\Project\github\javavscode\netbeans\nbbuild\netbeans\ide\modules\org-netbeans-modules-projectapi.jar:C:\Project\github\javavscode\netbeans\nbbuild\netbeans\platform\modules\org-openide-io.jar:C:\Project\github\javavscode\netbeans\nbbuild\netbeans\platform\modules\org-netbeans-api-intent.jar:C:\Project\github\javavscode\netbeans\nbbuild\netbeans\platform\modules\org-netbeans-api-io.jar:C:\Project\github\javavscode\netbeans\nbbuild\netbeans\ide\modules\ext\ddl.jar:C:\Project\github\javavscode\netbeans\nbbuild\netbeans\java\modules\org-netbeans-modules-debugger-jpda-truffle.jar:C:\Project\github\javavscode\netbeans\nbbuild\netbeans\ide\modules\org-netbeans-api-debugger.jar:C:\Project\github\javavscode\netbeans\nbbuild\netbeans\platform\modules\org-netbeans-api-annotations-common.jar:C:\Project\github\javavscode\netbeans\nbbuild\netbeans\ide\modules\org-netbeans-modules-projectapi.jar:C:\Project\github\javavscode\netbeans\nbbuild\netbeans\platform\modules\org-netbeans-modules-queries.jar:C:\Project\github\javavscode\netbeans\nbbuild\netbeans\platform\core\org-openide-filesystems.jar:C:\Project\github\javavscode\netbeans\nbbuild\netbeans\platform\lib\org-openide-util.jar:C:\Project\github\javavscode\netbeans\nbbuild\netbeans\platform\lib\org-openide-util-lookup.jar:C:\Project\github\javavscode\netbeans\nbbuild\netbeans\platform\lib\org-openide-modules.jar:C:\Project\github\javavscode\netbeans\nbbuild\netbeans\platform\lib\org-openide-util-ui.jar:C:\Project\github\javavscode\netbeans\nbbuild\netbeans\java\modules\org-netbeans-api-debugger-jpda.jar:C:\Project\github\javavscode\netbeans\nbbuild\netbeans\ide\modules\org-netbeans-api-java-classpath.jar:C:\Project\github\javavscode\netbeans\nbbuild\netbeans\java\modules\org-netbeans-modules-debugger-jpda.jar:C:\Project\github\javavscode\netbeans\nbbuild\netbeans\platform\modules\org-netbeans-api-intent.jar:C:\Project\github\javavscode\netbeans\nbbuild\netbeans\platform\modules\org-netbeans-api-io.jar:C:\Project\github\javavscode\netbeans\nbbuild\netbeans\java\modules\org-netbeans-libs-javacapi.jar:C:\Project\github\javavscode\netbeans\java\libs.javacapi\external\nb-javac-jdk-22+33-api.jar:C:\Project\github\javavscode\netbeans\java\libs.javacapi\external\nb-javac-jdk-22+33.jar:C:\Project\github\javavscode\netbeans\nbbuild\netbeans\ide\modules\org-netbeans-modules-editor-document.jar:C:\Project\github\javavscode\netbeans\nbbuild\netbeans\platform\modules\org-netbeans-modules-editor-mimelookup.jar:C:\Project\github\javavscode\netbeans\nbbuild\netbeans\ide\modules\org-netbeans-modules-editor-util.jar:C:\Project\github\javavscode\netbeans\nbbuild\netbeans\java\modules\org-netbeans-modules-java-source-base.jar:C:\Project\github\javavscode\netbeans\nbbuild\netbeans\java\modules\org-netbeans-api-java.jar:C:\Project\github\javavscode\netbeans\nbbuild\netbeans\platform\modules\org-netbeans-api-progress.jar:C:\Project\github\javavscode\netbeans\nbbuild\netbeans\platform\modules\org-netbeans-api-scripting.jar:C:\Project\github\javavscode\netbeans\nbbuild\netbeans\java\modules\org-netbeans-lib-nbjavac.jar:C:\Project\github\javavscode\netbeans\nbbuild\netbeans\platform\core\org-netbeans-libs-asm.jar:C:\Project\github\javavscode\netbeans\platform\libs.asm\external\asm-9.6.jar:C:\Project\github\javavscode\netbeans\platform\libs.asm\external\asm-tree-9.6.jar:C:\Project\github\javavscode\netbeans\platform\libs.asm\external\asm-commons-9.6.jar:C:\Project\github\javavscode\netbeans\nbbuild\netbeans\ide\modules\org-netbeans-libs-lucene.jar:C:\Project\github\javavscode\netbeans\ide\libs.lucene\external\lucene-core-3.6.2.jar:C:\Project\github\javavscode\netbeans\nbbuild\netbeans\java\modules\org-netbeans-modules-classfile.jar:C:\Project\github\javavscode\netbeans\nbbuild\netbeans\ide\modules\org-netbeans-modules-editor-guards.jar:C:\Project\github\javavscode\netbeans\nbbuild\netbeans\ide\modules\org-netbeans-modules-editor-indent.jar:C:\Project\github\javavscode\netbeans\nbbuild\netbeans\ide\modules\org-netbeans-modules-editor-settings.jar:C:\Project\github\javavscode\netbeans\nbbuild\netbeans\ide\modules\org-netbeans-modules-lexer.jar:C:\Project\github\javavscode\netbeans\nbbuild\netbeans\java\modules\org-netbeans-modules-java-lexer.jar:C:\Project\github\javavscode\netbeans\nbbuild\netbeans\java\modules\org-netbeans-modules-java-platform.jar:C:\Project\github\javavscode\netbeans\nbbuild\netbeans\java\modules\org-netbeans-modules-java-preprocessorbridge.jar:C:\Project\github\javavscode\netbeans\nbbuild\netbeans\ide\modules\org-netbeans-modules-parsing-api.jar:C:\Project\github\javavscode\netbeans\nbbuild\netbeans\ide\modules\org-netbeans-modules-parsing-lucene.jar:C:\Project\github\javavscode\netbeans\nbbuild\netbeans\platform\modules\org-netbeans-modules-masterfs.jar:C:\Project\github\javavscode\netbeans\nbbuild\netbeans\ide\modules\org-netbeans-modules-parsing-indexing.jar:C:\Project\github\javavscode\netbeans\nbbuild\netbeans\ide\modules\org-netbeans-modules-project-indexingbridge.jar:C:\Project\github\javavscode\netbeans\nbbuild\netbeans\ide\modules\org-netbeans-modules-projectuiapi-base.jar:C:\Project\github\javavscode\netbeans\nbbuild\netbeans\platform\modules\org-openide-explorer.jar:C:\Project\github\javavscode\netbeans\nbbuild\netbeans\platform\modules\org-netbeans-swing-outline.jar:C:\Project\github\javavscode\netbeans\nbbuild\netbeans\platform\modules\org-netbeans-swing-tabcontrol.jar:C:\Project\github\javavscode\netbeans\nbbuild\netbeans\platform\modules\org-openide-awt.jar:C:\Project\github\javavscode\netbeans\nbbuild\netbeans\platform\modules\org-openide-windows.jar:C:\Project\github\javavscode\netbeans\nbbuild\netbeans\platform\modules\org-openide-nodes.jar:C:\Project\github\javavscode\netbeans\nbbuild\netbeans\platform\modules\org-openide-dialogs.jar:C:\Project\github\javavscode\netbeans\nbbuild\netbeans\platform\modules\org-netbeans-api-progress-nb.jar:C:\Project\github\javavscode\netbeans\nbbuild\netbeans\ide\modules\org-netbeans-spi-tasklist.jar:C:\Project\github\javavscode\netbeans\nbbuild\netbeans\ide\modules\org-netbeans-modules-refactoring-api.jar:C:\Project\github\javavscode\netbeans\nbbuild\netbeans\ide\modules\org-netbeans-modules-diff.jar:C:\Project\github\javavscode\netbeans\nbbuild\netbeans\ide\modules\org-netbeans-modules-editor-errorstripe.jar:C:\Project\github\javavscode\netbeans\nbbuild\netbeans\ide\modules\org-netbeans-modules-editor-errorstripe-api.jar:C:\Project\github\javavscode\netbeans\nbbuild\netbeans\ide\modules\org-netbeans-modules-editor-fold.jar:C:\Project\github\javavscode\netbeans\nbbuild\netbeans\ide\modules\org-netbeans-modules-editor-settings-lib.jar:C:\Project\github\javavscode\netbeans\nbbuild\netbeans\ide\modules\org-netbeans-modules-editor-lib.jar:C:\Project\github\javavscode\netbeans\nbbuild\netbeans\ide\modules\org-netbeans-modules-editor-lib2.jar:C:\Project\github\javavscode\netbeans\nbbuild\netbeans\platform\modules\org-openide-loaders.jar:C:\Project\github\javavscode\netbeans\nbbuild\netbeans\platform\modules\org-netbeans-api-templates.jar:C:\Project\github\javavscode\netbeans\nbbuild\netbeans\platform\modules\org-openide-actions.jar:C:\Project\github\javavscode\netbeans\nbbuild\netbeans\platform\modules\org-openide-text.jar:C:\Project\github\javavscode\netbeans\nbbuild\netbeans\platform\modules\org-openide-filesystems-nb.jar:C:\Project\github\javavscode\netbeans\nbbuild\netbeans\platform\modules\org-netbeans-modules-options-api.jar:C:\Project\github\javavscode\netbeans\nbbuild\netbeans\platform\modules\org-netbeans-core.jar:C:\Project\github\javavscode\netbeans\nbbuild\netbeans\platform\lib\boot.jar:C:\Project\github\javavscode\netbeans\nbbuild\netbeans\platform\core\core.jar:C:\Project\github\javavscode\netbeans\nbbuild\netbeans\platform\core\core-base.jar:C:\Project\github\javavscode\netbeans\nbbuild\netbeans\platform\modules\org-netbeans-modules-keyring.jar:C:\Project\github\javavscode\netbeans\nbbuild\netbeans\platform\modules\org-netbeans-modules-sampler.jar:C:\Project\github\javavscode\netbeans\nbbuild\netbeans\platform\modules\org-netbeans-swing-plaf.jar:C:\Project\github\javavscode\netbeans\nbbuild\netbeans\platform\modules\org-openide-io.jar:C:\Project\github\javavscode\netbeans\nbbuild\netbeans\platform\modules\org-netbeans-spi-quicksearch.jar:C:\Project\github\javavscode\netbeans\nbbuild\netbeans\ide\modules\org-netbeans-modules-options-editor.jar:C:\Project\github\javavscode\netbeans\nbbuild\netbeans\ide\modules\org-netbeans-modules-editor.jar:C:\Project\github\javavscode\netbeans\nbbuild\netbeans\ide\modules\org-netbeans-api-lsp.jar:C:\Project\github\javavscode\netbeans\nbbuild\netbeans\ide\modules\org-netbeans-modules-editor-settings-storage.jar:C:\Project\github\javavscode\netbeans\nbbuild\netbeans\platform\modules\org-netbeans-modules-options-keymap.jar:C:\Project\github\javavscode\netbeans\nbbuild\netbeans\java\modules\org-netbeans-modules-debugger-jpda-ui.jar:C:\Project\github\javavscode\netbeans\nbbuild\netbeans\ide\modules\org-netbeans-modules-editor-completion.jar:C:\Project\github\javavscode\netbeans\nbbuild\netbeans\java\modules\org-netbeans-modules-java-sourceui.jar:C:\Project\github\javavscode\netbeans\nbbuild\netbeans\java\modules\org-netbeans-modules-java-source.jar:C:\Project\github\javavscode\netbeans\nbbuild\netbeans\platform\modules\org-netbeans-core-multiview.jar:C:\Project\github\javavscode\netbeans\nbbuild\netbeans\platform\modules\org-netbeans-modules-autoupdate-services.jar:C:\Project\github\javavscode\netbeans\nbbuild\netbeans\platform\modules\ext\updater.jar:C:\Project\github\javavscode\netbeans\nbbuild\netbeans\ide\modules\org-netbeans-modules-editor-indent-project.jar:C:\Project\github\javavscode\netbeans\nbbuild\netbeans\ide\modules\org-netbeans-modules-projectuiapi.jar:C:\Project\github\javavscode\netbeans\nbbuild\netbeans\ide\modules\org-netbeans-modules-jumpto.jar:C:\Project\github\javavscode\netbeans\nbbuild\netbeans\platform\modules\org-netbeans-api-search.jar:C:\Project\github\javavscode\netbeans\nbbuild\netbeans\extide\modules\org-netbeans-modules-options-java.jar:C:\Project\github\javavscode\netbeans\nbbuild\netbeans\java\modules\org-netbeans-spi-debugger-jpda-ui.jar:C:\Project\github\javavscode\netbeans\nbbuild\netbeans\ide\modules\org-netbeans-spi-viewmodel.jar:C:\Project\github\javavscode\netbeans\nbbuild\netbeans\ide\modules\org-netbeans-spi-debugger-ui.jar:C:\Project\github\javavscode\netbeans\nbbuild\netbeans\ide\modules\org-netbeans-modules-extexecution-base.jar:C:\Project\github\javavscode\netbeans\nbbuild\netbeans\java\modules\org-netbeans-modules-java-project.jar:C:\Project\github\javavscode\netbeans\nbbuild\netbeans\ide\modules\org-netbeans-modules-project-ant.jar:C:\Project\github\javavscode\netbeans\nbbuild\netbeans\ide\modules\org-netbeans-modules-project-libraries.jar:C:\Project\github\javavscode\netbeans\nbbuild\netbeans\ide\modules\org-netbeans-modules-project-spi-intern.jar:C:\Project\github\javavscode\netbeans\nbbuild\netbeans\ide\modules\org-netbeans-modules-xml-catalog.jar:C:\Project\github\javavscode\netbeans\nbbuild\netbeans\ide\modules\org-apache-xml-resolver.jar:C:\Project\github\javavscode\netbeans\ide\o.apache.xml.resolver\external\resolver-1.2.jar:C:\Project\github\javavscode\netbeans\nbbuild\netbeans\ide\modules\org-netbeans-api-xml.jar:C:\Project\github\javavscode\netbeans\nbbuild\netbeans\ide\modules\org-netbeans-modules-javascript2-debug.jar:C:\Project\github\javavscode\netbeans\nbbuild\netbeans\ide\modules\org-netbeans-modules-web-common.jar:C:\Project\github\javavscode\netbeans\nbbuild\netbeans\ide\modules\org-netbeans-libs-json_simple.jar:C:\Project\github\javavscode\netbeans\nbbuild\netbeans\ide\modules\ext\json-simple-1.1.1.jar:C:\Project\github\javavscode\netbeans\nbbuild\netbeans\ide\modules\org-netbeans-libs-graalsdk.jar:C:\Project\github\javavscode\netbeans\ide\libs.graalsdk\external\graal-sdk-20.3.0.jar:C:\Project\github\javavscode\netbeans\ide\libs.graalsdk\external\launcher-common-20.3.0.jar:C:\Project\github\javavscode\netbeans\nbbuild\netbeans\ide\modules\org-netbeans-libs-truffleapi.jar:C:\Project\github\javavscode\netbeans\ide\libs.truffleapi\external\truffle-api-20.3.0.jar:C:\Project\github\javavscode\netbeans\nbbuild\netbeans\ide\modules\org-netbeans-modules-editor.jar:C:\Project\github\javavscode\netbeans\nbbuild\netbeans\ide\modules\org-netbeans-api-lsp.jar:C:\Project\github\javavscode\netbeans\nbbuild\netbeans\platform\modules\org-netbeans-api-annotations-common.jar:C:\Project\github\javavscode\netbeans\nbbuild\netbeans\platform\modules\org-netbeans-modules-editor-mimelookup.jar:C:\Project\github\javavscode\netbeans\nbbuild\netbeans\platform\core\org-openide-filesystems.jar:C:\Project\github\javavscode\netbeans\nbbuild\netbeans\platform\lib\org-openide-util.jar:C:\Project\github\javavscode\netbeans\nbbuild\netbeans\platform\lib\org-openide-util-lookup.jar:C:\Project\github\javavscode\netbeans\nbbuild\netbeans\ide\modules\org-netbeans-modules-editor-util.jar:C:\Project\github\javavscode\netbeans\nbbuild\netbeans\platform\modules\org-netbeans-api-progress.jar:C:\Project\github\javavscode\netbeans\nbbuild\netbeans\platform\lib\org-openide-modules.jar:C:\Project\github\javavscode\netbeans\nbbuild\netbeans\platform\lib\org-openide-util-ui.jar:C:\Project\github\javavscode\netbeans\nbbuild\netbeans\platform\modules\org-netbeans-api-progress-nb.jar:C:\Project\github\javavscode\netbeans\nbbuild\netbeans\platform\modules\org-openide-awt.jar:C:\Project\github\javavscode\netbeans\nbbuild\netbeans\ide\modules\org-netbeans-modules-editor-document.jar:C:\Project\github\javavscode\netbeans\nbbuild\netbeans\ide\modules\org-netbeans-modules-editor-fold.jar:C:\Project\github\javavscode\netbeans\nbbuild\netbeans\ide\modules\org-netbeans-modules-editor-settings.jar:C:\Project\github\javavscode\netbeans\nbbuild\netbeans\ide\modules\org-netbeans-modules-lexer.jar:C:\Project\github\javavscode\netbeans\nbbuild\netbeans\ide\modules\org-netbeans-modules-editor-settings-lib.jar:C:\Project\github\javavscode\netbeans\nbbuild\netbeans\ide\modules\org-netbeans-modules-editor-guards.jar:C:\Project\github\javavscode\netbeans\nbbuild\netbeans\ide\modules\org-netbeans-modules-editor-indent.jar:C:\Project\github\javavscode\netbeans\nbbuild\netbeans\ide\modules\org-netbeans-modules-editor-lib.jar:C:\Project\github\javavscode\netbeans\nbbuild\netbeans\ide\modules\org-netbeans-modules-editor-lib2.jar:C:\Project\github\javavscode\netbeans\nbbuild\netbeans\platform\modules\org-openide-dialogs.jar:C:\Project\github\javavscode\netbeans\nbbuild\netbeans\platform\modules\org-openide-actions.jar:C:\Project\github\javavscode\netbeans\nbbuild\netbeans\platform\modules\org-openide-explorer.jar:C:\Project\github\javavscode\netbeans\nbbuild\netbeans\platform\modules\org-netbeans-swing-outline.jar:C:\Project\github\javavscode\netbeans\nbbuild\netbeans\platform\modules\org-netbeans-swing-tabcontrol.jar:C:\Project\github\javavscode\netbeans\nbbuild\netbeans\platform\modules\org-openide-windows.jar:C:\Project\github\javavscode\netbeans\nbbuild\netbeans\platform\modules\org-openide-nodes.jar:C:\Project\github\javavscode\netbeans\nbbuild\netbeans\platform\modules\org-openide-text.jar:C:\Project\github\javavscode\netbeans\nbbuild\netbeans\platform\modules\org-openide-filesystems-nb.jar:C:\Project\github\javavscode\netbeans\nbbuild\netbeans\platform\modules\org-openide-loaders.jar:C:\Project\github\javavscode\netbeans\nbbuild\netbeans\platform\modules\org-netbeans-api-scripting.jar:C:\Project\github\javavscode\netbeans\nbbuild\netbeans\platform\modules\org-netbeans-api-templates.jar:C:\Project\github\javavscode\netbeans\nbbuild\netbeans\platform\modules\org-netbeans-modules-queries.jar:C:\Project\github\javavscode\netbeans\nbbuild\netbeans\ide\modules\org-netbeans-modules-editor-codetemplates.jar:C:\Project\github\javavscode\netbeans\nbbuild\netbeans\ide\modules\org-netbeans-api-lsp.jar:C:\Project\github\javavscode\netbeans\nbbuild\netbeans\platform\modules\org-netbeans-api-annotations-common.jar:C:\Project\github\javavscode\netbeans\nbbuild\netbeans\platform\modules\org-netbeans-modules-editor-mimelookup.jar:C:\Project\github\javavscode\netbeans\nbbuild\netbeans\platform\core\org-openide-filesystems.jar:C:\Project\github\javavscode\netbeans\nbbuild\netbeans\platform\lib\org-openide-util.jar:C:\Project\github\javavscode\netbeans\nbbuild\netbeans\platform\lib\org-openide-util-lookup.jar:C:\Project\github\javavscode\netbeans\nbbuild\netbeans\ide\modules\org-netbeans-modules-editor-util.jar:C:\Project\github\javavscode\netbeans\nbbuild\netbeans\ide\modules\org-netbeans-modules-editor.jar:C:\Project\github\javavscode\netbeans\nbbuild\netbeans\platform\modules\org-netbeans-api-progress.jar:C:\Project\github\javavscode\netbeans\nbbuild\netbeans\platform\lib\org-openide-modules.jar:C:\Project\github\javavscode\netbeans\nbbuild\netbeans\platform\lib\org-openide-util-ui.jar:C:\Project\github\javavscode\netbeans\nbbuild\netbeans\platform\modules\org-netbeans-api-progress-nb.jar:C:\Project\github\javavscode\netbeans\nbbuild\netbeans\platform\modules\org-openide-awt.jar:C:\Project\github\javavscode\netbeans\nbbuild\netbeans\ide\modules\org-netbeans-modules-editor-document.jar:C:\Project\github\javavscode\netbeans\nbbuild\netbeans\ide\modules\org-netbeans-modules-editor-fold.jar:C:\Project\github\javavscode\netbeans\nbbuild\netbeans\ide\modules\org-netbeans-modules-editor-settings.jar:C:\Project\github\javavscode\netbeans\nbbuild\netbeans\ide\modules\org-netbeans-modules-lexer.jar:C:\Project\github\javavscode\netbeans\nbbuild\netbeans\ide\modules\org-netbeans-modules-editor-settings-lib.jar:C:\Project\github\javavscode\netbeans\nbbuild\netbeans\ide\modules\org-netbeans-modules-editor-guards.jar:C:\Project\github\javavscode\netbeans\nbbuild\netbeans\ide\modules\org-netbeans-modules-editor-indent.jar:C:\Project\github\javavscode\netbeans\nbbuild\netbeans\ide\modules\org-netbeans-modules-editor-lib.jar:C:\Project\github\javavscode\netbeans\nbbuild\netbeans\ide\modules\org-netbeans-modules-editor-lib2.jar:C:\Project\github\javavscode\netbeans\nbbuild\netbeans\platform\modules\org-openide-dialogs.jar:C:\Project\github\javavscode\netbeans\nbbuild\netbeans\platform\modules\org-openide-actions.jar:C:\Project\github\javavscode\netbeans\nbbuild\netbeans\platform\modules\org-openide-explorer.jar:C:\Project\github\javavscode\netbeans\nbbuild\netbeans\platform\modules\org-netbeans-swing-outline.jar:C:\Project\github\javavscode\netbeans\nbbuild\netbeans\platform\modules\org-netbeans-swing-tabcontrol.jar:C:\Project\github\javavscode\netbeans\nbbuild\netbeans\platform\modules\org-openide-windows.jar:C:\Project\github\javavscode\netbeans\nbbuild\netbeans\platform\modules\org-openide-nodes.jar:C:\Project\github\javavscode\netbeans\nbbuild\netbeans\platform\modules\org-openide-text.jar:C:\Project\github\javavscode\netbeans\nbbuild\netbeans\platform\modules\org-openide-filesystems-nb.jar:C:\Project\github\javavscode\netbeans\nbbuild\netbeans\platform\modules\org-openide-loaders.jar:C:\Project\github\javavscode\netbeans\nbbuild\netbeans\platform\modules\org-netbeans-api-scripting.jar:C:\Project\github\javavscode\netbeans\nbbuild\netbeans\platform\modules\org-netbeans-api-templates.jar:C:\Project\github\javavscode\netbeans\nbbuild\netbeans\platform\modules\org-netbeans-modules-queries.jar:C:\Project\github\javavscode\netbeans\nbbuild\netbeans\ide\modules\org-netbeans-modules-editor-completion.jar:C:\Project\github\javavscode\netbeans\nbbuild\netbeans\platform\modules\org-netbeans-modules-sampler.jar:C:\Project\github\javavscode\netbeans\nbbuild\netbeans\ide\modules\org-netbeans-modules-editor-settings-storage.jar:C:\Project\github\javavscode\netbeans\nbbuild\netbeans\platform\modules\org-netbeans-modules-options-keymap.jar:C:\Project\github\javavscode\netbeans\nbbuild\netbeans\platform\modules\org-netbeans-modules-options-api.jar:C:\Project\github\javavscode\netbeans\nbbuild\netbeans\platform\modules\org-netbeans-core.jar:C:\Project\github\javavscode\netbeans\nbbuild\netbeans\platform\lib\boot.jar:C:\Project\github\javavscode\netbeans\nbbuild\netbeans\platform\core\core.jar:C:\Project\github\javavscode\netbeans\nbbuild\netbeans\platform\core\org-netbeans-libs-asm.jar:C:\Project\github\javavscode\netbeans\platform\libs.asm\external\asm-9.6.jar:C:\Project\github\javavscode\netbeans\platform\libs.asm\external\asm-tree-9.6.jar:C:\Project\github\javavscode\netbeans\platform\libs.asm\external\asm-commons-9.6.jar:C:\Project\github\javavscode\netbeans\nbbuild\netbeans\platform\core\core-base.jar:C:\Project\github\javavscode\netbeans\nbbuild\netbeans\platform\modules\org-netbeans-modules-keyring.jar:C:\Project\github\javavscode\netbeans\nbbuild\netbeans\platform\modules\org-netbeans-swing-plaf.jar:C:\Project\github\javavscode\netbeans\nbbuild\netbeans\platform\modules\org-openide-io.jar:C:\Project\github\javavscode\netbeans\nbbuild\netbeans\platform\modules\org-netbeans-api-intent.jar:C:\Project\github\javavscode\netbeans\nbbuild\netbeans\platform\modules\org-netbeans-api-io.jar:C:\Project\github\javavscode\netbeans\nbbuild\netbeans\platform\modules\org-netbeans-spi-quicksearch.jar:C:\Project\github\javavscode\netbeans\nbbuild\netbeans\ide\modules\org-netbeans-spi-editor-hints.jar:C:\Project\github\javavscode\netbeans\nbbuild\netbeans\ide\modules\org-netbeans-modules-editor-document.jar:C:\Project\github\javavscode\netbeans\nbbuild\netbeans\platform\modules\org-netbeans-api-annotations-common.jar:C:\Project\github\javavscode\netbeans\nbbuild\netbeans\platform\modules\org-netbeans-modules-editor-mimelookup.jar:C:\Project\github\javavscode\netbeans\nbbuild\netbeans\platform\core\org-openide-filesystems.jar:C:\Project\github\javavscode\netbeans\nbbuild\netbeans\platform\lib\org-openide-util.jar:C:\Project\github\javavscode\netbeans\nbbuild\netbeans\platform\lib\org-openide-util-lookup.jar:C:\Project\github\javavscode\netbeans\nbbuild\netbeans\ide\modules\org-netbeans-modules-editor-util.jar:C:\Project\github\javavscode\netbeans\nbbuild\netbeans\ide\modules\org-netbeans-modules-editor-indent.jar:C:\Project\github\javavscode\netbeans\nbbuild\netbeans\ide\modules\org-netbeans-modules-editor-document.jar:C:\Project\github\javavscode\netbeans\nbbuild\netbeans\platform\modules\org-netbeans-api-annotations-common.jar:C:\Project\github\javavscode\netbeans\nbbuild\netbeans\platform\modules\org-netbeans-modules-editor-mimelookup.jar:C:\Project\github\javavscode\netbeans\nbbuild\netbeans\platform\core\org-openide-filesystems.jar:C:\Project\github\javavscode\netbeans\nbbuild\netbeans\platform\lib\org-openide-util.jar:C:\Project\github\javavscode\netbeans\nbbuild\netbeans\platform\lib\org-openide-util-lookup.jar:C:\Project\github\javavscode\netbeans\nbbuild\netbeans\ide\modules\org-netbeans-modules-editor-util.jar:C:\Project\github\javavscode\netbeans\nbbuild\netbeans\ide\modules\org-netbeans-modules-editor-settings.jar:C:\Project\github\javavscode\netbeans\nbbuild\netbeans\platform\lib\org-openide-modules.jar:C:\Project\github\javavscode\netbeans\nbbuild\netbeans\platform\lib\org-openide-util-ui.jar:C:\Project\github\javavscode\netbeans\nbbuild\netbeans\ide\modules\org-netbeans-modules-lexer.jar:C:\Project\github\javavscode\netbeans\nbbuild\netbeans\ide\modules\org-netbeans-modules-editor-lib.jar:C:\Project\github\javavscode\netbeans\nbbuild\netbeans\platform\modules\org-netbeans-api-annotations-common.jar:C:\Project\github\javavscode\netbeans\nbbuild\netbeans\platform\modules\org-netbeans-api-progress.jar:C:\Project\github\javavscode\netbeans\nbbuild\netbeans\platform\lib\org-openide-modules.jar:C:\Project\github\javavscode\netbeans\nbbuild\netbeans\platform\lib\org-openide-util-ui.jar:C:\Project\github\javavscode\netbeans\nbbuild\netbeans\platform\lib\org-openide-util.jar:C:\Project\github\javavscode\netbeans\nbbuild\netbeans\platform\lib\org-openide-util-lookup.jar:C:\Project\github\javavscode\netbeans\nbbuild\netbeans\platform\modules\org-netbeans-api-progress-nb.jar:C:\Project\github\javavscode\netbeans\nbbuild\netbeans\platform\modules\org-openide-awt.jar:C:\Project\github\javavscode\netbeans\nbbuild\netbeans\platform\core\org-openide-filesystems.jar:C:\Project\github\javavscode\netbeans\nbbuild\netbeans\ide\modules\org-netbeans-modules-editor-document.jar:C:\Project\github\javavscode\netbeans\nbbuild\netbeans\platform\modules\org-netbeans-modules-editor-mimelookup.jar:C:\Project\github\javavscode\netbeans\nbbuild\netbeans\ide\modules\org-netbeans-modules-editor-util.jar:C:\Project\github\javavscode\netbeans\nbbuild\netbeans\ide\modules\org-netbeans-modules-editor-fold.jar:C:\Project\github\javavscode\netbeans\nbbuild\netbeans\ide\modules\org-netbeans-modules-editor-settings.jar:C:\Project\github\javavscode\netbeans\nbbuild\netbeans\ide\modules\org-netbeans-modules-lexer.jar:C:\Project\github\javavscode\netbeans\nbbuild\netbeans\ide\modules\org-netbeans-modules-editor-settings-lib.jar:C:\Project\github\javavscode\netbeans\nbbuild\netbeans\ide\modules\org-netbeans-modules-editor-guards.jar:C:\Project\github\javavscode\netbeans\nbbuild\netbeans\ide\modules\org-netbeans-modules-editor-indent.jar:C:\Project\github\javavscode\netbeans\nbbuild\netbeans\ide\modules\org-netbeans-modules-editor-lib2.jar:C:\Project\github\javavscode\netbeans\nbbuild\netbeans\platform\modules\org-openide-dialogs.jar:C:\Project\github\javavscode\netbeans\nbbuild\netbeans\ide\modules\org-netbeans-modules-editor-lib2.jar:C:\Project\github\javavscode\netbeans\nbbuild\netbeans\platform\modules\org-netbeans-api-annotations-common.jar:C:\Project\github\javavscode\netbeans\nbbuild\netbeans\ide\modules\org-netbeans-modules-editor-document.jar:C:\Project\github\javavscode\netbeans\nbbuild\netbeans\platform\modules\org-netbeans-modules-editor-mimelookup.jar:C:\Project\github\javavscode\netbeans\nbbuild\netbeans\platform\core\org-openide-filesystems.jar:C:\Project\github\javavscode\netbeans\nbbuild\netbeans\platform\lib\org-openide-util.jar:C:\Project\github\javavscode\netbeans\nbbuild\netbeans\platform\lib\org-openide-util-lookup.jar:C:\Project\github\javavscode\netbeans\nbbuild\netbeans\ide\modules\org-netbeans-modules-editor-util.jar:C:\Project\github\javavscode\netbeans\nbbuild\netbeans\ide\modules\org-netbeans-modules-editor-settings.jar:C:\Project\github\javavscode\netbeans\nbbuild\netbeans\platform\lib\org-openide-modules.jar:C:\Project\github\javavscode\netbeans\nbbuild\netbeans\platform\lib\org-openide-util-ui.jar:C:\Project\github\javavscode\netbeans\nbbuild\netbeans\ide\modules\org-netbeans-modules-lexer.jar:C:\Project\github\javavscode\netbeans\nbbuild\netbeans\platform\modules\org-openide-awt.jar:C:\Project\github\javavscode\netbeans\nbbuild\netbeans\platform\modules\org-openide-dialogs.jar:C:\Project\github\javavscode\netbeans\nbbuild\netbeans\platform\modules\org-netbeans-api-progress.jar:C:\Project\github\javavscode\netbeans\nbbuild\netbeans\platform\modules\org-netbeans-api-progress-nb.jar:C:\Project\github\javavscode\netbeans\nbbuild\netbeans\platform\modules\org-netbeans-modules-editor-mimelookup.jar:C:\Project\github\javavscode\netbeans\nbbuild\netbeans\platform\core\org-openide-filesystems.jar:C:\Project\github\javavscode\netbeans\nbbuild\netbeans\platform\lib\org-openide-util.jar:C:\Project\github\javavscode\netbeans\nbbuild\netbeans\platform\lib\org-openide-util-lookup.jar:C:\Project\github\javavscode\netbeans\nbbuild\netbeans\ide\modules\org-netbeans-modules-editor-util.jar:C:\Project\github\javavscode\netbeans\nbbuild\netbeans\platform\lib\org-openide-util.jar:C:\Project\github\javavscode\netbeans\nbbuild\netbeans\platform\lib\org-openide-util-lookup.jar:C:\Project\github\javavscode\netbeans\nbbuild\netbeans\ide\modules\org-netbeans-modules-extexecution.jar:C:\Project\github\javavscode\netbeans\nbbuild\netbeans\platform\modules\org-netbeans-api-annotations-common.jar:C:\Project\github\javavscode\netbeans\nbbuild\netbeans\platform\modules\org-netbeans-api-progress.jar:C:\Project\github\javavscode\netbeans\nbbuild\netbeans\platform\lib\org-openide-modules.jar:C:\Project\github\javavscode\netbeans\nbbuild\netbeans\platform\lib\org-openide-util-ui.jar:C:\Project\github\javavscode\netbeans\nbbuild\netbeans\platform\lib\org-openide-util.jar:C:\Project\github\javavscode\netbeans\nbbuild\netbeans\platform\lib\org-openide-util-lookup.jar:C:\Project\github\javavscode\netbeans\nbbuild\netbeans\ide\modules\org-netbeans-modules-extexecution-base.jar:C:\Project\github\javavscode\netbeans\nbbuild\netbeans\platform\core\org-openide-filesystems.jar:C:\Project\github\javavscode\netbeans\nbbuild\netbeans\platform\modules\org-openide-io.jar:C:\Project\github\javavscode\netbeans\nbbuild\netbeans\platform\modules\org-netbeans-api-intent.jar:C:\Project\github\javavscode\netbeans\nbbuild\netbeans\platform\modules\org-netbeans-api-io.jar:C:\Project\github\javavscode\netbeans\nbbuild\netbeans\ide\modules\org-netbeans-modules-extexecution-base.jar:C:\Project\github\javavscode\netbeans\nbbuild\netbeans\platform\modules\org-netbeans-api-annotations-common.jar:C:\Project\github\javavscode\netbeans\nbbuild\netbeans\platform\lib\org-openide-util.jar:C:\Project\github\javavscode\netbeans\nbbuild\netbeans\platform\lib\org-openide-util-lookup.jar:C:\Project\github\javavscode\netbeans\nbbuild\netbeans\ide\modules\org-netbeans-modules-gototest.jar:C:\Project\github\javavscode\netbeans\nbbuild\netbeans\platform\modules\org-netbeans-api-annotations-common.jar:C:\Project\github\javavscode\netbeans\nbbuild\netbeans\ide\modules\org-netbeans-modules-gsf-testrunner.jar:C:\Project\github\javavscode\netbeans\nbbuild\netbeans\ide\modules\org-netbeans-modules-extexecution.jar:C:\Project\github\javavscode\netbeans\nbbuild\netbeans\platform\modules\org-netbeans-api-progress.jar:C:\Project\github\javavscode\netbeans\nbbuild\netbeans\platform\lib\org-openide-modules.jar:C:\Project\github\javavscode\netbeans\nbbuild\netbeans\platform\lib\org-openide-util-ui.jar:C:\Project\github\javavscode\netbeans\nbbuild\netbeans\platform\lib\org-openide-util.jar:C:\Project\github\javavscode\netbeans\nbbuild\netbeans\platform\lib\org-openide-util-lookup.jar:C:\Project\github\javavscode\netbeans\nbbuild\netbeans\ide\modules\org-netbeans-modules-extexecution-base.jar:C:\Project\github\javavscode\netbeans\nbbuild\netbeans\platform\core\org-openide-filesystems.jar:C:\Project\github\javavscode\netbeans\nbbuild\netbeans\platform\modules\org-openide-io.jar:C:\Project\github\javavscode\netbeans\nbbuild\netbeans\platform\modules\org-netbeans-api-intent.jar:C:\Project\github\javavscode\netbeans\nbbuild\netbeans\platform\modules\org-netbeans-api-io.jar:C:\Project\github\javavscode\netbeans\nbbuild\netbeans\ide\modules\org-netbeans-modules-projectapi.jar:C:\Project\github\javavscode\netbeans\nbbuild\netbeans\platform\modules\org-netbeans-modules-queries.jar:C:\Project\github\javavscode\netbeans\nbbuild\netbeans\ide\modules\org-netbeans-modules-gsf-testrunner-ui.jar:C:\Project\github\javavscode\netbeans\nbbuild\netbeans\ide\modules\org-netbeans-api-java-classpath.jar:C:\Project\github\javavscode\netbeans\nbbuild\netbeans\platform\modules\org-netbeans-api-progress-nb.jar:C:\Project\github\javavscode\netbeans\nbbuild\netbeans\platform\modules\org-openide-awt.jar:C:\Project\github\javavscode\netbeans\nbbuild\netbeans\ide\modules\org-netbeans-modules-diff.jar:C:\Project\github\javavscode\netbeans\nbbuild\netbeans\ide\modules\org-netbeans-modules-editor-errorstripe.jar:C:\Project\github\javavscode\netbeans\nbbuild\netbeans\ide\modules\org-netbeans-modules-editor-document.jar:C:\Project\github\javavscode\netbeans\nbbuild\netbeans\platform\modules\org-netbeans-modules-editor-mimelookup.jar:C:\Project\github\javavscode\netbeans\nbbuild\netbeans\ide\modules\org-netbeans-modules-editor-util.jar:C:\Project\github\javavscode\netbeans\nbbuild\netbeans\ide\modules\org-netbeans-modules-editor-errorstripe-api.jar:C:\Project\github\javavscode\netbeans\nbbuild\netbeans\ide\modules\org-netbeans-modules-editor-fold.jar:C:\Project\github\javavscode\netbeans\nbbuild\netbeans\ide\modules\org-netbeans-modules-editor-settings.jar:C:\Project\github\javavscode\netbeans\nbbuild\netbeans\ide\modules\org-netbeans-modules-lexer.jar:C:\Project\github\javavscode\netbeans\nbbuild\netbeans\ide\modules\org-netbeans-modules-editor-settings-lib.jar:C:\Project\github\javavscode\netbeans\nbbuild\netbeans\ide\modules\org-netbeans-modules-editor-lib.jar:C:\Project\github\javavscode\netbeans\nbbuild\netbeans\ide\modules\org-netbeans-modules-editor-guards.jar:C:\Project\github\javavscode\netbeans\nbbuild\netbeans\ide\modules\org-netbeans-modules-editor-indent.jar:C:\Project\github\javavscode\netbeans\nbbuild\netbeans\ide\modules\org-netbeans-modules-editor-lib2.jar:C:\Project\github\javavscode\netbeans\nbbuild\netbeans\platform\modules\org-openide-dialogs.jar:C:\Project\github\javavscode\netbeans\nbbuild\netbeans\platform\modules\org-openide-loaders.jar:C:\Project\github\javavscode\netbeans\nbbuild\netbeans\platform\modules\org-netbeans-api-scripting.jar:C:\Project\github\javavscode\netbeans\nbbuild\netbeans\platform\modules\org-netbeans-api-templates.jar:C:\Project\github\javavscode\netbeans\nbbuild\netbeans\platform\modules\org-openide-actions.jar:C:\Project\github\javavscode\netbeans\nbbuild\netbeans\platform\modules\org-openide-explorer.jar:C:\Project\github\javavscode\netbeans\nbbuild\netbeans\platform\modules\org-netbeans-swing-outline.jar:C:\Project\github\javavscode\netbeans\nbbuild\netbeans\platform\modules\org-netbeans-swing-tabcontrol.jar:C:\Project\github\javavscode\netbeans\nbbuild\netbeans\platform\modules\org-openide-windows.jar:C:\Project\github\javavscode\netbeans\nbbuild\netbeans\platform\modules\org-openide-nodes.jar:C:\Project\github\javavscode\netbeans\nbbuild\netbeans\platform\modules\org-openide-text.jar:C:\Project\github\javavscode\netbeans\nbbuild\netbeans\platform\modules\org-openide-filesystems-nb.jar:C:\Project\github\javavscode\netbeans\nbbuild\netbeans\platform\modules\org-netbeans-modules-options-api.jar:C:\Project\github\javavscode\netbeans\nbbuild\netbeans\platform\modules\org-netbeans-core.jar:C:\Project\github\javavscode\netbeans\nbbuild\netbeans\platform\lib\boot.jar:C:\Project\github\javavscode\netbeans\nbbuild\netbeans\platform\core\core.jar:C:\Project\github\javavscode\netbeans\nbbuild\netbeans\platform\core\org-netbeans-libs-asm.jar:C:\Project\github\javavscode\netbeans\platform\libs.asm\external\asm-9.6.jar:C:\Project\github\javavscode\netbeans\platform\libs.asm\external\asm-tree-9.6.jar:C:\Project\github\javavscode\netbeans\platform\libs.asm\external\asm-commons-9.6.jar:C:\Project\github\javavscode\netbeans\nbbuild\netbeans\platform\core\core-base.jar:C:\Project\github\javavscode\netbeans\nbbuild\netbeans\platform\modules\org-netbeans-modules-keyring.jar:C:\Project\github\javavscode\netbeans\nbbuild\netbeans\platform\modules\org-netbeans-modules-sampler.jar:C:\Project\github\javavscode\netbeans\nbbuild\netbeans\platform\modules\org-netbeans-swing-plaf.jar:C:\Project\github\javavscode\netbeans\nbbuild\netbeans\platform\modules\org-netbeans-spi-quicksearch.jar:C:\Project\github\javavscode\netbeans\nbbuild\netbeans\ide\modules\org-netbeans-modules-options-editor.jar:C:\Project\github\javavscode\netbeans\nbbuild\netbeans\ide\modules\org-netbeans-modules-editor.jar:C:\Project\github\javavscode\netbeans\nbbuild\netbeans\ide\modules\org-netbeans-api-lsp.jar:C:\Project\github\javavscode\netbeans\nbbuild\netbeans\ide\modules\org-netbeans-modules-editor-settings-storage.jar:C:\Project\github\javavscode\netbeans\nbbuild\netbeans\platform\modules\org-netbeans-modules-options-keymap.jar:C:\Project\github\javavscode\netbeans\nbbuild\netbeans\ide\modules\org-netbeans-modules-parsing-api.jar:C:\Project\github\javavscode\netbeans\nbbuild\netbeans\ide\modules\org-netbeans-modules-parsing-lucene.jar:C:\Project\github\javavscode\netbeans\nbbuild\netbeans\ide\modules\org-netbeans-libs-lucene.jar:C:\Project\github\javavscode\netbeans\ide\libs.lucene\external\lucene-core-3.6.2.jar:C:\Project\github\javavscode\netbeans\nbbuild\netbeans\platform\modules\org-netbeans-modules-masterfs.jar:C:\Project\github\javavscode\netbeans\nbbuild\netbeans\ide\modules\org-netbeans-modules-parsing-indexing.jar:C:\Project\github\javavscode\netbeans\nbbuild\netbeans\ide\modules\org-netbeans-modules-project-indexingbridge.jar:C:\Project\github\javavscode\netbeans\nbbuild\netbeans\ide\modules\org-netbeans-modules-projectuiapi-base.jar:C:\Project\github\javavscode\netbeans\nbbuild\netbeans\ide\modules\org-netbeans-spi-tasklist.jar:C:\Project\github\javavscode\netbeans\nbbuild\netbeans\ide\modules\org-netbeans-modules-gsf-testrunner.jar:C:\Project\github\javavscode\netbeans\nbbuild\netbeans\ide\modules\org-netbeans-modules-extexecution.jar:C:\Project\github\javavscode\netbeans\nbbuild\netbeans\platform\modules\org-netbeans-api-annotations-common.jar:C:\Project\github\javavscode\netbeans\nbbuild\netbeans\platform\modules\org-netbeans-api-progress.jar:C:\Project\github\javavscode\netbeans\nbbuild\netbeans\platform\lib\org-openide-modules.jar:C:\Project\github\javavscode\netbeans\nbbuild\netbeans\platform\lib\org-openide-util-ui.jar:C:\Project\github\javavscode\netbeans\nbbuild\netbeans\platform\lib\org-openide-util.jar:C:\Project\github\javavscode\netbeans\nbbuild\netbeans\platform\lib\org-openide-util-lookup.jar:C:\Project\github\javavscode\netbeans\nbbuild\netbeans\ide\modules\org-netbeans-modules-extexecution-base.jar:C:\Project\github\javavscode\netbeans\nbbuild\netbeans\platform\core\org-openide-filesystems.jar:C:\Project\github\javavscode\netbeans\nbbuild\netbeans\platform\modules\org-openide-io.jar:C:\Project\github\javavscode\netbeans\nbbuild\netbeans\platform\modules\org-netbeans-api-intent.jar:C:\Project\github\javavscode\netbeans\nbbuild\netbeans\platform\modules\org-netbeans-api-io.jar:C:\Project\github\javavscode\netbeans\nbbuild\netbeans\ide\modules\org-netbeans-modules-projectapi.jar:C:\Project\github\javavscode\netbeans\nbbuild\netbeans\platform\modules\org-netbeans-modules-queries.jar:C:\Project\github\javavscode\netbeans\nbbuild\netbeans\ide\modules\org-netbeans-modules-gsf-testrunner-ui.jar:C:\Project\github\javavscode\netbeans\nbbuild\netbeans\platform\modules\org-netbeans-api-annotations-common.jar:C:\Project\github\javavscode\netbeans\nbbuild\netbeans\ide\modules\org-netbeans-api-java-classpath.jar:C:\Project\github\javavscode\netbeans\nbbuild\netbeans\platform\core\org-openide-filesystems.jar:C:\Project\github\javavscode\netbeans\nbbuild\netbeans\platform\lib\org-openide-util.jar:C:\Project\github\javavscode\netbeans\nbbuild\netbeans\platform\lib\org-openide-util-lookup.jar:C:\Project\github\javavscode\netbeans\nbbuild\netbeans\platform\modules\org-netbeans-api-progress.jar:C:\Project\github\javavscode\netbeans\nbbuild\netbeans\platform\lib\org-openide-modules.jar:C:\Project\github\javavscode\netbeans\nbbuild\netbeans\platform\lib\org-openide-util-ui.jar:C:\Project\github\javavscode\netbeans\nbbuild\netbeans\platform\modules\org-netbeans-api-progress-nb.jar:C:\Project\github\javavscode\netbeans\nbbuild\netbeans\platform\modules\org-openide-awt.jar:C:\Project\github\javavscode\netbeans\nbbuild\netbeans\ide\modules\org-netbeans-modules-diff.jar:C:\Project\github\javavscode\netbeans\nbbuild\netbeans\ide\modules\org-netbeans-modules-editor-errorstripe.jar:C:\Project\github\javavscode\netbeans\nbbuild\netbeans\ide\modules\org-netbeans-modules-editor-document.jar:C:\Project\github\javavscode\netbeans\nbbuild\netbeans\platform\modules\org-netbeans-modules-editor-mimelookup.jar:C:\Project\github\javavscode\netbeans\nbbuild\netbeans\ide\modules\org-netbeans-modules-editor-util.jar:C:\Project\github\javavscode\netbeans\nbbuild\netbeans\ide\modules\org-netbeans-modules-editor-errorstripe-api.jar:C:\Project\github\javavscode\netbeans\nbbuild\netbeans\ide\modules\org-netbeans-modules-editor-fold.jar:C:\Project\github\javavscode\netbeans\nbbuild\netbeans\ide\modules\org-netbeans-modules-editor-settings.jar:C:\Project\github\javavscode\netbeans\nbbuild\netbeans\ide\modules\org-netbeans-modules-lexer.jar:C:\Project\github\javavscode\netbeans\nbbuild\netbeans\ide\modules\org-netbeans-modules-editor-settings-lib.jar:C:\Project\github\javavscode\netbeans\nbbuild\netbeans\ide\modules\org-netbeans-modules-editor-lib.jar:C:\Project\github\javavscode\netbeans\nbbuild\netbeans\ide\modules\org-netbeans-modules-editor-guards.jar:C:\Project\github\javavscode\netbeans\nbbuild\netbeans\ide\modules\org-netbeans-modules-editor-indent.jar:C:\Project\github\javavscode\netbeans\nbbuild\netbeans\ide\modules\org-netbeans-modules-editor-lib2.jar:C:\Project\github\javavscode\netbeans\nbbuild\netbeans\platform\modules\org-openide-dialogs.jar:C:\Project\github\javavscode\netbeans\nbbuild\netbeans\platform\modules\org-openide-loaders.jar:C:\Project\github\javavscode\netbeans\nbbuild\netbeans\platform\modules\org-netbeans-api-scripting.jar:C:\Project\github\javavscode\netbeans\nbbuild\netbeans\platform\modules\org-netbeans-api-templates.jar:C:\Project\github\javavscode\netbeans\nbbuild\netbeans\platform\modules\org-netbeans-modules-queries.jar:C:\Project\github\javavscode\netbeans\nbbuild\netbeans\platform\modules\org-openide-actions.jar:C:\Project\github\javavscode\netbeans\nbbuild\netbeans\platform\modules\org-openide-explorer.jar:C:\Project\github\javavscode\netbeans\nbbuild\netbeans\platform\modules\org-netbeans-swing-outline.jar:C:\Project\github\javavscode\netbeans\nbbuild\netbeans\platform\modules\org-netbeans-swing-tabcontrol.jar:C:\Project\github\javavscode\netbeans\nbbuild\netbeans\platform\modules\org-openide-windows.jar:C:\Project\github\javavscode\netbeans\nbbuild\netbeans\platform\modules\org-openide-nodes.jar:C:\Project\github\javavscode\netbeans\nbbuild\netbeans\platform\modules\org-openide-text.jar:C:\Project\github\javavscode\netbeans\nbbuild\netbeans\platform\modules\org-openide-filesystems-nb.jar:C:\Project\github\javavscode\netbeans\nbbuild\netbeans\platform\modules\org-netbeans-modules-options-api.jar:C:\Project\github\javavscode\netbeans\nbbuild\netbeans\platform\modules\org-netbeans-core.jar:C:\Project\github\javavscode\netbeans\nbbuild\netbeans\platform\lib\boot.jar:C:\Project\github\javavscode\netbeans\nbbuild\netbeans\platform\core\core.jar:C:\Project\github\javavscode\netbeans\nbbuild\netbeans\platform\core\org-netbeans-libs-asm.jar:C:\Project\github\javavscode\netbeans\platform\libs.asm\external\asm-9.6.jar:C:\Project\github\javavscode\netbeans\platform\libs.asm\external\asm-tree-9.6.jar:C:\Project\github\javavscode\netbeans\platform\libs.asm\external\asm-commons-9.6.jar:C:\Project\github\javavscode\netbeans\nbbuild\netbeans\platform\core\core-base.jar:C:\Project\github\javavscode\netbeans\nbbuild\netbeans\platform\modules\org-netbeans-modules-keyring.jar:C:\Project\github\javavscode\netbeans\nbbuild\netbeans\platform\modules\org-netbeans-modules-sampler.jar:C:\Project\github\javavscode\netbeans\nbbuild\netbeans\platform\modules\org-netbeans-swing-plaf.jar:C:\Project\github\javavscode\netbeans\nbbuild\netbeans\platform\modules\org-openide-io.jar:C:\Project\github\javavscode\netbeans\nbbuild\netbeans\platform\modules\org-netbeans-api-intent.jar:C:\Project\github\javavscode\netbeans\nbbuild\netbeans\platform\modules\org-netbeans-api-io.jar:C:\Project\github\javavscode\netbeans\nbbuild\netbeans\platform\modules\org-netbeans-spi-quicksearch.jar:C:\Project\github\javavscode\netbeans\nbbuild\netbeans\ide\modules\org-netbeans-modules-options-editor.jar:C:\Project\github\javavscode\netbeans\nbbuild\netbeans\ide\modules\org-netbeans-modules-editor.jar:C:\Project\github\javavscode\netbeans\nbbuild\netbeans\ide\modules\org-netbeans-api-lsp.jar:C:\Project\github\javavscode\netbeans\nbbuild\netbeans\ide\modules\org-netbeans-modules-editor-settings-storage.jar:C:\Project\github\javavscode\netbeans\nbbuild\netbeans\platform\modules\org-netbeans-modules-options-keymap.jar:C:\Project\github\javavscode\netbeans\nbbuild\netbeans\ide\modules\org-netbeans-modules-projectapi.jar:C:\Project\github\javavscode\netbeans\nbbuild\netbeans\ide\modules\org-netbeans-modules-extexecution.jar:C:\Project\github\javavscode\netbeans\nbbuild\netbeans\ide\modules\org-netbeans-modules-extexecution-base.jar:C:\Project\github\javavscode\netbeans\nbbuild\netbeans\ide\modules\org-netbeans-modules-gsf-testrunner.jar:C:\Project\github\javavscode\netbeans\nbbuild\netbeans\ide\modules\org-netbeans-modules-parsing-api.jar:C:\Project\github\javavscode\netbeans\nbbuild\netbeans\ide\modules\org-netbeans-modules-parsing-lucene.jar:C:\Project\github\javavscode\netbeans\nbbuild\netbeans\ide\modules\org-netbeans-libs-lucene.jar:C:\Project\github\javavscode\netbeans\ide\libs.lucene\external\lucene-core-3.6.2.jar:C:\Project\github\javavscode\netbeans\nbbuild\netbeans\platform\modules\org-netbeans-modules-masterfs.jar:C:\Project\github\javavscode\netbeans\nbbuild\netbeans\ide\modules\org-netbeans-modules-parsing-indexing.jar:C:\Project\github\javavscode\netbeans\nbbuild\netbeans\ide\modules\org-netbeans-modules-project-indexingbridge.jar:C:\Project\github\javavscode\netbeans\nbbuild\netbeans\ide\modules\org-netbeans-modules-projectuiapi-base.jar:C:\Project\github\javavscode\netbeans\nbbuild\netbeans\ide\modules\org-netbeans-spi-tasklist.jar:C:\Project\github\javavscode\netbeans\nbbuild\netbeans\java\modules\org-netbeans-modules-java-completion.jar:C:\Project\github\javavscode\netbeans\nbbuild\netbeans\platform\modules\org-netbeans-api-annotations-common.jar:C:\Project\github\javavscode\netbeans\nbbuild\netbeans\ide\modules\org-netbeans-api-java-classpath.jar:C:\Project\github\javavscode\netbeans\nbbuild\netbeans\platform\core\org-openide-filesystems.jar:C:\Project\github\javavscode\netbeans\nbbuild\netbeans\platform\lib\org-openide-util.jar:C:\Project\github\javavscode\netbeans\nbbuild\netbeans\platform\lib\org-openide-util-lookup.jar:C:\Project\github\javavscode\netbeans\nbbuild\netbeans\java\modules\org-netbeans-libs-javacapi.jar:C:\Project\github\javavscode\netbeans\java\libs.javacapi\external\nb-javac-jdk-22+33-api.jar:C:\Project\github\javavscode\netbeans\java\libs.javacapi\external\nb-javac-jdk-22+33.jar:C:\Project\github\javavscode\netbeans\nbbuild\netbeans\platform\modules\org-netbeans-modules-editor-mimelookup.jar:C:\Project\github\javavscode\netbeans\nbbuild\netbeans\java\modules\org-netbeans-modules-java-lexer.jar:C:\Project\github\javavscode\netbeans\nbbuild\netbeans\ide\modules\org-netbeans-modules-lexer.jar:C:\Project\github\javavscode\netbeans\nbbuild\netbeans\ide\modules\org-netbeans-modules-editor-util.jar:C:\Project\github\javavscode\netbeans\nbbuild\netbeans\platform\lib\org-openide-util-ui.jar:C:\Project\github\javavscode\netbeans\nbbuild\netbeans\java\modules\org-netbeans-modules-java-source-base.jar:C:\Project\github\javavscode\netbeans\nbbuild\netbeans\java\modules\org-netbeans-api-java.jar:C:\Project\github\javavscode\netbeans\nbbuild\netbeans\platform\lib\org-openide-modules.jar:C:\Project\github\javavscode\netbeans\nbbuild\netbeans\platform\modules\org-netbeans-api-progress.jar:C:\Project\github\javavscode\netbeans\nbbuild\netbeans\platform\modules\org-netbeans-api-scripting.jar:C:\Project\github\javavscode\netbeans\nbbuild\netbeans\java\modules\org-netbeans-lib-nbjavac.jar:C:\Project\github\javavscode\netbeans\nbbuild\netbeans\platform\core\org-netbeans-libs-asm.jar:C:\Project\github\javavscode\netbeans\platform\libs.asm\external\asm-9.6.jar:C:\Project\github\javavscode\netbeans\platform\libs.asm\external\asm-tree-9.6.jar:C:\Project\github\javavscode\netbeans\platform\libs.asm\external\asm-commons-9.6.jar:C:\Project\github\javavscode\netbeans\nbbuild\netbeans\ide\modules\org-netbeans-libs-lucene.jar:C:\Project\github\javavscode\netbeans\ide\libs.lucene\external\lucene-core-3.6.2.jar:C:\Project\github\javavscode\netbeans\nbbuild\netbeans\java\modules\org-netbeans-modules-classfile.jar:C:\Project\github\javavscode\netbeans\nbbuild\netbeans\ide\modules\org-netbeans-modules-editor-document.jar:C:\Project\github\javavscode\netbeans\nbbuild\netbeans\ide\modules\org-netbeans-modules-editor-guards.jar:C:\Project\github\javavscode\netbeans\nbbuild\netbeans\ide\modules\org-netbeans-modules-editor-indent.jar:C:\Project\github\javavscode\netbeans\nbbuild\netbeans\ide\modules\org-netbeans-modules-editor-settings.jar:C:\Project\github\javavscode\netbeans\nbbuild\netbeans\java\modules\org-netbeans-modules-java-platform.jar:C:\Project\github\javavscode\netbeans\nbbuild\netbeans\java\modules\org-netbeans-modules-java-preprocessorbridge.jar:C:\Project\github\javavscode\netbeans\nbbuild\netbeans\ide\modules\org-netbeans-modules-parsing-api.jar:C:\Project\github\javavscode\netbeans\nbbuild\netbeans\ide\modules\org-netbeans-modules-parsing-lucene.jar:C:\Project\github\javavscode\netbeans\nbbuild\netbeans\platform\modules\org-netbeans-modules-masterfs.jar:C:\Project\github\javavscode\netbeans\nbbuild\netbeans\platform\modules\org-netbeans-modules-queries.jar:C:\Project\github\javavscode\netbeans\nbbuild\netbeans\ide\modules\org-netbeans-modules-projectapi.jar:C:\Project\github\javavscode\netbeans\nbbuild\netbeans\ide\modules\org-netbeans-modules-parsing-indexing.jar:C:\Project\github\javavscode\netbeans\nbbuild\netbeans\ide\modules\org-netbeans-modules-project-indexingbridge.jar:C:\Project\github\javavscode\netbeans\nbbuild\netbeans\ide\modules\org-netbeans-modules-projectuiapi-base.jar:C:\Project\github\javavscode\netbeans\nbbuild\netbeans\platform\modules\org-openide-explorer.jar:C:\Project\github\javavscode\netbeans\nbbuild\netbeans\platform\modules\org-netbeans-swing-outline.jar:C:\Project\github\javavscode\netbeans\nbbuild\netbeans\platform\modules\org-netbeans-swing-tabcontrol.jar:C:\Project\github\javavscode\netbeans\nbbuild\netbeans\platform\modules\org-openide-awt.jar:C:\Project\github\javavscode\netbeans\nbbuild\netbeans\platform\modules\org-openide-windows.jar:C:\Project\github\javavscode\netbeans\nbbuild\netbeans\platform\modules\org-openide-nodes.jar:C:\Project\github\javavscode\netbeans\nbbuild\netbeans\platform\modules\org-openide-dialogs.jar:C:\Project\github\javavscode\netbeans\nbbuild\netbeans\platform\modules\org-netbeans-api-progress-nb.jar:C:\Project\github\javavscode\netbeans\nbbuild\netbeans\ide\modules\org-netbeans-spi-tasklist.jar:C:\Project\github\javavscode\netbeans\nbbuild\netbeans\ide\modules\org-netbeans-modules-refactoring-api.jar:C:\Project\github\javavscode\netbeans\nbbuild\netbeans\ide\modules\org-netbeans-modules-diff.jar:C:\Project\github\javavscode\netbeans\nbbuild\netbeans\ide\modules\org-netbeans-modules-editor-errorstripe.jar:C:\Project\github\javavscode\netbeans\nbbuild\netbeans\ide\modules\org-netbeans-modules-editor-errorstripe-api.jar:C:\Project\github\javavscode\netbeans\nbbuild\netbeans\ide\modules\org-netbeans-modules-editor-fold.jar:C:\Project\github\javavscode\netbeans\nbbuild\netbeans\ide\modules\org-netbeans-modules-editor-settings-lib.jar:C:\Project\github\javavscode\netbeans\nbbuild\netbeans\ide\modules\org-netbeans-modules-editor-lib.jar:C:\Project\github\javavscode\netbeans\nbbuild\netbeans\ide\modules\org-netbeans-modules-editor-lib2.jar:C:\Project\github\javavscode\netbeans\nbbuild\netbeans\platform\modules\org-openide-loaders.jar:C:\Project\github\javavscode\netbeans\nbbuild\netbeans\platform\modules\org-netbeans-api-templates.jar:C:\Project\github\javavscode\netbeans\nbbuild\netbeans\platform\modules\org-openide-actions.jar:C:\Project\github\javavscode\netbeans\nbbuild\netbeans\platform\modules\org-openide-text.jar:C:\Project\github\javavscode\netbeans\nbbuild\netbeans\platform\modules\org-openide-filesystems-nb.jar:C:\Project\github\javavscode\netbeans\nbbuild\netbeans\platform\modules\org-netbeans-modules-options-api.jar:C:\Project\github\javavscode\netbeans\nbbuild\netbeans\platform\modules\org-netbeans-core.jar:C:\Project\github\javavscode\netbeans\nbbuild\netbeans\platform\lib\boot.jar:C:\Project\github\javavscode\netbeans\nbbuild\netbeans\platform\core\core.jar:C:\Project\github\javavscode\netbeans\nbbuild\netbeans\platform\core\core-base.jar:C:\Project\github\javavscode\netbeans\nbbuild\netbeans\platform\modules\org-netbeans-modules-keyring.jar:C:\Project\github\javavscode\netbeans\nbbuild\netbeans\platform\modules\org-netbeans-modules-sampler.jar:C:\Project\github\javavscode\netbeans\nbbuild\netbeans\platform\modules\org-netbeans-swing-plaf.jar:C:\Project\github\javavscode\netbeans\nbbuild\netbeans\platform\modules\org-openide-io.jar:C:\Project\github\javavscode\netbeans\nbbuild\netbeans\platform\modules\org-netbeans-api-intent.jar:C:\Project\github\javavscode\netbeans\nbbuild\netbeans\platform\modules\org-netbeans-api-io.jar:C:\Project\github\javavscode\netbeans\nbbuild\netbeans\platform\modules\org-netbeans-spi-quicksearch.jar:C:\Project\github\javavscode\netbeans\nbbuild\netbeans\ide\modules\org-netbeans-modules-options-editor.jar:C:\Project\github\javavscode\netbeans\nbbuild\netbeans\ide\modules\org-netbeans-modules-editor.jar:C:\Project\github\javavscode\netbeans\nbbuild\netbeans\ide\modules\org-netbeans-api-lsp.jar:C:\Project\github\javavscode\netbeans\nbbuild\netbeans\ide\modules\org-netbeans-modules-editor-settings-storage.jar:C:\Project\github\javavscode\netbeans\nbbuild\netbeans\platform\modules\org-netbeans-modules-options-keymap.jar:C:\Project\github\javavscode\netbeans\nbbuild\netbeans\java\modules\org-netbeans-modules-java-editor.jar:C:\Project\github\javavscode\netbeans\nbbuild\netbeans\platform\modules\org-netbeans-api-annotations-common.jar:C:\Project\github\javavscode\netbeans\nbbuild\netbeans\java\modules\org-netbeans-api-java.jar:C:\Project\github\javavscode\netbeans\nbbuild\netbeans\ide\modules\org-netbeans-api-java-classpath.jar:C:\Project\github\javavscode\netbeans\nbbuild\netbeans\platform\core\org-openide-filesystems.jar:C:\Project\github\javavscode\netbeans\nbbuild\netbeans\platform\lib\org-openide-util.jar:C:\Project\github\javavscode\netbeans\nbbuild\netbeans\platform\lib\org-openide-util-lookup.jar:C:\Project\github\javavscode\netbeans\nbbuild\netbeans\platform\lib\org-openide-modules.jar:C:\Project\github\javavscode\netbeans\nbbuild\netbeans\platform\lib\org-openide-util-ui.jar:C:\Project\github\javavscode\netbeans\nbbuild\netbeans\ide\modules\org-netbeans-api-lsp.jar:C:\Project\github\javavscode\netbeans\nbbuild\netbeans\platform\modules\org-netbeans-modules-editor-mimelookup.jar:C:\Project\github\javavscode\netbeans\nbbuild\netbeans\ide\modules\org-netbeans-modules-editor-util.jar:C:\Project\github\javavscode\netbeans\nbbuild\netbeans\platform\modules\org-netbeans-api-progress.jar:C:\Project\github\javavscode\netbeans\nbbuild\netbeans\platform\modules\org-netbeans-api-progress-nb.jar:C:\Project\github\javavscode\netbeans\nbbuild\netbeans\platform\modules\org-openide-awt.jar:C:\Project\github\javavscode\netbeans\nbbuild\netbeans\java\modules\org-netbeans-libs-javacapi.jar:C:\Project\github\javavscode\netbeans\java\libs.javacapi\external\nb-javac-jdk-22+33-api.jar:C:\Project\github\javavscode\netbeans\java\libs.javacapi\external\nb-javac-jdk-22+33.jar:C:\Project\github\javavscode\netbeans\nbbuild\netbeans\ide\modules\org-netbeans-modules-editor.jar:C:\Project\github\javavscode\netbeans\nbbuild\netbeans\ide\modules\org-netbeans-modules-editor-document.jar:C:\Project\github\javavscode\netbeans\nbbuild\netbeans\ide\modules\org-netbeans-modules-editor-fold.jar:C:\Project\github\javavscode\netbeans\nbbuild\netbeans\ide\modules\org-netbeans-modules-editor-settings.jar:C:\Project\github\javavscode\netbeans\nbbuild\netbeans\ide\modules\org-netbeans-modules-lexer.jar:C:\Project\github\javavscode\netbeans\nbbuild\netbeans\ide\modules\org-netbeans-modules-editor-settings-lib.jar:C:\Project\github\javavscode\netbeans\nbbuild\netbeans\ide\modules\org-netbeans-modules-editor-guards.jar:C:\Project\github\javavscode\netbeans\nbbuild\netbeans\ide\modules\org-netbeans-modules-editor-indent.jar:C:\Project\github\javavscode\netbeans\nbbuild\netbeans\ide\modules\org-netbeans-modules-editor-lib.jar:C:\Project\github\javavscode\netbeans\nbbuild\netbeans\ide\modules\org-netbeans-modules-editor-lib2.jar:C:\Project\github\javavscode\netbeans\nbbuild\netbeans\platform\modules\org-openide-dialogs.jar:C:\Project\github\javavscode\netbeans\nbbuild\netbeans\platform\modules\org-openide-actions.jar:C:\Project\github\javavscode\netbeans\nbbuild\netbeans\platform\modules\org-openide-explorer.jar:C:\Project\github\javavscode\netbeans\nbbuild\netbeans\platform\modules\org-netbeans-swing-outline.jar:C:\Project\github\javavscode\netbeans\nbbuild\netbeans\platform\modules\org-netbeans-swing-tabcontrol.jar:C:\Project\github\javavscode\netbeans\nbbuild\netbeans\platform\modules\org-openide-windows.jar:C:\Project\github\javavscode\netbeans\nbbuild\netbeans\platform\modules\org-openide-nodes.jar:C:\Project\github\javavscode\netbeans\nbbuild\netbeans\platform\modules\org-openide-text.jar:C:\Project\github\javavscode\netbeans\nbbuild\netbeans\platform\modules\org-openide-filesystems-nb.jar:C:\Project\github\javavscode\netbeans\nbbuild\netbeans\platform\modules\org-openide-loaders.jar:C:\Project\github\javavscode\netbeans\nbbuild\netbeans\platform\modules\org-netbeans-api-scripting.jar:C:\Project\github\javavscode\netbeans\nbbuild\netbeans\platform\modules\org-netbeans-api-templates.jar:C:\Project\github\javavscode\netbeans\nbbuild\netbeans\platform\modules\org-netbeans-modules-queries.jar:C:\Project\github\javavscode\netbeans\nbbuild\netbeans\ide\modules\org-netbeans-modules-editor-bracesmatching.jar:C:\Project\github\javavscode\netbeans\nbbuild\netbeans\ide\modules\org-netbeans-modules-editor-codetemplates.jar:C:\Project\github\javavscode\netbeans\nbbuild\netbeans\ide\modules\org-netbeans-modules-editor-completion.jar:C:\Project\github\javavscode\netbeans\nbbuild\netbeans\platform\modules\org-netbeans-modules-sampler.jar:C:\Project\github\javavscode\netbeans\nbbuild\netbeans\ide\modules\org-netbeans-modules-editor-settings-storage.jar:C:\Project\github\javavscode\netbeans\nbbuild\netbeans\platform\modules\org-netbeans-modules-options-keymap.jar:C:\Project\github\javavscode\netbeans\nbbuild\netbeans\platform\modules\org-netbeans-modules-options-api.jar:C:\Project\github\javavscode\netbeans\nbbuild\netbeans\platform\modules\org-netbeans-core.jar:C:\Project\github\javavscode\netbeans\nbbuild\netbeans\platform\lib\boot.jar:C:\Project\github\javavscode\netbeans\nbbuild\netbeans\platform\core\core.jar:C:\Project\github\javavscode\netbeans\nbbuild\netbeans\platform\core\org-netbeans-libs-asm.jar:C:\Project\github\javavscode\netbeans\platform\libs.asm\external\asm-9.6.jar:C:\Project\github\javavscode\netbeans\platform\libs.asm\external\asm-tree-9.6.jar:C:\Project\github\javavscode\netbeans\platform\libs.asm\external\asm-commons-9.6.jar:C:\Project\github\javavscode\netbeans\nbbuild\netbeans\platform\core\core-base.jar:C:\Project\github\javavscode\netbeans\nbbuild\netbeans\platform\modules\org-netbeans-modules-keyring.jar:C:\Project\github\javavscode\netbeans\nbbuild\netbeans\platform\modules\org-netbeans-swing-plaf.jar:C:\Project\github\javavscode\netbeans\nbbuild\netbeans\platform\modules\org-openide-io.jar:C:\Project\github\javavscode\netbeans\nbbuild\netbeans\platform\modules\org-netbeans-api-intent.jar:C:\Project\github\javavscode\netbeans\nbbuild\netbeans\platform\modules\org-netbeans-api-io.jar:C:\Project\github\javavscode\netbeans\nbbuild\netbeans\platform\modules\org-netbeans-spi-quicksearch.jar:C:\Project\github\javavscode\netbeans\nbbuild\netbeans\ide\modules\org-netbeans-spi-editor-hints.jar:C:\Project\github\javavscode\netbeans\nbbuild\netbeans\ide\modules\org-netbeans-modules-editor-errorstripe.jar:C:\Project\github\javavscode\netbeans\nbbuild\netbeans\ide\modules\org-netbeans-modules-editor-errorstripe-api.jar:C:\Project\github\javavscode\netbeans\nbbuild\netbeans\java\modules\org-netbeans-modules-java-completion.jar:C:\Project\github\javavscode\netbeans\nbbuild\netbeans\java\modules\org-netbeans-modules-java-lexer.jar:C:\Project\github\javavscode\netbeans\nbbuild\netbeans\java\modules\org-netbeans-modules-java-source-base.jar:C:\Project\github\javavscode\netbeans\nbbuild\netbeans\java\modules\org-netbeans-lib-nbjavac.jar:C:\Project\github\javavscode\netbeans\nbbuild\netbeans\ide\modules\org-netbeans-libs-lucene.jar:C:\Project\github\javavscode\netbeans\ide\libs.lucene\external\lucene-core-3.6.2.jar:C:\Project\github\javavscode\netbeans\nbbuild\netbeans\java\modules\org-netbeans-modules-classfile.jar:C:\Project\github\javavscode\netbeans\nbbuild\netbeans\java\modules\org-netbeans-modules-java-platform.jar:C:\Project\github\javavscode\netbeans\nbbuild\netbeans\java\modules\org-netbeans-modules-java-preprocessorbridge.jar:C:\Project\github\javavscode\netbeans\nbbuild\netbeans\ide\modules\org-netbeans-modules-parsing-api.jar:C:\Project\github\javavscode\netbeans\nbbuild\netbeans\ide\modules\org-netbeans-modules-parsing-lucene.jar:C:\Project\github\javavscode\netbeans\nbbuild\netbeans\platform\modules\org-netbeans-modules-masterfs.jar:C:\Project\github\javavscode\netbeans\nbbuild\netbeans\ide\modules\org-netbeans-modules-projectapi.jar:C:\Project\github\javavscode\netbeans\nbbuild\netbeans\ide\modules\org-netbeans-modules-parsing-indexing.jar:C:\Project\github\javavscode\netbeans\nbbuild\netbeans\ide\modules\org-netbeans-modules-project-indexingbridge.jar:C:\Project\github\javavscode\netbeans\nbbuild\netbeans\ide\modules\org-netbeans-modules-projectuiapi-base.jar:C:\Project\github\javavscode\netbeans\nbbuild\netbeans\ide\modules\org-netbeans-spi-tasklist.jar:C:\Project\github\javavscode\netbeans\nbbuild\netbeans\ide\modules\org-netbeans-modules-refactoring-api.jar:C:\Project\github\javavscode\netbeans\nbbuild\netbeans\ide\modules\org-netbeans-modules-diff.jar:C:\Project\github\javavscode\netbeans\nbbuild\netbeans\ide\modules\org-netbeans-modules-options-editor.jar:C:\Project\github\javavscode\netbeans\nbbuild\netbeans\java\modules\org-netbeans-modules-java-editor-base.jar:C:\Project\github\javavscode\netbeans\nbbuild\netbeans\java\modules\org-netbeans-modules-java-project.jar:C:\Project\github\javavscode\netbeans\nbbuild\netbeans\ide\modules\org-netbeans-modules-project-ant.jar:C:\Project\github\javavscode\netbeans\nbbuild\netbeans\ide\modules\org-netbeans-modules-project-libraries.jar:C:\Project\github\javavscode\netbeans\nbbuild\netbeans\ide\modules\org-netbeans-modules-project-spi-intern.jar:C:\Project\github\javavscode\netbeans\nbbuild\netbeans\ide\modules\org-netbeans-modules-xml-catalog.jar:C:\Project\github\javavscode\netbeans\nbbuild\netbeans\ide\modules\org-apache-xml-resolver.jar:C:\Project\github\javavscode\netbeans\ide\o.apache.xml.resolver\external\resolver-1.2.jar:C:\Project\github\javavscode\netbeans\nbbuild\netbeans\ide\modules\org-netbeans-api-xml.jar:C:\Project\github\javavscode\netbeans\nbbuild\netbeans\java\modules\org-netbeans-spi-java-hints.jar:C:\Project\github\javavscode\netbeans\nbbuild\netbeans\ide\modules\org-netbeans-modules-code-analysis.jar:C:\Project\github\javavscode\netbeans\nbbuild\netbeans\platform\modules\org-netbeans-modules-autoupdate-services.jar:C:\Project\github\javavscode\netbeans\nbbuild\netbeans\platform\modules\ext\updater.jar:C:\Project\github\javavscode\netbeans\nbbuild\netbeans\ide\modules\org-netbeans-modules-projectuiapi.jar:C:\Project\github\javavscode\netbeans\nbbuild\netbeans\platform\modules\org-netbeans-modules-settings.jar:C:\Project\github\javavscode\netbeans\nbbuild\netbeans\java\modules\org-netbeans-modules-java-source.jar:C:\Project\github\javavscode\netbeans\nbbuild\netbeans\platform\modules\org-netbeans-core-multiview.jar:C:\Project\github\javavscode\netbeans\nbbuild\netbeans\ide\modules\org-netbeans-modules-editor-indent-project.jar:C:\Project\github\javavscode\netbeans\nbbuild\netbeans\java\modules\org-netbeans-modules-java-sourceui.jar:C:\Project\github\javavscode\netbeans\nbbuild\netbeans\ide\modules\org-netbeans-modules-jumpto.jar:C:\Project\github\javavscode\netbeans\nbbuild\netbeans\platform\modules\org-netbeans-api-search.jar:C:\Project\github\javavscode\netbeans\nbbuild\netbeans\java\modules\org-netbeans-modules-refactoring-java.jar:C:\Project\github\javavscode\netbeans\nbbuild\netbeans\ide\modules\org-netbeans-modules-gototest.jar:C:\Project\github\javavscode\netbeans\nbbuild\netbeans\ide\modules\org-netbeans-modules-gsf-testrunner.jar:C:\Project\github\javavscode\netbeans\nbbuild\netbeans\ide\modules\org-netbeans-modules-extexecution.jar:C:\Project\github\javavscode\netbeans\nbbuild\netbeans\ide\modules\org-netbeans-modules-extexecution-base.jar:C:\Project\github\javavscode\netbeans\nbbuild\netbeans\ide\modules\org-netbeans-modules-gsf-testrunner-ui.jar:C:\Project\github\javavscode\netbeans\nbbuild\netbeans\java\modules\org-netbeans-modules-java-file-launcher.jar:C:\Project\github\javavscode\netbeans\nbbuild\netbeans\java\modules\org-netbeans-api-debugger-jpda.jar:C:\Project\github\javavscode\netbeans\nbbuild\netbeans\ide\modules\org-netbeans-api-debugger.jar:C:\Project\github\javavscode\netbeans\nbbuild\netbeans\java\modules\org-netbeans-modules-java-project-ui.jar:C:\Project\github\javavscode\netbeans\nbbuild\netbeans\extide\modules\org-apache-tools-ant-module.jar:C:\Project\github\javavscode\netbeans\nbbuild\netbeans\ide\modules\org-netbeans-api-xml-ui.jar:C:\Project\github\javavscode\netbeans\nbbuild\netbeans\extide\modules\org-netbeans-modules-options-java.jar:C:\Project\github\javavscode\netbeans\nbbuild\netbeans\ide\modules\org-netbeans-spi-navigator.jar:C:\Project\github\javavscode\netbeans\nbbuild\netbeans\platform\modules\org-openide-execution.jar:C:\Project\github\javavscode\netbeans\nbbuild\netbeans\java\modules\org-netbeans-modules-java-platform-ui.jar:C:\Project\github\javavscode\netbeans\nbbuild\netbeans\ide\modules\org-netbeans-modules-project-ant-ui.jar:C:\Project\github\javavscode\netbeans\nbbuild\netbeans\ide\modules\org-netbeans-modules-project-libraries-ui.jar:C:\Project\github\javavscode\netbeans\nbbuild\netbeans\platform\modules\org-netbeans-modules-javahelp.jar:C:\Project\github\javavscode\netbeans\platform\javahelp\external\jhall-2.0_05.jar:C:\Project\github\javavscode\netbeans\nbbuild\netbeans\java\modules\org-netbeans-modules-whitelist.jar:C:\Project\github\javavscode\netbeans\nbbuild\netbeans\java\modules\org-netbeans-modules-libs-corba-omgapi.jar:C:\Project\github\javavscode\netbeans\nbbuild\netbeans\java\modules\ext\corba\omgapi\glassfish-corba-omgapi.jar:C:\Project\github\javavscode\netbeans\nbbuild\netbeans\java\modules\org-netbeans-modules-java-editor-base.jar:C:\Project\github\javavscode\netbeans\nbbuild\netbeans\platform\modules\org-netbeans-api-annotations-common.jar:C:\Project\github\javavscode\netbeans\nbbuild\netbeans\ide\modules\org-netbeans-api-java-classpath.jar:C:\Project\github\javavscode\netbeans\nbbuild\netbeans\platform\core\org-openide-filesystems.jar:C:\Project\github\javavscode\netbeans\nbbuild\netbeans\platform\lib\org-openide-util.jar:C:\Project\github\javavscode\netbeans\nbbuild\netbeans\platform\lib\org-openide-util-lookup.jar:C:\Project\github\javavscode\netbeans\nbbuild\netbeans\java\modules\org-netbeans-libs-javacapi.jar:C:\Project\github\javavscode\netbeans\java\libs.javacapi\external\nb-javac-jdk-22+33-api.jar:C:\Project\github\javavscode\netbeans\java\libs.javacapi\external\nb-javac-jdk-22+33.jar:C:\Project\github\javavscode\netbeans\nbbuild\netbeans\platform\modules\org-netbeans-modules-editor-mimelookup.jar:C:\Project\github\javavscode\netbeans\nbbuild\netbeans\ide\modules\org-netbeans-modules-editor-settings.jar:C:\Project\github\javavscode\netbeans\nbbuild\netbeans\platform\lib\org-openide-modules.jar:C:\Project\github\javavscode\netbeans\nbbuild\netbeans\platform\lib\org-openide-util-ui.jar:C:\Project\github\javavscode\netbeans\nbbuild\netbeans\java\modules\org-netbeans-modules-java-lexer.jar:C:\Project\github\javavscode\netbeans\nbbuild\netbeans\ide\modules\org-netbeans-modules-lexer.jar:C:\Project\github\javavscode\netbeans\nbbuild\netbeans\ide\modules\org-netbeans-modules-editor-util.jar:C:\Project\github\javavscode\netbeans\nbbuild\netbeans\java\modules\org-netbeans-modules-java-project.jar:C:\Project\github\javavscode\netbeans\nbbuild\netbeans\java\modules\org-netbeans-api-java.jar:C:\Project\github\javavscode\netbeans\nbbuild\netbeans\java\modules\org-netbeans-modules-classfile.jar:C:\Project\github\javavscode\netbeans\nbbuild\netbeans\java\modules\org-netbeans-modules-java-platform.jar:C:\Project\github\javavscode\netbeans\nbbuild\netbeans\java\modules\org-netbeans-modules-java-source-base.jar:C:\Project\github\javavscode\netbeans\nbbuild\netbeans\platform\modules\org-netbeans-api-progress.jar:C:\Project\github\javavscode\netbeans\nbbuild\netbeans\platform\modules\org-netbeans-api-scripting.jar:C:\Project\github\javavscode\netbeans\nbbuild\netbeans\java\modules\org-netbeans-lib-nbjavac.jar:C:\Project\github\javavscode\netbeans\nbbuild\netbeans\platform\core\org-netbeans-libs-asm.jar:C:\Project\github\javavscode\netbeans\platform\libs.asm\external\asm-9.6.jar:C:\Project\github\javavscode\netbeans\platform\libs.asm\external\asm-tree-9.6.jar:C:\Project\github\javavscode\netbeans\platform\libs.asm\external\asm-commons-9.6.jar:C:\Project\github\javavscode\netbeans\nbbuild\netbeans\ide\modules\org-netbeans-libs-lucene.jar:C:\Project\github\javavscode\netbeans\ide\libs.lucene\external\lucene-core-3.6.2.jar:C:\Project\github\javavscode\netbeans\nbbuild\netbeans\ide\modules\org-netbeans-modules-editor-document.jar:C:\Project\github\javavscode\netbeans\nbbuild\netbeans\ide\modules\org-netbeans-modules-editor-guards.jar:C:\Project\github\javavscode\netbeans\nbbuild\netbeans\ide\modules\org-netbeans-modules-editor-indent.jar:C:\Project\github\javavscode\netbeans\nbbuild\netbeans\java\modules\org-netbeans-modules-java-preprocessorbridge.jar:C:\Project\github\javavscode\netbeans\nbbuild\netbeans\ide\modules\org-netbeans-modules-parsing-api.jar:C:\Project\github\javavscode\netbeans\nbbuild\netbeans\ide\modules\org-netbeans-modules-parsing-lucene.jar:C:\Project\github\javavscode\netbeans\nbbuild\netbeans\platform\modules\org-netbeans-modules-masterfs.jar:C:\Project\github\javavscode\netbeans\nbbuild\netbeans\platform\modules\org-netbeans-modules-queries.jar:C:\Project\github\javavscode\netbeans\nbbuild\netbeans\ide\modules\org-netbeans-modules-projectapi.jar:C:\Project\github\javavscode\netbeans\nbbuild\netbeans\ide\modules\org-netbeans-modules-parsing-indexing.jar:C:\Project\github\javavscode\netbeans\nbbuild\netbeans\ide\modules\org-netbeans-modules-project-indexingbridge.jar:C:\Project\github\javavscode\netbeans\nbbuild\netbeans\ide\modules\org-netbeans-modules-projectuiapi-base.jar:C:\Project\github\javavscode\netbeans\nbbuild\netbeans\platform\modules\org-openide-explorer.jar:C:\Project\github\javavscode\netbeans\nbbuild\netbeans\platform\modules\org-netbeans-swing-outline.jar:C:\Project\github\javavscode\netbeans\nbbuild\netbeans\platform\modules\org-netbeans-swing-tabcontrol.jar:C:\Project\github\javavscode\netbeans\nbbuild\netbeans\platform\modules\org-openide-awt.jar:C:\Project\github\javavscode\netbeans\nbbuild\netbeans\platform\modules\org-openide-windows.jar:C:\Project\github\javavscode\netbeans\nbbuild\netbeans\platform\modules\org-openide-nodes.jar:C:\Project\github\javavscode\netbeans\nbbuild\netbeans\platform\modules\org-openide-dialogs.jar:C:\Project\github\javavscode\netbeans\nbbuild\netbeans\platform\modules\org-netbeans-api-progress-nb.jar:C:\Project\github\javavscode\netbeans\nbbuild\netbeans\ide\modules\org-netbeans-spi-tasklist.jar:C:\Project\github\javavscode\netbeans\nbbuild\netbeans\ide\modules\org-netbeans-modules-refactoring-api.jar:C:\Project\github\javavscode\netbeans\nbbuild\netbeans\ide\modules\org-netbeans-modules-diff.jar:C:\Project\github\javavscode\netbeans\nbbuild\netbeans\ide\modules\org-netbeans-modules-editor-errorstripe.jar:C:\Project\github\javavscode\netbeans\nbbuild\netbeans\ide\modules\org-netbeans-modules-editor-errorstripe-api.jar:C:\Project\github\javavscode\netbeans\nbbuild\netbeans\ide\modules\org-netbeans-modules-editor-fold.jar:C:\Project\github\javavscode\netbeans\nbbuild\netbeans\ide\modules\org-netbeans-modules-editor-settings-lib.jar:C:\Project\github\javavscode\netbeans\nbbuild\netbeans\ide\modules\org-netbeans-modules-editor-lib.jar:C:\Project\github\javavscode\netbeans\nbbuild\netbeans\ide\modules\org-netbeans-modules-editor-lib2.jar:C:\Project\github\javavscode\netbeans\nbbuild\netbeans\platform\modules\org-openide-loaders.jar:C:\Project\github\javavscode\netbeans\nbbuild\netbeans\platform\modules\org-netbeans-api-templates.jar:C:\Project\github\javavscode\netbeans\nbbuild\netbeans\platform\modules\org-openide-actions.jar:C:\Project\github\javavscode\netbeans\nbbuild\netbeans\platform\modules\org-openide-text.jar:C:\Project\github\javavscode\netbeans\nbbuild\netbeans\platform\modules\org-openide-filesystems-nb.jar:C:\Project\github\javavscode\netbeans\nbbuild\netbeans\platform\modules\org-netbeans-modules-options-api.jar:C:\Project\github\javavscode\netbeans\nbbuild\netbeans\platform\modules\org-netbeans-core.jar:C:\Project\github\javavscode\netbeans\nbbuild\netbeans\platform\lib\boot.jar:C:\Project\github\javavscode\netbeans\nbbuild\netbeans\platform\core\core.jar:C:\Project\github\javavscode\netbeans\nbbuild\netbeans\platform\core\core-base.jar:C:\Project\github\javavscode\netbeans\nbbuild\netbeans\platform\modules\org-netbeans-modules-keyring.jar:C:\Project\github\javavscode\netbeans\nbbuild\netbeans\platform\modules\org-netbeans-modules-sampler.jar:C:\Project\github\javavscode\netbeans\nbbuild\netbeans\platform\modules\org-netbeans-swing-plaf.jar:C:\Project\github\javavscode\netbeans\nbbuild\netbeans\platform\modules\org-openide-io.jar:C:\Project\github\javavscode\netbeans\nbbuild\netbeans\platform\modules\org-netbeans-api-intent.jar:C:\Project\github\javavscode\netbeans\nbbuild\netbeans\platform\modules\org-netbeans-api-io.jar:C:\Project\github\javavscode\netbeans\nbbuild\netbeans\platform\modules\org-netbeans-spi-quicksearch.jar:C:\Project\github\javavscode\netbeans\nbbuild\netbeans\ide\modules\org-netbeans-modules-options-editor.jar:C:\Project\github\javavscode\netbeans\nbbuild\netbeans\ide\modules\org-netbeans-modules-editor.jar:C:\Project\github\javavscode\netbeans\nbbuild\netbeans\ide\modules\org-netbeans-api-lsp.jar:C:\Project\github\javavscode\netbeans\nbbuild\netbeans\ide\modules\org-netbeans-modules-editor-settings-storage.jar:C:\Project\github\javavscode\netbeans\nbbuild\netbeans\platform\modules\org-netbeans-modules-options-keymap.jar:C:\Project\github\javavscode\netbeans\nbbuild\netbeans\ide\modules\org-netbeans-modules-project-ant.jar:C:\Project\github\javavscode\netbeans\nbbuild\netbeans\ide\modules\org-netbeans-modules-project-libraries.jar:C:\Project\github\javavscode\netbeans\nbbuild\netbeans\ide\modules\org-netbeans-modules-project-spi-intern.jar:C:\Project\github\javavscode\netbeans\nbbuild\netbeans\ide\modules\org-netbeans-modules-xml-catalog.jar:C:\Project\github\javavscode\netbeans\nbbuild\netbeans\ide\modules\org-apache-xml-resolver.jar:C:\Project\github\javavscode\netbeans\ide\o.apache.xml.resolver\external\resolver-1.2.jar:C:\Project\github\javavscode\netbeans\nbbuild\netbeans\ide\modules\org-netbeans-api-xml.jar:C:\Project\github\javavscode\netbeans\nbbuild\netbeans\java\modules\org-netbeans-spi-java-hints.jar:C:\Project\github\javavscode\netbeans\nbbuild\netbeans\ide\modules\org-netbeans-modules-code-analysis.jar:C:\Project\github\javavscode\netbeans\nbbuild\netbeans\platform\modules\org-netbeans-modules-autoupdate-services.jar:C:\Project\github\javavscode\netbeans\nbbuild\netbeans\platform\modules\ext\updater.jar:C:\Project\github\javavscode\netbeans\nbbuild\netbeans\ide\modules\org-netbeans-modules-projectuiapi.jar:C:\Project\github\javavscode\netbeans\nbbuild\netbeans\platform\modules\org-netbeans-modules-settings.jar:C:\Project\github\javavscode\netbeans\nbbuild\netbeans\ide\modules\org-netbeans-spi-editor-hints.jar:C:\Project\github\javavscode\netbeans\nbbuild\netbeans\java\modules\org-netbeans-modules-java-source.jar:C:\Project\github\javavscode\netbeans\nbbuild\netbeans\platform\modules\org-netbeans-core-multiview.jar:C:\Project\github\javavscode\netbeans\nbbuild\netbeans\ide\modules\org-netbeans-modules-editor-indent-project.jar:C:\Project\github\javavscode\netbeans\nbbuild\netbeans\java\modules\org-netbeans-modules-java-file-launcher.jar:C:\Project\github\javavscode\netbeans\nbbuild\netbeans\platform\modules\org-netbeans-api-annotations-common.jar:C:\Project\github\javavscode\netbeans\nbbuild\netbeans\java\modules\org-netbeans-api-debugger-jpda.jar:C:\Project\github\javavscode\netbeans\nbbuild\netbeans\ide\modules\org-netbeans-api-debugger.jar:C:\Project\github\javavscode\netbeans\nbbuild\netbeans\ide\modules\org-netbeans-modules-projectapi.jar:C:\Project\github\javavscode\netbeans\nbbuild\netbeans\platform\modules\org-netbeans-modules-queries.jar:C:\Project\github\javavscode\netbeans\nbbuild\netbeans\platform\core\org-openide-filesystems.jar:C:\Project\github\javavscode\netbeans\nbbuild\netbeans\platform\lib\org-openide-util.jar:C:\Project\github\javavscode\netbeans\nbbuild\netbeans\platform\lib\org-openide-util-lookup.jar:C:\Project\github\javavscode\netbeans\nbbuild\netbeans\platform\lib\org-openide-modules.jar:C:\Project\github\javavscode\netbeans\nbbuild\netbeans\platform\lib\org-openide-util-ui.jar:C:\Project\github\javavscode\netbeans\nbbuild\netbeans\ide\modules\org-netbeans-api-java-classpath.jar:C:\Project\github\javavscode\netbeans\nbbuild\netbeans\java\modules\org-netbeans-api-java.jar:C:\Project\github\javavscode\netbeans\nbbuild\netbeans\platform\modules\org-netbeans-api-templates.jar:C:\Project\github\javavscode\netbeans\nbbuild\netbeans\platform\modules\org-netbeans-api-scripting.jar:C:\Project\github\javavscode\netbeans\nbbuild\netbeans\java\modules\org-netbeans-libs-javacapi.jar:C:\Project\github\javavscode\netbeans\java\libs.javacapi\external\nb-javac-jdk-22+33-api.jar:C:\Project\github\javavscode\netbeans\java\libs.javacapi\external\nb-javac-jdk-22+33.jar:C:\Project\github\javavscode\netbeans\nbbuild\netbeans\platform\modules\org-netbeans-modules-editor-mimelookup.jar:C:\Project\github\javavscode\netbeans\nbbuild\netbeans\ide\modules\org-netbeans-modules-extexecution.jar:C:\Project\github\javavscode\netbeans\nbbuild\netbeans\platform\modules\org-netbeans-api-progress.jar:C:\Project\github\javavscode\netbeans\nbbuild\netbeans\ide\modules\org-netbeans-modules-extexecution-base.jar:C:\Project\github\javavscode\netbeans\nbbuild\netbeans\platform\modules\org-openide-io.jar:C:\Project\github\javavscode\netbeans\nbbuild\netbeans\platform\modules\org-netbeans-api-intent.jar:C:\Project\github\javavscode\netbeans\nbbuild\netbeans\platform\modules\org-netbeans-api-io.jar:C:\Project\github\javavscode\netbeans\nbbuild\netbeans\java\modules\org-netbeans-modules-java-lexer.jar:C:\Project\github\javavscode\netbeans\nbbuild\netbeans\ide\modules\org-netbeans-modules-lexer.jar:C:\Project\github\javavscode\netbeans\nbbuild\netbeans\ide\modules\org-netbeans-modules-editor-util.jar:C:\Project\github\javavscode\netbeans\nbbuild\netbeans\java\modules\org-netbeans-modules-java-platform.jar:C:\Project\github\javavscode\netbeans\nbbuild\netbeans\java\modules\org-netbeans-modules-java-project-ui.jar:C:\Project\github\javavscode\netbeans\nbbuild\netbeans\extide\modules\org-apache-tools-ant-module.jar:C:\Project\github\javavscode\netbeans\nbbuild\netbeans\ide\modules\org-netbeans-api-xml.jar:C:\Project\github\javavscode\netbeans\nbbuild\netbeans\ide\modules\org-netbeans-modules-editor-document.jar:C:\Project\github\javavscode\netbeans\nbbuild\netbeans\ide\modules\org-netbeans-api-xml-ui.jar:C:\Project\github\javavscode\netbeans\nbbuild\netbeans\platform\modules\org-openide-loaders.jar:C:\Project\github\javavscode\netbeans\nbbuild\netbeans\platform\modules\org-netbeans-api-progress-nb.jar:C:\Project\github\javavscode\netbeans\nbbuild\netbeans\platform\modules\org-openide-awt.jar:C:\Project\github\javavscode\netbeans\nbbuild\netbeans\platform\modules\org-openide-actions.jar:C:\Project\github\javavscode\netbeans\nbbuild\netbeans\platform\modules\org-openide-dialogs.jar:C:\Project\github\javavscode\netbeans\nbbuild\netbeans\platform\modules\org-openide-explorer.jar:C:\Project\github\javavscode\netbeans\nbbuild\netbeans\platform\modules\org-netbeans-swing-outline.jar:C:\Project\github\javavscode\netbeans\nbbuild\netbeans\platform\modules\org-netbeans-swing-tabcontrol.jar:C:\Project\github\javavscode\netbeans\nbbuild\netbeans\platform\modules\org-openide-windows.jar:C:\Project\github\javavscode\netbeans\nbbuild\netbeans\platform\modules\org-openide-nodes.jar:C:\Project\github\javavscode\netbeans\nbbuild\netbeans\platform\modules\org-openide-text.jar:C:\Project\github\javavscode\netbeans\nbbuild\netbeans\platform\modules\org-openide-filesystems-nb.jar:C:\Project\github\javavscode\netbeans\nbbuild\netbeans\platform\modules\org-netbeans-core-multiview.jar:C:\Project\github\javavscode\netbeans\nbbuild\netbeans\platform\modules\org-netbeans-modules-options-api.jar:C:\Project\github\javavscode\netbeans\nbbuild\netbeans\platform\modules\org-netbeans-core.jar:C:\Project\github\javavscode\netbeans\nbbuild\netbeans\platform\lib\boot.jar:C:\Project\github\javavscode\netbeans\nbbuild\netbeans\platform\core\core.jar:C:\Project\github\javavscode\netbeans\nbbuild\netbeans\platform\core\org-netbeans-libs-asm.jar:C:\Project\github\javavscode\netbeans\platform\libs.asm\external\asm-9.6.jar:C:\Project\github\javavscode\netbeans\platform\libs.asm\external\asm-tree-9.6.jar:C:\Project\github\javavscode\netbeans\platform\libs.asm\external\asm-commons-9.6.jar:C:\Project\github\javavscode\netbeans\nbbuild\netbeans\platform\core\core-base.jar:C:\Project\github\javavscode\netbeans\nbbuild\netbeans\platform\modules\org-netbeans-modules-keyring.jar:C:\Project\github\javavscode\netbeans\nbbuild\netbeans\platform\modules\org-netbeans-modules-sampler.jar:C:\Project\github\javavscode\netbeans\nbbuild\netbeans\platform\modules\org-netbeans-swing-plaf.jar:C:\Project\github\javavscode\netbeans\nbbuild\netbeans\platform\modules\org-netbeans-spi-quicksearch.jar:C:\Project\github\javavscode\netbeans\nbbuild\netbeans\extide\modules\org-netbeans-modules-options-java.jar:C:\Project\github\javavscode\netbeans\nbbuild\netbeans\ide\modules\org-netbeans-modules-project-indexingbridge.jar:C:\Project\github\javavscode\netbeans\nbbuild\netbeans\ide\modules\org-netbeans-modules-projectuiapi.jar:C:\Project\github\javavscode\netbeans\nbbuild\netbeans\ide\modules\org-netbeans-modules-projectuiapi-base.jar:C:\Project\github\javavscode\netbeans\nbbuild\netbeans\ide\modules\org-netbeans-spi-navigator.jar:C:\Project\github\javavscode\netbeans\nbbuild\netbeans\platform\modules\org-openide-execution.jar:C:\Project\github\javavscode\netbeans\nbbuild\netbeans\platform\modules\org-netbeans-api-search.jar:C:\Project\github\javavscode\netbeans\nbbuild\netbeans\java\modules\org-netbeans-modules-classfile.jar:C:\Project\github\javavscode\netbeans\nbbuild\netbeans\java\modules\org-netbeans-modules-java-platform-ui.jar:C:\Project\github\javavscode\netbeans\nbbuild\netbeans\java\modules\org-netbeans-modules-java-project.jar:C:\Project\github\javavscode\netbeans\nbbuild\netbeans\java\modules\org-netbeans-modules-java-source-base.jar:C:\Project\github\javavscode\netbeans\nbbuild\netbeans\java\modules\org-netbeans-lib-nbjavac.jar:C:\Project\github\javavscode\netbeans\nbbuild\netbeans\ide\modules\org-netbeans-libs-lucene.jar:C:\Project\github\javavscode\netbeans\ide\libs.lucene\external\lucene-core-3.6.2.jar:C:\Project\github\javavscode\netbeans\nbbuild\netbeans\ide\modules\org-netbeans-modules-editor-guards.jar:C:\Project\github\javavscode\netbeans\nbbuild\netbeans\ide\modules\org-netbeans-modules-editor-indent.jar:C:\Project\github\javavscode\netbeans\nbbuild\netbeans\ide\modules\org-netbeans-modules-editor-settings.jar:C:\Project\github\javavscode\netbeans\nbbuild\netbeans\java\modules\org-netbeans-modules-java-preprocessorbridge.jar:C:\Project\github\javavscode\netbeans\nbbuild\netbeans\ide\modules\org-netbeans-modules-parsing-api.jar:C:\Project\github\javavscode\netbeans\nbbuild\netbeans\ide\modules\org-netbeans-modules-parsing-lucene.jar:C:\Project\github\javavscode\netbeans\nbbuild\netbeans\platform\modules\org-netbeans-modules-masterfs.jar:C:\Project\github\javavscode\netbeans\nbbuild\netbeans\ide\modules\org-netbeans-modules-parsing-indexing.jar:C:\Project\github\javavscode\netbeans\nbbuild\netbeans\ide\modules\org-netbeans-spi-tasklist.jar:C:\Project\github\javavscode\netbeans\nbbuild\netbeans\ide\modules\org-netbeans-modules-refactoring-api.jar:C:\Project\github\javavscode\netbeans\nbbuild\netbeans\ide\modules\org-netbeans-modules-diff.jar:C:\Project\github\javavscode\netbeans\nbbuild\netbeans\ide\modules\org-netbeans-modules-editor-errorstripe.jar:C:\Project\github\javavscode\netbeans\nbbuild\netbeans\ide\modules\org-netbeans-modules-editor-errorstripe-api.jar:C:\Project\github\javavscode\netbeans\nbbuild\netbeans\ide\modules\org-netbeans-modules-editor-fold.jar:C:\Project\github\javavscode\netbeans\nbbuild\netbeans\ide\modules\org-netbeans-modules-editor-settings-lib.jar:C:\Project\github\javavscode\netbeans\nbbuild\netbeans\ide\modules\org-netbeans-modules-editor-lib.jar:C:\Project\github\javavscode\netbeans\nbbuild\netbeans\ide\modules\org-netbeans-modules-editor-lib2.jar:C:\Project\github\javavscode\netbeans\nbbuild\netbeans\ide\modules\org-netbeans-modules-options-editor.jar:C:\Project\github\javavscode\netbeans\nbbuild\netbeans\ide\modules\org-netbeans-modules-editor.jar:C:\Project\github\javavscode\netbeans\nbbuild\netbeans\ide\modules\org-netbeans-api-lsp.jar:C:\Project\github\javavscode\netbeans\nbbuild\netbeans\ide\modules\org-netbeans-modules-editor-settings-storage.jar:C:\Project\github\javavscode\netbeans\nbbuild\netbeans\platform\modules\org-netbeans-modules-options-keymap.jar:C:\Project\github\javavscode\netbeans\nbbuild\netbeans\ide\modules\org-netbeans-modules-project-ant.jar:C:\Project\github\javavscode\netbeans\nbbuild\netbeans\ide\modules\org-netbeans-modules-project-libraries.jar:C:\Project\github\javavscode\netbeans\nbbuild\netbeans\ide\modules\org-netbeans-modules-project-spi-intern.jar:C:\Project\github\javavscode\netbeans\nbbuild\netbeans\ide\modules\org-netbeans-modules-xml-catalog.jar:C:\Project\github\javavscode\netbeans\nbbuild\netbeans\ide\modules\org-apache-xml-resolver.jar:C:\Project\github\javavscode\netbeans\ide\o.apache.xml.resolver\external\resolver-1.2.jar:C:\Project\github\javavscode\netbeans\nbbuild\netbeans\java\modules\org-netbeans-modules-java-source.jar:C:\Project\github\javavscode\netbeans\nbbuild\netbeans\platform\modules\org-netbeans-modules-autoupdate-services.jar:C:\Project\github\javavscode\netbeans\nbbuild\netbeans\platform\modules\ext\updater.jar:C:\Project\github\javavscode\netbeans\nbbuild\netbeans\ide\modules\org-netbeans-modules-editor-indent-project.jar:C:\Project\github\javavscode\netbeans\nbbuild\netbeans\java\modules\org-netbeans-modules-java-sourceui.jar:C:\Project\github\javavscode\netbeans\nbbuild\netbeans\ide\modules\org-netbeans-modules-jumpto.jar:C:\Project\github\javavscode\netbeans\nbbuild\netbeans\ide\modules\org-netbeans-modules-project-ant-ui.jar:C:\Project\github\javavscode\netbeans\nbbuild\netbeans\ide\modules\org-netbeans-modules-project-libraries-ui.jar:C:\Project\github\javavscode\netbeans\nbbuild\netbeans\ide\modules\org-netbeans-spi-editor-hints.jar:C:\Project\github\javavscode\netbeans\nbbuild\netbeans\java\modules\org-netbeans-modules-java-hints.jar:C:\Project\github\javavscode\netbeans\nbbuild\netbeans\platform\modules\org-netbeans-api-annotations-common.jar:C:\Project\github\javavscode\netbeans\nbbuild\netbeans\java\modules\org-netbeans-api-java.jar:C:\Project\github\javavscode\netbeans\nbbuild\netbeans\ide\modules\org-netbeans-api-java-classpath.jar:C:\Project\github\javavscode\netbeans\nbbuild\netbeans\platform\core\org-openide-filesystems.jar:C:\Project\github\javavscode\netbeans\nbbuild\netbeans\platform\lib\org-openide-util.jar:C:\Project\github\javavscode\netbeans\nbbuild\netbeans\platform\lib\org-openide-util-lookup.jar:C:\Project\github\javavscode\netbeans\nbbuild\netbeans\platform\lib\org-openide-modules.jar:C:\Project\github\javavscode\netbeans\nbbuild\netbeans\platform\lib\org-openide-util-ui.jar:C:\Project\github\javavscode\netbeans\nbbuild\netbeans\ide\modules\org-netbeans-api-lsp.jar:C:\Project\github\javavscode\netbeans\nbbuild\netbeans\platform\modules\org-netbeans-modules-editor-mimelookup.jar:C:\Project\github\javavscode\netbeans\nbbuild\netbeans\ide\modules\org-netbeans-modules-editor-util.jar:C:\Project\github\javavscode\netbeans\nbbuild\netbeans\platform\modules\org-netbeans-api-progress.jar:C:\Project\github\javavscode\netbeans\nbbuild\netbeans\platform\modules\org-netbeans-api-progress-nb.jar:C:\Project\github\javavscode\netbeans\nbbuild\netbeans\platform\modules\org-openide-awt.jar:C:\Project\github\javavscode\netbeans\nbbuild\netbeans\platform\modules\org-netbeans-api-templates.jar:C:\Project\github\javavscode\netbeans\nbbuild\netbeans\platform\modules\org-netbeans-api-scripting.jar:C:\Project\github\javavscode\netbeans\nbbuild\netbeans\platform\modules\org-netbeans-modules-queries.jar:C:\Project\github\javavscode\netbeans\nbbuild\netbeans\java\modules\org-netbeans-libs-javacapi.jar:C:\Project\github\javavscode\netbeans\java\libs.javacapi\external\nb-javac-jdk-22+33-api.jar:C:\Project\github\javavscode\netbeans\java\libs.javacapi\external\nb-javac-jdk-22+33.jar:C:\Project\github\javavscode\netbeans\nbbuild\netbeans\ide\modules\org-netbeans-libs-lucene.jar:C:\Project\github\javavscode\netbeans\ide\libs.lucene\external\lucene-core-3.6.2.jar:C:\Project\github\javavscode\netbeans\nbbuild\netbeans\ide\modules\org-netbeans-modules-editor.jar:C:\Project\github\javavscode\netbeans\nbbuild\netbeans\ide\modules\org-netbeans-modules-editor-document.jar:C:\Project\github\javavscode\netbeans\nbbuild\netbeans\ide\modules\org-netbeans-modules-editor-fold.jar:C:\Project\github\javavscode\netbeans\nbbuild\netbeans\ide\modules\org-netbeans-modules-editor-settings.jar:C:\Project\github\javavscode\netbeans\nbbuild\netbeans\ide\modules\org-netbeans-modules-lexer.jar:C:\Project\github\javavscode\netbeans\nbbuild\netbeans\ide\modules\org-netbeans-modules-editor-settings-lib.jar:C:\Project\github\javavscode\netbeans\nbbuild\netbeans\ide\modules\org-netbeans-modules-editor-guards.jar:C:\Project\github\javavscode\netbeans\nbbuild\netbeans\ide\modules\org-netbeans-modules-editor-indent.jar:C:\Project\github\javavscode\netbeans\nbbuild\netbeans\ide\modules\org-netbeans-modules-editor-lib.jar:C:\Project\github\javavscode\netbeans\nbbuild\netbeans\ide\modules\org-netbeans-modules-editor-lib2.jar:C:\Project\github\javavscode\netbeans\nbbuild\netbeans\platform\modules\org-openide-dialogs.jar:C:\Project\github\javavscode\netbeans\nbbuild\netbeans\platform\modules\org-openide-actions.jar:C:\Project\github\javavscode\netbeans\nbbuild\netbeans\platform\modules\org-openide-explorer.jar:C:\Project\github\javavscode\netbeans\nbbuild\netbeans\platform\modules\org-netbeans-swing-outline.jar:C:\Project\github\javavscode\netbeans\nbbuild\netbeans\platform\modules\org-netbeans-swing-tabcontrol.jar:C:\Project\github\javavscode\netbeans\nbbuild\netbeans\platform\modules\org-openide-windows.jar:C:\Project\github\javavscode\netbeans\nbbuild\netbeans\platform\modules\org-openide-nodes.jar:C:\Project\github\javavscode\netbeans\nbbuild\netbeans\platform\modules\org-openide-text.jar:C:\Project\github\javavscode\netbeans\nbbuild\netbeans\platform\modules\org-openide-filesystems-nb.jar:C:\Project\github\javavscode\netbeans\nbbuild\netbeans\platform\modules\org-openide-loaders.jar:C:\Project\github\javavscode\netbeans\nbbuild\netbeans\ide\modules\org-netbeans-modules-editor-errorstripe-api.jar:C:\Project\github\javavscode\netbeans\nbbuild\netbeans\ide\modules\org-netbeans-modules-editor-tools-storage.jar:C:\Project\github\javavscode\netbeans\nbbuild\netbeans\platform\modules\org-netbeans-modules-options-api.jar:C:\Project\github\javavscode\netbeans\nbbuild\netbeans\platform\modules\org-netbeans-core.jar:C:\Project\github\javavscode\netbeans\nbbuild\netbeans\platform\lib\boot.jar:C:\Project\github\javavscode\netbeans\nbbuild\netbeans\platform\core\core.jar:C:\Project\github\javavscode\netbeans\nbbuild\netbeans\platform\core\org-netbeans-libs-asm.jar:C:\Project\github\javavscode\netbeans\platform\libs.asm\external\asm-9.6.jar:C:\Project\github\javavscode\netbeans\platform\libs.asm\external\asm-tree-9.6.jar:C:\Project\github\javavscode\netbeans\platform\libs.asm\external\asm-commons-9.6.jar:C:\Project\github\javavscode\netbeans\nbbuild\netbeans\platform\core\core-base.jar:C:\Project\github\javavscode\netbeans\nbbuild\netbeans\platform\modules\org-netbeans-modules-keyring.jar:C:\Project\github\javavscode\netbeans\nbbuild\netbeans\platform\modules\org-netbeans-modules-sampler.jar:C:\Project\github\javavscode\netbeans\nbbuild\netbeans\platform\modules\org-netbeans-swing-plaf.jar:C:\Project\github\javavscode\netbeans\nbbuild\netbeans\platform\modules\org-openide-io.jar:C:\Project\github\javavscode\netbeans\nbbuild\netbeans\platform\modules\org-netbeans-api-intent.jar:C:\Project\github\javavscode\netbeans\nbbuild\netbeans\platform\modules\org-netbeans-api-io.jar:C:\Project\github\javavscode\netbeans\nbbuild\netbeans\platform\modules\org-netbeans-spi-quicksearch.jar:C:\Project\github\javavscode\netbeans\nbbuild\netbeans\ide\modules\org-netbeans-modules-projectapi.jar:C:\Project\github\javavscode\netbeans\nbbuild\netbeans\ide\modules\org-netbeans-modules-projectuiapi.jar:C:\Project\github\javavscode\netbeans\nbbuild\netbeans\ide\modules\org-netbeans-modules-projectuiapi-base.jar:C:\Project\github\javavscode\netbeans\nbbuild\netbeans\java\modules\org-netbeans-modules-java-completion.jar:C:\Project\github\javavscode\netbeans\nbbuild\netbeans\java\modules\org-netbeans-modules-java-lexer.jar:C:\Project\github\javavscode\netbeans\nbbuild\netbeans\java\modules\org-netbeans-modules-java-source-base.jar:C:\Project\github\javavscode\netbeans\nbbuild\netbeans\java\modules\org-netbeans-lib-nbjavac.jar:C:\Project\github\javavscode\netbeans\nbbuild\netbeans\java\modules\org-netbeans-modules-classfile.jar:C:\Project\github\javavscode\netbeans\nbbuild\netbeans\java\modules\org-netbeans-modules-java-platform.jar:C:\Project\github\javavscode\netbeans\nbbuild\netbeans\java\modules\org-netbeans-modules-java-preprocessorbridge.jar:C:\Project\github\javavscode\netbeans\nbbuild\netbeans\ide\modules\org-netbeans-modules-parsing-api.jar:C:\Project\github\javavscode\netbeans\nbbuild\netbeans\ide\modules\org-netbeans-modules-parsing-lucene.jar:C:\Project\github\javavscode\netbeans\nbbuild\netbeans\platform\modules\org-netbeans-modules-masterfs.jar:C:\Project\github\javavscode\netbeans\nbbuild\netbeans\ide\modules\org-netbeans-modules-parsing-indexing.jar:C:\Project\github\javavscode\netbeans\nbbuild\netbeans\ide\modules\org-netbeans-modules-project-indexingbridge.jar:C:\Project\github\javavscode\netbeans\nbbuild\netbeans\ide\modules\org-netbeans-spi-tasklist.jar:C:\Project\github\javavscode\netbeans\nbbuild\netbeans\ide\modules\org-netbeans-modules-refactoring-api.jar:C:\Project\github\javavscode\netbeans\nbbuild\netbeans\ide\modules\org-netbeans-modules-diff.jar:C:\Project\github\javavscode\netbeans\nbbuild\netbeans\ide\modules\org-netbeans-modules-editor-errorstripe.jar:C:\Project\github\javavscode\netbeans\nbbuild\netbeans\ide\modules\org-netbeans-modules-options-editor.jar:C:\Project\github\javavscode\netbeans\nbbuild\netbeans\ide\modules\org-netbeans-modules-editor-settings-storage.jar:C:\Project\github\javavscode\netbeans\nbbuild\netbeans\platform\modules\org-netbeans-modules-options-keymap.jar:C:\Project\github\javavscode\netbeans\nbbuild\netbeans\java\modules\org-netbeans-modules-java-editor.jar:C:\Project\github\javavscode\netbeans\nbbuild\netbeans\ide\modules\org-netbeans-modules-editor-bracesmatching.jar:C:\Project\github\javavscode\netbeans\nbbuild\netbeans\ide\modules\org-netbeans-modules-editor-codetemplates.jar:C:\Project\github\javavscode\netbeans\nbbuild\netbeans\ide\modules\org-netbeans-modules-editor-completion.jar:C:\Project\github\javavscode\netbeans\nbbuild\netbeans\ide\modules\org-netbeans-spi-editor-hints.jar:C:\Project\github\javavscode\netbeans\nbbuild\netbeans\java\modules\org-netbeans-modules-java-editor-base.jar:C:\Project\github\javavscode\netbeans\nbbuild\netbeans\java\modules\org-netbeans-modules-java-project.jar:C:\Project\github\javavscode\netbeans\nbbuild\netbeans\ide\modules\org-netbeans-modules-project-ant.jar:C:\Project\github\javavscode\netbeans\nbbuild\netbeans\ide\modules\org-netbeans-modules-project-libraries.jar:C:\Project\github\javavscode\netbeans\nbbuild\netbeans\ide\modules\org-netbeans-modules-project-spi-intern.jar:C:\Project\github\javavscode\netbeans\nbbuild\netbeans\ide\modules\org-netbeans-modules-xml-catalog.jar:C:\Project\github\javavscode\netbeans\nbbuild\netbeans\ide\modules\org-apache-xml-resolver.jar:C:\Project\github\javavscode\netbeans\ide\o.apache.xml.resolver\external\resolver-1.2.jar:C:\Project\github\javavscode\netbeans\nbbuild\netbeans\ide\modules\org-netbeans-api-xml.jar:C:\Project\github\javavscode\netbeans\nbbuild\netbeans\java\modules\org-netbeans-spi-java-hints.jar:C:\Project\github\javavscode\netbeans\nbbuild\netbeans\ide\modules\org-netbeans-modules-code-analysis.jar:C:\Project\github\javavscode\netbeans\nbbuild\netbeans\platform\modules\org-netbeans-modules-autoupdate-services.jar:C:\Project\github\javavscode\netbeans\nbbuild\netbeans\platform\modules\ext\updater.jar:C:\Project\github\javavscode\netbeans\nbbuild\netbeans\platform\modules\org-netbeans-modules-settings.jar:C:\Project\github\javavscode\netbeans\nbbuild\netbeans\java\modules\org-netbeans-modules-java-source.jar:C:\Project\github\javavscode\netbeans\nbbuild\netbeans\platform\modules\org-netbeans-core-multiview.jar:C:\Project\github\javavscode\netbeans\nbbuild\netbeans\ide\modules\org-netbeans-modules-editor-indent-project.jar:C:\Project\github\javavscode\netbeans\nbbuild\netbeans\java\modules\org-netbeans-modules-java-sourceui.jar:C:\Project\github\javavscode\netbeans\nbbuild\netbeans\ide\modules\org-netbeans-modules-jumpto.jar:C:\Project\github\javavscode\netbeans\nbbuild\netbeans\platform\modules\org-netbeans-api-search.jar:C:\Project\github\javavscode\netbeans\nbbuild\netbeans\java\modules\org-netbeans-modules-refactoring-java.jar:C:\Project\github\javavscode\netbeans\nbbuild\netbeans\ide\modules\org-netbeans-modules-gototest.jar:C:\Project\github\javavscode\netbeans\nbbuild\netbeans\ide\modules\org-netbeans-modules-gsf-testrunner.jar:C:\Project\github\javavscode\netbeans\nbbuild\netbeans\ide\modules\org-netbeans-modules-extexecution.jar:C:\Project\github\javavscode\netbeans\nbbuild\netbeans\ide\modules\org-netbeans-modules-extexecution-base.jar:C:\Project\github\javavscode\netbeans\nbbuild\netbeans\ide\modules\org-netbeans-modules-gsf-testrunner-ui.jar:C:\Project\github\javavscode\netbeans\nbbuild\netbeans\java\modules\org-netbeans-modules-java-file-launcher.jar:C:\Project\github\javavscode\netbeans\nbbuild\netbeans\java\modules\org-netbeans-api-debugger-jpda.jar:C:\Project\github\javavscode\netbeans\nbbuild\netbeans\ide\modules\org-netbeans-api-debugger.jar:C:\Project\github\javavscode\netbeans\nbbuild\netbeans\java\modules\org-netbeans-modules-java-project-ui.jar:C:\Project\github\javavscode\netbeans\nbbuild\netbeans\extide\modules\org-apache-tools-ant-module.jar:C:\Project\github\javavscode\netbeans\nbbuild\netbeans\ide\modules\org-netbeans-api-xml-ui.jar:C:\Project\github\javavscode\netbeans\nbbuild\netbeans\extide\modules\org-netbeans-modules-options-java.jar:C:\Project\github\javavscode\netbeans\nbbuild\netbeans\ide\modules\org-netbeans-spi-navigator.jar:C:\Project\github\javavscode\netbeans\nbbuild\netbeans\platform\modules\org-openide-execution.jar:C:\Project\github\javavscode\netbeans\nbbuild\netbeans\java\modules\org-netbeans-modules-java-platform-ui.jar:C:\Project\github\javavscode\netbeans\nbbuild\netbeans\ide\modules\org-netbeans-modules-project-ant-ui.jar:C:\Project\github\javavscode\netbeans\nbbuild\netbeans\ide\modules\org-netbeans-modules-project-libraries-ui.jar:C:\Project\github\javavscode\netbeans\nbbuild\netbeans\platform\modules\org-netbeans-modules-javahelp.jar:C:\Project\github\javavscode\netbeans\platform\javahelp\external\jhall-2.0_05.jar:C:\Project\github\javavscode\netbeans\nbbuild\netbeans\java\modules\org-netbeans-modules-whitelist.jar:C:\Project\github\javavscode\netbeans\nbbuild\netbeans\java\modules\org-netbeans-modules-libs-corba-omgapi.jar:C:\Project\github\javavscode\netbeans\nbbuild\netbeans\java\modules\ext\corba\omgapi\glassfish-corba-omgapi.jar:C:\Project\github\javavscode\netbeans\nbbuild\netbeans\java\modules\org-netbeans-modules-java-hints-legacy-spi.jar:C:\Project\github\javavscode\netbeans\nbbuild\netbeans\java\modules\org-netbeans-modules-java-hints-legacy-spi.jar:C:\Project\github\javavscode\netbeans\nbbuild\netbeans\java\modules\org-netbeans-libs-javacapi.jar:C:\Project\github\javavscode\netbeans\java\libs.javacapi\external\nb-javac-jdk-22+33-api.jar:C:\Project\github\javavscode\netbeans\java\libs.javacapi\external\nb-javac-jdk-22+33.jar:C:\Project\github\javavscode\netbeans\nbbuild\netbeans\java\modules\org-netbeans-modules-java-source-base.jar:C:\Project\github\javavscode\netbeans\nbbuild\netbeans\platform\modules\org-netbeans-api-annotations-common.jar:C:\Project\github\javavscode\netbeans\nbbuild\netbeans\java\modules\org-netbeans-api-java.jar:C:\Project\github\javavscode\netbeans\nbbuild\netbeans\ide\modules\org-netbeans-api-java-classpath.jar:C:\Project\github\javavscode\netbeans\nbbuild\netbeans\platform\core\org-openide-filesystems.jar:C:\Project\github\javavscode\netbeans\nbbuild\netbeans\platform\lib\org-openide-util.jar:C:\Project\github\javavscode\netbeans\nbbuild\netbeans\platform\lib\org-openide-util-lookup.jar:C:\Project\github\javavscode\netbeans\nbbuild\netbeans\platform\lib\org-openide-modules.jar:C:\Project\github\javavscode\netbeans\nbbuild\netbeans\platform\lib\org-openide-util-ui.jar:C:\Project\github\javavscode\netbeans\nbbuild\netbeans\platform\modules\org-netbeans-api-progress.jar:C:\Project\github\javavscode\netbeans\nbbuild\netbeans\platform\modules\org-netbeans-api-scripting.jar:C:\Project\github\javavscode\netbeans\nbbuild\netbeans\java\modules\org-netbeans-lib-nbjavac.jar:C:\Project\github\javavscode\netbeans\nbbuild\netbeans\platform\core\org-netbeans-libs-asm.jar:C:\Project\github\javavscode\netbeans\platform\libs.asm\external\asm-9.6.jar:C:\Project\github\javavscode\netbeans\platform\libs.asm\external\asm-tree-9.6.jar:C:\Project\github\javavscode\netbeans\platform\libs.asm\external\asm-commons-9.6.jar:C:\Project\github\javavscode\netbeans\nbbuild\netbeans\ide\modules\org-netbeans-libs-lucene.jar:C:\Project\github\javavscode\netbeans\ide\libs.lucene\external\lucene-core-3.6.2.jar:C:\Project\github\javavscode\netbeans\nbbuild\netbeans\java\modules\org-netbeans-modules-classfile.jar:C:\Project\github\javavscode\netbeans\nbbuild\netbeans\ide\modules\org-netbeans-modules-editor-document.jar:C:\Project\github\javavscode\netbeans\nbbuild\netbeans\platform\modules\org-netbeans-modules-editor-mimelookup.jar:C:\Project\github\javavscode\netbeans\nbbuild\netbeans\ide\modules\org-netbeans-modules-editor-util.jar:C:\Project\github\javavscode\netbeans\nbbuild\netbeans\ide\modules\org-netbeans-modules-editor-guards.jar:C:\Project\github\javavscode\netbeans\nbbuild\netbeans\ide\modules\org-netbeans-modules-editor-indent.jar:C:\Project\github\javavscode\netbeans\nbbuild\netbeans\ide\modules\org-netbeans-modules-editor-settings.jar:C:\Project\github\javavscode\netbeans\nbbuild\netbeans\ide\modules\org-netbeans-modules-lexer.jar:C:\Project\github\javavscode\netbeans\nbbuild\netbeans\java\modules\org-netbeans-modules-java-lexer.jar:C:\Project\github\javavscode\netbeans\nbbuild\netbeans\java\modules\org-netbeans-modules-java-platform.jar:C:\Project\github\javavscode\netbeans\nbbuild\netbeans\java\modules\org-netbeans-modules-java-preprocessorbridge.jar:C:\Project\github\javavscode\netbeans\nbbuild\netbeans\ide\modules\org-netbeans-modules-parsing-api.jar:C:\Project\github\javavscode\netbeans\nbbuild\netbeans\ide\modules\org-netbeans-modules-parsing-lucene.jar:C:\Project\github\javavscode\netbeans\nbbuild\netbeans\platform\modules\org-netbeans-modules-masterfs.jar:C:\Project\github\javavscode\netbeans\nbbuild\netbeans\platform\modules\org-netbeans-modules-queries.jar:C:\Project\github\javavscode\netbeans\nbbuild\netbeans\ide\modules\org-netbeans-modules-projectapi.jar:C:\Project\github\javavscode\netbeans\nbbuild\netbeans\ide\modules\org-netbeans-modules-parsing-indexing.jar:C:\Project\github\javavscode\netbeans\nbbuild\netbeans\ide\modules\org-netbeans-modules-project-indexingbridge.jar:C:\Project\github\javavscode\netbeans\nbbuild\netbeans\ide\modules\org-netbeans-modules-projectuiapi-base.jar:C:\Project\github\javavscode\netbeans\nbbuild\netbeans\platform\modules\org-openide-explorer.jar:C:\Project\github\javavscode\netbeans\nbbuild\netbeans\platform\modules\org-netbeans-swing-outline.jar:C:\Project\github\javavscode\netbeans\nbbuild\netbeans\platform\modules\org-netbeans-swing-tabcontrol.jar:C:\Project\github\javavscode\netbeans\nbbuild\netbeans\platform\modules\org-openide-awt.jar:C:\Project\github\javavscode\netbeans\nbbuild\netbeans\platform\modules\org-openide-windows.jar:C:\Project\github\javavscode\netbeans\nbbuild\netbeans\platform\modules\org-openide-nodes.jar:C:\Project\github\javavscode\netbeans\nbbuild\netbeans\platform\modules\org-openide-dialogs.jar:C:\Project\github\javavscode\netbeans\nbbuild\netbeans\platform\modules\org-netbeans-api-progress-nb.jar:C:\Project\github\javavscode\netbeans\nbbuild\netbeans\ide\modules\org-netbeans-spi-tasklist.jar:C:\Project\github\javavscode\netbeans\nbbuild\netbeans\ide\modules\org-netbeans-modules-refactoring-api.jar:C:\Project\github\javavscode\netbeans\nbbuild\netbeans\ide\modules\org-netbeans-modules-diff.jar:C:\Project\github\javavscode\netbeans\nbbuild\netbeans\ide\modules\org-netbeans-modules-editor-errorstripe.jar:C:\Project\github\javavscode\netbeans\nbbuild\netbeans\ide\modules\org-netbeans-modules-editor-errorstripe-api.jar:C:\Project\github\javavscode\netbeans\nbbuild\netbeans\ide\modules\org-netbeans-modules-editor-fold.jar:C:\Project\github\javavscode\netbeans\nbbuild\netbeans\ide\modules\org-netbeans-modules-editor-settings-lib.jar:C:\Project\github\javavscode\netbeans\nbbuild\netbeans\ide\modules\org-netbeans-modules-editor-lib.jar:C:\Project\github\javavscode\netbeans\nbbuild\netbeans\ide\modules\org-netbeans-modules-editor-lib2.jar:C:\Project\github\javavscode\netbeans\nbbuild\netbeans\platform\modules\org-openide-loaders.jar:C:\Project\github\javavscode\netbeans\nbbuild\netbeans\platform\modules\org-netbeans-api-templates.jar:C:\Project\github\javavscode\netbeans\nbbuild\netbeans\platform\modules\org-openide-actions.jar:C:\Project\github\javavscode\netbeans\nbbuild\netbeans\platform\modules\org-openide-text.jar:C:\Project\github\javavscode\netbeans\nbbuild\netbeans\platform\modules\org-openide-filesystems-nb.jar:C:\Project\github\javavscode\netbeans\nbbuild\netbeans\platform\modules\org-netbeans-modules-options-api.jar:C:\Project\github\javavscode\netbeans\nbbuild\netbeans\platform\modules\org-netbeans-core.jar:C:\Project\github\javavscode\netbeans\nbbuild\netbeans\platform\lib\boot.jar:C:\Project\github\javavscode\netbeans\nbbuild\netbeans\platform\core\core.jar:C:\Project\github\javavscode\netbeans\nbbuild\netbeans\platform\core\core-base.jar:C:\Project\github\javavscode\netbeans\nbbuild\netbeans\platform\modules\org-netbeans-modules-keyring.jar:C:\Project\github\javavscode\netbeans\nbbuild\netbeans\platform\modules\org-netbeans-modules-sampler.jar:C:\Project\github\javavscode\netbeans\nbbuild\netbeans\platform\modules\org-netbeans-swing-plaf.jar:C:\Project\github\javavscode\netbeans\nbbuild\netbeans\platform\modules\org-openide-io.jar:C:\Project\github\javavscode\netbeans\nbbuild\netbeans\platform\modules\org-netbeans-api-intent.jar:C:\Project\github\javavscode\netbeans\nbbuild\netbeans\platform\modules\org-netbeans-api-io.jar:C:\Project\github\javavscode\netbeans\nbbuild\netbeans\platform\modules\org-netbeans-spi-quicksearch.jar:C:\Project\github\javavscode\netbeans\nbbuild\netbeans\ide\modules\org-netbeans-modules-options-editor.jar:C:\Project\github\javavscode\netbeans\nbbuild\netbeans\ide\modules\org-netbeans-modules-editor.jar:C:\Project\github\javavscode\netbeans\nbbuild\netbeans\ide\modules\org-netbeans-api-lsp.jar:C:\Project\github\javavscode\netbeans\nbbuild\netbeans\ide\modules\org-netbeans-modules-editor-settings-storage.jar:C:\Project\github\javavscode\netbeans\nbbuild\netbeans\platform\modules\org-netbeans-modules-options-keymap.jar:C:\Project\github\javavscode\netbeans\nbbuild\netbeans\ide\modules\org-netbeans-spi-editor-hints.jar:C:\Project\github\javavscode\netbeans\nbbuild\netbeans\java\modules\org-netbeans-spi-java-hints.jar:C:\Project\github\javavscode\netbeans\nbbuild\netbeans\ide\modules\org-netbeans-modules-code-analysis.jar:C:\Project\github\javavscode\netbeans\nbbuild\netbeans\platform\modules\org-netbeans-modules-autoupdate-services.jar:C:\Project\github\javavscode\netbeans\nbbuild\netbeans\platform\modules\ext\updater.jar:C:\Project\github\javavscode\netbeans\nbbuild\netbeans\ide\modules\org-netbeans-modules-projectuiapi.jar:C:\Project\github\javavscode\netbeans\nbbuild\netbeans\platform\modules\org-netbeans-modules-settings.jar:C:\Project\github\javavscode\netbeans\nbbuild\netbeans\java\modules\org-netbeans-modules-java-project.jar:C:\Project\github\javavscode\netbeans\nbbuild\netbeans\ide\modules\org-netbeans-modules-project-ant.jar:C:\Project\github\javavscode\netbeans\nbbuild\netbeans\ide\modules\org-netbeans-modules-project-libraries.jar:C:\Project\github\javavscode\netbeans\nbbuild\netbeans\ide\modules\org-netbeans-modules-project-spi-intern.jar:C:\Project\github\javavscode\netbeans\nbbuild\netbeans\ide\modules\org-netbeans-modules-xml-catalog.jar:C:\Project\github\javavscode\netbeans\nbbuild\netbeans\ide\modules\org-apache-xml-resolver.jar:C:\Project\github\javavscode\netbeans\ide\o.apache.xml.resolver\external\resolver-1.2.jar:C:\Project\github\javavscode\netbeans\nbbuild\netbeans\ide\modules\org-netbeans-api-xml.jar:C:\Project\github\javavscode\netbeans\nbbuild\netbeans\java\modules\org-netbeans-modules-java-source.jar:C:\Project\github\javavscode\netbeans\nbbuild\netbeans\platform\modules\org-netbeans-core-multiview.jar:C:\Project\github\javavscode\netbeans\nbbuild\netbeans\ide\modules\org-netbeans-modules-editor-indent-project.jar:C:\Project\github\javavscode\netbeans\nbbuild\netbeans\java\modules\org-netbeans-modules-java-lexer.jar:C:\Project\github\javavscode\netbeans\nbbuild\netbeans\ide\modules\org-netbeans-modules-lexer.jar:C:\Project\github\javavscode\netbeans\nbbuild\netbeans\ide\modules\org-netbeans-modules-editor-util.jar:C:\Project\github\javavscode\netbeans\nbbuild\netbeans\platform\lib\org-openide-util.jar:C:\Project\github\javavscode\netbeans\nbbuild\netbeans\platform\lib\org-openide-util-lookup.jar:C:\Project\github\javavscode\netbeans\nbbuild\netbeans\platform\lib\org-openide-util-ui.jar:C:\Project\github\javavscode\netbeans\nbbuild\netbeans\java\modules\org-netbeans-modules-java-nativeimage-debugger.jar:C:\Project\github\javavscode\netbeans\nbbuild\netbeans\platform\modules\org-netbeans-api-annotations-common.jar:C:\Project\github\javavscode\netbeans\nbbuild\netbeans\ide\modules\org-netbeans-api-debugger.jar:C:\Project\github\javavscode\netbeans\nbbuild\netbeans\ide\modules\org-netbeans-modules-projectapi.jar:C:\Project\github\javavscode\netbeans\nbbuild\netbeans\platform\modules\org-netbeans-modules-queries.jar:C:\Project\github\javavscode\netbeans\nbbuild\netbeans\platform\core\org-openide-filesystems.jar:C:\Project\github\javavscode\netbeans\nbbuild\netbeans\platform\lib\org-openide-util.jar:C:\Project\github\javavscode\netbeans\nbbuild\netbeans\platform\lib\org-openide-util-lookup.jar:C:\Project\github\javavscode\netbeans\nbbuild\netbeans\platform\lib\org-openide-modules.jar:C:\Project\github\javavscode\netbeans\nbbuild\netbeans\platform\lib\org-openide-util-ui.jar:C:\Project\github\javavscode\netbeans\nbbuild\netbeans\java\modules\org-netbeans-api-debugger-jpda.jar:C:\Project\github\javavscode\netbeans\nbbuild\netbeans\ide\modules\org-netbeans-api-java-classpath.jar:C:\Project\github\javavscode\netbeans\nbbuild\netbeans\ide\modules\org-netbeans-modules-extexecution.jar:C:\Project\github\javavscode\netbeans\nbbuild\netbeans\platform\modules\org-netbeans-api-progress.jar:C:\Project\github\javavscode\netbeans\nbbuild\netbeans\ide\modules\org-netbeans-modules-extexecution-base.jar:C:\Project\github\javavscode\netbeans\nbbuild\netbeans\platform\modules\org-openide-io.jar:C:\Project\github\javavscode\netbeans\nbbuild\netbeans\platform\modules\org-netbeans-api-intent.jar:C:\Project\github\javavscode\netbeans\nbbuild\netbeans\platform\modules\org-netbeans-api-io.jar:C:\Project\github\javavscode\netbeans\nbbuild\netbeans\java\modules\org-netbeans-modules-java-project.jar:C:\Project\github\javavscode\netbeans\nbbuild\netbeans\java\modules\org-netbeans-api-java.jar:C:\Project\github\javavscode\netbeans\nbbuild\netbeans\java\modules\org-netbeans-modules-classfile.jar:C:\Project\github\javavscode\netbeans\nbbuild\netbeans\java\modules\org-netbeans-modules-java-platform.jar:C:\Project\github\javavscode\netbeans\nbbuild\netbeans\java\modules\org-netbeans-modules-java-source-base.jar:C:\Project\github\javavscode\netbeans\nbbuild\netbeans\platform\modules\org-netbeans-api-scripting.jar:C:\Project\github\javavscode\netbeans\nbbuild\netbeans\java\modules\org-netbeans-lib-nbjavac.jar:C:\Project\github\javavscode\netbeans\nbbuild\netbeans\java\modules\org-netbeans-libs-javacapi.jar:C:\Project\github\javavscode\netbeans\java\libs.javacapi\external\nb-javac-jdk-22+33-api.jar:C:\Project\github\javavscode\netbeans\java\libs.javacapi\external\nb-javac-jdk-22+33.jar:C:\Project\github\javavscode\netbeans\nbbuild\netbeans\platform\core\org-netbeans-libs-asm.jar:C:\Project\github\javavscode\netbeans\platform\libs.asm\external\asm-9.6.jar:C:\Project\github\javavscode\netbeans\platform\libs.asm\external\asm-tree-9.6.jar:C:\Project\github\javavscode\netbeans\platform\libs.asm\external\asm-commons-9.6.jar:C:\Project\github\javavscode\netbeans\nbbuild\netbeans\ide\modules\org-netbeans-libs-lucene.jar:C:\Project\github\javavscode\netbeans\ide\libs.lucene\external\lucene-core-3.6.2.jar:C:\Project\github\javavscode\netbeans\nbbuild\netbeans\ide\modules\org-netbeans-modules-editor-document.jar:C:\Project\github\javavscode\netbeans\nbbuild\netbeans\platform\modules\org-netbeans-modules-editor-mimelookup.jar:C:\Project\github\javavscode\netbeans\nbbuild\netbeans\ide\modules\org-netbeans-modules-editor-util.jar:C:\Project\github\javavscode\netbeans\nbbuild\netbeans\ide\modules\org-netbeans-modules-editor-guards.jar:C:\Project\github\javavscode\netbeans\nbbuild\netbeans\ide\modules\org-netbeans-modules-editor-indent.jar:C:\Project\github\javavscode\netbeans\nbbuild\netbeans\ide\modules\org-netbeans-modules-editor-settings.jar:C:\Project\github\javavscode\netbeans\nbbuild\netbeans\ide\modules\org-netbeans-modules-lexer.jar:C:\Project\github\javavscode\netbeans\nbbuild\netbeans\java\modules\org-netbeans-modules-java-lexer.jar:C:\Project\github\javavscode\netbeans\nbbuild\netbeans\java\modules\org-netbeans-modules-java-preprocessorbridge.jar:C:\Project\github\javavscode\netbeans\nbbuild\netbeans\ide\modules\org-netbeans-modules-parsing-api.jar:C:\Project\github\javavscode\netbeans\nbbuild\netbeans\ide\modules\org-netbeans-modules-parsing-lucene.jar:C:\Project\github\javavscode\netbeans\nbbuild\netbeans\platform\modules\org-netbeans-modules-masterfs.jar:C:\Project\github\javavscode\netbeans\nbbuild\netbeans\ide\modules\org-netbeans-modules-parsing-indexing.jar:C:\Project\github\javavscode\netbeans\nbbuild\netbeans\ide\modules\org-netbeans-modules-project-indexingbridge.jar:C:\Project\github\javavscode\netbeans\nbbuild\netbeans\ide\modules\org-netbeans-modules-projectuiapi-base.jar:C:\Project\github\javavscode\netbeans\nbbuild\netbeans\platform\modules\org-openide-explorer.jar:C:\Project\github\javavscode\netbeans\nbbuild\netbeans\platform\modules\org-netbeans-swing-outline.jar:C:\Project\github\javavscode\netbeans\nbbuild\netbeans\platform\modules\org-netbeans-swing-tabcontrol.jar:C:\Project\github\javavscode\netbeans\nbbuild\netbeans\platform\modules\org-openide-awt.jar:C:\Project\github\javavscode\netbeans\nbbuild\netbeans\platform\modules\org-openide-windows.jar:C:\Project\github\javavscode\netbeans\nbbuild\netbeans\platform\modules\org-openide-nodes.jar:C:\Project\github\javavscode\netbeans\nbbuild\netbeans\platform\modules\org-openide-dialogs.jar:C:\Project\github\javavscode\netbeans\nbbuild\netbeans\platform\modules\org-netbeans-api-progress-nb.jar:C:\Project\github\javavscode\netbeans\nbbuild\netbeans\ide\modules\org-netbeans-spi-tasklist.jar:C:\Project\github\javavscode\netbeans\nbbuild\netbeans\ide\modules\org-netbeans-modules-refactoring-api.jar:C:\Project\github\javavscode\netbeans\nbbuild\netbeans\ide\modules\org-netbeans-modules-diff.jar:C:\Project\github\javavscode\netbeans\nbbuild\netbeans\ide\modules\org-netbeans-modules-editor-errorstripe.jar:C:\Project\github\javavscode\netbeans\nbbuild\netbeans\ide\modules\org-netbeans-modules-editor-errorstripe-api.jar:C:\Project\github\javavscode\netbeans\nbbuild\netbeans\ide\modules\org-netbeans-modules-editor-fold.jar:C:\Project\github\javavscode\netbeans\nbbuild\netbeans\ide\modules\org-netbeans-modules-editor-settings-lib.jar:C:\Project\github\javavscode\netbeans\nbbuild\netbeans\ide\modules\org-netbeans-modules-editor-lib.jar:C:\Project\github\javavscode\netbeans\nbbuild\netbeans\ide\modules\org-netbeans-modules-editor-lib2.jar:C:\Project\github\javavscode\netbeans\nbbuild\netbeans\platform\modules\org-openide-loaders.jar:C:\Project\github\javavscode\netbeans\nbbuild\netbeans\platform\modules\org-netbeans-api-templates.jar:C:\Project\github\javavscode\netbeans\nbbuild\netbeans\platform\modules\org-openide-actions.jar:C:\Project\github\javavscode\netbeans\nbbuild\netbeans\platform\modules\org-openide-text.jar:C:\Project\github\javavscode\netbeans\nbbuild\netbeans\platform\modules\org-openide-filesystems-nb.jar:C:\Project\github\javavscode\netbeans\nbbuild\netbeans\platform\modules\org-netbeans-modules-options-api.jar:C:\Project\github\javavscode\netbeans\nbbuild\netbeans\platform\modules\org-netbeans-core.jar:C:\Project\github\javavscode\netbeans\nbbuild\netbeans\platform\lib\boot.jar:C:\Project\github\javavscode\netbeans\nbbuild\netbeans\platform\core\core.jar:C:\Project\github\javavscode\netbeans\nbbuild\netbeans\platform\core\core-base.jar:C:\Project\github\javavscode\netbeans\nbbuild\netbeans\platform\modules\org-netbeans-modules-keyring.jar:C:\Project\github\javavscode\netbeans\nbbuild\netbeans\platform\modules\org-netbeans-modules-sampler.jar:C:\Project\github\javavscode\netbeans\nbbuild\netbeans\platform\modules\org-netbeans-swing-plaf.jar:C:\Project\github\javavscode\netbeans\nbbuild\netbeans\platform\modules\org-netbeans-spi-quicksearch.jar:C:\Project\github\javavscode\netbeans\nbbuild\netbeans\ide\modules\org-netbeans-modules-options-editor.jar:C:\Project\github\javavscode\netbeans\nbbuild\netbeans\ide\modules\org-netbeans-modules-editor.jar:C:\Project\github\javavscode\netbeans\nbbuild\netbeans\ide\modules\org-netbeans-api-lsp.jar:C:\Project\github\javavscode\netbeans\nbbuild\netbeans\ide\modules\org-netbeans-modules-editor-settings-storage.jar:C:\Project\github\javavscode\netbeans\nbbuild\netbeans\platform\modules\org-netbeans-modules-options-keymap.jar:C:\Project\github\javavscode\netbeans\nbbuild\netbeans\ide\modules\org-netbeans-modules-project-ant.jar:C:\Project\github\javavscode\netbeans\nbbuild\netbeans\ide\modules\org-netbeans-modules-project-libraries.jar:C:\Project\github\javavscode\netbeans\nbbuild\netbeans\ide\modules\org-netbeans-modules-project-spi-intern.jar:C:\Project\github\javavscode\netbeans\nbbuild\netbeans\ide\modules\org-netbeans-modules-xml-catalog.jar:C:\Project\github\javavscode\netbeans\nbbuild\netbeans\ide\modules\org-apache-xml-resolver.jar:C:\Project\github\javavscode\netbeans\ide\o.apache.xml.resolver\external\resolver-1.2.jar:C:\Project\github\javavscode\netbeans\nbbuild\netbeans\ide\modules\org-netbeans-api-xml.jar:C:\Project\github\javavscode\netbeans\nbbuild\netbeans\ide\modules\org-netbeans-modules-nativeimage-api.jar:C:\Project\github\javavscode\netbeans\nbbuild\netbeans\ide\modules\org-netbeans-modules-projectuiapi.jar:C:\Project\github\javavscode\netbeans\nbbuild\netbeans\ide\modules\org-netbeans-spi-debugger-ui.jar:C:\Project\github\javavscode\netbeans\nbbuild\netbeans\ide\modules\org-netbeans-spi-viewmodel.jar:C:\Project\github\javavscode\netbeans\nbbuild\netbeans\java\modules\org-netbeans-modules-java-project.jar:C:\Project\github\javavscode\netbeans\nbbuild\netbeans\platform\modules\org-netbeans-api-annotations-common.jar:C:\Project\github\javavscode\netbeans\nbbuild\netbeans\java\modules\org-netbeans-api-java.jar:C:\Project\github\javavscode\netbeans\nbbuild\netbeans\ide\modules\org-netbeans-api-java-classpath.jar:C:\Project\github\javavscode\netbeans\nbbuild\netbeans\platform\core\org-openide-filesystems.jar:C:\Project\github\javavscode\netbeans\nbbuild\netbeans\platform\lib\org-openide-util.jar:C:\Project\github\javavscode\netbeans\nbbuild\netbeans\platform\lib\org-openide-util-lookup.jar:C:\Project\github\javavscode\netbeans\nbbuild\netbeans\platform\lib\org-openide-modules.jar:C:\Project\github\javavscode\netbeans\nbbuild\netbeans\platform\lib\org-openide-util-ui.jar:C:\Project\github\javavscode\netbeans\nbbuild\netbeans\java\modules\org-netbeans-modules-classfile.jar:C:\Project\github\javavscode\netbeans\nbbuild\netbeans\java\modules\org-netbeans-modules-java-platform.jar:C:\Project\github\javavscode\netbeans\nbbuild\netbeans\java\modules\org-netbeans-modules-java-source-base.jar:C:\Project\github\javavscode\netbeans\nbbuild\netbeans\platform\modules\org-netbeans-api-progress.jar:C:\Project\github\javavscode\netbeans\nbbuild\netbeans\platform\modules\org-netbeans-api-scripting.jar:C:\Project\github\javavscode\netbeans\nbbuild\netbeans\java\modules\org-netbeans-lib-nbjavac.jar:C:\Project\github\javavscode\netbeans\nbbuild\netbeans\java\modules\org-netbeans-libs-javacapi.jar:C:\Project\github\javavscode\netbeans\java\libs.javacapi\external\nb-javac-jdk-22+33-api.jar:C:\Project\github\javavscode\netbeans\java\libs.javacapi\external\nb-javac-jdk-22+33.jar:C:\Project\github\javavscode\netbeans\nbbuild\netbeans\platform\core\org-netbeans-libs-asm.jar:C:\Project\github\javavscode\netbeans\platform\libs.asm\external\asm-9.6.jar:C:\Project\github\javavscode\netbeans\platform\libs.asm\external\asm-tree-9.6.jar:C:\Project\github\javavscode\netbeans\platform\libs.asm\external\asm-commons-9.6.jar:C:\Project\github\javavscode\netbeans\nbbuild\netbeans\ide\modules\org-netbeans-libs-lucene.jar:C:\Project\github\javavscode\netbeans\ide\libs.lucene\external\lucene-core-3.6.2.jar:C:\Project\github\javavscode\netbeans\nbbuild\netbeans\ide\modules\org-netbeans-modules-editor-document.jar:C:\Project\github\javavscode\netbeans\nbbuild\netbeans\platform\modules\org-netbeans-modules-editor-mimelookup.jar:C:\Project\github\javavscode\netbeans\nbbuild\netbeans\ide\modules\org-netbeans-modules-editor-util.jar:C:\Project\github\javavscode\netbeans\nbbuild\netbeans\ide\modules\org-netbeans-modules-editor-guards.jar:C:\Project\github\javavscode\netbeans\nbbuild\netbeans\ide\modules\org-netbeans-modules-editor-indent.jar:C:\Project\github\javavscode\netbeans\nbbuild\netbeans\ide\modules\org-netbeans-modules-editor-settings.jar:C:\Project\github\javavscode\netbeans\nbbuild\netbeans\ide\modules\org-netbeans-modules-lexer.jar:C:\Project\github\javavscode\netbeans\nbbuild\netbeans\java\modules\org-netbeans-modules-java-lexer.jar:C:\Project\github\javavscode\netbeans\nbbuild\netbeans\java\modules\org-netbeans-modules-java-preprocessorbridge.jar:C:\Project\github\javavscode\netbeans\nbbuild\netbeans\ide\modules\org-netbeans-modules-parsing-api.jar:C:\Project\github\javavscode\netbeans\nbbuild\netbeans\ide\modules\org-netbeans-modules-parsing-lucene.jar:C:\Project\github\javavscode\netbeans\nbbuild\netbeans\platform\modules\org-netbeans-modules-masterfs.jar:C:\Project\github\javavscode\netbeans\nbbuild\netbeans\platform\modules\org-netbeans-modules-queries.jar:C:\Project\github\javavscode\netbeans\nbbuild\netbeans\ide\modules\org-netbeans-modules-projectapi.jar:C:\Project\github\javavscode\netbeans\nbbuild\netbeans\ide\modules\org-netbeans-modules-parsing-indexing.jar:C:\Project\github\javavscode\netbeans\nbbuild\netbeans\ide\modules\org-netbeans-modules-project-indexingbridge.jar:C:\Project\github\javavscode\netbeans\nbbuild\netbeans\ide\modules\org-netbeans-modules-projectuiapi-base.jar:C:\Project\github\javavscode\netbeans\nbbuild\netbeans\platform\modules\org-openide-explorer.jar:C:\Project\github\javavscode\netbeans\nbbuild\netbeans\platform\modules\org-netbeans-swing-outline.jar:C:\Project\github\javavscode\netbeans\nbbuild\netbeans\platform\modules\org-netbeans-swing-tabcontrol.jar:C:\Project\github\javavscode\netbeans\nbbuild\netbeans\platform\modules\org-openide-awt.jar:C:\Project\github\javavscode\netbeans\nbbuild\netbeans\platform\modules\org-openide-windows.jar:C:\Project\github\javavscode\netbeans\nbbuild\netbeans\platform\modules\org-openide-nodes.jar:C:\Project\github\javavscode\netbeans\nbbuild\netbeans\platform\modules\org-openide-dialogs.jar:C:\Project\github\javavscode\netbeans\nbbuild\netbeans\platform\modules\org-netbeans-api-progress-nb.jar:C:\Project\github\javavscode\netbeans\nbbuild\netbeans\ide\modules\org-netbeans-spi-tasklist.jar:C:\Project\github\javavscode\netbeans\nbbuild\netbeans\ide\modules\org-netbeans-modules-refactoring-api.jar:C:\Project\github\javavscode\netbeans\nbbuild\netbeans\ide\modules\org-netbeans-modules-diff.jar:C:\Project\github\javavscode\netbeans\nbbuild\netbeans\ide\modules\org-netbeans-modules-editor-errorstripe.jar:C:\Project\github\javavscode\netbeans\nbbuild\netbeans\ide\modules\org-netbeans-modules-editor-errorstripe-api.jar:C:\Project\github\javavscode\netbeans\nbbuild\netbeans\ide\modules\org-netbeans-modules-editor-fold.jar:C:\Project\github\javavscode\netbeans\nbbuild\netbeans\ide\modules\org-netbeans-modules-editor-settings-lib.jar:C:\Project\github\javavscode\netbeans\nbbuild\netbeans\ide\modules\org-netbeans-modules-editor-lib.jar:C:\Project\github\javavscode\netbeans\nbbuild\netbeans\ide\modules\org-netbeans-modules-editor-lib2.jar:C:\Project\github\javavscode\netbeans\nbbuild\netbeans\platform\modules\org-openide-loaders.jar:C:\Project\github\javavscode\netbeans\nbbuild\netbeans\platform\modules\org-netbeans-api-templates.jar:C:\Project\github\javavscode\netbeans\nbbuild\netbeans\platform\modules\org-openide-actions.jar:C:\Project\github\javavscode\netbeans\nbbuild\netbeans\platform\modules\org-openide-text.jar:C:\Project\github\javavscode\netbeans\nbbuild\netbeans\platform\modules\org-openide-filesystems-nb.jar:C:\Project\github\javavscode\netbeans\nbbuild\netbeans\platform\modules\org-netbeans-modules-options-api.jar:C:\Project\github\javavscode\netbeans\nbbuild\netbeans\platform\modules\org-netbeans-core.jar:C:\Project\github\javavscode\netbeans\nbbuild\netbeans\platform\lib\boot.jar:C:\Project\github\javavscode\netbeans\nbbuild\netbeans\platform\core\core.jar:C:\Project\github\javavscode\netbeans\nbbuild\netbeans\platform\core\core-base.jar:C:\Project\github\javavscode\netbeans\nbbuild\netbeans\platform\modules\org-netbeans-modules-keyring.jar:C:\Project\github\javavscode\netbeans\nbbuild\netbeans\platform\modules\org-netbeans-modules-sampler.jar:C:\Project\github\javavscode\netbeans\nbbuild\netbeans\platform\modules\org-netbeans-swing-plaf.jar:C:\Project\github\javavscode\netbeans\nbbuild\netbeans\platform\modules\org-openide-io.jar:C:\Project\github\javavscode\netbeans\nbbuild\netbeans\platform\modules\org-netbeans-api-intent.jar:C:\Project\github\javavscode\netbeans\nbbuild\netbeans\platform\modules\org-netbeans-api-io.jar:C:\Project\github\javavscode\netbeans\nbbuild\netbeans\platform\modules\org-netbeans-spi-quicksearch.jar:C:\Project\github\javavscode\netbeans\nbbuild\netbeans\ide\modules\org-netbeans-modules-options-editor.jar:C:\Project\github\javavscode\netbeans\nbbuild\netbeans\ide\modules\org-netbeans-modules-editor.jar:C:\Project\github\javavscode\netbeans\nbbuild\netbeans\ide\modules\org-netbeans-api-lsp.jar:C:\Project\github\javavscode\netbeans\nbbuild\netbeans\ide\modules\org-netbeans-modules-editor-settings-storage.jar:C:\Project\github\javavscode\netbeans\nbbuild\netbeans\platform\modules\org-netbeans-modules-options-keymap.jar:C:\Project\github\javavscode\netbeans\nbbuild\netbeans\ide\modules\org-netbeans-modules-project-ant.jar:C:\Project\github\javavscode\netbeans\nbbuild\netbeans\ide\modules\org-netbeans-modules-project-libraries.jar:C:\Project\github\javavscode\netbeans\nbbuild\netbeans\ide\modules\org-netbeans-modules-project-spi-intern.jar:C:\Project\github\javavscode\netbeans\nbbuild\netbeans\ide\modules\org-netbeans-modules-xml-catalog.jar:C:\Project\github\javavscode\netbeans\nbbuild\netbeans\ide\modules\org-apache-xml-resolver.jar:C:\Project\github\javavscode\netbeans\ide\o.apache.xml.resolver\external\resolver-1.2.jar:C:\Project\github\javavscode\netbeans\nbbuild\netbeans\ide\modules\org-netbeans-api-xml.jar:C:\Project\github\javavscode\netbeans\nbbuild\netbeans\java\modules\org-netbeans-modules-java-source.jar:C:\Project\github\javavscode\netbeans\nbbuild\netbeans\platform\modules\org-netbeans-api-annotations-common.jar:C:\Project\github\javavscode\netbeans\nbbuild\netbeans\java\modules\org-netbeans-api-java.jar:C:\Project\github\javavscode\netbeans\nbbuild\netbeans\ide\modules\org-netbeans-api-java-classpath.jar:C:\Project\github\javavscode\netbeans\nbbuild\netbeans\platform\core\org-openide-filesystems.jar:C:\Project\github\javavscode\netbeans\nbbuild\netbeans\platform\lib\org-openide-util.jar:C:\Project\github\javavscode\netbeans\nbbuild\netbeans\platform\lib\org-openide-util-lookup.jar:C:\Project\github\javavscode\netbeans\nbbuild\netbeans\platform\lib\org-openide-modules.jar:C:\Project\github\javavscode\netbeans\nbbuild\netbeans\platform\lib\org-openide-util-ui.jar:C:\Project\github\javavscode\netbeans\nbbuild\netbeans\platform\modules\org-netbeans-api-progress.jar:C:\Project\github\javavscode\netbeans\nbbuild\netbeans\platform\modules\org-netbeans-api-progress-nb.jar:C:\Project\github\javavscode\netbeans\nbbuild\netbeans\platform\modules\org-openide-awt.jar:C:\Project\github\javavscode\netbeans\nbbuild\netbeans\platform\modules\org-netbeans-api-templates.jar:C:\Project\github\javavscode\netbeans\nbbuild\netbeans\platform\modules\org-netbeans-api-scripting.jar:C:\Project\github\javavscode\netbeans\nbbuild\netbeans\platform\modules\org-netbeans-modules-queries.jar:C:\Project\github\javavscode\netbeans\nbbuild\netbeans\platform\modules\org-netbeans-core-multiview.jar:C:\Project\github\javavscode\netbeans\nbbuild\netbeans\platform\modules\org-netbeans-modules-editor-mimelookup.jar:C:\Project\github\javavscode\netbeans\nbbuild\netbeans\platform\modules\org-openide-dialogs.jar:C:\Project\github\javavscode\netbeans\nbbuild\netbeans\platform\modules\org-openide-nodes.jar:C:\Project\github\javavscode\netbeans\nbbuild\netbeans\platform\modules\org-openide-text.jar:C:\Project\github\javavscode\netbeans\nbbuild\netbeans\platform\modules\org-openide-windows.jar:C:\Project\github\javavscode\netbeans\nbbuild\netbeans\java\modules\org-netbeans-lib-nbjavac.jar:C:\Project\github\javavscode\netbeans\nbbuild\netbeans\java\modules\org-netbeans-libs-javacapi.jar:C:\Project\github\javavscode\netbeans\java\libs.javacapi\external\nb-javac-jdk-22+33-api.jar:C:\Project\github\javavscode\netbeans\java\libs.javacapi\external\nb-javac-jdk-22+33.jar:C:\Project\github\javavscode\netbeans\nbbuild\netbeans\ide\modules\org-netbeans-libs-lucene.jar:C:\Project\github\javavscode\netbeans\ide\libs.lucene\external\lucene-core-3.6.2.jar:C:\Project\github\javavscode\netbeans\nbbuild\netbeans\platform\modules\org-netbeans-modules-autoupdate-services.jar:C:\Project\github\javavscode\netbeans\nbbuild\netbeans\platform\modules\ext\updater.jar:C:\Project\github\javavscode\netbeans\nbbuild\netbeans\platform\lib\boot.jar:C:\Project\github\javavscode\netbeans\nbbuild\netbeans\platform\core\core.jar:C:\Project\github\javavscode\netbeans\nbbuild\netbeans\platform\core\org-netbeans-libs-asm.jar:C:\Project\github\javavscode\netbeans\platform\libs.asm\external\asm-9.6.jar:C:\Project\github\javavscode\netbeans\platform\libs.asm\external\asm-tree-9.6.jar:C:\Project\github\javavscode\netbeans\platform\libs.asm\external\asm-commons-9.6.jar:C:\Project\github\javavscode\netbeans\nbbuild\netbeans\platform\core\core-base.jar:C:\Project\github\javavscode\netbeans\nbbuild\netbeans\java\modules\org-netbeans-modules-classfile.jar:C:\Project\github\javavscode\netbeans\nbbuild\netbeans\ide\modules\org-netbeans-modules-editor-document.jar:C:\Project\github\javavscode\netbeans\nbbuild\netbeans\ide\modules\org-netbeans-modules-editor-util.jar:C:\Project\github\javavscode\netbeans\nbbuild\netbeans\ide\modules\org-netbeans-modules-editor-guards.jar:C:\Project\github\javavscode\netbeans\nbbuild\netbeans\ide\modules\org-netbeans-modules-editor-indent.jar:C:\Project\github\javavscode\netbeans\nbbuild\netbeans\ide\modules\org-netbeans-modules-editor-settings.jar:C:\Project\github\javavscode\netbeans\nbbuild\netbeans\ide\modules\org-netbeans-modules-lexer.jar:C:\Project\github\javavscode\netbeans\nbbuild\netbeans\ide\modules\org-netbeans-modules-editor-indent-project.jar:C:\Project\github\javavscode\netbeans\nbbuild\netbeans\ide\modules\org-netbeans-modules-editor-lib2.jar:C:\Project\github\javavscode\netbeans\nbbuild\netbeans\ide\modules\org-netbeans-modules-editor-settings-storage.jar:C:\Project\github\javavscode\netbeans\nbbuild\netbeans\platform\modules\org-openide-filesystems-nb.jar:C:\Project\github\javavscode\netbeans\nbbuild\netbeans\platform\modules\org-netbeans-modules-options-keymap.jar:C:\Project\github\javavscode\netbeans\nbbuild\netbeans\platform\modules\org-netbeans-modules-options-api.jar:C:\Project\github\javavscode\netbeans\nbbuild\netbeans\platform\modules\org-netbeans-core.jar:C:\Project\github\javavscode\netbeans\nbbuild\netbeans\platform\modules\org-netbeans-modules-keyring.jar:C:\Project\github\javavscode\netbeans\nbbuild\netbeans\platform\modules\org-netbeans-modules-sampler.jar:C:\Project\github\javavscode\netbeans\nbbuild\netbeans\platform\modules\org-netbeans-swing-plaf.jar:C:\Project\github\javavscode\netbeans\nbbuild\netbeans\platform\modules\org-openide-actions.jar:C:\Project\github\javavscode\netbeans\nbbuild\netbeans\platform\modules\org-openide-explorer.jar:C:\Project\github\javavscode\netbeans\nbbuild\netbeans\platform\modules\org-netbeans-swing-outline.jar:C:\Project\github\javavscode\netbeans\nbbuild\netbeans\platform\modules\org-netbeans-swing-tabcontrol.jar:C:\Project\github\javavscode\netbeans\nbbuild\netbeans\platform\modules\org-openide-io.jar:C:\Project\github\javavscode\netbeans\nbbuild\netbeans\platform\modules\org-netbeans-api-intent.jar:C:\Project\github\javavscode\netbeans\nbbuild\netbeans\platform\modules\org-netbeans-api-io.jar:C:\Project\github\javavscode\netbeans\nbbuild\netbeans\platform\modules\org-openide-loaders.jar:C:\Project\github\javavscode\netbeans\nbbuild\netbeans\platform\modules\org-netbeans-spi-quicksearch.jar:C:\Project\github\javavscode\netbeans\nbbuild\netbeans\ide\modules\org-netbeans-modules-editor-settings-lib.jar:C:\Project\github\javavscode\netbeans\nbbuild\netbeans\ide\modules\org-netbeans-modules-options-editor.jar:C:\Project\github\javavscode\netbeans\nbbuild\netbeans\ide\modules\org-netbeans-modules-editor.jar:C:\Project\github\javavscode\netbeans\nbbuild\netbeans\ide\modules\org-netbeans-api-lsp.jar:C:\Project\github\javavscode\netbeans\nbbuild\netbeans\ide\modules\org-netbeans-modules-editor-fold.jar:C:\Project\github\javavscode\netbeans\nbbuild\netbeans\ide\modules\org-netbeans-modules-editor-lib.jar:C:\Project\github\javavscode\netbeans\nbbuild\netbeans\ide\modules\org-netbeans-modules-projectapi.jar:C:\Project\github\javavscode\netbeans\nbbuild\netbeans\ide\modules\org-netbeans-modules-projectuiapi.jar:C:\Project\github\javavscode\netbeans\nbbuild\netbeans\ide\modules\org-netbeans-modules-projectuiapi-base.jar:C:\Project\github\javavscode\netbeans\nbbuild\netbeans\java\modules\org-netbeans-modules-java-platform.jar:C:\Project\github\javavscode\netbeans\nbbuild\netbeans\java\modules\org-netbeans-modules-java-preprocessorbridge.jar:C:\Project\github\javavscode\netbeans\nbbuild\netbeans\ide\modules\org-netbeans-modules-parsing-api.jar:C:\Project\github\javavscode\netbeans\nbbuild\netbeans\ide\modules\org-netbeans-modules-parsing-lucene.jar:C:\Project\github\javavscode\netbeans\nbbuild\netbeans\platform\modules\org-netbeans-modules-masterfs.jar:C:\Project\github\javavscode\netbeans\nbbuild\netbeans\ide\modules\org-netbeans-modules-parsing-indexing.jar:C:\Project\github\javavscode\netbeans\nbbuild\netbeans\ide\modules\org-netbeans-modules-project-indexingbridge.jar:C:\Project\github\javavscode\netbeans\nbbuild\netbeans\ide\modules\org-netbeans-spi-tasklist.jar:C:\Project\github\javavscode\netbeans\nbbuild\netbeans\java\modules\org-netbeans-modules-java-source-base.jar:C:\Project\github\javavscode\netbeans\nbbuild\netbeans\java\modules\org-netbeans-modules-java-lexer.jar:C:\Project\github\javavscode\netbeans\nbbuild\netbeans\ide\modules\org-netbeans-modules-refactoring-api.jar:C:\Project\github\javavscode\netbeans\nbbuild\netbeans\ide\modules\org-netbeans-modules-diff.jar:C:\Project\github\javavscode\netbeans\nbbuild\netbeans\ide\modules\org-netbeans-modules-editor-errorstripe.jar:C:\Project\github\javavscode\netbeans\nbbuild\netbeans\ide\modules\org-netbeans-modules-editor-errorstripe-api.jar:C:\Project\github\javavscode\netbeans\nbbuild\netbeans\java\modules\org-netbeans-modules-java-source-base.jar:C:\Project\github\javavscode\netbeans\nbbuild\netbeans\platform\modules\org-netbeans-api-annotations-common.jar:C:\Project\github\javavscode\netbeans\nbbuild\netbeans\java\modules\org-netbeans-api-java.jar:C:\Project\github\javavscode\netbeans\nbbuild\netbeans\ide\modules\org-netbeans-api-java-classpath.jar:C:\Project\github\javavscode\netbeans\nbbuild\netbeans\platform\core\org-openide-filesystems.jar:C:\Project\github\javavscode\netbeans\nbbuild\netbeans\platform\lib\org-openide-util.jar:C:\Project\github\javavscode\netbeans\nbbuild\netbeans\platform\lib\org-openide-util-lookup.jar:C:\Project\github\javavscode\netbeans\nbbuild\netbeans\platform\lib\org-openide-modules.jar:C:\Project\github\javavscode\netbeans\nbbuild\netbeans\platform\lib\org-openide-util-ui.jar:C:\Project\github\javavscode\netbeans\nbbuild\netbeans\platform\modules\org-netbeans-api-progress.jar:C:\Project\github\javavscode\netbeans\nbbuild\netbeans\platform\modules\org-netbeans-api-scripting.jar:C:\Project\github\javavscode\netbeans\nbbuild\netbeans\java\modules\org-netbeans-lib-nbjavac.jar:C:\Project\github\javavscode\netbeans\nbbuild\netbeans\java\modules\org-netbeans-libs-javacapi.jar:C:\Project\github\javavscode\netbeans\java\libs.javacapi\external\nb-javac-jdk-22+33-api.jar:C:\Project\github\javavscode\netbeans\java\libs.javacapi\external\nb-javac-jdk-22+33.jar:C:\Project\github\javavscode\netbeans\nbbuild\netbeans\platform\core\org-netbeans-libs-asm.jar:C:\Project\github\javavscode\netbeans\platform\libs.asm\external\asm-9.6.jar:C:\Project\github\javavscode\netbeans\platform\libs.asm\external\asm-tree-9.6.jar:C:\Project\github\javavscode\netbeans\platform\libs.asm\external\asm-commons-9.6.jar:C:\Project\github\javavscode\netbeans\nbbuild\netbeans\ide\modules\org-netbeans-libs-lucene.jar:C:\Project\github\javavscode\netbeans\ide\libs.lucene\external\lucene-core-3.6.2.jar:C:\Project\github\javavscode\netbeans\nbbuild\netbeans\java\modules\org-netbeans-modules-classfile.jar:C:\Project\github\javavscode\netbeans\nbbuild\netbeans\ide\modules\org-netbeans-modules-editor-document.jar:C:\Project\github\javavscode\netbeans\nbbuild\netbeans\platform\modules\org-netbeans-modules-editor-mimelookup.jar:C:\Project\github\javavscode\netbeans\nbbuild\netbeans\ide\modules\org-netbeans-modules-editor-util.jar:C:\Project\github\javavscode\netbeans\nbbuild\netbeans\ide\modules\org-netbeans-modules-editor-guards.jar:C:\Project\github\javavscode\netbeans\nbbuild\netbeans\ide\modules\org-netbeans-modules-editor-indent.jar:C:\Project\github\javavscode\netbeans\nbbuild\netbeans\ide\modules\org-netbeans-modules-editor-settings.jar:C:\Project\github\javavscode\netbeans\nbbuild\netbeans\ide\modules\org-netbeans-modules-lexer.jar:C:\Project\github\javavscode\netbeans\nbbuild\netbeans\java\modules\org-netbeans-modules-java-lexer.jar:C:\Project\github\javavscode\netbeans\nbbuild\netbeans\java\modules\org-netbeans-modules-java-platform.jar:C:\Project\github\javavscode\netbeans\nbbuild\netbeans\java\modules\org-netbeans-modules-java-preprocessorbridge.jar:C:\Project\github\javavscode\netbeans\nbbuild\netbeans\ide\modules\org-netbeans-modules-parsing-api.jar:C:\Project\github\javavscode\netbeans\nbbuild\netbeans\ide\modules\org-netbeans-modules-parsing-lucene.jar:C:\Project\github\javavscode\netbeans\nbbuild\netbeans\platform\modules\org-netbeans-modules-masterfs.jar:C:\Project\github\javavscode\netbeans\nbbuild\netbeans\platform\modules\org-netbeans-modules-queries.jar:C:\Project\github\javavscode\netbeans\nbbuild\netbeans\ide\modules\org-netbeans-modules-projectapi.jar:C:\Project\github\javavscode\netbeans\nbbuild\netbeans\ide\modules\org-netbeans-modules-parsing-indexing.jar:C:\Project\github\javavscode\netbeans\nbbuild\netbeans\ide\modules\org-netbeans-modules-project-indexingbridge.jar:C:\Project\github\javavscode\netbeans\nbbuild\netbeans\ide\modules\org-netbeans-modules-projectuiapi-base.jar:C:\Project\github\javavscode\netbeans\nbbuild\netbeans\platform\modules\org-openide-explorer.jar:C:\Project\github\javavscode\netbeans\nbbuild\netbeans\platform\modules\org-netbeans-swing-outline.jar:C:\Project\github\javavscode\netbeans\nbbuild\netbeans\platform\modules\org-netbeans-swing-tabcontrol.jar:C:\Project\github\javavscode\netbeans\nbbuild\netbeans\platform\modules\org-openide-awt.jar:C:\Project\github\javavscode\netbeans\nbbuild\netbeans\platform\modules\org-openide-windows.jar:C:\Project\github\javavscode\netbeans\nbbuild\netbeans\platform\modules\org-openide-nodes.jar:C:\Project\github\javavscode\netbeans\nbbuild\netbeans\platform\modules\org-openide-dialogs.jar:C:\Project\github\javavscode\netbeans\nbbuild\netbeans\platform\modules\org-netbeans-api-progress-nb.jar:C:\Project\github\javavscode\netbeans\nbbuild\netbeans\ide\modules\org-netbeans-spi-tasklist.jar:C:\Project\github\javavscode\netbeans\nbbuild\netbeans\ide\modules\org-netbeans-modules-refactoring-api.jar:C:\Project\github\javavscode\netbeans\nbbuild\netbeans\ide\modules\org-netbeans-modules-diff.jar:C:\Project\github\javavscode\netbeans\nbbuild\netbeans\ide\modules\org-netbeans-modules-editor-errorstripe.jar:C:\Project\github\javavscode\netbeans\nbbuild\netbeans\ide\modules\org-netbeans-modules-editor-errorstripe-api.jar:C:\Project\github\javavscode\netbeans\nbbuild\netbeans\ide\modules\org-netbeans-modules-editor-fold.jar:C:\Project\github\javavscode\netbeans\nbbuild\netbeans\ide\modules\org-netbeans-modules-editor-settings-lib.jar:C:\Project\github\javavscode\netbeans\nbbuild\netbeans\ide\modules\org-netbeans-modules-editor-lib.jar:C:\Project\github\javavscode\netbeans\nbbuild\netbeans\ide\modules\org-netbeans-modules-editor-lib2.jar:C:\Project\github\javavscode\netbeans\nbbuild\netbeans\platform\modules\org-openide-loaders.jar:C:\Project\github\javavscode\netbeans\nbbuild\netbeans\platform\modules\org-netbeans-api-templates.jar:C:\Project\github\javavscode\netbeans\nbbuild\netbeans\platform\modules\org-openide-actions.jar:C:\Project\github\javavscode\netbeans\nbbuild\netbeans\platform\modules\org-openide-text.jar:C:\Project\github\javavscode\netbeans\nbbuild\netbeans\platform\modules\org-openide-filesystems-nb.jar:C:\Project\github\javavscode\netbeans\nbbuild\netbeans\platform\modules\org-netbeans-modules-options-api.jar:C:\Project\github\javavscode\netbeans\nbbuild\netbeans\platform\modules\org-netbeans-core.jar:C:\Project\github\javavscode\netbeans\nbbuild\netbeans\platform\lib\boot.jar:C:\Project\github\javavscode\netbeans\nbbuild\netbeans\platform\core\core.jar:C:\Project\github\javavscode\netbeans\nbbuild\netbeans\platform\core\core-base.jar:C:\Project\github\javavscode\netbeans\nbbuild\netbeans\platform\modules\org-netbeans-modules-keyring.jar:C:\Project\github\javavscode\netbeans\nbbuild\netbeans\platform\modules\org-netbeans-modules-sampler.jar:C:\Project\github\javavscode\netbeans\nbbuild\netbeans\platform\modules\org-netbeans-swing-plaf.jar:C:\Project\github\javavscode\netbeans\nbbuild\netbeans\platform\modules\org-openide-io.jar:C:\Project\github\javavscode\netbeans\nbbuild\netbeans\platform\modules\org-netbeans-api-intent.jar:C:\Project\github\javavscode\netbeans\nbbuild\netbeans\platform\modules\org-netbeans-api-io.jar:C:\Project\github\javavscode\netbeans\nbbuild\netbeans\platform\modules\org-netbeans-spi-quicksearch.jar:C:\Project\github\javavscode\netbeans\nbbuild\netbeans\ide\modules\org-netbeans-modules-options-editor.jar:C:\Project\github\javavscode\netbeans\nbbuild\netbeans\ide\modules\org-netbeans-modules-editor.jar:C:\Project\github\javavscode\netbeans\nbbuild\netbeans\ide\modules\org-netbeans-api-lsp.jar:C:\Project\github\javavscode\netbeans\nbbuild\netbeans\ide\modules\org-netbeans-modules-editor-settings-storage.jar:C:\Project\github\javavscode\netbeans\nbbuild\netbeans\platform\modules\org-netbeans-modules-options-keymap.jar:C:\Project\github\javavscode\netbeans\nbbuild\netbeans\java\modules\org-netbeans-modules-java-sourceui.jar:C:\Project\github\javavscode\netbeans\nbbuild\netbeans\platform\modules\org-netbeans-api-annotations-common.jar:C:\Project\github\javavscode\netbeans\nbbuild\netbeans\java\modules\org-netbeans-api-java.jar:C:\Project\github\javavscode\netbeans\nbbuild\netbeans\ide\modules\org-netbeans-api-java-classpath.jar:C:\Project\github\javavscode\netbeans\nbbuild\netbeans\platform\core\org-openide-filesystems.jar:C:\Project\github\javavscode\netbeans\nbbuild\netbeans\platform\lib\org-openide-util.jar:C:\Project\github\javavscode\netbeans\nbbuild\netbeans\platform\lib\org-openide-util-lookup.jar:C:\Project\github\javavscode\netbeans\nbbuild\netbeans\platform\lib\org-openide-modules.jar:C:\Project\github\javavscode\netbeans\nbbuild\netbeans\platform\lib\org-openide-util-ui.jar:C:\Project\github\javavscode\netbeans\nbbuild\netbeans\ide\modules\org-netbeans-api-lsp.jar:C:\Project\github\javavscode\netbeans\nbbuild\netbeans\platform\modules\org-netbeans-modules-editor-mimelookup.jar:C:\Project\github\javavscode\netbeans\nbbuild\netbeans\ide\modules\org-netbeans-modules-editor-util.jar:C:\Project\github\javavscode\netbeans\nbbuild\netbeans\platform\modules\org-netbeans-api-progress.jar:C:\Project\github\javavscode\netbeans\nbbuild\netbeans\platform\modules\org-netbeans-api-progress-nb.jar:C:\Project\github\javavscode\netbeans\nbbuild\netbeans\platform\modules\org-openide-awt.jar:C:\Project\github\javavscode\netbeans\nbbuild\netbeans\java\modules\org-netbeans-lib-nbjavac.jar:C:\Project\github\javavscode\netbeans\nbbuild\netbeans\java\modules\org-netbeans-libs-javacapi.jar:C:\Project\github\javavscode\netbeans\java\libs.javacapi\external\nb-javac-jdk-22+33-api.jar:C:\Project\github\javavscode\netbeans\java\libs.javacapi\external\nb-javac-jdk-22+33.jar:C:\Project\github\javavscode\netbeans\nbbuild\netbeans\ide\modules\org-netbeans-libs-lucene.jar:C:\Project\github\javavscode\netbeans\ide\libs.lucene\external\lucene-core-3.6.2.jar:C:\Project\github\javavscode\netbeans\nbbuild\netbeans\ide\modules\org-netbeans-modules-editor-fold.jar:C:\Project\github\javavscode\netbeans\nbbuild\netbeans\ide\modules\org-netbeans-modules-editor-settings.jar:C:\Project\github\javavscode\netbeans\nbbuild\netbeans\ide\modules\org-netbeans-modules-lexer.jar:C:\Project\github\javavscode\netbeans\nbbuild\netbeans\ide\modules\org-netbeans-modules-editor-settings-lib.jar:C:\Project\github\javavscode\netbeans\nbbuild\netbeans\ide\modules\org-netbeans-modules-editor-lib.jar:C:\Project\github\javavscode\netbeans\nbbuild\netbeans\ide\modules\org-netbeans-modules-editor-document.jar:C:\Project\github\javavscode\netbeans\nbbuild\netbeans\ide\modules\org-netbeans-modules-editor-guards.jar:C:\Project\github\javavscode\netbeans\nbbuild\netbeans\ide\modules\org-netbeans-modules-editor-indent.jar:C:\Project\github\javavscode\netbeans\nbbuild\netbeans\ide\modules\org-netbeans-modules-editor-lib2.jar:C:\Project\github\javavscode\netbeans\nbbuild\netbeans\platform\modules\org-openide-dialogs.jar:C:\Project\github\javavscode\netbeans\nbbuild\netbeans\java\modules\org-netbeans-modules-java-lexer.jar:C:\Project\github\javavscode\netbeans\nbbuild\netbeans\java\modules\org-netbeans-modules-java-platform.jar:C:\Project\github\javavscode\netbeans\nbbuild\netbeans\java\modules\org-netbeans-modules-java-preprocessorbridge.jar:C:\Project\github\javavscode\netbeans\nbbuild\netbeans\ide\modules\org-netbeans-modules-parsing-api.jar:C:\Project\github\javavscode\netbeans\nbbuild\netbeans\ide\modules\org-netbeans-modules-parsing-lucene.jar:C:\Project\github\javavscode\netbeans\nbbuild\netbeans\platform\modules\org-netbeans-modules-masterfs.jar:C:\Project\github\javavscode\netbeans\nbbuild\netbeans\platform\modules\org-netbeans-modules-queries.jar:C:\Project\github\javavscode\netbeans\nbbuild\netbeans\ide\modules\org-netbeans-modules-projectapi.jar:C:\Project\github\javavscode\netbeans\nbbuild\netbeans\ide\modules\org-netbeans-modules-parsing-indexing.jar:C:\Project\github\javavscode\netbeans\nbbuild\netbeans\ide\modules\org-netbeans-modules-project-indexingbridge.jar:C:\Project\github\javavscode\netbeans\nbbuild\netbeans\ide\modules\org-netbeans-modules-projectuiapi-base.jar:C:\Project\github\javavscode\netbeans\nbbuild\netbeans\platform\modules\org-openide-explorer.jar:C:\Project\github\javavscode\netbeans\nbbuild\netbeans\platform\modules\org-netbeans-swing-outline.jar:C:\Project\github\javavscode\netbeans\nbbuild\netbeans\platform\modules\org-netbeans-swing-tabcontrol.jar:C:\Project\github\javavscode\netbeans\nbbuild\netbeans\platform\modules\org-openide-windows.jar:C:\Project\github\javavscode\netbeans\nbbuild\netbeans\platform\modules\org-openide-nodes.jar:C:\Project\github\javavscode\netbeans\nbbuild\netbeans\ide\modules\org-netbeans-spi-tasklist.jar:C:\Project\github\javavscode\netbeans\nbbuild\netbeans\java\modules\org-netbeans-modules-java-source.jar:C:\Project\github\javavscode\netbeans\nbbuild\netbeans\platform\modules\org-netbeans-api-templates.jar:C:\Project\github\javavscode\netbeans\nbbuild\netbeans\platform\modules\org-netbeans-api-scripting.jar:C:\Project\github\javavscode\netbeans\nbbuild\netbeans\platform\modules\org-netbeans-core-multiview.jar:C:\Project\github\javavscode\netbeans\nbbuild\netbeans\platform\modules\org-openide-text.jar:C:\Project\github\javavscode\netbeans\nbbuild\netbeans\platform\modules\org-netbeans-modules-autoupdate-services.jar:C:\Project\github\javavscode\netbeans\nbbuild\netbeans\platform\modules\ext\updater.jar:C:\Project\github\javavscode\netbeans\nbbuild\netbeans\platform\lib\boot.jar:C:\Project\github\javavscode\netbeans\nbbuild\netbeans\platform\core\core.jar:C:\Project\github\javavscode\netbeans\nbbuild\netbeans\platform\core\org-netbeans-libs-asm.jar:C:\Project\github\javavscode\netbeans\platform\libs.asm\external\asm-9.6.jar:C:\Project\github\javavscode\netbeans\platform\libs.asm\external\asm-tree-9.6.jar:C:\Project\github\javavscode\netbeans\platform\libs.asm\external\asm-commons-9.6.jar:C:\Project\github\javavscode\netbeans\nbbuild\netbeans\platform\core\core-base.jar:C:\Project\github\javavscode\netbeans\nbbuild\netbeans\java\modules\org-netbeans-modules-classfile.jar:C:\Project\github\javavscode\netbeans\nbbuild\netbeans\ide\modules\org-netbeans-modules-editor-indent-project.jar:C:\Project\github\javavscode\netbeans\nbbuild\netbeans\ide\modules\org-netbeans-modules-editor-settings-storage.jar:C:\Project\github\javavscode\netbeans\nbbuild\netbeans\platform\modules\org-openide-filesystems-nb.jar:C:\Project\github\javavscode\netbeans\nbbuild\netbeans\platform\modules\org-netbeans-modules-options-keymap.jar:C:\Project\github\javavscode\netbeans\nbbuild\netbeans\platform\modules\org-netbeans-modules-options-api.jar:C:\Project\github\javavscode\netbeans\nbbuild\netbeans\platform\modules\org-netbeans-core.jar:C:\Project\github\javavscode\netbeans\nbbuild\netbeans\platform\modules\org-netbeans-modules-keyring.jar:C:\Project\github\javavscode\netbeans\nbbuild\netbeans\platform\modules\org-netbeans-modules-sampler.jar:C:\Project\github\javavscode\netbeans\nbbuild\netbeans\platform\modules\org-netbeans-swing-plaf.jar:C:\Project\github\javavscode\netbeans\nbbuild\netbeans\platform\modules\org-openide-actions.jar:C:\Project\github\javavscode\netbeans\nbbuild\netbeans\platform\modules\org-openide-io.jar:C:\Project\github\javavscode\netbeans\nbbuild\netbeans\platform\modules\org-netbeans-api-intent.jar:C:\Project\github\javavscode\netbeans\nbbuild\netbeans\platform\modules\org-netbeans-api-io.jar:C:\Project\github\javavscode\netbeans\nbbuild\netbeans\platform\modules\org-openide-loaders.jar:C:\Project\github\javavscode\netbeans\nbbuild\netbeans\platform\modules\org-netbeans-spi-quicksearch.jar:C:\Project\github\javavscode\netbeans\nbbuild\netbeans\ide\modules\org-netbeans-modules-options-editor.jar:C:\Project\github\javavscode\netbeans\nbbuild\netbeans\ide\modules\org-netbeans-modules-editor.jar:C:\Project\github\javavscode\netbeans\nbbuild\netbeans\ide\modules\org-netbeans-modules-projectuiapi.jar:C:\Project\github\javavscode\netbeans\nbbuild\netbeans\java\modules\org-netbeans-modules-java-source-base.jar:C:\Project\github\javavscode\netbeans\nbbuild\netbeans\ide\modules\org-netbeans-modules-refactoring-api.jar:C:\Project\github\javavscode\netbeans\nbbuild\netbeans\ide\modules\org-netbeans-modules-diff.jar:C:\Project\github\javavscode\netbeans\nbbuild\netbeans\ide\modules\org-netbeans-modules-editor-errorstripe.jar:C:\Project\github\javavscode\netbeans\nbbuild\netbeans\ide\modules\org-netbeans-modules-editor-errorstripe-api.jar:C:\Project\github\javavscode\netbeans\nbbuild\netbeans\ide\modules\org-netbeans-modules-jumpto.jar:C:\Project\github\javavscode\netbeans\nbbuild\netbeans\platform\modules\org-netbeans-api-search.jar:C:\Project\github\javavscode\netbeans\nbbuild\netbeans\java\modules\org-netbeans-modules-java-testrunner-ui.jar:C:\Project\github\javavscode\netbeans\nbbuild\netbeans\platform\modules\org-netbeans-api-annotations-common.jar:C:\Project\github\javavscode\netbeans\nbbuild\netbeans\java\modules\org-netbeans-api-java.jar:C:\Project\github\javavscode\netbeans\nbbuild\netbeans\ide\modules\org-netbeans-api-java-classpath.jar:C:\Project\github\javavscode\netbeans\nbbuild\netbeans\platform\core\org-openide-filesystems.jar:C:\Project\github\javavscode\netbeans\nbbuild\netbeans\platform\lib\org-openide-util.jar:C:\Project\github\javavscode\netbeans\nbbuild\netbeans\platform\lib\org-openide-util-lookup.jar:C:\Project\github\javavscode\netbeans\nbbuild\netbeans\platform\lib\org-openide-modules.jar:C:\Project\github\javavscode\netbeans\nbbuild\netbeans\platform\lib\org-openide-util-ui.jar:C:\Project\github\javavscode\netbeans\nbbuild\netbeans\java\modules\org-netbeans-libs-javacapi.jar:C:\Project\github\javavscode\netbeans\java\libs.javacapi\external\nb-javac-jdk-22+33-api.jar:C:\Project\github\javavscode\netbeans\java\libs.javacapi\external\nb-javac-jdk-22+33.jar:C:\Project\github\javavscode\netbeans\nbbuild\netbeans\ide\modules\org-netbeans-modules-extexecution.jar:C:\Project\github\javavscode\netbeans\nbbuild\netbeans\platform\modules\org-netbeans-api-progress.jar:C:\Project\github\javavscode\netbeans\nbbuild\netbeans\ide\modules\org-netbeans-modules-extexecution-base.jar:C:\Project\github\javavscode\netbeans\nbbuild\netbeans\platform\modules\org-openide-io.jar:C:\Project\github\javavscode\netbeans\nbbuild\netbeans\platform\modules\org-netbeans-api-intent.jar:C:\Project\github\javavscode\netbeans\nbbuild\netbeans\platform\modules\org-netbeans-api-io.jar:C:\Project\github\javavscode\netbeans\nbbuild\netbeans\ide\modules\org-netbeans-modules-gsf-testrunner.jar:C:\Project\github\javavscode\netbeans\nbbuild\netbeans\ide\modules\org-netbeans-modules-projectapi.jar:C:\Project\github\javavscode\netbeans\nbbuild\netbeans\platform\modules\org-netbeans-modules-queries.jar:C:\Project\github\javavscode\netbeans\nbbuild\netbeans\ide\modules\org-netbeans-modules-gsf-testrunner-ui.jar:C:\Project\github\javavscode\netbeans\nbbuild\netbeans\platform\modules\org-netbeans-api-progress-nb.jar:C:\Project\github\javavscode\netbeans\nbbuild\netbeans\platform\modules\org-openide-awt.jar:C:\Project\github\javavscode\netbeans\nbbuild\netbeans\ide\modules\org-netbeans-modules-diff.jar:C:\Project\github\javavscode\netbeans\nbbuild\netbeans\ide\modules\org-netbeans-modules-editor-errorstripe.jar:C:\Project\github\javavscode\netbeans\nbbuild\netbeans\ide\modules\org-netbeans-modules-editor-document.jar:C:\Project\github\javavscode\netbeans\nbbuild\netbeans\platform\modules\org-netbeans-modules-editor-mimelookup.jar:C:\Project\github\javavscode\netbeans\nbbuild\netbeans\ide\modules\org-netbeans-modules-editor-util.jar:C:\Project\github\javavscode\netbeans\nbbuild\netbeans\ide\modules\org-netbeans-modules-editor-errorstripe-api.jar:C:\Project\github\javavscode\netbeans\nbbuild\netbeans\ide\modules\org-netbeans-modules-editor-fold.jar:C:\Project\github\javavscode\netbeans\nbbuild\netbeans\ide\modules\org-netbeans-modules-editor-settings.jar:C:\Project\github\javavscode\netbeans\nbbuild\netbeans\ide\modules\org-netbeans-modules-lexer.jar:C:\Project\github\javavscode\netbeans\nbbuild\netbeans\ide\modules\org-netbeans-modules-editor-settings-lib.jar:C:\Project\github\javavscode\netbeans\nbbuild\netbeans\ide\modules\org-netbeans-modules-editor-lib.jar:C:\Project\github\javavscode\netbeans\nbbuild\netbeans\ide\modules\org-netbeans-modules-editor-guards.jar:C:\Project\github\javavscode\netbeans\nbbuild\netbeans\ide\modules\org-netbeans-modules-editor-indent.jar:C:\Project\github\javavscode\netbeans\nbbuild\netbeans\ide\modules\org-netbeans-modules-editor-lib2.jar:C:\Project\github\javavscode\netbeans\nbbuild\netbeans\platform\modules\org-openide-dialogs.jar:C:\Project\github\javavscode\netbeans\nbbuild\netbeans\platform\modules\org-openide-loaders.jar:C:\Project\github\javavscode\netbeans\nbbuild\netbeans\platform\modules\org-netbeans-api-scripting.jar:C:\Project\github\javavscode\netbeans\nbbuild\netbeans\platform\modules\org-netbeans-api-templates.jar:C:\Project\github\javavscode\netbeans\nbbuild\netbeans\platform\modules\org-openide-actions.jar:C:\Project\github\javavscode\netbeans\nbbuild\netbeans\platform\modules\org-openide-explorer.jar:C:\Project\github\javavscode\netbeans\nbbuild\netbeans\platform\modules\org-netbeans-swing-outline.jar:C:\Project\github\javavscode\netbeans\nbbuild\netbeans\platform\modules\org-netbeans-swing-tabcontrol.jar:C:\Project\github\javavscode\netbeans\nbbuild\netbeans\platform\modules\org-openide-windows.jar:C:\Project\github\javavscode\netbeans\nbbuild\netbeans\platform\modules\org-openide-nodes.jar:C:\Project\github\javavscode\netbeans\nbbuild\netbeans\platform\modules\org-openide-text.jar:C:\Project\github\javavscode\netbeans\nbbuild\netbeans\platform\modules\org-openide-filesystems-nb.jar:C:\Project\github\javavscode\netbeans\nbbuild\netbeans\platform\modules\org-netbeans-modules-options-api.jar:C:\Project\github\javavscode\netbeans\nbbuild\netbeans\platform\modules\org-netbeans-core.jar:C:\Project\github\javavscode\netbeans\nbbuild\netbeans\platform\lib\boot.jar:C:\Project\github\javavscode\netbeans\nbbuild\netbeans\platform\core\core.jar:C:\Project\github\javavscode\netbeans\nbbuild\netbeans\platform\core\org-netbeans-libs-asm.jar:C:\Project\github\javavscode\netbeans\platform\libs.asm\external\asm-9.6.jar:C:\Project\github\javavscode\netbeans\platform\libs.asm\external\asm-tree-9.6.jar:C:\Project\github\javavscode\netbeans\platform\libs.asm\external\asm-commons-9.6.jar:C:\Project\github\javavscode\netbeans\nbbuild\netbeans\platform\core\core-base.jar:C:\Project\github\javavscode\netbeans\nbbuild\netbeans\platform\modules\org-netbeans-modules-keyring.jar:C:\Project\github\javavscode\netbeans\nbbuild\netbeans\platform\modules\org-netbeans-modules-sampler.jar:C:\Project\github\javavscode\netbeans\nbbuild\netbeans\platform\modules\org-netbeans-swing-plaf.jar:C:\Project\github\javavscode\netbeans\nbbuild\netbeans\platform\modules\org-netbeans-spi-quicksearch.jar:C:\Project\github\javavscode\netbeans\nbbuild\netbeans\ide\modules\org-netbeans-modules-options-editor.jar:C:\Project\github\javavscode\netbeans\nbbuild\netbeans\ide\modules\org-netbeans-modules-editor.jar:C:\Project\github\javavscode\netbeans\nbbuild\netbeans\ide\modules\org-netbeans-api-lsp.jar:C:\Project\github\javavscode\netbeans\nbbuild\netbeans\ide\modules\org-netbeans-modules-editor-settings-storage.jar:C:\Project\github\javavscode\netbeans\nbbuild\netbeans\platform\modules\org-netbeans-modules-options-keymap.jar:C:\Project\github\javavscode\netbeans\nbbuild\netbeans\ide\modules\org-netbeans-modules-parsing-api.jar:C:\Project\github\javavscode\netbeans\nbbuild\netbeans\ide\modules\org-netbeans-modules-parsing-lucene.jar:C:\Project\github\javavscode\netbeans\nbbuild\netbeans\ide\modules\org-netbeans-libs-lucene.jar:C:\Project\github\javavscode\netbeans\ide\libs.lucene\external\lucene-core-3.6.2.jar:C:\Project\github\javavscode\netbeans\nbbuild\netbeans\platform\modules\org-netbeans-modules-masterfs.jar:C:\Project\github\javavscode\netbeans\nbbuild\netbeans\ide\modules\org-netbeans-modules-parsing-indexing.jar:C:\Project\github\javavscode\netbeans\nbbuild\netbeans\ide\modules\org-netbeans-modules-project-indexingbridge.jar:C:\Project\github\javavscode\netbeans\nbbuild\netbeans\ide\modules\org-netbeans-modules-projectuiapi-base.jar:C:\Project\github\javavscode\netbeans\nbbuild\netbeans\ide\modules\org-netbeans-spi-tasklist.jar:C:\Project\github\javavscode\netbeans\nbbuild\netbeans\java\modules\org-netbeans-modules-java-source.jar:C:\Project\github\javavscode\netbeans\nbbuild\netbeans\platform\modules\org-netbeans-core-multiview.jar:C:\Project\github\javavscode\netbeans\nbbuild\netbeans\java\modules\org-netbeans-lib-nbjavac.jar:C:\Project\github\javavscode\netbeans\nbbuild\netbeans\platform\modules\org-netbeans-modules-autoupdate-services.jar:C:\Project\github\javavscode\netbeans\nbbuild\netbeans\platform\modules\ext\updater.jar:C:\Project\github\javavscode\netbeans\nbbuild\netbeans\java\modules\org-netbeans-modules-classfile.jar:C:\Project\github\javavscode\netbeans\nbbuild\netbeans\ide\modules\org-netbeans-modules-editor-indent-project.jar:C:\Project\github\javavscode\netbeans\nbbuild\netbeans\ide\modules\org-netbeans-modules-projectuiapi.jar:C:\Project\github\javavscode\netbeans\nbbuild\netbeans\java\modules\org-netbeans-modules-java-platform.jar:C:\Project\github\javavscode\netbeans\nbbuild\netbeans\java\modules\org-netbeans-modules-java-preprocessorbridge.jar:C:\Project\github\javavscode\netbeans\nbbuild\netbeans\java\modules\org-netbeans-modules-java-source-base.jar:C:\Project\github\javavscode\netbeans\nbbuild\netbeans\java\modules\org-netbeans-modules-java-lexer.jar:C:\Project\github\javavscode\netbeans\nbbuild\netbeans\ide\modules\org-netbeans-modules-refactoring-api.jar:C:\Project\github\javavscode\netbeans\nbbuild\netbeans\java\modules\org-netbeans-modules-java-testrunner.jar:C:\Project\github\javavscode\netbeans\nbbuild\netbeans\java\modules\org-netbeans-modules-java-project.jar:C:\Project\github\javavscode\netbeans\nbbuild\netbeans\ide\modules\org-netbeans-modules-project-ant.jar:C:\Project\github\javavscode\netbeans\nbbuild\netbeans\ide\modules\org-netbeans-modules-project-libraries.jar:C:\Project\github\javavscode\netbeans\nbbuild\netbeans\ide\modules\org-netbeans-modules-project-spi-intern.jar:C:\Project\github\javavscode\netbeans\nbbuild\netbeans\ide\modules\org-netbeans-modules-xml-catalog.jar:C:\Project\github\javavscode\netbeans\nbbuild\netbeans\ide\modules\org-apache-xml-resolver.jar:C:\Project\github\javavscode\netbeans\ide\o.apache.xml.resolver\external\resolver-1.2.jar:C:\Project\github\javavscode\netbeans\nbbuild\netbeans\ide\modules\org-netbeans-api-xml.jar:C:\Project\github\javavscode\netbeans\nbbuild\netbeans\ide\modules\org-netbeans-spi-editor-hints.jar:C:\Project\github\javavscode\netbeans\nbbuild\netbeans\java\modules\org-netbeans-spi-java-hints.jar:C:\Project\github\javavscode\netbeans\nbbuild\netbeans\ide\modules\org-netbeans-modules-code-analysis.jar:C:\Project\github\javavscode\netbeans\nbbuild\netbeans\platform\modules\org-netbeans-modules-settings.jar:C:\Project\github\javavscode\netbeans\nbbuild\netbeans\ide\modules\org-netbeans-modules-javascript2-debug.jar:C:\Project\github\javavscode\netbeans\nbbuild\netbeans\platform\modules\org-netbeans-api-annotations-common.jar:C:\Project\github\javavscode\netbeans\nbbuild\netbeans\ide\modules\org-netbeans-api-debugger.jar:C:\Project\github\javavscode\netbeans\nbbuild\netbeans\ide\modules\org-netbeans-modules-projectapi.jar:C:\Project\github\javavscode\netbeans\nbbuild\netbeans\platform\modules\org-netbeans-modules-queries.jar:C:\Project\github\javavscode\netbeans\nbbuild\netbeans\platform\core\org-openide-filesystems.jar:C:\Project\github\javavscode\netbeans\nbbuild\netbeans\platform\lib\org-openide-util.jar:C:\Project\github\javavscode\netbeans\nbbuild\netbeans\platform\lib\org-openide-util-lookup.jar:C:\Project\github\javavscode\netbeans\nbbuild\netbeans\platform\lib\org-openide-modules.jar:C:\Project\github\javavscode\netbeans\nbbuild\netbeans\platform\lib\org-openide-util-ui.jar:C:\Project\github\javavscode\netbeans\nbbuild\netbeans\ide\modules\org-netbeans-modules-editor-document.jar:C:\Project\github\javavscode\netbeans\nbbuild\netbeans\platform\modules\org-netbeans-modules-editor-mimelookup.jar:C:\Project\github\javavscode\netbeans\nbbuild\netbeans\ide\modules\org-netbeans-modules-editor-util.jar:C:\Project\github\javavscode\netbeans\nbbuild\netbeans\ide\modules\org-netbeans-modules-parsing-api.jar:C:\Project\github\javavscode\netbeans\nbbuild\netbeans\ide\modules\org-netbeans-api-java-classpath.jar:C:\Project\github\javavscode\netbeans\nbbuild\netbeans\ide\modules\org-netbeans-modules-lexer.jar:C:\Project\github\javavscode\netbeans\nbbuild\netbeans\ide\modules\org-netbeans-modules-parsing-lucene.jar:C:\Project\github\javavscode\netbeans\nbbuild\netbeans\ide\modules\org-netbeans-libs-lucene.jar:C:\Project\github\javavscode\netbeans\ide\libs.lucene\external\lucene-core-3.6.2.jar:C:\Project\github\javavscode\netbeans\nbbuild\netbeans\platform\modules\org-netbeans-modules-masterfs.jar:C:\Project\github\javavscode\netbeans\nbbuild\netbeans\ide\modules\org-netbeans-modules-web-common.jar:C:\Project\github\javavscode\netbeans\nbbuild\netbeans\ide\modules\org-netbeans-libs-json_simple.jar:C:\Project\github\javavscode\netbeans\nbbuild\netbeans\ide\modules\ext\json-simple-1.1.1.jar:C:\Project\github\javavscode\netbeans\nbbuild\netbeans\ide\modules\org-netbeans-modules-jumpto.jar:C:\Project\github\javavscode\netbeans\nbbuild\netbeans\platform\modules\org-netbeans-api-annotations-common.jar:C:\Project\github\javavscode\netbeans\nbbuild\netbeans\platform\modules\org-netbeans-api-search.jar:C:\Project\github\javavscode\netbeans\nbbuild\netbeans\platform\modules\org-netbeans-api-progress.jar:C:\Project\github\javavscode\netbeans\nbbuild\netbeans\platform\lib\org-openide-modules.jar:C:\Project\github\javavscode\netbeans\nbbuild\netbeans\platform\lib\org-openide-util-ui.jar:C:\Project\github\javavscode\netbeans\nbbuild\netbeans\platform\lib\org-openide-util.jar:C:\Project\github\javavscode\netbeans\nbbuild\netbeans\platform\lib\org-openide-util-lookup.jar:C:\Project\github\javavscode\netbeans\nbbuild\netbeans\platform\modules\org-netbeans-modules-queries.jar:C:\Project\github\javavscode\netbeans\nbbuild\netbeans\platform\core\org-openide-filesystems.jar:C:\Project\github\javavscode\netbeans\nbbuild\netbeans\platform\modules\org-netbeans-swing-outline.jar:C:\Project\github\javavscode\netbeans\nbbuild\netbeans\platform\modules\org-openide-actions.jar:C:\Project\github\javavscode\netbeans\nbbuild\netbeans\platform\modules\org-openide-awt.jar:C:\Project\github\javavscode\netbeans\nbbuild\netbeans\platform\modules\org-openide-dialogs.jar:C:\Project\github\javavscode\netbeans\nbbuild\netbeans\platform\modules\org-netbeans-api-progress-nb.jar:C:\Project\github\javavscode\netbeans\nbbuild\netbeans\platform\modules\org-openide-explorer.jar:C:\Project\github\javavscode\netbeans\nbbuild\netbeans\platform\modules\org-netbeans-swing-tabcontrol.jar:C:\Project\github\javavscode\netbeans\nbbuild\netbeans\platform\modules\org-openide-windows.jar:C:\Project\github\javavscode\netbeans\nbbuild\netbeans\platform\modules\org-openide-nodes.jar:C:\Project\github\javavscode\netbeans\nbbuild\netbeans\platform\modules\org-openide-text.jar:C:\Project\github\javavscode\netbeans\nbbuild\netbeans\platform\modules\org-netbeans-modules-editor-mimelookup.jar:C:\Project\github\javavscode\netbeans\nbbuild\netbeans\platform\modules\org-openide-filesystems-nb.jar:C:\Project\github\javavscode\netbeans\nbbuild\netbeans\platform\modules\org-openide-io.jar:C:\Project\github\javavscode\netbeans\nbbuild\netbeans\platform\modules\org-netbeans-api-intent.jar:C:\Project\github\javavscode\netbeans\nbbuild\netbeans\platform\modules\org-netbeans-api-io.jar:C:\Project\github\javavscode\netbeans\nbbuild\netbeans\platform\modules\org-openide-loaders.jar:C:\Project\github\javavscode\netbeans\nbbuild\netbeans\platform\modules\org-netbeans-api-scripting.jar:C:\Project\github\javavscode\netbeans\nbbuild\netbeans\platform\modules\org-netbeans-api-templates.jar:C:\Project\github\javavscode\netbeans\nbbuild\netbeans\ide\modules\org-netbeans-modules-editor-lib.jar:C:\Project\github\javavscode\netbeans\nbbuild\netbeans\ide\modules\org-netbeans-modules-editor-document.jar:C:\Project\github\javavscode\netbeans\nbbuild\netbeans\ide\modules\org-netbeans-modules-editor-util.jar:C:\Project\github\javavscode\netbeans\nbbuild\netbeans\ide\modules\org-netbeans-modules-editor-fold.jar:C:\Project\github\javavscode\netbeans\nbbuild\netbeans\ide\modules\org-netbeans-modules-editor-settings.jar:C:\Project\github\javavscode\netbeans\nbbuild\netbeans\ide\modules\org-netbeans-modules-lexer.jar:C:\Project\github\javavscode\netbeans\nbbuild\netbeans\ide\modules\org-netbeans-modules-editor-settings-lib.jar:C:\Project\github\javavscode\netbeans\nbbuild\netbeans\ide\modules\org-netbeans-modules-editor-guards.jar:C:\Project\github\javavscode\netbeans\nbbuild\netbeans\ide\modules\org-netbeans-modules-editor-indent.jar:C:\Project\github\javavscode\netbeans\nbbuild\netbeans\ide\modules\org-netbeans-modules-editor-lib2.jar:C:\Project\github\javavscode\netbeans\nbbuild\netbeans\platform\modules\org-netbeans-modules-options-api.jar:C:\Project\github\javavscode\netbeans\nbbuild\netbeans\platform\modules\org-netbeans-core.jar:C:\Project\github\javavscode\netbeans\nbbuild\netbeans\platform\lib\boot.jar:C:\Project\github\javavscode\netbeans\nbbuild\netbeans\platform\core\core.jar:C:\Project\github\javavscode\netbeans\nbbuild\netbeans\platform\core\org-netbeans-libs-asm.jar:C:\Project\github\javavscode\netbeans\platform\libs.asm\external\asm-9.6.jar:C:\Project\github\javavscode\netbeans\platform\libs.asm\external\asm-tree-9.6.jar:C:\Project\github\javavscode\netbeans\platform\libs.asm\external\asm-commons-9.6.jar:C:\Project\github\javavscode\netbeans\nbbuild\netbeans\platform\core\core-base.jar:C:\Project\github\javavscode\netbeans\nbbuild\netbeans\platform\modules\org-netbeans-modules-keyring.jar:C:\Project\github\javavscode\netbeans\nbbuild\netbeans\platform\modules\org-netbeans-modules-sampler.jar:C:\Project\github\javavscode\netbeans\nbbuild\netbeans\platform\modules\org-netbeans-swing-plaf.jar:C:\Project\github\javavscode\netbeans\nbbuild\netbeans\platform\modules\org-netbeans-spi-quicksearch.jar:C:\Project\github\javavscode\netbeans\nbbuild\netbeans\ide\modules\org-netbeans-modules-parsing-api.jar:C:\Project\github\javavscode\netbeans\nbbuild\netbeans\ide\modules\org-netbeans-api-java-classpath.jar:C:\Project\github\javavscode\netbeans\nbbuild\netbeans\ide\modules\org-netbeans-modules-parsing-lucene.jar:C:\Project\github\javavscode\netbeans\nbbuild\netbeans\ide\modules\org-netbeans-libs-lucene.jar:C:\Project\github\javavscode\netbeans\ide\libs.lucene\external\lucene-core-3.6.2.jar:C:\Project\github\javavscode\netbeans\nbbuild\netbeans\platform\modules\org-netbeans-modules-masterfs.jar:C:\Project\github\javavscode\netbeans\nbbuild\netbeans\ide\modules\org-netbeans-modules-projectapi.jar:C:\Project\github\javavscode\netbeans\nbbuild\netbeans\ide\modules\org-netbeans-modules-parsing-indexing.jar:C:\Project\github\javavscode\netbeans\nbbuild\netbeans\ide\modules\org-netbeans-modules-project-indexingbridge.jar:C:\Project\github\javavscode\netbeans\nbbuild\netbeans\ide\modules\org-netbeans-modules-projectuiapi-base.jar:C:\Project\github\javavscode\netbeans\nbbuild\netbeans\ide\modules\org-netbeans-spi-tasklist.jar:C:\Project\github\javavscode\netbeans\nbbuild\netbeans\ide\modules\org-netbeans-modules-lexer.jar:C:\Project\github\javavscode\netbeans\nbbuild\netbeans\ide\modules\org-netbeans-modules-editor-util.jar:C:\Project\github\javavscode\netbeans\nbbuild\netbeans\platform\lib\org-openide-util.jar:C:\Project\github\javavscode\netbeans\nbbuild\netbeans\platform\lib\org-openide-util-lookup.jar:C:\Project\github\javavscode\netbeans\nbbuild\netbeans\platform\lib\org-openide-util-ui.jar:C:\Project\github\javavscode\netbeans\nbbuild\netbeans\ide\modules\org-netbeans-modules-nativeimage-api.jar:C:\Project\github\javavscode\netbeans\nbbuild\netbeans\platform\modules\org-netbeans-api-annotations-common.jar:C:\Project\github\javavscode\netbeans\nbbuild\netbeans\ide\modules\org-netbeans-api-debugger.jar:C:\Project\github\javavscode\netbeans\nbbuild\netbeans\ide\modules\org-netbeans-modules-projectapi.jar:C:\Project\github\javavscode\netbeans\nbbuild\netbeans\platform\modules\org-netbeans-modules-queries.jar:C:\Project\github\javavscode\netbeans\nbbuild\netbeans\platform\core\org-openide-filesystems.jar:C:\Project\github\javavscode\netbeans\nbbuild\netbeans\platform\lib\org-openide-util.jar:C:\Project\github\javavscode\netbeans\nbbuild\netbeans\platform\lib\org-openide-util-lookup.jar:C:\Project\github\javavscode\netbeans\nbbuild\netbeans\platform\lib\org-openide-modules.jar:C:\Project\github\javavscode\netbeans\nbbuild\netbeans\platform\lib\org-openide-util-ui.jar:C:\Project\github\javavscode\netbeans\nbbuild\netbeans\ide\modules\org-netbeans-modules-extexecution.jar:C:\Project\github\javavscode\netbeans\nbbuild\netbeans\platform\modules\org-netbeans-api-progress.jar:C:\Project\github\javavscode\netbeans\nbbuild\netbeans\ide\modules\org-netbeans-modules-extexecution-base.jar:C:\Project\github\javavscode\netbeans\nbbuild\netbeans\platform\modules\org-openide-io.jar:C:\Project\github\javavscode\netbeans\nbbuild\netbeans\platform\modules\org-netbeans-api-intent.jar:C:\Project\github\javavscode\netbeans\nbbuild\netbeans\platform\modules\org-netbeans-api-io.jar:C:\Project\github\javavscode\netbeans\nbbuild\netbeans\ide\modules\org-netbeans-modules-parsing-api.jar:C:\Project\github\javavscode\netbeans\nbbuild\netbeans\platform\modules\org-netbeans-api-annotations-common.jar:C:\Project\github\javavscode\netbeans\nbbuild\netbeans\ide\modules\org-netbeans-api-java-classpath.jar:C:\Project\github\javavscode\netbeans\nbbuild\netbeans\platform\core\org-openide-filesystems.jar:C:\Project\github\javavscode\netbeans\nbbuild\netbeans\platform\lib\org-openide-util.jar:C:\Project\github\javavscode\netbeans\nbbuild\netbeans\platform\lib\org-openide-util-lookup.jar:C:\Project\github\javavscode\netbeans\nbbuild\netbeans\ide\modules\org-netbeans-modules-editor-document.jar:C:\Project\github\javavscode\netbeans\nbbuild\netbeans\platform\modules\org-netbeans-modules-editor-mimelookup.jar:C:\Project\github\javavscode\netbeans\nbbuild\netbeans\ide\modules\org-netbeans-modules-editor-util.jar:C:\Project\github\javavscode\netbeans\nbbuild\netbeans\ide\modules\org-netbeans-modules-lexer.jar:C:\Project\github\javavscode\netbeans\nbbuild\netbeans\platform\lib\org-openide-util-ui.jar:C:\Project\github\javavscode\netbeans\nbbuild\netbeans\ide\modules\org-netbeans-modules-parsing-lucene.jar:C:\Project\github\javavscode\netbeans\nbbuild\netbeans\ide\modules\org-netbeans-libs-lucene.jar:C:\Project\github\javavscode\netbeans\ide\libs.lucene\external\lucene-core-3.6.2.jar:C:\Project\github\javavscode\netbeans\nbbuild\netbeans\platform\modules\org-netbeans-modules-masterfs.jar:C:\Project\github\javavscode\netbeans\nbbuild\netbeans\platform\modules\org-netbeans-modules-queries.jar:C:\Project\github\javavscode\netbeans\nbbuild\netbeans\platform\lib\org-openide-modules.jar:C:\Project\github\javavscode\netbeans\nbbuild\netbeans\ide\modules\org-netbeans-modules-projectapi.jar:C:\Project\github\javavscode\netbeans\nbbuild\netbeans\ide\modules\org-netbeans-modules-parsing-indexing.jar:C:\Project\github\javavscode\netbeans\nbbuild\netbeans\platform\modules\org-netbeans-api-annotations-common.jar:C:\Project\github\javavscode\netbeans\nbbuild\netbeans\ide\modules\org-netbeans-api-java-classpath.jar:C:\Project\github\javavscode\netbeans\nbbuild\netbeans\platform\core\org-openide-filesystems.jar:C:\Project\github\javavscode\netbeans\nbbuild\netbeans\platform\lib\org-openide-util.jar:C:\Project\github\javavscode\netbeans\nbbuild\netbeans\platform\lib\org-openide-util-lookup.jar:C:\Project\github\javavscode\netbeans\nbbuild\netbeans\platform\modules\org-netbeans-api-progress.jar:C:\Project\github\javavscode\netbeans\nbbuild\netbeans\platform\lib\org-openide-modules.jar:C:\Project\github\javavscode\netbeans\nbbuild\netbeans\platform\lib\org-openide-util-ui.jar:C:\Project\github\javavscode\netbeans\nbbuild\netbeans\ide\modules\org-netbeans-libs-lucene.jar:C:\Project\github\javavscode\netbeans\ide\libs.lucene\external\lucene-core-3.6.2.jar:C:\Project\github\javavscode\netbeans\nbbuild\netbeans\ide\modules\org-netbeans-modules-editor-document.jar:C:\Project\github\javavscode\netbeans\nbbuild\netbeans\platform\modules\org-netbeans-modules-editor-mimelookup.jar:C:\Project\github\javavscode\netbeans\nbbuild\netbeans\ide\modules\org-netbeans-modules-editor-util.jar:C:\Project\github\javavscode\netbeans\nbbuild\netbeans\ide\modules\org-netbeans-modules-parsing-api.jar:C:\Project\github\javavscode\netbeans\nbbuild\netbeans\ide\modules\org-netbeans-modules-lexer.jar:C:\Project\github\javavscode\netbeans\nbbuild\netbeans\ide\modules\org-netbeans-modules-parsing-lucene.jar:C:\Project\github\javavscode\netbeans\nbbuild\netbeans\platform\modules\org-netbeans-modules-masterfs.jar:C:\Project\github\javavscode\netbeans\nbbuild\netbeans\platform\modules\org-netbeans-modules-queries.jar:C:\Project\github\javavscode\netbeans\nbbuild\netbeans\ide\modules\org-netbeans-modules-projectapi.jar:C:\Project\github\javavscode\netbeans\nbbuild\netbeans\ide\modules\org-netbeans-modules-project-indexingbridge.jar:C:\Project\github\javavscode\netbeans\nbbuild\netbeans\ide\modules\org-netbeans-modules-projectuiapi-base.jar:C:\Project\github\javavscode\netbeans\nbbuild\netbeans\platform\modules\org-openide-explorer.jar:C:\Project\github\javavscode\netbeans\nbbuild\netbeans\platform\modules\org-netbeans-swing-outline.jar:C:\Project\github\javavscode\netbeans\nbbuild\netbeans\platform\modules\org-netbeans-swing-tabcontrol.jar:C:\Project\github\javavscode\netbeans\nbbuild\netbeans\platform\modules\org-openide-awt.jar:C:\Project\github\javavscode\netbeans\nbbuild\netbeans\platform\modules\org-openide-windows.jar:C:\Project\github\javavscode\netbeans\nbbuild\netbeans\platform\modules\org-openide-nodes.jar:C:\Project\github\javavscode\netbeans\nbbuild\netbeans\platform\modules\org-openide-dialogs.jar:C:\Project\github\javavscode\netbeans\nbbuild\netbeans\platform\modules\org-netbeans-api-progress-nb.jar:C:\Project\github\javavscode\netbeans\nbbuild\netbeans\ide\modules\org-netbeans-spi-tasklist.jar:C:\Project\github\javavscode\netbeans\nbbuild\netbeans\ide\modules\org-netbeans-modules-parsing-lucene.jar:C:\Project\github\javavscode\netbeans\nbbuild\netbeans\platform\modules\org-netbeans-api-annotations-common.jar:C:\Project\github\javavscode\netbeans\nbbuild\netbeans\ide\modules\org-netbeans-libs-lucene.jar:C:\Project\github\javavscode\netbeans\ide\libs.lucene\external\lucene-core-3.6.2.jar:C:\Project\github\javavscode\netbeans\nbbuild\netbeans\platform\modules\org-netbeans-modules-masterfs.jar:C:\Project\github\javavscode\netbeans\nbbuild\netbeans\platform\modules\org-netbeans-modules-queries.jar:C:\Project\github\javavscode\netbeans\nbbuild\netbeans\platform\core\org-openide-filesystems.jar:C:\Project\github\javavscode\netbeans\nbbuild\netbeans\platform\lib\org-openide-util.jar:C:\Project\github\javavscode\netbeans\nbbuild\netbeans\platform\lib\org-openide-util-lookup.jar:C:\Project\github\javavscode\netbeans\nbbuild\netbeans\platform\lib\org-openide-modules.jar:C:\Project\github\javavscode\netbeans\nbbuild\netbeans\platform\lib\org-openide-util-ui.jar:C:\Project\github\javavscode\netbeans\nbbuild\netbeans\ide\modules\org-netbeans-modules-projectapi.jar:C:\Project\github\javavscode\netbeans\nbbuild\netbeans\platform\modules\org-netbeans-api-annotations-common.jar:C:\Project\github\javavscode\netbeans\nbbuild\netbeans\platform\modules\org-netbeans-modules-queries.jar:C:\Project\github\javavscode\netbeans\nbbuild\netbeans\platform\core\org-openide-filesystems.jar:C:\Project\github\javavscode\netbeans\nbbuild\netbeans\platform\lib\org-openide-util.jar:C:\Project\github\javavscode\netbeans\nbbuild\netbeans\platform\lib\org-openide-util-lookup.jar:C:\Project\github\javavscode\netbeans\nbbuild\netbeans\platform\lib\org-openide-modules.jar:C:\Project\github\javavscode\netbeans\nbbuild\netbeans\platform\lib\org-openide-util-ui.jar:C:\Project\github\javavscode\netbeans\nbbuild\netbeans\ide\modules\org-netbeans-modules-projectuiapi.jar:C:\Project\github\javavscode\netbeans\nbbuild\netbeans\platform\modules\org-netbeans-api-annotations-common.jar:C:\Project\github\javavscode\netbeans\nbbuild\netbeans\platform\modules\org-netbeans-api-progress.jar:C:\Project\github\javavscode\netbeans\nbbuild\netbeans\platform\lib\org-openide-modules.jar:C:\Project\github\javavscode\netbeans\nbbuild\netbeans\platform\lib\org-openide-util-ui.jar:C:\Project\github\javavscode\netbeans\nbbuild\netbeans\platform\lib\org-openide-util.jar:C:\Project\github\javavscode\netbeans\nbbuild\netbeans\platform\lib\org-openide-util-lookup.jar:C:\Project\github\javavscode\netbeans\nbbuild\netbeans\platform\modules\org-netbeans-api-progress-nb.jar:C:\Project\github\javavscode\netbeans\nbbuild\netbeans\platform\modules\org-openide-awt.jar:C:\Project\github\javavscode\netbeans\nbbuild\netbeans\platform\core\org-openide-filesystems.jar:C:\Project\github\javavscode\netbeans\nbbuild\netbeans\platform\modules\org-netbeans-api-templates.jar:C:\Project\github\javavscode\netbeans\nbbuild\netbeans\platform\modules\org-netbeans-api-scripting.jar:C:\Project\github\javavscode\netbeans\nbbuild\netbeans\platform\modules\org-netbeans-modules-queries.jar:C:\Project\github\javavscode\netbeans\nbbuild\netbeans\ide\modules\org-netbeans-modules-projectapi.jar:C:\Project\github\javavscode\netbeans\nbbuild\netbeans\ide\modules\org-netbeans-modules-projectuiapi-base.jar:C:\Project\github\javavscode\netbeans\nbbuild\netbeans\platform\modules\org-openide-explorer.jar:C:\Project\github\javavscode\netbeans\nbbuild\netbeans\platform\modules\org-netbeans-swing-outline.jar:C:\Project\github\javavscode\netbeans\nbbuild\netbeans\platform\modules\org-netbeans-swing-tabcontrol.jar:C:\Project\github\javavscode\netbeans\nbbuild\netbeans\platform\modules\org-openide-windows.jar:C:\Project\github\javavscode\netbeans\nbbuild\netbeans\platform\modules\org-openide-nodes.jar:C:\Project\github\javavscode\netbeans\nbbuild\netbeans\platform\modules\org-openide-dialogs.jar:C:\Project\github\javavscode\netbeans\nbbuild\netbeans\platform\modules\org-openide-filesystems-nb.jar:C:\Project\github\javavscode\netbeans\nbbuild\netbeans\platform\modules\org-openide-loaders.jar:C:\Project\github\javavscode\netbeans\nbbuild\netbeans\platform\modules\org-netbeans-modules-editor-mimelookup.jar:C:\Project\github\javavscode\netbeans\nbbuild\netbeans\platform\modules\org-openide-actions.jar:C:\Project\github\javavscode\netbeans\nbbuild\netbeans\platform\modules\org-openide-text.jar:C:\Project\github\javavscode\netbeans\nbbuild\netbeans\ide\modules\org-netbeans-modules-projectuiapi-base.jar:C:\Project\github\javavscode\netbeans\nbbuild\netbeans\platform\modules\org-netbeans-api-annotations-common.jar:C:\Project\github\javavscode\netbeans\nbbuild\netbeans\ide\modules\org-netbeans-modules-projectapi.jar:C:\Project\github\javavscode\netbeans\nbbuild\netbeans\platform\modules\org-netbeans-modules-queries.jar:C:\Project\github\javavscode\netbeans\nbbuild\netbeans\platform\core\org-openide-filesystems.jar:C:\Project\github\javavscode\netbeans\nbbuild\netbeans\platform\lib\org-openide-util.jar:C:\Project\github\javavscode\netbeans\nbbuild\netbeans\platform\lib\org-openide-util-lookup.jar:C:\Project\github\javavscode\netbeans\nbbuild\netbeans\platform\lib\org-openide-modules.jar:C:\Project\github\javavscode\netbeans\nbbuild\netbeans\platform\lib\org-openide-util-ui.jar:C:\Project\github\javavscode\netbeans\nbbuild\netbeans\platform\modules\org-openide-explorer.jar:C:\Project\github\javavscode\netbeans\nbbuild\netbeans\platform\modules\org-netbeans-swing-outline.jar:C:\Project\github\javavscode\netbeans\nbbuild\netbeans\platform\modules\org-netbeans-swing-tabcontrol.jar:C:\Project\github\javavscode\netbeans\nbbuild\netbeans\platform\modules\org-openide-awt.jar:C:\Project\github\javavscode\netbeans\nbbuild\netbeans\platform\modules\org-openide-windows.jar:C:\Project\github\javavscode\netbeans\nbbuild\netbeans\platform\modules\org-openide-nodes.jar:C:\Project\github\javavscode\netbeans\nbbuild\netbeans\platform\modules\org-openide-dialogs.jar:C:\Project\github\javavscode\netbeans\nbbuild\netbeans\platform\modules\org-netbeans-api-progress.jar:C:\Project\github\javavscode\netbeans\nbbuild\netbeans\platform\modules\org-netbeans-api-progress-nb.jar:C:\Project\github\javavscode\netbeans\nbbuild\netbeans\platform\modules\org-netbeans-modules-queries.jar:C:\Project\github\javavscode\netbeans\nbbuild\netbeans\platform\core\org-openide-filesystems.jar:C:\Project\github\javavscode\netbeans\nbbuild\netbeans\platform\lib\org-openide-util.jar:C:\Project\github\javavscode\netbeans\nbbuild\netbeans\platform\lib\org-openide-util-lookup.jar:C:\Project\github\javavscode\netbeans\nbbuild\netbeans\ide\modules\org-netbeans-modules-refactoring-api.jar:C:\Project\github\javavscode\netbeans\nbbuild\netbeans\platform\modules\org-netbeans-api-annotations-common.jar:C:\Project\github\javavscode\netbeans\nbbuild\netbeans\platform\modules\org-netbeans-api-progress.jar:C:\Project\github\javavscode\netbeans\nbbuild\netbeans\platform\lib\org-openide-modules.jar:C:\Project\github\javavscode\netbeans\nbbuild\netbeans\platform\lib\org-openide-util-ui.jar:C:\Project\github\javavscode\netbeans\nbbuild\netbeans\platform\lib\org-openide-util.jar:C:\Project\github\javavscode\netbeans\nbbuild\netbeans\platform\lib\org-openide-util-lookup.jar:C:\Project\github\javavscode\netbeans\nbbuild\netbeans\platform\modules\org-netbeans-api-progress-nb.jar:C:\Project\github\javavscode\netbeans\nbbuild\netbeans\platform\modules\org-openide-awt.jar:C:\Project\github\javavscode\netbeans\nbbuild\netbeans\platform\core\org-openide-filesystems.jar:C:\Project\github\javavscode\netbeans\nbbuild\netbeans\ide\modules\org-netbeans-modules-diff.jar:C:\Project\github\javavscode\netbeans\nbbuild\netbeans\ide\modules\org-netbeans-modules-editor-errorstripe.jar:C:\Project\github\javavscode\netbeans\nbbuild\netbeans\ide\modules\org-netbeans-modules-editor-document.jar:C:\Project\github\javavscode\netbeans\nbbuild\netbeans\platform\modules\org-netbeans-modules-editor-mimelookup.jar:C:\Project\github\javavscode\netbeans\nbbuild\netbeans\ide\modules\org-netbeans-modules-editor-util.jar:C:\Project\github\javavscode\netbeans\nbbuild\netbeans\ide\modules\org-netbeans-modules-editor-errorstripe-api.jar:C:\Project\github\javavscode\netbeans\nbbuild\netbeans\ide\modules\org-netbeans-modules-editor-fold.jar:C:\Project\github\javavscode\netbeans\nbbuild\netbeans\ide\modules\org-netbeans-modules-editor-settings.jar:C:\Project\github\javavscode\netbeans\nbbuild\netbeans\ide\modules\org-netbeans-modules-lexer.jar:C:\Project\github\javavscode\netbeans\nbbuild\netbeans\ide\modules\org-netbeans-modules-editor-settings-lib.jar:C:\Project\github\javavscode\netbeans\nbbuild\netbeans\ide\modules\org-netbeans-modules-editor-lib.jar:C:\Project\github\javavscode\netbeans\nbbuild\netbeans\ide\modules\org-netbeans-modules-editor-guards.jar:C:\Project\github\javavscode\netbeans\nbbuild\netbeans\ide\modules\org-netbeans-modules-editor-indent.jar:C:\Project\github\javavscode\netbeans\nbbuild\netbeans\ide\modules\org-netbeans-modules-editor-lib2.jar:C:\Project\github\javavscode\netbeans\nbbuild\netbeans\platform\modules\org-openide-dialogs.jar:C:\Project\github\javavscode\netbeans\nbbuild\netbeans\platform\modules\org-openide-loaders.jar:C:\Project\github\javavscode\netbeans\nbbuild\netbeans\platform\modules\org-netbeans-api-scripting.jar:C:\Project\github\javavscode\netbeans\nbbuild\netbeans\platform\modules\org-netbeans-api-templates.jar:C:\Project\github\javavscode\netbeans\nbbuild\netbeans\platform\modules\org-netbeans-modules-queries.jar:C:\Project\github\javavscode\netbeans\nbbuild\netbeans\platform\modules\org-openide-actions.jar:C:\Project\github\javavscode\netbeans\nbbuild\netbeans\platform\modules\org-openide-explorer.jar:C:\Project\github\javavscode\netbeans\nbbuild\netbeans\platform\modules\org-netbeans-swing-outline.jar:C:\Project\github\javavscode\netbeans\nbbuild\netbeans\platform\modules\org-netbeans-swing-tabcontrol.jar:C:\Project\github\javavscode\netbeans\nbbuild\netbeans\platform\modules\org-openide-windows.jar:C:\Project\github\javavscode\netbeans\nbbuild\netbeans\platform\modules\org-openide-nodes.jar:C:\Project\github\javavscode\netbeans\nbbuild\netbeans\platform\modules\org-openide-text.jar:C:\Project\github\javavscode\netbeans\nbbuild\netbeans\platform\modules\org-openide-filesystems-nb.jar:C:\Project\github\javavscode\netbeans\nbbuild\netbeans\platform\modules\org-netbeans-modules-options-api.jar:C:\Project\github\javavscode\netbeans\nbbuild\netbeans\platform\modules\org-netbeans-core.jar:C:\Project\github\javavscode\netbeans\nbbuild\netbeans\platform\lib\boot.jar:C:\Project\github\javavscode\netbeans\nbbuild\netbeans\platform\core\core.jar:C:\Project\github\javavscode\netbeans\nbbuild\netbeans\platform\core\org-netbeans-libs-asm.jar:C:\Project\github\javavscode\netbeans\platform\libs.asm\external\asm-9.6.jar:C:\Project\github\javavscode\netbeans\platform\libs.asm\external\asm-tree-9.6.jar:C:\Project\github\javavscode\netbeans\platform\libs.asm\external\asm-commons-9.6.jar:C:\Project\github\javavscode\netbeans\nbbuild\netbeans\platform\core\core-base.jar:C:\Project\github\javavscode\netbeans\nbbuild\netbeans\platform\modules\org-netbeans-modules-keyring.jar:C:\Project\github\javavscode\netbeans\nbbuild\netbeans\platform\modules\org-netbeans-modules-sampler.jar:C:\Project\github\javavscode\netbeans\nbbuild\netbeans\platform\modules\org-netbeans-swing-plaf.jar:C:\Project\github\javavscode\netbeans\nbbuild\netbeans\platform\modules\org-openide-io.jar:C:\Project\github\javavscode\netbeans\nbbuild\netbeans\platform\modules\org-netbeans-api-intent.jar:C:\Project\github\javavscode\netbeans\nbbuild\netbeans\platform\modules\org-netbeans-api-io.jar:C:\Project\github\javavscode\netbeans\nbbuild\netbeans\platform\modules\org-netbeans-spi-quicksearch.jar:C:\Project\github\javavscode\netbeans\nbbuild\netbeans\ide\modules\org-netbeans-modules-options-editor.jar:C:\Project\github\javavscode\netbeans\nbbuild\netbeans\ide\modules\org-netbeans-modules-editor.jar:C:\Project\github\javavscode\netbeans\nbbuild\netbeans\ide\modules\org-netbeans-api-lsp.jar:C:\Project\github\javavscode\netbeans\nbbuild\netbeans\ide\modules\org-netbeans-modules-editor-settings-storage.jar:C:\Project\github\javavscode\netbeans\nbbuild\netbeans\platform\modules\org-netbeans-modules-options-keymap.jar:C:\Project\github\javavscode\netbeans\nbbuild\netbeans\ide\modules\org-netbeans-modules-projectapi.jar:C:\Project\github\javavscode\netbeans\nbbuild\netbeans\ide\modules\org-netbeans-modules-parsing-api.jar:C:\Project\github\javavscode\netbeans\nbbuild\netbeans\ide\modules\org-netbeans-api-java-classpath.jar:C:\Project\github\javavscode\netbeans\nbbuild\netbeans\ide\modules\org-netbeans-modules-parsing-lucene.jar:C:\Project\github\javavscode\netbeans\nbbuild\netbeans\ide\modules\org-netbeans-libs-lucene.jar:C:\Project\github\javavscode\netbeans\ide\libs.lucene\external\lucene-core-3.6.2.jar:C:\Project\github\javavscode\netbeans\nbbuild\netbeans\platform\modules\org-netbeans-modules-masterfs.jar:C:\Project\github\javavscode\netbeans\nbbuild\netbeans\ide\modules\org-netbeans-modules-parsing-indexing.jar:C:\Project\github\javavscode\netbeans\nbbuild\netbeans\ide\modules\org-netbeans-modules-project-indexingbridge.jar:C:\Project\github\javavscode\netbeans\nbbuild\netbeans\ide\modules\org-netbeans-modules-projectuiapi-base.jar:C:\Project\github\javavscode\netbeans\nbbuild\netbeans\ide\modules\org-netbeans-spi-tasklist.jar:C:\Project\github\javavscode\netbeans\nbbuild\netbeans\java\modules\org-netbeans-modules-refactoring-java.jar:C:\Project\github\javavscode\netbeans\nbbuild\netbeans\platform\modules\org-netbeans-api-annotations-common.jar:C:\Project\github\javavscode\netbeans\nbbuild\netbeans\java\modules\org-netbeans-api-java.jar:C:\Project\github\javavscode\netbeans\nbbuild\netbeans\ide\modules\org-netbeans-api-java-classpath.jar:C:\Project\github\javavscode\netbeans\nbbuild\netbeans\platform\core\org-openide-filesystems.jar:C:\Project\github\javavscode\netbeans\nbbuild\netbeans\platform\lib\org-openide-util.jar:C:\Project\github\javavscode\netbeans\nbbuild\netbeans\platform\lib\org-openide-util-lookup.jar:C:\Project\github\javavscode\netbeans\nbbuild\netbeans\platform\lib\org-openide-modules.jar:C:\Project\github\javavscode\netbeans\nbbuild\netbeans\platform\lib\org-openide-util-ui.jar:C:\Project\github\javavscode\netbeans\nbbuild\netbeans\ide\modules\org-netbeans-api-lsp.jar:C:\Project\github\javavscode\netbeans\nbbuild\netbeans\platform\modules\org-netbeans-modules-editor-mimelookup.jar:C:\Project\github\javavscode\netbeans\nbbuild\netbeans\ide\modules\org-netbeans-modules-editor-util.jar:C:\Project\github\javavscode\netbeans\nbbuild\netbeans\platform\modules\org-netbeans-api-progress.jar:C:\Project\github\javavscode\netbeans\nbbuild\netbeans\platform\modules\org-netbeans-api-progress-nb.jar:C:\Project\github\javavscode\netbeans\nbbuild\netbeans\platform\modules\org-openide-awt.jar:C:\Project\github\javavscode\netbeans\nbbuild\netbeans\java\modules\org-netbeans-libs-javacapi.jar:C:\Project\github\javavscode\netbeans\java\libs.javacapi\external\nb-javac-jdk-22+33-api.jar:C:\Project\github\javavscode\netbeans\java\libs.javacapi\external\nb-javac-jdk-22+33.jar:C:\Project\github\javavscode\netbeans\nbbuild\netbeans\ide\modules\org-netbeans-modules-editor-document.jar:C:\Project\github\javavscode\netbeans\nbbuild\netbeans\ide\modules\org-netbeans-modules-editor-lib.jar:C:\Project\github\javavscode\netbeans\nbbuild\netbeans\ide\modules\org-netbeans-modules-editor-fold.jar:C:\Project\github\javavscode\netbeans\nbbuild\netbeans\ide\modules\org-netbeans-modules-editor-settings.jar:C:\Project\github\javavscode\netbeans\nbbuild\netbeans\ide\modules\org-netbeans-modules-lexer.jar:C:\Project\github\javavscode\netbeans\nbbuild\netbeans\ide\modules\org-netbeans-modules-editor-settings-lib.jar:C:\Project\github\javavscode\netbeans\nbbuild\netbeans\ide\modules\org-netbeans-modules-editor-guards.jar:C:\Project\github\javavscode\netbeans\nbbuild\netbeans\ide\modules\org-netbeans-modules-editor-indent.jar:C:\Project\github\javavscode\netbeans\nbbuild\netbeans\ide\modules\org-netbeans-modules-editor-lib2.jar:C:\Project\github\javavscode\netbeans\nbbuild\netbeans\platform\modules\org-openide-dialogs.jar:C:\Project\github\javavscode\netbeans\nbbuild\netbeans\ide\modules\org-netbeans-modules-gototest.jar:C:\Project\github\javavscode\netbeans\nbbuild\netbeans\ide\modules\org-netbeans-modules-gsf-testrunner.jar:C:\Project\github\javavscode\netbeans\nbbuild\netbeans\ide\modules\org-netbeans-modules-extexecution.jar:C:\Project\github\javavscode\netbeans\nbbuild\netbeans\ide\modules\org-netbeans-modules-extexecution-base.jar:C:\Project\github\javavscode\netbeans\nbbuild\netbeans\platform\modules\org-openide-io.jar:C:\Project\github\javavscode\netbeans\nbbuild\netbeans\platform\modules\org-netbeans-api-intent.jar:C:\Project\github\javavscode\netbeans\nbbuild\netbeans\platform\modules\org-netbeans-api-io.jar:C:\Project\github\javavscode\netbeans\nbbuild\netbeans\ide\modules\org-netbeans-modules-projectapi.jar:C:\Project\github\javavscode\netbeans\nbbuild\netbeans\platform\modules\org-netbeans-modules-queries.jar:C:\Project\github\javavscode\netbeans\nbbuild\netbeans\ide\modules\org-netbeans-modules-gsf-testrunner-ui.jar:C:\Project\github\javavscode\netbeans\nbbuild\netbeans\ide\modules\org-netbeans-modules-diff.jar:C:\Project\github\javavscode\netbeans\nbbuild\netbeans\ide\modules\org-netbeans-modules-editor-errorstripe.jar:C:\Project\github\javavscode\netbeans\nbbuild\netbeans\ide\modules\org-netbeans-modules-editor-errorstripe-api.jar:C:\Project\github\javavscode\netbeans\nbbuild\netbeans\platform\modules\org-openide-loaders.jar:C:\Project\github\javavscode\netbeans\nbbuild\netbeans\platform\modules\org-netbeans-api-scripting.jar:C:\Project\github\javavscode\netbeans\nbbuild\netbeans\platform\modules\org-netbeans-api-templates.jar:C:\Project\github\javavscode\netbeans\nbbuild\netbeans\platform\modules\org-openide-actions.jar:C:\Project\github\javavscode\netbeans\nbbuild\netbeans\platform\modules\org-openide-explorer.jar:C:\Project\github\javavscode\netbeans\nbbuild\netbeans\platform\modules\org-netbeans-swing-outline.jar:C:\Project\github\javavscode\netbeans\nbbuild\netbeans\platform\modules\org-netbeans-swing-tabcontrol.jar:C:\Project\github\javavscode\netbeans\nbbuild\netbeans\platform\modules\org-openide-windows.jar:C:\Project\github\javavscode\netbeans\nbbuild\netbeans\platform\modules\org-openide-nodes.jar:C:\Project\github\javavscode\netbeans\nbbuild\netbeans\platform\modules\org-openide-text.jar:C:\Project\github\javavscode\netbeans\nbbuild\netbeans\platform\modules\org-openide-filesystems-nb.jar:C:\Project\github\javavscode\netbeans\nbbuild\netbeans\platform\modules\org-netbeans-modules-options-api.jar:C:\Project\github\javavscode\netbeans\nbbuild\netbeans\platform\modules\org-netbeans-core.jar:C:\Project\github\javavscode\netbeans\nbbuild\netbeans\platform\lib\boot.jar:C:\Project\github\javavscode\netbeans\nbbuild\netbeans\platform\core\core.jar:C:\Project\github\javavscode\netbeans\nbbuild\netbeans\platform\core\org-netbeans-libs-asm.jar:C:\Project\github\javavscode\netbeans\platform\libs.asm\external\asm-9.6.jar:C:\Project\github\javavscode\netbeans\platform\libs.asm\external\asm-tree-9.6.jar:C:\Project\github\javavscode\netbeans\platform\libs.asm\external\asm-commons-9.6.jar:C:\Project\github\javavscode\netbeans\nbbuild\netbeans\platform\core\core-base.jar:C:\Project\github\javavscode\netbeans\nbbuild\netbeans\platform\modules\org-netbeans-modules-keyring.jar:C:\Project\github\javavscode\netbeans\nbbuild\netbeans\platform\modules\org-netbeans-modules-sampler.jar:C:\Project\github\javavscode\netbeans\nbbuild\netbeans\platform\modules\org-netbeans-swing-plaf.jar:C:\Project\github\javavscode\netbeans\nbbuild\netbeans\platform\modules\org-netbeans-spi-quicksearch.jar:C:\Project\github\javavscode\netbeans\nbbuild\netbeans\ide\modules\org-netbeans-modules-options-editor.jar:C:\Project\github\javavscode\netbeans\nbbuild\netbeans\ide\modules\org-netbeans-modules-editor.jar:C:\Project\github\javavscode\netbeans\nbbuild\netbeans\ide\modules\org-netbeans-modules-editor-settings-storage.jar:C:\Project\github\javavscode\netbeans\nbbuild\netbeans\platform\modules\org-netbeans-modules-options-keymap.jar:C:\Project\github\javavscode\netbeans\nbbuild\netbeans\ide\modules\org-netbeans-modules-parsing-api.jar:C:\Project\github\javavscode\netbeans\nbbuild\netbeans\ide\modules\org-netbeans-modules-parsing-lucene.jar:C:\Project\github\javavscode\netbeans\nbbuild\netbeans\ide\modules\org-netbeans-libs-lucene.jar:C:\Project\github\javavscode\netbeans\ide\libs.lucene\external\lucene-core-3.6.2.jar:C:\Project\github\javavscode\netbeans\nbbuild\netbeans\platform\modules\org-netbeans-modules-masterfs.jar:C:\Project\github\javavscode\netbeans\nbbuild\netbeans\ide\modules\org-netbeans-modules-parsing-indexing.jar:C:\Project\github\javavscode\netbeans\nbbuild\netbeans\ide\modules\org-netbeans-modules-project-indexingbridge.jar:C:\Project\github\javavscode\netbeans\nbbuild\netbeans\ide\modules\org-netbeans-modules-projectuiapi-base.jar:C:\Project\github\javavscode\netbeans\nbbuild\netbeans\ide\modules\org-netbeans-spi-tasklist.jar:C:\Project\github\javavscode\netbeans\nbbuild\netbeans\java\modules\org-netbeans-modules-java-file-launcher.jar:C:\Project\github\javavscode\netbeans\nbbuild\netbeans\java\modules\org-netbeans-api-debugger-jpda.jar:C:\Project\github\javavscode\netbeans\nbbuild\netbeans\ide\modules\org-netbeans-api-debugger.jar:C:\Project\github\javavscode\netbeans\nbbuild\netbeans\java\modules\org-netbeans-modules-java-lexer.jar:C:\Project\github\javavscode\netbeans\nbbuild\netbeans\java\modules\org-netbeans-modules-java-platform.jar:C:\Project\github\javavscode\netbeans\nbbuild\netbeans\java\modules\org-netbeans-modules-java-project-ui.jar:C:\Project\github\javavscode\netbeans\nbbuild\netbeans\extide\modules\org-apache-tools-ant-module.jar:C:\Project\github\javavscode\netbeans\nbbuild\netbeans\ide\modules\org-netbeans-api-xml.jar:C:\Project\github\javavscode\netbeans\nbbuild\netbeans\ide\modules\org-netbeans-api-xml-ui.jar:C:\Project\github\javavscode\netbeans\nbbuild\netbeans\platform\modules\org-netbeans-core-multiview.jar:C:\Project\github\javavscode\netbeans\nbbuild\netbeans\extide\modules\org-netbeans-modules-options-java.jar:C:\Project\github\javavscode\netbeans\nbbuild\netbeans\ide\modules\org-netbeans-modules-projectuiapi.jar:C:\Project\github\javavscode\netbeans\nbbuild\netbeans\ide\modules\org-netbeans-spi-navigator.jar:C:\Project\github\javavscode\netbeans\nbbuild\netbeans\platform\modules\org-openide-execution.jar:C:\Project\github\javavscode\netbeans\nbbuild\netbeans\platform\modules\org-netbeans-api-search.jar:C:\Project\github\javavscode\netbeans\nbbuild\netbeans\java\modules\org-netbeans-modules-classfile.jar:C:\Project\github\javavscode\netbeans\nbbuild\netbeans\java\modules\org-netbeans-modules-java-platform-ui.jar:C:\Project\github\javavscode\netbeans\nbbuild\netbeans\java\modules\org-netbeans-modules-java-project.jar:C:\Project\github\javavscode\netbeans\nbbuild\netbeans\java\modules\org-netbeans-modules-java-source-base.jar:C:\Project\github\javavscode\netbeans\nbbuild\netbeans\java\modules\org-netbeans-lib-nbjavac.jar:C:\Project\github\javavscode\netbeans\nbbuild\netbeans\java\modules\org-netbeans-modules-java-preprocessorbridge.jar:C:\Project\github\javavscode\netbeans\nbbuild\netbeans\ide\modules\org-netbeans-modules-refactoring-api.jar:C:\Project\github\javavscode\netbeans\nbbuild\netbeans\ide\modules\org-netbeans-modules-project-ant.jar:C:\Project\github\javavscode\netbeans\nbbuild\netbeans\ide\modules\org-netbeans-modules-project-libraries.jar:C:\Project\github\javavscode\netbeans\nbbuild\netbeans\ide\modules\org-netbeans-modules-project-spi-intern.jar:C:\Project\github\javavscode\netbeans\nbbuild\netbeans\ide\modules\org-netbeans-modules-xml-catalog.jar:C:\Project\github\javavscode\netbeans\nbbuild\netbeans\ide\modules\org-apache-xml-resolver.jar:C:\Project\github\javavscode\netbeans\ide\o.apache.xml.resolver\external\resolver-1.2.jar:C:\Project\github\javavscode\netbeans\nbbuild\netbeans\java\modules\org-netbeans-modules-java-source.jar:C:\Project\github\javavscode\netbeans\nbbuild\netbeans\platform\modules\org-netbeans-modules-autoupdate-services.jar:C:\Project\github\javavscode\netbeans\nbbuild\netbeans\platform\modules\ext\updater.jar:C:\Project\github\javavscode\netbeans\nbbuild\netbeans\ide\modules\org-netbeans-modules-editor-indent-project.jar:C:\Project\github\javavscode\netbeans\nbbuild\netbeans\java\modules\org-netbeans-modules-java-sourceui.jar:C:\Project\github\javavscode\netbeans\nbbuild\netbeans\ide\modules\org-netbeans-modules-jumpto.jar:C:\Project\github\javavscode\netbeans\nbbuild\netbeans\ide\modules\org-netbeans-modules-project-ant-ui.jar:C:\Project\github\javavscode\netbeans\nbbuild\netbeans\ide\modules\org-netbeans-modules-project-libraries-ui.jar:C:\Project\github\javavscode\netbeans\nbbuild\netbeans\ide\modules\org-netbeans-spi-editor-hints.jar:C:\Project\github\javavscode\netbeans\nbbuild\netbeans\platform\modules\org-netbeans-modules-javahelp.jar:C:\Project\github\javavscode\netbeans\platform\javahelp\external\jhall-2.0_05.jar:C:\Project\github\javavscode\netbeans\nbbuild\netbeans\java\modules\org-netbeans-spi-java-hints.jar:C:\Project\github\javavscode\netbeans\nbbuild\netbeans\ide\modules\org-netbeans-modules-code-analysis.jar:C:\Project\github\javavscode\netbeans\nbbuild\netbeans\platform\modules\org-netbeans-modules-settings.jar:C:\Project\github\javavscode\netbeans\nbbuild\netbeans\platform\modules\org-netbeans-modules-sendopts.jar:C:\Project\github\javavscode\netbeans\nbbuild\netbeans\platform\lib\boot.jar:C:\Project\github\javavscode\netbeans\nbbuild\netbeans\platform\lib\org-openide-modules.jar:C:\Project\github\javavscode\netbeans\nbbuild\netbeans\platform\lib\org-openide-util-ui.jar:C:\Project\github\javavscode\netbeans\nbbuild\netbeans\platform\lib\org-openide-util.jar:C:\Project\github\javavscode\netbeans\nbbuild\netbeans\platform\lib\org-openide-util-lookup.jar:C:\Project\github\javavscode\netbeans\nbbuild\netbeans\platform\core\org-openide-filesystems.jar:C:\Project\github\javavscode\netbeans\nbbuild\netbeans\ide\modules\org-netbeans-spi-debugger-ui.jar:C:\Project\github\javavscode\netbeans\nbbuild\netbeans\platform\modules\org-netbeans-api-annotations-common.jar:C:\Project\github\javavscode\netbeans\nbbuild\netbeans\ide\modules\org-netbeans-api-debugger.jar:C:\Project\github\javavscode\netbeans\nbbuild\netbeans\ide\modules\org-netbeans-modules-projectapi.jar:C:\Project\github\javavscode\netbeans\nbbuild\netbeans\platform\modules\org-netbeans-modules-queries.jar:C:\Project\github\javavscode\netbeans\nbbuild\netbeans\platform\core\org-openide-filesystems.jar:C:\Project\github\javavscode\netbeans\nbbuild\netbeans\platform\lib\org-openide-util.jar:C:\Project\github\javavscode\netbeans\nbbuild\netbeans\platform\lib\org-openide-util-lookup.jar:C:\Project\github\javavscode\netbeans\nbbuild\netbeans\platform\lib\org-openide-modules.jar:C:\Project\github\javavscode\netbeans\nbbuild\netbeans\platform\lib\org-openide-util-ui.jar:C:\Project\github\javavscode\netbeans\nbbuild\netbeans\ide\modules\org-netbeans-modules-editor.jar:C:\Project\github\javavscode\netbeans\nbbuild\netbeans\ide\modules\org-netbeans-api-lsp.jar:C:\Project\github\javavscode\netbeans\nbbuild\netbeans\platform\modules\org-netbeans-modules-editor-mimelookup.jar:C:\Project\github\javavscode\netbeans\nbbuild\netbeans\ide\modules\org-netbeans-modules-editor-util.jar:C:\Project\github\javavscode\netbeans\nbbuild\netbeans\platform\modules\org-netbeans-api-progress.jar:C:\Project\github\javavscode\netbeans\nbbuild\netbeans\platform\modules\org-netbeans-api-progress-nb.jar:C:\Project\github\javavscode\netbeans\nbbuild\netbeans\platform\modules\org-openide-awt.jar:C:\Project\github\javavscode\netbeans\nbbuild\netbeans\ide\modules\org-netbeans-modules-editor-document.jar:C:\Project\github\javavscode\netbeans\nbbuild\netbeans\ide\modules\org-netbeans-modules-editor-fold.jar:C:\Project\github\javavscode\netbeans\nbbuild\netbeans\ide\modules\org-netbeans-modules-editor-settings.jar:C:\Project\github\javavscode\netbeans\nbbuild\netbeans\ide\modules\org-netbeans-modules-lexer.jar:C:\Project\github\javavscode\netbeans\nbbuild\netbeans\ide\modules\org-netbeans-modules-editor-settings-lib.jar:C:\Project\github\javavscode\netbeans\nbbuild\netbeans\ide\modules\org-netbeans-modules-editor-guards.jar:C:\Project\github\javavscode\netbeans\nbbuild\netbeans\ide\modules\org-netbeans-modules-editor-indent.jar:C:\Project\github\javavscode\netbeans\nbbuild\netbeans\ide\modules\org-netbeans-modules-editor-lib.jar:C:\Project\github\javavscode\netbeans\nbbuild\netbeans\ide\modules\org-netbeans-modules-editor-lib2.jar:C:\Project\github\javavscode\netbeans\nbbuild\netbeans\platform\modules\org-openide-dialogs.jar:C:\Project\github\javavscode\netbeans\nbbuild\netbeans\platform\modules\org-openide-actions.jar:C:\Project\github\javavscode\netbeans\nbbuild\netbeans\platform\modules\org-openide-explorer.jar:C:\Project\github\javavscode\netbeans\nbbuild\netbeans\platform\modules\org-netbeans-swing-outline.jar:C:\Project\github\javavscode\netbeans\nbbuild\netbeans\platform\modules\org-netbeans-swing-tabcontrol.jar:C:\Project\github\javavscode\netbeans\nbbuild\netbeans\platform\modules\org-openide-windows.jar:C:\Project\github\javavscode\netbeans\nbbuild\netbeans\platform\modules\org-openide-nodes.jar:C:\Project\github\javavscode\netbeans\nbbuild\netbeans\platform\modules\org-openide-text.jar:C:\Project\github\javavscode\netbeans\nbbuild\netbeans\platform\modules\org-openide-filesystems-nb.jar:C:\Project\github\javavscode\netbeans\nbbuild\netbeans\platform\modules\org-openide-loaders.jar:C:\Project\github\javavscode\netbeans\nbbuild\netbeans\platform\modules\org-netbeans-api-scripting.jar:C:\Project\github\javavscode\netbeans\nbbuild\netbeans\platform\modules\org-netbeans-api-templates.jar:C:\Project\github\javavscode\netbeans\nbbuild\netbeans\ide\modules\org-netbeans-modules-projectuiapi.jar:C:\Project\github\javavscode\netbeans\nbbuild\netbeans\ide\modules\org-netbeans-modules-projectuiapi-base.jar:C:\Project\github\javavscode\netbeans\nbbuild\netbeans\ide\modules\org-netbeans-spi-viewmodel.jar:C:\Project\github\javavscode\netbeans\nbbuild\netbeans\ide\modules\org-netbeans-spi-editor-hints.jar:C:\Project\github\javavscode\netbeans\nbbuild\netbeans\platform\modules\org-netbeans-api-annotations-common.jar:C:\Project\github\javavscode\netbeans\nbbuild\netbeans\ide\modules\org-netbeans-api-lsp.jar:C:\Project\github\javavscode\netbeans\nbbuild\netbeans\platform\modules\org-netbeans-modules-editor-mimelookup.jar:C:\Project\github\javavscode\netbeans\nbbuild\netbeans\platform\core\org-openide-filesystems.jar:C:\Project\github\javavscode\netbeans\nbbuild\netbeans\platform\lib\org-openide-util.jar:C:\Project\github\javavscode\netbeans\nbbuild\netbeans\platform\lib\org-openide-util-lookup.jar:C:\Project\github\javavscode\netbeans\nbbuild\netbeans\ide\modules\org-netbeans-modules-editor-util.jar:C:\Project\github\javavscode\netbeans\nbbuild\netbeans\ide\modules\org-netbeans-modules-editor-document.jar:C:\Project\github\javavscode\netbeans\nbbuild\netbeans\ide\modules\org-netbeans-modules-editor-lib.jar:C:\Project\github\javavscode\netbeans\nbbuild\netbeans\platform\modules\org-netbeans-api-progress.jar:C:\Project\github\javavscode\netbeans\nbbuild\netbeans\platform\lib\org-openide-modules.jar:C:\Project\github\javavscode\netbeans\nbbuild\netbeans\platform\lib\org-openide-util-ui.jar:C:\Project\github\javavscode\netbeans\nbbuild\netbeans\platform\modules\org-netbeans-api-progress-nb.jar:C:\Project\github\javavscode\netbeans\nbbuild\netbeans\platform\modules\org-openide-awt.jar:C:\Project\github\javavscode\netbeans\nbbuild\netbeans\ide\modules\org-netbeans-modules-editor-fold.jar:C:\Project\github\javavscode\netbeans\nbbuild\netbeans\ide\modules\org-netbeans-modules-editor-settings.jar:C:\Project\github\javavscode\netbeans\nbbuild\netbeans\ide\modules\org-netbeans-modules-lexer.jar:C:\Project\github\javavscode\netbeans\nbbuild\netbeans\ide\modules\org-netbeans-modules-editor-settings-lib.jar:C:\Project\github\javavscode\netbeans\nbbuild\netbeans\ide\modules\org-netbeans-modules-editor-guards.jar:C:\Project\github\javavscode\netbeans\nbbuild\netbeans\ide\modules\org-netbeans-modules-editor-indent.jar:C:\Project\github\javavscode\netbeans\nbbuild\netbeans\ide\modules\org-netbeans-modules-editor-lib2.jar:C:\Project\github\javavscode\netbeans\nbbuild\netbeans\platform\modules\org-openide-dialogs.jar:C:\Project\github\javavscode\netbeans\nbbuild\netbeans\platform\modules\org-openide-loaders.jar:C:\Project\github\javavscode\netbeans\nbbuild\netbeans\platform\modules\org-netbeans-api-scripting.jar:C:\Project\github\javavscode\netbeans\nbbuild\netbeans\platform\modules\org-netbeans-api-templates.jar:C:\Project\github\javavscode\netbeans\nbbuild\netbeans\platform\modules\org-netbeans-modules-queries.jar:C:\Project\github\javavscode\netbeans\nbbuild\netbeans\platform\modules\org-openide-actions.jar:C:\Project\github\javavscode\netbeans\nbbuild\netbeans\platform\modules\org-openide-explorer.jar:C:\Project\github\javavscode\netbeans\nbbuild\netbeans\platform\modules\org-netbeans-swing-outline.jar:C:\Project\github\javavscode\netbeans\nbbuild\netbeans\platform\modules\org-netbeans-swing-tabcontrol.jar:C:\Project\github\javavscode\netbeans\nbbuild\netbeans\platform\modules\org-openide-windows.jar:C:\Project\github\javavscode\netbeans\nbbuild\netbeans\platform\modules\org-openide-nodes.jar:C:\Project\github\javavscode\netbeans\nbbuild\netbeans\platform\modules\org-openide-text.jar:C:\Project\github\javavscode\netbeans\nbbuild\netbeans\platform\modules\org-openide-filesystems-nb.jar:C:\Project\github\javavscode\netbeans\nbbuild\netbeans\java\modules\org-netbeans-spi-java-hints.jar:C:\Project\github\javavscode\netbeans\nbbuild\netbeans\platform\modules\org-netbeans-api-annotations-common.jar:C:\Project\github\javavscode\netbeans\nbbuild\netbeans\java\modules\org-netbeans-api-java.jar:C:\Project\github\javavscode\netbeans\nbbuild\netbeans\ide\modules\org-netbeans-api-java-classpath.jar:C:\Project\github\javavscode\netbeans\nbbuild\netbeans\platform\core\org-openide-filesystems.jar:C:\Project\github\javavscode\netbeans\nbbuild\netbeans\platform\lib\org-openide-util.jar:C:\Project\github\javavscode\netbeans\nbbuild\netbeans\platform\lib\org-openide-util-lookup.jar:C:\Project\github\javavscode\netbeans\nbbuild\netbeans\platform\lib\org-openide-modules.jar:C:\Project\github\javavscode\netbeans\nbbuild\netbeans\platform\lib\org-openide-util-ui.jar:C:\Project\github\javavscode\netbeans\nbbuild\netbeans\platform\modules\org-netbeans-api-progress.jar:C:\Project\github\javavscode\netbeans\nbbuild\netbeans\platform\modules\org-netbeans-api-progress-nb.jar:C:\Project\github\javavscode\netbeans\nbbuild\netbeans\platform\modules\org-openide-awt.jar:C:\Project\github\javavscode\netbeans\nbbuild\netbeans\java\modules\org-netbeans-lib-nbjavac.jar:C:\Project\github\javavscode\netbeans\nbbuild\netbeans\java\modules\org-netbeans-libs-javacapi.jar:C:\Project\github\javavscode\netbeans\java\libs.javacapi\external\nb-javac-jdk-22+33-api.jar:C:\Project\github\javavscode\netbeans\java\libs.javacapi\external\nb-javac-jdk-22+33.jar:C:\Project\github\javavscode\netbeans\nbbuild\netbeans\ide\modules\org-netbeans-libs-lucene.jar:C:\Project\github\javavscode\netbeans\ide\libs.lucene\external\lucene-core-3.6.2.jar:C:\Project\github\javavscode\netbeans\nbbuild\netbeans\ide\modules\org-netbeans-modules-code-analysis.jar:C:\Project\github\javavscode\netbeans\nbbuild\netbeans\platform\modules\org-netbeans-modules-autoupdate-services.jar:C:\Project\github\javavscode\netbeans\nbbuild\netbeans\platform\modules\ext\updater.jar:C:\Project\github\javavscode\netbeans\nbbuild\netbeans\platform\lib\boot.jar:C:\Project\github\javavscode\netbeans\nbbuild\netbeans\platform\core\core.jar:C:\Project\github\javavscode\netbeans\nbbuild\netbeans\platform\core\org-netbeans-libs-asm.jar:C:\Project\github\javavscode\netbeans\platform\libs.asm\external\asm-9.6.jar:C:\Project\github\javavscode\netbeans\platform\libs.asm\external\asm-tree-9.6.jar:C:\Project\github\javavscode\netbeans\platform\libs.asm\external\asm-commons-9.6.jar:C:\Project\github\javavscode\netbeans\nbbuild\netbeans\platform\core\core-base.jar:C:\Project\github\javavscode\netbeans\nbbuild\netbeans\platform\modules\org-openide-dialogs.jar:C:\Project\github\javavscode\netbeans\nbbuild\netbeans\platform\modules\org-netbeans-modules-editor-mimelookup.jar:C:\Project\github\javavscode\netbeans\nbbuild\netbeans\platform\modules\org-netbeans-modules-options-api.jar:C:\Project\github\javavscode\netbeans\nbbuild\netbeans\platform\modules\org-netbeans-core.jar:C:\Project\github\javavscode\netbeans\nbbuild\netbeans\platform\modules\org-netbeans-modules-keyring.jar:C:\Project\github\javavscode\netbeans\nbbuild\netbeans\platform\modules\org-netbeans-modules-sampler.jar:C:\Project\github\javavscode\netbeans\nbbuild\netbeans\platform\modules\org-netbeans-swing-plaf.jar:C:\Project\github\javavscode\netbeans\nbbuild\netbeans\platform\modules\org-openide-actions.jar:C:\Project\github\javavscode\netbeans\nbbuild\netbeans\platform\modules\org-openide-explorer.jar:C:\Project\github\javavscode\netbeans\nbbuild\netbeans\platform\modules\org-netbeans-swing-outline.jar:C:\Project\github\javavscode\netbeans\nbbuild\netbeans\platform\modules\org-netbeans-swing-tabcontrol.jar:C:\Project\github\javavscode\netbeans\nbbuild\netbeans\platform\modules\org-openide-windows.jar:C:\Project\github\javavscode\netbeans\nbbuild\netbeans\platform\modules\org-openide-nodes.jar:C:\Project\github\javavscode\netbeans\nbbuild\netbeans\platform\modules\org-openide-text.jar:C:\Project\github\javavscode\netbeans\nbbuild\netbeans\platform\modules\org-openide-io.jar:C:\Project\github\javavscode\netbeans\nbbuild\netbeans\platform\modules\org-netbeans-api-intent.jar:C:\Project\github\javavscode\netbeans\nbbuild\netbeans\platform\modules\org-netbeans-api-io.jar:C:\Project\github\javavscode\netbeans\nbbuild\netbeans\platform\modules\org-openide-loaders.jar:C:\Project\github\javavscode\netbeans\nbbuild\netbeans\platform\modules\org-netbeans-api-scripting.jar:C:\Project\github\javavscode\netbeans\nbbuild\netbeans\platform\modules\org-netbeans-api-templates.jar:C:\Project\github\javavscode\netbeans\nbbuild\netbeans\platform\modules\org-netbeans-modules-queries.jar:C:\Project\github\javavscode\netbeans\nbbuild\netbeans\platform\modules\org-openide-filesystems-nb.jar:C:\Project\github\javavscode\netbeans\nbbuild\netbeans\platform\modules\org-netbeans-spi-quicksearch.jar:C:\Project\github\javavscode\netbeans\nbbuild\netbeans\ide\modules\org-netbeans-modules-parsing-api.jar:C:\Project\github\javavscode\netbeans\nbbuild\netbeans\ide\modules\org-netbeans-modules-editor-document.jar:C:\Project\github\javavscode\netbeans\nbbuild\netbeans\ide\modules\org-netbeans-modules-editor-util.jar:C:\Project\github\javavscode\netbeans\nbbuild\netbeans\ide\modules\org-netbeans-modules-lexer.jar:C:\Project\github\javavscode\netbeans\nbbuild\netbeans\ide\modules\org-netbeans-modules-parsing-lucene.jar:C:\Project\github\javavscode\netbeans\nbbuild\netbeans\platform\modules\org-netbeans-modules-masterfs.jar:C:\Project\github\javavscode\netbeans\nbbuild\netbeans\ide\modules\org-netbeans-modules-projectapi.jar:C:\Project\github\javavscode\netbeans\nbbuild\netbeans\ide\modules\org-netbeans-modules-parsing-indexing.jar:C:\Project\github\javavscode\netbeans\nbbuild\netbeans\ide\modules\org-netbeans-modules-project-indexingbridge.jar:C:\Project\github\javavscode\netbeans\nbbuild\netbeans\ide\modules\org-netbeans-modules-projectuiapi-base.jar:C:\Project\github\javavscode\netbeans\nbbuild\netbeans\ide\modules\org-netbeans-spi-tasklist.jar:C:\Project\github\javavscode\netbeans\nbbuild\netbeans\ide\modules\org-netbeans-modules-projectuiapi.jar:C:\Project\github\javavscode\netbeans\nbbuild\netbeans\ide\modules\org-netbeans-modules-refactoring-api.jar:C:\Project\github\javavscode\netbeans\nbbuild\netbeans\ide\modules\org-netbeans-modules-diff.jar:C:\Project\github\javavscode\netbeans\nbbuild\netbeans\ide\modules\org-netbeans-modules-editor-errorstripe.jar:C:\Project\github\javavscode\netbeans\nbbuild\netbeans\ide\modules\org-netbeans-modules-editor-errorstripe-api.jar:C:\Project\github\javavscode\netbeans\nbbuild\netbeans\ide\modules\org-netbeans-modules-editor-fold.jar:C:\Project\github\javavscode\netbeans\nbbuild\netbeans\ide\modules\org-netbeans-modules-editor-settings.jar:C:\Project\github\javavscode\netbeans\nbbuild\netbeans\ide\modules\org-netbeans-modules-editor-settings-lib.jar:C:\Project\github\javavscode\netbeans\nbbuild\netbeans\ide\modules\org-netbeans-modules-editor-lib.jar:C:\Project\github\javavscode\netbeans\nbbuild\netbeans\ide\modules\org-netbeans-modules-editor-guards.jar:C:\Project\github\javavscode\netbeans\nbbuild\netbeans\ide\modules\org-netbeans-modules-editor-indent.jar:C:\Project\github\javavscode\netbeans\nbbuild\netbeans\ide\modules\org-netbeans-modules-editor-lib2.jar:C:\Project\github\javavscode\netbeans\nbbuild\netbeans\ide\modules\org-netbeans-modules-options-editor.jar:C:\Project\github\javavscode\netbeans\nbbuild\netbeans\ide\modules\org-netbeans-modules-editor.jar:C:\Project\github\javavscode\netbeans\nbbuild\netbeans\ide\modules\org-netbeans-api-lsp.jar:C:\Project\github\javavscode\netbeans\nbbuild\netbeans\ide\modules\org-netbeans-modules-editor-settings-storage.jar:C:\Project\github\javavscode\netbeans\nbbuild\netbeans\platform\modules\org-netbeans-modules-options-keymap.jar:C:\Project\github\javavscode\netbeans\nbbuild\netbeans\platform\modules\org-netbeans-modules-settings.jar:C:\Project\github\javavscode\netbeans\nbbuild\netbeans\ide\modules\org-netbeans-spi-editor-hints.jar:C:\Project\github\javavscode\netbeans\nbbuild\netbeans\java\modules\org-netbeans-modules-java-lexer.jar:C:\Project\github\javavscode\netbeans\nbbuild\netbeans\java\modules\org-netbeans-modules-java-platform.jar:C:\Project\github\javavscode\netbeans\nbbuild\netbeans\java\modules\org-netbeans-modules-java-project.jar:C:\Project\github\javavscode\netbeans\nbbuild\netbeans\java\modules\org-netbeans-modules-classfile.jar:C:\Project\github\javavscode\netbeans\nbbuild\netbeans\java\modules\org-netbeans-modules-java-source-base.jar:C:\Project\github\javavscode\netbeans\nbbuild\netbeans\java\modules\org-netbeans-modules-java-preprocessorbridge.jar:C:\Project\github\javavscode\netbeans\nbbuild\netbeans\ide\modules\org-netbeans-modules-project-ant.jar:C:\Project\github\javavscode\netbeans\nbbuild\netbeans\ide\modules\org-netbeans-modules-project-libraries.jar:C:\Project\github\javavscode\netbeans\nbbuild\netbeans\ide\modules\org-netbeans-modules-project-spi-intern.jar:C:\Project\github\javavscode\netbeans\nbbuild\netbeans\ide\modules\org-netbeans-modules-xml-catalog.jar:C:\Project\github\javavscode\netbeans\nbbuild\netbeans\ide\modules\org-apache-xml-resolver.jar:C:\Project\github\javavscode\netbeans\ide\o.apache.xml.resolver\external\resolver-1.2.jar:C:\Project\github\javavscode\netbeans\nbbuild\netbeans\ide\modules\org-netbeans-api-xml.jar:C:\Project\github\javavscode\netbeans\nbbuild\netbeans\java\modules\org-netbeans-modules-java-source.jar:C:\Project\github\javavscode\netbeans\nbbuild\netbeans\platform\modules\org-netbeans-core-multiview.jar:C:\Project\github\javavscode\netbeans\nbbuild\netbeans\ide\modules\org-netbeans-modules-editor-indent-project.jar:C:\Project\github\javavscode\netbeans\nbbuild\netbeans\ide\modules\org-netbeans-spi-viewmodel.jar:C:\Project\github\javavscode\netbeans\nbbuild\netbeans\platform\modules\org-netbeans-swing-outline.jar:C:\Project\github\javavscode\netbeans\nbbuild\netbeans\platform\lib\org-openide-util-ui.jar:C:\Project\github\javavscode\netbeans\nbbuild\netbeans\platform\lib\org-openide-util.jar:C:\Project\github\javavscode\netbeans\nbbuild\netbeans\platform\lib\org-openide-util-lookup.jar:C:\Project\github\javavscode\netbeans\nbbuild\netbeans\platform\modules\org-openide-awt.jar:C:\Project\github\javavscode\netbeans\nbbuild\netbeans\platform\modules\org-netbeans-api-annotations-common.jar:C:\Project\github\javavscode\netbeans\nbbuild\netbeans\platform\core\org-openide-filesystems.jar:C:\Project\github\javavscode\netbeans\nbbuild\netbeans\platform\modules\org-openide-explorer.jar:C:\Project\github\javavscode\netbeans\nbbuild\netbeans\platform\modules\org-netbeans-swing-tabcontrol.jar:C:\Project\github\javavscode\netbeans\nbbuild\netbeans\platform\modules\org-openide-windows.jar:C:\Project\github\javavscode\netbeans\nbbuild\netbeans\platform\modules\org-openide-nodes.jar:C:\Project\github\javavscode\netbeans\nbbuild\netbeans\platform\modules\org-openide-dialogs.jar:C:\Project\github\javavscode\netbeans\nbbuild\netbeans\platform\modules\org-netbeans-api-progress.jar:C:\Project\github\javavscode\netbeans\nbbuild\netbeans\platform\lib\org-openide-modules.jar:C:\Project\github\javavscode\netbeans\nbbuild\netbeans\platform\modules\org-netbeans-api-progress-nb.jar:C:\Project\github\javavscode\netbeans\nbbuild\netbeans\platform\modules\org-openide-awt.jar:C:\Project\github\javavscode\netbeans\nbbuild\netbeans\platform\modules\org-netbeans-api-annotations-common.jar:C:\Project\github\javavscode\netbeans\nbbuild\netbeans\platform\core\org-openide-filesystems.jar:C:\Project\github\javavscode\netbeans\nbbuild\netbeans\platform\lib\org-openide-util.jar:C:\Project\github\javavscode\netbeans\nbbuild\netbeans\platform\lib\org-openide-util-lookup.jar:C:\Project\github\javavscode\netbeans\nbbuild\netbeans\platform\lib\org-openide-util-ui.jar:C:\Project\github\javavscode\netbeans\nbbuild\netbeans\platform\modules\org-openide-dialogs.jar:C:\Project\github\javavscode\netbeans\nbbuild\netbeans\platform\modules\org-netbeans-api-progress.jar:C:\Project\github\javavscode\netbeans\nbbuild\netbeans\platform\lib\org-openide-modules.jar:C:\Project\github\javavscode\netbeans\nbbuild\netbeans\platform\lib\org-openide-util-ui.jar:C:\Project\github\javavscode\netbeans\nbbuild\netbeans\platform\lib\org-openide-util.jar:C:\Project\github\javavscode\netbeans\nbbuild\netbeans\platform\lib\org-openide-util-lookup.jar:C:\Project\github\javavscode\netbeans\nbbuild\netbeans\platform\modules\org-netbeans-api-progress-nb.jar:C:\Project\github\javavscode\netbeans\nbbuild\netbeans\platform\modules\org-openide-awt.jar:C:\Project\github\javavscode\netbeans\nbbuild\netbeans\platform\modules\org-netbeans-api-annotations-common.jar:C:\Project\github\javavscode\netbeans\nbbuild\netbeans\platform\core\org-openide-filesystems.jar:C:\Project\github\javavscode\netbeans\nbbuild\netbeans\platform\modules\org-openide-explorer.jar:C:\Project\github\javavscode\netbeans\nbbuild\netbeans\platform\modules\org-netbeans-swing-outline.jar:C:\Project\github\javavscode\netbeans\nbbuild\netbeans\platform\lib\org-openide-util-ui.jar:C:\Project\github\javavscode\netbeans\nbbuild\netbeans\platform\lib\org-openide-util.jar:C:\Project\github\javavscode\netbeans\nbbuild\netbeans\platform\lib\org-openide-util-lookup.jar:C:\Project\github\javavscode\netbeans\nbbuild\netbeans\platform\modules\org-netbeans-swing-tabcontrol.jar:C:\Project\github\javavscode\netbeans\nbbuild\netbeans\platform\modules\org-openide-awt.jar:C:\Project\github\javavscode\netbeans\nbbuild\netbeans\platform\modules\org-netbeans-api-annotations-common.jar:C:\Project\github\javavscode\netbeans\nbbuild\netbeans\platform\core\org-openide-filesystems.jar:C:\Project\github\javavscode\netbeans\nbbuild\netbeans\platform\modules\org-openide-windows.jar:C:\Project\github\javavscode\netbeans\nbbuild\netbeans\platform\modules\org-openide-nodes.jar:C:\Project\github\javavscode\netbeans\nbbuild\netbeans\platform\modules\org-openide-dialogs.jar:C:\Project\github\javavscode\netbeans\nbbuild\netbeans\platform\modules\org-netbeans-api-progress.jar:C:\Project\github\javavscode\netbeans\nbbuild\netbeans\platform\lib\org-openide-modules.jar:C:\Project\github\javavscode\netbeans\nbbuild\netbeans\platform\modules\org-netbeans-api-progress-nb.jar:C:\Project\github\javavscode\netbeans\nbbuild\netbeans\platform\core\org-openide-filesystems.jar:C:\Project\github\javavscode\netbeans\nbbuild\netbeans\platform\lib\org-openide-util.jar:C:\Project\github\javavscode\netbeans\nbbuild\netbeans\platform\lib\org-openide-util-lookup.jar:C:\Project\github\javavscode\netbeans\nbbuild\netbeans\platform\modules\org-openide-io.jar:C:\Project\github\javavscode\netbeans\nbbuild\netbeans\platform\modules\org-netbeans-api-annotations-common.jar:C:\Project\github\javavscode\netbeans\nbbuild\netbeans\platform\modules\org-netbeans-api-intent.jar:C:\Project\github\javavscode\netbeans\nbbuild\netbeans\platform\core\org-openide-filesystems.jar:C:\Project\github\javavscode\netbeans\nbbuild\netbeans\platform\lib\org-openide-util.jar:C:\Project\github\javavscode\netbeans\nbbuild\netbeans\platform\lib\org-openide-util-lookup.jar:C:\Project\github\javavscode\netbeans\nbbuild\netbeans\platform\modules\org-netbeans-api-io.jar:C:\Project\github\javavscode\netbeans\nbbuild\netbeans\platform\modules\org-openide-loaders.jar:C:\Project\github\javavscode\netbeans\nbbuild\netbeans\platform\modules\org-netbeans-api-annotations-common.jar:C:\Project\github\javavscode\netbeans\nbbuild\netbeans\platform\modules\org-netbeans-api-progress.jar:C:\Project\github\javavscode\netbeans\nbbuild\netbeans\platform\lib\org-openide-modules.jar:C:\Project\github\javavscode\netbeans\nbbuild\netbeans\platform\lib\org-openide-util-ui.jar:C:\Project\github\javavscode\netbeans\nbbuild\netbeans\platform\lib\org-openide-util.jar:C:\Project\github\javavscode\netbeans\nbbuild\netbeans\platform\lib\org-openide-util-lookup.jar:C:\Project\github\javavscode\netbeans\nbbuild\netbeans\platform\modules\org-netbeans-api-progress-nb.jar:C:\Project\github\javavscode\netbeans\nbbuild\netbeans\platform\modules\org-openide-awt.jar:C:\Project\github\javavscode\netbeans\nbbuild\netbeans\platform\core\org-openide-filesystems.jar:C:\Project\github\javavscode\netbeans\nbbuild\netbeans\platform\modules\org-netbeans-api-scripting.jar:C:\Project\github\javavscode\netbeans\nbbuild\netbeans\platform\modules\org-netbeans-api-templates.jar:C:\Project\github\javavscode\netbeans\nbbuild\netbeans\platform\modules\org-netbeans-modules-queries.jar:C:\Project\github\javavscode\netbeans\nbbuild\netbeans\platform\modules\org-netbeans-modules-editor-mimelookup.jar:C:\Project\github\javavscode\netbeans\nbbuild\netbeans\platform\modules\org-openide-actions.jar:C:\Project\github\javavscode\netbeans\nbbuild\netbeans\platform\modules\org-openide-dialogs.jar:C:\Project\github\javavscode\netbeans\nbbuild\netbeans\platform\modules\org-openide-explorer.jar:C:\Project\github\javavscode\netbeans\nbbuild\netbeans\platform\modules\org-netbeans-swing-outline.jar:C:\Project\github\javavscode\netbeans\nbbuild\netbeans\platform\modules\org-netbeans-swing-tabcontrol.jar:C:\Project\github\javavscode\netbeans\nbbuild\netbeans\platform\modules\org-openide-windows.jar:C:\Project\github\javavscode\netbeans\nbbuild\netbeans\platform\modules\org-openide-nodes.jar:C:\Project\github\javavscode\netbeans\nbbuild\netbeans\platform\modules\org-openide-text.jar:C:\Project\github\javavscode\netbeans\nbbuild\netbeans\platform\modules\org-openide-filesystems-nb.jar:C:\Project\github\javavscode\netbeans\nbbuild\netbeans\platform\lib\org-openide-modules.jar:C:\Project\github\javavscode\netbeans\nbbuild\netbeans\platform\lib\org-openide-util-ui.jar:C:\Project\github\javavscode\netbeans\nbbuild\netbeans\platform\lib\org-openide-util.jar:C:\Project\github\javavscode\netbeans\nbbuild\netbeans\platform\lib\org-openide-util-lookup.jar:C:\Project\github\javavscode\netbeans\nbbuild\netbeans\platform\modules\org-openide-nodes.jar:C:\Project\github\javavscode\netbeans\nbbuild\netbeans\platform\modules\org-openide-awt.jar:C:\Project\github\javavscode\netbeans\nbbuild\netbeans\platform\modules\org-netbeans-api-annotations-common.jar:C:\Project\github\javavscode\netbeans\nbbuild\netbeans\platform\core\org-openide-filesystems.jar:C:\Project\github\javavscode\netbeans\nbbuild\netbeans\platform\lib\org-openide-util.jar:C:\Project\github\javavscode\netbeans\nbbuild\netbeans\platform\lib\org-openide-util-lookup.jar:C:\Project\github\javavscode\netbeans\nbbuild\netbeans\platform\lib\org-openide-util-ui.jar:C:\Project\github\javavscode\netbeans\nbbuild\netbeans\platform\modules\org-openide-dialogs.jar:C:\Project\github\javavscode\netbeans\nbbuild\netbeans\platform\modules\org-netbeans-api-progress.jar:C:\Project\github\javavscode\netbeans\nbbuild\netbeans\platform\lib\org-openide-modules.jar:C:\Project\github\javavscode\netbeans\nbbuild\netbeans\platform\modules\org-netbeans-api-progress-nb.jar:C:\Project\github\javavscode\netbeans\nbbuild\netbeans\platform\modules\org-openide-text.jar:C:\Project\github\javavscode\netbeans\nbbuild\netbeans\platform\modules\org-netbeans-modules-editor-mimelookup.jar:C:\Project\github\javavscode\netbeans\nbbuild\netbeans\platform\core\org-openide-filesystems.jar:C:\Project\github\javavscode\netbeans\nbbuild\netbeans\platform\lib\org-openide-util.jar:C:\Project\github\javavscode\netbeans\nbbuild\netbeans\platform\lib\org-openide-util-lookup.jar:C:\Project\github\javavscode\netbeans\nbbuild\netbeans\platform\modules\org-openide-awt.jar:C:\Project\github\javavscode\netbeans\nbbuild\netbeans\platform\modules\org-netbeans-api-annotations-common.jar:C:\Project\github\javavscode\netbeans\nbbuild\netbeans\platform\lib\org-openide-util-ui.jar:C:\Project\github\javavscode\netbeans\nbbuild\netbeans\platform\modules\org-openide-dialogs.jar:C:\Project\github\javavscode\netbeans\nbbuild\netbeans\platform\modules\org-netbeans-api-progress.jar:C:\Project\github\javavscode\netbeans\nbbuild\netbeans\platform\lib\org-openide-modules.jar:C:\Project\github\javavscode\netbeans\nbbuild\netbeans\platform\modules\org-netbeans-api-progress-nb.jar:C:\Project\github\javavscode\netbeans\nbbuild\netbeans\platform\modules\org-openide-nodes.jar:C:\Project\github\javavscode\netbeans\nbbuild\netbeans\platform\modules\org-openide-windows.jar:C:\Project\github\javavscode\netbeans\nbbuild\netbeans\platform\lib\org-openide-util.jar:C:\Project\github\javavscode\netbeans\nbbuild\netbeans\platform\lib\org-openide-util-lookup.jar:C:\Project\github\javavscode\netbeans\nbbuild\netbeans\platform\lib\org-openide-util-lookup.jar:C:\Project\github\javavscode\netbeans\nbbuild\netbeans\platform\lib\org-openide-util-ui.jar:C:\Project\github\javavscode\netbeans\nbbuild\netbeans\platform\lib\org-openide-util.jar:C:\Project\github\javavscode\netbeans\nbbuild\netbeans\platform\lib\org-openide-util-lookup.jar:C:\Project\github\javavscode\netbeans\java\java.lsp.server\external\org.eclipse.lsp4j.debug-0.13.0.jar:C:\Project\github\javavscode\netbeans\java\java.lsp.server\external\org.eclipse.xtend.lib.macro-2.24.0.jar:C:\Project\github\javavscode\netbeans\java\java.lsp.server\external\org.eclipse.lsp4j.generator-0.13.0.jar:C:\Project\github\javavscode\netbeans\java\java.lsp.server\external\org.eclipse.lsp4j.jsonrpc-0.13.0.jar:C:\Project\github\javavscode\netbeans\java\java.lsp.server\external\org.eclipse.lsp4j.jsonrpc.debug-0.13.0.jar:C:\Project\github\javavscode\netbeans\java\java.lsp.server\external\org.eclipse.xtend.lib-2.24.0.jar:C:\Project\github\javavscode\netbeans\java\java.lsp.server\external\org.eclipse.xtext.xbase.lib-2.24.0.jar:C:\Project\github\javavscode\netbeans\java\java.lsp.server\external\org.eclipse.lsp4j-0.13.0.jar" />
    <property name="platform/api.progress.compat8.dir" value="C:\Project\github\javavscode\netbeans\nbbuild\netbeans/platform" />
    <property name="ide/o.eclipse.core.net.dir" value="C:\Project\github\javavscode\netbeans\nbbuild\netbeans/ide" />
    <property name="run.test.type" value="unit" />
    <property name="ide/spi.navigator.dir" value="C:\Project\github\javavscode\netbeans\nbbuild\netbeans/ide" />
    <property name="keyring.impl.dir" value="C:\Project\github\javavscode\netbeans\nbbuild\netbeans/platform" />
    <property name="java.class.path" value="C:\Project\github\javavscode\netbeans\java\java.lsp.server\build\test\unit\classes;C:\Project\github\javavscode\netbeans\nbbuild\netbeans\ide\modules\com-google-gson.jar;C:\Project\github\javavscode\netbeans\nbbuild\netbeans\ide\modules\com-google-guava.jar;C:\Project\github\javavscode\netbeans\nbbuild\netbeans\platform\lib\boot.jar;C:\Project\github\javavscode\netbeans\nbbuild\netbeans\platform\core\core.jar;C:\Project\github\javavscode\netbeans\nbbuild\netbeans\platform\modules\org-netbeans-core-windows.jar;C:\Project\github\javavscode\netbeans\nbbuild\netbeans\ide\modules\org-netbeans-libs-freemarker.jar;C:\Project\github\javavscode\netbeans\nbbuild\netbeans\platform\modules\org-netbeans-libs-junit4.jar;C:\Project\github\javavscode\netbeans\nbbuild\netbeans\platform\modules\org-openide-io.jar;C:\Project\github\javavscode\netbeans\nbbuild\netbeans\ide\modules\org-netbeans-modules-options-editor.jar;C:\Project\github\javavscode\netbeans\nbbuild\netbeans\ide\modules\org-netbeans-modules-projectuiapi-base.jar;C:\Project\github\javavscode\netbeans\nbbuild\netbeans\platform\modules\org-netbeans-api-progress.jar;C:\Project\github\javavscode\netbeans\nbbuild\netbeans\ide\modules\org-netbeans-modules-editor-settings-storage.jar;C:\Project\github\javavscode\netbeans\nbbuild\netbeans\ide\modules\org-netbeans-api-xml.jar;C:\Project\github\javavscode\netbeans\nbbuild\netbeans\platform\lib\org-openide-util-ui.jar;C:\Project\github\javavscode\netbeans\nbbuild\netbeans\java\modules\org-netbeans-libs-javacapi.jar;C:\Project\github\javavscode\netbeans\nbbuild\netbeans\ide\modules\org-netbeans-modules-editor-fold.jar;C:\Project\github\javavscode\netbeans\nbbuild\netbeans\ide\modules\org-apache-xml-resolver.jar;C:\Project\github\javavscode\netbeans\nbbuild\netbeans\platform\modules\org-netbeans-swing-plaf.jar;C:\Project\github\javavscode\netbeans\nbbuild\netbeans\ide\modules\org-netbeans-modules-editor-fold-nbui.jar;C:\Project\github\javavscode\netbeans\nbbuild\netbeans\ide\modules\org-netbeans-modules-editor-settings-lib.jar;C:\Project\github\javavscode\netbeans\nbbuild\netbeans\ide\modules\org-netbeans-modules-editor-document.jar;C:\Project\github\javavscode\netbeans\nbbuild\netbeans\platform\core\org-netbeans-libs-asm.jar;C:\Project\github\javavscode\netbeans\nbbuild\netbeans\platform\modules\org-openide-text.jar;C:\Project\github\javavscode\netbeans\nbbuild\netbeans\java\modules\org-netbeans-api-java.jar;C:\Project\github\javavscode\netbeans\nbbuild\netbeans\ide\modules\org-netbeans-modules-xml-catalog.jar;C:\Project\github\javavscode\netbeans\nbbuild\netbeans\platform\modules\org-netbeans-modules-options-api.jar;C:\Project\github\javavscode\netbeans\nbbuild\netbeans\platform\lib\org-openide-modules.jar;C:\Project\github\javavscode\netbeans\nbbuild\netbeans\ide\modules\org-netbeans-modules-editor-guards.jar;C:\Project\github\javavscode\netbeans\nbbuild\netbeans\platform\modules\org-openide-filesystems-nb.jar;C:\Project\github\javavscode\netbeans\nbbuild\netbeans\ide\modules\org-netbeans-spi-tasklist.jar;C:\Project\github\javavscode\netbeans\nbbuild\netbeans\platform\modules\org-netbeans-modules-keyring.jar;C:\Project\github\javavscode\netbeans\nbbuild\netbeans\platform\modules\org-netbeans-modules-options-keymap.jar;C:\Project\github\javavscode\netbeans\nbbuild\netbeans\java\modules\org-netbeans-lib-nbjavac.jar;C:\Project\github\javavscode\netbeans\nbbuild\netbeans\ide\modules\org-netbeans-modules-project-indexingbridge.jar;C:\Project\github\javavscode\netbeans\nbbuild\netbeans\ide\modules\org-netbeans-modules-diff.jar;C:\Project\github\javavscode\netbeans\nbbuild\netbeans\platform\modules\org-netbeans-api-templates.jar;C:\Project\github\javavscode\netbeans\nbbuild\netbeans\ide\modules\org-netbeans-modules-project-spi-intern.jar;C:\Project\github\javavscode\netbeans\nbbuild\netbeans\platform\modules\org-netbeans-modules-queries.jar;C:\Project\github\javavscode\netbeans\nbbuild\netbeans\ide\modules\org-netbeans-api-java-classpath.jar;C:\Project\github\javavscode\netbeans\nbbuild\netbeans\ide\modules\org-netbeans-modules-lexer.jar;C:\Project\github\javavscode\netbeans\nbbuild\netbeans\platform\lib\org-openide-util-lookup.jar;C:\Project\github\javavscode\netbeans\nbbuild\netbeans\ide\modules\org-netbeans-modules-project-ant.jar;C:\Project\github\javavscode\netbeans\nbbuild\netbeans\java\modules\org-netbeans-modules-java-platform.jar;C:\Project\github\javavscode\netbeans\nbbuild\netbeans\platform\modules\org-netbeans-modules-editor-mimelookup.jar;C:\Project\github\javavscode\netbeans\nbbuild\netbeans\java\modules\org-netbeans-modules-java-lexer.jar;C:\Project\github\javavscode\netbeans\nbbuild\netbeans\platform\modules\org-netbeans-api-annotations-common.jar;C:\Project\github\javavscode\netbeans\nbbuild\netbeans\platform\modules\org-netbeans-core.jar;C:\Project\github\javavscode\netbeans\nbbuild\netbeans\ide\modules\org-netbeans-modules-refactoring-api.jar;C:\Project\github\javavscode\netbeans\nbbuild\netbeans\ide\modules\org-netbeans-modules-editor-util.jar;C:\Project\github\javavscode\netbeans\nbbuild\netbeans\java\modules\org-netbeans-modules-classfile.jar;C:\Project\github\javavscode\netbeans\nbbuild\netbeans\platform\lib\org-openide-util.jar;C:\Project\github\javavscode\netbeans\nbbuild\netbeans\platform\modules\org-netbeans-spi-quicksearch.jar;C:\Project\github\javavscode\netbeans\nbbuild\netbeans\ide\modules\org-netbeans-modules-parsing-indexing.jar;C:\Project\github\javavscode\netbeans\nbbuild\netbeans\platform\modules\org-openide-windows.jar;C:\Project\github\javavscode\netbeans\nbbuild\netbeans\ide\modules\org-netbeans-modules-editor-errorstripe-api.jar;C:\Project\github\javavscode\netbeans\nbbuild\netbeans\java\modules\org-netbeans-modules-java-project.jar;C:\Project\github\javavscode\netbeans\nbbuild\netbeans\platform\modules\org-netbeans-modules-masterfs.jar;C:\Project\github\javavscode\netbeans\nbbuild\netbeans\ide\modules\org-netbeans-libs-lucene.jar;C:\Project\github\javavscode\netbeans\nbbuild\netbeans\ide\modules\org-netbeans-modules-editor-indent.jar;C:\Project\github\javavscode\netbeans\nbbuild\netbeans\platform\modules\org-openide-explorer.jar;C:\Project\github\javavscode\netbeans\nbbuild\netbeans\java\modules\org-netbeans-modules-java-preprocessorbridge.jar;C:\Project\github\javavscode\netbeans\nbbuild\netbeans\platform\modules\org-netbeans-modules-sampler.jar;C:\Project\github\javavscode\netbeans\nbbuild\netbeans\java\modules\org-netbeans-api-debugger-jpda.jar;C:\Project\github\javavscode\netbeans\nbbuild\netbeans\ide\modules\org-netbeans-modules-editor-lib.jar;C:\Project\github\javavscode\netbeans\nbbuild\netbeans\ide\modules\org-netbeans-modules-project-libraries.jar;C:\Project\github\javavscode\netbeans\nbbuild\netbeans\platform\modules\org-openide-dialogs.jar;C:\Project\github\javavscode\netbeans\nbbuild\netbeans\ide\modules\org-netbeans-modules-projectapi.jar;C:\Project\github\javavscode\netbeans\nbbuild\netbeans\platform\core\org-openide-filesystems.jar;C:\Project\github\javavscode\netbeans\nbbuild\netbeans\ide\modules\org-netbeans-modules-editor-errorstripe.jar;C:\Project\github\javavscode\netbeans\nbbuild\netbeans\platform\modules\org-openide-awt.jar;C:\Project\github\javavscode\netbeans\nbbuild\netbeans\platform\modules\org-netbeans-api-scripting.jar;C:\Project\github\javavscode\netbeans\nbbuild\netbeans\platform\modules\org-netbeans-swing-tabcontrol.jar;C:\Project\github\javavscode\netbeans\nbbuild\netbeans\java\modules\org-netbeans-modules-debugger-jpda-projects.jar;C:\Project\github\javavscode\netbeans\nbbuild\netbeans\platform\modules\org-openide-actions.jar;C:\Project\github\javavscode\netbeans\nbbuild\netbeans\ide\modules\org-netbeans-modules-parsing-lucene.jar;C:\Project\github\javavscode\netbeans\nbbuild\netbeans\java\modules\org-netbeans-modules-java-source-base.jar;C:\Project\github\javavscode\netbeans\nbbuild\netbeans\ide\modules\org-netbeans-modules-editor-settings.jar;C:\Project\github\javavscode\netbeans\nbbuild\netbeans\platform\modules\org-netbeans-api-io.jar;C:\Project\github\javavscode\netbeans\nbbuild\netbeans\ide\modules\org-netbeans-modules-editor.jar;C:\Project\github\javavscode\netbeans\nbbuild\netbeans\platform\modules\org-openide-loaders.jar;C:\Project\github\javavscode\netbeans\nbbuild\netbeans\platform\modules\org-netbeans-api-intent.jar;C:\Project\github\javavscode\netbeans\nbbuild\netbeans\ide\modules\org-netbeans-api-lsp.jar;C:\Project\github\javavscode\netbeans\nbbuild\netbeans\platform\modules\org-openide-nodes.jar;C:\Project\github\javavscode\netbeans\nbbuild\netbeans\ide\modules\org-netbeans-modules-editor-lib2.jar;C:\Project\github\javavscode\netbeans\nbbuild\netbeans\platform\modules\org-netbeans-swing-outline.jar;C:\Project\github\javavscode\netbeans\nbbuild\netbeans\platform\core\core-base.jar;C:\Project\github\javavscode\netbeans\nbbuild\netbeans\platform\modules\org-netbeans-api-progress-nb.jar;C:\Project\github\javavscode\netbeans\nbbuild\netbeans\ide\modules\org-netbeans-api-debugger.jar;C:\Project\github\javavscode\netbeans\nbbuild\netbeans\ide\modules\org-netbeans-modules-parsing-api.jar;C:\Project\github\javavscode\netbeans\nbbuild\netbeans\ide\modules\org-netbeans-modules-editor-actions.jar;C:\Project\github\javavscode\netbeans\nbbuild\netbeans\platform\modules\org-netbeans-modules-editor-mimelookup-impl.jar;C:\Project\github\javavscode\netbeans\nbbuild\netbeans\ide\modules\org-netbeans-modules-editor-tools-storage.jar;C:\Project\github\javavscode\netbeans\nbbuild\netbeans\ide\modules\org-netbeans-modules-extexecution-process.jar;C:\Project\github\javavscode\netbeans\nbbuild\netbeans\platform\modules\org-netbeans-libs-jna.jar;C:\Project\github\javavscode\netbeans\nbbuild\netbeans\ide\modules\org-netbeans-modules-extexecution-base.jar;C:\Project\github\javavscode\netbeans\nbbuild\netbeans\ide\modules\org-netbeans-modules-extexecution-process-jdk9.jar;C:\Project\github\javavscode\netbeans\nbbuild\netbeans\java\modules\org-netbeans-modules-java-hints-declarative.jar;C:\Project\github\javavscode\netbeans\nbbuild\netbeans\java\modules\org-netbeans-modules-java-j2seplatform.jar;C:\Project\github\javavscode\netbeans\nbbuild\netbeans\extide\modules\org-netbeans-modules-options-java.jar;C:\Project\github\javavscode\netbeans\nbbuild\netbeans\platform\modules\org-netbeans-modules-autoupdate-services.jar;C:\Project\github\javavscode\netbeans\nbbuild\netbeans\ide\modules\org-netbeans-modules-extexecution.jar;C:\Project\github\javavscode\netbeans\nbbuild\netbeans\ide\modules\org-netbeans-modules-project-ant-ui.jar;C:\Project\github\javavscode\netbeans\nbbuild\netbeans\java\modules\org-netbeans-modules-java-platform-ui.jar;C:\Project\github\javavscode\netbeans\nbbuild\netbeans\platform\modules\org-netbeans-api-search.jar;C:\Project\github\javavscode\netbeans\nbbuild\netbeans\java\modules\org-netbeans-modules-java-openjdk-project.jar;C:\Project\github\javavscode\netbeans\nbbuild\netbeans\ide\modules\org-netbeans-spi-navigator.jar;C:\Project\github\javavscode\netbeans\nbbuild\netbeans\java\modules\org-netbeans-spi-java-hints.jar;C:\Project\github\javavscode\netbeans\nbbuild\netbeans\ide\modules\org-netbeans-api-xml-ui.jar;C:\Project\github\javavscode\netbeans\nbbuild\netbeans\platform\modules\org-openide-execution.jar;C:\Project\github\javavscode\netbeans\nbbuild\netbeans\java\modules\org-netbeans-modules-java-sourceui.jar;C:\Project\github\javavscode\netbeans\nbbuild\netbeans\ide\modules\org-netbeans-modules-projectuiapi.jar;C:\Project\github\javavscode\netbeans\nbbuild\netbeans\ide\modules\org-netbeans-modules-project-libraries-ui.jar;C:\Project\github\javavscode\netbeans\nbbuild\netbeans\ide\modules\org-netbeans-modules-gsf-testrunner-ui.jar;C:\Project\github\javavscode\netbeans\nbbuild\netbeans\java\modules\org-netbeans-modules-java-source.jar;C:\Project\github\javavscode\netbeans\nbbuild\netbeans\java\modules\org-netbeans-modules-java-testrunner-ui.jar;C:\Project\github\javavscode\netbeans\nbbuild\netbeans\java\modules\org-netbeans-modules-java-testrunner.jar;C:\Project\github\javavscode\netbeans\nbbuild\netbeans\ide\modules\org-netbeans-modules-jumpto.jar;C:\Project\github\javavscode\netbeans\nbbuild\netbeans\extide\modules\org-apache-tools-ant-module.jar;C:\Project\github\javavscode\netbeans\nbbuild\netbeans\ide\modules\org-netbeans-modules-editor-indent-project.jar;C:\Project\github\javavscode\netbeans\nbbuild\netbeans\ide\modules\org-netbeans-spi-editor-hints.jar;C:\Project\github\javavscode\netbeans\nbbuild\netbeans\platform\modules\org-netbeans-core-multiview.jar;C:\Project\github\javavscode\netbeans\nbbuild\netbeans\ide\modules\org-netbeans-modules-code-analysis.jar;C:\Project\github\javavscode\netbeans\nbbuild\netbeans\platform\modules\org-netbeans-modules-settings.jar;C:\Project\github\javavscode\netbeans\nbbuild\netbeans\java\modules\org-netbeans-modules-java-project-ui.jar;C:\Project\github\javavscode\netbeans\nbbuild\netbeans\ide\modules\org-netbeans-modules-editor-indent-support.jar;C:\Project\github\javavscode\netbeans\nbbuild\netbeans\ide\modules\org-netbeans-modules-gsf-testrunner.jar;C:\Project\github\javavscode\netbeans\nbbuild\netbeans\platform\modules\org-netbeans-core-ui.jar;C:\Project\github\javavscode\netbeans\nbbuild\build\testdist\unit\java\org-netbeans-modules-java-source-base\tests.jar;C:\Project\github\javavscode\netbeans\nbbuild\netbeans\ide\modules\org-netbeans-modules-lexer-nbbridge.jar;C:\Project\github\javavscode\netbeans\nbbuild\netbeans\ide\modules\org-netbeans-modules-project-dependency.jar;C:\Project\github\javavscode\netbeans\nbbuild\netbeans\java\modules\org-netbeans-modules-maven.jar;C:\Project\github\javavscode\netbeans\nbbuild\netbeans\ide\modules\org-netbeans-modules-web-common.jar;C:\Project\github\javavscode\netbeans\nbbuild\netbeans\platform\modules\org-apache-commons-logging.jar;C:\Project\github\javavscode\netbeans\nbbuild\netbeans\platform\modules\org-apache-commons-codec.jar;C:\Project\github\javavscode\netbeans\nbbuild\netbeans\ide\modules\org-netbeans-modules-xml-xam.jar;C:\Project\github\javavscode\netbeans\nbbuild\netbeans\ide\modules\org-netbeans-libs-antlr3-runtime.jar;C:\Project\github\javavscode\netbeans\nbbuild\netbeans\platform\modules\org-netbeans-modules-favorites.jar;C:\Project\github\javavscode\netbeans\nbbuild\netbeans\java\modules\org-netbeans-modules-maven-indexer-ui.jar;C:\Project\github\javavscode\netbeans\nbbuild\netbeans\platform\modules\org-netbeans-core-execution.jar;C:\Project\github\javavscode\netbeans\nbbuild\netbeans\ide\modules\org-netbeans-modules-swing-validation.jar;C:\Project\github\javavscode\netbeans\nbbuild\netbeans\platform\modules\org-netbeans-modules-sendopts.jar;C:\Project\github\javavscode\netbeans\nbbuild\netbeans\ide\modules\org-netbeans-modules-projectui.jar;C:\Project\github\javavscode\netbeans\nbbuild\netbeans\java\modules\org-netbeans-modules-java-api-common.jar;C:\Project\github\javavscode\netbeans\nbbuild\netbeans\java\modules\org-netbeans-modules-maven-embedder.jar;C:\Project\github\javavscode\netbeans\nbbuild\netbeans\java\modules\org-netbeans-modules-maven-model.jar;C:\Project\github\javavscode\netbeans\nbbuild\netbeans\ide\modules\org-netbeans-libs-json_simple.jar;C:\Project\github\javavscode\netbeans\nbbuild\netbeans\java\modules\org-netbeans-modules-maven-indexer.jar;C:\Project\github\javavscode\netbeans\nbbuild\netbeans\harness\modules\org-netbeans-insane.jar;C:\Project\github\javavscode\netbeans\nbbuild\netbeans\harness\modules\org-netbeans-modules-nbjunit.jar;C:\Project\github\javavscode\netbeans\nbbuild\netbeans\ide\modules\org-netbeans-modules-parsing-nb.jar;C:\Project\github\javavscode\netbeans\nbbuild\netbeans\ide\modules\org-netbeans-modules-projectapi-nb.jar;C:\Project\github\javavscode\netbeans\nbbuild\netbeans\ide\modules\org-netbeans-spi-editor-hints-projects.jar;C:\Project\github\javavscode\netbeans\nbbuild\build\testdist\unit\platform\org-openide-util-lookup\tests.jar;C:\Project\github\javavscode\netbeans\nbbuild\netbeans\extide\modules\org-netbeans-modules-gradle.jar;C:\Project\github\javavscode\netbeans\nbbuild\netbeans\ide\modules\slf4j-api.jar;C:\Project\github\javavscode\netbeans\nbbuild\netbeans\ide\modules\slf4j-jdk14.jar;C:\Project\github\javavscode\netbeans\nbbuild\netbeans\extide\modules\org-netbeans-modules-libs-gradle.jar;C:\Project\github\javavscode\netbeans\nbbuild\netbeans\java\modules\org-netbeans-modules-gradle-java.jar;C:\Project\github\javavscode\netbeans\nbbuild\build\testdist\unit\platform\org-openide-modules\tests.jar;C:\Project\github\javavscode\netbeans\nbbuild\netbeans\java\modules\org-netbeans-modules-java-lsp-server.jar;C:\Project\github\javavscode\netbeans\ide\c.google.gson\external\gson-2.8.9.jar;C:\Project\github\javavscode\netbeans\nbbuild\netbeans\platform\modules\net-java-html.jar;C:\Project\github\javavscode\netbeans\platform\net.java.html\external\net.java.html-1.8.1.jar;C:\Project\github\javavscode\netbeans\nbbuild\netbeans\platform\modules\net-java-html-boot.jar;C:\Project\github\javavscode\netbeans\platform\net.java.html.boot\external\net.java.html.boot-1.8.1.jar;C:\Project\github\javavscode\netbeans\nbbuild\netbeans\platform\modules\net-java-html-json.jar;C:\Project\github\javavscode\netbeans\platform\net.java.html.json\external\net.java.html.json-1.8.1.jar;C:\Project\github\javavscode\netbeans\nbbuild\netbeans\platform\modules\org-apache-commons-commons_io.jar;C:\Project\github\javavscode\netbeans\platform\o.apache.commons.commons_io\external\commons-io-2.15.1.jar;C:\Project\github\javavscode\netbeans\platform\o.apache.commons.codec\external\commons-codec-1.16.0.jar;C:\Project\github\javavscode\netbeans\platform\o.apache.commons.logging\external\commons-logging-1.3.0.jar;C:\Project\github\javavscode\netbeans\nbbuild\netbeans\platform\modules\org-apache-commons-lang3.jar;C:\Project\github\javavscode\netbeans\platform\o.apache.commons.lang3\external\commons-lang3-3.14.0.jar;C:\Project\github\javavscode\netbeans\nbbuild\netbeans\platform\modules\org-netbeans-api-htmlui.jar;C:\Project\github\javavscode\netbeans\nbbuild\netbeans\platform\modules\org-netbeans-html-ko4j.jar;C:\Project\github\javavscode\netbeans\platform\o.n.html.ko4j\external\ko4j-1.8.1.jar;C:\Project\github\javavscode\netbeans\nbbuild\netbeans\platform\modules\org-netbeans-html-xhr4j.jar;C:\Project\github\javavscode\netbeans\platform\o.n.html.xhr4j\external\xhr4j-1.8.1.jar;C:\Project\github\javavscode\netbeans\platform\libs.asm\external\asm-9.6.jar;C:\Project\github\javavscode\netbeans\platform\libs.asm\external\asm-tree-9.6.jar;C:\Project\github\javavscode\netbeans\platform\libs.asm\external\asm-commons-9.6.jar;C:\Project\github\javavscode\netbeans\nbbuild\netbeans\platform\modules\org-netbeans-html-presenters-spi.jar;C:\Project\github\javavscode\netbeans\platform\o.n.html.presenters.spi\external\generic-1.8.1.jar;C:\Project\github\javavscode\netbeans\nbbuild\netbeans\ide\modules\org-netbeans-libs-flexmark.jar;C:\Project\github\javavscode\netbeans\ide\libs.flexmark\external\flexmark-html2md-converter-0.64.8.jar;C:\Project\github\javavscode\netbeans\ide\libs.flexmark\external\jsoup-1.15.4.jar;C:\Project\github\javavscode\netbeans\ide\libs.flexmark\external\flexmark-util-ast-0.64.8.jar;C:\Project\github\javavscode\netbeans\ide\libs.flexmark\external\flexmark-util-builder-0.64.8.jar;C:\Project\github\javavscode\netbeans\ide\libs.flexmark\external\flexmark-util-collection-0.64.8.jar;C:\Project\github\javavscode\netbeans\ide\libs.flexmark\external\flexmark-util-data-0.64.8.jar;C:\Project\github\javavscode\netbeans\ide\libs.flexmark\external\flexmark-util-dependency-0.64.8.jar;C:\Project\github\javavscode\netbeans\ide\libs.flexmark\external\flexmark-util-format-0.64.8.jar;C:\Project\github\javavscode\netbeans\ide\libs.flexmark\external\flexmark-util-html-0.64.8.jar;C:\Project\github\javavscode\netbeans\ide\libs.flexmark\external\flexmark-util-misc-0.64.8.jar;C:\Project\github\javavscode\netbeans\ide\libs.flexmark\external\flexmark-util-sequence-0.64.8.jar;C:\Project\github\javavscode\netbeans\ide\libs.flexmark\external\flexmark-util-visitor-0.64.8.jar;C:\Project\github\javavscode\netbeans\ide\libs.flexmark\external\flexmark-ext-emoji-0.64.8.jar;C:\Project\github\javavscode\netbeans\ide\libs.flexmark\external\flexmark-ext-anchorlink-0.64.8.jar;C:\Project\github\javavscode\netbeans\ide\libs.flexmark\external\flexmark-ext-tables-0.64.8.jar;C:\Project\github\javavscode\netbeans\ide\libs.flexmark\external\flexmark-0.64.8.jar;C:\Project\github\javavscode\netbeans\ide\libs.flexmark\external\flexmark-ext-gfm-tasklist-0.64.8.jar;C:\Project\github\javavscode\netbeans\java\libs.javacapi\external\nb-javac-jdk-22+33-api.jar;C:\Project\github\javavscode\netbeans\java\libs.javacapi\external\nb-javac-jdk-22+33.jar;C:\Project\github\javavscode\netbeans\nbbuild\netbeans\ide\modules\org-netbeans-modules-csl-api.jar;C:\Project\github\javavscode\netbeans\ide\libs.lucene\external\lucene-core-3.6.2.jar;C:\Project\github\javavscode\netbeans\nbbuild\netbeans\ide\modules\org-netbeans-modules-csl-types.jar;C:\Project\github\javavscode\netbeans\nbbuild\netbeans\ide\modules\org-netbeans-modules-editor-breadcrumbs.jar;C:\Project\github\javavscode\netbeans\nbbuild\netbeans\ide\modules\org-netbeans-modules-editor-codetemplates.jar;C:\Project\github\javavscode\netbeans\nbbuild\netbeans\ide\modules\org-netbeans-modules-editor-completion.jar;C:\Project\github\javavscode\netbeans\nbbuild\netbeans\ide\modules\org-netbeans-modules-db.jar;C:\Project\github\javavscode\netbeans\nbbuild\netbeans\ide\modules\ext\ddl.jar;C:\Project\github\javavscode\netbeans\nbbuild\netbeans\ide\modules\org-netbeans-core-ide.jar;C:\Project\github\javavscode\netbeans\nbbuild\netbeans\ide\modules\org-netbeans-modules-db-metadata-model.jar;C:\Project\github\javavscode\netbeans\nbbuild\netbeans\platform\modules\org-netbeans-modules-javahelp.jar;C:\Project\github\javavscode\netbeans\platform\javahelp\external\jhall-2.0_05.jar;C:\Project\github\javavscode\netbeans\nbbuild\netbeans\java\modules\org-netbeans-modules-debugger-jpda-truffle.jar;C:\Project\github\javavscode\netbeans\nbbuild\netbeans\java\modules\org-netbeans-modules-debugger-jpda.jar;C:\Project\github\javavscode\netbeans\nbbuild\netbeans\java\modules\org-netbeans-modules-debugger-jpda-ui.jar;C:\Project\github\javavscode\netbeans\nbbuild\netbeans\platform\modules\ext\updater.jar;C:\Project\github\javavscode\netbeans\nbbuild\netbeans\java\modules\org-netbeans-spi-debugger-jpda-ui.jar;C:\Project\github\javavscode\netbeans\nbbuild\netbeans\ide\modules\org-netbeans-spi-viewmodel.jar;C:\Project\github\javavscode\netbeans\nbbuild\netbeans\ide\modules\org-netbeans-spi-debugger-ui.jar;C:\Project\github\javavscode\netbeans\ide\o.apache.xml.resolver\external\resolver-1.2.jar;C:\Project\github\javavscode\netbeans\nbbuild\netbeans\ide\modules\org-netbeans-modules-javascript2-debug.jar;C:\Project\github\javavscode\netbeans\nbbuild\netbeans\ide\modules\ext\json-simple-1.1.1.jar;C:\Project\github\javavscode\netbeans\nbbuild\netbeans\ide\modules\org-netbeans-libs-graalsdk.jar;C:\Project\github\javavscode\netbeans\ide\libs.graalsdk\external\graal-sdk-20.3.0.jar;C:\Project\github\javavscode\netbeans\ide\libs.graalsdk\external\launcher-common-20.3.0.jar;C:\Project\github\javavscode\netbeans\nbbuild\netbeans\ide\modules\org-netbeans-libs-truffleapi.jar;C:\Project\github\javavscode\netbeans\ide\libs.truffleapi\external\truffle-api-20.3.0.jar;C:\Project\github\javavscode\netbeans\nbbuild\netbeans\ide\modules\org-netbeans-modules-gototest.jar;C:\Project\github\javavscode\netbeans\nbbuild\netbeans\java\modules\org-netbeans-modules-java-completion.jar;C:\Project\github\javavscode\netbeans\nbbuild\netbeans\java\modules\org-netbeans-modules-java-editor.jar;C:\Project\github\javavscode\netbeans\nbbuild\netbeans\ide\modules\org-netbeans-modules-editor-bracesmatching.jar;C:\Project\github\javavscode\netbeans\nbbuild\netbeans\java\modules\org-netbeans-modules-java-editor-base.jar;C:\Project\github\javavscode\netbeans\nbbuild\netbeans\java\modules\org-netbeans-modules-refactoring-java.jar;C:\Project\github\javavscode\netbeans\nbbuild\netbeans\java\modules\org-netbeans-modules-java-file-launcher.jar;C:\Project\github\javavscode\netbeans\nbbuild\netbeans\java\modules\org-netbeans-modules-whitelist.jar;C:\Project\github\javavscode\netbeans\nbbuild\netbeans\java\modules\org-netbeans-modules-libs-corba-omgapi.jar;C:\Project\github\javavscode\netbeans\nbbuild\netbeans\java\modules\ext\corba\omgapi\glassfish-corba-omgapi.jar;C:\Project\github\javavscode\netbeans\nbbuild\netbeans\java\modules\org-netbeans-modules-java-hints.jar;C:\Project\github\javavscode\netbeans\nbbuild\netbeans\java\modules\org-netbeans-modules-java-hints-legacy-spi.jar;C:\Project\github\javavscode\netbeans\nbbuild\netbeans\java\modules\org-netbeans-modules-java-nativeimage-debugger.jar;C:\Project\github\javavscode\netbeans\nbbuild\netbeans\ide\modules\org-netbeans-modules-nativeimage-api.jar;C:\Project\github\javavscode\netbeans\ide\c.google.guava\external\guava-32.1.2-jre.jar;C:\Project\github\javavscode\netbeans\java\java.lsp.server\external\org.eclipse.lsp4j.debug-0.13.0.jar;C:\Project\github\javavscode\netbeans\java\java.lsp.server\external\org.eclipse.xtend.lib.macro-2.24.0.jar;C:\Project\github\javavscode\netbeans\java\java.lsp.server\external\org.eclipse.lsp4j.generator-0.13.0.jar;C:\Project\github\javavscode\netbeans\java\java.lsp.server\external\org.eclipse.lsp4j.jsonrpc-0.13.0.jar;C:\Project\github\javavscode\netbeans\java\java.lsp.server\external\org.eclipse.lsp4j.jsonrpc.debug-0.13.0.jar;C:\Project\github\javavscode\netbeans\java\java.lsp.server\external\org.eclipse.xtend.lib-2.24.0.jar;C:\Project\github\javavscode\netbeans\java\java.lsp.server\external\org.eclipse.xtext.xbase.lib-2.24.0.jar;C:\Project\github\javavscode\netbeans\java\java.lsp.server\external\org.eclipse.lsp4j-0.13.0.jar;C:\Project\tools\apache-ant-1.10.14\lib\ant-launcher.jar;C:\Project\tools\apache-ant-1.10.14\lib\ant.jar;C:\Project\tools\apache-ant-1.10.14\lib\ant-junit.jar;C:\Project\tools\apache-ant-1.10.14\lib\ant-junit4.jar" />
    <property name="dlight.nativeexecution.nb.dir" value="C:\Project\github\javavscode\netbeans\nbbuild\netbeans/ide" />
    <property name="debugger.jpda.kit.dir" value="C:\Project\github\javavscode\netbeans\nbbuild\netbeans/java" />
    <property name="test.config.default.includes" value="**/*Test.class" />
    <property name="module.jar.verifylinkageignores" value="" />
    <property name="java/gradle.java.coverage.dir" value="C:\Project\github\javavscode\netbeans\nbbuild\netbeans/java" />
    <property name="editor.document.dir" value="C:\Project\github\javavscode\netbeans\nbbuild\netbeans/ide" />
    <property name="cluster.config" value="release" />
    <property name="cordova.platforms.dir" value="C:\Project\github\javavscode\netbeans\nbbuild\netbeans/webcommon" />
    <property name="module.build.started.time" value="2024-05-28T18:58:54.174+0530" />
    <property name="ant.file.type.java/java.lsp.server" value="file" />
    <property name="ant.file.binaries-default-properties" value="C:\Project\github\javavscode\netbeans\nbbuild\binaries-default-properties.xml" />
    <property name="websvc.saas.codegen.j2ee.dir" value="C:\Project\github\javavscode\netbeans\nbbuild\netbeans/enterprise" />
    <property name="nb.cluster.apisupport.depends" value="nb.cluster.java,nb.cluster.ide,nb.cluster.extide,nb.cluster.platform,nb.cluster.harness" />
    <property name="ant.file.default-properties" value="C:\Project\github\javavscode\netbeans\nbbuild\default-properties.xml" />
    <property name="subversion.dir" value="C:\Project\github\javavscode\netbeans\nbbuild\netbeans/ide" />
    <property name="java/java.hints.legacy.spi.dir" value="C:\Project\github\javavscode\netbeans\nbbuild\netbeans/java" />
    <property name="javascript2.editor.dir" value="C:\Project\github\javavscode\netbeans\nbbuild\netbeans/webcommon" />
    <property name="websvc.saas.kit.dir" value="C:\Project\github\javavscode\netbeans\nbbuild\netbeans/websvccommon" />
    <property name="uihandler.exceptionreporter.dir" value="C:\Project\github\javavscode\netbeans\nbbuild\netbeans/nb" />
    <property name="autoupdate.pluginimporter.dir" value="C:\Project\github\javavscode\netbeans\nbbuild\netbeans/nb" />
    <property name="netbinox.dir" value="C:\Project\github\javavscode\netbeans\nbbuild\netbeans/platform" />
    <property name="htmlui.dir" value="C:\Project\github\javavscode\netbeans\nbbuild\netbeans/platform" />
    <property name="TSTAMP" value="1858" />
    <property name="xsl.dir" value="C:\Project\github\javavscode\netbeans\nbbuild\netbeans/ide" />
    <property name="enterprise/websvc.manager.dir" value="C:\Project\github\javavscode\netbeans\nbbuild\netbeans/enterprise" />
    <property name="php/php.dbgp.dir" value="C:\Project\github\javavscode\netbeans\nbbuild\netbeans/php" />
    <property name="enterprise/j2ee.dd.dir" value="C:\Project\github\javavscode\netbeans\nbbuild\netbeans/enterprise" />
    <property name="nbjdk.home" value="C:\Project\JDK\jdk-17" />
    <property name="selenium2.server.dir" value="C:\Project\github\javavscode\netbeans\nbbuild\netbeans/ide" />
    <property name="cordova.dir" value="C:\Project\github\javavscode\netbeans\nbbuild\netbeans/webcommon" />
    <property name="o.apache.commons.codec.dir" value="C:\Project\github\javavscode\netbeans\nbbuild\netbeans/platform" />
    <property name="javascript.cdnjs.dir" value="C:\Project\github\javavscode\netbeans\nbbuild\netbeans/webcommon" />
    <property name="platform/core.osgi.dir" value="C:\Project\github\javavscode\netbeans\nbbuild\netbeans/platform" />
    <property name="extra/libs.javafx.macosx.dir" value="C:\Project\github\javavscode\netbeans\nbbuild\netbeans/extra" />
    <property name="ant.file.type.projectized" value="file" />
    <property name="spi.debugger.ui.dir" value="C:\Project\github\javavscode\netbeans\nbbuild\netbeans/ide" />
    <property name="java.lsp.server.dir" value="C:\Project\github\javavscode\netbeans\nbbuild\netbeans/java" />
    <property name="profiler.options.dir" value="C:\Project\github\javavscode\netbeans\nbbuild\netbeans/profiler" />
    <property name="libs.jstestdriver.dir" value="C:\Project\github\javavscode\netbeans\nbbuild\netbeans/webcommon" />
    <property name="enterprise/j2ee.dd.webservice.dir" value="C:\Project\github\javavscode\netbeans\nbbuild\netbeans/enterprise" />
    <property name="user.dir" value="C:\Project\github\javavscode\netbeans" />
    <property name="css.editor.dir" value="C:\Project\github\javavscode\netbeans\nbbuild\netbeans/ide" />
    <property name="api.scripting.dir" value="C:\Project\github\javavscode\netbeans\nbbuild\netbeans/platform" />
    <property name="java/form.kit.dir" value="C:\Project\github\javavscode\netbeans\nbbuild\netbeans/java" />
    <property name="o.eclipse.mylyn.commons.repositories.core.dir" value="C:\Project\github\javavscode\netbeans\nbbuild\netbeans/ide" />
    <property name="websvc.saas.codegen.php.dir" value="C:\Project\github\javavscode\netbeans\nbbuild\netbeans/php" />
    <property name="ide/libs.ini4j.dir" value="C:\Project\github\javavscode\netbeans\nbbuild\netbeans/ide" />
    <property name="maven.apisupport.dir" value="C:\Project\github\javavscode\netbeans\nbbuild\netbeans/apisupport" />
    <property name="extra.test.libs.dir" value="C:\Project\github\javavscode\netbeans\nbbuild\build\testdist\extralibs" />
    <property name="php/php.twig.dir" value="C:\Project\github\javavscode\netbeans\nbbuild\netbeans/php" />
    <property name="options.keymap.dir" value="C:\Project\github\javavscode\netbeans\nbbuild\netbeans/platform" />
    <property name="ide/xml.catalog.ui.dir" value="C:\Project\github\javavscode\netbeans\nbbuild\netbeans/ide" />
    <property name="apple.awt.UIElement" value="true" />
    <property name="hudson.SHLVL" value="1" />
    <property name="java.kit.dir" value="C:\Project\github\javavscode\netbeans\nbbuild\netbeans/java" />
    <property name="enterprise/jakarta.transformer.dir" value="C:\Project\github\javavscode\netbeans\nbbuild\netbeans/enterprise" />
    <property name="ide/c.googlecode.javaewah.JavaEWAH.dir" value="C:\Project\github\javavscode\netbeans\nbbuild\netbeans/ide" />
    <property name="enterprise/websvc.jaxwsapi.dir" value="C:\Project\github\javavscode\netbeans\nbbuild\netbeans/enterprise" />
    <property name="java/languages.antlr.dir" value="C:\Project\github\javavscode\netbeans\nbbuild\netbeans/java" />
    <property name="ide/javascript2.debug.ui.dir" value="C:\Project\github\javavscode\netbeans\nbbuild\netbeans/ide" />
    <property name="enterprise/websvc.metro.lib.dir" value="C:\Project\github\javavscode\netbeans\nbbuild\netbeans/enterprise" />
    <property name="ide/diff.dir" value="C:\Project\github\javavscode\netbeans\nbbuild\netbeans/ide" />
    <property name="groovy/maven.groovy.dir" value="C:\Project\github\javavscode\netbeans\nbbuild\netbeans/groovy" />
    <property name="ide/dlight.nativeexecution.dir" value="C:\Project\github\javavscode\netbeans\nbbuild\netbeans/ide" />
    <property name="c.google.guava.dir" value="C:\Project\github\javavscode\netbeans\nbbuild\netbeans/ide" />
    <property name="ide/git.dir" value="C:\Project\github\javavscode\netbeans\nbbuild\netbeans/ide" />
    <property name="editor.settings.dir" value="C:\Project\github\javavscode\netbeans\nbbuild\netbeans/ide" />
    <property name="ide/slf4j.jdk14.dir" value="C:\Project\github\javavscode\netbeans\nbbuild\netbeans/ide" />
    <property name="platform/templates.dir" value="C:\Project\github\javavscode\netbeans\nbbuild\netbeans/platform" />
    <property name="ide/css.model.dir" value="C:\Project\github\javavscode\netbeans\nbbuild\netbeans/ide" />
    <property name="localhistory.dir" value="C:\Project\github\javavscode\netbeans\nbbuild\netbeans/ide" />
    <property name="ide/spi.tasklist.dir" value="C:\Project\github\javavscode\netbeans\nbbuild\netbeans/ide" />
    <property name="html.dir" value="C:\Project\github\javavscode\netbeans\nbbuild\netbeans/ide" />
    <property name="profiler.attach.dir" value="C:\Project\github\javavscode\netbeans\nbbuild\netbeans/profiler" />
    <property name="sun.java.command" value="org.apache.tools.ant.taskdefs.optional.junit.JUnitTestRunner org.netbeans.modules.java.lsp.server.protocol.ServerTest skipNonTests=false filtertrace=true haltOnError=false haltOnFailure=false showoutput=true outputtoformatters=true logfailedtests=true threadid=0 logtestlistenerevents=false formatter=org.apache.tools.ant.taskdefs.optional.junit.BriefJUnitResultFormatter formatter=org.apache.tools.ant.taskdefs.optional.junit.XMLJUnitResultFormatter,C:\Project\github\javavscode\netbeans\java\java.lsp.server\build\test\unit\results\TEST-org.netbeans.modules.java.lsp.server.protocol.ServerTest.xml crashfile=C:\Project\github\javavscode\netbeans\java\java.lsp.server\build\test\unit\results\junitvmwatcher18171731739357726191.properties propsfile=C:\Project\github\javavscode\netbeans\java\java.lsp.server\build\test\unit\results\junit205922140746849994.properties" />
    <property name="dlight.nativeexecution.dir" value="C:\Project\github\javavscode\netbeans\nbbuild\netbeans/ide" />
    <property name="editor.kit.dir" value="C:\Project\github\javavscode\netbeans\nbbuild\netbeans/ide" />
    <property name="enterprise/web.primefaces.dir" value="C:\Project\github\javavscode\netbeans\nbbuild\netbeans/enterprise" />
    <property name="jdk.debug" value="release" />
    <property name="groovy/groovy.debug.dir" value="C:\Project\github\javavscode\netbeans\nbbuild\netbeans/groovy" />
    <property name="spi.editor.hints.projects.dir" value="C:\Project\github\javavscode\netbeans\nbbuild\netbeans/ide" />
    <property name="test.qa-functional.out.folder" value="C:\Project\github\javavscode\netbeans\nbbuild\build\testdist\qa-functional\java\org-netbeans-modules-java-lsp-server" />
    <property name="hudson.APPDATA" value="C:\Users\ARSAPRE\AppData\Roaming" />
    <property name="java/j2ee.persistenceapi.dir" value="C:\Project\github\javavscode\netbeans\nbbuild\netbeans/java" />
    <property name="enterprise/javaee.resources.dir" value="C:\Project\github\javavscode\netbeans\nbbuild\netbeans/enterprise" />
    <property name="basedir" value="C:\Project\github\javavscode\netbeans\java\java.lsp.server" />
    <property name="profiler.projectsupport.dir" value="C:\Project\github\javavscode\netbeans\nbbuild\netbeans/profiler" />
    <property name="ide/localhistory.dir" value="C:\Project\github\javavscode\netbeans\nbbuild\netbeans/ide" />
    <property name="payara.jakartaee.dir" value="C:\Project\github\javavscode\netbeans\nbbuild\netbeans/enterprise" />
    <property name="projectuiapi.dir" value="C:\Project\github\javavscode\netbeans\nbbuild\netbeans/ide" />
    <property name="ide/projectui.buildmenu.dir" value="C:\Project\github\javavscode\netbeans\nbbuild\netbeans/ide" />
    <property name="java/java.j2sedeploy.dir" value="C:\Project\github\javavscode\netbeans\nbbuild\netbeans/java" />
    <property name="hudson.ORIGINAL_TMP" value="C:/Users/ARSAPRE/AppData/Local/Temp" />
    <property name="openide.filesystems.compat8.dir" value="C:\Project\github\javavscode\netbeans\nbbuild\netbeans/platform" />
    <property name="selenium2.webclient.protractor.dir" value="C:\Project\github\javavscode\netbeans\nbbuild\netbeans/webcommon" />
    <property name="glassfish.common.dir" value="C:\Project\github\javavscode\netbeans\nbbuild\netbeans/enterprise" />
    <property name="harness/o.n.insane.dir" value="C:\Project\github\javavscode\netbeans\nbbuild\netbeans/harness" />
    <property name="clusters.config.php.list" value="nb.cluster.harness,nb.cluster.bootstrap,nb.cluster.platform,nb.cluster.ide,nb.cluster.extide,nb.cluster.webcommon,nb.cluster.php,nb.cluster.websvccommon,nb.cluster.nb" />
    <property name="libs.nbi.engine.dir" value="C:\Project\github\javavscode\netbeans\nbbuild\netbeans/harness" />
    <property name="java.runtime.version" value="17+35-LTS-2724" />
    <property name="java/debugger.jpda.trufflenode.dir" value="C:\Project\github\javavscode\netbeans\nbbuild\netbeans/java" />
    <property name="ide/core.multitabs.project.dir" value="C:\Project\github\javavscode\netbeans\nbbuild\netbeans/ide" />
    <property name="o.eclipse.jgit.gpg.bc.dir" value="C:\Project\github\javavscode\netbeans\nbbuild\netbeans/ide" />
    <property name="projectapi.dir" value="C:\Project\github\javavscode\netbeans\nbbuild\netbeans/ide" />
    <property name="sendopts.dir" value="C:\Project\github\javavscode\netbeans\nbbuild\netbeans/platform" />
    <property name="ide/spi.debugger.ui.dir" value="C:\Project\github\javavscode\netbeans\nbbuild\netbeans/ide" />
    <property name="versioning.system.cvss.installer.dir" value="C:\Project\github\javavscode\netbeans\nbbuild\netbeans/ide" />
    <property name="java/j2ee.persistence.dir" value="C:\Project\github\javavscode\netbeans\nbbuild\netbeans/java" />
    <property name="dlight.terminal.dir" value="C:\Project\github\javavscode\netbeans\nbbuild\netbeans/ide" />
    <property name="java/lib.nbjavac.dir" value="C:\Project\github\javavscode\netbeans\nbbuild\netbeans/java" />
    <property name="code.name.base.slashes" value="org/netbeans/modules/java/lsp/server" />
    <property name="java/gradle.dependencies.dir" value="C:\Project\github\javavscode\netbeans\nbbuild\netbeans/java" />
    <property name="java.io.tmpdir" value="C:\Users\ARSAPRE\AppData\Local\Temp\" />
    <property name="schema2beans.dir" value="C:\Project\github\javavscode\netbeans\nbbuild\netbeans/ide" />
    <property name="parsing.nb.dir" value="C:\Project\github\javavscode\netbeans\nbbuild\netbeans/ide" />
    <property name="team.ide.dir" value="C:\Project\github\javavscode\netbeans\nbbuild\netbeans/ide" />
    <property name="ide/o.eclipse.mylyn.wikitext.confluence.core.dir" value="C:\Project\github\javavscode\netbeans\nbbuild\netbeans/ide" />
    <property name="java.vm.specification.name" value="Java Virtual Machine Specification" />
    <property name="profiler.heapwalker.dir" value="C:\Project\github\javavscode\netbeans\nbbuild\netbeans/profiler" />
    <property name="timers.dir" value="C:\Project\github\javavscode\netbeans\nbbuild\netbeans/apisupport" />
    <property name="binaries.repos" value="https://repo.maven.apache.org/maven2/" />
    <property name="ide/editor.dir" value="C:\Project\github\javavscode\netbeans\nbbuild\netbeans/ide" />
    <property name="java/ant.grammar.dir" value="C:\Project\github\javavscode\netbeans\nbbuild\netbeans/java" />
    <property name="java.library.path" value="C:\Project\JDK\jdk-17\bin;C:\WINDOWS\Sun\Java\bin;C:\WINDOWS\system32;C:\WINDOWS;C:\Project\JDK\jdk-11\bin;C:\cygwin64\home\ARSAPRE\tools\bin;C:\Python27;C:\Users\ARSAPRE\bin;C:\Program Files\Git\mingw64\bin;C:\Program Files\Git\usr\local\bin;C:\Program Files\Git\usr\bin;C:\Program Files\Git\usr\bin;C:\Program Files\Git\mingw64\bin;C:\Program Files\Git\usr\bin;C:\Users\ARSAPRE\bin;C:\Program Files\Common Files\Oracle\Java\javapath;C:\WINDOWS\system32;C:\WINDOWS;C:\WINDOWS\System32\Wbem;C:\WINDOWS\System32\WindowsPowerShell\v1.0;C:\WINDOWS\System32\OpenSSH;C:\Program Files\PuTTY;C:\Program Files\Git\cmd;C:\Program Files\Microsoft VS Code\bin;C:\Project\tools\apache-ant-1.10.14\bin;C:\Project\tools\apache-maven-3.9.5\bin;C:\Program Files\dotnet;C:\Users\ARSAPRE\AppData\Local\Microsoft\WindowsApps;C:\Program Files\Git\usr\bin\vendor_perl;C:\Program Files\Git\usr\bin\core_perl;." />
    <property name="java.vendor" value="Oracle Corporation" />
    <property name="web.inspect.dir" value="C:\Project\github\javavscode\netbeans\nbbuild\netbeans/webcommon" />
    <property name="tasklist.todo.dir" value="C:\Project\github\javavscode\netbeans\nbbuild\netbeans/ide" />
    <property name="ide/editor.autosave.dir" value="C:\Project\github\javavscode\netbeans\nbbuild\netbeans/ide" />
    <property name="ide/parsing.api.dir" value="C:\Project\github\javavscode\netbeans\nbbuild\netbeans/ide" />
    <property name="enterprise/payara.tooling.dir" value="C:\Project\github\javavscode\netbeans\nbbuild\netbeans/enterprise" />
    <property name="java/java.hints.dir" value="C:\Project\github\javavscode\netbeans\nbbuild\netbeans/java" />
    <property name="php/php.api.documentation.dir" value="C:\Project\github\javavscode\netbeans\nbbuild\netbeans/php" />
    <property name="platform/openide.execution.compat8.dir" value="C:\Project\github\javavscode\netbeans\nbbuild\netbeans/platform" />
    <property name="target.iterator.dir" value="C:\Project\github\javavscode\netbeans\nbbuild\netbeans/ide" />
    <property name="java/javaee.injection.dir" value="C:\Project\github\javavscode\netbeans\nbbuild\netbeans/java" />
    <property name="apisupport.installer.dir" value="C:\Project\github\javavscode\netbeans\nbbuild\netbeans/apisupport" />
    <property name="ide/html.custom.dir" value="C:\Project\github\javavscode\netbeans\nbbuild\netbeans/ide" />
    <property name="xml.lexer.dir" value="C:\Project\github\javavscode\netbeans\nbbuild\netbeans/ide" />
    <property name="jar-excludes" value="**/*.java,**/*.form,**/package.html,**/doc-files/" />
    <property name="websvccommon/websvc.saas.codegen.dir" value="C:\Project\github\javavscode\netbeans\nbbuild\netbeans/websvccommon" />
    <property name="webcommon/javascript2.html.dir" value="C:\Project\github\javavscode\netbeans\nbbuild\netbeans/webcommon" />
    <property name="default.basedir" value="C:\Project\github\javavscode\netbeans\nbbuild" />
    <property name="gradle.java.dir" value="C:\Project\github\javavscode\netbeans\nbbuild\netbeans/java" />
    <property name="jms-compiler.flags" value=" -J--add-opens=jdk.compiler/com.sun.tools.javac.api=ALL-UNNAMED -J--add-opens=jdk.compiler/com.sun.tools.javac.code=ALL-UNNAMED -J--add-opens=jdk.compiler/com.sun.tools.javac.comp=ALL-UNNAMED -J--add-opens=jdk.compiler/com.sun.tools.javac.file=ALL-UNNAMED -J--add-opens=jdk.compiler/com.sun.tools.javac.jvm=ALL-UNNAMED -J--add-opens=jdk.compiler/com.sun.tools.javac.main=ALL-UNNAMED -J--add-opens=jdk.compiler/com.sun.tools.javac.model=ALL-UNNAMED -J--add-opens=jdk.compiler/com.sun.tools.javac.parser=ALL-UNNAMED -J--add-opens=jdk.compiler/com.sun.tools.javac.processing=ALL-UNNAMED -J--add-opens=jdk.compiler/com.sun.tools.javac.tree=ALL-UNNAMED -J--add-opens=jdk.compiler/com.sun.tools.javac.util=ALL-UNNAMED -J--add-exports=jdk.compiler/com.sun.tools.javac.api=ALL-UNNAMED -J--add-exports=jdk.compiler/com.sun.tools.javac.code=ALL-UNNAMED -J--add-exports=jdk.compiler/com.sun.tools.javac.comp=ALL-UNNAMED -J--add-exports=jdk.compiler/com.sun.tools.javac.file=ALL-UNNAMED -J--add-exports=jdk.compiler/com.sun.tools.javac.jvm=ALL-UNNAMED -J--add-exports=jdk.compiler/com.sun.tools.javac.main=ALL-UNNAMED -J--add-exports=jdk.compiler/com.sun.tools.javac.model=ALL-UNNAMED -J--add-exports=jdk.compiler/com.sun.tools.javac.parser=ALL-UNNAMED -J--add-exports=jdk.compiler/com.sun.tools.javac.processing=ALL-UNNAMED -J--add-exports=jdk.compiler/com.sun.tools.javac.tree=ALL-UNNAMED -J--add-exports=jdk.compiler/com.sun.tools.javac.util=ALL-UNNAMED" />
    <property name="java/maven.checkstyle.dir" value="C:\Project\github\javavscode\netbeans\nbbuild\netbeans/java" />
    <property name="build.test.unit.dir" value="C:\Project\github\javavscode\netbeans\java\java.lsp.server\build\test\unit" />
    <property name="markdown.dir" value="C:\Project\github\javavscode\netbeans\nbbuild\netbeans/ide" />
    <property name="ide/parsing.indexing.dir" value="C:\Project\github\javavscode\netbeans\nbbuild\netbeans/ide" />
    <property name="o.eclipse.jgit.dir" value="C:\Project\github\javavscode\netbeans\nbbuild\netbeans/ide" />
    <property name="php.api.editor.dir" value="C:\Project\github\javavscode\netbeans\nbbuild\netbeans/php" />
    <property name="libs.asm.dir" value="C:\Project\github\javavscode\netbeans\nbbuild\netbeans/platform" />
    <property name="java/debugger.jpda.js.dir" value="C:\Project\github\javavscode\netbeans\nbbuild\netbeans/java" />
    <property name="platform/templatesui.dir" value="C:\Project\github\javavscode\netbeans\nbbuild\netbeans/platform" />
    <property name="libs.jstl.dir" value="C:\Project\github\javavscode\netbeans\nbbuild\netbeans/enterprise" />
    <property name="tasklist.kit.dir" value="C:\Project\github\javavscode\netbeans\nbbuild\netbeans/ide" />
    <property name="enterprise/web.monitor.dir" value="C:\Project\github\javavscode\netbeans\nbbuild\netbeans/enterprise" />
    <property name="versioning.dir" value="C:\Project\github\javavscode\netbeans\nbbuild\netbeans/ide" />
    <property name="profiler/profiler.attach.dir" value="C:\Project\github\javavscode\netbeans\nbbuild\netbeans/profiler" />
    <property name="netserver.dir" value="C:\Project\github\javavscode\netbeans\nbbuild\netbeans/webcommon" />
    <property name="libs.truffleapi.dir" value="C:\Project\github\javavscode\netbeans\nbbuild\netbeans/ide" />
    <property name="ide/c.google.gson.dir" value="C:\Project\github\javavscode\netbeans\nbbuild\netbeans/ide" />
    <property name="hudson.git.dir" value="C:\Project\github\javavscode\netbeans\nbbuild\netbeans/ide" />
    <property name="profiler.ppoints.dir" value="C:\Project\github\javavscode\netbeans\nbbuild\netbeans/profiler" />
    <property name="libs.jsch.agentproxy.dir" value="C:\Project\github\javavscode\netbeans\nbbuild\netbeans/ide" />
    <property name="jemmy.dir" value="C:\Project\github\javavscode\netbeans\nbbuild\netbeans/harness" />
    <property name="ide/versioning.system.cvss.installer.dir" value="C:\Project\github\javavscode\netbeans\nbbuild\netbeans/ide" />
    <property name="jakartaee8.platform.dir" value="C:\Project\github\javavscode\netbeans\nbbuild\netbeans/enterprise" />
    <property name="javascript2.json.dir" value="C:\Project\github\javavscode\netbeans\nbbuild\netbeans/webcommon" />
    <property name="j2eeapis.dir" value="C:\Project\github\javavscode\netbeans\nbbuild\netbeans/enterprise" />
    <property name="java/debugger.jpda.projects.dir" value="C:\Project\github\javavscode\netbeans\nbbuild\netbeans/java" />
    <property name="api.templates.dir" value="C:\Project\github\javavscode\netbeans\nbbuild\netbeans/platform" />
    <property name="hudson.HOSTNAME" value="ARSAPRE-7420" />
    <property name="terminal.nb.dir" value="C:\Project\github\javavscode\netbeans\nbbuild\netbeans/ide" />
    <property name="defaults.dir" value="C:\Project\github\javavscode\netbeans\nbbuild\netbeans/ide" />
    <property name="javafx/javafx2.scenebuilder.dir" value="C:\Project\github\javavscode\netbeans\nbbuild\netbeans/javafx" />
    <property name="java.security.manager" value="allow" />
    <property name="enterprise/web.core.dir" value="C:\Project\github\javavscode\netbeans\nbbuild\netbeans/enterprise" />
    <property name="webcommon/javascript2.kit.dir" value="C:\Project\github\javavscode\netbeans\nbbuild\netbeans/webcommon" />
    <property name="java/maven.junit.ui.dir" value="C:\Project\github\javavscode\netbeans\nbbuild\netbeans/java" />
    <property name="java/j2ee.core.utilities.dir" value="C:\Project\github\javavscode\netbeans\nbbuild\netbeans/java" />
    <property name="java.vm.name" value="Java HotSpot(TM) 64-Bit Server VM" />
    <property name="autoupdate.cli.dir" value="C:\Project\github\javavscode\netbeans\nbbuild\netbeans/platform" />
    <property name="properties.syntax.dir" value="C:\Project\github\javavscode\netbeans\nbbuild\netbeans/ide" />
    <property name="j2eeserver.dir" value="C:\Project\github\javavscode\netbeans\nbbuild\netbeans/enterprise" />
    <property name="java.completion.dir" value="C:\Project\github\javavscode\netbeans\nbbuild\netbeans/java" />
    <property name="hudson.HOMEPATH" value="\Users\ARSAPRE" />
    <property name="webcommon/javascript.gulp.dir" value="C:\Project\github\javavscode\netbeans\nbbuild\netbeans/webcommon" />
    <property name="buildnum" value="dev-20240528-unknown-revn" />
    <property name="j2ee.api.ejbmodule.dir" value="C:\Project\github\javavscode\netbeans\nbbuild\netbeans/enterprise" />
    <property name="os.arch" value="amd64" />
    <property name="websvc.jaxwsapi.dir" value="C:\Project\github\javavscode\netbeans\nbbuild\netbeans/enterprise" />
    <property name="java.source.ant.dir" value="C:\Project\github\javavscode\netbeans\nbbuild\netbeans/java" />
    <property name="o.apache.commons.logging.dir" value="C:\Project\github\javavscode\netbeans\nbbuild\netbeans/platform" />
    <property name="extide/gradle.editor.dir" value="C:\Project\github\javavscode\netbeans\nbbuild\netbeans/extide" />
    <property name="java/libs.javacapi.dir" value="C:\Project\github\javavscode\netbeans\nbbuild\netbeans/java" />
    <property name="java/lib.jshell.agent.dir" value="C:\Project\github\javavscode\netbeans\nbbuild\netbeans/java" />
    <property name="api.xml.ui.dir" value="C:\Project\github\javavscode\netbeans\nbbuild\netbeans/ide" />
    <property name="db.core.dir" value="C:\Project\github\javavscode\netbeans\nbbuild\netbeans/ide" />
    <property name="extexecution.dir" value="C:\Project\github\javavscode\netbeans\nbbuild\netbeans/ide" />
    <property name="nb.cluster.bootstrap" value="core.startup,core.startup.base,libs.asm,o.n.bootstrap,openide.filesystems,openide.modules,openide.util,openide.util.lookup,openide.util.ui" />
    <property name="ant.project.name" value="java/java.lsp.server" />
    <property name="hudson.=::" value="::\" />
    <property name="libs.gradle.dir" value="C:\Project\github\javavscode\netbeans\nbbuild\netbeans/extide" />
    <property name="php/php.atoum.dir" value="C:\Project\github\javavscode\netbeans\nbbuild\netbeans/php" />
    <property name="editor.plain.dir" value="C:\Project\github\javavscode\netbeans\nbbuild\netbeans/ide" />
    <property name="test.config.default.excludes" value="" />
    <property name="webcommon/cordova.platforms.dir" value="C:\Project\github\javavscode\netbeans\nbbuild\netbeans/webcommon" />
    <property name="platform/openide.windows.dir" value="C:\Project\github\javavscode\netbeans\nbbuild\netbeans/platform" />
    <property name="DSTAMP" value="20240528" />
    <property name="build.classes.dir.ml" value="C:\Project\github\javavscode\netbeans\java\java.lsp.server\build\ml\classes" />
    <property name="libs.plist.dir" value="C:\Project\github\javavscode\netbeans\nbbuild\netbeans/webcommon" />
    <property name="libs.groovy.dir" value="C:\Project\github\javavscode\netbeans\nbbuild\netbeans/groovy" />
    <property name="api.annotations.common.dir" value="C:\Project\github\javavscode\netbeans\nbbuild\netbeans/platform" />
    <property name="templatesui.dir" value="C:\Project\github\javavscode\netbeans\nbbuild\netbeans/platform" />
    <property name="o.eclipse.equinox.common.dir" value="C:\Project\github\javavscode\netbeans\nbbuild\netbeans/ide" />
    <property name="api.debugger.jpda.dir" value="C:\Project\github\javavscode\netbeans\nbbuild\netbeans/java" />
    <property name="hudson.USERDOMAIN" value="ARSAPRE-7420" />
    <property name="languages.go.dir" value="C:\Project\github\javavscode\netbeans\nbbuild\netbeans/ide" />
    <property name="db.mysql.dir" value="C:\Project\github\javavscode\netbeans\nbbuild\netbeans/ide" />
    <property name="java.vm.compressedOopsMode" value="32-bit" />
    <property name="ide/project.indexingbridge.dir" value="C:\Project\github\javavscode\netbeans\nbbuild\netbeans/ide" />
    <property name="webcommon/javascript2.nodejs.dir" value="C:\Project\github\javavscode\netbeans\nbbuild\netbeans/webcommon" />
    <property name="ide/db.dir" value="C:\Project\github\javavscode\netbeans\nbbuild\netbeans/ide" />
    <property name="javascript2.types.dir" value="C:\Project\github\javavscode\netbeans\nbbuild\netbeans/webcommon" />
    <property name="enterprise/j2ee.genericserver.dir" value="C:\Project\github\javavscode\netbeans\nbbuild\netbeans/enterprise" />
    <property name="java/testng.dir" value="C:\Project\github\javavscode\netbeans\nbbuild\netbeans/java" />
    <property name="lib.terminalemulator.dir" value="C:\Project\github\javavscode\netbeans\nbbuild\netbeans/ide" />
    <property name="cluster.path.final" value="C:\Project\github\javavscode\netbeans\nbbuild\netbeans\platform;C:\Project\github\javavscode\netbeans\nbbuild\netbeans\ide;C:\Project\github\javavscode\netbeans\nbbuild\netbeans\java;C:\Project\github\javavscode\netbeans\nbbuild\netbeans\apisupport;C:\Project\github\javavscode\netbeans\nbbuild\netbeans\enterprise;C:\Project\github\javavscode\netbeans\nbbuild\netbeans\ergonomics;C:\Project\github\javavscode\netbeans\nbbuild\netbeans\nb;C:\Project\github\javavscode\netbeans\nbbuild\netbeans\extra;C:\Project\github\javavscode\netbeans\nbbuild\netbeans\harness;C:\Project\github\javavscode\netbeans\nbbuild\netbeans\profiler;C:\Project\github\javavscode\netbeans\nbbuild\netbeans\php;C:\Project\github\javavscode\netbeans\nbbuild\netbeans\groovy;C:\Project\github\javavscode\netbeans\nbbuild\netbeans\identity;C:\Project\github\javavscode\netbeans\nbbuild\netbeans\cnd;C:\Project\github\javavscode\netbeans\nbbuild\netbeans\cndext;C:\Project\github\javavscode\netbeans\nbbuild\netbeans\rust;C:\Project\github\javavscode\netbeans\nbbuild\netbeans\cpplite;C:\Project\github\javavscode\netbeans\nbbuild\netbeans\dlight;C:\Project\github\javavscode\netbeans\nbbuild\netbeans\extide;C:\Project\github\javavscode\netbeans\nbbuild\netbeans\webcommon;C:\Project\github\javavscode\netbeans\nbbuild\netbeans\websvccommon;C:\Project\github\javavscode\netbeans\nbbuild\netbeans\javafx;C:\Project\github\javavscode\netbeans\nbbuild\netbeans\java" />
    <property name="ide/o.eclipse.jgit.gpg.bc.dir" value="C:\Project\github\javavscode\netbeans\nbbuild\netbeans/ide" />
    <property name="options.java.dir" value="C:\Project\github\javavscode\netbeans\nbbuild\netbeans/extide" />
    <property name="ant.file.type.default-properties" value="file" />
    <property name="hudson.MSYSTEM_CHOST" value="x86_64-w64-mingw32" />
    <property name="java/jellytools.java.dir" value="C:\Project\github\javavscode\netbeans\nbbuild\netbeans/java" />
    <property name="hudson.OS" value="Windows_NT" />
    <property name="api.knockout.dir" value="C:\Project\github\javavscode\netbeans\nbbuild\netbeans/webcommon" />
    <property name="platform/net.java.html.boot.fx.dir" value="C:\Project\github\javavscode\netbeans\nbbuild\netbeans/platform" />
    <property name="nb/autoupdate.pluginimporter.dir" value="C:\Project\github\javavscode\netbeans\nbbuild\netbeans/nb" />
    <property name="xml.text.obsolete90.dir" value="C:\Project\github\javavscode\netbeans\nbbuild\netbeans/ide" />
    <property name="java.lexer.dir" value="C:\Project\github\javavscode\netbeans\nbbuild\netbeans/java" />
    <property name="platform/options.api.dir" value="C:\Project\github\javavscode\netbeans\nbbuild\netbeans/platform" />
    <property name="ant.file.java/java.lsp.server" value="C:\Project\github\javavscode\netbeans\java\java.lsp.server\build.xml" />
    <property name="ide/utilities.dir" value="C:\Project\github\javavscode\netbeans\nbbuild\netbeans/ide" />
    <property name="nb.cluster.cndext.dir" value="cndext" />
    <property name="nb.cluster.bootstrap.depends" value="" />
    <property name="java/websvc.saas.codegen.java.dir" value="C:\Project\github\javavscode\netbeans\nbbuild\netbeans/java" />
    <property name="php/php.nette2.dir" value="C:\Project\github\javavscode\netbeans\nbbuild\netbeans/php" />
    <property name="hudson.WINDIR" value="C:\WINDOWS" />
    <property name="openide.explorer.dir" value="C:\Project\github\javavscode\netbeans\nbbuild\netbeans/platform" />
    <property name="sun.os.patch.level" value="" />
    <property name="java/java.platform.ui.dir" value="C:\Project\github\javavscode\netbeans\nbbuild\netbeans/java" />
    <property name="nb.cluster.cpplite.depends" value="nb.cluster.harness,nb.cluster.platform,nb.cluster.ide" />
    <property name="o.eclipse.mylyn.wikitext.core.dir" value="C:\Project\github\javavscode\netbeans\nbbuild\netbeans/ide" />
    <property name="java/spellchecker.bindings.java.dir" value="C:\Project\github\javavscode\netbeans\nbbuild\netbeans/java" />
    <property name="platform/net.java.html.sound.dir" value="C:\Project\github\javavscode\netbeans\nbbuild\netbeans/platform" />
    <property name="project.ant.ui.dir" value="C:\Project\github\javavscode\netbeans\nbbuild\netbeans/ide" />
    <property name="enterprise/maven.jaxws.dir" value="C:\Project\github\javavscode\netbeans\nbbuild\netbeans/enterprise" />
    <property name="profiler/profiler.utilities.dir" value="C:\Project\github\javavscode\netbeans\nbbuild\netbeans/profiler" />
    <property name="metabuild.jms-flags.jvm" value="--add-opens=java.base/java.net=ALL-UNNAMED --add-opens=java.base/java.lang.ref=ALL-UNNAMED --add-opens=java.base/java.lang=ALL-UNNAMED --add-opens=java.base/java.security=ALL-UNNAMED --add-opens=java.base/java.util=ALL-UNNAMED --add-opens=java.base/java.nio=ALL-UNNAMED --add-exports=java.base/sun.reflect.annotation=ALL-UNNAMED --add-opens=java.prefs/java.util.prefs=ALL-UNNAMED --add-opens=java.desktop/javax.swing.plaf.basic=ALL-UNNAMED --add-opens=java.desktop/javax.swing.text=ALL-UNNAMED --add-opens=java.desktop/javax.swing=ALL-UNNAMED --add-opens=java.desktop/java.awt=ALL-UNNAMED --add-opens=java.desktop/java.awt.event=ALL-UNNAMED --add-opens=java.desktop/sun.awt.X11=ALL-UNNAMED --add-opens=java.desktop/javax.swing.plaf.synth=ALL-UNNAMED --add-opens=java.desktop/com.sun.java.swing.plaf.gtk=ALL-UNNAMED --add-opens=java.desktop/com.sun.java.swing.plaf.windows=ALL-UNNAMED --add-opens=java.desktop/com.apple.laf=ALL-UNNAMED --add-opens=java.desktop/sun.awt.shell=ALL-UNNAMED --add-opens=java.desktop/sun.awt.im=ALL-UNNAMED --add-exports=java.desktop/sun.awt=ALL-UNNAMED --add-exports=java.desktop/java.awt.peer=ALL-UNNAMED --add-exports=java.desktop/com.sun.beans.editors=ALL-UNNAMED --add-exports=java.desktop/sun.swing=ALL-UNNAMED --add-exports=java.desktop/sun.awt.im=ALL-UNNAMED --add-exports=java.desktop/com.sun.java.swing.plaf.motif=ALL-UNNAMED --add-exports=java.desktop/com.apple.eio=ALL-UNNAMED --add-opens=jdk.compiler/com.sun.tools.javac.api=ALL-UNNAMED --add-opens=jdk.compiler/com.sun.tools.javac.code=ALL-UNNAMED --add-opens=jdk.compiler/com.sun.tools.javac.comp=ALL-UNNAMED --add-opens=jdk.compiler/com.sun.tools.javac.file=ALL-UNNAMED --add-opens=jdk.compiler/com.sun.tools.javac.jvm=ALL-UNNAMED --add-opens=jdk.compiler/com.sun.tools.javac.main=ALL-UNNAMED --add-opens=jdk.compiler/com.sun.tools.javac.model=ALL-UNNAMED --add-opens=jdk.compiler/com.sun.tools.javac.parser=ALL-UNNAMED --add-opens=jdk.compiler/com.sun.tools.javac.processing=ALL-UNNAMED --add-opens=jdk.compiler/com.sun.tools.javac.tree=ALL-UNNAMED --add-opens=jdk.compiler/com.sun.tools.javac.util=ALL-UNNAMED --add-exports=jdk.compiler/com.sun.tools.javac.api=ALL-UNNAMED --add-exports=jdk.compiler/com.sun.tools.javac.code=ALL-UNNAMED --add-exports=jdk.compiler/com.sun.tools.javac.comp=ALL-UNNAMED --add-exports=jdk.compiler/com.sun.tools.javac.file=ALL-UNNAMED --add-exports=jdk.compiler/com.sun.tools.javac.jvm=ALL-UNNAMED --add-exports=jdk.compiler/com.sun.tools.javac.main=ALL-UNNAMED --add-exports=jdk.compiler/com.sun.tools.javac.model=ALL-UNNAMED --add-exports=jdk.compiler/com.sun.tools.javac.parser=ALL-UNNAMED --add-exports=jdk.compiler/com.sun.tools.javac.processing=ALL-UNNAMED --add-exports=jdk.compiler/com.sun.tools.javac.tree=ALL-UNNAMED --add-exports=jdk.compiler/com.sun.tools.javac.util=ALL-UNNAMED " />
    <property name="platform/libs.testng.dir" value="C:\Project\github\javavscode\netbeans\nbbuild\netbeans/platform" />
    <property name="nb.cluster.webcommon.depends" value="nb.cluster.ide,nb.cluster.extide,nb.cluster.platform" />
    <property name="php.project.dir" value="C:\Project\github\javavscode\netbeans\nbbuild\netbeans/php" />
    <property name="hg.id" value="unknown-revn" />
    <property name="core.nativeaccess.dir" value="C:\Project\github\javavscode\netbeans\nbbuild\netbeans/platform" />
    <property name="hudson.SYSTEMDRIVE" value="C:" />
    <property name="platform/netbinox.dir" value="C:\Project\github\javavscode\netbeans\nbbuild\netbeans/platform" />
    <property name="beans.dir" value="C:\Project\github\javavscode\netbeans\nbbuild\netbeans/java" />
    <property name="editor.mimelookup.impl.dir" value="C:\Project\github\javavscode\netbeans\nbbuild\netbeans/platform" />
    <property name="ide/editor.breadcrumbs.dir" value="C:\Project\github\javavscode\netbeans\nbbuild\netbeans/ide" />
    <property name="html.parser.dir" value="C:\Project\github\javavscode\netbeans\nbbuild\netbeans/ide" />
    <property name="php/php.doctrine2.dir" value="C:\Project\github\javavscode\netbeans\nbbuild\netbeans/php" />
    <property name="ide/o.eclipse.mylyn.commons.repositories.core.dir" value="C:\Project\github\javavscode\netbeans\nbbuild\netbeans/ide" />
    <property name="websvc.saas.codegen.dir" value="C:\Project\github\javavscode\netbeans\nbbuild\netbeans/websvccommon" />
    <property name="editor.settings.storage.dir" value="C:\Project\github\javavscode\netbeans\nbbuild\netbeans/ide" />
    <property name="nb.cluster.platform.dir" value="platform" />
    <property name="ant.file.type.binaries-default-properties" value="file" />
    <property name="web.clientproject.dir" value="C:\Project\github\javavscode\netbeans\nbbuild\netbeans/webcommon" />
    <property name="groovy.samples.dir" value="C:\Project\github\javavscode\netbeans\nbbuild\netbeans/groovy" />
    <property name="hudson.EFC_26456" value="1" />
    <property name="languages.yaml.dir" value="C:\Project\github\javavscode\netbeans\nbbuild\netbeans/ide" />
    <property name="mercurial.dir" value="C:\Project\github\javavscode\netbeans\nbbuild\netbeans/ide" />
    <property name="ide/editor.lib2.dir" value="C:\Project\github\javavscode\netbeans\nbbuild\netbeans/ide" />
    <property name="clusters.config.identity.list" value="nb.cluster.harness,nb.cluster.bootstrap,nb.cluster.platform,nb.cluster.ide,nb.cluster.extide,nb.cluster.websvccommon,nb.cluster.java,nb.cluster.javafx,nb.cluster.profiler,nb.cluster.3rdparty,nb.cluster.nb,nb.cluster.webcommon,nb.cluster.enterprise,nb.cluster.identity" />
    <property name="ide/lexer.dir" value="C:\Project\github\javavscode\netbeans\nbbuild\netbeans/ide" />
    <property name="ide/libs.graalsdk.system.dir" value="C:\Project\github\javavscode\netbeans\nbbuild\netbeans/ide" />
    <property name="java/j2ee.jpa.verification.dir" value="C:\Project\github\javavscode\netbeans\nbbuild\netbeans/java" />
    <property name="asm.jar" value="C:\Project\github\javavscode\netbeans\nbbuild\netbeans\platform\core\asm-9.6.jar" />
    <property name="o.apache.ws.commons.util.dir" value="C:\Project\github\javavscode\netbeans\nbbuild\netbeans/ide" />
    <property name="-nb.build.dir-default" value="C:\Project\github\javavscode\netbeans\nbbuild\build" />
    <property name="libs.lucene.dir" value="C:\Project\github\javavscode\netbeans\nbbuild\netbeans/ide" />
    <property name="profiler/profiler.heapwalker.dir" value="C:\Project\github\javavscode\netbeans\nbbuild\netbeans/profiler" />
    <property name="hudson.ENV_TOOLS_DIR" value="C:/cygwin64/home/ARSAPRE/tools" />
    <property name="php.zend2.dir" value="C:\Project\github\javavscode\netbeans\nbbuild\netbeans/php" />
    <property name="ide/servletapi.dir" value="C:\Project\github\javavscode\netbeans\nbbuild\netbeans/ide" />
    <property name="test.unit.folder" value="C:\Project\github\javavscode\netbeans\nbbuild\build\testdist/unit/java/org-netbeans-modules-java-lsp-server" />
    <property name="ide.branding.kit.dir" value="C:\Project\github\javavscode\netbeans\nbbuild\netbeans/nb" />
    <property name="ide/o.eclipse.jgit.dir" value="C:\Project\github\javavscode\netbeans\nbbuild\netbeans/ide" />
    <property name="java.editor.base.dir" value="C:\Project\github\javavscode\netbeans\nbbuild\netbeans/java" />
    <property name="notifications.dir" value="C:\Project\github\javavscode\netbeans\nbbuild\netbeans/ide" />
    <property name="locmakenbm.brands" value="" />
    <property name="hudson.TERM_PROGRAM" value="mintty" />
    <property name="maven.junit.dir" value="C:\Project\github\javavscode\netbeans\nbbuild\netbeans/java" />
    <property name="nb_all" value="C:\Project\github\javavscode\netbeans" />
    <property name="javascript2.html.dir" value="C:\Project\github\javavscode\netbeans\nbbuild\netbeans/webcommon" />
    <property name="platform/api.intent.dir" value="C:\Project\github\javavscode\netbeans\nbbuild\netbeans/platform" />
    <property name="maven.osgi.dir" value="C:\Project\github\javavscode\netbeans\nbbuild\netbeans/java" />
    <property name="ide/extexecution.process.jdk9.dir" value="C:\Project\github\javavscode\netbeans\nbbuild\netbeans/ide" />
    <property name="groovy.kit.dir" value="C:\Project\github\javavscode\netbeans\nbbuild\netbeans/groovy" />
    <property name="platform/openide.awt.dir" value="C:\Project\github\javavscode\netbeans\nbbuild\netbeans/platform" />
    <property name="gsf.testrunner.dir" value="C:\Project\github\javavscode\netbeans\nbbuild\netbeans/ide" />
    <property name="platform/openide.util.lookup.dir" value="C:\Project\github\javavscode\netbeans\nbbuild\netbeans/platform" />
    <property name="ide/xml.core.dir" value="C:\Project\github\javavscode\netbeans\nbbuild\netbeans/ide" />
    <property name="ide/o.eclipse.equinox.security.dir" value="C:\Project\github\javavscode\netbeans\nbbuild\netbeans/ide" />
    <property name="editor.settings.lib.dir" value="C:\Project\github\javavscode\netbeans\nbbuild\netbeans/ide" />
    <property name="options.api.dir" value="C:\Project\github\javavscode\netbeans\nbbuild\netbeans/platform" />
    <property name="groovy/groovy.support.dir" value="C:\Project\github\javavscode\netbeans\nbbuild\netbeans/groovy" />
    <property name="ide/core.ide.dir" value="C:\Project\github\javavscode\netbeans\nbbuild\netbeans/ide" />
    <property name="libs.javafx.macosx.aarch64.dir" value="C:\Project\github\javavscode\netbeans\nbbuild\netbeans/extra" />
    <property name="languages.neon.dir" value="C:\Project\github\javavscode\netbeans\nbbuild\netbeans/php" />
    <property name="java/java.testrunner.ant.dir" value="C:\Project\github\javavscode\netbeans\nbbuild\netbeans/java" />
    <property name="enterprise/web.jsf.richfaces.dir" value="C:\Project\github\javavscode\netbeans\nbbuild\netbeans/enterprise" />
    <property name="webcommon/web.client.kit.dir" value="C:\Project\github\javavscode\netbeans\nbbuild\netbeans/webcommon" />
    <property name="nb.cluster.javafx" value="javafx2.editor,javafx2.kit,javafx2.platform,javafx2.project,javafx2.samples,javafx2.scenebuilder,maven.htmlui" />
    <property name="web.jsf.kit.dir" value="C:\Project\github\javavscode\netbeans\nbbuild\netbeans/enterprise" />
    <property name="web.monitor.dir" value="C:\Project\github\javavscode\netbeans\nbbuild\netbeans/enterprise" />
    <property name="platform/favorites.dir" value="C:\Project\github\javavscode\netbeans\nbbuild\netbeans/platform" />
    <property name="webcommon/cordova.dir" value="C:\Project\github\javavscode\netbeans\nbbuild\netbeans/webcommon" />
    <property name="lexer.dir" value="C:\Project\github\javavscode\netbeans\nbbuild\netbeans/ide" />
    <property name="libs.snakeyaml_engine.dir" value="C:\Project\github\javavscode\netbeans\nbbuild\netbeans/ide" />
    <property name="ide/dlight.nativeexecution.nb.dir" value="C:\Project\github\javavscode\netbeans\nbbuild\netbeans/ide" />
    <property name="nb.cluster.groovy.depends" value="nb.cluster.platform,nb.cluster.ide,nb.cluster.extide,nb.cluster.java,nb.cluster.enterprise" />
    <property name="javadoc.arch" value="C:\Project\github\javavscode\netbeans\java\java.lsp.server/arch.xml" />
    <property name="ide/xml.retriever.dir" value="C:\Project\github\javavscode\netbeans\nbbuild\netbeans/ide" />
    <property name="ide/libs.freemarker.dir" value="C:\Project\github\javavscode\netbeans\nbbuild\netbeans/ide" />
    <property name="editor.util.dir" value="C:\Project\github\javavscode\netbeans\nbbuild\netbeans/ide" />
    <property name="ide/parsing.lucene.dir" value="C:\Project\github\javavscode\netbeans\nbbuild\netbeans/ide" />
    <property name="selenium2.dir" value="C:\Project\github\javavscode\netbeans\nbbuild\netbeans/ide" />
    <property name="ide/team.ide.dir" value="C:\Project\github\javavscode\netbeans\nbbuild\netbeans/ide" />
    <property name="o.n.swing.plaf.dir" value="C:\Project\github\javavscode\netbeans\nbbuild\netbeans/platform" />
    <property name="test.filter.trace" value="true" />
    <property name="extide/gradle.dir" value="C:\Project\github\javavscode\netbeans\nbbuild\netbeans/extide" />
    <property name="enterprise/web.core.syntax.dir" value="C:\Project\github\javavscode\netbeans\nbbuild\netbeans/enterprise" />
    <property name="java.freeform.dir" value="C:\Project\github\javavscode\netbeans\nbbuild\netbeans/java" />
    <property name="ide/jellytools.ide.dir" value="C:\Project\github\javavscode\netbeans\nbbuild\netbeans/ide" />
    <property name="javawebstart.dir" value="C:\Project\github\javavscode\netbeans\nbbuild\netbeans/java" />
    <property name="ergonomics/ide.ergonomics.dir" value="C:\Project\github\javavscode\netbeans\nbbuild\netbeans/ergonomics" />
    <property name="hudson.ACLOCAL_PATH" value="C:\Program Files\Git\mingw64\share\aclocal;C:\Program Files\Git\usr\share\aclocal" />
    <property name="enterprise/web.jsf.kit.dir" value="C:\Project\github\javavscode\netbeans\nbbuild\netbeans/enterprise" />
    <property name="api.java.dir" value="C:\Project\github\javavscode\netbeans\nbbuild\netbeans/java" />
    <property name="harness/libs.nbi.engine.dir" value="C:\Project\github\javavscode\netbeans\nbbuild\netbeans/harness" />
    <property name="java/whitelist.dir" value="C:\Project\github\javavscode\netbeans\nbbuild\netbeans/java" />
    <property name="java/java.navigation.dir" value="C:\Project\github\javavscode\netbeans\nbbuild\netbeans/java" />
    <property name="enterprise/j2ee.ant.dir" value="C:\Project\github\javavscode\netbeans\nbbuild\netbeans/enterprise" />
    <property name="ide/editor.kit.dir" value="C:\Project\github\javavscode\netbeans\nbbuild\netbeans/ide" />
    <property name="openide.awt.dir" value="C:\Project\github\javavscode\netbeans\nbbuild\netbeans/platform" />
    <property name="ide/properties.syntax.dir" value="C:\Project\github\javavscode\netbeans\nbbuild\netbeans/ide" />
    <property name="java.specification.vendor" value="Oracle Corporation" />
    <property name="php/websvc.saas.codegen.php.dir" value="C:\Project\github\javavscode\netbeans\nbbuild\netbeans/php" />
    <property name="ide/o.eclipse.mylyn.wikitext.core.dir" value="C:\Project\github\javavscode\netbeans\nbbuild\netbeans/ide" />
    <property name="javahelp.jar.basename" value="org-netbeans-modules-java-lsp-server.jar" />
    <property name="requires.nb.javac" value="true" />
    <property name="docker.editor.dir" value="C:\Project\github\javavscode\netbeans\nbbuild\netbeans/ide" />
    <property name="textmate.lexer.dir" value="C:\Project\github\javavscode\netbeans\nbbuild\netbeans/ide" />
    <property name="module.run.classpath" value="C:\Project\github\javavscode\netbeans\nbbuild\netbeans\ide\modules\com-google-gson.jar:C:\Project\github\javavscode\netbeans\ide\c.google.gson\external\gson-2.8.9.jar:C:\Project\github\javavscode\netbeans\ide\c.google.gson\external\gson-2.8.9.jar:C:\Project\github\javavscode\netbeans\nbbuild\netbeans\platform\modules\net-java-html.jar:C:\Project\github\javavscode\netbeans\platform\net.java.html\external\net.java.html-1.8.1.jar:C:\Project\github\javavscode\netbeans\platform\net.java.html\external\net.java.html-1.8.1.jar:C:\Project\github\javavscode\netbeans\nbbuild\netbeans\platform\modules\net-java-html-boot.jar:C:\Project\github\javavscode\netbeans\platform\net.java.html.boot\external\net.java.html.boot-1.8.1.jar:C:\Project\github\javavscode\netbeans\platform\net.java.html.boot\external\net.java.html.boot-1.8.1.jar:C:\Project\github\javavscode\netbeans\nbbuild\netbeans\platform\modules\net-java-html-json.jar:C:\Project\github\javavscode\netbeans\platform\net.java.html.json\external\net.java.html.json-1.8.1.jar:C:\Project\github\javavscode\netbeans\platform\net.java.html.json\external\net.java.html.json-1.8.1.jar:C:\Project\github\javavscode\netbeans\nbbuild\netbeans\platform\modules\org-apache-commons-commons_io.jar:C:\Project\github\javavscode\netbeans\platform\o.apache.commons.commons_io\external\commons-io-2.15.1.jar:C:\Project\github\javavscode\netbeans\nbbuild\netbeans\platform\modules\org-apache-commons-codec.jar:C:\Project\github\javavscode\netbeans\platform\o.apache.commons.codec\external\commons-codec-1.16.0.jar:C:\Project\github\javavscode\netbeans\nbbuild\netbeans\platform\modules\org-apache-commons-logging.jar:C:\Project\github\javavscode\netbeans\platform\o.apache.commons.logging\external\commons-logging-1.3.0.jar:C:\Project\github\javavscode\netbeans\platform\o.apache.commons.commons_io\external\commons-io-2.15.1.jar:C:\Project\github\javavscode\netbeans\nbbuild\netbeans\platform\modules\org-apache-commons-lang3.jar:C:\Project\github\javavscode\netbeans\platform\o.apache.commons.lang3\external\commons-lang3-3.14.0.jar:C:\Project\github\javavscode\netbeans\platform\o.apache.commons.lang3\external\commons-lang3-3.14.0.jar:C:\Project\github\javavscode\netbeans\nbbuild\netbeans\platform\modules\org-netbeans-api-annotations-common.jar:C:\Project\github\javavscode\netbeans\nbbuild\netbeans\ide\modules\org-netbeans-api-debugger.jar:C:\Project\github\javavscode\netbeans\nbbuild\netbeans\platform\modules\org-netbeans-api-annotations-common.jar:C:\Project\github\javavscode\netbeans\nbbuild\netbeans\ide\modules\org-netbeans-modules-projectapi.jar:C:\Project\github\javavscode\netbeans\nbbuild\netbeans\platform\modules\org-netbeans-modules-queries.jar:C:\Project\github\javavscode\netbeans\nbbuild\netbeans\platform\core\org-openide-filesystems.jar:C:\Project\github\javavscode\netbeans\nbbuild\netbeans\platform\lib\org-openide-util.jar:C:\Project\github\javavscode\netbeans\nbbuild\netbeans\platform\lib\org-openide-util-lookup.jar:C:\Project\github\javavscode\netbeans\nbbuild\netbeans\platform\lib\org-openide-modules.jar:C:\Project\github\javavscode\netbeans\nbbuild\netbeans\platform\lib\org-openide-util-ui.jar:C:\Project\github\javavscode\netbeans\nbbuild\netbeans\java\modules\org-netbeans-api-debugger-jpda.jar:C:\Project\github\javavscode\netbeans\nbbuild\netbeans\ide\modules\org-netbeans-api-debugger.jar:C:\Project\github\javavscode\netbeans\nbbuild\netbeans\platform\modules\org-netbeans-api-annotations-common.jar:C:\Project\github\javavscode\netbeans\nbbuild\netbeans\ide\modules\org-netbeans-modules-projectapi.jar:C:\Project\github\javavscode\netbeans\nbbuild\netbeans\platform\modules\org-netbeans-modules-queries.jar:C:\Project\github\javavscode\netbeans\nbbuild\netbeans\platform\core\org-openide-filesystems.jar:C:\Project\github\javavscode\netbeans\nbbuild\netbeans\platform\lib\org-openide-util.jar:C:\Project\github\javavscode\netbeans\nbbuild\netbeans\platform\lib\org-openide-util-lookup.jar:C:\Project\github\javavscode\netbeans\nbbuild\netbeans\platform\lib\org-openide-modules.jar:C:\Project\github\javavscode\netbeans\nbbuild\netbeans\platform\lib\org-openide-util-ui.jar:C:\Project\github\javavscode\netbeans\nbbuild\netbeans\ide\modules\org-netbeans-api-java-classpath.jar:C:\Project\github\javavscode\netbeans\nbbuild\netbeans\platform\modules\org-netbeans-api-htmlui.jar:C:\Project\github\javavscode\netbeans\nbbuild\netbeans\platform\modules\net-java-html.jar:C:\Project\github\javavscode\netbeans\platform\net.java.html\external\net.java.html-1.8.1.jar:C:\Project\github\javavscode\netbeans\nbbuild\netbeans\platform\modules\net-java-html-boot.jar:C:\Project\github\javavscode\netbeans\platform\net.java.html.boot\external\net.java.html.boot-1.8.1.jar:C:\Project\github\javavscode\netbeans\nbbuild\netbeans\platform\modules\net-java-html-json.jar:C:\Project\github\javavscode\netbeans\platform\net.java.html.json\external\net.java.html.json-1.8.1.jar:C:\Project\github\javavscode\netbeans\nbbuild\netbeans\platform\modules\org-netbeans-html-ko4j.jar:C:\Project\github\javavscode\netbeans\platform\o.n.html.ko4j\external\ko4j-1.8.1.jar:C:\Project\github\javavscode\netbeans\nbbuild\netbeans\platform\modules\org-netbeans-html-xhr4j.jar:C:\Project\github\javavscode\netbeans\platform\o.n.html.xhr4j\external\xhr4j-1.8.1.jar:C:\Project\github\javavscode\netbeans\nbbuild\netbeans\platform\core\org-netbeans-libs-asm.jar:C:\Project\github\javavscode\netbeans\platform\libs.asm\external\asm-9.6.jar:C:\Project\github\javavscode\netbeans\platform\libs.asm\external\asm-tree-9.6.jar:C:\Project\github\javavscode\netbeans\platform\libs.asm\external\asm-commons-9.6.jar:C:\Project\github\javavscode\netbeans\nbbuild\netbeans\platform\modules\org-openide-awt.jar:C:\Project\github\javavscode\netbeans\nbbuild\netbeans\platform\modules\org-netbeans-api-annotations-common.jar:C:\Project\github\javavscode\netbeans\nbbuild\netbeans\platform\core\org-openide-filesystems.jar:C:\Project\github\javavscode\netbeans\nbbuild\netbeans\platform\lib\org-openide-util.jar:C:\Project\github\javavscode\netbeans\nbbuild\netbeans\platform\lib\org-openide-util-lookup.jar:C:\Project\github\javavscode\netbeans\nbbuild\netbeans\platform\lib\org-openide-util-ui.jar:C:\Project\github\javavscode\netbeans\nbbuild\netbeans\platform\modules\org-netbeans-api-io.jar:C:\Project\github\javavscode\netbeans\nbbuild\netbeans\platform\modules\org-netbeans-api-annotations-common.jar:C:\Project\github\javavscode\netbeans\nbbuild\netbeans\platform\modules\org-netbeans-api-intent.jar:C:\Project\github\javavscode\netbeans\nbbuild\netbeans\platform\core\org-openide-filesystems.jar:C:\Project\github\javavscode\netbeans\nbbuild\netbeans\platform\lib\org-openide-util.jar:C:\Project\github\javavscode\netbeans\nbbuild\netbeans\platform\lib\org-openide-util-lookup.jar:C:\Project\github\javavscode\netbeans\nbbuild\netbeans\java\modules\org-netbeans-api-java.jar:C:\Project\github\javavscode\netbeans\nbbuild\netbeans\platform\modules\org-netbeans-api-annotations-common.jar:C:\Project\github\javavscode\netbeans\nbbuild\netbeans\ide\modules\org-netbeans-api-java-classpath.jar:C:\Project\github\javavscode\netbeans\nbbuild\netbeans\platform\core\org-openide-filesystems.jar:C:\Project\github\javavscode\netbeans\nbbuild\netbeans\platform\lib\org-openide-util.jar:C:\Project\github\javavscode\netbeans\nbbuild\netbeans\platform\lib\org-openide-util-lookup.jar:C:\Project\github\javavscode\netbeans\nbbuild\netbeans\platform\lib\org-openide-modules.jar:C:\Project\github\javavscode\netbeans\nbbuild\netbeans\platform\lib\org-openide-util-ui.jar:C:\Project\github\javavscode\netbeans\nbbuild\netbeans\ide\modules\org-netbeans-api-java-classpath.jar:C:\Project\github\javavscode\netbeans\nbbuild\netbeans\platform\modules\org-netbeans-api-annotations-common.jar:C:\Project\github\javavscode\netbeans\nbbuild\netbeans\platform\core\org-openide-filesystems.jar:C:\Project\github\javavscode\netbeans\nbbuild\netbeans\platform\lib\org-openide-util.jar:C:\Project\github\javavscode\netbeans\nbbuild\netbeans\platform\lib\org-openide-util-lookup.jar:C:\Project\github\javavscode\netbeans\nbbuild\netbeans\ide\modules\org-netbeans-api-lsp.jar:C:\Project\github\javavscode\netbeans\nbbuild\netbeans\platform\modules\org-netbeans-api-annotations-common.jar:C:\Project\github\javavscode\netbeans\nbbuild\netbeans\platform\modules\org-netbeans-modules-editor-mimelookup.jar:C:\Project\github\javavscode\netbeans\nbbuild\netbeans\platform\core\org-openide-filesystems.jar:C:\Project\github\javavscode\netbeans\nbbuild\netbeans\platform\lib\org-openide-util.jar:C:\Project\github\javavscode\netbeans\nbbuild\netbeans\platform\lib\org-openide-util-lookup.jar:C:\Project\github\javavscode\netbeans\nbbuild\netbeans\ide\modules\org-netbeans-modules-editor-util.jar:C:\Project\github\javavscode\netbeans\nbbuild\netbeans\platform\modules\org-netbeans-api-progress.jar:C:\Project\github\javavscode\netbeans\nbbuild\netbeans\platform\lib\org-openide-modules.jar:C:\Project\github\javavscode\netbeans\nbbuild\netbeans\platform\lib\org-openide-util-ui.jar:C:\Project\github\javavscode\netbeans\nbbuild\netbeans\platform\lib\org-openide-util.jar:C:\Project\github\javavscode\netbeans\nbbuild\netbeans\platform\lib\org-openide-util-lookup.jar:C:\Project\github\javavscode\netbeans\nbbuild\netbeans\platform\modules\org-netbeans-api-templates.jar:C:\Project\github\javavscode\netbeans\nbbuild\netbeans\platform\modules\org-netbeans-api-annotations-common.jar:C:\Project\github\javavscode\netbeans\nbbuild\netbeans\platform\modules\org-netbeans-api-scripting.jar:C:\Project\github\javavscode\netbeans\nbbuild\netbeans\platform\lib\org-openide-util-lookup.jar:C:\Project\github\javavscode\netbeans\nbbuild\netbeans\platform\modules\org-netbeans-modules-queries.jar:C:\Project\github\javavscode\netbeans\nbbuild\netbeans\platform\core\org-openide-filesystems.jar:C:\Project\github\javavscode\netbeans\nbbuild\netbeans\platform\lib\org-openide-util.jar:C:\Project\github\javavscode\netbeans\nbbuild\netbeans\platform\modules\org-netbeans-html-presenters-spi.jar:C:\Project\github\javavscode\netbeans\platform\o.n.html.presenters.spi\external\generic-1.8.1.jar:C:\Project\github\javavscode\netbeans\platform\o.n.html.presenters.spi\external\generic-1.8.1.jar:C:\Project\github\javavscode\netbeans\nbbuild\netbeans\ide\modules\org-netbeans-libs-flexmark.jar:C:\Project\github\javavscode\netbeans\ide\libs.flexmark\external\flexmark-html2md-converter-0.64.8.jar:C:\Project\github\javavscode\netbeans\ide\libs.flexmark\external\jsoup-1.15.4.jar:C:\Project\github\javavscode\netbeans\ide\libs.flexmark\external\flexmark-util-ast-0.64.8.jar:C:\Project\github\javavscode\netbeans\ide\libs.flexmark\external\flexmark-util-builder-0.64.8.jar:C:\Project\github\javavscode\netbeans\ide\libs.flexmark\external\flexmark-util-collection-0.64.8.jar:C:\Project\github\javavscode\netbeans\ide\libs.flexmark\external\flexmark-util-data-0.64.8.jar:C:\Project\github\javavscode\netbeans\ide\libs.flexmark\external\flexmark-util-dependency-0.64.8.jar:C:\Project\github\javavscode\netbeans\ide\libs.flexmark\external\flexmark-util-format-0.64.8.jar:C:\Project\github\javavscode\netbeans\ide\libs.flexmark\external\flexmark-util-html-0.64.8.jar:C:\Project\github\javavscode\netbeans\ide\libs.flexmark\external\flexmark-util-misc-0.64.8.jar:C:\Project\github\javavscode\netbeans\ide\libs.flexmark\external\flexmark-util-sequence-0.64.8.jar:C:\Project\github\javavscode\netbeans\ide\libs.flexmark\external\flexmark-util-visitor-0.64.8.jar:C:\Project\github\javavscode\netbeans\ide\libs.flexmark\external\flexmark-ext-emoji-0.64.8.jar:C:\Project\github\javavscode\netbeans\ide\libs.flexmark\external\flexmark-ext-anchorlink-0.64.8.jar:C:\Project\github\javavscode\netbeans\ide\libs.flexmark\external\flexmark-ext-tables-0.64.8.jar:C:\Project\github\javavscode\netbeans\ide\libs.flexmark\external\flexmark-0.64.8.jar:C:\Project\github\javavscode\netbeans\ide\libs.flexmark\external\flexmark-ext-gfm-tasklist-0.64.8.jar:C:\Project\github\javavscode\netbeans\ide\libs.flexmark\external\flexmark-html2md-converter-0.64.8.jar:C:\Project\github\javavscode\netbeans\ide\libs.flexmark\external\jsoup-1.15.4.jar:C:\Project\github\javavscode\netbeans\ide\libs.flexmark\external\flexmark-util-ast-0.64.8.jar:C:\Project\github\javavscode\netbeans\ide\libs.flexmark\external\flexmark-util-builder-0.64.8.jar:C:\Project\github\javavscode\netbeans\ide\libs.flexmark\external\flexmark-util-collection-0.64.8.jar:C:\Project\github\javavscode\netbeans\ide\libs.flexmark\external\flexmark-util-data-0.64.8.jar:C:\Project\github\javavscode\netbeans\ide\libs.flexmark\external\flexmark-util-dependency-0.64.8.jar:C:\Project\github\javavscode\netbeans\ide\libs.flexmark\external\flexmark-util-format-0.64.8.jar:C:\Project\github\javavscode\netbeans\ide\libs.flexmark\external\flexmark-util-html-0.64.8.jar:C:\Project\github\javavscode\netbeans\ide\libs.flexmark\external\flexmark-util-misc-0.64.8.jar:C:\Project\github\javavscode\netbeans\ide\libs.flexmark\external\flexmark-util-sequence-0.64.8.jar:C:\Project\github\javavscode\netbeans\ide\libs.flexmark\external\flexmark-util-visitor-0.64.8.jar:C:\Project\github\javavscode\netbeans\ide\libs.flexmark\external\flexmark-ext-emoji-0.64.8.jar:C:\Project\github\javavscode\netbeans\ide\libs.flexmark\external\flexmark-ext-anchorlink-0.64.8.jar:C:\Project\github\javavscode\netbeans\ide\libs.flexmark\external\flexmark-ext-tables-0.64.8.jar:C:\Project\github\javavscode\netbeans\ide\libs.flexmark\external\flexmark-0.64.8.jar:C:\Project\github\javavscode\netbeans\ide\libs.flexmark\external\flexmark-ext-gfm-tasklist-0.64.8.jar:C:\Project\github\javavscode\netbeans\nbbuild\netbeans\java\modules\org-netbeans-libs-javacapi.jar:C:\Project\github\javavscode\netbeans\java\libs.javacapi\external\nb-javac-jdk-22+33-api.jar:C:\Project\github\javavscode\netbeans\java\libs.javacapi\external\nb-javac-jdk-22+33.jar:C:\Project\github\javavscode\netbeans\java\libs.javacapi\external\nb-javac-jdk-22+33-api.jar:C:\Project\github\javavscode\netbeans\java\libs.javacapi\external\nb-javac-jdk-22+33.jar:C:\Project\github\javavscode\netbeans\nbbuild\netbeans\ide\modules\org-netbeans-modules-csl-api.jar:C:\Project\github\javavscode\netbeans\nbbuild\netbeans\platform\modules\org-netbeans-api-annotations-common.jar:C:\Project\github\javavscode\netbeans\nbbuild\netbeans\ide\modules\org-netbeans-api-java-classpath.jar:C:\Project\github\javavscode\netbeans\nbbuild\netbeans\platform\core\org-openide-filesystems.jar:C:\Project\github\javavscode\netbeans\nbbuild\netbeans\platform\lib\org-openide-util.jar:C:\Project\github\javavscode\netbeans\nbbuild\netbeans\platform\lib\org-openide-util-lookup.jar:C:\Project\github\javavscode\netbeans\nbbuild\netbeans\ide\modules\org-netbeans-api-lsp.jar:C:\Project\github\javavscode\netbeans\nbbuild\netbeans\platform\modules\org-netbeans-modules-editor-mimelookup.jar:C:\Project\github\javavscode\netbeans\nbbuild\netbeans\ide\modules\org-netbeans-modules-editor-util.jar:C:\Project\github\javavscode\netbeans\nbbuild\netbeans\platform\modules\org-netbeans-api-progress.jar:C:\Project\github\javavscode\netbeans\nbbuild\netbeans\platform\lib\org-openide-modules.jar:C:\Project\github\javavscode\netbeans\nbbuild\netbeans\platform\lib\org-openide-util-ui.jar:C:\Project\github\javavscode\netbeans\nbbuild\netbeans\platform\modules\org-netbeans-core-multiview.jar:C:\Project\github\javavscode\netbeans\nbbuild\netbeans\platform\modules\org-openide-awt.jar:C:\Project\github\javavscode\netbeans\nbbuild\netbeans\platform\modules\org-openide-dialogs.jar:C:\Project\github\javavscode\netbeans\nbbuild\netbeans\platform\modules\org-netbeans-api-progress-nb.jar:C:\Project\github\javavscode\netbeans\nbbuild\netbeans\platform\modules\org-openide-nodes.jar:C:\Project\github\javavscode\netbeans\nbbuild\netbeans\platform\modules\org-openide-text.jar:C:\Project\github\javavscode\netbeans\nbbuild\netbeans\platform\modules\org-openide-windows.jar:C:\Project\github\javavscode\netbeans\nbbuild\netbeans\ide\modules\org-netbeans-libs-lucene.jar:C:\Project\github\javavscode\netbeans\ide\libs.lucene\external\lucene-core-3.6.2.jar:C:\Project\github\javavscode\netbeans\nbbuild\netbeans\ide\modules\org-netbeans-modules-csl-types.jar:C:\Project\github\javavscode\netbeans\nbbuild\netbeans\ide\modules\org-netbeans-modules-parsing-api.jar:C:\Project\github\javavscode\netbeans\nbbuild\netbeans\ide\modules\org-netbeans-modules-editor-document.jar:C:\Project\github\javavscode\netbeans\nbbuild\netbeans\ide\modules\org-netbeans-modules-lexer.jar:C:\Project\github\javavscode\netbeans\nbbuild\netbeans\ide\modules\org-netbeans-modules-parsing-lucene.jar:C:\Project\github\javavscode\netbeans\nbbuild\netbeans\platform\modules\org-netbeans-modules-masterfs.jar:C:\Project\github\javavscode\netbeans\nbbuild\netbeans\platform\modules\org-netbeans-modules-queries.jar:C:\Project\github\javavscode\netbeans\nbbuild\netbeans\ide\modules\org-netbeans-modules-projectapi.jar:C:\Project\github\javavscode\netbeans\nbbuild\netbeans\ide\modules\org-netbeans-modules-diff.jar:C:\Project\github\javavscode\netbeans\nbbuild\netbeans\ide\modules\org-netbeans-modules-editor-errorstripe.jar:C:\Project\github\javavscode\netbeans\nbbuild\netbeans\ide\modules\org-netbeans-modules-editor-errorstripe-api.jar:C:\Project\github\javavscode\netbeans\nbbuild\netbeans\ide\modules\org-netbeans-modules-editor-fold.jar:C:\Project\github\javavscode\netbeans\nbbuild\netbeans\ide\modules\org-netbeans-modules-editor-settings.jar:C:\Project\github\javavscode\netbeans\nbbuild\netbeans\ide\modules\org-netbeans-modules-editor-settings-lib.jar:C:\Project\github\javavscode\netbeans\nbbuild\netbeans\ide\modules\org-netbeans-modules-editor-lib.jar:C:\Project\github\javavscode\netbeans\nbbuild\netbeans\ide\modules\org-netbeans-modules-editor-guards.jar:C:\Project\github\javavscode\netbeans\nbbuild\netbeans\ide\modules\org-netbeans-modules-editor-indent.jar:C:\Project\github\javavscode\netbeans\nbbuild\netbeans\ide\modules\org-netbeans-modules-editor-lib2.jar:C:\Project\github\javavscode\netbeans\nbbuild\netbeans\platform\modules\org-openide-loaders.jar:C:\Project\github\javavscode\netbeans\nbbuild\netbeans\platform\modules\org-netbeans-api-scripting.jar:C:\Project\github\javavscode\netbeans\nbbuild\netbeans\platform\modules\org-netbeans-api-templates.jar:C:\Project\github\javavscode\netbeans\nbbuild\netbeans\platform\modules\org-openide-actions.jar:C:\Project\github\javavscode\netbeans\nbbuild\netbeans\platform\modules\org-openide-explorer.jar:C:\Project\github\javavscode\netbeans\nbbuild\netbeans\platform\modules\org-netbeans-swing-outline.jar:C:\Project\github\javavscode\netbeans\nbbuild\netbeans\platform\modules\org-netbeans-swing-tabcontrol.jar:C:\Project\github\javavscode\netbeans\nbbuild\netbeans\platform\modules\org-openide-filesystems-nb.jar:C:\Project\github\javavscode\netbeans\nbbuild\netbeans\platform\modules\org-netbeans-modules-options-api.jar:C:\Project\github\javavscode\netbeans\nbbuild\netbeans\platform\modules\org-netbeans-core.jar:C:\Project\github\javavscode\netbeans\nbbuild\netbeans\platform\lib\boot.jar:C:\Project\github\javavscode\netbeans\nbbuild\netbeans\platform\core\core.jar:C:\Project\github\javavscode\netbeans\nbbuild\netbeans\platform\core\org-netbeans-libs-asm.jar:C:\Project\github\javavscode\netbeans\platform\libs.asm\external\asm-9.6.jar:C:\Project\github\javavscode\netbeans\platform\libs.asm\external\asm-tree-9.6.jar:C:\Project\github\javavscode\netbeans\platform\libs.asm\external\asm-commons-9.6.jar:C:\Project\github\javavscode\netbeans\nbbuild\netbeans\platform\core\core-base.jar:C:\Project\github\javavscode\netbeans\nbbuild\netbeans\platform\modules\org-netbeans-modules-keyring.jar:C:\Project\github\javavscode\netbeans\nbbuild\netbeans\platform\modules\org-netbeans-modules-sampler.jar:C:\Project\github\javavscode\netbeans\nbbuild\netbeans\platform\modules\org-netbeans-swing-plaf.jar:C:\Project\github\javavscode\netbeans\nbbuild\netbeans\platform\modules\org-openide-io.jar:C:\Project\github\javavscode\netbeans\nbbuild\netbeans\platform\modules\org-netbeans-api-intent.jar:C:\Project\github\javavscode\netbeans\nbbuild\netbeans\platform\modules\org-netbeans-api-io.jar:C:\Project\github\javavscode\netbeans\nbbuild\netbeans\platform\modules\org-netbeans-spi-quicksearch.jar:C:\Project\github\javavscode\netbeans\nbbuild\netbeans\ide\modules\org-netbeans-modules-options-editor.jar:C:\Project\github\javavscode\netbeans\nbbuild\netbeans\ide\modules\org-netbeans-modules-editor.jar:C:\Project\github\javavscode\netbeans\nbbuild\netbeans\ide\modules\org-netbeans-modules-editor-fold-nbui.jar:C:\Project\github\javavscode\netbeans\nbbuild\netbeans\ide\modules\org-netbeans-modules-editor-settings-storage.jar:C:\Project\github\javavscode\netbeans\nbbuild\netbeans\platform\modules\org-netbeans-modules-options-keymap.jar:C:\Project\github\javavscode\netbeans\nbbuild\netbeans\ide\modules\org-netbeans-modules-editor-actions.jar:C:\Project\github\javavscode\netbeans\nbbuild\netbeans\ide\modules\org-netbeans-modules-editor-breadcrumbs.jar:C:\Project\github\javavscode\netbeans\nbbuild\netbeans\ide\modules\org-netbeans-modules-editor-codetemplates.jar:C:\Project\github\javavscode\netbeans\nbbuild\netbeans\ide\modules\org-netbeans-modules-editor-completion.jar:C:\Project\github\javavscode\netbeans\nbbuild\netbeans\ide\modules\org-netbeans-spi-editor-hints.jar:C:\Project\github\javavscode\netbeans\nbbuild\netbeans\ide\modules\org-netbeans-modules-jumpto.jar:C:\Project\github\javavscode\netbeans\nbbuild\netbeans\platform\modules\org-netbeans-api-search.jar:C:\Project\github\javavscode\netbeans\nbbuild\netbeans\platform\modules\org-netbeans-core-ui.jar:C:\Project\github\javavscode\netbeans\nbbuild\netbeans\ide\modules\org-netbeans-modules-parsing-indexing.jar:C:\Project\github\javavscode\netbeans\nbbuild\netbeans\ide\modules\org-netbeans-modules-project-indexingbridge.jar:C:\Project\github\javavscode\netbeans\nbbuild\netbeans\ide\modules\org-netbeans-modules-projectuiapi-base.jar:C:\Project\github\javavscode\netbeans\nbbuild\netbeans\ide\modules\org-netbeans-spi-tasklist.jar:C:\Project\github\javavscode\netbeans\nbbuild\netbeans\ide\modules\org-netbeans-modules-refactoring-api.jar:C:\Project\github\javavscode\netbeans\nbbuild\netbeans\ide\modules\org-netbeans-spi-navigator.jar:C:\Project\github\javavscode\netbeans\nbbuild\netbeans\ide\modules\org-netbeans-modules-csl-types.jar:C:\Project\github\javavscode\netbeans\nbbuild\netbeans\platform\modules\org-netbeans-api-annotations-common.jar:C:\Project\github\javavscode\netbeans\nbbuild\netbeans\ide\modules\org-netbeans-modules-parsing-api.jar:C:\Project\github\javavscode\netbeans\nbbuild\netbeans\ide\modules\org-netbeans-api-java-classpath.jar:C:\Project\github\javavscode\netbeans\nbbuild\netbeans\platform\core\org-openide-filesystems.jar:C:\Project\github\javavscode\netbeans\nbbuild\netbeans\platform\lib\org-openide-util.jar:C:\Project\github\javavscode\netbeans\nbbuild\netbeans\platform\lib\org-openide-util-lookup.jar:C:\Project\github\javavscode\netbeans\nbbuild\netbeans\ide\modules\org-netbeans-modules-editor-document.jar:C:\Project\github\javavscode\netbeans\nbbuild\netbeans\platform\modules\org-netbeans-modules-editor-mimelookup.jar:C:\Project\github\javavscode\netbeans\nbbuild\netbeans\ide\modules\org-netbeans-modules-editor-util.jar:C:\Project\github\javavscode\netbeans\nbbuild\netbeans\ide\modules\org-netbeans-modules-lexer.jar:C:\Project\github\javavscode\netbeans\nbbuild\netbeans\platform\lib\org-openide-util-ui.jar:C:\Project\github\javavscode\netbeans\nbbuild\netbeans\ide\modules\org-netbeans-modules-parsing-lucene.jar:C:\Project\github\javavscode\netbeans\nbbuild\netbeans\ide\modules\org-netbeans-libs-lucene.jar:C:\Project\github\javavscode\netbeans\ide\libs.lucene\external\lucene-core-3.6.2.jar:C:\Project\github\javavscode\netbeans\nbbuild\netbeans\platform\modules\org-netbeans-modules-masterfs.jar:C:\Project\github\javavscode\netbeans\nbbuild\netbeans\platform\modules\org-netbeans-modules-queries.jar:C:\Project\github\javavscode\netbeans\nbbuild\netbeans\platform\lib\org-openide-modules.jar:C:\Project\github\javavscode\netbeans\nbbuild\netbeans\ide\modules\org-netbeans-modules-projectapi.jar:C:\Project\github\javavscode\netbeans\nbbuild\netbeans\ide\modules\org-netbeans-modules-db.jar:C:\Project\github\javavscode\netbeans\nbbuild\netbeans\ide\modules\ext\ddl.jar:C:\Project\github\javavscode\netbeans\nbbuild\netbeans\platform\modules\org-netbeans-api-progress.jar:C:\Project\github\javavscode\netbeans\nbbuild\netbeans\platform\lib\org-openide-modules.jar:C:\Project\github\javavscode\netbeans\nbbuild\netbeans\platform\lib\org-openide-util-ui.jar:C:\Project\github\javavscode\netbeans\nbbuild\netbeans\platform\lib\org-openide-util.jar:C:\Project\github\javavscode\netbeans\nbbuild\netbeans\platform\lib\org-openide-util-lookup.jar:C:\Project\github\javavscode\netbeans\nbbuild\netbeans\platform\modules\org-netbeans-api-progress-nb.jar:C:\Project\github\javavscode\netbeans\nbbuild\netbeans\platform\modules\org-openide-awt.jar:C:\Project\github\javavscode\netbeans\nbbuild\netbeans\platform\modules\org-netbeans-api-annotations-common.jar:C:\Project\github\javavscode\netbeans\nbbuild\netbeans\platform\core\org-openide-filesystems.jar:C:\Project\github\javavscode\netbeans\nbbuild\netbeans\ide\modules\org-netbeans-core-ide.jar:C:\Project\github\javavscode\netbeans\nbbuild\netbeans\platform\modules\org-netbeans-core-ui.jar:C:\Project\github\javavscode\netbeans\nbbuild\netbeans\platform\modules\org-netbeans-core.jar:C:\Project\github\javavscode\netbeans\nbbuild\netbeans\platform\lib\boot.jar:C:\Project\github\javavscode\netbeans\nbbuild\netbeans\platform\core\core.jar:C:\Project\github\javavscode\netbeans\nbbuild\netbeans\platform\core\org-netbeans-libs-asm.jar:C:\Project\github\javavscode\netbeans\platform\libs.asm\external\asm-9.6.jar:C:\Project\github\javavscode\netbeans\platform\libs.asm\external\asm-tree-9.6.jar:C:\Project\github\javavscode\netbeans\platform\libs.asm\external\asm-commons-9.6.jar:C:\Project\github\javavscode\netbeans\nbbuild\netbeans\platform\core\core-base.jar:C:\Project\github\javavscode\netbeans\nbbuild\netbeans\platform\modules\org-netbeans-modules-keyring.jar:C:\Project\github\javavscode\netbeans\nbbuild\netbeans\platform\modules\org-netbeans-modules-sampler.jar:C:\Project\github\javavscode\netbeans\nbbuild\netbeans\platform\modules\org-netbeans-swing-plaf.jar:C:\Project\github\javavscode\netbeans\nbbuild\netbeans\platform\modules\org-openide-actions.jar:C:\Project\github\javavscode\netbeans\nbbuild\netbeans\platform\modules\org-openide-dialogs.jar:C:\Project\github\javavscode\netbeans\nbbuild\netbeans\platform\modules\org-openide-explorer.jar:C:\Project\github\javavscode\netbeans\nbbuild\netbeans\platform\modules\org-netbeans-swing-outline.jar:C:\Project\github\javavscode\netbeans\nbbuild\netbeans\platform\modules\org-netbeans-swing-tabcontrol.jar:C:\Project\github\javavscode\netbeans\nbbuild\netbeans\platform\modules\org-openide-windows.jar:C:\Project\github\javavscode\netbeans\nbbuild\netbeans\platform\modules\org-openide-nodes.jar:C:\Project\github\javavscode\netbeans\nbbuild\netbeans\platform\modules\org-openide-text.jar:C:\Project\github\javavscode\netbeans\nbbuild\netbeans\platform\modules\org-netbeans-modules-editor-mimelookup.jar:C:\Project\github\javavscode\netbeans\nbbuild\netbeans\platform\modules\org-openide-io.jar:C:\Project\github\javavscode\netbeans\nbbuild\netbeans\platform\modules\org-netbeans-api-intent.jar:C:\Project\github\javavscode\netbeans\nbbuild\netbeans\platform\modules\org-netbeans-api-io.jar:C:\Project\github\javavscode\netbeans\nbbuild\netbeans\platform\modules\org-openide-loaders.jar:C:\Project\github\javavscode\netbeans\nbbuild\netbeans\platform\modules\org-netbeans-api-scripting.jar:C:\Project\github\javavscode\netbeans\nbbuild\netbeans\platform\modules\org-netbeans-api-templates.jar:C:\Project\github\javavscode\netbeans\nbbuild\netbeans\platform\modules\org-netbeans-modules-queries.jar:C:\Project\github\javavscode\netbeans\nbbuild\netbeans\platform\modules\org-openide-filesystems-nb.jar:C:\Project\github\javavscode\netbeans\nbbuild\netbeans\platform\modules\org-netbeans-modules-options-api.jar:C:\Project\github\javavscode\netbeans\nbbuild\netbeans\platform\modules\org-netbeans-spi-quicksearch.jar:C:\Project\github\javavscode\netbeans\nbbuild\netbeans\ide\modules\org-netbeans-modules-db-metadata-model.jar:C:\Project\github\javavscode\netbeans\nbbuild\netbeans\platform\modules\org-netbeans-modules-javahelp.jar:C:\Project\github\javavscode\netbeans\platform\javahelp\external\jhall-2.0_05.jar:C:\Project\github\javavscode\netbeans\nbbuild\netbeans\ide\modules\org-netbeans-modules-project-libraries.jar:C:\Project\github\javavscode\netbeans\nbbuild\netbeans\ide\modules\org-netbeans-modules-projectapi.jar:C:\Project\github\javavscode\netbeans\nbbuild\netbeans\ide\modules\ext\ddl.jar:C:\Project\github\javavscode\netbeans\nbbuild\netbeans\java\modules\org-netbeans-modules-debugger-jpda-truffle.jar:C:\Project\github\javavscode\netbeans\nbbuild\netbeans\ide\modules\org-netbeans-api-debugger.jar:C:\Project\github\javavscode\netbeans\nbbuild\netbeans\platform\modules\org-netbeans-api-annotations-common.jar:C:\Project\github\javavscode\netbeans\nbbuild\netbeans\ide\modules\org-netbeans-modules-projectapi.jar:C:\Project\github\javavscode\netbeans\nbbuild\netbeans\platform\modules\org-netbeans-modules-queries.jar:C:\Project\github\javavscode\netbeans\nbbuild\netbeans\platform\core\org-openide-filesystems.jar:C:\Project\github\javavscode\netbeans\nbbuild\netbeans\platform\lib\org-openide-util.jar:C:\Project\github\javavscode\netbeans\nbbuild\netbeans\platform\lib\org-openide-util-lookup.jar:C:\Project\github\javavscode\netbeans\nbbuild\netbeans\platform\lib\org-openide-modules.jar:C:\Project\github\javavscode\netbeans\nbbuild\netbeans\platform\lib\org-openide-util-ui.jar:C:\Project\github\javavscode\netbeans\nbbuild\netbeans\java\modules\org-netbeans-api-debugger-jpda.jar:C:\Project\github\javavscode\netbeans\nbbuild\netbeans\ide\modules\org-netbeans-api-java-classpath.jar:C:\Project\github\javavscode\netbeans\nbbuild\netbeans\java\modules\org-netbeans-modules-debugger-jpda.jar:C:\Project\github\javavscode\netbeans\nbbuild\netbeans\platform\modules\org-netbeans-api-intent.jar:C:\Project\github\javavscode\netbeans\nbbuild\netbeans\platform\modules\org-netbeans-api-io.jar:C:\Project\github\javavscode\netbeans\nbbuild\netbeans\java\modules\org-netbeans-libs-javacapi.jar:C:\Project\github\javavscode\netbeans\java\libs.javacapi\external\nb-javac-jdk-22+33-api.jar:C:\Project\github\javavscode\netbeans\java\libs.javacapi\external\nb-javac-jdk-22+33.jar:C:\Project\github\javavscode\netbeans\nbbuild\netbeans\ide\modules\org-netbeans-modules-editor-document.jar:C:\Project\github\javavscode\netbeans\nbbuild\netbeans\platform\modules\org-netbeans-modules-editor-mimelookup.jar:C:\Project\github\javavscode\netbeans\nbbuild\netbeans\ide\modules\org-netbeans-modules-editor-util.jar:C:\Project\github\javavscode\netbeans\nbbuild\netbeans\java\modules\org-netbeans-modules-java-source-base.jar:C:\Project\github\javavscode\netbeans\nbbuild\netbeans\java\modules\org-netbeans-api-java.jar:C:\Project\github\javavscode\netbeans\nbbuild\netbeans\platform\modules\org-netbeans-api-progress.jar:C:\Project\github\javavscode\netbeans\nbbuild\netbeans\platform\modules\org-netbeans-api-scripting.jar:C:\Project\github\javavscode\netbeans\nbbuild\netbeans\java\modules\org-netbeans-lib-nbjavac.jar:C:\Project\github\javavscode\netbeans\nbbuild\netbeans\platform\core\org-netbeans-libs-asm.jar:C:\Project\github\javavscode\netbeans\platform\libs.asm\external\asm-9.6.jar:C:\Project\github\javavscode\netbeans\platform\libs.asm\external\asm-tree-9.6.jar:C:\Project\github\javavscode\netbeans\platform\libs.asm\external\asm-commons-9.6.jar:C:\Project\github\javavscode\netbeans\nbbuild\netbeans\ide\modules\org-netbeans-libs-lucene.jar:C:\Project\github\javavscode\netbeans\ide\libs.lucene\external\lucene-core-3.6.2.jar:C:\Project\github\javavscode\netbeans\nbbuild\netbeans\java\modules\org-netbeans-modules-classfile.jar:C:\Project\github\javavscode\netbeans\nbbuild\netbeans\ide\modules\org-netbeans-modules-editor-guards.jar:C:\Project\github\javavscode\netbeans\nbbuild\netbeans\ide\modules\org-netbeans-modules-editor-indent.jar:C:\Project\github\javavscode\netbeans\nbbuild\netbeans\ide\modules\org-netbeans-modules-editor-settings.jar:C:\Project\github\javavscode\netbeans\nbbuild\netbeans\ide\modules\org-netbeans-modules-lexer.jar:C:\Project\github\javavscode\netbeans\nbbuild\netbeans\java\modules\org-netbeans-modules-java-lexer.jar:C:\Project\github\javavscode\netbeans\nbbuild\netbeans\java\modules\org-netbeans-modules-java-platform.jar:C:\Project\github\javavscode\netbeans\nbbuild\netbeans\java\modules\org-netbeans-modules-java-preprocessorbridge.jar:C:\Project\github\javavscode\netbeans\nbbuild\netbeans\ide\modules\org-netbeans-modules-parsing-api.jar:C:\Project\github\javavscode\netbeans\nbbuild\netbeans\ide\modules\org-netbeans-modules-parsing-lucene.jar:C:\Project\github\javavscode\netbeans\nbbuild\netbeans\platform\modules\org-netbeans-modules-masterfs.jar:C:\Project\github\javavscode\netbeans\nbbuild\netbeans\ide\modules\org-netbeans-modules-parsing-indexing.jar:C:\Project\github\javavscode\netbeans\nbbuild\netbeans\ide\modules\org-netbeans-modules-project-indexingbridge.jar:C:\Project\github\javavscode\netbeans\nbbuild\netbeans\ide\modules\org-netbeans-modules-projectuiapi-base.jar:C:\Project\github\javavscode\netbeans\nbbuild\netbeans\platform\modules\org-openide-explorer.jar:C:\Project\github\javavscode\netbeans\nbbuild\netbeans\platform\modules\org-netbeans-swing-outline.jar:C:\Project\github\javavscode\netbeans\nbbuild\netbeans\platform\modules\org-netbeans-swing-tabcontrol.jar:C:\Project\github\javavscode\netbeans\nbbuild\netbeans\platform\modules\org-openide-awt.jar:C:\Project\github\javavscode\netbeans\nbbuild\netbeans\platform\modules\org-openide-windows.jar:C:\Project\github\javavscode\netbeans\nbbuild\netbeans\platform\modules\org-openide-nodes.jar:C:\Project\github\javavscode\netbeans\nbbuild\netbeans\platform\modules\org-openide-dialogs.jar:C:\Project\github\javavscode\netbeans\nbbuild\netbeans\platform\modules\org-netbeans-api-progress-nb.jar:C:\Project\github\javavscode\netbeans\nbbuild\netbeans\ide\modules\org-netbeans-spi-tasklist.jar:C:\Project\github\javavscode\netbeans\nbbuild\netbeans\ide\modules\org-netbeans-modules-refactoring-api.jar:C:\Project\github\javavscode\netbeans\nbbuild\netbeans\ide\modules\org-netbeans-modules-diff.jar:C:\Project\github\javavscode\netbeans\nbbuild\netbeans\ide\modules\org-netbeans-modules-editor-errorstripe.jar:C:\Project\github\javavscode\netbeans\nbbuild\netbeans\ide\modules\org-netbeans-modules-editor-errorstripe-api.jar:C:\Project\github\javavscode\netbeans\nbbuild\netbeans\ide\modules\org-netbeans-modules-editor-fold.jar:C:\Project\github\javavscode\netbeans\nbbuild\netbeans\ide\modules\org-netbeans-modules-editor-settings-lib.jar:C:\Project\github\javavscode\netbeans\nbbuild\netbeans\ide\modules\org-netbeans-modules-editor-lib.jar:C:\Project\github\javavscode\netbeans\nbbuild\netbeans\ide\modules\org-netbeans-modules-editor-lib2.jar:C:\Project\github\javavscode\netbeans\nbbuild\netbeans\platform\modules\org-openide-loaders.jar:C:\Project\github\javavscode\netbeans\nbbuild\netbeans\platform\modules\org-netbeans-api-templates.jar:C:\Project\github\javavscode\netbeans\nbbuild\netbeans\platform\modules\org-openide-actions.jar:C:\Project\github\javavscode\netbeans\nbbuild\netbeans\platform\modules\org-openide-text.jar:C:\Project\github\javavscode\netbeans\nbbuild\netbeans\platform\modules\org-openide-filesystems-nb.jar:C:\Project\github\javavscode\netbeans\nbbuild\netbeans\platform\modules\org-netbeans-modules-options-api.jar:C:\Project\github\javavscode\netbeans\nbbuild\netbeans\platform\modules\org-netbeans-core.jar:C:\Project\github\javavscode\netbeans\nbbuild\netbeans\platform\lib\boot.jar:C:\Project\github\javavscode\netbeans\nbbuild\netbeans\platform\core\core.jar:C:\Project\github\javavscode\netbeans\nbbuild\netbeans\platform\core\core-base.jar:C:\Project\github\javavscode\netbeans\nbbuild\netbeans\platform\modules\org-netbeans-modules-keyring.jar:C:\Project\github\javavscode\netbeans\nbbuild\netbeans\platform\modules\org-netbeans-modules-sampler.jar:C:\Project\github\javavscode\netbeans\nbbuild\netbeans\platform\modules\org-netbeans-swing-plaf.jar:C:\Project\github\javavscode\netbeans\nbbuild\netbeans\platform\modules\org-openide-io.jar:C:\Project\github\javavscode\netbeans\nbbuild\netbeans\platform\modules\org-netbeans-spi-quicksearch.jar:C:\Project\github\javavscode\netbeans\nbbuild\netbeans\ide\modules\org-netbeans-modules-options-editor.jar:C:\Project\github\javavscode\netbeans\nbbuild\netbeans\ide\modules\org-netbeans-modules-editor.jar:C:\Project\github\javavscode\netbeans\nbbuild\netbeans\ide\modules\org-netbeans-api-lsp.jar:C:\Project\github\javavscode\netbeans\nbbuild\netbeans\ide\modules\org-netbeans-modules-editor-fold-nbui.jar:C:\Project\github\javavscode\netbeans\nbbuild\netbeans\ide\modules\org-netbeans-modules-editor-settings-storage.jar:C:\Project\github\javavscode\netbeans\nbbuild\netbeans\platform\modules\org-netbeans-modules-options-keymap.jar:C:\Project\github\javavscode\netbeans\nbbuild\netbeans\java\modules\org-netbeans-modules-debugger-jpda-ui.jar:C:\Project\github\javavscode\netbeans\nbbuild\netbeans\ide\modules\org-netbeans-modules-editor-completion.jar:C:\Project\github\javavscode\netbeans\nbbuild\netbeans\java\modules\org-netbeans-modules-java-sourceui.jar:C:\Project\github\javavscode\netbeans\nbbuild\netbeans\java\modules\org-netbeans-modules-java-source.jar:C:\Project\github\javavscode\netbeans\nbbuild\netbeans\platform\modules\org-netbeans-core-multiview.jar:C:\Project\github\javavscode\netbeans\nbbuild\netbeans\platform\modules\org-netbeans-modules-autoupdate-services.jar:C:\Project\github\javavscode\netbeans\nbbuild\netbeans\platform\modules\ext\updater.jar:C:\Project\github\javavscode\netbeans\nbbuild\netbeans\ide\modules\org-netbeans-modules-editor-indent-project.jar:C:\Project\github\javavscode\netbeans\nbbuild\netbeans\ide\modules\org-netbeans-modules-projectuiapi.jar:C:\Project\github\javavscode\netbeans\nbbuild\netbeans\ide\modules\org-netbeans-modules-editor-indent-support.jar:C:\Project\github\javavscode\netbeans\nbbuild\netbeans\ide\modules\org-netbeans-modules-jumpto.jar:C:\Project\github\javavscode\netbeans\nbbuild\netbeans\platform\modules\org-netbeans-api-search.jar:C:\Project\github\javavscode\netbeans\nbbuild\netbeans\platform\modules\org-netbeans-core-ui.jar:C:\Project\github\javavscode\netbeans\nbbuild\netbeans\extide\modules\org-netbeans-modules-options-java.jar:C:\Project\github\javavscode\netbeans\nbbuild\netbeans\java\modules\org-netbeans-spi-debugger-jpda-ui.jar:C:\Project\github\javavscode\netbeans\nbbuild\netbeans\ide\modules\org-netbeans-spi-viewmodel.jar:C:\Project\github\javavscode\netbeans\nbbuild\netbeans\ide\modules\org-netbeans-spi-debugger-ui.jar:C:\Project\github\javavscode\netbeans\nbbuild\netbeans\ide\modules\org-netbeans-modules-extexecution-base.jar:C:\Project\github\javavscode\netbeans\nbbuild\netbeans\java\modules\org-netbeans-modules-java-project.jar:C:\Project\github\javavscode\netbeans\nbbuild\netbeans\ide\modules\org-netbeans-modules-project-ant.jar:C:\Project\github\javavscode\netbeans\nbbuild\netbeans\ide\modules\org-netbeans-modules-project-libraries.jar:C:\Project\github\javavscode\netbeans\nbbuild\netbeans\ide\modules\org-netbeans-modules-project-spi-intern.jar:C:\Project\github\javavscode\netbeans\nbbuild\netbeans\ide\modules\org-netbeans-modules-xml-catalog.jar:C:\Project\github\javavscode\netbeans\nbbuild\netbeans\ide\modules\org-apache-xml-resolver.jar:C:\Project\github\javavscode\netbeans\ide\o.apache.xml.resolver\external\resolver-1.2.jar:C:\Project\github\javavscode\netbeans\nbbuild\netbeans\ide\modules\org-netbeans-api-xml.jar:C:\Project\github\javavscode\netbeans\nbbuild\netbeans\ide\modules\org-netbeans-modules-javascript2-debug.jar:C:\Project\github\javavscode\netbeans\nbbuild\netbeans\ide\modules\org-netbeans-modules-web-common.jar:C:\Project\github\javavscode\netbeans\nbbuild\netbeans\ide\modules\org-netbeans-libs-json_simple.jar:C:\Project\github\javavscode\netbeans\nbbuild\netbeans\ide\modules\ext\json-simple-1.1.1.jar:C:\Project\github\javavscode\netbeans\nbbuild\netbeans\ide\modules\org-netbeans-libs-graalsdk.jar:C:\Project\github\javavscode\netbeans\ide\libs.graalsdk\external\graal-sdk-20.3.0.jar:C:\Project\github\javavscode\netbeans\ide\libs.graalsdk\external\launcher-common-20.3.0.jar:C:\Project\github\javavscode\netbeans\nbbuild\netbeans\ide\modules\org-netbeans-libs-truffleapi.jar:C:\Project\github\javavscode\netbeans\ide\libs.truffleapi\external\truffle-api-20.3.0.jar:C:\Project\github\javavscode\netbeans\nbbuild\netbeans\ide\modules\org-netbeans-modules-editor.jar:C:\Project\github\javavscode\netbeans\nbbuild\netbeans\ide\modules\org-netbeans-api-lsp.jar:C:\Project\github\javavscode\netbeans\nbbuild\netbeans\platform\modules\org-netbeans-api-annotations-common.jar:C:\Project\github\javavscode\netbeans\nbbuild\netbeans\platform\modules\org-netbeans-modules-editor-mimelookup.jar:C:\Project\github\javavscode\netbeans\nbbuild\netbeans\platform\core\org-openide-filesystems.jar:C:\Project\github\javavscode\netbeans\nbbuild\netbeans\platform\lib\org-openide-util.jar:C:\Project\github\javavscode\netbeans\nbbuild\netbeans\platform\lib\org-openide-util-lookup.jar:C:\Project\github\javavscode\netbeans\nbbuild\netbeans\ide\modules\org-netbeans-modules-editor-util.jar:C:\Project\github\javavscode\netbeans\nbbuild\netbeans\platform\modules\org-netbeans-api-progress.jar:C:\Project\github\javavscode\netbeans\nbbuild\netbeans\platform\lib\org-openide-modules.jar:C:\Project\github\javavscode\netbeans\nbbuild\netbeans\platform\lib\org-openide-util-ui.jar:C:\Project\github\javavscode\netbeans\nbbuild\netbeans\platform\modules\org-netbeans-api-progress-nb.jar:C:\Project\github\javavscode\netbeans\nbbuild\netbeans\platform\modules\org-openide-awt.jar:C:\Project\github\javavscode\netbeans\nbbuild\netbeans\ide\modules\org-netbeans-modules-editor-document.jar:C:\Project\github\javavscode\netbeans\nbbuild\netbeans\ide\modules\org-netbeans-modules-editor-fold.jar:C:\Project\github\javavscode\netbeans\nbbuild\netbeans\ide\modules\org-netbeans-modules-editor-settings.jar:C:\Project\github\javavscode\netbeans\nbbuild\netbeans\ide\modules\org-netbeans-modules-lexer.jar:C:\Project\github\javavscode\netbeans\nbbuild\netbeans\ide\modules\org-netbeans-modules-editor-settings-lib.jar:C:\Project\github\javavscode\netbeans\nbbuild\netbeans\ide\modules\org-netbeans-modules-editor-fold-nbui.jar:C:\Project\github\javavscode\netbeans\nbbuild\netbeans\ide\modules\org-netbeans-modules-editor-lib.jar:C:\Project\github\javavscode\netbeans\nbbuild\netbeans\ide\modules\org-netbeans-modules-editor-guards.jar:C:\Project\github\javavscode\netbeans\nbbuild\netbeans\ide\modules\org-netbeans-modules-editor-indent.jar:C:\Project\github\javavscode\netbeans\nbbuild\netbeans\ide\modules\org-netbeans-modules-editor-lib2.jar:C:\Project\github\javavscode\netbeans\nbbuild\netbeans\platform\modules\org-openide-dialogs.jar:C:\Project\github\javavscode\netbeans\nbbuild\netbeans\ide\modules\org-netbeans-modules-editor-settings-storage.jar:C:\Project\github\javavscode\netbeans\nbbuild\netbeans\platform\modules\org-openide-filesystems-nb.jar:C:\Project\github\javavscode\netbeans\nbbuild\netbeans\platform\modules\org-netbeans-modules-options-keymap.jar:C:\Project\github\javavscode\netbeans\nbbuild\netbeans\platform\modules\org-netbeans-modules-options-api.jar:C:\Project\github\javavscode\netbeans\nbbuild\netbeans\platform\modules\org-netbeans-core.jar:C:\Project\github\javavscode\netbeans\nbbuild\netbeans\platform\lib\boot.jar:C:\Project\github\javavscode\netbeans\nbbuild\netbeans\platform\core\core.jar:C:\Project\github\javavscode\netbeans\nbbuild\netbeans\platform\core\org-netbeans-libs-asm.jar:C:\Project\github\javavscode\netbeans\platform\libs.asm\external\asm-9.6.jar:C:\Project\github\javavscode\netbeans\platform\libs.asm\external\asm-tree-9.6.jar:C:\Project\github\javavscode\netbeans\platform\libs.asm\external\asm-commons-9.6.jar:C:\Project\github\javavscode\netbeans\nbbuild\netbeans\platform\core\core-base.jar:C:\Project\github\javavscode\netbeans\nbbuild\netbeans\platform\modules\org-netbeans-modules-keyring.jar:C:\Project\github\javavscode\netbeans\nbbuild\netbeans\platform\modules\org-netbeans-modules-sampler.jar:C:\Project\github\javavscode\netbeans\nbbuild\netbeans\platform\modules\org-netbeans-swing-plaf.jar:C:\Project\github\javavscode\netbeans\nbbuild\netbeans\platform\modules\org-openide-actions.jar:C:\Project\github\javavscode\netbeans\nbbuild\netbeans\platform\modules\org-openide-explorer.jar:C:\Project\github\javavscode\netbeans\nbbuild\netbeans\platform\modules\org-netbeans-swing-outline.jar:C:\Project\github\javavscode\netbeans\nbbuild\netbeans\platform\modules\org-netbeans-swing-tabcontrol.jar:C:\Project\github\javavscode\netbeans\nbbuild\netbeans\platform\modules\org-openide-windows.jar:C:\Project\github\javavscode\netbeans\nbbuild\netbeans\platform\modules\org-openide-nodes.jar:C:\Project\github\javavscode\netbeans\nbbuild\netbeans\platform\modules\org-openide-text.jar:C:\Project\github\javavscode\netbeans\nbbuild\netbeans\platform\modules\org-openide-io.jar:C:\Project\github\javavscode\netbeans\nbbuild\netbeans\platform\modules\org-netbeans-api-intent.jar:C:\Project\github\javavscode\netbeans\nbbuild\netbeans\platform\modules\org-netbeans-api-io.jar:C:\Project\github\javavscode\netbeans\nbbuild\netbeans\platform\modules\org-openide-loaders.jar:C:\Project\github\javavscode\netbeans\nbbuild\netbeans\platform\modules\org-netbeans-api-scripting.jar:C:\Project\github\javavscode\netbeans\nbbuild\netbeans\platform\modules\org-netbeans-api-templates.jar:C:\Project\github\javavscode\netbeans\nbbuild\netbeans\platform\modules\org-netbeans-modules-queries.jar:C:\Project\github\javavscode\netbeans\nbbuild\netbeans\platform\modules\org-netbeans-spi-quicksearch.jar:C:\Project\github\javavscode\netbeans\nbbuild\netbeans\ide\modules\org-netbeans-modules-editor-codetemplates.jar:C:\Project\github\javavscode\netbeans\nbbuild\netbeans\ide\modules\org-netbeans-api-lsp.jar:C:\Project\github\javavscode\netbeans\nbbuild\netbeans\platform\modules\org-netbeans-api-annotations-common.jar:C:\Project\github\javavscode\netbeans\nbbuild\netbeans\platform\modules\org-netbeans-modules-editor-mimelookup.jar:C:\Project\github\javavscode\netbeans\nbbuild\netbeans\platform\core\org-openide-filesystems.jar:C:\Project\github\javavscode\netbeans\nbbuild\netbeans\platform\lib\org-openide-util.jar:C:\Project\github\javavscode\netbeans\nbbuild\netbeans\platform\lib\org-openide-util-lookup.jar:C:\Project\github\javavscode\netbeans\nbbuild\netbeans\ide\modules\org-netbeans-modules-editor-util.jar:C:\Project\github\javavscode\netbeans\nbbuild\netbeans\ide\modules\org-netbeans-modules-editor.jar:C:\Project\github\javavscode\netbeans\nbbuild\netbeans\platform\modules\org-netbeans-api-progress.jar:C:\Project\github\javavscode\netbeans\nbbuild\netbeans\platform\lib\org-openide-modules.jar:C:\Project\github\javavscode\netbeans\nbbuild\netbeans\platform\lib\org-openide-util-ui.jar:C:\Project\github\javavscode\netbeans\nbbuild\netbeans\platform\modules\org-netbeans-api-progress-nb.jar:C:\Project\github\javavscode\netbeans\nbbuild\netbeans\platform\modules\org-openide-awt.jar:C:\Project\github\javavscode\netbeans\nbbuild\netbeans\ide\modules\org-netbeans-modules-editor-document.jar:C:\Project\github\javavscode\netbeans\nbbuild\netbeans\ide\modules\org-netbeans-modules-editor-fold.jar:C:\Project\github\javavscode\netbeans\nbbuild\netbeans\ide\modules\org-netbeans-modules-editor-settings.jar:C:\Project\github\javavscode\netbeans\nbbuild\netbeans\ide\modules\org-netbeans-modules-lexer.jar:C:\Project\github\javavscode\netbeans\nbbuild\netbeans\ide\modules\org-netbeans-modules-editor-settings-lib.jar:C:\Project\github\javavscode\netbeans\nbbuild\netbeans\ide\modules\org-netbeans-modules-editor-fold-nbui.jar:C:\Project\github\javavscode\netbeans\nbbuild\netbeans\ide\modules\org-netbeans-modules-editor-lib.jar:C:\Project\github\javavscode\netbeans\nbbuild\netbeans\ide\modules\org-netbeans-modules-editor-guards.jar:C:\Project\github\javavscode\netbeans\nbbuild\netbeans\ide\modules\org-netbeans-modules-editor-indent.jar:C:\Project\github\javavscode\netbeans\nbbuild\netbeans\ide\modules\org-netbeans-modules-editor-lib2.jar:C:\Project\github\javavscode\netbeans\nbbuild\netbeans\platform\modules\org-openide-dialogs.jar:C:\Project\github\javavscode\netbeans\nbbuild\netbeans\ide\modules\org-netbeans-modules-editor-settings-storage.jar:C:\Project\github\javavscode\netbeans\nbbuild\netbeans\platform\modules\org-openide-filesystems-nb.jar:C:\Project\github\javavscode\netbeans\nbbuild\netbeans\platform\modules\org-netbeans-modules-options-keymap.jar:C:\Project\github\javavscode\netbeans\nbbuild\netbeans\platform\modules\org-netbeans-modules-options-api.jar:C:\Project\github\javavscode\netbeans\nbbuild\netbeans\platform\modules\org-netbeans-core.jar:C:\Project\github\javavscode\netbeans\nbbuild\netbeans\platform\lib\boot.jar:C:\Project\github\javavscode\netbeans\nbbuild\netbeans\platform\core\core.jar:C:\Project\github\javavscode\netbeans\nbbuild\netbeans\platform\core\org-netbeans-libs-asm.jar:C:\Project\github\javavscode\netbeans\platform\libs.asm\external\asm-9.6.jar:C:\Project\github\javavscode\netbeans\platform\libs.asm\external\asm-tree-9.6.jar:C:\Project\github\javavscode\netbeans\platform\libs.asm\external\asm-commons-9.6.jar:C:\Project\github\javavscode\netbeans\nbbuild\netbeans\platform\core\core-base.jar:C:\Project\github\javavscode\netbeans\nbbuild\netbeans\platform\modules\org-netbeans-modules-keyring.jar:C:\Project\github\javavscode\netbeans\nbbuild\netbeans\platform\modules\org-netbeans-modules-sampler.jar:C:\Project\github\javavscode\netbeans\nbbuild\netbeans\platform\modules\org-netbeans-swing-plaf.jar:C:\Project\github\javavscode\netbeans\nbbuild\netbeans\platform\modules\org-openide-actions.jar:C:\Project\github\javavscode\netbeans\nbbuild\netbeans\platform\modules\org-openide-explorer.jar:C:\Project\github\javavscode\netbeans\nbbuild\netbeans\platform\modules\org-netbeans-swing-outline.jar:C:\Project\github\javavscode\netbeans\nbbuild\netbeans\platform\modules\org-netbeans-swing-tabcontrol.jar:C:\Project\github\javavscode\netbeans\nbbuild\netbeans\platform\modules\org-openide-windows.jar:C:\Project\github\javavscode\netbeans\nbbuild\netbeans\platform\modules\org-openide-nodes.jar:C:\Project\github\javavscode\netbeans\nbbuild\netbeans\platform\modules\org-openide-text.jar:C:\Project\github\javavscode\netbeans\nbbuild\netbeans\platform\modules\org-openide-io.jar:C:\Project\github\javavscode\netbeans\nbbuild\netbeans\platform\modules\org-netbeans-api-intent.jar:C:\Project\github\javavscode\netbeans\nbbuild\netbeans\platform\modules\org-netbeans-api-io.jar:C:\Project\github\javavscode\netbeans\nbbuild\netbeans\platform\modules\org-openide-loaders.jar:C:\Project\github\javavscode\netbeans\nbbuild\netbeans\platform\modules\org-netbeans-api-scripting.jar:C:\Project\github\javavscode\netbeans\nbbuild\netbeans\platform\modules\org-netbeans-api-templates.jar:C:\Project\github\javavscode\netbeans\nbbuild\netbeans\platform\modules\org-netbeans-modules-queries.jar:C:\Project\github\javavscode\netbeans\nbbuild\netbeans\platform\modules\org-netbeans-spi-quicksearch.jar:C:\Project\github\javavscode\netbeans\nbbuild\netbeans\ide\modules\org-netbeans-modules-editor-completion.jar:C:\Project\github\javavscode\netbeans\nbbuild\netbeans\ide\modules\org-netbeans-spi-editor-hints.jar:C:\Project\github\javavscode\netbeans\nbbuild\netbeans\ide\modules\org-netbeans-modules-editor-document.jar:C:\Project\github\javavscode\netbeans\nbbuild\netbeans\platform\modules\org-netbeans-api-annotations-common.jar:C:\Project\github\javavscode\netbeans\nbbuild\netbeans\platform\modules\org-netbeans-modules-editor-mimelookup.jar:C:\Project\github\javavscode\netbeans\nbbuild\netbeans\platform\core\org-openide-filesystems.jar:C:\Project\github\javavscode\netbeans\nbbuild\netbeans\platform\lib\org-openide-util.jar:C:\Project\github\javavscode\netbeans\nbbuild\netbeans\platform\lib\org-openide-util-lookup.jar:C:\Project\github\javavscode\netbeans\nbbuild\netbeans\ide\modules\org-netbeans-modules-editor-util.jar:C:\Project\github\javavscode\netbeans\nbbuild\netbeans\ide\modules\org-netbeans-modules-editor-indent.jar:C:\Project\github\javavscode\netbeans\nbbuild\netbeans\ide\modules\org-netbeans-modules-editor-document.jar:C:\Project\github\javavscode\netbeans\nbbuild\netbeans\platform\modules\org-netbeans-api-annotations-common.jar:C:\Project\github\javavscode\netbeans\nbbuild\netbeans\platform\modules\org-netbeans-modules-editor-mimelookup.jar:C:\Project\github\javavscode\netbeans\nbbuild\netbeans\platform\core\org-openide-filesystems.jar:C:\Project\github\javavscode\netbeans\nbbuild\netbeans\platform\lib\org-openide-util.jar:C:\Project\github\javavscode\netbeans\nbbuild\netbeans\platform\lib\org-openide-util-lookup.jar:C:\Project\github\javavscode\netbeans\nbbuild\netbeans\ide\modules\org-netbeans-modules-editor-util.jar:C:\Project\github\javavscode\netbeans\nbbuild\netbeans\ide\modules\org-netbeans-modules-editor-settings.jar:C:\Project\github\javavscode\netbeans\nbbuild\netbeans\platform\lib\org-openide-modules.jar:C:\Project\github\javavscode\netbeans\nbbuild\netbeans\platform\lib\org-openide-util-ui.jar:C:\Project\github\javavscode\netbeans\nbbuild\netbeans\ide\modules\org-netbeans-modules-lexer.jar:C:\Project\github\javavscode\netbeans\nbbuild\netbeans\ide\modules\org-netbeans-modules-editor-lib.jar:C:\Project\github\javavscode\netbeans\nbbuild\netbeans\platform\modules\org-netbeans-api-annotations-common.jar:C:\Project\github\javavscode\netbeans\nbbuild\netbeans\platform\modules\org-netbeans-api-progress.jar:C:\Project\github\javavscode\netbeans\nbbuild\netbeans\platform\lib\org-openide-modules.jar:C:\Project\github\javavscode\netbeans\nbbuild\netbeans\platform\lib\org-openide-util-ui.jar:C:\Project\github\javavscode\netbeans\nbbuild\netbeans\platform\lib\org-openide-util.jar:C:\Project\github\javavscode\netbeans\nbbuild\netbeans\platform\lib\org-openide-util-lookup.jar:C:\Project\github\javavscode\netbeans\nbbuild\netbeans\platform\modules\org-netbeans-api-progress-nb.jar:C:\Project\github\javavscode\netbeans\nbbuild\netbeans\platform\modules\org-openide-awt.jar:C:\Project\github\javavscode\netbeans\nbbuild\netbeans\platform\core\org-openide-filesystems.jar:C:\Project\github\javavscode\netbeans\nbbuild\netbeans\ide\modules\org-netbeans-modules-editor-document.jar:C:\Project\github\javavscode\netbeans\nbbuild\netbeans\platform\modules\org-netbeans-modules-editor-mimelookup.jar:C:\Project\github\javavscode\netbeans\nbbuild\netbeans\ide\modules\org-netbeans-modules-editor-util.jar:C:\Project\github\javavscode\netbeans\nbbuild\netbeans\ide\modules\org-netbeans-modules-editor-fold.jar:C:\Project\github\javavscode\netbeans\nbbuild\netbeans\ide\modules\org-netbeans-modules-editor-settings.jar:C:\Project\github\javavscode\netbeans\nbbuild\netbeans\ide\modules\org-netbeans-modules-lexer.jar:C:\Project\github\javavscode\netbeans\nbbuild\netbeans\ide\modules\org-netbeans-modules-editor-settings-lib.jar:C:\Project\github\javavscode\netbeans\nbbuild\netbeans\ide\modules\org-netbeans-modules-editor-guards.jar:C:\Project\github\javavscode\netbeans\nbbuild\netbeans\ide\modules\org-netbeans-modules-editor-indent.jar:C:\Project\github\javavscode\netbeans\nbbuild\netbeans\ide\modules\org-netbeans-modules-editor-lib2.jar:C:\Project\github\javavscode\netbeans\nbbuild\netbeans\platform\modules\org-openide-dialogs.jar:C:\Project\github\javavscode\netbeans\nbbuild\netbeans\ide\modules\org-netbeans-modules-editor-lib2.jar:C:\Project\github\javavscode\netbeans\nbbuild\netbeans\platform\modules\org-netbeans-api-annotations-common.jar:C:\Project\github\javavscode\netbeans\nbbuild\netbeans\ide\modules\org-netbeans-modules-editor-document.jar:C:\Project\github\javavscode\netbeans\nbbuild\netbeans\platform\modules\org-netbeans-modules-editor-mimelookup.jar:C:\Project\github\javavscode\netbeans\nbbuild\netbeans\platform\core\org-openide-filesystems.jar:C:\Project\github\javavscode\netbeans\nbbuild\netbeans\platform\lib\org-openide-util.jar:C:\Project\github\javavscode\netbeans\nbbuild\netbeans\platform\lib\org-openide-util-lookup.jar:C:\Project\github\javavscode\netbeans\nbbuild\netbeans\ide\modules\org-netbeans-modules-editor-util.jar:C:\Project\github\javavscode\netbeans\nbbuild\netbeans\ide\modules\org-netbeans-modules-editor-settings.jar:C:\Project\github\javavscode\netbeans\nbbuild\netbeans\platform\lib\org-openide-modules.jar:C:\Project\github\javavscode\netbeans\nbbuild\netbeans\platform\lib\org-openide-util-ui.jar:C:\Project\github\javavscode\netbeans\nbbuild\netbeans\ide\modules\org-netbeans-modules-lexer.jar:C:\Project\github\javavscode\netbeans\nbbuild\netbeans\platform\modules\org-openide-awt.jar:C:\Project\github\javavscode\netbeans\nbbuild\netbeans\platform\modules\org-openide-dialogs.jar:C:\Project\github\javavscode\netbeans\nbbuild\netbeans\platform\modules\org-netbeans-api-progress.jar:C:\Project\github\javavscode\netbeans\nbbuild\netbeans\platform\modules\org-netbeans-api-progress-nb.jar:C:\Project\github\javavscode\netbeans\nbbuild\netbeans\platform\modules\org-netbeans-modules-editor-mimelookup.jar:C:\Project\github\javavscode\netbeans\nbbuild\netbeans\platform\core\org-openide-filesystems.jar:C:\Project\github\javavscode\netbeans\nbbuild\netbeans\platform\lib\org-openide-util.jar:C:\Project\github\javavscode\netbeans\nbbuild\netbeans\platform\lib\org-openide-util-lookup.jar:C:\Project\github\javavscode\netbeans\nbbuild\netbeans\ide\modules\org-netbeans-modules-editor-util.jar:C:\Project\github\javavscode\netbeans\nbbuild\netbeans\platform\lib\org-openide-util.jar:C:\Project\github\javavscode\netbeans\nbbuild\netbeans\platform\lib\org-openide-util-lookup.jar:C:\Project\github\javavscode\netbeans\nbbuild\netbeans\ide\modules\org-netbeans-modules-extexecution.jar:C:\Project\github\javavscode\netbeans\nbbuild\netbeans\platform\modules\org-netbeans-api-annotations-common.jar:C:\Project\github\javavscode\netbeans\nbbuild\netbeans\platform\modules\org-netbeans-api-progress.jar:C:\Project\github\javavscode\netbeans\nbbuild\netbeans\platform\lib\org-openide-modules.jar:C:\Project\github\javavscode\netbeans\nbbuild\netbeans\platform\lib\org-openide-util-ui.jar:C:\Project\github\javavscode\netbeans\nbbuild\netbeans\platform\lib\org-openide-util.jar:C:\Project\github\javavscode\netbeans\nbbuild\netbeans\platform\lib\org-openide-util-lookup.jar:C:\Project\github\javavscode\netbeans\nbbuild\netbeans\ide\modules\org-netbeans-modules-extexecution-base.jar:C:\Project\github\javavscode\netbeans\nbbuild\netbeans\platform\core\org-openide-filesystems.jar:C:\Project\github\javavscode\netbeans\nbbuild\netbeans\platform\modules\org-openide-io.jar:C:\Project\github\javavscode\netbeans\nbbuild\netbeans\platform\modules\org-netbeans-api-intent.jar:C:\Project\github\javavscode\netbeans\nbbuild\netbeans\platform\modules\org-netbeans-api-io.jar:C:\Project\github\javavscode\netbeans\nbbuild\netbeans\ide\modules\org-netbeans-modules-extexecution-base.jar:C:\Project\github\javavscode\netbeans\nbbuild\netbeans\platform\modules\org-netbeans-api-annotations-common.jar:C:\Project\github\javavscode\netbeans\nbbuild\netbeans\platform\lib\org-openide-util.jar:C:\Project\github\javavscode\netbeans\nbbuild\netbeans\platform\lib\org-openide-util-lookup.jar:C:\Project\github\javavscode\netbeans\nbbuild\netbeans\ide\modules\org-netbeans-modules-gototest.jar:C:\Project\github\javavscode\netbeans\nbbuild\netbeans\platform\modules\org-netbeans-api-annotations-common.jar:C:\Project\github\javavscode\netbeans\nbbuild\netbeans\ide\modules\org-netbeans-modules-gsf-testrunner.jar:C:\Project\github\javavscode\netbeans\nbbuild\netbeans\ide\modules\org-netbeans-modules-extexecution.jar:C:\Project\github\javavscode\netbeans\nbbuild\netbeans\platform\modules\org-netbeans-api-progress.jar:C:\Project\github\javavscode\netbeans\nbbuild\netbeans\platform\lib\org-openide-modules.jar:C:\Project\github\javavscode\netbeans\nbbuild\netbeans\platform\lib\org-openide-util-ui.jar:C:\Project\github\javavscode\netbeans\nbbuild\netbeans\platform\lib\org-openide-util.jar:C:\Project\github\javavscode\netbeans\nbbuild\netbeans\platform\lib\org-openide-util-lookup.jar:C:\Project\github\javavscode\netbeans\nbbuild\netbeans\ide\modules\org-netbeans-modules-extexecution-base.jar:C:\Project\github\javavscode\netbeans\nbbuild\netbeans\platform\core\org-openide-filesystems.jar:C:\Project\github\javavscode\netbeans\nbbuild\netbeans\platform\modules\org-openide-io.jar:C:\Project\github\javavscode\netbeans\nbbuild\netbeans\platform\modules\org-netbeans-api-intent.jar:C:\Project\github\javavscode\netbeans\nbbuild\netbeans\platform\modules\org-netbeans-api-io.jar:C:\Project\github\javavscode\netbeans\nbbuild\netbeans\ide\modules\org-netbeans-modules-projectapi.jar:C:\Project\github\javavscode\netbeans\nbbuild\netbeans\platform\modules\org-netbeans-modules-queries.jar:C:\Project\github\javavscode\netbeans\nbbuild\netbeans\ide\modules\org-netbeans-modules-gsf-testrunner-ui.jar:C:\Project\github\javavscode\netbeans\nbbuild\netbeans\ide\modules\org-netbeans-api-java-classpath.jar:C:\Project\github\javavscode\netbeans\nbbuild\netbeans\platform\modules\org-netbeans-api-progress-nb.jar:C:\Project\github\javavscode\netbeans\nbbuild\netbeans\platform\modules\org-openide-awt.jar:C:\Project\github\javavscode\netbeans\nbbuild\netbeans\ide\modules\org-netbeans-modules-diff.jar:C:\Project\github\javavscode\netbeans\nbbuild\netbeans\ide\modules\org-netbeans-modules-editor-errorstripe.jar:C:\Project\github\javavscode\netbeans\nbbuild\netbeans\ide\modules\org-netbeans-modules-editor-document.jar:C:\Project\github\javavscode\netbeans\nbbuild\netbeans\platform\modules\org-netbeans-modules-editor-mimelookup.jar:C:\Project\github\javavscode\netbeans\nbbuild\netbeans\ide\modules\org-netbeans-modules-editor-util.jar:C:\Project\github\javavscode\netbeans\nbbuild\netbeans\ide\modules\org-netbeans-modules-editor-errorstripe-api.jar:C:\Project\github\javavscode\netbeans\nbbuild\netbeans\ide\modules\org-netbeans-modules-editor-fold.jar:C:\Project\github\javavscode\netbeans\nbbuild\netbeans\ide\modules\org-netbeans-modules-editor-settings.jar:C:\Project\github\javavscode\netbeans\nbbuild\netbeans\ide\modules\org-netbeans-modules-lexer.jar:C:\Project\github\javavscode\netbeans\nbbuild\netbeans\ide\modules\org-netbeans-modules-editor-settings-lib.jar:C:\Project\github\javavscode\netbeans\nbbuild\netbeans\ide\modules\org-netbeans-modules-editor-lib.jar:C:\Project\github\javavscode\netbeans\nbbuild\netbeans\ide\modules\org-netbeans-modules-editor-guards.jar:C:\Project\github\javavscode\netbeans\nbbuild\netbeans\ide\modules\org-netbeans-modules-editor-indent.jar:C:\Project\github\javavscode\netbeans\nbbuild\netbeans\ide\modules\org-netbeans-modules-editor-lib2.jar:C:\Project\github\javavscode\netbeans\nbbuild\netbeans\platform\modules\org-openide-dialogs.jar:C:\Project\github\javavscode\netbeans\nbbuild\netbeans\platform\modules\org-openide-loaders.jar:C:\Project\github\javavscode\netbeans\nbbuild\netbeans\platform\modules\org-netbeans-api-scripting.jar:C:\Project\github\javavscode\netbeans\nbbuild\netbeans\platform\modules\org-netbeans-api-templates.jar:C:\Project\github\javavscode\netbeans\nbbuild\netbeans\platform\modules\org-openide-actions.jar:C:\Project\github\javavscode\netbeans\nbbuild\netbeans\platform\modules\org-openide-explorer.jar:C:\Project\github\javavscode\netbeans\nbbuild\netbeans\platform\modules\org-netbeans-swing-outline.jar:C:\Project\github\javavscode\netbeans\nbbuild\netbeans\platform\modules\org-netbeans-swing-tabcontrol.jar:C:\Project\github\javavscode\netbeans\nbbuild\netbeans\platform\modules\org-openide-windows.jar:C:\Project\github\javavscode\netbeans\nbbuild\netbeans\platform\modules\org-openide-nodes.jar:C:\Project\github\javavscode\netbeans\nbbuild\netbeans\platform\modules\org-openide-text.jar:C:\Project\github\javavscode\netbeans\nbbuild\netbeans\platform\modules\org-openide-filesystems-nb.jar:C:\Project\github\javavscode\netbeans\nbbuild\netbeans\platform\modules\org-netbeans-modules-options-api.jar:C:\Project\github\javavscode\netbeans\nbbuild\netbeans\platform\modules\org-netbeans-core.jar:C:\Project\github\javavscode\netbeans\nbbuild\netbeans\platform\lib\boot.jar:C:\Project\github\javavscode\netbeans\nbbuild\netbeans\platform\core\core.jar:C:\Project\github\javavscode\netbeans\nbbuild\netbeans\platform\core\org-netbeans-libs-asm.jar:C:\Project\github\javavscode\netbeans\platform\libs.asm\external\asm-9.6.jar:C:\Project\github\javavscode\netbeans\platform\libs.asm\external\asm-tree-9.6.jar:C:\Project\github\javavscode\netbeans\platform\libs.asm\external\asm-commons-9.6.jar:C:\Project\github\javavscode\netbeans\nbbuild\netbeans\platform\core\core-base.jar:C:\Project\github\javavscode\netbeans\nbbuild\netbeans\platform\modules\org-netbeans-modules-keyring.jar:C:\Project\github\javavscode\netbeans\nbbuild\netbeans\platform\modules\org-netbeans-modules-sampler.jar:C:\Project\github\javavscode\netbeans\nbbuild\netbeans\platform\modules\org-netbeans-swing-plaf.jar:C:\Project\github\javavscode\netbeans\nbbuild\netbeans\platform\modules\org-netbeans-spi-quicksearch.jar:C:\Project\github\javavscode\netbeans\nbbuild\netbeans\ide\modules\org-netbeans-modules-options-editor.jar:C:\Project\github\javavscode\netbeans\nbbuild\netbeans\ide\modules\org-netbeans-modules-editor.jar:C:\Project\github\javavscode\netbeans\nbbuild\netbeans\ide\modules\org-netbeans-api-lsp.jar:C:\Project\github\javavscode\netbeans\nbbuild\netbeans\ide\modules\org-netbeans-modules-editor-fold-nbui.jar:C:\Project\github\javavscode\netbeans\nbbuild\netbeans\ide\modules\org-netbeans-modules-editor-settings-storage.jar:C:\Project\github\javavscode\netbeans\nbbuild\netbeans\platform\modules\org-netbeans-modules-options-keymap.jar:C:\Project\github\javavscode\netbeans\nbbuild\netbeans\ide\modules\org-netbeans-modules-parsing-api.jar:C:\Project\github\javavscode\netbeans\nbbuild\netbeans\ide\modules\org-netbeans-modules-parsing-lucene.jar:C:\Project\github\javavscode\netbeans\nbbuild\netbeans\ide\modules\org-netbeans-libs-lucene.jar:C:\Project\github\javavscode\netbeans\ide\libs.lucene\external\lucene-core-3.6.2.jar:C:\Project\github\javavscode\netbeans\nbbuild\netbeans\platform\modules\org-netbeans-modules-masterfs.jar:C:\Project\github\javavscode\netbeans\nbbuild\netbeans\ide\modules\org-netbeans-modules-parsing-indexing.jar:C:\Project\github\javavscode\netbeans\nbbuild\netbeans\ide\modules\org-netbeans-modules-project-indexingbridge.jar:C:\Project\github\javavscode\netbeans\nbbuild\netbeans\ide\modules\org-netbeans-modules-projectuiapi-base.jar:C:\Project\github\javavscode\netbeans\nbbuild\netbeans\ide\modules\org-netbeans-spi-tasklist.jar:C:\Project\github\javavscode\netbeans\nbbuild\netbeans\ide\modules\org-netbeans-modules-gsf-testrunner.jar:C:\Project\github\javavscode\netbeans\nbbuild\netbeans\ide\modules\org-netbeans-modules-extexecution.jar:C:\Project\github\javavscode\netbeans\nbbuild\netbeans\platform\modules\org-netbeans-api-annotations-common.jar:C:\Project\github\javavscode\netbeans\nbbuild\netbeans\platform\modules\org-netbeans-api-progress.jar:C:\Project\github\javavscode\netbeans\nbbuild\netbeans\platform\lib\org-openide-modules.jar:C:\Project\github\javavscode\netbeans\nbbuild\netbeans\platform\lib\org-openide-util-ui.jar:C:\Project\github\javavscode\netbeans\nbbuild\netbeans\platform\lib\org-openide-util.jar:C:\Project\github\javavscode\netbeans\nbbuild\netbeans\platform\lib\org-openide-util-lookup.jar:C:\Project\github\javavscode\netbeans\nbbuild\netbeans\ide\modules\org-netbeans-modules-extexecution-base.jar:C:\Project\github\javavscode\netbeans\nbbuild\netbeans\platform\core\org-openide-filesystems.jar:C:\Project\github\javavscode\netbeans\nbbuild\netbeans\platform\modules\org-openide-io.jar:C:\Project\github\javavscode\netbeans\nbbuild\netbeans\platform\modules\org-netbeans-api-intent.jar:C:\Project\github\javavscode\netbeans\nbbuild\netbeans\platform\modules\org-netbeans-api-io.jar:C:\Project\github\javavscode\netbeans\nbbuild\netbeans\ide\modules\org-netbeans-modules-projectapi.jar:C:\Project\github\javavscode\netbeans\nbbuild\netbeans\platform\modules\org-netbeans-modules-queries.jar:C:\Project\github\javavscode\netbeans\nbbuild\netbeans\ide\modules\org-netbeans-modules-gsf-testrunner-ui.jar:C:\Project\github\javavscode\netbeans\nbbuild\netbeans\platform\modules\org-netbeans-api-annotations-common.jar:C:\Project\github\javavscode\netbeans\nbbuild\netbeans\ide\modules\org-netbeans-api-java-classpath.jar:C:\Project\github\javavscode\netbeans\nbbuild\netbeans\platform\core\org-openide-filesystems.jar:C:\Project\github\javavscode\netbeans\nbbuild\netbeans\platform\lib\org-openide-util.jar:C:\Project\github\javavscode\netbeans\nbbuild\netbeans\platform\lib\org-openide-util-lookup.jar:C:\Project\github\javavscode\netbeans\nbbuild\netbeans\platform\modules\org-netbeans-api-progress.jar:C:\Project\github\javavscode\netbeans\nbbuild\netbeans\platform\lib\org-openide-modules.jar:C:\Project\github\javavscode\netbeans\nbbuild\netbeans\platform\lib\org-openide-util-ui.jar:C:\Project\github\javavscode\netbeans\nbbuild\netbeans\platform\modules\org-netbeans-api-progress-nb.jar:C:\Project\github\javavscode\netbeans\nbbuild\netbeans\platform\modules\org-openide-awt.jar:C:\Project\github\javavscode\netbeans\nbbuild\netbeans\ide\modules\org-netbeans-modules-diff.jar:C:\Project\github\javavscode\netbeans\nbbuild\netbeans\ide\modules\org-netbeans-modules-editor-errorstripe.jar:C:\Project\github\javavscode\netbeans\nbbuild\netbeans\ide\modules\org-netbeans-modules-editor-document.jar:C:\Project\github\javavscode\netbeans\nbbuild\netbeans\platform\modules\org-netbeans-modules-editor-mimelookup.jar:C:\Project\github\javavscode\netbeans\nbbuild\netbeans\ide\modules\org-netbeans-modules-editor-util.jar:C:\Project\github\javavscode\netbeans\nbbuild\netbeans\ide\modules\org-netbeans-modules-editor-errorstripe-api.jar:C:\Project\github\javavscode\netbeans\nbbuild\netbeans\ide\modules\org-netbeans-modules-editor-fold.jar:C:\Project\github\javavscode\netbeans\nbbuild\netbeans\ide\modules\org-netbeans-modules-editor-settings.jar:C:\Project\github\javavscode\netbeans\nbbuild\netbeans\ide\modules\org-netbeans-modules-lexer.jar:C:\Project\github\javavscode\netbeans\nbbuild\netbeans\ide\modules\org-netbeans-modules-editor-settings-lib.jar:C:\Project\github\javavscode\netbeans\nbbuild\netbeans\ide\modules\org-netbeans-modules-editor-lib.jar:C:\Project\github\javavscode\netbeans\nbbuild\netbeans\ide\modules\org-netbeans-modules-editor-guards.jar:C:\Project\github\javavscode\netbeans\nbbuild\netbeans\ide\modules\org-netbeans-modules-editor-indent.jar:C:\Project\github\javavscode\netbeans\nbbuild\netbeans\ide\modules\org-netbeans-modules-editor-lib2.jar:C:\Project\github\javavscode\netbeans\nbbuild\netbeans\platform\modules\org-openide-dialogs.jar:C:\Project\github\javavscode\netbeans\nbbuild\netbeans\platform\modules\org-openide-loaders.jar:C:\Project\github\javavscode\netbeans\nbbuild\netbeans\platform\modules\org-netbeans-api-scripting.jar:C:\Project\github\javavscode\netbeans\nbbuild\netbeans\platform\modules\org-netbeans-api-templates.jar:C:\Project\github\javavscode\netbeans\nbbuild\netbeans\platform\modules\org-netbeans-modules-queries.jar:C:\Project\github\javavscode\netbeans\nbbuild\netbeans\platform\modules\org-openide-actions.jar:C:\Project\github\javavscode\netbeans\nbbuild\netbeans\platform\modules\org-openide-explorer.jar:C:\Project\github\javavscode\netbeans\nbbuild\netbeans\platform\modules\org-netbeans-swing-outline.jar:C:\Project\github\javavscode\netbeans\nbbuild\netbeans\platform\modules\org-netbeans-swing-tabcontrol.jar:C:\Project\github\javavscode\netbeans\nbbuild\netbeans\platform\modules\org-openide-windows.jar:C:\Project\github\javavscode\netbeans\nbbuild\netbeans\platform\modules\org-openide-nodes.jar:C:\Project\github\javavscode\netbeans\nbbuild\netbeans\platform\modules\org-openide-text.jar:C:\Project\github\javavscode\netbeans\nbbuild\netbeans\platform\modules\org-openide-filesystems-nb.jar:C:\Project\github\javavscode\netbeans\nbbuild\netbeans\platform\modules\org-netbeans-modules-options-api.jar:C:\Project\github\javavscode\netbeans\nbbuild\netbeans\platform\modules\org-netbeans-core.jar:C:\Project\github\javavscode\netbeans\nbbuild\netbeans\platform\lib\boot.jar:C:\Project\github\javavscode\netbeans\nbbuild\netbeans\platform\core\core.jar:C:\Project\github\javavscode\netbeans\nbbuild\netbeans\platform\core\org-netbeans-libs-asm.jar:C:\Project\github\javavscode\netbeans\platform\libs.asm\external\asm-9.6.jar:C:\Project\github\javavscode\netbeans\platform\libs.asm\external\asm-tree-9.6.jar:C:\Project\github\javavscode\netbeans\platform\libs.asm\external\asm-commons-9.6.jar:C:\Project\github\javavscode\netbeans\nbbuild\netbeans\platform\core\core-base.jar:C:\Project\github\javavscode\netbeans\nbbuild\netbeans\platform\modules\org-netbeans-modules-keyring.jar:C:\Project\github\javavscode\netbeans\nbbuild\netbeans\platform\modules\org-netbeans-modules-sampler.jar:C:\Project\github\javavscode\netbeans\nbbuild\netbeans\platform\modules\org-netbeans-swing-plaf.jar:C:\Project\github\javavscode\netbeans\nbbuild\netbeans\platform\modules\org-openide-io.jar:C:\Project\github\javavscode\netbeans\nbbuild\netbeans\platform\modules\org-netbeans-api-intent.jar:C:\Project\github\javavscode\netbeans\nbbuild\netbeans\platform\modules\org-netbeans-api-io.jar:C:\Project\github\javavscode\netbeans\nbbuild\netbeans\platform\modules\org-netbeans-spi-quicksearch.jar:C:\Project\github\javavscode\netbeans\nbbuild\netbeans\ide\modules\org-netbeans-modules-options-editor.jar:C:\Project\github\javavscode\netbeans\nbbuild\netbeans\ide\modules\org-netbeans-modules-editor.jar:C:\Project\github\javavscode\netbeans\nbbuild\netbeans\ide\modules\org-netbeans-api-lsp.jar:C:\Project\github\javavscode\netbeans\nbbuild\netbeans\ide\modules\org-netbeans-modules-editor-fold-nbui.jar:C:\Project\github\javavscode\netbeans\nbbuild\netbeans\ide\modules\org-netbeans-modules-editor-settings-storage.jar:C:\Project\github\javavscode\netbeans\nbbuild\netbeans\platform\modules\org-netbeans-modules-options-keymap.jar:C:\Project\github\javavscode\netbeans\nbbuild\netbeans\ide\modules\org-netbeans-modules-projectapi.jar:C:\Project\github\javavscode\netbeans\nbbuild\netbeans\ide\modules\org-netbeans-modules-extexecution.jar:C:\Project\github\javavscode\netbeans\nbbuild\netbeans\ide\modules\org-netbeans-modules-extexecution-base.jar:C:\Project\github\javavscode\netbeans\nbbuild\netbeans\ide\modules\org-netbeans-modules-gsf-testrunner.jar:C:\Project\github\javavscode\netbeans\nbbuild\netbeans\ide\modules\org-netbeans-modules-parsing-api.jar:C:\Project\github\javavscode\netbeans\nbbuild\netbeans\ide\modules\org-netbeans-modules-parsing-lucene.jar:C:\Project\github\javavscode\netbeans\nbbuild\netbeans\ide\modules\org-netbeans-libs-lucene.jar:C:\Project\github\javavscode\netbeans\ide\libs.lucene\external\lucene-core-3.6.2.jar:C:\Project\github\javavscode\netbeans\nbbuild\netbeans\platform\modules\org-netbeans-modules-masterfs.jar:C:\Project\github\javavscode\netbeans\nbbuild\netbeans\ide\modules\org-netbeans-modules-parsing-indexing.jar:C:\Project\github\javavscode\netbeans\nbbuild\netbeans\ide\modules\org-netbeans-modules-project-indexingbridge.jar:C:\Project\github\javavscode\netbeans\nbbuild\netbeans\ide\modules\org-netbeans-modules-projectuiapi-base.jar:C:\Project\github\javavscode\netbeans\nbbuild\netbeans\ide\modules\org-netbeans-spi-tasklist.jar:C:\Project\github\javavscode\netbeans\nbbuild\netbeans\java\modules\org-netbeans-modules-java-completion.jar:C:\Project\github\javavscode\netbeans\nbbuild\netbeans\platform\modules\org-netbeans-api-annotations-common.jar:C:\Project\github\javavscode\netbeans\nbbuild\netbeans\ide\modules\org-netbeans-api-java-classpath.jar:C:\Project\github\javavscode\netbeans\nbbuild\netbeans\platform\core\org-openide-filesystems.jar:C:\Project\github\javavscode\netbeans\nbbuild\netbeans\platform\lib\org-openide-util.jar:C:\Project\github\javavscode\netbeans\nbbuild\netbeans\platform\lib\org-openide-util-lookup.jar:C:\Project\github\javavscode\netbeans\nbbuild\netbeans\java\modules\org-netbeans-libs-javacapi.jar:C:\Project\github\javavscode\netbeans\java\libs.javacapi\external\nb-javac-jdk-22+33-api.jar:C:\Project\github\javavscode\netbeans\java\libs.javacapi\external\nb-javac-jdk-22+33.jar:C:\Project\github\javavscode\netbeans\nbbuild\netbeans\platform\modules\org-netbeans-modules-editor-mimelookup.jar:C:\Project\github\javavscode\netbeans\nbbuild\netbeans\java\modules\org-netbeans-modules-java-lexer.jar:C:\Project\github\javavscode\netbeans\nbbuild\netbeans\ide\modules\org-netbeans-modules-lexer.jar:C:\Project\github\javavscode\netbeans\nbbuild\netbeans\ide\modules\org-netbeans-modules-editor-util.jar:C:\Project\github\javavscode\netbeans\nbbuild\netbeans\platform\lib\org-openide-util-ui.jar:C:\Project\github\javavscode\netbeans\nbbuild\netbeans\java\modules\org-netbeans-modules-java-source-base.jar:C:\Project\github\javavscode\netbeans\nbbuild\netbeans\java\modules\org-netbeans-api-java.jar:C:\Project\github\javavscode\netbeans\nbbuild\netbeans\platform\lib\org-openide-modules.jar:C:\Project\github\javavscode\netbeans\nbbuild\netbeans\platform\modules\org-netbeans-api-progress.jar:C:\Project\github\javavscode\netbeans\nbbuild\netbeans\platform\modules\org-netbeans-api-scripting.jar:C:\Project\github\javavscode\netbeans\nbbuild\netbeans\java\modules\org-netbeans-lib-nbjavac.jar:C:\Project\github\javavscode\netbeans\nbbuild\netbeans\platform\core\org-netbeans-libs-asm.jar:C:\Project\github\javavscode\netbeans\platform\libs.asm\external\asm-9.6.jar:C:\Project\github\javavscode\netbeans\platform\libs.asm\external\asm-tree-9.6.jar:C:\Project\github\javavscode\netbeans\platform\libs.asm\external\asm-commons-9.6.jar:C:\Project\github\javavscode\netbeans\nbbuild\netbeans\ide\modules\org-netbeans-libs-lucene.jar:C:\Project\github\javavscode\netbeans\ide\libs.lucene\external\lucene-core-3.6.2.jar:C:\Project\github\javavscode\netbeans\nbbuild\netbeans\java\modules\org-netbeans-modules-classfile.jar:C:\Project\github\javavscode\netbeans\nbbuild\netbeans\ide\modules\org-netbeans-modules-editor-document.jar:C:\Project\github\javavscode\netbeans\nbbuild\netbeans\ide\modules\org-netbeans-modules-editor-guards.jar:C:\Project\github\javavscode\netbeans\nbbuild\netbeans\ide\modules\org-netbeans-modules-editor-indent.jar:C:\Project\github\javavscode\netbeans\nbbuild\netbeans\ide\modules\org-netbeans-modules-editor-settings.jar:C:\Project\github\javavscode\netbeans\nbbuild\netbeans\java\modules\org-netbeans-modules-java-platform.jar:C:\Project\github\javavscode\netbeans\nbbuild\netbeans\java\modules\org-netbeans-modules-java-preprocessorbridge.jar:C:\Project\github\javavscode\netbeans\nbbuild\netbeans\ide\modules\org-netbeans-modules-parsing-api.jar:C:\Project\github\javavscode\netbeans\nbbuild\netbeans\ide\modules\org-netbeans-modules-parsing-lucene.jar:C:\Project\github\javavscode\netbeans\nbbuild\netbeans\platform\modules\org-netbeans-modules-masterfs.jar:C:\Project\github\javavscode\netbeans\nbbuild\netbeans\platform\modules\org-netbeans-modules-queries.jar:C:\Project\github\javavscode\netbeans\nbbuild\netbeans\ide\modules\org-netbeans-modules-projectapi.jar:C:\Project\github\javavscode\netbeans\nbbuild\netbeans\ide\modules\org-netbeans-modules-parsing-indexing.jar:C:\Project\github\javavscode\netbeans\nbbuild\netbeans\ide\modules\org-netbeans-modules-project-indexingbridge.jar:C:\Project\github\javavscode\netbeans\nbbuild\netbeans\ide\modules\org-netbeans-modules-projectuiapi-base.jar:C:\Project\github\javavscode\netbeans\nbbuild\netbeans\platform\modules\org-openide-explorer.jar:C:\Project\github\javavscode\netbeans\nbbuild\netbeans\platform\modules\org-netbeans-swing-outline.jar:C:\Project\github\javavscode\netbeans\nbbuild\netbeans\platform\modules\org-netbeans-swing-tabcontrol.jar:C:\Project\github\javavscode\netbeans\nbbuild\netbeans\platform\modules\org-openide-awt.jar:C:\Project\github\javavscode\netbeans\nbbuild\netbeans\platform\modules\org-openide-windows.jar:C:\Project\github\javavscode\netbeans\nbbuild\netbeans\platform\modules\org-openide-nodes.jar:C:\Project\github\javavscode\netbeans\nbbuild\netbeans\platform\modules\org-openide-dialogs.jar:C:\Project\github\javavscode\netbeans\nbbuild\netbeans\platform\modules\org-netbeans-api-progress-nb.jar:C:\Project\github\javavscode\netbeans\nbbuild\netbeans\ide\modules\org-netbeans-spi-tasklist.jar:C:\Project\github\javavscode\netbeans\nbbuild\netbeans\ide\modules\org-netbeans-modules-refactoring-api.jar:C:\Project\github\javavscode\netbeans\nbbuild\netbeans\ide\modules\org-netbeans-modules-diff.jar:C:\Project\github\javavscode\netbeans\nbbuild\netbeans\ide\modules\org-netbeans-modules-editor-errorstripe.jar:C:\Project\github\javavscode\netbeans\nbbuild\netbeans\ide\modules\org-netbeans-modules-editor-errorstripe-api.jar:C:\Project\github\javavscode\netbeans\nbbuild\netbeans\ide\modules\org-netbeans-modules-editor-fold.jar:C:\Project\github\javavscode\netbeans\nbbuild\netbeans\ide\modules\org-netbeans-modules-editor-settings-lib.jar:C:\Project\github\javavscode\netbeans\nbbuild\netbeans\ide\modules\org-netbeans-modules-editor-lib.jar:C:\Project\github\javavscode\netbeans\nbbuild\netbeans\ide\modules\org-netbeans-modules-editor-lib2.jar:C:\Project\github\javavscode\netbeans\nbbuild\netbeans\platform\modules\org-openide-loaders.jar:C:\Project\github\javavscode\netbeans\nbbuild\netbeans\platform\modules\org-netbeans-api-templates.jar:C:\Project\github\javavscode\netbeans\nbbuild\netbeans\platform\modules\org-openide-actions.jar:C:\Project\github\javavscode\netbeans\nbbuild\netbeans\platform\modules\org-openide-text.jar:C:\Project\github\javavscode\netbeans\nbbuild\netbeans\platform\modules\org-openide-filesystems-nb.jar:C:\Project\github\javavscode\netbeans\nbbuild\netbeans\platform\modules\org-netbeans-modules-options-api.jar:C:\Project\github\javavscode\netbeans\nbbuild\netbeans\platform\modules\org-netbeans-core.jar:C:\Project\github\javavscode\netbeans\nbbuild\netbeans\platform\lib\boot.jar:C:\Project\github\javavscode\netbeans\nbbuild\netbeans\platform\core\core.jar:C:\Project\github\javavscode\netbeans\nbbuild\netbeans\platform\core\core-base.jar:C:\Project\github\javavscode\netbeans\nbbuild\netbeans\platform\modules\org-netbeans-modules-keyring.jar:C:\Project\github\javavscode\netbeans\nbbuild\netbeans\platform\modules\org-netbeans-modules-sampler.jar:C:\Project\github\javavscode\netbeans\nbbuild\netbeans\platform\modules\org-netbeans-swing-plaf.jar:C:\Project\github\javavscode\netbeans\nbbuild\netbeans\platform\modules\org-openide-io.jar:C:\Project\github\javavscode\netbeans\nbbuild\netbeans\platform\modules\org-netbeans-api-intent.jar:C:\Project\github\javavscode\netbeans\nbbuild\netbeans\platform\modules\org-netbeans-api-io.jar:C:\Project\github\javavscode\netbeans\nbbuild\netbeans\platform\modules\org-netbeans-spi-quicksearch.jar:C:\Project\github\javavscode\netbeans\nbbuild\netbeans\ide\modules\org-netbeans-modules-options-editor.jar:C:\Project\github\javavscode\netbeans\nbbuild\netbeans\ide\modules\org-netbeans-modules-editor.jar:C:\Project\github\javavscode\netbeans\nbbuild\netbeans\ide\modules\org-netbeans-api-lsp.jar:C:\Project\github\javavscode\netbeans\nbbuild\netbeans\ide\modules\org-netbeans-modules-editor-fold-nbui.jar:C:\Project\github\javavscode\netbeans\nbbuild\netbeans\ide\modules\org-netbeans-modules-editor-settings-storage.jar:C:\Project\github\javavscode\netbeans\nbbuild\netbeans\platform\modules\org-netbeans-modules-options-keymap.jar:C:\Project\github\javavscode\netbeans\nbbuild\netbeans\java\modules\org-netbeans-modules-java-editor.jar:C:\Project\github\javavscode\netbeans\nbbuild\netbeans\platform\modules\org-netbeans-api-annotations-common.jar:C:\Project\github\javavscode\netbeans\nbbuild\netbeans\java\modules\org-netbeans-api-java.jar:C:\Project\github\javavscode\netbeans\nbbuild\netbeans\ide\modules\org-netbeans-api-java-classpath.jar:C:\Project\github\javavscode\netbeans\nbbuild\netbeans\platform\core\org-openide-filesystems.jar:C:\Project\github\javavscode\netbeans\nbbuild\netbeans\platform\lib\org-openide-util.jar:C:\Project\github\javavscode\netbeans\nbbuild\netbeans\platform\lib\org-openide-util-lookup.jar:C:\Project\github\javavscode\netbeans\nbbuild\netbeans\platform\lib\org-openide-modules.jar:C:\Project\github\javavscode\netbeans\nbbuild\netbeans\platform\lib\org-openide-util-ui.jar:C:\Project\github\javavscode\netbeans\nbbuild\netbeans\ide\modules\org-netbeans-api-lsp.jar:C:\Project\github\javavscode\netbeans\nbbuild\netbeans\platform\modules\org-netbeans-modules-editor-mimelookup.jar:C:\Project\github\javavscode\netbeans\nbbuild\netbeans\ide\modules\org-netbeans-modules-editor-util.jar:C:\Project\github\javavscode\netbeans\nbbuild\netbeans\platform\modules\org-netbeans-api-progress.jar:C:\Project\github\javavscode\netbeans\nbbuild\netbeans\platform\modules\org-netbeans-api-progress-nb.jar:C:\Project\github\javavscode\netbeans\nbbuild\netbeans\platform\modules\org-openide-awt.jar:C:\Project\github\javavscode\netbeans\nbbuild\netbeans\java\modules\org-netbeans-libs-javacapi.jar:C:\Project\github\javavscode\netbeans\java\libs.javacapi\external\nb-javac-jdk-22+33-api.jar:C:\Project\github\javavscode\netbeans\java\libs.javacapi\external\nb-javac-jdk-22+33.jar:C:\Project\github\javavscode\netbeans\nbbuild\netbeans\ide\modules\org-netbeans-modules-editor.jar:C:\Project\github\javavscode\netbeans\nbbuild\netbeans\ide\modules\org-netbeans-modules-editor-document.jar:C:\Project\github\javavscode\netbeans\nbbuild\netbeans\ide\modules\org-netbeans-modules-editor-fold.jar:C:\Project\github\javavscode\netbeans\nbbuild\netbeans\ide\modules\org-netbeans-modules-editor-settings.jar:C:\Project\github\javavscode\netbeans\nbbuild\netbeans\ide\modules\org-netbeans-modules-lexer.jar:C:\Project\github\javavscode\netbeans\nbbuild\netbeans\ide\modules\org-netbeans-modules-editor-settings-lib.jar:C:\Project\github\javavscode\netbeans\nbbuild\netbeans\ide\modules\org-netbeans-modules-editor-fold-nbui.jar:C:\Project\github\javavscode\netbeans\nbbuild\netbeans\ide\modules\org-netbeans-modules-editor-lib.jar:C:\Project\github\javavscode\netbeans\nbbuild\netbeans\ide\modules\org-netbeans-modules-editor-guards.jar:C:\Project\github\javavscode\netbeans\nbbuild\netbeans\ide\modules\org-netbeans-modules-editor-indent.jar:C:\Project\github\javavscode\netbeans\nbbuild\netbeans\ide\modules\org-netbeans-modules-editor-lib2.jar:C:\Project\github\javavscode\netbeans\nbbuild\netbeans\platform\modules\org-openide-dialogs.jar:C:\Project\github\javavscode\netbeans\nbbuild\netbeans\ide\modules\org-netbeans-modules-editor-settings-storage.jar:C:\Project\github\javavscode\netbeans\nbbuild\netbeans\platform\modules\org-openide-filesystems-nb.jar:C:\Project\github\javavscode\netbeans\nbbuild\netbeans\platform\modules\org-netbeans-modules-options-keymap.jar:C:\Project\github\javavscode\netbeans\nbbuild\netbeans\platform\modules\org-netbeans-modules-options-api.jar:C:\Project\github\javavscode\netbeans\nbbuild\netbeans\platform\modules\org-netbeans-core.jar:C:\Project\github\javavscode\netbeans\nbbuild\netbeans\platform\lib\boot.jar:C:\Project\github\javavscode\netbeans\nbbuild\netbeans\platform\core\core.jar:C:\Project\github\javavscode\netbeans\nbbuild\netbeans\platform\core\org-netbeans-libs-asm.jar:C:\Project\github\javavscode\netbeans\platform\libs.asm\external\asm-9.6.jar:C:\Project\github\javavscode\netbeans\platform\libs.asm\external\asm-tree-9.6.jar:C:\Project\github\javavscode\netbeans\platform\libs.asm\external\asm-commons-9.6.jar:C:\Project\github\javavscode\netbeans\nbbuild\netbeans\platform\core\core-base.jar:C:\Project\github\javavscode\netbeans\nbbuild\netbeans\platform\modules\org-netbeans-modules-keyring.jar:C:\Project\github\javavscode\netbeans\nbbuild\netbeans\platform\modules\org-netbeans-modules-sampler.jar:C:\Project\github\javavscode\netbeans\nbbuild\netbeans\platform\modules\org-netbeans-swing-plaf.jar:C:\Project\github\javavscode\netbeans\nbbuild\netbeans\platform\modules\org-openide-actions.jar:C:\Project\github\javavscode\netbeans\nbbuild\netbeans\platform\modules\org-openide-explorer.jar:C:\Project\github\javavscode\netbeans\nbbuild\netbeans\platform\modules\org-netbeans-swing-outline.jar:C:\Project\github\javavscode\netbeans\nbbuild\netbeans\platform\modules\org-netbeans-swing-tabcontrol.jar:C:\Project\github\javavscode\netbeans\nbbuild\netbeans\platform\modules\org-openide-windows.jar:C:\Project\github\javavscode\netbeans\nbbuild\netbeans\platform\modules\org-openide-nodes.jar:C:\Project\github\javavscode\netbeans\nbbuild\netbeans\platform\modules\org-openide-text.jar:C:\Project\github\javavscode\netbeans\nbbuild\netbeans\platform\modules\org-openide-io.jar:C:\Project\github\javavscode\netbeans\nbbuild\netbeans\platform\modules\org-netbeans-api-intent.jar:C:\Project\github\javavscode\netbeans\nbbuild\netbeans\platform\modules\org-netbeans-api-io.jar:C:\Project\github\javavscode\netbeans\nbbuild\netbeans\platform\modules\org-openide-loaders.jar:C:\Project\github\javavscode\netbeans\nbbuild\netbeans\platform\modules\org-netbeans-api-scripting.jar:C:\Project\github\javavscode\netbeans\nbbuild\netbeans\platform\modules\org-netbeans-api-templates.jar:C:\Project\github\javavscode\netbeans\nbbuild\netbeans\platform\modules\org-netbeans-modules-queries.jar:C:\Project\github\javavscode\netbeans\nbbuild\netbeans\platform\modules\org-netbeans-spi-quicksearch.jar:C:\Project\github\javavscode\netbeans\nbbuild\netbeans\ide\modules\org-netbeans-modules-editor-bracesmatching.jar:C:\Project\github\javavscode\netbeans\nbbuild\netbeans\ide\modules\org-netbeans-modules-editor-codetemplates.jar:C:\Project\github\javavscode\netbeans\nbbuild\netbeans\ide\modules\org-netbeans-modules-editor-completion.jar:C:\Project\github\javavscode\netbeans\nbbuild\netbeans\ide\modules\org-netbeans-spi-editor-hints.jar:C:\Project\github\javavscode\netbeans\nbbuild\netbeans\ide\modules\org-netbeans-modules-editor-errorstripe.jar:C:\Project\github\javavscode\netbeans\nbbuild\netbeans\ide\modules\org-netbeans-modules-editor-errorstripe-api.jar:C:\Project\github\javavscode\netbeans\nbbuild\netbeans\java\modules\org-netbeans-modules-java-completion.jar:C:\Project\github\javavscode\netbeans\nbbuild\netbeans\java\modules\org-netbeans-modules-java-lexer.jar:C:\Project\github\javavscode\netbeans\nbbuild\netbeans\java\modules\org-netbeans-modules-java-source-base.jar:C:\Project\github\javavscode\netbeans\nbbuild\netbeans\java\modules\org-netbeans-lib-nbjavac.jar:C:\Project\github\javavscode\netbeans\nbbuild\netbeans\ide\modules\org-netbeans-libs-lucene.jar:C:\Project\github\javavscode\netbeans\ide\libs.lucene\external\lucene-core-3.6.2.jar:C:\Project\github\javavscode\netbeans\nbbuild\netbeans\java\modules\org-netbeans-modules-classfile.jar:C:\Project\github\javavscode\netbeans\nbbuild\netbeans\java\modules\org-netbeans-modules-java-platform.jar:C:\Project\github\javavscode\netbeans\nbbuild\netbeans\java\modules\org-netbeans-modules-java-preprocessorbridge.jar:C:\Project\github\javavscode\netbeans\nbbuild\netbeans\ide\modules\org-netbeans-modules-parsing-api.jar:C:\Project\github\javavscode\netbeans\nbbuild\netbeans\ide\modules\org-netbeans-modules-parsing-lucene.jar:C:\Project\github\javavscode\netbeans\nbbuild\netbeans\platform\modules\org-netbeans-modules-masterfs.jar:C:\Project\github\javavscode\netbeans\nbbuild\netbeans\ide\modules\org-netbeans-modules-projectapi.jar:C:\Project\github\javavscode\netbeans\nbbuild\netbeans\ide\modules\org-netbeans-modules-parsing-indexing.jar:C:\Project\github\javavscode\netbeans\nbbuild\netbeans\ide\modules\org-netbeans-modules-project-indexingbridge.jar:C:\Project\github\javavscode\netbeans\nbbuild\netbeans\ide\modules\org-netbeans-modules-projectuiapi-base.jar:C:\Project\github\javavscode\netbeans\nbbuild\netbeans\ide\modules\org-netbeans-spi-tasklist.jar:C:\Project\github\javavscode\netbeans\nbbuild\netbeans\ide\modules\org-netbeans-modules-refactoring-api.jar:C:\Project\github\javavscode\netbeans\nbbuild\netbeans\ide\modules\org-netbeans-modules-diff.jar:C:\Project\github\javavscode\netbeans\nbbuild\netbeans\ide\modules\org-netbeans-modules-options-editor.jar:C:\Project\github\javavscode\netbeans\nbbuild\netbeans\java\modules\org-netbeans-modules-java-editor-base.jar:C:\Project\github\javavscode\netbeans\nbbuild\netbeans\java\modules\org-netbeans-modules-java-project.jar:C:\Project\github\javavscode\netbeans\nbbuild\netbeans\ide\modules\org-netbeans-modules-project-ant.jar:C:\Project\github\javavscode\netbeans\nbbuild\netbeans\ide\modules\org-netbeans-modules-project-libraries.jar:C:\Project\github\javavscode\netbeans\nbbuild\netbeans\ide\modules\org-netbeans-modules-project-spi-intern.jar:C:\Project\github\javavscode\netbeans\nbbuild\netbeans\ide\modules\org-netbeans-modules-xml-catalog.jar:C:\Project\github\javavscode\netbeans\nbbuild\netbeans\ide\modules\org-apache-xml-resolver.jar:C:\Project\github\javavscode\netbeans\ide\o.apache.xml.resolver\external\resolver-1.2.jar:C:\Project\github\javavscode\netbeans\nbbuild\netbeans\ide\modules\org-netbeans-api-xml.jar:C:\Project\github\javavscode\netbeans\nbbuild\netbeans\java\modules\org-netbeans-spi-java-hints.jar:C:\Project\github\javavscode\netbeans\nbbuild\netbeans\ide\modules\org-netbeans-modules-code-analysis.jar:C:\Project\github\javavscode\netbeans\nbbuild\netbeans\platform\modules\org-netbeans-modules-autoupdate-services.jar:C:\Project\github\javavscode\netbeans\nbbuild\netbeans\platform\modules\ext\updater.jar:C:\Project\github\javavscode\netbeans\nbbuild\netbeans\ide\modules\org-netbeans-modules-projectuiapi.jar:C:\Project\github\javavscode\netbeans\nbbuild\netbeans\platform\modules\org-netbeans-modules-settings.jar:C:\Project\github\javavscode\netbeans\nbbuild\netbeans\java\modules\org-netbeans-modules-java-source.jar:C:\Project\github\javavscode\netbeans\nbbuild\netbeans\platform\modules\org-netbeans-core-multiview.jar:C:\Project\github\javavscode\netbeans\nbbuild\netbeans\ide\modules\org-netbeans-modules-editor-indent-project.jar:C:\Project\github\javavscode\netbeans\nbbuild\netbeans\ide\modules\org-netbeans-modules-editor-indent-support.jar:C:\Project\github\javavscode\netbeans\nbbuild\netbeans\java\modules\org-netbeans-modules-java-sourceui.jar:C:\Project\github\javavscode\netbeans\nbbuild\netbeans\ide\modules\org-netbeans-modules-jumpto.jar:C:\Project\github\javavscode\netbeans\nbbuild\netbeans\platform\modules\org-netbeans-api-search.jar:C:\Project\github\javavscode\netbeans\nbbuild\netbeans\platform\modules\org-netbeans-core-ui.jar:C:\Project\github\javavscode\netbeans\nbbuild\netbeans\java\modules\org-netbeans-modules-refactoring-java.jar:C:\Project\github\javavscode\netbeans\nbbuild\netbeans\ide\modules\org-netbeans-modules-gototest.jar:C:\Project\github\javavscode\netbeans\nbbuild\netbeans\ide\modules\org-netbeans-modules-gsf-testrunner.jar:C:\Project\github\javavscode\netbeans\nbbuild\netbeans\ide\modules\org-netbeans-modules-extexecution.jar:C:\Project\github\javavscode\netbeans\nbbuild\netbeans\ide\modules\org-netbeans-modules-extexecution-base.jar:C:\Project\github\javavscode\netbeans\nbbuild\netbeans\ide\modules\org-netbeans-modules-gsf-testrunner-ui.jar:C:\Project\github\javavscode\netbeans\nbbuild\netbeans\java\modules\org-netbeans-modules-java-file-launcher.jar:C:\Project\github\javavscode\netbeans\nbbuild\netbeans\java\modules\org-netbeans-api-debugger-jpda.jar:C:\Project\github\javavscode\netbeans\nbbuild\netbeans\ide\modules\org-netbeans-api-debugger.jar:C:\Project\github\javavscode\netbeans\nbbuild\netbeans\java\modules\org-netbeans-modules-java-project-ui.jar:C:\Project\github\javavscode\netbeans\nbbuild\netbeans\extide\modules\org-apache-tools-ant-module.jar:C:\Project\github\javavscode\netbeans\nbbuild\netbeans\ide\modules\org-netbeans-api-xml-ui.jar:C:\Project\github\javavscode\netbeans\nbbuild\netbeans\extide\modules\org-netbeans-modules-options-java.jar:C:\Project\github\javavscode\netbeans\nbbuild\netbeans\ide\modules\org-netbeans-spi-navigator.jar:C:\Project\github\javavscode\netbeans\nbbuild\netbeans\platform\modules\org-openide-execution.jar:C:\Project\github\javavscode\netbeans\nbbuild\netbeans\java\modules\org-netbeans-modules-java-platform-ui.jar:C:\Project\github\javavscode\netbeans\nbbuild\netbeans\ide\modules\org-netbeans-modules-project-ant-ui.jar:C:\Project\github\javavscode\netbeans\nbbuild\netbeans\ide\modules\org-netbeans-modules-project-libraries-ui.jar:C:\Project\github\javavscode\netbeans\nbbuild\netbeans\platform\modules\org-netbeans-modules-javahelp.jar:C:\Project\github\javavscode\netbeans\platform\javahelp\external\jhall-2.0_05.jar:C:\Project\github\javavscode\netbeans\nbbuild\netbeans\java\modules\org-netbeans-modules-whitelist.jar:C:\Project\github\javavscode\netbeans\nbbuild\netbeans\java\modules\org-netbeans-modules-libs-corba-omgapi.jar:C:\Project\github\javavscode\netbeans\nbbuild\netbeans\java\modules\ext\corba\omgapi\glassfish-corba-omgapi.jar:C:\Project\github\javavscode\netbeans\nbbuild\netbeans\java\modules\org-netbeans-modules-java-editor-base.jar:C:\Project\github\javavscode\netbeans\nbbuild\netbeans\platform\modules\org-netbeans-api-annotations-common.jar:C:\Project\github\javavscode\netbeans\nbbuild\netbeans\ide\modules\org-netbeans-api-java-classpath.jar:C:\Project\github\javavscode\netbeans\nbbuild\netbeans\platform\core\org-openide-filesystems.jar:C:\Project\github\javavscode\netbeans\nbbuild\netbeans\platform\lib\org-openide-util.jar:C:\Project\github\javavscode\netbeans\nbbuild\netbeans\platform\lib\org-openide-util-lookup.jar:C:\Project\github\javavscode\netbeans\nbbuild\netbeans\java\modules\org-netbeans-libs-javacapi.jar:C:\Project\github\javavscode\netbeans\java\libs.javacapi\external\nb-javac-jdk-22+33-api.jar:C:\Project\github\javavscode\netbeans\java\libs.javacapi\external\nb-javac-jdk-22+33.jar:C:\Project\github\javavscode\netbeans\nbbuild\netbeans\platform\modules\org-netbeans-modules-editor-mimelookup.jar:C:\Project\github\javavscode\netbeans\nbbuild\netbeans\ide\modules\org-netbeans-modules-editor-settings.jar:C:\Project\github\javavscode\netbeans\nbbuild\netbeans\platform\lib\org-openide-modules.jar:C:\Project\github\javavscode\netbeans\nbbuild\netbeans\platform\lib\org-openide-util-ui.jar:C:\Project\github\javavscode\netbeans\nbbuild\netbeans\java\modules\org-netbeans-modules-java-lexer.jar:C:\Project\github\javavscode\netbeans\nbbuild\netbeans\ide\modules\org-netbeans-modules-lexer.jar:C:\Project\github\javavscode\netbeans\nbbuild\netbeans\ide\modules\org-netbeans-modules-editor-util.jar:C:\Project\github\javavscode\netbeans\nbbuild\netbeans\java\modules\org-netbeans-modules-java-project.jar:C:\Project\github\javavscode\netbeans\nbbuild\netbeans\java\modules\org-netbeans-api-java.jar:C:\Project\github\javavscode\netbeans\nbbuild\netbeans\java\modules\org-netbeans-modules-classfile.jar:C:\Project\github\javavscode\netbeans\nbbuild\netbeans\java\modules\org-netbeans-modules-java-platform.jar:C:\Project\github\javavscode\netbeans\nbbuild\netbeans\java\modules\org-netbeans-modules-java-source-base.jar:C:\Project\github\javavscode\netbeans\nbbuild\netbeans\platform\modules\org-netbeans-api-progress.jar:C:\Project\github\javavscode\netbeans\nbbuild\netbeans\platform\modules\org-netbeans-api-scripting.jar:C:\Project\github\javavscode\netbeans\nbbuild\netbeans\java\modules\org-netbeans-lib-nbjavac.jar:C:\Project\github\javavscode\netbeans\nbbuild\netbeans\platform\core\org-netbeans-libs-asm.jar:C:\Project\github\javavscode\netbeans\platform\libs.asm\external\asm-9.6.jar:C:\Project\github\javavscode\netbeans\platform\libs.asm\external\asm-tree-9.6.jar:C:\Project\github\javavscode\netbeans\platform\libs.asm\external\asm-commons-9.6.jar:C:\Project\github\javavscode\netbeans\nbbuild\netbeans\ide\modules\org-netbeans-libs-lucene.jar:C:\Project\github\javavscode\netbeans\ide\libs.lucene\external\lucene-core-3.6.2.jar:C:\Project\github\javavscode\netbeans\nbbuild\netbeans\ide\modules\org-netbeans-modules-editor-document.jar:C:\Project\github\javavscode\netbeans\nbbuild\netbeans\ide\modules\org-netbeans-modules-editor-guards.jar:C:\Project\github\javavscode\netbeans\nbbuild\netbeans\ide\modules\org-netbeans-modules-editor-indent.jar:C:\Project\github\javavscode\netbeans\nbbuild\netbeans\java\modules\org-netbeans-modules-java-preprocessorbridge.jar:C:\Project\github\javavscode\netbeans\nbbuild\netbeans\ide\modules\org-netbeans-modules-parsing-api.jar:C:\Project\github\javavscode\netbeans\nbbuild\netbeans\ide\modules\org-netbeans-modules-parsing-lucene.jar:C:\Project\github\javavscode\netbeans\nbbuild\netbeans\platform\modules\org-netbeans-modules-masterfs.jar:C:\Project\github\javavscode\netbeans\nbbuild\netbeans\platform\modules\org-netbeans-modules-queries.jar:C:\Project\github\javavscode\netbeans\nbbuild\netbeans\ide\modules\org-netbeans-modules-projectapi.jar:C:\Project\github\javavscode\netbeans\nbbuild\netbeans\ide\modules\org-netbeans-modules-parsing-indexing.jar:C:\Project\github\javavscode\netbeans\nbbuild\netbeans\ide\modules\org-netbeans-modules-project-indexingbridge.jar:C:\Project\github\javavscode\netbeans\nbbuild\netbeans\ide\modules\org-netbeans-modules-projectuiapi-base.jar:C:\Project\github\javavscode\netbeans\nbbuild\netbeans\platform\modules\org-openide-explorer.jar:C:\Project\github\javavscode\netbeans\nbbuild\netbeans\platform\modules\org-netbeans-swing-outline.jar:C:\Project\github\javavscode\netbeans\nbbuild\netbeans\platform\modules\org-netbeans-swing-tabcontrol.jar:C:\Project\github\javavscode\netbeans\nbbuild\netbeans\platform\modules\org-openide-awt.jar:C:\Project\github\javavscode\netbeans\nbbuild\netbeans\platform\modules\org-openide-windows.jar:C:\Project\github\javavscode\netbeans\nbbuild\netbeans\platform\modules\org-openide-nodes.jar:C:\Project\github\javavscode\netbeans\nbbuild\netbeans\platform\modules\org-openide-dialogs.jar:C:\Project\github\javavscode\netbeans\nbbuild\netbeans\platform\modules\org-netbeans-api-progress-nb.jar:C:\Project\github\javavscode\netbeans\nbbuild\netbeans\ide\modules\org-netbeans-spi-tasklist.jar:C:\Project\github\javavscode\netbeans\nbbuild\netbeans\ide\modules\org-netbeans-modules-refactoring-api.jar:C:\Project\github\javavscode\netbeans\nbbuild\netbeans\ide\modules\org-netbeans-modules-diff.jar:C:\Project\github\javavscode\netbeans\nbbuild\netbeans\ide\modules\org-netbeans-modules-editor-errorstripe.jar:C:\Project\github\javavscode\netbeans\nbbuild\netbeans\ide\modules\org-netbeans-modules-editor-errorstripe-api.jar:C:\Project\github\javavscode\netbeans\nbbuild\netbeans\ide\modules\org-netbeans-modules-editor-fold.jar:C:\Project\github\javavscode\netbeans\nbbuild\netbeans\ide\modules\org-netbeans-modules-editor-settings-lib.jar:C:\Project\github\javavscode\netbeans\nbbuild\netbeans\ide\modules\org-netbeans-modules-editor-lib.jar:C:\Project\github\javavscode\netbeans\nbbuild\netbeans\ide\modules\org-netbeans-modules-editor-lib2.jar:C:\Project\github\javavscode\netbeans\nbbuild\netbeans\platform\modules\org-openide-loaders.jar:C:\Project\github\javavscode\netbeans\nbbuild\netbeans\platform\modules\org-netbeans-api-templates.jar:C:\Project\github\javavscode\netbeans\nbbuild\netbeans\platform\modules\org-openide-actions.jar:C:\Project\github\javavscode\netbeans\nbbuild\netbeans\platform\modules\org-openide-text.jar:C:\Project\github\javavscode\netbeans\nbbuild\netbeans\platform\modules\org-openide-filesystems-nb.jar:C:\Project\github\javavscode\netbeans\nbbuild\netbeans\platform\modules\org-netbeans-modules-options-api.jar:C:\Project\github\javavscode\netbeans\nbbuild\netbeans\platform\modules\org-netbeans-core.jar:C:\Project\github\javavscode\netbeans\nbbuild\netbeans\platform\lib\boot.jar:C:\Project\github\javavscode\netbeans\nbbuild\netbeans\platform\core\core.jar:C:\Project\github\javavscode\netbeans\nbbuild\netbeans\platform\core\core-base.jar:C:\Project\github\javavscode\netbeans\nbbuild\netbeans\platform\modules\org-netbeans-modules-keyring.jar:C:\Project\github\javavscode\netbeans\nbbuild\netbeans\platform\modules\org-netbeans-modules-sampler.jar:C:\Project\github\javavscode\netbeans\nbbuild\netbeans\platform\modules\org-netbeans-swing-plaf.jar:C:\Project\github\javavscode\netbeans\nbbuild\netbeans\platform\modules\org-openide-io.jar:C:\Project\github\javavscode\netbeans\nbbuild\netbeans\platform\modules\org-netbeans-api-intent.jar:C:\Project\github\javavscode\netbeans\nbbuild\netbeans\platform\modules\org-netbeans-api-io.jar:C:\Project\github\javavscode\netbeans\nbbuild\netbeans\platform\modules\org-netbeans-spi-quicksearch.jar:C:\Project\github\javavscode\netbeans\nbbuild\netbeans\ide\modules\org-netbeans-modules-options-editor.jar:C:\Project\github\javavscode\netbeans\nbbuild\netbeans\ide\modules\org-netbeans-modules-editor.jar:C:\Project\github\javavscode\netbeans\nbbuild\netbeans\ide\modules\org-netbeans-api-lsp.jar:C:\Project\github\javavscode\netbeans\nbbuild\netbeans\ide\modules\org-netbeans-modules-editor-fold-nbui.jar:C:\Project\github\javavscode\netbeans\nbbuild\netbeans\ide\modules\org-netbeans-modules-editor-settings-storage.jar:C:\Project\github\javavscode\netbeans\nbbuild\netbeans\platform\modules\org-netbeans-modules-options-keymap.jar:C:\Project\github\javavscode\netbeans\nbbuild\netbeans\ide\modules\org-netbeans-modules-project-ant.jar:C:\Project\github\javavscode\netbeans\nbbuild\netbeans\ide\modules\org-netbeans-modules-project-libraries.jar:C:\Project\github\javavscode\netbeans\nbbuild\netbeans\ide\modules\org-netbeans-modules-project-spi-intern.jar:C:\Project\github\javavscode\netbeans\nbbuild\netbeans\ide\modules\org-netbeans-modules-xml-catalog.jar:C:\Project\github\javavscode\netbeans\nbbuild\netbeans\ide\modules\org-apache-xml-resolver.jar:C:\Project\github\javavscode\netbeans\ide\o.apache.xml.resolver\external\resolver-1.2.jar:C:\Project\github\javavscode\netbeans\nbbuild\netbeans\ide\modules\org-netbeans-api-xml.jar:C:\Project\github\javavscode\netbeans\nbbuild\netbeans\java\modules\org-netbeans-spi-java-hints.jar:C:\Project\github\javavscode\netbeans\nbbuild\netbeans\ide\modules\org-netbeans-modules-code-analysis.jar:C:\Project\github\javavscode\netbeans\nbbuild\netbeans\platform\modules\org-netbeans-modules-autoupdate-services.jar:C:\Project\github\javavscode\netbeans\nbbuild\netbeans\platform\modules\ext\updater.jar:C:\Project\github\javavscode\netbeans\nbbuild\netbeans\ide\modules\org-netbeans-modules-projectuiapi.jar:C:\Project\github\javavscode\netbeans\nbbuild\netbeans\platform\modules\org-netbeans-modules-settings.jar:C:\Project\github\javavscode\netbeans\nbbuild\netbeans\ide\modules\org-netbeans-spi-editor-hints.jar:C:\Project\github\javavscode\netbeans\nbbuild\netbeans\java\modules\org-netbeans-modules-java-source.jar:C:\Project\github\javavscode\netbeans\nbbuild\netbeans\platform\modules\org-netbeans-core-multiview.jar:C:\Project\github\javavscode\netbeans\nbbuild\netbeans\ide\modules\org-netbeans-modules-editor-indent-project.jar:C:\Project\github\javavscode\netbeans\nbbuild\netbeans\ide\modules\org-netbeans-modules-editor-indent-support.jar:C:\Project\github\javavscode\netbeans\nbbuild\netbeans\java\modules\org-netbeans-modules-java-file-launcher.jar:C:\Project\github\javavscode\netbeans\nbbuild\netbeans\platform\modules\org-netbeans-api-annotations-common.jar:C:\Project\github\javavscode\netbeans\nbbuild\netbeans\java\modules\org-netbeans-api-debugger-jpda.jar:C:\Project\github\javavscode\netbeans\nbbuild\netbeans\ide\modules\org-netbeans-api-debugger.jar:C:\Project\github\javavscode\netbeans\nbbuild\netbeans\ide\modules\org-netbeans-modules-projectapi.jar:C:\Project\github\javavscode\netbeans\nbbuild\netbeans\platform\modules\org-netbeans-modules-queries.jar:C:\Project\github\javavscode\netbeans\nbbuild\netbeans\platform\core\org-openide-filesystems.jar:C:\Project\github\javavscode\netbeans\nbbuild\netbeans\platform\lib\org-openide-util.jar:C:\Project\github\javavscode\netbeans\nbbuild\netbeans\platform\lib\org-openide-util-lookup.jar:C:\Project\github\javavscode\netbeans\nbbuild\netbeans\platform\lib\org-openide-modules.jar:C:\Project\github\javavscode\netbeans\nbbuild\netbeans\platform\lib\org-openide-util-ui.jar:C:\Project\github\javavscode\netbeans\nbbuild\netbeans\ide\modules\org-netbeans-api-java-classpath.jar:C:\Project\github\javavscode\netbeans\nbbuild\netbeans\java\modules\org-netbeans-api-java.jar:C:\Project\github\javavscode\netbeans\nbbuild\netbeans\platform\modules\org-netbeans-api-templates.jar:C:\Project\github\javavscode\netbeans\nbbuild\netbeans\platform\modules\org-netbeans-api-scripting.jar:C:\Project\github\javavscode\netbeans\nbbuild\netbeans\java\modules\org-netbeans-libs-javacapi.jar:C:\Project\github\javavscode\netbeans\java\libs.javacapi\external\nb-javac-jdk-22+33-api.jar:C:\Project\github\javavscode\netbeans\java\libs.javacapi\external\nb-javac-jdk-22+33.jar:C:\Project\github\javavscode\netbeans\nbbuild\netbeans\platform\modules\org-netbeans-modules-editor-mimelookup.jar:C:\Project\github\javavscode\netbeans\nbbuild\netbeans\ide\modules\org-netbeans-modules-extexecution.jar:C:\Project\github\javavscode\netbeans\nbbuild\netbeans\platform\modules\org-netbeans-api-progress.jar:C:\Project\github\javavscode\netbeans\nbbuild\netbeans\ide\modules\org-netbeans-modules-extexecution-base.jar:C:\Project\github\javavscode\netbeans\nbbuild\netbeans\platform\modules\org-openide-io.jar:C:\Project\github\javavscode\netbeans\nbbuild\netbeans\platform\modules\org-netbeans-api-intent.jar:C:\Project\github\javavscode\netbeans\nbbuild\netbeans\platform\modules\org-netbeans-api-io.jar:C:\Project\github\javavscode\netbeans\nbbuild\netbeans\java\modules\org-netbeans-modules-java-lexer.jar:C:\Project\github\javavscode\netbeans\nbbuild\netbeans\ide\modules\org-netbeans-modules-lexer.jar:C:\Project\github\javavscode\netbeans\nbbuild\netbeans\ide\modules\org-netbeans-modules-editor-util.jar:C:\Project\github\javavscode\netbeans\nbbuild\netbeans\java\modules\org-netbeans-modules-java-platform.jar:C:\Project\github\javavscode\netbeans\nbbuild\netbeans\java\modules\org-netbeans-modules-java-project-ui.jar:C:\Project\github\javavscode\netbeans\nbbuild\netbeans\extide\modules\org-apache-tools-ant-module.jar:C:\Project\github\javavscode\netbeans\nbbuild\netbeans\ide\modules\org-netbeans-api-xml.jar:C:\Project\github\javavscode\netbeans\nbbuild\netbeans\ide\modules\org-netbeans-modules-editor-document.jar:C:\Project\github\javavscode\netbeans\nbbuild\netbeans\ide\modules\org-netbeans-api-xml-ui.jar:C:\Project\github\javavscode\netbeans\nbbuild\netbeans\platform\modules\org-openide-loaders.jar:C:\Project\github\javavscode\netbeans\nbbuild\netbeans\platform\modules\org-netbeans-api-progress-nb.jar:C:\Project\github\javavscode\netbeans\nbbuild\netbeans\platform\modules\org-openide-awt.jar:C:\Project\github\javavscode\netbeans\nbbuild\netbeans\platform\modules\org-openide-actions.jar:C:\Project\github\javavscode\netbeans\nbbuild\netbeans\platform\modules\org-openide-dialogs.jar:C:\Project\github\javavscode\netbeans\nbbuild\netbeans\platform\modules\org-openide-explorer.jar:C:\Project\github\javavscode\netbeans\nbbuild\netbeans\platform\modules\org-netbeans-swing-outline.jar:C:\Project\github\javavscode\netbeans\nbbuild\netbeans\platform\modules\org-netbeans-swing-tabcontrol.jar:C:\Project\github\javavscode\netbeans\nbbuild\netbeans\platform\modules\org-openide-windows.jar:C:\Project\github\javavscode\netbeans\nbbuild\netbeans\platform\modules\org-openide-nodes.jar:C:\Project\github\javavscode\netbeans\nbbuild\netbeans\platform\modules\org-openide-text.jar:C:\Project\github\javavscode\netbeans\nbbuild\netbeans\platform\modules\org-openide-filesystems-nb.jar:C:\Project\github\javavscode\netbeans\nbbuild\netbeans\platform\modules\org-netbeans-core-multiview.jar:C:\Project\github\javavscode\netbeans\nbbuild\netbeans\platform\modules\org-netbeans-modules-options-api.jar:C:\Project\github\javavscode\netbeans\nbbuild\netbeans\platform\modules\org-netbeans-core.jar:C:\Project\github\javavscode\netbeans\nbbuild\netbeans\platform\lib\boot.jar:C:\Project\github\javavscode\netbeans\nbbuild\netbeans\platform\core\core.jar:C:\Project\github\javavscode\netbeans\nbbuild\netbeans\platform\core\org-netbeans-libs-asm.jar:C:\Project\github\javavscode\netbeans\platform\libs.asm\external\asm-9.6.jar:C:\Project\github\javavscode\netbeans\platform\libs.asm\external\asm-tree-9.6.jar:C:\Project\github\javavscode\netbeans\platform\libs.asm\external\asm-commons-9.6.jar:C:\Project\github\javavscode\netbeans\nbbuild\netbeans\platform\core\core-base.jar:C:\Project\github\javavscode\netbeans\nbbuild\netbeans\platform\modules\org-netbeans-modules-keyring.jar:C:\Project\github\javavscode\netbeans\nbbuild\netbeans\platform\modules\org-netbeans-modules-sampler.jar:C:\Project\github\javavscode\netbeans\nbbuild\netbeans\platform\modules\org-netbeans-swing-plaf.jar:C:\Project\github\javavscode\netbeans\nbbuild\netbeans\platform\modules\org-netbeans-spi-quicksearch.jar:C:\Project\github\javavscode\netbeans\nbbuild\netbeans\extide\modules\org-netbeans-modules-options-java.jar:C:\Project\github\javavscode\netbeans\nbbuild\netbeans\ide\modules\org-netbeans-modules-project-indexingbridge.jar:C:\Project\github\javavscode\netbeans\nbbuild\netbeans\ide\modules\org-netbeans-modules-projectuiapi.jar:C:\Project\github\javavscode\netbeans\nbbuild\netbeans\ide\modules\org-netbeans-modules-projectuiapi-base.jar:C:\Project\github\javavscode\netbeans\nbbuild\netbeans\ide\modules\org-netbeans-spi-navigator.jar:C:\Project\github\javavscode\netbeans\nbbuild\netbeans\platform\modules\org-openide-execution.jar:C:\Project\github\javavscode\netbeans\nbbuild\netbeans\platform\modules\org-netbeans-api-search.jar:C:\Project\github\javavscode\netbeans\nbbuild\netbeans\java\modules\org-netbeans-modules-classfile.jar:C:\Project\github\javavscode\netbeans\nbbuild\netbeans\java\modules\org-netbeans-modules-java-platform-ui.jar:C:\Project\github\javavscode\netbeans\nbbuild\netbeans\java\modules\org-netbeans-modules-java-project.jar:C:\Project\github\javavscode\netbeans\nbbuild\netbeans\java\modules\org-netbeans-modules-java-source-base.jar:C:\Project\github\javavscode\netbeans\nbbuild\netbeans\java\modules\org-netbeans-lib-nbjavac.jar:C:\Project\github\javavscode\netbeans\nbbuild\netbeans\ide\modules\org-netbeans-libs-lucene.jar:C:\Project\github\javavscode\netbeans\ide\libs.lucene\external\lucene-core-3.6.2.jar:C:\Project\github\javavscode\netbeans\nbbuild\netbeans\ide\modules\org-netbeans-modules-editor-guards.jar:C:\Project\github\javavscode\netbeans\nbbuild\netbeans\ide\modules\org-netbeans-modules-editor-indent.jar:C:\Project\github\javavscode\netbeans\nbbuild\netbeans\ide\modules\org-netbeans-modules-editor-settings.jar:C:\Project\github\javavscode\netbeans\nbbuild\netbeans\java\modules\org-netbeans-modules-java-preprocessorbridge.jar:C:\Project\github\javavscode\netbeans\nbbuild\netbeans\ide\modules\org-netbeans-modules-parsing-api.jar:C:\Project\github\javavscode\netbeans\nbbuild\netbeans\ide\modules\org-netbeans-modules-parsing-lucene.jar:C:\Project\github\javavscode\netbeans\nbbuild\netbeans\platform\modules\org-netbeans-modules-masterfs.jar:C:\Project\github\javavscode\netbeans\nbbuild\netbeans\ide\modules\org-netbeans-modules-parsing-indexing.jar:C:\Project\github\javavscode\netbeans\nbbuild\netbeans\ide\modules\org-netbeans-spi-tasklist.jar:C:\Project\github\javavscode\netbeans\nbbuild\netbeans\ide\modules\org-netbeans-modules-refactoring-api.jar:C:\Project\github\javavscode\netbeans\nbbuild\netbeans\ide\modules\org-netbeans-modules-diff.jar:C:\Project\github\javavscode\netbeans\nbbuild\netbeans\ide\modules\org-netbeans-modules-editor-errorstripe.jar:C:\Project\github\javavscode\netbeans\nbbuild\netbeans\ide\modules\org-netbeans-modules-editor-errorstripe-api.jar:C:\Project\github\javavscode\netbeans\nbbuild\netbeans\ide\modules\org-netbeans-modules-editor-fold.jar:C:\Project\github\javavscode\netbeans\nbbuild\netbeans\ide\modules\org-netbeans-modules-editor-settings-lib.jar:C:\Project\github\javavscode\netbeans\nbbuild\netbeans\ide\modules\org-netbeans-modules-editor-lib.jar:C:\Project\github\javavscode\netbeans\nbbuild\netbeans\ide\modules\org-netbeans-modules-editor-lib2.jar:C:\Project\github\javavscode\netbeans\nbbuild\netbeans\ide\modules\org-netbeans-modules-options-editor.jar:C:\Project\github\javavscode\netbeans\nbbuild\netbeans\ide\modules\org-netbeans-modules-editor.jar:C:\Project\github\javavscode\netbeans\nbbuild\netbeans\ide\modules\org-netbeans-api-lsp.jar:C:\Project\github\javavscode\netbeans\nbbuild\netbeans\ide\modules\org-netbeans-modules-editor-fold-nbui.jar:C:\Project\github\javavscode\netbeans\nbbuild\netbeans\ide\modules\org-netbeans-modules-editor-settings-storage.jar:C:\Project\github\javavscode\netbeans\nbbuild\netbeans\platform\modules\org-netbeans-modules-options-keymap.jar:C:\Project\github\javavscode\netbeans\nbbuild\netbeans\ide\modules\org-netbeans-modules-project-ant.jar:C:\Project\github\javavscode\netbeans\nbbuild\netbeans\ide\modules\org-netbeans-modules-project-libraries.jar:C:\Project\github\javavscode\netbeans\nbbuild\netbeans\ide\modules\org-netbeans-modules-project-spi-intern.jar:C:\Project\github\javavscode\netbeans\nbbuild\netbeans\ide\modules\org-netbeans-modules-xml-catalog.jar:C:\Project\github\javavscode\netbeans\nbbuild\netbeans\ide\modules\org-apache-xml-resolver.jar:C:\Project\github\javavscode\netbeans\ide\o.apache.xml.resolver\external\resolver-1.2.jar:C:\Project\github\javavscode\netbeans\nbbuild\netbeans\java\modules\org-netbeans-modules-java-source.jar:C:\Project\github\javavscode\netbeans\nbbuild\netbeans\platform\modules\org-netbeans-modules-autoupdate-services.jar:C:\Project\github\javavscode\netbeans\nbbuild\netbeans\platform\modules\ext\updater.jar:C:\Project\github\javavscode\netbeans\nbbuild\netbeans\ide\modules\org-netbeans-modules-editor-indent-project.jar:C:\Project\github\javavscode\netbeans\nbbuild\netbeans\ide\modules\org-netbeans-modules-editor-indent-support.jar:C:\Project\github\javavscode\netbeans\nbbuild\netbeans\java\modules\org-netbeans-modules-java-sourceui.jar:C:\Project\github\javavscode\netbeans\nbbuild\netbeans\ide\modules\org-netbeans-modules-jumpto.jar:C:\Project\github\javavscode\netbeans\nbbuild\netbeans\platform\modules\org-netbeans-core-ui.jar:C:\Project\github\javavscode\netbeans\nbbuild\netbeans\ide\modules\org-netbeans-modules-project-ant-ui.jar:C:\Project\github\javavscode\netbeans\nbbuild\netbeans\ide\modules\org-netbeans-modules-project-libraries-ui.jar:C:\Project\github\javavscode\netbeans\nbbuild\netbeans\ide\modules\org-netbeans-spi-editor-hints.jar:C:\Project\github\javavscode\netbeans\nbbuild\netbeans\java\modules\org-netbeans-modules-java-hints.jar:C:\Project\github\javavscode\netbeans\nbbuild\netbeans\platform\modules\org-netbeans-api-annotations-common.jar:C:\Project\github\javavscode\netbeans\nbbuild\netbeans\java\modules\org-netbeans-api-java.jar:C:\Project\github\javavscode\netbeans\nbbuild\netbeans\ide\modules\org-netbeans-api-java-classpath.jar:C:\Project\github\javavscode\netbeans\nbbuild\netbeans\platform\core\org-openide-filesystems.jar:C:\Project\github\javavscode\netbeans\nbbuild\netbeans\platform\lib\org-openide-util.jar:C:\Project\github\javavscode\netbeans\nbbuild\netbeans\platform\lib\org-openide-util-lookup.jar:C:\Project\github\javavscode\netbeans\nbbuild\netbeans\platform\lib\org-openide-modules.jar:C:\Project\github\javavscode\netbeans\nbbuild\netbeans\platform\lib\org-openide-util-ui.jar:C:\Project\github\javavscode\netbeans\nbbuild\netbeans\ide\modules\org-netbeans-api-lsp.jar:C:\Project\github\javavscode\netbeans\nbbuild\netbeans\platform\modules\org-netbeans-modules-editor-mimelookup.jar:C:\Project\github\javavscode\netbeans\nbbuild\netbeans\ide\modules\org-netbeans-modules-editor-util.jar:C:\Project\github\javavscode\netbeans\nbbuild\netbeans\platform\modules\org-netbeans-api-progress.jar:C:\Project\github\javavscode\netbeans\nbbuild\netbeans\platform\modules\org-netbeans-api-progress-nb.jar:C:\Project\github\javavscode\netbeans\nbbuild\netbeans\platform\modules\org-openide-awt.jar:C:\Project\github\javavscode\netbeans\nbbuild\netbeans\platform\modules\org-netbeans-api-templates.jar:C:\Project\github\javavscode\netbeans\nbbuild\netbeans\platform\modules\org-netbeans-api-scripting.jar:C:\Project\github\javavscode\netbeans\nbbuild\netbeans\platform\modules\org-netbeans-modules-queries.jar:C:\Project\github\javavscode\netbeans\nbbuild\netbeans\java\modules\org-netbeans-libs-javacapi.jar:C:\Project\github\javavscode\netbeans\java\libs.javacapi\external\nb-javac-jdk-22+33-api.jar:C:\Project\github\javavscode\netbeans\java\libs.javacapi\external\nb-javac-jdk-22+33.jar:C:\Project\github\javavscode\netbeans\nbbuild\netbeans\ide\modules\org-netbeans-libs-lucene.jar:C:\Project\github\javavscode\netbeans\ide\libs.lucene\external\lucene-core-3.6.2.jar:C:\Project\github\javavscode\netbeans\nbbuild\netbeans\ide\modules\org-netbeans-modules-editor.jar:C:\Project\github\javavscode\netbeans\nbbuild\netbeans\ide\modules\org-netbeans-modules-editor-document.jar:C:\Project\github\javavscode\netbeans\nbbuild\netbeans\ide\modules\org-netbeans-modules-editor-fold.jar:C:\Project\github\javavscode\netbeans\nbbuild\netbeans\ide\modules\org-netbeans-modules-editor-settings.jar:C:\Project\github\javavscode\netbeans\nbbuild\netbeans\ide\modules\org-netbeans-modules-lexer.jar:C:\Project\github\javavscode\netbeans\nbbuild\netbeans\ide\modules\org-netbeans-modules-editor-settings-lib.jar:C:\Project\github\javavscode\netbeans\nbbuild\netbeans\ide\modules\org-netbeans-modules-editor-fold-nbui.jar:C:\Project\github\javavscode\netbeans\nbbuild\netbeans\ide\modules\org-netbeans-modules-editor-lib.jar:C:\Project\github\javavscode\netbeans\nbbuild\netbeans\ide\modules\org-netbeans-modules-editor-guards.jar:C:\Project\github\javavscode\netbeans\nbbuild\netbeans\ide\modules\org-netbeans-modules-editor-indent.jar:C:\Project\github\javavscode\netbeans\nbbuild\netbeans\ide\modules\org-netbeans-modules-editor-lib2.jar:C:\Project\github\javavscode\netbeans\nbbuild\netbeans\platform\modules\org-openide-dialogs.jar:C:\Project\github\javavscode\netbeans\nbbuild\netbeans\ide\modules\org-netbeans-modules-editor-settings-storage.jar:C:\Project\github\javavscode\netbeans\nbbuild\netbeans\platform\modules\org-openide-filesystems-nb.jar:C:\Project\github\javavscode\netbeans\nbbuild\netbeans\platform\modules\org-netbeans-modules-options-keymap.jar:C:\Project\github\javavscode\netbeans\nbbuild\netbeans\platform\modules\org-netbeans-modules-options-api.jar:C:\Project\github\javavscode\netbeans\nbbuild\netbeans\platform\modules\org-netbeans-core.jar:C:\Project\github\javavscode\netbeans\nbbuild\netbeans\platform\lib\boot.jar:C:\Project\github\javavscode\netbeans\nbbuild\netbeans\platform\core\core.jar:C:\Project\github\javavscode\netbeans\nbbuild\netbeans\platform\core\org-netbeans-libs-asm.jar:C:\Project\github\javavscode\netbeans\platform\libs.asm\external\asm-9.6.jar:C:\Project\github\javavscode\netbeans\platform\libs.asm\external\asm-tree-9.6.jar:C:\Project\github\javavscode\netbeans\platform\libs.asm\external\asm-commons-9.6.jar:C:\Project\github\javavscode\netbeans\nbbuild\netbeans\platform\core\core-base.jar:C:\Project\github\javavscode\netbeans\nbbuild\netbeans\platform\modules\org-netbeans-modules-keyring.jar:C:\Project\github\javavscode\netbeans\nbbuild\netbeans\platform\modules\org-netbeans-modules-sampler.jar:C:\Project\github\javavscode\netbeans\nbbuild\netbeans\platform\modules\org-netbeans-swing-plaf.jar:C:\Project\github\javavscode\netbeans\nbbuild\netbeans\platform\modules\org-openide-actions.jar:C:\Project\github\javavscode\netbeans\nbbuild\netbeans\platform\modules\org-openide-explorer.jar:C:\Project\github\javavscode\netbeans\nbbuild\netbeans\platform\modules\org-netbeans-swing-outline.jar:C:\Project\github\javavscode\netbeans\nbbuild\netbeans\platform\modules\org-netbeans-swing-tabcontrol.jar:C:\Project\github\javavscode\netbeans\nbbuild\netbeans\platform\modules\org-openide-windows.jar:C:\Project\github\javavscode\netbeans\nbbuild\netbeans\platform\modules\org-openide-nodes.jar:C:\Project\github\javavscode\netbeans\nbbuild\netbeans\platform\modules\org-openide-text.jar:C:\Project\github\javavscode\netbeans\nbbuild\netbeans\platform\modules\org-openide-io.jar:C:\Project\github\javavscode\netbeans\nbbuild\netbeans\platform\modules\org-netbeans-api-intent.jar:C:\Project\github\javavscode\netbeans\nbbuild\netbeans\platform\modules\org-netbeans-api-io.jar:C:\Project\github\javavscode\netbeans\nbbuild\netbeans\platform\modules\org-openide-loaders.jar:C:\Project\github\javavscode\netbeans\nbbuild\netbeans\platform\modules\org-netbeans-spi-quicksearch.jar:C:\Project\github\javavscode\netbeans\nbbuild\netbeans\ide\modules\org-netbeans-modules-editor-errorstripe-api.jar:C:\Project\github\javavscode\netbeans\nbbuild\netbeans\ide\modules\org-netbeans-modules-editor-tools-storage.jar:C:\Project\github\javavscode\netbeans\nbbuild\netbeans\ide\modules\org-netbeans-modules-projectapi.jar:C:\Project\github\javavscode\netbeans\nbbuild\netbeans\ide\modules\org-netbeans-modules-projectuiapi.jar:C:\Project\github\javavscode\netbeans\nbbuild\netbeans\ide\modules\org-netbeans-modules-projectuiapi-base.jar:C:\Project\github\javavscode\netbeans\nbbuild\netbeans\java\modules\org-netbeans-modules-java-completion.jar:C:\Project\github\javavscode\netbeans\nbbuild\netbeans\java\modules\org-netbeans-modules-java-lexer.jar:C:\Project\github\javavscode\netbeans\nbbuild\netbeans\java\modules\org-netbeans-modules-java-source-base.jar:C:\Project\github\javavscode\netbeans\nbbuild\netbeans\java\modules\org-netbeans-lib-nbjavac.jar:C:\Project\github\javavscode\netbeans\nbbuild\netbeans\java\modules\org-netbeans-modules-classfile.jar:C:\Project\github\javavscode\netbeans\nbbuild\netbeans\java\modules\org-netbeans-modules-java-platform.jar:C:\Project\github\javavscode\netbeans\nbbuild\netbeans\java\modules\org-netbeans-modules-java-preprocessorbridge.jar:C:\Project\github\javavscode\netbeans\nbbuild\netbeans\ide\modules\org-netbeans-modules-parsing-api.jar:C:\Project\github\javavscode\netbeans\nbbuild\netbeans\ide\modules\org-netbeans-modules-parsing-lucene.jar:C:\Project\github\javavscode\netbeans\nbbuild\netbeans\platform\modules\org-netbeans-modules-masterfs.jar:C:\Project\github\javavscode\netbeans\nbbuild\netbeans\ide\modules\org-netbeans-modules-parsing-indexing.jar:C:\Project\github\javavscode\netbeans\nbbuild\netbeans\ide\modules\org-netbeans-modules-project-indexingbridge.jar:C:\Project\github\javavscode\netbeans\nbbuild\netbeans\ide\modules\org-netbeans-spi-tasklist.jar:C:\Project\github\javavscode\netbeans\nbbuild\netbeans\ide\modules\org-netbeans-modules-refactoring-api.jar:C:\Project\github\javavscode\netbeans\nbbuild\netbeans\ide\modules\org-netbeans-modules-diff.jar:C:\Project\github\javavscode\netbeans\nbbuild\netbeans\ide\modules\org-netbeans-modules-editor-errorstripe.jar:C:\Project\github\javavscode\netbeans\nbbuild\netbeans\ide\modules\org-netbeans-modules-options-editor.jar:C:\Project\github\javavscode\netbeans\nbbuild\netbeans\java\modules\org-netbeans-modules-java-editor.jar:C:\Project\github\javavscode\netbeans\nbbuild\netbeans\ide\modules\org-netbeans-modules-editor-bracesmatching.jar:C:\Project\github\javavscode\netbeans\nbbuild\netbeans\ide\modules\org-netbeans-modules-editor-codetemplates.jar:C:\Project\github\javavscode\netbeans\nbbuild\netbeans\ide\modules\org-netbeans-modules-editor-completion.jar:C:\Project\github\javavscode\netbeans\nbbuild\netbeans\ide\modules\org-netbeans-spi-editor-hints.jar:C:\Project\github\javavscode\netbeans\nbbuild\netbeans\java\modules\org-netbeans-modules-java-editor-base.jar:C:\Project\github\javavscode\netbeans\nbbuild\netbeans\java\modules\org-netbeans-modules-java-project.jar:C:\Project\github\javavscode\netbeans\nbbuild\netbeans\ide\modules\org-netbeans-modules-project-ant.jar:C:\Project\github\javavscode\netbeans\nbbuild\netbeans\ide\modules\org-netbeans-modules-project-libraries.jar:C:\Project\github\javavscode\netbeans\nbbuild\netbeans\ide\modules\org-netbeans-modules-project-spi-intern.jar:C:\Project\github\javavscode\netbeans\nbbuild\netbeans\ide\modules\org-netbeans-modules-xml-catalog.jar:C:\Project\github\javavscode\netbeans\nbbuild\netbeans\ide\modules\org-apache-xml-resolver.jar:C:\Project\github\javavscode\netbeans\ide\o.apache.xml.resolver\external\resolver-1.2.jar:C:\Project\github\javavscode\netbeans\nbbuild\netbeans\ide\modules\org-netbeans-api-xml.jar:C:\Project\github\javavscode\netbeans\nbbuild\netbeans\java\modules\org-netbeans-spi-java-hints.jar:C:\Project\github\javavscode\netbeans\nbbuild\netbeans\ide\modules\org-netbeans-modules-code-analysis.jar:C:\Project\github\javavscode\netbeans\nbbuild\netbeans\platform\modules\org-netbeans-modules-autoupdate-services.jar:C:\Project\github\javavscode\netbeans\nbbuild\netbeans\platform\modules\ext\updater.jar:C:\Project\github\javavscode\netbeans\nbbuild\netbeans\platform\modules\org-netbeans-modules-settings.jar:C:\Project\github\javavscode\netbeans\nbbuild\netbeans\java\modules\org-netbeans-modules-java-source.jar:C:\Project\github\javavscode\netbeans\nbbuild\netbeans\platform\modules\org-netbeans-core-multiview.jar:C:\Project\github\javavscode\netbeans\nbbuild\netbeans\ide\modules\org-netbeans-modules-editor-indent-project.jar:C:\Project\github\javavscode\netbeans\nbbuild\netbeans\ide\modules\org-netbeans-modules-editor-indent-support.jar:C:\Project\github\javavscode\netbeans\nbbuild\netbeans\java\modules\org-netbeans-modules-java-sourceui.jar:C:\Project\github\javavscode\netbeans\nbbuild\netbeans\ide\modules\org-netbeans-modules-jumpto.jar:C:\Project\github\javavscode\netbeans\nbbuild\netbeans\platform\modules\org-netbeans-api-search.jar:C:\Project\github\javavscode\netbeans\nbbuild\netbeans\platform\modules\org-netbeans-core-ui.jar:C:\Project\github\javavscode\netbeans\nbbuild\netbeans\java\modules\org-netbeans-modules-refactoring-java.jar:C:\Project\github\javavscode\netbeans\nbbuild\netbeans\ide\modules\org-netbeans-modules-gototest.jar:C:\Project\github\javavscode\netbeans\nbbuild\netbeans\ide\modules\org-netbeans-modules-gsf-testrunner.jar:C:\Project\github\javavscode\netbeans\nbbuild\netbeans\ide\modules\org-netbeans-modules-extexecution.jar:C:\Project\github\javavscode\netbeans\nbbuild\netbeans\ide\modules\org-netbeans-modules-extexecution-base.jar:C:\Project\github\javavscode\netbeans\nbbuild\netbeans\ide\modules\org-netbeans-modules-gsf-testrunner-ui.jar:C:\Project\github\javavscode\netbeans\nbbuild\netbeans\java\modules\org-netbeans-modules-java-file-launcher.jar:C:\Project\github\javavscode\netbeans\nbbuild\netbeans\java\modules\org-netbeans-api-debugger-jpda.jar:C:\Project\github\javavscode\netbeans\nbbuild\netbeans\ide\modules\org-netbeans-api-debugger.jar:C:\Project\github\javavscode\netbeans\nbbuild\netbeans\java\modules\org-netbeans-modules-java-project-ui.jar:C:\Project\github\javavscode\netbeans\nbbuild\netbeans\extide\modules\org-apache-tools-ant-module.jar:C:\Project\github\javavscode\netbeans\nbbuild\netbeans\ide\modules\org-netbeans-api-xml-ui.jar:C:\Project\github\javavscode\netbeans\nbbuild\netbeans\extide\modules\org-netbeans-modules-options-java.jar:C:\Project\github\javavscode\netbeans\nbbuild\netbeans\ide\modules\org-netbeans-spi-navigator.jar:C:\Project\github\javavscode\netbeans\nbbuild\netbeans\platform\modules\org-openide-execution.jar:C:\Project\github\javavscode\netbeans\nbbuild\netbeans\java\modules\org-netbeans-modules-java-platform-ui.jar:C:\Project\github\javavscode\netbeans\nbbuild\netbeans\ide\modules\org-netbeans-modules-project-ant-ui.jar:C:\Project\github\javavscode\netbeans\nbbuild\netbeans\ide\modules\org-netbeans-modules-project-libraries-ui.jar:C:\Project\github\javavscode\netbeans\nbbuild\netbeans\platform\modules\org-netbeans-modules-javahelp.jar:C:\Project\github\javavscode\netbeans\platform\javahelp\external\jhall-2.0_05.jar:C:\Project\github\javavscode\netbeans\nbbuild\netbeans\java\modules\org-netbeans-modules-whitelist.jar:C:\Project\github\javavscode\netbeans\nbbuild\netbeans\java\modules\org-netbeans-modules-libs-corba-omgapi.jar:C:\Project\github\javavscode\netbeans\nbbuild\netbeans\java\modules\ext\corba\omgapi\glassfish-corba-omgapi.jar:C:\Project\github\javavscode\netbeans\nbbuild\netbeans\java\modules\org-netbeans-modules-java-hints-legacy-spi.jar:C:\Project\github\javavscode\netbeans\nbbuild\netbeans\java\modules\org-netbeans-modules-java-hints-legacy-spi.jar:C:\Project\github\javavscode\netbeans\nbbuild\netbeans\java\modules\org-netbeans-libs-javacapi.jar:C:\Project\github\javavscode\netbeans\java\libs.javacapi\external\nb-javac-jdk-22+33-api.jar:C:\Project\github\javavscode\netbeans\java\libs.javacapi\external\nb-javac-jdk-22+33.jar:C:\Project\github\javavscode\netbeans\nbbuild\netbeans\java\modules\org-netbeans-modules-java-source-base.jar:C:\Project\github\javavscode\netbeans\nbbuild\netbeans\platform\modules\org-netbeans-api-annotations-common.jar:C:\Project\github\javavscode\netbeans\nbbuild\netbeans\java\modules\org-netbeans-api-java.jar:C:\Project\github\javavscode\netbeans\nbbuild\netbeans\ide\modules\org-netbeans-api-java-classpath.jar:C:\Project\github\javavscode\netbeans\nbbuild\netbeans\platform\core\org-openide-filesystems.jar:C:\Project\github\javavscode\netbeans\nbbuild\netbeans\platform\lib\org-openide-util.jar:C:\Project\github\javavscode\netbeans\nbbuild\netbeans\platform\lib\org-openide-util-lookup.jar:C:\Project\github\javavscode\netbeans\nbbuild\netbeans\platform\lib\org-openide-modules.jar:C:\Project\github\javavscode\netbeans\nbbuild\netbeans\platform\lib\org-openide-util-ui.jar:C:\Project\github\javavscode\netbeans\nbbuild\netbeans\platform\modules\org-netbeans-api-progress.jar:C:\Project\github\javavscode\netbeans\nbbuild\netbeans\platform\modules\org-netbeans-api-scripting.jar:C:\Project\github\javavscode\netbeans\nbbuild\netbeans\java\modules\org-netbeans-lib-nbjavac.jar:C:\Project\github\javavscode\netbeans\nbbuild\netbeans\platform\core\org-netbeans-libs-asm.jar:C:\Project\github\javavscode\netbeans\platform\libs.asm\external\asm-9.6.jar:C:\Project\github\javavscode\netbeans\platform\libs.asm\external\asm-tree-9.6.jar:C:\Project\github\javavscode\netbeans\platform\libs.asm\external\asm-commons-9.6.jar:C:\Project\github\javavscode\netbeans\nbbuild\netbeans\ide\modules\org-netbeans-libs-lucene.jar:C:\Project\github\javavscode\netbeans\ide\libs.lucene\external\lucene-core-3.6.2.jar:C:\Project\github\javavscode\netbeans\nbbuild\netbeans\java\modules\org-netbeans-modules-classfile.jar:C:\Project\github\javavscode\netbeans\nbbuild\netbeans\ide\modules\org-netbeans-modules-editor-document.jar:C:\Project\github\javavscode\netbeans\nbbuild\netbeans\platform\modules\org-netbeans-modules-editor-mimelookup.jar:C:\Project\github\javavscode\netbeans\nbbuild\netbeans\ide\modules\org-netbeans-modules-editor-util.jar:C:\Project\github\javavscode\netbeans\nbbuild\netbeans\ide\modules\org-netbeans-modules-editor-guards.jar:C:\Project\github\javavscode\netbeans\nbbuild\netbeans\ide\modules\org-netbeans-modules-editor-indent.jar:C:\Project\github\javavscode\netbeans\nbbuild\netbeans\ide\modules\org-netbeans-modules-editor-settings.jar:C:\Project\github\javavscode\netbeans\nbbuild\netbeans\ide\modules\org-netbeans-modules-lexer.jar:C:\Project\github\javavscode\netbeans\nbbuild\netbeans\java\modules\org-netbeans-modules-java-lexer.jar:C:\Project\github\javavscode\netbeans\nbbuild\netbeans\java\modules\org-netbeans-modules-java-platform.jar:C:\Project\github\javavscode\netbeans\nbbuild\netbeans\java\modules\org-netbeans-modules-java-preprocessorbridge.jar:C:\Project\github\javavscode\netbeans\nbbuild\netbeans\ide\modules\org-netbeans-modules-parsing-api.jar:C:\Project\github\javavscode\netbeans\nbbuild\netbeans\ide\modules\org-netbeans-modules-parsing-lucene.jar:C:\Project\github\javavscode\netbeans\nbbuild\netbeans\platform\modules\org-netbeans-modules-masterfs.jar:C:\Project\github\javavscode\netbeans\nbbuild\netbeans\platform\modules\org-netbeans-modules-queries.jar:C:\Project\github\javavscode\netbeans\nbbuild\netbeans\ide\modules\org-netbeans-modules-projectapi.jar:C:\Project\github\javavscode\netbeans\nbbuild\netbeans\ide\modules\org-netbeans-modules-parsing-indexing.jar:C:\Project\github\javavscode\netbeans\nbbuild\netbeans\ide\modules\org-netbeans-modules-project-indexingbridge.jar:C:\Project\github\javavscode\netbeans\nbbuild\netbeans\ide\modules\org-netbeans-modules-projectuiapi-base.jar:C:\Project\github\javavscode\netbeans\nbbuild\netbeans\platform\modules\org-openide-explorer.jar:C:\Project\github\javavscode\netbeans\nbbuild\netbeans\platform\modules\org-netbeans-swing-outline.jar:C:\Project\github\javavscode\netbeans\nbbuild\netbeans\platform\modules\org-netbeans-swing-tabcontrol.jar:C:\Project\github\javavscode\netbeans\nbbuild\netbeans\platform\modules\org-openide-awt.jar:C:\Project\github\javavscode\netbeans\nbbuild\netbeans\platform\modules\org-openide-windows.jar:C:\Project\github\javavscode\netbeans\nbbuild\netbeans\platform\modules\org-openide-nodes.jar:C:\Project\github\javavscode\netbeans\nbbuild\netbeans\platform\modules\org-openide-dialogs.jar:C:\Project\github\javavscode\netbeans\nbbuild\netbeans\platform\modules\org-netbeans-api-progress-nb.jar:C:\Project\github\javavscode\netbeans\nbbuild\netbeans\ide\modules\org-netbeans-spi-tasklist.jar:C:\Project\github\javavscode\netbeans\nbbuild\netbeans\ide\modules\org-netbeans-modules-refactoring-api.jar:C:\Project\github\javavscode\netbeans\nbbuild\netbeans\ide\modules\org-netbeans-modules-diff.jar:C:\Project\github\javavscode\netbeans\nbbuild\netbeans\ide\modules\org-netbeans-modules-editor-errorstripe.jar:C:\Project\github\javavscode\netbeans\nbbuild\netbeans\ide\modules\org-netbeans-modules-editor-errorstripe-api.jar:C:\Project\github\javavscode\netbeans\nbbuild\netbeans\ide\modules\org-netbeans-modules-editor-fold.jar:C:\Project\github\javavscode\netbeans\nbbuild\netbeans\ide\modules\org-netbeans-modules-editor-settings-lib.jar:C:\Project\github\javavscode\netbeans\nbbuild\netbeans\ide\modules\org-netbeans-modules-editor-lib.jar:C:\Project\github\javavscode\netbeans\nbbuild\netbeans\ide\modules\org-netbeans-modules-editor-lib2.jar:C:\Project\github\javavscode\netbeans\nbbuild\netbeans\platform\modules\org-openide-loaders.jar:C:\Project\github\javavscode\netbeans\nbbuild\netbeans\platform\modules\org-netbeans-api-templates.jar:C:\Project\github\javavscode\netbeans\nbbuild\netbeans\platform\modules\org-openide-actions.jar:C:\Project\github\javavscode\netbeans\nbbuild\netbeans\platform\modules\org-openide-text.jar:C:\Project\github\javavscode\netbeans\nbbuild\netbeans\platform\modules\org-openide-filesystems-nb.jar:C:\Project\github\javavscode\netbeans\nbbuild\netbeans\platform\modules\org-netbeans-modules-options-api.jar:C:\Project\github\javavscode\netbeans\nbbuild\netbeans\platform\modules\org-netbeans-core.jar:C:\Project\github\javavscode\netbeans\nbbuild\netbeans\platform\lib\boot.jar:C:\Project\github\javavscode\netbeans\nbbuild\netbeans\platform\core\core.jar:C:\Project\github\javavscode\netbeans\nbbuild\netbeans\platform\core\core-base.jar:C:\Project\github\javavscode\netbeans\nbbuild\netbeans\platform\modules\org-netbeans-modules-keyring.jar:C:\Project\github\javavscode\netbeans\nbbuild\netbeans\platform\modules\org-netbeans-modules-sampler.jar:C:\Project\github\javavscode\netbeans\nbbuild\netbeans\platform\modules\org-netbeans-swing-plaf.jar:C:\Project\github\javavscode\netbeans\nbbuild\netbeans\platform\modules\org-openide-io.jar:C:\Project\github\javavscode\netbeans\nbbuild\netbeans\platform\modules\org-netbeans-api-intent.jar:C:\Project\github\javavscode\netbeans\nbbuild\netbeans\platform\modules\org-netbeans-api-io.jar:C:\Project\github\javavscode\netbeans\nbbuild\netbeans\platform\modules\org-netbeans-spi-quicksearch.jar:C:\Project\github\javavscode\netbeans\nbbuild\netbeans\ide\modules\org-netbeans-modules-options-editor.jar:C:\Project\github\javavscode\netbeans\nbbuild\netbeans\ide\modules\org-netbeans-modules-editor.jar:C:\Project\github\javavscode\netbeans\nbbuild\netbeans\ide\modules\org-netbeans-api-lsp.jar:C:\Project\github\javavscode\netbeans\nbbuild\netbeans\ide\modules\org-netbeans-modules-editor-fold-nbui.jar:C:\Project\github\javavscode\netbeans\nbbuild\netbeans\ide\modules\org-netbeans-modules-editor-settings-storage.jar:C:\Project\github\javavscode\netbeans\nbbuild\netbeans\platform\modules\org-netbeans-modules-options-keymap.jar:C:\Project\github\javavscode\netbeans\nbbuild\netbeans\ide\modules\org-netbeans-spi-editor-hints.jar:C:\Project\github\javavscode\netbeans\nbbuild\netbeans\java\modules\org-netbeans-spi-java-hints.jar:C:\Project\github\javavscode\netbeans\nbbuild\netbeans\ide\modules\org-netbeans-modules-code-analysis.jar:C:\Project\github\javavscode\netbeans\nbbuild\netbeans\platform\modules\org-netbeans-modules-autoupdate-services.jar:C:\Project\github\javavscode\netbeans\nbbuild\netbeans\platform\modules\ext\updater.jar:C:\Project\github\javavscode\netbeans\nbbuild\netbeans\ide\modules\org-netbeans-modules-projectuiapi.jar:C:\Project\github\javavscode\netbeans\nbbuild\netbeans\platform\modules\org-netbeans-modules-settings.jar:C:\Project\github\javavscode\netbeans\nbbuild\netbeans\java\modules\org-netbeans-modules-java-project.jar:C:\Project\github\javavscode\netbeans\nbbuild\netbeans\ide\modules\org-netbeans-modules-project-ant.jar:C:\Project\github\javavscode\netbeans\nbbuild\netbeans\ide\modules\org-netbeans-modules-project-libraries.jar:C:\Project\github\javavscode\netbeans\nbbuild\netbeans\ide\modules\org-netbeans-modules-project-spi-intern.jar:C:\Project\github\javavscode\netbeans\nbbuild\netbeans\ide\modules\org-netbeans-modules-xml-catalog.jar:C:\Project\github\javavscode\netbeans\nbbuild\netbeans\ide\modules\org-apache-xml-resolver.jar:C:\Project\github\javavscode\netbeans\ide\o.apache.xml.resolver\external\resolver-1.2.jar:C:\Project\github\javavscode\netbeans\nbbuild\netbeans\ide\modules\org-netbeans-api-xml.jar:C:\Project\github\javavscode\netbeans\nbbuild\netbeans\java\modules\org-netbeans-modules-java-source.jar:C:\Project\github\javavscode\netbeans\nbbuild\netbeans\platform\modules\org-netbeans-core-multiview.jar:C:\Project\github\javavscode\netbeans\nbbuild\netbeans\ide\modules\org-netbeans-modules-editor-indent-project.jar:C:\Project\github\javavscode\netbeans\nbbuild\netbeans\ide\modules\org-netbeans-modules-editor-indent-support.jar:C:\Project\github\javavscode\netbeans\nbbuild\netbeans\java\modules\org-netbeans-modules-java-lexer.jar:C:\Project\github\javavscode\netbeans\nbbuild\netbeans\ide\modules\org-netbeans-modules-lexer.jar:C:\Project\github\javavscode\netbeans\nbbuild\netbeans\ide\modules\org-netbeans-modules-editor-util.jar:C:\Project\github\javavscode\netbeans\nbbuild\netbeans\platform\lib\org-openide-util.jar:C:\Project\github\javavscode\netbeans\nbbuild\netbeans\platform\lib\org-openide-util-lookup.jar:C:\Project\github\javavscode\netbeans\nbbuild\netbeans\platform\lib\org-openide-util-ui.jar:C:\Project\github\javavscode\netbeans\nbbuild\netbeans\java\modules\org-netbeans-modules-java-nativeimage-debugger.jar:C:\Project\github\javavscode\netbeans\nbbuild\netbeans\platform\modules\org-netbeans-api-annotations-common.jar:C:\Project\github\javavscode\netbeans\nbbuild\netbeans\ide\modules\org-netbeans-api-debugger.jar:C:\Project\github\javavscode\netbeans\nbbuild\netbeans\ide\modules\org-netbeans-modules-projectapi.jar:C:\Project\github\javavscode\netbeans\nbbuild\netbeans\platform\modules\org-netbeans-modules-queries.jar:C:\Project\github\javavscode\netbeans\nbbuild\netbeans\platform\core\org-openide-filesystems.jar:C:\Project\github\javavscode\netbeans\nbbuild\netbeans\platform\lib\org-openide-util.jar:C:\Project\github\javavscode\netbeans\nbbuild\netbeans\platform\lib\org-openide-util-lookup.jar:C:\Project\github\javavscode\netbeans\nbbuild\netbeans\platform\lib\org-openide-modules.jar:C:\Project\github\javavscode\netbeans\nbbuild\netbeans\platform\lib\org-openide-util-ui.jar:C:\Project\github\javavscode\netbeans\nbbuild\netbeans\java\modules\org-netbeans-api-debugger-jpda.jar:C:\Project\github\javavscode\netbeans\nbbuild\netbeans\ide\modules\org-netbeans-api-java-classpath.jar:C:\Project\github\javavscode\netbeans\nbbuild\netbeans\ide\modules\org-netbeans-modules-extexecution.jar:C:\Project\github\javavscode\netbeans\nbbuild\netbeans\platform\modules\org-netbeans-api-progress.jar:C:\Project\github\javavscode\netbeans\nbbuild\netbeans\ide\modules\org-netbeans-modules-extexecution-base.jar:C:\Project\github\javavscode\netbeans\nbbuild\netbeans\platform\modules\org-openide-io.jar:C:\Project\github\javavscode\netbeans\nbbuild\netbeans\platform\modules\org-netbeans-api-intent.jar:C:\Project\github\javavscode\netbeans\nbbuild\netbeans\platform\modules\org-netbeans-api-io.jar:C:\Project\github\javavscode\netbeans\nbbuild\netbeans\java\modules\org-netbeans-modules-java-project.jar:C:\Project\github\javavscode\netbeans\nbbuild\netbeans\java\modules\org-netbeans-api-java.jar:C:\Project\github\javavscode\netbeans\nbbuild\netbeans\java\modules\org-netbeans-modules-classfile.jar:C:\Project\github\javavscode\netbeans\nbbuild\netbeans\java\modules\org-netbeans-modules-java-platform.jar:C:\Project\github\javavscode\netbeans\nbbuild\netbeans\java\modules\org-netbeans-modules-java-source-base.jar:C:\Project\github\javavscode\netbeans\nbbuild\netbeans\platform\modules\org-netbeans-api-scripting.jar:C:\Project\github\javavscode\netbeans\nbbuild\netbeans\java\modules\org-netbeans-lib-nbjavac.jar:C:\Project\github\javavscode\netbeans\nbbuild\netbeans\java\modules\org-netbeans-libs-javacapi.jar:C:\Project\github\javavscode\netbeans\java\libs.javacapi\external\nb-javac-jdk-22+33-api.jar:C:\Project\github\javavscode\netbeans\java\libs.javacapi\external\nb-javac-jdk-22+33.jar:C:\Project\github\javavscode\netbeans\nbbuild\netbeans\platform\core\org-netbeans-libs-asm.jar:C:\Project\github\javavscode\netbeans\platform\libs.asm\external\asm-9.6.jar:C:\Project\github\javavscode\netbeans\platform\libs.asm\external\asm-tree-9.6.jar:C:\Project\github\javavscode\netbeans\platform\libs.asm\external\asm-commons-9.6.jar:C:\Project\github\javavscode\netbeans\nbbuild\netbeans\ide\modules\org-netbeans-libs-lucene.jar:C:\Project\github\javavscode\netbeans\ide\libs.lucene\external\lucene-core-3.6.2.jar:C:\Project\github\javavscode\netbeans\nbbuild\netbeans\ide\modules\org-netbeans-modules-editor-document.jar:C:\Project\github\javavscode\netbeans\nbbuild\netbeans\platform\modules\org-netbeans-modules-editor-mimelookup.jar:C:\Project\github\javavscode\netbeans\nbbuild\netbeans\ide\modules\org-netbeans-modules-editor-util.jar:C:\Project\github\javavscode\netbeans\nbbuild\netbeans\ide\modules\org-netbeans-modules-editor-guards.jar:C:\Project\github\javavscode\netbeans\nbbuild\netbeans\ide\modules\org-netbeans-modules-editor-indent.jar:C:\Project\github\javavscode\netbeans\nbbuild\netbeans\ide\modules\org-netbeans-modules-editor-settings.jar:C:\Project\github\javavscode\netbeans\nbbuild\netbeans\ide\modules\org-netbeans-modules-lexer.jar:C:\Project\github\javavscode\netbeans\nbbuild\netbeans\java\modules\org-netbeans-modules-java-lexer.jar:C:\Project\github\javavscode\netbeans\nbbuild\netbeans\java\modules\org-netbeans-modules-java-preprocessorbridge.jar:C:\Project\github\javavscode\netbeans\nbbuild\netbeans\ide\modules\org-netbeans-modules-parsing-api.jar:C:\Project\github\javavscode\netbeans\nbbuild\netbeans\ide\modules\org-netbeans-modules-parsing-lucene.jar:C:\Project\github\javavscode\netbeans\nbbuild\netbeans\platform\modules\org-netbeans-modules-masterfs.jar:C:\Project\github\javavscode\netbeans\nbbuild\netbeans\ide\modules\org-netbeans-modules-parsing-indexing.jar:C:\Project\github\javavscode\netbeans\nbbuild\netbeans\ide\modules\org-netbeans-modules-project-indexingbridge.jar:C:\Project\github\javavscode\netbeans\nbbuild\netbeans\ide\modules\org-netbeans-modules-projectuiapi-base.jar:C:\Project\github\javavscode\netbeans\nbbuild\netbeans\platform\modules\org-openide-explorer.jar:C:\Project\github\javavscode\netbeans\nbbuild\netbeans\platform\modules\org-netbeans-swing-outline.jar:C:\Project\github\javavscode\netbeans\nbbuild\netbeans\platform\modules\org-netbeans-swing-tabcontrol.jar:C:\Project\github\javavscode\netbeans\nbbuild\netbeans\platform\modules\org-openide-awt.jar:C:\Project\github\javavscode\netbeans\nbbuild\netbeans\platform\modules\org-openide-windows.jar:C:\Project\github\javavscode\netbeans\nbbuild\netbeans\platform\modules\org-openide-nodes.jar:C:\Project\github\javavscode\netbeans\nbbuild\netbeans\platform\modules\org-openide-dialogs.jar:C:\Project\github\javavscode\netbeans\nbbuild\netbeans\platform\modules\org-netbeans-api-progress-nb.jar:C:\Project\github\javavscode\netbeans\nbbuild\netbeans\ide\modules\org-netbeans-spi-tasklist.jar:C:\Project\github\javavscode\netbeans\nbbuild\netbeans\ide\modules\org-netbeans-modules-refactoring-api.jar:C:\Project\github\javavscode\netbeans\nbbuild\netbeans\ide\modules\org-netbeans-modules-diff.jar:C:\Project\github\javavscode\netbeans\nbbuild\netbeans\ide\modules\org-netbeans-modules-editor-errorstripe.jar:C:\Project\github\javavscode\netbeans\nbbuild\netbeans\ide\modules\org-netbeans-modules-editor-errorstripe-api.jar:C:\Project\github\javavscode\netbeans\nbbuild\netbeans\ide\modules\org-netbeans-modules-editor-fold.jar:C:\Project\github\javavscode\netbeans\nbbuild\netbeans\ide\modules\org-netbeans-modules-editor-settings-lib.jar:C:\Project\github\javavscode\netbeans\nbbuild\netbeans\ide\modules\org-netbeans-modules-editor-lib.jar:C:\Project\github\javavscode\netbeans\nbbuild\netbeans\ide\modules\org-netbeans-modules-editor-lib2.jar:C:\Project\github\javavscode\netbeans\nbbuild\netbeans\platform\modules\org-openide-loaders.jar:C:\Project\github\javavscode\netbeans\nbbuild\netbeans\platform\modules\org-netbeans-api-templates.jar:C:\Project\github\javavscode\netbeans\nbbuild\netbeans\platform\modules\org-openide-actions.jar:C:\Project\github\javavscode\netbeans\nbbuild\netbeans\platform\modules\org-openide-text.jar:C:\Project\github\javavscode\netbeans\nbbuild\netbeans\platform\modules\org-openide-filesystems-nb.jar:C:\Project\github\javavscode\netbeans\nbbuild\netbeans\platform\modules\org-netbeans-modules-options-api.jar:C:\Project\github\javavscode\netbeans\nbbuild\netbeans\platform\modules\org-netbeans-core.jar:C:\Project\github\javavscode\netbeans\nbbuild\netbeans\platform\lib\boot.jar:C:\Project\github\javavscode\netbeans\nbbuild\netbeans\platform\core\core.jar:C:\Project\github\javavscode\netbeans\nbbuild\netbeans\platform\core\core-base.jar:C:\Project\github\javavscode\netbeans\nbbuild\netbeans\platform\modules\org-netbeans-modules-keyring.jar:C:\Project\github\javavscode\netbeans\nbbuild\netbeans\platform\modules\org-netbeans-modules-sampler.jar:C:\Project\github\javavscode\netbeans\nbbuild\netbeans\platform\modules\org-netbeans-swing-plaf.jar:C:\Project\github\javavscode\netbeans\nbbuild\netbeans\platform\modules\org-netbeans-spi-quicksearch.jar:C:\Project\github\javavscode\netbeans\nbbuild\netbeans\ide\modules\org-netbeans-modules-options-editor.jar:C:\Project\github\javavscode\netbeans\nbbuild\netbeans\ide\modules\org-netbeans-modules-editor.jar:C:\Project\github\javavscode\netbeans\nbbuild\netbeans\ide\modules\org-netbeans-api-lsp.jar:C:\Project\github\javavscode\netbeans\nbbuild\netbeans\ide\modules\org-netbeans-modules-editor-fold-nbui.jar:C:\Project\github\javavscode\netbeans\nbbuild\netbeans\ide\modules\org-netbeans-modules-editor-settings-storage.jar:C:\Project\github\javavscode\netbeans\nbbuild\netbeans\platform\modules\org-netbeans-modules-options-keymap.jar:C:\Project\github\javavscode\netbeans\nbbuild\netbeans\ide\modules\org-netbeans-modules-project-ant.jar:C:\Project\github\javavscode\netbeans\nbbuild\netbeans\ide\modules\org-netbeans-modules-project-libraries.jar:C:\Project\github\javavscode\netbeans\nbbuild\netbeans\ide\modules\org-netbeans-modules-project-spi-intern.jar:C:\Project\github\javavscode\netbeans\nbbuild\netbeans\ide\modules\org-netbeans-modules-xml-catalog.jar:C:\Project\github\javavscode\netbeans\nbbuild\netbeans\ide\modules\org-apache-xml-resolver.jar:C:\Project\github\javavscode\netbeans\ide\o.apache.xml.resolver\external\resolver-1.2.jar:C:\Project\github\javavscode\netbeans\nbbuild\netbeans\ide\modules\org-netbeans-api-xml.jar:C:\Project\github\javavscode\netbeans\nbbuild\netbeans\ide\modules\org-netbeans-modules-nativeimage-api.jar:C:\Project\github\javavscode\netbeans\nbbuild\netbeans\ide\modules\org-netbeans-modules-projectuiapi.jar:C:\Project\github\javavscode\netbeans\nbbuild\netbeans\ide\modules\org-netbeans-spi-debugger-ui.jar:C:\Project\github\javavscode\netbeans\nbbuild\netbeans\ide\modules\org-netbeans-spi-viewmodel.jar:C:\Project\github\javavscode\netbeans\nbbuild\netbeans\java\modules\org-netbeans-modules-java-project.jar:C:\Project\github\javavscode\netbeans\nbbuild\netbeans\platform\modules\org-netbeans-api-annotations-common.jar:C:\Project\github\javavscode\netbeans\nbbuild\netbeans\java\modules\org-netbeans-api-java.jar:C:\Project\github\javavscode\netbeans\nbbuild\netbeans\ide\modules\org-netbeans-api-java-classpath.jar:C:\Project\github\javavscode\netbeans\nbbuild\netbeans\platform\core\org-openide-filesystems.jar:C:\Project\github\javavscode\netbeans\nbbuild\netbeans\platform\lib\org-openide-util.jar:C:\Project\github\javavscode\netbeans\nbbuild\netbeans\platform\lib\org-openide-util-lookup.jar:C:\Project\github\javavscode\netbeans\nbbuild\netbeans\platform\lib\org-openide-modules.jar:C:\Project\github\javavscode\netbeans\nbbuild\netbeans\platform\lib\org-openide-util-ui.jar:C:\Project\github\javavscode\netbeans\nbbuild\netbeans\java\modules\org-netbeans-modules-classfile.jar:C:\Project\github\javavscode\netbeans\nbbuild\netbeans\java\modules\org-netbeans-modules-java-platform.jar:C:\Project\github\javavscode\netbeans\nbbuild\netbeans\java\modules\org-netbeans-modules-java-source-base.jar:C:\Project\github\javavscode\netbeans\nbbuild\netbeans\platform\modules\org-netbeans-api-progress.jar:C:\Project\github\javavscode\netbeans\nbbuild\netbeans\platform\modules\org-netbeans-api-scripting.jar:C:\Project\github\javavscode\netbeans\nbbuild\netbeans\java\modules\org-netbeans-lib-nbjavac.jar:C:\Project\github\javavscode\netbeans\nbbuild\netbeans\java\modules\org-netbeans-libs-javacapi.jar:C:\Project\github\javavscode\netbeans\java\libs.javacapi\external\nb-javac-jdk-22+33-api.jar:C:\Project\github\javavscode\netbeans\java\libs.javacapi\external\nb-javac-jdk-22+33.jar:C:\Project\github\javavscode\netbeans\nbbuild\netbeans\platform\core\org-netbeans-libs-asm.jar:C:\Project\github\javavscode\netbeans\platform\libs.asm\external\asm-9.6.jar:C:\Project\github\javavscode\netbeans\platform\libs.asm\external\asm-tree-9.6.jar:C:\Project\github\javavscode\netbeans\platform\libs.asm\external\asm-commons-9.6.jar:C:\Project\github\javavscode\netbeans\nbbuild\netbeans\ide\modules\org-netbeans-libs-lucene.jar:C:\Project\github\javavscode\netbeans\ide\libs.lucene\external\lucene-core-3.6.2.jar:C:\Project\github\javavscode\netbeans\nbbuild\netbeans\ide\modules\org-netbeans-modules-editor-document.jar:C:\Project\github\javavscode\netbeans\nbbuild\netbeans\platform\modules\org-netbeans-modules-editor-mimelookup.jar:C:\Project\github\javavscode\netbeans\nbbuild\netbeans\ide\modules\org-netbeans-modules-editor-util.jar:C:\Project\github\javavscode\netbeans\nbbuild\netbeans\ide\modules\org-netbeans-modules-editor-guards.jar:C:\Project\github\javavscode\netbeans\nbbuild\netbeans\ide\modules\org-netbeans-modules-editor-indent.jar:C:\Project\github\javavscode\netbeans\nbbuild\netbeans\ide\modules\org-netbeans-modules-editor-settings.jar:C:\Project\github\javavscode\netbeans\nbbuild\netbeans\ide\modules\org-netbeans-modules-lexer.jar:C:\Project\github\javavscode\netbeans\nbbuild\netbeans\java\modules\org-netbeans-modules-java-lexer.jar:C:\Project\github\javavscode\netbeans\nbbuild\netbeans\java\modules\org-netbeans-modules-java-preprocessorbridge.jar:C:\Project\github\javavscode\netbeans\nbbuild\netbeans\ide\modules\org-netbeans-modules-parsing-api.jar:C:\Project\github\javavscode\netbeans\nbbuild\netbeans\ide\modules\org-netbeans-modules-parsing-lucene.jar:C:\Project\github\javavscode\netbeans\nbbuild\netbeans\platform\modules\org-netbeans-modules-masterfs.jar:C:\Project\github\javavscode\netbeans\nbbuild\netbeans\platform\modules\org-netbeans-modules-queries.jar:C:\Project\github\javavscode\netbeans\nbbuild\netbeans\ide\modules\org-netbeans-modules-projectapi.jar:C:\Project\github\javavscode\netbeans\nbbuild\netbeans\ide\modules\org-netbeans-modules-parsing-indexing.jar:C:\Project\github\javavscode\netbeans\nbbuild\netbeans\ide\modules\org-netbeans-modules-project-indexingbridge.jar:C:\Project\github\javavscode\netbeans\nbbuild\netbeans\ide\modules\org-netbeans-modules-projectuiapi-base.jar:C:\Project\github\javavscode\netbeans\nbbuild\netbeans\platform\modules\org-openide-explorer.jar:C:\Project\github\javavscode\netbeans\nbbuild\netbeans\platform\modules\org-netbeans-swing-outline.jar:C:\Project\github\javavscode\netbeans\nbbuild\netbeans\platform\modules\org-netbeans-swing-tabcontrol.jar:C:\Project\github\javavscode\netbeans\nbbuild\netbeans\platform\modules\org-openide-awt.jar:C:\Project\github\javavscode\netbeans\nbbuild\netbeans\platform\modules\org-openide-windows.jar:C:\Project\github\javavscode\netbeans\nbbuild\netbeans\platform\modules\org-openide-nodes.jar:C:\Project\github\javavscode\netbeans\nbbuild\netbeans\platform\modules\org-openide-dialogs.jar:C:\Project\github\javavscode\netbeans\nbbuild\netbeans\platform\modules\org-netbeans-api-progress-nb.jar:C:\Project\github\javavscode\netbeans\nbbuild\netbeans\ide\modules\org-netbeans-spi-tasklist.jar:C:\Project\github\javavscode\netbeans\nbbuild\netbeans\ide\modules\org-netbeans-modules-refactoring-api.jar:C:\Project\github\javavscode\netbeans\nbbuild\netbeans\ide\modules\org-netbeans-modules-diff.jar:C:\Project\github\javavscode\netbeans\nbbuild\netbeans\ide\modules\org-netbeans-modules-editor-errorstripe.jar:C:\Project\github\javavscode\netbeans\nbbuild\netbeans\ide\modules\org-netbeans-modules-editor-errorstripe-api.jar:C:\Project\github\javavscode\netbeans\nbbuild\netbeans\ide\modules\org-netbeans-modules-editor-fold.jar:C:\Project\github\javavscode\netbeans\nbbuild\netbeans\ide\modules\org-netbeans-modules-editor-settings-lib.jar:C:\Project\github\javavscode\netbeans\nbbuild\netbeans\ide\modules\org-netbeans-modules-editor-lib.jar:C:\Project\github\javavscode\netbeans\nbbuild\netbeans\ide\modules\org-netbeans-modules-editor-lib2.jar:C:\Project\github\javavscode\netbeans\nbbuild\netbeans\platform\modules\org-openide-loaders.jar:C:\Project\github\javavscode\netbeans\nbbuild\netbeans\platform\modules\org-netbeans-api-templates.jar:C:\Project\github\javavscode\netbeans\nbbuild\netbeans\platform\modules\org-openide-actions.jar:C:\Project\github\javavscode\netbeans\nbbuild\netbeans\platform\modules\org-openide-text.jar:C:\Project\github\javavscode\netbeans\nbbuild\netbeans\platform\modules\org-openide-filesystems-nb.jar:C:\Project\github\javavscode\netbeans\nbbuild\netbeans\platform\modules\org-netbeans-modules-options-api.jar:C:\Project\github\javavscode\netbeans\nbbuild\netbeans\platform\modules\org-netbeans-core.jar:C:\Project\github\javavscode\netbeans\nbbuild\netbeans\platform\lib\boot.jar:C:\Project\github\javavscode\netbeans\nbbuild\netbeans\platform\core\core.jar:C:\Project\github\javavscode\netbeans\nbbuild\netbeans\platform\core\core-base.jar:C:\Project\github\javavscode\netbeans\nbbuild\netbeans\platform\modules\org-netbeans-modules-keyring.jar:C:\Project\github\javavscode\netbeans\nbbuild\netbeans\platform\modules\org-netbeans-modules-sampler.jar:C:\Project\github\javavscode\netbeans\nbbuild\netbeans\platform\modules\org-netbeans-swing-plaf.jar:C:\Project\github\javavscode\netbeans\nbbuild\netbeans\platform\modules\org-openide-io.jar:C:\Project\github\javavscode\netbeans\nbbuild\netbeans\platform\modules\org-netbeans-api-intent.jar:C:\Project\github\javavscode\netbeans\nbbuild\netbeans\platform\modules\org-netbeans-api-io.jar:C:\Project\github\javavscode\netbeans\nbbuild\netbeans\platform\modules\org-netbeans-spi-quicksearch.jar:C:\Project\github\javavscode\netbeans\nbbuild\netbeans\ide\modules\org-netbeans-modules-options-editor.jar:C:\Project\github\javavscode\netbeans\nbbuild\netbeans\ide\modules\org-netbeans-modules-editor.jar:C:\Project\github\javavscode\netbeans\nbbuild\netbeans\ide\modules\org-netbeans-api-lsp.jar:C:\Project\github\javavscode\netbeans\nbbuild\netbeans\ide\modules\org-netbeans-modules-editor-fold-nbui.jar:C:\Project\github\javavscode\netbeans\nbbuild\netbeans\ide\modules\org-netbeans-modules-editor-settings-storage.jar:C:\Project\github\javavscode\netbeans\nbbuild\netbeans\platform\modules\org-netbeans-modules-options-keymap.jar:C:\Project\github\javavscode\netbeans\nbbuild\netbeans\ide\modules\org-netbeans-modules-project-ant.jar:C:\Project\github\javavscode\netbeans\nbbuild\netbeans\ide\modules\org-netbeans-modules-project-libraries.jar:C:\Project\github\javavscode\netbeans\nbbuild\netbeans\ide\modules\org-netbeans-modules-project-spi-intern.jar:C:\Project\github\javavscode\netbeans\nbbuild\netbeans\ide\modules\org-netbeans-modules-xml-catalog.jar:C:\Project\github\javavscode\netbeans\nbbuild\netbeans\ide\modules\org-apache-xml-resolver.jar:C:\Project\github\javavscode\netbeans\ide\o.apache.xml.resolver\external\resolver-1.2.jar:C:\Project\github\javavscode\netbeans\nbbuild\netbeans\ide\modules\org-netbeans-api-xml.jar:C:\Project\github\javavscode\netbeans\nbbuild\netbeans\java\modules\org-netbeans-modules-java-source.jar:C:\Project\github\javavscode\netbeans\nbbuild\netbeans\platform\modules\org-netbeans-api-annotations-common.jar:C:\Project\github\javavscode\netbeans\nbbuild\netbeans\java\modules\org-netbeans-api-java.jar:C:\Project\github\javavscode\netbeans\nbbuild\netbeans\ide\modules\org-netbeans-api-java-classpath.jar:C:\Project\github\javavscode\netbeans\nbbuild\netbeans\platform\core\org-openide-filesystems.jar:C:\Project\github\javavscode\netbeans\nbbuild\netbeans\platform\lib\org-openide-util.jar:C:\Project\github\javavscode\netbeans\nbbuild\netbeans\platform\lib\org-openide-util-lookup.jar:C:\Project\github\javavscode\netbeans\nbbuild\netbeans\platform\lib\org-openide-modules.jar:C:\Project\github\javavscode\netbeans\nbbuild\netbeans\platform\lib\org-openide-util-ui.jar:C:\Project\github\javavscode\netbeans\nbbuild\netbeans\platform\modules\org-netbeans-api-progress.jar:C:\Project\github\javavscode\netbeans\nbbuild\netbeans\platform\modules\org-netbeans-api-progress-nb.jar:C:\Project\github\javavscode\netbeans\nbbuild\netbeans\platform\modules\org-openide-awt.jar:C:\Project\github\javavscode\netbeans\nbbuild\netbeans\platform\modules\org-netbeans-api-templates.jar:C:\Project\github\javavscode\netbeans\nbbuild\netbeans\platform\modules\org-netbeans-api-scripting.jar:C:\Project\github\javavscode\netbeans\nbbuild\netbeans\platform\modules\org-netbeans-modules-queries.jar:C:\Project\github\javavscode\netbeans\nbbuild\netbeans\platform\modules\org-netbeans-core-multiview.jar:C:\Project\github\javavscode\netbeans\nbbuild\netbeans\platform\modules\org-netbeans-modules-editor-mimelookup.jar:C:\Project\github\javavscode\netbeans\nbbuild\netbeans\platform\modules\org-openide-dialogs.jar:C:\Project\github\javavscode\netbeans\nbbuild\netbeans\platform\modules\org-openide-nodes.jar:C:\Project\github\javavscode\netbeans\nbbuild\netbeans\platform\modules\org-openide-text.jar:C:\Project\github\javavscode\netbeans\nbbuild\netbeans\platform\modules\org-openide-windows.jar:C:\Project\github\javavscode\netbeans\nbbuild\netbeans\java\modules\org-netbeans-lib-nbjavac.jar:C:\Project\github\javavscode\netbeans\nbbuild\netbeans\java\modules\org-netbeans-libs-javacapi.jar:C:\Project\github\javavscode\netbeans\java\libs.javacapi\external\nb-javac-jdk-22+33-api.jar:C:\Project\github\javavscode\netbeans\java\libs.javacapi\external\nb-javac-jdk-22+33.jar:C:\Project\github\javavscode\netbeans\nbbuild\netbeans\ide\modules\org-netbeans-libs-lucene.jar:C:\Project\github\javavscode\netbeans\ide\libs.lucene\external\lucene-core-3.6.2.jar:C:\Project\github\javavscode\netbeans\nbbuild\netbeans\platform\modules\org-netbeans-modules-autoupdate-services.jar:C:\Project\github\javavscode\netbeans\nbbuild\netbeans\platform\modules\ext\updater.jar:C:\Project\github\javavscode\netbeans\nbbuild\netbeans\platform\lib\boot.jar:C:\Project\github\javavscode\netbeans\nbbuild\netbeans\platform\core\core.jar:C:\Project\github\javavscode\netbeans\nbbuild\netbeans\platform\core\org-netbeans-libs-asm.jar:C:\Project\github\javavscode\netbeans\platform\libs.asm\external\asm-9.6.jar:C:\Project\github\javavscode\netbeans\platform\libs.asm\external\asm-tree-9.6.jar:C:\Project\github\javavscode\netbeans\platform\libs.asm\external\asm-commons-9.6.jar:C:\Project\github\javavscode\netbeans\nbbuild\netbeans\platform\core\core-base.jar:C:\Project\github\javavscode\netbeans\nbbuild\netbeans\java\modules\org-netbeans-modules-classfile.jar:C:\Project\github\javavscode\netbeans\nbbuild\netbeans\ide\modules\org-netbeans-modules-editor-document.jar:C:\Project\github\javavscode\netbeans\nbbuild\netbeans\ide\modules\org-netbeans-modules-editor-util.jar:C:\Project\github\javavscode\netbeans\nbbuild\netbeans\ide\modules\org-netbeans-modules-editor-guards.jar:C:\Project\github\javavscode\netbeans\nbbuild\netbeans\ide\modules\org-netbeans-modules-editor-indent.jar:C:\Project\github\javavscode\netbeans\nbbuild\netbeans\ide\modules\org-netbeans-modules-editor-settings.jar:C:\Project\github\javavscode\netbeans\nbbuild\netbeans\ide\modules\org-netbeans-modules-lexer.jar:C:\Project\github\javavscode\netbeans\nbbuild\netbeans\ide\modules\org-netbeans-modules-editor-indent-project.jar:C:\Project\github\javavscode\netbeans\nbbuild\netbeans\ide\modules\org-netbeans-modules-editor-lib2.jar:C:\Project\github\javavscode\netbeans\nbbuild\netbeans\ide\modules\org-netbeans-modules-editor-settings-storage.jar:C:\Project\github\javavscode\netbeans\nbbuild\netbeans\platform\modules\org-openide-filesystems-nb.jar:C:\Project\github\javavscode\netbeans\nbbuild\netbeans\platform\modules\org-netbeans-modules-options-keymap.jar:C:\Project\github\javavscode\netbeans\nbbuild\netbeans\platform\modules\org-netbeans-modules-options-api.jar:C:\Project\github\javavscode\netbeans\nbbuild\netbeans\platform\modules\org-netbeans-core.jar:C:\Project\github\javavscode\netbeans\nbbuild\netbeans\platform\modules\org-netbeans-modules-keyring.jar:C:\Project\github\javavscode\netbeans\nbbuild\netbeans\platform\modules\org-netbeans-modules-sampler.jar:C:\Project\github\javavscode\netbeans\nbbuild\netbeans\platform\modules\org-netbeans-swing-plaf.jar:C:\Project\github\javavscode\netbeans\nbbuild\netbeans\platform\modules\org-openide-actions.jar:C:\Project\github\javavscode\netbeans\nbbuild\netbeans\platform\modules\org-openide-explorer.jar:C:\Project\github\javavscode\netbeans\nbbuild\netbeans\platform\modules\org-netbeans-swing-outline.jar:C:\Project\github\javavscode\netbeans\nbbuild\netbeans\platform\modules\org-netbeans-swing-tabcontrol.jar:C:\Project\github\javavscode\netbeans\nbbuild\netbeans\platform\modules\org-openide-io.jar:C:\Project\github\javavscode\netbeans\nbbuild\netbeans\platform\modules\org-netbeans-api-intent.jar:C:\Project\github\javavscode\netbeans\nbbuild\netbeans\platform\modules\org-netbeans-api-io.jar:C:\Project\github\javavscode\netbeans\nbbuild\netbeans\platform\modules\org-openide-loaders.jar:C:\Project\github\javavscode\netbeans\nbbuild\netbeans\platform\modules\org-netbeans-spi-quicksearch.jar:C:\Project\github\javavscode\netbeans\nbbuild\netbeans\ide\modules\org-netbeans-modules-editor-settings-lib.jar:C:\Project\github\javavscode\netbeans\nbbuild\netbeans\ide\modules\org-netbeans-modules-options-editor.jar:C:\Project\github\javavscode\netbeans\nbbuild\netbeans\ide\modules\org-netbeans-modules-editor.jar:C:\Project\github\javavscode\netbeans\nbbuild\netbeans\ide\modules\org-netbeans-api-lsp.jar:C:\Project\github\javavscode\netbeans\nbbuild\netbeans\ide\modules\org-netbeans-modules-editor-fold.jar:C:\Project\github\javavscode\netbeans\nbbuild\netbeans\ide\modules\org-netbeans-modules-editor-fold-nbui.jar:C:\Project\github\javavscode\netbeans\nbbuild\netbeans\ide\modules\org-netbeans-modules-editor-lib.jar:C:\Project\github\javavscode\netbeans\nbbuild\netbeans\ide\modules\org-netbeans-modules-projectapi.jar:C:\Project\github\javavscode\netbeans\nbbuild\netbeans\ide\modules\org-netbeans-modules-projectuiapi.jar:C:\Project\github\javavscode\netbeans\nbbuild\netbeans\ide\modules\org-netbeans-modules-projectuiapi-base.jar:C:\Project\github\javavscode\netbeans\nbbuild\netbeans\ide\modules\org-netbeans-modules-editor-indent-support.jar:C:\Project\github\javavscode\netbeans\nbbuild\netbeans\java\modules\org-netbeans-modules-java-platform.jar:C:\Project\github\javavscode\netbeans\nbbuild\netbeans\java\modules\org-netbeans-modules-java-preprocessorbridge.jar:C:\Project\github\javavscode\netbeans\nbbuild\netbeans\ide\modules\org-netbeans-modules-parsing-api.jar:C:\Project\github\javavscode\netbeans\nbbuild\netbeans\ide\modules\org-netbeans-modules-parsing-lucene.jar:C:\Project\github\javavscode\netbeans\nbbuild\netbeans\platform\modules\org-netbeans-modules-masterfs.jar:C:\Project\github\javavscode\netbeans\nbbuild\netbeans\ide\modules\org-netbeans-modules-parsing-indexing.jar:C:\Project\github\javavscode\netbeans\nbbuild\netbeans\ide\modules\org-netbeans-modules-project-indexingbridge.jar:C:\Project\github\javavscode\netbeans\nbbuild\netbeans\ide\modules\org-netbeans-spi-tasklist.jar:C:\Project\github\javavscode\netbeans\nbbuild\netbeans\java\modules\org-netbeans-modules-java-source-base.jar:C:\Project\github\javavscode\netbeans\nbbuild\netbeans\java\modules\org-netbeans-modules-java-lexer.jar:C:\Project\github\javavscode\netbeans\nbbuild\netbeans\ide\modules\org-netbeans-modules-refactoring-api.jar:C:\Project\github\javavscode\netbeans\nbbuild\netbeans\ide\modules\org-netbeans-modules-diff.jar:C:\Project\github\javavscode\netbeans\nbbuild\netbeans\ide\modules\org-netbeans-modules-editor-errorstripe.jar:C:\Project\github\javavscode\netbeans\nbbuild\netbeans\ide\modules\org-netbeans-modules-editor-errorstripe-api.jar:C:\Project\github\javavscode\netbeans\nbbuild\netbeans\java\modules\org-netbeans-modules-java-source-base.jar:C:\Project\github\javavscode\netbeans\nbbuild\netbeans\platform\modules\org-netbeans-api-annotations-common.jar:C:\Project\github\javavscode\netbeans\nbbuild\netbeans\java\modules\org-netbeans-api-java.jar:C:\Project\github\javavscode\netbeans\nbbuild\netbeans\ide\modules\org-netbeans-api-java-classpath.jar:C:\Project\github\javavscode\netbeans\nbbuild\netbeans\platform\core\org-openide-filesystems.jar:C:\Project\github\javavscode\netbeans\nbbuild\netbeans\platform\lib\org-openide-util.jar:C:\Project\github\javavscode\netbeans\nbbuild\netbeans\platform\lib\org-openide-util-lookup.jar:C:\Project\github\javavscode\netbeans\nbbuild\netbeans\platform\lib\org-openide-modules.jar:C:\Project\github\javavscode\netbeans\nbbuild\netbeans\platform\lib\org-openide-util-ui.jar:C:\Project\github\javavscode\netbeans\nbbuild\netbeans\platform\modules\org-netbeans-api-progress.jar:C:\Project\github\javavscode\netbeans\nbbuild\netbeans\platform\modules\org-netbeans-api-scripting.jar:C:\Project\github\javavscode\netbeans\nbbuild\netbeans\java\modules\org-netbeans-lib-nbjavac.jar:C:\Project\github\javavscode\netbeans\nbbuild\netbeans\java\modules\org-netbeans-libs-javacapi.jar:C:\Project\github\javavscode\netbeans\java\libs.javacapi\external\nb-javac-jdk-22+33-api.jar:C:\Project\github\javavscode\netbeans\java\libs.javacapi\external\nb-javac-jdk-22+33.jar:C:\Project\github\javavscode\netbeans\nbbuild\netbeans\platform\core\org-netbeans-libs-asm.jar:C:\Project\github\javavscode\netbeans\platform\libs.asm\external\asm-9.6.jar:C:\Project\github\javavscode\netbeans\platform\libs.asm\external\asm-tree-9.6.jar:C:\Project\github\javavscode\netbeans\platform\libs.asm\external\asm-commons-9.6.jar:C:\Project\github\javavscode\netbeans\nbbuild\netbeans\ide\modules\org-netbeans-libs-lucene.jar:C:\Project\github\javavscode\netbeans\ide\libs.lucene\external\lucene-core-3.6.2.jar:C:\Project\github\javavscode\netbeans\nbbuild\netbeans\java\modules\org-netbeans-modules-classfile.jar:C:\Project\github\javavscode\netbeans\nbbuild\netbeans\ide\modules\org-netbeans-modules-editor-document.jar:C:\Project\github\javavscode\netbeans\nbbuild\netbeans\platform\modules\org-netbeans-modules-editor-mimelookup.jar:C:\Project\github\javavscode\netbeans\nbbuild\netbeans\ide\modules\org-netbeans-modules-editor-util.jar:C:\Project\github\javavscode\netbeans\nbbuild\netbeans\ide\modules\org-netbeans-modules-editor-guards.jar:C:\Project\github\javavscode\netbeans\nbbuild\netbeans\ide\modules\org-netbeans-modules-editor-indent.jar:C:\Project\github\javavscode\netbeans\nbbuild\netbeans\ide\modules\org-netbeans-modules-editor-settings.jar:C:\Project\github\javavscode\netbeans\nbbuild\netbeans\ide\modules\org-netbeans-modules-lexer.jar:C:\Project\github\javavscode\netbeans\nbbuild\netbeans\java\modules\org-netbeans-modules-java-lexer.jar:C:\Project\github\javavscode\netbeans\nbbuild\netbeans\java\modules\org-netbeans-modules-java-platform.jar:C:\Project\github\javavscode\netbeans\nbbuild\netbeans\java\modules\org-netbeans-modules-java-preprocessorbridge.jar:C:\Project\github\javavscode\netbeans\nbbuild\netbeans\ide\modules\org-netbeans-modules-parsing-api.jar:C:\Project\github\javavscode\netbeans\nbbuild\netbeans\ide\modules\org-netbeans-modules-parsing-lucene.jar:C:\Project\github\javavscode\netbeans\nbbuild\netbeans\platform\modules\org-netbeans-modules-masterfs.jar:C:\Project\github\javavscode\netbeans\nbbuild\netbeans\platform\modules\org-netbeans-modules-queries.jar:C:\Project\github\javavscode\netbeans\nbbuild\netbeans\ide\modules\org-netbeans-modules-projectapi.jar:C:\Project\github\javavscode\netbeans\nbbuild\netbeans\ide\modules\org-netbeans-modules-parsing-indexing.jar:C:\Project\github\javavscode\netbeans\nbbuild\netbeans\ide\modules\org-netbeans-modules-project-indexingbridge.jar:C:\Project\github\javavscode\netbeans\nbbuild\netbeans\ide\modules\org-netbeans-modules-projectuiapi-base.jar:C:\Project\github\javavscode\netbeans\nbbuild\netbeans\platform\modules\org-openide-explorer.jar:C:\Project\github\javavscode\netbeans\nbbuild\netbeans\platform\modules\org-netbeans-swing-outline.jar:C:\Project\github\javavscode\netbeans\nbbuild\netbeans\platform\modules\org-netbeans-swing-tabcontrol.jar:C:\Project\github\javavscode\netbeans\nbbuild\netbeans\platform\modules\org-openide-awt.jar:C:\Project\github\javavscode\netbeans\nbbuild\netbeans\platform\modules\org-openide-windows.jar:C:\Project\github\javavscode\netbeans\nbbuild\netbeans\platform\modules\org-openide-nodes.jar:C:\Project\github\javavscode\netbeans\nbbuild\netbeans\platform\modules\org-openide-dialogs.jar:C:\Project\github\javavscode\netbeans\nbbuild\netbeans\platform\modules\org-netbeans-api-progress-nb.jar:C:\Project\github\javavscode\netbeans\nbbuild\netbeans\ide\modules\org-netbeans-spi-tasklist.jar:C:\Project\github\javavscode\netbeans\nbbuild\netbeans\ide\modules\org-netbeans-modules-refactoring-api.jar:C:\Project\github\javavscode\netbeans\nbbuild\netbeans\ide\modules\org-netbeans-modules-diff.jar:C:\Project\github\javavscode\netbeans\nbbuild\netbeans\ide\modules\org-netbeans-modules-editor-errorstripe.jar:C:\Project\github\javavscode\netbeans\nbbuild\netbeans\ide\modules\org-netbeans-modules-editor-errorstripe-api.jar:C:\Project\github\javavscode\netbeans\nbbuild\netbeans\ide\modules\org-netbeans-modules-editor-fold.jar:C:\Project\github\javavscode\netbeans\nbbuild\netbeans\ide\modules\org-netbeans-modules-editor-settings-lib.jar:C:\Project\github\javavscode\netbeans\nbbuild\netbeans\ide\modules\org-netbeans-modules-editor-lib.jar:C:\Project\github\javavscode\netbeans\nbbuild\netbeans\ide\modules\org-netbeans-modules-editor-lib2.jar:C:\Project\github\javavscode\netbeans\nbbuild\netbeans\platform\modules\org-openide-loaders.jar:C:\Project\github\javavscode\netbeans\nbbuild\netbeans\platform\modules\org-netbeans-api-templates.jar:C:\Project\github\javavscode\netbeans\nbbuild\netbeans\platform\modules\org-openide-actions.jar:C:\Project\github\javavscode\netbeans\nbbuild\netbeans\platform\modules\org-openide-text.jar:C:\Project\github\javavscode\netbeans\nbbuild\netbeans\platform\modules\org-openide-filesystems-nb.jar:C:\Project\github\javavscode\netbeans\nbbuild\netbeans\platform\modules\org-netbeans-modules-options-api.jar:C:\Project\github\javavscode\netbeans\nbbuild\netbeans\platform\modules\org-netbeans-core.jar:C:\Project\github\javavscode\netbeans\nbbuild\netbeans\platform\lib\boot.jar:C:\Project\github\javavscode\netbeans\nbbuild\netbeans\platform\core\core.jar:C:\Project\github\javavscode\netbeans\nbbuild\netbeans\platform\core\core-base.jar:C:\Project\github\javavscode\netbeans\nbbuild\netbeans\platform\modules\org-netbeans-modules-keyring.jar:C:\Project\github\javavscode\netbeans\nbbuild\netbeans\platform\modules\org-netbeans-modules-sampler.jar:C:\Project\github\javavscode\netbeans\nbbuild\netbeans\platform\modules\org-netbeans-swing-plaf.jar:C:\Project\github\javavscode\netbeans\nbbuild\netbeans\platform\modules\org-openide-io.jar:C:\Project\github\javavscode\netbeans\nbbuild\netbeans\platform\modules\org-netbeans-api-intent.jar:C:\Project\github\javavscode\netbeans\nbbuild\netbeans\platform\modules\org-netbeans-api-io.jar:C:\Project\github\javavscode\netbeans\nbbuild\netbeans\platform\modules\org-netbeans-spi-quicksearch.jar:C:\Project\github\javavscode\netbeans\nbbuild\netbeans\ide\modules\org-netbeans-modules-options-editor.jar:C:\Project\github\javavscode\netbeans\nbbuild\netbeans\ide\modules\org-netbeans-modules-editor.jar:C:\Project\github\javavscode\netbeans\nbbuild\netbeans\ide\modules\org-netbeans-api-lsp.jar:C:\Project\github\javavscode\netbeans\nbbuild\netbeans\ide\modules\org-netbeans-modules-editor-fold-nbui.jar:C:\Project\github\javavscode\netbeans\nbbuild\netbeans\ide\modules\org-netbeans-modules-editor-settings-storage.jar:C:\Project\github\javavscode\netbeans\nbbuild\netbeans\platform\modules\org-netbeans-modules-options-keymap.jar:C:\Project\github\javavscode\netbeans\nbbuild\netbeans\java\modules\org-netbeans-modules-java-sourceui.jar:C:\Project\github\javavscode\netbeans\nbbuild\netbeans\platform\modules\org-netbeans-api-annotations-common.jar:C:\Project\github\javavscode\netbeans\nbbuild\netbeans\java\modules\org-netbeans-api-java.jar:C:\Project\github\javavscode\netbeans\nbbuild\netbeans\ide\modules\org-netbeans-api-java-classpath.jar:C:\Project\github\javavscode\netbeans\nbbuild\netbeans\platform\core\org-openide-filesystems.jar:C:\Project\github\javavscode\netbeans\nbbuild\netbeans\platform\lib\org-openide-util.jar:C:\Project\github\javavscode\netbeans\nbbuild\netbeans\platform\lib\org-openide-util-lookup.jar:C:\Project\github\javavscode\netbeans\nbbuild\netbeans\platform\lib\org-openide-modules.jar:C:\Project\github\javavscode\netbeans\nbbuild\netbeans\platform\lib\org-openide-util-ui.jar:C:\Project\github\javavscode\netbeans\nbbuild\netbeans\ide\modules\org-netbeans-api-lsp.jar:C:\Project\github\javavscode\netbeans\nbbuild\netbeans\platform\modules\org-netbeans-modules-editor-mimelookup.jar:C:\Project\github\javavscode\netbeans\nbbuild\netbeans\ide\modules\org-netbeans-modules-editor-util.jar:C:\Project\github\javavscode\netbeans\nbbuild\netbeans\platform\modules\org-netbeans-api-progress.jar:C:\Project\github\javavscode\netbeans\nbbuild\netbeans\platform\modules\org-netbeans-api-progress-nb.jar:C:\Project\github\javavscode\netbeans\nbbuild\netbeans\platform\modules\org-openide-awt.jar:C:\Project\github\javavscode\netbeans\nbbuild\netbeans\java\modules\org-netbeans-lib-nbjavac.jar:C:\Project\github\javavscode\netbeans\nbbuild\netbeans\java\modules\org-netbeans-libs-javacapi.jar:C:\Project\github\javavscode\netbeans\java\libs.javacapi\external\nb-javac-jdk-22+33-api.jar:C:\Project\github\javavscode\netbeans\java\libs.javacapi\external\nb-javac-jdk-22+33.jar:C:\Project\github\javavscode\netbeans\nbbuild\netbeans\ide\modules\org-netbeans-libs-lucene.jar:C:\Project\github\javavscode\netbeans\ide\libs.lucene\external\lucene-core-3.6.2.jar:C:\Project\github\javavscode\netbeans\nbbuild\netbeans\ide\modules\org-netbeans-modules-editor-fold.jar:C:\Project\github\javavscode\netbeans\nbbuild\netbeans\ide\modules\org-netbeans-modules-editor-settings.jar:C:\Project\github\javavscode\netbeans\nbbuild\netbeans\ide\modules\org-netbeans-modules-lexer.jar:C:\Project\github\javavscode\netbeans\nbbuild\netbeans\ide\modules\org-netbeans-modules-editor-settings-lib.jar:C:\Project\github\javavscode\netbeans\nbbuild\netbeans\ide\modules\org-netbeans-modules-editor-lib.jar:C:\Project\github\javavscode\netbeans\nbbuild\netbeans\ide\modules\org-netbeans-modules-editor-document.jar:C:\Project\github\javavscode\netbeans\nbbuild\netbeans\ide\modules\org-netbeans-modules-editor-guards.jar:C:\Project\github\javavscode\netbeans\nbbuild\netbeans\ide\modules\org-netbeans-modules-editor-indent.jar:C:\Project\github\javavscode\netbeans\nbbuild\netbeans\ide\modules\org-netbeans-modules-editor-lib2.jar:C:\Project\github\javavscode\netbeans\nbbuild\netbeans\platform\modules\org-openide-dialogs.jar:C:\Project\github\javavscode\netbeans\nbbuild\netbeans\java\modules\org-netbeans-modules-java-lexer.jar:C:\Project\github\javavscode\netbeans\nbbuild\netbeans\java\modules\org-netbeans-modules-java-platform.jar:C:\Project\github\javavscode\netbeans\nbbuild\netbeans\java\modules\org-netbeans-modules-java-preprocessorbridge.jar:C:\Project\github\javavscode\netbeans\nbbuild\netbeans\ide\modules\org-netbeans-modules-parsing-api.jar:C:\Project\github\javavscode\netbeans\nbbuild\netbeans\ide\modules\org-netbeans-modules-parsing-lucene.jar:C:\Project\github\javavscode\netbeans\nbbuild\netbeans\platform\modules\org-netbeans-modules-masterfs.jar:C:\Project\github\javavscode\netbeans\nbbuild\netbeans\platform\modules\org-netbeans-modules-queries.jar:C:\Project\github\javavscode\netbeans\nbbuild\netbeans\ide\modules\org-netbeans-modules-projectapi.jar:C:\Project\github\javavscode\netbeans\nbbuild\netbeans\ide\modules\org-netbeans-modules-parsing-indexing.jar:C:\Project\github\javavscode\netbeans\nbbuild\netbeans\ide\modules\org-netbeans-modules-project-indexingbridge.jar:C:\Project\github\javavscode\netbeans\nbbuild\netbeans\ide\modules\org-netbeans-modules-projectuiapi-base.jar:C:\Project\github\javavscode\netbeans\nbbuild\netbeans\platform\modules\org-openide-explorer.jar:C:\Project\github\javavscode\netbeans\nbbuild\netbeans\platform\modules\org-netbeans-swing-outline.jar:C:\Project\github\javavscode\netbeans\nbbuild\netbeans\platform\modules\org-netbeans-swing-tabcontrol.jar:C:\Project\github\javavscode\netbeans\nbbuild\netbeans\platform\modules\org-openide-windows.jar:C:\Project\github\javavscode\netbeans\nbbuild\netbeans\platform\modules\org-openide-nodes.jar:C:\Project\github\javavscode\netbeans\nbbuild\netbeans\ide\modules\org-netbeans-spi-tasklist.jar:C:\Project\github\javavscode\netbeans\nbbuild\netbeans\java\modules\org-netbeans-modules-java-source.jar:C:\Project\github\javavscode\netbeans\nbbuild\netbeans\platform\modules\org-netbeans-api-templates.jar:C:\Project\github\javavscode\netbeans\nbbuild\netbeans\platform\modules\org-netbeans-api-scripting.jar:C:\Project\github\javavscode\netbeans\nbbuild\netbeans\platform\modules\org-netbeans-core-multiview.jar:C:\Project\github\javavscode\netbeans\nbbuild\netbeans\platform\modules\org-openide-text.jar:C:\Project\github\javavscode\netbeans\nbbuild\netbeans\platform\modules\org-netbeans-modules-autoupdate-services.jar:C:\Project\github\javavscode\netbeans\nbbuild\netbeans\platform\modules\ext\updater.jar:C:\Project\github\javavscode\netbeans\nbbuild\netbeans\platform\lib\boot.jar:C:\Project\github\javavscode\netbeans\nbbuild\netbeans\platform\core\core.jar:C:\Project\github\javavscode\netbeans\nbbuild\netbeans\platform\core\org-netbeans-libs-asm.jar:C:\Project\github\javavscode\netbeans\platform\libs.asm\external\asm-9.6.jar:C:\Project\github\javavscode\netbeans\platform\libs.asm\external\asm-tree-9.6.jar:C:\Project\github\javavscode\netbeans\platform\libs.asm\external\asm-commons-9.6.jar:C:\Project\github\javavscode\netbeans\nbbuild\netbeans\platform\core\core-base.jar:C:\Project\github\javavscode\netbeans\nbbuild\netbeans\java\modules\org-netbeans-modules-classfile.jar:C:\Project\github\javavscode\netbeans\nbbuild\netbeans\ide\modules\org-netbeans-modules-editor-indent-project.jar:C:\Project\github\javavscode\netbeans\nbbuild\netbeans\ide\modules\org-netbeans-modules-editor-settings-storage.jar:C:\Project\github\javavscode\netbeans\nbbuild\netbeans\platform\modules\org-openide-filesystems-nb.jar:C:\Project\github\javavscode\netbeans\nbbuild\netbeans\platform\modules\org-netbeans-modules-options-keymap.jar:C:\Project\github\javavscode\netbeans\nbbuild\netbeans\platform\modules\org-netbeans-modules-options-api.jar:C:\Project\github\javavscode\netbeans\nbbuild\netbeans\platform\modules\org-netbeans-core.jar:C:\Project\github\javavscode\netbeans\nbbuild\netbeans\platform\modules\org-netbeans-modules-keyring.jar:C:\Project\github\javavscode\netbeans\nbbuild\netbeans\platform\modules\org-netbeans-modules-sampler.jar:C:\Project\github\javavscode\netbeans\nbbuild\netbeans\platform\modules\org-netbeans-swing-plaf.jar:C:\Project\github\javavscode\netbeans\nbbuild\netbeans\platform\modules\org-openide-actions.jar:C:\Project\github\javavscode\netbeans\nbbuild\netbeans\platform\modules\org-openide-io.jar:C:\Project\github\javavscode\netbeans\nbbuild\netbeans\platform\modules\org-netbeans-api-intent.jar:C:\Project\github\javavscode\netbeans\nbbuild\netbeans\platform\modules\org-netbeans-api-io.jar:C:\Project\github\javavscode\netbeans\nbbuild\netbeans\platform\modules\org-openide-loaders.jar:C:\Project\github\javavscode\netbeans\nbbuild\netbeans\platform\modules\org-netbeans-spi-quicksearch.jar:C:\Project\github\javavscode\netbeans\nbbuild\netbeans\ide\modules\org-netbeans-modules-options-editor.jar:C:\Project\github\javavscode\netbeans\nbbuild\netbeans\ide\modules\org-netbeans-modules-editor.jar:C:\Project\github\javavscode\netbeans\nbbuild\netbeans\ide\modules\org-netbeans-modules-editor-fold-nbui.jar:C:\Project\github\javavscode\netbeans\nbbuild\netbeans\ide\modules\org-netbeans-modules-projectuiapi.jar:C:\Project\github\javavscode\netbeans\nbbuild\netbeans\ide\modules\org-netbeans-modules-editor-indent-support.jar:C:\Project\github\javavscode\netbeans\nbbuild\netbeans\java\modules\org-netbeans-modules-java-source-base.jar:C:\Project\github\javavscode\netbeans\nbbuild\netbeans\ide\modules\org-netbeans-modules-refactoring-api.jar:C:\Project\github\javavscode\netbeans\nbbuild\netbeans\ide\modules\org-netbeans-modules-diff.jar:C:\Project\github\javavscode\netbeans\nbbuild\netbeans\ide\modules\org-netbeans-modules-editor-errorstripe.jar:C:\Project\github\javavscode\netbeans\nbbuild\netbeans\ide\modules\org-netbeans-modules-editor-errorstripe-api.jar:C:\Project\github\javavscode\netbeans\nbbuild\netbeans\ide\modules\org-netbeans-modules-jumpto.jar:C:\Project\github\javavscode\netbeans\nbbuild\netbeans\platform\modules\org-netbeans-api-search.jar:C:\Project\github\javavscode\netbeans\nbbuild\netbeans\platform\modules\org-netbeans-core-ui.jar:C:\Project\github\javavscode\netbeans\nbbuild\netbeans\java\modules\org-netbeans-modules-java-testrunner-ui.jar:C:\Project\github\javavscode\netbeans\nbbuild\netbeans\platform\modules\org-netbeans-api-annotations-common.jar:C:\Project\github\javavscode\netbeans\nbbuild\netbeans\java\modules\org-netbeans-api-java.jar:C:\Project\github\javavscode\netbeans\nbbuild\netbeans\ide\modules\org-netbeans-api-java-classpath.jar:C:\Project\github\javavscode\netbeans\nbbuild\netbeans\platform\core\org-openide-filesystems.jar:C:\Project\github\javavscode\netbeans\nbbuild\netbeans\platform\lib\org-openide-util.jar:C:\Project\github\javavscode\netbeans\nbbuild\netbeans\platform\lib\org-openide-util-lookup.jar:C:\Project\github\javavscode\netbeans\nbbuild\netbeans\platform\lib\org-openide-modules.jar:C:\Project\github\javavscode\netbeans\nbbuild\netbeans\platform\lib\org-openide-util-ui.jar:C:\Project\github\javavscode\netbeans\nbbuild\netbeans\java\modules\org-netbeans-libs-javacapi.jar:C:\Project\github\javavscode\netbeans\java\libs.javacapi\external\nb-javac-jdk-22+33-api.jar:C:\Project\github\javavscode\netbeans\java\libs.javacapi\external\nb-javac-jdk-22+33.jar:C:\Project\github\javavscode\netbeans\nbbuild\netbeans\ide\modules\org-netbeans-modules-extexecution.jar:C:\Project\github\javavscode\netbeans\nbbuild\netbeans\platform\modules\org-netbeans-api-progress.jar:C:\Project\github\javavscode\netbeans\nbbuild\netbeans\ide\modules\org-netbeans-modules-extexecution-base.jar:C:\Project\github\javavscode\netbeans\nbbuild\netbeans\platform\modules\org-openide-io.jar:C:\Project\github\javavscode\netbeans\nbbuild\netbeans\platform\modules\org-netbeans-api-intent.jar:C:\Project\github\javavscode\netbeans\nbbuild\netbeans\platform\modules\org-netbeans-api-io.jar:C:\Project\github\javavscode\netbeans\nbbuild\netbeans\ide\modules\org-netbeans-modules-gsf-testrunner.jar:C:\Project\github\javavscode\netbeans\nbbuild\netbeans\ide\modules\org-netbeans-modules-projectapi.jar:C:\Project\github\javavscode\netbeans\nbbuild\netbeans\platform\modules\org-netbeans-modules-queries.jar:C:\Project\github\javavscode\netbeans\nbbuild\netbeans\ide\modules\org-netbeans-modules-gsf-testrunner-ui.jar:C:\Project\github\javavscode\netbeans\nbbuild\netbeans\platform\modules\org-netbeans-api-progress-nb.jar:C:\Project\github\javavscode\netbeans\nbbuild\netbeans\platform\modules\org-openide-awt.jar:C:\Project\github\javavscode\netbeans\nbbuild\netbeans\ide\modules\org-netbeans-modules-diff.jar:C:\Project\github\javavscode\netbeans\nbbuild\netbeans\ide\modules\org-netbeans-modules-editor-errorstripe.jar:C:\Project\github\javavscode\netbeans\nbbuild\netbeans\ide\modules\org-netbeans-modules-editor-document.jar:C:\Project\github\javavscode\netbeans\nbbuild\netbeans\platform\modules\org-netbeans-modules-editor-mimelookup.jar:C:\Project\github\javavscode\netbeans\nbbuild\netbeans\ide\modules\org-netbeans-modules-editor-util.jar:C:\Project\github\javavscode\netbeans\nbbuild\netbeans\ide\modules\org-netbeans-modules-editor-errorstripe-api.jar:C:\Project\github\javavscode\netbeans\nbbuild\netbeans\ide\modules\org-netbeans-modules-editor-fold.jar:C:\Project\github\javavscode\netbeans\nbbuild\netbeans\ide\modules\org-netbeans-modules-editor-settings.jar:C:\Project\github\javavscode\netbeans\nbbuild\netbeans\ide\modules\org-netbeans-modules-lexer.jar:C:\Project\github\javavscode\netbeans\nbbuild\netbeans\ide\modules\org-netbeans-modules-editor-settings-lib.jar:C:\Project\github\javavscode\netbeans\nbbuild\netbeans\ide\modules\org-netbeans-modules-editor-lib.jar:C:\Project\github\javavscode\netbeans\nbbuild\netbeans\ide\modules\org-netbeans-modules-editor-guards.jar:C:\Project\github\javavscode\netbeans\nbbuild\netbeans\ide\modules\org-netbeans-modules-editor-indent.jar:C:\Project\github\javavscode\netbeans\nbbuild\netbeans\ide\modules\org-netbeans-modules-editor-lib2.jar:C:\Project\github\javavscode\netbeans\nbbuild\netbeans\platform\modules\org-openide-dialogs.jar:C:\Project\github\javavscode\netbeans\nbbuild\netbeans\platform\modules\org-openide-loaders.jar:C:\Project\github\javavscode\netbeans\nbbuild\netbeans\platform\modules\org-netbeans-api-scripting.jar:C:\Project\github\javavscode\netbeans\nbbuild\netbeans\platform\modules\org-netbeans-api-templates.jar:C:\Project\github\javavscode\netbeans\nbbuild\netbeans\platform\modules\org-openide-actions.jar:C:\Project\github\javavscode\netbeans\nbbuild\netbeans\platform\modules\org-openide-explorer.jar:C:\Project\github\javavscode\netbeans\nbbuild\netbeans\platform\modules\org-netbeans-swing-outline.jar:C:\Project\github\javavscode\netbeans\nbbuild\netbeans\platform\modules\org-netbeans-swing-tabcontrol.jar:C:\Project\github\javavscode\netbeans\nbbuild\netbeans\platform\modules\org-openide-windows.jar:C:\Project\github\javavscode\netbeans\nbbuild\netbeans\platform\modules\org-openide-nodes.jar:C:\Project\github\javavscode\netbeans\nbbuild\netbeans\platform\modules\org-openide-text.jar:C:\Project\github\javavscode\netbeans\nbbuild\netbeans\platform\modules\org-openide-filesystems-nb.jar:C:\Project\github\javavscode\netbeans\nbbuild\netbeans\platform\modules\org-netbeans-modules-options-api.jar:C:\Project\github\javavscode\netbeans\nbbuild\netbeans\platform\modules\org-netbeans-core.jar:C:\Project\github\javavscode\netbeans\nbbuild\netbeans\platform\lib\boot.jar:C:\Project\github\javavscode\netbeans\nbbuild\netbeans\platform\core\core.jar:C:\Project\github\javavscode\netbeans\nbbuild\netbeans\platform\core\org-netbeans-libs-asm.jar:C:\Project\github\javavscode\netbeans\platform\libs.asm\external\asm-9.6.jar:C:\Project\github\javavscode\netbeans\platform\libs.asm\external\asm-tree-9.6.jar:C:\Project\github\javavscode\netbeans\platform\libs.asm\external\asm-commons-9.6.jar:C:\Project\github\javavscode\netbeans\nbbuild\netbeans\platform\core\core-base.jar:C:\Project\github\javavscode\netbeans\nbbuild\netbeans\platform\modules\org-netbeans-modules-keyring.jar:C:\Project\github\javavscode\netbeans\nbbuild\netbeans\platform\modules\org-netbeans-modules-sampler.jar:C:\Project\github\javavscode\netbeans\nbbuild\netbeans\platform\modules\org-netbeans-swing-plaf.jar:C:\Project\github\javavscode\netbeans\nbbuild\netbeans\platform\modules\org-netbeans-spi-quicksearch.jar:C:\Project\github\javavscode\netbeans\nbbuild\netbeans\ide\modules\org-netbeans-modules-options-editor.jar:C:\Project\github\javavscode\netbeans\nbbuild\netbeans\ide\modules\org-netbeans-modules-editor.jar:C:\Project\github\javavscode\netbeans\nbbuild\netbeans\ide\modules\org-netbeans-api-lsp.jar:C:\Project\github\javavscode\netbeans\nbbuild\netbeans\ide\modules\org-netbeans-modules-editor-fold-nbui.jar:C:\Project\github\javavscode\netbeans\nbbuild\netbeans\ide\modules\org-netbeans-modules-editor-settings-storage.jar:C:\Project\github\javavscode\netbeans\nbbuild\netbeans\platform\modules\org-netbeans-modules-options-keymap.jar:C:\Project\github\javavscode\netbeans\nbbuild\netbeans\ide\modules\org-netbeans-modules-parsing-api.jar:C:\Project\github\javavscode\netbeans\nbbuild\netbeans\ide\modules\org-netbeans-modules-parsing-lucene.jar:C:\Project\github\javavscode\netbeans\nbbuild\netbeans\ide\modules\org-netbeans-libs-lucene.jar:C:\Project\github\javavscode\netbeans\ide\libs.lucene\external\lucene-core-3.6.2.jar:C:\Project\github\javavscode\netbeans\nbbuild\netbeans\platform\modules\org-netbeans-modules-masterfs.jar:C:\Project\github\javavscode\netbeans\nbbuild\netbeans\ide\modules\org-netbeans-modules-parsing-indexing.jar:C:\Project\github\javavscode\netbeans\nbbuild\netbeans\ide\modules\org-netbeans-modules-project-indexingbridge.jar:C:\Project\github\javavscode\netbeans\nbbuild\netbeans\ide\modules\org-netbeans-modules-projectuiapi-base.jar:C:\Project\github\javavscode\netbeans\nbbuild\netbeans\ide\modules\org-netbeans-spi-tasklist.jar:C:\Project\github\javavscode\netbeans\nbbuild\netbeans\java\modules\org-netbeans-modules-java-source.jar:C:\Project\github\javavscode\netbeans\nbbuild\netbeans\platform\modules\org-netbeans-core-multiview.jar:C:\Project\github\javavscode\netbeans\nbbuild\netbeans\java\modules\org-netbeans-lib-nbjavac.jar:C:\Project\github\javavscode\netbeans\nbbuild\netbeans\platform\modules\org-netbeans-modules-autoupdate-services.jar:C:\Project\github\javavscode\netbeans\nbbuild\netbeans\platform\modules\ext\updater.jar:C:\Project\github\javavscode\netbeans\nbbuild\netbeans\java\modules\org-netbeans-modules-classfile.jar:C:\Project\github\javavscode\netbeans\nbbuild\netbeans\ide\modules\org-netbeans-modules-editor-indent-project.jar:C:\Project\github\javavscode\netbeans\nbbuild\netbeans\ide\modules\org-netbeans-modules-projectuiapi.jar:C:\Project\github\javavscode\netbeans\nbbuild\netbeans\ide\modules\org-netbeans-modules-editor-indent-support.jar:C:\Project\github\javavscode\netbeans\nbbuild\netbeans\java\modules\org-netbeans-modules-java-platform.jar:C:\Project\github\javavscode\netbeans\nbbuild\netbeans\java\modules\org-netbeans-modules-java-preprocessorbridge.jar:C:\Project\github\javavscode\netbeans\nbbuild\netbeans\java\modules\org-netbeans-modules-java-source-base.jar:C:\Project\github\javavscode\netbeans\nbbuild\netbeans\java\modules\org-netbeans-modules-java-lexer.jar:C:\Project\github\javavscode\netbeans\nbbuild\netbeans\ide\modules\org-netbeans-modules-refactoring-api.jar:C:\Project\github\javavscode\netbeans\nbbuild\netbeans\java\modules\org-netbeans-modules-java-testrunner.jar:C:\Project\github\javavscode\netbeans\nbbuild\netbeans\java\modules\org-netbeans-modules-java-project.jar:C:\Project\github\javavscode\netbeans\nbbuild\netbeans\ide\modules\org-netbeans-modules-project-ant.jar:C:\Project\github\javavscode\netbeans\nbbuild\netbeans\ide\modules\org-netbeans-modules-project-libraries.jar:C:\Project\github\javavscode\netbeans\nbbuild\netbeans\ide\modules\org-netbeans-modules-project-spi-intern.jar:C:\Project\github\javavscode\netbeans\nbbuild\netbeans\ide\modules\org-netbeans-modules-xml-catalog.jar:C:\Project\github\javavscode\netbeans\nbbuild\netbeans\ide\modules\org-apache-xml-resolver.jar:C:\Project\github\javavscode\netbeans\ide\o.apache.xml.resolver\external\resolver-1.2.jar:C:\Project\github\javavscode\netbeans\nbbuild\netbeans\ide\modules\org-netbeans-api-xml.jar:C:\Project\github\javavscode\netbeans\nbbuild\netbeans\ide\modules\org-netbeans-spi-editor-hints.jar:C:\Project\github\javavscode\netbeans\nbbuild\netbeans\java\modules\org-netbeans-spi-java-hints.jar:C:\Project\github\javavscode\netbeans\nbbuild\netbeans\ide\modules\org-netbeans-modules-code-analysis.jar:C:\Project\github\javavscode\netbeans\nbbuild\netbeans\platform\modules\org-netbeans-modules-settings.jar:C:\Project\github\javavscode\netbeans\nbbuild\netbeans\ide\modules\org-netbeans-modules-javascript2-debug.jar:C:\Project\github\javavscode\netbeans\nbbuild\netbeans\platform\modules\org-netbeans-api-annotations-common.jar:C:\Project\github\javavscode\netbeans\nbbuild\netbeans\ide\modules\org-netbeans-api-debugger.jar:C:\Project\github\javavscode\netbeans\nbbuild\netbeans\ide\modules\org-netbeans-modules-projectapi.jar:C:\Project\github\javavscode\netbeans\nbbuild\netbeans\platform\modules\org-netbeans-modules-queries.jar:C:\Project\github\javavscode\netbeans\nbbuild\netbeans\platform\core\org-openide-filesystems.jar:C:\Project\github\javavscode\netbeans\nbbuild\netbeans\platform\lib\org-openide-util.jar:C:\Project\github\javavscode\netbeans\nbbuild\netbeans\platform\lib\org-openide-util-lookup.jar:C:\Project\github\javavscode\netbeans\nbbuild\netbeans\platform\lib\org-openide-modules.jar:C:\Project\github\javavscode\netbeans\nbbuild\netbeans\platform\lib\org-openide-util-ui.jar:C:\Project\github\javavscode\netbeans\nbbuild\netbeans\ide\modules\org-netbeans-modules-editor-document.jar:C:\Project\github\javavscode\netbeans\nbbuild\netbeans\platform\modules\org-netbeans-modules-editor-mimelookup.jar:C:\Project\github\javavscode\netbeans\nbbuild\netbeans\ide\modules\org-netbeans-modules-editor-util.jar:C:\Project\github\javavscode\netbeans\nbbuild\netbeans\ide\modules\org-netbeans-modules-parsing-api.jar:C:\Project\github\javavscode\netbeans\nbbuild\netbeans\ide\modules\org-netbeans-api-java-classpath.jar:C:\Project\github\javavscode\netbeans\nbbuild\netbeans\ide\modules\org-netbeans-modules-lexer.jar:C:\Project\github\javavscode\netbeans\nbbuild\netbeans\ide\modules\org-netbeans-modules-parsing-lucene.jar:C:\Project\github\javavscode\netbeans\nbbuild\netbeans\ide\modules\org-netbeans-libs-lucene.jar:C:\Project\github\javavscode\netbeans\ide\libs.lucene\external\lucene-core-3.6.2.jar:C:\Project\github\javavscode\netbeans\nbbuild\netbeans\platform\modules\org-netbeans-modules-masterfs.jar:C:\Project\github\javavscode\netbeans\nbbuild\netbeans\ide\modules\org-netbeans-modules-web-common.jar:C:\Project\github\javavscode\netbeans\nbbuild\netbeans\ide\modules\org-netbeans-libs-json_simple.jar:C:\Project\github\javavscode\netbeans\nbbuild\netbeans\ide\modules\ext\json-simple-1.1.1.jar:C:\Project\github\javavscode\netbeans\nbbuild\netbeans\ide\modules\org-netbeans-modules-jumpto.jar:C:\Project\github\javavscode\netbeans\nbbuild\netbeans\platform\modules\org-netbeans-api-annotations-common.jar:C:\Project\github\javavscode\netbeans\nbbuild\netbeans\platform\modules\org-netbeans-api-search.jar:C:\Project\github\javavscode\netbeans\nbbuild\netbeans\platform\modules\org-netbeans-api-progress.jar:C:\Project\github\javavscode\netbeans\nbbuild\netbeans\platform\lib\org-openide-modules.jar:C:\Project\github\javavscode\netbeans\nbbuild\netbeans\platform\lib\org-openide-util-ui.jar:C:\Project\github\javavscode\netbeans\nbbuild\netbeans\platform\lib\org-openide-util.jar:C:\Project\github\javavscode\netbeans\nbbuild\netbeans\platform\lib\org-openide-util-lookup.jar:C:\Project\github\javavscode\netbeans\nbbuild\netbeans\platform\modules\org-netbeans-modules-queries.jar:C:\Project\github\javavscode\netbeans\nbbuild\netbeans\platform\core\org-openide-filesystems.jar:C:\Project\github\javavscode\netbeans\nbbuild\netbeans\platform\modules\org-netbeans-swing-outline.jar:C:\Project\github\javavscode\netbeans\nbbuild\netbeans\platform\modules\org-openide-actions.jar:C:\Project\github\javavscode\netbeans\nbbuild\netbeans\platform\modules\org-openide-awt.jar:C:\Project\github\javavscode\netbeans\nbbuild\netbeans\platform\modules\org-openide-dialogs.jar:C:\Project\github\javavscode\netbeans\nbbuild\netbeans\platform\modules\org-netbeans-api-progress-nb.jar:C:\Project\github\javavscode\netbeans\nbbuild\netbeans\platform\modules\org-openide-explorer.jar:C:\Project\github\javavscode\netbeans\nbbuild\netbeans\platform\modules\org-netbeans-swing-tabcontrol.jar:C:\Project\github\javavscode\netbeans\nbbuild\netbeans\platform\modules\org-openide-windows.jar:C:\Project\github\javavscode\netbeans\nbbuild\netbeans\platform\modules\org-openide-nodes.jar:C:\Project\github\javavscode\netbeans\nbbuild\netbeans\platform\modules\org-openide-text.jar:C:\Project\github\javavscode\netbeans\nbbuild\netbeans\platform\modules\org-netbeans-modules-editor-mimelookup.jar:C:\Project\github\javavscode\netbeans\nbbuild\netbeans\platform\modules\org-openide-filesystems-nb.jar:C:\Project\github\javavscode\netbeans\nbbuild\netbeans\platform\modules\org-openide-io.jar:C:\Project\github\javavscode\netbeans\nbbuild\netbeans\platform\modules\org-netbeans-api-intent.jar:C:\Project\github\javavscode\netbeans\nbbuild\netbeans\platform\modules\org-netbeans-api-io.jar:C:\Project\github\javavscode\netbeans\nbbuild\netbeans\platform\modules\org-openide-loaders.jar:C:\Project\github\javavscode\netbeans\nbbuild\netbeans\platform\modules\org-netbeans-api-scripting.jar:C:\Project\github\javavscode\netbeans\nbbuild\netbeans\platform\modules\org-netbeans-api-templates.jar:C:\Project\github\javavscode\netbeans\nbbuild\netbeans\platform\modules\org-netbeans-core-ui.jar:C:\Project\github\javavscode\netbeans\nbbuild\netbeans\platform\modules\org-netbeans-core.jar:C:\Project\github\javavscode\netbeans\nbbuild\netbeans\platform\lib\boot.jar:C:\Project\github\javavscode\netbeans\nbbuild\netbeans\platform\core\core.jar:C:\Project\github\javavscode\netbeans\nbbuild\netbeans\platform\core\org-netbeans-libs-asm.jar:C:\Project\github\javavscode\netbeans\platform\libs.asm\external\asm-9.6.jar:C:\Project\github\javavscode\netbeans\platform\libs.asm\external\asm-tree-9.6.jar:C:\Project\github\javavscode\netbeans\platform\libs.asm\external\asm-commons-9.6.jar:C:\Project\github\javavscode\netbeans\nbbuild\netbeans\platform\core\core-base.jar:C:\Project\github\javavscode\netbeans\nbbuild\netbeans\platform\modules\org-netbeans-modules-keyring.jar:C:\Project\github\javavscode\netbeans\nbbuild\netbeans\platform\modules\org-netbeans-modules-sampler.jar:C:\Project\github\javavscode\netbeans\nbbuild\netbeans\platform\modules\org-netbeans-swing-plaf.jar:C:\Project\github\javavscode\netbeans\nbbuild\netbeans\platform\modules\org-netbeans-modules-options-api.jar:C:\Project\github\javavscode\netbeans\nbbuild\netbeans\platform\modules\org-netbeans-spi-quicksearch.jar:C:\Project\github\javavscode\netbeans\nbbuild\netbeans\ide\modules\org-netbeans-modules-editor-lib.jar:C:\Project\github\javavscode\netbeans\nbbuild\netbeans\ide\modules\org-netbeans-modules-editor-document.jar:C:\Project\github\javavscode\netbeans\nbbuild\netbeans\ide\modules\org-netbeans-modules-editor-util.jar:C:\Project\github\javavscode\netbeans\nbbuild\netbeans\ide\modules\org-netbeans-modules-editor-fold.jar:C:\Project\github\javavscode\netbeans\nbbuild\netbeans\ide\modules\org-netbeans-modules-editor-settings.jar:C:\Project\github\javavscode\netbeans\nbbuild\netbeans\ide\modules\org-netbeans-modules-lexer.jar:C:\Project\github\javavscode\netbeans\nbbuild\netbeans\ide\modules\org-netbeans-modules-editor-settings-lib.jar:C:\Project\github\javavscode\netbeans\nbbuild\netbeans\ide\modules\org-netbeans-modules-editor-guards.jar:C:\Project\github\javavscode\netbeans\nbbuild\netbeans\ide\modules\org-netbeans-modules-editor-indent.jar:C:\Project\github\javavscode\netbeans\nbbuild\netbeans\ide\modules\org-netbeans-modules-editor-lib2.jar:C:\Project\github\javavscode\netbeans\nbbuild\netbeans\ide\modules\org-netbeans-modules-parsing-api.jar:C:\Project\github\javavscode\netbeans\nbbuild\netbeans\ide\modules\org-netbeans-api-java-classpath.jar:C:\Project\github\javavscode\netbeans\nbbuild\netbeans\ide\modules\org-netbeans-modules-parsing-lucene.jar:C:\Project\github\javavscode\netbeans\nbbuild\netbeans\ide\modules\org-netbeans-libs-lucene.jar:C:\Project\github\javavscode\netbeans\ide\libs.lucene\external\lucene-core-3.6.2.jar:C:\Project\github\javavscode\netbeans\nbbuild\netbeans\platform\modules\org-netbeans-modules-masterfs.jar:C:\Project\github\javavscode\netbeans\nbbuild\netbeans\ide\modules\org-netbeans-modules-projectapi.jar:C:\Project\github\javavscode\netbeans\nbbuild\netbeans\ide\modules\org-netbeans-modules-parsing-indexing.jar:C:\Project\github\javavscode\netbeans\nbbuild\netbeans\ide\modules\org-netbeans-modules-project-indexingbridge.jar:C:\Project\github\javavscode\netbeans\nbbuild\netbeans\ide\modules\org-netbeans-modules-projectuiapi-base.jar:C:\Project\github\javavscode\netbeans\nbbuild\netbeans\ide\modules\org-netbeans-spi-tasklist.jar:C:\Project\github\javavscode\netbeans\nbbuild\netbeans\ide\modules\org-netbeans-modules-lexer.jar:C:\Project\github\javavscode\netbeans\nbbuild\netbeans\ide\modules\org-netbeans-modules-editor-util.jar:C:\Project\github\javavscode\netbeans\nbbuild\netbeans\platform\lib\org-openide-util.jar:C:\Project\github\javavscode\netbeans\nbbuild\netbeans\platform\lib\org-openide-util-lookup.jar:C:\Project\github\javavscode\netbeans\nbbuild\netbeans\platform\lib\org-openide-util-ui.jar:C:\Project\github\javavscode\netbeans\nbbuild\netbeans\ide\modules\org-netbeans-modules-nativeimage-api.jar:C:\Project\github\javavscode\netbeans\nbbuild\netbeans\platform\modules\org-netbeans-api-annotations-common.jar:C:\Project\github\javavscode\netbeans\nbbuild\netbeans\ide\modules\org-netbeans-api-debugger.jar:C:\Project\github\javavscode\netbeans\nbbuild\netbeans\ide\modules\org-netbeans-modules-projectapi.jar:C:\Project\github\javavscode\netbeans\nbbuild\netbeans\platform\modules\org-netbeans-modules-queries.jar:C:\Project\github\javavscode\netbeans\nbbuild\netbeans\platform\core\org-openide-filesystems.jar:C:\Project\github\javavscode\netbeans\nbbuild\netbeans\platform\lib\org-openide-util.jar:C:\Project\github\javavscode\netbeans\nbbuild\netbeans\platform\lib\org-openide-util-lookup.jar:C:\Project\github\javavscode\netbeans\nbbuild\netbeans\platform\lib\org-openide-modules.jar:C:\Project\github\javavscode\netbeans\nbbuild\netbeans\platform\lib\org-openide-util-ui.jar:C:\Project\github\javavscode\netbeans\nbbuild\netbeans\ide\modules\org-netbeans-modules-extexecution.jar:C:\Project\github\javavscode\netbeans\nbbuild\netbeans\platform\modules\org-netbeans-api-progress.jar:C:\Project\github\javavscode\netbeans\nbbuild\netbeans\ide\modules\org-netbeans-modules-extexecution-base.jar:C:\Project\github\javavscode\netbeans\nbbuild\netbeans\platform\modules\org-openide-io.jar:C:\Project\github\javavscode\netbeans\nbbuild\netbeans\platform\modules\org-netbeans-api-intent.jar:C:\Project\github\javavscode\netbeans\nbbuild\netbeans\platform\modules\org-netbeans-api-io.jar:C:\Project\github\javavscode\netbeans\nbbuild\netbeans\ide\modules\org-netbeans-modules-parsing-api.jar:C:\Project\github\javavscode\netbeans\nbbuild\netbeans\platform\modules\org-netbeans-api-annotations-common.jar:C:\Project\github\javavscode\netbeans\nbbuild\netbeans\ide\modules\org-netbeans-api-java-classpath.jar:C:\Project\github\javavscode\netbeans\nbbuild\netbeans\platform\core\org-openide-filesystems.jar:C:\Project\github\javavscode\netbeans\nbbuild\netbeans\platform\lib\org-openide-util.jar:C:\Project\github\javavscode\netbeans\nbbuild\netbeans\platform\lib\org-openide-util-lookup.jar:C:\Project\github\javavscode\netbeans\nbbuild\netbeans\ide\modules\org-netbeans-modules-editor-document.jar:C:\Project\github\javavscode\netbeans\nbbuild\netbeans\platform\modules\org-netbeans-modules-editor-mimelookup.jar:C:\Project\github\javavscode\netbeans\nbbuild\netbeans\ide\modules\org-netbeans-modules-editor-util.jar:C:\Project\github\javavscode\netbeans\nbbuild\netbeans\ide\modules\org-netbeans-modules-lexer.jar:C:\Project\github\javavscode\netbeans\nbbuild\netbeans\platform\lib\org-openide-util-ui.jar:C:\Project\github\javavscode\netbeans\nbbuild\netbeans\ide\modules\org-netbeans-modules-parsing-lucene.jar:C:\Project\github\javavscode\netbeans\nbbuild\netbeans\ide\modules\org-netbeans-libs-lucene.jar:C:\Project\github\javavscode\netbeans\ide\libs.lucene\external\lucene-core-3.6.2.jar:C:\Project\github\javavscode\netbeans\nbbuild\netbeans\platform\modules\org-netbeans-modules-masterfs.jar:C:\Project\github\javavscode\netbeans\nbbuild\netbeans\platform\modules\org-netbeans-modules-queries.jar:C:\Project\github\javavscode\netbeans\nbbuild\netbeans\platform\lib\org-openide-modules.jar:C:\Project\github\javavscode\netbeans\nbbuild\netbeans\ide\modules\org-netbeans-modules-projectapi.jar:C:\Project\github\javavscode\netbeans\nbbuild\netbeans\ide\modules\org-netbeans-modules-parsing-indexing.jar:C:\Project\github\javavscode\netbeans\nbbuild\netbeans\platform\modules\org-netbeans-api-annotations-common.jar:C:\Project\github\javavscode\netbeans\nbbuild\netbeans\ide\modules\org-netbeans-api-java-classpath.jar:C:\Project\github\javavscode\netbeans\nbbuild\netbeans\platform\core\org-openide-filesystems.jar:C:\Project\github\javavscode\netbeans\nbbuild\netbeans\platform\lib\org-openide-util.jar:C:\Project\github\javavscode\netbeans\nbbuild\netbeans\platform\lib\org-openide-util-lookup.jar:C:\Project\github\javavscode\netbeans\nbbuild\netbeans\platform\modules\org-netbeans-api-progress.jar:C:\Project\github\javavscode\netbeans\nbbuild\netbeans\platform\lib\org-openide-modules.jar:C:\Project\github\javavscode\netbeans\nbbuild\netbeans\platform\lib\org-openide-util-ui.jar:C:\Project\github\javavscode\netbeans\nbbuild\netbeans\ide\modules\org-netbeans-libs-lucene.jar:C:\Project\github\javavscode\netbeans\ide\libs.lucene\external\lucene-core-3.6.2.jar:C:\Project\github\javavscode\netbeans\nbbuild\netbeans\ide\modules\org-netbeans-modules-editor-document.jar:C:\Project\github\javavscode\netbeans\nbbuild\netbeans\platform\modules\org-netbeans-modules-editor-mimelookup.jar:C:\Project\github\javavscode\netbeans\nbbuild\netbeans\ide\modules\org-netbeans-modules-editor-util.jar:C:\Project\github\javavscode\netbeans\nbbuild\netbeans\ide\modules\org-netbeans-modules-parsing-api.jar:C:\Project\github\javavscode\netbeans\nbbuild\netbeans\ide\modules\org-netbeans-modules-lexer.jar:C:\Project\github\javavscode\netbeans\nbbuild\netbeans\ide\modules\org-netbeans-modules-parsing-lucene.jar:C:\Project\github\javavscode\netbeans\nbbuild\netbeans\platform\modules\org-netbeans-modules-masterfs.jar:C:\Project\github\javavscode\netbeans\nbbuild\netbeans\platform\modules\org-netbeans-modules-queries.jar:C:\Project\github\javavscode\netbeans\nbbuild\netbeans\ide\modules\org-netbeans-modules-projectapi.jar:C:\Project\github\javavscode\netbeans\nbbuild\netbeans\ide\modules\org-netbeans-modules-project-indexingbridge.jar:C:\Project\github\javavscode\netbeans\nbbuild\netbeans\ide\modules\org-netbeans-modules-projectuiapi-base.jar:C:\Project\github\javavscode\netbeans\nbbuild\netbeans\platform\modules\org-openide-explorer.jar:C:\Project\github\javavscode\netbeans\nbbuild\netbeans\platform\modules\org-netbeans-swing-outline.jar:C:\Project\github\javavscode\netbeans\nbbuild\netbeans\platform\modules\org-netbeans-swing-tabcontrol.jar:C:\Project\github\javavscode\netbeans\nbbuild\netbeans\platform\modules\org-openide-awt.jar:C:\Project\github\javavscode\netbeans\nbbuild\netbeans\platform\modules\org-openide-windows.jar:C:\Project\github\javavscode\netbeans\nbbuild\netbeans\platform\modules\org-openide-nodes.jar:C:\Project\github\javavscode\netbeans\nbbuild\netbeans\platform\modules\org-openide-dialogs.jar:C:\Project\github\javavscode\netbeans\nbbuild\netbeans\platform\modules\org-netbeans-api-progress-nb.jar:C:\Project\github\javavscode\netbeans\nbbuild\netbeans\ide\modules\org-netbeans-spi-tasklist.jar:C:\Project\github\javavscode\netbeans\nbbuild\netbeans\ide\modules\org-netbeans-modules-parsing-lucene.jar:C:\Project\github\javavscode\netbeans\nbbuild\netbeans\platform\modules\org-netbeans-api-annotations-common.jar:C:\Project\github\javavscode\netbeans\nbbuild\netbeans\ide\modules\org-netbeans-libs-lucene.jar:C:\Project\github\javavscode\netbeans\ide\libs.lucene\external\lucene-core-3.6.2.jar:C:\Project\github\javavscode\netbeans\nbbuild\netbeans\platform\modules\org-netbeans-modules-masterfs.jar:C:\Project\github\javavscode\netbeans\nbbuild\netbeans\platform\modules\org-netbeans-modules-queries.jar:C:\Project\github\javavscode\netbeans\nbbuild\netbeans\platform\core\org-openide-filesystems.jar:C:\Project\github\javavscode\netbeans\nbbuild\netbeans\platform\lib\org-openide-util.jar:C:\Project\github\javavscode\netbeans\nbbuild\netbeans\platform\lib\org-openide-util-lookup.jar:C:\Project\github\javavscode\netbeans\nbbuild\netbeans\platform\lib\org-openide-modules.jar:C:\Project\github\javavscode\netbeans\nbbuild\netbeans\platform\lib\org-openide-util-ui.jar:C:\Project\github\javavscode\netbeans\nbbuild\netbeans\ide\modules\org-netbeans-modules-projectapi.jar:C:\Project\github\javavscode\netbeans\nbbuild\netbeans\platform\modules\org-netbeans-api-annotations-common.jar:C:\Project\github\javavscode\netbeans\nbbuild\netbeans\platform\modules\org-netbeans-modules-queries.jar:C:\Project\github\javavscode\netbeans\nbbuild\netbeans\platform\core\org-openide-filesystems.jar:C:\Project\github\javavscode\netbeans\nbbuild\netbeans\platform\lib\org-openide-util.jar:C:\Project\github\javavscode\netbeans\nbbuild\netbeans\platform\lib\org-openide-util-lookup.jar:C:\Project\github\javavscode\netbeans\nbbuild\netbeans\platform\lib\org-openide-modules.jar:C:\Project\github\javavscode\netbeans\nbbuild\netbeans\platform\lib\org-openide-util-ui.jar:C:\Project\github\javavscode\netbeans\nbbuild\netbeans\ide\modules\org-netbeans-modules-projectuiapi.jar:C:\Project\github\javavscode\netbeans\nbbuild\netbeans\platform\modules\org-netbeans-api-annotations-common.jar:C:\Project\github\javavscode\netbeans\nbbuild\netbeans\platform\modules\org-netbeans-api-progress.jar:C:\Project\github\javavscode\netbeans\nbbuild\netbeans\platform\lib\org-openide-modules.jar:C:\Project\github\javavscode\netbeans\nbbuild\netbeans\platform\lib\org-openide-util-ui.jar:C:\Project\github\javavscode\netbeans\nbbuild\netbeans\platform\lib\org-openide-util.jar:C:\Project\github\javavscode\netbeans\nbbuild\netbeans\platform\lib\org-openide-util-lookup.jar:C:\Project\github\javavscode\netbeans\nbbuild\netbeans\platform\modules\org-netbeans-api-progress-nb.jar:C:\Project\github\javavscode\netbeans\nbbuild\netbeans\platform\modules\org-openide-awt.jar:C:\Project\github\javavscode\netbeans\nbbuild\netbeans\platform\core\org-openide-filesystems.jar:C:\Project\github\javavscode\netbeans\nbbuild\netbeans\platform\modules\org-netbeans-api-templates.jar:C:\Project\github\javavscode\netbeans\nbbuild\netbeans\platform\modules\org-netbeans-api-scripting.jar:C:\Project\github\javavscode\netbeans\nbbuild\netbeans\platform\modules\org-netbeans-modules-queries.jar:C:\Project\github\javavscode\netbeans\nbbuild\netbeans\ide\modules\org-netbeans-modules-projectapi.jar:C:\Project\github\javavscode\netbeans\nbbuild\netbeans\ide\modules\org-netbeans-modules-projectuiapi-base.jar:C:\Project\github\javavscode\netbeans\nbbuild\netbeans\platform\modules\org-openide-explorer.jar:C:\Project\github\javavscode\netbeans\nbbuild\netbeans\platform\modules\org-netbeans-swing-outline.jar:C:\Project\github\javavscode\netbeans\nbbuild\netbeans\platform\modules\org-netbeans-swing-tabcontrol.jar:C:\Project\github\javavscode\netbeans\nbbuild\netbeans\platform\modules\org-openide-windows.jar:C:\Project\github\javavscode\netbeans\nbbuild\netbeans\platform\modules\org-openide-nodes.jar:C:\Project\github\javavscode\netbeans\nbbuild\netbeans\platform\modules\org-openide-dialogs.jar:C:\Project\github\javavscode\netbeans\nbbuild\netbeans\platform\modules\org-openide-filesystems-nb.jar:C:\Project\github\javavscode\netbeans\nbbuild\netbeans\platform\modules\org-openide-loaders.jar:C:\Project\github\javavscode\netbeans\nbbuild\netbeans\platform\modules\org-netbeans-modules-editor-mimelookup.jar:C:\Project\github\javavscode\netbeans\nbbuild\netbeans\platform\modules\org-openide-actions.jar:C:\Project\github\javavscode\netbeans\nbbuild\netbeans\platform\modules\org-openide-text.jar:C:\Project\github\javavscode\netbeans\nbbuild\netbeans\ide\modules\org-netbeans-modules-projectuiapi-base.jar:C:\Project\github\javavscode\netbeans\nbbuild\netbeans\platform\modules\org-netbeans-api-annotations-common.jar:C:\Project\github\javavscode\netbeans\nbbuild\netbeans\ide\modules\org-netbeans-modules-projectapi.jar:C:\Project\github\javavscode\netbeans\nbbuild\netbeans\platform\modules\org-netbeans-modules-queries.jar:C:\Project\github\javavscode\netbeans\nbbuild\netbeans\platform\core\org-openide-filesystems.jar:C:\Project\github\javavscode\netbeans\nbbuild\netbeans\platform\lib\org-openide-util.jar:C:\Project\github\javavscode\netbeans\nbbuild\netbeans\platform\lib\org-openide-util-lookup.jar:C:\Project\github\javavscode\netbeans\nbbuild\netbeans\platform\lib\org-openide-modules.jar:C:\Project\github\javavscode\netbeans\nbbuild\netbeans\platform\lib\org-openide-util-ui.jar:C:\Project\github\javavscode\netbeans\nbbuild\netbeans\platform\modules\org-openide-explorer.jar:C:\Project\github\javavscode\netbeans\nbbuild\netbeans\platform\modules\org-netbeans-swing-outline.jar:C:\Project\github\javavscode\netbeans\nbbuild\netbeans\platform\modules\org-netbeans-swing-tabcontrol.jar:C:\Project\github\javavscode\netbeans\nbbuild\netbeans\platform\modules\org-openide-awt.jar:C:\Project\github\javavscode\netbeans\nbbuild\netbeans\platform\modules\org-openide-windows.jar:C:\Project\github\javavscode\netbeans\nbbuild\netbeans\platform\modules\org-openide-nodes.jar:C:\Project\github\javavscode\netbeans\nbbuild\netbeans\platform\modules\org-openide-dialogs.jar:C:\Project\github\javavscode\netbeans\nbbuild\netbeans\platform\modules\org-netbeans-api-progress.jar:C:\Project\github\javavscode\netbeans\nbbuild\netbeans\platform\modules\org-netbeans-api-progress-nb.jar:C:\Project\github\javavscode\netbeans\nbbuild\netbeans\platform\modules\org-netbeans-modules-queries.jar:C:\Project\github\javavscode\netbeans\nbbuild\netbeans\platform\core\org-openide-filesystems.jar:C:\Project\github\javavscode\netbeans\nbbuild\netbeans\platform\lib\org-openide-util.jar:C:\Project\github\javavscode\netbeans\nbbuild\netbeans\platform\lib\org-openide-util-lookup.jar:C:\Project\github\javavscode\netbeans\nbbuild\netbeans\ide\modules\org-netbeans-modules-refactoring-api.jar:C:\Project\github\javavscode\netbeans\nbbuild\netbeans\platform\modules\org-netbeans-api-annotations-common.jar:C:\Project\github\javavscode\netbeans\nbbuild\netbeans\platform\modules\org-netbeans-api-progress.jar:C:\Project\github\javavscode\netbeans\nbbuild\netbeans\platform\lib\org-openide-modules.jar:C:\Project\github\javavscode\netbeans\nbbuild\netbeans\platform\lib\org-openide-util-ui.jar:C:\Project\github\javavscode\netbeans\nbbuild\netbeans\platform\lib\org-openide-util.jar:C:\Project\github\javavscode\netbeans\nbbuild\netbeans\platform\lib\org-openide-util-lookup.jar:C:\Project\github\javavscode\netbeans\nbbuild\netbeans\platform\modules\org-netbeans-api-progress-nb.jar:C:\Project\github\javavscode\netbeans\nbbuild\netbeans\platform\modules\org-openide-awt.jar:C:\Project\github\javavscode\netbeans\nbbuild\netbeans\platform\core\org-openide-filesystems.jar:C:\Project\github\javavscode\netbeans\nbbuild\netbeans\ide\modules\org-netbeans-modules-diff.jar:C:\Project\github\javavscode\netbeans\nbbuild\netbeans\ide\modules\org-netbeans-modules-editor-errorstripe.jar:C:\Project\github\javavscode\netbeans\nbbuild\netbeans\ide\modules\org-netbeans-modules-editor-document.jar:C:\Project\github\javavscode\netbeans\nbbuild\netbeans\platform\modules\org-netbeans-modules-editor-mimelookup.jar:C:\Project\github\javavscode\netbeans\nbbuild\netbeans\ide\modules\org-netbeans-modules-editor-util.jar:C:\Project\github\javavscode\netbeans\nbbuild\netbeans\ide\modules\org-netbeans-modules-editor-errorstripe-api.jar:C:\Project\github\javavscode\netbeans\nbbuild\netbeans\ide\modules\org-netbeans-modules-editor-fold.jar:C:\Project\github\javavscode\netbeans\nbbuild\netbeans\ide\modules\org-netbeans-modules-editor-settings.jar:C:\Project\github\javavscode\netbeans\nbbuild\netbeans\ide\modules\org-netbeans-modules-lexer.jar:C:\Project\github\javavscode\netbeans\nbbuild\netbeans\ide\modules\org-netbeans-modules-editor-settings-lib.jar:C:\Project\github\javavscode\netbeans\nbbuild\netbeans\ide\modules\org-netbeans-modules-editor-lib.jar:C:\Project\github\javavscode\netbeans\nbbuild\netbeans\ide\modules\org-netbeans-modules-editor-guards.jar:C:\Project\github\javavscode\netbeans\nbbuild\netbeans\ide\modules\org-netbeans-modules-editor-indent.jar:C:\Project\github\javavscode\netbeans\nbbuild\netbeans\ide\modules\org-netbeans-modules-editor-lib2.jar:C:\Project\github\javavscode\netbeans\nbbuild\netbeans\platform\modules\org-openide-dialogs.jar:C:\Project\github\javavscode\netbeans\nbbuild\netbeans\platform\modules\org-openide-loaders.jar:C:\Project\github\javavscode\netbeans\nbbuild\netbeans\platform\modules\org-netbeans-api-scripting.jar:C:\Project\github\javavscode\netbeans\nbbuild\netbeans\platform\modules\org-netbeans-api-templates.jar:C:\Project\github\javavscode\netbeans\nbbuild\netbeans\platform\modules\org-netbeans-modules-queries.jar:C:\Project\github\javavscode\netbeans\nbbuild\netbeans\platform\modules\org-openide-actions.jar:C:\Project\github\javavscode\netbeans\nbbuild\netbeans\platform\modules\org-openide-explorer.jar:C:\Project\github\javavscode\netbeans\nbbuild\netbeans\platform\modules\org-netbeans-swing-outline.jar:C:\Project\github\javavscode\netbeans\nbbuild\netbeans\platform\modules\org-netbeans-swing-tabcontrol.jar:C:\Project\github\javavscode\netbeans\nbbuild\netbeans\platform\modules\org-openide-windows.jar:C:\Project\github\javavscode\netbeans\nbbuild\netbeans\platform\modules\org-openide-nodes.jar:C:\Project\github\javavscode\netbeans\nbbuild\netbeans\platform\modules\org-openide-text.jar:C:\Project\github\javavscode\netbeans\nbbuild\netbeans\platform\modules\org-openide-filesystems-nb.jar:C:\Project\github\javavscode\netbeans\nbbuild\netbeans\platform\modules\org-netbeans-modules-options-api.jar:C:\Project\github\javavscode\netbeans\nbbuild\netbeans\platform\modules\org-netbeans-core.jar:C:\Project\github\javavscode\netbeans\nbbuild\netbeans\platform\lib\boot.jar:C:\Project\github\javavscode\netbeans\nbbuild\netbeans\platform\core\core.jar:C:\Project\github\javavscode\netbeans\nbbuild\netbeans\platform\core\org-netbeans-libs-asm.jar:C:\Project\github\javavscode\netbeans\platform\libs.asm\external\asm-9.6.jar:C:\Project\github\javavscode\netbeans\platform\libs.asm\external\asm-tree-9.6.jar:C:\Project\github\javavscode\netbeans\platform\libs.asm\external\asm-commons-9.6.jar:C:\Project\github\javavscode\netbeans\nbbuild\netbeans\platform\core\core-base.jar:C:\Project\github\javavscode\netbeans\nbbuild\netbeans\platform\modules\org-netbeans-modules-keyring.jar:C:\Project\github\javavscode\netbeans\nbbuild\netbeans\platform\modules\org-netbeans-modules-sampler.jar:C:\Project\github\javavscode\netbeans\nbbuild\netbeans\platform\modules\org-netbeans-swing-plaf.jar:C:\Project\github\javavscode\netbeans\nbbuild\netbeans\platform\modules\org-openide-io.jar:C:\Project\github\javavscode\netbeans\nbbuild\netbeans\platform\modules\org-netbeans-api-intent.jar:C:\Project\github\javavscode\netbeans\nbbuild\netbeans\platform\modules\org-netbeans-api-io.jar:C:\Project\github\javavscode\netbeans\nbbuild\netbeans\platform\modules\org-netbeans-spi-quicksearch.jar:C:\Project\github\javavscode\netbeans\nbbuild\netbeans\ide\modules\org-netbeans-modules-options-editor.jar:C:\Project\github\javavscode\netbeans\nbbuild\netbeans\ide\modules\org-netbeans-modules-editor.jar:C:\Project\github\javavscode\netbeans\nbbuild\netbeans\ide\modules\org-netbeans-api-lsp.jar:C:\Project\github\javavscode\netbeans\nbbuild\netbeans\ide\modules\org-netbeans-modules-editor-fold-nbui.jar:C:\Project\github\javavscode\netbeans\nbbuild\netbeans\ide\modules\org-netbeans-modules-editor-settings-storage.jar:C:\Project\github\javavscode\netbeans\nbbuild\netbeans\platform\modules\org-netbeans-modules-options-keymap.jar:C:\Project\github\javavscode\netbeans\nbbuild\netbeans\ide\modules\org-netbeans-modules-projectapi.jar:C:\Project\github\javavscode\netbeans\nbbuild\netbeans\ide\modules\org-netbeans-modules-parsing-api.jar:C:\Project\github\javavscode\netbeans\nbbuild\netbeans\ide\modules\org-netbeans-api-java-classpath.jar:C:\Project\github\javavscode\netbeans\nbbuild\netbeans\ide\modules\org-netbeans-modules-parsing-lucene.jar:C:\Project\github\javavscode\netbeans\nbbuild\netbeans\ide\modules\org-netbeans-libs-lucene.jar:C:\Project\github\javavscode\netbeans\ide\libs.lucene\external\lucene-core-3.6.2.jar:C:\Project\github\javavscode\netbeans\nbbuild\netbeans\platform\modules\org-netbeans-modules-masterfs.jar:C:\Project\github\javavscode\netbeans\nbbuild\netbeans\ide\modules\org-netbeans-modules-parsing-indexing.jar:C:\Project\github\javavscode\netbeans\nbbuild\netbeans\ide\modules\org-netbeans-modules-project-indexingbridge.jar:C:\Project\github\javavscode\netbeans\nbbuild\netbeans\ide\modules\org-netbeans-modules-projectuiapi-base.jar:C:\Project\github\javavscode\netbeans\nbbuild\netbeans\ide\modules\org-netbeans-spi-tasklist.jar:C:\Project\github\javavscode\netbeans\nbbuild\netbeans\java\modules\org-netbeans-modules-refactoring-java.jar:C:\Project\github\javavscode\netbeans\nbbuild\netbeans\platform\modules\org-netbeans-api-annotations-common.jar:C:\Project\github\javavscode\netbeans\nbbuild\netbeans\java\modules\org-netbeans-api-java.jar:C:\Project\github\javavscode\netbeans\nbbuild\netbeans\ide\modules\org-netbeans-api-java-classpath.jar:C:\Project\github\javavscode\netbeans\nbbuild\netbeans\platform\core\org-openide-filesystems.jar:C:\Project\github\javavscode\netbeans\nbbuild\netbeans\platform\lib\org-openide-util.jar:C:\Project\github\javavscode\netbeans\nbbuild\netbeans\platform\lib\org-openide-util-lookup.jar:C:\Project\github\javavscode\netbeans\nbbuild\netbeans\platform\lib\org-openide-modules.jar:C:\Project\github\javavscode\netbeans\nbbuild\netbeans\platform\lib\org-openide-util-ui.jar:C:\Project\github\javavscode\netbeans\nbbuild\netbeans\ide\modules\org-netbeans-api-lsp.jar:C:\Project\github\javavscode\netbeans\nbbuild\netbeans\platform\modules\org-netbeans-modules-editor-mimelookup.jar:C:\Project\github\javavscode\netbeans\nbbuild\netbeans\ide\modules\org-netbeans-modules-editor-util.jar:C:\Project\github\javavscode\netbeans\nbbuild\netbeans\platform\modules\org-netbeans-api-progress.jar:C:\Project\github\javavscode\netbeans\nbbuild\netbeans\platform\modules\org-netbeans-api-progress-nb.jar:C:\Project\github\javavscode\netbeans\nbbuild\netbeans\platform\modules\org-openide-awt.jar:C:\Project\github\javavscode\netbeans\nbbuild\netbeans\java\modules\org-netbeans-libs-javacapi.jar:C:\Project\github\javavscode\netbeans\java\libs.javacapi\external\nb-javac-jdk-22+33-api.jar:C:\Project\github\javavscode\netbeans\java\libs.javacapi\external\nb-javac-jdk-22+33.jar:C:\Project\github\javavscode\netbeans\nbbuild\netbeans\ide\modules\org-netbeans-modules-editor-document.jar:C:\Project\github\javavscode\netbeans\nbbuild\netbeans\ide\modules\org-netbeans-modules-editor-lib.jar:C:\Project\github\javavscode\netbeans\nbbuild\netbeans\ide\modules\org-netbeans-modules-editor-fold.jar:C:\Project\github\javavscode\netbeans\nbbuild\netbeans\ide\modules\org-netbeans-modules-editor-settings.jar:C:\Project\github\javavscode\netbeans\nbbuild\netbeans\ide\modules\org-netbeans-modules-lexer.jar:C:\Project\github\javavscode\netbeans\nbbuild\netbeans\ide\modules\org-netbeans-modules-editor-settings-lib.jar:C:\Project\github\javavscode\netbeans\nbbuild\netbeans\ide\modules\org-netbeans-modules-editor-guards.jar:C:\Project\github\javavscode\netbeans\nbbuild\netbeans\ide\modules\org-netbeans-modules-editor-indent.jar:C:\Project\github\javavscode\netbeans\nbbuild\netbeans\ide\modules\org-netbeans-modules-editor-lib2.jar:C:\Project\github\javavscode\netbeans\nbbuild\netbeans\platform\modules\org-openide-dialogs.jar:C:\Project\github\javavscode\netbeans\nbbuild\netbeans\ide\modules\org-netbeans-modules-gototest.jar:C:\Project\github\javavscode\netbeans\nbbuild\netbeans\ide\modules\org-netbeans-modules-gsf-testrunner.jar:C:\Project\github\javavscode\netbeans\nbbuild\netbeans\ide\modules\org-netbeans-modules-extexecution.jar:C:\Project\github\javavscode\netbeans\nbbuild\netbeans\ide\modules\org-netbeans-modules-extexecution-base.jar:C:\Project\github\javavscode\netbeans\nbbuild\netbeans\platform\modules\org-openide-io.jar:C:\Project\github\javavscode\netbeans\nbbuild\netbeans\platform\modules\org-netbeans-api-intent.jar:C:\Project\github\javavscode\netbeans\nbbuild\netbeans\platform\modules\org-netbeans-api-io.jar:C:\Project\github\javavscode\netbeans\nbbuild\netbeans\ide\modules\org-netbeans-modules-projectapi.jar:C:\Project\github\javavscode\netbeans\nbbuild\netbeans\platform\modules\org-netbeans-modules-queries.jar:C:\Project\github\javavscode\netbeans\nbbuild\netbeans\ide\modules\org-netbeans-modules-gsf-testrunner-ui.jar:C:\Project\github\javavscode\netbeans\nbbuild\netbeans\ide\modules\org-netbeans-modules-diff.jar:C:\Project\github\javavscode\netbeans\nbbuild\netbeans\ide\modules\org-netbeans-modules-editor-errorstripe.jar:C:\Project\github\javavscode\netbeans\nbbuild\netbeans\ide\modules\org-netbeans-modules-editor-errorstripe-api.jar:C:\Project\github\javavscode\netbeans\nbbuild\netbeans\platform\modules\org-openide-loaders.jar:C:\Project\github\javavscode\netbeans\nbbuild\netbeans\platform\modules\org-netbeans-api-scripting.jar:C:\Project\github\javavscode\netbeans\nbbuild\netbeans\platform\modules\org-netbeans-api-templates.jar:C:\Project\github\javavscode\netbeans\nbbuild\netbeans\platform\modules\org-openide-actions.jar:C:\Project\github\javavscode\netbeans\nbbuild\netbeans\platform\modules\org-openide-explorer.jar:C:\Project\github\javavscode\netbeans\nbbuild\netbeans\platform\modules\org-netbeans-swing-outline.jar:C:\Project\github\javavscode\netbeans\nbbuild\netbeans\platform\modules\org-netbeans-swing-tabcontrol.jar:C:\Project\github\javavscode\netbeans\nbbuild\netbeans\platform\modules\org-openide-windows.jar:C:\Project\github\javavscode\netbeans\nbbuild\netbeans\platform\modules\org-openide-nodes.jar:C:\Project\github\javavscode\netbeans\nbbuild\netbeans\platform\modules\org-openide-text.jar:C:\Project\github\javavscode\netbeans\nbbuild\netbeans\platform\modules\org-openide-filesystems-nb.jar:C:\Project\github\javavscode\netbeans\nbbuild\netbeans\platform\modules\org-netbeans-modules-options-api.jar:C:\Project\github\javavscode\netbeans\nbbuild\netbeans\platform\modules\org-netbeans-core.jar:C:\Project\github\javavscode\netbeans\nbbuild\netbeans\platform\lib\boot.jar:C:\Project\github\javavscode\netbeans\nbbuild\netbeans\platform\core\core.jar:C:\Project\github\javavscode\netbeans\nbbuild\netbeans\platform\core\org-netbeans-libs-asm.jar:C:\Project\github\javavscode\netbeans\platform\libs.asm\external\asm-9.6.jar:C:\Project\github\javavscode\netbeans\platform\libs.asm\external\asm-tree-9.6.jar:C:\Project\github\javavscode\netbeans\platform\libs.asm\external\asm-commons-9.6.jar:C:\Project\github\javavscode\netbeans\nbbuild\netbeans\platform\core\core-base.jar:C:\Project\github\javavscode\netbeans\nbbuild\netbeans\platform\modules\org-netbeans-modules-keyring.jar:C:\Project\github\javavscode\netbeans\nbbuild\netbeans\platform\modules\org-netbeans-modules-sampler.jar:C:\Project\github\javavscode\netbeans\nbbuild\netbeans\platform\modules\org-netbeans-swing-plaf.jar:C:\Project\github\javavscode\netbeans\nbbuild\netbeans\platform\modules\org-netbeans-spi-quicksearch.jar:C:\Project\github\javavscode\netbeans\nbbuild\netbeans\ide\modules\org-netbeans-modules-options-editor.jar:C:\Project\github\javavscode\netbeans\nbbuild\netbeans\ide\modules\org-netbeans-modules-editor.jar:C:\Project\github\javavscode\netbeans\nbbuild\netbeans\ide\modules\org-netbeans-modules-editor-fold-nbui.jar:C:\Project\github\javavscode\netbeans\nbbuild\netbeans\ide\modules\org-netbeans-modules-editor-settings-storage.jar:C:\Project\github\javavscode\netbeans\nbbuild\netbeans\platform\modules\org-netbeans-modules-options-keymap.jar:C:\Project\github\javavscode\netbeans\nbbuild\netbeans\ide\modules\org-netbeans-modules-parsing-api.jar:C:\Project\github\javavscode\netbeans\nbbuild\netbeans\ide\modules\org-netbeans-modules-parsing-lucene.jar:C:\Project\github\javavscode\netbeans\nbbuild\netbeans\ide\modules\org-netbeans-libs-lucene.jar:C:\Project\github\javavscode\netbeans\ide\libs.lucene\external\lucene-core-3.6.2.jar:C:\Project\github\javavscode\netbeans\nbbuild\netbeans\platform\modules\org-netbeans-modules-masterfs.jar:C:\Project\github\javavscode\netbeans\nbbuild\netbeans\ide\modules\org-netbeans-modules-parsing-indexing.jar:C:\Project\github\javavscode\netbeans\nbbuild\netbeans\ide\modules\org-netbeans-modules-project-indexingbridge.jar:C:\Project\github\javavscode\netbeans\nbbuild\netbeans\ide\modules\org-netbeans-modules-projectuiapi-base.jar:C:\Project\github\javavscode\netbeans\nbbuild\netbeans\ide\modules\org-netbeans-spi-tasklist.jar:C:\Project\github\javavscode\netbeans\nbbuild\netbeans\java\modules\org-netbeans-modules-java-file-launcher.jar:C:\Project\github\javavscode\netbeans\nbbuild\netbeans\java\modules\org-netbeans-api-debugger-jpda.jar:C:\Project\github\javavscode\netbeans\nbbuild\netbeans\ide\modules\org-netbeans-api-debugger.jar:C:\Project\github\javavscode\netbeans\nbbuild\netbeans\java\modules\org-netbeans-modules-java-lexer.jar:C:\Project\github\javavscode\netbeans\nbbuild\netbeans\java\modules\org-netbeans-modules-java-platform.jar:C:\Project\github\javavscode\netbeans\nbbuild\netbeans\java\modules\org-netbeans-modules-java-project-ui.jar:C:\Project\github\javavscode\netbeans\nbbuild\netbeans\extide\modules\org-apache-tools-ant-module.jar:C:\Project\github\javavscode\netbeans\nbbuild\netbeans\ide\modules\org-netbeans-api-xml.jar:C:\Project\github\javavscode\netbeans\nbbuild\netbeans\ide\modules\org-netbeans-api-xml-ui.jar:C:\Project\github\javavscode\netbeans\nbbuild\netbeans\platform\modules\org-netbeans-core-multiview.jar:C:\Project\github\javavscode\netbeans\nbbuild\netbeans\extide\modules\org-netbeans-modules-options-java.jar:C:\Project\github\javavscode\netbeans\nbbuild\netbeans\ide\modules\org-netbeans-modules-projectuiapi.jar:C:\Project\github\javavscode\netbeans\nbbuild\netbeans\ide\modules\org-netbeans-spi-navigator.jar:C:\Project\github\javavscode\netbeans\nbbuild\netbeans\platform\modules\org-openide-execution.jar:C:\Project\github\javavscode\netbeans\nbbuild\netbeans\platform\modules\org-netbeans-api-search.jar:C:\Project\github\javavscode\netbeans\nbbuild\netbeans\java\modules\org-netbeans-modules-classfile.jar:C:\Project\github\javavscode\netbeans\nbbuild\netbeans\java\modules\org-netbeans-modules-java-platform-ui.jar:C:\Project\github\javavscode\netbeans\nbbuild\netbeans\java\modules\org-netbeans-modules-java-project.jar:C:\Project\github\javavscode\netbeans\nbbuild\netbeans\java\modules\org-netbeans-modules-java-source-base.jar:C:\Project\github\javavscode\netbeans\nbbuild\netbeans\java\modules\org-netbeans-lib-nbjavac.jar:C:\Project\github\javavscode\netbeans\nbbuild\netbeans\java\modules\org-netbeans-modules-java-preprocessorbridge.jar:C:\Project\github\javavscode\netbeans\nbbuild\netbeans\ide\modules\org-netbeans-modules-refactoring-api.jar:C:\Project\github\javavscode\netbeans\nbbuild\netbeans\ide\modules\org-netbeans-modules-project-ant.jar:C:\Project\github\javavscode\netbeans\nbbuild\netbeans\ide\modules\org-netbeans-modules-project-libraries.jar:C:\Project\github\javavscode\netbeans\nbbuild\netbeans\ide\modules\org-netbeans-modules-project-spi-intern.jar:C:\Project\github\javavscode\netbeans\nbbuild\netbeans\ide\modules\org-netbeans-modules-xml-catalog.jar:C:\Project\github\javavscode\netbeans\nbbuild\netbeans\ide\modules\org-apache-xml-resolver.jar:C:\Project\github\javavscode\netbeans\ide\o.apache.xml.resolver\external\resolver-1.2.jar:C:\Project\github\javavscode\netbeans\nbbuild\netbeans\java\modules\org-netbeans-modules-java-source.jar:C:\Project\github\javavscode\netbeans\nbbuild\netbeans\platform\modules\org-netbeans-modules-autoupdate-services.jar:C:\Project\github\javavscode\netbeans\nbbuild\netbeans\platform\modules\ext\updater.jar:C:\Project\github\javavscode\netbeans\nbbuild\netbeans\ide\modules\org-netbeans-modules-editor-indent-project.jar:C:\Project\github\javavscode\netbeans\nbbuild\netbeans\ide\modules\org-netbeans-modules-editor-indent-support.jar:C:\Project\github\javavscode\netbeans\nbbuild\netbeans\java\modules\org-netbeans-modules-java-sourceui.jar:C:\Project\github\javavscode\netbeans\nbbuild\netbeans\ide\modules\org-netbeans-modules-jumpto.jar:C:\Project\github\javavscode\netbeans\nbbuild\netbeans\platform\modules\org-netbeans-core-ui.jar:C:\Project\github\javavscode\netbeans\nbbuild\netbeans\ide\modules\org-netbeans-modules-project-ant-ui.jar:C:\Project\github\javavscode\netbeans\nbbuild\netbeans\ide\modules\org-netbeans-modules-project-libraries-ui.jar:C:\Project\github\javavscode\netbeans\nbbuild\netbeans\ide\modules\org-netbeans-spi-editor-hints.jar:C:\Project\github\javavscode\netbeans\nbbuild\netbeans\platform\modules\org-netbeans-modules-javahelp.jar:C:\Project\github\javavscode\netbeans\platform\javahelp\external\jhall-2.0_05.jar:C:\Project\github\javavscode\netbeans\nbbuild\netbeans\java\modules\org-netbeans-spi-java-hints.jar:C:\Project\github\javavscode\netbeans\nbbuild\netbeans\ide\modules\org-netbeans-modules-code-analysis.jar:C:\Project\github\javavscode\netbeans\nbbuild\netbeans\platform\modules\org-netbeans-modules-settings.jar:C:\Project\github\javavscode\netbeans\nbbuild\netbeans\platform\modules\org-netbeans-modules-sendopts.jar:C:\Project\github\javavscode\netbeans\nbbuild\netbeans\platform\lib\boot.jar:C:\Project\github\javavscode\netbeans\nbbuild\netbeans\platform\lib\org-openide-modules.jar:C:\Project\github\javavscode\netbeans\nbbuild\netbeans\platform\lib\org-openide-util-ui.jar:C:\Project\github\javavscode\netbeans\nbbuild\netbeans\platform\lib\org-openide-util.jar:C:\Project\github\javavscode\netbeans\nbbuild\netbeans\platform\lib\org-openide-util-lookup.jar:C:\Project\github\javavscode\netbeans\nbbuild\netbeans\platform\core\org-openide-filesystems.jar:C:\Project\github\javavscode\netbeans\nbbuild\netbeans\ide\modules\org-netbeans-spi-debugger-ui.jar:C:\Project\github\javavscode\netbeans\nbbuild\netbeans\platform\modules\org-netbeans-api-annotations-common.jar:C:\Project\github\javavscode\netbeans\nbbuild\netbeans\ide\modules\org-netbeans-api-debugger.jar:C:\Project\github\javavscode\netbeans\nbbuild\netbeans\ide\modules\org-netbeans-modules-projectapi.jar:C:\Project\github\javavscode\netbeans\nbbuild\netbeans\platform\modules\org-netbeans-modules-queries.jar:C:\Project\github\javavscode\netbeans\nbbuild\netbeans\platform\core\org-openide-filesystems.jar:C:\Project\github\javavscode\netbeans\nbbuild\netbeans\platform\lib\org-openide-util.jar:C:\Project\github\javavscode\netbeans\nbbuild\netbeans\platform\lib\org-openide-util-lookup.jar:C:\Project\github\javavscode\netbeans\nbbuild\netbeans\platform\lib\org-openide-modules.jar:C:\Project\github\javavscode\netbeans\nbbuild\netbeans\platform\lib\org-openide-util-ui.jar:C:\Project\github\javavscode\netbeans\nbbuild\netbeans\ide\modules\org-netbeans-modules-editor.jar:C:\Project\github\javavscode\netbeans\nbbuild\netbeans\ide\modules\org-netbeans-api-lsp.jar:C:\Project\github\javavscode\netbeans\nbbuild\netbeans\platform\modules\org-netbeans-modules-editor-mimelookup.jar:C:\Project\github\javavscode\netbeans\nbbuild\netbeans\ide\modules\org-netbeans-modules-editor-util.jar:C:\Project\github\javavscode\netbeans\nbbuild\netbeans\platform\modules\org-netbeans-api-progress.jar:C:\Project\github\javavscode\netbeans\nbbuild\netbeans\platform\modules\org-netbeans-api-progress-nb.jar:C:\Project\github\javavscode\netbeans\nbbuild\netbeans\platform\modules\org-openide-awt.jar:C:\Project\github\javavscode\netbeans\nbbuild\netbeans\ide\modules\org-netbeans-modules-editor-document.jar:C:\Project\github\javavscode\netbeans\nbbuild\netbeans\ide\modules\org-netbeans-modules-editor-fold.jar:C:\Project\github\javavscode\netbeans\nbbuild\netbeans\ide\modules\org-netbeans-modules-editor-settings.jar:C:\Project\github\javavscode\netbeans\nbbuild\netbeans\ide\modules\org-netbeans-modules-lexer.jar:C:\Project\github\javavscode\netbeans\nbbuild\netbeans\ide\modules\org-netbeans-modules-editor-settings-lib.jar:C:\Project\github\javavscode\netbeans\nbbuild\netbeans\ide\modules\org-netbeans-modules-editor-fold-nbui.jar:C:\Project\github\javavscode\netbeans\nbbuild\netbeans\ide\modules\org-netbeans-modules-editor-lib.jar:C:\Project\github\javavscode\netbeans\nbbuild\netbeans\ide\modules\org-netbeans-modules-editor-guards.jar:C:\Project\github\javavscode\netbeans\nbbuild\netbeans\ide\modules\org-netbeans-modules-editor-indent.jar:C:\Project\github\javavscode\netbeans\nbbuild\netbeans\ide\modules\org-netbeans-modules-editor-lib2.jar:C:\Project\github\javavscode\netbeans\nbbuild\netbeans\platform\modules\org-openide-dialogs.jar:C:\Project\github\javavscode\netbeans\nbbuild\netbeans\ide\modules\org-netbeans-modules-editor-settings-storage.jar:C:\Project\github\javavscode\netbeans\nbbuild\netbeans\platform\modules\org-openide-filesystems-nb.jar:C:\Project\github\javavscode\netbeans\nbbuild\netbeans\platform\modules\org-netbeans-modules-options-keymap.jar:C:\Project\github\javavscode\netbeans\nbbuild\netbeans\platform\modules\org-netbeans-modules-options-api.jar:C:\Project\github\javavscode\netbeans\nbbuild\netbeans\platform\modules\org-netbeans-core.jar:C:\Project\github\javavscode\netbeans\nbbuild\netbeans\platform\lib\boot.jar:C:\Project\github\javavscode\netbeans\nbbuild\netbeans\platform\core\core.jar:C:\Project\github\javavscode\netbeans\nbbuild\netbeans\platform\core\org-netbeans-libs-asm.jar:C:\Project\github\javavscode\netbeans\platform\libs.asm\external\asm-9.6.jar:C:\Project\github\javavscode\netbeans\platform\libs.asm\external\asm-tree-9.6.jar:C:\Project\github\javavscode\netbeans\platform\libs.asm\external\asm-commons-9.6.jar:C:\Project\github\javavscode\netbeans\nbbuild\netbeans\platform\core\core-base.jar:C:\Project\github\javavscode\netbeans\nbbuild\netbeans\platform\modules\org-netbeans-modules-keyring.jar:C:\Project\github\javavscode\netbeans\nbbuild\netbeans\platform\modules\org-netbeans-modules-sampler.jar:C:\Project\github\javavscode\netbeans\nbbuild\netbeans\platform\modules\org-netbeans-swing-plaf.jar:C:\Project\github\javavscode\netbeans\nbbuild\netbeans\platform\modules\org-openide-actions.jar:C:\Project\github\javavscode\netbeans\nbbuild\netbeans\platform\modules\org-openide-explorer.jar:C:\Project\github\javavscode\netbeans\nbbuild\netbeans\platform\modules\org-netbeans-swing-outline.jar:C:\Project\github\javavscode\netbeans\nbbuild\netbeans\platform\modules\org-netbeans-swing-tabcontrol.jar:C:\Project\github\javavscode\netbeans\nbbuild\netbeans\platform\modules\org-openide-windows.jar:C:\Project\github\javavscode\netbeans\nbbuild\netbeans\platform\modules\org-openide-nodes.jar:C:\Project\github\javavscode\netbeans\nbbuild\netbeans\platform\modules\org-openide-text.jar:C:\Project\github\javavscode\netbeans\nbbuild\netbeans\platform\modules\org-openide-io.jar:C:\Project\github\javavscode\netbeans\nbbuild\netbeans\platform\modules\org-netbeans-api-intent.jar:C:\Project\github\javavscode\netbeans\nbbuild\netbeans\platform\modules\org-netbeans-api-io.jar:C:\Project\github\javavscode\netbeans\nbbuild\netbeans\platform\modules\org-openide-loaders.jar:C:\Project\github\javavscode\netbeans\nbbuild\netbeans\platform\modules\org-netbeans-api-scripting.jar:C:\Project\github\javavscode\netbeans\nbbuild\netbeans\platform\modules\org-netbeans-api-templates.jar:C:\Project\github\javavscode\netbeans\nbbuild\netbeans\platform\modules\org-netbeans-spi-quicksearch.jar:C:\Project\github\javavscode\netbeans\nbbuild\netbeans\ide\modules\org-netbeans-modules-projectuiapi.jar:C:\Project\github\javavscode\netbeans\nbbuild\netbeans\ide\modules\org-netbeans-modules-projectuiapi-base.jar:C:\Project\github\javavscode\netbeans\nbbuild\netbeans\ide\modules\org-netbeans-spi-viewmodel.jar:C:\Project\github\javavscode\netbeans\nbbuild\netbeans\ide\modules\org-netbeans-spi-editor-hints.jar:C:\Project\github\javavscode\netbeans\nbbuild\netbeans\platform\modules\org-netbeans-api-annotations-common.jar:C:\Project\github\javavscode\netbeans\nbbuild\netbeans\ide\modules\org-netbeans-api-lsp.jar:C:\Project\github\javavscode\netbeans\nbbuild\netbeans\platform\modules\org-netbeans-modules-editor-mimelookup.jar:C:\Project\github\javavscode\netbeans\nbbuild\netbeans\platform\core\org-openide-filesystems.jar:C:\Project\github\javavscode\netbeans\nbbuild\netbeans\platform\lib\org-openide-util.jar:C:\Project\github\javavscode\netbeans\nbbuild\netbeans\platform\lib\org-openide-util-lookup.jar:C:\Project\github\javavscode\netbeans\nbbuild\netbeans\ide\modules\org-netbeans-modules-editor-util.jar:C:\Project\github\javavscode\netbeans\nbbuild\netbeans\ide\modules\org-netbeans-modules-editor-document.jar:C:\Project\github\javavscode\netbeans\nbbuild\netbeans\ide\modules\org-netbeans-modules-editor-lib.jar:C:\Project\github\javavscode\netbeans\nbbuild\netbeans\platform\modules\org-netbeans-api-progress.jar:C:\Project\github\javavscode\netbeans\nbbuild\netbeans\platform\lib\org-openide-modules.jar:C:\Project\github\javavscode\netbeans\nbbuild\netbeans\platform\lib\org-openide-util-ui.jar:C:\Project\github\javavscode\netbeans\nbbuild\netbeans\platform\modules\org-netbeans-api-progress-nb.jar:C:\Project\github\javavscode\netbeans\nbbuild\netbeans\platform\modules\org-openide-awt.jar:C:\Project\github\javavscode\netbeans\nbbuild\netbeans\ide\modules\org-netbeans-modules-editor-fold.jar:C:\Project\github\javavscode\netbeans\nbbuild\netbeans\ide\modules\org-netbeans-modules-editor-settings.jar:C:\Project\github\javavscode\netbeans\nbbuild\netbeans\ide\modules\org-netbeans-modules-lexer.jar:C:\Project\github\javavscode\netbeans\nbbuild\netbeans\ide\modules\org-netbeans-modules-editor-settings-lib.jar:C:\Project\github\javavscode\netbeans\nbbuild\netbeans\ide\modules\org-netbeans-modules-editor-guards.jar:C:\Project\github\javavscode\netbeans\nbbuild\netbeans\ide\modules\org-netbeans-modules-editor-indent.jar:C:\Project\github\javavscode\netbeans\nbbuild\netbeans\ide\modules\org-netbeans-modules-editor-lib2.jar:C:\Project\github\javavscode\netbeans\nbbuild\netbeans\platform\modules\org-openide-dialogs.jar:C:\Project\github\javavscode\netbeans\nbbuild\netbeans\platform\modules\org-openide-loaders.jar:C:\Project\github\javavscode\netbeans\nbbuild\netbeans\platform\modules\org-netbeans-api-scripting.jar:C:\Project\github\javavscode\netbeans\nbbuild\netbeans\platform\modules\org-netbeans-api-templates.jar:C:\Project\github\javavscode\netbeans\nbbuild\netbeans\platform\modules\org-netbeans-modules-queries.jar:C:\Project\github\javavscode\netbeans\nbbuild\netbeans\platform\modules\org-openide-actions.jar:C:\Project\github\javavscode\netbeans\nbbuild\netbeans\platform\modules\org-openide-explorer.jar:C:\Project\github\javavscode\netbeans\nbbuild\netbeans\platform\modules\org-netbeans-swing-outline.jar:C:\Project\github\javavscode\netbeans\nbbuild\netbeans\platform\modules\org-netbeans-swing-tabcontrol.jar:C:\Project\github\javavscode\netbeans\nbbuild\netbeans\platform\modules\org-openide-windows.jar:C:\Project\github\javavscode\netbeans\nbbuild\netbeans\platform\modules\org-openide-nodes.jar:C:\Project\github\javavscode\netbeans\nbbuild\netbeans\platform\modules\org-openide-text.jar:C:\Project\github\javavscode\netbeans\nbbuild\netbeans\platform\modules\org-openide-filesystems-nb.jar:C:\Project\github\javavscode\netbeans\nbbuild\netbeans\java\modules\org-netbeans-spi-java-hints.jar:C:\Project\github\javavscode\netbeans\nbbuild\netbeans\platform\modules\org-netbeans-api-annotations-common.jar:C:\Project\github\javavscode\netbeans\nbbuild\netbeans\java\modules\org-netbeans-api-java.jar:C:\Project\github\javavscode\netbeans\nbbuild\netbeans\ide\modules\org-netbeans-api-java-classpath.jar:C:\Project\github\javavscode\netbeans\nbbuild\netbeans\platform\core\org-openide-filesystems.jar:C:\Project\github\javavscode\netbeans\nbbuild\netbeans\platform\lib\org-openide-util.jar:C:\Project\github\javavscode\netbeans\nbbuild\netbeans\platform\lib\org-openide-util-lookup.jar:C:\Project\github\javavscode\netbeans\nbbuild\netbeans\platform\lib\org-openide-modules.jar:C:\Project\github\javavscode\netbeans\nbbuild\netbeans\platform\lib\org-openide-util-ui.jar:C:\Project\github\javavscode\netbeans\nbbuild\netbeans\platform\modules\org-netbeans-api-progress.jar:C:\Project\github\javavscode\netbeans\nbbuild\netbeans\platform\modules\org-netbeans-api-progress-nb.jar:C:\Project\github\javavscode\netbeans\nbbuild\netbeans\platform\modules\org-openide-awt.jar:C:\Project\github\javavscode\netbeans\nbbuild\netbeans\java\modules\org-netbeans-lib-nbjavac.jar:C:\Project\github\javavscode\netbeans\nbbuild\netbeans\java\modules\org-netbeans-libs-javacapi.jar:C:\Project\github\javavscode\netbeans\java\libs.javacapi\external\nb-javac-jdk-22+33-api.jar:C:\Project\github\javavscode\netbeans\java\libs.javacapi\external\nb-javac-jdk-22+33.jar:C:\Project\github\javavscode\netbeans\nbbuild\netbeans\ide\modules\org-netbeans-libs-lucene.jar:C:\Project\github\javavscode\netbeans\ide\libs.lucene\external\lucene-core-3.6.2.jar:C:\Project\github\javavscode\netbeans\nbbuild\netbeans\ide\modules\org-netbeans-modules-code-analysis.jar:C:\Project\github\javavscode\netbeans\nbbuild\netbeans\platform\modules\org-netbeans-modules-autoupdate-services.jar:C:\Project\github\javavscode\netbeans\nbbuild\netbeans\platform\modules\ext\updater.jar:C:\Project\github\javavscode\netbeans\nbbuild\netbeans\platform\lib\boot.jar:C:\Project\github\javavscode\netbeans\nbbuild\netbeans\platform\core\core.jar:C:\Project\github\javavscode\netbeans\nbbuild\netbeans\platform\core\org-netbeans-libs-asm.jar:C:\Project\github\javavscode\netbeans\platform\libs.asm\external\asm-9.6.jar:C:\Project\github\javavscode\netbeans\platform\libs.asm\external\asm-tree-9.6.jar:C:\Project\github\javavscode\netbeans\platform\libs.asm\external\asm-commons-9.6.jar:C:\Project\github\javavscode\netbeans\nbbuild\netbeans\platform\core\core-base.jar:C:\Project\github\javavscode\netbeans\nbbuild\netbeans\platform\modules\org-openide-dialogs.jar:C:\Project\github\javavscode\netbeans\nbbuild\netbeans\platform\modules\org-netbeans-modules-editor-mimelookup.jar:C:\Project\github\javavscode\netbeans\nbbuild\netbeans\platform\modules\org-netbeans-modules-options-api.jar:C:\Project\github\javavscode\netbeans\nbbuild\netbeans\platform\modules\org-netbeans-core.jar:C:\Project\github\javavscode\netbeans\nbbuild\netbeans\platform\modules\org-netbeans-modules-keyring.jar:C:\Project\github\javavscode\netbeans\nbbuild\netbeans\platform\modules\org-netbeans-modules-sampler.jar:C:\Project\github\javavscode\netbeans\nbbuild\netbeans\platform\modules\org-netbeans-swing-plaf.jar:C:\Project\github\javavscode\netbeans\nbbuild\netbeans\platform\modules\org-openide-actions.jar:C:\Project\github\javavscode\netbeans\nbbuild\netbeans\platform\modules\org-openide-explorer.jar:C:\Project\github\javavscode\netbeans\nbbuild\netbeans\platform\modules\org-netbeans-swing-outline.jar:C:\Project\github\javavscode\netbeans\nbbuild\netbeans\platform\modules\org-netbeans-swing-tabcontrol.jar:C:\Project\github\javavscode\netbeans\nbbuild\netbeans\platform\modules\org-openide-windows.jar:C:\Project\github\javavscode\netbeans\nbbuild\netbeans\platform\modules\org-openide-nodes.jar:C:\Project\github\javavscode\netbeans\nbbuild\netbeans\platform\modules\org-openide-text.jar:C:\Project\github\javavscode\netbeans\nbbuild\netbeans\platform\modules\org-openide-io.jar:C:\Project\github\javavscode\netbeans\nbbuild\netbeans\platform\modules\org-netbeans-api-intent.jar:C:\Project\github\javavscode\netbeans\nbbuild\netbeans\platform\modules\org-netbeans-api-io.jar:C:\Project\github\javavscode\netbeans\nbbuild\netbeans\platform\modules\org-openide-loaders.jar:C:\Project\github\javavscode\netbeans\nbbuild\netbeans\platform\modules\org-netbeans-api-scripting.jar:C:\Project\github\javavscode\netbeans\nbbuild\netbeans\platform\modules\org-netbeans-api-templates.jar:C:\Project\github\javavscode\netbeans\nbbuild\netbeans\platform\modules\org-netbeans-modules-queries.jar:C:\Project\github\javavscode\netbeans\nbbuild\netbeans\platform\modules\org-openide-filesystems-nb.jar:C:\Project\github\javavscode\netbeans\nbbuild\netbeans\platform\modules\org-netbeans-spi-quicksearch.jar:C:\Project\github\javavscode\netbeans\nbbuild\netbeans\ide\modules\org-netbeans-modules-parsing-api.jar:C:\Project\github\javavscode\netbeans\nbbuild\netbeans\ide\modules\org-netbeans-modules-editor-document.jar:C:\Project\github\javavscode\netbeans\nbbuild\netbeans\ide\modules\org-netbeans-modules-editor-util.jar:C:\Project\github\javavscode\netbeans\nbbuild\netbeans\ide\modules\org-netbeans-modules-lexer.jar:C:\Project\github\javavscode\netbeans\nbbuild\netbeans\ide\modules\org-netbeans-modules-parsing-lucene.jar:C:\Project\github\javavscode\netbeans\nbbuild\netbeans\platform\modules\org-netbeans-modules-masterfs.jar:C:\Project\github\javavscode\netbeans\nbbuild\netbeans\ide\modules\org-netbeans-modules-projectapi.jar:C:\Project\github\javavscode\netbeans\nbbuild\netbeans\ide\modules\org-netbeans-modules-parsing-indexing.jar:C:\Project\github\javavscode\netbeans\nbbuild\netbeans\ide\modules\org-netbeans-modules-project-indexingbridge.jar:C:\Project\github\javavscode\netbeans\nbbuild\netbeans\ide\modules\org-netbeans-modules-projectuiapi-base.jar:C:\Project\github\javavscode\netbeans\nbbuild\netbeans\ide\modules\org-netbeans-spi-tasklist.jar:C:\Project\github\javavscode\netbeans\nbbuild\netbeans\ide\modules\org-netbeans-modules-projectuiapi.jar:C:\Project\github\javavscode\netbeans\nbbuild\netbeans\ide\modules\org-netbeans-modules-refactoring-api.jar:C:\Project\github\javavscode\netbeans\nbbuild\netbeans\ide\modules\org-netbeans-modules-diff.jar:C:\Project\github\javavscode\netbeans\nbbuild\netbeans\ide\modules\org-netbeans-modules-editor-errorstripe.jar:C:\Project\github\javavscode\netbeans\nbbuild\netbeans\ide\modules\org-netbeans-modules-editor-errorstripe-api.jar:C:\Project\github\javavscode\netbeans\nbbuild\netbeans\ide\modules\org-netbeans-modules-editor-fold.jar:C:\Project\github\javavscode\netbeans\nbbuild\netbeans\ide\modules\org-netbeans-modules-editor-settings.jar:C:\Project\github\javavscode\netbeans\nbbuild\netbeans\ide\modules\org-netbeans-modules-editor-settings-lib.jar:C:\Project\github\javavscode\netbeans\nbbuild\netbeans\ide\modules\org-netbeans-modules-editor-lib.jar:C:\Project\github\javavscode\netbeans\nbbuild\netbeans\ide\modules\org-netbeans-modules-editor-guards.jar:C:\Project\github\javavscode\netbeans\nbbuild\netbeans\ide\modules\org-netbeans-modules-editor-indent.jar:C:\Project\github\javavscode\netbeans\nbbuild\netbeans\ide\modules\org-netbeans-modules-editor-lib2.jar:C:\Project\github\javavscode\netbeans\nbbuild\netbeans\ide\modules\org-netbeans-modules-options-editor.jar:C:\Project\github\javavscode\netbeans\nbbuild\netbeans\ide\modules\org-netbeans-modules-editor.jar:C:\Project\github\javavscode\netbeans\nbbuild\netbeans\ide\modules\org-netbeans-api-lsp.jar:C:\Project\github\javavscode\netbeans\nbbuild\netbeans\ide\modules\org-netbeans-modules-editor-fold-nbui.jar:C:\Project\github\javavscode\netbeans\nbbuild\netbeans\ide\modules\org-netbeans-modules-editor-settings-storage.jar:C:\Project\github\javavscode\netbeans\nbbuild\netbeans\platform\modules\org-netbeans-modules-options-keymap.jar:C:\Project\github\javavscode\netbeans\nbbuild\netbeans\platform\modules\org-netbeans-modules-settings.jar:C:\Project\github\javavscode\netbeans\nbbuild\netbeans\ide\modules\org-netbeans-spi-editor-hints.jar:C:\Project\github\javavscode\netbeans\nbbuild\netbeans\java\modules\org-netbeans-modules-java-lexer.jar:C:\Project\github\javavscode\netbeans\nbbuild\netbeans\java\modules\org-netbeans-modules-java-platform.jar:C:\Project\github\javavscode\netbeans\nbbuild\netbeans\java\modules\org-netbeans-modules-java-project.jar:C:\Project\github\javavscode\netbeans\nbbuild\netbeans\java\modules\org-netbeans-modules-classfile.jar:C:\Project\github\javavscode\netbeans\nbbuild\netbeans\java\modules\org-netbeans-modules-java-source-base.jar:C:\Project\github\javavscode\netbeans\nbbuild\netbeans\java\modules\org-netbeans-modules-java-preprocessorbridge.jar:C:\Project\github\javavscode\netbeans\nbbuild\netbeans\ide\modules\org-netbeans-modules-project-ant.jar:C:\Project\github\javavscode\netbeans\nbbuild\netbeans\ide\modules\org-netbeans-modules-project-libraries.jar:C:\Project\github\javavscode\netbeans\nbbuild\netbeans\ide\modules\org-netbeans-modules-project-spi-intern.jar:C:\Project\github\javavscode\netbeans\nbbuild\netbeans\ide\modules\org-netbeans-modules-xml-catalog.jar:C:\Project\github\javavscode\netbeans\nbbuild\netbeans\ide\modules\org-apache-xml-resolver.jar:C:\Project\github\javavscode\netbeans\ide\o.apache.xml.resolver\external\resolver-1.2.jar:C:\Project\github\javavscode\netbeans\nbbuild\netbeans\ide\modules\org-netbeans-api-xml.jar:C:\Project\github\javavscode\netbeans\nbbuild\netbeans\java\modules\org-netbeans-modules-java-source.jar:C:\Project\github\javavscode\netbeans\nbbuild\netbeans\platform\modules\org-netbeans-core-multiview.jar:C:\Project\github\javavscode\netbeans\nbbuild\netbeans\ide\modules\org-netbeans-modules-editor-indent-project.jar:C:\Project\github\javavscode\netbeans\nbbuild\netbeans\ide\modules\org-netbeans-modules-editor-indent-support.jar:C:\Project\github\javavscode\netbeans\nbbuild\netbeans\ide\modules\org-netbeans-spi-viewmodel.jar:C:\Project\github\javavscode\netbeans\nbbuild\netbeans\platform\modules\org-netbeans-swing-outline.jar:C:\Project\github\javavscode\netbeans\nbbuild\netbeans\platform\lib\org-openide-util-ui.jar:C:\Project\github\javavscode\netbeans\nbbuild\netbeans\platform\lib\org-openide-util.jar:C:\Project\github\javavscode\netbeans\nbbuild\netbeans\platform\lib\org-openide-util-lookup.jar:C:\Project\github\javavscode\netbeans\nbbuild\netbeans\platform\modules\org-openide-awt.jar:C:\Project\github\javavscode\netbeans\nbbuild\netbeans\platform\modules\org-netbeans-api-annotations-common.jar:C:\Project\github\javavscode\netbeans\nbbuild\netbeans\platform\core\org-openide-filesystems.jar:C:\Project\github\javavscode\netbeans\nbbuild\netbeans\platform\modules\org-openide-explorer.jar:C:\Project\github\javavscode\netbeans\nbbuild\netbeans\platform\modules\org-netbeans-swing-tabcontrol.jar:C:\Project\github\javavscode\netbeans\nbbuild\netbeans\platform\modules\org-openide-windows.jar:C:\Project\github\javavscode\netbeans\nbbuild\netbeans\platform\modules\org-openide-nodes.jar:C:\Project\github\javavscode\netbeans\nbbuild\netbeans\platform\modules\org-openide-dialogs.jar:C:\Project\github\javavscode\netbeans\nbbuild\netbeans\platform\modules\org-netbeans-api-progress.jar:C:\Project\github\javavscode\netbeans\nbbuild\netbeans\platform\lib\org-openide-modules.jar:C:\Project\github\javavscode\netbeans\nbbuild\netbeans\platform\modules\org-netbeans-api-progress-nb.jar:C:\Project\github\javavscode\netbeans\nbbuild\netbeans\platform\modules\org-openide-awt.jar:C:\Project\github\javavscode\netbeans\nbbuild\netbeans\platform\modules\org-netbeans-api-annotations-common.jar:C:\Project\github\javavscode\netbeans\nbbuild\netbeans\platform\core\org-openide-filesystems.jar:C:\Project\github\javavscode\netbeans\nbbuild\netbeans\platform\lib\org-openide-util.jar:C:\Project\github\javavscode\netbeans\nbbuild\netbeans\platform\lib\org-openide-util-lookup.jar:C:\Project\github\javavscode\netbeans\nbbuild\netbeans\platform\lib\org-openide-util-ui.jar:C:\Project\github\javavscode\netbeans\nbbuild\netbeans\platform\modules\org-openide-dialogs.jar:C:\Project\github\javavscode\netbeans\nbbuild\netbeans\platform\modules\org-netbeans-api-progress.jar:C:\Project\github\javavscode\netbeans\nbbuild\netbeans\platform\lib\org-openide-modules.jar:C:\Project\github\javavscode\netbeans\nbbuild\netbeans\platform\lib\org-openide-util-ui.jar:C:\Project\github\javavscode\netbeans\nbbuild\netbeans\platform\lib\org-openide-util.jar:C:\Project\github\javavscode\netbeans\nbbuild\netbeans\platform\lib\org-openide-util-lookup.jar:C:\Project\github\javavscode\netbeans\nbbuild\netbeans\platform\modules\org-netbeans-api-progress-nb.jar:C:\Project\github\javavscode\netbeans\nbbuild\netbeans\platform\modules\org-openide-awt.jar:C:\Project\github\javavscode\netbeans\nbbuild\netbeans\platform\modules\org-netbeans-api-annotations-common.jar:C:\Project\github\javavscode\netbeans\nbbuild\netbeans\platform\core\org-openide-filesystems.jar:C:\Project\github\javavscode\netbeans\nbbuild\netbeans\platform\modules\org-openide-explorer.jar:C:\Project\github\javavscode\netbeans\nbbuild\netbeans\platform\modules\org-netbeans-swing-outline.jar:C:\Project\github\javavscode\netbeans\nbbuild\netbeans\platform\lib\org-openide-util-ui.jar:C:\Project\github\javavscode\netbeans\nbbuild\netbeans\platform\lib\org-openide-util.jar:C:\Project\github\javavscode\netbeans\nbbuild\netbeans\platform\lib\org-openide-util-lookup.jar:C:\Project\github\javavscode\netbeans\nbbuild\netbeans\platform\modules\org-netbeans-swing-tabcontrol.jar:C:\Project\github\javavscode\netbeans\nbbuild\netbeans\platform\modules\org-openide-awt.jar:C:\Project\github\javavscode\netbeans\nbbuild\netbeans\platform\modules\org-netbeans-api-annotations-common.jar:C:\Project\github\javavscode\netbeans\nbbuild\netbeans\platform\core\org-openide-filesystems.jar:C:\Project\github\javavscode\netbeans\nbbuild\netbeans\platform\modules\org-openide-windows.jar:C:\Project\github\javavscode\netbeans\nbbuild\netbeans\platform\modules\org-openide-nodes.jar:C:\Project\github\javavscode\netbeans\nbbuild\netbeans\platform\modules\org-openide-dialogs.jar:C:\Project\github\javavscode\netbeans\nbbuild\netbeans\platform\modules\org-netbeans-api-progress.jar:C:\Project\github\javavscode\netbeans\nbbuild\netbeans\platform\lib\org-openide-modules.jar:C:\Project\github\javavscode\netbeans\nbbuild\netbeans\platform\modules\org-netbeans-api-progress-nb.jar:C:\Project\github\javavscode\netbeans\nbbuild\netbeans\platform\core\org-openide-filesystems.jar:C:\Project\github\javavscode\netbeans\nbbuild\netbeans\platform\lib\org-openide-util.jar:C:\Project\github\javavscode\netbeans\nbbuild\netbeans\platform\lib\org-openide-util-lookup.jar:C:\Project\github\javavscode\netbeans\nbbuild\netbeans\platform\modules\org-openide-io.jar:C:\Project\github\javavscode\netbeans\nbbuild\netbeans\platform\modules\org-netbeans-api-annotations-common.jar:C:\Project\github\javavscode\netbeans\nbbuild\netbeans\platform\modules\org-netbeans-api-intent.jar:C:\Project\github\javavscode\netbeans\nbbuild\netbeans\platform\core\org-openide-filesystems.jar:C:\Project\github\javavscode\netbeans\nbbuild\netbeans\platform\lib\org-openide-util.jar:C:\Project\github\javavscode\netbeans\nbbuild\netbeans\platform\lib\org-openide-util-lookup.jar:C:\Project\github\javavscode\netbeans\nbbuild\netbeans\platform\modules\org-netbeans-api-io.jar:C:\Project\github\javavscode\netbeans\nbbuild\netbeans\platform\modules\org-openide-loaders.jar:C:\Project\github\javavscode\netbeans\nbbuild\netbeans\platform\modules\org-netbeans-api-annotations-common.jar:C:\Project\github\javavscode\netbeans\nbbuild\netbeans\platform\modules\org-netbeans-api-progress.jar:C:\Project\github\javavscode\netbeans\nbbuild\netbeans\platform\lib\org-openide-modules.jar:C:\Project\github\javavscode\netbeans\nbbuild\netbeans\platform\lib\org-openide-util-ui.jar:C:\Project\github\javavscode\netbeans\nbbuild\netbeans\platform\lib\org-openide-util.jar:C:\Project\github\javavscode\netbeans\nbbuild\netbeans\platform\lib\org-openide-util-lookup.jar:C:\Project\github\javavscode\netbeans\nbbuild\netbeans\platform\modules\org-netbeans-api-progress-nb.jar:C:\Project\github\javavscode\netbeans\nbbuild\netbeans\platform\modules\org-openide-awt.jar:C:\Project\github\javavscode\netbeans\nbbuild\netbeans\platform\core\org-openide-filesystems.jar:C:\Project\github\javavscode\netbeans\nbbuild\netbeans\platform\modules\org-netbeans-api-scripting.jar:C:\Project\github\javavscode\netbeans\nbbuild\netbeans\platform\modules\org-netbeans-api-templates.jar:C:\Project\github\javavscode\netbeans\nbbuild\netbeans\platform\modules\org-netbeans-modules-queries.jar:C:\Project\github\javavscode\netbeans\nbbuild\netbeans\platform\modules\org-netbeans-modules-editor-mimelookup.jar:C:\Project\github\javavscode\netbeans\nbbuild\netbeans\platform\modules\org-openide-actions.jar:C:\Project\github\javavscode\netbeans\nbbuild\netbeans\platform\modules\org-openide-dialogs.jar:C:\Project\github\javavscode\netbeans\nbbuild\netbeans\platform\modules\org-openide-explorer.jar:C:\Project\github\javavscode\netbeans\nbbuild\netbeans\platform\modules\org-netbeans-swing-outline.jar:C:\Project\github\javavscode\netbeans\nbbuild\netbeans\platform\modules\org-netbeans-swing-tabcontrol.jar:C:\Project\github\javavscode\netbeans\nbbuild\netbeans\platform\modules\org-openide-windows.jar:C:\Project\github\javavscode\netbeans\nbbuild\netbeans\platform\modules\org-openide-nodes.jar:C:\Project\github\javavscode\netbeans\nbbuild\netbeans\platform\modules\org-openide-text.jar:C:\Project\github\javavscode\netbeans\nbbuild\netbeans\platform\modules\org-openide-filesystems-nb.jar:C:\Project\github\javavscode\netbeans\nbbuild\netbeans\platform\lib\org-openide-modules.jar:C:\Project\github\javavscode\netbeans\nbbuild\netbeans\platform\lib\org-openide-util-ui.jar:C:\Project\github\javavscode\netbeans\nbbuild\netbeans\platform\lib\org-openide-util.jar:C:\Project\github\javavscode\netbeans\nbbuild\netbeans\platform\lib\org-openide-util-lookup.jar:C:\Project\github\javavscode\netbeans\nbbuild\netbeans\platform\modules\org-openide-nodes.jar:C:\Project\github\javavscode\netbeans\nbbuild\netbeans\platform\modules\org-openide-awt.jar:C:\Project\github\javavscode\netbeans\nbbuild\netbeans\platform\modules\org-netbeans-api-annotations-common.jar:C:\Project\github\javavscode\netbeans\nbbuild\netbeans\platform\core\org-openide-filesystems.jar:C:\Project\github\javavscode\netbeans\nbbuild\netbeans\platform\lib\org-openide-util.jar:C:\Project\github\javavscode\netbeans\nbbuild\netbeans\platform\lib\org-openide-util-lookup.jar:C:\Project\github\javavscode\netbeans\nbbuild\netbeans\platform\lib\org-openide-util-ui.jar:C:\Project\github\javavscode\netbeans\nbbuild\netbeans\platform\modules\org-openide-dialogs.jar:C:\Project\github\javavscode\netbeans\nbbuild\netbeans\platform\modules\org-netbeans-api-progress.jar:C:\Project\github\javavscode\netbeans\nbbuild\netbeans\platform\lib\org-openide-modules.jar:C:\Project\github\javavscode\netbeans\nbbuild\netbeans\platform\modules\org-netbeans-api-progress-nb.jar:C:\Project\github\javavscode\netbeans\nbbuild\netbeans\platform\modules\org-openide-text.jar:C:\Project\github\javavscode\netbeans\nbbuild\netbeans\platform\modules\org-netbeans-modules-editor-mimelookup.jar:C:\Project\github\javavscode\netbeans\nbbuild\netbeans\platform\core\org-openide-filesystems.jar:C:\Project\github\javavscode\netbeans\nbbuild\netbeans\platform\lib\org-openide-util.jar:C:\Project\github\javavscode\netbeans\nbbuild\netbeans\platform\lib\org-openide-util-lookup.jar:C:\Project\github\javavscode\netbeans\nbbuild\netbeans\platform\modules\org-openide-awt.jar:C:\Project\github\javavscode\netbeans\nbbuild\netbeans\platform\modules\org-netbeans-api-annotations-common.jar:C:\Project\github\javavscode\netbeans\nbbuild\netbeans\platform\lib\org-openide-util-ui.jar:C:\Project\github\javavscode\netbeans\nbbuild\netbeans\platform\modules\org-openide-dialogs.jar:C:\Project\github\javavscode\netbeans\nbbuild\netbeans\platform\modules\org-netbeans-api-progress.jar:C:\Project\github\javavscode\netbeans\nbbuild\netbeans\platform\lib\org-openide-modules.jar:C:\Project\github\javavscode\netbeans\nbbuild\netbeans\platform\modules\org-netbeans-api-progress-nb.jar:C:\Project\github\javavscode\netbeans\nbbuild\netbeans\platform\modules\org-openide-nodes.jar:C:\Project\github\javavscode\netbeans\nbbuild\netbeans\platform\modules\org-openide-windows.jar:C:\Project\github\javavscode\netbeans\nbbuild\netbeans\platform\lib\org-openide-util.jar:C:\Project\github\javavscode\netbeans\nbbuild\netbeans\platform\lib\org-openide-util-lookup.jar:C:\Project\github\javavscode\netbeans\nbbuild\netbeans\platform\lib\org-openide-util-lookup.jar:C:\Project\github\javavscode\netbeans\nbbuild\netbeans\platform\lib\org-openide-util-ui.jar:C:\Project\github\javavscode\netbeans\nbbuild\netbeans\platform\lib\org-openide-util.jar:C:\Project\github\javavscode\netbeans\nbbuild\netbeans\platform\lib\org-openide-util-lookup.jar:C:\Project\github\javavscode\netbeans\nbbuild\netbeans\ide\modules\com-google-guava.jar:C:\Project\github\javavscode\netbeans\ide\c.google.guava\external\guava-32.1.2-jre.jar:C:\Project\github\javavscode\netbeans\ide\c.google.guava\external\guava-32.1.2-jre.jar:C:\Project\github\javavscode\netbeans\java\java.lsp.server\external\org.eclipse.lsp4j.debug-0.13.0.jar:C:\Project\github\javavscode\netbeans\java\java.lsp.server\external\org.eclipse.xtend.lib.macro-2.24.0.jar:C:\Project\github\javavscode\netbeans\java\java.lsp.server\external\org.eclipse.lsp4j.generator-0.13.0.jar:C:\Project\github\javavscode\netbeans\java\java.lsp.server\external\org.eclipse.lsp4j.jsonrpc-0.13.0.jar:C:\Project\github\javavscode\netbeans\java\java.lsp.server\external\org.eclipse.lsp4j.jsonrpc.debug-0.13.0.jar:C:\Project\github\javavscode\netbeans\java\java.lsp.server\external\org.eclipse.xtend.lib-2.24.0.jar:C:\Project\github\javavscode\netbeans\java\java.lsp.server\external\org.eclipse.xtext.xbase.lib-2.24.0.jar:C:\Project\github\javavscode\netbeans\java\java.lsp.server\external\org.eclipse.lsp4j-0.13.0.jar" />
    <property name="ide/editor.guards.dir" value="C:\Project\github\javavscode\netbeans\nbbuild\netbeans/ide" />
    <property name="xml.xam.dir" value="C:\Project\github\javavscode\netbeans\nbbuild\netbeans/ide" />
    <property name="servletjspapi.dir" value="C:\Project\github\javavscode\netbeans\nbbuild\netbeans/enterprise" />
    <property name="web.core.syntax.dir" value="C:\Project\github\javavscode\netbeans\nbbuild\netbeans/enterprise" />
    <property name="ide/editor.indent.project.dir" value="C:\Project\github\javavscode\netbeans\nbbuild\netbeans/ide" />
    <property name="xml.catalog.ui.dir" value="C:\Project\github\javavscode\netbeans\nbbuild\netbeans/ide" />
    <property name="java.source.queriesimpl.dir" value="C:\Project\github\javavscode\netbeans\nbbuild\netbeans/java" />
    <property name="ide/versioning.ui.dir" value="C:\Project\github\javavscode\netbeans\nbbuild\netbeans/ide" />
    <property name="php/libs.javacup.dir" value="C:\Project\github\javavscode\netbeans\nbbuild\netbeans/php" />
    <property name="gradle.kit.dir" value="C:\Project\github\javavscode\netbeans\nbbuild\netbeans/java" />
    <property name="profiler/profiler.snaptracer.dir" value="C:\Project\github\javavscode\netbeans\nbbuild\netbeans/profiler" />
    <property name="java/spi.debugger.jpda.ui.dir" value="C:\Project\github\javavscode\netbeans\nbbuild\netbeans/java" />
    <property name="ide/xml.tax.dir" value="C:\Project\github\javavscode\netbeans\nbbuild\netbeans/ide" />
    <property name="libs.antlr3.runtime.dir" value="C:\Project\github\javavscode\netbeans\nbbuild\netbeans/ide" />
    <property name="java/java.openjdk.project.dir" value="C:\Project\github\javavscode\netbeans\nbbuild\netbeans/java" />
    <property name="javascript2.prototypejs.dir" value="C:\Project\github\javavscode\netbeans\nbbuild\netbeans/webcommon" />
    <property name="languages.hcl.dir" value="C:\Project\github\javavscode\netbeans\nbbuild\netbeans/ide" />
    <property name="platform/core.execution.dir" value="C:\Project\github\javavscode\netbeans\nbbuild\netbeans/platform" />
    <property name="platform/api.progress.dir" value="C:\Project\github\javavscode\netbeans\nbbuild\netbeans/platform" />
    <property name="spec.version.base" value="2.6.0" />
    <property name="java/java.testrunner.dir" value="C:\Project\github\javavscode\netbeans\nbbuild\netbeans/java" />
    <property name="ide/versioning.core.dir" value="C:\Project\github\javavscode\netbeans\nbbuild\netbeans/ide" />
    <property name="enterprise/j2ee.sun.ddui.dir" value="C:\Project\github\javavscode\netbeans\nbbuild\netbeans/enterprise" />
    <property name="file.encoding" value="Cp1252" />
    <property name="ide/projectapi.dir" value="C:\Project\github\javavscode\netbeans\nbbuild\netbeans/ide" />
    <property name="lib.nbjavac.dir" value="C:\Project\github\javavscode\netbeans\nbbuild\netbeans/java" />
    <property name="ide/localtasks.dir" value="C:\Project\github\javavscode\netbeans\nbbuild\netbeans/ide" />
    <property name="javahelp.dir" value="C:\Project\github\javavscode\netbeans\nbbuild\netbeans/platform" />
    <property name="enterprise/javaee.wildfly.dir" value="C:\Project\github\javavscode\netbeans\nbbuild\netbeans/enterprise" />
    <property name="web.jspparser.dir" value="C:\Project\github\javavscode\netbeans\nbbuild\netbeans/enterprise" />
    <property name="enterprise/jakartaee10.api.dir" value="C:\Project\github\javavscode\netbeans\nbbuild\netbeans/enterprise" />
    <property name="platform/o.apache.commons.logging.dir" value="C:\Project\github\javavscode\netbeans\nbbuild\netbeans/platform" />
    <property name="o.n.html.ko4j.dir" value="C:\Project\github\javavscode\netbeans\nbbuild\netbeans/platform" />
    <property name="ide/libs.c.kohlschutter.junixsocket.dir" value="C:\Project\github\javavscode\netbeans\nbbuild\netbeans/ide" />
    <property name="platform/sendopts.dir" value="C:\Project\github\javavscode\netbeans\nbbuild\netbeans/platform" />
    <property name="java.j2semodule.dir" value="C:\Project\github\javavscode\netbeans\nbbuild\netbeans/java" />
    <property name="clusters.config.enterprise.list" value="nb.cluster.harness,nb.cluster.bootstrap,nb.cluster.platform,nb.cluster.ide,nb.cluster.extide,nb.cluster.websvccommon,nb.cluster.java,nb.cluster.javafx,nb.cluster.profiler,nb.cluster.3rdparty,nb.cluster.nb,nb.cluster.webcommon,nb.cluster.enterprise" />
    <property name="webcommon/javascript.bower.dir" value="C:\Project\github\javavscode\netbeans\nbbuild\netbeans/webcommon" />
    <property name="test.netbeans.dest.dir" value="C:\Project\github\javavscode\netbeans\nbbuild\netbeans" />
    <property name="java/dbschema.dir" value="C:\Project\github\javavscode\netbeans\nbbuild\netbeans/java" />
    <property name="nbjdk.enable_security_manager" value="-Djava.security.manager=allow" />
    <property name="nbm.distribution" value="http://deadlock.netbeans.org/job/nbms-and-javadoc/lastStableBuild/artifact/nbbuild/nbms/java/org-netbeans-modules-java-lsp-server.nbm" />
    <property name="php/php.symfony.dir" value="C:\Project\github\javavscode\netbeans\nbbuild\netbeans/php" />
    <property name="ide/o.apache.commons.lang.dir" value="C:\Project\github\javavscode\netbeans\nbbuild\netbeans/ide" />
    <property name="ide/project.spi.intern.dir" value="C:\Project\github\javavscode\netbeans\nbbuild\netbeans/ide" />
    <property name="platform/net.java.html.json.dir" value="C:\Project\github\javavscode\netbeans\nbbuild\netbeans/platform" />
    <property name="nbjdk.home.defaulted" value="true" />
    <property name="websvc.projectapi.dir" value="C:\Project\github\javavscode\netbeans\nbbuild\netbeans/enterprise" />
    <property name="java/java.completion.dir" value="C:\Project\github\javavscode\netbeans\nbbuild\netbeans/java" />
    <property name="validation.nb.cluster.cnd" value="cnd.kit" />
    <property name="enterprise/projectimport.eclipse.web.dir" value="C:\Project\github\javavscode\netbeans\nbbuild\netbeans/enterprise" />
    <property name="ide/api.xml.ui.dir" value="C:\Project\github\javavscode\netbeans\nbbuild\netbeans/ide" />
    <property name="debugger.jpda.ant.dir" value="C:\Project\github\javavscode\netbeans\nbbuild\netbeans/java" />
    <property name="test.jms.flags" value="" />
    <property name="ide/versioning.dir" value="C:\Project\github\javavscode\netbeans\nbbuild\netbeans/ide" />
    <property name="spellchecker.apimodule.dir" value="C:\Project\github\javavscode\netbeans\nbbuild\netbeans/ide" />
    <property name="ide/editor.plain.lib.dir" value="C:\Project\github\javavscode\netbeans\nbbuild\netbeans/ide" />
    <property name="validation.nb.cluster.php" value="php.editor" />
    <property name="binaries.server" value="https://netbeans.osuosl.org/binaries/" />
    <property name="code.name.base" value="org.netbeans.modules.java.lsp.server" />
    <property name="java/java.sourceui.dir" value="C:\Project\github\javavscode\netbeans\nbbuild\netbeans/java" />
    <property name="enterprise/jakartaee8.platform.dir" value="C:\Project\github\javavscode\netbeans\nbbuild\netbeans/enterprise" />
    <property name="groovy/groovy.antproject.dir" value="C:\Project\github\javavscode\netbeans\nbbuild\netbeans/groovy" />
    <property name="ide/server.dir" value="C:\Project\github\javavscode\netbeans\nbbuild\netbeans/ide" />
    <property name="javascript.karma.dir" value="C:\Project\github\javavscode\netbeans\nbbuild\netbeans/webcommon" />
    <property name="debugger.jpda.projects.dir" value="C:\Project\github\javavscode\netbeans\nbbuild\netbeans/java" />
    <property name="apisupport/apisupport.wizards.dir" value="C:\Project\github\javavscode\netbeans\nbbuild\netbeans/apisupport" />
    <property name="javascript2.knockout.dir" value="C:\Project\github\javavscode\netbeans\nbbuild\netbeans/webcommon" />
    <property name="hudson.MANPATH" value="C:\Program Files\Git\mingw64\local\man;C:\Program Files\Git\mingw64\share\man;C:\Program Files\Git\usr\local\man;C:\Program Files\Git\usr\share\man;C:\Program Files\Git\usr\man;C:\Program Files\Git\share\man" />
    <property name="webcommon/javascript2.source.query.dir" value="C:\Project\github\javavscode\netbeans\nbbuild\netbeans/webcommon" />
    <property name="web.jsf12.dir" value="C:\Project\github\javavscode\netbeans\nbbuild\netbeans/enterprise" />
    <property name="jms-tools.flags" value=" -J--add-modules=jdk.jshell -J--add-opens=jdk.jshell/jdk.jshell=ALL-UNNAMED -J--add-exports=jdk.jshell/jdk.internal.jshell.debug=ALL-UNNAMED -J--add-exports=jdk.jdeps/com.sun.tools.classfile=ALL-UNNAMED -J--add-exports=jdk.jdeps/com.sun.tools.javap=ALL-UNNAMED -J--add-exports=jdk.internal.jvmstat/sun.jvmstat.monitor=ALL-UNNAMED -J--add-exports=jdk.internal.opt/jdk.internal.opt=ALL-UNNAMED -J--add-exports=java.management/sun.management=ALL-UNNAMED" />
    <property name="build.compiler.debuglevel" value="source,lines,vars" />
    <property name="platform/net.java.html.boot.script.dir" value="C:\Project\github\javavscode\netbeans\nbbuild\netbeans/platform" />
    <property name="nb.cluster.dlight" value="dlight.kit,dlight.libs.common,dlight.remote,dlight.remote.impl,dlight.remote.ui,dlight.sendto,git.remote,git.remote.cli,mercurial.remote,remotefs.versioning,remotefs.versioning.api,subversion.remote" />
    <property name="exists.test.unit.src.dir" value="true" />
    <property name="javascript2.jsdoc.dir" value="C:\Project\github\javavscode\netbeans\nbbuild\netbeans/webcommon" />
    <property name="websvc.jaxwsmodelapi.dir" value="C:\Project\github\javavscode\netbeans\nbbuild\netbeans/websvccommon" />
    <property name="core.network.dir" value="C:\Project\github\javavscode\netbeans\nbbuild\netbeans/platform" />
    <property name="platform/janitor.dir" value="C:\Project\github\javavscode\netbeans\nbbuild\netbeans/platform" />
    <property name="platform/masterfs.nio2.dir" value="C:\Project\github\javavscode\netbeans\nbbuild\netbeans/platform" />
    <property name="ide/o.n.swing.dirchooser.dir" value="C:\Project\github\javavscode\netbeans\nbbuild\netbeans/ide" />
    <property name="nashorn.execution.dir" value="C:\Project\github\javavscode\netbeans\nbbuild\netbeans/java" />
    <property name="api.progress.dir" value="C:\Project\github\javavscode\netbeans\nbbuild\netbeans/platform" />
    <property name="ide/o.eclipse.core.contenttype.dir" value="C:\Project\github\javavscode\netbeans\nbbuild\netbeans/ide" />
    <property name="javafx2.editor.dir" value="C:\Project\github\javavscode\netbeans\nbbuild\netbeans/javafx" />
    <property name="nb.cluster.platform" value="api.annotations.common,api.htmlui,api.intent,api.io,api.progress,api.progress.compat8,api.progress.nb,api.scripting,api.search,api.templates,api.visual,applemenu,autoupdate.cli,autoupdate.services,autoupdate.ui,core.execution,core.io.ui,core.kit,core.multitabs,core.multiview,core.nativeaccess,core.netigso,core.network,core.osgi,core.output2,core.ui,core.windows,editor.mimelookup,editor.mimelookup.impl,favorites,htmlui,janitor,javahelp,junitlib,keyring,keyring.fallback,keyring.impl,lib.uihandler,libs.batik.read,libs.felix,libs.flatlaf,libs.javafx,libs.jna,libs.jna.platform,libs.jsr223,libs.junit4,libs.junit5,libs.osgi,libs.testng,masterfs,masterfs.linux,masterfs.macosx,masterfs.nio2,masterfs.ui,masterfs.windows,net.java.html,net.java.html.boot,net.java.html.boot.fx,net.java.html.boot.script,net.java.html.geo,net.java.html.json,net.java.html.sound,netbinox,o.apache.commons.codec,o.apache.commons.commons_io,o.apache.commons.lang3,o.apache.commons.logging,o.n.core,o.n.html.ko4j,o.n.html.presenters.spi,o.n.html.xhr4j,o.n.swing.laf.dark,o.n.swing.laf.flatlaf,o.n.swing.outline,o.n.swing.plaf,o.n.swing.tabcontrol,openide.actions,openide.awt,openide.compat,openide.dialogs,openide.execution,openide.execution.compat8,openide.explorer,openide.filesystems.compat8,openide.filesystems.nb,openide.io,openide.loaders,openide.nodes,openide.options,openide.text,openide.util.ui.svg,openide.windows,options.api,options.keymap,print,progress.ui,queries,sampler,sendopts,settings,spi.actions,spi.quicksearch,templates,templatesui,uihandler" />
    <property name="libs.javafx.macosx.dir" value="C:\Project\github\javavscode\netbeans\nbbuild\netbeans/extra" />
    <property name="extra.module.files" value="" />
    <property name="php/hudson.php.dir" value="C:\Project\github\javavscode\netbeans\nbbuild\netbeans/php" />
    <property name="websvc.saas.ui.dir" value="C:\Project\github\javavscode\netbeans\nbbuild\netbeans/websvccommon" />
    <property name="platform/o.n.swing.tabcontrol.dir" value="C:\Project\github\javavscode\netbeans\nbbuild\netbeans/platform" />
    <property name="libs.junit5.dir" value="C:\Project\github\javavscode\netbeans\nbbuild\netbeans/platform" />
    <property name="selenium2.java.dir" value="C:\Project\github\javavscode\netbeans\nbbuild\netbeans/java" />
    <property name="ide/libs.lucene.dir" value="C:\Project\github\javavscode\netbeans\nbbuild\netbeans/ide" />
    <property name="groovy.antproject.dir" value="C:\Project\github\javavscode\netbeans\nbbuild\netbeans/groovy" />
    <property name="webcommon/api.knockout.dir" value="C:\Project\github\javavscode\netbeans\nbbuild\netbeans/webcommon" />
    <property name="hudson.COMPUTERNAME" value="ARSAPRE-7420" />
    <property name="hudson.ProgramFiles(x86)" value="C:\Program Files (x86)" />
    <property name="ide/o.eclipse.equinox.registry.dir" value="C:\Project\github\javavscode\netbeans\nbbuild\netbeans/ide" />
    <property name="ide/xml.wsdl.model.dir" value="C:\Project\github\javavscode\netbeans\nbbuild\netbeans/ide" />
    <property name="platform/options.keymap.dir" value="C:\Project\github\javavscode\netbeans\nbbuild\netbeans/platform" />
    <property name="java/java.metrics.dir" value="C:\Project\github\javavscode\netbeans\nbbuild\netbeans/java" />
    <property name="nb.cluster.websvccommon.depends" value="nb.cluster.ide,nb.cluster.platform" />
    <property name="ide/slf4j.api.dir" value="C:\Project\github\javavscode\netbeans\nbbuild\netbeans/ide" />
    <property name="lexer.nbbridge.dir" value="C:\Project\github\javavscode\netbeans\nbbuild\netbeans/ide" />
    <property name="hudson.CommonProgramFiles(x86)" value="C:\Program Files (x86)\Common Files" />
    <property name="ide/target.iterator.dir" value="C:\Project\github\javavscode\netbeans\nbbuild\netbeans/ide" />
    <property name="test.unit.runtime.cp" value="C:/Project/github/javavscode/netbeans/nbbuild/netbeans/ide/modules/com-google-gson.jar;C:/Project/github/javavscode/netbeans/nbbuild/netbeans/ide/modules/com-google-guava.jar;C:/Project/github/javavscode/netbeans/nbbuild/netbeans/platform/lib/boot.jar;C:/Project/github/javavscode/netbeans/nbbuild/netbeans/platform/core/core.jar;C:/Project/github/javavscode/netbeans/nbbuild/netbeans/platform/modules/org-netbeans-core-windows.jar;C:/Project/github/javavscode/netbeans/nbbuild/netbeans/ide/modules/org-netbeans-libs-freemarker.jar;C:/Project/github/javavscode/netbeans/nbbuild/netbeans/platform/modules/org-netbeans-libs-junit4.jar;C:/Project/github/javavscode/netbeans/nbbuild/netbeans/platform/modules/org-openide-io.jar;C:/Project/github/javavscode/netbeans/nbbuild/netbeans/ide/modules/org-netbeans-modules-options-editor.jar;C:/Project/github/javavscode/netbeans/nbbuild/netbeans/ide/modules/org-netbeans-modules-projectuiapi-base.jar;C:/Project/github/javavscode/netbeans/nbbuild/netbeans/platform/modules/org-netbeans-api-progress.jar;C:/Project/github/javavscode/netbeans/nbbuild/netbeans/ide/modules/org-netbeans-modules-editor-settings-storage.jar;C:/Project/github/javavscode/netbeans/nbbuild/netbeans/ide/modules/org-netbeans-api-xml.jar;C:/Project/github/javavscode/netbeans/nbbuild/netbeans/platform/lib/org-openide-util-ui.jar;C:/Project/github/javavscode/netbeans/nbbuild/netbeans/java/modules/org-netbeans-libs-javacapi.jar;C:/Project/github/javavscode/netbeans/nbbuild/netbeans/ide/modules/org-netbeans-modules-editor-fold.jar;C:/Project/github/javavscode/netbeans/nbbuild/netbeans/ide/modules/org-apache-xml-resolver.jar;C:/Project/github/javavscode/netbeans/nbbuild/netbeans/platform/modules/org-netbeans-swing-plaf.jar;C:/Project/github/javavscode/netbeans/nbbuild/netbeans/ide/modules/org-netbeans-modules-editor-fold-nbui.jar;C:/Project/github/javavscode/netbeans/nbbuild/netbeans/ide/modules/org-netbeans-modules-editor-settings-lib.jar;C:/Project/github/javavscode/netbeans/nbbuild/netbeans/ide/modules/org-netbeans-modules-editor-document.jar;C:/Project/github/javavscode/netbeans/nbbuild/netbeans/platform/core/org-netbeans-libs-asm.jar;C:/Project/github/javavscode/netbeans/nbbuild/netbeans/platform/modules/org-openide-text.jar;C:/Project/github/javavscode/netbeans/nbbuild/netbeans/java/modules/org-netbeans-api-java.jar;C:/Project/github/javavscode/netbeans/nbbuild/netbeans/ide/modules/org-netbeans-modules-xml-catalog.jar;C:/Project/github/javavscode/netbeans/nbbuild/netbeans/platform/modules/org-netbeans-modules-options-api.jar;C:/Project/github/javavscode/netbeans/nbbuild/netbeans/platform/lib/org-openide-modules.jar;C:/Project/github/javavscode/netbeans/nbbuild/netbeans/ide/modules/org-netbeans-modules-editor-guards.jar;C:/Project/github/javavscode/netbeans/nbbuild/netbeans/platform/modules/org-openide-filesystems-nb.jar;C:/Project/github/javavscode/netbeans/nbbuild/netbeans/ide/modules/org-netbeans-spi-tasklist.jar;C:/Project/github/javavscode/netbeans/nbbuild/netbeans/platform/modules/org-netbeans-modules-keyring.jar;C:/Project/github/javavscode/netbeans/nbbuild/netbeans/platform/modules/org-netbeans-modules-options-keymap.jar;C:/Project/github/javavscode/netbeans/nbbuild/netbeans/java/modules/org-netbeans-lib-nbjavac.jar;C:/Project/github/javavscode/netbeans/nbbuild/netbeans/ide/modules/org-netbeans-modules-project-indexingbridge.jar;C:/Project/github/javavscode/netbeans/nbbuild/netbeans/ide/modules/org-netbeans-modules-diff.jar;C:/Project/github/javavscode/netbeans/nbbuild/netbeans/platform/modules/org-netbeans-api-templates.jar;C:/Project/github/javavscode/netbeans/nbbuild/netbeans/ide/modules/org-netbeans-modules-project-spi-intern.jar;C:/Project/github/javavscode/netbeans/nbbuild/netbeans/platform/modules/org-netbeans-modules-queries.jar;C:/Project/github/javavscode/netbeans/nbbuild/netbeans/ide/modules/org-netbeans-api-java-classpath.jar;C:/Project/github/javavscode/netbeans/nbbuild/netbeans/ide/modules/org-netbeans-modules-lexer.jar;C:/Project/github/javavscode/netbeans/nbbuild/netbeans/platform/lib/org-openide-util-lookup.jar;C:/Project/github/javavscode/netbeans/nbbuild/netbeans/ide/modules/org-netbeans-modules-project-ant.jar;C:/Project/github/javavscode/netbeans/nbbuild/netbeans/java/modules/org-netbeans-modules-java-platform.jar;C:/Project/github/javavscode/netbeans/nbbuild/netbeans/platform/modules/org-netbeans-modules-editor-mimelookup.jar;C:/Project/github/javavscode/netbeans/nbbuild/netbeans/java/modules/org-netbeans-modules-java-lexer.jar;C:/Project/github/javavscode/netbeans/nbbuild/netbeans/platform/modules/org-netbeans-api-annotations-common.jar;C:/Project/github/javavscode/netbeans/nbbuild/netbeans/platform/modules/org-netbeans-core.jar;C:/Project/github/javavscode/netbeans/nbbuild/netbeans/ide/modules/org-netbeans-modules-refactoring-api.jar;C:/Project/github/javavscode/netbeans/nbbuild/netbeans/ide/modules/org-netbeans-modules-editor-util.jar;C:/Project/github/javavscode/netbeans/nbbuild/netbeans/java/modules/org-netbeans-modules-classfile.jar;C:/Project/github/javavscode/netbeans/nbbuild/netbeans/platform/lib/org-openide-util.jar;C:/Project/github/javavscode/netbeans/nbbuild/netbeans/platform/modules/org-netbeans-spi-quicksearch.jar;C:/Project/github/javavscode/netbeans/nbbuild/netbeans/ide/modules/org-netbeans-modules-parsing-indexing.jar;C:/Project/github/javavscode/netbeans/nbbuild/netbeans/platform/modules/org-openide-windows.jar;C:/Project/github/javavscode/netbeans/nbbuild/netbeans/ide/modules/org-netbeans-modules-editor-errorstripe-api.jar;C:/Project/github/javavscode/netbeans/nbbuild/netbeans/java/modules/org-netbeans-modules-java-project.jar;C:/Project/github/javavscode/netbeans/nbbuild/netbeans/platform/modules/org-netbeans-modules-masterfs.jar;C:/Project/github/javavscode/netbeans/nbbuild/netbeans/ide/modules/org-netbeans-libs-lucene.jar;C:/Project/github/javavscode/netbeans/nbbuild/netbeans/ide/modules/org-netbeans-modules-editor-indent.jar;C:/Project/github/javavscode/netbeans/nbbuild/netbeans/platform/modules/org-openide-explorer.jar;C:/Project/github/javavscode/netbeans/nbbuild/netbeans/java/modules/org-netbeans-modules-java-preprocessorbridge.jar;C:/Project/github/javavscode/netbeans/nbbuild/netbeans/platform/modules/org-netbeans-modules-sampler.jar;C:/Project/github/javavscode/netbeans/nbbuild/netbeans/java/modules/org-netbeans-api-debugger-jpda.jar;C:/Project/github/javavscode/netbeans/nbbuild/netbeans/ide/modules/org-netbeans-modules-editor-lib.jar;C:/Project/github/javavscode/netbeans/nbbuild/netbeans/ide/modules/org-netbeans-modules-project-libraries.jar;C:/Project/github/javavscode/netbeans/nbbuild/netbeans/platform/modules/org-openide-dialogs.jar;C:/Project/github/javavscode/netbeans/nbbuild/netbeans/ide/modules/org-netbeans-modules-projectapi.jar;C:/Project/github/javavscode/netbeans/nbbuild/netbeans/platform/core/org-openide-filesystems.jar;C:/Project/github/javavscode/netbeans/nbbuild/netbeans/ide/modules/org-netbeans-modules-editor-errorstripe.jar;C:/Project/github/javavscode/netbeans/nbbuild/netbeans/platform/modules/org-openide-awt.jar;C:/Project/github/javavscode/netbeans/nbbuild/netbeans/platform/modules/org-netbeans-api-scripting.jar;C:/Project/github/javavscode/netbeans/nbbuild/netbeans/platform/modules/org-netbeans-swing-tabcontrol.jar;C:/Project/github/javavscode/netbeans/nbbuild/netbeans/java/modules/org-netbeans-modules-debugger-jpda-projects.jar;C:/Project/github/javavscode/netbeans/nbbuild/netbeans/platform/modules/org-openide-actions.jar;C:/Project/github/javavscode/netbeans/nbbuild/netbeans/ide/modules/org-netbeans-modules-parsing-lucene.jar;C:/Project/github/javavscode/netbeans/nbbuild/netbeans/java/modules/org-netbeans-modules-java-source-base.jar;C:/Project/github/javavscode/netbeans/nbbuild/netbeans/ide/modules/org-netbeans-modules-editor-settings.jar;C:/Project/github/javavscode/netbeans/nbbuild/netbeans/platform/modules/org-netbeans-api-io.jar;C:/Project/github/javavscode/netbeans/nbbuild/netbeans/ide/modules/org-netbeans-modules-editor.jar;C:/Project/github/javavscode/netbeans/nbbuild/netbeans/platform/modules/org-openide-loaders.jar;C:/Project/github/javavscode/netbeans/nbbuild/netbeans/platform/modules/org-netbeans-api-intent.jar;C:/Project/github/javavscode/netbeans/nbbuild/netbeans/ide/modules/org-netbeans-api-lsp.jar;C:/Project/github/javavscode/netbeans/nbbuild/netbeans/platform/modules/org-openide-nodes.jar;C:/Project/github/javavscode/netbeans/nbbuild/netbeans/ide/modules/org-netbeans-modules-editor-lib2.jar;C:/Project/github/javavscode/netbeans/nbbuild/netbeans/platform/modules/org-netbeans-swing-outline.jar;C:/Project/github/javavscode/netbeans/nbbuild/netbeans/platform/core/core-base.jar;C:/Project/github/javavscode/netbeans/nbbuild/netbeans/platform/modules/org-netbeans-api-progress-nb.jar;C:/Project/github/javavscode/netbeans/nbbuild/netbeans/ide/modules/org-netbeans-api-debugger.jar;C:/Project/github/javavscode/netbeans/nbbuild/netbeans/ide/modules/org-netbeans-modules-parsing-api.jar;C:/Project/github/javavscode/netbeans/nbbuild/netbeans/ide/modules/org-netbeans-modules-editor-actions.jar;C:/Project/github/javavscode/netbeans/nbbuild/netbeans/platform/modules/org-netbeans-modules-editor-mimelookup-impl.jar;C:/Project/github/javavscode/netbeans/nbbuild/netbeans/ide/modules/org-netbeans-modules-editor-tools-storage.jar;C:/Project/github/javavscode/netbeans/nbbuild/netbeans/ide/modules/org-netbeans-modules-extexecution-process.jar;C:/Project/github/javavscode/netbeans/nbbuild/netbeans/platform/modules/org-netbeans-libs-jna.jar;C:/Project/github/javavscode/netbeans/nbbuild/netbeans/ide/modules/org-netbeans-modules-extexecution-base.jar;C:/Project/github/javavscode/netbeans/nbbuild/netbeans/ide/modules/org-netbeans-modules-extexecution-process-jdk9.jar;C:/Project/github/javavscode/netbeans/nbbuild/netbeans/java/modules/org-netbeans-modules-java-hints-declarative.jar;C:/Project/github/javavscode/netbeans/nbbuild/netbeans/java/modules/org-netbeans-modules-java-j2seplatform.jar;C:/Project/github/javavscode/netbeans/nbbuild/netbeans/extide/modules/org-netbeans-modules-options-java.jar;C:/Project/github/javavscode/netbeans/nbbuild/netbeans/platform/modules/org-netbeans-modules-autoupdate-services.jar;C:/Project/github/javavscode/netbeans/nbbuild/netbeans/ide/modules/org-netbeans-modules-extexecution.jar;C:/Project/github/javavscode/netbeans/nbbuild/netbeans/ide/modules/org-netbeans-modules-project-ant-ui.jar;C:/Project/github/javavscode/netbeans/nbbuild/netbeans/java/modules/org-netbeans-modules-java-platform-ui.jar;C:/Project/github/javavscode/netbeans/nbbuild/netbeans/platform/modules/org-netbeans-api-search.jar;C:/Project/github/javavscode/netbeans/nbbuild/netbeans/java/modules/org-netbeans-modules-java-openjdk-project.jar;C:/Project/github/javavscode/netbeans/nbbuild/netbeans/ide/modules/org-netbeans-spi-navigator.jar;C:/Project/github/javavscode/netbeans/nbbuild/netbeans/java/modules/org-netbeans-spi-java-hints.jar;C:/Project/github/javavscode/netbeans/nbbuild/netbeans/ide/modules/org-netbeans-api-xml-ui.jar;C:/Project/github/javavscode/netbeans/nbbuild/netbeans/platform/modules/org-openide-execution.jar;C:/Project/github/javavscode/netbeans/nbbuild/netbeans/java/modules/org-netbeans-modules-java-sourceui.jar;C:/Project/github/javavscode/netbeans/nbbuild/netbeans/ide/modules/org-netbeans-modules-projectuiapi.jar;C:/Project/github/javavscode/netbeans/nbbuild/netbeans/ide/modules/org-netbeans-modules-project-libraries-ui.jar;C:/Project/github/javavscode/netbeans/nbbuild/netbeans/ide/modules/org-netbeans-modules-gsf-testrunner-ui.jar;C:/Project/github/javavscode/netbeans/nbbuild/netbeans/java/modules/org-netbeans-modules-java-source.jar;C:/Project/github/javavscode/netbeans/nbbuild/netbeans/java/modules/org-netbeans-modules-java-testrunner-ui.jar;C:/Project/github/javavscode/netbeans/nbbuild/netbeans/java/modules/org-netbeans-modules-java-testrunner.jar;C:/Project/github/javavscode/netbeans/nbbuild/netbeans/ide/modules/org-netbeans-modules-jumpto.jar;C:/Project/github/javavscode/netbeans/nbbuild/netbeans/extide/modules/org-apache-tools-ant-module.jar;C:/Project/github/javavscode/netbeans/nbbuild/netbeans/ide/modules/org-netbeans-modules-editor-indent-project.jar;C:/Project/github/javavscode/netbeans/nbbuild/netbeans/ide/modules/org-netbeans-spi-editor-hints.jar;C:/Project/github/javavscode/netbeans/nbbuild/netbeans/platform/modules/org-netbeans-core-multiview.jar;C:/Project/github/javavscode/netbeans/nbbuild/netbeans/ide/modules/org-netbeans-modules-code-analysis.jar;C:/Project/github/javavscode/netbeans/nbbuild/netbeans/platform/modules/org-netbeans-modules-settings.jar;C:/Project/github/javavscode/netbeans/nbbuild/netbeans/java/modules/org-netbeans-modules-java-project-ui.jar;C:/Project/github/javavscode/netbeans/nbbuild/netbeans/ide/modules/org-netbeans-modules-editor-indent-support.jar;C:/Project/github/javavscode/netbeans/nbbuild/netbeans/ide/modules/org-netbeans-modules-gsf-testrunner.jar;C:/Project/github/javavscode/netbeans/nbbuild/netbeans/platform/modules/org-netbeans-core-ui.jar;C:/Project/github/javavscode/netbeans/nbbuild/build/testdist/unit/java/org-netbeans-modules-java-source-base/tests.jar;C:/Project/github/javavscode/netbeans/nbbuild/netbeans/ide/modules/org-netbeans-modules-lexer-nbbridge.jar;C:/Project/github/javavscode/netbeans/nbbuild/netbeans/ide/modules/org-netbeans-modules-project-dependency.jar;C:/Project/github/javavscode/netbeans/nbbuild/netbeans/java/modules/org-netbeans-modules-maven.jar;C:/Project/github/javavscode/netbeans/nbbuild/netbeans/ide/modules/org-netbeans-modules-web-common.jar;C:/Project/github/javavscode/netbeans/nbbuild/netbeans/platform/modules/org-apache-commons-logging.jar;C:/Project/github/javavscode/netbeans/nbbuild/netbeans/platform/modules/org-apache-commons-codec.jar;C:/Project/github/javavscode/netbeans/nbbuild/netbeans/ide/modules/org-netbeans-modules-xml-xam.jar;C:/Project/github/javavscode/netbeans/nbbuild/netbeans/ide/modules/org-netbeans-libs-antlr3-runtime.jar;C:/Project/github/javavscode/netbeans/nbbuild/netbeans/platform/modules/org-netbeans-modules-favorites.jar;C:/Project/github/javavscode/netbeans/nbbuild/netbeans/java/modules/org-netbeans-modules-maven-indexer-ui.jar;C:/Project/github/javavscode/netbeans/nbbuild/netbeans/platform/modules/org-netbeans-core-execution.jar;C:/Project/github/javavscode/netbeans/nbbuild/netbeans/ide/modules/org-netbeans-modules-swing-validation.jar;C:/Project/github/javavscode/netbeans/nbbuild/netbeans/platform/modules/org-netbeans-modules-sendopts.jar;C:/Project/github/javavscode/netbeans/nbbuild/netbeans/ide/modules/org-netbeans-modules-projectui.jar;C:/Project/github/javavscode/netbeans/nbbuild/netbeans/java/modules/org-netbeans-modules-java-api-common.jar;C:/Project/github/javavscode/netbeans/nbbuild/netbeans/java/modules/org-netbeans-modules-maven-embedder.jar;C:/Project/github/javavscode/netbeans/nbbuild/netbeans/java/modules/org-netbeans-modules-maven-model.jar;C:/Project/github/javavscode/netbeans/nbbuild/netbeans/ide/modules/org-netbeans-libs-json_simple.jar;C:/Project/github/javavscode/netbeans/nbbuild/netbeans/java/modules/org-netbeans-modules-maven-indexer.jar;C:/Project/github/javavscode/netbeans/nbbuild/netbeans/harness/modules/org-netbeans-insane.jar;C:/Project/github/javavscode/netbeans/nbbuild/netbeans/harness/modules/org-netbeans-modules-nbjunit.jar;C:/Project/github/javavscode/netbeans/nbbuild/netbeans/ide/modules/org-netbeans-modules-parsing-nb.jar;C:/Project/github/javavscode/netbeans/nbbuild/netbeans/ide/modules/org-netbeans-modules-projectapi-nb.jar;C:/Project/github/javavscode/netbeans/nbbuild/netbeans/ide/modules/org-netbeans-spi-editor-hints-projects.jar;C:/Project/github/javavscode/netbeans/nbbuild/build/testdist/unit/platform/org-openide-util-lookup/tests.jar;C:/Project/github/javavscode/netbeans/nbbuild/netbeans/extide/modules/org-netbeans-modules-gradle.jar;C:/Project/github/javavscode/netbeans/nbbuild/netbeans/ide/modules/slf4j-api.jar;C:/Project/github/javavscode/netbeans/nbbuild/netbeans/ide/modules/slf4j-jdk14.jar;C:/Project/github/javavscode/netbeans/nbbuild/netbeans/extide/modules/org-netbeans-modules-libs-gradle.jar;C:/Project/github/javavscode/netbeans/nbbuild/netbeans/java/modules/org-netbeans-modules-gradle-java.jar;C:/Project/github/javavscode/netbeans/nbbuild/build/testdist/unit/platform/org-openide-modules/tests.jar" />
    <property name="nb.cluster.php" value="hudson.php,languages.neon,libs.javacup,php.api.annotation,php.api.documentation,php.api.editor,php.api.executable,php.api.framework,php.api.phpmodule,php.api.templates,php.api.testing,php.apigen,php.atoum,php.code.analysis,php.codeception,php.composer,php.dbgp,php.doctrine2,php.editor,php.kit,php.latte,php.nette.tester,php.nette2,php.phing,php.phpdoc,php.phpunit,php.project,php.refactoring,php.samples,php.smarty,php.symfony,php.symfony2,php.twig,php.zend,php.zend2,selenium2.php,spellchecker.bindings.php,websvc.saas.codegen.php" />
    <property name="ide/o.eclipse.core.runtime.dir" value="C:\Project\github\javavscode\netbeans\nbbuild\netbeans/ide" />
    <property name="harness/jellytools.platform.dir" value="C:\Project\github\javavscode\netbeans\nbbuild\netbeans/harness" />
    <property name="enterprise/cloud.common.dir" value="C:\Project\github\javavscode\netbeans\nbbuild\netbeans/enterprise" />
    <property name="nb.cluster.nb.dir" value="nb" />
    <property name="enterprise/j2ee.kit.dir" value="C:\Project\github\javavscode\netbeans\nbbuild\netbeans/enterprise" />
    <property name="nb/ide.branding.dir" value="C:\Project\github\javavscode\netbeans\nbbuild\netbeans/nb" />
    <property name="web.javascript.debugger.dir" value="C:\Project\github\javavscode\netbeans\nbbuild\netbeans/webcommon" />
    <property name="java/websvc.jaxws21.dir" value="C:\Project\github\javavscode\netbeans\nbbuild\netbeans/java" />
    <property name="java/projectimport.eclipse.j2se.dir" value="C:\Project\github\javavscode\netbeans\nbbuild\netbeans/java" />
    <property name="webcommon/javascript2.editor.dir" value="C:\Project\github\javavscode\netbeans\nbbuild\netbeans/webcommon" />
    <property name="java/debugger.jpda.truffle.dir" value="C:\Project\github\javavscode\netbeans\nbbuild\netbeans/java" />
    <property name="editor.breadcrumbs.dir" value="C:\Project\github\javavscode\netbeans\nbbuild\netbeans/ide" />
    <property name="spi.viewmodel.dir" value="C:\Project\github\javavscode\netbeans\nbbuild\netbeans/ide" />
    <property name="php.code.analysis.dir" value="C:\Project\github\javavscode\netbeans\nbbuild\netbeans/php" />
    <property name="enterprise/web.struts.dir" value="C:\Project\github\javavscode\netbeans\nbbuild\netbeans/enterprise" />
    <property name="ide/project.ant.compat8.dir" value="C:\Project\github\javavscode\netbeans\nbbuild\netbeans/ide" />
    <property name="platform/o.n.core.dir" value="C:\Project\github\javavscode\netbeans\nbbuild\netbeans/platform" />
    <property name="hudson.subversion.dir" value="C:\Project\github\javavscode\netbeans\nbbuild\netbeans/ide" />
    <property name="extra/libs.javafx.linux.dir" value="C:\Project\github\javavscode\netbeans\nbbuild\netbeans/extra" />
    <property name="javascript2.extjs.dir" value="C:\Project\github\javavscode\netbeans\nbbuild\netbeans/webcommon" />
    <property name="db.kit.dir" value="C:\Project\github\javavscode\netbeans\nbbuild\netbeans/ide" />
    <property name="xml.xdm.dir" value="C:\Project\github\javavscode\netbeans\nbbuild\netbeans/ide" />
    <property name="java/java.source.base.dir" value="C:\Project\github\javavscode\netbeans\nbbuild\netbeans/java" />
    <property name="editor.deprecated.pre65formatting.dir" value="C:\Project\github\javavscode\netbeans\nbbuild\netbeans/ide" />
    <property name="libs.javafx.linux.aarch64.dir" value="C:\Project\github\javavscode\netbeans\nbbuild\netbeans/extra" />
    <property name="platform/openide.filesystems.compat8.dir" value="C:\Project\github\javavscode\netbeans\nbbuild\netbeans/platform" />
    <property name="nb.cluster.identity" value="identity.ant,identity.kit,identity.profile.api,identity.profile.ui,identity.samples,identity.server.manager" />
    <property name="user.name" value="ARSAPRE" />
    <property name="gradle.persistence.dir" value="C:\Project\github\javavscode\netbeans\nbbuild\netbeans/java" />
    <property name="nbm.module.author" value="" />
    <property name="api.java.classpath.dir" value="C:\Project\github\javavscode\netbeans\nbbuild\netbeans/ide" />
    <property name="ide/projectuiapi.base.dir" value="C:\Project\github\javavscode\netbeans\nbbuild\netbeans/ide" />
    <property name="nb.cluster.team.depends" value="nb.cluster.harness,nb.cluster.platform,nb.cluster.ide" />
    <property name="ide/dbapi.dir" value="C:\Project\github\javavscode\netbeans\nbbuild\netbeans/ide" />
    <property name="locjar.brands" value="" />
    <property name="java.platform.dir" value="C:\Project\github\javavscode\netbeans\nbbuild\netbeans/java" />
    <property name="ide/hudson.ui.dir" value="C:\Project\github\javavscode\netbeans\nbbuild\netbeans/ide" />
    <property name="java/debugger.jpda.visual.dir" value="C:\Project\github\javavscode\netbeans\nbbuild\netbeans/java" />
    <property name="java/java.lsp.server.dir" value="C:\Project\github\javavscode\netbeans\nbbuild\netbeans/java" />
    <property name="java/java.nativeimage.debugger.dir" value="C:\Project\github\javavscode\netbeans\nbbuild\netbeans/java" />
    <property name="php/php.phing.dir" value="C:\Project\github\javavscode\netbeans\nbbuild\netbeans/php" />
    <property name="ide/jumpto.dir" value="C:\Project\github\javavscode\netbeans\nbbuild\netbeans/ide" />
    <property name="editor.indent.project.dir" value="C:\Project\github\javavscode\netbeans\nbbuild\netbeans/ide" />
    <property name="ide/libs.antlr4.runtime.dir" value="C:\Project\github\javavscode\netbeans\nbbuild\netbeans/ide" />
    <property name="ant.debugger.dir" value="C:\Project\github\javavscode\netbeans\nbbuild\netbeans/java" />
    <property name="core.multitabs.dir" value="C:\Project\github\javavscode\netbeans\nbbuild\netbeans/platform" />
    <property name="nb.cluster.ide.depends" value="nb.cluster.platform,nb.cluster.harness" />
    <property name="nb.cluster.cnd" value="cnd,cnd.analysis.api,cnd.analysis.impl,cnd.antlr,cnd.api.model,cnd.api.project,cnd.api.remote,cnd.api.remote.ui,cnd.apt,cnd.asm,cnd.callgraph,cnd.classview,cnd.cncppunit,cnd.completion,cnd.debugger.common2,cnd.debugger.dbx,cnd.debugger.gdb2,cnd.discovery,cnd.dwarfdiscovery,cnd.dwarfdump,cnd.editor,cnd.gotodeclaration,cnd.highlight,cnd.indexing,cnd.kit,cnd.lexer,cnd.makeproject,cnd.makeproject.source.bridge,cnd.makeproject.ui,cnd.model.jclank.bridge,cnd.model.services,cnd.modeldiscovery,cnd.modelimpl,cnd.modelui,cnd.modelutil,cnd.navigation,cnd.qnavigator,cnd.refactoring,cnd.remote,cnd.remote.projectui,cnd.remote.ui,cnd.repository,cnd.repository.api,cnd.script,cnd.search,cnd.simpleunit,cnd.source,cnd.spellchecker.bindings,cnd.testrunner,cnd.toolchain,cnd.toolchain.ui,cnd.ui,cnd.utils,cnd.utils.ui,jellytools.cnd,libs.clank,libs.dbx.support" />
    <property name="editor.tools.storage.dir" value="C:\Project\github\javavscode\netbeans\nbbuild\netbeans/ide" />
    <property name="ant.version" value="Apache Ant(TM) version 1.10.14 compiled on August 16 2023" />
    <property name="javafx2.platform.dir" value="C:\Project\github\javavscode\netbeans\nbbuild\netbeans/javafx" />
    <property name="j2ee.ejbrefactoring.dir" value="C:\Project\github\javavscode\netbeans\nbbuild\netbeans/enterprise" />
    <property name="profiler.kit.dir" value="C:\Project\github\javavscode\netbeans\nbbuild\netbeans/profiler" />
    <property name="bcpkix.dir" value="C:\Project\github\javavscode\netbeans\nbbuild\netbeans/ide" />
    <property name="uihandler.dir" value="C:\Project\github\javavscode\netbeans\nbbuild\netbeans/platform" />
    <property name="build.test.unit.work.dir" value="C:\Project\github\javavscode\netbeans\java\java.lsp.server\build\test\unit\work" />
    <property name="ide/spellchecker.bindings.properties.dir" value="C:\Project\github\javavscode\netbeans\nbbuild\netbeans/ide" />
    <property name="websvc.design.dir" value="C:\Project\github\javavscode\netbeans\nbbuild\netbeans/enterprise" />
    <property name="applemenu.dir" value="C:\Project\github\javavscode\netbeans\nbbuild\netbeans/platform" />
    <property name="test.unit.cp.extra" value="" />
    <property name="tasks-already-set" value="true" />
    <property name="module.jar" value="modules/org-netbeans-modules-java-lsp-server.jar" />
    <property name="hudson.ProgramData" value="C:\ProgramData" />
    <property name="web.jsf.richfaces.dir" value="C:\Project\github\javavscode\netbeans\nbbuild\netbeans/enterprise" />
    <property name="debugger.jpda.projectsui.dir" value="C:\Project\github\javavscode\netbeans\nbbuild\netbeans/java" />
    <property name="settings.dir" value="C:\Project\github\javavscode\netbeans\nbbuild\netbeans/platform" />
    <property name="harness/nbjunit.dir" value="C:\Project\github\javavscode\netbeans\nbbuild\netbeans/harness" />
    <property name="java.vm.vendor" value="Oracle Corporation" />
    <property name="nb/updatecenters.dir" value="C:\Project\github\javavscode\netbeans\nbbuild\netbeans/nb" />
    <property name="payara.common.dir" value="C:\Project\github\javavscode\netbeans\nbbuild\netbeans/enterprise" />
    <property name="webcommon/javascript2.react.dir" value="C:\Project\github\javavscode\netbeans\nbbuild\netbeans/webcommon" />
    <property name="junit.ui.dir" value="C:\Project\github\javavscode\netbeans\nbbuild\netbeans/java" />
    <property name="ide/hudson.dir" value="C:\Project\github\javavscode\netbeans\nbbuild\netbeans/ide" />
    <property name="selenium2.php.dir" value="C:\Project\github\javavscode\netbeans\nbbuild\netbeans/php" />
    <property name="maven.refactoring.dir" value="C:\Project\github\javavscode\netbeans\nbbuild\netbeans/java" />
    <property name="java/j2ee.eclipselinkmodelgen.dir" value="C:\Project\github\javavscode\netbeans\nbbuild\netbeans/java" />
    <property name="tools.jar" value="C:\Project\JDK\jdk-17\lib\tools.jar" />
    <property name="user.language" value="en" />
    <property name="nb.cluster.cpplite.dir" value="cpplite" />
    <property name="enterprise/websvc.websvcapi.dir" value="C:\Project\github\javavscode\netbeans\nbbuild\netbeans/enterprise" />
    <property name="release.external/org.eclipse.lsp4j.generator-0.13.0.jar" value="modules/ext/org.eclipse.lsp4j.generator-0.13.0.jar" />
    <property name="html.custom.dir" value="C:\Project\github\javavscode\netbeans\nbbuild\netbeans/ide" />
    <property name="ide/projectapi.nb.dir" value="C:\Project\github\javavscode\netbeans\nbbuild\netbeans/ide" />
    <property name="java/junit.dir" value="C:\Project\github\javavscode\netbeans\nbbuild\netbeans/java" />
    <property name="ant.java.version" value="17" />
    <property name="editor.autosave.dir" value="C:\Project\github\javavscode\netbeans\nbbuild\netbeans/ide" />
    <property name="api.progress.compat8.dir" value="C:\Project\github\javavscode\netbeans\nbbuild\netbeans/platform" />
    <property name="webcommon/javascript2.knockout.dir" value="C:\Project\github\javavscode\netbeans\nbbuild\netbeans/webcommon" />
    <property name="ide/parsing.ui.dir" value="C:\Project\github\javavscode\netbeans\nbbuild\netbeans/ide" />
    <property name="javascript.v8debug.dir" value="C:\Project\github\javavscode\netbeans\nbbuild\netbeans/webcommon" />
    <property name="java.project.ui.dir" value="C:\Project\github\javavscode\netbeans\nbbuild\netbeans/java" />
    <property name="platform/core.network.dir" value="C:\Project\github\javavscode\netbeans\nbbuild\netbeans/platform" />
    <property name="hudson.PROCESSOR_REVISION" value="8c01" />
    <property name="release.external/org.eclipse.lsp4j.debug-0.13.0.jar" value="modules/ext/org.eclipse.lsp4j.debug-0.13.0.jar" />
    <property name="ide/editor.codetemplates.dir" value="C:\Project\github\javavscode\netbeans\nbbuild\netbeans/ide" />
    <property name="build.test.unit.classes.dir" value="C:\Project\github\javavscode\netbeans\java\java.lsp.server\build\test\unit\classes" />
    <property name="servletapi.dir" value="C:\Project\github\javavscode\netbeans\nbbuild\netbeans/ide" />
    <property name="ide/languages.dir" value="C:\Project\github\javavscode\netbeans\nbbuild\netbeans/ide" />
    <property name="java/maven.indexer.dir" value="C:\Project\github\javavscode\netbeans\nbbuild\netbeans/java" />
    <property name="ant.file.default" value="C:\Project\github\javavscode\netbeans\nbbuild\default.xml" />
    <property name="typescript.editor.dir" value="C:\Project\github\javavscode\netbeans\nbbuild\netbeans/webcommon" />
    <property name="maven.coverage.dir" value="C:\Project\github\javavscode\netbeans\nbbuild\netbeans/java" />
    <property name="nb.cluster.jira.depends" value="nb.cluster.harness,nb.cluster.platform,nb.cluster.ide" />
    <property name="enterprise/j2ee.ejbrefactoring.dir" value="C:\Project\github\javavscode\netbeans\nbbuild\netbeans/enterprise" />
    <property name="nbjunit.workdir" value="C:\Project\github\javavscode\netbeans\java\java.lsp.server\build\test\unit\work" />
    <property name="extide/o.apache.tools.ant.module.dir" value="C:\Project\github\javavscode\netbeans\nbbuild\netbeans/extide" />
    <property name="java/java.hints.test.dir" value="C:\Project\github\javavscode\netbeans\nbbuild\netbeans/java" />
    <property name="xml.jaxb.dir" value="C:\Project\github\javavscode\netbeans\nbbuild\netbeans/java" />
    <property name="platform/progress.ui.dir" value="C:\Project\github\javavscode\netbeans\nbbuild\netbeans/platform" />
    <property name="java/maven.junit.dir" value="C:\Project\github\javavscode\netbeans\nbbuild\netbeans/java" />
    <property name="hudson.DriverData" value="C:\Windows\System32\Drivers\DriverData" />
    <property name="ide/libs.commons_net.dir" value="C:\Project\github\javavscode\netbeans\nbbuild\netbeans/ide" />
    <property name="libs.c.kohlschutter.junixsocket.dir" value="C:\Project\github\javavscode\netbeans\nbbuild\netbeans/ide" />
    <property name="team.commons.dir" value="C:\Project\github\javavscode\netbeans\nbbuild\netbeans/ide" />
    <property name="javahelp.excludes" value="credits.html" />
    <property name="release.files.extra" value="modules/ext/org.eclipse.lsp4j.jsonrpc.debug-0.13.0.jar,modules/ext/org.eclipse.xtext.xbase.lib-2.24.0.jar,modules/ext/org.eclipse.lsp4j.debug-0.13.0.jar,modules/ext/org.eclipse.xtend.lib.macro-2.24.0.jar,modules/ext/org.eclipse.xtend.lib-2.24.0.jar,modules/ext/org.eclipse.lsp4j-0.13.0.jar,modules/ext/org.eclipse.lsp4j.jsonrpc-0.13.0.jar,modules/ext/org.eclipse.lsp4j.generator-0.13.0.jar" />
    <property name="java.vendor.url.bug" value="https://bugreport.java.com/bugreport/" />
    <property name="enterprise/web.jsf20.dir" value="C:\Project\github\javavscode\netbeans\nbbuild\netbeans/enterprise" />
    <property name="editor.mimelookup.dir" value="C:\Project\github\javavscode\netbeans\nbbuild\netbeans/platform" />
    <property name="editor.actions.dir" value="C:\Project\github\javavscode\netbeans\nbbuild\netbeans/ide" />
    <property name="jshell.support.dir" value="C:\Project\github\javavscode\netbeans\nbbuild\netbeans/java" />
    <property name="profiler/profiler.ppoints.dir" value="C:\Project\github\javavscode\netbeans\nbbuild\netbeans/profiler" />
    <property name="lib.profiler.common.dir" value="C:\Project\github\javavscode\netbeans\nbbuild\netbeans/profiler" />
    <property name="java.testrunner.ant.dir" value="C:\Project\github\javavscode\netbeans\nbbuild\netbeans/java" />
    <property name="web.jsf.dir" value="C:\Project\github\javavscode\netbeans\nbbuild\netbeans/enterprise" />
    <property name="java.vm.version" value="17+35-LTS-2724" />
    <property name="extide/options.java.dir" value="C:\Project\github\javavscode\netbeans\nbbuild\netbeans/extide" />
    <property name="websvccommon/websvc.jaxwsmodelapi.dir" value="C:\Project\github\javavscode\netbeans\nbbuild\netbeans/websvccommon" />
    <property name="bugtracking.dir" value="C:\Project\github\javavscode\netbeans\nbbuild\netbeans/ide" />
    <property name="nbjunit.hard.timeout" value="600000" />
    <property name="enterprise/javaee.specs.support.dir" value="C:\Project\github\javavscode\netbeans\nbbuild\netbeans/enterprise" />
    <property name="test.dist.dir" value="C:\Project\github\javavscode\netbeans\nbbuild\build\testdist" />
  </properties>
  <testcase classname="org.netbeans.modules.java.lsp.server.protocol.ServerTest" name="testDidOpenPreservesLines" time="8.318" />
  <testcase classname="org.netbeans.modules.java.lsp.server.protocol.ServerTest" name="testFixImports" time="23.971" />
  <testcase classname="org.netbeans.modules.java.lsp.server.protocol.ServerTest" name="testAdvancedCompletion1" time="9.378" />
  <testcase classname="org.netbeans.modules.java.lsp.server.protocol.ServerTest" name="testSurroundWith" time="3.668" />
  <testcase classname="org.netbeans.modules.java.lsp.server.protocol.ServerTest" name="testSourceActionOrganizeImports" time="1.064" />
  <testcase classname="org.netbeans.modules.java.lsp.server.protocol.ServerTest" name="testRenameDocumentChangesCapabilitiesRenameOp" time="5.648" />
  <testcase classname="org.netbeans.modules.java.lsp.server.protocol.ServerTest" name="testSimulateNewUnnamedFile" time="0.16" />
  <testcase classname="org.netbeans.modules.java.lsp.server.protocol.ServerTest" name="testCodeActionImplementAllAbstractMethodsInAnonymousClass" time="6.029" />
  <testcase classname="org.netbeans.modules.java.lsp.server.protocol.ServerTest" name="testCodeActionGetterSetter" time="0.89" />
  <testcase classname="org.netbeans.modules.java.lsp.server.protocol.ServerTest" name="testCodeActionGenerateConstructor" time="0.816" />
  <testcase classname="org.netbeans.modules.java.lsp.server.protocol.ServerTest" name="testPushDown" time="6.714" />
  <testcase classname="org.netbeans.modules.java.lsp.server.protocol.ServerTest" name="testSourceActionEqualsHashCode" time="6.423" />
  <testcase classname="org.netbeans.modules.java.lsp.server.protocol.ServerTest" name="testSemanticHighlighting" time="0.753" />
  <testcase classname="org.netbeans.modules.java.lsp.server.protocol.ServerTest" name="testSourceActionGetterSetter" time="1.076" />
  <testcase classname="org.netbeans.modules.java.lsp.server.protocol.ServerTest" name="testNoErrorAndHintsFor" time="4.305" />
  <testcase classname="org.netbeans.modules.java.lsp.server.protocol.ServerTest" name="testSourceActionToString" time="0.578" />
  <testcase classname="org.netbeans.modules.java.lsp.server.protocol.ServerTest" name="testHover" time="1.688" />
  <testcase classname="org.netbeans.modules.java.lsp.server.protocol.ServerTest" name="testGoToSuperImplementation" time="1.332" />
  <testcase classname="org.netbeans.modules.java.lsp.server.protocol.ServerTest" name="testMain" time="5.531" />
  <testcase classname="org.netbeans.modules.java.lsp.server.protocol.ServerTest" name="testCodeActionImplementAllAbstractMethodsInEnum" time="0.891" />
  <testcase classname="org.netbeans.modules.java.lsp.server.protocol.ServerTest" name="testSemanticHighlighting2" time="0.487" />
  <testcase classname="org.netbeans.modules.java.lsp.server.protocol.ServerTest" name="testGoToImplementations" time="22.183" />
  <testcase classname="org.netbeans.modules.java.lsp.server.protocol.ServerTest" name="testSourceActionLogger" time="8.764" />
  <testcase classname="org.netbeans.modules.java.lsp.server.protocol.ServerTest" name="testChangeMethodParameters" time="5.769" />
  <testcase classname="org.netbeans.modules.java.lsp.server.protocol.ServerTest" name="testMarkOccurrences" time="1.536" />
  <testcase classname="org.netbeans.modules.java.lsp.server.protocol.ServerTest" name="testSignatureHelp" time="0.638" />
  <testcase classname="org.netbeans.modules.java.lsp.server.protocol.ServerTest" name="testGoToTypeDefinition" time="11.554" />
  <testcase classname="org.netbeans.modules.java.lsp.server.protocol.ServerTest" name="testSourceActionDelegateMethod" time="9.204" />
  <testcase classname="org.netbeans.modules.java.lsp.server.protocol.ServerTest" name="testCodeActionWithRemoval" time="1.523" />
  <testcase classname="org.netbeans.modules.java.lsp.server.protocol.ServerTest" name="testCodeActionImplementAllAbstractMethodsInClass" time="0.845" />
  <testcase classname="org.netbeans.modules.java.lsp.server.protocol.ServerTest" name="testCodeActionGenerateVarFieldOrParam" time="1.67" />
  <testcase classname="org.netbeans.modules.java.lsp.server.protocol.ServerTest" name="testFindUsages" time="9.531" />
  <testcase classname="org.netbeans.modules.java.lsp.server.protocol.ServerTest" name="testCodeActionIntroduceVariable" time="8.243" />
  <testcase classname="org.netbeans.modules.java.lsp.server.protocol.ServerTest" name="testFormatDocument" time="3.358" />
  <testcase classname="org.netbeans.modules.java.lsp.server.protocol.ServerTest" name="testHintsPrefsFileAbsent" time="7.023" />
  <testcase classname="org.netbeans.modules.java.lsp.server.protocol.ServerTest" name="testDeclarativeHints" time="1.6" />
  <testcase classname="org.netbeans.modules.java.lsp.server.protocol.ServerTest" name="testCancelProgressHandle" time="2.431" />
  <testcase classname="org.netbeans.modules.java.lsp.server.protocol.ServerTest" name="testFileModificationDiags" time="6.398" />
  <testcase classname="org.netbeans.modules.java.lsp.server.protocol.ServerTest" name="testCodeActionIntroduceConstant" time="0.858" />
  <testcase classname="org.netbeans.modules.java.lsp.server.protocol.ServerTest" name="testDefaultLookupJustOnce" time="0.038" />
  <testcase classname="org.netbeans.modules.java.lsp.server.protocol.ServerTest" name="testDiagnosticsRemovedForDeletedFile" time="1.073" />
  <testcase classname="org.netbeans.modules.java.lsp.server.protocol.ServerTest" name="testCodeActionIntroduceField" time="0.843" />
  <testcase classname="org.netbeans.modules.java.lsp.server.protocol.ServerTest" name="testExtractInterface" time="4.245" />
  <testcase classname="org.netbeans.modules.java.lsp.server.protocol.ServerTest" name="testExtractSuperclass" time="32.66" />
  <testcase classname="org.netbeans.modules.java.lsp.server.protocol.ServerTest" name="testCodeActionIntroduceMethod" time="16.12" />
  <testcase classname="org.netbeans.modules.java.lsp.server.protocol.ServerTest" name="testCodeActionGenerateClass" time="1.718" />
  <testcase classname="org.netbeans.modules.java.lsp.server.protocol.ServerTest" name="testCodeActionGenerateMethod" time="0.966" />
  <testcase classname="org.netbeans.modules.java.lsp.server.protocol.ServerTest" name="testAutoImportOnCompletion" time="13.734" />
  <testcase classname="org.netbeans.modules.java.lsp.server.protocol.ServerTest" name="testRenameDocumentChangesCapabilitiesNoRenameOp" time="18.954" />
  <testcase classname="org.netbeans.modules.java.lsp.server.protocol.ServerTest" name="testWorkspaceSymbols" time="13.28" />
  <testcase classname="org.netbeans.modules.java.lsp.server.protocol.ServerTest" name="testAnnotationCompletion" time="5.494" />
  <testcase classname="org.netbeans.modules.java.lsp.server.protocol.ServerTest" name="testGoToDefinition" time="14.83" />
  <testcase classname="org.netbeans.modules.java.lsp.server.protocol.ServerTest" name="testNavigator" time="1.799" />
  <testcase classname="org.netbeans.modules.java.lsp.server.protocol.ServerTest" name="testSourceActionOverrideMethod" time="13.948" />
  <testcase classname="org.netbeans.modules.java.lsp.server.protocol.ServerTest" name="testFormatSelection" time="0.961" />
  <testcase classname="org.netbeans.modules.java.lsp.server.protocol.ServerTest" name="testPullUp" time="5.607" />
  <testcase classname="org.netbeans.modules.java.lsp.server.protocol.ServerTest" name="testOpenProjectOpenJDK" time="25.656" />
  <testcase classname="org.netbeans.modules.java.lsp.server.protocol.ServerTest" name="testMoveClass" time="22.427" />
  <testcase classname="org.netbeans.modules.java.lsp.server.protocol.ServerTest" name="testMoveMethod" time="26.049" />
  <testcase classname="org.netbeans.modules.java.lsp.server.protocol.ServerTest" name="testFindDebugAttachConfigurations" time="0.085">
    <failure message="expected:&lt;j[ava+]&gt; but was:&lt;j[dk]&gt;" type="junit.framework.ComparisonFailure">junit.framework.ComparisonFailure: expected:&lt;j[ava+]&gt; but was:&lt;j[dk]&gt;
	at org.netbeans.modules.java.lsp.server.protocol.ServerTest.checkAttachToPort(ServerTest.java:1222)
	at org.netbeans.modules.java.lsp.server.protocol.ServerTest.testFindDebugAttachConfigurations(ServerTest.java:1211)
	at java.base/jdk.internal.reflect.NativeMethodAccessorImpl.invoke0(Native Method)
	at java.base/jdk.internal.reflect.NativeMethodAccessorImpl.invoke(NativeMethodAccessorImpl.java:77)
	at java.base/jdk.internal.reflect.DelegatingMethodAccessorImpl.invoke(DelegatingMethodAccessorImpl.java:43)
	at org.netbeans.junit.NbTestCase.access$200(NbTestCase.java:79)
	at org.netbeans.junit.NbTestCase$2.doSomething(NbTestCase.java:484)
	at org.netbeans.junit.NbTestCase$1Guard.run(NbTestCase.java:405)
	at java.base/java.lang.Thread.run(Thread.java:833)
</failure>
  </testcase>
  <testcase classname="org.netbeans.modules.java.lsp.server.protocol.ServerTest" name="testSourceActionConstructor" time="28.695" />
  <testcase classname="org.netbeans.modules.java.lsp.server.protocol.ServerTest" name="testCodeFolding" time="0.56" />
  <system-out><![CDATA[]]></system-out>
  <system-err><![CDATA[Apr 09, 2024 7:02:01 PM org.netbeans.modules.masterfs.watcher.Watcher getNotifierForPlatform
INFO: Native file watcher is disabled
Apr 09, 2024 7:02:05 PM org.openide.filesystems.Ordering getOrder
WARNING: Not all children in / marked with the position attribute: [language.instance, Reformatter.instance, Reindenter.instance, SourcePathCheck.instance, AutoIndenter.instance, org-netbeans-modules-gsf-codecoverage-CoverageHighlightsLayerFactory.instance, org.netbeans.spi.editor.highlighting.HighlightsLayerFactory.instance, org-netbeans-modules-java-editor-semantic-HighlightsLayerFactoryImpl.instance, org-netbeans-modules-java-editor-semantic-SemanticHighlighterFactory.instance, org-netbeans-modules-java-editor-semantic-MarkOccurrencesHighlighterFactory.instance, org-netbeans-modules-java-editor-overridden-ComputeAnnotations$FactoryImpl.instance, EditorKit.instance, org-netbeans-modules-refactoring-java-ui-HighlightsLayerFactory.instance, org-netbeans-modules-java-hints-infrastructure-ErrorHintsFactory.instance, org-netbeans-modules-java-hints-introduce-IntroduceHint$HLFImpl.instance, org-netbeans-modules-java-hints-infrastructure-EmbeddedLazyHintComputation$FactoryImpl.instance, org-netbeans-modules-java-source-indexing-JavaCustomIndexer$Factory-register.instance, org-netbeans-modules-java-source-parsing-JavacParserFactory.instance, org-netbeans-modules-java-source-parsing-VanillaPartialReparser$VerifyPartialReparse$FactoryImpl.instance, org-netbeans-modules-java-hints-declarative-debugging-EvaluationSpanTask$FactoryImpl.instance, org-netbeans-modules-java-hints-spiimpl-JavaHintsPositionRefresher.instance, org-netbeans-modules-java-hints-spiimpl-hints-HintsTask$HintPositionRefresherHelper.instance, org-netbeans-modules-java-hints-spiimpl-hints-HintsTask$SuggestionsPositionRefresherHelper.instance, org-netbeans-modules-java-hints-spiimpl-options-HintsSettings$GlobalSettingsProvider.instance, org-netbeans-modules-editor-java-CamelCaseOperations$JavaCamelCaseInterceptor$JavaFactory.instance, org-netbeans-modules-editor-java-JavaKit$JavaTypedBreakInterceptor$JavaFactory.instance, org-netbeans-modules-java-editor-codegen-RemoveSurroundingCodePanel$UnwrapCodeHighlightsLayerFactory.instance, org-netbeans-modules-java-editor-whitelist-WhiteListCheckTask$Factory.instance, org-netbeans-modules-editor-java-JavaKit$JavaDeletedTextInterceptor$Factory.instance, org-netbeans-modules-editor-java-JavaKit$JavaTypedTextInterceptor$Factory.instance, org-netbeans-modules-java-editor-fold-ResourceStringFoldProvider.instance, org-netbeans-modules-java-editor-rename-InstantRenamePerformer$RenameDeletedTextInterceptor$Factory.instance, org-netbeans-modules-refactoring-java-callhierarchy-LspCallHierarchyProvider.instance, org-netbeans-modules-refactoring-java-plugins-InstantRefactoringPerformer$UndoableWrapper.instance, org-netbeans-modules-refactoring-java-plugins-InstantRefactoringPerformer$RenameDeletedTextInterceptor$Factory.instance, org-netbeans-modules-whitelist-index-WhiteListIndexerPlugin$Factory.instance, org-netbeans-modules-java-hints-infrastructure-ErrorPositionRefresherHelper.instance, org-netbeans-modules-java-hints-infrastructure-JavaErrorProvider.instance, org-netbeans-modules-java-hints-introduce-PositionRefresherHelperImpl.instance, org-netbeans-modules-diff-builtin-visualizer-editable-DiffHighlightsLayerFactory.instance, org-netbeans-modules-merge-builtin-visualizer-MergeHighlightsLayerFactory.instance, COSSynchronizingIndexer.instance, org-netbeans-modules-editor-impl-highlighting-HLFactory.instance, org-netbeans-lib-editor-hyperlink-HyperlinkOperation$HighlightFactoryImpl.instance, org-netbeans-modules-editor-url-HighlightURLs$FactoryImpl.instance, org-netbeans-modules-editor-lib2-highlighting-Factory.instance, org-netbeans-modules-jumpto-file-FileIndexer$Factory.instance, org-netbeans-modules-editor-hints-HighlightsLayerFactoryImpl.instance, org-netbeans-modules-csl-hints-GsfHintsFactory.instance, org-netbeans-modules-csl-hints-infrastructure-HintsTaskFactory.instance, org-netbeans-modules-csl-hints-infrastructure-SelectionHintsTaskFactory.instance, org-netbeans-modules-csl-hints-infrastructure-SuggestionsTaskFactory.instance, org-netbeans-modules-csl-navigation-ClassMemberNavigatorSourceFactory.instance, org-netbeans-modules-csl-editor-semantic-SemanticHighlighterFactory.instance, org-netbeans-modules-csl-editor-semantic-MarkOccurrencesHighlighterFactory.instance, org-netbeans-modules-csl-editor-fold-GsfFoldManagerTaskFactory.instance, org-netbeans-modules-csl-navigation-CaretListeningFactory.instance, org-netbeans-modules-csl-editor-overridden-ComputeAnnotations$FactoryImpl.instance, org-netbeans-lib-editor-codetemplates-textsync-TextRegionManager$Highlighting$HLFactory.instance, org-netbeans-modules-editor-bracesmatching-BracesMatchHighlighting$Factory.instance, org-netbeans-modules-editor-fold-ui-FoldingEditorSupport$F.instance, org-netbeans-modules-refactoring-spi-impl-UndoableWrapper.instance, org-netbeans-modules-java-source-indexing-JavaBinaryIndexer$Factory-register.instance, org-netbeans-modules-editor-impl-DocumentFactoryImpl.instance, org-netbeans-modules-gsf-testrunner-ui-TestMethodFinderImpl$Factory.instance, org-netbeans-modules-editor-hints-lsp-HintsDiagnosticsProvider.instance, org-netbeans-modules-java-lsp-server-protocol-Server$LSPServerTelemetryFactory-getDefault.instance, org-netbeans-modules-csl-navigation-BreadCrumbsTask$TaskFactoryImpl.instance, org-netbeans-modules-csl-core-CslCamelCaseInterceptor$Factory.instance, org-netbeans-modules-java-hints-infrastructure-EmbeddedHintsCollector$Factory.instance], but some are: [org-netbeans-modules-editor-java-JavaStructureProvider.instance, org-netbeans-modules-java-file-launcher-indexer-CompilerOptionsIndexer$FactoryImpl.instance]
Apr 09, 2024 7:02:05 PM org.netbeans.core.startup.NbEvents logged
INFO: Warning - could not install some modules:
	org.netbeans.api.htmlui - The module named net.java.html was needed and not found.
	org.netbeans.api.htmlui - The module named org.netbeans.html.xhr4j was needed and not found.
	org.netbeans.api.htmlui - The module named net.java.html.json was needed and not found.
	org.netbeans.api.htmlui - The module named net.java.html.boot was needed and not found.
	org.netbeans.api.htmlui - The module named org.netbeans.html.ko4j was needed and not found.
	org.netbeans.modules.xml.xam - No module providing the capability org.netbeans.modules.xml.xam.spi.ModelAccessProvider could be found.
	org.netbeans.modules.xml.xam - No module providing the capability org.netbeans.modules.xml.xam.spi.DocumentModelAccessProvider could be found.
	org.apache.commons.commons_io - The module named org.apache.commons.codec was needed and not found.
	org.apache.commons.commons_io - The module named org.apache.commons.logging was needed and not found.
	org.netbeans.modules.java.openjdk.project - The module named com.google.gson was needed and not found.
	org.netbeans.modules.debugger.jpda - No module providing the capability org.netbeans.spi.debugger.jpda.EditorContext could be found.
	org.netbeans.modules.debugger.jpda.ui - The module org.netbeans.modules.debugger.jpda would also need to be installed.
	org.netbeans.modules.debugger.jpda.ui - None of the modules providing the capability org.netbeans.api.debugger.jpda.JPDADebuggerEngineImpl could be installed.
	org.netbeans.modules.maven.embedder - The module named org.apache.commons.logging was needed and not found.
	org.netbeans.modules.maven.model - The module org.netbeans.modules.xml.xam would also need to be installed.
	org.netbeans.modules.maven.model - The module org.netbeans.modules.maven.embedder would also need to be installed.
	org.netbeans.modules.libs.gradle - The module named slf4j.jdk14 was needed and not found.
	org.netbeans.modules.libs.gradle - The module named slf4j.api was needed and not found.
	org.netbeans.modules.maven.indexer - The module named org.apache.commons.codec was needed and not found.
	org.netbeans.modules.maven.indexer - The module org.netbeans.modules.maven.embedder would also need to be installed.
	org.netbeans.modules.maven.indexer.ui - The module org.netbeans.modules.maven.indexer would also need to be installed.
	org.netbeans.modules.maven.indexer.ui - The module org.netbeans.modules.maven.embedder would also need to be installed.
	org.netbeans.core.windows - No module providing the capability org.netbeans.swing.tabcontrol.customtabs.TabbedComponentFactory could be found.
	org.netbeans.modules.maven - The module named org.apache.commons.codec was needed and not found.
	org.netbeans.modules.maven - The module org.netbeans.modules.maven.indexer.ui would also need to be installed.
	org.netbeans.modules.maven - The module org.netbeans.modules.maven.indexer would also need to be installed.
	org.netbeans.modules.maven - The module org.netbeans.modules.maven.model would also need to be installed.
	org.netbeans.modules.maven - The module org.netbeans.modules.xml.xam would also need to be installed.
	org.netbeans.modules.maven - The module org.netbeans.modules.maven.embedder would also need to be installed.
	org.netbeans.modules.debugger.jpda.truffle - The module org.netbeans.modules.debugger.jpda.ui would also need to be installed.
	org.netbeans.modules.debugger.jpda.truffle - The module org.netbeans.modules.debugger.jpda would also need to be installed.
	org.netbeans.modules.debugger.jpda.truffle - None of the modules providing the capability org.netbeans.api.debugger.jpda.JPDADebuggerEngineImpl could be installed.
	org.netbeans.modules.java.lsp.server - The module named com.google.guava was needed and not found.
	org.netbeans.modules.java.lsp.server - The module org.netbeans.modules.debugger.jpda.truffle would also need to be installed.
	org.netbeans.modules.java.lsp.server - The module org.netbeans.api.htmlui would also need to be installed.
	org.netbeans.modules.java.lsp.server - The module named net.java.html was needed and not found.
	org.netbeans.modules.java.lsp.server - The module named com.google.gson was needed and not found.
	org.netbeans.modules.java.lsp.server - The module org.apache.commons.commons_io would also need to be installed.
	org.netbeans.modules.java.lsp.server - The module named net.java.html.json was needed and not found.
	org.netbeans.modules.java.lsp.server - The module named net.java.html.boot was needed and not found.
	org.netbeans.modules.java.lsp.server - The module named org.netbeans.html.presenters.spi was needed and not found.
	org.netbeans.modules.java.lsp.server - The module named org.apache.commons.lang3 was needed and not found.
	org.netbeans.modules.gradle - The module org.netbeans.modules.libs.gradle would also need to be installed.
	org.netbeans.modules.gradle.java - The module org.netbeans.modules.gradle would also need to be installed.

Apr 09, 2024 7:02:05 PM org.netbeans.core.startup.NbEvents notify
WARNING: Warning - could not install some modules:
	HTML UI API - The module named net.java.html was needed and not found.
	HTML UI API - The module named org.netbeans.html.xhr4j was needed and not found.
	HTML UI API - The module named net.java.html.json was needed and not found.
	HTML UI API - The module named net.java.html.boot was needed and not found.
	HTML UI API - The module named org.netbeans.html.ko4j was needed and not found.
	Extensible Abstract Model (XAM) - No module providing the capability org.netbeans.modules.xml.xam.spi.ModelAccessProvider could be found.
	Extensible Abstract Model (XAM) - No module providing the capability org.netbeans.modules.xml.xam.spi.DocumentModelAccessProvider could be found.
	o.apache.commons.commons_io - The module named org.apache.commons.codec was needed and not found.
	o.apache.commons.commons_io - The module named org.apache.commons.logging was needed and not found.
	Project for OpenJDK - The module named com.google.gson was needed and not found.
	JPDA Debugger - No module providing the capability org.netbeans.spi.debugger.jpda.EditorContext could be found.
	JPDA Debugger UI - None of the modules providing the capability org.netbeans.api.debugger.jpda.JPDADebuggerEngineImpl could be installed.
	Maven Embedder - The module named org.apache.commons.logging was needed and not found.
	Gradle Tooling API - The module named slf4j.jdk14 was needed and not found.
	Gradle Tooling API - The module named slf4j.api was needed and not found.
	Maven Repository Indexing UI - The module named org.apache.commons.codec was needed and not found.
	Core - Windows - No module providing the capability org.netbeans.swing.tabcontrol.customtabs.TabbedComponentFactory could be found.
	Maven Projects - The module named org.apache.commons.codec was needed and not found.
	GraalVM Debugging Support - None of the modules providing the capability org.netbeans.api.debugger.jpda.JPDADebuggerEngineImpl could be installed.
	Java LSP Server - The module named com.google.guava was needed and not found.
	Java LSP Server - The module named net.java.html was needed and not found.
	Java LSP Server - The module named com.google.gson was needed and not found.
	Java LSP Server - The module named net.java.html.json was needed and not found.
	Java LSP Server - The module named net.java.html.boot was needed and not found.
	Java LSP Server - The module named org.netbeans.html.presenters.spi was needed and not found.
	Java LSP Server - The module named org.apache.commons.lang3 was needed and not found.
	9 further modules could not be installed due to the above problems.

Apr 09, 2024 7:02:06 PM org.netbeans.core.startup.NbEvents logged
WARNING: The module Editor loaded the class org.netbeans.modules.editor.EditorModule
from the wrong classloader. The expected classloader was org.netbeans.JarClassLoader@1d996462
whereas it was actually loaded from jdk.internal.loader.ClassLoaders$AppClassLoader@3834d63f
Usually this means that some classes were in the startup classpath.
To suppress this message, run with: -J-Dnetbeans.moduleitem.dontverifyclassloader=true
Apr 09, 2024 7:02:06 PM org.netbeans.core.startup.NbEvents logged
WARNING: The module Base Project UI API  loaded the class org.netbeans.modules.project.uiapi.ProjectUiapiModule
from the wrong classloader. The expected classloader was org.netbeans.JarClassLoader@1d996462
whereas it was actually loaded from jdk.internal.loader.ClassLoaders$AppClassLoader@3834d63f
Usually this means that some classes were in the startup classpath.
To suppress this message, run with: -J-Dnetbeans.moduleitem.dontverifyclassloader=true
Apr 09, 2024 7:02:06 PM org.netbeans.core.startup.NbEvents logged
WARNING: The module Java Source loaded the class org.netbeans.modules.java.source.JBrowseModule
from the wrong classloader. The expected classloader was org.netbeans.JarClassLoader@1d996462
whereas it was actually loaded from jdk.internal.loader.ClassLoaders$AppClassLoader@3834d63f
Usually this means that some classes were in the startup classpath.
To suppress this message, run with: -J-Dnetbeans.moduleitem.dontverifyclassloader=true
Apr 09, 2024 7:02:06 PM org.netbeans.core.startup.NbEvents logged
WARNING: The module Editor Hints loaded the class org.netbeans.modules.editor.hints.HintsModule
from the wrong classloader. The expected classloader was org.netbeans.JarClassLoader@1d996462
whereas it was actually loaded from jdk.internal.loader.ClassLoaders$AppClassLoader@3834d63f
Usually this means that some classes were in the startup classpath.
To suppress this message, run with: -J-Dnetbeans.moduleitem.dontverifyclassloader=true
Apr 09, 2024 7:02:06 PM org.netbeans.core.startup.NbEvents logged
WARNING: The module Debugger Core - UI loaded the class org.netbeans.modules.debugger.ui.DebuggerModule
from the wrong classloader. The expected classloader was org.netbeans.JarClassLoader@1d996462
whereas it was actually loaded from jdk.internal.loader.ClassLoaders$AppClassLoader@3834d63f
Usually this means that some classes were in the startup classpath.
To suppress this message, run with: -J-Dnetbeans.moduleitem.dontverifyclassloader=true
Apr 09, 2024 7:02:06 PM org.netbeans.core.startup.NbEvents logged
WARNING: The module JavaHelp Integration loaded the class org.netbeans.modules.javahelp.Installer
from the wrong classloader. The expected classloader was org.netbeans.JarClassLoader@1d996462
whereas it was actually loaded from jdk.internal.loader.ClassLoaders$AppClassLoader@3834d63f
Usually this means that some classes were in the startup classpath.
To suppress this message, run with: -J-Dnetbeans.moduleitem.dontverifyclassloader=true
Apr 09, 2024 7:02:06 PM org.netbeans.core.startup.NbEvents logged
WARNING: The module Java Source UI loaded the class org.netbeans.modules.java.source.ui.JavaSourceUIModule
from the wrong classloader. The expected classloader was org.netbeans.JarClassLoader@1d996462
whereas it was actually loaded from jdk.internal.loader.ClassLoaders$AppClassLoader@3834d63f
Usually this means that some classes were in the startup classpath.
To suppress this message, run with: -J-Dnetbeans.moduleitem.dontverifyclassloader=true
Apr 09, 2024 7:02:06 PM org.netbeans.core.startup.NbEvents logged
WARNING: The module Ant-Based Project Support UI loaded the class org.netbeans.modules.project.ant.ui.AntProjectModule
from the wrong classloader. The expected classloader was org.netbeans.JarClassLoader@1d996462
whereas it was actually loaded from jdk.internal.loader.ClassLoaders$AppClassLoader@3834d63f
Usually this means that some classes were in the startup classpath.
To suppress this message, run with: -J-Dnetbeans.moduleitem.dontverifyclassloader=true
Apr 09, 2024 7:02:06 PM org.netbeans.core.startup.NbEvents logged
WARNING: The module Project UI loaded the class org.netbeans.modules.project.ui.ProjectUiModule
from the wrong classloader. The expected classloader was org.netbeans.JarClassLoader@1d996462
whereas it was actually loaded from jdk.internal.loader.ClassLoaders$AppClassLoader@3834d63f
Usually this means that some classes were in the startup classpath.
To suppress this message, run with: -J-Dnetbeans.moduleitem.dontverifyclassloader=true
Apr 09, 2024 7:02:06 PM org.netbeans.core.startup.NbEvents logged
WARNING: The module Parsing API IDE bridge loaded the class org.netbeans.modules.parsing.nb.Installer
from the wrong classloader. The expected classloader was org.netbeans.JarClassLoader@1d996462
whereas it was actually loaded from jdk.internal.loader.ClassLoaders$AppClassLoader@3834d63f
Usually this means that some classes were in the startup classpath.
To suppress this message, run with: -J-Dnetbeans.moduleitem.dontverifyclassloader=true
Apr 09, 2024 7:02:06 PM org.netbeans.core.startup.NbEvents logged
WARNING: The module Java SE Platforms and Libraries loaded the class org.netbeans.modules.java.j2seplatform.J2SEPlatformModule
from the wrong classloader. The expected classloader was org.netbeans.JarClassLoader@1d996462
whereas it was actually loaded from jdk.internal.loader.ClassLoaders$AppClassLoader@3834d63f
Usually this means that some classes were in the startup classpath.
To suppress this message, run with: -J-Dnetbeans.moduleitem.dontverifyclassloader=true
Apr 09, 2024 7:02:06 PM org.netbeans.core.startup.NbEvents logged
WARNING: The module Editor Code Completion loaded the class org.netbeans.modules.editor.completion.CompletionModule
from the wrong classloader. The expected classloader was org.netbeans.JarClassLoader@1d996462
whereas it was actually loaded from jdk.internal.loader.ClassLoaders$AppClassLoader@3834d63f
Usually this means that some classes were in the startup classpath.
To suppress this message, run with: -J-Dnetbeans.moduleitem.dontverifyclassloader=true
Apr 09, 2024 7:02:06 PM org.netbeans.core.startup.NbEvents logged
WARNING: The module Editor Code Templates loaded the class org.netbeans.lib.editor.codetemplates.CodeTemplatesModule
from the wrong classloader. The expected classloader was org.netbeans.JarClassLoader@1d996462
whereas it was actually loaded from jdk.internal.loader.ClassLoaders$AppClassLoader@3834d63f
Usually this means that some classes were in the startup classpath.
To suppress this message, run with: -J-Dnetbeans.moduleitem.dontverifyclassloader=true
Apr 09, 2024 7:02:06 PM org.netbeans.core.startup.NbEvents logged
WARNING: The module JNA loaded the class org.netbeans.libs.jna.Installer
from the wrong classloader. The expected classloader was org.netbeans.JarClassLoader@1d996462
whereas it was actually loaded from jdk.internal.loader.ClassLoaders$AppClassLoader@3834d63f
Usually this means that some classes were in the startup classpath.
To suppress this message, run with: -J-Dnetbeans.moduleitem.dontverifyclassloader=true
Apr 09, 2024 7:02:06 PM org.netbeans.core.startup.NbEvents logged
WARNING: The module Database Explorer loaded the class org.netbeans.modules.db.DatabaseModule
from the wrong classloader. The expected classloader was org.netbeans.JarClassLoader@1d996462
whereas it was actually loaded from jdk.internal.loader.ClassLoaders$AppClassLoader@3834d63f
Usually this means that some classes were in the startup classpath.
To suppress this message, run with: -J-Dnetbeans.moduleitem.dontverifyclassloader=true
Apr 09, 2024 7:02:06 PM org.netbeans.core.startup.NbInstaller checkForDeprecations
WARNING: the modules [org.netbeans.modules.java.hints] use org.netbeans.modules.java.hints.legacy.spi which is deprecated: Use Java Hints SPI (org.netbeans.spi.java.hints) instead.
Apr 09, 2024 7:02:06 PM org.openide.filesystems.Ordering getOrder
WARNING: Not all children in / marked with the position attribute: [language.instance, Reformatter.instance, Reindenter.instance, SourcePathCheck.instance, AutoIndenter.instance, org-netbeans-modules-gsf-codecoverage-CoverageHighlightsLayerFactory.instance, org.netbeans.spi.editor.highlighting.HighlightsLayerFactory.instance, org-netbeans-modules-java-editor-semantic-HighlightsLayerFactoryImpl.instance, org-netbeans-modules-java-editor-semantic-SemanticHighlighterFactory.instance, org-netbeans-modules-java-editor-semantic-MarkOccurrencesHighlighterFactory.instance, org-netbeans-modules-java-editor-overridden-ComputeAnnotations$FactoryImpl.instance, EditorKit.instance, org-netbeans-modules-refactoring-java-ui-HighlightsLayerFactory.instance, org-netbeans-modules-java-hints-infrastructure-ErrorHintsFactory.instance, org-netbeans-modules-java-hints-introduce-IntroduceHint$HLFImpl.instance, org-netbeans-modules-java-hints-infrastructure-EmbeddedLazyHintComputation$FactoryImpl.instance, org-netbeans-modules-java-source-indexing-JavaCustomIndexer$Factory-register.instance, org-netbeans-modules-java-source-parsing-JavacParserFactory.instance, org-netbeans-modules-java-source-parsing-VanillaPartialReparser$VerifyPartialReparse$FactoryImpl.instance, org-netbeans-modules-java-hints-declarative-debugging-EvaluationSpanTask$FactoryImpl.instance, org-netbeans-modules-java-hints-spiimpl-JavaHintsPositionRefresher.instance, org-netbeans-modules-java-hints-spiimpl-hints-HintsTask$HintPositionRefresherHelper.instance, org-netbeans-modules-java-hints-spiimpl-hints-HintsTask$SuggestionsPositionRefresherHelper.instance, org-netbeans-modules-java-hints-spiimpl-options-HintsSettings$GlobalSettingsProvider.instance, org-netbeans-modules-editor-java-CamelCaseOperations$JavaCamelCaseInterceptor$JavaFactory.instance, org-netbeans-modules-editor-java-JavaKit$JavaTypedBreakInterceptor$JavaFactory.instance, org-netbeans-modules-java-editor-codegen-RemoveSurroundingCodePanel$UnwrapCodeHighlightsLayerFactory.instance, org-netbeans-modules-java-editor-whitelist-WhiteListCheckTask$Factory.instance, org-netbeans-modules-editor-java-JavaKit$JavaDeletedTextInterceptor$Factory.instance, org-netbeans-modules-editor-java-JavaKit$JavaTypedTextInterceptor$Factory.instance, org-netbeans-modules-java-editor-fold-ResourceStringFoldProvider.instance, org-netbeans-modules-java-editor-rename-InstantRenamePerformer$RenameDeletedTextInterceptor$Factory.instance, org-netbeans-modules-refactoring-java-callhierarchy-LspCallHierarchyProvider.instance, org-netbeans-modules-refactoring-java-plugins-InstantRefactoringPerformer$UndoableWrapper.instance, org-netbeans-modules-refactoring-java-plugins-InstantRefactoringPerformer$RenameDeletedTextInterceptor$Factory.instance, org-netbeans-modules-whitelist-index-WhiteListIndexerPlugin$Factory.instance, org-netbeans-modules-java-hints-infrastructure-ErrorPositionRefresherHelper.instance, org-netbeans-modules-java-hints-infrastructure-JavaErrorProvider.instance, org-netbeans-modules-java-hints-introduce-PositionRefresherHelperImpl.instance, org-netbeans-modules-diff-builtin-visualizer-editable-DiffHighlightsLayerFactory.instance, org-netbeans-modules-merge-builtin-visualizer-MergeHighlightsLayerFactory.instance, COSSynchronizingIndexer.instance, org-netbeans-modules-editor-impl-highlighting-HLFactory.instance, org-netbeans-lib-editor-hyperlink-HyperlinkOperation$HighlightFactoryImpl.instance, org-netbeans-modules-editor-url-HighlightURLs$FactoryImpl.instance, org-netbeans-modules-editor-lib2-highlighting-Factory.instance, org-netbeans-modules-jumpto-file-FileIndexer$Factory.instance, org-netbeans-modules-editor-hints-HighlightsLayerFactoryImpl.instance, org-netbeans-modules-csl-hints-GsfHintsFactory.instance, org-netbeans-modules-csl-hints-infrastructure-HintsTaskFactory.instance, org-netbeans-modules-csl-hints-infrastructure-SelectionHintsTaskFactory.instance, org-netbeans-modules-csl-hints-infrastructure-SuggestionsTaskFactory.instance, org-netbeans-modules-csl-navigation-ClassMemberNavigatorSourceFactory.instance, org-netbeans-modules-csl-editor-semantic-SemanticHighlighterFactory.instance, org-netbeans-modules-csl-editor-semantic-MarkOccurrencesHighlighterFactory.instance, org-netbeans-modules-csl-editor-fold-GsfFoldManagerTaskFactory.instance, org-netbeans-modules-csl-navigation-CaretListeningFactory.instance, org-netbeans-modules-csl-editor-overridden-ComputeAnnotations$FactoryImpl.instance, org-netbeans-lib-editor-codetemplates-textsync-TextRegionManager$Highlighting$HLFactory.instance, org-netbeans-modules-editor-bracesmatching-BracesMatchHighlighting$Factory.instance, org-netbeans-modules-editor-fold-ui-FoldingEditorSupport$F.instance, org-netbeans-modules-refactoring-spi-impl-UndoableWrapper.instance, org-netbeans-modules-java-source-indexing-JavaBinaryIndexer$Factory-register.instance, org-netbeans-modules-editor-impl-DocumentFactoryImpl.instance, org-netbeans-modules-gsf-testrunner-ui-TestMethodFinderImpl$Factory.instance, org-netbeans-modules-editor-hints-lsp-HintsDiagnosticsProvider.instance, org-netbeans-modules-java-lsp-server-protocol-Server$LSPServerTelemetryFactory-getDefault.instance, org-netbeans-modules-csl-navigation-BreadCrumbsTask$TaskFactoryImpl.instance, org-netbeans-modules-csl-core-CslCamelCaseInterceptor$Factory.instance, org-netbeans-modules-java-hints-infrastructure-EmbeddedHintsCollector$Factory.instance], but some are: [org-netbeans-modules-editor-java-JavaStructureProvider.instance, org-netbeans-modules-java-file-launcher-indexer-CompilerOptionsIndexer$FactoryImpl.instance]
Creating a client for testcase: testDidOpenPreservesLines
Apr 09, 2024 7:02:08 PM org.openide.filesystems.Ordering getOrder
WARNING: Not all children in / marked with the position attribute: [language.instance, Reformatter.instance, Reindenter.instance, SourcePathCheck.instance, AutoIndenter.instance, org-netbeans-modules-gsf-codecoverage-CoverageHighlightsLayerFactory.instance, org.netbeans.spi.editor.highlighting.HighlightsLayerFactory.instance, org-netbeans-modules-java-editor-semantic-HighlightsLayerFactoryImpl.instance, org-netbeans-modules-java-editor-semantic-SemanticHighlighterFactory.instance, org-netbeans-modules-java-editor-semantic-MarkOccurrencesHighlighterFactory.instance, org-netbeans-modules-java-editor-overridden-ComputeAnnotations$FactoryImpl.instance, EditorKit.instance, org-netbeans-modules-refactoring-java-ui-HighlightsLayerFactory.instance, org-netbeans-modules-java-hints-infrastructure-ErrorHintsFactory.instance, org-netbeans-modules-java-hints-introduce-IntroduceHint$HLFImpl.instance, org-netbeans-modules-java-hints-infrastructure-EmbeddedLazyHintComputation$FactoryImpl.instance, org-netbeans-modules-java-source-indexing-JavaCustomIndexer$Factory-register.instance, org-netbeans-modules-java-source-parsing-JavacParserFactory.instance, org-netbeans-modules-java-source-parsing-VanillaPartialReparser$VerifyPartialReparse$FactoryImpl.instance, org-netbeans-modules-java-hints-declarative-debugging-EvaluationSpanTask$FactoryImpl.instance, org-netbeans-modules-java-hints-spiimpl-JavaHintsPositionRefresher.instance, org-netbeans-modules-java-hints-spiimpl-hints-HintsTask$HintPositionRefresherHelper.instance, org-netbeans-modules-java-hints-spiimpl-hints-HintsTask$SuggestionsPositionRefresherHelper.instance, org-netbeans-modules-java-hints-spiimpl-options-HintsSettings$GlobalSettingsProvider.instance, org-netbeans-modules-editor-java-CamelCaseOperations$JavaCamelCaseInterceptor$JavaFactory.instance, org-netbeans-modules-editor-java-JavaKit$JavaTypedBreakInterceptor$JavaFactory.instance, org-netbeans-modules-java-editor-codegen-RemoveSurroundingCodePanel$UnwrapCodeHighlightsLayerFactory.instance, org-netbeans-modules-java-editor-whitelist-WhiteListCheckTask$Factory.instance, org-netbeans-modules-editor-java-JavaKit$JavaDeletedTextInterceptor$Factory.instance, org-netbeans-modules-editor-java-JavaKit$JavaTypedTextInterceptor$Factory.instance, org-netbeans-modules-java-editor-fold-ResourceStringFoldProvider.instance, org-netbeans-modules-java-editor-rename-InstantRenamePerformer$RenameDeletedTextInterceptor$Factory.instance, org-netbeans-modules-refactoring-java-callhierarchy-LspCallHierarchyProvider.instance, org-netbeans-modules-refactoring-java-plugins-InstantRefactoringPerformer$UndoableWrapper.instance, org-netbeans-modules-refactoring-java-plugins-InstantRefactoringPerformer$RenameDeletedTextInterceptor$Factory.instance, org-netbeans-modules-whitelist-index-WhiteListIndexerPlugin$Factory.instance, org-netbeans-modules-java-hints-infrastructure-ErrorPositionRefresherHelper.instance, org-netbeans-modules-java-hints-infrastructure-JavaErrorProvider.instance, org-netbeans-modules-java-hints-introduce-PositionRefresherHelperImpl.instance, org-netbeans-modules-diff-builtin-visualizer-editable-DiffHighlightsLayerFactory.instance, org-netbeans-modules-merge-builtin-visualizer-MergeHighlightsLayerFactory.instance, COSSynchronizingIndexer.instance, org-netbeans-modules-editor-impl-highlighting-HLFactory.instance, org-netbeans-lib-editor-hyperlink-HyperlinkOperation$HighlightFactoryImpl.instance, org-netbeans-modules-editor-url-HighlightURLs$FactoryImpl.instance, org-netbeans-modules-editor-lib2-highlighting-Factory.instance, org-netbeans-modules-jumpto-file-FileIndexer$Factory.instance, org-netbeans-modules-editor-hints-HighlightsLayerFactoryImpl.instance, org-netbeans-modules-csl-hints-GsfHintsFactory.instance, org-netbeans-modules-csl-hints-infrastructure-HintsTaskFactory.instance, org-netbeans-modules-csl-hints-infrastructure-SelectionHintsTaskFactory.instance, org-netbeans-modules-csl-hints-infrastructure-SuggestionsTaskFactory.instance, org-netbeans-modules-csl-navigation-ClassMemberNavigatorSourceFactory.instance, org-netbeans-modules-csl-editor-semantic-SemanticHighlighterFactory.instance, org-netbeans-modules-csl-editor-semantic-MarkOccurrencesHighlighterFactory.instance, org-netbeans-modules-csl-editor-fold-GsfFoldManagerTaskFactory.instance, org-netbeans-modules-csl-navigation-CaretListeningFactory.instance, org-netbeans-modules-csl-editor-overridden-ComputeAnnotations$FactoryImpl.instance, org-netbeans-lib-editor-codetemplates-textsync-TextRegionManager$Highlighting$HLFactory.instance, org-netbeans-modules-editor-bracesmatching-BracesMatchHighlighting$Factory.instance, org-netbeans-modules-editor-fold-ui-FoldingEditorSupport$F.instance, org-netbeans-modules-refactoring-spi-impl-UndoableWrapper.instance, org-netbeans-modules-java-source-indexing-JavaBinaryIndexer$Factory-register.instance, org-netbeans-modules-editor-impl-DocumentFactoryImpl.instance, org-netbeans-modules-gsf-testrunner-ui-TestMethodFinderImpl$Factory.instance, org-netbeans-modules-editor-hints-lsp-HintsDiagnosticsProvider.instance, org-netbeans-modules-java-lsp-server-protocol-Server$LSPServerTelemetryFactory-getDefault.instance, org-netbeans-modules-csl-navigation-BreadCrumbsTask$TaskFactoryImpl.instance, org-netbeans-modules-csl-core-CslCamelCaseInterceptor$Factory.instance, org-netbeans-modules-java-hints-infrastructure-EmbeddedHintsCollector$Factory.instance], but some are: [org-netbeans-modules-editor-java-JavaStructureProvider.instance, org-netbeans-modules-java-file-launcher-indexer-CompilerOptionsIndexer$FactoryImpl.instance]
Apr 09, 2024 7:02:08 PM org.netbeans.core.startup.NbEvents logged
INFO: Turning on modules:
Apr 09, 2024 7:02:08 PM org.netbeans.core.startup.NbEvents dumpModulesList
INFO: 	org.openide.util.lookup [8.57 dev-b15c9b7692b2764be5a997d056e2283b72ae9131]
	org.openide.util [9.31 dev-b15c9b7692b2764be5a997d056e2283b72ae9131]
	org.openide.util.ui [9.32 dev-b15c9b7692b2764be5a997d056e2283b72ae9131]
	org.openide.modules [7.71 dev-b15c9b7692b2764be5a997d056e2283b72ae9131]
	org.netbeans.api.annotations.common/1 [1.51 dev-b15c9b7692b2764be5a997d056e2283b72ae9131]
	org.openide.filesystems [9.36 dev-b15c9b7692b2764be5a997d056e2283b72ae9131]
	org.openide.awt [7.91 dev-b15c9b7692b2764be5a997d056e2283b72ae9131]
	org.netbeans.api.progress/1 [1.71 dev-b15c9b7692b2764be5a997d056e2283b72ae9131]
	org.netbeans.api.progress.nb [1.71 dev-b15c9b7692b2764be5a997d056e2283b72ae9131]
	org.openide.dialogs [7.70 dev-b15c9b7692b2764be5a997d056e2283b72ae9131]
	org.openide.nodes [7.68 dev-b15c9b7692b2764be5a997d056e2283b72ae9131]
	org.openide.windows [6.100 dev-b15c9b7692b2764be5a997d056e2283b72ae9131]
	org.netbeans.modules.editor.mimelookup/1 [1.63 dev-b15c9b7692b2764be5a997d056e2283b72ae9131]
	org.openide.text [6.91 dev-b15c9b7692b2764be5a997d056e2283b72ae9131]
	org.netbeans.api.scripting [1.20 dev-b15c9b7692b2764be5a997d056e2283b72ae9131]
	org.netbeans.swing.tabcontrol [1.80 dev-b15c9b7692b2764be5a997d056e2283b72ae9131]
	org.netbeans.swing.outline [1.57 dev-b15c9b7692b2764be5a997d056e2283b72ae9131]
	org.openide.explorer [6.85 dev-b15c9b7692b2764be5a997d056e2283b72ae9131]
	org.openide.actions [6.62 dev-b15c9b7692b2764be5a997d056e2283b72ae9131]
	org.netbeans.modules.queries/1 [1.66 dev-b15c9b7692b2764be5a997d056e2283b72ae9131]
	org.netbeans.api.templates [1.31 dev-b15c9b7692b2764be5a997d056e2283b72ae9131]
	org.openide.filesystems.nb [9.33 dev-b15c9b7692b2764be5a997d056e2283b72ae9131]
	org.openide.loaders [7.93 dev-b15c9b7692b2764be5a997d056e2283b72ae9131]
	org.netbeans.api.intent [1.25 dev-b15c9b7692b2764be5a997d056e2283b72ae9131]
	org.netbeans.api.io [1.26 dev-b15c9b7692b2764be5a997d056e2283b72ae9131]
	org.openide.io [1.72 dev-b15c9b7692b2764be5a997d056e2283b72ae9131]
	org.openide.execution [9.26 dev-b15c9b7692b2764be5a997d056e2283b72ae9131]
	org.netbeans.swing.plaf [1.65 dev-b15c9b7692b2764be5a997d056e2283b72ae9131]
	org.netbeans.spi.viewmodel/2 [1.74 dev-b15c9b7692b2764be5a997d056e2283b72ae9131]
	org.netbeans.spi.tasklist/1 [1.58.0.1 1 dev-b15c9b7692b2764be5a997d056e2283b72ae9131]
	org.netbeans.spi.quicksearch [1.50 dev-b15c9b7692b2764be5a997d056e2283b72ae9131]
	org.netbeans.spi.navigator/1 [1.61 dev-b15c9b7692b2764be5a997d056e2283b72ae9131]
	org.netbeans.modules.editor.util/1 [1.88 dev-b15c9b7692b2764be5a997d056e2283b72ae9131]
	org.netbeans.modules.editor.settings.lib [1.74.0.1 1 dev-b15c9b7692b2764be5a997d056e2283b72ae9131]
	org.netbeans.modules.editor.settings/1 [1.80 dev-b15c9b7692b2764be5a997d056e2283b72ae9131]
	org.netbeans.modules.lexer/2 [1.86.0.1 1 dev-b15c9b7692b2764be5a997d056e2283b72ae9131]
	org.netbeans.modules.editor.fold/1 [1.68 dev-b15c9b7692b2764be5a997d056e2283b72ae9131]
	org.netbeans.modules.editor.document [1.32.0.3 3 dev-b15c9b7692b2764be5a997d056e2283b72ae9131]
	org.netbeans.modules.editor.lib2/1 [2.43.0.55.3 55 dev-b15c9b7692b2764be5a997d056e2283b72ae9131]
	org.netbeans.modules.editor.guards/1 [1.56 dev-b15c9b7692b2764be5a997d056e2283b72ae9131]
	org.netbeans.api.lsp/1 [1.24 dev-b15c9b7692b2764be5a997d056e2283b72ae9131]
	org.netbeans.modules.editor.indent/2 [1.66 dev-b15c9b7692b2764be5a997d056e2283b72ae9131]
	org.netbeans.modules.editor.lib/3 [4.30.0.23.3.55 23 dev-b15c9b7692b2764be5a997d056e2283b72ae9131]
	org.netbeans.modules.keyring [1.47 dev-b15c9b7692b2764be5a997d056e2283b72ae9131]
	org.netbeans.libs.asm [5.26 dev-b15c9b7692b2764be5a997d056e2283b72ae9131]
	org.netbeans.bootstrap/1 [2.102 dev-b15c9b7692b2764be5a997d056e2283b72ae9131]
	org.netbeans.core.startup.base [1.85.0.1 1 dev-b15c9b7692b2764be5a997d056e2283b72ae9131]
	org.netbeans.core.startup/1 [1.86.0.1 dev-b15c9b7692b2764be5a997d056e2283b72ae9131]
	org.netbeans.modules.sampler [1.37 dev-b15c9b7692b2764be5a997d056e2283b72ae9131]
	org.netbeans.core/2 [3.74 dev-b15c9b7692b2764be5a997d056e2283b72ae9131]
	org.netbeans.modules.options.api/1 [1.68 dev-b15c9b7692b2764be5a997d056e2283b72ae9131]
	org.netbeans.modules.options.keymap [1.60 dev-b15c9b7692b2764be5a997d056e2283b72ae9131]
	org.netbeans.modules.editor.settings.storage/1 [1.75.0.1 dev-b15c9b7692b2764be5a997d056e2283b72ae9131]
	org.netbeans.modules.editor.fold.nbui [1.35.0.55 dev-b15c9b7692b2764be5a997d056e2283b72ae9131]
	org.netbeans.modules.editor/3 [1.110.0.6.3.23.55 6 dev-b15c9b7692b2764be5a997d056e2283b72ae9131]
	org.netbeans.libs.javacapi [8.47.0.3 3 dev-b15c9b7692b2764be5a997d056e2283b72ae9131]
	org.netbeans.lib.nbjavac [1.39.0.4.3 4 dev-b15c9b7692b2764be5a997d056e2283b72ae9131]
	org.netbeans.modules.editor.errorstripe.api/1 [2.55.0.1 1 dev-b15c9b7692b2764be5a997d056e2283b72ae9131]
	org.netbeans.api.java.classpath/1 [1.77 dev-b15c9b7692b2764be5a997d056e2283b72ae9131]
	org.netbeans.api.java/1 [1.89 dev-b15c9b7692b2764be5a997d056e2283b72ae9131]
	org.netbeans.modules.java.platform/1 [1.65 dev-b15c9b7692b2764be5a997d056e2283b72ae9131]
	org.netbeans.modules.options.editor/1 [1.83 dev-b15c9b7692b2764be5a997d056e2283b72ae9131]
	org.netbeans.modules.editor.errorstripe/2 [2.57.0.1.1 1 dev-b15c9b7692b2764be5a997d056e2283b72ae9131]
	org.netbeans.modules.projectapi/1 [1.94 dev-b15c9b7692b2764be5a997d056e2283b72ae9131]
	org.netbeans.modules.diff/1 [1.74.0.42.1 42 dev-b15c9b7692b2764be5a997d056e2283b72ae9131]
	org.netbeans.libs.lucene/3 [3.42 dev-b15c9b7692b2764be5a997d056e2283b72ae9131]
	org.netbeans.modules.masterfs/2 [2.78.0.2 2 dev-b15c9b7692b2764be5a997d056e2283b72ae9131]
	org.netbeans.modules.parsing.lucene/2 [2.59.0.1 1 dev-b15c9b7692b2764be5a997d056e2283b72ae9131]
	org.netbeans.modules.parsing.api/1 [9.30.0.8 8 dev-b15c9b7692b2764be5a997d056e2283b72ae9131]
	org.netbeans.modules.projectuiapi.base/1 [1.109.0.9 9 dev-b15c9b7692b2764be5a997d056e2283b72ae9131]
	org.netbeans.modules.project.indexingbridge [1.40 dev-b15c9b7692b2764be5a997d056e2283b72ae9131]
	org.netbeans.modules.parsing.indexing [9.32.0.1.3.8 1 dev-b15c9b7692b2764be5a997d056e2283b72ae9131]
	org.netbeans.modules.refactoring.api [1.70.0.1 1 dev-b15c9b7692b2764be5a997d056e2283b72ae9131]
	org.netbeans.modules.classfile/1 [1.75 dev-b15c9b7692b2764be5a997d056e2283b72ae9131]
	org.netbeans.modules.editor.indent.support [1.65 dev-b15c9b7692b2764be5a997d056e2283b72ae9131]
	org.netbeans.modules.projectuiapi/1 [1.112.0.8 8 dev-b15c9b7692b2764be5a997d056e2283b72ae9131]
	org.netbeans.modules.editor.indent.project/0 [1.45 dev-b15c9b7692b2764be5a997d056e2283b72ae9131]
	org.netbeans.core.multiview/1 [1.67 dev-b15c9b7692b2764be5a997d056e2283b72ae9131]
	org.netbeans.modules.java.lexer/1 [1.59 dev-b15c9b7692b2764be5a997d056e2283b72ae9131]
	org.netbeans.modules.java.preprocessorbridge [1.72.0.1 1 dev-b15c9b7692b2764be5a997d056e2283b72ae9131]
	org.netbeans.modules.java.source.base [2.65.0.6.4.3.8.1 6 dev-b15c9b7692b2764be5a997d056e2283b72ae9131]
	org.netbeans.modules.autoupdate.services [1.79 dev-b15c9b7692b2764be5a997d056e2283b72ae9131]
	org.netbeans.modules.java.source [0.188.0.32.4.3.6.1 32 dev-b15c9b7692b2764be5a997d056e2283b72ae9131]
	org.netbeans.modules.project.spi.intern [1.26 dev-b15c9b7692b2764be5a997d056e2283b72ae9131]
	org.netbeans.modules.project.libraries/1 [1.76 dev-b15c9b7692b2764be5a997d056e2283b72ae9131]
	org.apache.xml.resolver [1.54.0.12 12 dev-b15c9b7692b2764be5a997d056e2283b72ae9131]
	org.netbeans.api.xml/1 [1.67 dev-b15c9b7692b2764be5a997d056e2283b72ae9131]
	org.netbeans.modules.xml.catalog/2 [3.27.0.4 4 dev-b15c9b7692b2764be5a997d056e2283b72ae9131]
	org.netbeans.modules.project.ant/1 [1.90 dev-b15c9b7692b2764be5a997d056e2283b72ae9131]
	org.netbeans.modules.java.project/1 [1.95 dev-b15c9b7692b2764be5a997d056e2283b72ae9131]
	org.netbeans.modules.settings/1 [1.72 dev-b15c9b7692b2764be5a997d056e2283b72ae9131]
	org.netbeans.spi.editor.hints/0 [1.65.0.8.55 8 dev-b15c9b7692b2764be5a997d056e2283b72ae9131]
	org.netbeans.modules.code.analysis/0 [1.49 dev-b15c9b7692b2764be5a997d056e2283b72ae9131]
	org.netbeans.spi.java.hints [1.57.0.13.4.3.32.6.8 13 dev-b15c9b7692b2764be5a997d056e2283b72ae9131]
	org.netbeans.modules.editor.tools.storage [1.31 dev-b15c9b7692b2764be5a997d056e2283b72ae9131]
	org.netbeans.spi.editor.hints.projects [1.34.0.1.8 1 dev-b15c9b7692b2764be5a997d056e2283b72ae9131]
	org.netbeans.api.debugger/1 [1.78 dev-b15c9b7692b2764be5a997d056e2283b72ae9131]
	org.netbeans.spi.debugger.ui/1 [2.81 dev-b15c9b7692b2764be5a997d056e2283b72ae9131]
	org.netbeans.api.debugger.jpda/2 [3.33 dev-b15c9b7692b2764be5a997d056e2283b72ae9131]
	org.netbeans.spi.debugger.jpda.ui [3.26 dev-b15c9b7692b2764be5a997d056e2283b72ae9131]
	org.netbeans.modules.libs.corba.omgapi [1.18 dev-b15c9b7692b2764be5a997d056e2283b72ae9131]
	org.netbeans.modules.whitelist [1.46 dev-b15c9b7692b2764be5a997d056e2283b72ae9131]
	org.netbeans.libs.json_simple/1 [0.35 dev-b15c9b7692b2764be5a997d056e2283b72ae9131]
	org.netbeans.modules.web.common [1.122 dev-b15c9b7692b2764be5a997d056e2283b72ae9131]
	org.netbeans.modules.swing.validation/2 [1.55 dev-b15c9b7692b2764be5a997d056e2283b72ae9131]
	org.netbeans.modules.sendopts/2 [2.59 dev-b15c9b7692b2764be5a997d056e2283b72ae9131]
	org.netbeans.modules.javahelp/1 [2.64 dev-b15c9b7692b2764be5a997d056e2283b72ae9131]
	org.netbeans.core.ui/1 [1.68 dev-b15c9b7692b2764be5a997d056e2283b72ae9131]
	org.netbeans.api.search [1.44 dev-b15c9b7692b2764be5a997d056e2283b72ae9131]
	org.netbeans.modules.jumpto/1 [1.78.0.1 1 dev-b15c9b7692b2764be5a997d056e2283b72ae9131]
	org.netbeans.modules.java.sourceui/1 [1.71.0.2.4.3.32.6 2 dev-b15c9b7692b2764be5a997d056e2283b72ae9131]
	org.netbeans.modules.project.libraries.ui/1 [1.75 dev-b15c9b7692b2764be5a997d056e2283b72ae9131]
	org.netbeans.modules.project.ant.ui/1 [1.88 dev-b15c9b7692b2764be5a997d056e2283b72ae9131]
	org.netbeans.api.xml.ui/1 [1.67 dev-b15c9b7692b2764be5a997d056e2283b72ae9131]
	org.netbeans.modules.options.java [1.37 dev-b15c9b7692b2764be5a997d056e2283b72ae9131]
	org.apache.tools.ant.module/3 [3.107.0.2 2 dev-b15c9b7692b2764be5a997d056e2283b72ae9131]
	org.netbeans.modules.java.platform.ui/1 [1.65 dev-b15c9b7692b2764be5a997d056e2283b72ae9131]
	org.netbeans.modules.java.project.ui/1 [1.98 dev-b15c9b7692b2764be5a997d056e2283b72ae9131]
	org.netbeans.modules.extexecution.base/2 [1.29 dev-b15c9b7692b2764be5a997d056e2283b72ae9131]
	org.netbeans.modules.extexecution/2 [1.72 dev-b15c9b7692b2764be5a997d056e2283b72ae9131]
	org.netbeans.modules.gsf.testrunner/2 [2.35 dev-b15c9b7692b2764be5a997d056e2283b72ae9131]
	org.netbeans.modules.gsf.testrunner.ui [1.38.0.1 dev-b15c9b7692b2764be5a997d056e2283b72ae9131]
	org.netbeans.modules.gototest/1 [1.57 dev-b15c9b7692b2764be5a997d056e2283b72ae9131]
	org.netbeans.modules.java.file.launcher [1.0 dev-b15c9b7692b2764be5a997d056e2283b72ae9131]
	org.netbeans.modules.refactoring.java/1 [1.85.0.1.3 1 dev-b15c9b7692b2764be5a997d056e2283b72ae9131]
	org.netbeans.core.execution/1 [1.65 dev-b15c9b7692b2764be5a997d056e2283b72ae9131]
	org.netbeans.modules.favorites/1 [1.69 dev-b15c9b7692b2764be5a997d056e2283b72ae9131]
	org.netbeans.modules.projectui [1.82.0.8.9 dev-b15c9b7692b2764be5a997d056e2283b72ae9131]
	org.netbeans.modules.projectapi.nb [1.27 dev-b15c9b7692b2764be5a997d056e2283b72ae9131]
	org.netbeans.modules.project.dependency [1.7.0.1 1 dev-b15c9b7692b2764be5a997d056e2283b72ae9131]
	org.netbeans.modules.parsing.nb [1.27.0.8.1 dev-b15c9b7692b2764be5a997d056e2283b72ae9131]
	org.netbeans.insane/1 [1.52.0.1 1 dev-b15c9b7692b2764be5a997d056e2283b72ae9131]
	org.netbeans.libs.junit4 [1.41 dev-b15c9b7692b2764be5a997d056e2283b72ae9131]
	org.netbeans.modules.nbjunit/1 [1.113 dev-b15c9b7692b2764be5a997d056e2283b72ae9131]
	org.netbeans.modules.nativeimage.api/0 [0.15 dev-b15c9b7692b2764be5a997d056e2283b72ae9131]
	org.netbeans.modules.lexer.nbbridge/1 [1.55.0.1 dev-b15c9b7692b2764be5a997d056e2283b72ae9131]
	org.netbeans.modules.javascript2.debug/1 [1.41 dev-b15c9b7692b2764be5a997d056e2283b72ae9131]
	org.netbeans.modules.java.testrunner [1.43 dev-b15c9b7692b2764be5a997d056e2283b72ae9131]
	org.netbeans.modules.java.testrunner.ui [1.27 dev-b15c9b7692b2764be5a997d056e2283b72ae9131]
	org.netbeans.modules.java.nativeimage.debugger/0 [0.13 dev-b15c9b7692b2764be5a997d056e2283b72ae9131]
	org.netbeans.modules.java.j2seplatform/1 [1.66 dev-b15c9b7692b2764be5a997d056e2283b72ae9131]
	org.netbeans.modules.java.hints.legacy.spi/1 [1.40.0.1.13 1 dev-b15c9b7692b2764be5a997d056e2283b72ae9131]
	org.netbeans.modules.java.completion [2.9.0.2 2 dev-b15c9b7692b2764be5a997d056e2283b72ae9131]
	org.netbeans.modules.java.editor.base [2.88.0.1 1 dev-b15c9b7692b2764be5a997d056e2283b72ae9131]
	org.netbeans.modules.editor.bracesmatching/0 [1.62.0.55 dev-b15c9b7692b2764be5a997d056e2283b72ae9131]
	org.netbeans.modules.editor.completion/1 [1.68.0.2 2 dev-b15c9b7692b2764be5a997d056e2283b72ae9131]
	org.netbeans.modules.editor.codetemplates/1 [1.67.0.1 1 dev-b15c9b7692b2764be5a997d056e2283b72ae9131]
	org.netbeans.modules.java.editor/1 [2.91.0.12.1.1.1 12 dev-b15c9b7692b2764be5a997d056e2283b72ae9131]
	org.netbeans.modules.java.hints/1 [1.106.0.17.3.12.1.1.32.6.1.1.13 17 dev-b15c9b7692b2764be5a997d056e2283b72ae9131]
	org.netbeans.modules.java.hints.declarative/1 [1.43.0.1.17.13 1 dev-b15c9b7692b2764be5a997d056e2283b72ae9131]
	org.netbeans.libs.antlr3.runtime [1.44.0.1 1 dev-b15c9b7692b2764be5a997d056e2283b72ae9131]
	org.netbeans.modules.java.api.common/0 [1.146 dev-b15c9b7692b2764be5a997d056e2283b72ae9131]
	org.netbeans.modules.extexecution.process.jdk9 [1.23 dev-b15c9b7692b2764be5a997d056e2283b72ae9131]
	org.netbeans.libs.jna/2 [2.18 dev-b15c9b7692b2764be5a997d056e2283b72ae9131]
	org.netbeans.modules.extexecution.process [1.50 dev-b15c9b7692b2764be5a997d056e2283b72ae9131]
	org.netbeans.modules.editor.mimelookup.impl/1 [1.55 dev-b15c9b7692b2764be5a997d056e2283b72ae9131]
	org.netbeans.modules.editor.breadcrumbs/0 [1.40 dev-b15c9b7692b2764be5a997d056e2283b72ae9131]
	org.netbeans.modules.editor.actions/1 [1.54.0.55 dev-b15c9b7692b2764be5a997d056e2283b72ae9131]
	org.netbeans.modules.debugger.jpda.projects [1.63 dev-b15c9b7692b2764be5a997d056e2283b72ae9131]
	org.netbeans.modules.db.metadata.model/1 [1.34 dev-b15c9b7692b2764be5a997d056e2283b72ae9131]
	org.netbeans.core.ide/1 [1.64 dev-b15c9b7692b2764be5a997d056e2283b72ae9131]
	org.netbeans.modules.db/1 [1.92.0.30 30 dev-b15c9b7692b2764be5a997d056e2283b72ae9131]
	org.netbeans.modules.csl.types/1 [1.23 dev-b15c9b7692b2764be5a997d056e2283b72ae9131]
	org.netbeans.modules.csl.api/2 [2.81.0.2.1.1.8.1 2 dev-b15c9b7692b2764be5a997d056e2283b72ae9131]
	org.netbeans.libs.graalsdk [1.23 dev-b15c9b7692b2764be5a997d056e2283b72ae9131]
	org.netbeans.libs.truffleapi [1.23 dev-b15c9b7692b2764be5a997d056e2283b72ae9131]
	org.netbeans.libs.freemarker/1 [2.57.0.239 239 dev-b15c9b7692b2764be5a997d056e2283b72ae9131]
	org.netbeans.libs.flexmark [1.16 dev-b15c9b7692b2764be5a997d056e2283b72ae9131]

Apr 09, 2024 7:02:08 PM org.netbeans.modules.java.lsp.server.protocol.Server$LanguageServerImpl lambda$asyncOpenSelectedProjects1$9
INFO: 0 projects opened in 137ms
Creating a client for testcase: testFixImports
Apr 09, 2024 7:02:09 PM org.netbeans.modules.java.lsp.server.protocol.Server hackConfigureGroovySupport
WARNING: Unable to configure Groovy indexing: Groovy support is not enabled
Apr 09, 2024 7:02:10 PM org.openide.util.ImageUtilities$CachedLookupLoader getLoader
WARNING: No interface org.openide.util.spi.SVGLoader instance found in ProxyLookup(class=class org.openide.util.lookup.ProxyLookup)->[AbstractLookup[IL[org.netbeans.modules.java.lsp.server.progress.OperationContext@4a8616c, IL[{serializeNulls:false,factories:[Factory[typeHierarchy=com.google.gson.JsonElement,adapter=com.google.gson.internal.bind.TypeAdapters$27@318808d2], com.google.gson.internal.bind.ObjectTypeAdapter$1@15c31a24, com.google.gson.internal.Excluder@5b8abbf1, com.google.gson.internal.bind.TreeTypeAdapter$SingleTypeFactory@56508799, org.netbeans.modules.java.lsp.server.protocol.NbGsonAdapter$1@276fdb19, org.eclipse.lsp4j.jsonrpc.json.adapters.MessageTypeAdapter$Factory@2a70e7ea, org.eclipse.lsp4j.jsonrpc.json.adapters.EnumTypeAdapter$Factory@242b9466, org.eclipse.lsp4j.jsonrpc.json.adapters.TupleTypeAdapters$TwoTypeAdapterFactory@7695a335, org.eclipse.lsp4j.jsonrpc.json.adapters.EitherTypeAdapter$Factory@2ffb09ed, org.eclipse.lsp4j.jsonrpc.json.adapters.ThrowableTypeAdapter$Factory@299e44f, org.eclipse.lsp4j.jsonrpc.json.adapters.CollectionTypeAdapter$Factory@7ae9d8de, Factory[type=java.lang.String,adapter=com.google.gson.internal.bind.TypeAdapters$15@21be50bd], Factory[type=java.lang.Integer+int,adapter=com.google.gson.internal.bind.TypeAdapters$7@567d9106], Factory[type=java.lang.Boolean+boolean,adapter=com.google.gson.internal.bind.TypeAdapters$3@1b8bac1a], Factory[type=java.lang.Byte+byte,adapter=com.google.gson.internal.bind.TypeAdapters$5@2f90b89d], Factory[type=java.lang.Short+short,adapter=com.google.gson.internal.bind.TypeAdapters$6@7cf82e6a], Factory[type=java.lang.Long+long,adapter=com.google.gson.internal.bind.TypeAdapters$11@46376552], Factory[type=java.lang.Double+double,adapter=com.google.gson.Gson$1@1aeaf2], Factory[type=java.lang.Float+float,adapter=com.google.gson.Gson$2@2a64ee3c], com.google.gson.internal.bind.NumberTypeAdapter$1@17d21e64, Factory[type=java.util.concurrent.atomic.AtomicInteger,adapter=com.google.gson.TypeAdapter$1@6ab2f439], Factory[type=java.util.concurrent.atomic.AtomicBoolean,adapter=com.google.gson.TypeAdapter$1@3d28cee7], Factory[type=java.util.concurrent.atomic.AtomicLong,adapter=com.google.gson.TypeAdapter$1@3030c270], Factory[type=java.util.concurrent.atomic.AtomicLongArray,adapter=com.google.gson.TypeAdapter$1@3796cb2c], Factory[type=java.util.concurrent.atomic.AtomicIntegerArray,adapter=com.google.gson.TypeAdapter$1@4a78e2db], Factory[type=java.lang.Character+char,adapter=com.google.gson.internal.bind.TypeAdapters$14@31dc5285], Factory[type=java.lang.StringBuilder,adapter=com.google.gson.internal.bind.TypeAdapters$18@7c9358c], Factory[type=java.lang.StringBuffer,adapter=com.google.gson.internal.bind.TypeAdapters$19@68751f2], Factory[type=java.math.BigDecimal,adapter=com.google.gson.internal.bind.TypeAdapters$16@be415c3], Factory[type=java.math.BigInteger,adapter=com.google.gson.internal.bind.TypeAdapters$17@587f3640], Factory[type=java.net.URL,adapter=com.google.gson.internal.bind.TypeAdapters$20@16540d96], Factory[type=java.net.URI,adapter=com.google.gson.internal.bind.TypeAdapters$21@2ae0c66f], Factory[type=java.util.UUID,adapter=com.google.gson.internal.bind.TypeAdapters$23@10194fd], Factory[type=java.util.Currency,adapter=com.google.gson.TypeAdapter$1@206d6fab], Factory[type=java.util.Locale,adapter=com.google.gson.internal.bind.TypeAdapters$26@16e3fe8d], Factory[typeHierarchy=java.net.InetAddress,adapter=com.google.gson.internal.bind.TypeAdapters$22@3a9c9180], Factory[type=java.util.BitSet,adapter=com.google.gson.TypeAdapter$1@37375c52], com.google.gson.internal.bind.DateTypeAdapter$1@7cec6d28, Factory[type=java.util.Calendar+java.util.GregorianCalendar,adapter=com.google.gson.internal.bind.TypeAdapters$25@75f2e3ae], com.google.gson.internal.sql.SqlTimeTypeAdapter$1@2bbc6c01, com.google.gson.internal.sql.SqlDateTypeAdapter$1@266470e8, com.google.gson.internal.sql.SqlTimestampTypeAdapter$1@39fedc21, com.google.gson.internal.bind.ArrayTypeAdapter$1@5bf3a723, Factory[type=java.lang.Class,adapter=com.google.gson.TypeAdapter$1@13e70438], com.google.gson.internal.bind.CollectionTypeAdapterFactory@1601d59c, com.google.gson.internal.bind.MapTypeAdapterFactory@59d11ca9, com.google.gson.internal.bind.JsonAdapterAnnotationTypeAdapterFactory@1f5d720f, com.google.gson.internal.bind.TypeAdapters$28@34b06318, com.google.gson.internal.bind.ReflectiveTypeAdapterFactory@2c05ed27],instanceCreators:{class org.eclipse.lsp4j.SemanticTokensCapabilities=org.netbeans.modules.java.lsp.server.protocol.Server$2@7d60985a, class org.eclipse.lsp4j.SemanticTokensParams=org.netbeans.modules.java.lsp.server.protocol.Server$3@9d940f3}}], ProxyLookup(class=class org.openide.util.lookup.ProxyLookup)->[ProxyLookup(class=class org.openide.util.lookup.ProxyLookup)->[AbstractLookup[IL[org.netbeans.modules.java.lsp.server.protocol.Server$LanguageServerImpl@37e0f02f, IL[org.netbeans.modules.java.lsp.server.protocol.NbCodeClientWrapper@1f091497, IL[org.netbeans.modules.java.lsp.server.protocol.Server$LanguageServerImpl$2@69d4038, IL[org.netbeans.modules.java.lsp.server.protocol.WorkspaceUIContext@679efa34, IL[org.netbeans.modules.java.lsp.server.explorer.LspTreeViewServiceImpl$1@57cf0f60, IL[org.netbeans.modules.java.lsp.server.input.LspInputServiceImpl$RegistryImpl@3514a2]], ProxyLookup(class=class org.openide.util.lookup.ProxyLookup)->[], ProxyLookup(class=class org.netbeans.core.startup.MainLookup)->[MetaInfServicesLookup[SystemClassLoader[168 modules]], SingletonLookup[SystemClassLoader[168 modules]], ProxyLookup(class=class org.openide.util.lookup.ProxyLookup)->[SingletonLookup[org.netbeans.ModuleManager@2c142437], ModuleLookup[FixedModule:org.openide.filesystems, FixedModule:org.netbeans.modules.editor.tools.storage, FixedModule:org.netbeans.modules.maven.indexer.ui, FixedModule:org.netbeans.modules.java.lexer, FixedModule:org.netbeans.modules.debugger.jpda.projects, FixedModule:org.netbeans.modules.debugger.jpda.ui, FixedModule:org.netbeans.spi.navigator, FixedModule:org.netbeans.modules.java.hints, FixedModule:org.netbeans.modules.xml.xam, FixedModule:org.netbeans.modules.gsf.testrunner.ui, FixedModule:org.netbeans.modules.editor.fold.nbui, FixedModule:org.netbeans.api.templates, FixedModule:org.netbeans.modules.project.ant, FixedModule:org.netbeans.modules.java.openjdk.project, FixedModule:org.netbeans.libs.json_simple, FixedModule:org.netbeans.libs.lucene, FixedModule:org.netbeans.modules.java.preprocessorbridge, FixedModule:org.netbeans.modules.editor.util, FixedModule:org.netbeans.api.search, FixedModule:org.netbeans.lib.nbjavac, FixedModule:org.netbeans.modules.java.lsp.server, FixedModule:org.netbeans.modules.editor.indent.support, FixedModule:org.netbeans.modules.lexer.nbbridge, FixedModule:org.netbeans.modules.extexecution, FixedModule:org.netbeans.modules.java.platform, FixedModule:org.netbeans.modules.extexecution.process.jdk9, FixedModule:org.netbeans.modules.maven.indexer, FixedModule:org.netbeans.modules.java.source.base, FixedModule:org.netbeans.core.windows, FixedModule:org.openide.nodes, FixedModule:org.netbeans.modules.lexer, FixedModule:org.netbeans.modules.editor.errorstripe.api, FixedModule:org.netbeans.core.startup.base, FixedModule:org.netbeans.modules.parsing.nb, FixedModule:org.netbeans.modules.editor.settings.storage, FixedModule:org.netbeans.modules.gototest, FixedModule:org.openide.actions, FixedModule:org.netbeans.api.debugger, FixedModule:org.netbeans.insane, FixedModule:org.apache.tools.ant.module, FixedModule:org.netbeans.modules.diff, FixedModule:org.netbeans.spi.java.hints, FixedModule:org.netbeans.modules.editor.actions, FixedModule:org.netbeans.modules.options.java, FixedModule:org.netbeans.spi.debugger.ui, FixedModule:org.netbeans.modules.editor.lib, FixedModule:org.netbeans.swing.tabcontrol, FixedModule:org.netbeans.libs.antlr3.runtime, FixedModule:org.netbeans.core, FixedModule:org.netbeans.modules.debugger.jpda, FixedModule:org.netbeans.modules.csl.api, FixedModule:org.netbeans.modules.javascript2.debug, FixedModule:org.openide.util.lookup, FixedModule:org.netbeans.modules.options.keymap, FixedModule:org.netbeans.modules.java.project, FixedModule:org.netbeans.modules.parsing.lucene, FixedModule:org.netbeans.modules.gsf.testrunner, FixedModule:org.netbeans.spi.editor.hints.projects, FixedModule:org.openide.dialogs, FixedModule:org.netbeans.libs.jna, FixedModule:org.netbeans.modules.gradle.java, FixedModule:org.netbeans.modules.java.file.launcher, FixedModule:org.netbeans.swing.plaf, FixedModule:org.openide.windows, FixedModule:org.netbeans.api.java.classpath, FixedModule:org.netbeans.libs.graalsdk, FixedModule:org.netbeans.modules.editor.errorstripe, FixedModule:org.netbeans.modules.editor.document, FixedModule:org.netbeans.modules.maven.model, FixedModule:org.netbeans.modules.autoupdate.services, FixedModule:org.netbeans.modules.refactoring.java, FixedModule:org.netbeans.modules.swing.validation, FixedModule:org.netbeans.modules.libs.gradle, FixedModule:org.netbeans.modules.editor.fold, FixedModule:org.netbeans.modules.libs.corba.omgapi, FixedModule:org.netbeans.modules.maven, FixedModule:org.netbeans.modules.project.dependency, FixedModule:org.netbeans.modules.javahelp, FixedModule:org.netbeans.modules.parsing.api, FixedModule:org.netbeans.core.execution, FixedModule:org.netbeans.modules.editor.settings.lib, FixedModule:org.netbeans.spi.tasklist, FixedModule:org.netbeans.modules.java.nativeimage.debugger, FixedModule:org.netbeans.api.scripting, FixedModule:org.netbeans.modules.projectuiapi.base, FixedModule:org.netbeans.modules.java.source, FixedModule:org.netbeans.api.progress, FixedModule:org.openide.awt, FixedModule:org.netbeans.modules.jumpto, FixedModule:org.openide.loaders, FixedModule:org.netbeans.modules.maven.embedder, FixedModule:org.netbeans.modules.project.spi.intern, FixedModule:org.netbeans.api.lsp, FixedModule:org.openide.explorer, FixedModule:org.netbeans.modules.editor.breadcrumbs, FixedModule:org.netbeans.modules.debugger.jpda.truffle, FixedModule:org.netbeans.api.intent, FixedModule:org.netbeans.modules.projectapi, FixedModule:org.netbeans.modules.options.api, FixedModule:org.netbeans.spi.viewmodel, FixedModule:org.netbeans.modules.csl.types, FixedModule:org.netbeans.core.multiview, FixedModule:org.netbeans.modules.projectapi.nb, FixedModule:org.netbeans.modules.db, FixedModule:org.openide.util, FixedModule:org.netbeans.modules.java.hints.legacy.spi, FixedModule:org.apache.commons.commons_io, FixedModule:org.netbeans.core.startup, FixedModule:org.netbeans.modules.masterfs, FixedModule:org.openide.execution, FixedModule:org.netbeans.api.java, FixedModule:org.netbeans.api.debugger.jpda, FixedModule:org.openide.filesystems.nb, FixedModule:org.netbeans.libs.flexmark, FixedModule:org.openide.modules, FixedModule:org.netbeans.modules.java.sourceui, FixedModule:org.netbeans.api.annotations.common, FixedModule:org.netbeans.modules.extexecution.process, FixedModule:org.openide.io, FixedModule:org.netbeans.modules.editor.indent, FixedModule:org.netbeans.swing.outline, FixedModule:org.netbeans.modules.java.hints.declarative, FixedModule:org.netbeans.modules.java.api.common, FixedModule:org.netbeans.modules.options.editor, FixedModule:org.netbeans.modules.extexecution.base, FixedModule:org.netbeans.modules.db.metadata.model, FixedModule:org.netbeans.api.xml.ui, FixedModule:org.netbeans.modules.editor.mimelookup.impl, FixedModule:org.netbeans.bootstrap, FixedModule:org.netbeans.spi.debugger.jpda.ui, FixedModule:org.netbeans.modules.editor, FixedModule:org.netbeans.core.ui, FixedModule:org.netbeans.modules.java.testrunner, FixedModule:org.netbeans.modules.editor.codetemplates, FixedModule:org.netbeans.modules.editor.mimelookup, FixedModule:org.netbeans.modules.nativeimage.api, FixedModule:org.openide.text, FixedModule:org.netbeans.modules.java.editor, FixedModule:org.netbeans.modules.whitelist, FixedModule:org.apache.xml.resolver, FixedModule:org.netbeans.libs.asm, FixedModule:org.netbeans.modules.parsing.indexing, FixedModule:org.netbeans.modules.editor.settings, FixedModule:org.netbeans.api.htmlui, FixedModule:org.netbeans.modules.xml.catalog, FixedModule:org.netbeans.modules.classfile, FixedModule:org.netbeans.modules.java.completion, FixedModule:org.netbeans.modules.sendopts, FixedModule:org.netbeans.modules.java.editor.base, FixedModule:org.netbeans.modules.java.platform.ui, FixedModule:org.openide.util.ui, FixedModule:org.netbeans.modules.nbjunit, FixedModule:org.netbeans.api.progress.nb, FixedModule:org.netbeans.libs.freemarker, FixedModule:org.netbeans.libs.junit4, FixedModule:org.netbeans.spi.editor.hints, FixedModule:org.netbeans.modules.editor.bracesmatching, FixedModule:org.netbeans.libs.truffleapi, FixedModule:org.netbeans.modules.project.libraries, FixedModule:org.netbeans.modules.project.libraries.ui, FixedModule:org.netbeans.modules.favorites, FixedModule:org.netbeans.modules.java.j2seplatform, FixedModule:org.netbeans.modules.java.testrunner.ui, FixedModule:org.netbeans.api.xml, FixedModule:org.netbeans.modules.keyring, FixedModule:org.netbeans.modules.sampler, FixedModule:org.netbeans.modules.editor.lib2, FixedModule:org.netbeans.modules.editor.guards, FixedModule:org.netbeans.modules.projectui, FixedModule:org.netbeans.modules.java.project.ui, FixedModule:org.netbeans.modules.project.ant.ui, FixedModule:org.netbeans.modules.editor.indent.project, FixedModule:org.netbeans.modules.code.analysis, FixedModule:org.netbeans.modules.queries, FixedModule:org.netbeans.libs.javacapi, FixedModule:org.netbeans.spi.quicksearch, FixedModule:org.netbeans.modules.settings, FixedModule:org.netbeans.modules.projectuiapi, FixedModule:org.netbeans.modules.web.common, FixedModule:org.netbeans.core.ide, FixedModule:org.netbeans.modules.refactoring.api, FixedModule:org.netbeans.modules.gradle, FixedModule:org.netbeans.modules.project.indexingbridge, FixedModule:org.netbeans.api.io, FixedModule:org.netbeans.modules.editor.completion]], AbstractLookup[], FolderLookup.lookup["SL["]]]]
Apr 09, 2024 7:02:10 PM org.openide.util.ImageUtilities getIcon
INFO: No SVG loader available for loading jar:file:/C:/Project/github/javavscode/netbeans/nbbuild/netbeans/platform/modules/org-openide-loaders.jar!/org/openide/loaders/defaultFolder.svg
Apr 09, 2024 7:02:10 PM org.netbeans.modules.project.ui.OpenProjectList log
INFO: USG_PROJECT_OPEN
Apr 09, 2024 7:02:10 PM org.netbeans.modules.java.lsp.server.protocol.Server$LanguageServerImpl lambda$asyncOpenSelectedProjects1$9
INFO: 1 projects opened in 603ms
Apr 09, 2024 7:02:10 PM org.netbeans.modules.parsing.impl.indexing.RepositoryUpdater$Work reportIndexingStart
INFO: Indexing started, time from last indexing 0 ms.
Apr 09, 2024 7:02:15 PM org.netbeans.modules.parsing.impl.indexing.RepositoryUpdater$RootsWork getDone
INFO: Resolving dependencies took: 5,005 ms
Apr 09, 2024 7:02:28 PM org.netbeans.modules.parsing.impl.indexing.RepositoryUpdater$AbstractRootsWork scanBinaries
INFO: Complete indexing of 71 binary roots took: 12,960 ms
Apr 09, 2024 7:02:30 PM org.netbeans.modules.parsing.impl.indexing.RepositoryUpdater$AbstractRootsWork scanSources
INFO: Indexing of: C:\Project\github\javavscode\netbeans\java\java.lsp.server\build\test\unit\work\o.n.m.j.l.s.p.S\fi took: 1,433 ms (New or modified files: 2, Deleted files: 0) [Adding listeners took: 1 ms]
Apr 09, 2024 7:02:30 PM org.netbeans.modules.parsing.impl.indexing.RepositoryUpdater$AbstractRootsWork scanSources
INFO: Complete indexing of 1 source roots took: 1,433 ms (New or modified files: 2, Deleted files: 0) [Adding listeners took: 1 ms]
Apr 09, 2024 7:02:30 PM org.netbeans.modules.parsing.impl.indexing.RepositoryUpdater$Work reportIndexerStatistics
INFO: Indexing finished, indexing took 19,796 ms.
Apr 09, 2024 7:02:31 PM org.netbeans.modules.java.source.parsing.JavacParser init
WARNING: ClassPath identity changed for C:\Project\github\javavscode\netbeans\java\java.lsp.server\build\test\unit\work\o.n.m.j.l.s.p.S\fi\Test.java@bbcf84e0:227203f0, class path owner: C:\Project\github\javavscode\netbeans\java\java.lsp.server\build\test\unit\work\o.n.m.j.l.s.p.S\fi (class org.netbeans.modules.java.lsp.server.protocol.ServerTest$TestProjectFactory$4) original sourcePath: C:\Project\github\javavscode\netbeans\java\java.lsp.server\build\test\unit\work\o.n.m.j.l.s.p.S\fi new sourcePath: C:\Project\github\javavscode\netbeans\java\java.lsp.server\build\test\unit\work\o.n.m.j.l.s.p.S\fi
Apr 09, 2024 7:02:33 PM org.netbeans.modules.project.ui.OpenProjectList log
INFO: USG_PROJECT_CLOSE
Creating a client for testcase: testAdvancedCompletion1
Apr 09, 2024 7:02:33 PM org.netbeans.modules.project.ui.OpenProjectList log
INFO: USG_PROJECT_OPEN
Apr 09, 2024 7:02:33 PM org.netbeans.modules.java.lsp.server.protocol.Server$LanguageServerImpl lambda$asyncOpenSelectedProjects1$9
INFO: 1 projects opened in 7ms
Apr 09, 2024 7:02:34 PM org.netbeans.modules.parsing.impl.indexing.RepositoryUpdater$Work reportIndexingStart
INFO: Indexing started, time from last indexing 3,941 ms.
Apr 09, 2024 7:02:34 PM org.netbeans.modules.parsing.impl.indexing.RepositoryUpdater$RootsWork getDone
INFO: Resolving dependencies took: 62 ms
Apr 09, 2024 7:02:34 PM org.netbeans.modules.parsing.impl.indexing.RepositoryUpdater$AbstractRootsWork scanBinaries
INFO: Complete indexing of 0 binary roots took: 2 ms
Apr 09, 2024 7:02:35 PM org.netbeans.modules.parsing.impl.indexing.RepositoryUpdater$AbstractRootsWork scanSources
INFO: Indexing of: C:\Project\github\javavscode\netbeans\java\java.lsp.server\build\test\unit\work\o.n.m.j.l.s.p.S\ac took: 1,325 ms (New or modified files: 2, Deleted files: 0) [Adding listeners took: 0 ms]
Apr 09, 2024 7:02:35 PM org.netbeans.modules.parsing.impl.indexing.RepositoryUpdater$AbstractRootsWork scanSources
INFO: Complete indexing of 1 source roots took: 1,325 ms (New or modified files: 2, Deleted files: 0) [Adding listeners took: 0 ms]
Apr 09, 2024 7:02:35 PM org.netbeans.modules.parsing.impl.indexing.RepositoryUpdater$Work reportIndexerStatistics
INFO: Indexing finished, indexing took 1,407 ms.
Apr 09, 2024 7:02:35 PM org.netbeans.modules.parsing.impl.indexing.RepositoryUpdater$Work reportIndexingStart
INFO: Indexing started, time from last indexing 1 ms.
Apr 09, 2024 7:02:35 PM org.netbeans.modules.java.source.indexing.JavaCustomIndexer index
WARNING: Ignoring root with no ClassPath: C:\Project\github\javavscode\netbeans\java\java.lsp.server\build\test\unit\work\o.n.m.j.l.s.p.S\dopl
Apr 09, 2024 7:02:36 PM org.netbeans.modules.parsing.impl.indexing.RepositoryUpdater$Work reportIndexerStatistics
INFO: Indexing finished, indexing took 475 ms.
Apr 09, 2024 7:02:36 PM org.netbeans.modules.java.source.parsing.JavacParser init
WARNING: ClassPath identity changed for C:\Project\github\javavscode\netbeans\java\java.lsp.server\build\test\unit\work\o.n.m.j.l.s.p.S\ac\Test.java@181a3381:56a1cd94, class path owner: C:\Project\github\javavscode\netbeans\java\java.lsp.server\build\test\unit\work\o.n.m.j.l.s.p.S\ac (class org.netbeans.modules.java.lsp.server.protocol.ServerTest$TestProjectFactory$4) original sourcePath: C:\Project\github\javavscode\netbeans\java\java.lsp.server\build\test\unit\work\o.n.m.j.l.s.p.S\ac new sourcePath: C:\Project\github\javavscode\netbeans\java\java.lsp.server\build\test\unit\work\o.n.m.j.l.s.p.S\ac
Apr 09, 2024 7:02:38 PM org.netbeans.modules.java.source.parsing.JavacParser init
WARNING: ClassPath identity changed for C:\Project\github\javavscode\netbeans\java\java.lsp.server\build\test\unit\work\o.n.m.j.l.s.p.S\ac\Test.java@181a3381:56a1cd94, class path owner: C:\Project\github\javavscode\netbeans\java\java.lsp.server\build\test\unit\work\o.n.m.j.l.s.p.S\ac (class org.netbeans.modules.java.lsp.server.protocol.ServerTest$TestProjectFactory$4) original sourcePath: C:\Project\github\javavscode\netbeans\java\java.lsp.server\build\test\unit\work\o.n.m.j.l.s.p.S\ac new sourcePath: C:\Project\github\javavscode\netbeans\java\java.lsp.server\build\test\unit\work\o.n.m.j.l.s.p.S\ac
Apr 09, 2024 7:02:39 PM org.netbeans.modules.java.source.parsing.JavacParser init
WARNING: ClassPath identity changed for C:\Project\github\javavscode\netbeans\java\java.lsp.server\build\test\unit\work\o.n.m.j.l.s.p.S\ac\Test.java@181a3381:56a1cd94, class path owner: C:\Project\github\javavscode\netbeans\java\java.lsp.server\build\test\unit\work\o.n.m.j.l.s.p.S\ac (class org.netbeans.modules.java.lsp.server.protocol.ServerTest$TestProjectFactory$4) original sourcePath: C:\Project\github\javavscode\netbeans\java\java.lsp.server\build\test\unit\work\o.n.m.j.l.s.p.S\ac new sourcePath: C:\Project\github\javavscode\netbeans\java\java.lsp.server\build\test\unit\work\o.n.m.j.l.s.p.S\ac
Apr 09, 2024 7:02:39 PM org.netbeans.modules.java.source.parsing.JavacParser init
WARNING: ClassPath identity changed for C:\Project\github\javavscode\netbeans\java\java.lsp.server\build\test\unit\work\o.n.m.j.l.s.p.S\fi\Test.java@bbcf84e0:227203f0, class path owner: C:\Project\github\javavscode\netbeans\java\java.lsp.server\build\test\unit\work\o.n.m.j.l.s.p.S\fi (class org.netbeans.modules.java.lsp.server.protocol.ServerTest$TestProjectFactory$4) original sourcePath: C:\Project\github\javavscode\netbeans\java\java.lsp.server\build\test\unit\work\o.n.m.j.l.s.p.S\fi new sourcePath: C:\Project\github\javavscode\netbeans\java\java.lsp.server\build\test\unit\work\o.n.m.j.l.s.p.S\fi
Documented
Inherited
Native
Repeatable
Retention
Target
Apr 09, 2024 7:02:40 PM org.netbeans.modules.java.source.parsing.JavacParser init
WARNING: ClassPath identity changed for C:\Project\github\javavscode\netbeans\java\java.lsp.server\build\test\unit\work\o.n.m.j.l.s.p.S\ac\Test.java@181a3381:56a1cd94, class path owner: C:\Project\github\javavscode\netbeans\java\java.lsp.server\build\test\unit\work\o.n.m.j.l.s.p.S\ac (class org.netbeans.modules.java.lsp.server.protocol.ServerTest$TestProjectFactory$4) original sourcePath: C:\Project\github\javavscode\netbeans\java\java.lsp.server\build\test\unit\work\o.n.m.j.l.s.p.S\ac new sourcePath: C:\Project\github\javavscode\netbeans\java\java.lsp.server\build\test\unit\work\o.n.m.j.l.s.p.S\ac
value
ElementType.TYPE
ElementType.FIELD
ElementType.METHOD
ElementType.PARAMETER
ElementType.CONSTRUCTOR
ElementType.LOCAL_VARIABLE
ElementType.ANNOTATION_TYPE
ElementType.PACKAGE
ElementType.TYPE_PARAMETER
ElementType.TYPE_USE
ElementType.MODULE
ElementType.RECORD_COMPONENT
false
true
Test
Void
VirtualMachineError
VerifyError
UnsupportedOperationException
UnsupportedClassVersionError
UnsatisfiedLinkError
UnknownError
TypeNotPresentException
Throwable
ThreadLocal
ThreadGroup
ThreadDeath
Thread
System
SuppressWarnings
StringIndexOutOfBoundsException
StringBuilder
StringBuffer
String
StrictMath
StackWalker
StackTraceElement
StackOverflowError
Short
SecurityManager
SecurityException
SafeVarargs
RuntimePermission
RuntimeException
Runtime
Runnable
ReflectiveOperationException
Record
Readable
ProcessHandle
ProcessBuilder
Process
Package
Override
OutOfMemoryError
Object
NumberFormatException
Number
NullPointerException
NoSuchMethodException
NoSuchMethodError
NoSuchFieldException
NoSuchFieldError
NoClassDefFoundError
NegativeArraySizeException
ModuleLayer
Module
Math
Long
LinkageError
LayerInstantiationException
Iterable
InterruptedException
InternalError
Integer
InstantiationException
InstantiationError
InheritableThreadLocal
IndexOutOfBoundsException
IncompatibleClassChangeError
IllegalThreadStateException
IllegalStateException
IllegalMonitorStateException
IllegalCallerException
IllegalArgumentException
IllegalAccessException
IllegalAccessError
FunctionalInterface
Float
ExceptionInInitializerError
Exception
Error
EnumConstantNotPresentException
Enum
Double
Deprecated
Compiler
Comparable
Cloneable
CloneNotSupportedException
ClassValue
ClassNotFoundException
ClassLoader
ClassFormatError
ClassCircularityError
ClassCastException
Class
Character
CharSequence
Byte
BootstrapMethodError
Boolean
AutoCloseable
AssertionError
ArrayStoreException
ArrayIndexOutOfBoundsException
ArithmeticException
Appendable
AbstractMethodError
sun
java
com
jdk
javax
org
netscape
Apr 09, 2024 7:02:41 PM org.netbeans.modules.java.source.parsing.JavacParser init
WARNING: ClassPath identity changed for C:\Project\github\javavscode\netbeans\java\java.lsp.server\build\test\unit\work\o.n.m.j.l.s.p.S\ac\Test.java@181a3381:56a1cd94, class path owner: C:\Project\github\javavscode\netbeans\java\java.lsp.server\build\test\unit\work\o.n.m.j.l.s.p.S\ac (class org.netbeans.modules.java.lsp.server.protocol.ServerTest$TestProjectFactory$4) original sourcePath: C:\Project\github\javavscode\netbeans\java\java.lsp.server\build\test\unit\work\o.n.m.j.l.s.p.S\ac new sourcePath: C:\Project\github\javavscode\netbeans\java\java.lsp.server\build\test\unit\work\o.n.m.j.l.s.p.S\ac
value
ElementType.TYPE
ElementType.FIELD
ElementType.METHOD
ElementType.PARAMETER
ElementType.CONSTRUCTOR
ElementType.LOCAL_VARIABLE
ElementType.ANNOTATION_TYPE
ElementType.PACKAGE
ElementType.TYPE_PARAMETER
ElementType.TYPE_USE
ElementType.MODULE
ElementType.RECORD_COMPONENT
false
true
ElementType
Test
Void
VirtualMachineError
VerifyError
UnsupportedOperationException
UnsupportedClassVersionError
UnsatisfiedLinkError
UnknownError
TypeNotPresentException
Throwable
ThreadLocal
ThreadGroup
ThreadDeath
Thread
System
SuppressWarnings
StringIndexOutOfBoundsException
StringBuilder
StringBuffer
String
StrictMath
StackWalker
StackTraceElement
StackOverflowError
Short
SecurityManager
SecurityException
SafeVarargs
RuntimePermission
RuntimeException
Runtime
Runnable
ReflectiveOperationException
Record
Readable
ProcessHandle
ProcessBuilder
Process
Package
Override
OutOfMemoryError
Object
NumberFormatException
Number
NullPointerException
NoSuchMethodException
NoSuchMethodError
NoSuchFieldException
NoSuchFieldError
NoClassDefFoundError
NegativeArraySizeException
ModuleLayer
Module
Math
Long
LinkageError
LayerInstantiationException
Iterable
InterruptedException
InternalError
Integer
InstantiationException
InstantiationError
InheritableThreadLocal
IndexOutOfBoundsException
IncompatibleClassChangeError
IllegalThreadStateException
IllegalStateException
IllegalMonitorStateException
IllegalCallerException
IllegalArgumentException
IllegalAccessException
IllegalAccessError
FunctionalInterface
Float
ExceptionInInitializerError
Exception
Error
EnumConstantNotPresentException
Enum
Double
Deprecated
Compiler
Comparable
Cloneable
CloneNotSupportedException
ClassValue
ClassNotFoundException
ClassLoader
ClassFormatError
ClassCircularityError
ClassCastException
Class
Character
CharSequence
Byte
BootstrapMethodError
Boolean
AutoCloseable
AssertionError
ArrayStoreException
ArrayIndexOutOfBoundsException
ArithmeticException
Appendable
AbstractMethodError
sun
java
com
jdk
javax
org
netscape
Apr 09, 2024 7:02:43 PM org.netbeans.modules.project.ui.OpenProjectList log
INFO: USG_PROJECT_CLOSE
Creating a client for testcase: testSurroundWith
Apr 09, 2024 7:02:43 PM org.netbeans.modules.java.lsp.server.protocol.Server$LanguageServerImpl lambda$asyncOpenSelectedProjects1$9
INFO: 0 projects opened in 1ms
Apr 09, 2024 7:02:43 PM org.netbeans.modules.parsing.impl.indexing.RepositoryUpdater$Work reportIndexingStart
INFO: Indexing started, time from last indexing 7,432 ms.
Apr 09, 2024 7:02:43 PM org.netbeans.modules.java.source.parsing.JavacParser init
WARNING: ClassPath identity changed for C:\Project\github\javavscode\netbeans\java\java.lsp.server\build\test\unit\work\o.n.m.j.l.s.p.S\ac\Test.java@181a3381:56a1cd94, class path owner: C:\Project\github\javavscode\netbeans\java\java.lsp.server\build\test\unit\work\o.n.m.j.l.s.p.S\ac (class org.netbeans.modules.java.lsp.server.protocol.ServerTest$TestProjectFactory$4) original sourcePath: C:\Project\github\javavscode\netbeans\java\java.lsp.server\build\test\unit\work\o.n.m.j.l.s.p.S\ac new sourcePath: C:\Project\github\javavscode\netbeans\java\java.lsp.server\build\test\unit\work\o.n.m.j.l.s.p.S\ac
Apr 09, 2024 7:02:43 PM org.netbeans.modules.parsing.impl.indexing.RepositoryUpdater$RootsWork getDone
INFO: Resolving dependencies took: 0 ms
Apr 09, 2024 7:02:43 PM org.netbeans.modules.parsing.impl.indexing.RepositoryUpdater$AbstractRootsWork scanBinaries
INFO: Complete indexing of 0 binary roots took: 0 ms
Apr 09, 2024 7:02:43 PM org.netbeans.modules.parsing.impl.indexing.RepositoryUpdater$AbstractRootsWork scanSources
INFO: Complete indexing of 0 source roots took: 0 ms (New or modified files: 0, Deleted files: 0) [Adding listeners took: 0 ms]
Apr 09, 2024 7:02:43 PM org.netbeans.modules.parsing.impl.indexing.RepositoryUpdater$Work reportIndexerStatistics
INFO: Indexing finished, indexing took 34 ms.
Apr 09, 2024 7:02:44 PM org.netbeans.modules.java.source.parsing.JavacParser init
WARNING: ClassPath identity changed for C:\Project\github\javavscode\netbeans\java\java.lsp.server\build\test\unit\work\o.n.m.j.l.s.p.S\dopl\Test2.java@c0e83c48:7b6722cc, class path owner: null original sourcePath: C:\Project\github\javavscode\netbeans\java\java.lsp.server\build\test\unit\work\o.n.m.j.l.s.p.S\dopl new sourcePath: C:\Project\github\javavscode\netbeans\java\java.lsp.server\build\test\unit\work\o.n.m.j.l.s.p.S\dopl
Apr 09, 2024 7:02:45 PM org.netbeans.modules.java.source.parsing.JavacParser init
WARNING: ClassPath identity changed for C:\Project\github\javavscode\netbeans\java\java.lsp.server\build\test\unit\work\o.n.m.j.l.s.p.S\fi\Test.java@bbcf84e0:227203f0, class path owner: C:\Project\github\javavscode\netbeans\java\java.lsp.server\build\test\unit\work\o.n.m.j.l.s.p.S\fi (class org.netbeans.modules.java.lsp.server.protocol.ServerTest$TestProjectFactory$4) original sourcePath: C:\Project\github\javavscode\netbeans\java\java.lsp.server\build\test\unit\work\o.n.m.j.l.s.p.S\fi new sourcePath: C:\Project\github\javavscode\netbeans\java\java.lsp.server\build\test\unit\work\o.n.m.j.l.s.p.S\fi
Apr 09, 2024 7:02:45 PM org.netbeans.modules.java.source.parsing.JavacParser init
WARNING: ClassPath identity changed for C:\Project\github\javavscode\netbeans\java\java.lsp.server\build\test\unit\work\o.n.m.j.l.s.p.S\ac\Test.java@181a3381:56a1cd94, class path owner: C:\Project\github\javavscode\netbeans\java\java.lsp.server\build\test\unit\work\o.n.m.j.l.s.p.S\ac (class org.netbeans.modules.java.lsp.server.protocol.ServerTest$TestProjectFactory$4) original sourcePath: C:\Project\github\javavscode\netbeans\java\java.lsp.server\build\test\unit\work\o.n.m.j.l.s.p.S\ac new sourcePath: C:\Project\github\javavscode\netbeans\java\java.lsp.server\build\test\unit\work\o.n.m.j.l.s.p.S\ac
Creating a client for testcase: testSourceActionOrganizeImports
Apr 09, 2024 7:02:46 PM org.netbeans.modules.java.lsp.server.protocol.Server$LanguageServerImpl lambda$asyncOpenSelectedProjects1$9
INFO: 0 projects opened in 70ms
Creating a client for testcase: testRenameDocumentChangesCapabilitiesRenameOp
Apr 09, 2024 7:02:47 PM org.netbeans.modules.project.ui.OpenProjectList log
INFO: USG_PROJECT_OPEN
Apr 09, 2024 7:02:47 PM org.netbeans.modules.java.lsp.server.protocol.Server$LanguageServerImpl lambda$asyncOpenSelectedProjects1$9
INFO: 1 projects opened in 8ms
Apr 09, 2024 7:02:48 PM org.netbeans.modules.java.source.parsing.JavacParser init
WARNING: ClassPath identity changed for C:\Project\github\javavscode\netbeans\java\java.lsp.server\build\test\unit\work\o.n.m.j.l.s.p.S\saoi\Test.java@a20f5d87:3d87818, class path owner: null original sourcePath: C:\Project\github\javavscode\netbeans\java\java.lsp.server\build\test\unit\work\o.n.m.j.l.s.p.S\saoi new sourcePath: C:\Project\github\javavscode\netbeans\java\java.lsp.server\build\test\unit\work\o.n.m.j.l.s.p.S\saoi
Apr 09, 2024 7:02:48 PM org.netbeans.modules.parsing.impl.indexing.RepositoryUpdater$Work reportIndexingStart
INFO: Indexing started, time from last indexing 4,776 ms.
Apr 09, 2024 7:02:48 PM org.netbeans.modules.parsing.impl.indexing.RepositoryUpdater$RootsWork getDone
INFO: Resolving dependencies took: 428 ms
Apr 09, 2024 7:02:49 PM org.netbeans.modules.parsing.impl.indexing.RepositoryUpdater$AbstractRootsWork scanBinaries
INFO: Complete indexing of 71 binary roots took: 236 ms
Apr 09, 2024 7:02:50 PM org.netbeans.modules.parsing.impl.indexing.RepositoryUpdater$AbstractRootsWork scanSources
INFO: Indexing of: C:\Project\github\javavscode\netbeans\java\java.lsp.server\build\test\unit\work\o.n.m.j.l.s.p.S\rdccro took: 1,004 ms (New or modified files: 3, Deleted files: 0) [Adding listeners took: 0 ms]
Apr 09, 2024 7:02:50 PM org.netbeans.modules.parsing.impl.indexing.RepositoryUpdater$AbstractRootsWork scanSources
INFO: Complete indexing of 1 source roots took: 1,004 ms (New or modified files: 3, Deleted files: 0) [Adding listeners took: 0 ms]
Apr 09, 2024 7:02:50 PM org.netbeans.modules.parsing.impl.indexing.RepositoryUpdater$Work reportIndexerStatistics
INFO: Indexing finished, indexing took 1,671 ms.
Apr 09, 2024 7:02:50 PM org.netbeans.modules.parsing.impl.indexing.RepositoryUpdater$Work reportIndexingStart
INFO: Indexing started, time from last indexing 0 ms.
Apr 09, 2024 7:02:50 PM org.netbeans.modules.java.source.indexing.JavaCustomIndexer index
WARNING: Ignoring root with no ClassPath: C:\Project\github\javavscode\netbeans\java\java.lsp.server\build\test\unit\work\o.n.m.j.l.s.p.S\sw
Apr 09, 2024 7:02:50 PM org.netbeans.modules.parsing.impl.indexing.RepositoryUpdater$Work reportIndexerStatistics
INFO: Indexing finished, indexing took 325 ms.
Apr 09, 2024 7:02:50 PM org.netbeans.modules.parsing.impl.indexing.RepositoryUpdater$Work reportIndexingStart
INFO: Indexing started, time from last indexing 1 ms.
Apr 09, 2024 7:02:50 PM org.netbeans.modules.java.source.indexing.JavaCustomIndexer index
WARNING: Ignoring root with no ClassPath: C:\Project\github\javavscode\netbeans\java\java.lsp.server\build\test\unit\work\o.n.m.j.l.s.p.S\saoi
Apr 09, 2024 7:02:50 PM org.netbeans.modules.java.source.parsing.JavacParser init
WARNING: ClassPath identity changed for C:\Project\github\javavscode\netbeans\java\java.lsp.server\build\test\unit\work\o.n.m.j.l.s.p.S\saoi\Test.java@a20f5d87:3d87818, class path owner: null original sourcePath: C:\Project\github\javavscode\netbeans\java\java.lsp.server\build\test\unit\work\o.n.m.j.l.s.p.S\saoi new sourcePath: C:\Project\github\javavscode\netbeans\java\java.lsp.server\build\test\unit\work\o.n.m.j.l.s.p.S\saoi
Apr 09, 2024 7:02:50 PM org.netbeans.modules.parsing.impl.indexing.RepositoryUpdater$Work reportIndexerStatistics
INFO: Indexing finished, indexing took 343 ms.
Apr 09, 2024 7:02:51 PM org.netbeans.modules.java.source.parsing.JavacParser init
WARNING: ClassPath identity changed for C:\Project\github\javavscode\netbeans\java\java.lsp.server\build\test\unit\work\o.n.m.j.l.s.p.S\dopl\Test2.java@c0e83c48:7b6722cc, class path owner: null original sourcePath: C:\Project\github\javavscode\netbeans\java\java.lsp.server\build\test\unit\work\o.n.m.j.l.s.p.S\dopl new sourcePath: C:\Project\github\javavscode\netbeans\java\java.lsp.server\build\test\unit\work\o.n.m.j.l.s.p.S\dopl
Apr 09, 2024 7:02:51 PM org.netbeans.modules.java.source.parsing.JavacParser init
WARNING: ClassPath identity changed for C:\Project\github\javavscode\netbeans\java\java.lsp.server\build\test\unit\work\o.n.m.j.l.s.p.S\fi\Test.java@bbcf84e0:227203f0, class path owner: C:\Project\github\javavscode\netbeans\java\java.lsp.server\build\test\unit\work\o.n.m.j.l.s.p.S\fi (class org.netbeans.modules.java.lsp.server.protocol.ServerTest$TestProjectFactory$4) original sourcePath: C:\Project\github\javavscode\netbeans\java\java.lsp.server\build\test\unit\work\o.n.m.j.l.s.p.S\fi new sourcePath: C:\Project\github\javavscode\netbeans\java\java.lsp.server\build\test\unit\work\o.n.m.j.l.s.p.S\fi
Apr 09, 2024 7:02:51 PM org.netbeans.modules.java.source.parsing.JavacParser init
WARNING: ClassPath identity changed for C:\Project\github\javavscode\netbeans\java\java.lsp.server\build\test\unit\work\o.n.m.j.l.s.p.S\sw\Test.java@4476a843:6abb247, class path owner: null original sourcePath: C:\Project\github\javavscode\netbeans\java\java.lsp.server\build\test\unit\work\o.n.m.j.l.s.p.S\sw new sourcePath: C:\Project\github\javavscode\netbeans\java\java.lsp.server\build\test\unit\work\o.n.m.j.l.s.p.S\sw
Apr 09, 2024 7:02:52 PM org.netbeans.modules.java.source.parsing.JavacParser init
WARNING: ClassPath identity changed for C:\Project\github\javavscode\netbeans\java\java.lsp.server\build\test\unit\work\o.n.m.j.l.s.p.S\saoi\Test.java@a20f5d87:3d87818, class path owner: null original sourcePath: C:\Project\github\javavscode\netbeans\java\java.lsp.server\build\test\unit\work\o.n.m.j.l.s.p.S\saoi new sourcePath: C:\Project\github\javavscode\netbeans\java\java.lsp.server\build\test\unit\work\o.n.m.j.l.s.p.S\saoi
Apr 09, 2024 7:02:52 PM org.netbeans.modules.java.source.parsing.JavacParser init
WARNING: ClassPath identity changed for C:\Project\github\javavscode\netbeans\java\java.lsp.server\build\test\unit\work\o.n.m.j.l.s.p.S\ac\Test.java@181a3381:56a1cd94, class path owner: C:\Project\github\javavscode\netbeans\java\java.lsp.server\build\test\unit\work\o.n.m.j.l.s.p.S\ac (class org.netbeans.modules.java.lsp.server.protocol.ServerTest$TestProjectFactory$4) original sourcePath: C:\Project\github\javavscode\netbeans\java\java.lsp.server\build\test\unit\work\o.n.m.j.l.s.p.S\ac new sourcePath: C:\Project\github\javavscode\netbeans\java\java.lsp.server\build\test\unit\work\o.n.m.j.l.s.p.S\ac
Apr 09, 2024 7:02:53 PM org.netbeans.modules.project.ui.OpenProjectList log
INFO: USG_PROJECT_CLOSE
Creating a client for testcase: testSimulateNewUnnamedFile
Apr 09, 2024 7:02:53 PM org.netbeans.modules.java.lsp.server.protocol.Server$LanguageServerImpl lambda$asyncOpenSelectedProjects1$9
INFO: 0 projects opened in 0ms
Creating a client for testcase: testCodeActionImplementAllAbstractMethodsInAnonymousClass
Apr 09, 2024 7:02:53 PM org.netbeans.modules.java.lsp.server.protocol.Server$LanguageServerImpl lambda$asyncOpenSelectedProjects1$9
INFO: 0 projects opened in 1ms
Apr 09, 2024 7:02:53 PM org.netbeans.modules.parsing.impl.indexing.RepositoryUpdater$Work reportIndexingStart
INFO: Indexing started, time from last indexing 3,236 ms.
Apr 09, 2024 7:02:54 PM org.netbeans.modules.parsing.impl.indexing.RepositoryUpdater$RootsWork getDone
INFO: Resolving dependencies took: 0 ms
Apr 09, 2024 7:02:54 PM org.netbeans.modules.parsing.impl.indexing.RepositoryUpdater$AbstractRootsWork scanBinaries
INFO: Complete indexing of 0 binary roots took: 0 ms
Apr 09, 2024 7:02:54 PM org.netbeans.modules.parsing.impl.indexing.RepositoryUpdater$AbstractRootsWork scanSources
INFO: Complete indexing of 0 source roots took: 0 ms (New or modified files: 0, Deleted files: 0) [Adding listeners took: 0 ms]
Apr 09, 2024 7:02:54 PM org.netbeans.modules.parsing.impl.indexing.RepositoryUpdater$Work reportIndexerStatistics
INFO: Indexing finished, indexing took 78 ms.
Apr 09, 2024 7:02:55 PM org.netbeans.modules.java.source.parsing.JavacParser init
WARNING: ClassPath identity changed for C:\Project\github\javavscode\netbeans\java\java.lsp.server\build\test\unit\work\o.n.m.j.l.s.p.S\dopl\Test2.java@c0e83c48:7b6722cc, class path owner: null original sourcePath: C:\Project\github\javavscode\netbeans\java\java.lsp.server\build\test\unit\work\o.n.m.j.l.s.p.S\dopl new sourcePath: C:\Project\github\javavscode\netbeans\java\java.lsp.server\build\test\unit\work\o.n.m.j.l.s.p.S\dopl
Apr 09, 2024 7:02:55 PM org.netbeans.modules.java.source.parsing.JavacParser init
WARNING: ClassPath identity changed for C:\Project\github\javavscode\netbeans\java\java.lsp.server\build\test\unit\work\o.n.m.j.l.s.p.S\fi\Test.java@bbcf84e0:227203f0, class path owner: C:\Project\github\javavscode\netbeans\java\java.lsp.server\build\test\unit\work\o.n.m.j.l.s.p.S\fi (class org.netbeans.modules.java.lsp.server.protocol.ServerTest$TestProjectFactory$4) original sourcePath: C:\Project\github\javavscode\netbeans\java\java.lsp.server\build\test\unit\work\o.n.m.j.l.s.p.S\fi new sourcePath: C:\Project\github\javavscode\netbeans\java\java.lsp.server\build\test\unit\work\o.n.m.j.l.s.p.S\fi
Apr 09, 2024 7:02:56 PM org.netbeans.modules.java.source.parsing.JavacParser init
WARNING: ClassPath identity changed for C:\Project\github\javavscode\netbeans\java\java.lsp.server\build\test\unit\work\o.n.m.j.l.s.p.S\rdccro\Test.java@87eb52ec:219d62cb, class path owner: C:\Project\github\javavscode\netbeans\java\java.lsp.server\build\test\unit\work\o.n.m.j.l.s.p.S\rdccro (class org.netbeans.modules.java.lsp.server.protocol.ServerTest$TestProjectFactory$4) original sourcePath: C:\Project\github\javavscode\netbeans\java\java.lsp.server\build\test\unit\work\o.n.m.j.l.s.p.S\rdccro new sourcePath: C:\Project\github\javavscode\netbeans\java\java.lsp.server\build\test\unit\work\o.n.m.j.l.s.p.S\rdccro
Apr 09, 2024 7:02:56 PM org.netbeans.modules.java.source.parsing.JavacParser init
WARNING: ClassPath identity changed for C:\Project\github\javavscode\netbeans\java\java.lsp.server\build\test\unit\work\o.n.m.j.l.s.p.S\rdccro\Test2.java@7ad3c640:75bf3a3c, class path owner: C:\Project\github\javavscode\netbeans\java\java.lsp.server\build\test\unit\work\o.n.m.j.l.s.p.S\rdccro (class org.netbeans.modules.java.lsp.server.protocol.ServerTest$TestProjectFactory$4) original sourcePath: C:\Project\github\javavscode\netbeans\java\java.lsp.server\build\test\unit\work\o.n.m.j.l.s.p.S\rdccro new sourcePath: C:\Project\github\javavscode\netbeans\java\java.lsp.server\build\test\unit\work\o.n.m.j.l.s.p.S\rdccro
Apr 09, 2024 7:02:57 PM org.netbeans.modules.java.source.parsing.JavacParser init
WARNING: ClassPath identity changed for C:\Project\github\javavscode\netbeans\java\java.lsp.server\build\test\unit\work\o.n.m.j.l.s.p.S\saoi\Test.java@a20f5d87:3d87818, class path owner: null original sourcePath: C:\Project\github\javavscode\netbeans\java\java.lsp.server\build\test\unit\work\o.n.m.j.l.s.p.S\saoi new sourcePath: C:\Project\github\javavscode\netbeans\java\java.lsp.server\build\test\unit\work\o.n.m.j.l.s.p.S\saoi
Apr 09, 2024 7:02:57 PM org.netbeans.modules.java.source.parsing.JavacParser init
WARNING: ClassPath identity changed for C:\Project\github\javavscode\netbeans\java\java.lsp.server\build\test\unit\work\o.n.m.j.l.s.p.S\ac\Test.java@181a3381:56a1cd94, class path owner: C:\Project\github\javavscode\netbeans\java\java.lsp.server\build\test\unit\work\o.n.m.j.l.s.p.S\ac (class org.netbeans.modules.java.lsp.server.protocol.ServerTest$TestProjectFactory$4) original sourcePath: C:\Project\github\javavscode\netbeans\java\java.lsp.server\build\test\unit\work\o.n.m.j.l.s.p.S\ac new sourcePath: C:\Project\github\javavscode\netbeans\java\java.lsp.server\build\test\unit\work\o.n.m.j.l.s.p.S\ac
Creating a client for testcase: testCodeActionGetterSetter
Apr 09, 2024 7:02:59 PM org.netbeans.modules.java.lsp.server.protocol.Server$LanguageServerImpl lambda$asyncOpenSelectedProjects1$9
INFO: 0 projects opened in 1ms
Creating a client for testcase: testCodeActionGenerateConstructor
Apr 09, 2024 7:03:00 PM org.netbeans.modules.java.lsp.server.protocol.Server$LanguageServerImpl lambda$asyncOpenSelectedProjects1$9
INFO: 0 projects opened in 2ms
Creating a client for testcase: testPushDown
Apr 09, 2024 7:03:01 PM org.netbeans.modules.project.ui.OpenProjectList log
INFO: USG_PROJECT_OPEN
Apr 09, 2024 7:03:01 PM org.netbeans.modules.java.lsp.server.protocol.Server$LanguageServerImpl lambda$asyncOpenSelectedProjects1$9
INFO: 1 projects opened in 11ms
Apr 09, 2024 7:03:01 PM org.netbeans.modules.java.source.parsing.JavacParser init
WARNING: ClassPath identity changed for C:\Project\github\javavscode\netbeans\java\java.lsp.server\build\test\unit\work\o.n.m.j.l.s.p.S\cagc\Test.java@c9454739:10982a93, class path owner: null original sourcePath: C:\Project\github\javavscode\netbeans\java\java.lsp.server\build\test\unit\work\o.n.m.j.l.s.p.S\cagc new sourcePath: C:\Project\github\javavscode\netbeans\java\java.lsp.server\build\test\unit\work\o.n.m.j.l.s.p.S\cagc
Apr 09, 2024 7:03:01 PM org.netbeans.modules.parsing.impl.indexing.RepositoryUpdater$Work reportIndexingStart
INFO: Indexing started, time from last indexing 7,902 ms.
Apr 09, 2024 7:03:02 PM org.netbeans.modules.parsing.impl.indexing.RepositoryUpdater$RootsWork getDone
INFO: Resolving dependencies took: 436 ms
Apr 09, 2024 7:03:03 PM org.netbeans.modules.parsing.impl.indexing.RepositoryUpdater$AbstractRootsWork scanBinaries
INFO: Complete indexing of 71 binary roots took: 627 ms
Apr 09, 2024 7:03:04 PM org.netbeans.modules.parsing.impl.indexing.RepositoryUpdater$AbstractRootsWork scanSources
INFO: Indexing of: C:\Project\github\javavscode\netbeans\java\java.lsp.server\build\test\unit\work\o.n.m.j.l.s.p.S\pd took: 1,061 ms (New or modified files: 3, Deleted files: 0) [Adding listeners took: 0 ms]
Apr 09, 2024 7:03:04 PM org.netbeans.modules.parsing.impl.indexing.RepositoryUpdater$AbstractRootsWork scanSources
INFO: Complete indexing of 1 source roots took: 1,061 ms (New or modified files: 3, Deleted files: 0) [Adding listeners took: 0 ms]
Apr 09, 2024 7:03:04 PM org.netbeans.modules.parsing.impl.indexing.RepositoryUpdater$Work reportIndexerStatistics
INFO: Indexing finished, indexing took 2,128 ms.
Apr 09, 2024 7:03:04 PM org.netbeans.modules.parsing.impl.indexing.RepositoryUpdater$Work reportIndexingStart
INFO: Indexing started, time from last indexing 0 ms.
Apr 09, 2024 7:03:04 PM org.netbeans.modules.java.source.indexing.JavaCustomIndexer index
WARNING: Ignoring root with no ClassPath: C:\Project\github\javavscode\netbeans\java\java.lsp.server\build\test\unit\work\o.n.m.j.l.s.p.S\caiaamiac
Apr 09, 2024 7:03:04 PM org.netbeans.modules.java.source.parsing.JavacParser init
WARNING: ClassPath identity changed for C:\Project\github\javavscode\netbeans\java\java.lsp.server\build\test\unit\work\o.n.m.j.l.s.p.S\caiaamiac\Test.java@49cd76ee:7dbf3adb, class path owner: null original sourcePath: C:\Project\github\javavscode\netbeans\java\java.lsp.server\build\test\unit\work\o.n.m.j.l.s.p.S\caiaamiac new sourcePath: C:\Project\github\javavscode\netbeans\java\java.lsp.server\build\test\unit\work\o.n.m.j.l.s.p.S\caiaamiac
Apr 09, 2024 7:03:04 PM org.netbeans.modules.parsing.impl.indexing.RepositoryUpdater$Work reportIndexerStatistics
INFO: Indexing finished, indexing took 334 ms.
Apr 09, 2024 7:03:04 PM org.netbeans.modules.parsing.impl.indexing.RepositoryUpdater$Work reportIndexingStart
INFO: Indexing started, time from last indexing 0 ms.
Apr 09, 2024 7:03:04 PM org.netbeans.modules.java.source.indexing.JavaCustomIndexer index
WARNING: Ignoring root with no ClassPath: C:\Project\github\javavscode\netbeans\java\java.lsp.server\build\test\unit\work\o.n.m.j.l.s.p.S\snuf
Apr 09, 2024 7:03:04 PM org.netbeans.modules.parsing.impl.indexing.RepositoryUpdater$Work reportIndexerStatistics
INFO: Indexing finished, indexing took 335 ms.
Apr 09, 2024 7:03:04 PM org.netbeans.modules.parsing.impl.indexing.RepositoryUpdater$Work reportIndexingStart
INFO: Indexing started, time from last indexing 0 ms.
Apr 09, 2024 7:03:04 PM org.netbeans.modules.java.source.indexing.JavaCustomIndexer index
WARNING: Ignoring root with no ClassPath: C:\Project\github\javavscode\netbeans\java\java.lsp.server\build\test\unit\work\o.n.m.j.l.s.p.S\cags
Apr 09, 2024 7:03:04 PM org.netbeans.modules.java.source.parsing.JavacParser init
WARNING: ClassPath identity changed for C:\Project\github\javavscode\netbeans\java\java.lsp.server\build\test\unit\work\o.n.m.j.l.s.p.S\cags\Test.java@17b06b29:7f50b290, class path owner: null original sourcePath: C:\Project\github\javavscode\netbeans\java\java.lsp.server\build\test\unit\work\o.n.m.j.l.s.p.S\cags new sourcePath: C:\Project\github\javavscode\netbeans\java\java.lsp.server\build\test\unit\work\o.n.m.j.l.s.p.S\cags
Apr 09, 2024 7:03:05 PM org.netbeans.modules.parsing.impl.indexing.RepositoryUpdater$Work reportIndexerStatistics
INFO: Indexing finished, indexing took 342 ms.
Apr 09, 2024 7:03:05 PM org.netbeans.modules.parsing.impl.indexing.RepositoryUpdater$Work reportIndexingStart
INFO: Indexing started, time from last indexing 1 ms.
Apr 09, 2024 7:03:05 PM org.netbeans.modules.java.source.indexing.JavaCustomIndexer index
WARNING: Ignoring root with no ClassPath: C:\Project\github\javavscode\netbeans\java\java.lsp.server\build\test\unit\work\o.n.m.j.l.s.p.S\cagc
Apr 09, 2024 7:03:05 PM org.netbeans.modules.java.source.parsing.JavacParser init
WARNING: ClassPath identity changed for C:\Project\github\javavscode\netbeans\java\java.lsp.server\build\test\unit\work\o.n.m.j.l.s.p.S\cagc\Test.java@c9454739:10982a93, class path owner: null original sourcePath: C:\Project\github\javavscode\netbeans\java\java.lsp.server\build\test\unit\work\o.n.m.j.l.s.p.S\cagc new sourcePath: C:\Project\github\javavscode\netbeans\java\java.lsp.server\build\test\unit\work\o.n.m.j.l.s.p.S\cagc
Apr 09, 2024 7:03:05 PM org.netbeans.modules.parsing.impl.indexing.RepositoryUpdater$Work reportIndexerStatistics
INFO: Indexing finished, indexing took 376 ms.
Apr 09, 2024 7:03:06 PM org.netbeans.modules.java.source.parsing.JavacParser init
WARNING: ClassPath identity changed for C:\Project\github\javavscode\netbeans\java\java.lsp.server\build\test\unit\work\o.n.m.j.l.s.p.S\caiaamiac\Test.java@49cd76ee:7dbf3adb, class path owner: null original sourcePath: C:\Project\github\javavscode\netbeans\java\java.lsp.server\build\test\unit\work\o.n.m.j.l.s.p.S\caiaamiac new sourcePath: C:\Project\github\javavscode\netbeans\java\java.lsp.server\build\test\unit\work\o.n.m.j.l.s.p.S\caiaamiac
Apr 09, 2024 7:03:06 PM org.netbeans.modules.java.source.parsing.JavacParser init
WARNING: ClassPath identity changed for C:\Project\github\javavscode\netbeans\java\java.lsp.server\build\test\unit\work\o.n.m.j.l.s.p.S\dopl\Test2.java@c0e83c48:7b6722cc, class path owner: null original sourcePath: C:\Project\github\javavscode\netbeans\java\java.lsp.server\build\test\unit\work\o.n.m.j.l.s.p.S\dopl new sourcePath: C:\Project\github\javavscode\netbeans\java\java.lsp.server\build\test\unit\work\o.n.m.j.l.s.p.S\dopl
Apr 09, 2024 7:03:06 PM org.netbeans.modules.java.source.parsing.JavacParser init
WARNING: ClassPath identity changed for C:\Project\github\javavscode\netbeans\java\java.lsp.server\build\test\unit\work\o.n.m.j.l.s.p.S\cags\Test.java@17b06b29:7f50b290, class path owner: null original sourcePath: C:\Project\github\javavscode\netbeans\java\java.lsp.server\build\test\unit\work\o.n.m.j.l.s.p.S\cags new sourcePath: C:\Project\github\javavscode\netbeans\java\java.lsp.server\build\test\unit\work\o.n.m.j.l.s.p.S\cags
Apr 09, 2024 7:03:07 PM org.netbeans.modules.java.source.parsing.JavacParser init
WARNING: ClassPath identity changed for C:\Project\github\javavscode\netbeans\java\java.lsp.server\build\test\unit\work\o.n.m.j.l.s.p.S\fi\Test.java@bbcf84e0:227203f0, class path owner: C:\Project\github\javavscode\netbeans\java\java.lsp.server\build\test\unit\work\o.n.m.j.l.s.p.S\fi (class org.netbeans.modules.java.lsp.server.protocol.ServerTest$TestProjectFactory$4) original sourcePath: C:\Project\github\javavscode\netbeans\java\java.lsp.server\build\test\unit\work\o.n.m.j.l.s.p.S\fi new sourcePath: C:\Project\github\javavscode\netbeans\java\java.lsp.server\build\test\unit\work\o.n.m.j.l.s.p.S\fi
Apr 09, 2024 7:03:07 PM org.netbeans.modules.java.source.parsing.JavacParser init
WARNING: ClassPath identity changed for C:\Project\github\javavscode\netbeans\java\java.lsp.server\build\test\unit\work\o.n.m.j.l.s.p.S\rdccro\Test.java@87eb52ec:219d62cb, class path owner: C:\Project\github\javavscode\netbeans\java\java.lsp.server\build\test\unit\work\o.n.m.j.l.s.p.S\rdccro (class org.netbeans.modules.java.lsp.server.protocol.ServerTest$TestProjectFactory$4) original sourcePath: C:\Project\github\javavscode\netbeans\java\java.lsp.server\build\test\unit\work\o.n.m.j.l.s.p.S\rdccro new sourcePath: C:\Project\github\javavscode\netbeans\java\java.lsp.server\build\test\unit\work\o.n.m.j.l.s.p.S\rdccro
Apr 09, 2024 7:03:07 PM org.netbeans.modules.java.source.parsing.JavacParser init
WARNING: ClassPath identity changed for C:\Project\github\javavscode\netbeans\java\java.lsp.server\build\test\unit\work\o.n.m.j.l.s.p.S\rdccro\Test2.java@7ad3c640:75bf3a3c, class path owner: C:\Project\github\javavscode\netbeans\java\java.lsp.server\build\test\unit\work\o.n.m.j.l.s.p.S\rdccro (class org.netbeans.modules.java.lsp.server.protocol.ServerTest$TestProjectFactory$4) original sourcePath: C:\Project\github\javavscode\netbeans\java\java.lsp.server\build\test\unit\work\o.n.m.j.l.s.p.S\rdccro new sourcePath: C:\Project\github\javavscode\netbeans\java\java.lsp.server\build\test\unit\work\o.n.m.j.l.s.p.S\rdccro
Apr 09, 2024 7:03:08 PM org.netbeans.modules.project.ui.OpenProjectList log
INFO: USG_PROJECT_CLOSE
Apr 09, 2024 7:03:08 PM org.netbeans.modules.java.source.parsing.JavacParser init
WARNING: ClassPath identity changed for C:\Project\github\javavscode\netbeans\java\java.lsp.server\build\test\unit\work\o.n.m.j.l.s.p.S\saoi\Test.java@a20f5d87:3d87818, class path owner: null original sourcePath: C:\Project\github\javavscode\netbeans\java\java.lsp.server\build\test\unit\work\o.n.m.j.l.s.p.S\saoi new sourcePath: C:\Project\github\javavscode\netbeans\java\java.lsp.server\build\test\unit\work\o.n.m.j.l.s.p.S\saoi
Creating a client for testcase: testSourceActionEqualsHashCode
Apr 09, 2024 7:03:08 PM org.netbeans.modules.java.lsp.server.protocol.Server$LanguageServerImpl lambda$asyncOpenSelectedProjects1$9
INFO: 0 projects opened in 2ms
Apr 09, 2024 7:03:08 PM org.netbeans.modules.parsing.impl.indexing.RepositoryUpdater$Work reportIndexingStart
INFO: Indexing started, time from last indexing 3,123 ms.
Apr 09, 2024 7:03:08 PM org.netbeans.modules.parsing.impl.indexing.RepositoryUpdater$RootsWork getDone
INFO: Resolving dependencies took: 1 ms
Apr 09, 2024 7:03:08 PM org.netbeans.modules.parsing.impl.indexing.RepositoryUpdater$AbstractRootsWork scanBinaries
INFO: Complete indexing of 0 binary roots took: 0 ms
Apr 09, 2024 7:03:08 PM org.netbeans.modules.parsing.impl.indexing.RepositoryUpdater$AbstractRootsWork scanSources
INFO: Complete indexing of 0 source roots took: 0 ms (New or modified files: 0, Deleted files: 0) [Adding listeners took: 0 ms]
Apr 09, 2024 7:03:08 PM org.netbeans.modules.parsing.impl.indexing.RepositoryUpdater$Work reportIndexerStatistics
INFO: Indexing finished, indexing took 88 ms.
Apr 09, 2024 7:03:09 PM org.netbeans.modules.java.source.parsing.JavacParser init
WARNING: ClassPath identity changed for C:\Project\github\javavscode\netbeans\java\java.lsp.server\build\test\unit\work\o.n.m.j.l.s.p.S\ac\Test.java@181a3381:56a1cd94, class path owner: C:\Project\github\javavscode\netbeans\java\java.lsp.server\build\test\unit\work\o.n.m.j.l.s.p.S\ac (class org.netbeans.modules.java.lsp.server.protocol.ServerTest$TestProjectFactory$4) original sourcePath: C:\Project\github\javavscode\netbeans\java\java.lsp.server\build\test\unit\work\o.n.m.j.l.s.p.S\ac new sourcePath: C:\Project\github\javavscode\netbeans\java\java.lsp.server\build\test\unit\work\o.n.m.j.l.s.p.S\ac
Apr 09, 2024 7:03:09 PM org.netbeans.modules.java.source.parsing.JavacParser init
WARNING: ClassPath identity changed for C:\Project\github\javavscode\netbeans\java\java.lsp.server\build\test\unit\work\o.n.m.j.l.s.p.S\caiaamiac\Test.java@49cd76ee:7dbf3adb, class path owner: null original sourcePath: C:\Project\github\javavscode\netbeans\java\java.lsp.server\build\test\unit\work\o.n.m.j.l.s.p.S\caiaamiac new sourcePath: C:\Project\github\javavscode\netbeans\java\java.lsp.server\build\test\unit\work\o.n.m.j.l.s.p.S\caiaamiac
Apr 09, 2024 7:03:10 PM org.netbeans.modules.java.source.parsing.JavacParser init
WARNING: ClassPath identity changed for C:\Project\github\javavscode\netbeans\java\java.lsp.server\build\test\unit\work\o.n.m.j.l.s.p.S\dopl\Test2.java@c0e83c48:7b6722cc, class path owner: null original sourcePath: C:\Project\github\javavscode\netbeans\java\java.lsp.server\build\test\unit\work\o.n.m.j.l.s.p.S\dopl new sourcePath: C:\Project\github\javavscode\netbeans\java\java.lsp.server\build\test\unit\work\o.n.m.j.l.s.p.S\dopl
Apr 09, 2024 7:03:10 PM org.netbeans.modules.java.source.parsing.JavacParser init
WARNING: ClassPath identity changed for C:\Project\github\javavscode\netbeans\java\java.lsp.server\build\test\unit\work\o.n.m.j.l.s.p.S\fi\Test.java@bbcf84e0:227203f0, class path owner: C:\Project\github\javavscode\netbeans\java\java.lsp.server\build\test\unit\work\o.n.m.j.l.s.p.S\fi (class org.netbeans.modules.java.lsp.server.protocol.ServerTest$TestProjectFactory$4) original sourcePath: C:\Project\github\javavscode\netbeans\java\java.lsp.server\build\test\unit\work\o.n.m.j.l.s.p.S\fi new sourcePath: C:\Project\github\javavscode\netbeans\java\java.lsp.server\build\test\unit\work\o.n.m.j.l.s.p.S\fi
Apr 09, 2024 7:03:11 PM org.netbeans.modules.java.source.parsing.JavacParser init
WARNING: ClassPath identity changed for C:\Project\github\javavscode\netbeans\java\java.lsp.server\build\test\unit\work\o.n.m.j.l.s.p.S\sw\Test.java@4476a843:6abb247, class path owner: null original sourcePath: C:\Project\github\javavscode\netbeans\java\java.lsp.server\build\test\unit\work\o.n.m.j.l.s.p.S\sw new sourcePath: C:\Project\github\javavscode\netbeans\java\java.lsp.server\build\test\unit\work\o.n.m.j.l.s.p.S\sw
Apr 09, 2024 7:03:11 PM org.netbeans.modules.java.source.parsing.JavacParser init
WARNING: ClassPath identity changed for C:\Project\github\javavscode\netbeans\java\java.lsp.server\build\test\unit\work\o.n.m.j.l.s.p.S\cagc\Test.java@c9454739:10982a93, class path owner: null original sourcePath: C:\Project\github\javavscode\netbeans\java\java.lsp.server\build\test\unit\work\o.n.m.j.l.s.p.S\cagc new sourcePath: C:\Project\github\javavscode\netbeans\java\java.lsp.server\build\test\unit\work\o.n.m.j.l.s.p.S\cagc
Apr 09, 2024 7:03:11 PM org.netbeans.modules.java.source.parsing.JavacParser init
WARNING: ClassPath identity changed for C:\Project\github\javavscode\netbeans\java\java.lsp.server\build\test\unit\work\o.n.m.j.l.s.p.S\rdccro\Test.java@87eb52ec:219d62cb, class path owner: C:\Project\github\javavscode\netbeans\java\java.lsp.server\build\test\unit\work\o.n.m.j.l.s.p.S\rdccro (class org.netbeans.modules.java.lsp.server.protocol.ServerTest$TestProjectFactory$4) original sourcePath: C:\Project\github\javavscode\netbeans\java\java.lsp.server\build\test\unit\work\o.n.m.j.l.s.p.S\rdccro new sourcePath: C:\Project\github\javavscode\netbeans\java\java.lsp.server\build\test\unit\work\o.n.m.j.l.s.p.S\rdccro
Apr 09, 2024 7:03:11 PM org.netbeans.modules.java.source.parsing.JavacParser init
WARNING: ClassPath identity changed for C:\Project\github\javavscode\netbeans\java\java.lsp.server\build\test\unit\work\o.n.m.j.l.s.p.S\rdccro\Test2.java@7ad3c640:75bf3a3c, class path owner: C:\Project\github\javavscode\netbeans\java\java.lsp.server\build\test\unit\work\o.n.m.j.l.s.p.S\rdccro (class org.netbeans.modules.java.lsp.server.protocol.ServerTest$TestProjectFactory$4) original sourcePath: C:\Project\github\javavscode\netbeans\java\java.lsp.server\build\test\unit\work\o.n.m.j.l.s.p.S\rdccro new sourcePath: C:\Project\github\javavscode\netbeans\java\java.lsp.server\build\test\unit\work\o.n.m.j.l.s.p.S\rdccro
Apr 09, 2024 7:03:12 PM org.netbeans.modules.java.source.parsing.JavacParser init
WARNING: ClassPath identity changed for C:\Project\github\javavscode\netbeans\java\java.lsp.server\build\test\unit\work\o.n.m.j.l.s.p.S\saoi\Test.java@a20f5d87:3d87818, class path owner: null original sourcePath: C:\Project\github\javavscode\netbeans\java\java.lsp.server\build\test\unit\work\o.n.m.j.l.s.p.S\saoi new sourcePath: C:\Project\github\javavscode\netbeans\java\java.lsp.server\build\test\unit\work\o.n.m.j.l.s.p.S\saoi
Apr 09, 2024 7:03:13 PM org.netbeans.modules.java.source.parsing.JavacParser init
WARNING: ClassPath identity changed for C:\Project\github\javavscode\netbeans\java\java.lsp.server\build\test\unit\work\o.n.m.j.l.s.p.S\saehc\Test.java@b505e779:54eec211, class path owner: null original sourcePath: C:\Project\github\javavscode\netbeans\java\java.lsp.server\build\test\unit\work\o.n.m.j.l.s.p.S\saehc new sourcePath: C:\Project\github\javavscode\netbeans\java\java.lsp.server\build\test\unit\work\o.n.m.j.l.s.p.S\saehc
Apr 09, 2024 7:03:13 PM org.netbeans.modules.java.source.parsing.JavacParser init
WARNING: ClassPath identity changed for C:\Project\github\javavscode\netbeans\java\java.lsp.server\build\test\unit\work\o.n.m.j.l.s.p.S\pd\b\Base.java@fdbd3718:b7bf7bf, class path owner: C:\Project\github\javavscode\netbeans\java\java.lsp.server\build\test\unit\work\o.n.m.j.l.s.p.S\pd (class org.netbeans.modules.java.lsp.server.protocol.ServerTest$TestProjectFactory$4) original sourcePath: C:\Project\github\javavscode\netbeans\java\java.lsp.server\build\test\unit\work\o.n.m.j.l.s.p.S\pd new sourcePath: C:\Project\github\javavscode\netbeans\java\java.lsp.server\build\test\unit\work\o.n.m.j.l.s.p.S\pd
Creating a client for testcase: testSemanticHighlighting
Error during dispatch at client: 
java.lang.RuntimeException: java.lang.reflect.InvocationTargetException
	at org.eclipse.lsp4j.jsonrpc.services.GenericEndpoint.lambda$null$0(GenericEndpoint.java:67)
	at org.eclipse.lsp4j.jsonrpc.services.GenericEndpoint.request(GenericEndpoint.java:120)
	at org.eclipse.lsp4j.jsonrpc.RemoteEndpoint.handleRequest(RemoteEndpoint.java:261)
	at org.eclipse.lsp4j.jsonrpc.RemoteEndpoint.consume(RemoteEndpoint.java:190)
	at org.eclipse.lsp4j.jsonrpc.json.StreamMessageProducer.handleMessage(StreamMessageProducer.java:194)
	at org.eclipse.lsp4j.jsonrpc.json.StreamMessageProducer.listen(StreamMessageProducer.java:94)
	at org.eclipse.lsp4j.jsonrpc.json.ConcurrentMessageProcessor.run(ConcurrentMessageProcessor.java:113)
	at java.base/java.util.concurrent.Executors$RunnableAdapter.call(Executors.java:539)
	at java.base/java.util.concurrent.FutureTask.run(FutureTask.java:264)
	at java.base/java.util.concurrent.ThreadPoolExecutor.runWorker(ThreadPoolExecutor.java:1136)
	at java.base/java.util.concurrent.ThreadPoolExecutor$Worker.run(ThreadPoolExecutor.java:635)
	at java.base/java.lang.Thread.run(Thread.java:833)
Caused by: java.lang.reflect.InvocationTargetException
	at jdk.internal.reflect.GeneratedMethodAccessor64.invoke(Unknown Source)
	at java.base/jdk.internal.reflect.DelegatingMethodAccessorImpl.invoke(DelegatingMethodAccessorImpl.java:43)
	at java.base/java.lang.reflect.Method.invoke(Method.java:568)
	at org.eclipse.lsp4j.jsonrpc.services.GenericEndpoint.lambda$null$0(GenericEndpoint.java:65)
	... 11 more
Caused by: java.lang.UnsupportedOperationException
	at org.eclipse.lsp4j.services.LanguageClient.configuration(LanguageClient.java:138)
	... 15 more
Apr 09, 2024 7:03:14 PM org.netbeans.modules.java.lsp.server.protocol.Server$LanguageServerImpl lambda$asyncOpenSelectedProjects1$9
INFO: 0 projects opened in 2ms
Apr 09, 2024 7:03:14 PM org.eclipse.lsp4j.jsonrpc.RemoteEndpoint fallbackResponseError
SEVERE: Internal error: java.lang.reflect.InvocationTargetException
java.lang.RuntimeException: java.lang.reflect.InvocationTargetException
	at org.eclipse.lsp4j.jsonrpc.services.GenericEndpoint.lambda$null$0(GenericEndpoint.java:67)
	at org.eclipse.lsp4j.jsonrpc.services.GenericEndpoint.request(GenericEndpoint.java:120)
	at org.eclipse.lsp4j.jsonrpc.RemoteEndpoint.handleRequest(RemoteEndpoint.java:261)
	at org.eclipse.lsp4j.jsonrpc.RemoteEndpoint.consume(RemoteEndpoint.java:190)
	at org.eclipse.lsp4j.jsonrpc.json.StreamMessageProducer.handleMessage(StreamMessageProducer.java:194)
	at org.eclipse.lsp4j.jsonrpc.json.StreamMessageProducer.listen(StreamMessageProducer.java:94)
	at org.eclipse.lsp4j.jsonrpc.json.ConcurrentMessageProcessor.run(ConcurrentMessageProcessor.java:113)
	at java.base/java.util.concurrent.Executors$RunnableAdapter.call(Executors.java:539)
	at java.base/java.util.concurrent.FutureTask.run(FutureTask.java:264)
	at java.base/java.util.concurrent.ThreadPoolExecutor.runWorker(ThreadPoolExecutor.java:1136)
	at java.base/java.util.concurrent.ThreadPoolExecutor$Worker.run(ThreadPoolExecutor.java:635)
	at java.base/java.lang.Thread.run(Thread.java:833)
Caused by: java.lang.reflect.InvocationTargetException
	at jdk.internal.reflect.GeneratedMethodAccessor64.invoke(Unknown Source)
	at java.base/jdk.internal.reflect.DelegatingMethodAccessorImpl.invoke(DelegatingMethodAccessorImpl.java:43)
	at java.base/java.lang.reflect.Method.invoke(Method.java:568)
	at org.eclipse.lsp4j.jsonrpc.services.GenericEndpoint.lambda$null$0(GenericEndpoint.java:65)
	... 11 more
Caused by: java.lang.UnsupportedOperationException
	at org.eclipse.lsp4j.services.LanguageClient.configuration(LanguageClient.java:138)
	... 15 more

Creating a client for testcase: testSourceActionGetterSetter
Apr 09, 2024 7:03:15 PM org.netbeans.modules.java.lsp.server.protocol.Server$LanguageServerImpl lambda$asyncOpenSelectedProjects1$9
INFO: 0 projects opened in 1ms
Apr 09, 2024 7:03:15 PM org.netbeans.modules.java.source.parsing.JavacParser init
WARNING: ClassPath identity changed for C:\Project\github\javavscode\netbeans\java\java.lsp.server\build\test\unit\work\o.n.m.j.l.s.p.S\sags\Test.java@356d8d39:5a679c35, class path owner: null original sourcePath: C:\Project\github\javavscode\netbeans\java\java.lsp.server\build\test\unit\work\o.n.m.j.l.s.p.S\sags new sourcePath: C:\Project\github\javavscode\netbeans\java\java.lsp.server\build\test\unit\work\o.n.m.j.l.s.p.S\sags
Creating a client for testcase: testNoErrorAndHintsFor
Apr 09, 2024 7:03:16 PM org.netbeans.modules.java.lsp.server.protocol.Server$LanguageServerImpl lambda$asyncOpenSelectedProjects1$9
INFO: 0 projects opened in 1ms
Apr 09, 2024 7:03:16 PM org.openide.filesystems.Ordering getOrder
WARNING: Not all children in / marked with the position attribute: [org-netbeans-modules-java-editor-hyperlink-JavaHyperlinkProvider$LocationProvider.instance], but some are: [org-netbeans-modules-editor-url-HyperlinkImpl.instance]
Apr 09, 2024 7:03:18 PM org.netbeans.modules.java.source.parsing.JavacParser init
WARNING: ClassPath identity changed for AbstractFileObject@285cf39e[java.base/java/lang/String.java], class path owner: null original sourcePath: jar:file:/C:/Project/JDK/jdk-17/lib/src.zip!/java.base/java/lang/ new sourcePath: jar:file:/C:/Project/JDK/jdk-17/lib/src.zip!/java.base/java/lang/
Creating a client for testcase: testSourceActionToString
Apr 09, 2024 7:03:20 PM org.netbeans.modules.java.lsp.server.protocol.Server$LanguageServerImpl lambda$asyncOpenSelectedProjects1$9
INFO: 0 projects opened in 2ms
Creating a client for testcase: testHover
Apr 09, 2024 7:03:21 PM org.netbeans.modules.java.lsp.server.protocol.Server$LanguageServerImpl lambda$asyncOpenSelectedProjects1$9
INFO: 0 projects opened in 0ms
Creating a client for testcase: testGoToSuperImplementation
Apr 09, 2024 7:03:23 PM org.netbeans.modules.java.lsp.server.protocol.Server$LanguageServerImpl lambda$asyncOpenSelectedProjects1$9
INFO: 0 projects opened in 1ms
Creating a client for testcase: testMain
Apr 09, 2024 7:03:24 PM org.netbeans.modules.java.lsp.server.protocol.Server$LanguageServerImpl lambda$asyncOpenSelectedProjects1$9
INFO: 0 projects opened in 1ms
Apr 09, 2024 7:03:26 PM org.netbeans.modules.java.source.parsing.JavacParser init
WARNING: ClassPath identity changed for C:\Project\github\javavscode\netbeans\java\java.lsp.server\build\test\unit\work\o.n.m.j.l.s.p.S\m\Test.java@d6eadd12:4ca89157, class path owner: null original sourcePath: C:\Project\github\javavscode\netbeans\java\java.lsp.server\build\test\unit\work\o.n.m.j.l.s.p.S\m new sourcePath: C:\Project\github\javavscode\netbeans\java\java.lsp.server\build\test\unit\work\o.n.m.j.l.s.p.S\m
Apr 09, 2024 7:03:27 PM org.netbeans.modules.java.source.parsing.JavacParser init
WARNING: ClassPath identity changed for C:\Project\github\javavscode\netbeans\java\java.lsp.server\build\test\unit\work\o.n.m.j.l.s.p.S\m\Test.java@d6eadd12:4ca89157, class path owner: null original sourcePath: C:\Project\github\javavscode\netbeans\java\java.lsp.server\build\test\unit\work\o.n.m.j.l.s.p.S\m new sourcePath: C:\Project\github\javavscode\netbeans\java\java.lsp.server\build\test\unit\work\o.n.m.j.l.s.p.S\m
Apr 09, 2024 7:03:29 PM org.netbeans.modules.java.source.parsing.JavacParser init
WARNING: ClassPath identity changed for C:\Project\github\javavscode\netbeans\java\java.lsp.server\build\test\unit\work\o.n.m.j.l.s.p.S\m\Test.java@d6eadd12:4ca89157, class path owner: null original sourcePath: C:\Project\github\javavscode\netbeans\java\java.lsp.server\build\test\unit\work\o.n.m.j.l.s.p.S\m new sourcePath: C:\Project\github\javavscode\netbeans\java\java.lsp.server\build\test\unit\work\o.n.m.j.l.s.p.S\m
Creating a client for testcase: testCodeActionImplementAllAbstractMethodsInEnum
Apr 09, 2024 7:03:29 PM org.netbeans.modules.java.lsp.server.protocol.Server$LanguageServerImpl lambda$asyncOpenSelectedProjects1$9
INFO: 0 projects opened in 1ms
Creating a client for testcase: testSemanticHighlighting2
Error during dispatch at client: 
java.lang.RuntimeException: java.lang.reflect.InvocationTargetException
	at org.eclipse.lsp4j.jsonrpc.services.GenericEndpoint.lambda$null$0(GenericEndpoint.java:67)
	at org.eclipse.lsp4j.jsonrpc.services.GenericEndpoint.request(GenericEndpoint.java:120)
	at org.eclipse.lsp4j.jsonrpc.RemoteEndpoint.handleRequest(RemoteEndpoint.java:261)
	at org.eclipse.lsp4j.jsonrpc.RemoteEndpoint.consume(RemoteEndpoint.java:190)
	at org.eclipse.lsp4j.jsonrpc.json.StreamMessageProducer.handleMessage(StreamMessageProducer.java:194)
	at org.eclipse.lsp4j.jsonrpc.json.StreamMessageProducer.listen(StreamMessageProducer.java:94)
	at org.eclipse.lsp4j.jsonrpc.json.ConcurrentMessageProcessor.run(ConcurrentMessageProcessor.java:113)
	at java.base/java.util.concurrent.Executors$RunnableAdapter.call(Executors.java:539)
	at java.base/java.util.concurrent.FutureTask.run(FutureTask.java:264)
	at java.base/java.util.concurrent.ThreadPoolExecutor.runWorker(ThreadPoolExecutor.java:1136)
	at java.base/java.util.concurrent.ThreadPoolExecutor$Worker.run(ThreadPoolExecutor.java:635)
	at java.base/java.lang.Thread.run(Thread.java:833)
Caused by: java.lang.reflect.InvocationTargetException
	at jdk.internal.reflect.GeneratedMethodAccessor64.invoke(Unknown Source)
	at java.base/jdk.internal.reflect.DelegatingMethodAccessorImpl.invoke(DelegatingMethodAccessorImpl.java:43)
	at java.base/java.lang.reflect.Method.invoke(Method.java:568)
	at org.eclipse.lsp4j.jsonrpc.services.GenericEndpoint.lambda$null$0(GenericEndpoint.java:65)
	... 11 more
Caused by: java.lang.UnsupportedOperationException
	at org.eclipse.lsp4j.services.LanguageClient.configuration(LanguageClient.java:138)
	... 15 more
Apr 09, 2024 7:03:30 PM org.netbeans.modules.java.lsp.server.protocol.Server$LanguageServerImpl lambda$asyncOpenSelectedProjects1$9
INFO: 0 projects opened in 1ms
Apr 09, 2024 7:03:30 PM org.eclipse.lsp4j.jsonrpc.RemoteEndpoint fallbackResponseError
SEVERE: Internal error: java.lang.reflect.InvocationTargetException
java.lang.RuntimeException: java.lang.reflect.InvocationTargetException
	at org.eclipse.lsp4j.jsonrpc.services.GenericEndpoint.lambda$null$0(GenericEndpoint.java:67)
	at org.eclipse.lsp4j.jsonrpc.services.GenericEndpoint.request(GenericEndpoint.java:120)
	at org.eclipse.lsp4j.jsonrpc.RemoteEndpoint.handleRequest(RemoteEndpoint.java:261)
	at org.eclipse.lsp4j.jsonrpc.RemoteEndpoint.consume(RemoteEndpoint.java:190)
	at org.eclipse.lsp4j.jsonrpc.json.StreamMessageProducer.handleMessage(StreamMessageProducer.java:194)
	at org.eclipse.lsp4j.jsonrpc.json.StreamMessageProducer.listen(StreamMessageProducer.java:94)
	at org.eclipse.lsp4j.jsonrpc.json.ConcurrentMessageProcessor.run(ConcurrentMessageProcessor.java:113)
	at java.base/java.util.concurrent.Executors$RunnableAdapter.call(Executors.java:539)
	at java.base/java.util.concurrent.FutureTask.run(FutureTask.java:264)
	at java.base/java.util.concurrent.ThreadPoolExecutor.runWorker(ThreadPoolExecutor.java:1136)
	at java.base/java.util.concurrent.ThreadPoolExecutor$Worker.run(ThreadPoolExecutor.java:635)
	at java.base/java.lang.Thread.run(Thread.java:833)
Caused by: java.lang.reflect.InvocationTargetException
	at jdk.internal.reflect.GeneratedMethodAccessor64.invoke(Unknown Source)
	at java.base/jdk.internal.reflect.DelegatingMethodAccessorImpl.invoke(DelegatingMethodAccessorImpl.java:43)
	at java.base/java.lang.reflect.Method.invoke(Method.java:568)
	at org.eclipse.lsp4j.jsonrpc.services.GenericEndpoint.lambda$null$0(GenericEndpoint.java:65)
	... 11 more
Caused by: java.lang.UnsupportedOperationException
	at org.eclipse.lsp4j.services.LanguageClient.configuration(LanguageClient.java:138)
	... 15 more

Creating a client for testcase: testGoToImplementations
Apr 09, 2024 7:03:31 PM org.netbeans.modules.project.ui.OpenProjectList log
INFO: USG_PROJECT_OPEN
Apr 09, 2024 7:03:31 PM org.netbeans.modules.java.lsp.server.protocol.Server$LanguageServerImpl lambda$asyncOpenSelectedProjects1$9
INFO: 1 projects opened in 10ms
Apr 09, 2024 7:03:31 PM org.netbeans.modules.parsing.impl.indexing.RepositoryUpdater$Work reportIndexingStart
INFO: Indexing started, time from last indexing 23,074 ms.
Apr 09, 2024 7:03:31 PM org.netbeans.modules.parsing.impl.indexing.RepositoryUpdater$RootsWork getDone
INFO: Resolving dependencies took: 60 ms
Apr 09, 2024 7:03:32 PM org.netbeans.modules.parsing.impl.indexing.RepositoryUpdater$AbstractRootsWork scanBinaries
INFO: Complete indexing of 71 binary roots took: 858 ms
Apr 09, 2024 7:03:33 PM org.netbeans.modules.parsing.impl.indexing.RepositoryUpdater$AbstractRootsWork scanSources
INFO: Indexing of: C:\Project\github\javavscode\netbeans\java\java.lsp.server\build\test\unit\work\o.n.m.j.l.s.p.S\gti took: 1,182 ms (New or modified files: 3, Deleted files: 0) [Adding listeners took: 0 ms]
Apr 09, 2024 7:03:33 PM org.netbeans.modules.parsing.impl.indexing.RepositoryUpdater$AbstractRootsWork scanSources
INFO: Complete indexing of 1 source roots took: 1,182 ms (New or modified files: 3, Deleted files: 0) [Adding listeners took: 0 ms]
Apr 09, 2024 7:03:33 PM org.netbeans.modules.parsing.impl.indexing.RepositoryUpdater$Work reportIndexerStatistics
INFO: Indexing finished, indexing took 2,104 ms.
Apr 09, 2024 7:03:33 PM org.netbeans.modules.parsing.impl.indexing.RepositoryUpdater$Work reportIndexingStart
INFO: Indexing started, time from last indexing 1 ms.
Apr 09, 2024 7:03:34 PM org.netbeans.modules.java.source.indexing.JavaCustomIndexer index
WARNING: Ignoring root with no ClassPath: C:\Project\github\javavscode\netbeans\java\java.lsp.server\build\test\unit\work\o.n.m.j.l.s.p.S\saehc
Apr 09, 2024 7:03:34 PM org.netbeans.modules.java.source.parsing.JavacParser init
WARNING: ClassPath identity changed for C:\Project\github\javavscode\netbeans\java\java.lsp.server\build\test\unit\work\o.n.m.j.l.s.p.S\saehc\Test.java@b505e779:54eec211, class path owner: null original sourcePath: C:\Project\github\javavscode\netbeans\java\java.lsp.server\build\test\unit\work\o.n.m.j.l.s.p.S\saehc new sourcePath: C:\Project\github\javavscode\netbeans\java\java.lsp.server\build\test\unit\work\o.n.m.j.l.s.p.S\saehc
Apr 09, 2024 7:03:34 PM org.netbeans.modules.parsing.impl.indexing.RepositoryUpdater$Work reportIndexerStatistics
INFO: Indexing finished, indexing took 380 ms.
Apr 09, 2024 7:03:34 PM org.netbeans.modules.parsing.impl.indexing.RepositoryUpdater$Work reportIndexingStart
INFO: Indexing started, time from last indexing 0 ms.
Apr 09, 2024 7:03:34 PM org.netbeans.modules.java.source.indexing.JavaCustomIndexer index
WARNING: Ignoring root with no ClassPath: C:\Project\github\javavscode\netbeans\java\java.lsp.server\build\test\unit\work\o.n.m.j.l.s.p.S\sh
Apr 09, 2024 7:03:34 PM org.netbeans.modules.parsing.impl.indexing.RepositoryUpdater$Work reportIndexerStatistics
INFO: Indexing finished, indexing took 437 ms.
Apr 09, 2024 7:03:34 PM org.netbeans.modules.parsing.impl.indexing.RepositoryUpdater$Work reportIndexingStart
INFO: Indexing started, time from last indexing 1 ms.
Apr 09, 2024 7:03:34 PM org.netbeans.modules.java.source.indexing.JavaCustomIndexer index
WARNING: Ignoring root with no ClassPath: C:\Project\github\javavscode\netbeans\java\java.lsp.server\build\test\unit\work\o.n.m.j.l.s.p.S\sags
Apr 09, 2024 7:03:35 PM org.netbeans.modules.parsing.impl.indexing.RepositoryUpdater$Work reportIndexerStatistics
INFO: Indexing finished, indexing took 403 ms.
Apr 09, 2024 7:03:35 PM org.netbeans.modules.parsing.impl.indexing.RepositoryUpdater$Work reportIndexingStart
INFO: Indexing started, time from last indexing 1 ms.
Apr 09, 2024 7:03:35 PM org.netbeans.modules.java.source.indexing.JavaCustomIndexer index
WARNING: Ignoring root with no ClassPath: C:\Project\github\javavscode\netbeans\java\java.lsp.server\build\test\unit\work\o.n.m.j.l.s.p.S\neahf
Apr 09, 2024 7:03:35 PM org.netbeans.modules.parsing.impl.indexing.RepositoryUpdater$Work reportIndexerStatistics
INFO: Indexing finished, indexing took 550 ms.
Apr 09, 2024 7:03:35 PM org.netbeans.modules.parsing.impl.indexing.RepositoryUpdater$Work reportIndexingStart
INFO: Indexing started, time from last indexing 1 ms.
Apr 09, 2024 7:03:36 PM org.netbeans.modules.java.source.parsing.JavacParser init
WARNING: ClassPath identity changed for C:\Project\github\javavscode\netbeans\java\java.lsp.server\build\test\unit\work\o.n.m.j.l.s.p.S\sats\Test.java@99966bea:2a3e4e30, class path owner: null original sourcePath: C:\Project\github\javavscode\netbeans\java\java.lsp.server\build\test\unit\work\o.n.m.j.l.s.p.S\sats new sourcePath: C:\Project\github\javavscode\netbeans\java\java.lsp.server\build\test\unit\work\o.n.m.j.l.s.p.S\sats
Apr 09, 2024 7:03:36 PM org.netbeans.modules.java.source.indexing.JavaCustomIndexer index
WARNING: Ignoring root with no ClassPath: C:\Project\github\javavscode\netbeans\java\java.lsp.server\build\test\unit\work\o.n.m.j.l.s.p.S\sats
Apr 09, 2024 7:03:36 PM org.netbeans.modules.java.source.parsing.JavacParser init
WARNING: ClassPath identity changed for C:\Project\github\javavscode\netbeans\java\java.lsp.server\build\test\unit\work\o.n.m.j.l.s.p.S\h\Test.java@ee925f2f:747f0d70, class path owner: null original sourcePath: C:\Project\github\javavscode\netbeans\java\java.lsp.server\build\test\unit\work\o.n.m.j.l.s.p.S\h new sourcePath: C:\Project\github\javavscode\netbeans\java\java.lsp.server\build\test\unit\work\o.n.m.j.l.s.p.S\h
Apr 09, 2024 7:03:36 PM org.netbeans.modules.java.source.parsing.JavacParser init
WARNING: ClassPath identity changed for C:\Project\github\javavscode\netbeans\java\java.lsp.server\build\test\unit\work\o.n.m.j.l.s.p.S\dopl\Test2.java@c0e83c48:7b6722cc, class path owner: null original sourcePath: C:\Project\github\javavscode\netbeans\java\java.lsp.server\build\test\unit\work\o.n.m.j.l.s.p.S\dopl new sourcePath: C:\Project\github\javavscode\netbeans\java\java.lsp.server\build\test\unit\work\o.n.m.j.l.s.p.S\dopl
Apr 09, 2024 7:03:37 PM org.netbeans.modules.parsing.impl.indexing.RepositoryUpdater$Work reportIndexerStatistics
INFO: Indexing finished, indexing took 2,094 ms.
Apr 09, 2024 7:03:37 PM org.netbeans.modules.parsing.impl.indexing.RepositoryUpdater$Work reportIndexingStart
INFO: Indexing started, time from last indexing 1 ms.
Apr 09, 2024 7:03:38 PM org.netbeans.modules.java.source.parsing.JavacParser init
WARNING: ClassPath identity changed for C:\Project\github\javavscode\netbeans\java\java.lsp.server\build\test\unit\work\o.n.m.j.l.s.p.S\sats\Test.java@99966bea:2a3e4e30, class path owner: null original sourcePath: C:\Project\github\javavscode\netbeans\java\java.lsp.server\build\test\unit\work\o.n.m.j.l.s.p.S\sats new sourcePath: C:\Project\github\javavscode\netbeans\java\java.lsp.server\build\test\unit\work\o.n.m.j.l.s.p.S\sats
Apr 09, 2024 7:03:38 PM org.netbeans.modules.java.source.parsing.JavacParser init
WARNING: ClassPath identity changed for C:\Project\github\javavscode\netbeans\java\java.lsp.server\build\test\unit\work\o.n.m.j.l.s.p.S\h\Test.java@ee925f2f:747f0d70, class path owner: null original sourcePath: C:\Project\github\javavscode\netbeans\java\java.lsp.server\build\test\unit\work\o.n.m.j.l.s.p.S\h new sourcePath: C:\Project\github\javavscode\netbeans\java\java.lsp.server\build\test\unit\work\o.n.m.j.l.s.p.S\h
Apr 09, 2024 7:03:39 PM org.netbeans.modules.java.source.parsing.JavacParser init
WARNING: ClassPath identity changed for C:\Project\github\javavscode\netbeans\java\java.lsp.server\build\test\unit\work\o.n.m.j.l.s.p.S\dopl\Test2.java@c0e83c48:7b6722cc, class path owner: null original sourcePath: C:\Project\github\javavscode\netbeans\java\java.lsp.server\build\test\unit\work\o.n.m.j.l.s.p.S\dopl new sourcePath: C:\Project\github\javavscode\netbeans\java\java.lsp.server\build\test\unit\work\o.n.m.j.l.s.p.S\dopl
Apr 09, 2024 7:03:39 PM org.netbeans.modules.java.source.indexing.JavaCustomIndexer index
WARNING: Ignoring root with no ClassPath: C:\Project\github\javavscode\netbeans\java\java.lsp.server\build\test\unit\work\o.n.m.j.l.s.p.S\h
Apr 09, 2024 7:03:39 PM org.netbeans.modules.java.source.parsing.JavacParser init
WARNING: ClassPath identity changed for C:\Project\github\javavscode\netbeans\java\java.lsp.server\build\test\unit\work\o.n.m.j.l.s.p.S\dopl\Test3.java@c2bd17e9:5e69a7b5, class path owner: null original sourcePath: C:\Project\github\javavscode\netbeans\java\java.lsp.server\build\test\unit\work\o.n.m.j.l.s.p.S\dopl new sourcePath: C:\Project\github\javavscode\netbeans\java\java.lsp.server\build\test\unit\work\o.n.m.j.l.s.p.S\dopl
Apr 09, 2024 7:03:39 PM org.netbeans.modules.java.source.parsing.JavacParser init
WARNING: ClassPath identity changed for C:\Project\github\javavscode\netbeans\java\java.lsp.server\build\test\unit\work\o.n.m.j.l.s.p.S\dopl\Test.java@37ba05e4:d8f812b, class path owner: null original sourcePath: C:\Project\github\javavscode\netbeans\java\java.lsp.server\build\test\unit\work\o.n.m.j.l.s.p.S\dopl new sourcePath: C:\Project\github\javavscode\netbeans\java\java.lsp.server\build\test\unit\work\o.n.m.j.l.s.p.S\dopl
Apr 09, 2024 7:03:40 PM org.netbeans.modules.java.source.parsing.JavacParser init
WARNING: ClassPath identity changed for C:\Project\github\javavscode\netbeans\java\java.lsp.server\build\test\unit\work\o.n.m.j.l.s.p.S\sags\Test.java@356d8d39:5a679c35, class path owner: null original sourcePath: C:\Project\github\javavscode\netbeans\java\java.lsp.server\build\test\unit\work\o.n.m.j.l.s.p.S\sags new sourcePath: C:\Project\github\javavscode\netbeans\java\java.lsp.server\build\test\unit\work\o.n.m.j.l.s.p.S\sags
Apr 09, 2024 7:03:40 PM org.netbeans.modules.java.source.parsing.JavacParser init
WARNING: ClassPath identity changed for C:\Project\github\javavscode\netbeans\java\java.lsp.server\build\test\unit\work\o.n.m.j.l.s.p.S\h\Test.java@ee925f2f:747f0d70, class path owner: null original sourcePath: C:\Project\github\javavscode\netbeans\java\java.lsp.server\build\test\unit\work\o.n.m.j.l.s.p.S\h new sourcePath: C:\Project\github\javavscode\netbeans\java\java.lsp.server\build\test\unit\work\o.n.m.j.l.s.p.S\h
Apr 09, 2024 7:03:41 PM org.netbeans.modules.java.source.parsing.JavacParser init
WARNING: ClassPath identity changed for C:\Project\github\javavscode\netbeans\java\java.lsp.server\build\test\unit\work\o.n.m.j.l.s.p.S\cagc\Test.java@c9454739:10982a93, class path owner: null original sourcePath: C:\Project\github\javavscode\netbeans\java\java.lsp.server\build\test\unit\work\o.n.m.j.l.s.p.S\cagc new sourcePath: C:\Project\github\javavscode\netbeans\java\java.lsp.server\build\test\unit\work\o.n.m.j.l.s.p.S\cagc
Apr 09, 2024 7:03:41 PM org.netbeans.modules.parsing.impl.indexing.RepositoryUpdater$Work reportIndexerStatistics
INFO: Indexing finished, indexing took 3,376 ms.
Apr 09, 2024 7:03:41 PM org.netbeans.modules.parsing.impl.indexing.RepositoryUpdater$Work reportIndexingStart
INFO: Indexing started, time from last indexing 1 ms.
Apr 09, 2024 7:03:41 PM org.netbeans.modules.java.source.parsing.JavacParser init
WARNING: ClassPath identity changed for C:\Project\github\javavscode\netbeans\java\java.lsp.server\build\test\unit\work\o.n.m.j.l.s.p.S\cagc\Test.java@c9454739:10982a93, class path owner: null original sourcePath: C:\Project\github\javavscode\netbeans\java\java.lsp.server\build\test\unit\work\o.n.m.j.l.s.p.S\cagc new sourcePath: C:\Project\github\javavscode\netbeans\java\java.lsp.server\build\test\unit\work\o.n.m.j.l.s.p.S\cagc
Apr 09, 2024 7:03:41 PM org.netbeans.modules.java.source.parsing.JavacParser init
WARNING: ClassPath identity changed for C:\Project\github\javavscode\netbeans\java\java.lsp.server\build\test\unit\work\o.n.m.j.l.s.p.S\sats\Test.java@99966bea:2a3e4e30, class path owner: null original sourcePath: C:\Project\github\javavscode\netbeans\java\java.lsp.server\build\test\unit\work\o.n.m.j.l.s.p.S\sats new sourcePath: C:\Project\github\javavscode\netbeans\java\java.lsp.server\build\test\unit\work\o.n.m.j.l.s.p.S\sats
Apr 09, 2024 7:03:42 PM org.netbeans.modules.java.source.parsing.JavacParser init
WARNING: ClassPath identity changed for C:\Project\github\javavscode\netbeans\java\java.lsp.server\build\test\unit\work\o.n.m.j.l.s.p.S\h\Test.java@ee925f2f:747f0d70, class path owner: null original sourcePath: C:\Project\github\javavscode\netbeans\java\java.lsp.server\build\test\unit\work\o.n.m.j.l.s.p.S\h new sourcePath: C:\Project\github\javavscode\netbeans\java\java.lsp.server\build\test\unit\work\o.n.m.j.l.s.p.S\h
Apr 09, 2024 7:03:42 PM org.netbeans.modules.java.source.parsing.JavacParser init
WARNING: ClassPath identity changed for C:\Project\github\javavscode\netbeans\java\java.lsp.server\build\test\unit\work\o.n.m.j.l.s.p.S\dopl\Test2.java@c0e83c48:7b6722cc, class path owner: null original sourcePath: C:\Project\github\javavscode\netbeans\java\java.lsp.server\build\test\unit\work\o.n.m.j.l.s.p.S\dopl new sourcePath: C:\Project\github\javavscode\netbeans\java\java.lsp.server\build\test\unit\work\o.n.m.j.l.s.p.S\dopl
Apr 09, 2024 7:03:42 PM org.netbeans.modules.java.source.indexing.JavaCustomIndexer index
WARNING: Ignoring root with no ClassPath: C:\Project\github\javavscode\netbeans\java\java.lsp.server\build\test\unit\work\o.n.m.j.l.s.p.S\gtsi
Apr 09, 2024 7:03:44 PM org.netbeans.modules.parsing.impl.indexing.RepositoryUpdater$Work reportIndexerStatistics
INFO: Indexing finished, indexing took 3,039 ms.
Apr 09, 2024 7:03:44 PM org.netbeans.modules.parsing.impl.indexing.RepositoryUpdater$Work reportIndexingStart
INFO: Indexing started, time from last indexing 0 ms.
Apr 09, 2024 7:03:44 PM org.netbeans.modules.java.source.parsing.JavacParser init
WARNING: ClassPath identity changed for C:\Project\github\javavscode\netbeans\java\java.lsp.server\build\test\unit\work\o.n.m.j.l.s.p.S\cagc\Test.java@c9454739:10982a93, class path owner: null original sourcePath: C:\Project\github\javavscode\netbeans\java\java.lsp.server\build\test\unit\work\o.n.m.j.l.s.p.S\cagc new sourcePath: C:\Project\github\javavscode\netbeans\java\java.lsp.server\build\test\unit\work\o.n.m.j.l.s.p.S\cagc
Apr 09, 2024 7:03:44 PM org.netbeans.modules.java.source.parsing.JavacParser init
WARNING: ClassPath identity changed for C:\Project\github\javavscode\netbeans\java\java.lsp.server\build\test\unit\work\o.n.m.j.l.s.p.S\sats\Test.java@99966bea:2a3e4e30, class path owner: null original sourcePath: C:\Project\github\javavscode\netbeans\java\java.lsp.server\build\test\unit\work\o.n.m.j.l.s.p.S\sats new sourcePath: C:\Project\github\javavscode\netbeans\java\java.lsp.server\build\test\unit\work\o.n.m.j.l.s.p.S\sats
Apr 09, 2024 7:03:45 PM org.netbeans.modules.java.source.parsing.JavacParser init
WARNING: ClassPath identity changed for C:\Project\github\javavscode\netbeans\java\java.lsp.server\build\test\unit\work\o.n.m.j.l.s.p.S\h\Test.java@ee925f2f:747f0d70, class path owner: null original sourcePath: C:\Project\github\javavscode\netbeans\java\java.lsp.server\build\test\unit\work\o.n.m.j.l.s.p.S\h new sourcePath: C:\Project\github\javavscode\netbeans\java\java.lsp.server\build\test\unit\work\o.n.m.j.l.s.p.S\h
Apr 09, 2024 7:03:45 PM org.netbeans.modules.java.source.parsing.JavacParser init
WARNING: ClassPath identity changed for C:\Project\github\javavscode\netbeans\java\java.lsp.server\build\test\unit\work\o.n.m.j.l.s.p.S\dopl\Test2.java@c0e83c48:7b6722cc, class path owner: null original sourcePath: C:\Project\github\javavscode\netbeans\java\java.lsp.server\build\test\unit\work\o.n.m.j.l.s.p.S\dopl new sourcePath: C:\Project\github\javavscode\netbeans\java\java.lsp.server\build\test\unit\work\o.n.m.j.l.s.p.S\dopl
Apr 09, 2024 7:03:45 PM org.netbeans.modules.java.source.indexing.JavaCustomIndexer index
WARNING: Ignoring root with no ClassPath: C:\Project\github\javavscode\netbeans\java\java.lsp.server\build\test\unit\work\o.n.m.j.l.s.p.S\m
Apr 09, 2024 7:03:45 PM org.netbeans.modules.java.source.parsing.JavacParser init
WARNING: ClassPath identity changed for C:\Project\github\javavscode\netbeans\java\java.lsp.server\build\test\unit\work\o.n.m.j.l.s.p.S\dopl\Test3.java@c2bd17e9:5e69a7b5, class path owner: null original sourcePath: C:\Project\github\javavscode\netbeans\java\java.lsp.server\build\test\unit\work\o.n.m.j.l.s.p.S\dopl new sourcePath: C:\Project\github\javavscode\netbeans\java\java.lsp.server\build\test\unit\work\o.n.m.j.l.s.p.S\dopl
Apr 09, 2024 7:03:45 PM org.netbeans.modules.java.source.parsing.JavacParser init
WARNING: ClassPath identity changed for C:\Project\github\javavscode\netbeans\java\java.lsp.server\build\test\unit\work\o.n.m.j.l.s.p.S\dopl\Test.java@37ba05e4:d8f812b, class path owner: null original sourcePath: C:\Project\github\javavscode\netbeans\java\java.lsp.server\build\test\unit\work\o.n.m.j.l.s.p.S\dopl new sourcePath: C:\Project\github\javavscode\netbeans\java\java.lsp.server\build\test\unit\work\o.n.m.j.l.s.p.S\dopl
Apr 09, 2024 7:03:46 PM org.netbeans.modules.java.source.parsing.JavacParser init
WARNING: ClassPath identity changed for C:\Project\github\javavscode\netbeans\java\java.lsp.server\build\test\unit\work\o.n.m.j.l.s.p.S\m\Test.java@d6eadd12:4ca89157, class path owner: null original sourcePath: C:\Project\github\javavscode\netbeans\java\java.lsp.server\build\test\unit\work\o.n.m.j.l.s.p.S\m new sourcePath: C:\Project\github\javavscode\netbeans\java\java.lsp.server\build\test\unit\work\o.n.m.j.l.s.p.S\m
Apr 09, 2024 7:03:46 PM org.netbeans.modules.java.source.parsing.JavacParser init
WARNING: ClassPath identity changed for C:\Project\github\javavscode\netbeans\java\java.lsp.server\build\test\unit\work\o.n.m.j.l.s.p.S\sags\Test.java@356d8d39:5a679c35, class path owner: null original sourcePath: C:\Project\github\javavscode\netbeans\java\java.lsp.server\build\test\unit\work\o.n.m.j.l.s.p.S\sags new sourcePath: C:\Project\github\javavscode\netbeans\java\java.lsp.server\build\test\unit\work\o.n.m.j.l.s.p.S\sags
Apr 09, 2024 7:03:46 PM org.netbeans.modules.java.source.parsing.JavacParser init
WARNING: ClassPath identity changed for C:\Project\github\javavscode\netbeans\java\java.lsp.server\build\test\unit\work\o.n.m.j.l.s.p.S\rdccro\Test.java@87eb52ec:219d62cb, class path owner: C:\Project\github\javavscode\netbeans\java\java.lsp.server\build\test\unit\work\o.n.m.j.l.s.p.S\rdccro (class org.netbeans.modules.java.lsp.server.protocol.ServerTest$TestProjectFactory$4) original sourcePath: C:\Project\github\javavscode\netbeans\java\java.lsp.server\build\test\unit\work\o.n.m.j.l.s.p.S\rdccro new sourcePath: C:\Project\github\javavscode\netbeans\java\java.lsp.server\build\test\unit\work\o.n.m.j.l.s.p.S\rdccro
Apr 09, 2024 7:03:46 PM org.netbeans.modules.parsing.impl.indexing.RepositoryUpdater$Work reportIndexerStatistics
INFO: Indexing finished, indexing took 2,447 ms.
Apr 09, 2024 7:03:46 PM org.netbeans.modules.parsing.impl.indexing.RepositoryUpdater$Work reportIndexingStart
INFO: Indexing started, time from last indexing 1 ms.
Apr 09, 2024 7:03:46 PM org.netbeans.modules.java.source.parsing.JavacParser init
WARNING: ClassPath identity changed for C:\Project\github\javavscode\netbeans\java\java.lsp.server\build\test\unit\work\o.n.m.j.l.s.p.S\cagc\Test.java@c9454739:10982a93, class path owner: null original sourcePath: C:\Project\github\javavscode\netbeans\java\java.lsp.server\build\test\unit\work\o.n.m.j.l.s.p.S\cagc new sourcePath: C:\Project\github\javavscode\netbeans\java\java.lsp.server\build\test\unit\work\o.n.m.j.l.s.p.S\cagc
Apr 09, 2024 7:03:47 PM org.netbeans.modules.java.source.parsing.JavacParser init
WARNING: ClassPath identity changed for C:\Project\github\javavscode\netbeans\java\java.lsp.server\build\test\unit\work\o.n.m.j.l.s.p.S\h\Test.java@ee925f2f:747f0d70, class path owner: null original sourcePath: C:\Project\github\javavscode\netbeans\java\java.lsp.server\build\test\unit\work\o.n.m.j.l.s.p.S\h new sourcePath: C:\Project\github\javavscode\netbeans\java\java.lsp.server\build\test\unit\work\o.n.m.j.l.s.p.S\h
Apr 09, 2024 7:03:47 PM org.netbeans.modules.java.source.parsing.JavacParser init
WARNING: ClassPath identity changed for C:\Project\github\javavscode\netbeans\java\java.lsp.server\build\test\unit\work\o.n.m.j.l.s.p.S\dopl\Test2.java@c0e83c48:7b6722cc, class path owner: null original sourcePath: C:\Project\github\javavscode\netbeans\java\java.lsp.server\build\test\unit\work\o.n.m.j.l.s.p.S\dopl new sourcePath: C:\Project\github\javavscode\netbeans\java\java.lsp.server\build\test\unit\work\o.n.m.j.l.s.p.S\dopl
Apr 09, 2024 7:03:47 PM org.netbeans.modules.java.source.indexing.JavaCustomIndexer index
WARNING: Ignoring root with no ClassPath: C:\Project\github\javavscode\netbeans\java\java.lsp.server\build\test\unit\work\o.n.m.j.l.s.p.S\caiaamie
Apr 09, 2024 7:03:48 PM org.netbeans.modules.java.source.parsing.JavacParser init
WARNING: ClassPath identity changed for C:\Project\github\javavscode\netbeans\java\java.lsp.server\build\test\unit\work\o.n.m.j.l.s.p.S\caiaamie\Test.java@94941ebd:2994612d, class path owner: null original sourcePath: C:\Project\github\javavscode\netbeans\java\java.lsp.server\build\test\unit\work\o.n.m.j.l.s.p.S\caiaamie new sourcePath: C:\Project\github\javavscode\netbeans\java\java.lsp.server\build\test\unit\work\o.n.m.j.l.s.p.S\caiaamie
Apr 09, 2024 7:03:48 PM org.netbeans.modules.java.source.parsing.JavacParser init
WARNING: ClassPath identity changed for C:\Project\github\javavscode\netbeans\java\java.lsp.server\build\test\unit\work\o.n.m.j.l.s.p.S\rdccro\Test.java@87eb52ec:219d62cb, class path owner: C:\Project\github\javavscode\netbeans\java\java.lsp.server\build\test\unit\work\o.n.m.j.l.s.p.S\rdccro (class org.netbeans.modules.java.lsp.server.protocol.ServerTest$TestProjectFactory$4) original sourcePath: C:\Project\github\javavscode\netbeans\java\java.lsp.server\build\test\unit\work\o.n.m.j.l.s.p.S\rdccro new sourcePath: C:\Project\github\javavscode\netbeans\java\java.lsp.server\build\test\unit\work\o.n.m.j.l.s.p.S\rdccro
Apr 09, 2024 7:03:48 PM org.netbeans.modules.parsing.impl.indexing.RepositoryUpdater$Work reportIndexerStatistics
INFO: Indexing finished, indexing took 2,315 ms.
Apr 09, 2024 7:03:48 PM org.netbeans.modules.parsing.impl.indexing.RepositoryUpdater$Work reportIndexingStart
INFO: Indexing started, time from last indexing 0 ms.
Apr 09, 2024 7:03:49 PM org.netbeans.modules.java.source.parsing.JavacParser init
WARNING: ClassPath identity changed for C:\Project\github\javavscode\netbeans\java\java.lsp.server\build\test\unit\work\o.n.m.j.l.s.p.S\rdccro\Test.java@87eb52ec:219d62cb, class path owner: C:\Project\github\javavscode\netbeans\java\java.lsp.server\build\test\unit\work\o.n.m.j.l.s.p.S\rdccro (class org.netbeans.modules.java.lsp.server.protocol.ServerTest$TestProjectFactory$4) original sourcePath: C:\Project\github\javavscode\netbeans\java\java.lsp.server\build\test\unit\work\o.n.m.j.l.s.p.S\rdccro new sourcePath: C:\Project\github\javavscode\netbeans\java\java.lsp.server\build\test\unit\work\o.n.m.j.l.s.p.S\rdccro
Apr 09, 2024 7:03:49 PM org.netbeans.modules.java.source.parsing.JavacParser init
WARNING: ClassPath identity changed for C:\Project\github\javavscode\netbeans\java\java.lsp.server\build\test\unit\work\o.n.m.j.l.s.p.S\rdccro\Test2.java@7ad3c640:75bf3a3c, class path owner: C:\Project\github\javavscode\netbeans\java\java.lsp.server\build\test\unit\work\o.n.m.j.l.s.p.S\rdccro (class org.netbeans.modules.java.lsp.server.protocol.ServerTest$TestProjectFactory$4) original sourcePath: C:\Project\github\javavscode\netbeans\java\java.lsp.server\build\test\unit\work\o.n.m.j.l.s.p.S\rdccro new sourcePath: C:\Project\github\javavscode\netbeans\java\java.lsp.server\build\test\unit\work\o.n.m.j.l.s.p.S\rdccro
Apr 09, 2024 7:03:49 PM org.netbeans.modules.java.source.parsing.JavacParser init
WARNING: ClassPath identity changed for C:\Project\github\javavscode\netbeans\java\java.lsp.server\build\test\unit\work\o.n.m.j.l.s.p.S\sats\Test.java@99966bea:2a3e4e30, class path owner: null original sourcePath: C:\Project\github\javavscode\netbeans\java\java.lsp.server\build\test\unit\work\o.n.m.j.l.s.p.S\sats new sourcePath: C:\Project\github\javavscode\netbeans\java\java.lsp.server\build\test\unit\work\o.n.m.j.l.s.p.S\sats
Apr 09, 2024 7:03:49 PM org.netbeans.modules.java.source.parsing.JavacParser init
WARNING: ClassPath identity changed for C:\Project\github\javavscode\netbeans\java\java.lsp.server\build\test\unit\work\o.n.m.j.l.s.p.S\h\Test.java@ee925f2f:747f0d70, class path owner: null original sourcePath: C:\Project\github\javavscode\netbeans\java\java.lsp.server\build\test\unit\work\o.n.m.j.l.s.p.S\h new sourcePath: C:\Project\github\javavscode\netbeans\java\java.lsp.server\build\test\unit\work\o.n.m.j.l.s.p.S\h
Apr 09, 2024 7:03:50 PM org.netbeans.modules.java.source.parsing.JavacParser init
WARNING: ClassPath identity changed for C:\Project\github\javavscode\netbeans\java\java.lsp.server\build\test\unit\work\o.n.m.j.l.s.p.S\dopl\Test2.java@c0e83c48:7b6722cc, class path owner: null original sourcePath: C:\Project\github\javavscode\netbeans\java\java.lsp.server\build\test\unit\work\o.n.m.j.l.s.p.S\dopl new sourcePath: C:\Project\github\javavscode\netbeans\java\java.lsp.server\build\test\unit\work\o.n.m.j.l.s.p.S\dopl
Apr 09, 2024 7:03:50 PM org.netbeans.modules.java.source.indexing.JavaCustomIndexer index
WARNING: Ignoring root with no ClassPath: C:\Project\github\javavscode\netbeans\java\java.lsp.server\build\test\unit\work\o.n.m.j.l.s.p.S\sh-1
Apr 09, 2024 7:03:50 PM org.netbeans.modules.java.source.parsing.JavacParser init
WARNING: ClassPath identity changed for C:\Project\github\javavscode\netbeans\java\java.lsp.server\build\test\unit\work\o.n.m.j.l.s.p.S\dopl\Test3.java@c2bd17e9:5e69a7b5, class path owner: null original sourcePath: C:\Project\github\javavscode\netbeans\java\java.lsp.server\build\test\unit\work\o.n.m.j.l.s.p.S\dopl new sourcePath: C:\Project\github\javavscode\netbeans\java\java.lsp.server\build\test\unit\work\o.n.m.j.l.s.p.S\dopl
Apr 09, 2024 7:03:50 PM org.netbeans.modules.java.source.parsing.JavacParser init
WARNING: ClassPath identity changed for C:\Project\github\javavscode\netbeans\java\java.lsp.server\build\test\unit\work\o.n.m.j.l.s.p.S\dopl\Test.java@37ba05e4:d8f812b, class path owner: null original sourcePath: C:\Project\github\javavscode\netbeans\java\java.lsp.server\build\test\unit\work\o.n.m.j.l.s.p.S\dopl new sourcePath: C:\Project\github\javavscode\netbeans\java\java.lsp.server\build\test\unit\work\o.n.m.j.l.s.p.S\dopl
Apr 09, 2024 7:03:51 PM org.netbeans.modules.java.source.parsing.JavacParser init
WARNING: ClassPath identity changed for C:\Project\github\javavscode\netbeans\java\java.lsp.server\build\test\unit\work\o.n.m.j.l.s.p.S\cagc\Test.java@c9454739:10982a93, class path owner: null original sourcePath: C:\Project\github\javavscode\netbeans\java\java.lsp.server\build\test\unit\work\o.n.m.j.l.s.p.S\cagc new sourcePath: C:\Project\github\javavscode\netbeans\java\java.lsp.server\build\test\unit\work\o.n.m.j.l.s.p.S\cagc
Apr 09, 2024 7:03:51 PM org.netbeans.modules.parsing.impl.indexing.RepositoryUpdater$Work reportIndexerStatistics
INFO: Indexing finished, indexing took 2,915 ms.
Apr 09, 2024 7:03:52 PM org.netbeans.modules.java.source.parsing.JavacParser init
WARNING: ClassPath identity changed for C:\Project\github\javavscode\netbeans\java\java.lsp.server\build\test\unit\work\o.n.m.j.l.s.p.S\rdccro\Test.java@87eb52ec:219d62cb, class path owner: C:\Project\github\javavscode\netbeans\java\java.lsp.server\build\test\unit\work\o.n.m.j.l.s.p.S\rdccro (class org.netbeans.modules.java.lsp.server.protocol.ServerTest$TestProjectFactory$4) original sourcePath: C:\Project\github\javavscode\netbeans\java\java.lsp.server\build\test\unit\work\o.n.m.j.l.s.p.S\rdccro new sourcePath: C:\Project\github\javavscode\netbeans\java\java.lsp.server\build\test\unit\work\o.n.m.j.l.s.p.S\rdccro
Apr 09, 2024 7:03:52 PM org.netbeans.modules.java.source.parsing.JavacParser init
WARNING: ClassPath identity changed for C:\Project\github\javavscode\netbeans\java\java.lsp.server\build\test\unit\work\o.n.m.j.l.s.p.S\rdccro\Test2.java@7ad3c640:75bf3a3c, class path owner: C:\Project\github\javavscode\netbeans\java\java.lsp.server\build\test\unit\work\o.n.m.j.l.s.p.S\rdccro (class org.netbeans.modules.java.lsp.server.protocol.ServerTest$TestProjectFactory$4) original sourcePath: C:\Project\github\javavscode\netbeans\java\java.lsp.server\build\test\unit\work\o.n.m.j.l.s.p.S\rdccro new sourcePath: C:\Project\github\javavscode\netbeans\java\java.lsp.server\build\test\unit\work\o.n.m.j.l.s.p.S\rdccro
Apr 09, 2024 7:03:52 PM org.netbeans.modules.java.source.parsing.JavacParser init
WARNING: ClassPath identity changed for C:\Project\github\javavscode\netbeans\java\java.lsp.server\build\test\unit\work\o.n.m.j.l.s.p.S\sats\Test.java@99966bea:2a3e4e30, class path owner: null original sourcePath: C:\Project\github\javavscode\netbeans\java\java.lsp.server\build\test\unit\work\o.n.m.j.l.s.p.S\sats new sourcePath: C:\Project\github\javavscode\netbeans\java\java.lsp.server\build\test\unit\work\o.n.m.j.l.s.p.S\sats
Apr 09, 2024 7:03:52 PM org.netbeans.modules.java.source.parsing.JavacParser init
WARNING: ClassPath identity changed for C:\Project\github\javavscode\netbeans\java\java.lsp.server\build\test\unit\work\o.n.m.j.l.s.p.S\h\Test.java@ee925f2f:747f0d70, class path owner: null original sourcePath: C:\Project\github\javavscode\netbeans\java\java.lsp.server\build\test\unit\work\o.n.m.j.l.s.p.S\h new sourcePath: C:\Project\github\javavscode\netbeans\java\java.lsp.server\build\test\unit\work\o.n.m.j.l.s.p.S\h
Apr 09, 2024 7:03:52 PM org.netbeans.modules.java.source.parsing.JavacParser init
WARNING: ClassPath identity changed for C:\Project\github\javavscode\netbeans\java\java.lsp.server\build\test\unit\work\o.n.m.j.l.s.p.S\dopl\Test2.java@c0e83c48:7b6722cc, class path owner: null original sourcePath: C:\Project\github\javavscode\netbeans\java\java.lsp.server\build\test\unit\work\o.n.m.j.l.s.p.S\dopl new sourcePath: C:\Project\github\javavscode\netbeans\java\java.lsp.server\build\test\unit\work\o.n.m.j.l.s.p.S\dopl
Apr 09, 2024 7:03:53 PM org.netbeans.modules.java.source.parsing.JavacParser init
WARNING: ClassPath identity changed for C:\Project\github\javavscode\netbeans\java\java.lsp.server\build\test\unit\work\o.n.m.j.l.s.p.S\dopl\Test3.java@c2bd17e9:5e69a7b5, class path owner: null original sourcePath: C:\Project\github\javavscode\netbeans\java\java.lsp.server\build\test\unit\work\o.n.m.j.l.s.p.S\dopl new sourcePath: C:\Project\github\javavscode\netbeans\java\java.lsp.server\build\test\unit\work\o.n.m.j.l.s.p.S\dopl
Apr 09, 2024 7:03:53 PM org.netbeans.modules.project.ui.OpenProjectList log
INFO: USG_PROJECT_CLOSE
Creating a client for testcase: testSourceActionLogger
Apr 09, 2024 7:03:53 PM org.netbeans.modules.java.lsp.server.protocol.Server$LanguageServerImpl lambda$asyncOpenSelectedProjects1$9
INFO: 0 projects opened in 0ms
Apr 09, 2024 7:03:53 PM org.netbeans.modules.parsing.impl.indexing.RepositoryUpdater$Work reportIndexingStart
INFO: Indexing started, time from last indexing 2,042 ms.
Apr 09, 2024 7:03:53 PM org.netbeans.modules.parsing.impl.indexing.RepositoryUpdater$RootsWork getDone
INFO: Resolving dependencies took: 1 ms
Apr 09, 2024 7:03:53 PM org.netbeans.modules.parsing.impl.indexing.RepositoryUpdater$AbstractRootsWork scanBinaries
INFO: Complete indexing of 0 binary roots took: 0 ms
Apr 09, 2024 7:03:53 PM org.netbeans.modules.parsing.impl.indexing.RepositoryUpdater$AbstractRootsWork scanSources
INFO: Complete indexing of 0 source roots took: 0 ms (New or modified files: 0, Deleted files: 0) [Adding listeners took: 0 ms]
Apr 09, 2024 7:03:54 PM org.netbeans.modules.parsing.impl.indexing.RepositoryUpdater$Work reportIndexerStatistics
INFO: Indexing finished, indexing took 246 ms.
Apr 09, 2024 7:03:54 PM org.netbeans.modules.java.source.parsing.JavacParser init
WARNING: ClassPath identity changed for C:\Project\github\javavscode\netbeans\java\java.lsp.server\build\test\unit\work\o.n.m.j.l.s.p.S\dopl\Test.java@37ba05e4:d8f812b, class path owner: null original sourcePath: C:\Project\github\javavscode\netbeans\java\java.lsp.server\build\test\unit\work\o.n.m.j.l.s.p.S\dopl new sourcePath: C:\Project\github\javavscode\netbeans\java\java.lsp.server\build\test\unit\work\o.n.m.j.l.s.p.S\dopl
Apr 09, 2024 7:03:54 PM org.netbeans.modules.java.source.parsing.JavacParser init
WARNING: ClassPath identity changed for C:\Project\github\javavscode\netbeans\java\java.lsp.server\build\test\unit\work\o.n.m.j.l.s.p.S\dopl\Test3.java@c2bd17e9:5e69a7b5, class path owner: null original sourcePath: C:\Project\github\javavscode\netbeans\java\java.lsp.server\build\test\unit\work\o.n.m.j.l.s.p.S\dopl new sourcePath: C:\Project\github\javavscode\netbeans\java\java.lsp.server\build\test\unit\work\o.n.m.j.l.s.p.S\dopl
Apr 09, 2024 7:03:55 PM org.netbeans.modules.java.source.parsing.JavacParser init
WARNING: ClassPath identity changed for C:\Project\github\javavscode\netbeans\java\java.lsp.server\build\test\unit\work\o.n.m.j.l.s.p.S\sats\Test.java@99966bea:2a3e4e30, class path owner: null original sourcePath: C:\Project\github\javavscode\netbeans\java\java.lsp.server\build\test\unit\work\o.n.m.j.l.s.p.S\sats new sourcePath: C:\Project\github\javavscode\netbeans\java\java.lsp.server\build\test\unit\work\o.n.m.j.l.s.p.S\sats
Apr 09, 2024 7:03:55 PM org.netbeans.modules.java.source.parsing.JavacParser init
WARNING: ClassPath identity changed for C:\Project\github\javavscode\netbeans\java\java.lsp.server\build\test\unit\work\o.n.m.j.l.s.p.S\h\Test.java@ee925f2f:747f0d70, class path owner: null original sourcePath: C:\Project\github\javavscode\netbeans\java\java.lsp.server\build\test\unit\work\o.n.m.j.l.s.p.S\h new sourcePath: C:\Project\github\javavscode\netbeans\java\java.lsp.server\build\test\unit\work\o.n.m.j.l.s.p.S\h
Apr 09, 2024 7:03:55 PM org.netbeans.modules.java.source.parsing.JavacParser init
WARNING: ClassPath identity changed for C:\Project\github\javavscode\netbeans\java\java.lsp.server\build\test\unit\work\o.n.m.j.l.s.p.S\dopl\Test2.java@c0e83c48:7b6722cc, class path owner: null original sourcePath: C:\Project\github\javavscode\netbeans\java\java.lsp.server\build\test\unit\work\o.n.m.j.l.s.p.S\dopl new sourcePath: C:\Project\github\javavscode\netbeans\java\java.lsp.server\build\test\unit\work\o.n.m.j.l.s.p.S\dopl
Apr 09, 2024 7:03:56 PM org.netbeans.modules.java.source.parsing.JavacParser init
WARNING: ClassPath identity changed for C:\Project\github\javavscode\netbeans\java\java.lsp.server\build\test\unit\work\o.n.m.j.l.s.p.S\cagc\Test.java@c9454739:10982a93, class path owner: null original sourcePath: C:\Project\github\javavscode\netbeans\java\java.lsp.server\build\test\unit\work\o.n.m.j.l.s.p.S\cagc new sourcePath: C:\Project\github\javavscode\netbeans\java\java.lsp.server\build\test\unit\work\o.n.m.j.l.s.p.S\cagc
Apr 09, 2024 7:03:56 PM org.netbeans.modules.java.source.parsing.JavacParser init
WARNING: ClassPath identity changed for C:\Project\github\javavscode\netbeans\java\java.lsp.server\build\test\unit\work\o.n.m.j.l.s.p.S\rdccro\Test.java@87eb52ec:219d62cb, class path owner: C:\Project\github\javavscode\netbeans\java\java.lsp.server\build\test\unit\work\o.n.m.j.l.s.p.S\rdccro (class org.netbeans.modules.java.lsp.server.protocol.ServerTest$TestProjectFactory$4) original sourcePath: C:\Project\github\javavscode\netbeans\java\java.lsp.server\build\test\unit\work\o.n.m.j.l.s.p.S\rdccro new sourcePath: C:\Project\github\javavscode\netbeans\java\java.lsp.server\build\test\unit\work\o.n.m.j.l.s.p.S\rdccro
Apr 09, 2024 7:03:56 PM org.netbeans.modules.java.source.parsing.JavacParser init
WARNING: ClassPath identity changed for C:\Project\github\javavscode\netbeans\java\java.lsp.server\build\test\unit\work\o.n.m.j.l.s.p.S\rdccro\Test2.java@7ad3c640:75bf3a3c, class path owner: C:\Project\github\javavscode\netbeans\java\java.lsp.server\build\test\unit\work\o.n.m.j.l.s.p.S\rdccro (class org.netbeans.modules.java.lsp.server.protocol.ServerTest$TestProjectFactory$4) original sourcePath: C:\Project\github\javavscode\netbeans\java\java.lsp.server\build\test\unit\work\o.n.m.j.l.s.p.S\rdccro new sourcePath: C:\Project\github\javavscode\netbeans\java\java.lsp.server\build\test\unit\work\o.n.m.j.l.s.p.S\rdccro
Apr 09, 2024 7:03:56 PM org.netbeans.modules.java.source.parsing.JavacParser init
WARNING: ClassPath identity changed for C:\Project\github\javavscode\netbeans\java\java.lsp.server\build\test\unit\work\o.n.m.j.l.s.p.S\saehc\Test.java@b505e779:54eec211, class path owner: null original sourcePath: C:\Project\github\javavscode\netbeans\java\java.lsp.server\build\test\unit\work\o.n.m.j.l.s.p.S\saehc new sourcePath: C:\Project\github\javavscode\netbeans\java\java.lsp.server\build\test\unit\work\o.n.m.j.l.s.p.S\saehc
Apr 09, 2024 7:03:56 PM org.netbeans.modules.java.source.parsing.JavacParser init
WARNING: ClassPath identity changed for C:\Project\github\javavscode\netbeans\java\java.lsp.server\build\test\unit\work\o.n.m.j.l.s.p.S\ac\Test.java@181a3381:56a1cd94, class path owner: C:\Project\github\javavscode\netbeans\java\java.lsp.server\build\test\unit\work\o.n.m.j.l.s.p.S\ac (class org.netbeans.modules.java.lsp.server.protocol.ServerTest$TestProjectFactory$4) original sourcePath: C:\Project\github\javavscode\netbeans\java\java.lsp.server\build\test\unit\work\o.n.m.j.l.s.p.S\ac new sourcePath: C:\Project\github\javavscode\netbeans\java\java.lsp.server\build\test\unit\work\o.n.m.j.l.s.p.S\ac
Apr 09, 2024 7:03:57 PM org.netbeans.modules.java.source.parsing.JavacParser init
WARNING: ClassPath identity changed for C:\Project\github\javavscode\netbeans\java\java.lsp.server\build\test\unit\work\o.n.m.j.l.s.p.S\sal\Test.java@47563825:5e6be917, class path owner: null original sourcePath: C:\Project\github\javavscode\netbeans\java\java.lsp.server\build\test\unit\work\o.n.m.j.l.s.p.S\sal new sourcePath: C:\Project\github\javavscode\netbeans\java\java.lsp.server\build\test\unit\work\o.n.m.j.l.s.p.S\sal
Apr 09, 2024 7:03:57 PM org.netbeans.modules.java.source.parsing.JavacParser init
WARNING: ClassPath identity changed for C:\Project\github\javavscode\netbeans\java\java.lsp.server\build\test\unit\work\o.n.m.j.l.s.p.S\caiaamiac\Test.java@49cd76ee:7dbf3adb, class path owner: null original sourcePath: C:\Project\github\javavscode\netbeans\java\java.lsp.server\build\test\unit\work\o.n.m.j.l.s.p.S\caiaamiac new sourcePath: C:\Project\github\javavscode\netbeans\java\java.lsp.server\build\test\unit\work\o.n.m.j.l.s.p.S\caiaamiac
Apr 09, 2024 7:03:57 PM org.netbeans.modules.java.source.parsing.JavacParser init
WARNING: ClassPath identity changed for C:\Project\github\javavscode\netbeans\java\java.lsp.server\build\test\unit\work\o.n.m.j.l.s.p.S\gtsi\Test.java@de2af020:12d5292c, class path owner: null original sourcePath: C:\Project\github\javavscode\netbeans\java\java.lsp.server\build\test\unit\work\o.n.m.j.l.s.p.S\gtsi new sourcePath: C:\Project\github\javavscode\netbeans\java\java.lsp.server\build\test\unit\work\o.n.m.j.l.s.p.S\gtsi
Apr 09, 2024 7:03:58 PM org.netbeans.modules.java.source.parsing.JavacParser init
WARNING: ClassPath identity changed for C:\Project\github\javavscode\netbeans\java\java.lsp.server\build\test\unit\work\o.n.m.j.l.s.p.S\fi\Test.java@bbcf84e0:227203f0, class path owner: C:\Project\github\javavscode\netbeans\java\java.lsp.server\build\test\unit\work\o.n.m.j.l.s.p.S\fi (class org.netbeans.modules.java.lsp.server.protocol.ServerTest$TestProjectFactory$4) original sourcePath: C:\Project\github\javavscode\netbeans\java\java.lsp.server\build\test\unit\work\o.n.m.j.l.s.p.S\fi new sourcePath: C:\Project\github\javavscode\netbeans\java\java.lsp.server\build\test\unit\work\o.n.m.j.l.s.p.S\fi
Apr 09, 2024 7:03:58 PM org.netbeans.modules.java.source.parsing.JavacParser init
WARNING: ClassPath identity changed for C:\Project\github\javavscode\netbeans\java\java.lsp.server\build\test\unit\work\o.n.m.j.l.s.p.S\m\Test.java@d6eadd12:4ca89157, class path owner: null original sourcePath: C:\Project\github\javavscode\netbeans\java\java.lsp.server\build\test\unit\work\o.n.m.j.l.s.p.S\m new sourcePath: C:\Project\github\javavscode\netbeans\java\java.lsp.server\build\test\unit\work\o.n.m.j.l.s.p.S\m
Apr 09, 2024 7:03:58 PM org.netbeans.modules.java.source.parsing.JavacParser init
WARNING: ClassPath identity changed for C:\Project\github\javavscode\netbeans\java\java.lsp.server\build\test\unit\work\o.n.m.j.l.s.p.S\sw\Test.java@4476a843:6abb247, class path owner: null original sourcePath: C:\Project\github\javavscode\netbeans\java\java.lsp.server\build\test\unit\work\o.n.m.j.l.s.p.S\sw new sourcePath: C:\Project\github\javavscode\netbeans\java\java.lsp.server\build\test\unit\work\o.n.m.j.l.s.p.S\sw
Apr 09, 2024 7:03:58 PM org.netbeans.modules.java.source.parsing.JavacParser init
WARNING: ClassPath identity changed for C:\Project\github\javavscode\netbeans\java\java.lsp.server\build\test\unit\work\o.n.m.j.l.s.p.S\pd\b\Base.java@fdbd3718:b7bf7bf, class path owner: C:\Project\github\javavscode\netbeans\java\java.lsp.server\build\test\unit\work\o.n.m.j.l.s.p.S\pd (class org.netbeans.modules.java.lsp.server.protocol.ServerTest$TestProjectFactory$4) original sourcePath: C:\Project\github\javavscode\netbeans\java\java.lsp.server\build\test\unit\work\o.n.m.j.l.s.p.S\pd new sourcePath: C:\Project\github\javavscode\netbeans\java\java.lsp.server\build\test\unit\work\o.n.m.j.l.s.p.S\pd
Apr 09, 2024 7:03:59 PM org.netbeans.modules.java.source.parsing.JavacParser init
WARNING: ClassPath identity changed for C:\Project\github\javavscode\netbeans\java\java.lsp.server\build\test\unit\work\o.n.m.j.l.s.p.S\caiaamie\Test.java@94941ebd:2994612d, class path owner: null original sourcePath: C:\Project\github\javavscode\netbeans\java\java.lsp.server\build\test\unit\work\o.n.m.j.l.s.p.S\caiaamie new sourcePath: C:\Project\github\javavscode\netbeans\java\java.lsp.server\build\test\unit\work\o.n.m.j.l.s.p.S\caiaamie
Apr 09, 2024 7:03:59 PM org.netbeans.modules.java.source.parsing.JavacParser init
WARNING: ClassPath identity changed for C:\Project\github\javavscode\netbeans\java\java.lsp.server\build\test\unit\work\o.n.m.j.l.s.p.S\saoi\Test.java@a20f5d87:3d87818, class path owner: null original sourcePath: C:\Project\github\javavscode\netbeans\java\java.lsp.server\build\test\unit\work\o.n.m.j.l.s.p.S\saoi new sourcePath: C:\Project\github\javavscode\netbeans\java\java.lsp.server\build\test\unit\work\o.n.m.j.l.s.p.S\saoi
Creating a client for testcase: testChangeMethodParameters
Apr 09, 2024 7:04:02 PM org.netbeans.modules.project.ui.OpenProjectList log
INFO: USG_PROJECT_OPEN
Apr 09, 2024 7:04:02 PM org.netbeans.modules.java.lsp.server.protocol.Server$LanguageServerImpl lambda$asyncOpenSelectedProjects1$9
INFO: 1 projects opened in 8ms
Apr 09, 2024 7:04:02 PM org.netbeans.modules.parsing.impl.indexing.RepositoryUpdater$Work reportIndexingStart
INFO: Indexing started, time from last indexing 8,590 ms.
Apr 09, 2024 7:04:02 PM org.netbeans.modules.parsing.impl.indexing.RepositoryUpdater$RootsWork getDone
INFO: Resolving dependencies took: 52 ms
Apr 09, 2024 7:04:03 PM org.netbeans.modules.parsing.impl.indexing.RepositoryUpdater$AbstractRootsWork scanBinaries
INFO: Complete indexing of 71 binary roots took: 872 ms
Apr 09, 2024 7:04:04 PM org.netbeans.modules.parsing.impl.indexing.RepositoryUpdater$AbstractRootsWork scanSources
INFO: Indexing of: C:\Project\github\javavscode\netbeans\java\java.lsp.server\build\test\unit\work\o.n.m.j.l.s.p.S\cmp took: 1,189 ms (New or modified files: 3, Deleted files: 0) [Adding listeners took: 0 ms]
Apr 09, 2024 7:04:04 PM org.netbeans.modules.parsing.impl.indexing.RepositoryUpdater$AbstractRootsWork scanSources
INFO: Complete indexing of 1 source roots took: 1,189 ms (New or modified files: 3, Deleted files: 0) [Adding listeners took: 0 ms]
Apr 09, 2024 7:04:04 PM org.netbeans.modules.parsing.impl.indexing.RepositoryUpdater$Work reportIndexerStatistics
INFO: Indexing finished, indexing took 2,115 ms.
Apr 09, 2024 7:04:04 PM org.netbeans.modules.parsing.impl.indexing.RepositoryUpdater$Work reportIndexingStart
INFO: Indexing started, time from last indexing 1 ms.
Apr 09, 2024 7:04:05 PM org.netbeans.modules.java.source.indexing.JavaCustomIndexer index
WARNING: Ignoring root with no ClassPath: C:\Project\github\javavscode\netbeans\java\java.lsp.server\build\test\unit\work\o.n.m.j.l.s.p.S\sal
Apr 09, 2024 7:04:05 PM org.netbeans.modules.java.source.parsing.JavacParser init
WARNING: ClassPath identity changed for C:\Project\github\javavscode\netbeans\java\java.lsp.server\build\test\unit\work\o.n.m.j.l.s.p.S\sal\Test.java@47563825:5e6be917, class path owner: null original sourcePath: C:\Project\github\javavscode\netbeans\java\java.lsp.server\build\test\unit\work\o.n.m.j.l.s.p.S\sal new sourcePath: C:\Project\github\javavscode\netbeans\java\java.lsp.server\build\test\unit\work\o.n.m.j.l.s.p.S\sal
Apr 09, 2024 7:04:05 PM org.netbeans.modules.parsing.impl.indexing.RepositoryUpdater$Work reportIndexerStatistics
INFO: Indexing finished, indexing took 330 ms.
Apr 09, 2024 7:04:05 PM org.netbeans.modules.java.source.parsing.JavacParser init
WARNING: ClassPath identity changed for C:\Project\github\javavscode\netbeans\java\java.lsp.server\build\test\unit\work\o.n.m.j.l.s.p.S\cagc\Test.java@c9454739:10982a93, class path owner: null original sourcePath: C:\Project\github\javavscode\netbeans\java\java.lsp.server\build\test\unit\work\o.n.m.j.l.s.p.S\cagc new sourcePath: C:\Project\github\javavscode\netbeans\java\java.lsp.server\build\test\unit\work\o.n.m.j.l.s.p.S\cagc
Apr 09, 2024 7:04:06 PM org.netbeans.modules.java.source.parsing.JavacParser init
WARNING: ClassPath identity changed for C:\Project\github\javavscode\netbeans\java\java.lsp.server\build\test\unit\work\o.n.m.j.l.s.p.S\saehc\Test.java@b505e779:54eec211, class path owner: null original sourcePath: C:\Project\github\javavscode\netbeans\java\java.lsp.server\build\test\unit\work\o.n.m.j.l.s.p.S\saehc new sourcePath: C:\Project\github\javavscode\netbeans\java\java.lsp.server\build\test\unit\work\o.n.m.j.l.s.p.S\saehc
Apr 09, 2024 7:04:06 PM org.netbeans.modules.java.source.parsing.JavacParser init
WARNING: ClassPath identity changed for C:\Project\github\javavscode\netbeans\java\java.lsp.server\build\test\unit\work\o.n.m.j.l.s.p.S\ac\Test.java@181a3381:56a1cd94, class path owner: C:\Project\github\javavscode\netbeans\java\java.lsp.server\build\test\unit\work\o.n.m.j.l.s.p.S\ac (class org.netbeans.modules.java.lsp.server.protocol.ServerTest$TestProjectFactory$4) original sourcePath: C:\Project\github\javavscode\netbeans\java\java.lsp.server\build\test\unit\work\o.n.m.j.l.s.p.S\ac new sourcePath: C:\Project\github\javavscode\netbeans\java\java.lsp.server\build\test\unit\work\o.n.m.j.l.s.p.S\ac
Apr 09, 2024 7:04:06 PM org.netbeans.modules.java.source.parsing.JavacParser init
WARNING: ClassPath identity changed for C:\Project\github\javavscode\netbeans\java\java.lsp.server\build\test\unit\work\o.n.m.j.l.s.p.S\sal\Test.java@47563825:5e6be917, class path owner: null original sourcePath: C:\Project\github\javavscode\netbeans\java\java.lsp.server\build\test\unit\work\o.n.m.j.l.s.p.S\sal new sourcePath: C:\Project\github\javavscode\netbeans\java\java.lsp.server\build\test\unit\work\o.n.m.j.l.s.p.S\sal
Apr 09, 2024 7:04:06 PM org.netbeans.modules.java.source.parsing.JavacParser init
WARNING: ClassPath identity changed for C:\Project\github\javavscode\netbeans\java\java.lsp.server\build\test\unit\work\o.n.m.j.l.s.p.S\gtsi\Test.java@de2af020:12d5292c, class path owner: null original sourcePath: C:\Project\github\javavscode\netbeans\java\java.lsp.server\build\test\unit\work\o.n.m.j.l.s.p.S\gtsi new sourcePath: C:\Project\github\javavscode\netbeans\java\java.lsp.server\build\test\unit\work\o.n.m.j.l.s.p.S\gtsi
Apr 09, 2024 7:04:06 PM org.netbeans.modules.java.source.parsing.JavacParser init
WARNING: ClassPath identity changed for C:\Project\github\javavscode\netbeans\java\java.lsp.server\build\test\unit\work\o.n.m.j.l.s.p.S\cags\Test.java@17b06b29:7f50b290, class path owner: null original sourcePath: C:\Project\github\javavscode\netbeans\java\java.lsp.server\build\test\unit\work\o.n.m.j.l.s.p.S\cags new sourcePath: C:\Project\github\javavscode\netbeans\java\java.lsp.server\build\test\unit\work\o.n.m.j.l.s.p.S\cags
Apr 09, 2024 7:04:07 PM org.netbeans.modules.java.source.parsing.JavacParser init
WARNING: ClassPath identity changed for C:\Project\github\javavscode\netbeans\java\java.lsp.server\build\test\unit\work\o.n.m.j.l.s.p.S\fi\Test.java@bbcf84e0:227203f0, class path owner: C:\Project\github\javavscode\netbeans\java\java.lsp.server\build\test\unit\work\o.n.m.j.l.s.p.S\fi (class org.netbeans.modules.java.lsp.server.protocol.ServerTest$TestProjectFactory$4) original sourcePath: C:\Project\github\javavscode\netbeans\java\java.lsp.server\build\test\unit\work\o.n.m.j.l.s.p.S\fi new sourcePath: C:\Project\github\javavscode\netbeans\java\java.lsp.server\build\test\unit\work\o.n.m.j.l.s.p.S\fi
Apr 09, 2024 7:04:07 PM org.netbeans.modules.java.source.parsing.JavacParser init
WARNING: ClassPath identity changed for C:\Project\github\javavscode\netbeans\java\java.lsp.server\build\test\unit\work\o.n.m.j.l.s.p.S\m\Test.java@d6eadd12:4ca89157, class path owner: null original sourcePath: C:\Project\github\javavscode\netbeans\java\java.lsp.server\build\test\unit\work\o.n.m.j.l.s.p.S\m new sourcePath: C:\Project\github\javavscode\netbeans\java\java.lsp.server\build\test\unit\work\o.n.m.j.l.s.p.S\m
Apr 09, 2024 7:04:07 PM org.netbeans.modules.java.source.parsing.JavacParser init
WARNING: ClassPath identity changed for C:\Project\github\javavscode\netbeans\java\java.lsp.server\build\test\unit\work\o.n.m.j.l.s.p.S\pd\b\Base.java@fdbd3718:b7bf7bf, class path owner: C:\Project\github\javavscode\netbeans\java\java.lsp.server\build\test\unit\work\o.n.m.j.l.s.p.S\pd (class org.netbeans.modules.java.lsp.server.protocol.ServerTest$TestProjectFactory$4) original sourcePath: C:\Project\github\javavscode\netbeans\java\java.lsp.server\build\test\unit\work\o.n.m.j.l.s.p.S\pd new sourcePath: C:\Project\github\javavscode\netbeans\java\java.lsp.server\build\test\unit\work\o.n.m.j.l.s.p.S\pd
Apr 09, 2024 7:04:07 PM org.netbeans.modules.java.source.parsing.JavacParser init
WARNING: ClassPath identity changed for C:\Project\github\javavscode\netbeans\java\java.lsp.server\build\test\unit\work\o.n.m.j.l.s.p.S\sats\Test.java@99966bea:2a3e4e30, class path owner: null original sourcePath: C:\Project\github\javavscode\netbeans\java\java.lsp.server\build\test\unit\work\o.n.m.j.l.s.p.S\sats new sourcePath: C:\Project\github\javavscode\netbeans\java\java.lsp.server\build\test\unit\work\o.n.m.j.l.s.p.S\sats
Apr 09, 2024 7:04:07 PM org.netbeans.modules.java.source.parsing.JavacParser init
WARNING: ClassPath identity changed for C:\Project\github\javavscode\netbeans\java\java.lsp.server\build\test\unit\work\o.n.m.j.l.s.p.S\dopl\Test2.java@c0e83c48:7b6722cc, class path owner: null original sourcePath: C:\Project\github\javavscode\netbeans\java\java.lsp.server\build\test\unit\work\o.n.m.j.l.s.p.S\dopl new sourcePath: C:\Project\github\javavscode\netbeans\java\java.lsp.server\build\test\unit\work\o.n.m.j.l.s.p.S\dopl
Apr 09, 2024 7:04:07 PM org.netbeans.modules.project.ui.OpenProjectList log
INFO: USG_PROJECT_CLOSE
Apr 09, 2024 7:04:07 PM org.netbeans.modules.java.source.parsing.JavacParser init
WARNING: ClassPath identity changed for C:\Project\github\javavscode\netbeans\java\java.lsp.server\build\test\unit\work\o.n.m.j.l.s.p.S\dopl\Test.java@37ba05e4:d8f812b, class path owner: null original sourcePath: C:\Project\github\javavscode\netbeans\java\java.lsp.server\build\test\unit\work\o.n.m.j.l.s.p.S\dopl new sourcePath: C:\Project\github\javavscode\netbeans\java\java.lsp.server\build\test\unit\work\o.n.m.j.l.s.p.S\dopl
Creating a client for testcase: testMarkOccurrences
Apr 09, 2024 7:04:07 PM org.netbeans.modules.java.lsp.server.protocol.Server$LanguageServerImpl lambda$asyncOpenSelectedProjects1$9
INFO: 0 projects opened in 0ms
Apr 09, 2024 7:04:08 PM org.netbeans.modules.parsing.impl.indexing.RepositoryUpdater$Work reportIndexingStart
INFO: Indexing started, time from last indexing 3,254 ms.
Apr 09, 2024 7:04:08 PM org.netbeans.modules.parsing.impl.indexing.RepositoryUpdater$RootsWork getDone
INFO: Resolving dependencies took: 0 ms
Apr 09, 2024 7:04:08 PM org.netbeans.modules.parsing.impl.indexing.RepositoryUpdater$AbstractRootsWork scanBinaries
INFO: Complete indexing of 0 binary roots took: 1 ms
Apr 09, 2024 7:04:08 PM org.netbeans.modules.parsing.impl.indexing.RepositoryUpdater$AbstractRootsWork scanSources
INFO: Complete indexing of 0 source roots took: 0 ms (New or modified files: 0, Deleted files: 0) [Adding listeners took: 0 ms]
Apr 09, 2024 7:04:08 PM org.netbeans.modules.parsing.impl.indexing.RepositoryUpdater$Work reportIndexerStatistics
INFO: Indexing finished, indexing took 35 ms.
Apr 09, 2024 7:04:08 PM org.netbeans.modules.java.source.parsing.JavacParser init
WARNING: ClassPath identity changed for C:\Project\github\javavscode\netbeans\java\java.lsp.server\build\test\unit\work\o.n.m.j.l.s.p.S\h\Test.java@ee925f2f:747f0d70, class path owner: null original sourcePath: C:\Project\github\javavscode\netbeans\java\java.lsp.server\build\test\unit\work\o.n.m.j.l.s.p.S\h new sourcePath: C:\Project\github\javavscode\netbeans\java\java.lsp.server\build\test\unit\work\o.n.m.j.l.s.p.S\h
Apr 09, 2024 7:04:09 PM org.netbeans.modules.java.source.parsing.JavacParser init
WARNING: ClassPath identity changed for C:\Project\github\javavscode\netbeans\java\java.lsp.server\build\test\unit\work\o.n.m.j.l.s.p.S\mo\Test.java@6f07d201:7ad9de9e, class path owner: null original sourcePath: C:\Project\github\javavscode\netbeans\java\java.lsp.server\build\test\unit\work\o.n.m.j.l.s.p.S\mo new sourcePath: C:\Project\github\javavscode\netbeans\java\java.lsp.server\build\test\unit\work\o.n.m.j.l.s.p.S\mo
Apr 09, 2024 7:04:09 PM org.netbeans.modules.java.source.parsing.JavacParser init
WARNING: ClassPath identity changed for C:\Project\github\javavscode\netbeans\java\java.lsp.server\build\test\unit\work\o.n.m.j.l.s.p.S\cagc\Test.java@c9454739:10982a93, class path owner: null original sourcePath: C:\Project\github\javavscode\netbeans\java\java.lsp.server\build\test\unit\work\o.n.m.j.l.s.p.S\cagc new sourcePath: C:\Project\github\javavscode\netbeans\java\java.lsp.server\build\test\unit\work\o.n.m.j.l.s.p.S\cagc
Creating a client for testcase: testSignatureHelp
Apr 09, 2024 7:04:09 PM org.netbeans.modules.java.lsp.server.protocol.Server$LanguageServerImpl lambda$asyncOpenSelectedProjects1$9
INFO: 0 projects opened in 151ms
Apr 09, 2024 7:04:10 PM org.netbeans.modules.java.source.parsing.JavacParser init
WARNING: ClassPath identity changed for C:\Project\github\javavscode\netbeans\java\java.lsp.server\build\test\unit\work\o.n.m.j.l.s.p.S\saehc\Test.java@b505e779:54eec211, class path owner: null original sourcePath: C:\Project\github\javavscode\netbeans\java\java.lsp.server\build\test\unit\work\o.n.m.j.l.s.p.S\saehc new sourcePath: C:\Project\github\javavscode\netbeans\java\java.lsp.server\build\test\unit\work\o.n.m.j.l.s.p.S\saehc
Creating a client for testcase: testGoToTypeDefinition
Apr 09, 2024 7:04:10 PM org.netbeans.modules.project.ui.OpenProjectList log
INFO: USG_PROJECT_OPEN
Apr 09, 2024 7:04:10 PM org.netbeans.modules.java.lsp.server.protocol.Server$LanguageServerImpl lambda$asyncOpenSelectedProjects1$9
INFO: 1 projects opened in 7ms
Apr 09, 2024 7:04:10 PM org.netbeans.modules.parsing.impl.indexing.RepositoryUpdater$Work reportIndexingStart
INFO: Indexing started, time from last indexing 2,201 ms.
Apr 09, 2024 7:04:10 PM org.netbeans.modules.java.source.parsing.JavacParser init
WARNING: ClassPath identity changed for C:\Project\github\javavscode\netbeans\java\java.lsp.server\build\test\unit\work\o.n.m.j.l.s.p.S\ac\Test.java@181a3381:56a1cd94, class path owner: C:\Project\github\javavscode\netbeans\java\java.lsp.server\build\test\unit\work\o.n.m.j.l.s.p.S\ac (class org.netbeans.modules.java.lsp.server.protocol.ServerTest$TestProjectFactory$4) original sourcePath: C:\Project\github\javavscode\netbeans\java\java.lsp.server\build\test\unit\work\o.n.m.j.l.s.p.S\ac new sourcePath: C:\Project\github\javavscode\netbeans\java\java.lsp.server\build\test\unit\work\o.n.m.j.l.s.p.S\ac
Apr 09, 2024 7:04:10 PM org.netbeans.modules.parsing.impl.indexing.RepositoryUpdater$RootsWork getDone
INFO: Resolving dependencies took: 136 ms
Apr 09, 2024 7:04:11 PM org.netbeans.modules.java.source.parsing.JavacParser init
WARNING: ClassPath identity changed for C:\Project\github\javavscode\netbeans\java\java.lsp.server\build\test\unit\work\o.n.m.j.l.s.p.S\sal\Test.java@47563825:5e6be917, class path owner: null original sourcePath: C:\Project\github\javavscode\netbeans\java\java.lsp.server\build\test\unit\work\o.n.m.j.l.s.p.S\sal new sourcePath: C:\Project\github\javavscode\netbeans\java\java.lsp.server\build\test\unit\work\o.n.m.j.l.s.p.S\sal
Apr 09, 2024 7:04:11 PM org.netbeans.modules.java.source.parsing.JavacParser init
WARNING: ClassPath identity changed for C:\Project\github\javavscode\netbeans\java\java.lsp.server\build\test\unit\work\o.n.m.j.l.s.p.S\gtsi\Test.java@de2af020:12d5292c, class path owner: null original sourcePath: C:\Project\github\javavscode\netbeans\java\java.lsp.server\build\test\unit\work\o.n.m.j.l.s.p.S\gtsi new sourcePath: C:\Project\github\javavscode\netbeans\java\java.lsp.server\build\test\unit\work\o.n.m.j.l.s.p.S\gtsi
Apr 09, 2024 7:04:12 PM org.netbeans.modules.java.source.parsing.JavacParser init
WARNING: ClassPath identity changed for C:\Project\github\javavscode\netbeans\java\java.lsp.server\build\test\unit\work\o.n.m.j.l.s.p.S\cags\Test.java@17b06b29:7f50b290, class path owner: null original sourcePath: C:\Project\github\javavscode\netbeans\java\java.lsp.server\build\test\unit\work\o.n.m.j.l.s.p.S\cags new sourcePath: C:\Project\github\javavscode\netbeans\java\java.lsp.server\build\test\unit\work\o.n.m.j.l.s.p.S\cags
Apr 09, 2024 7:04:12 PM org.netbeans.modules.java.source.parsing.JavacParser init
WARNING: ClassPath identity changed for C:\Project\github\javavscode\netbeans\java\java.lsp.server\build\test\unit\work\o.n.m.j.l.s.p.S\fi\Test.java@bbcf84e0:227203f0, class path owner: C:\Project\github\javavscode\netbeans\java\java.lsp.server\build\test\unit\work\o.n.m.j.l.s.p.S\fi (class org.netbeans.modules.java.lsp.server.protocol.ServerTest$TestProjectFactory$4) original sourcePath: C:\Project\github\javavscode\netbeans\java\java.lsp.server\build\test\unit\work\o.n.m.j.l.s.p.S\fi new sourcePath: C:\Project\github\javavscode\netbeans\java\java.lsp.server\build\test\unit\work\o.n.m.j.l.s.p.S\fi
Apr 09, 2024 7:04:12 PM org.netbeans.modules.java.source.parsing.JavacParser init
WARNING: ClassPath identity changed for C:\Project\github\javavscode\netbeans\java\java.lsp.server\build\test\unit\work\o.n.m.j.l.s.p.S\m\Test.java@d6eadd12:4ca89157, class path owner: null original sourcePath: C:\Project\github\javavscode\netbeans\java\java.lsp.server\build\test\unit\work\o.n.m.j.l.s.p.S\m new sourcePath: C:\Project\github\javavscode\netbeans\java\java.lsp.server\build\test\unit\work\o.n.m.j.l.s.p.S\m
Apr 09, 2024 7:04:12 PM org.netbeans.modules.java.source.parsing.JavacParser init
WARNING: ClassPath identity changed for C:\Project\github\javavscode\netbeans\java\java.lsp.server\build\test\unit\work\o.n.m.j.l.s.p.S\pd\b\Base.java@fdbd3718:b7bf7bf, class path owner: C:\Project\github\javavscode\netbeans\java\java.lsp.server\build\test\unit\work\o.n.m.j.l.s.p.S\pd (class org.netbeans.modules.java.lsp.server.protocol.ServerTest$TestProjectFactory$4) original sourcePath: C:\Project\github\javavscode\netbeans\java\java.lsp.server\build\test\unit\work\o.n.m.j.l.s.p.S\pd new sourcePath: C:\Project\github\javavscode\netbeans\java\java.lsp.server\build\test\unit\work\o.n.m.j.l.s.p.S\pd
Apr 09, 2024 7:04:13 PM org.netbeans.modules.java.source.parsing.JavacParser init
WARNING: ClassPath identity changed for C:\Project\github\javavscode\netbeans\java\java.lsp.server\build\test\unit\work\o.n.m.j.l.s.p.S\sats\Test.java@99966bea:2a3e4e30, class path owner: null original sourcePath: C:\Project\github\javavscode\netbeans\java\java.lsp.server\build\test\unit\work\o.n.m.j.l.s.p.S\sats new sourcePath: C:\Project\github\javavscode\netbeans\java\java.lsp.server\build\test\unit\work\o.n.m.j.l.s.p.S\sats
Apr 09, 2024 7:04:13 PM org.netbeans.modules.java.source.parsing.JavacParser init
WARNING: ClassPath identity changed for C:\Project\github\javavscode\netbeans\java\java.lsp.server\build\test\unit\work\o.n.m.j.l.s.p.S\dopl\Test2.java@c0e83c48:7b6722cc, class path owner: null original sourcePath: C:\Project\github\javavscode\netbeans\java\java.lsp.server\build\test\unit\work\o.n.m.j.l.s.p.S\dopl new sourcePath: C:\Project\github\javavscode\netbeans\java\java.lsp.server\build\test\unit\work\o.n.m.j.l.s.p.S\dopl
Apr 09, 2024 7:04:14 PM org.netbeans.modules.java.source.parsing.JavacParser init
WARNING: ClassPath identity changed for C:\Project\github\javavscode\netbeans\java\java.lsp.server\build\test\unit\work\o.n.m.j.l.s.p.S\dopl\Test.java@37ba05e4:d8f812b, class path owner: null original sourcePath: C:\Project\github\javavscode\netbeans\java\java.lsp.server\build\test\unit\work\o.n.m.j.l.s.p.S\dopl new sourcePath: C:\Project\github\javavscode\netbeans\java\java.lsp.server\build\test\unit\work\o.n.m.j.l.s.p.S\dopl
Apr 09, 2024 7:04:14 PM org.netbeans.modules.java.source.parsing.JavacParser init
WARNING: ClassPath identity changed for C:\Project\github\javavscode\netbeans\java\java.lsp.server\build\test\unit\work\o.n.m.j.l.s.p.S\cagc\Test.java@c9454739:10982a93, class path owner: null original sourcePath: C:\Project\github\javavscode\netbeans\java\java.lsp.server\build\test\unit\work\o.n.m.j.l.s.p.S\cagc new sourcePath: C:\Project\github\javavscode\netbeans\java\java.lsp.server\build\test\unit\work\o.n.m.j.l.s.p.S\cagc
Apr 09, 2024 7:04:14 PM org.netbeans.modules.java.source.parsing.JavacParser init
WARNING: ClassPath identity changed for C:\Project\github\javavscode\netbeans\java\java.lsp.server\build\test\unit\work\o.n.m.j.l.s.p.S\saehc\Test.java@b505e779:54eec211, class path owner: null original sourcePath: C:\Project\github\javavscode\netbeans\java\java.lsp.server\build\test\unit\work\o.n.m.j.l.s.p.S\saehc new sourcePath: C:\Project\github\javavscode\netbeans\java\java.lsp.server\build\test\unit\work\o.n.m.j.l.s.p.S\saehc
Apr 09, 2024 7:04:14 PM org.netbeans.modules.java.source.parsing.JavacParser init
WARNING: ClassPath identity changed for C:\Project\github\javavscode\netbeans\java\java.lsp.server\build\test\unit\work\o.n.m.j.l.s.p.S\h\Test.java@ee925f2f:747f0d70, class path owner: null original sourcePath: C:\Project\github\javavscode\netbeans\java\java.lsp.server\build\test\unit\work\o.n.m.j.l.s.p.S\h new sourcePath: C:\Project\github\javavscode\netbeans\java\java.lsp.server\build\test\unit\work\o.n.m.j.l.s.p.S\h
Apr 09, 2024 7:04:14 PM org.netbeans.modules.java.source.parsing.JavacParser init
WARNING: ClassPath identity changed for C:\Project\github\javavscode\netbeans\java\java.lsp.server\build\test\unit\work\o.n.m.j.l.s.p.S\rdccro\Test.java@87eb52ec:219d62cb, class path owner: C:\Project\github\javavscode\netbeans\java\java.lsp.server\build\test\unit\work\o.n.m.j.l.s.p.S\rdccro (class org.netbeans.modules.java.lsp.server.protocol.ServerTest$TestProjectFactory$4) original sourcePath: C:\Project\github\javavscode\netbeans\java\java.lsp.server\build\test\unit\work\o.n.m.j.l.s.p.S\rdccro new sourcePath: C:\Project\github\javavscode\netbeans\java\java.lsp.server\build\test\unit\work\o.n.m.j.l.s.p.S\rdccro
Apr 09, 2024 7:04:15 PM org.netbeans.modules.java.source.parsing.JavacParser init
WARNING: ClassPath identity changed for C:\Project\github\javavscode\netbeans\java\java.lsp.server\build\test\unit\work\o.n.m.j.l.s.p.S\rdccro\Test2.java@7ad3c640:75bf3a3c, class path owner: C:\Project\github\javavscode\netbeans\java\java.lsp.server\build\test\unit\work\o.n.m.j.l.s.p.S\rdccro (class org.netbeans.modules.java.lsp.server.protocol.ServerTest$TestProjectFactory$4) original sourcePath: C:\Project\github\javavscode\netbeans\java\java.lsp.server\build\test\unit\work\o.n.m.j.l.s.p.S\rdccro new sourcePath: C:\Project\github\javavscode\netbeans\java\java.lsp.server\build\test\unit\work\o.n.m.j.l.s.p.S\rdccro
Apr 09, 2024 7:04:15 PM org.netbeans.modules.java.source.parsing.JavacParser init
WARNING: ClassPath identity changed for C:\Project\github\javavscode\netbeans\java\java.lsp.server\build\test\unit\work\o.n.m.j.l.s.p.S\caiaamiac\Test.java@49cd76ee:7dbf3adb, class path owner: null original sourcePath: C:\Project\github\javavscode\netbeans\java\java.lsp.server\build\test\unit\work\o.n.m.j.l.s.p.S\caiaamiac new sourcePath: C:\Project\github\javavscode\netbeans\java\java.lsp.server\build\test\unit\work\o.n.m.j.l.s.p.S\caiaamiac
Apr 09, 2024 7:04:15 PM org.netbeans.modules.java.source.parsing.JavacParser init
WARNING: ClassPath identity changed for C:\Project\github\javavscode\netbeans\java\java.lsp.server\build\test\unit\work\o.n.m.j.l.s.p.S\neahf\Other.java@483b2a71:121b1ca8, class path owner: null original sourcePath: C:\Project\github\javavscode\netbeans\java\java.lsp.server\build\test\unit\work\o.n.m.j.l.s.p.S\neahf new sourcePath: C:\Project\github\javavscode\netbeans\java\java.lsp.server\build\test\unit\work\o.n.m.j.l.s.p.S\neahf
Apr 09, 2024 7:04:15 PM org.netbeans.modules.java.source.parsing.JavacParser init
WARNING: ClassPath identity changed for C:\Project\github\javavscode\netbeans\java\java.lsp.server\build\test\unit\work\o.n.m.j.l.s.p.S\neahf\Test.java@7ff591cf:6c8aa7b1, class path owner: null original sourcePath: C:\Project\github\javavscode\netbeans\java\java.lsp.server\build\test\unit\work\o.n.m.j.l.s.p.S\neahf new sourcePath: C:\Project\github\javavscode\netbeans\java\java.lsp.server\build\test\unit\work\o.n.m.j.l.s.p.S\neahf
Apr 09, 2024 7:04:16 PM org.netbeans.modules.java.source.parsing.JavacParser init
WARNING: ClassPath identity changed for C:\Project\github\javavscode\netbeans\java\java.lsp.server\build\test\unit\work\o.n.m.j.l.s.p.S\sw\Test.java@4476a843:6abb247, class path owner: null original sourcePath: C:\Project\github\javavscode\netbeans\java\java.lsp.server\build\test\unit\work\o.n.m.j.l.s.p.S\sw new sourcePath: C:\Project\github\javavscode\netbeans\java\java.lsp.server\build\test\unit\work\o.n.m.j.l.s.p.S\sw
Apr 09, 2024 7:04:16 PM org.netbeans.modules.java.source.parsing.JavacParser init
WARNING: ClassPath identity changed for C:\Project\github\javavscode\netbeans\java\java.lsp.server\build\test\unit\work\o.n.m.j.l.s.p.S\caiaamie\Test.java@94941ebd:2994612d, class path owner: null original sourcePath: C:\Project\github\javavscode\netbeans\java\java.lsp.server\build\test\unit\work\o.n.m.j.l.s.p.S\caiaamie new sourcePath: C:\Project\github\javavscode\netbeans\java\java.lsp.server\build\test\unit\work\o.n.m.j.l.s.p.S\caiaamie
Apr 09, 2024 7:04:16 PM org.netbeans.modules.java.source.parsing.JavacParser init
WARNING: ClassPath identity changed for C:\Project\github\javavscode\netbeans\java\java.lsp.server\build\test\unit\work\o.n.m.j.l.s.p.S\saoi\Test.java@a20f5d87:3d87818, class path owner: null original sourcePath: C:\Project\github\javavscode\netbeans\java\java.lsp.server\build\test\unit\work\o.n.m.j.l.s.p.S\saoi new sourcePath: C:\Project\github\javavscode\netbeans\java\java.lsp.server\build\test\unit\work\o.n.m.j.l.s.p.S\saoi
Apr 09, 2024 7:04:18 PM org.netbeans.modules.parsing.impl.indexing.RepositoryUpdater$AbstractRootsWork scanBinaries
INFO: Complete indexing of 71 binary roots took: 7,445 ms
Apr 09, 2024 7:04:20 PM org.netbeans.modules.parsing.impl.indexing.RepositoryUpdater$AbstractRootsWork scanSources
INFO: Indexing of: C:\Project\github\javavscode\netbeans\java\java.lsp.server\build\test\unit\work\o.n.m.j.l.s.p.S\gttd took: 2,217 ms (New or modified files: 3, Deleted files: 0) [Adding listeners took: 0 ms]
Apr 09, 2024 7:04:20 PM org.netbeans.modules.parsing.impl.indexing.RepositoryUpdater$AbstractRootsWork scanSources
INFO: Complete indexing of 1 source roots took: 2,217 ms (New or modified files: 3, Deleted files: 0) [Adding listeners took: 0 ms]
Apr 09, 2024 7:04:20 PM org.netbeans.modules.parsing.impl.indexing.RepositoryUpdater$Work reportIndexerStatistics
INFO: Indexing finished, indexing took 9,800 ms.
Apr 09, 2024 7:04:20 PM org.netbeans.modules.parsing.impl.indexing.RepositoryUpdater$Work reportIndexingStart
INFO: Indexing started, time from last indexing 0 ms.
Apr 09, 2024 7:04:20 PM org.netbeans.modules.java.source.indexing.JavaCustomIndexer index
WARNING: Ignoring root with no ClassPath: C:\Project\github\javavscode\netbeans\java\java.lsp.server\build\test\unit\work\o.n.m.j.l.s.p.S\mo
Apr 09, 2024 7:04:20 PM org.netbeans.modules.parsing.impl.indexing.RepositoryUpdater$Work reportIndexerStatistics
INFO: Indexing finished, indexing took 341 ms.
Apr 09, 2024 7:04:20 PM org.netbeans.modules.parsing.impl.indexing.RepositoryUpdater$Work reportIndexingStart
INFO: Indexing started, time from last indexing 0 ms.
Apr 09, 2024 7:04:20 PM org.netbeans.modules.java.source.indexing.JavaCustomIndexer index
WARNING: Ignoring root with no ClassPath: C:\Project\github\javavscode\netbeans\java\java.lsp.server\build\test\unit\work\o.n.m.j.l.s.p.S\sh-2
Apr 09, 2024 7:04:20 PM org.netbeans.modules.java.source.parsing.JavacParser init
WARNING: ClassPath identity changed for C:\Project\github\javavscode\netbeans\java\java.lsp.server\build\test\unit\work\o.n.m.j.l.s.p.S\sh-2\Test.java@2ed17e39:17482c08, class path owner: null original sourcePath: C:\Project\github\javavscode\netbeans\java\java.lsp.server\build\test\unit\work\o.n.m.j.l.s.p.S\sh-2 new sourcePath: C:\Project\github\javavscode\netbeans\java\java.lsp.server\build\test\unit\work\o.n.m.j.l.s.p.S\sh-2
Apr 09, 2024 7:04:21 PM org.netbeans.modules.parsing.impl.indexing.RepositoryUpdater$Work reportIndexerStatistics
INFO: Indexing finished, indexing took 312 ms.
Apr 09, 2024 7:04:21 PM org.netbeans.modules.java.source.parsing.JavacParser init
WARNING: ClassPath identity changed for C:\Project\github\javavscode\netbeans\java\java.lsp.server\build\test\unit\work\o.n.m.j.l.s.p.S\mo\Test.java@6f07d201:7ad9de9e, class path owner: null original sourcePath: C:\Project\github\javavscode\netbeans\java\java.lsp.server\build\test\unit\work\o.n.m.j.l.s.p.S\mo new sourcePath: C:\Project\github\javavscode\netbeans\java\java.lsp.server\build\test\unit\work\o.n.m.j.l.s.p.S\mo
Apr 09, 2024 7:04:21 PM org.netbeans.modules.project.ui.OpenProjectList log
INFO: USG_PROJECT_CLOSE
Creating a client for testcase: testSourceActionDelegateMethod
Apr 09, 2024 7:04:21 PM org.netbeans.modules.java.lsp.server.protocol.Server$LanguageServerImpl lambda$asyncOpenSelectedProjects1$9
INFO: 0 projects opened in 0ms
Apr 09, 2024 7:04:22 PM org.netbeans.modules.parsing.impl.indexing.RepositoryUpdater$Work reportIndexingStart
INFO: Indexing started, time from last indexing 1,042 ms.
Apr 09, 2024 7:04:22 PM org.netbeans.modules.parsing.impl.indexing.RepositoryUpdater$RootsWork getDone
INFO: Resolving dependencies took: 0 ms
Apr 09, 2024 7:04:22 PM org.netbeans.modules.parsing.impl.indexing.RepositoryUpdater$AbstractRootsWork scanBinaries
INFO: Complete indexing of 0 binary roots took: 0 ms
Apr 09, 2024 7:04:22 PM org.netbeans.modules.parsing.impl.indexing.RepositoryUpdater$AbstractRootsWork scanSources
INFO: Complete indexing of 0 source roots took: 0 ms (New or modified files: 0, Deleted files: 0) [Adding listeners took: 0 ms]
Apr 09, 2024 7:04:22 PM org.netbeans.modules.parsing.impl.indexing.RepositoryUpdater$Work reportIndexerStatistics
INFO: Indexing finished, indexing took 57 ms.
Apr 09, 2024 7:04:22 PM org.netbeans.modules.java.source.parsing.JavacParser init
WARNING: ClassPath identity changed for C:\Project\github\javavscode\netbeans\java\java.lsp.server\build\test\unit\work\o.n.m.j.l.s.p.S\cagc\Test.java@c9454739:10982a93, class path owner: null original sourcePath: C:\Project\github\javavscode\netbeans\java\java.lsp.server\build\test\unit\work\o.n.m.j.l.s.p.S\cagc new sourcePath: C:\Project\github\javavscode\netbeans\java\java.lsp.server\build\test\unit\work\o.n.m.j.l.s.p.S\cagc
Apr 09, 2024 7:04:23 PM org.netbeans.modules.java.source.parsing.JavacParser init
WARNING: ClassPath identity changed for C:\Project\github\javavscode\netbeans\java\java.lsp.server\build\test\unit\work\o.n.m.j.l.s.p.S\mo\Test.java@6f07d201:7ad9de9e, class path owner: null original sourcePath: C:\Project\github\javavscode\netbeans\java\java.lsp.server\build\test\unit\work\o.n.m.j.l.s.p.S\mo new sourcePath: C:\Project\github\javavscode\netbeans\java\java.lsp.server\build\test\unit\work\o.n.m.j.l.s.p.S\mo
Apr 09, 2024 7:04:23 PM org.netbeans.modules.java.source.parsing.JavacParser init
WARNING: ClassPath identity changed for C:\Project\github\javavscode\netbeans\java\java.lsp.server\build\test\unit\work\o.n.m.j.l.s.p.S\saehc\Test.java@b505e779:54eec211, class path owner: null original sourcePath: C:\Project\github\javavscode\netbeans\java\java.lsp.server\build\test\unit\work\o.n.m.j.l.s.p.S\saehc new sourcePath: C:\Project\github\javavscode\netbeans\java\java.lsp.server\build\test\unit\work\o.n.m.j.l.s.p.S\saehc
Apr 09, 2024 7:04:23 PM org.netbeans.modules.java.source.parsing.JavacParser init
WARNING: ClassPath identity changed for C:\Project\github\javavscode\netbeans\java\java.lsp.server\build\test\unit\work\o.n.m.j.l.s.p.S\gttd\Test.java@fd6098da:1bce18d0, class path owner: C:\Project\github\javavscode\netbeans\java\java.lsp.server\build\test\unit\work\o.n.m.j.l.s.p.S\gttd (class org.netbeans.modules.java.lsp.server.protocol.ServerTest$TestProjectFactory$4) original sourcePath: C:\Project\github\javavscode\netbeans\java\java.lsp.server\build\test\unit\work\o.n.m.j.l.s.p.S\gttd new sourcePath: C:\Project\github\javavscode\netbeans\java\java.lsp.server\build\test\unit\work\o.n.m.j.l.s.p.S\gttd
Apr 09, 2024 7:04:23 PM org.netbeans.modules.java.source.parsing.JavacParser init
WARNING: ClassPath identity changed for C:\Project\github\javavscode\netbeans\java\java.lsp.server\build\test\unit\work\o.n.m.j.l.s.p.S\ac\Test.java@181a3381:56a1cd94, class path owner: C:\Project\github\javavscode\netbeans\java\java.lsp.server\build\test\unit\work\o.n.m.j.l.s.p.S\ac (class org.netbeans.modules.java.lsp.server.protocol.ServerTest$TestProjectFactory$4) original sourcePath: C:\Project\github\javavscode\netbeans\java\java.lsp.server\build\test\unit\work\o.n.m.j.l.s.p.S\ac new sourcePath: C:\Project\github\javavscode\netbeans\java\java.lsp.server\build\test\unit\work\o.n.m.j.l.s.p.S\ac
Apr 09, 2024 7:04:23 PM org.netbeans.modules.java.source.parsing.JavacParser init
WARNING: ClassPath identity changed for C:\Project\github\javavscode\netbeans\java\java.lsp.server\build\test\unit\work\o.n.m.j.l.s.p.S\sal\Test.java@47563825:5e6be917, class path owner: null original sourcePath: C:\Project\github\javavscode\netbeans\java\java.lsp.server\build\test\unit\work\o.n.m.j.l.s.p.S\sal new sourcePath: C:\Project\github\javavscode\netbeans\java\java.lsp.server\build\test\unit\work\o.n.m.j.l.s.p.S\sal
Apr 09, 2024 7:04:24 PM org.netbeans.modules.java.source.parsing.JavacParser init
WARNING: ClassPath identity changed for C:\Project\github\javavscode\netbeans\java\java.lsp.server\build\test\unit\work\o.n.m.j.l.s.p.S\sh-2\Test.java@2ed17e39:17482c08, class path owner: null original sourcePath: C:\Project\github\javavscode\netbeans\java\java.lsp.server\build\test\unit\work\o.n.m.j.l.s.p.S\sh-2 new sourcePath: C:\Project\github\javavscode\netbeans\java\java.lsp.server\build\test\unit\work\o.n.m.j.l.s.p.S\sh-2
Apr 09, 2024 7:04:24 PM org.netbeans.modules.java.source.parsing.JavacParser init
WARNING: ClassPath identity changed for C:\Project\github\javavscode\netbeans\java\java.lsp.server\build\test\unit\work\o.n.m.j.l.s.p.S\gtsi\Test.java@de2af020:12d5292c, class path owner: null original sourcePath: C:\Project\github\javavscode\netbeans\java\java.lsp.server\build\test\unit\work\o.n.m.j.l.s.p.S\gtsi new sourcePath: C:\Project\github\javavscode\netbeans\java\java.lsp.server\build\test\unit\work\o.n.m.j.l.s.p.S\gtsi
Apr 09, 2024 7:04:24 PM org.netbeans.modules.java.source.parsing.JavacParser init
WARNING: ClassPath identity changed for C:\Project\github\javavscode\netbeans\java\java.lsp.server\build\test\unit\work\o.n.m.j.l.s.p.S\cags\Test.java@17b06b29:7f50b290, class path owner: null original sourcePath: C:\Project\github\javavscode\netbeans\java\java.lsp.server\build\test\unit\work\o.n.m.j.l.s.p.S\cags new sourcePath: C:\Project\github\javavscode\netbeans\java\java.lsp.server\build\test\unit\work\o.n.m.j.l.s.p.S\cags
Apr 09, 2024 7:04:24 PM org.netbeans.modules.java.source.parsing.JavacParser init
WARNING: ClassPath identity changed for C:\Project\github\javavscode\netbeans\java\java.lsp.server\build\test\unit\work\o.n.m.j.l.s.p.S\fi\Test.java@bbcf84e0:227203f0, class path owner: C:\Project\github\javavscode\netbeans\java\java.lsp.server\build\test\unit\work\o.n.m.j.l.s.p.S\fi (class org.netbeans.modules.java.lsp.server.protocol.ServerTest$TestProjectFactory$4) original sourcePath: C:\Project\github\javavscode\netbeans\java\java.lsp.server\build\test\unit\work\o.n.m.j.l.s.p.S\fi new sourcePath: C:\Project\github\javavscode\netbeans\java\java.lsp.server\build\test\unit\work\o.n.m.j.l.s.p.S\fi
Apr 09, 2024 7:04:24 PM org.netbeans.modules.java.source.parsing.JavacParser init
WARNING: ClassPath identity changed for C:\Project\github\javavscode\netbeans\java\java.lsp.server\build\test\unit\work\o.n.m.j.l.s.p.S\m\Test.java@d6eadd12:4ca89157, class path owner: null original sourcePath: C:\Project\github\javavscode\netbeans\java\java.lsp.server\build\test\unit\work\o.n.m.j.l.s.p.S\m new sourcePath: C:\Project\github\javavscode\netbeans\java\java.lsp.server\build\test\unit\work\o.n.m.j.l.s.p.S\m
Apr 09, 2024 7:04:24 PM org.netbeans.modules.java.source.parsing.JavacParser init
WARNING: ClassPath identity changed for C:\Project\github\javavscode\netbeans\java\java.lsp.server\build\test\unit\work\o.n.m.j.l.s.p.S\pd\b\Base.java@fdbd3718:b7bf7bf, class path owner: C:\Project\github\javavscode\netbeans\java\java.lsp.server\build\test\unit\work\o.n.m.j.l.s.p.S\pd (class org.netbeans.modules.java.lsp.server.protocol.ServerTest$TestProjectFactory$4) original sourcePath: C:\Project\github\javavscode\netbeans\java\java.lsp.server\build\test\unit\work\o.n.m.j.l.s.p.S\pd new sourcePath: C:\Project\github\javavscode\netbeans\java\java.lsp.server\build\test\unit\work\o.n.m.j.l.s.p.S\pd
Apr 09, 2024 7:04:25 PM org.netbeans.modules.java.source.parsing.JavacParser init
WARNING: ClassPath identity changed for C:\Project\github\javavscode\netbeans\java\java.lsp.server\build\test\unit\work\o.n.m.j.l.s.p.S\sats\Test.java@99966bea:2a3e4e30, class path owner: null original sourcePath: C:\Project\github\javavscode\netbeans\java\java.lsp.server\build\test\unit\work\o.n.m.j.l.s.p.S\sats new sourcePath: C:\Project\github\javavscode\netbeans\java\java.lsp.server\build\test\unit\work\o.n.m.j.l.s.p.S\sats
Apr 09, 2024 7:04:25 PM org.netbeans.modules.java.source.parsing.JavacParser init
WARNING: ClassPath identity changed for C:\Project\github\javavscode\netbeans\java\java.lsp.server\build\test\unit\work\o.n.m.j.l.s.p.S\dopl\Test2.java@c0e83c48:7b6722cc, class path owner: null original sourcePath: C:\Project\github\javavscode\netbeans\java\java.lsp.server\build\test\unit\work\o.n.m.j.l.s.p.S\dopl new sourcePath: C:\Project\github\javavscode\netbeans\java\java.lsp.server\build\test\unit\work\o.n.m.j.l.s.p.S\dopl
Apr 09, 2024 7:04:25 PM org.netbeans.modules.java.source.parsing.JavacParser init
WARNING: ClassPath identity changed for C:\Project\github\javavscode\netbeans\java\java.lsp.server\build\test\unit\work\o.n.m.j.l.s.p.S\dopl\Test.java@37ba05e4:d8f812b, class path owner: null original sourcePath: C:\Project\github\javavscode\netbeans\java\java.lsp.server\build\test\unit\work\o.n.m.j.l.s.p.S\dopl new sourcePath: C:\Project\github\javavscode\netbeans\java\java.lsp.server\build\test\unit\work\o.n.m.j.l.s.p.S\dopl
Apr 09, 2024 7:04:25 PM org.netbeans.modules.java.source.parsing.JavacParser init
WARNING: ClassPath identity changed for C:\Project\github\javavscode\netbeans\java\java.lsp.server\build\test\unit\work\o.n.m.j.l.s.p.S\h\Test.java@ee925f2f:747f0d70, class path owner: null original sourcePath: C:\Project\github\javavscode\netbeans\java\java.lsp.server\build\test\unit\work\o.n.m.j.l.s.p.S\h new sourcePath: C:\Project\github\javavscode\netbeans\java\java.lsp.server\build\test\unit\work\o.n.m.j.l.s.p.S\h
Apr 09, 2024 7:04:25 PM org.netbeans.modules.java.source.parsing.JavacParser init
WARNING: ClassPath identity changed for C:\Project\github\javavscode\netbeans\java\java.lsp.server\build\test\unit\work\o.n.m.j.l.s.p.S\rdccro\Test.java@87eb52ec:219d62cb, class path owner: C:\Project\github\javavscode\netbeans\java\java.lsp.server\build\test\unit\work\o.n.m.j.l.s.p.S\rdccro (class org.netbeans.modules.java.lsp.server.protocol.ServerTest$TestProjectFactory$4) original sourcePath: C:\Project\github\javavscode\netbeans\java\java.lsp.server\build\test\unit\work\o.n.m.j.l.s.p.S\rdccro new sourcePath: C:\Project\github\javavscode\netbeans\java\java.lsp.server\build\test\unit\work\o.n.m.j.l.s.p.S\rdccro
Apr 09, 2024 7:04:26 PM org.netbeans.modules.java.source.parsing.JavacParser init
WARNING: ClassPath identity changed for C:\Project\github\javavscode\netbeans\java\java.lsp.server\build\test\unit\work\o.n.m.j.l.s.p.S\rdccro\Test2.java@7ad3c640:75bf3a3c, class path owner: C:\Project\github\javavscode\netbeans\java\java.lsp.server\build\test\unit\work\o.n.m.j.l.s.p.S\rdccro (class org.netbeans.modules.java.lsp.server.protocol.ServerTest$TestProjectFactory$4) original sourcePath: C:\Project\github\javavscode\netbeans\java\java.lsp.server\build\test\unit\work\o.n.m.j.l.s.p.S\rdccro new sourcePath: C:\Project\github\javavscode\netbeans\java\java.lsp.server\build\test\unit\work\o.n.m.j.l.s.p.S\rdccro
Apr 09, 2024 7:04:26 PM org.netbeans.modules.java.source.parsing.JavacParser init
WARNING: ClassPath identity changed for C:\Project\github\javavscode\netbeans\java\java.lsp.server\build\test\unit\work\o.n.m.j.l.s.p.S\caiaamiac\Test.java@49cd76ee:7dbf3adb, class path owner: null original sourcePath: C:\Project\github\javavscode\netbeans\java\java.lsp.server\build\test\unit\work\o.n.m.j.l.s.p.S\caiaamiac new sourcePath: C:\Project\github\javavscode\netbeans\java\java.lsp.server\build\test\unit\work\o.n.m.j.l.s.p.S\caiaamiac
Apr 09, 2024 7:04:26 PM org.netbeans.modules.java.source.parsing.JavacParser init
WARNING: ClassPath identity changed for C:\Project\github\javavscode\netbeans\java\java.lsp.server\build\test\unit\work\o.n.m.j.l.s.p.S\neahf\Other.java@483b2a71:121b1ca8, class path owner: null original sourcePath: C:\Project\github\javavscode\netbeans\java\java.lsp.server\build\test\unit\work\o.n.m.j.l.s.p.S\neahf new sourcePath: C:\Project\github\javavscode\netbeans\java\java.lsp.server\build\test\unit\work\o.n.m.j.l.s.p.S\neahf
Apr 09, 2024 7:04:26 PM org.netbeans.modules.java.source.parsing.JavacParser init
WARNING: ClassPath identity changed for C:\Project\github\javavscode\netbeans\java\java.lsp.server\build\test\unit\work\o.n.m.j.l.s.p.S\neahf\Test.java@7ff591cf:6c8aa7b1, class path owner: null original sourcePath: C:\Project\github\javavscode\netbeans\java\java.lsp.server\build\test\unit\work\o.n.m.j.l.s.p.S\neahf new sourcePath: C:\Project\github\javavscode\netbeans\java\java.lsp.server\build\test\unit\work\o.n.m.j.l.s.p.S\neahf
Apr 09, 2024 7:04:26 PM org.netbeans.modules.java.source.parsing.JavacParser init
WARNING: ClassPath identity changed for C:\Project\github\javavscode\netbeans\java\java.lsp.server\build\test\unit\work\o.n.m.j.l.s.p.S\sadm\Test.java@a11ced94:7656bf94, class path owner: null original sourcePath: C:\Project\github\javavscode\netbeans\java\java.lsp.server\build\test\unit\work\o.n.m.j.l.s.p.S\sadm new sourcePath: C:\Project\github\javavscode\netbeans\java\java.lsp.server\build\test\unit\work\o.n.m.j.l.s.p.S\sadm
Apr 09, 2024 7:04:27 PM org.netbeans.modules.java.source.parsing.JavacParser init
WARNING: ClassPath identity changed for C:\Project\github\javavscode\netbeans\java\java.lsp.server\build\test\unit\work\o.n.m.j.l.s.p.S\sw\Test.java@4476a843:6abb247, class path owner: null original sourcePath: C:\Project\github\javavscode\netbeans\java\java.lsp.server\build\test\unit\work\o.n.m.j.l.s.p.S\sw new sourcePath: C:\Project\github\javavscode\netbeans\java\java.lsp.server\build\test\unit\work\o.n.m.j.l.s.p.S\sw
Apr 09, 2024 7:04:27 PM org.netbeans.modules.java.source.parsing.JavacParser init
WARNING: ClassPath identity changed for C:\Project\github\javavscode\netbeans\java\java.lsp.server\build\test\unit\work\o.n.m.j.l.s.p.S\caiaamie\Test.java@94941ebd:2994612d, class path owner: null original sourcePath: C:\Project\github\javavscode\netbeans\java\java.lsp.server\build\test\unit\work\o.n.m.j.l.s.p.S\caiaamie new sourcePath: C:\Project\github\javavscode\netbeans\java\java.lsp.server\build\test\unit\work\o.n.m.j.l.s.p.S\caiaamie
Apr 09, 2024 7:04:27 PM org.netbeans.modules.java.source.parsing.JavacParser init
WARNING: ClassPath identity changed for C:\Project\github\javavscode\netbeans\java\java.lsp.server\build\test\unit\work\o.n.m.j.l.s.p.S\saoi\Test.java@a20f5d87:3d87818, class path owner: null original sourcePath: C:\Project\github\javavscode\netbeans\java\java.lsp.server\build\test\unit\work\o.n.m.j.l.s.p.S\saoi new sourcePath: C:\Project\github\javavscode\netbeans\java\java.lsp.server\build\test\unit\work\o.n.m.j.l.s.p.S\saoi
Creating a client for testcase: testCodeActionWithRemoval
Apr 09, 2024 7:04:30 PM org.netbeans.modules.java.lsp.server.protocol.Server$LanguageServerImpl lambda$asyncOpenSelectedProjects1$9
INFO: 0 projects opened in 0ms
Creating a client for testcase: testCodeActionImplementAllAbstractMethodsInClass
Apr 09, 2024 7:04:32 PM org.netbeans.modules.java.lsp.server.protocol.Server$LanguageServerImpl lambda$asyncOpenSelectedProjects1$9
INFO: 0 projects opened in 0ms
Creating a client for testcase: testCodeActionGenerateVarFieldOrParam
Apr 09, 2024 7:04:33 PM org.netbeans.modules.java.lsp.server.protocol.Server$LanguageServerImpl lambda$asyncOpenSelectedProjects1$9
INFO: 0 projects opened in 1ms
Creating a client for testcase: testFindUsages
Apr 09, 2024 7:04:34 PM org.netbeans.modules.project.ui.OpenProjectList log
INFO: USG_PROJECT_OPEN
Apr 09, 2024 7:04:34 PM org.netbeans.modules.java.lsp.server.protocol.Server$LanguageServerImpl lambda$asyncOpenSelectedProjects1$9
INFO: 1 projects opened in 6ms
Apr 09, 2024 7:04:35 PM org.netbeans.modules.parsing.impl.indexing.RepositoryUpdater$Work reportIndexingStart
INFO: Indexing started, time from last indexing 13,235 ms.
Apr 09, 2024 7:04:35 PM org.netbeans.modules.parsing.impl.indexing.RepositoryUpdater$RootsWork getDone
INFO: Resolving dependencies took: 38 ms
Apr 09, 2024 7:04:35 PM org.netbeans.modules.parsing.impl.indexing.RepositoryUpdater$AbstractRootsWork scanBinaries
INFO: Complete indexing of 71 binary roots took: 344 ms
Apr 09, 2024 7:04:37 PM org.netbeans.modules.parsing.impl.indexing.RepositoryUpdater$AbstractRootsWork scanSources
INFO: Indexing of: C:\Project\github\javavscode\netbeans\java\java.lsp.server\build\test\unit\work\o.n.m.j.l.s.p.S\fu took: 1,197 ms (New or modified files: 3, Deleted files: 0) [Adding listeners took: 0 ms]
Apr 09, 2024 7:04:37 PM org.netbeans.modules.parsing.impl.indexing.RepositoryUpdater$AbstractRootsWork scanSources
INFO: Complete indexing of 1 source roots took: 1,197 ms (New or modified files: 3, Deleted files: 0) [Adding listeners took: 0 ms]
Apr 09, 2024 7:04:37 PM org.netbeans.modules.parsing.impl.indexing.RepositoryUpdater$Work reportIndexerStatistics
INFO: Indexing finished, indexing took 1,580 ms.
Apr 09, 2024 7:04:37 PM org.netbeans.modules.parsing.impl.indexing.RepositoryUpdater$Work reportIndexingStart
INFO: Indexing started, time from last indexing 305 ms.
Apr 09, 2024 7:04:37 PM org.netbeans.modules.java.source.indexing.JavaCustomIndexer index
WARNING: Ignoring root with no ClassPath: C:\Project\github\javavscode\netbeans\java\java.lsp.server\build\test\unit\work\o.n.m.j.l.s.p.S\sadm
Apr 09, 2024 7:04:38 PM org.netbeans.modules.java.source.parsing.JavacParser init
WARNING: ClassPath identity changed for C:\Project\github\javavscode\netbeans\java\java.lsp.server\build\test\unit\work\o.n.m.j.l.s.p.S\cagc\Test.java@c9454739:10982a93, class path owner: null original sourcePath: C:\Project\github\javavscode\netbeans\java\java.lsp.server\build\test\unit\work\o.n.m.j.l.s.p.S\cagc new sourcePath: C:\Project\github\javavscode\netbeans\java\java.lsp.server\build\test\unit\work\o.n.m.j.l.s.p.S\cagc
Apr 09, 2024 7:04:38 PM org.netbeans.modules.java.source.parsing.JavacParser init
WARNING: ClassPath identity changed for C:\Project\github\javavscode\netbeans\java\java.lsp.server\build\test\unit\work\o.n.m.j.l.s.p.S\saehc\Test.java@b505e779:54eec211, class path owner: null original sourcePath: C:\Project\github\javavscode\netbeans\java\java.lsp.server\build\test\unit\work\o.n.m.j.l.s.p.S\saehc new sourcePath: C:\Project\github\javavscode\netbeans\java\java.lsp.server\build\test\unit\work\o.n.m.j.l.s.p.S\saehc
Apr 09, 2024 7:04:38 PM org.netbeans.modules.java.source.parsing.JavacParser init
WARNING: ClassPath identity changed for C:\Project\github\javavscode\netbeans\java\java.lsp.server\build\test\unit\work\o.n.m.j.l.s.p.S\ac\Test.java@181a3381:56a1cd94, class path owner: C:\Project\github\javavscode\netbeans\java\java.lsp.server\build\test\unit\work\o.n.m.j.l.s.p.S\ac (class org.netbeans.modules.java.lsp.server.protocol.ServerTest$TestProjectFactory$4) original sourcePath: C:\Project\github\javavscode\netbeans\java\java.lsp.server\build\test\unit\work\o.n.m.j.l.s.p.S\ac new sourcePath: C:\Project\github\javavscode\netbeans\java\java.lsp.server\build\test\unit\work\o.n.m.j.l.s.p.S\ac
Apr 09, 2024 7:04:38 PM org.netbeans.modules.java.source.parsing.JavacParser init
WARNING: ClassPath identity changed for C:\Project\github\javavscode\netbeans\java\java.lsp.server\build\test\unit\work\o.n.m.j.l.s.p.S\sadm\Test.java@a11ced94:7656bf94, class path owner: null original sourcePath: C:\Project\github\javavscode\netbeans\java\java.lsp.server\build\test\unit\work\o.n.m.j.l.s.p.S\sadm new sourcePath: C:\Project\github\javavscode\netbeans\java\java.lsp.server\build\test\unit\work\o.n.m.j.l.s.p.S\sadm
Apr 09, 2024 7:04:38 PM org.netbeans.modules.java.source.parsing.JavacParser init
WARNING: ClassPath identity changed for C:\Project\github\javavscode\netbeans\java\java.lsp.server\build\test\unit\work\o.n.m.j.l.s.p.S\sal\Test.java@47563825:5e6be917, class path owner: null original sourcePath: C:\Project\github\javavscode\netbeans\java\java.lsp.server\build\test\unit\work\o.n.m.j.l.s.p.S\sal new sourcePath: C:\Project\github\javavscode\netbeans\java\java.lsp.server\build\test\unit\work\o.n.m.j.l.s.p.S\sal
Apr 09, 2024 7:04:39 PM org.netbeans.modules.java.source.parsing.JavacParser init
WARNING: ClassPath identity changed for C:\Project\github\javavscode\netbeans\java\java.lsp.server\build\test\unit\work\o.n.m.j.l.s.p.S\sh-2\Test.java@2ed17e39:17482c08, class path owner: null original sourcePath: C:\Project\github\javavscode\netbeans\java\java.lsp.server\build\test\unit\work\o.n.m.j.l.s.p.S\sh-2 new sourcePath: C:\Project\github\javavscode\netbeans\java\java.lsp.server\build\test\unit\work\o.n.m.j.l.s.p.S\sh-2
Apr 09, 2024 7:04:39 PM org.netbeans.modules.java.source.parsing.JavacParser init
WARNING: ClassPath identity changed for C:\Project\github\javavscode\netbeans\java\java.lsp.server\build\test\unit\work\o.n.m.j.l.s.p.S\gtsi\Test.java@de2af020:12d5292c, class path owner: null original sourcePath: C:\Project\github\javavscode\netbeans\java\java.lsp.server\build\test\unit\work\o.n.m.j.l.s.p.S\gtsi new sourcePath: C:\Project\github\javavscode\netbeans\java\java.lsp.server\build\test\unit\work\o.n.m.j.l.s.p.S\gtsi
Apr 09, 2024 7:04:39 PM org.netbeans.modules.java.source.parsing.JavacParser init
WARNING: ClassPath identity changed for C:\Project\github\javavscode\netbeans\java\java.lsp.server\build\test\unit\work\o.n.m.j.l.s.p.S\cags\Test.java@17b06b29:7f50b290, class path owner: null original sourcePath: C:\Project\github\javavscode\netbeans\java\java.lsp.server\build\test\unit\work\o.n.m.j.l.s.p.S\cags new sourcePath: C:\Project\github\javavscode\netbeans\java\java.lsp.server\build\test\unit\work\o.n.m.j.l.s.p.S\cags
Apr 09, 2024 7:04:40 PM org.netbeans.modules.java.source.parsing.JavacParser init
WARNING: ClassPath identity changed for C:\Project\github\javavscode\netbeans\java\java.lsp.server\build\test\unit\work\o.n.m.j.l.s.p.S\fi\Test.java@bbcf84e0:227203f0, class path owner: C:\Project\github\javavscode\netbeans\java\java.lsp.server\build\test\unit\work\o.n.m.j.l.s.p.S\fi (class org.netbeans.modules.java.lsp.server.protocol.ServerTest$TestProjectFactory$4) original sourcePath: C:\Project\github\javavscode\netbeans\java\java.lsp.server\build\test\unit\work\o.n.m.j.l.s.p.S\fi new sourcePath: C:\Project\github\javavscode\netbeans\java\java.lsp.server\build\test\unit\work\o.n.m.j.l.s.p.S\fi
Apr 09, 2024 7:04:40 PM org.netbeans.modules.java.source.parsing.JavacParser init
WARNING: ClassPath identity changed for C:\Project\github\javavscode\netbeans\java\java.lsp.server\build\test\unit\work\o.n.m.j.l.s.p.S\m\Test.java@d6eadd12:4ca89157, class path owner: null original sourcePath: C:\Project\github\javavscode\netbeans\java\java.lsp.server\build\test\unit\work\o.n.m.j.l.s.p.S\m new sourcePath: C:\Project\github\javavscode\netbeans\java\java.lsp.server\build\test\unit\work\o.n.m.j.l.s.p.S\m
Apr 09, 2024 7:04:40 PM org.netbeans.modules.parsing.impl.indexing.RepositoryUpdater$Work reportIndexerStatistics
INFO: Indexing finished, indexing took 2,988 ms.
Apr 09, 2024 7:04:40 PM org.netbeans.modules.parsing.impl.indexing.RepositoryUpdater$Work reportIndexingStart
INFO: Indexing started, time from last indexing 1 ms.
Apr 09, 2024 7:04:40 PM org.netbeans.modules.java.source.parsing.JavacParser init
WARNING: ClassPath identity changed for C:\Project\github\javavscode\netbeans\java\java.lsp.server\build\test\unit\work\o.n.m.j.l.s.p.S\mo\Test.java@6f07d201:7ad9de9e, class path owner: null original sourcePath: C:\Project\github\javavscode\netbeans\java\java.lsp.server\build\test\unit\work\o.n.m.j.l.s.p.S\mo new sourcePath: C:\Project\github\javavscode\netbeans\java\java.lsp.server\build\test\unit\work\o.n.m.j.l.s.p.S\mo
Apr 09, 2024 7:04:40 PM org.netbeans.modules.java.source.parsing.JavacParser init
WARNING: ClassPath identity changed for C:\Project\github\javavscode\netbeans\java\java.lsp.server\build\test\unit\work\o.n.m.j.l.s.p.S\cagc\Test.java@c9454739:10982a93, class path owner: null original sourcePath: C:\Project\github\javavscode\netbeans\java\java.lsp.server\build\test\unit\work\o.n.m.j.l.s.p.S\cagc new sourcePath: C:\Project\github\javavscode\netbeans\java\java.lsp.server\build\test\unit\work\o.n.m.j.l.s.p.S\cagc
Apr 09, 2024 7:04:41 PM org.netbeans.modules.java.source.parsing.JavacParser init
WARNING: ClassPath identity changed for C:\Project\github\javavscode\netbeans\java\java.lsp.server\build\test\unit\work\o.n.m.j.l.s.p.S\saehc\Test.java@b505e779:54eec211, class path owner: null original sourcePath: C:\Project\github\javavscode\netbeans\java\java.lsp.server\build\test\unit\work\o.n.m.j.l.s.p.S\saehc new sourcePath: C:\Project\github\javavscode\netbeans\java\java.lsp.server\build\test\unit\work\o.n.m.j.l.s.p.S\saehc
Apr 09, 2024 7:04:41 PM org.netbeans.modules.java.source.parsing.JavacParser init
WARNING: ClassPath identity changed for C:\Project\github\javavscode\netbeans\java\java.lsp.server\build\test\unit\work\o.n.m.j.l.s.p.S\fu\Test2.java@1fb89d40:18b9c577, class path owner: C:\Project\github\javavscode\netbeans\java\java.lsp.server\build\test\unit\work\o.n.m.j.l.s.p.S\fu (class org.netbeans.modules.java.lsp.server.protocol.ServerTest$TestProjectFactory$4) original sourcePath: C:\Project\github\javavscode\netbeans\java\java.lsp.server\build\test\unit\work\o.n.m.j.l.s.p.S\fu new sourcePath: C:\Project\github\javavscode\netbeans\java\java.lsp.server\build\test\unit\work\o.n.m.j.l.s.p.S\fu
Apr 09, 2024 7:04:41 PM org.netbeans.modules.java.source.parsing.JavacParser init
WARNING: ClassPath identity changed for C:\Project\github\javavscode\netbeans\java\java.lsp.server\build\test\unit\work\o.n.m.j.l.s.p.S\ac\Test.java@181a3381:56a1cd94, class path owner: C:\Project\github\javavscode\netbeans\java\java.lsp.server\build\test\unit\work\o.n.m.j.l.s.p.S\ac (class org.netbeans.modules.java.lsp.server.protocol.ServerTest$TestProjectFactory$4) original sourcePath: C:\Project\github\javavscode\netbeans\java\java.lsp.server\build\test\unit\work\o.n.m.j.l.s.p.S\ac new sourcePath: C:\Project\github\javavscode\netbeans\java\java.lsp.server\build\test\unit\work\o.n.m.j.l.s.p.S\ac
Apr 09, 2024 7:04:41 PM org.netbeans.modules.java.source.parsing.JavacParser init
WARNING: ClassPath identity changed for C:\Project\github\javavscode\netbeans\java\java.lsp.server\build\test\unit\work\o.n.m.j.l.s.p.S\sal\Test.java@47563825:5e6be917, class path owner: null original sourcePath: C:\Project\github\javavscode\netbeans\java\java.lsp.server\build\test\unit\work\o.n.m.j.l.s.p.S\sal new sourcePath: C:\Project\github\javavscode\netbeans\java\java.lsp.server\build\test\unit\work\o.n.m.j.l.s.p.S\sal
Apr 09, 2024 7:04:42 PM org.netbeans.modules.java.source.parsing.JavacParser init
WARNING: ClassPath identity changed for C:\Project\github\javavscode\netbeans\java\java.lsp.server\build\test\unit\work\o.n.m.j.l.s.p.S\sh-2\Test.java@2ed17e39:17482c08, class path owner: null original sourcePath: C:\Project\github\javavscode\netbeans\java\java.lsp.server\build\test\unit\work\o.n.m.j.l.s.p.S\sh-2 new sourcePath: C:\Project\github\javavscode\netbeans\java\java.lsp.server\build\test\unit\work\o.n.m.j.l.s.p.S\sh-2
Apr 09, 2024 7:04:43 PM org.netbeans.modules.java.source.parsing.JavacParser init
WARNING: ClassPath identity changed for C:\Project\github\javavscode\netbeans\java\java.lsp.server\build\test\unit\work\o.n.m.j.l.s.p.S\gtsi\Test.java@de2af020:12d5292c, class path owner: null original sourcePath: C:\Project\github\javavscode\netbeans\java\java.lsp.server\build\test\unit\work\o.n.m.j.l.s.p.S\gtsi new sourcePath: C:\Project\github\javavscode\netbeans\java\java.lsp.server\build\test\unit\work\o.n.m.j.l.s.p.S\gtsi
Apr 09, 2024 7:04:43 PM org.netbeans.modules.java.source.parsing.JavacParser init
WARNING: ClassPath identity changed for C:\Project\github\javavscode\netbeans\java\java.lsp.server\build\test\unit\work\o.n.m.j.l.s.p.S\fu\Test.java@b68767ec:a25e5c1, class path owner: C:\Project\github\javavscode\netbeans\java\java.lsp.server\build\test\unit\work\o.n.m.j.l.s.p.S\fu (class org.netbeans.modules.java.lsp.server.protocol.ServerTest$TestProjectFactory$4) original sourcePath: C:\Project\github\javavscode\netbeans\java\java.lsp.server\build\test\unit\work\o.n.m.j.l.s.p.S\fu new sourcePath: C:\Project\github\javavscode\netbeans\java\java.lsp.server\build\test\unit\work\o.n.m.j.l.s.p.S\fu
Apr 09, 2024 7:04:43 PM org.netbeans.modules.java.source.parsing.JavacParser init
WARNING: ClassPath identity changed for C:\Project\github\javavscode\netbeans\java\java.lsp.server\build\test\unit\work\o.n.m.j.l.s.p.S\cags\Test.java@17b06b29:7f50b290, class path owner: null original sourcePath: C:\Project\github\javavscode\netbeans\java\java.lsp.server\build\test\unit\work\o.n.m.j.l.s.p.S\cags new sourcePath: C:\Project\github\javavscode\netbeans\java\java.lsp.server\build\test\unit\work\o.n.m.j.l.s.p.S\cags
Apr 09, 2024 7:04:43 PM org.netbeans.modules.java.source.parsing.JavacParser init
WARNING: ClassPath identity changed for C:\Project\github\javavscode\netbeans\java\java.lsp.server\build\test\unit\work\o.n.m.j.l.s.p.S\fi\Test.java@bbcf84e0:227203f0, class path owner: C:\Project\github\javavscode\netbeans\java\java.lsp.server\build\test\unit\work\o.n.m.j.l.s.p.S\fi (class org.netbeans.modules.java.lsp.server.protocol.ServerTest$TestProjectFactory$4) original sourcePath: C:\Project\github\javavscode\netbeans\java\java.lsp.server\build\test\unit\work\o.n.m.j.l.s.p.S\fi new sourcePath: C:\Project\github\javavscode\netbeans\java\java.lsp.server\build\test\unit\work\o.n.m.j.l.s.p.S\fi
Apr 09, 2024 7:04:43 PM org.netbeans.modules.java.source.indexing.JavaCustomIndexer index
WARNING: Ignoring root with no ClassPath: C:\Project\github\javavscode\netbeans\java\java.lsp.server\build\test\unit\work\o.n.m.j.l.s.p.S\cawr
Apr 09, 2024 7:04:44 PM org.netbeans.modules.project.ui.OpenProjectList log
INFO: USG_PROJECT_CLOSE
Apr 09, 2024 7:04:44 PM org.netbeans.modules.java.source.parsing.JavacParser init
WARNING: ClassPath identity changed for C:\Project\github\javavscode\netbeans\java\java.lsp.server\build\test\unit\work\o.n.m.j.l.s.p.S\sal\Test.java@47563825:5e6be917, class path owner: null original sourcePath: C:\Project\github\javavscode\netbeans\java\java.lsp.server\build\test\unit\work\o.n.m.j.l.s.p.S\sal new sourcePath: C:\Project\github\javavscode\netbeans\java\java.lsp.server\build\test\unit\work\o.n.m.j.l.s.p.S\sal
Creating a client for testcase: testCodeActionIntroduceVariable
Apr 09, 2024 7:04:44 PM org.netbeans.modules.java.lsp.server.protocol.Server$LanguageServerImpl lambda$asyncOpenSelectedProjects1$9
INFO: 0 projects opened in 1ms
Apr 09, 2024 7:04:44 PM org.netbeans.modules.java.source.parsing.JavacParser init
WARNING: ClassPath identity changed for C:\Project\github\javavscode\netbeans\java\java.lsp.server\build\test\unit\work\o.n.m.j.l.s.p.S\sh-2\Test.java@2ed17e39:17482c08, class path owner: null original sourcePath: C:\Project\github\javavscode\netbeans\java\java.lsp.server\build\test\unit\work\o.n.m.j.l.s.p.S\sh-2 new sourcePath: C:\Project\github\javavscode\netbeans\java\java.lsp.server\build\test\unit\work\o.n.m.j.l.s.p.S\sh-2
Apr 09, 2024 7:04:45 PM org.netbeans.modules.java.source.parsing.JavacParser init
WARNING: ClassPath identity changed for C:\Project\github\javavscode\netbeans\java\java.lsp.server\build\test\unit\work\o.n.m.j.l.s.p.S\cawr\Test.java@fdcab476:ee82eb0, class path owner: null original sourcePath: C:\Project\github\javavscode\netbeans\java\java.lsp.server\build\test\unit\work\o.n.m.j.l.s.p.S\cawr new sourcePath: C:\Project\github\javavscode\netbeans\java\java.lsp.server\build\test\unit\work\o.n.m.j.l.s.p.S\cawr
Apr 09, 2024 7:04:45 PM org.netbeans.modules.java.source.parsing.JavacParser init
WARNING: ClassPath identity changed for C:\Project\github\javavscode\netbeans\java\java.lsp.server\build\test\unit\work\o.n.m.j.l.s.p.S\gti\Test.java@ecb318e3:76d7cdb, class path owner: C:\Project\github\javavscode\netbeans\java\java.lsp.server\build\test\unit\work\o.n.m.j.l.s.p.S\gti (class org.netbeans.modules.java.lsp.server.protocol.ServerTest$TestProjectFactory$4) original sourcePath: C:\Project\github\javavscode\netbeans\java\java.lsp.server\build\test\unit\work\o.n.m.j.l.s.p.S\gti new sourcePath: C:\Project\github\javavscode\netbeans\java\java.lsp.server\build\test\unit\work\o.n.m.j.l.s.p.S\gti
Apr 09, 2024 7:04:45 PM org.netbeans.modules.java.source.parsing.JavacParser init
WARNING: ClassPath identity changed for C:\Project\github\javavscode\netbeans\java\java.lsp.server\build\test\unit\work\o.n.m.j.l.s.p.S\gtsi\Test.java@de2af020:12d5292c, class path owner: null original sourcePath: C:\Project\github\javavscode\netbeans\java\java.lsp.server\build\test\unit\work\o.n.m.j.l.s.p.S\gtsi new sourcePath: C:\Project\github\javavscode\netbeans\java\java.lsp.server\build\test\unit\work\o.n.m.j.l.s.p.S\gtsi
Apr 09, 2024 7:04:46 PM org.netbeans.modules.java.source.parsing.JavacParser init
WARNING: ClassPath identity changed for C:\Project\github\javavscode\netbeans\java\java.lsp.server\build\test\unit\work\o.n.m.j.l.s.p.S\cags\Test.java@17b06b29:7f50b290, class path owner: null original sourcePath: C:\Project\github\javavscode\netbeans\java\java.lsp.server\build\test\unit\work\o.n.m.j.l.s.p.S\cags new sourcePath: C:\Project\github\javavscode\netbeans\java\java.lsp.server\build\test\unit\work\o.n.m.j.l.s.p.S\cags
Apr 09, 2024 7:04:46 PM org.netbeans.modules.java.source.parsing.JavacParser init
WARNING: ClassPath identity changed for C:\Project\github\javavscode\netbeans\java\java.lsp.server\build\test\unit\work\o.n.m.j.l.s.p.S\fi\Test.java@bbcf84e0:227203f0, class path owner: C:\Project\github\javavscode\netbeans\java\java.lsp.server\build\test\unit\work\o.n.m.j.l.s.p.S\fi (class org.netbeans.modules.java.lsp.server.protocol.ServerTest$TestProjectFactory$4) original sourcePath: C:\Project\github\javavscode\netbeans\java\java.lsp.server\build\test\unit\work\o.n.m.j.l.s.p.S\fi new sourcePath: C:\Project\github\javavscode\netbeans\java\java.lsp.server\build\test\unit\work\o.n.m.j.l.s.p.S\fi
Apr 09, 2024 7:04:46 PM org.netbeans.modules.parsing.impl.indexing.RepositoryUpdater$Work reportIndexerStatistics
INFO: Indexing finished, indexing took 6,178 ms.
Apr 09, 2024 7:04:46 PM org.netbeans.modules.parsing.impl.indexing.RepositoryUpdater$Work reportIndexingStart
INFO: Indexing started, time from last indexing 1 ms.
Apr 09, 2024 7:04:46 PM org.netbeans.modules.java.source.parsing.JavacParser init
WARNING: ClassPath identity changed for C:\Project\github\javavscode\netbeans\java\java.lsp.server\build\test\unit\work\o.n.m.j.l.s.p.S\m\Test.java@d6eadd12:4ca89157, class path owner: null original sourcePath: C:\Project\github\javavscode\netbeans\java\java.lsp.server\build\test\unit\work\o.n.m.j.l.s.p.S\m new sourcePath: C:\Project\github\javavscode\netbeans\java\java.lsp.server\build\test\unit\work\o.n.m.j.l.s.p.S\m
Apr 09, 2024 7:04:47 PM org.netbeans.modules.java.source.parsing.JavacParser init
WARNING: ClassPath identity changed for C:\Project\github\javavscode\netbeans\java\java.lsp.server\build\test\unit\work\o.n.m.j.l.s.p.S\mo\Test.java@6f07d201:7ad9de9e, class path owner: null original sourcePath: C:\Project\github\javavscode\netbeans\java\java.lsp.server\build\test\unit\work\o.n.m.j.l.s.p.S\mo new sourcePath: C:\Project\github\javavscode\netbeans\java\java.lsp.server\build\test\unit\work\o.n.m.j.l.s.p.S\mo
Apr 09, 2024 7:04:47 PM org.netbeans.modules.java.source.parsing.JavacParser init
WARNING: ClassPath identity changed for C:\Project\github\javavscode\netbeans\java\java.lsp.server\build\test\unit\work\o.n.m.j.l.s.p.S\cagc\Test.java@c9454739:10982a93, class path owner: null original sourcePath: C:\Project\github\javavscode\netbeans\java\java.lsp.server\build\test\unit\work\o.n.m.j.l.s.p.S\cagc new sourcePath: C:\Project\github\javavscode\netbeans\java\java.lsp.server\build\test\unit\work\o.n.m.j.l.s.p.S\cagc
Apr 09, 2024 7:04:47 PM org.netbeans.modules.java.source.parsing.JavacParser init
WARNING: ClassPath identity changed for C:\Project\github\javavscode\netbeans\java\java.lsp.server\build\test\unit\work\o.n.m.j.l.s.p.S\saehc\Test.java@b505e779:54eec211, class path owner: null original sourcePath: C:\Project\github\javavscode\netbeans\java\java.lsp.server\build\test\unit\work\o.n.m.j.l.s.p.S\saehc new sourcePath: C:\Project\github\javavscode\netbeans\java\java.lsp.server\build\test\unit\work\o.n.m.j.l.s.p.S\saehc
Apr 09, 2024 7:04:47 PM org.netbeans.modules.java.source.indexing.JavaCustomIndexer index
WARNING: Ignoring root with no ClassPath: C:\Project\github\javavscode\netbeans\java\java.lsp.server\build\test\unit\work\o.n.m.j.l.s.p.S\caiaamic
Apr 09, 2024 7:04:48 PM org.netbeans.modules.java.source.parsing.JavacParser init
WARNING: ClassPath identity changed for C:\Project\github\javavscode\netbeans\java\java.lsp.server\build\test\unit\work\o.n.m.j.l.s.p.S\gttd\Test.java@fd6098da:1bce18d0, class path owner: C:\Project\github\javavscode\netbeans\java\java.lsp.server\build\test\unit\work\o.n.m.j.l.s.p.S\gttd (class org.netbeans.modules.java.lsp.server.protocol.ServerTest$TestProjectFactory$4) original sourcePath: C:\Project\github\javavscode\netbeans\java\java.lsp.server\build\test\unit\work\o.n.m.j.l.s.p.S\gttd new sourcePath: C:\Project\github\javavscode\netbeans\java\java.lsp.server\build\test\unit\work\o.n.m.j.l.s.p.S\gttd
Apr 09, 2024 7:04:48 PM org.netbeans.modules.java.source.parsing.JavacParser init
WARNING: ClassPath identity changed for C:\Project\github\javavscode\netbeans\java\java.lsp.server\build\test\unit\work\o.n.m.j.l.s.p.S\ac\Test.java@181a3381:56a1cd94, class path owner: C:\Project\github\javavscode\netbeans\java\java.lsp.server\build\test\unit\work\o.n.m.j.l.s.p.S\ac (class org.netbeans.modules.java.lsp.server.protocol.ServerTest$TestProjectFactory$4) original sourcePath: C:\Project\github\javavscode\netbeans\java\java.lsp.server\build\test\unit\work\o.n.m.j.l.s.p.S\ac new sourcePath: C:\Project\github\javavscode\netbeans\java\java.lsp.server\build\test\unit\work\o.n.m.j.l.s.p.S\ac
Apr 09, 2024 7:04:48 PM org.netbeans.modules.java.source.parsing.JavacParser init
WARNING: ClassPath identity changed for C:\Project\github\javavscode\netbeans\java\java.lsp.server\build\test\unit\work\o.n.m.j.l.s.p.S\caiaamic\Test.java@6aafb03b:7e10de76, class path owner: null original sourcePath: C:\Project\github\javavscode\netbeans\java\java.lsp.server\build\test\unit\work\o.n.m.j.l.s.p.S\caiaamic new sourcePath: C:\Project\github\javavscode\netbeans\java\java.lsp.server\build\test\unit\work\o.n.m.j.l.s.p.S\caiaamic
Apr 09, 2024 7:04:48 PM org.netbeans.modules.java.source.parsing.JavacParser init
WARNING: ClassPath identity changed for C:\Project\github\javavscode\netbeans\java\java.lsp.server\build\test\unit\work\o.n.m.j.l.s.p.S\sal\Test.java@47563825:5e6be917, class path owner: null original sourcePath: C:\Project\github\javavscode\netbeans\java\java.lsp.server\build\test\unit\work\o.n.m.j.l.s.p.S\sal new sourcePath: C:\Project\github\javavscode\netbeans\java\java.lsp.server\build\test\unit\work\o.n.m.j.l.s.p.S\sal
Apr 09, 2024 7:04:48 PM org.netbeans.modules.java.source.parsing.JavacParser init
WARNING: ClassPath identity changed for C:\Project\github\javavscode\netbeans\java\java.lsp.server\build\test\unit\work\o.n.m.j.l.s.p.S\sh-2\Test.java@2ed17e39:17482c08, class path owner: null original sourcePath: C:\Project\github\javavscode\netbeans\java\java.lsp.server\build\test\unit\work\o.n.m.j.l.s.p.S\sh-2 new sourcePath: C:\Project\github\javavscode\netbeans\java\java.lsp.server\build\test\unit\work\o.n.m.j.l.s.p.S\sh-2
Apr 09, 2024 7:04:48 PM org.netbeans.modules.java.source.parsing.JavacParser init
WARNING: ClassPath identity changed for C:\Project\github\javavscode\netbeans\java\java.lsp.server\build\test\unit\work\o.n.m.j.l.s.p.S\gti\Test.java@ecb318e3:76d7cdb, class path owner: C:\Project\github\javavscode\netbeans\java\java.lsp.server\build\test\unit\work\o.n.m.j.l.s.p.S\gti (class org.netbeans.modules.java.lsp.server.protocol.ServerTest$TestProjectFactory$4) original sourcePath: C:\Project\github\javavscode\netbeans\java\java.lsp.server\build\test\unit\work\o.n.m.j.l.s.p.S\gti new sourcePath: C:\Project\github\javavscode\netbeans\java\java.lsp.server\build\test\unit\work\o.n.m.j.l.s.p.S\gti
Apr 09, 2024 7:04:49 PM org.netbeans.modules.java.source.parsing.JavacParser init
WARNING: ClassPath identity changed for C:\Project\github\javavscode\netbeans\java\java.lsp.server\build\test\unit\work\o.n.m.j.l.s.p.S\gtsi\Test.java@de2af020:12d5292c, class path owner: null original sourcePath: C:\Project\github\javavscode\netbeans\java\java.lsp.server\build\test\unit\work\o.n.m.j.l.s.p.S\gtsi new sourcePath: C:\Project\github\javavscode\netbeans\java\java.lsp.server\build\test\unit\work\o.n.m.j.l.s.p.S\gtsi
Apr 09, 2024 7:04:49 PM org.netbeans.modules.parsing.impl.indexing.RepositoryUpdater$Work reportIndexerStatistics
INFO: Indexing finished, indexing took 2,690 ms.
Apr 09, 2024 7:04:49 PM org.netbeans.modules.parsing.impl.indexing.RepositoryUpdater$Work reportIndexingStart
INFO: Indexing started, time from last indexing 1 ms.
Apr 09, 2024 7:04:49 PM org.netbeans.modules.java.source.parsing.JavacParser init
WARNING: ClassPath identity changed for C:\Project\github\javavscode\netbeans\java\java.lsp.server\build\test\unit\work\o.n.m.j.l.s.p.S\cags\Test.java@17b06b29:7f50b290, class path owner: null original sourcePath: C:\Project\github\javavscode\netbeans\java\java.lsp.server\build\test\unit\work\o.n.m.j.l.s.p.S\cags new sourcePath: C:\Project\github\javavscode\netbeans\java\java.lsp.server\build\test\unit\work\o.n.m.j.l.s.p.S\cags
Apr 09, 2024 7:04:49 PM org.netbeans.modules.java.source.parsing.JavacParser init
WARNING: ClassPath identity changed for C:\Project\github\javavscode\netbeans\java\java.lsp.server\build\test\unit\work\o.n.m.j.l.s.p.S\fi\Test.java@bbcf84e0:227203f0, class path owner: C:\Project\github\javavscode\netbeans\java\java.lsp.server\build\test\unit\work\o.n.m.j.l.s.p.S\fi (class org.netbeans.modules.java.lsp.server.protocol.ServerTest$TestProjectFactory$4) original sourcePath: C:\Project\github\javavscode\netbeans\java\java.lsp.server\build\test\unit\work\o.n.m.j.l.s.p.S\fi new sourcePath: C:\Project\github\javavscode\netbeans\java\java.lsp.server\build\test\unit\work\o.n.m.j.l.s.p.S\fi
Apr 09, 2024 7:04:50 PM org.netbeans.modules.java.source.parsing.JavacParser init
WARNING: ClassPath identity changed for C:\Project\github\javavscode\netbeans\java\java.lsp.server\build\test\unit\work\o.n.m.j.l.s.p.S\mo\Test.java@6f07d201:7ad9de9e, class path owner: null original sourcePath: C:\Project\github\javavscode\netbeans\java\java.lsp.server\build\test\unit\work\o.n.m.j.l.s.p.S\mo new sourcePath: C:\Project\github\javavscode\netbeans\java\java.lsp.server\build\test\unit\work\o.n.m.j.l.s.p.S\mo
Apr 09, 2024 7:04:50 PM org.netbeans.modules.java.source.indexing.JavaCustomIndexer index
WARNING: Ignoring root with no ClassPath: C:\Project\github\javavscode\netbeans\java\java.lsp.server\build\test\unit\work\o.n.m.j.l.s.p.S\cagvfop
Apr 09, 2024 7:04:50 PM org.netbeans.modules.java.source.parsing.JavacParser init
WARNING: ClassPath identity changed for C:\Project\github\javavscode\netbeans\java\java.lsp.server\build\test\unit\work\o.n.m.j.l.s.p.S\cagc\Test.java@c9454739:10982a93, class path owner: null original sourcePath: C:\Project\github\javavscode\netbeans\java\java.lsp.server\build\test\unit\work\o.n.m.j.l.s.p.S\cagc new sourcePath: C:\Project\github\javavscode\netbeans\java\java.lsp.server\build\test\unit\work\o.n.m.j.l.s.p.S\cagc
Apr 09, 2024 7:04:51 PM org.netbeans.modules.java.source.parsing.JavacParser init
WARNING: ClassPath identity changed for C:\Project\github\javavscode\netbeans\java\java.lsp.server\build\test\unit\work\o.n.m.j.l.s.p.S\saehc\Test.java@b505e779:54eec211, class path owner: null original sourcePath: C:\Project\github\javavscode\netbeans\java\java.lsp.server\build\test\unit\work\o.n.m.j.l.s.p.S\saehc new sourcePath: C:\Project\github\javavscode\netbeans\java\java.lsp.server\build\test\unit\work\o.n.m.j.l.s.p.S\saehc
Apr 09, 2024 7:04:51 PM org.netbeans.modules.java.source.parsing.JavacParser init
WARNING: ClassPath identity changed for C:\Project\github\javavscode\netbeans\java\java.lsp.server\build\test\unit\work\o.n.m.j.l.s.p.S\cagvfop\Test.java@112f0521:3e9d007a, class path owner: null original sourcePath: C:\Project\github\javavscode\netbeans\java\java.lsp.server\build\test\unit\work\o.n.m.j.l.s.p.S\cagvfop new sourcePath: C:\Project\github\javavscode\netbeans\java\java.lsp.server\build\test\unit\work\o.n.m.j.l.s.p.S\cagvfop
Apr 09, 2024 7:04:51 PM org.netbeans.modules.java.source.parsing.JavacParser init
WARNING: ClassPath identity changed for C:\Project\github\javavscode\netbeans\java\java.lsp.server\build\test\unit\work\o.n.m.j.l.s.p.S\gttd\Test.java@fd6098da:1bce18d0, class path owner: C:\Project\github\javavscode\netbeans\java\java.lsp.server\build\test\unit\work\o.n.m.j.l.s.p.S\gttd (class org.netbeans.modules.java.lsp.server.protocol.ServerTest$TestProjectFactory$4) original sourcePath: C:\Project\github\javavscode\netbeans\java\java.lsp.server\build\test\unit\work\o.n.m.j.l.s.p.S\gttd new sourcePath: C:\Project\github\javavscode\netbeans\java\java.lsp.server\build\test\unit\work\o.n.m.j.l.s.p.S\gttd
Apr 09, 2024 7:04:51 PM org.netbeans.modules.java.source.parsing.JavacParser init
WARNING: ClassPath identity changed for C:\Project\github\javavscode\netbeans\java\java.lsp.server\build\test\unit\work\o.n.m.j.l.s.p.S\ac\Test.java@181a3381:56a1cd94, class path owner: C:\Project\github\javavscode\netbeans\java\java.lsp.server\build\test\unit\work\o.n.m.j.l.s.p.S\ac (class org.netbeans.modules.java.lsp.server.protocol.ServerTest$TestProjectFactory$4) original sourcePath: C:\Project\github\javavscode\netbeans\java\java.lsp.server\build\test\unit\work\o.n.m.j.l.s.p.S\ac new sourcePath: C:\Project\github\javavscode\netbeans\java\java.lsp.server\build\test\unit\work\o.n.m.j.l.s.p.S\ac
Apr 09, 2024 7:04:51 PM org.netbeans.modules.java.source.parsing.JavacParser init
WARNING: ClassPath identity changed for C:\Project\github\javavscode\netbeans\java\java.lsp.server\build\test\unit\work\o.n.m.j.l.s.p.S\sal\Test.java@47563825:5e6be917, class path owner: null original sourcePath: C:\Project\github\javavscode\netbeans\java\java.lsp.server\build\test\unit\work\o.n.m.j.l.s.p.S\sal new sourcePath: C:\Project\github\javavscode\netbeans\java\java.lsp.server\build\test\unit\work\o.n.m.j.l.s.p.S\sal
Apr 09, 2024 7:04:51 PM org.netbeans.modules.java.source.parsing.JavacParser init
WARNING: ClassPath identity changed for C:\Project\github\javavscode\netbeans\java\java.lsp.server\build\test\unit\work\o.n.m.j.l.s.p.S\sh-2\Test.java@2ed17e39:17482c08, class path owner: null original sourcePath: C:\Project\github\javavscode\netbeans\java\java.lsp.server\build\test\unit\work\o.n.m.j.l.s.p.S\sh-2 new sourcePath: C:\Project\github\javavscode\netbeans\java\java.lsp.server\build\test\unit\work\o.n.m.j.l.s.p.S\sh-2
Apr 09, 2024 7:04:51 PM org.netbeans.modules.parsing.impl.indexing.RepositoryUpdater$Work reportIndexerStatistics
INFO: Indexing finished, indexing took 2,740 ms.
Apr 09, 2024 7:04:51 PM org.netbeans.modules.parsing.impl.indexing.RepositoryUpdater$Work reportIndexingStart
INFO: Indexing started, time from last indexing 0 ms.
Apr 09, 2024 7:04:51 PM org.netbeans.modules.parsing.impl.indexing.RepositoryUpdater$RootsWork getDone
INFO: Resolving dependencies took: 0 ms
Apr 09, 2024 7:04:51 PM org.netbeans.modules.parsing.impl.indexing.RepositoryUpdater$AbstractRootsWork scanBinaries
INFO: Complete indexing of 0 binary roots took: 0 ms
Apr 09, 2024 7:04:51 PM org.netbeans.modules.parsing.impl.indexing.RepositoryUpdater$AbstractRootsWork scanSources
INFO: Complete indexing of 0 source roots took: 0 ms (New or modified files: 0, Deleted files: 0) [Adding listeners took: 0 ms]
Apr 09, 2024 7:04:52 PM org.netbeans.modules.parsing.impl.indexing.RepositoryUpdater$Work reportIndexerStatistics
INFO: Indexing finished, indexing took 72 ms.
Apr 09, 2024 7:04:52 PM org.netbeans.modules.parsing.impl.indexing.RepositoryUpdater$Work reportIndexingStart
INFO: Indexing started, time from last indexing 0 ms.
Apr 09, 2024 7:04:52 PM org.netbeans.modules.java.source.parsing.JavacParser init
WARNING: ClassPath identity changed for C:\Project\github\javavscode\netbeans\java\java.lsp.server\build\test\unit\work\o.n.m.j.l.s.p.S\mo\Test.java@6f07d201:7ad9de9e, class path owner: null original sourcePath: C:\Project\github\javavscode\netbeans\java\java.lsp.server\build\test\unit\work\o.n.m.j.l.s.p.S\mo new sourcePath: C:\Project\github\javavscode\netbeans\java\java.lsp.server\build\test\unit\work\o.n.m.j.l.s.p.S\mo
Apr 09, 2024 7:04:52 PM org.netbeans.modules.java.source.parsing.JavacParser init
WARNING: ClassPath identity changed for C:\Project\github\javavscode\netbeans\java\java.lsp.server\build\test\unit\work\o.n.m.j.l.s.p.S\caiv\Test.java@e5a6f428:2fdd4c9b, class path owner: null original sourcePath: C:\Project\github\javavscode\netbeans\java\java.lsp.server\build\test\unit\work\o.n.m.j.l.s.p.S\caiv new sourcePath: C:\Project\github\javavscode\netbeans\java\java.lsp.server\build\test\unit\work\o.n.m.j.l.s.p.S\caiv
Apr 09, 2024 7:04:52 PM org.netbeans.modules.java.source.parsing.JavacParser init
WARNING: ClassPath identity changed for C:\Project\github\javavscode\netbeans\java\java.lsp.server\build\test\unit\work\o.n.m.j.l.s.p.S\cagc\Test.java@c9454739:10982a93, class path owner: null original sourcePath: C:\Project\github\javavscode\netbeans\java\java.lsp.server\build\test\unit\work\o.n.m.j.l.s.p.S\cagc new sourcePath: C:\Project\github\javavscode\netbeans\java\java.lsp.server\build\test\unit\work\o.n.m.j.l.s.p.S\cagc
Creating a client for testcase: testFormatDocument
Apr 09, 2024 7:04:52 PM org.netbeans.modules.java.lsp.server.protocol.Server$LanguageServerImpl lambda$asyncOpenSelectedProjects1$9
INFO: 0 projects opened in 0ms
Apr 09, 2024 7:04:52 PM org.netbeans.modules.java.source.parsing.JavacParser init
WARNING: ClassPath identity changed for C:\Project\github\javavscode\netbeans\java\java.lsp.server\build\test\unit\work\o.n.m.j.l.s.p.S\saehc\Test.java@b505e779:54eec211, class path owner: null original sourcePath: C:\Project\github\javavscode\netbeans\java\java.lsp.server\build\test\unit\work\o.n.m.j.l.s.p.S\saehc new sourcePath: C:\Project\github\javavscode\netbeans\java\java.lsp.server\build\test\unit\work\o.n.m.j.l.s.p.S\saehc
Apr 09, 2024 7:04:53 PM org.netbeans.modules.java.source.indexing.JavaCustomIndexer index
WARNING: Ignoring root with no ClassPath: C:\Project\github\javavscode\netbeans\java\java.lsp.server\build\test\unit\work\o.n.m.j.l.s.p.S\caiaamic
Apr 09, 2024 7:04:53 PM org.netbeans.modules.java.source.parsing.JavacParser init
WARNING: ClassPath identity changed for C:\Project\github\javavscode\netbeans\java\java.lsp.server\build\test\unit\work\o.n.m.j.l.s.p.S\gttd\Test.java@fd6098da:1bce18d0, class path owner: C:\Project\github\javavscode\netbeans\java\java.lsp.server\build\test\unit\work\o.n.m.j.l.s.p.S\gttd (class org.netbeans.modules.java.lsp.server.protocol.ServerTest$TestProjectFactory$4) original sourcePath: C:\Project\github\javavscode\netbeans\java\java.lsp.server\build\test\unit\work\o.n.m.j.l.s.p.S\gttd new sourcePath: C:\Project\github\javavscode\netbeans\java\java.lsp.server\build\test\unit\work\o.n.m.j.l.s.p.S\gttd
Apr 09, 2024 7:04:53 PM org.netbeans.modules.java.source.parsing.JavacParser init
WARNING: ClassPath identity changed for C:\Project\github\javavscode\netbeans\java\java.lsp.server\build\test\unit\work\o.n.m.j.l.s.p.S\ac\Test.java@181a3381:56a1cd94, class path owner: C:\Project\github\javavscode\netbeans\java\java.lsp.server\build\test\unit\work\o.n.m.j.l.s.p.S\ac (class org.netbeans.modules.java.lsp.server.protocol.ServerTest$TestProjectFactory$4) original sourcePath: C:\Project\github\javavscode\netbeans\java\java.lsp.server\build\test\unit\work\o.n.m.j.l.s.p.S\ac new sourcePath: C:\Project\github\javavscode\netbeans\java\java.lsp.server\build\test\unit\work\o.n.m.j.l.s.p.S\ac
Apr 09, 2024 7:04:53 PM org.netbeans.modules.java.source.parsing.JavacParser init
WARNING: ClassPath identity changed for C:\Project\github\javavscode\netbeans\java\java.lsp.server\build\test\unit\work\o.n.m.j.l.s.p.S\sal\Test.java@47563825:5e6be917, class path owner: null original sourcePath: C:\Project\github\javavscode\netbeans\java\java.lsp.server\build\test\unit\work\o.n.m.j.l.s.p.S\sal new sourcePath: C:\Project\github\javavscode\netbeans\java\java.lsp.server\build\test\unit\work\o.n.m.j.l.s.p.S\sal
Apr 09, 2024 7:04:53 PM org.netbeans.modules.parsing.impl.indexing.RepositoryUpdater$Work reportIndexerStatistics
INFO: Indexing finished, indexing took 1,567 ms.
Apr 09, 2024 7:04:53 PM org.netbeans.modules.java.source.parsing.JavacParser init
WARNING: ClassPath identity changed for C:\Project\github\javavscode\netbeans\java\java.lsp.server\build\test\unit\work\o.n.m.j.l.s.p.S\sh-2\Test.java@2ed17e39:17482c08, class path owner: null original sourcePath: C:\Project\github\javavscode\netbeans\java\java.lsp.server\build\test\unit\work\o.n.m.j.l.s.p.S\sh-2 new sourcePath: C:\Project\github\javavscode\netbeans\java\java.lsp.server\build\test\unit\work\o.n.m.j.l.s.p.S\sh-2
Apr 09, 2024 7:04:54 PM org.netbeans.modules.java.source.parsing.JavacParser init
WARNING: ClassPath identity changed for C:\Project\github\javavscode\netbeans\java\java.lsp.server\build\test\unit\work\o.n.m.j.l.s.p.S\mo\Test.java@6f07d201:7ad9de9e, class path owner: null original sourcePath: C:\Project\github\javavscode\netbeans\java\java.lsp.server\build\test\unit\work\o.n.m.j.l.s.p.S\mo new sourcePath: C:\Project\github\javavscode\netbeans\java\java.lsp.server\build\test\unit\work\o.n.m.j.l.s.p.S\mo
Apr 09, 2024 7:04:54 PM org.netbeans.modules.java.source.parsing.JavacParser init
WARNING: ClassPath identity changed for C:\Project\github\javavscode\netbeans\java\java.lsp.server\build\test\unit\work\o.n.m.j.l.s.p.S\cagc\Test.java@c9454739:10982a93, class path owner: null original sourcePath: C:\Project\github\javavscode\netbeans\java\java.lsp.server\build\test\unit\work\o.n.m.j.l.s.p.S\cagc new sourcePath: C:\Project\github\javavscode\netbeans\java\java.lsp.server\build\test\unit\work\o.n.m.j.l.s.p.S\cagc
Apr 09, 2024 7:04:54 PM org.netbeans.modules.java.source.parsing.JavacParser init
WARNING: ClassPath identity changed for C:\Project\github\javavscode\netbeans\java\java.lsp.server\build\test\unit\work\o.n.m.j.l.s.p.S\saehc\Test.java@b505e779:54eec211, class path owner: null original sourcePath: C:\Project\github\javavscode\netbeans\java\java.lsp.server\build\test\unit\work\o.n.m.j.l.s.p.S\saehc new sourcePath: C:\Project\github\javavscode\netbeans\java\java.lsp.server\build\test\unit\work\o.n.m.j.l.s.p.S\saehc
Apr 09, 2024 7:04:54 PM org.netbeans.modules.java.source.parsing.JavacParser init
WARNING: ClassPath identity changed for C:\Project\github\javavscode\netbeans\java\java.lsp.server\build\test\unit\work\o.n.m.j.l.s.p.S\gttd\Test.java@fd6098da:1bce18d0, class path owner: C:\Project\github\javavscode\netbeans\java\java.lsp.server\build\test\unit\work\o.n.m.j.l.s.p.S\gttd (class org.netbeans.modules.java.lsp.server.protocol.ServerTest$TestProjectFactory$4) original sourcePath: C:\Project\github\javavscode\netbeans\java\java.lsp.server\build\test\unit\work\o.n.m.j.l.s.p.S\gttd new sourcePath: C:\Project\github\javavscode\netbeans\java\java.lsp.server\build\test\unit\work\o.n.m.j.l.s.p.S\gttd
Apr 09, 2024 7:04:54 PM org.netbeans.modules.java.source.parsing.JavacParser init
WARNING: ClassPath identity changed for C:\Project\github\javavscode\netbeans\java\java.lsp.server\build\test\unit\work\o.n.m.j.l.s.p.S\ac\Test.java@181a3381:56a1cd94, class path owner: C:\Project\github\javavscode\netbeans\java\java.lsp.server\build\test\unit\work\o.n.m.j.l.s.p.S\ac (class org.netbeans.modules.java.lsp.server.protocol.ServerTest$TestProjectFactory$4) original sourcePath: C:\Project\github\javavscode\netbeans\java\java.lsp.server\build\test\unit\work\o.n.m.j.l.s.p.S\ac new sourcePath: C:\Project\github\javavscode\netbeans\java\java.lsp.server\build\test\unit\work\o.n.m.j.l.s.p.S\ac
Apr 09, 2024 7:04:54 PM org.netbeans.modules.java.source.parsing.JavacParser init
WARNING: ClassPath identity changed for C:\Project\github\javavscode\netbeans\java\java.lsp.server\build\test\unit\work\o.n.m.j.l.s.p.S\sal\Test.java@47563825:5e6be917, class path owner: null original sourcePath: C:\Project\github\javavscode\netbeans\java\java.lsp.server\build\test\unit\work\o.n.m.j.l.s.p.S\sal new sourcePath: C:\Project\github\javavscode\netbeans\java\java.lsp.server\build\test\unit\work\o.n.m.j.l.s.p.S\sal
Apr 09, 2024 7:04:54 PM org.netbeans.modules.java.source.parsing.JavacParser init
WARNING: ClassPath identity changed for C:\Project\github\javavscode\netbeans\java\java.lsp.server\build\test\unit\work\o.n.m.j.l.s.p.S\gti\Test.java@ecb318e3:76d7cdb, class path owner: C:\Project\github\javavscode\netbeans\java\java.lsp.server\build\test\unit\work\o.n.m.j.l.s.p.S\gti (class org.netbeans.modules.java.lsp.server.protocol.ServerTest$TestProjectFactory$4) original sourcePath: C:\Project\github\javavscode\netbeans\java\java.lsp.server\build\test\unit\work\o.n.m.j.l.s.p.S\gti new sourcePath: C:\Project\github\javavscode\netbeans\java\java.lsp.server\build\test\unit\work\o.n.m.j.l.s.p.S\gti
Apr 09, 2024 7:04:54 PM org.netbeans.modules.java.source.parsing.JavacParser init
WARNING: ClassPath identity changed for C:\Project\github\javavscode\netbeans\java\java.lsp.server\build\test\unit\work\o.n.m.j.l.s.p.S\gtsi\Test.java@de2af020:12d5292c, class path owner: null original sourcePath: C:\Project\github\javavscode\netbeans\java\java.lsp.server\build\test\unit\work\o.n.m.j.l.s.p.S\gtsi new sourcePath: C:\Project\github\javavscode\netbeans\java\java.lsp.server\build\test\unit\work\o.n.m.j.l.s.p.S\gtsi
Apr 09, 2024 7:04:55 PM org.netbeans.modules.java.source.parsing.JavacParser init
WARNING: ClassPath identity changed for C:\Project\github\javavscode\netbeans\java\java.lsp.server\build\test\unit\work\o.n.m.j.l.s.p.S\cags\Test.java@17b06b29:7f50b290, class path owner: null original sourcePath: C:\Project\github\javavscode\netbeans\java\java.lsp.server\build\test\unit\work\o.n.m.j.l.s.p.S\cags new sourcePath: C:\Project\github\javavscode\netbeans\java\java.lsp.server\build\test\unit\work\o.n.m.j.l.s.p.S\cags
Apr 09, 2024 7:04:55 PM org.netbeans.modules.java.source.parsing.JavacParser init
WARNING: ClassPath identity changed for C:\Project\github\javavscode\netbeans\java\java.lsp.server\build\test\unit\work\o.n.m.j.l.s.p.S\fi\Test.java@bbcf84e0:227203f0, class path owner: C:\Project\github\javavscode\netbeans\java\java.lsp.server\build\test\unit\work\o.n.m.j.l.s.p.S\fi (class org.netbeans.modules.java.lsp.server.protocol.ServerTest$TestProjectFactory$4) original sourcePath: C:\Project\github\javavscode\netbeans\java\java.lsp.server\build\test\unit\work\o.n.m.j.l.s.p.S\fi new sourcePath: C:\Project\github\javavscode\netbeans\java\java.lsp.server\build\test\unit\work\o.n.m.j.l.s.p.S\fi
Apr 09, 2024 7:04:55 PM org.netbeans.modules.java.source.parsing.JavacParser init
WARNING: ClassPath identity changed for C:\Project\github\javavscode\netbeans\java\java.lsp.server\build\test\unit\work\o.n.m.j.l.s.p.S\m\Test.java@d6eadd12:4ca89157, class path owner: null original sourcePath: C:\Project\github\javavscode\netbeans\java\java.lsp.server\build\test\unit\work\o.n.m.j.l.s.p.S\m new sourcePath: C:\Project\github\javavscode\netbeans\java\java.lsp.server\build\test\unit\work\o.n.m.j.l.s.p.S\m
Apr 09, 2024 7:04:55 PM org.netbeans.modules.java.source.parsing.JavacParser init
WARNING: ClassPath identity changed for C:\Project\github\javavscode\netbeans\java\java.lsp.server\build\test\unit\work\o.n.m.j.l.s.p.S\pd\b\Base.java@fdbd3718:b7bf7bf, class path owner: C:\Project\github\javavscode\netbeans\java\java.lsp.server\build\test\unit\work\o.n.m.j.l.s.p.S\pd (class org.netbeans.modules.java.lsp.server.protocol.ServerTest$TestProjectFactory$4) original sourcePath: C:\Project\github\javavscode\netbeans\java\java.lsp.server\build\test\unit\work\o.n.m.j.l.s.p.S\pd new sourcePath: C:\Project\github\javavscode\netbeans\java\java.lsp.server\build\test\unit\work\o.n.m.j.l.s.p.S\pd
Creating a client for testcase: testHintsPrefsFileAbsent
Apr 09, 2024 7:04:56 PM org.netbeans.modules.java.lsp.server.protocol.Server$LanguageServerImpl lambda$asyncOpenSelectedProjects1$9
INFO: 0 projects opened in 160ms
Apr 09, 2024 7:04:56 PM org.netbeans.modules.java.source.parsing.JavacParser init
WARNING: ClassPath identity changed for C:\Project\github\javavscode\netbeans\java\java.lsp.server\build\test\unit\work\o.n.m.j.l.s.p.S\sats\Test.java@99966bea:2a3e4e30, class path owner: null original sourcePath: C:\Project\github\javavscode\netbeans\java\java.lsp.server\build\test\unit\work\o.n.m.j.l.s.p.S\sats new sourcePath: C:\Project\github\javavscode\netbeans\java\java.lsp.server\build\test\unit\work\o.n.m.j.l.s.p.S\sats
Apr 09, 2024 7:04:56 PM org.netbeans.modules.java.source.parsing.JavacParser init
WARNING: ClassPath identity changed for C:\Project\github\javavscode\netbeans\java\java.lsp.server\build\test\unit\work\o.n.m.j.l.s.p.S\fu\Test.java@b68767ec:a25e5c1, class path owner: C:\Project\github\javavscode\netbeans\java\java.lsp.server\build\test\unit\work\o.n.m.j.l.s.p.S\fu (class org.netbeans.modules.java.lsp.server.protocol.ServerTest$TestProjectFactory$4) original sourcePath: C:\Project\github\javavscode\netbeans\java\java.lsp.server\build\test\unit\work\o.n.m.j.l.s.p.S\fu new sourcePath: C:\Project\github\javavscode\netbeans\java\java.lsp.server\build\test\unit\work\o.n.m.j.l.s.p.S\fu
Apr 09, 2024 7:04:56 PM org.netbeans.modules.java.source.parsing.JavacParser init
WARNING: ClassPath identity changed for C:\Project\github\javavscode\netbeans\java\java.lsp.server\build\test\unit\work\o.n.m.j.l.s.p.S\dopl\Test2.java@c0e83c48:7b6722cc, class path owner: null original sourcePath: C:\Project\github\javavscode\netbeans\java\java.lsp.server\build\test\unit\work\o.n.m.j.l.s.p.S\dopl new sourcePath: C:\Project\github\javavscode\netbeans\java\java.lsp.server\build\test\unit\work\o.n.m.j.l.s.p.S\dopl
Apr 09, 2024 7:04:56 PM org.netbeans.modules.java.source.parsing.JavacParser init
WARNING: ClassPath identity changed for C:\Project\github\javavscode\netbeans\java\java.lsp.server\build\test\unit\work\o.n.m.j.l.s.p.S\dopl\Test.java@37ba05e4:d8f812b, class path owner: null original sourcePath: C:\Project\github\javavscode\netbeans\java\java.lsp.server\build\test\unit\work\o.n.m.j.l.s.p.S\dopl new sourcePath: C:\Project\github\javavscode\netbeans\java\java.lsp.server\build\test\unit\work\o.n.m.j.l.s.p.S\dopl
Apr 09, 2024 7:04:56 PM org.netbeans.modules.java.source.parsing.JavacParser init
WARNING: ClassPath identity changed for C:\Project\github\javavscode\netbeans\java\java.lsp.server\build\test\unit\work\o.n.m.j.l.s.p.S\h\Test.java@ee925f2f:747f0d70, class path owner: null original sourcePath: C:\Project\github\javavscode\netbeans\java\java.lsp.server\build\test\unit\work\o.n.m.j.l.s.p.S\h new sourcePath: C:\Project\github\javavscode\netbeans\java\java.lsp.server\build\test\unit\work\o.n.m.j.l.s.p.S\h
Apr 09, 2024 7:04:57 PM org.netbeans.modules.java.source.parsing.JavacParser init
WARNING: ClassPath identity changed for C:\Project\github\javavscode\netbeans\java\java.lsp.server\build\test\unit\work\o.n.m.j.l.s.p.S\cagvfop\Test.java@112f0521:3e9d007a, class path owner: null original sourcePath: C:\Project\github\javavscode\netbeans\java\java.lsp.server\build\test\unit\work\o.n.m.j.l.s.p.S\cagvfop new sourcePath: C:\Project\github\javavscode\netbeans\java\java.lsp.server\build\test\unit\work\o.n.m.j.l.s.p.S\cagvfop
Apr 09, 2024 7:04:57 PM org.netbeans.modules.java.source.parsing.JavacParser init
WARNING: ClassPath identity changed for C:\Project\github\javavscode\netbeans\java\java.lsp.server\build\test\unit\work\o.n.m.j.l.s.p.S\cawr\Test.java@fdcab476:ee82eb0, class path owner: null original sourcePath: C:\Project\github\javavscode\netbeans\java\java.lsp.server\build\test\unit\work\o.n.m.j.l.s.p.S\cawr new sourcePath: C:\Project\github\javavscode\netbeans\java\java.lsp.server\build\test\unit\work\o.n.m.j.l.s.p.S\cawr
Apr 09, 2024 7:04:57 PM org.netbeans.modules.java.source.parsing.JavacParser init
WARNING: ClassPath identity changed for C:\Project\github\javavscode\netbeans\java\java.lsp.server\build\test\unit\work\o.n.m.j.l.s.p.S\rdccro\Test.java@87eb52ec:219d62cb, class path owner: C:\Project\github\javavscode\netbeans\java\java.lsp.server\build\test\unit\work\o.n.m.j.l.s.p.S\rdccro (class org.netbeans.modules.java.lsp.server.protocol.ServerTest$TestProjectFactory$4) original sourcePath: C:\Project\github\javavscode\netbeans\java\java.lsp.server\build\test\unit\work\o.n.m.j.l.s.p.S\rdccro new sourcePath: C:\Project\github\javavscode\netbeans\java\java.lsp.server\build\test\unit\work\o.n.m.j.l.s.p.S\rdccro
Apr 09, 2024 7:04:57 PM org.netbeans.modules.java.source.parsing.JavacParser init
WARNING: ClassPath identity changed for C:\Project\github\javavscode\netbeans\java\java.lsp.server\build\test\unit\work\o.n.m.j.l.s.p.S\rdccro\Test2.java@7ad3c640:75bf3a3c, class path owner: C:\Project\github\javavscode\netbeans\java\java.lsp.server\build\test\unit\work\o.n.m.j.l.s.p.S\rdccro (class org.netbeans.modules.java.lsp.server.protocol.ServerTest$TestProjectFactory$4) original sourcePath: C:\Project\github\javavscode\netbeans\java\java.lsp.server\build\test\unit\work\o.n.m.j.l.s.p.S\rdccro new sourcePath: C:\Project\github\javavscode\netbeans\java\java.lsp.server\build\test\unit\work\o.n.m.j.l.s.p.S\rdccro
Apr 09, 2024 7:04:57 PM org.netbeans.modules.java.source.parsing.JavacParser init
WARNING: ClassPath identity changed for C:\Project\github\javavscode\netbeans\java\java.lsp.server\build\test\unit\work\o.n.m.j.l.s.p.S\caiaamiac\Test.java@49cd76ee:7dbf3adb, class path owner: null original sourcePath: C:\Project\github\javavscode\netbeans\java\java.lsp.server\build\test\unit\work\o.n.m.j.l.s.p.S\caiaamiac new sourcePath: C:\Project\github\javavscode\netbeans\java\java.lsp.server\build\test\unit\work\o.n.m.j.l.s.p.S\caiaamiac
Apr 09, 2024 7:04:57 PM org.netbeans.modules.java.source.parsing.JavacParser init
WARNING: ClassPath identity changed for C:\Project\github\javavscode\netbeans\java\java.lsp.server\build\test\unit\work\o.n.m.j.l.s.p.S\neahf\Other.java@483b2a71:121b1ca8, class path owner: null original sourcePath: C:\Project\github\javavscode\netbeans\java\java.lsp.server\build\test\unit\work\o.n.m.j.l.s.p.S\neahf new sourcePath: C:\Project\github\javavscode\netbeans\java\java.lsp.server\build\test\unit\work\o.n.m.j.l.s.p.S\neahf
Apr 09, 2024 7:04:58 PM org.netbeans.modules.java.source.parsing.JavacParser init
WARNING: ClassPath identity changed for C:\Project\github\javavscode\netbeans\java\java.lsp.server\build\test\unit\work\o.n.m.j.l.s.p.S\neahf\Test.java@7ff591cf:6c8aa7b1, class path owner: null original sourcePath: C:\Project\github\javavscode\netbeans\java\java.lsp.server\build\test\unit\work\o.n.m.j.l.s.p.S\neahf new sourcePath: C:\Project\github\javavscode\netbeans\java\java.lsp.server\build\test\unit\work\o.n.m.j.l.s.p.S\neahf
Apr 09, 2024 7:04:58 PM org.netbeans.modules.java.source.parsing.JavacParser init
WARNING: ClassPath identity changed for C:\Project\github\javavscode\netbeans\java\java.lsp.server\build\test\unit\work\o.n.m.j.l.s.p.S\sadm\Test.java@a11ced94:7656bf94, class path owner: null original sourcePath: C:\Project\github\javavscode\netbeans\java\java.lsp.server\build\test\unit\work\o.n.m.j.l.s.p.S\sadm new sourcePath: C:\Project\github\javavscode\netbeans\java\java.lsp.server\build\test\unit\work\o.n.m.j.l.s.p.S\sadm
Apr 09, 2024 7:04:58 PM org.netbeans.modules.java.source.parsing.JavacParser init
WARNING: ClassPath identity changed for C:\Project\github\javavscode\netbeans\java\java.lsp.server\build\test\unit\work\o.n.m.j.l.s.p.S\sw\Test.java@4476a843:6abb247, class path owner: null original sourcePath: C:\Project\github\javavscode\netbeans\java\java.lsp.server\build\test\unit\work\o.n.m.j.l.s.p.S\sw new sourcePath: C:\Project\github\javavscode\netbeans\java\java.lsp.server\build\test\unit\work\o.n.m.j.l.s.p.S\sw
Apr 09, 2024 7:04:58 PM org.netbeans.modules.java.source.parsing.JavacParser init
WARNING: ClassPath identity changed for C:\Project\github\javavscode\netbeans\java\java.lsp.server\build\test\unit\work\o.n.m.j.l.s.p.S\caiaamic\Test.java@6aafb03b:7e10de76, class path owner: null original sourcePath: C:\Project\github\javavscode\netbeans\java\java.lsp.server\build\test\unit\work\o.n.m.j.l.s.p.S\caiaamic new sourcePath: C:\Project\github\javavscode\netbeans\java\java.lsp.server\build\test\unit\work\o.n.m.j.l.s.p.S\caiaamic
Apr 09, 2024 7:04:59 PM org.netbeans.modules.java.source.parsing.JavacParser init
WARNING: ClassPath identity changed for C:\Project\github\javavscode\netbeans\java\java.lsp.server\build\test\unit\work\o.n.m.j.l.s.p.S\caiaamie\Test.java@94941ebd:2994612d, class path owner: null original sourcePath: C:\Project\github\javavscode\netbeans\java\java.lsp.server\build\test\unit\work\o.n.m.j.l.s.p.S\caiaamie new sourcePath: C:\Project\github\javavscode\netbeans\java\java.lsp.server\build\test\unit\work\o.n.m.j.l.s.p.S\caiaamie
Apr 09, 2024 7:04:59 PM org.netbeans.modules.java.source.parsing.JavacParser init
WARNING: ClassPath identity changed for C:\Project\github\javavscode\netbeans\java\java.lsp.server\build\test\unit\work\o.n.m.j.l.s.p.S\saoi\Test.java@a20f5d87:3d87818, class path owner: null original sourcePath: C:\Project\github\javavscode\netbeans\java\java.lsp.server\build\test\unit\work\o.n.m.j.l.s.p.S\saoi new sourcePath: C:\Project\github\javavscode\netbeans\java\java.lsp.server\build\test\unit\work\o.n.m.j.l.s.p.S\saoi
Creating a client for testcase: testDeclarativeHints
Apr 09, 2024 7:05:03 PM org.netbeans.modules.java.lsp.server.protocol.Server$LanguageServerImpl lambda$asyncOpenSelectedProjects1$9
INFO: 0 projects opened in 1ms
Apr 09, 2024 7:05:04 PM org.openide.filesystems.Ordering getOrder
WARNING: Not all children in / marked with the position attribute: [language.instance, Reformatter.instance, Reindenter.instance, SourcePathCheck.instance, AutoIndenter.instance, org-netbeans-modules-gsf-codecoverage-CoverageHighlightsLayerFactory.instance, org.netbeans.spi.editor.highlighting.HighlightsLayerFactory.instance, org-netbeans-modules-java-editor-semantic-HighlightsLayerFactoryImpl.instance, org-netbeans-modules-java-editor-semantic-SemanticHighlighterFactory.instance, org-netbeans-modules-java-editor-semantic-MarkOccurrencesHighlighterFactory.instance, org-netbeans-modules-java-editor-overridden-ComputeAnnotations$FactoryImpl.instance, EditorKit.instance, org-netbeans-modules-refactoring-java-ui-HighlightsLayerFactory.instance, org-netbeans-modules-java-hints-infrastructure-ErrorHintsFactory.instance, org-netbeans-modules-java-hints-introduce-IntroduceHint$HLFImpl.instance, org-netbeans-modules-java-hints-infrastructure-EmbeddedLazyHintComputation$FactoryImpl.instance, org-netbeans-modules-java-source-indexing-JavaCustomIndexer$Factory-register.instance, org-netbeans-modules-java-source-parsing-JavacParserFactory.instance, org-netbeans-modules-java-source-parsing-VanillaPartialReparser$VerifyPartialReparse$FactoryImpl.instance, org-netbeans-modules-java-hints-declarative-debugging-EvaluationSpanTask$FactoryImpl.instance, org-netbeans-modules-java-hints-spiimpl-JavaHintsPositionRefresher.instance, org-netbeans-modules-java-hints-spiimpl-hints-HintsTask$HintPositionRefresherHelper.instance, org-netbeans-modules-java-hints-spiimpl-hints-HintsTask$SuggestionsPositionRefresherHelper.instance, org-netbeans-modules-java-hints-spiimpl-options-HintsSettings$GlobalSettingsProvider.instance, org-netbeans-modules-editor-java-CamelCaseOperations$JavaCamelCaseInterceptor$JavaFactory.instance, org-netbeans-modules-editor-java-JavaKit$JavaTypedBreakInterceptor$JavaFactory.instance, org-netbeans-modules-java-editor-codegen-RemoveSurroundingCodePanel$UnwrapCodeHighlightsLayerFactory.instance, org-netbeans-modules-java-editor-whitelist-WhiteListCheckTask$Factory.instance, org-netbeans-modules-editor-java-JavaKit$JavaDeletedTextInterceptor$Factory.instance, org-netbeans-modules-editor-java-JavaKit$JavaTypedTextInterceptor$Factory.instance, org-netbeans-modules-java-editor-fold-ResourceStringFoldProvider.instance, org-netbeans-modules-java-editor-rename-InstantRenamePerformer$RenameDeletedTextInterceptor$Factory.instance, org-netbeans-modules-refactoring-java-callhierarchy-LspCallHierarchyProvider.instance, org-netbeans-modules-refactoring-java-plugins-InstantRefactoringPerformer$UndoableWrapper.instance, org-netbeans-modules-refactoring-java-plugins-InstantRefactoringPerformer$RenameDeletedTextInterceptor$Factory.instance, org-netbeans-modules-whitelist-index-WhiteListIndexerPlugin$Factory.instance, org-netbeans-modules-java-hints-infrastructure-ErrorPositionRefresherHelper.instance, org-netbeans-modules-java-hints-infrastructure-JavaErrorProvider.instance, org-netbeans-modules-java-hints-introduce-PositionRefresherHelperImpl.instance, org-netbeans-modules-diff-builtin-visualizer-editable-DiffHighlightsLayerFactory.instance, org-netbeans-modules-merge-builtin-visualizer-MergeHighlightsLayerFactory.instance, COSSynchronizingIndexer.instance, org-netbeans-modules-editor-impl-highlighting-HLFactory.instance, org-netbeans-lib-editor-hyperlink-HyperlinkOperation$HighlightFactoryImpl.instance, org-netbeans-modules-editor-url-HighlightURLs$FactoryImpl.instance, org-netbeans-modules-editor-lib2-highlighting-Factory.instance, org-netbeans-modules-jumpto-file-FileIndexer$Factory.instance, org-netbeans-modules-editor-hints-HighlightsLayerFactoryImpl.instance, org-netbeans-modules-csl-hints-GsfHintsFactory.instance, org-netbeans-modules-csl-hints-infrastructure-HintsTaskFactory.instance, org-netbeans-modules-csl-hints-infrastructure-SelectionHintsTaskFactory.instance, org-netbeans-modules-csl-hints-infrastructure-SuggestionsTaskFactory.instance, org-netbeans-modules-csl-navigation-ClassMemberNavigatorSourceFactory.instance, org-netbeans-modules-csl-editor-semantic-SemanticHighlighterFactory.instance, org-netbeans-modules-csl-editor-semantic-MarkOccurrencesHighlighterFactory.instance, org-netbeans-modules-csl-editor-fold-GsfFoldManagerTaskFactory.instance, org-netbeans-modules-csl-navigation-CaretListeningFactory.instance, org-netbeans-modules-csl-editor-overridden-ComputeAnnotations$FactoryImpl.instance, org-netbeans-lib-editor-codetemplates-textsync-TextRegionManager$Highlighting$HLFactory.instance, org-netbeans-modules-editor-bracesmatching-BracesMatchHighlighting$Factory.instance, org-netbeans-modules-editor-fold-ui-FoldingEditorSupport$F.instance, org-netbeans-modules-refactoring-spi-impl-UndoableWrapper.instance, org-netbeans-modules-java-source-indexing-JavaBinaryIndexer$Factory-register.instance, org-netbeans-modules-editor-impl-DocumentFactoryImpl.instance, org-netbeans-modules-gsf-testrunner-ui-TestMethodFinderImpl$Factory.instance, org-netbeans-modules-editor-hints-lsp-HintsDiagnosticsProvider.instance, org-netbeans-modules-java-lsp-server-protocol-Server$LSPServerTelemetryFactory-getDefault.instance, org-netbeans-modules-csl-navigation-BreadCrumbsTask$TaskFactoryImpl.instance, org-netbeans-modules-csl-core-CslCamelCaseInterceptor$Factory.instance, org-netbeans-modules-java-hints-infrastructure-EmbeddedHintsCollector$Factory.instance], but some are: [org-netbeans-modules-editor-java-JavaStructureProvider.instance, org-netbeans-modules-java-file-launcher-indexer-CompilerOptionsIndexer$FactoryImpl.instance]
Creating a client for testcase: testCancelProgressHandle
Apr 09, 2024 7:05:04 PM org.netbeans.modules.java.lsp.server.protocol.Server$LanguageServerImpl lambda$asyncOpenSelectedProjects1$9
INFO: 0 projects opened in 1ms
Creating a client for testcase: testFileModificationDiags
Apr 09, 2024 7:05:07 PM org.netbeans.modules.java.lsp.server.protocol.Server$LanguageServerImpl lambda$asyncOpenSelectedProjects1$9
INFO: 0 projects opened in 0ms
Apr 09, 2024 7:05:09 PM org.netbeans.modules.java.source.parsing.JavacParser init
WARNING: ClassPath identity changed for C:\Project\github\javavscode\netbeans\java\java.lsp.server\build\test\unit\work\o.n.m.j.l.s.p.S\fmd\Test.java@dfd91602:3eb32bd4, class path owner: null original sourcePath: C:\Project\github\javavscode\netbeans\java\java.lsp.server\build\test\unit\work\o.n.m.j.l.s.p.S\fmd new sourcePath: C:\Project\github\javavscode\netbeans\java\java.lsp.server\build\test\unit\work\o.n.m.j.l.s.p.S\fmd
Apr 09, 2024 7:05:09 PM org.netbeans.modules.java.source.parsing.JavacParser init
WARNING: ClassPath identity changed for C:\Project\github\javavscode\netbeans\java\java.lsp.server\build\test\unit\work\o.n.m.j.l.s.p.S\fmd\Test.java@dfd91602:3eb32bd4, class path owner: null original sourcePath: C:\Project\github\javavscode\netbeans\java\java.lsp.server\build\test\unit\work\o.n.m.j.l.s.p.S\fmd new sourcePath: C:\Project\github\javavscode\netbeans\java\java.lsp.server\build\test\unit\work\o.n.m.j.l.s.p.S\fmd
Apr 09, 2024 7:05:11 PM org.netbeans.modules.java.source.parsing.JavacParser init
WARNING: ClassPath identity changed for C:\Project\github\javavscode\netbeans\java\java.lsp.server\build\test\unit\work\o.n.m.j.l.s.p.S\fmd\Test.java@dfd91602:3eb32bd4, class path owner: null original sourcePath: C:\Project\github\javavscode\netbeans\java\java.lsp.server\build\test\unit\work\o.n.m.j.l.s.p.S\fmd new sourcePath: C:\Project\github\javavscode\netbeans\java\java.lsp.server\build\test\unit\work\o.n.m.j.l.s.p.S\fmd
Apr 09, 2024 7:05:12 PM org.netbeans.modules.java.source.parsing.JavacParser init
WARNING: ClassPath identity changed for C:\Project\github\javavscode\netbeans\java\java.lsp.server\build\test\unit\work\o.n.m.j.l.s.p.S\fmd\Test.java@dfd91602:3eb32bd4, class path owner: null original sourcePath: C:\Project\github\javavscode\netbeans\java\java.lsp.server\build\test\unit\work\o.n.m.j.l.s.p.S\fmd new sourcePath: C:\Project\github\javavscode\netbeans\java\java.lsp.server\build\test\unit\work\o.n.m.j.l.s.p.S\fmd
Creating a client for testcase: testCodeActionIntroduceConstant
Apr 09, 2024 7:05:13 PM org.netbeans.modules.java.lsp.server.protocol.Server$LanguageServerImpl lambda$asyncOpenSelectedProjects1$9
INFO: 0 projects opened in 1ms
Creating a client for testcase: testDefaultLookupJustOnce
Creating a client for testcase: testDiagnosticsRemovedForDeletedFile
Apr 09, 2024 7:05:14 PM org.netbeans.modules.java.lsp.server.protocol.Server$LanguageServerImpl lambda$asyncOpenSelectedProjects1$9
INFO: 0 projects opened in 2ms
Creating a client for testcase: testCodeActionIntroduceField
Apr 09, 2024 7:05:15 PM org.netbeans.modules.java.lsp.server.protocol.Server$LanguageServerImpl lambda$asyncOpenSelectedProjects1$9
INFO: 0 projects opened in 0ms
Creating a client for testcase: testExtractInterface
Apr 09, 2024 7:05:16 PM org.netbeans.modules.project.ui.OpenProjectList log
INFO: USG_PROJECT_OPEN
Apr 09, 2024 7:05:16 PM org.netbeans.modules.java.lsp.server.protocol.Server$LanguageServerImpl lambda$asyncOpenSelectedProjects1$9
INFO: 1 projects opened in 3ms
Apr 09, 2024 7:05:16 PM org.netbeans.modules.java.source.parsing.JavacParser init
WARNING: ClassPath identity changed for C:\Project\github\javavscode\netbeans\java\java.lsp.server\build\test\unit\work\o.n.m.j.l.s.p.S\caif\Test.java@977a2038:5b71571c, class path owner: null original sourcePath: C:\Project\github\javavscode\netbeans\java\java.lsp.server\build\test\unit\work\o.n.m.j.l.s.p.S\caif new sourcePath: C:\Project\github\javavscode\netbeans\java\java.lsp.server\build\test\unit\work\o.n.m.j.l.s.p.S\caif
Apr 09, 2024 7:05:16 PM org.netbeans.modules.parsing.impl.indexing.RepositoryUpdater$Work reportIndexingStart
INFO: Indexing started, time from last indexing 23,281 ms.
Apr 09, 2024 7:05:17 PM org.netbeans.modules.parsing.impl.indexing.RepositoryUpdater$RootsWork getDone
INFO: Resolving dependencies took: 298 ms
Apr 09, 2024 7:05:17 PM org.netbeans.modules.parsing.impl.indexing.RepositoryUpdater$AbstractRootsWork scanBinaries
INFO: Complete indexing of 71 binary roots took: 360 ms
Apr 09, 2024 7:05:18 PM org.netbeans.modules.parsing.impl.indexing.RepositoryUpdater$AbstractRootsWork scanSources
INFO: Indexing of: C:\Project\github\javavscode\netbeans\java\java.lsp.server\build\test\unit\work\o.n.m.j.l.s.p.S\ei took: 629 ms (New or modified files: 2, Deleted files: 0) [Adding listeners took: 0 ms]
Apr 09, 2024 7:05:18 PM org.netbeans.modules.parsing.impl.indexing.RepositoryUpdater$AbstractRootsWork scanSources
INFO: Complete indexing of 1 source roots took: 629 ms (New or modified files: 2, Deleted files: 0) [Adding listeners took: 0 ms]
Apr 09, 2024 7:05:18 PM org.netbeans.modules.parsing.impl.indexing.RepositoryUpdater$Work reportIndexerStatistics
INFO: Indexing finished, indexing took 1,305 ms.
Apr 09, 2024 7:05:18 PM org.netbeans.modules.java.source.parsing.JavacParser init
WARNING: ClassPath identity changed for C:\Project\github\javavscode\netbeans\java\java.lsp.server\build\test\unit\work\o.n.m.j.l.s.p.S\ei\a\Test.java@82ad0cc6:656130a3, class path owner: C:\Project\github\javavscode\netbeans\java\java.lsp.server\build\test\unit\work\o.n.m.j.l.s.p.S\ei (class org.netbeans.modules.java.lsp.server.protocol.ServerTest$TestProjectFactory$4) original sourcePath: C:\Project\github\javavscode\netbeans\java\java.lsp.server\build\test\unit\work\o.n.m.j.l.s.p.S\ei new sourcePath: C:\Project\github\javavscode\netbeans\java\java.lsp.server\build\test\unit\work\o.n.m.j.l.s.p.S\ei
Apr 09, 2024 7:05:18 PM org.netbeans.modules.parsing.impl.indexing.RepositoryUpdater$Work reportIndexingStart
INFO: Indexing started, time from last indexing 55 ms.
Apr 09, 2024 7:05:18 PM org.netbeans.modules.java.source.parsing.JavacParser init
WARNING: ClassPath identity changed for C:\Project\github\javavscode\netbeans\java\java.lsp.server\build\test\unit\work\o.n.m.j.l.s.p.S\saehc\Test.java@b505e779:54eec211, class path owner: null original sourcePath: C:\Project\github\javavscode\netbeans\java\java.lsp.server\build\test\unit\work\o.n.m.j.l.s.p.S\saehc new sourcePath: C:\Project\github\javavscode\netbeans\java\java.lsp.server\build\test\unit\work\o.n.m.j.l.s.p.S\saehc
Apr 09, 2024 7:05:18 PM org.netbeans.modules.java.source.indexing.JavaCustomIndexer index
WARNING: Ignoring root with no ClassPath: C:\Project\github\javavscode\netbeans\java\java.lsp.server\build\test\unit\work\o.n.m.j.l.s.p.S\caiv
Apr 09, 2024 7:05:19 PM org.netbeans.modules.java.source.parsing.JavacParser init
WARNING: ClassPath identity changed for C:\Project\github\javavscode\netbeans\java\java.lsp.server\build\test\unit\work\o.n.m.j.l.s.p.S\mo\Test.java@6f07d201:7ad9de9e, class path owner: null original sourcePath: C:\Project\github\javavscode\netbeans\java\java.lsp.server\build\test\unit\work\o.n.m.j.l.s.p.S\mo new sourcePath: C:\Project\github\javavscode\netbeans\java\java.lsp.server\build\test\unit\work\o.n.m.j.l.s.p.S\mo
Apr 09, 2024 7:05:19 PM org.netbeans.modules.java.source.parsing.JavacParser init
WARNING: ClassPath identity changed for C:\Project\github\javavscode\netbeans\java\java.lsp.server\build\test\unit\work\o.n.m.j.l.s.p.S\cagc\Test.java@c9454739:10982a93, class path owner: null original sourcePath: C:\Project\github\javavscode\netbeans\java\java.lsp.server\build\test\unit\work\o.n.m.j.l.s.p.S\cagc new sourcePath: C:\Project\github\javavscode\netbeans\java\java.lsp.server\build\test\unit\work\o.n.m.j.l.s.p.S\cagc
Apr 09, 2024 7:05:19 PM org.netbeans.modules.java.source.parsing.JavacParser init
WARNING: ClassPath identity changed for C:\Project\github\javavscode\netbeans\java\java.lsp.server\build\test\unit\work\o.n.m.j.l.s.p.S\gttd\Test.java@fd6098da:1bce18d0, class path owner: C:\Project\github\javavscode\netbeans\java\java.lsp.server\build\test\unit\work\o.n.m.j.l.s.p.S\gttd (class org.netbeans.modules.java.lsp.server.protocol.ServerTest$TestProjectFactory$4) original sourcePath: C:\Project\github\javavscode\netbeans\java\java.lsp.server\build\test\unit\work\o.n.m.j.l.s.p.S\gttd new sourcePath: C:\Project\github\javavscode\netbeans\java\java.lsp.server\build\test\unit\work\o.n.m.j.l.s.p.S\gttd
Apr 09, 2024 7:05:20 PM org.netbeans.modules.java.JavaTemplateAttributesProvider attributesFor
WARNING: No classpath was found for folder: AbstractFileObject@3425c057[root of MemoryFileSystem14[org.openide.filesystems.MemoryFileSystem@30171e7f]]
Apr 09, 2024 7:05:20 PM org.netbeans.modules.java.JavaTemplateAttributesProvider attributesFor
WARNING: No classpath was found for folder: AbstractFileObject@4f2d146c[root of MemoryFileSystem15[org.openide.filesystems.MemoryFileSystem@38df9afa]]
Apr 09, 2024 7:05:20 PM org.netbeans.modules.java.source.save.CasualDiff checkDiffs
WARNING: Invalid diff: tree (INSERT) pos=280, end=-1
> 
Apr 09, 2024 7:05:20 PM org.netbeans.modules.java.source.parsing.JavacParser init
WARNING: ClassPath identity changed for C:\Project\github\javavscode\netbeans\java\java.lsp.server\build\test\unit\work\o.n.m.j.l.s.p.S\ac\Test.java@181a3381:56a1cd94, class path owner: C:\Project\github\javavscode\netbeans\java\java.lsp.server\build\test\unit\work\o.n.m.j.l.s.p.S\ac (class org.netbeans.modules.java.lsp.server.protocol.ServerTest$TestProjectFactory$4) original sourcePath: C:\Project\github\javavscode\netbeans\java\java.lsp.server\build\test\unit\work\o.n.m.j.l.s.p.S\ac new sourcePath: C:\Project\github\javavscode\netbeans\java\java.lsp.server\build\test\unit\work\o.n.m.j.l.s.p.S\ac
Apr 09, 2024 7:05:20 PM org.netbeans.modules.project.ui.OpenProjectList log
INFO: USG_PROJECT_CLOSE
Creating a client for testcase: testExtractSuperclass
Apr 09, 2024 7:05:20 PM org.netbeans.modules.project.ui.OpenProjectList log
INFO: USG_PROJECT_OPEN
Apr 09, 2024 7:05:20 PM org.netbeans.modules.java.lsp.server.protocol.Server$LanguageServerImpl lambda$asyncOpenSelectedProjects1$9
INFO: 1 projects opened in 6ms
Apr 09, 2024 7:05:21 PM org.netbeans.modules.java.source.parsing.JavacParser init
WARNING: ClassPath identity changed for C:\Project\github\javavscode\netbeans\java\java.lsp.server\build\test\unit\work\o.n.m.j.l.s.p.S\sal\Test.java@47563825:5e6be917, class path owner: null original sourcePath: C:\Project\github\javavscode\netbeans\java\java.lsp.server\build\test\unit\work\o.n.m.j.l.s.p.S\sal new sourcePath: C:\Project\github\javavscode\netbeans\java\java.lsp.server\build\test\unit\work\o.n.m.j.l.s.p.S\sal
Apr 09, 2024 7:05:21 PM org.netbeans.modules.java.source.parsing.JavacParser init
WARNING: ClassPath identity changed for C:\Project\github\javavscode\netbeans\java\java.lsp.server\build\test\unit\work\o.n.m.j.l.s.p.S\sh-2\Test.java@2ed17e39:17482c08, class path owner: null original sourcePath: C:\Project\github\javavscode\netbeans\java\java.lsp.server\build\test\unit\work\o.n.m.j.l.s.p.S\sh-2 new sourcePath: C:\Project\github\javavscode\netbeans\java\java.lsp.server\build\test\unit\work\o.n.m.j.l.s.p.S\sh-2
Apr 09, 2024 7:05:22 PM org.netbeans.modules.parsing.impl.indexing.RepositoryUpdater$Work reportIndexerStatistics
INFO: Indexing finished, indexing took 3,795 ms.
Apr 09, 2024 7:05:22 PM org.netbeans.modules.parsing.impl.indexing.RepositoryUpdater$Work reportIndexingStart
INFO: Indexing started, time from last indexing 0 ms.
Apr 09, 2024 7:05:22 PM org.netbeans.modules.java.source.parsing.JavacParser init
WARNING: ClassPath identity changed for C:\Project\github\javavscode\netbeans\java\java.lsp.server\build\test\unit\work\o.n.m.j.l.s.p.S\saehc\Test.java@b505e779:54eec211, class path owner: null original sourcePath: C:\Project\github\javavscode\netbeans\java\java.lsp.server\build\test\unit\work\o.n.m.j.l.s.p.S\saehc new sourcePath: C:\Project\github\javavscode\netbeans\java\java.lsp.server\build\test\unit\work\o.n.m.j.l.s.p.S\saehc
Apr 09, 2024 7:05:23 PM org.netbeans.modules.java.source.parsing.JavacParser init
WARNING: ClassPath identity changed for C:\Project\github\javavscode\netbeans\java\java.lsp.server\build\test\unit\work\o.n.m.j.l.s.p.S\mo\Test.java@6f07d201:7ad9de9e, class path owner: null original sourcePath: C:\Project\github\javavscode\netbeans\java\java.lsp.server\build\test\unit\work\o.n.m.j.l.s.p.S\mo new sourcePath: C:\Project\github\javavscode\netbeans\java\java.lsp.server\build\test\unit\work\o.n.m.j.l.s.p.S\mo
Apr 09, 2024 7:05:24 PM org.netbeans.modules.java.source.parsing.JavacParser init
WARNING: ClassPath identity changed for C:\Project\github\javavscode\netbeans\java\java.lsp.server\build\test\unit\work\o.n.m.j.l.s.p.S\cagc\Test.java@c9454739:10982a93, class path owner: null original sourcePath: C:\Project\github\javavscode\netbeans\java\java.lsp.server\build\test\unit\work\o.n.m.j.l.s.p.S\cagc new sourcePath: C:\Project\github\javavscode\netbeans\java\java.lsp.server\build\test\unit\work\o.n.m.j.l.s.p.S\cagc
Apr 09, 2024 7:05:24 PM org.netbeans.modules.java.source.indexing.JavaCustomIndexer index
WARNING: Ignoring root with no ClassPath: C:\Project\github\javavscode\netbeans\java\java.lsp.server\build\test\unit\work\o.n.m.j.l.s.p.S\fd
Apr 09, 2024 7:05:24 PM org.netbeans.modules.java.source.parsing.JavacParser init
WARNING: ClassPath identity changed for C:\Project\github\javavscode\netbeans\java\java.lsp.server\build\test\unit\work\o.n.m.j.l.s.p.S\gttd\Test.java@fd6098da:1bce18d0, class path owner: C:\Project\github\javavscode\netbeans\java\java.lsp.server\build\test\unit\work\o.n.m.j.l.s.p.S\gttd (class org.netbeans.modules.java.lsp.server.protocol.ServerTest$TestProjectFactory$4) original sourcePath: C:\Project\github\javavscode\netbeans\java\java.lsp.server\build\test\unit\work\o.n.m.j.l.s.p.S\gttd new sourcePath: C:\Project\github\javavscode\netbeans\java\java.lsp.server\build\test\unit\work\o.n.m.j.l.s.p.S\gttd
Apr 09, 2024 7:05:24 PM org.netbeans.modules.java.source.parsing.JavacParser init
WARNING: ClassPath identity changed for C:\Project\github\javavscode\netbeans\java\java.lsp.server\build\test\unit\work\o.n.m.j.l.s.p.S\ac\Test.java@181a3381:56a1cd94, class path owner: C:\Project\github\javavscode\netbeans\java\java.lsp.server\build\test\unit\work\o.n.m.j.l.s.p.S\ac (class org.netbeans.modules.java.lsp.server.protocol.ServerTest$TestProjectFactory$4) original sourcePath: C:\Project\github\javavscode\netbeans\java\java.lsp.server\build\test\unit\work\o.n.m.j.l.s.p.S\ac new sourcePath: C:\Project\github\javavscode\netbeans\java\java.lsp.server\build\test\unit\work\o.n.m.j.l.s.p.S\ac
Apr 09, 2024 7:05:25 PM org.netbeans.modules.java.source.parsing.JavacParser init
WARNING: ClassPath identity changed for C:\Project\github\javavscode\netbeans\java\java.lsp.server\build\test\unit\work\o.n.m.j.l.s.p.S\sal\Test.java@47563825:5e6be917, class path owner: null original sourcePath: C:\Project\github\javavscode\netbeans\java\java.lsp.server\build\test\unit\work\o.n.m.j.l.s.p.S\sal new sourcePath: C:\Project\github\javavscode\netbeans\java\java.lsp.server\build\test\unit\work\o.n.m.j.l.s.p.S\sal
Apr 09, 2024 7:05:25 PM org.netbeans.modules.java.source.parsing.JavacParser init
WARNING: ClassPath identity changed for C:\Project\github\javavscode\netbeans\java\java.lsp.server\build\test\unit\work\o.n.m.j.l.s.p.S\sh-2\Test.java@2ed17e39:17482c08, class path owner: null original sourcePath: C:\Project\github\javavscode\netbeans\java\java.lsp.server\build\test\unit\work\o.n.m.j.l.s.p.S\sh-2 new sourcePath: C:\Project\github\javavscode\netbeans\java\java.lsp.server\build\test\unit\work\o.n.m.j.l.s.p.S\sh-2
Apr 09, 2024 7:05:25 PM org.netbeans.modules.parsing.impl.indexing.RepositoryUpdater$Work reportIndexerStatistics
INFO: Indexing finished, indexing took 3,908 ms.
Apr 09, 2024 7:05:25 PM org.netbeans.modules.parsing.impl.indexing.RepositoryUpdater$Work reportIndexingStart
INFO: Indexing started, time from last indexing 2 ms.
Apr 09, 2024 7:05:26 PM org.netbeans.modules.java.source.parsing.JavacParser init
WARNING: ClassPath identity changed for C:\Project\github\javavscode\netbeans\java\java.lsp.server\build\test\unit\work\o.n.m.j.l.s.p.S\sh-2\Test.java@2ed17e39:17482c08, class path owner: null original sourcePath: C:\Project\github\javavscode\netbeans\java\java.lsp.server\build\test\unit\work\o.n.m.j.l.s.p.S\sh-2 new sourcePath: C:\Project\github\javavscode\netbeans\java\java.lsp.server\build\test\unit\work\o.n.m.j.l.s.p.S\sh-2
Apr 09, 2024 7:05:26 PM org.netbeans.modules.java.source.parsing.JavacParser init
WARNING: ClassPath identity changed for C:\Project\github\javavscode\netbeans\java\java.lsp.server\build\test\unit\work\o.n.m.j.l.s.p.S\mo\Test.java@6f07d201:7ad9de9e, class path owner: null original sourcePath: C:\Project\github\javavscode\netbeans\java\java.lsp.server\build\test\unit\work\o.n.m.j.l.s.p.S\mo new sourcePath: C:\Project\github\javavscode\netbeans\java\java.lsp.server\build\test\unit\work\o.n.m.j.l.s.p.S\mo
Apr 09, 2024 7:05:27 PM org.netbeans.modules.java.source.indexing.JavaCustomIndexer index
WARNING: Ignoring root with no ClassPath: C:\Project\github\javavscode\netbeans\java\java.lsp.server\build\test\unit\work\o.n.m.j.l.s.p.S\dh
Apr 09, 2024 7:05:27 PM org.netbeans.modules.java.source.parsing.JavacParser init
WARNING: ClassPath identity changed for C:\Project\github\javavscode\netbeans\java\java.lsp.server\build\test\unit\work\o.n.m.j.l.s.p.S\cagc\Test.java@c9454739:10982a93, class path owner: null original sourcePath: C:\Project\github\javavscode\netbeans\java\java.lsp.server\build\test\unit\work\o.n.m.j.l.s.p.S\cagc new sourcePath: C:\Project\github\javavscode\netbeans\java\java.lsp.server\build\test\unit\work\o.n.m.j.l.s.p.S\cagc
Apr 09, 2024 7:05:27 PM org.netbeans.modules.java.source.parsing.JavacParser init
WARNING: ClassPath identity changed for C:\Project\github\javavscode\netbeans\java\java.lsp.server\build\test\unit\work\o.n.m.j.l.s.p.S\saehc\Test.java@b505e779:54eec211, class path owner: null original sourcePath: C:\Project\github\javavscode\netbeans\java\java.lsp.server\build\test\unit\work\o.n.m.j.l.s.p.S\saehc new sourcePath: C:\Project\github\javavscode\netbeans\java\java.lsp.server\build\test\unit\work\o.n.m.j.l.s.p.S\saehc
Apr 09, 2024 7:05:28 PM org.netbeans.modules.java.source.parsing.JavacParser init
WARNING: ClassPath identity changed for C:\Project\github\javavscode\netbeans\java\java.lsp.server\build\test\unit\work\o.n.m.j.l.s.p.S\gttd\Test.java@fd6098da:1bce18d0, class path owner: C:\Project\github\javavscode\netbeans\java\java.lsp.server\build\test\unit\work\o.n.m.j.l.s.p.S\gttd (class org.netbeans.modules.java.lsp.server.protocol.ServerTest$TestProjectFactory$4) original sourcePath: C:\Project\github\javavscode\netbeans\java\java.lsp.server\build\test\unit\work\o.n.m.j.l.s.p.S\gttd new sourcePath: C:\Project\github\javavscode\netbeans\java\java.lsp.server\build\test\unit\work\o.n.m.j.l.s.p.S\gttd
Apr 09, 2024 7:05:28 PM org.netbeans.modules.java.source.parsing.JavacParser init
WARNING: ClassPath identity changed for C:\Project\github\javavscode\netbeans\java\java.lsp.server\build\test\unit\work\o.n.m.j.l.s.p.S\ac\Test.java@181a3381:56a1cd94, class path owner: C:\Project\github\javavscode\netbeans\java\java.lsp.server\build\test\unit\work\o.n.m.j.l.s.p.S\ac (class org.netbeans.modules.java.lsp.server.protocol.ServerTest$TestProjectFactory$4) original sourcePath: C:\Project\github\javavscode\netbeans\java\java.lsp.server\build\test\unit\work\o.n.m.j.l.s.p.S\ac new sourcePath: C:\Project\github\javavscode\netbeans\java\java.lsp.server\build\test\unit\work\o.n.m.j.l.s.p.S\ac
Apr 09, 2024 7:05:28 PM org.netbeans.modules.java.source.parsing.JavacParser init
WARNING: ClassPath identity changed for C:\Project\github\javavscode\netbeans\java\java.lsp.server\build\test\unit\work\o.n.m.j.l.s.p.S\sal\Test.java@47563825:5e6be917, class path owner: null original sourcePath: C:\Project\github\javavscode\netbeans\java\java.lsp.server\build\test\unit\work\o.n.m.j.l.s.p.S\sal new sourcePath: C:\Project\github\javavscode\netbeans\java\java.lsp.server\build\test\unit\work\o.n.m.j.l.s.p.S\sal
Apr 09, 2024 7:05:29 PM org.netbeans.modules.parsing.impl.indexing.RepositoryUpdater$Work reportIndexerStatistics
INFO: Indexing finished, indexing took 3,172 ms.
Apr 09, 2024 7:05:29 PM org.netbeans.modules.parsing.impl.indexing.RepositoryUpdater$Work reportIndexingStart
INFO: Indexing started, time from last indexing 1 ms.
Apr 09, 2024 7:05:29 PM org.netbeans.modules.java.source.parsing.JavacParser init
WARNING: ClassPath identity changed for C:\Project\github\javavscode\netbeans\java\java.lsp.server\build\test\unit\work\o.n.m.j.l.s.p.S\sh-2\Test.java@2ed17e39:17482c08, class path owner: null original sourcePath: C:\Project\github\javavscode\netbeans\java\java.lsp.server\build\test\unit\work\o.n.m.j.l.s.p.S\sh-2 new sourcePath: C:\Project\github\javavscode\netbeans\java\java.lsp.server\build\test\unit\work\o.n.m.j.l.s.p.S\sh-2
Apr 09, 2024 7:05:29 PM org.netbeans.modules.java.source.parsing.JavacParser init
WARNING: ClassPath identity changed for C:\Project\github\javavscode\netbeans\java\java.lsp.server\build\test\unit\work\o.n.m.j.l.s.p.S\mo\Test.java@6f07d201:7ad9de9e, class path owner: null original sourcePath: C:\Project\github\javavscode\netbeans\java\java.lsp.server\build\test\unit\work\o.n.m.j.l.s.p.S\mo new sourcePath: C:\Project\github\javavscode\netbeans\java\java.lsp.server\build\test\unit\work\o.n.m.j.l.s.p.S\mo
Apr 09, 2024 7:05:30 PM org.netbeans.modules.java.source.parsing.JavacParser init
WARNING: ClassPath identity changed for C:\Project\github\javavscode\netbeans\java\java.lsp.server\build\test\unit\work\o.n.m.j.l.s.p.S\caiv\Test.java@e5a6f428:2fdd4c9b, class path owner: null original sourcePath: C:\Project\github\javavscode\netbeans\java\java.lsp.server\build\test\unit\work\o.n.m.j.l.s.p.S\caiv new sourcePath: C:\Project\github\javavscode\netbeans\java\java.lsp.server\build\test\unit\work\o.n.m.j.l.s.p.S\caiv
Apr 09, 2024 7:05:30 PM org.netbeans.modules.java.source.parsing.JavacParser init
WARNING: ClassPath identity changed for C:\Project\github\javavscode\netbeans\java\java.lsp.server\build\test\unit\work\o.n.m.j.l.s.p.S\cagc\Test.java@c9454739:10982a93, class path owner: null original sourcePath: C:\Project\github\javavscode\netbeans\java\java.lsp.server\build\test\unit\work\o.n.m.j.l.s.p.S\cagc new sourcePath: C:\Project\github\javavscode\netbeans\java\java.lsp.server\build\test\unit\work\o.n.m.j.l.s.p.S\cagc
Apr 09, 2024 7:05:30 PM org.netbeans.modules.java.source.parsing.JavacParser init
WARNING: ClassPath identity changed for C:\Project\github\javavscode\netbeans\java\java.lsp.server\build\test\unit\work\o.n.m.j.l.s.p.S\saehc\Test.java@b505e779:54eec211, class path owner: null original sourcePath: C:\Project\github\javavscode\netbeans\java\java.lsp.server\build\test\unit\work\o.n.m.j.l.s.p.S\saehc new sourcePath: C:\Project\github\javavscode\netbeans\java\java.lsp.server\build\test\unit\work\o.n.m.j.l.s.p.S\saehc
Apr 09, 2024 7:05:30 PM org.netbeans.modules.java.source.indexing.JavaCustomIndexer index
WARNING: Ignoring root with no ClassPath: C:\Project\github\javavscode\netbeans\java\java.lsp.server\build\test\unit\work\o.n.m.j.l.s.p.S\fmd
Apr 09, 2024 7:05:30 PM org.netbeans.modules.java.source.parsing.JavacParser init
WARNING: ClassPath identity changed for C:\Project\github\javavscode\netbeans\java\java.lsp.server\build\test\unit\work\o.n.m.j.l.s.p.S\ei\a\Test.java@82ad0cc6:656130a3, class path owner: C:\Project\github\javavscode\netbeans\java\java.lsp.server\build\test\unit\work\o.n.m.j.l.s.p.S\ei (class org.netbeans.modules.java.lsp.server.protocol.ServerTest$TestProjectFactory$4) original sourcePath: C:\Project\github\javavscode\netbeans\java\java.lsp.server\build\test\unit\work\o.n.m.j.l.s.p.S\ei new sourcePath: C:\Project\github\javavscode\netbeans\java\java.lsp.server\build\test\unit\work\o.n.m.j.l.s.p.S\ei
Apr 09, 2024 7:05:30 PM org.netbeans.modules.java.source.parsing.JavacParser init
WARNING: ClassPath identity changed for C:\Project\github\javavscode\netbeans\java\java.lsp.server\build\test\unit\work\o.n.m.j.l.s.p.S\gttd\Test.java@fd6098da:1bce18d0, class path owner: C:\Project\github\javavscode\netbeans\java\java.lsp.server\build\test\unit\work\o.n.m.j.l.s.p.S\gttd (class org.netbeans.modules.java.lsp.server.protocol.ServerTest$TestProjectFactory$4) original sourcePath: C:\Project\github\javavscode\netbeans\java\java.lsp.server\build\test\unit\work\o.n.m.j.l.s.p.S\gttd new sourcePath: C:\Project\github\javavscode\netbeans\java\java.lsp.server\build\test\unit\work\o.n.m.j.l.s.p.S\gttd
Apr 09, 2024 7:05:31 PM org.netbeans.modules.java.source.parsing.JavacParser init
WARNING: ClassPath identity changed for C:\Project\github\javavscode\netbeans\java\java.lsp.server\build\test\unit\work\o.n.m.j.l.s.p.S\ac\Test.java@181a3381:56a1cd94, class path owner: C:\Project\github\javavscode\netbeans\java\java.lsp.server\build\test\unit\work\o.n.m.j.l.s.p.S\ac (class org.netbeans.modules.java.lsp.server.protocol.ServerTest$TestProjectFactory$4) original sourcePath: C:\Project\github\javavscode\netbeans\java\java.lsp.server\build\test\unit\work\o.n.m.j.l.s.p.S\ac new sourcePath: C:\Project\github\javavscode\netbeans\java\java.lsp.server\build\test\unit\work\o.n.m.j.l.s.p.S\ac
Apr 09, 2024 7:05:31 PM org.netbeans.modules.java.source.parsing.JavacParser init
WARNING: ClassPath identity changed for C:\Project\github\javavscode\netbeans\java\java.lsp.server\build\test\unit\work\o.n.m.j.l.s.p.S\sal\Test.java@47563825:5e6be917, class path owner: null original sourcePath: C:\Project\github\javavscode\netbeans\java\java.lsp.server\build\test\unit\work\o.n.m.j.l.s.p.S\sal new sourcePath: C:\Project\github\javavscode\netbeans\java\java.lsp.server\build\test\unit\work\o.n.m.j.l.s.p.S\sal
Apr 09, 2024 7:05:31 PM org.netbeans.modules.java.source.parsing.JavacParser init
WARNING: ClassPath identity changed for C:\Project\github\javavscode\netbeans\java\java.lsp.server\build\test\unit\work\o.n.m.j.l.s.p.S\gti\Test.java@ecb318e3:76d7cdb, class path owner: C:\Project\github\javavscode\netbeans\java\java.lsp.server\build\test\unit\work\o.n.m.j.l.s.p.S\gti (class org.netbeans.modules.java.lsp.server.protocol.ServerTest$TestProjectFactory$4) original sourcePath: C:\Project\github\javavscode\netbeans\java\java.lsp.server\build\test\unit\work\o.n.m.j.l.s.p.S\gti new sourcePath: C:\Project\github\javavscode\netbeans\java\java.lsp.server\build\test\unit\work\o.n.m.j.l.s.p.S\gti
Apr 09, 2024 7:05:31 PM org.netbeans.modules.java.source.parsing.JavacParser init
WARNING: ClassPath identity changed for C:\Project\github\javavscode\netbeans\java\java.lsp.server\build\test\unit\work\o.n.m.j.l.s.p.S\gtsi\Test.java@de2af020:12d5292c, class path owner: null original sourcePath: C:\Project\github\javavscode\netbeans\java\java.lsp.server\build\test\unit\work\o.n.m.j.l.s.p.S\gtsi new sourcePath: C:\Project\github\javavscode\netbeans\java\java.lsp.server\build\test\unit\work\o.n.m.j.l.s.p.S\gtsi
Apr 09, 2024 7:05:32 PM org.netbeans.modules.parsing.impl.indexing.RepositoryUpdater$Work reportIndexerStatistics
INFO: Indexing finished, indexing took 2,948 ms.
Apr 09, 2024 7:05:32 PM org.netbeans.modules.parsing.impl.indexing.RepositoryUpdater$Work reportIndexingStart
INFO: Indexing started, time from last indexing 1 ms.
Apr 09, 2024 7:05:32 PM org.netbeans.modules.java.source.parsing.JavacParser init
WARNING: ClassPath identity changed for C:\Project\github\javavscode\netbeans\java\java.lsp.server\build\test\unit\work\o.n.m.j.l.s.p.S\mo\Test.java@6f07d201:7ad9de9e, class path owner: null original sourcePath: C:\Project\github\javavscode\netbeans\java\java.lsp.server\build\test\unit\work\o.n.m.j.l.s.p.S\mo new sourcePath: C:\Project\github\javavscode\netbeans\java\java.lsp.server\build\test\unit\work\o.n.m.j.l.s.p.S\mo
Apr 09, 2024 7:05:33 PM org.netbeans.modules.java.source.parsing.JavacParser init
WARNING: ClassPath identity changed for C:\Project\github\javavscode\netbeans\java\java.lsp.server\build\test\unit\work\o.n.m.j.l.s.p.S\cagc\Test.java@c9454739:10982a93, class path owner: null original sourcePath: C:\Project\github\javavscode\netbeans\java\java.lsp.server\build\test\unit\work\o.n.m.j.l.s.p.S\cagc new sourcePath: C:\Project\github\javavscode\netbeans\java\java.lsp.server\build\test\unit\work\o.n.m.j.l.s.p.S\cagc
Apr 09, 2024 7:05:33 PM org.netbeans.modules.java.source.parsing.JavacParser init
WARNING: ClassPath identity changed for C:\Project\github\javavscode\netbeans\java\java.lsp.server\build\test\unit\work\o.n.m.j.l.s.p.S\saehc\Test.java@b505e779:54eec211, class path owner: null original sourcePath: C:\Project\github\javavscode\netbeans\java\java.lsp.server\build\test\unit\work\o.n.m.j.l.s.p.S\saehc new sourcePath: C:\Project\github\javavscode\netbeans\java\java.lsp.server\build\test\unit\work\o.n.m.j.l.s.p.S\saehc
Apr 09, 2024 7:05:33 PM org.netbeans.modules.java.source.indexing.JavaCustomIndexer index
WARNING: Ignoring root with no ClassPath: C:\Project\github\javavscode\netbeans\java\java.lsp.server\build\test\unit\work\o.n.m.j.l.s.p.S\caic
Apr 09, 2024 7:05:33 PM org.netbeans.modules.java.source.parsing.JavacParser init
WARNING: ClassPath identity changed for C:\Project\github\javavscode\netbeans\java\java.lsp.server\build\test\unit\work\o.n.m.j.l.s.p.S\gttd\Test.java@fd6098da:1bce18d0, class path owner: C:\Project\github\javavscode\netbeans\java\java.lsp.server\build\test\unit\work\o.n.m.j.l.s.p.S\gttd (class org.netbeans.modules.java.lsp.server.protocol.ServerTest$TestProjectFactory$4) original sourcePath: C:\Project\github\javavscode\netbeans\java\java.lsp.server\build\test\unit\work\o.n.m.j.l.s.p.S\gttd new sourcePath: C:\Project\github\javavscode\netbeans\java\java.lsp.server\build\test\unit\work\o.n.m.j.l.s.p.S\gttd
Apr 09, 2024 7:05:34 PM org.netbeans.modules.java.source.parsing.JavacParser init
WARNING: ClassPath identity changed for C:\Project\github\javavscode\netbeans\java\java.lsp.server\build\test\unit\work\o.n.m.j.l.s.p.S\ac\Test.java@181a3381:56a1cd94, class path owner: C:\Project\github\javavscode\netbeans\java\java.lsp.server\build\test\unit\work\o.n.m.j.l.s.p.S\ac (class org.netbeans.modules.java.lsp.server.protocol.ServerTest$TestProjectFactory$4) original sourcePath: C:\Project\github\javavscode\netbeans\java\java.lsp.server\build\test\unit\work\o.n.m.j.l.s.p.S\ac new sourcePath: C:\Project\github\javavscode\netbeans\java\java.lsp.server\build\test\unit\work\o.n.m.j.l.s.p.S\ac
Apr 09, 2024 7:05:34 PM org.netbeans.modules.java.source.parsing.JavacParser init
WARNING: ClassPath identity changed for C:\Project\github\javavscode\netbeans\java\java.lsp.server\build\test\unit\work\o.n.m.j.l.s.p.S\sal\Test.java@47563825:5e6be917, class path owner: null original sourcePath: C:\Project\github\javavscode\netbeans\java\java.lsp.server\build\test\unit\work\o.n.m.j.l.s.p.S\sal new sourcePath: C:\Project\github\javavscode\netbeans\java\java.lsp.server\build\test\unit\work\o.n.m.j.l.s.p.S\sal
Apr 09, 2024 7:05:34 PM org.netbeans.modules.java.source.parsing.JavacParser init
WARNING: ClassPath identity changed for C:\Project\github\javavscode\netbeans\java\java.lsp.server\build\test\unit\work\o.n.m.j.l.s.p.S\sh-2\Test.java@2ed17e39:17482c08, class path owner: null original sourcePath: C:\Project\github\javavscode\netbeans\java\java.lsp.server\build\test\unit\work\o.n.m.j.l.s.p.S\sh-2 new sourcePath: C:\Project\github\javavscode\netbeans\java\java.lsp.server\build\test\unit\work\o.n.m.j.l.s.p.S\sh-2
Apr 09, 2024 7:05:35 PM org.netbeans.modules.java.source.parsing.JavacParser init
WARNING: ClassPath identity changed for C:\Project\github\javavscode\netbeans\java\java.lsp.server\build\test\unit\work\o.n.m.j.l.s.p.S\gti\Test.java@ecb318e3:76d7cdb, class path owner: C:\Project\github\javavscode\netbeans\java\java.lsp.server\build\test\unit\work\o.n.m.j.l.s.p.S\gti (class org.netbeans.modules.java.lsp.server.protocol.ServerTest$TestProjectFactory$4) original sourcePath: C:\Project\github\javavscode\netbeans\java\java.lsp.server\build\test\unit\work\o.n.m.j.l.s.p.S\gti new sourcePath: C:\Project\github\javavscode\netbeans\java\java.lsp.server\build\test\unit\work\o.n.m.j.l.s.p.S\gti
Apr 09, 2024 7:05:35 PM org.netbeans.modules.parsing.impl.indexing.RepositoryUpdater$Work reportIndexerStatistics
INFO: Indexing finished, indexing took 3,231 ms.
Apr 09, 2024 7:05:35 PM org.netbeans.modules.parsing.impl.indexing.RepositoryUpdater$Work reportIndexingStart
INFO: Indexing started, time from last indexing 0 ms.
Apr 09, 2024 7:05:35 PM org.netbeans.modules.java.source.parsing.JavacParser init
WARNING: ClassPath identity changed for C:\Project\github\javavscode\netbeans\java\java.lsp.server\build\test\unit\work\o.n.m.j.l.s.p.S\gtsi\Test.java@de2af020:12d5292c, class path owner: null original sourcePath: C:\Project\github\javavscode\netbeans\java\java.lsp.server\build\test\unit\work\o.n.m.j.l.s.p.S\gtsi new sourcePath: C:\Project\github\javavscode\netbeans\java\java.lsp.server\build\test\unit\work\o.n.m.j.l.s.p.S\gtsi
Apr 09, 2024 7:05:35 PM org.netbeans.modules.java.source.parsing.JavacParser init
WARNING: ClassPath identity changed for C:\Project\github\javavscode\netbeans\java\java.lsp.server\build\test\unit\work\o.n.m.j.l.s.p.S\mo\Test.java@6f07d201:7ad9de9e, class path owner: null original sourcePath: C:\Project\github\javavscode\netbeans\java\java.lsp.server\build\test\unit\work\o.n.m.j.l.s.p.S\mo new sourcePath: C:\Project\github\javavscode\netbeans\java\java.lsp.server\build\test\unit\work\o.n.m.j.l.s.p.S\mo
Apr 09, 2024 7:05:36 PM org.netbeans.modules.java.source.parsing.JavacParser init
WARNING: ClassPath identity changed for C:\Project\github\javavscode\netbeans\java\java.lsp.server\build\test\unit\work\o.n.m.j.l.s.p.S\caiv\Test.java@e5a6f428:2fdd4c9b, class path owner: null original sourcePath: C:\Project\github\javavscode\netbeans\java\java.lsp.server\build\test\unit\work\o.n.m.j.l.s.p.S\caiv new sourcePath: C:\Project\github\javavscode\netbeans\java\java.lsp.server\build\test\unit\work\o.n.m.j.l.s.p.S\caiv
Apr 09, 2024 7:05:36 PM org.netbeans.modules.java.source.parsing.JavacParser init
WARNING: ClassPath identity changed for C:\Project\github\javavscode\netbeans\java\java.lsp.server\build\test\unit\work\o.n.m.j.l.s.p.S\cagc\Test.java@c9454739:10982a93, class path owner: null original sourcePath: C:\Project\github\javavscode\netbeans\java\java.lsp.server\build\test\unit\work\o.n.m.j.l.s.p.S\cagc new sourcePath: C:\Project\github\javavscode\netbeans\java\java.lsp.server\build\test\unit\work\o.n.m.j.l.s.p.S\cagc
Apr 09, 2024 7:05:36 PM org.netbeans.modules.java.source.indexing.JavaCustomIndexer index
WARNING: Ignoring root with no ClassPath: C:\Project\github\javavscode\netbeans\java\java.lsp.server\build\test\unit\work\o.n.m.j.l.s.p.S\drfdf
Apr 09, 2024 7:05:36 PM org.netbeans.modules.java.source.parsing.JavacParser init
WARNING: ClassPath identity changed for C:\Project\github\javavscode\netbeans\java\java.lsp.server\build\test\unit\work\o.n.m.j.l.s.p.S\saehc\Test.java@b505e779:54eec211, class path owner: null original sourcePath: C:\Project\github\javavscode\netbeans\java\java.lsp.server\build\test\unit\work\o.n.m.j.l.s.p.S\saehc new sourcePath: C:\Project\github\javavscode\netbeans\java\java.lsp.server\build\test\unit\work\o.n.m.j.l.s.p.S\saehc
Apr 09, 2024 7:05:37 PM org.netbeans.modules.java.source.parsing.JavacParser init
WARNING: ClassPath identity changed for C:\Project\github\javavscode\netbeans\java\java.lsp.server\build\test\unit\work\o.n.m.j.l.s.p.S\gttd\Test.java@fd6098da:1bce18d0, class path owner: C:\Project\github\javavscode\netbeans\java\java.lsp.server\build\test\unit\work\o.n.m.j.l.s.p.S\gttd (class org.netbeans.modules.java.lsp.server.protocol.ServerTest$TestProjectFactory$4) original sourcePath: C:\Project\github\javavscode\netbeans\java\java.lsp.server\build\test\unit\work\o.n.m.j.l.s.p.S\gttd new sourcePath: C:\Project\github\javavscode\netbeans\java\java.lsp.server\build\test\unit\work\o.n.m.j.l.s.p.S\gttd
Apr 09, 2024 7:05:37 PM org.netbeans.modules.java.source.parsing.JavacParser init
WARNING: ClassPath identity changed for C:\Project\github\javavscode\netbeans\java\java.lsp.server\build\test\unit\work\o.n.m.j.l.s.p.S\ac\Test.java@181a3381:56a1cd94, class path owner: C:\Project\github\javavscode\netbeans\java\java.lsp.server\build\test\unit\work\o.n.m.j.l.s.p.S\ac (class org.netbeans.modules.java.lsp.server.protocol.ServerTest$TestProjectFactory$4) original sourcePath: C:\Project\github\javavscode\netbeans\java\java.lsp.server\build\test\unit\work\o.n.m.j.l.s.p.S\ac new sourcePath: C:\Project\github\javavscode\netbeans\java\java.lsp.server\build\test\unit\work\o.n.m.j.l.s.p.S\ac
Apr 09, 2024 7:05:37 PM org.netbeans.modules.parsing.impl.indexing.RepositoryUpdater$Work reportIndexerStatistics
INFO: Indexing finished, indexing took 1,936 ms.
Apr 09, 2024 7:05:37 PM org.netbeans.modules.parsing.impl.indexing.RepositoryUpdater$Work reportIndexingStart
INFO: Indexing started, time from last indexing 1 ms.
Apr 09, 2024 7:05:37 PM org.netbeans.modules.java.source.parsing.JavacParser init
WARNING: ClassPath identity changed for C:\Project\github\javavscode\netbeans\java\java.lsp.server\build\test\unit\work\o.n.m.j.l.s.p.S\mo\Test.java@6f07d201:7ad9de9e, class path owner: null original sourcePath: C:\Project\github\javavscode\netbeans\java\java.lsp.server\build\test\unit\work\o.n.m.j.l.s.p.S\mo new sourcePath: C:\Project\github\javavscode\netbeans\java\java.lsp.server\build\test\unit\work\o.n.m.j.l.s.p.S\mo
Apr 09, 2024 7:05:38 PM org.netbeans.modules.java.source.parsing.JavacParser init
WARNING: ClassPath identity changed for C:\Project\github\javavscode\netbeans\java\java.lsp.server\build\test\unit\work\o.n.m.j.l.s.p.S\cagc\Test.java@c9454739:10982a93, class path owner: null original sourcePath: C:\Project\github\javavscode\netbeans\java\java.lsp.server\build\test\unit\work\o.n.m.j.l.s.p.S\cagc new sourcePath: C:\Project\github\javavscode\netbeans\java\java.lsp.server\build\test\unit\work\o.n.m.j.l.s.p.S\cagc
Apr 09, 2024 7:05:38 PM org.netbeans.modules.java.source.parsing.JavacParser init
WARNING: ClassPath identity changed for C:\Project\github\javavscode\netbeans\java\java.lsp.server\build\test\unit\work\o.n.m.j.l.s.p.S\saehc\Test.java@b505e779:54eec211, class path owner: null original sourcePath: C:\Project\github\javavscode\netbeans\java\java.lsp.server\build\test\unit\work\o.n.m.j.l.s.p.S\saehc new sourcePath: C:\Project\github\javavscode\netbeans\java\java.lsp.server\build\test\unit\work\o.n.m.j.l.s.p.S\saehc
Apr 09, 2024 7:05:38 PM org.netbeans.modules.java.source.indexing.JavaCustomIndexer index
WARNING: Ignoring root with no ClassPath: C:\Project\github\javavscode\netbeans\java\java.lsp.server\build\test\unit\work\o.n.m.j.l.s.p.S\caif
Apr 09, 2024 7:05:38 PM org.netbeans.modules.java.source.parsing.JavacParser init
WARNING: ClassPath identity changed for C:\Project\github\javavscode\netbeans\java\java.lsp.server\build\test\unit\work\o.n.m.j.l.s.p.S\ei\a\Test.java@82ad0cc6:656130a3, class path owner: C:\Project\github\javavscode\netbeans\java\java.lsp.server\build\test\unit\work\o.n.m.j.l.s.p.S\ei (class org.netbeans.modules.java.lsp.server.protocol.ServerTest$TestProjectFactory$4) original sourcePath: C:\Project\github\javavscode\netbeans\java\java.lsp.server\build\test\unit\work\o.n.m.j.l.s.p.S\ei new sourcePath: C:\Project\github\javavscode\netbeans\java\java.lsp.server\build\test\unit\work\o.n.m.j.l.s.p.S\ei
Apr 09, 2024 7:05:39 PM org.netbeans.modules.java.source.parsing.JavacParser init
WARNING: ClassPath identity changed for C:\Project\github\javavscode\netbeans\java\java.lsp.server\build\test\unit\work\o.n.m.j.l.s.p.S\gttd\Test.java@fd6098da:1bce18d0, class path owner: C:\Project\github\javavscode\netbeans\java\java.lsp.server\build\test\unit\work\o.n.m.j.l.s.p.S\gttd (class org.netbeans.modules.java.lsp.server.protocol.ServerTest$TestProjectFactory$4) original sourcePath: C:\Project\github\javavscode\netbeans\java\java.lsp.server\build\test\unit\work\o.n.m.j.l.s.p.S\gttd new sourcePath: C:\Project\github\javavscode\netbeans\java\java.lsp.server\build\test\unit\work\o.n.m.j.l.s.p.S\gttd
Apr 09, 2024 7:05:39 PM org.netbeans.modules.java.source.parsing.JavacParser init
WARNING: ClassPath identity changed for C:\Project\github\javavscode\netbeans\java\java.lsp.server\build\test\unit\work\o.n.m.j.l.s.p.S\ac\Test.java@181a3381:56a1cd94, class path owner: C:\Project\github\javavscode\netbeans\java\java.lsp.server\build\test\unit\work\o.n.m.j.l.s.p.S\ac (class org.netbeans.modules.java.lsp.server.protocol.ServerTest$TestProjectFactory$4) original sourcePath: C:\Project\github\javavscode\netbeans\java\java.lsp.server\build\test\unit\work\o.n.m.j.l.s.p.S\ac new sourcePath: C:\Project\github\javavscode\netbeans\java\java.lsp.server\build\test\unit\work\o.n.m.j.l.s.p.S\ac
Apr 09, 2024 7:05:39 PM org.netbeans.modules.java.source.parsing.JavacParser init
WARNING: ClassPath identity changed for C:\Project\github\javavscode\netbeans\java\java.lsp.server\build\test\unit\work\o.n.m.j.l.s.p.S\sal\Test.java@47563825:5e6be917, class path owner: null original sourcePath: C:\Project\github\javavscode\netbeans\java\java.lsp.server\build\test\unit\work\o.n.m.j.l.s.p.S\sal new sourcePath: C:\Project\github\javavscode\netbeans\java\java.lsp.server\build\test\unit\work\o.n.m.j.l.s.p.S\sal
Apr 09, 2024 7:05:39 PM org.netbeans.modules.parsing.impl.indexing.RepositoryUpdater$Work reportIndexerStatistics
INFO: Indexing finished, indexing took 2,558 ms.
Apr 09, 2024 7:05:39 PM org.netbeans.modules.parsing.impl.indexing.RepositoryUpdater$Work reportIndexingStart
INFO: Indexing started, time from last indexing 2 ms.
Apr 09, 2024 7:05:39 PM org.netbeans.modules.java.source.parsing.JavacParser init
WARNING: ClassPath identity changed for C:\Project\github\javavscode\netbeans\java\java.lsp.server\build\test\unit\work\o.n.m.j.l.s.p.S\ac\Test.java@181a3381:56a1cd94, class path owner: C:\Project\github\javavscode\netbeans\java\java.lsp.server\build\test\unit\work\o.n.m.j.l.s.p.S\ac (class org.netbeans.modules.java.lsp.server.protocol.ServerTest$TestProjectFactory$4) original sourcePath: C:\Project\github\javavscode\netbeans\java\java.lsp.server\build\test\unit\work\o.n.m.j.l.s.p.S\ac new sourcePath: C:\Project\github\javavscode\netbeans\java\java.lsp.server\build\test\unit\work\o.n.m.j.l.s.p.S\ac
Apr 09, 2024 7:05:39 PM org.netbeans.modules.parsing.impl.indexing.RepositoryUpdater$RootsWork getDone
INFO: Resolving dependencies took: 189 ms
Apr 09, 2024 7:05:39 PM org.netbeans.modules.parsing.impl.indexing.RepositoryUpdater$AbstractRootsWork scanBinaries
INFO: Complete indexing of 0 binary roots took: 0 ms
Apr 09, 2024 7:05:40 PM org.netbeans.modules.java.source.parsing.JavacParser init
WARNING: ClassPath identity changed for C:\Project\github\javavscode\netbeans\java\java.lsp.server\build\test\unit\work\o.n.m.j.l.s.p.S\mo\Test.java@6f07d201:7ad9de9e, class path owner: null original sourcePath: C:\Project\github\javavscode\netbeans\java\java.lsp.server\build\test\unit\work\o.n.m.j.l.s.p.S\mo new sourcePath: C:\Project\github\javavscode\netbeans\java\java.lsp.server\build\test\unit\work\o.n.m.j.l.s.p.S\mo
Apr 09, 2024 7:05:40 PM org.netbeans.modules.java.source.parsing.JavacParser init
WARNING: ClassPath identity changed for C:\Project\github\javavscode\netbeans\java\java.lsp.server\build\test\unit\work\o.n.m.j.l.s.p.S\caiv\Test.java@e5a6f428:2fdd4c9b, class path owner: null original sourcePath: C:\Project\github\javavscode\netbeans\java\java.lsp.server\build\test\unit\work\o.n.m.j.l.s.p.S\caiv new sourcePath: C:\Project\github\javavscode\netbeans\java\java.lsp.server\build\test\unit\work\o.n.m.j.l.s.p.S\caiv
Apr 09, 2024 7:05:41 PM org.netbeans.modules.java.source.parsing.JavacParser init
WARNING: ClassPath identity changed for C:\Project\github\javavscode\netbeans\java\java.lsp.server\build\test\unit\work\o.n.m.j.l.s.p.S\cagc\Test.java@c9454739:10982a93, class path owner: null original sourcePath: C:\Project\github\javavscode\netbeans\java\java.lsp.server\build\test\unit\work\o.n.m.j.l.s.p.S\cagc new sourcePath: C:\Project\github\javavscode\netbeans\java\java.lsp.server\build\test\unit\work\o.n.m.j.l.s.p.S\cagc
Apr 09, 2024 7:05:41 PM org.netbeans.modules.java.source.parsing.JavacParser init
WARNING: ClassPath identity changed for C:\Project\github\javavscode\netbeans\java\java.lsp.server\build\test\unit\work\o.n.m.j.l.s.p.S\saehc\Test.java@b505e779:54eec211, class path owner: null original sourcePath: C:\Project\github\javavscode\netbeans\java\java.lsp.server\build\test\unit\work\o.n.m.j.l.s.p.S\saehc new sourcePath: C:\Project\github\javavscode\netbeans\java\java.lsp.server\build\test\unit\work\o.n.m.j.l.s.p.S\saehc
Apr 09, 2024 7:05:42 PM org.netbeans.modules.java.source.parsing.JavacParser init
WARNING: ClassPath identity changed for C:\Project\github\javavscode\netbeans\java\java.lsp.server\build\test\unit\work\o.n.m.j.l.s.p.S\gttd\Test.java@fd6098da:1bce18d0, class path owner: C:\Project\github\javavscode\netbeans\java\java.lsp.server\build\test\unit\work\o.n.m.j.l.s.p.S\gttd (class org.netbeans.modules.java.lsp.server.protocol.ServerTest$TestProjectFactory$4) original sourcePath: C:\Project\github\javavscode\netbeans\java\java.lsp.server\build\test\unit\work\o.n.m.j.l.s.p.S\gttd new sourcePath: C:\Project\github\javavscode\netbeans\java\java.lsp.server\build\test\unit\work\o.n.m.j.l.s.p.S\gttd
Apr 09, 2024 7:05:43 PM org.netbeans.modules.java.source.parsing.JavacParser init
WARNING: ClassPath identity changed for C:\Project\github\javavscode\netbeans\java\java.lsp.server\build\test\unit\work\o.n.m.j.l.s.p.S\sal\Test.java@47563825:5e6be917, class path owner: null original sourcePath: C:\Project\github\javavscode\netbeans\java\java.lsp.server\build\test\unit\work\o.n.m.j.l.s.p.S\sal new sourcePath: C:\Project\github\javavscode\netbeans\java\java.lsp.server\build\test\unit\work\o.n.m.j.l.s.p.S\sal
Apr 09, 2024 7:05:43 PM org.netbeans.modules.java.source.parsing.JavacParser init
WARNING: ClassPath identity changed for C:\Project\github\javavscode\netbeans\java\java.lsp.server\build\test\unit\work\o.n.m.j.l.s.p.S\sh-2\Test.java@2ed17e39:17482c08, class path owner: null original sourcePath: C:\Project\github\javavscode\netbeans\java\java.lsp.server\build\test\unit\work\o.n.m.j.l.s.p.S\sh-2 new sourcePath: C:\Project\github\javavscode\netbeans\java\java.lsp.server\build\test\unit\work\o.n.m.j.l.s.p.S\sh-2
Apr 09, 2024 7:05:43 PM org.netbeans.modules.parsing.impl.indexing.RepositoryUpdater$AbstractRootsWork scanSources
INFO: Indexing of: C:\Project\github\javavscode\netbeans\java\java.lsp.server\build\test\unit\work\o.n.m.j.l.s.p.S\es took: 3,286 ms (New or modified files: 2, Deleted files: 0) [Adding listeners took: 0 ms]
Apr 09, 2024 7:05:43 PM org.netbeans.modules.parsing.impl.indexing.RepositoryUpdater$AbstractRootsWork scanSources
INFO: Complete indexing of 1 source roots took: 3,286 ms (New or modified files: 2, Deleted files: 0) [Adding listeners took: 0 ms]
Apr 09, 2024 7:05:43 PM org.netbeans.modules.parsing.impl.indexing.RepositoryUpdater$Work reportIndexerStatistics
INFO: Indexing finished, indexing took 3,588 ms.
Apr 09, 2024 7:05:43 PM org.netbeans.modules.java.source.parsing.JavacParser init
WARNING: ClassPath identity changed for C:\Project\github\javavscode\netbeans\java\java.lsp.server\build\test\unit\work\o.n.m.j.l.s.p.S\sal\Test.java@47563825:5e6be917, class path owner: null original sourcePath: C:\Project\github\javavscode\netbeans\java\java.lsp.server\build\test\unit\work\o.n.m.j.l.s.p.S\sal new sourcePath: C:\Project\github\javavscode\netbeans\java\java.lsp.server\build\test\unit\work\o.n.m.j.l.s.p.S\sal
Apr 09, 2024 7:05:43 PM org.netbeans.modules.java.source.parsing.JavacParser init
WARNING: ClassPath identity changed for C:\Project\github\javavscode\netbeans\java\java.lsp.server\build\test\unit\work\o.n.m.j.l.s.p.S\es\a\Test.java@d3cccff0:6cb3c558, class path owner: C:\Project\github\javavscode\netbeans\java\java.lsp.server\build\test\unit\work\o.n.m.j.l.s.p.S\es (class org.netbeans.modules.java.lsp.server.protocol.ServerTest$TestProjectFactory$4) original sourcePath: C:\Project\github\javavscode\netbeans\java\java.lsp.server\build\test\unit\work\o.n.m.j.l.s.p.S\es new sourcePath: C:\Project\github\javavscode\netbeans\java\java.lsp.server\build\test\unit\work\o.n.m.j.l.s.p.S\es
Apr 09, 2024 7:05:43 PM org.netbeans.modules.java.source.parsing.JavacParser init
WARNING: ClassPath identity changed for C:\Project\github\javavscode\netbeans\java\java.lsp.server\build\test\unit\work\o.n.m.j.l.s.p.S\mo\Test.java@6f07d201:7ad9de9e, class path owner: null original sourcePath: C:\Project\github\javavscode\netbeans\java\java.lsp.server\build\test\unit\work\o.n.m.j.l.s.p.S\mo new sourcePath: C:\Project\github\javavscode\netbeans\java\java.lsp.server\build\test\unit\work\o.n.m.j.l.s.p.S\mo
Apr 09, 2024 7:05:44 PM org.netbeans.modules.java.source.parsing.JavacParser init
WARNING: ClassPath identity changed for C:\Project\github\javavscode\netbeans\java\java.lsp.server\build\test\unit\work\o.n.m.j.l.s.p.S\caiv\Test.java@e5a6f428:2fdd4c9b, class path owner: null original sourcePath: C:\Project\github\javavscode\netbeans\java\java.lsp.server\build\test\unit\work\o.n.m.j.l.s.p.S\caiv new sourcePath: C:\Project\github\javavscode\netbeans\java\java.lsp.server\build\test\unit\work\o.n.m.j.l.s.p.S\caiv
Apr 09, 2024 7:05:44 PM org.netbeans.modules.java.source.parsing.JavacParser init
WARNING: ClassPath identity changed for C:\Project\github\javavscode\netbeans\java\java.lsp.server\build\test\unit\work\o.n.m.j.l.s.p.S\cagc\Test.java@c9454739:10982a93, class path owner: null original sourcePath: C:\Project\github\javavscode\netbeans\java\java.lsp.server\build\test\unit\work\o.n.m.j.l.s.p.S\cagc new sourcePath: C:\Project\github\javavscode\netbeans\java\java.lsp.server\build\test\unit\work\o.n.m.j.l.s.p.S\cagc
Apr 09, 2024 7:05:44 PM org.netbeans.modules.java.source.parsing.JavacParser init
WARNING: ClassPath identity changed for C:\Project\github\javavscode\netbeans\java\java.lsp.server\build\test\unit\work\o.n.m.j.l.s.p.S\saehc\Test.java@b505e779:54eec211, class path owner: null original sourcePath: C:\Project\github\javavscode\netbeans\java\java.lsp.server\build\test\unit\work\o.n.m.j.l.s.p.S\saehc new sourcePath: C:\Project\github\javavscode\netbeans\java\java.lsp.server\build\test\unit\work\o.n.m.j.l.s.p.S\saehc
Apr 09, 2024 7:05:44 PM org.netbeans.modules.java.source.parsing.JavacParser init
WARNING: ClassPath identity changed for C:\Project\github\javavscode\netbeans\java\java.lsp.server\build\test\unit\work\o.n.m.j.l.s.p.S\ei\a\Test.java@82ad0cc6:656130a3, class path owner: C:\Project\github\javavscode\netbeans\java\java.lsp.server\build\test\unit\work\o.n.m.j.l.s.p.S\ei (class org.netbeans.modules.java.lsp.server.protocol.ServerTest$TestProjectFactory$4) original sourcePath: C:\Project\github\javavscode\netbeans\java\java.lsp.server\build\test\unit\work\o.n.m.j.l.s.p.S\ei new sourcePath: C:\Project\github\javavscode\netbeans\java\java.lsp.server\build\test\unit\work\o.n.m.j.l.s.p.S\ei
Apr 09, 2024 7:05:44 PM org.netbeans.modules.java.source.parsing.JavacParser init
WARNING: ClassPath identity changed for C:\Project\github\javavscode\netbeans\java\java.lsp.server\build\test\unit\work\o.n.m.j.l.s.p.S\gttd\Test.java@fd6098da:1bce18d0, class path owner: C:\Project\github\javavscode\netbeans\java\java.lsp.server\build\test\unit\work\o.n.m.j.l.s.p.S\gttd (class org.netbeans.modules.java.lsp.server.protocol.ServerTest$TestProjectFactory$4) original sourcePath: C:\Project\github\javavscode\netbeans\java\java.lsp.server\build\test\unit\work\o.n.m.j.l.s.p.S\gttd new sourcePath: C:\Project\github\javavscode\netbeans\java\java.lsp.server\build\test\unit\work\o.n.m.j.l.s.p.S\gttd
Apr 09, 2024 7:05:45 PM org.netbeans.modules.java.source.parsing.JavacParser init
WARNING: ClassPath identity changed for C:\Project\github\javavscode\netbeans\java\java.lsp.server\build\test\unit\work\o.n.m.j.l.s.p.S\ac\Test.java@181a3381:56a1cd94, class path owner: C:\Project\github\javavscode\netbeans\java\java.lsp.server\build\test\unit\work\o.n.m.j.l.s.p.S\ac (class org.netbeans.modules.java.lsp.server.protocol.ServerTest$TestProjectFactory$4) original sourcePath: C:\Project\github\javavscode\netbeans\java\java.lsp.server\build\test\unit\work\o.n.m.j.l.s.p.S\ac new sourcePath: C:\Project\github\javavscode\netbeans\java\java.lsp.server\build\test\unit\work\o.n.m.j.l.s.p.S\ac
Apr 09, 2024 7:05:45 PM org.netbeans.modules.java.source.parsing.JavacParser init
WARNING: ClassPath identity changed for C:\Project\github\javavscode\netbeans\java\java.lsp.server\build\test\unit\work\o.n.m.j.l.s.p.S\sh-2\Test.java@2ed17e39:17482c08, class path owner: null original sourcePath: C:\Project\github\javavscode\netbeans\java\java.lsp.server\build\test\unit\work\o.n.m.j.l.s.p.S\sh-2 new sourcePath: C:\Project\github\javavscode\netbeans\java\java.lsp.server\build\test\unit\work\o.n.m.j.l.s.p.S\sh-2
Apr 09, 2024 7:05:45 PM org.netbeans.modules.java.source.parsing.JavacParser init
WARNING: ClassPath identity changed for C:\Project\github\javavscode\netbeans\java\java.lsp.server\build\test\unit\work\o.n.m.j.l.s.p.S\gti\Test.java@ecb318e3:76d7cdb, class path owner: C:\Project\github\javavscode\netbeans\java\java.lsp.server\build\test\unit\work\o.n.m.j.l.s.p.S\gti (class org.netbeans.modules.java.lsp.server.protocol.ServerTest$TestProjectFactory$4) original sourcePath: C:\Project\github\javavscode\netbeans\java\java.lsp.server\build\test\unit\work\o.n.m.j.l.s.p.S\gti new sourcePath: C:\Project\github\javavscode\netbeans\java\java.lsp.server\build\test\unit\work\o.n.m.j.l.s.p.S\gti
Apr 09, 2024 7:05:45 PM org.netbeans.modules.java.source.parsing.JavacParser init
WARNING: ClassPath identity changed for C:\Project\github\javavscode\netbeans\java\java.lsp.server\build\test\unit\work\o.n.m.j.l.s.p.S\gtsi\Test.java@de2af020:12d5292c, class path owner: null original sourcePath: C:\Project\github\javavscode\netbeans\java\java.lsp.server\build\test\unit\work\o.n.m.j.l.s.p.S\gtsi new sourcePath: C:\Project\github\javavscode\netbeans\java\java.lsp.server\build\test\unit\work\o.n.m.j.l.s.p.S\gtsi
Apr 09, 2024 7:05:46 PM org.netbeans.modules.java.source.parsing.JavacParser init
WARNING: ClassPath identity changed for C:\Project\github\javavscode\netbeans\java\java.lsp.server\build\test\unit\work\o.n.m.j.l.s.p.S\cags\Test.java@17b06b29:7f50b290, class path owner: null original sourcePath: C:\Project\github\javavscode\netbeans\java\java.lsp.server\build\test\unit\work\o.n.m.j.l.s.p.S\cags new sourcePath: C:\Project\github\javavscode\netbeans\java\java.lsp.server\build\test\unit\work\o.n.m.j.l.s.p.S\cags
Apr 09, 2024 7:05:46 PM org.netbeans.modules.java.source.parsing.JavacParser init
WARNING: ClassPath identity changed for C:\Project\github\javavscode\netbeans\java\java.lsp.server\build\test\unit\work\o.n.m.j.l.s.p.S\fi\Test.java@bbcf84e0:227203f0, class path owner: C:\Project\github\javavscode\netbeans\java\java.lsp.server\build\test\unit\work\o.n.m.j.l.s.p.S\fi (class org.netbeans.modules.java.lsp.server.protocol.ServerTest$TestProjectFactory$4) original sourcePath: C:\Project\github\javavscode\netbeans\java\java.lsp.server\build\test\unit\work\o.n.m.j.l.s.p.S\fi new sourcePath: C:\Project\github\javavscode\netbeans\java\java.lsp.server\build\test\unit\work\o.n.m.j.l.s.p.S\fi
Apr 09, 2024 7:05:46 PM org.netbeans.modules.java.source.parsing.JavacParser init
WARNING: ClassPath identity changed for C:\Project\github\javavscode\netbeans\java\java.lsp.server\build\test\unit\work\o.n.m.j.l.s.p.S\m\Test.java@d6eadd12:4ca89157, class path owner: null original sourcePath: C:\Project\github\javavscode\netbeans\java\java.lsp.server\build\test\unit\work\o.n.m.j.l.s.p.S\m new sourcePath: C:\Project\github\javavscode\netbeans\java\java.lsp.server\build\test\unit\work\o.n.m.j.l.s.p.S\m
Apr 09, 2024 7:05:46 PM org.netbeans.modules.java.source.parsing.JavacParser init
WARNING: ClassPath identity changed for C:\Project\github\javavscode\netbeans\java\java.lsp.server\build\test\unit\work\o.n.m.j.l.s.p.S\pd\b\Base.java@fdbd3718:b7bf7bf, class path owner: C:\Project\github\javavscode\netbeans\java\java.lsp.server\build\test\unit\work\o.n.m.j.l.s.p.S\pd (class org.netbeans.modules.java.lsp.server.protocol.ServerTest$TestProjectFactory$4) original sourcePath: C:\Project\github\javavscode\netbeans\java\java.lsp.server\build\test\unit\work\o.n.m.j.l.s.p.S\pd new sourcePath: C:\Project\github\javavscode\netbeans\java\java.lsp.server\build\test\unit\work\o.n.m.j.l.s.p.S\pd
Apr 09, 2024 7:05:47 PM org.netbeans.modules.java.source.parsing.JavacParser init
WARNING: ClassPath identity changed for C:\Project\github\javavscode\netbeans\java\java.lsp.server\build\test\unit\work\o.n.m.j.l.s.p.S\sats\Test.java@99966bea:2a3e4e30, class path owner: null original sourcePath: C:\Project\github\javavscode\netbeans\java\java.lsp.server\build\test\unit\work\o.n.m.j.l.s.p.S\sats new sourcePath: C:\Project\github\javavscode\netbeans\java\java.lsp.server\build\test\unit\work\o.n.m.j.l.s.p.S\sats
Apr 09, 2024 7:05:47 PM org.netbeans.modules.java.source.parsing.JavacParser init
WARNING: ClassPath identity changed for C:\Project\github\javavscode\netbeans\java\java.lsp.server\build\test\unit\work\o.n.m.j.l.s.p.S\fu\Test.java@b68767ec:a25e5c1, class path owner: C:\Project\github\javavscode\netbeans\java\java.lsp.server\build\test\unit\work\o.n.m.j.l.s.p.S\fu (class org.netbeans.modules.java.lsp.server.protocol.ServerTest$TestProjectFactory$4) original sourcePath: C:\Project\github\javavscode\netbeans\java\java.lsp.server\build\test\unit\work\o.n.m.j.l.s.p.S\fu new sourcePath: C:\Project\github\javavscode\netbeans\java\java.lsp.server\build\test\unit\work\o.n.m.j.l.s.p.S\fu
Apr 09, 2024 7:05:48 PM org.netbeans.modules.java.source.parsing.JavacParser init
WARNING: ClassPath identity changed for C:\Project\github\javavscode\netbeans\java\java.lsp.server\build\test\unit\work\o.n.m.j.l.s.p.S\dopl\Test2.java@c0e83c48:7b6722cc, class path owner: null original sourcePath: C:\Project\github\javavscode\netbeans\java\java.lsp.server\build\test\unit\work\o.n.m.j.l.s.p.S\dopl new sourcePath: C:\Project\github\javavscode\netbeans\java\java.lsp.server\build\test\unit\work\o.n.m.j.l.s.p.S\dopl
Apr 09, 2024 7:05:48 PM org.netbeans.modules.java.source.parsing.JavacParser init
WARNING: ClassPath identity changed for C:\Project\github\javavscode\netbeans\java\java.lsp.server\build\test\unit\work\o.n.m.j.l.s.p.S\dopl\Test.java@37ba05e4:d8f812b, class path owner: null original sourcePath: C:\Project\github\javavscode\netbeans\java\java.lsp.server\build\test\unit\work\o.n.m.j.l.s.p.S\dopl new sourcePath: C:\Project\github\javavscode\netbeans\java\java.lsp.server\build\test\unit\work\o.n.m.j.l.s.p.S\dopl
Apr 09, 2024 7:05:48 PM org.netbeans.modules.java.source.parsing.JavacParser init
WARNING: ClassPath identity changed for C:\Project\github\javavscode\netbeans\java\java.lsp.server\build\test\unit\work\o.n.m.j.l.s.p.S\h\Test.java@ee925f2f:747f0d70, class path owner: null original sourcePath: C:\Project\github\javavscode\netbeans\java\java.lsp.server\build\test\unit\work\o.n.m.j.l.s.p.S\h new sourcePath: C:\Project\github\javavscode\netbeans\java\java.lsp.server\build\test\unit\work\o.n.m.j.l.s.p.S\h
Apr 09, 2024 7:05:49 PM org.netbeans.modules.java.source.parsing.JavacParser init
WARNING: ClassPath identity changed for C:\Project\github\javavscode\netbeans\java\java.lsp.server\build\test\unit\work\o.n.m.j.l.s.p.S\cagvfop\Test.java@112f0521:3e9d007a, class path owner: null original sourcePath: C:\Project\github\javavscode\netbeans\java\java.lsp.server\build\test\unit\work\o.n.m.j.l.s.p.S\cagvfop new sourcePath: C:\Project\github\javavscode\netbeans\java\java.lsp.server\build\test\unit\work\o.n.m.j.l.s.p.S\cagvfop
Apr 09, 2024 7:05:49 PM org.netbeans.modules.java.source.parsing.JavacParser init
WARNING: ClassPath identity changed for C:\Project\github\javavscode\netbeans\java\java.lsp.server\build\test\unit\work\o.n.m.j.l.s.p.S\cawr\Test.java@fdcab476:ee82eb0, class path owner: null original sourcePath: C:\Project\github\javavscode\netbeans\java\java.lsp.server\build\test\unit\work\o.n.m.j.l.s.p.S\cawr new sourcePath: C:\Project\github\javavscode\netbeans\java\java.lsp.server\build\test\unit\work\o.n.m.j.l.s.p.S\cawr
Apr 09, 2024 7:05:49 PM org.netbeans.modules.java.source.parsing.JavacParser init
WARNING: ClassPath identity changed for C:\Project\github\javavscode\netbeans\java\java.lsp.server\build\test\unit\work\o.n.m.j.l.s.p.S\rdccro\Test.java@87eb52ec:219d62cb, class path owner: C:\Project\github\javavscode\netbeans\java\java.lsp.server\build\test\unit\work\o.n.m.j.l.s.p.S\rdccro (class org.netbeans.modules.java.lsp.server.protocol.ServerTest$TestProjectFactory$4) original sourcePath: C:\Project\github\javavscode\netbeans\java\java.lsp.server\build\test\unit\work\o.n.m.j.l.s.p.S\rdccro new sourcePath: C:\Project\github\javavscode\netbeans\java\java.lsp.server\build\test\unit\work\o.n.m.j.l.s.p.S\rdccro
Apr 09, 2024 7:05:49 PM org.netbeans.modules.java.source.parsing.JavacParser init
WARNING: ClassPath identity changed for C:\Project\github\javavscode\netbeans\java\java.lsp.server\build\test\unit\work\o.n.m.j.l.s.p.S\rdccro\Test2.java@7ad3c640:75bf3a3c, class path owner: C:\Project\github\javavscode\netbeans\java\java.lsp.server\build\test\unit\work\o.n.m.j.l.s.p.S\rdccro (class org.netbeans.modules.java.lsp.server.protocol.ServerTest$TestProjectFactory$4) original sourcePath: C:\Project\github\javavscode\netbeans\java\java.lsp.server\build\test\unit\work\o.n.m.j.l.s.p.S\rdccro new sourcePath: C:\Project\github\javavscode\netbeans\java\java.lsp.server\build\test\unit\work\o.n.m.j.l.s.p.S\rdccro
Apr 09, 2024 7:05:49 PM org.netbeans.modules.java.source.parsing.JavacParser init
WARNING: ClassPath identity changed for C:\Project\github\javavscode\netbeans\java\java.lsp.server\build\test\unit\work\o.n.m.j.l.s.p.S\caiaamiac\Test.java@49cd76ee:7dbf3adb, class path owner: null original sourcePath: C:\Project\github\javavscode\netbeans\java\java.lsp.server\build\test\unit\work\o.n.m.j.l.s.p.S\caiaamiac new sourcePath: C:\Project\github\javavscode\netbeans\java\java.lsp.server\build\test\unit\work\o.n.m.j.l.s.p.S\caiaamiac
Apr 09, 2024 7:05:49 PM org.netbeans.modules.java.source.parsing.JavacParser init
WARNING: ClassPath identity changed for C:\Project\github\javavscode\netbeans\java\java.lsp.server\build\test\unit\work\o.n.m.j.l.s.p.S\neahf\Other.java@483b2a71:121b1ca8, class path owner: null original sourcePath: C:\Project\github\javavscode\netbeans\java\java.lsp.server\build\test\unit\work\o.n.m.j.l.s.p.S\neahf new sourcePath: C:\Project\github\javavscode\netbeans\java\java.lsp.server\build\test\unit\work\o.n.m.j.l.s.p.S\neahf
Apr 09, 2024 7:05:50 PM org.netbeans.modules.java.source.parsing.JavacParser init
WARNING: ClassPath identity changed for AbstractFileObject@285cf39e[java.base/java/lang/String.java], class path owner: null original sourcePath: jar:file:/C:/Project/JDK/jdk-17/lib/src.zip!/java.base/java/lang/ new sourcePath: jar:file:/C:/Project/JDK/jdk-17/lib/src.zip!/java.base/java/lang/
Apr 09, 2024 7:05:50 PM org.netbeans.modules.java.source.parsing.JavacParser init
WARNING: ClassPath identity changed for C:\Project\github\javavscode\netbeans\java\java.lsp.server\build\test\unit\work\o.n.m.j.l.s.p.S\neahf\Test.java@7ff591cf:6c8aa7b1, class path owner: null original sourcePath: C:\Project\github\javavscode\netbeans\java\java.lsp.server\build\test\unit\work\o.n.m.j.l.s.p.S\neahf new sourcePath: C:\Project\github\javavscode\netbeans\java\java.lsp.server\build\test\unit\work\o.n.m.j.l.s.p.S\neahf
Apr 09, 2024 7:05:50 PM org.netbeans.modules.java.source.parsing.JavacParser init
WARNING: ClassPath identity changed for C:\Project\github\javavscode\netbeans\java\java.lsp.server\build\test\unit\work\o.n.m.j.l.s.p.S\sadm\Test.java@a11ced94:7656bf94, class path owner: null original sourcePath: C:\Project\github\javavscode\netbeans\java\java.lsp.server\build\test\unit\work\o.n.m.j.l.s.p.S\sadm new sourcePath: C:\Project\github\javavscode\netbeans\java\java.lsp.server\build\test\unit\work\o.n.m.j.l.s.p.S\sadm
Apr 09, 2024 7:05:50 PM org.netbeans.modules.java.source.parsing.JavacParser init
WARNING: ClassPath identity changed for C:\Project\github\javavscode\netbeans\java\java.lsp.server\build\test\unit\work\o.n.m.j.l.s.p.S\sw\Test.java@4476a843:6abb247, class path owner: null original sourcePath: C:\Project\github\javavscode\netbeans\java\java.lsp.server\build\test\unit\work\o.n.m.j.l.s.p.S\sw new sourcePath: C:\Project\github\javavscode\netbeans\java\java.lsp.server\build\test\unit\work\o.n.m.j.l.s.p.S\sw
Apr 09, 2024 7:05:50 PM org.netbeans.modules.java.source.parsing.JavacParser init
WARNING: ClassPath identity changed for C:\Project\github\javavscode\netbeans\java\java.lsp.server\build\test\unit\work\o.n.m.j.l.s.p.S\caiaamic\Test.java@6aafb03b:7e10de76, class path owner: null original sourcePath: C:\Project\github\javavscode\netbeans\java\java.lsp.server\build\test\unit\work\o.n.m.j.l.s.p.S\caiaamic new sourcePath: C:\Project\github\javavscode\netbeans\java\java.lsp.server\build\test\unit\work\o.n.m.j.l.s.p.S\caiaamic
Apr 09, 2024 7:05:51 PM org.netbeans.modules.java.source.parsing.JavacParser init
WARNING: ClassPath identity changed for C:\Project\github\javavscode\netbeans\java\java.lsp.server\build\test\unit\work\o.n.m.j.l.s.p.S\caiaamie\Test.java@94941ebd:2994612d, class path owner: null original sourcePath: C:\Project\github\javavscode\netbeans\java\java.lsp.server\build\test\unit\work\o.n.m.j.l.s.p.S\caiaamie new sourcePath: C:\Project\github\javavscode\netbeans\java\java.lsp.server\build\test\unit\work\o.n.m.j.l.s.p.S\caiaamie
Apr 09, 2024 7:05:51 PM org.netbeans.modules.java.source.parsing.JavacParser init
WARNING: ClassPath identity changed for C:\Project\github\javavscode\netbeans\java\java.lsp.server\build\test\unit\work\o.n.m.j.l.s.p.S\saoi\Test.java@a20f5d87:3d87818, class path owner: null original sourcePath: C:\Project\github\javavscode\netbeans\java\java.lsp.server\build\test\unit\work\o.n.m.j.l.s.p.S\saoi new sourcePath: C:\Project\github\javavscode\netbeans\java\java.lsp.server\build\test\unit\work\o.n.m.j.l.s.p.S\saoi
Apr 09, 2024 7:05:53 PM org.netbeans.modules.java.JavaTemplateAttributesProvider attributesFor
WARNING: No classpath was found for folder: AbstractFileObject@167393fe[root of MemoryFileSystem19[org.openide.filesystems.MemoryFileSystem@7c15d177]]
Apr 09, 2024 7:05:53 PM org.netbeans.modules.java.JavaTemplateAttributesProvider attributesFor
WARNING: No classpath was found for folder: AbstractFileObject@d30b28[root of MemoryFileSystem20[org.openide.filesystems.MemoryFileSystem@39ec0760]]
Apr 09, 2024 7:05:53 PM org.netbeans.modules.java.source.save.CasualDiff checkDiffs
WARNING: Invalid diff: tree (INSERT) pos=268, end=-1
> 
Apr 09, 2024 7:05:53 PM org.netbeans.modules.project.ui.OpenProjectList log
INFO: USG_PROJECT_CLOSE
Creating a client for testcase: testCodeActionIntroduceMethod
Apr 09, 2024 7:05:53 PM org.netbeans.modules.java.lsp.server.protocol.Server$LanguageServerImpl lambda$asyncOpenSelectedProjects1$9
INFO: 0 projects opened in 1ms
Apr 09, 2024 7:05:53 PM org.netbeans.modules.java.source.parsing.JavacParser init
WARNING: ClassPath identity changed for C:\Project\github\javavscode\netbeans\java\java.lsp.server\build\test\unit\work\o.n.m.j.l.s.p.S\sal\Test.java@47563825:5e6be917, class path owner: null original sourcePath: C:\Project\github\javavscode\netbeans\java\java.lsp.server\build\test\unit\work\o.n.m.j.l.s.p.S\sal new sourcePath: C:\Project\github\javavscode\netbeans\java\java.lsp.server\build\test\unit\work\o.n.m.j.l.s.p.S\sal
Apr 09, 2024 7:05:53 PM org.netbeans.modules.parsing.impl.indexing.RepositoryUpdater$Work reportIndexingStart
INFO: Indexing started, time from last indexing 10,374 ms.
Apr 09, 2024 7:05:53 PM org.netbeans.modules.parsing.impl.indexing.RepositoryUpdater$RootsWork getDone
INFO: Resolving dependencies took: 0 ms
Apr 09, 2024 7:05:53 PM org.netbeans.modules.parsing.impl.indexing.RepositoryUpdater$AbstractRootsWork scanBinaries
INFO: Complete indexing of 0 binary roots took: 0 ms
Apr 09, 2024 7:05:53 PM org.netbeans.modules.parsing.impl.indexing.RepositoryUpdater$AbstractRootsWork scanSources
INFO: Complete indexing of 0 source roots took: 0 ms (New or modified files: 0, Deleted files: 0) [Adding listeners took: 0 ms]
Apr 09, 2024 7:05:53 PM org.netbeans.modules.parsing.impl.indexing.RepositoryUpdater$Work reportIndexerStatistics
INFO: Indexing finished, indexing took 15 ms.
Apr 09, 2024 7:05:54 PM org.netbeans.modules.java.source.parsing.JavacParser init
WARNING: ClassPath identity changed for C:\Project\github\javavscode\netbeans\java\java.lsp.server\build\test\unit\work\o.n.m.j.l.s.p.S\sh-2\Test.java@2ed17e39:17482c08, class path owner: null original sourcePath: C:\Project\github\javavscode\netbeans\java\java.lsp.server\build\test\unit\work\o.n.m.j.l.s.p.S\sh-2 new sourcePath: C:\Project\github\javavscode\netbeans\java\java.lsp.server\build\test\unit\work\o.n.m.j.l.s.p.S\sh-2
Apr 09, 2024 7:05:54 PM org.netbeans.modules.java.source.parsing.JavacParser init
WARNING: ClassPath identity changed for C:\Project\github\javavscode\netbeans\java\java.lsp.server\build\test\unit\work\o.n.m.j.l.s.p.S\gti\Test.java@ecb318e3:76d7cdb, class path owner: C:\Project\github\javavscode\netbeans\java\java.lsp.server\build\test\unit\work\o.n.m.j.l.s.p.S\gti (class org.netbeans.modules.java.lsp.server.protocol.ServerTest$TestProjectFactory$4) original sourcePath: C:\Project\github\javavscode\netbeans\java\java.lsp.server\build\test\unit\work\o.n.m.j.l.s.p.S\gti new sourcePath: C:\Project\github\javavscode\netbeans\java\java.lsp.server\build\test\unit\work\o.n.m.j.l.s.p.S\gti
Apr 09, 2024 7:05:55 PM org.netbeans.modules.java.source.parsing.JavacParser init
WARNING: ClassPath identity changed for C:\Project\github\javavscode\netbeans\java\java.lsp.server\build\test\unit\work\o.n.m.j.l.s.p.S\gtsi\Test.java@de2af020:12d5292c, class path owner: null original sourcePath: C:\Project\github\javavscode\netbeans\java\java.lsp.server\build\test\unit\work\o.n.m.j.l.s.p.S\gtsi new sourcePath: C:\Project\github\javavscode\netbeans\java\java.lsp.server\build\test\unit\work\o.n.m.j.l.s.p.S\gtsi
Apr 09, 2024 7:05:55 PM org.netbeans.modules.java.source.parsing.JavacParser init
WARNING: ClassPath identity changed for C:\Project\github\javavscode\netbeans\java\java.lsp.server\build\test\unit\work\o.n.m.j.l.s.p.S\cags\Test.java@17b06b29:7f50b290, class path owner: null original sourcePath: C:\Project\github\javavscode\netbeans\java\java.lsp.server\build\test\unit\work\o.n.m.j.l.s.p.S\cags new sourcePath: C:\Project\github\javavscode\netbeans\java\java.lsp.server\build\test\unit\work\o.n.m.j.l.s.p.S\cags
Apr 09, 2024 7:05:56 PM org.netbeans.modules.java.source.parsing.JavacParser init
WARNING: ClassPath identity changed for C:\Project\github\javavscode\netbeans\java\java.lsp.server\build\test\unit\work\o.n.m.j.l.s.p.S\fi\Test.java@bbcf84e0:227203f0, class path owner: C:\Project\github\javavscode\netbeans\java\java.lsp.server\build\test\unit\work\o.n.m.j.l.s.p.S\fi (class org.netbeans.modules.java.lsp.server.protocol.ServerTest$TestProjectFactory$4) original sourcePath: C:\Project\github\javavscode\netbeans\java\java.lsp.server\build\test\unit\work\o.n.m.j.l.s.p.S\fi new sourcePath: C:\Project\github\javavscode\netbeans\java\java.lsp.server\build\test\unit\work\o.n.m.j.l.s.p.S\fi
Apr 09, 2024 7:05:56 PM org.netbeans.modules.java.source.parsing.JavacParser init
WARNING: ClassPath identity changed for C:\Project\github\javavscode\netbeans\java\java.lsp.server\build\test\unit\work\o.n.m.j.l.s.p.S\m\Test.java@d6eadd12:4ca89157, class path owner: null original sourcePath: C:\Project\github\javavscode\netbeans\java\java.lsp.server\build\test\unit\work\o.n.m.j.l.s.p.S\m new sourcePath: C:\Project\github\javavscode\netbeans\java\java.lsp.server\build\test\unit\work\o.n.m.j.l.s.p.S\m
Apr 09, 2024 7:05:57 PM org.netbeans.modules.java.source.parsing.JavacParser init
WARNING: ClassPath identity changed for C:\Project\github\javavscode\netbeans\java\java.lsp.server\build\test\unit\work\o.n.m.j.l.s.p.S\pd\b\Base.java@fdbd3718:b7bf7bf, class path owner: C:\Project\github\javavscode\netbeans\java\java.lsp.server\build\test\unit\work\o.n.m.j.l.s.p.S\pd (class org.netbeans.modules.java.lsp.server.protocol.ServerTest$TestProjectFactory$4) original sourcePath: C:\Project\github\javavscode\netbeans\java\java.lsp.server\build\test\unit\work\o.n.m.j.l.s.p.S\pd new sourcePath: C:\Project\github\javavscode\netbeans\java\java.lsp.server\build\test\unit\work\o.n.m.j.l.s.p.S\pd
Apr 09, 2024 7:05:57 PM org.netbeans.modules.java.source.parsing.JavacParser init
WARNING: ClassPath identity changed for C:\Project\github\javavscode\netbeans\java\java.lsp.server\build\test\unit\work\o.n.m.j.l.s.p.S\sats\Test.java@99966bea:2a3e4e30, class path owner: null original sourcePath: C:\Project\github\javavscode\netbeans\java\java.lsp.server\build\test\unit\work\o.n.m.j.l.s.p.S\sats new sourcePath: C:\Project\github\javavscode\netbeans\java\java.lsp.server\build\test\unit\work\o.n.m.j.l.s.p.S\sats
Apr 09, 2024 7:05:58 PM org.netbeans.modules.java.source.parsing.JavacParser init
WARNING: ClassPath identity changed for C:\Project\github\javavscode\netbeans\java\java.lsp.server\build\test\unit\work\o.n.m.j.l.s.p.S\fu\Test.java@b68767ec:a25e5c1, class path owner: C:\Project\github\javavscode\netbeans\java\java.lsp.server\build\test\unit\work\o.n.m.j.l.s.p.S\fu (class org.netbeans.modules.java.lsp.server.protocol.ServerTest$TestProjectFactory$4) original sourcePath: C:\Project\github\javavscode\netbeans\java\java.lsp.server\build\test\unit\work\o.n.m.j.l.s.p.S\fu new sourcePath: C:\Project\github\javavscode\netbeans\java\java.lsp.server\build\test\unit\work\o.n.m.j.l.s.p.S\fu
Apr 09, 2024 7:05:58 PM org.netbeans.modules.java.source.parsing.JavacParser init
WARNING: ClassPath identity changed for C:\Project\github\javavscode\netbeans\java\java.lsp.server\build\test\unit\work\o.n.m.j.l.s.p.S\dopl\Test2.java@c0e83c48:7b6722cc, class path owner: null original sourcePath: C:\Project\github\javavscode\netbeans\java\java.lsp.server\build\test\unit\work\o.n.m.j.l.s.p.S\dopl new sourcePath: C:\Project\github\javavscode\netbeans\java\java.lsp.server\build\test\unit\work\o.n.m.j.l.s.p.S\dopl
Apr 09, 2024 7:05:59 PM org.netbeans.modules.java.source.parsing.JavacParser init
WARNING: ClassPath identity changed for C:\Project\github\javavscode\netbeans\java\java.lsp.server\build\test\unit\work\o.n.m.j.l.s.p.S\dopl\Test.java@37ba05e4:d8f812b, class path owner: null original sourcePath: C:\Project\github\javavscode\netbeans\java\java.lsp.server\build\test\unit\work\o.n.m.j.l.s.p.S\dopl new sourcePath: C:\Project\github\javavscode\netbeans\java\java.lsp.server\build\test\unit\work\o.n.m.j.l.s.p.S\dopl
Apr 09, 2024 7:05:59 PM org.netbeans.modules.java.source.parsing.JavacParser init
WARNING: ClassPath identity changed for C:\Project\github\javavscode\netbeans\java\java.lsp.server\build\test\unit\work\o.n.m.j.l.s.p.S\h\Test.java@ee925f2f:747f0d70, class path owner: null original sourcePath: C:\Project\github\javavscode\netbeans\java\java.lsp.server\build\test\unit\work\o.n.m.j.l.s.p.S\h new sourcePath: C:\Project\github\javavscode\netbeans\java\java.lsp.server\build\test\unit\work\o.n.m.j.l.s.p.S\h
Apr 09, 2024 7:05:59 PM org.netbeans.modules.java.source.parsing.JavacParser init
WARNING: ClassPath identity changed for C:\Project\github\javavscode\netbeans\java\java.lsp.server\build\test\unit\work\o.n.m.j.l.s.p.S\cagvfop\Test.java@112f0521:3e9d007a, class path owner: null original sourcePath: C:\Project\github\javavscode\netbeans\java\java.lsp.server\build\test\unit\work\o.n.m.j.l.s.p.S\cagvfop new sourcePath: C:\Project\github\javavscode\netbeans\java\java.lsp.server\build\test\unit\work\o.n.m.j.l.s.p.S\cagvfop
Apr 09, 2024 7:06:00 PM org.netbeans.modules.java.source.parsing.JavacParser init
WARNING: ClassPath identity changed for C:\Project\github\javavscode\netbeans\java\java.lsp.server\build\test\unit\work\o.n.m.j.l.s.p.S\cawr\Test.java@fdcab476:ee82eb0, class path owner: null original sourcePath: C:\Project\github\javavscode\netbeans\java\java.lsp.server\build\test\unit\work\o.n.m.j.l.s.p.S\cawr new sourcePath: C:\Project\github\javavscode\netbeans\java\java.lsp.server\build\test\unit\work\o.n.m.j.l.s.p.S\cawr
Apr 09, 2024 7:06:00 PM org.netbeans.modules.java.source.parsing.JavacParser init
WARNING: ClassPath identity changed for C:\Project\github\javavscode\netbeans\java\java.lsp.server\build\test\unit\work\o.n.m.j.l.s.p.S\rdccro\Test.java@87eb52ec:219d62cb, class path owner: C:\Project\github\javavscode\netbeans\java\java.lsp.server\build\test\unit\work\o.n.m.j.l.s.p.S\rdccro (class org.netbeans.modules.java.lsp.server.protocol.ServerTest$TestProjectFactory$4) original sourcePath: C:\Project\github\javavscode\netbeans\java\java.lsp.server\build\test\unit\work\o.n.m.j.l.s.p.S\rdccro new sourcePath: C:\Project\github\javavscode\netbeans\java\java.lsp.server\build\test\unit\work\o.n.m.j.l.s.p.S\rdccro
Apr 09, 2024 7:06:00 PM org.netbeans.modules.java.source.parsing.JavacParser init
WARNING: ClassPath identity changed for C:\Project\github\javavscode\netbeans\java\java.lsp.server\build\test\unit\work\o.n.m.j.l.s.p.S\rdccro\Test2.java@7ad3c640:75bf3a3c, class path owner: C:\Project\github\javavscode\netbeans\java\java.lsp.server\build\test\unit\work\o.n.m.j.l.s.p.S\rdccro (class org.netbeans.modules.java.lsp.server.protocol.ServerTest$TestProjectFactory$4) original sourcePath: C:\Project\github\javavscode\netbeans\java\java.lsp.server\build\test\unit\work\o.n.m.j.l.s.p.S\rdccro new sourcePath: C:\Project\github\javavscode\netbeans\java\java.lsp.server\build\test\unit\work\o.n.m.j.l.s.p.S\rdccro
Apr 09, 2024 7:06:01 PM org.netbeans.modules.java.source.parsing.JavacParser init
WARNING: ClassPath identity changed for C:\Project\github\javavscode\netbeans\java\java.lsp.server\build\test\unit\work\o.n.m.j.l.s.p.S\caiaamiac\Test.java@49cd76ee:7dbf3adb, class path owner: null original sourcePath: C:\Project\github\javavscode\netbeans\java\java.lsp.server\build\test\unit\work\o.n.m.j.l.s.p.S\caiaamiac new sourcePath: C:\Project\github\javavscode\netbeans\java\java.lsp.server\build\test\unit\work\o.n.m.j.l.s.p.S\caiaamiac
Apr 09, 2024 7:06:01 PM org.netbeans.modules.java.source.parsing.JavacParser init
WARNING: ClassPath identity changed for C:\Project\github\javavscode\netbeans\java\java.lsp.server\build\test\unit\work\o.n.m.j.l.s.p.S\neahf\Other.java@483b2a71:121b1ca8, class path owner: null original sourcePath: C:\Project\github\javavscode\netbeans\java\java.lsp.server\build\test\unit\work\o.n.m.j.l.s.p.S\neahf new sourcePath: C:\Project\github\javavscode\netbeans\java\java.lsp.server\build\test\unit\work\o.n.m.j.l.s.p.S\neahf
Apr 09, 2024 7:06:01 PM org.netbeans.modules.java.source.parsing.JavacParser init
WARNING: ClassPath identity changed for AbstractFileObject@285cf39e[java.base/java/lang/String.java], class path owner: null original sourcePath: jar:file:/C:/Project/JDK/jdk-17/lib/src.zip!/java.base/java/lang/ new sourcePath: jar:file:/C:/Project/JDK/jdk-17/lib/src.zip!/java.base/java/lang/
Apr 09, 2024 7:06:01 PM org.netbeans.modules.java.source.parsing.JavacParser init
WARNING: ClassPath identity changed for C:\Project\github\javavscode\netbeans\java\java.lsp.server\build\test\unit\work\o.n.m.j.l.s.p.S\neahf\Test.java@7ff591cf:6c8aa7b1, class path owner: null original sourcePath: C:\Project\github\javavscode\netbeans\java\java.lsp.server\build\test\unit\work\o.n.m.j.l.s.p.S\neahf new sourcePath: C:\Project\github\javavscode\netbeans\java\java.lsp.server\build\test\unit\work\o.n.m.j.l.s.p.S\neahf
Apr 09, 2024 7:06:01 PM org.netbeans.modules.java.source.parsing.JavacParser init
WARNING: ClassPath identity changed for C:\Project\github\javavscode\netbeans\java\java.lsp.server\build\test\unit\work\o.n.m.j.l.s.p.S\sadm\Test.java@a11ced94:7656bf94, class path owner: null original sourcePath: C:\Project\github\javavscode\netbeans\java\java.lsp.server\build\test\unit\work\o.n.m.j.l.s.p.S\sadm new sourcePath: C:\Project\github\javavscode\netbeans\java\java.lsp.server\build\test\unit\work\o.n.m.j.l.s.p.S\sadm
Apr 09, 2024 7:06:02 PM org.netbeans.modules.java.source.parsing.JavacParser init
WARNING: ClassPath identity changed for C:\Project\github\javavscode\netbeans\java\java.lsp.server\build\test\unit\work\o.n.m.j.l.s.p.S\sw\Test.java@4476a843:6abb247, class path owner: null original sourcePath: C:\Project\github\javavscode\netbeans\java\java.lsp.server\build\test\unit\work\o.n.m.j.l.s.p.S\sw new sourcePath: C:\Project\github\javavscode\netbeans\java\java.lsp.server\build\test\unit\work\o.n.m.j.l.s.p.S\sw
Apr 09, 2024 7:06:02 PM org.netbeans.modules.java.source.parsing.JavacParser init
WARNING: ClassPath identity changed for C:\Project\github\javavscode\netbeans\java\java.lsp.server\build\test\unit\work\o.n.m.j.l.s.p.S\cmp\a\Test.java@6758f670:7825634b, class path owner: C:\Project\github\javavscode\netbeans\java\java.lsp.server\build\test\unit\work\o.n.m.j.l.s.p.S\cmp (class org.netbeans.modules.java.lsp.server.protocol.ServerTest$TestProjectFactory$4) original sourcePath: C:\Project\github\javavscode\netbeans\java\java.lsp.server\build\test\unit\work\o.n.m.j.l.s.p.S\cmp new sourcePath: C:\Project\github\javavscode\netbeans\java\java.lsp.server\build\test\unit\work\o.n.m.j.l.s.p.S\cmp
Apr 09, 2024 7:06:02 PM org.netbeans.modules.java.source.parsing.JavacParser init
WARNING: ClassPath identity changed for C:\Project\github\javavscode\netbeans\java\java.lsp.server\build\test\unit\work\o.n.m.j.l.s.p.S\caiaamic\Test.java@6aafb03b:7e10de76, class path owner: null original sourcePath: C:\Project\github\javavscode\netbeans\java\java.lsp.server\build\test\unit\work\o.n.m.j.l.s.p.S\caiaamic new sourcePath: C:\Project\github\javavscode\netbeans\java\java.lsp.server\build\test\unit\work\o.n.m.j.l.s.p.S\caiaamic
Apr 09, 2024 7:06:02 PM org.netbeans.modules.java.source.parsing.JavacParser init
WARNING: ClassPath identity changed for C:\Project\github\javavscode\netbeans\java\java.lsp.server\build\test\unit\work\o.n.m.j.l.s.p.S\caiaamie\Test.java@94941ebd:2994612d, class path owner: null original sourcePath: C:\Project\github\javavscode\netbeans\java\java.lsp.server\build\test\unit\work\o.n.m.j.l.s.p.S\caiaamie new sourcePath: C:\Project\github\javavscode\netbeans\java\java.lsp.server\build\test\unit\work\o.n.m.j.l.s.p.S\caiaamie
Apr 09, 2024 7:06:03 PM org.netbeans.modules.java.source.parsing.JavacParser init
WARNING: ClassPath identity changed for C:\Project\github\javavscode\netbeans\java\java.lsp.server\build\test\unit\work\o.n.m.j.l.s.p.S\saoi\Test.java@a20f5d87:3d87818, class path owner: null original sourcePath: C:\Project\github\javavscode\netbeans\java\java.lsp.server\build\test\unit\work\o.n.m.j.l.s.p.S\saoi new sourcePath: C:\Project\github\javavscode\netbeans\java\java.lsp.server\build\test\unit\work\o.n.m.j.l.s.p.S\saoi
Apr 09, 2024 7:06:03 PM org.netbeans.modules.java.source.parsing.JavacParser init
WARNING: ClassPath identity changed for C:\Project\github\javavscode\netbeans\java\java.lsp.server\build\test\unit\work\o.n.m.j.l.s.p.S\es\a\Test.java@d3cccff0:6cb3c558, class path owner: C:\Project\github\javavscode\netbeans\java\java.lsp.server\build\test\unit\work\o.n.m.j.l.s.p.S\es (class org.netbeans.modules.java.lsp.server.protocol.ServerTest$TestProjectFactory$4) original sourcePath: C:\Project\github\javavscode\netbeans\java\java.lsp.server\build\test\unit\work\o.n.m.j.l.s.p.S\es new sourcePath: C:\Project\github\javavscode\netbeans\java\java.lsp.server\build\test\unit\work\o.n.m.j.l.s.p.S\es
Apr 09, 2024 7:06:03 PM org.netbeans.modules.java.source.parsing.JavacParser init
WARNING: ClassPath identity changed for C:\Project\github\javavscode\netbeans\java\java.lsp.server\build\test\unit\work\o.n.m.j.l.s.p.S\mo\Test.java@6f07d201:7ad9de9e, class path owner: null original sourcePath: C:\Project\github\javavscode\netbeans\java\java.lsp.server\build\test\unit\work\o.n.m.j.l.s.p.S\mo new sourcePath: C:\Project\github\javavscode\netbeans\java\java.lsp.server\build\test\unit\work\o.n.m.j.l.s.p.S\mo
Apr 09, 2024 7:06:03 PM org.netbeans.modules.java.source.parsing.JavacParser init
WARNING: ClassPath identity changed for C:\Project\github\javavscode\netbeans\java\java.lsp.server\build\test\unit\work\o.n.m.j.l.s.p.S\cagc\Test.java@c9454739:10982a93, class path owner: null original sourcePath: C:\Project\github\javavscode\netbeans\java\java.lsp.server\build\test\unit\work\o.n.m.j.l.s.p.S\cagc new sourcePath: C:\Project\github\javavscode\netbeans\java\java.lsp.server\build\test\unit\work\o.n.m.j.l.s.p.S\cagc
Apr 09, 2024 7:06:03 PM org.netbeans.modules.java.source.parsing.JavacParser init
WARNING: ClassPath identity changed for C:\Project\github\javavscode\netbeans\java\java.lsp.server\build\test\unit\work\o.n.m.j.l.s.p.S\saehc\Test.java@b505e779:54eec211, class path owner: null original sourcePath: C:\Project\github\javavscode\netbeans\java\java.lsp.server\build\test\unit\work\o.n.m.j.l.s.p.S\saehc new sourcePath: C:\Project\github\javavscode\netbeans\java\java.lsp.server\build\test\unit\work\o.n.m.j.l.s.p.S\saehc
Apr 09, 2024 7:06:04 PM org.netbeans.modules.java.source.parsing.JavacParser init
WARNING: ClassPath identity changed for C:\Project\github\javavscode\netbeans\java\java.lsp.server\build\test\unit\work\o.n.m.j.l.s.p.S\gttd\Test.java@fd6098da:1bce18d0, class path owner: C:\Project\github\javavscode\netbeans\java\java.lsp.server\build\test\unit\work\o.n.m.j.l.s.p.S\gttd (class org.netbeans.modules.java.lsp.server.protocol.ServerTest$TestProjectFactory$4) original sourcePath: C:\Project\github\javavscode\netbeans\java\java.lsp.server\build\test\unit\work\o.n.m.j.l.s.p.S\gttd new sourcePath: C:\Project\github\javavscode\netbeans\java\java.lsp.server\build\test\unit\work\o.n.m.j.l.s.p.S\gttd
Apr 09, 2024 7:06:04 PM org.netbeans.modules.java.source.parsing.JavacParser init
WARNING: ClassPath identity changed for C:\Project\github\javavscode\netbeans\java\java.lsp.server\build\test\unit\work\o.n.m.j.l.s.p.S\ac\Test.java@181a3381:56a1cd94, class path owner: C:\Project\github\javavscode\netbeans\java\java.lsp.server\build\test\unit\work\o.n.m.j.l.s.p.S\ac (class org.netbeans.modules.java.lsp.server.protocol.ServerTest$TestProjectFactory$4) original sourcePath: C:\Project\github\javavscode\netbeans\java\java.lsp.server\build\test\unit\work\o.n.m.j.l.s.p.S\ac new sourcePath: C:\Project\github\javavscode\netbeans\java\java.lsp.server\build\test\unit\work\o.n.m.j.l.s.p.S\ac
Apr 09, 2024 7:06:04 PM org.netbeans.modules.java.source.parsing.JavacParser init
WARNING: ClassPath identity changed for C:\Project\github\javavscode\netbeans\java\java.lsp.server\build\test\unit\work\o.n.m.j.l.s.p.S\sal\Test.java@47563825:5e6be917, class path owner: null original sourcePath: C:\Project\github\javavscode\netbeans\java\java.lsp.server\build\test\unit\work\o.n.m.j.l.s.p.S\sal new sourcePath: C:\Project\github\javavscode\netbeans\java\java.lsp.server\build\test\unit\work\o.n.m.j.l.s.p.S\sal
Creating a client for testcase: testCodeActionGenerateClass
Apr 09, 2024 7:06:09 PM org.netbeans.modules.java.lsp.server.protocol.Server$LanguageServerImpl lambda$asyncOpenSelectedProjects1$9
INFO: 0 projects opened in 17ms
Creating a client for testcase: testCodeActionGenerateMethod
Apr 09, 2024 7:06:11 PM org.netbeans.modules.java.lsp.server.protocol.Server$LanguageServerImpl lambda$asyncOpenSelectedProjects1$9
INFO: 0 projects opened in 0ms
Creating a client for testcase: testAutoImportOnCompletion
Apr 09, 2024 7:06:12 PM org.netbeans.modules.project.ui.OpenProjectList log
INFO: USG_PROJECT_OPEN
Apr 09, 2024 7:06:12 PM org.netbeans.modules.java.lsp.server.protocol.Server$LanguageServerImpl lambda$asyncOpenSelectedProjects1$9
INFO: 1 projects opened in 5ms
Apr 09, 2024 7:06:12 PM org.netbeans.modules.java.source.parsing.JavacParser init
WARNING: ClassPath identity changed for C:\Project\github\javavscode\netbeans\java\java.lsp.server\build\test\unit\work\o.n.m.j.l.s.p.S\cagm\Test.java@9a545ba3:3abf291d, class path owner: null original sourcePath: C:\Project\github\javavscode\netbeans\java\java.lsp.server\build\test\unit\work\o.n.m.j.l.s.p.S\cagm new sourcePath: C:\Project\github\javavscode\netbeans\java\java.lsp.server\build\test\unit\work\o.n.m.j.l.s.p.S\cagm
Apr 09, 2024 7:06:12 PM org.netbeans.modules.parsing.impl.indexing.RepositoryUpdater$Work reportIndexingStart
INFO: Indexing started, time from last indexing 18,833 ms.
Apr 09, 2024 7:06:13 PM org.netbeans.modules.parsing.impl.indexing.RepositoryUpdater$RootsWork getDone
INFO: Resolving dependencies took: 447 ms
Apr 09, 2024 7:06:14 PM org.netbeans.modules.parsing.impl.indexing.RepositoryUpdater$AbstractRootsWork scanBinaries
INFO: Complete indexing of 71 binary roots took: 993 ms
Apr 09, 2024 7:06:15 PM org.netbeans.modules.parsing.impl.indexing.RepositoryUpdater$AbstractRootsWork scanSources
INFO: Indexing of: C:\Project\github\javavscode\netbeans\java\java.lsp.server\build\test\unit\work\o.n.m.j.l.s.p.S\aioc took: 981 ms (New or modified files: 2, Deleted files: 0) [Adding listeners took: 0 ms]
Apr 09, 2024 7:06:15 PM org.netbeans.modules.parsing.impl.indexing.RepositoryUpdater$AbstractRootsWork scanSources
INFO: Complete indexing of 1 source roots took: 981 ms (New or modified files: 2, Deleted files: 0) [Adding listeners took: 0 ms]
Apr 09, 2024 7:06:15 PM org.netbeans.modules.parsing.impl.indexing.RepositoryUpdater$Work reportIndexerStatistics
INFO: Indexing finished, indexing took 2,422 ms.
Apr 09, 2024 7:06:15 PM org.netbeans.modules.java.source.parsing.JavacParser init
WARNING: ClassPath identity changed for C:\Project\github\javavscode\netbeans\java\java.lsp.server\build\test\unit\work\o.n.m.j.l.s.p.S\aioc\Test.java@b7538bfb:38faa7c9, class path owner: C:\Project\github\javavscode\netbeans\java\java.lsp.server\build\test\unit\work\o.n.m.j.l.s.p.S\aioc (class org.netbeans.modules.java.lsp.server.protocol.ServerTest$TestProjectFactory$4) original sourcePath: C:\Project\github\javavscode\netbeans\java\java.lsp.server\build\test\unit\work\o.n.m.j.l.s.p.S\aioc new sourcePath: C:\Project\github\javavscode\netbeans\java\java.lsp.server\build\test\unit\work\o.n.m.j.l.s.p.S\aioc
Apr 09, 2024 7:06:15 PM org.netbeans.modules.parsing.impl.indexing.RepositoryUpdater$Work reportIndexingStart
INFO: Indexing started, time from last indexing 317 ms.
Apr 09, 2024 7:06:15 PM org.netbeans.modules.java.source.parsing.JavacParser init
WARNING: ClassPath identity changed for C:\Project\github\javavscode\netbeans\java\java.lsp.server\build\test\unit\work\o.n.m.j.l.s.p.S\aioc\Test.java@b7538bfb:38faa7c9, class path owner: C:\Project\github\javavscode\netbeans\java\java.lsp.server\build\test\unit\work\o.n.m.j.l.s.p.S\aioc (class org.netbeans.modules.java.lsp.server.protocol.ServerTest$TestProjectFactory$4) original sourcePath: C:\Project\github\javavscode\netbeans\java\java.lsp.server\build\test\unit\work\o.n.m.j.l.s.p.S\aioc new sourcePath: C:\Project\github\javavscode\netbeans\java\java.lsp.server\build\test\unit\work\o.n.m.j.l.s.p.S\aioc
Apr 09, 2024 7:06:16 PM org.netbeans.modules.java.source.parsing.JavacParser init
WARNING: ClassPath identity changed for C:\Project\github\javavscode\netbeans\java\java.lsp.server\build\test\unit\work\o.n.m.j.l.s.p.S\mo\Test.java@6f07d201:7ad9de9e, class path owner: null original sourcePath: C:\Project\github\javavscode\netbeans\java\java.lsp.server\build\test\unit\work\o.n.m.j.l.s.p.S\mo new sourcePath: C:\Project\github\javavscode\netbeans\java\java.lsp.server\build\test\unit\work\o.n.m.j.l.s.p.S\mo
Apr 09, 2024 7:06:17 PM org.netbeans.modules.java.source.parsing.JavacParser init
WARNING: ClassPath identity changed for C:\Project\github\javavscode\netbeans\java\java.lsp.server\build\test\unit\work\o.n.m.j.l.s.p.S\cagc\Test.java@c9454739:10982a93, class path owner: null original sourcePath: C:\Project\github\javavscode\netbeans\java\java.lsp.server\build\test\unit\work\o.n.m.j.l.s.p.S\cagc new sourcePath: C:\Project\github\javavscode\netbeans\java\java.lsp.server\build\test\unit\work\o.n.m.j.l.s.p.S\cagc
Apr 09, 2024 7:06:17 PM org.netbeans.modules.java.source.parsing.JavacParser init
WARNING: ClassPath identity changed for C:\Project\github\javavscode\netbeans\java\java.lsp.server\build\test\unit\work\o.n.m.j.l.s.p.S\ac\Test.java@181a3381:56a1cd94, class path owner: C:\Project\github\javavscode\netbeans\java\java.lsp.server\build\test\unit\work\o.n.m.j.l.s.p.S\ac (class org.netbeans.modules.java.lsp.server.protocol.ServerTest$TestProjectFactory$4) original sourcePath: C:\Project\github\javavscode\netbeans\java\java.lsp.server\build\test\unit\work\o.n.m.j.l.s.p.S\ac new sourcePath: C:\Project\github\javavscode\netbeans\java\java.lsp.server\build\test\unit\work\o.n.m.j.l.s.p.S\ac
Apr 09, 2024 7:06:18 PM org.netbeans.modules.java.source.parsing.JavacParser init
WARNING: ClassPath identity changed for C:\Project\github\javavscode\netbeans\java\java.lsp.server\build\test\unit\work\o.n.m.j.l.s.p.S\gttd\Test.java@fd6098da:1bce18d0, class path owner: C:\Project\github\javavscode\netbeans\java\java.lsp.server\build\test\unit\work\o.n.m.j.l.s.p.S\gttd (class org.netbeans.modules.java.lsp.server.protocol.ServerTest$TestProjectFactory$4) original sourcePath: C:\Project\github\javavscode\netbeans\java\java.lsp.server\build\test\unit\work\o.n.m.j.l.s.p.S\gttd new sourcePath: C:\Project\github\javavscode\netbeans\java\java.lsp.server\build\test\unit\work\o.n.m.j.l.s.p.S\gttd
Apr 09, 2024 7:06:18 PM org.netbeans.modules.java.source.parsing.JavacParser init
WARNING: ClassPath identity changed for C:\Project\github\javavscode\netbeans\java\java.lsp.server\build\test\unit\work\o.n.m.j.l.s.p.S\sal\Test.java@47563825:5e6be917, class path owner: null original sourcePath: C:\Project\github\javavscode\netbeans\java\java.lsp.server\build\test\unit\work\o.n.m.j.l.s.p.S\sal new sourcePath: C:\Project\github\javavscode\netbeans\java\java.lsp.server\build\test\unit\work\o.n.m.j.l.s.p.S\sal
Apr 09, 2024 7:06:19 PM org.netbeans.modules.java.source.parsing.JavacParser init
WARNING: ClassPath identity changed for C:\Project\github\javavscode\netbeans\java\java.lsp.server\build\test\unit\work\o.n.m.j.l.s.p.S\sh-2\Test.java@2ed17e39:17482c08, class path owner: null original sourcePath: C:\Project\github\javavscode\netbeans\java\java.lsp.server\build\test\unit\work\o.n.m.j.l.s.p.S\sh-2 new sourcePath: C:\Project\github\javavscode\netbeans\java\java.lsp.server\build\test\unit\work\o.n.m.j.l.s.p.S\sh-2
Apr 09, 2024 7:06:19 PM org.netbeans.modules.java.source.parsing.JavacParser init
WARNING: ClassPath identity changed for C:\Project\github\javavscode\netbeans\java\java.lsp.server\build\test\unit\work\o.n.m.j.l.s.p.S\m\Test.java@d6eadd12:4ca89157, class path owner: null original sourcePath: C:\Project\github\javavscode\netbeans\java\java.lsp.server\build\test\unit\work\o.n.m.j.l.s.p.S\m new sourcePath: C:\Project\github\javavscode\netbeans\java\java.lsp.server\build\test\unit\work\o.n.m.j.l.s.p.S\m
Apr 09, 2024 7:06:21 PM org.netbeans.modules.java.source.parsing.JavacParser init
WARNING: ClassPath identity changed for C:\Project\github\javavscode\netbeans\java\java.lsp.server\build\test\unit\work\o.n.m.j.l.s.p.S\sats\Test.java@99966bea:2a3e4e30, class path owner: null original sourcePath: C:\Project\github\javavscode\netbeans\java\java.lsp.server\build\test\unit\work\o.n.m.j.l.s.p.S\sats new sourcePath: C:\Project\github\javavscode\netbeans\java\java.lsp.server\build\test\unit\work\o.n.m.j.l.s.p.S\sats
Apr 09, 2024 7:06:22 PM org.netbeans.modules.java.source.parsing.JavacParser init
WARNING: ClassPath identity changed for C:\Project\github\javavscode\netbeans\java\java.lsp.server\build\test\unit\work\o.n.m.j.l.s.p.S\cagc-1\Test.java@a81f445d:193654e9, class path owner: null original sourcePath: C:\Project\github\javavscode\netbeans\java\java.lsp.server\build\test\unit\work\o.n.m.j.l.s.p.S\cagc-1 new sourcePath: C:\Project\github\javavscode\netbeans\java\java.lsp.server\build\test\unit\work\o.n.m.j.l.s.p.S\cagc-1
Apr 09, 2024 7:06:23 PM org.netbeans.modules.java.source.parsing.JavacParser init
WARNING: ClassPath identity changed for C:\Project\github\javavscode\netbeans\java\java.lsp.server\build\test\unit\work\o.n.m.j.l.s.p.S\rdccro\Test.java@87eb52ec:219d62cb, class path owner: C:\Project\github\javavscode\netbeans\java\java.lsp.server\build\test\unit\work\o.n.m.j.l.s.p.S\rdccro (class org.netbeans.modules.java.lsp.server.protocol.ServerTest$TestProjectFactory$4) original sourcePath: C:\Project\github\javavscode\netbeans\java\java.lsp.server\build\test\unit\work\o.n.m.j.l.s.p.S\rdccro new sourcePath: C:\Project\github\javavscode\netbeans\java\java.lsp.server\build\test\unit\work\o.n.m.j.l.s.p.S\rdccro
Apr 09, 2024 7:06:23 PM org.netbeans.modules.java.source.parsing.JavacParser init
WARNING: ClassPath identity changed for C:\Project\github\javavscode\netbeans\java\java.lsp.server\build\test\unit\work\o.n.m.j.l.s.p.S\rdccro\Test2.java@7ad3c640:75bf3a3c, class path owner: C:\Project\github\javavscode\netbeans\java\java.lsp.server\build\test\unit\work\o.n.m.j.l.s.p.S\rdccro (class org.netbeans.modules.java.lsp.server.protocol.ServerTest$TestProjectFactory$4) original sourcePath: C:\Project\github\javavscode\netbeans\java\java.lsp.server\build\test\unit\work\o.n.m.j.l.s.p.S\rdccro new sourcePath: C:\Project\github\javavscode\netbeans\java\java.lsp.server\build\test\unit\work\o.n.m.j.l.s.p.S\rdccro
Apr 09, 2024 7:06:23 PM org.netbeans.modules.java.source.parsing.JavacParser init
WARNING: ClassPath identity changed for C:\Project\github\javavscode\netbeans\java\java.lsp.server\build\test\unit\work\o.n.m.j.l.s.p.S\sadm\Test.java@a11ced94:7656bf94, class path owner: null original sourcePath: C:\Project\github\javavscode\netbeans\java\java.lsp.server\build\test\unit\work\o.n.m.j.l.s.p.S\sadm new sourcePath: C:\Project\github\javavscode\netbeans\java\java.lsp.server\build\test\unit\work\o.n.m.j.l.s.p.S\sadm
Apr 09, 2024 7:06:24 PM org.netbeans.modules.java.source.parsing.JavacParser init
WARNING: ClassPath identity changed for C:\Project\github\javavscode\netbeans\java\java.lsp.server\build\test\unit\work\o.n.m.j.l.s.p.S\cmp\a\Test.java@6758f670:7825634b, class path owner: C:\Project\github\javavscode\netbeans\java\java.lsp.server\build\test\unit\work\o.n.m.j.l.s.p.S\cmp (class org.netbeans.modules.java.lsp.server.protocol.ServerTest$TestProjectFactory$4) original sourcePath: C:\Project\github\javavscode\netbeans\java\java.lsp.server\build\test\unit\work\o.n.m.j.l.s.p.S\cmp new sourcePath: C:\Project\github\javavscode\netbeans\java\java.lsp.server\build\test\unit\work\o.n.m.j.l.s.p.S\cmp
Apr 09, 2024 7:06:24 PM org.netbeans.modules.java.source.parsing.JavacParser init
WARNING: ClassPath identity changed for C:\Project\github\javavscode\netbeans\java\java.lsp.server\build\test\unit\work\o.n.m.j.l.s.p.S\caiaamic\Test.java@6aafb03b:7e10de76, class path owner: null original sourcePath: C:\Project\github\javavscode\netbeans\java\java.lsp.server\build\test\unit\work\o.n.m.j.l.s.p.S\caiaamic new sourcePath: C:\Project\github\javavscode\netbeans\java\java.lsp.server\build\test\unit\work\o.n.m.j.l.s.p.S\caiaamic
Apr 09, 2024 7:06:24 PM org.netbeans.modules.java.source.parsing.JavacParser init
WARNING: ClassPath identity changed for C:\Project\github\javavscode\netbeans\java\java.lsp.server\build\test\unit\work\o.n.m.j.l.s.p.S\caiaamie\Test.java@94941ebd:2994612d, class path owner: null original sourcePath: C:\Project\github\javavscode\netbeans\java\java.lsp.server\build\test\unit\work\o.n.m.j.l.s.p.S\caiaamie new sourcePath: C:\Project\github\javavscode\netbeans\java\java.lsp.server\build\test\unit\work\o.n.m.j.l.s.p.S\caiaamie
Apr 09, 2024 7:06:24 PM org.netbeans.modules.java.source.parsing.JavacParser init
WARNING: ClassPath identity changed for C:\Project\github\javavscode\netbeans\java\java.lsp.server\build\test\unit\work\o.n.m.j.l.s.p.S\es\a\Test.java@d3cccff0:6cb3c558, class path owner: C:\Project\github\javavscode\netbeans\java\java.lsp.server\build\test\unit\work\o.n.m.j.l.s.p.S\es (class org.netbeans.modules.java.lsp.server.protocol.ServerTest$TestProjectFactory$4) original sourcePath: C:\Project\github\javavscode\netbeans\java\java.lsp.server\build\test\unit\work\o.n.m.j.l.s.p.S\es new sourcePath: C:\Project\github\javavscode\netbeans\java\java.lsp.server\build\test\unit\work\o.n.m.j.l.s.p.S\es
Apr 09, 2024 7:06:25 PM org.netbeans.modules.java.source.parsing.JavacParser init
WARNING: ClassPath identity changed for C:\Project\github\javavscode\netbeans\java\java.lsp.server\build\test\unit\work\o.n.m.j.l.s.p.S\saehc\Test.java@b505e779:54eec211, class path owner: null original sourcePath: C:\Project\github\javavscode\netbeans\java\java.lsp.server\build\test\unit\work\o.n.m.j.l.s.p.S\saehc new sourcePath: C:\Project\github\javavscode\netbeans\java\java.lsp.server\build\test\unit\work\o.n.m.j.l.s.p.S\saehc
Apr 09, 2024 7:06:25 PM org.netbeans.modules.java.source.parsing.JavacParser init
WARNING: ClassPath identity changed for C:\Project\github\javavscode\netbeans\java\java.lsp.server\build\test\unit\work\o.n.m.j.l.s.p.S\gti\Test.java@ecb318e3:76d7cdb, class path owner: C:\Project\github\javavscode\netbeans\java\java.lsp.server\build\test\unit\work\o.n.m.j.l.s.p.S\gti (class org.netbeans.modules.java.lsp.server.protocol.ServerTest$TestProjectFactory$4) original sourcePath: C:\Project\github\javavscode\netbeans\java\java.lsp.server\build\test\unit\work\o.n.m.j.l.s.p.S\gti new sourcePath: C:\Project\github\javavscode\netbeans\java\java.lsp.server\build\test\unit\work\o.n.m.j.l.s.p.S\gti
Apr 09, 2024 7:06:25 PM org.netbeans.modules.project.ui.OpenProjectList log
INFO: USG_PROJECT_CLOSE
Creating a client for testcase: testRenameDocumentChangesCapabilitiesNoRenameOp
Apr 09, 2024 7:06:25 PM org.netbeans.modules.project.ui.OpenProjectList log
INFO: USG_PROJECT_OPEN
Apr 09, 2024 7:06:25 PM org.netbeans.modules.java.lsp.server.protocol.Server$LanguageServerImpl lambda$asyncOpenSelectedProjects1$9
INFO: 1 projects opened in 7ms
Apr 09, 2024 7:06:25 PM org.netbeans.modules.java.source.parsing.JavacParser init
WARNING: ClassPath identity changed for C:\Project\github\javavscode\netbeans\java\java.lsp.server\build\test\unit\work\o.n.m.j.l.s.p.S\gtsi\Test.java@de2af020:12d5292c, class path owner: null original sourcePath: C:\Project\github\javavscode\netbeans\java\java.lsp.server\build\test\unit\work\o.n.m.j.l.s.p.S\gtsi new sourcePath: C:\Project\github\javavscode\netbeans\java\java.lsp.server\build\test\unit\work\o.n.m.j.l.s.p.S\gtsi
Apr 09, 2024 7:06:26 PM org.netbeans.modules.java.source.parsing.JavacParser init
WARNING: ClassPath identity changed for C:\Project\github\javavscode\netbeans\java\java.lsp.server\build\test\unit\work\o.n.m.j.l.s.p.S\caif\Test.java@977a2038:5b71571c, class path owner: null original sourcePath: C:\Project\github\javavscode\netbeans\java\java.lsp.server\build\test\unit\work\o.n.m.j.l.s.p.S\caif new sourcePath: C:\Project\github\javavscode\netbeans\java\java.lsp.server\build\test\unit\work\o.n.m.j.l.s.p.S\caif
Apr 09, 2024 7:06:26 PM org.netbeans.modules.java.source.indexing.JavaCustomIndexer index
WARNING: Ignoring root with no ClassPath: C:\Project\github\javavscode\netbeans\java\java.lsp.server\build\test\unit\work\o.n.m.j.l.s.p.S\caim
Apr 09, 2024 7:06:27 PM org.netbeans.modules.java.source.parsing.JavacParser init
WARNING: ClassPath identity changed for C:\Project\github\javavscode\netbeans\java\java.lsp.server\build\test\unit\work\o.n.m.j.l.s.p.S\cags\Test.java@17b06b29:7f50b290, class path owner: null original sourcePath: C:\Project\github\javavscode\netbeans\java\java.lsp.server\build\test\unit\work\o.n.m.j.l.s.p.S\cags new sourcePath: C:\Project\github\javavscode\netbeans\java\java.lsp.server\build\test\unit\work\o.n.m.j.l.s.p.S\cags
Apr 09, 2024 7:06:27 PM org.netbeans.modules.java.source.parsing.JavacParser init
WARNING: ClassPath identity changed for C:\Project\github\javavscode\netbeans\java\java.lsp.server\build\test\unit\work\o.n.m.j.l.s.p.S\fi\Test.java@bbcf84e0:227203f0, class path owner: C:\Project\github\javavscode\netbeans\java\java.lsp.server\build\test\unit\work\o.n.m.j.l.s.p.S\fi (class org.netbeans.modules.java.lsp.server.protocol.ServerTest$TestProjectFactory$4) original sourcePath: C:\Project\github\javavscode\netbeans\java\java.lsp.server\build\test\unit\work\o.n.m.j.l.s.p.S\fi new sourcePath: C:\Project\github\javavscode\netbeans\java\java.lsp.server\build\test\unit\work\o.n.m.j.l.s.p.S\fi
Apr 09, 2024 7:06:27 PM org.netbeans.modules.java.source.parsing.JavacParser init
WARNING: ClassPath identity changed for C:\Project\github\javavscode\netbeans\java\java.lsp.server\build\test\unit\work\o.n.m.j.l.s.p.S\caim\Test.java@a9bb0d61:20125b49, class path owner: null original sourcePath: C:\Project\github\javavscode\netbeans\java\java.lsp.server\build\test\unit\work\o.n.m.j.l.s.p.S\caim new sourcePath: C:\Project\github\javavscode\netbeans\java\java.lsp.server\build\test\unit\work\o.n.m.j.l.s.p.S\caim
Apr 09, 2024 7:06:28 PM org.netbeans.modules.java.source.parsing.JavacParser init
WARNING: ClassPath identity changed for C:\Project\github\javavscode\netbeans\java\java.lsp.server\build\test\unit\work\o.n.m.j.l.s.p.S\pd\b\Base.java@fdbd3718:b7bf7bf, class path owner: C:\Project\github\javavscode\netbeans\java\java.lsp.server\build\test\unit\work\o.n.m.j.l.s.p.S\pd (class org.netbeans.modules.java.lsp.server.protocol.ServerTest$TestProjectFactory$4) original sourcePath: C:\Project\github\javavscode\netbeans\java\java.lsp.server\build\test\unit\work\o.n.m.j.l.s.p.S\pd new sourcePath: C:\Project\github\javavscode\netbeans\java\java.lsp.server\build\test\unit\work\o.n.m.j.l.s.p.S\pd
Apr 09, 2024 7:06:28 PM org.netbeans.modules.java.source.parsing.JavacParser init
WARNING: ClassPath identity changed for C:\Project\github\javavscode\netbeans\java\java.lsp.server\build\test\unit\work\o.n.m.j.l.s.p.S\fu\Test.java@b68767ec:a25e5c1, class path owner: C:\Project\github\javavscode\netbeans\java\java.lsp.server\build\test\unit\work\o.n.m.j.l.s.p.S\fu (class org.netbeans.modules.java.lsp.server.protocol.ServerTest$TestProjectFactory$4) original sourcePath: C:\Project\github\javavscode\netbeans\java\java.lsp.server\build\test\unit\work\o.n.m.j.l.s.p.S\fu new sourcePath: C:\Project\github\javavscode\netbeans\java\java.lsp.server\build\test\unit\work\o.n.m.j.l.s.p.S\fu
Apr 09, 2024 7:06:28 PM org.netbeans.modules.java.source.parsing.JavacParser init
WARNING: ClassPath identity changed for C:\Project\github\javavscode\netbeans\java\java.lsp.server\build\test\unit\work\o.n.m.j.l.s.p.S\h\Test.java@ee925f2f:747f0d70, class path owner: null original sourcePath: C:\Project\github\javavscode\netbeans\java\java.lsp.server\build\test\unit\work\o.n.m.j.l.s.p.S\h new sourcePath: C:\Project\github\javavscode\netbeans\java\java.lsp.server\build\test\unit\work\o.n.m.j.l.s.p.S\h
Apr 09, 2024 7:06:28 PM org.netbeans.modules.parsing.impl.indexing.RepositoryUpdater$Work reportIndexerStatistics
INFO: Indexing finished, indexing took 13,408 ms.
Apr 09, 2024 7:06:28 PM org.netbeans.modules.parsing.impl.indexing.RepositoryUpdater$Work reportIndexingStart
INFO: Indexing started, time from last indexing 2 ms.
Apr 09, 2024 7:06:29 PM org.netbeans.modules.java.source.parsing.JavacParser init
WARNING: ClassPath identity changed for C:\Project\github\javavscode\netbeans\java\java.lsp.server\build\test\unit\work\o.n.m.j.l.s.p.S\mo\Test.java@6f07d201:7ad9de9e, class path owner: null original sourcePath: C:\Project\github\javavscode\netbeans\java\java.lsp.server\build\test\unit\work\o.n.m.j.l.s.p.S\mo new sourcePath: C:\Project\github\javavscode\netbeans\java\java.lsp.server\build\test\unit\work\o.n.m.j.l.s.p.S\mo
Apr 09, 2024 7:06:29 PM org.netbeans.modules.java.source.parsing.JavacParser init
WARNING: ClassPath identity changed for C:\Project\github\javavscode\netbeans\java\java.lsp.server\build\test\unit\work\o.n.m.j.l.s.p.S\caiv\Test.java@e5a6f428:2fdd4c9b, class path owner: null original sourcePath: C:\Project\github\javavscode\netbeans\java\java.lsp.server\build\test\unit\work\o.n.m.j.l.s.p.S\caiv new sourcePath: C:\Project\github\javavscode\netbeans\java\java.lsp.server\build\test\unit\work\o.n.m.j.l.s.p.S\caiv
Apr 09, 2024 7:06:30 PM org.netbeans.modules.java.source.parsing.JavacParser init
WARNING: ClassPath identity changed for C:\Project\github\javavscode\netbeans\java\java.lsp.server\build\test\unit\work\o.n.m.j.l.s.p.S\cagc\Test.java@c9454739:10982a93, class path owner: null original sourcePath: C:\Project\github\javavscode\netbeans\java\java.lsp.server\build\test\unit\work\o.n.m.j.l.s.p.S\cagc new sourcePath: C:\Project\github\javavscode\netbeans\java\java.lsp.server\build\test\unit\work\o.n.m.j.l.s.p.S\cagc
Apr 09, 2024 7:06:30 PM org.netbeans.modules.java.source.parsing.JavacParser init
WARNING: ClassPath identity changed for C:\Project\github\javavscode\netbeans\java\java.lsp.server\build\test\unit\work\o.n.m.j.l.s.p.S\ac\Test.java@181a3381:56a1cd94, class path owner: C:\Project\github\javavscode\netbeans\java\java.lsp.server\build\test\unit\work\o.n.m.j.l.s.p.S\ac (class org.netbeans.modules.java.lsp.server.protocol.ServerTest$TestProjectFactory$4) original sourcePath: C:\Project\github\javavscode\netbeans\java\java.lsp.server\build\test\unit\work\o.n.m.j.l.s.p.S\ac new sourcePath: C:\Project\github\javavscode\netbeans\java\java.lsp.server\build\test\unit\work\o.n.m.j.l.s.p.S\ac
Apr 09, 2024 7:06:30 PM org.netbeans.modules.java.source.parsing.JavacParser init
WARNING: ClassPath identity changed for C:\Project\github\javavscode\netbeans\java\java.lsp.server\build\test\unit\work\o.n.m.j.l.s.p.S\gttd\Test.java@fd6098da:1bce18d0, class path owner: C:\Project\github\javavscode\netbeans\java\java.lsp.server\build\test\unit\work\o.n.m.j.l.s.p.S\gttd (class org.netbeans.modules.java.lsp.server.protocol.ServerTest$TestProjectFactory$4) original sourcePath: C:\Project\github\javavscode\netbeans\java\java.lsp.server\build\test\unit\work\o.n.m.j.l.s.p.S\gttd new sourcePath: C:\Project\github\javavscode\netbeans\java\java.lsp.server\build\test\unit\work\o.n.m.j.l.s.p.S\gttd
Apr 09, 2024 7:06:30 PM org.netbeans.modules.java.source.indexing.JavaCustomIndexer index
WARNING: Ignoring root with no ClassPath: C:\Project\github\javavscode\netbeans\java\java.lsp.server\build\test\unit\work\o.n.m.j.l.s.p.S\cagc-1
Apr 09, 2024 7:06:30 PM org.netbeans.modules.java.source.parsing.JavacParser init
WARNING: ClassPath identity changed for C:\Project\github\javavscode\netbeans\java\java.lsp.server\build\test\unit\work\o.n.m.j.l.s.p.S\sal\Test.java@47563825:5e6be917, class path owner: null original sourcePath: C:\Project\github\javavscode\netbeans\java\java.lsp.server\build\test\unit\work\o.n.m.j.l.s.p.S\sal new sourcePath: C:\Project\github\javavscode\netbeans\java\java.lsp.server\build\test\unit\work\o.n.m.j.l.s.p.S\sal
Apr 09, 2024 7:06:31 PM org.netbeans.modules.java.source.parsing.JavacParser init
WARNING: ClassPath identity changed for C:\Project\github\javavscode\netbeans\java\java.lsp.server\build\test\unit\work\o.n.m.j.l.s.p.S\sh-2\Test.java@2ed17e39:17482c08, class path owner: null original sourcePath: C:\Project\github\javavscode\netbeans\java\java.lsp.server\build\test\unit\work\o.n.m.j.l.s.p.S\sh-2 new sourcePath: C:\Project\github\javavscode\netbeans\java\java.lsp.server\build\test\unit\work\o.n.m.j.l.s.p.S\sh-2
Apr 09, 2024 7:06:31 PM org.netbeans.modules.java.source.parsing.JavacParser init
WARNING: ClassPath identity changed for C:\Project\github\javavscode\netbeans\java\java.lsp.server\build\test\unit\work\o.n.m.j.l.s.p.S\cagc-1\Test.java@a81f445d:193654e9, class path owner: null original sourcePath: C:\Project\github\javavscode\netbeans\java\java.lsp.server\build\test\unit\work\o.n.m.j.l.s.p.S\cagc-1 new sourcePath: C:\Project\github\javavscode\netbeans\java\java.lsp.server\build\test\unit\work\o.n.m.j.l.s.p.S\cagc-1
Apr 09, 2024 7:06:31 PM org.netbeans.modules.java.source.parsing.JavacParser init
WARNING: ClassPath identity changed for C:\Project\github\javavscode\netbeans\java\java.lsp.server\build\test\unit\work\o.n.m.j.l.s.p.S\m\Test.java@d6eadd12:4ca89157, class path owner: null original sourcePath: C:\Project\github\javavscode\netbeans\java\java.lsp.server\build\test\unit\work\o.n.m.j.l.s.p.S\m new sourcePath: C:\Project\github\javavscode\netbeans\java\java.lsp.server\build\test\unit\work\o.n.m.j.l.s.p.S\m
Apr 09, 2024 7:06:32 PM org.netbeans.modules.java.source.parsing.JavacParser init
WARNING: ClassPath identity changed for C:\Project\github\javavscode\netbeans\java\java.lsp.server\build\test\unit\work\o.n.m.j.l.s.p.S\sats\Test.java@99966bea:2a3e4e30, class path owner: null original sourcePath: C:\Project\github\javavscode\netbeans\java\java.lsp.server\build\test\unit\work\o.n.m.j.l.s.p.S\sats new sourcePath: C:\Project\github\javavscode\netbeans\java\java.lsp.server\build\test\unit\work\o.n.m.j.l.s.p.S\sats
Apr 09, 2024 7:06:32 PM org.netbeans.modules.java.source.parsing.JavacParser init
WARNING: ClassPath identity changed for C:\Project\github\javavscode\netbeans\java\java.lsp.server\build\test\unit\work\o.n.m.j.l.s.p.S\cagc-1\Test.java@a81f445d:193654e9, class path owner: null original sourcePath: C:\Project\github\javavscode\netbeans\java\java.lsp.server\build\test\unit\work\o.n.m.j.l.s.p.S\cagc-1 new sourcePath: C:\Project\github\javavscode\netbeans\java\java.lsp.server\build\test\unit\work\o.n.m.j.l.s.p.S\cagc-1
Apr 09, 2024 7:06:32 PM org.netbeans.modules.parsing.impl.indexing.RepositoryUpdater$Work reportIndexerStatistics
INFO: Indexing finished, indexing took 3,581 ms.
Apr 09, 2024 7:06:32 PM org.netbeans.modules.parsing.impl.indexing.RepositoryUpdater$Work reportIndexingStart
INFO: Indexing started, time from last indexing 0 ms.
Apr 09, 2024 7:06:32 PM org.netbeans.modules.java.source.parsing.JavacParser init
WARNING: ClassPath identity changed for C:\Project\github\javavscode\netbeans\java\java.lsp.server\build\test\unit\work\o.n.m.j.l.s.p.S\rdccro\Test.java@87eb52ec:219d62cb, class path owner: C:\Project\github\javavscode\netbeans\java\java.lsp.server\build\test\unit\work\o.n.m.j.l.s.p.S\rdccro (class org.netbeans.modules.java.lsp.server.protocol.ServerTest$TestProjectFactory$4) original sourcePath: C:\Project\github\javavscode\netbeans\java\java.lsp.server\build\test\unit\work\o.n.m.j.l.s.p.S\rdccro new sourcePath: C:\Project\github\javavscode\netbeans\java\java.lsp.server\build\test\unit\work\o.n.m.j.l.s.p.S\rdccro
Apr 09, 2024 7:06:33 PM org.netbeans.modules.java.source.parsing.JavacParser init
WARNING: ClassPath identity changed for C:\Project\github\javavscode\netbeans\java\java.lsp.server\build\test\unit\work\o.n.m.j.l.s.p.S\rdccro\Test2.java@7ad3c640:75bf3a3c, class path owner: C:\Project\github\javavscode\netbeans\java\java.lsp.server\build\test\unit\work\o.n.m.j.l.s.p.S\rdccro (class org.netbeans.modules.java.lsp.server.protocol.ServerTest$TestProjectFactory$4) original sourcePath: C:\Project\github\javavscode\netbeans\java\java.lsp.server\build\test\unit\work\o.n.m.j.l.s.p.S\rdccro new sourcePath: C:\Project\github\javavscode\netbeans\java\java.lsp.server\build\test\unit\work\o.n.m.j.l.s.p.S\rdccro
Apr 09, 2024 7:06:33 PM org.netbeans.modules.java.source.parsing.JavacParser init
WARNING: ClassPath identity changed for C:\Project\github\javavscode\netbeans\java\java.lsp.server\build\test\unit\work\o.n.m.j.l.s.p.S\sadm\Test.java@a11ced94:7656bf94, class path owner: null original sourcePath: C:\Project\github\javavscode\netbeans\java\java.lsp.server\build\test\unit\work\o.n.m.j.l.s.p.S\sadm new sourcePath: C:\Project\github\javavscode\netbeans\java\java.lsp.server\build\test\unit\work\o.n.m.j.l.s.p.S\sadm
Apr 09, 2024 7:06:33 PM org.netbeans.modules.java.source.parsing.JavacParser init
WARNING: ClassPath identity changed for C:\Project\github\javavscode\netbeans\java\java.lsp.server\build\test\unit\work\o.n.m.j.l.s.p.S\cmp\a\Test.java@6758f670:7825634b, class path owner: C:\Project\github\javavscode\netbeans\java\java.lsp.server\build\test\unit\work\o.n.m.j.l.s.p.S\cmp (class org.netbeans.modules.java.lsp.server.protocol.ServerTest$TestProjectFactory$4) original sourcePath: C:\Project\github\javavscode\netbeans\java\java.lsp.server\build\test\unit\work\o.n.m.j.l.s.p.S\cmp new sourcePath: C:\Project\github\javavscode\netbeans\java\java.lsp.server\build\test\unit\work\o.n.m.j.l.s.p.S\cmp
Apr 09, 2024 7:06:33 PM org.netbeans.modules.java.source.indexing.JavaCustomIndexer index
WARNING: Ignoring root with no ClassPath: C:\Project\github\javavscode\netbeans\java\java.lsp.server\build\test\unit\work\o.n.m.j.l.s.p.S\cagm
Apr 09, 2024 7:06:34 PM org.netbeans.modules.java.source.parsing.JavacParser init
WARNING: ClassPath identity changed for C:\Project\github\javavscode\netbeans\java\java.lsp.server\build\test\unit\work\o.n.m.j.l.s.p.S\caiaamic\Test.java@6aafb03b:7e10de76, class path owner: null original sourcePath: C:\Project\github\javavscode\netbeans\java\java.lsp.server\build\test\unit\work\o.n.m.j.l.s.p.S\caiaamic new sourcePath: C:\Project\github\javavscode\netbeans\java\java.lsp.server\build\test\unit\work\o.n.m.j.l.s.p.S\caiaamic
Apr 09, 2024 7:06:34 PM org.netbeans.modules.java.source.parsing.JavacParser init
WARNING: ClassPath identity changed for C:\Project\github\javavscode\netbeans\java\java.lsp.server\build\test\unit\work\o.n.m.j.l.s.p.S\caiaamie\Test.java@94941ebd:2994612d, class path owner: null original sourcePath: C:\Project\github\javavscode\netbeans\java\java.lsp.server\build\test\unit\work\o.n.m.j.l.s.p.S\caiaamie new sourcePath: C:\Project\github\javavscode\netbeans\java\java.lsp.server\build\test\unit\work\o.n.m.j.l.s.p.S\caiaamie
Apr 09, 2024 7:06:34 PM org.netbeans.modules.java.source.parsing.JavacParser init
WARNING: ClassPath identity changed for C:\Project\github\javavscode\netbeans\java\java.lsp.server\build\test\unit\work\o.n.m.j.l.s.p.S\es\a\Test.java@d3cccff0:6cb3c558, class path owner: C:\Project\github\javavscode\netbeans\java\java.lsp.server\build\test\unit\work\o.n.m.j.l.s.p.S\es (class org.netbeans.modules.java.lsp.server.protocol.ServerTest$TestProjectFactory$4) original sourcePath: C:\Project\github\javavscode\netbeans\java\java.lsp.server\build\test\unit\work\o.n.m.j.l.s.p.S\es new sourcePath: C:\Project\github\javavscode\netbeans\java\java.lsp.server\build\test\unit\work\o.n.m.j.l.s.p.S\es
Apr 09, 2024 7:06:35 PM org.netbeans.modules.java.source.parsing.JavacParser init
WARNING: ClassPath identity changed for C:\Project\github\javavscode\netbeans\java\java.lsp.server\build\test\unit\work\o.n.m.j.l.s.p.S\saehc\Test.java@b505e779:54eec211, class path owner: null original sourcePath: C:\Project\github\javavscode\netbeans\java\java.lsp.server\build\test\unit\work\o.n.m.j.l.s.p.S\saehc new sourcePath: C:\Project\github\javavscode\netbeans\java\java.lsp.server\build\test\unit\work\o.n.m.j.l.s.p.S\saehc
Apr 09, 2024 7:06:35 PM org.netbeans.modules.java.source.parsing.JavacParser init
WARNING: ClassPath identity changed for C:\Project\github\javavscode\netbeans\java\java.lsp.server\build\test\unit\work\o.n.m.j.l.s.p.S\gti\Test.java@ecb318e3:76d7cdb, class path owner: C:\Project\github\javavscode\netbeans\java\java.lsp.server\build\test\unit\work\o.n.m.j.l.s.p.S\gti (class org.netbeans.modules.java.lsp.server.protocol.ServerTest$TestProjectFactory$4) original sourcePath: C:\Project\github\javavscode\netbeans\java\java.lsp.server\build\test\unit\work\o.n.m.j.l.s.p.S\gti new sourcePath: C:\Project\github\javavscode\netbeans\java\java.lsp.server\build\test\unit\work\o.n.m.j.l.s.p.S\gti
Apr 09, 2024 7:06:35 PM org.netbeans.modules.parsing.impl.indexing.RepositoryUpdater$Work reportIndexerStatistics
INFO: Indexing finished, indexing took 3,171 ms.
Apr 09, 2024 7:06:35 PM org.netbeans.modules.parsing.impl.indexing.RepositoryUpdater$Work reportIndexingStart
INFO: Indexing started, time from last indexing 1 ms.
Apr 09, 2024 7:06:35 PM org.netbeans.modules.java.source.parsing.JavacParser init
WARNING: ClassPath identity changed for C:\Project\github\javavscode\netbeans\java\java.lsp.server\build\test\unit\work\o.n.m.j.l.s.p.S\gtsi\Test.java@de2af020:12d5292c, class path owner: null original sourcePath: C:\Project\github\javavscode\netbeans\java\java.lsp.server\build\test\unit\work\o.n.m.j.l.s.p.S\gtsi new sourcePath: C:\Project\github\javavscode\netbeans\java\java.lsp.server\build\test\unit\work\o.n.m.j.l.s.p.S\gtsi
Apr 09, 2024 7:06:35 PM org.netbeans.modules.parsing.impl.indexing.RepositoryUpdater$RootsWork getDone
INFO: Resolving dependencies took: 249 ms
Apr 09, 2024 7:06:35 PM org.netbeans.modules.parsing.impl.indexing.RepositoryUpdater$AbstractRootsWork scanBinaries
INFO: Complete indexing of 0 binary roots took: 0 ms
Apr 09, 2024 7:06:36 PM org.netbeans.modules.java.source.parsing.JavacParser init
WARNING: ClassPath identity changed for C:\Project\github\javavscode\netbeans\java\java.lsp.server\build\test\unit\work\o.n.m.j.l.s.p.S\caif\Test.java@977a2038:5b71571c, class path owner: null original sourcePath: C:\Project\github\javavscode\netbeans\java\java.lsp.server\build\test\unit\work\o.n.m.j.l.s.p.S\caif new sourcePath: C:\Project\github\javavscode\netbeans\java\java.lsp.server\build\test\unit\work\o.n.m.j.l.s.p.S\caif
Apr 09, 2024 7:06:36 PM org.netbeans.modules.java.source.parsing.JavacParser init
WARNING: ClassPath identity changed for C:\Project\github\javavscode\netbeans\java\java.lsp.server\build\test\unit\work\o.n.m.j.l.s.p.S\cags\Test.java@17b06b29:7f50b290, class path owner: null original sourcePath: C:\Project\github\javavscode\netbeans\java\java.lsp.server\build\test\unit\work\o.n.m.j.l.s.p.S\cags new sourcePath: C:\Project\github\javavscode\netbeans\java\java.lsp.server\build\test\unit\work\o.n.m.j.l.s.p.S\cags
Apr 09, 2024 7:06:36 PM org.netbeans.modules.java.source.parsing.JavacParser init
WARNING: ClassPath identity changed for C:\Project\github\javavscode\netbeans\java\java.lsp.server\build\test\unit\work\o.n.m.j.l.s.p.S\fi\Test.java@bbcf84e0:227203f0, class path owner: C:\Project\github\javavscode\netbeans\java\java.lsp.server\build\test\unit\work\o.n.m.j.l.s.p.S\fi (class org.netbeans.modules.java.lsp.server.protocol.ServerTest$TestProjectFactory$4) original sourcePath: C:\Project\github\javavscode\netbeans\java\java.lsp.server\build\test\unit\work\o.n.m.j.l.s.p.S\fi new sourcePath: C:\Project\github\javavscode\netbeans\java\java.lsp.server\build\test\unit\work\o.n.m.j.l.s.p.S\fi
Apr 09, 2024 7:06:40 PM org.netbeans.modules.parsing.impl.indexing.RepositoryUpdater$AbstractRootsWork scanSources
INFO: Indexing of: C:\Project\github\javavscode\netbeans\java\java.lsp.server\build\test\unit\work\o.n.m.j.l.s.p.S\rdccnro took: 4,812 ms (New or modified files: 3, Deleted files: 0) [Adding listeners took: 0 ms]
Apr 09, 2024 7:06:40 PM org.netbeans.modules.parsing.impl.indexing.RepositoryUpdater$AbstractRootsWork scanSources
INFO: Complete indexing of 1 source roots took: 4,812 ms (New or modified files: 3, Deleted files: 0) [Adding listeners took: 0 ms]
Apr 09, 2024 7:06:40 PM org.netbeans.modules.parsing.impl.indexing.RepositoryUpdater$Work reportIndexerStatistics
INFO: Indexing finished, indexing took 5,123 ms.
Apr 09, 2024 7:06:40 PM org.netbeans.modules.parsing.impl.indexing.RepositoryUpdater$Work reportIndexingStart
INFO: Indexing started, time from last indexing 1 ms.
Apr 09, 2024 7:06:40 PM org.netbeans.modules.java.source.parsing.JavacParser init
WARNING: ClassPath identity changed for C:\Project\github\javavscode\netbeans\java\java.lsp.server\build\test\unit\work\o.n.m.j.l.s.p.S\mo\Test.java@6f07d201:7ad9de9e, class path owner: null original sourcePath: C:\Project\github\javavscode\netbeans\java\java.lsp.server\build\test\unit\work\o.n.m.j.l.s.p.S\mo new sourcePath: C:\Project\github\javavscode\netbeans\java\java.lsp.server\build\test\unit\work\o.n.m.j.l.s.p.S\mo
Apr 09, 2024 7:06:41 PM org.netbeans.modules.java.source.parsing.JavacParser init
WARNING: ClassPath identity changed for C:\Project\github\javavscode\netbeans\java\java.lsp.server\build\test\unit\work\o.n.m.j.l.s.p.S\caiv\Test.java@e5a6f428:2fdd4c9b, class path owner: null original sourcePath: C:\Project\github\javavscode\netbeans\java\java.lsp.server\build\test\unit\work\o.n.m.j.l.s.p.S\caiv new sourcePath: C:\Project\github\javavscode\netbeans\java\java.lsp.server\build\test\unit\work\o.n.m.j.l.s.p.S\caiv
Apr 09, 2024 7:06:41 PM org.netbeans.modules.java.source.parsing.JavacParser init
WARNING: ClassPath identity changed for C:\Project\github\javavscode\netbeans\java\java.lsp.server\build\test\unit\work\o.n.m.j.l.s.p.S\cagc\Test.java@c9454739:10982a93, class path owner: null original sourcePath: C:\Project\github\javavscode\netbeans\java\java.lsp.server\build\test\unit\work\o.n.m.j.l.s.p.S\cagc new sourcePath: C:\Project\github\javavscode\netbeans\java\java.lsp.server\build\test\unit\work\o.n.m.j.l.s.p.S\cagc
Apr 09, 2024 7:06:41 PM org.netbeans.modules.java.source.parsing.JavacParser init
WARNING: ClassPath identity changed for C:\Project\github\javavscode\netbeans\java\java.lsp.server\build\test\unit\work\o.n.m.j.l.s.p.S\ac\Test.java@181a3381:56a1cd94, class path owner: C:\Project\github\javavscode\netbeans\java\java.lsp.server\build\test\unit\work\o.n.m.j.l.s.p.S\ac (class org.netbeans.modules.java.lsp.server.protocol.ServerTest$TestProjectFactory$4) original sourcePath: C:\Project\github\javavscode\netbeans\java\java.lsp.server\build\test\unit\work\o.n.m.j.l.s.p.S\ac new sourcePath: C:\Project\github\javavscode\netbeans\java\java.lsp.server\build\test\unit\work\o.n.m.j.l.s.p.S\ac
Apr 09, 2024 7:06:41 PM org.netbeans.modules.java.source.parsing.JavacParser init
WARNING: ClassPath identity changed for C:\Project\github\javavscode\netbeans\java\java.lsp.server\build\test\unit\work\o.n.m.j.l.s.p.S\gttd\Test.java@fd6098da:1bce18d0, class path owner: C:\Project\github\javavscode\netbeans\java\java.lsp.server\build\test\unit\work\o.n.m.j.l.s.p.S\gttd (class org.netbeans.modules.java.lsp.server.protocol.ServerTest$TestProjectFactory$4) original sourcePath: C:\Project\github\javavscode\netbeans\java\java.lsp.server\build\test\unit\work\o.n.m.j.l.s.p.S\gttd new sourcePath: C:\Project\github\javavscode\netbeans\java\java.lsp.server\build\test\unit\work\o.n.m.j.l.s.p.S\gttd
Apr 09, 2024 7:06:41 PM org.netbeans.modules.java.source.indexing.JavaCustomIndexer index
WARNING: Ignoring root with no ClassPath: C:\Project\github\javavscode\netbeans\java\java.lsp.server\build\test\unit\work\o.n.m.j.l.s.p.S\cagc-1
Apr 09, 2024 7:06:42 PM org.netbeans.modules.java.source.parsing.JavacParser init
WARNING: ClassPath identity changed for C:\Project\github\javavscode\netbeans\java\java.lsp.server\build\test\unit\work\o.n.m.j.l.s.p.S\m\Test.java@d6eadd12:4ca89157, class path owner: null original sourcePath: C:\Project\github\javavscode\netbeans\java\java.lsp.server\build\test\unit\work\o.n.m.j.l.s.p.S\m new sourcePath: C:\Project\github\javavscode\netbeans\java\java.lsp.server\build\test\unit\work\o.n.m.j.l.s.p.S\m
Apr 09, 2024 7:06:42 PM org.netbeans.modules.parsing.impl.indexing.RepositoryUpdater$Work reportIndexerStatistics
INFO: Indexing finished, indexing took 1,440 ms.
Apr 09, 2024 7:06:42 PM org.netbeans.modules.java.source.parsing.JavacParser init
WARNING: ClassPath identity changed for C:\Project\github\javavscode\netbeans\java\java.lsp.server\build\test\unit\work\o.n.m.j.l.s.p.S\gttd\Test.java@fd6098da:1bce18d0, class path owner: C:\Project\github\javavscode\netbeans\java\java.lsp.server\build\test\unit\work\o.n.m.j.l.s.p.S\gttd (class org.netbeans.modules.java.lsp.server.protocol.ServerTest$TestProjectFactory$4) original sourcePath: C:\Project\github\javavscode\netbeans\java\java.lsp.server\build\test\unit\work\o.n.m.j.l.s.p.S\gttd new sourcePath: C:\Project\github\javavscode\netbeans\java\java.lsp.server\build\test\unit\work\o.n.m.j.l.s.p.S\gttd
Apr 09, 2024 7:06:44 PM org.netbeans.modules.java.source.parsing.JavacParser init
WARNING: ClassPath identity changed for C:\Project\github\javavscode\netbeans\java\java.lsp.server\build\test\unit\work\o.n.m.j.l.s.p.S\m\Test.java@d6eadd12:4ca89157, class path owner: null original sourcePath: C:\Project\github\javavscode\netbeans\java\java.lsp.server\build\test\unit\work\o.n.m.j.l.s.p.S\m new sourcePath: C:\Project\github\javavscode\netbeans\java\java.lsp.server\build\test\unit\work\o.n.m.j.l.s.p.S\m
Apr 09, 2024 7:06:44 PM org.netbeans.modules.project.ui.OpenProjectList log
INFO: USG_PROJECT_CLOSE
Creating a client for testcase: testWorkspaceSymbols
Apr 09, 2024 7:06:44 PM org.netbeans.modules.project.ui.OpenProjectList log
INFO: USG_PROJECT_OPEN
Apr 09, 2024 7:06:44 PM org.netbeans.modules.java.lsp.server.protocol.Server$LanguageServerImpl lambda$asyncOpenSelectedProjects1$9
INFO: 1 projects opened in 4ms
Apr 09, 2024 7:06:45 PM org.netbeans.modules.parsing.impl.indexing.RepositoryUpdater$Work reportIndexingStart
INFO: Indexing started, time from last indexing 3,246 ms.
Apr 09, 2024 7:06:45 PM org.netbeans.modules.parsing.impl.indexing.RepositoryUpdater$RootsWork getDone
INFO: Resolving dependencies took: 229 ms
Apr 09, 2024 7:06:47 PM org.netbeans.modules.java.source.parsing.JavacParser init
WARNING: ClassPath identity changed for C:\Project\github\javavscode\netbeans\java\java.lsp.server\build\test\unit\work\o.n.m.j.l.s.p.S\caiaamic\Test.java@6aafb03b:7e10de76, class path owner: null original sourcePath: C:\Project\github\javavscode\netbeans\java\java.lsp.server\build\test\unit\work\o.n.m.j.l.s.p.S\caiaamic new sourcePath: C:\Project\github\javavscode\netbeans\java\java.lsp.server\build\test\unit\work\o.n.m.j.l.s.p.S\caiaamic
Apr 09, 2024 7:06:47 PM org.netbeans.modules.java.source.parsing.JavacParser init
WARNING: ClassPath identity changed for C:\Project\github\javavscode\netbeans\java\java.lsp.server\build\test\unit\work\o.n.m.j.l.s.p.S\caiaamie\Test.java@94941ebd:2994612d, class path owner: null original sourcePath: C:\Project\github\javavscode\netbeans\java\java.lsp.server\build\test\unit\work\o.n.m.j.l.s.p.S\caiaamie new sourcePath: C:\Project\github\javavscode\netbeans\java\java.lsp.server\build\test\unit\work\o.n.m.j.l.s.p.S\caiaamie
Apr 09, 2024 7:06:47 PM org.netbeans.modules.java.source.parsing.JavacParser init
WARNING: ClassPath identity changed for C:\Project\github\javavscode\netbeans\java\java.lsp.server\build\test\unit\work\o.n.m.j.l.s.p.S\es\a\Test.java@d3cccff0:6cb3c558, class path owner: C:\Project\github\javavscode\netbeans\java\java.lsp.server\build\test\unit\work\o.n.m.j.l.s.p.S\es (class org.netbeans.modules.java.lsp.server.protocol.ServerTest$TestProjectFactory$4) original sourcePath: C:\Project\github\javavscode\netbeans\java\java.lsp.server\build\test\unit\work\o.n.m.j.l.s.p.S\es new sourcePath: C:\Project\github\javavscode\netbeans\java\java.lsp.server\build\test\unit\work\o.n.m.j.l.s.p.S\es
Apr 09, 2024 7:06:48 PM org.netbeans.modules.java.source.parsing.JavacParser init
WARNING: ClassPath identity changed for C:\Project\github\javavscode\netbeans\java\java.lsp.server\build\test\unit\work\o.n.m.j.l.s.p.S\fi\Test.java@bbcf84e0:227203f0, class path owner: C:\Project\github\javavscode\netbeans\java\java.lsp.server\build\test\unit\work\o.n.m.j.l.s.p.S\fi (class org.netbeans.modules.java.lsp.server.protocol.ServerTest$TestProjectFactory$4) original sourcePath: C:\Project\github\javavscode\netbeans\java\java.lsp.server\build\test\unit\work\o.n.m.j.l.s.p.S\fi new sourcePath: C:\Project\github\javavscode\netbeans\java\java.lsp.server\build\test\unit\work\o.n.m.j.l.s.p.S\fi
Apr 09, 2024 7:06:49 PM org.netbeans.modules.java.source.parsing.JavacParser init
WARNING: ClassPath identity changed for C:\Project\github\javavscode\netbeans\java\java.lsp.server\build\test\unit\work\o.n.m.j.l.s.p.S\fmd\Test.java@dfd91602:3eb32bd4, class path owner: null original sourcePath: C:\Project\github\javavscode\netbeans\java\java.lsp.server\build\test\unit\work\o.n.m.j.l.s.p.S\fmd new sourcePath: C:\Project\github\javavscode\netbeans\java\java.lsp.server\build\test\unit\work\o.n.m.j.l.s.p.S\fmd
Apr 09, 2024 7:06:50 PM org.netbeans.modules.java.source.parsing.JavacParser init
WARNING: ClassPath identity changed for C:\Project\github\javavscode\netbeans\java\java.lsp.server\build\test\unit\work\o.n.m.j.l.s.p.S\cagvfop\Test.java@112f0521:3e9d007a, class path owner: null original sourcePath: C:\Project\github\javavscode\netbeans\java\java.lsp.server\build\test\unit\work\o.n.m.j.l.s.p.S\cagvfop new sourcePath: C:\Project\github\javavscode\netbeans\java\java.lsp.server\build\test\unit\work\o.n.m.j.l.s.p.S\cagvfop
Apr 09, 2024 7:06:51 PM org.netbeans.modules.java.source.parsing.JavacParser init
WARNING: ClassPath identity changed for C:\Project\github\javavscode\netbeans\java\java.lsp.server\build\test\unit\work\o.n.m.j.l.s.p.S\cawr\Test.java@fdcab476:ee82eb0, class path owner: null original sourcePath: C:\Project\github\javavscode\netbeans\java\java.lsp.server\build\test\unit\work\o.n.m.j.l.s.p.S\cawr new sourcePath: C:\Project\github\javavscode\netbeans\java\java.lsp.server\build\test\unit\work\o.n.m.j.l.s.p.S\cawr
Apr 09, 2024 7:06:51 PM org.netbeans.modules.java.source.parsing.JavacParser init
WARNING: ClassPath identity changed for C:\Project\github\javavscode\netbeans\java\java.lsp.server\build\test\unit\work\o.n.m.j.l.s.p.S\caiaamiac\Test.java@49cd76ee:7dbf3adb, class path owner: null original sourcePath: C:\Project\github\javavscode\netbeans\java\java.lsp.server\build\test\unit\work\o.n.m.j.l.s.p.S\caiaamiac new sourcePath: C:\Project\github\javavscode\netbeans\java\java.lsp.server\build\test\unit\work\o.n.m.j.l.s.p.S\caiaamiac
Apr 09, 2024 7:06:52 PM org.netbeans.modules.parsing.impl.indexing.RepositoryUpdater$AbstractRootsWork scanBinaries
INFO: Complete indexing of 71 binary roots took: 6,950 ms
Apr 09, 2024 7:06:53 PM org.netbeans.modules.java.source.parsing.JavacParser init
WARNING: ClassPath identity changed for C:\Project\github\javavscode\netbeans\java\java.lsp.server\build\test\unit\work\o.n.m.j.l.s.p.S\m\Test.java@d6eadd12:4ca89157, class path owner: null original sourcePath: C:\Project\github\javavscode\netbeans\java\java.lsp.server\build\test\unit\work\o.n.m.j.l.s.p.S\m new sourcePath: C:\Project\github\javavscode\netbeans\java\java.lsp.server\build\test\unit\work\o.n.m.j.l.s.p.S\m
Apr 09, 2024 7:06:55 PM org.netbeans.modules.java.source.parsing.JavacParser init
WARNING: ClassPath identity changed for C:\Project\github\javavscode\netbeans\java\java.lsp.server\build\test\unit\work\o.n.m.j.l.s.p.S\gttd\Test.java@fd6098da:1bce18d0, class path owner: C:\Project\github\javavscode\netbeans\java\java.lsp.server\build\test\unit\work\o.n.m.j.l.s.p.S\gttd (class org.netbeans.modules.java.lsp.server.protocol.ServerTest$TestProjectFactory$4) original sourcePath: C:\Project\github\javavscode\netbeans\java\java.lsp.server\build\test\unit\work\o.n.m.j.l.s.p.S\gttd new sourcePath: C:\Project\github\javavscode\netbeans\java\java.lsp.server\build\test\unit\work\o.n.m.j.l.s.p.S\gttd
Apr 09, 2024 7:06:56 PM org.netbeans.modules.parsing.impl.indexing.RepositoryUpdater$AbstractRootsWork scanSources
INFO: Indexing of: C:\Project\github\javavscode\netbeans\java\java.lsp.server\build\test\unit\work\o.n.m.j.l.s.p.S\ws took: 3,586 ms (New or modified files: 2, Deleted files: 0) [Adding listeners took: 0 ms]
Apr 09, 2024 7:06:56 PM org.netbeans.modules.parsing.impl.indexing.RepositoryUpdater$AbstractRootsWork scanSources
INFO: Complete indexing of 1 source roots took: 3,586 ms (New or modified files: 2, Deleted files: 0) [Adding listeners took: 0 ms]
Apr 09, 2024 7:06:56 PM org.netbeans.modules.parsing.impl.indexing.RepositoryUpdater$Work reportIndexerStatistics
INFO: Indexing finished, indexing took 10,795 ms.
Apr 09, 2024 7:06:56 PM org.netbeans.modules.java.source.parsing.JavacParser init
WARNING: ClassPath identity changed for C:\Project\github\javavscode\netbeans\java\java.lsp.server\build\test\unit\work\o.n.m.j.l.s.p.S\m\Test.java@d6eadd12:4ca89157, class path owner: null original sourcePath: C:\Project\github\javavscode\netbeans\java\java.lsp.server\build\test\unit\work\o.n.m.j.l.s.p.S\m new sourcePath: C:\Project\github\javavscode\netbeans\java\java.lsp.server\build\test\unit\work\o.n.m.j.l.s.p.S\m
Apr 09, 2024 7:06:57 PM org.netbeans.modules.java.source.parsing.JavacParser init
WARNING: ClassPath identity changed for C:\Project\github\javavscode\netbeans\java\java.lsp.server\build\test\unit\work\o.n.m.j.l.s.p.S\cagc-1\Test.java@a81f445d:193654e9, class path owner: null original sourcePath: C:\Project\github\javavscode\netbeans\java\java.lsp.server\build\test\unit\work\o.n.m.j.l.s.p.S\cagc-1 new sourcePath: C:\Project\github\javavscode\netbeans\java\java.lsp.server\build\test\unit\work\o.n.m.j.l.s.p.S\cagc-1
Apr 09, 2024 7:06:57 PM org.netbeans.modules.java.source.parsing.JavacParser init
WARNING: ClassPath identity changed for C:\Project\github\javavscode\netbeans\java\java.lsp.server\build\test\unit\work\o.n.m.j.l.s.p.S\ws\Test.java@f8a9ddb:1222d59d, class path owner: C:\Project\github\javavscode\netbeans\java\java.lsp.server\build\test\unit\work\o.n.m.j.l.s.p.S\ws (class org.netbeans.modules.java.lsp.server.protocol.ServerTest$TestProjectFactory$4) original sourcePath: C:\Project\github\javavscode\netbeans\java\java.lsp.server\build\test\unit\work\o.n.m.j.l.s.p.S\ws new sourcePath: C:\Project\github\javavscode\netbeans\java\java.lsp.server\build\test\unit\work\o.n.m.j.l.s.p.S\ws
Apr 09, 2024 7:06:58 PM org.netbeans.modules.project.ui.OpenProjectList log
INFO: USG_PROJECT_CLOSE
Creating a client for testcase: testAnnotationCompletion
Apr 09, 2024 7:06:58 PM org.netbeans.modules.java.lsp.server.protocol.Server$LanguageServerImpl lambda$asyncOpenSelectedProjects1$9
INFO: 0 projects opened in 0ms
Apr 09, 2024 7:06:58 PM org.netbeans.modules.parsing.impl.indexing.RepositoryUpdater$Work reportIndexingStart
INFO: Indexing started, time from last indexing 2,434 ms.
Apr 09, 2024 7:06:58 PM org.netbeans.modules.parsing.impl.indexing.RepositoryUpdater$RootsWork getDone
INFO: Resolving dependencies took: 0 ms
Apr 09, 2024 7:06:58 PM org.netbeans.modules.parsing.impl.indexing.RepositoryUpdater$AbstractRootsWork scanBinaries
INFO: Complete indexing of 0 binary roots took: 0 ms
Apr 09, 2024 7:06:58 PM org.netbeans.modules.parsing.impl.indexing.RepositoryUpdater$AbstractRootsWork scanSources
INFO: Complete indexing of 0 source roots took: 0 ms (New or modified files: 0, Deleted files: 0) [Adding listeners took: 0 ms]
Apr 09, 2024 7:06:58 PM org.netbeans.modules.parsing.impl.indexing.RepositoryUpdater$Work reportIndexerStatistics
INFO: Indexing finished, indexing took 15 ms.
Apr 09, 2024 7:06:59 PM org.netbeans.modules.java.source.parsing.JavacParser init
WARNING: ClassPath identity changed for C:\Project\github\javavscode\netbeans\java\java.lsp.server\build\test\unit\work\o.n.m.j.l.s.p.S\rdccro\Test2.java@7ad3c640:75bf3a3c, class path owner: C:\Project\github\javavscode\netbeans\java\java.lsp.server\build\test\unit\work\o.n.m.j.l.s.p.S\rdccro (class org.netbeans.modules.java.lsp.server.protocol.ServerTest$TestProjectFactory$4) original sourcePath: C:\Project\github\javavscode\netbeans\java\java.lsp.server\build\test\unit\work\o.n.m.j.l.s.p.S\rdccro new sourcePath: C:\Project\github\javavscode\netbeans\java\java.lsp.server\build\test\unit\work\o.n.m.j.l.s.p.S\rdccro
Apr 09, 2024 7:06:59 PM org.netbeans.modules.java.source.parsing.JavacParser init
WARNING: ClassPath identity changed for C:\Project\github\javavscode\netbeans\java\java.lsp.server\build\test\unit\work\o.n.m.j.l.s.p.S\rdccro\Test.java@87eb52ec:219d62cb, class path owner: C:\Project\github\javavscode\netbeans\java\java.lsp.server\build\test\unit\work\o.n.m.j.l.s.p.S\rdccro (class org.netbeans.modules.java.lsp.server.protocol.ServerTest$TestProjectFactory$4) original sourcePath: C:\Project\github\javavscode\netbeans\java\java.lsp.server\build\test\unit\work\o.n.m.j.l.s.p.S\rdccro new sourcePath: C:\Project\github\javavscode\netbeans\java\java.lsp.server\build\test\unit\work\o.n.m.j.l.s.p.S\rdccro
Apr 09, 2024 7:07:02 PM org.netbeans.modules.java.source.parsing.JavacParser init
WARNING: ClassPath identity changed for C:\Project\github\javavscode\netbeans\java\java.lsp.server\build\test\unit\work\o.n.m.j.l.s.p.S\ac-1\Test.java@fa57ea5:269f56f5, class path owner: null original sourcePath: C:\Project\github\javavscode\netbeans\java\java.lsp.server\build\test\unit\work\o.n.m.j.l.s.p.S\ac-1 new sourcePath: C:\Project\github\javavscode\netbeans\java\java.lsp.server\build\test\unit\work\o.n.m.j.l.s.p.S\ac-1
Apr 09, 2024 7:07:02 PM org.netbeans.modules.java.source.parsing.JavacParser init
WARNING: ClassPath identity changed for C:\Project\github\javavscode\netbeans\java\java.lsp.server\build\test\unit\work\o.n.m.j.l.s.p.S\caiaamic\Test.java@6aafb03b:7e10de76, class path owner: null original sourcePath: C:\Project\github\javavscode\netbeans\java\java.lsp.server\build\test\unit\work\o.n.m.j.l.s.p.S\caiaamic new sourcePath: C:\Project\github\javavscode\netbeans\java\java.lsp.server\build\test\unit\work\o.n.m.j.l.s.p.S\caiaamic
Apr 09, 2024 7:07:02 PM org.netbeans.modules.java.source.parsing.JavacParser init
WARNING: ClassPath identity changed for C:\Project\github\javavscode\netbeans\java\java.lsp.server\build\test\unit\work\o.n.m.j.l.s.p.S\ac-1\Test.java@fa57ea5:269f56f5, class path owner: null original sourcePath: C:\Project\github\javavscode\netbeans\java\java.lsp.server\build\test\unit\work\o.n.m.j.l.s.p.S\ac-1 new sourcePath: C:\Project\github\javavscode\netbeans\java\java.lsp.server\build\test\unit\work\o.n.m.j.l.s.p.S\ac-1
Apr 09, 2024 7:07:02 PM org.netbeans.modules.java.source.parsing.JavacParser init
WARNING: ClassPath identity changed for C:\Project\github\javavscode\netbeans\java\java.lsp.server\build\test\unit\work\o.n.m.j.l.s.p.S\caiaamie\Test.java@94941ebd:2994612d, class path owner: null original sourcePath: C:\Project\github\javavscode\netbeans\java\java.lsp.server\build\test\unit\work\o.n.m.j.l.s.p.S\caiaamie new sourcePath: C:\Project\github\javavscode\netbeans\java\java.lsp.server\build\test\unit\work\o.n.m.j.l.s.p.S\caiaamie
Apr 09, 2024 7:07:03 PM org.netbeans.modules.java.source.parsing.JavacParser init
WARNING: ClassPath identity changed for C:\Project\github\javavscode\netbeans\java\java.lsp.server\build\test\unit\work\o.n.m.j.l.s.p.S\es\a\Test.java@d3cccff0:6cb3c558, class path owner: C:\Project\github\javavscode\netbeans\java\java.lsp.server\build\test\unit\work\o.n.m.j.l.s.p.S\es (class org.netbeans.modules.java.lsp.server.protocol.ServerTest$TestProjectFactory$4) original sourcePath: C:\Project\github\javavscode\netbeans\java\java.lsp.server\build\test\unit\work\o.n.m.j.l.s.p.S\es new sourcePath: C:\Project\github\javavscode\netbeans\java\java.lsp.server\build\test\unit\work\o.n.m.j.l.s.p.S\es
Creating a client for testcase: testGoToDefinition
Apr 09, 2024 7:07:03 PM org.netbeans.modules.project.ui.OpenProjectList log
INFO: USG_PROJECT_OPEN
Apr 09, 2024 7:07:03 PM org.netbeans.modules.java.lsp.server.protocol.Server$LanguageServerImpl lambda$asyncOpenSelectedProjects1$9
INFO: 1 projects opened in 7ms
Apr 09, 2024 7:07:04 PM org.netbeans.modules.parsing.impl.indexing.RepositoryUpdater$Work reportIndexingStart
INFO: Indexing started, time from last indexing 5,540 ms.
Apr 09, 2024 7:07:04 PM org.netbeans.modules.parsing.impl.indexing.RepositoryUpdater$RootsWork getDone
INFO: Resolving dependencies took: 322 ms
Apr 09, 2024 7:07:05 PM org.netbeans.modules.java.source.parsing.JavacParser init
WARNING: ClassPath identity changed for C:\Project\github\javavscode\netbeans\java\java.lsp.server\build\test\unit\work\o.n.m.j.l.s.p.S\fi\Test.java@bbcf84e0:227203f0, class path owner: C:\Project\github\javavscode\netbeans\java\java.lsp.server\build\test\unit\work\o.n.m.j.l.s.p.S\fi (class org.netbeans.modules.java.lsp.server.protocol.ServerTest$TestProjectFactory$4) original sourcePath: C:\Project\github\javavscode\netbeans\java\java.lsp.server\build\test\unit\work\o.n.m.j.l.s.p.S\fi new sourcePath: C:\Project\github\javavscode\netbeans\java\java.lsp.server\build\test\unit\work\o.n.m.j.l.s.p.S\fi
Apr 09, 2024 7:07:05 PM org.netbeans.modules.java.source.parsing.JavacParser init
WARNING: ClassPath identity changed for C:\Project\github\javavscode\netbeans\java\java.lsp.server\build\test\unit\work\o.n.m.j.l.s.p.S\fmd\Test.java@dfd91602:3eb32bd4, class path owner: null original sourcePath: C:\Project\github\javavscode\netbeans\java\java.lsp.server\build\test\unit\work\o.n.m.j.l.s.p.S\fmd new sourcePath: C:\Project\github\javavscode\netbeans\java\java.lsp.server\build\test\unit\work\o.n.m.j.l.s.p.S\fmd
Apr 09, 2024 7:07:07 PM org.netbeans.modules.java.source.parsing.JavacParser init
WARNING: ClassPath identity changed for C:\Project\github\javavscode\netbeans\java\java.lsp.server\build\test\unit\work\o.n.m.j.l.s.p.S\cagvfop\Test.java@112f0521:3e9d007a, class path owner: null original sourcePath: C:\Project\github\javavscode\netbeans\java\java.lsp.server\build\test\unit\work\o.n.m.j.l.s.p.S\cagvfop new sourcePath: C:\Project\github\javavscode\netbeans\java\java.lsp.server\build\test\unit\work\o.n.m.j.l.s.p.S\cagvfop
Apr 09, 2024 7:07:08 PM org.netbeans.modules.java.source.parsing.JavacParser init
WARNING: ClassPath identity changed for C:\Project\github\javavscode\netbeans\java\java.lsp.server\build\test\unit\work\o.n.m.j.l.s.p.S\cawr\Test.java@fdcab476:ee82eb0, class path owner: null original sourcePath: C:\Project\github\javavscode\netbeans\java\java.lsp.server\build\test\unit\work\o.n.m.j.l.s.p.S\cawr new sourcePath: C:\Project\github\javavscode\netbeans\java\java.lsp.server\build\test\unit\work\o.n.m.j.l.s.p.S\cawr
Apr 09, 2024 7:07:08 PM org.netbeans.modules.java.source.parsing.JavacParser init
WARNING: ClassPath identity changed for C:\Project\github\javavscode\netbeans\java\java.lsp.server\build\test\unit\work\o.n.m.j.l.s.p.S\caiaamiac\Test.java@49cd76ee:7dbf3adb, class path owner: null original sourcePath: C:\Project\github\javavscode\netbeans\java\java.lsp.server\build\test\unit\work\o.n.m.j.l.s.p.S\caiaamiac new sourcePath: C:\Project\github\javavscode\netbeans\java\java.lsp.server\build\test\unit\work\o.n.m.j.l.s.p.S\caiaamiac
Apr 09, 2024 7:07:08 PM org.netbeans.modules.java.source.parsing.JavacParser init
WARNING: ClassPath identity changed for C:\Project\github\javavscode\netbeans\java\java.lsp.server\build\test\unit\work\o.n.m.j.l.s.p.S\neahf\Other.java@483b2a71:121b1ca8, class path owner: null original sourcePath: C:\Project\github\javavscode\netbeans\java\java.lsp.server\build\test\unit\work\o.n.m.j.l.s.p.S\neahf new sourcePath: C:\Project\github\javavscode\netbeans\java\java.lsp.server\build\test\unit\work\o.n.m.j.l.s.p.S\neahf
Apr 09, 2024 7:07:09 PM org.netbeans.modules.java.source.parsing.JavacParser init
WARNING: ClassPath identity changed for C:\Project\github\javavscode\netbeans\java\java.lsp.server\build\test\unit\work\o.n.m.j.l.s.p.S\rdccnro\Test2.java@31d7fe0e:30dfc22a, class path owner: C:\Project\github\javavscode\netbeans\java\java.lsp.server\build\test\unit\work\o.n.m.j.l.s.p.S\rdccnro (class org.netbeans.modules.java.lsp.server.protocol.ServerTest$TestProjectFactory$4) original sourcePath: C:\Project\github\javavscode\netbeans\java\java.lsp.server\build\test\unit\work\o.n.m.j.l.s.p.S\rdccnro new sourcePath: C:\Project\github\javavscode\netbeans\java\java.lsp.server\build\test\unit\work\o.n.m.j.l.s.p.S\rdccnro
Apr 09, 2024 7:07:10 PM org.netbeans.modules.parsing.impl.indexing.RepositoryUpdater$AbstractRootsWork scanBinaries
INFO: Complete indexing of 71 binary roots took: 5,835 ms
Apr 09, 2024 7:07:11 PM org.netbeans.modules.java.source.parsing.JavacParser init
WARNING: ClassPath identity changed for C:\Project\github\javavscode\netbeans\java\java.lsp.server\build\test\unit\work\o.n.m.j.l.s.p.S\gttd\Test.java@fd6098da:1bce18d0, class path owner: C:\Project\github\javavscode\netbeans\java\java.lsp.server\build\test\unit\work\o.n.m.j.l.s.p.S\gttd (class org.netbeans.modules.java.lsp.server.protocol.ServerTest$TestProjectFactory$4) original sourcePath: C:\Project\github\javavscode\netbeans\java\java.lsp.server\build\test\unit\work\o.n.m.j.l.s.p.S\gttd new sourcePath: C:\Project\github\javavscode\netbeans\java\java.lsp.server\build\test\unit\work\o.n.m.j.l.s.p.S\gttd
Apr 09, 2024 7:07:11 PM org.netbeans.modules.java.source.parsing.JavacParser init
WARNING: ClassPath identity changed for C:\Project\github\javavscode\netbeans\java\java.lsp.server\build\test\unit\work\o.n.m.j.l.s.p.S\sh-2\Test.java@2ed17e39:17482c08, class path owner: null original sourcePath: C:\Project\github\javavscode\netbeans\java\java.lsp.server\build\test\unit\work\o.n.m.j.l.s.p.S\sh-2 new sourcePath: C:\Project\github\javavscode\netbeans\java\java.lsp.server\build\test\unit\work\o.n.m.j.l.s.p.S\sh-2
Apr 09, 2024 7:07:11 PM org.netbeans.modules.java.source.parsing.JavacParser init
WARNING: ClassPath identity changed for C:\Project\github\javavscode\netbeans\java\java.lsp.server\build\test\unit\work\o.n.m.j.l.s.p.S\m\Test.java@d6eadd12:4ca89157, class path owner: null original sourcePath: C:\Project\github\javavscode\netbeans\java\java.lsp.server\build\test\unit\work\o.n.m.j.l.s.p.S\m new sourcePath: C:\Project\github\javavscode\netbeans\java\java.lsp.server\build\test\unit\work\o.n.m.j.l.s.p.S\m
Apr 09, 2024 7:07:13 PM org.netbeans.modules.java.source.parsing.JavacParser init
WARNING: ClassPath identity changed for C:\Project\github\javavscode\netbeans\java\java.lsp.server\build\test\unit\work\o.n.m.j.l.s.p.S\cagc-1\Test.java@a81f445d:193654e9, class path owner: null original sourcePath: C:\Project\github\javavscode\netbeans\java\java.lsp.server\build\test\unit\work\o.n.m.j.l.s.p.S\cagc-1 new sourcePath: C:\Project\github\javavscode\netbeans\java\java.lsp.server\build\test\unit\work\o.n.m.j.l.s.p.S\cagc-1
Apr 09, 2024 7:07:13 PM org.netbeans.modules.parsing.impl.indexing.RepositoryUpdater$AbstractRootsWork scanSources
INFO: Indexing of: C:\Project\github\javavscode\netbeans\java\java.lsp.server\build\test\unit\work\o.n.m.j.l.s.p.S\gtd took: 3,622 ms (New or modified files: 3, Deleted files: 0) [Adding listeners took: 0 ms]
Apr 09, 2024 7:07:13 PM org.netbeans.modules.parsing.impl.indexing.RepositoryUpdater$AbstractRootsWork scanSources
INFO: Complete indexing of 1 source roots took: 3,622 ms (New or modified files: 3, Deleted files: 0) [Adding listeners took: 0 ms]
Apr 09, 2024 7:07:13 PM org.netbeans.modules.parsing.impl.indexing.RepositoryUpdater$Work reportIndexerStatistics
INFO: Indexing finished, indexing took 9,780 ms.
Apr 09, 2024 7:07:13 PM org.netbeans.modules.parsing.impl.indexing.RepositoryUpdater$Work reportIndexingStart
INFO: Indexing started, time from last indexing 0 ms.
Apr 09, 2024 7:07:14 PM org.netbeans.modules.java.source.parsing.JavacParser init
WARNING: ClassPath identity changed for C:\Project\github\javavscode\netbeans\java\java.lsp.server\build\test\unit\work\o.n.m.j.l.s.p.S\mo\Test.java@6f07d201:7ad9de9e, class path owner: null original sourcePath: C:\Project\github\javavscode\netbeans\java\java.lsp.server\build\test\unit\work\o.n.m.j.l.s.p.S\mo new sourcePath: C:\Project\github\javavscode\netbeans\java\java.lsp.server\build\test\unit\work\o.n.m.j.l.s.p.S\mo
Apr 09, 2024 7:07:14 PM org.netbeans.modules.java.source.parsing.JavacParser init
WARNING: ClassPath identity changed for C:\Project\github\javavscode\netbeans\java\java.lsp.server\build\test\unit\work\o.n.m.j.l.s.p.S\caiv\Test.java@e5a6f428:2fdd4c9b, class path owner: null original sourcePath: C:\Project\github\javavscode\netbeans\java\java.lsp.server\build\test\unit\work\o.n.m.j.l.s.p.S\caiv new sourcePath: C:\Project\github\javavscode\netbeans\java\java.lsp.server\build\test\unit\work\o.n.m.j.l.s.p.S\caiv
Apr 09, 2024 7:07:14 PM org.netbeans.modules.java.source.parsing.JavacParser init
WARNING: ClassPath identity changed for C:\Project\github\javavscode\netbeans\java\java.lsp.server\build\test\unit\work\o.n.m.j.l.s.p.S\cagc\Test.java@c9454739:10982a93, class path owner: null original sourcePath: C:\Project\github\javavscode\netbeans\java\java.lsp.server\build\test\unit\work\o.n.m.j.l.s.p.S\cagc new sourcePath: C:\Project\github\javavscode\netbeans\java\java.lsp.server\build\test\unit\work\o.n.m.j.l.s.p.S\cagc
Apr 09, 2024 7:07:14 PM org.netbeans.modules.java.source.parsing.JavacParser init
WARNING: ClassPath identity changed for C:\Project\github\javavscode\netbeans\java\java.lsp.server\build\test\unit\work\o.n.m.j.l.s.p.S\ac\Test.java@181a3381:56a1cd94, class path owner: C:\Project\github\javavscode\netbeans\java\java.lsp.server\build\test\unit\work\o.n.m.j.l.s.p.S\ac (class org.netbeans.modules.java.lsp.server.protocol.ServerTest$TestProjectFactory$4) original sourcePath: C:\Project\github\javavscode\netbeans\java\java.lsp.server\build\test\unit\work\o.n.m.j.l.s.p.S\ac new sourcePath: C:\Project\github\javavscode\netbeans\java\java.lsp.server\build\test\unit\work\o.n.m.j.l.s.p.S\ac
Apr 09, 2024 7:07:15 PM org.netbeans.modules.java.source.parsing.JavacParser init
WARNING: ClassPath identity changed for C:\Project\github\javavscode\netbeans\java\java.lsp.server\build\test\unit\work\o.n.m.j.l.s.p.S\gttd\Test.java@fd6098da:1bce18d0, class path owner: C:\Project\github\javavscode\netbeans\java\java.lsp.server\build\test\unit\work\o.n.m.j.l.s.p.S\gttd (class org.netbeans.modules.java.lsp.server.protocol.ServerTest$TestProjectFactory$4) original sourcePath: C:\Project\github\javavscode\netbeans\java\java.lsp.server\build\test\unit\work\o.n.m.j.l.s.p.S\gttd new sourcePath: C:\Project\github\javavscode\netbeans\java\java.lsp.server\build\test\unit\work\o.n.m.j.l.s.p.S\gttd
Apr 09, 2024 7:07:15 PM org.netbeans.modules.java.source.indexing.JavaCustomIndexer index
WARNING: Ignoring root with no ClassPath: C:\Project\github\javavscode\netbeans\java\java.lsp.server\build\test\unit\work\o.n.m.j.l.s.p.S\ac-1
Apr 09, 2024 7:07:15 PM org.netbeans.modules.java.source.parsing.JavacParser init
WARNING: ClassPath identity changed for C:\Project\github\javavscode\netbeans\java\java.lsp.server\build\test\unit\work\o.n.m.j.l.s.p.S\sh-2\Test.java@2ed17e39:17482c08, class path owner: null original sourcePath: C:\Project\github\javavscode\netbeans\java\java.lsp.server\build\test\unit\work\o.n.m.j.l.s.p.S\sh-2 new sourcePath: C:\Project\github\javavscode\netbeans\java\java.lsp.server\build\test\unit\work\o.n.m.j.l.s.p.S\sh-2
Apr 09, 2024 7:07:15 PM org.netbeans.modules.java.source.parsing.JavacParser init
WARNING: ClassPath identity changed for C:\Project\github\javavscode\netbeans\java\java.lsp.server\build\test\unit\work\o.n.m.j.l.s.p.S\ac-1\Test.java@fa57ea5:269f56f5, class path owner: null original sourcePath: C:\Project\github\javavscode\netbeans\java\java.lsp.server\build\test\unit\work\o.n.m.j.l.s.p.S\ac-1 new sourcePath: C:\Project\github\javavscode\netbeans\java\java.lsp.server\build\test\unit\work\o.n.m.j.l.s.p.S\ac-1
Apr 09, 2024 7:07:16 PM org.netbeans.modules.java.source.parsing.JavacParser init
WARNING: ClassPath identity changed for C:\Project\github\javavscode\netbeans\java\java.lsp.server\build\test\unit\work\o.n.m.j.l.s.p.S\rdccnro\Test2.java@31d7fe0e:30dfc22a, class path owner: C:\Project\github\javavscode\netbeans\java\java.lsp.server\build\test\unit\work\o.n.m.j.l.s.p.S\rdccnro (class org.netbeans.modules.java.lsp.server.protocol.ServerTest$TestProjectFactory$4) original sourcePath: C:\Project\github\javavscode\netbeans\java\java.lsp.server\build\test\unit\work\o.n.m.j.l.s.p.S\rdccnro new sourcePath: C:\Project\github\javavscode\netbeans\java\java.lsp.server\build\test\unit\work\o.n.m.j.l.s.p.S\rdccnro
Apr 09, 2024 7:07:16 PM org.netbeans.modules.java.source.parsing.JavacParser init
WARNING: ClassPath identity changed for C:\Project\github\javavscode\netbeans\java\java.lsp.server\build\test\unit\work\o.n.m.j.l.s.p.S\m\Test.java@d6eadd12:4ca89157, class path owner: null original sourcePath: C:\Project\github\javavscode\netbeans\java\java.lsp.server\build\test\unit\work\o.n.m.j.l.s.p.S\m new sourcePath: C:\Project\github\javavscode\netbeans\java\java.lsp.server\build\test\unit\work\o.n.m.j.l.s.p.S\m
Apr 09, 2024 7:07:16 PM org.netbeans.modules.parsing.impl.indexing.RepositoryUpdater$Work reportIndexerStatistics
INFO: Indexing finished, indexing took 3,084 ms.
Apr 09, 2024 7:07:17 PM org.netbeans.modules.java.source.parsing.JavacParser init
WARNING: ClassPath identity changed for C:\Project\github\javavscode\netbeans\java\java.lsp.server\build\test\unit\work\o.n.m.j.l.s.p.S\cagc-1\Test.java@a81f445d:193654e9, class path owner: null original sourcePath: C:\Project\github\javavscode\netbeans\java\java.lsp.server\build\test\unit\work\o.n.m.j.l.s.p.S\cagc-1 new sourcePath: C:\Project\github\javavscode\netbeans\java\java.lsp.server\build\test\unit\work\o.n.m.j.l.s.p.S\cagc-1
Apr 09, 2024 7:07:18 PM org.netbeans.modules.project.ui.OpenProjectList log
INFO: USG_PROJECT_CLOSE
Creating a client for testcase: testNavigator
Apr 09, 2024 7:07:18 PM org.netbeans.modules.java.lsp.server.protocol.Server$LanguageServerImpl lambda$asyncOpenSelectedProjects1$9
INFO: 0 projects opened in 1ms
Apr 09, 2024 7:07:18 PM org.netbeans.modules.parsing.impl.indexing.RepositoryUpdater$Work reportIndexingStart
INFO: Indexing started, time from last indexing 1,909 ms.
Apr 09, 2024 7:07:18 PM org.netbeans.modules.parsing.impl.indexing.RepositoryUpdater$RootsWork getDone
INFO: Resolving dependencies took: 0 ms
Apr 09, 2024 7:07:18 PM org.netbeans.modules.parsing.impl.indexing.RepositoryUpdater$AbstractRootsWork scanBinaries
INFO: Complete indexing of 0 binary roots took: 0 ms
Apr 09, 2024 7:07:18 PM org.netbeans.modules.parsing.impl.indexing.RepositoryUpdater$AbstractRootsWork scanSources
INFO: Complete indexing of 0 source roots took: 0 ms (New or modified files: 0, Deleted files: 0) [Adding listeners took: 0 ms]
Apr 09, 2024 7:07:18 PM org.netbeans.modules.parsing.impl.indexing.RepositoryUpdater$Work reportIndexerStatistics
INFO: Indexing finished, indexing took 36 ms.
Creating a client for testcase: testSourceActionOverrideMethod
Apr 09, 2024 7:07:20 PM org.netbeans.modules.java.lsp.server.protocol.Server$LanguageServerImpl lambda$asyncOpenSelectedProjects1$9
INFO: 0 projects opened in 213ms
Apr 09, 2024 7:07:21 PM org.netbeans.modules.java.source.parsing.JavacParser init
WARNING: ClassPath identity changed for C:\Project\github\javavscode\netbeans\java\java.lsp.server\build\test\unit\work\o.n.m.j.l.s.p.S\caiv\Test.java@e5a6f428:2fdd4c9b, class path owner: null original sourcePath: C:\Project\github\javavscode\netbeans\java\java.lsp.server\build\test\unit\work\o.n.m.j.l.s.p.S\caiv new sourcePath: C:\Project\github\javavscode\netbeans\java\java.lsp.server\build\test\unit\work\o.n.m.j.l.s.p.S\caiv
Apr 09, 2024 7:07:21 PM org.netbeans.modules.java.source.parsing.JavacParser init
WARNING: ClassPath identity changed for C:\Project\github\javavscode\netbeans\java\java.lsp.server\build\test\unit\work\o.n.m.j.l.s.p.S\gttd\Test.java@fd6098da:1bce18d0, class path owner: C:\Project\github\javavscode\netbeans\java\java.lsp.server\build\test\unit\work\o.n.m.j.l.s.p.S\gttd (class org.netbeans.modules.java.lsp.server.protocol.ServerTest$TestProjectFactory$4) original sourcePath: C:\Project\github\javavscode\netbeans\java\java.lsp.server\build\test\unit\work\o.n.m.j.l.s.p.S\gttd new sourcePath: C:\Project\github\javavscode\netbeans\java\java.lsp.server\build\test\unit\work\o.n.m.j.l.s.p.S\gttd
Apr 09, 2024 7:07:21 PM org.netbeans.modules.java.source.parsing.JavacParser init
WARNING: ClassPath identity changed for C:\Project\github\javavscode\netbeans\java\java.lsp.server\build\test\unit\work\o.n.m.j.l.s.p.S\sal\Test.java@47563825:5e6be917, class path owner: null original sourcePath: C:\Project\github\javavscode\netbeans\java\java.lsp.server\build\test\unit\work\o.n.m.j.l.s.p.S\sal new sourcePath: C:\Project\github\javavscode\netbeans\java\java.lsp.server\build\test\unit\work\o.n.m.j.l.s.p.S\sal
Apr 09, 2024 7:07:22 PM org.netbeans.modules.java.source.parsing.JavacParser init
WARNING: ClassPath identity changed for C:\Project\github\javavscode\netbeans\java\java.lsp.server\build\test\unit\work\o.n.m.j.l.s.p.S\sh-2\Test.java@2ed17e39:17482c08, class path owner: null original sourcePath: C:\Project\github\javavscode\netbeans\java\java.lsp.server\build\test\unit\work\o.n.m.j.l.s.p.S\sh-2 new sourcePath: C:\Project\github\javavscode\netbeans\java\java.lsp.server\build\test\unit\work\o.n.m.j.l.s.p.S\sh-2
Apr 09, 2024 7:07:22 PM org.netbeans.modules.java.source.parsing.JavacParser init
WARNING: ClassPath identity changed for C:\Project\github\javavscode\netbeans\java\java.lsp.server\build\test\unit\work\o.n.m.j.l.s.p.S\rdccnro\Test.java@3b5ee87e:396e43e8, class path owner: C:\Project\github\javavscode\netbeans\java\java.lsp.server\build\test\unit\work\o.n.m.j.l.s.p.S\rdccnro (class org.netbeans.modules.java.lsp.server.protocol.ServerTest$TestProjectFactory$4) original sourcePath: C:\Project\github\javavscode\netbeans\java\java.lsp.server\build\test\unit\work\o.n.m.j.l.s.p.S\rdccnro new sourcePath: C:\Project\github\javavscode\netbeans\java\java.lsp.server\build\test\unit\work\o.n.m.j.l.s.p.S\rdccnro
Apr 09, 2024 7:07:22 PM org.netbeans.modules.java.source.parsing.JavacParser init
WARNING: ClassPath identity changed for C:\Project\github\javavscode\netbeans\java\java.lsp.server\build\test\unit\work\o.n.m.j.l.s.p.S\rdccnro\Test2.java@31d7fe0e:30dfc22a, class path owner: C:\Project\github\javavscode\netbeans\java\java.lsp.server\build\test\unit\work\o.n.m.j.l.s.p.S\rdccnro (class org.netbeans.modules.java.lsp.server.protocol.ServerTest$TestProjectFactory$4) original sourcePath: C:\Project\github\javavscode\netbeans\java\java.lsp.server\build\test\unit\work\o.n.m.j.l.s.p.S\rdccnro new sourcePath: C:\Project\github\javavscode\netbeans\java\java.lsp.server\build\test\unit\work\o.n.m.j.l.s.p.S\rdccnro
Apr 09, 2024 7:07:22 PM org.netbeans.modules.java.source.parsing.JavacParser init
WARNING: ClassPath identity changed for C:\Project\github\javavscode\netbeans\java\java.lsp.server\build\test\unit\work\o.n.m.j.l.s.p.S\m\Test.java@d6eadd12:4ca89157, class path owner: null original sourcePath: C:\Project\github\javavscode\netbeans\java\java.lsp.server\build\test\unit\work\o.n.m.j.l.s.p.S\m new sourcePath: C:\Project\github\javavscode\netbeans\java\java.lsp.server\build\test\unit\work\o.n.m.j.l.s.p.S\m
Apr 09, 2024 7:07:22 PM org.netbeans.modules.java.source.parsing.JavacParser init
WARNING: ClassPath identity changed for C:\Project\github\javavscode\netbeans\java\java.lsp.server\build\test\unit\work\o.n.m.j.l.s.p.S\fd\Test.java@d377063d:aa719f3, class path owner: null original sourcePath: C:\Project\github\javavscode\netbeans\java\java.lsp.server\build\test\unit\work\o.n.m.j.l.s.p.S\fd new sourcePath: C:\Project\github\javavscode\netbeans\java\java.lsp.server\build\test\unit\work\o.n.m.j.l.s.p.S\fd
Apr 09, 2024 7:07:23 PM org.netbeans.modules.java.source.parsing.JavacParser init
WARNING: ClassPath identity changed for C:\Project\github\javavscode\netbeans\java\java.lsp.server\build\test\unit\work\o.n.m.j.l.s.p.S\snuf\Test.java@2e52710b:7cb85615, class path owner: null original sourcePath: C:\Project\github\javavscode\netbeans\java\java.lsp.server\build\test\unit\work\o.n.m.j.l.s.p.S\snuf new sourcePath: C:\Project\github\javavscode\netbeans\java\java.lsp.server\build\test\unit\work\o.n.m.j.l.s.p.S\snuf
Apr 09, 2024 7:07:23 PM org.netbeans.modules.java.source.parsing.JavacParser init
WARNING: ClassPath identity changed for C:\Project\github\javavscode\netbeans\java\java.lsp.server\build\test\unit\work\o.n.m.j.l.s.p.S\sats\Test.java@99966bea:2a3e4e30, class path owner: null original sourcePath: C:\Project\github\javavscode\netbeans\java\java.lsp.server\build\test\unit\work\o.n.m.j.l.s.p.S\sats new sourcePath: C:\Project\github\javavscode\netbeans\java\java.lsp.server\build\test\unit\work\o.n.m.j.l.s.p.S\sats
Apr 09, 2024 7:07:23 PM org.netbeans.modules.java.source.parsing.JavacParser init
WARNING: ClassPath identity changed for C:\Project\github\javavscode\netbeans\java\java.lsp.server\build\test\unit\work\o.n.m.j.l.s.p.S\cagc-1\Test.java@a81f445d:193654e9, class path owner: null original sourcePath: C:\Project\github\javavscode\netbeans\java\java.lsp.server\build\test\unit\work\o.n.m.j.l.s.p.S\cagc-1 new sourcePath: C:\Project\github\javavscode\netbeans\java\java.lsp.server\build\test\unit\work\o.n.m.j.l.s.p.S\cagc-1
Apr 09, 2024 7:07:23 PM org.netbeans.modules.java.source.parsing.JavacParser init
WARNING: ClassPath identity changed for C:\Project\github\javavscode\netbeans\java\java.lsp.server\build\test\unit\work\o.n.m.j.l.s.p.S\sags\Test.java@356d8d39:5a679c35, class path owner: null original sourcePath: C:\Project\github\javavscode\netbeans\java\java.lsp.server\build\test\unit\work\o.n.m.j.l.s.p.S\sags new sourcePath: C:\Project\github\javavscode\netbeans\java\java.lsp.server\build\test\unit\work\o.n.m.j.l.s.p.S\sags
Apr 09, 2024 7:07:23 PM org.netbeans.modules.java.source.parsing.JavacParser init
WARNING: ClassPath identity changed for C:\Project\github\javavscode\netbeans\java\java.lsp.server\build\test\unit\work\o.n.m.j.l.s.p.S\rdccro\Test.java@87eb52ec:219d62cb, class path owner: C:\Project\github\javavscode\netbeans\java\java.lsp.server\build\test\unit\work\o.n.m.j.l.s.p.S\rdccro (class org.netbeans.modules.java.lsp.server.protocol.ServerTest$TestProjectFactory$4) original sourcePath: C:\Project\github\javavscode\netbeans\java\java.lsp.server\build\test\unit\work\o.n.m.j.l.s.p.S\rdccro new sourcePath: C:\Project\github\javavscode\netbeans\java\java.lsp.server\build\test\unit\work\o.n.m.j.l.s.p.S\rdccro
Apr 09, 2024 7:07:23 PM org.netbeans.modules.java.source.parsing.JavacParser init
WARNING: ClassPath identity changed for C:\Project\github\javavscode\netbeans\java\java.lsp.server\build\test\unit\work\o.n.m.j.l.s.p.S\rdccro\Test2.java@7ad3c640:75bf3a3c, class path owner: C:\Project\github\javavscode\netbeans\java\java.lsp.server\build\test\unit\work\o.n.m.j.l.s.p.S\rdccro (class org.netbeans.modules.java.lsp.server.protocol.ServerTest$TestProjectFactory$4) original sourcePath: C:\Project\github\javavscode\netbeans\java\java.lsp.server\build\test\unit\work\o.n.m.j.l.s.p.S\rdccro new sourcePath: C:\Project\github\javavscode\netbeans\java\java.lsp.server\build\test\unit\work\o.n.m.j.l.s.p.S\rdccro
Apr 09, 2024 7:07:24 PM org.netbeans.modules.java.source.parsing.JavacParser init
WARNING: ClassPath identity changed for C:\Project\github\javavscode\netbeans\java\java.lsp.server\build\test\unit\work\o.n.m.j.l.s.p.S\sadm\Test.java@a11ced94:7656bf94, class path owner: null original sourcePath: C:\Project\github\javavscode\netbeans\java\java.lsp.server\build\test\unit\work\o.n.m.j.l.s.p.S\sadm new sourcePath: C:\Project\github\javavscode\netbeans\java\java.lsp.server\build\test\unit\work\o.n.m.j.l.s.p.S\sadm
Apr 09, 2024 7:07:24 PM org.netbeans.modules.java.source.parsing.JavacParser init
WARNING: ClassPath identity changed for C:\Project\github\javavscode\netbeans\java\java.lsp.server\build\test\unit\work\o.n.m.j.l.s.p.S\caiaamic\Test.java@6aafb03b:7e10de76, class path owner: null original sourcePath: C:\Project\github\javavscode\netbeans\java\java.lsp.server\build\test\unit\work\o.n.m.j.l.s.p.S\caiaamic new sourcePath: C:\Project\github\javavscode\netbeans\java\java.lsp.server\build\test\unit\work\o.n.m.j.l.s.p.S\caiaamic
Apr 09, 2024 7:07:24 PM org.netbeans.modules.java.source.parsing.JavacParser init
WARNING: ClassPath identity changed for C:\Project\github\javavscode\netbeans\java\java.lsp.server\build\test\unit\work\o.n.m.j.l.s.p.S\caiaamie\Test.java@94941ebd:2994612d, class path owner: null original sourcePath: C:\Project\github\javavscode\netbeans\java\java.lsp.server\build\test\unit\work\o.n.m.j.l.s.p.S\caiaamie new sourcePath: C:\Project\github\javavscode\netbeans\java\java.lsp.server\build\test\unit\work\o.n.m.j.l.s.p.S\caiaamie
Apr 09, 2024 7:07:24 PM org.netbeans.modules.java.source.parsing.JavacParser init
WARNING: ClassPath identity changed for C:\Project\github\javavscode\netbeans\java\java.lsp.server\build\test\unit\work\o.n.m.j.l.s.p.S\es\a\Test.java@d3cccff0:6cb3c558, class path owner: C:\Project\github\javavscode\netbeans\java\java.lsp.server\build\test\unit\work\o.n.m.j.l.s.p.S\es (class org.netbeans.modules.java.lsp.server.protocol.ServerTest$TestProjectFactory$4) original sourcePath: C:\Project\github\javavscode\netbeans\java\java.lsp.server\build\test\unit\work\o.n.m.j.l.s.p.S\es new sourcePath: C:\Project\github\javavscode\netbeans\java\java.lsp.server\build\test\unit\work\o.n.m.j.l.s.p.S\es
Apr 09, 2024 7:07:24 PM org.netbeans.modules.java.source.parsing.JavacParser init
WARNING: ClassPath identity changed for C:\Project\github\javavscode\netbeans\java\java.lsp.server\build\test\unit\work\o.n.m.j.l.s.p.S\gtd\Test.java@4389a3c:585917dc, class path owner: C:\Project\github\javavscode\netbeans\java\java.lsp.server\build\test\unit\work\o.n.m.j.l.s.p.S\gtd (class org.netbeans.modules.java.lsp.server.protocol.ServerTest$TestProjectFactory$4) original sourcePath: C:\Project\github\javavscode\netbeans\java\java.lsp.server\build\test\unit\work\o.n.m.j.l.s.p.S\gtd new sourcePath: C:\Project\github\javavscode\netbeans\java\java.lsp.server\build\test\unit\work\o.n.m.j.l.s.p.S\gtd
Apr 09, 2024 7:07:24 PM org.netbeans.modules.java.source.parsing.JavacParser init
WARNING: ClassPath identity changed for C:\Project\github\javavscode\netbeans\java\java.lsp.server\build\test\unit\work\o.n.m.j.l.s.p.S\ei\a\Test.java@82ad0cc6:656130a3, class path owner: C:\Project\github\javavscode\netbeans\java\java.lsp.server\build\test\unit\work\o.n.m.j.l.s.p.S\ei (class org.netbeans.modules.java.lsp.server.protocol.ServerTest$TestProjectFactory$4) original sourcePath: C:\Project\github\javavscode\netbeans\java\java.lsp.server\build\test\unit\work\o.n.m.j.l.s.p.S\ei new sourcePath: C:\Project\github\javavscode\netbeans\java\java.lsp.server\build\test\unit\work\o.n.m.j.l.s.p.S\ei
Apr 09, 2024 7:07:25 PM org.netbeans.modules.java.source.parsing.JavacParser init
WARNING: ClassPath identity changed for C:\Project\github\javavscode\netbeans\java\java.lsp.server\build\test\unit\work\o.n.m.j.l.s.p.S\fi\Test.java@bbcf84e0:227203f0, class path owner: C:\Project\github\javavscode\netbeans\java\java.lsp.server\build\test\unit\work\o.n.m.j.l.s.p.S\fi (class org.netbeans.modules.java.lsp.server.protocol.ServerTest$TestProjectFactory$4) original sourcePath: C:\Project\github\javavscode\netbeans\java\java.lsp.server\build\test\unit\work\o.n.m.j.l.s.p.S\fi new sourcePath: C:\Project\github\javavscode\netbeans\java\java.lsp.server\build\test\unit\work\o.n.m.j.l.s.p.S\fi
Apr 09, 2024 7:07:25 PM org.netbeans.modules.java.source.parsing.JavacParser init
WARNING: ClassPath identity changed for C:\Project\github\javavscode\netbeans\java\java.lsp.server\build\test\unit\work\o.n.m.j.l.s.p.S\fmd\Test.java@dfd91602:3eb32bd4, class path owner: null original sourcePath: C:\Project\github\javavscode\netbeans\java\java.lsp.server\build\test\unit\work\o.n.m.j.l.s.p.S\fmd new sourcePath: C:\Project\github\javavscode\netbeans\java\java.lsp.server\build\test\unit\work\o.n.m.j.l.s.p.S\fmd
Apr 09, 2024 7:07:25 PM org.netbeans.modules.java.source.parsing.JavacParser init
WARNING: ClassPath identity changed for C:\Project\github\javavscode\netbeans\java\java.lsp.server\build\test\unit\work\o.n.m.j.l.s.p.S\ac-1\Test.java@fa57ea5:269f56f5, class path owner: null original sourcePath: C:\Project\github\javavscode\netbeans\java\java.lsp.server\build\test\unit\work\o.n.m.j.l.s.p.S\ac-1 new sourcePath: C:\Project\github\javavscode\netbeans\java\java.lsp.server\build\test\unit\work\o.n.m.j.l.s.p.S\ac-1
Apr 09, 2024 7:07:26 PM org.netbeans.modules.java.source.parsing.JavacParser init
WARNING: ClassPath identity changed for C:\Project\github\javavscode\netbeans\java\java.lsp.server\build\test\unit\work\o.n.m.j.l.s.p.S\dopl\Test3.java@c2bd17e9:5e69a7b5, class path owner: null original sourcePath: C:\Project\github\javavscode\netbeans\java\java.lsp.server\build\test\unit\work\o.n.m.j.l.s.p.S\dopl new sourcePath: C:\Project\github\javavscode\netbeans\java\java.lsp.server\build\test\unit\work\o.n.m.j.l.s.p.S\dopl
Apr 09, 2024 7:07:27 PM org.netbeans.modules.java.source.parsing.JavacParser init
WARNING: ClassPath identity changed for C:\Project\github\javavscode\netbeans\java\java.lsp.server\build\test\unit\work\o.n.m.j.l.s.p.S\cagvfop\Test.java@112f0521:3e9d007a, class path owner: null original sourcePath: C:\Project\github\javavscode\netbeans\java\java.lsp.server\build\test\unit\work\o.n.m.j.l.s.p.S\cagvfop new sourcePath: C:\Project\github\javavscode\netbeans\java\java.lsp.server\build\test\unit\work\o.n.m.j.l.s.p.S\cagvfop
Apr 09, 2024 7:07:27 PM org.netbeans.modules.java.source.parsing.JavacParser init
WARNING: ClassPath identity changed for C:\Project\github\javavscode\netbeans\java\java.lsp.server\build\test\unit\work\o.n.m.j.l.s.p.S\cawr\Test.java@fdcab476:ee82eb0, class path owner: null original sourcePath: C:\Project\github\javavscode\netbeans\java\java.lsp.server\build\test\unit\work\o.n.m.j.l.s.p.S\cawr new sourcePath: C:\Project\github\javavscode\netbeans\java\java.lsp.server\build\test\unit\work\o.n.m.j.l.s.p.S\cawr
Apr 09, 2024 7:07:27 PM org.netbeans.modules.java.source.parsing.JavacParser init
WARNING: ClassPath identity changed for C:\Project\github\javavscode\netbeans\java\java.lsp.server\build\test\unit\work\o.n.m.j.l.s.p.S\caiaamiac\Test.java@49cd76ee:7dbf3adb, class path owner: null original sourcePath: C:\Project\github\javavscode\netbeans\java\java.lsp.server\build\test\unit\work\o.n.m.j.l.s.p.S\caiaamiac new sourcePath: C:\Project\github\javavscode\netbeans\java\java.lsp.server\build\test\unit\work\o.n.m.j.l.s.p.S\caiaamiac
Apr 09, 2024 7:07:27 PM org.netbeans.modules.java.source.parsing.JavacParser init
WARNING: ClassPath identity changed for C:\Project\github\javavscode\netbeans\java\java.lsp.server\build\test\unit\work\o.n.m.j.l.s.p.S\neahf\Other.java@483b2a71:121b1ca8, class path owner: null original sourcePath: C:\Project\github\javavscode\netbeans\java\java.lsp.server\build\test\unit\work\o.n.m.j.l.s.p.S\neahf new sourcePath: C:\Project\github\javavscode\netbeans\java\java.lsp.server\build\test\unit\work\o.n.m.j.l.s.p.S\neahf
Apr 09, 2024 7:07:28 PM org.netbeans.modules.java.source.parsing.JavacParser init
WARNING: ClassPath identity changed for C:\Project\github\javavscode\netbeans\java\java.lsp.server\build\test\unit\work\o.n.m.j.l.s.p.S\aioc\Test.java@b7538bfb:38faa7c9, class path owner: C:\Project\github\javavscode\netbeans\java\java.lsp.server\build\test\unit\work\o.n.m.j.l.s.p.S\aioc (class org.netbeans.modules.java.lsp.server.protocol.ServerTest$TestProjectFactory$4) original sourcePath: C:\Project\github\javavscode\netbeans\java\java.lsp.server\build\test\unit\work\o.n.m.j.l.s.p.S\aioc new sourcePath: C:\Project\github\javavscode\netbeans\java\java.lsp.server\build\test\unit\work\o.n.m.j.l.s.p.S\aioc
Creating a client for testcase: testFormatSelection
Apr 09, 2024 7:07:34 PM org.netbeans.modules.java.lsp.server.protocol.Server$LanguageServerImpl lambda$asyncOpenSelectedProjects1$9
INFO: 0 projects opened in 2ms
Creating a client for testcase: testPullUp
Apr 09, 2024 7:07:35 PM org.netbeans.modules.project.ui.OpenProjectList log
INFO: USG_PROJECT_OPEN
Apr 09, 2024 7:07:35 PM org.netbeans.modules.java.lsp.server.protocol.Server$LanguageServerImpl lambda$asyncOpenSelectedProjects1$9
INFO: 1 projects opened in 5ms
Apr 09, 2024 7:07:35 PM org.netbeans.modules.java.source.parsing.JavacParser init
WARNING: ClassPath identity changed for C:\Project\github\javavscode\netbeans\java\java.lsp.server\build\test\unit\work\o.n.m.j.l.s.p.S\fs\Test.java@8cde996a:7892c08, class path owner: null original sourcePath: C:\Project\github\javavscode\netbeans\java\java.lsp.server\build\test\unit\work\o.n.m.j.l.s.p.S\fs new sourcePath: C:\Project\github\javavscode\netbeans\java\java.lsp.server\build\test\unit\work\o.n.m.j.l.s.p.S\fs
Apr 09, 2024 7:07:35 PM org.netbeans.modules.parsing.impl.indexing.RepositoryUpdater$Work reportIndexingStart
INFO: Indexing started, time from last indexing 16,728 ms.
Apr 09, 2024 7:07:36 PM org.netbeans.modules.parsing.impl.indexing.RepositoryUpdater$RootsWork getDone
INFO: Resolving dependencies took: 444 ms
Apr 09, 2024 7:07:36 PM org.netbeans.modules.parsing.impl.indexing.RepositoryUpdater$AbstractRootsWork scanBinaries
INFO: Complete indexing of 71 binary roots took: 584 ms
Apr 09, 2024 7:07:38 PM org.netbeans.modules.parsing.impl.indexing.RepositoryUpdater$AbstractRootsWork scanSources
INFO: Indexing of: C:\Project\github\javavscode\netbeans\java\java.lsp.server\build\test\unit\work\o.n.m.j.l.s.p.S\pu took: 1,370 ms (New or modified files: 3, Deleted files: 0) [Adding listeners took: 1 ms]
Apr 09, 2024 7:07:38 PM org.netbeans.modules.parsing.impl.indexing.RepositoryUpdater$AbstractRootsWork scanSources
INFO: Complete indexing of 1 source roots took: 1,370 ms (New or modified files: 3, Deleted files: 0) [Adding listeners took: 1 ms]
Apr 09, 2024 7:07:38 PM org.netbeans.modules.parsing.impl.indexing.RepositoryUpdater$Work reportIndexerStatistics
INFO: Indexing finished, indexing took 2,400 ms.
Apr 09, 2024 7:07:38 PM org.netbeans.modules.java.source.parsing.JavacParser init
WARNING: ClassPath identity changed for C:\Project\github\javavscode\netbeans\java\java.lsp.server\build\test\unit\work\o.n.m.j.l.s.p.S\caiv\Test.java@e5a6f428:2fdd4c9b, class path owner: null original sourcePath: C:\Project\github\javavscode\netbeans\java\java.lsp.server\build\test\unit\work\o.n.m.j.l.s.p.S\caiv new sourcePath: C:\Project\github\javavscode\netbeans\java\java.lsp.server\build\test\unit\work\o.n.m.j.l.s.p.S\caiv
Apr 09, 2024 7:07:38 PM org.netbeans.modules.parsing.impl.indexing.RepositoryUpdater$Work reportIndexingStart
INFO: Indexing started, time from last indexing 782 ms.
Apr 09, 2024 7:07:39 PM org.netbeans.modules.java.source.parsing.JavacParser init
WARNING: ClassPath identity changed for C:\Project\github\javavscode\netbeans\java\java.lsp.server\build\test\unit\work\o.n.m.j.l.s.p.S\gttd\Test.java@fd6098da:1bce18d0, class path owner: C:\Project\github\javavscode\netbeans\java\java.lsp.server\build\test\unit\work\o.n.m.j.l.s.p.S\gttd (class org.netbeans.modules.java.lsp.server.protocol.ServerTest$TestProjectFactory$4) original sourcePath: C:\Project\github\javavscode\netbeans\java\java.lsp.server\build\test\unit\work\o.n.m.j.l.s.p.S\gttd new sourcePath: C:\Project\github\javavscode\netbeans\java\java.lsp.server\build\test\unit\work\o.n.m.j.l.s.p.S\gttd
Apr 09, 2024 7:07:39 PM org.netbeans.modules.java.source.parsing.JavacParser init
WARNING: ClassPath identity changed for C:\Project\github\javavscode\netbeans\java\java.lsp.server\build\test\unit\work\o.n.m.j.l.s.p.S\sal\Test.java@47563825:5e6be917, class path owner: null original sourcePath: C:\Project\github\javavscode\netbeans\java\java.lsp.server\build\test\unit\work\o.n.m.j.l.s.p.S\sal new sourcePath: C:\Project\github\javavscode\netbeans\java\java.lsp.server\build\test\unit\work\o.n.m.j.l.s.p.S\sal
Apr 09, 2024 7:07:39 PM org.netbeans.modules.java.source.parsing.JavacParser init
WARNING: ClassPath identity changed for C:\Project\github\javavscode\netbeans\java\java.lsp.server\build\test\unit\work\o.n.m.j.l.s.p.S\sh-2\Test.java@2ed17e39:17482c08, class path owner: null original sourcePath: C:\Project\github\javavscode\netbeans\java\java.lsp.server\build\test\unit\work\o.n.m.j.l.s.p.S\sh-2 new sourcePath: C:\Project\github\javavscode\netbeans\java\java.lsp.server\build\test\unit\work\o.n.m.j.l.s.p.S\sh-2
Apr 09, 2024 7:07:39 PM org.netbeans.modules.java.source.parsing.JavacParser init
WARNING: ClassPath identity changed for C:\Project\github\javavscode\netbeans\java\java.lsp.server\build\test\unit\work\o.n.m.j.l.s.p.S\rdccnro\Test.java@3b5ee87e:396e43e8, class path owner: C:\Project\github\javavscode\netbeans\java\java.lsp.server\build\test\unit\work\o.n.m.j.l.s.p.S\rdccnro (class org.netbeans.modules.java.lsp.server.protocol.ServerTest$TestProjectFactory$4) original sourcePath: C:\Project\github\javavscode\netbeans\java\java.lsp.server\build\test\unit\work\o.n.m.j.l.s.p.S\rdccnro new sourcePath: C:\Project\github\javavscode\netbeans\java\java.lsp.server\build\test\unit\work\o.n.m.j.l.s.p.S\rdccnro
Apr 09, 2024 7:07:40 PM org.netbeans.modules.java.source.parsing.JavacParser init
WARNING: ClassPath identity changed for C:\Project\github\javavscode\netbeans\java\java.lsp.server\build\test\unit\work\o.n.m.j.l.s.p.S\rdccnro\Test2.java@31d7fe0e:30dfc22a, class path owner: C:\Project\github\javavscode\netbeans\java\java.lsp.server\build\test\unit\work\o.n.m.j.l.s.p.S\rdccnro (class org.netbeans.modules.java.lsp.server.protocol.ServerTest$TestProjectFactory$4) original sourcePath: C:\Project\github\javavscode\netbeans\java\java.lsp.server\build\test\unit\work\o.n.m.j.l.s.p.S\rdccnro new sourcePath: C:\Project\github\javavscode\netbeans\java\java.lsp.server\build\test\unit\work\o.n.m.j.l.s.p.S\rdccnro
Apr 09, 2024 7:07:40 PM org.netbeans.modules.java.source.parsing.JavacParser init
WARNING: ClassPath identity changed for C:\Project\github\javavscode\netbeans\java\java.lsp.server\build\test\unit\work\o.n.m.j.l.s.p.S\m\Test.java@d6eadd12:4ca89157, class path owner: null original sourcePath: C:\Project\github\javavscode\netbeans\java\java.lsp.server\build\test\unit\work\o.n.m.j.l.s.p.S\m new sourcePath: C:\Project\github\javavscode\netbeans\java\java.lsp.server\build\test\unit\work\o.n.m.j.l.s.p.S\m
Apr 09, 2024 7:07:40 PM org.netbeans.modules.java.source.indexing.JavaCustomIndexer index
WARNING: Ignoring root with no ClassPath: C:\Project\github\javavscode\netbeans\java\java.lsp.server\build\test\unit\work\o.n.m.j.l.s.p.S\n
Apr 09, 2024 7:07:40 PM org.netbeans.modules.project.ui.OpenProjectList log
INFO: USG_PROJECT_CLOSE
Apr 09, 2024 7:07:40 PM org.netbeans.modules.java.source.parsing.JavacParser init
WARNING: ClassPath identity changed for C:\Project\github\javavscode\netbeans\java\java.lsp.server\build\test\unit\work\o.n.m.j.l.s.p.S\fd\Test.java@d377063d:aa719f3, class path owner: null original sourcePath: C:\Project\github\javavscode\netbeans\java\java.lsp.server\build\test\unit\work\o.n.m.j.l.s.p.S\fd new sourcePath: C:\Project\github\javavscode\netbeans\java\java.lsp.server\build\test\unit\work\o.n.m.j.l.s.p.S\fd
Creating a client for testcase: testOpenProjectOpenJDK
Apr 09, 2024 7:07:41 PM org.netbeans.modules.project.ui.OpenProjectList log
INFO: USG_PROJECT_OPEN
Apr 09, 2024 7:07:41 PM org.netbeans.modules.java.lsp.server.protocol.Server$LanguageServerImpl lambda$asyncOpenSelectedProjects1$9
INFO: 1 projects opened in 331ms
Apr 09, 2024 7:07:41 PM org.netbeans.modules.java.source.parsing.JavacParser init
WARNING: ClassPath identity changed for C:\Project\github\javavscode\netbeans\java\java.lsp.server\build\test\unit\work\o.n.m.j.l.s.p.S\snuf\Test.java@2e52710b:7cb85615, class path owner: null original sourcePath: C:\Project\github\javavscode\netbeans\java\java.lsp.server\build\test\unit\work\o.n.m.j.l.s.p.S\snuf new sourcePath: C:\Project\github\javavscode\netbeans\java\java.lsp.server\build\test\unit\work\o.n.m.j.l.s.p.S\snuf
Apr 09, 2024 7:07:42 PM org.netbeans.modules.java.source.parsing.JavacParser init
WARNING: ClassPath identity changed for C:\Project\github\javavscode\netbeans\java\java.lsp.server\build\test\unit\work\o.n.m.j.l.s.p.S\sats\Test.java@99966bea:2a3e4e30, class path owner: null original sourcePath: C:\Project\github\javavscode\netbeans\java\java.lsp.server\build\test\unit\work\o.n.m.j.l.s.p.S\sats new sourcePath: C:\Project\github\javavscode\netbeans\java\java.lsp.server\build\test\unit\work\o.n.m.j.l.s.p.S\sats
Apr 09, 2024 7:07:42 PM org.netbeans.modules.java.source.parsing.JavacParser init
WARNING: ClassPath identity changed for C:\Project\github\javavscode\netbeans\java\java.lsp.server\build\test\unit\work\o.n.m.j.l.s.p.S\cagc-1\Test.java@a81f445d:193654e9, class path owner: null original sourcePath: C:\Project\github\javavscode\netbeans\java\java.lsp.server\build\test\unit\work\o.n.m.j.l.s.p.S\cagc-1 new sourcePath: C:\Project\github\javavscode\netbeans\java\java.lsp.server\build\test\unit\work\o.n.m.j.l.s.p.S\cagc-1
Apr 09, 2024 7:07:42 PM org.netbeans.modules.java.source.parsing.JavacParser init
WARNING: ClassPath identity changed for C:\Project\github\javavscode\netbeans\java\java.lsp.server\build\test\unit\work\o.n.m.j.l.s.p.S\sags\Test.java@356d8d39:5a679c35, class path owner: null original sourcePath: C:\Project\github\javavscode\netbeans\java\java.lsp.server\build\test\unit\work\o.n.m.j.l.s.p.S\sags new sourcePath: C:\Project\github\javavscode\netbeans\java\java.lsp.server\build\test\unit\work\o.n.m.j.l.s.p.S\sags
Apr 09, 2024 7:07:42 PM org.netbeans.modules.parsing.impl.indexing.RepositoryUpdater$Work reportIndexerStatistics
INFO: Indexing finished, indexing took 4,097 ms.
Apr 09, 2024 7:07:42 PM org.netbeans.modules.parsing.impl.indexing.RepositoryUpdater$Work reportIndexingStart
INFO: Indexing started, time from last indexing 1 ms.
Apr 09, 2024 7:07:43 PM org.netbeans.modules.java.source.parsing.JavacParser init
WARNING: ClassPath identity changed for C:\Project\github\javavscode\netbeans\java\java.lsp.server\build\test\unit\work\o.n.m.j.l.s.p.S\caiv\Test.java@e5a6f428:2fdd4c9b, class path owner: null original sourcePath: C:\Project\github\javavscode\netbeans\java\java.lsp.server\build\test\unit\work\o.n.m.j.l.s.p.S\caiv new sourcePath: C:\Project\github\javavscode\netbeans\java\java.lsp.server\build\test\unit\work\o.n.m.j.l.s.p.S\caiv
Apr 09, 2024 7:07:45 PM org.netbeans.modules.java.source.indexing.JavaCustomIndexer index
WARNING: Ignoring root with no ClassPath: C:\Project\github\javavscode\netbeans\java\java.lsp.server\build\test\unit\work\o.n.m.j.l.s.p.S\saom
Apr 09, 2024 7:07:45 PM org.netbeans.modules.java.source.parsing.JavacParser init
WARNING: ClassPath identity changed for C:\Project\github\javavscode\netbeans\java\java.lsp.server\build\test\unit\work\o.n.m.j.l.s.p.S\gttd\Test.java@fd6098da:1bce18d0, class path owner: C:\Project\github\javavscode\netbeans\java\java.lsp.server\build\test\unit\work\o.n.m.j.l.s.p.S\gttd (class org.netbeans.modules.java.lsp.server.protocol.ServerTest$TestProjectFactory$4) original sourcePath: C:\Project\github\javavscode\netbeans\java\java.lsp.server\build\test\unit\work\o.n.m.j.l.s.p.S\gttd new sourcePath: C:\Project\github\javavscode\netbeans\java\java.lsp.server\build\test\unit\work\o.n.m.j.l.s.p.S\gttd
Apr 09, 2024 7:07:45 PM org.netbeans.modules.java.source.parsing.JavacParser init
WARNING: ClassPath identity changed for C:\Project\github\javavscode\netbeans\java\java.lsp.server\build\test\unit\work\o.n.m.j.l.s.p.S\saom\Test.java@f5a2868b:26db57a8, class path owner: null original sourcePath: C:\Project\github\javavscode\netbeans\java\java.lsp.server\build\test\unit\work\o.n.m.j.l.s.p.S\saom new sourcePath: C:\Project\github\javavscode\netbeans\java\java.lsp.server\build\test\unit\work\o.n.m.j.l.s.p.S\saom
Apr 09, 2024 7:07:45 PM org.netbeans.modules.java.source.parsing.JavacParser init
WARNING: ClassPath identity changed for C:\Project\github\javavscode\netbeans\java\java.lsp.server\build\test\unit\work\o.n.m.j.l.s.p.S\sal\Test.java@47563825:5e6be917, class path owner: null original sourcePath: C:\Project\github\javavscode\netbeans\java\java.lsp.server\build\test\unit\work\o.n.m.j.l.s.p.S\sal new sourcePath: C:\Project\github\javavscode\netbeans\java\java.lsp.server\build\test\unit\work\o.n.m.j.l.s.p.S\sal
Apr 09, 2024 7:07:46 PM org.netbeans.modules.java.source.parsing.JavacParser init
WARNING: ClassPath identity changed for C:\Project\github\javavscode\netbeans\java\java.lsp.server\build\test\unit\work\o.n.m.j.l.s.p.S\sh-2\Test.java@2ed17e39:17482c08, class path owner: null original sourcePath: C:\Project\github\javavscode\netbeans\java\java.lsp.server\build\test\unit\work\o.n.m.j.l.s.p.S\sh-2 new sourcePath: C:\Project\github\javavscode\netbeans\java\java.lsp.server\build\test\unit\work\o.n.m.j.l.s.p.S\sh-2
Apr 09, 2024 7:07:46 PM org.netbeans.modules.java.source.parsing.JavacParser init
WARNING: ClassPath identity changed for C:\Project\github\javavscode\netbeans\java\java.lsp.server\build\test\unit\work\o.n.m.j.l.s.p.S\rdccnro\Test.java@3b5ee87e:396e43e8, class path owner: C:\Project\github\javavscode\netbeans\java\java.lsp.server\build\test\unit\work\o.n.m.j.l.s.p.S\rdccnro (class org.netbeans.modules.java.lsp.server.protocol.ServerTest$TestProjectFactory$4) original sourcePath: C:\Project\github\javavscode\netbeans\java\java.lsp.server\build\test\unit\work\o.n.m.j.l.s.p.S\rdccnro new sourcePath: C:\Project\github\javavscode\netbeans\java\java.lsp.server\build\test\unit\work\o.n.m.j.l.s.p.S\rdccnro
Apr 09, 2024 7:07:46 PM org.netbeans.modules.java.source.parsing.JavacParser init
WARNING: ClassPath identity changed for C:\Project\github\javavscode\netbeans\java\java.lsp.server\build\test\unit\work\o.n.m.j.l.s.p.S\rdccnro\Test2.java@31d7fe0e:30dfc22a, class path owner: C:\Project\github\javavscode\netbeans\java\java.lsp.server\build\test\unit\work\o.n.m.j.l.s.p.S\rdccnro (class org.netbeans.modules.java.lsp.server.protocol.ServerTest$TestProjectFactory$4) original sourcePath: C:\Project\github\javavscode\netbeans\java\java.lsp.server\build\test\unit\work\o.n.m.j.l.s.p.S\rdccnro new sourcePath: C:\Project\github\javavscode\netbeans\java\java.lsp.server\build\test\unit\work\o.n.m.j.l.s.p.S\rdccnro
Apr 09, 2024 7:07:46 PM org.netbeans.modules.java.source.parsing.JavacParser init
WARNING: ClassPath identity changed for C:\Project\github\javavscode\netbeans\java\java.lsp.server\build\test\unit\work\o.n.m.j.l.s.p.S\m\Test.java@d6eadd12:4ca89157, class path owner: null original sourcePath: C:\Project\github\javavscode\netbeans\java\java.lsp.server\build\test\unit\work\o.n.m.j.l.s.p.S\m new sourcePath: C:\Project\github\javavscode\netbeans\java\java.lsp.server\build\test\unit\work\o.n.m.j.l.s.p.S\m
Apr 09, 2024 7:07:47 PM org.netbeans.modules.parsing.impl.indexing.RepositoryUpdater$Work reportIndexerStatistics
INFO: Indexing finished, indexing took 4,152 ms.
Apr 09, 2024 7:07:47 PM org.netbeans.modules.parsing.impl.indexing.RepositoryUpdater$Work reportIndexingStart
INFO: Indexing started, time from last indexing 0 ms.
Apr 09, 2024 7:07:47 PM org.netbeans.modules.java.source.parsing.JavacParser init
WARNING: ClassPath identity changed for C:\Project\github\javavscode\netbeans\java\java.lsp.server\build\test\unit\work\o.n.m.j.l.s.p.S\fd\Test.java@d377063d:aa719f3, class path owner: null original sourcePath: C:\Project\github\javavscode\netbeans\java\java.lsp.server\build\test\unit\work\o.n.m.j.l.s.p.S\fd new sourcePath: C:\Project\github\javavscode\netbeans\java\java.lsp.server\build\test\unit\work\o.n.m.j.l.s.p.S\fd
Apr 09, 2024 7:07:47 PM org.netbeans.modules.java.source.parsing.JavacParser init
WARNING: ClassPath identity changed for C:\Project\github\javavscode\netbeans\java\java.lsp.server\build\test\unit\work\o.n.m.j.l.s.p.S\snuf\Test.java@2e52710b:7cb85615, class path owner: null original sourcePath: C:\Project\github\javavscode\netbeans\java\java.lsp.server\build\test\unit\work\o.n.m.j.l.s.p.S\snuf new sourcePath: C:\Project\github\javavscode\netbeans\java\java.lsp.server\build\test\unit\work\o.n.m.j.l.s.p.S\snuf
Apr 09, 2024 7:07:48 PM org.netbeans.modules.java.source.parsing.JavacParser init
WARNING: ClassPath identity changed for C:\Project\github\javavscode\netbeans\java\java.lsp.server\build\test\unit\work\o.n.m.j.l.s.p.S\sats\Test.java@99966bea:2a3e4e30, class path owner: null original sourcePath: C:\Project\github\javavscode\netbeans\java\java.lsp.server\build\test\unit\work\o.n.m.j.l.s.p.S\sats new sourcePath: C:\Project\github\javavscode\netbeans\java\java.lsp.server\build\test\unit\work\o.n.m.j.l.s.p.S\sats
Apr 09, 2024 7:07:48 PM org.netbeans.modules.java.source.parsing.JavacParser init
WARNING: ClassPath identity changed for C:\Project\github\javavscode\netbeans\java\java.lsp.server\build\test\unit\work\o.n.m.j.l.s.p.S\cagc-1\Test.java@a81f445d:193654e9, class path owner: null original sourcePath: C:\Project\github\javavscode\netbeans\java\java.lsp.server\build\test\unit\work\o.n.m.j.l.s.p.S\cagc-1 new sourcePath: C:\Project\github\javavscode\netbeans\java\java.lsp.server\build\test\unit\work\o.n.m.j.l.s.p.S\cagc-1
Apr 09, 2024 7:07:48 PM org.netbeans.modules.java.source.indexing.JavaCustomIndexer index
WARNING: Ignoring root with no ClassPath: C:\Project\github\javavscode\netbeans\java\java.lsp.server\build\test\unit\work\o.n.m.j.l.s.p.S\fs
Apr 09, 2024 7:07:48 PM org.netbeans.modules.java.source.parsing.JavacParser init
WARNING: ClassPath identity changed for C:\Project\github\javavscode\netbeans\java\java.lsp.server\build\test\unit\work\o.n.m.j.l.s.p.S\sags\Test.java@356d8d39:5a679c35, class path owner: null original sourcePath: C:\Project\github\javavscode\netbeans\java\java.lsp.server\build\test\unit\work\o.n.m.j.l.s.p.S\sags new sourcePath: C:\Project\github\javavscode\netbeans\java\java.lsp.server\build\test\unit\work\o.n.m.j.l.s.p.S\sags
Apr 09, 2024 7:07:49 PM org.netbeans.modules.java.source.parsing.JavacParser init
WARNING: ClassPath identity changed for C:\Project\github\javavscode\netbeans\java\java.lsp.server\build\test\unit\work\o.n.m.j.l.s.p.S\caiv\Test.java@e5a6f428:2fdd4c9b, class path owner: null original sourcePath: C:\Project\github\javavscode\netbeans\java\java.lsp.server\build\test\unit\work\o.n.m.j.l.s.p.S\caiv new sourcePath: C:\Project\github\javavscode\netbeans\java\java.lsp.server\build\test\unit\work\o.n.m.j.l.s.p.S\caiv
Apr 09, 2024 7:07:49 PM org.netbeans.modules.java.source.parsing.JavacParser init
WARNING: ClassPath identity changed for C:\Project\github\javavscode\netbeans\java\java.lsp.server\build\test\unit\work\o.n.m.j.l.s.p.S\gttd\Test.java@fd6098da:1bce18d0, class path owner: C:\Project\github\javavscode\netbeans\java\java.lsp.server\build\test\unit\work\o.n.m.j.l.s.p.S\gttd (class org.netbeans.modules.java.lsp.server.protocol.ServerTest$TestProjectFactory$4) original sourcePath: C:\Project\github\javavscode\netbeans\java\java.lsp.server\build\test\unit\work\o.n.m.j.l.s.p.S\gttd new sourcePath: C:\Project\github\javavscode\netbeans\java\java.lsp.server\build\test\unit\work\o.n.m.j.l.s.p.S\gttd
Apr 09, 2024 7:07:49 PM org.netbeans.modules.parsing.impl.indexing.RepositoryUpdater$Work reportIndexerStatistics
INFO: Indexing finished, indexing took 2,735 ms.
Apr 09, 2024 7:07:49 PM org.netbeans.modules.parsing.impl.indexing.RepositoryUpdater$Work reportIndexingStart
INFO: Indexing started, time from last indexing 0 ms.
Apr 09, 2024 7:07:50 PM org.netbeans.modules.java.source.parsing.JavacParser init
WARNING: ClassPath identity changed for C:\Project\github\javavscode\netbeans\java\java.lsp.server\build\test\unit\work\o.n.m.j.l.s.p.S\caiv\Test.java@e5a6f428:2fdd4c9b, class path owner: null original sourcePath: C:\Project\github\javavscode\netbeans\java\java.lsp.server\build\test\unit\work\o.n.m.j.l.s.p.S\caiv new sourcePath: C:\Project\github\javavscode\netbeans\java\java.lsp.server\build\test\unit\work\o.n.m.j.l.s.p.S\caiv
Apr 09, 2024 7:07:50 PM org.netbeans.modules.parsing.impl.indexing.RepositoryUpdater$RootsWork getDone
INFO: Resolving dependencies took: 830 ms
Apr 09, 2024 7:07:50 PM org.netbeans.modules.java.source.parsing.JavacParser init
WARNING: ClassPath identity changed for C:\Project\github\javavscode\netbeans\java\java.lsp.server\build\test\unit\work\o.n.m.j.l.s.p.S\ac\Test.java@181a3381:56a1cd94, class path owner: C:\Project\github\javavscode\netbeans\java\java.lsp.server\build\test\unit\work\o.n.m.j.l.s.p.S\ac (class org.netbeans.modules.java.lsp.server.protocol.ServerTest$TestProjectFactory$4) original sourcePath: C:\Project\github\javavscode\netbeans\java\java.lsp.server\build\test\unit\work\o.n.m.j.l.s.p.S\ac new sourcePath: C:\Project\github\javavscode\netbeans\java\java.lsp.server\build\test\unit\work\o.n.m.j.l.s.p.S\ac
Apr 09, 2024 7:07:51 PM org.netbeans.modules.java.source.parsing.JavacParser init
WARNING: ClassPath identity changed for C:\Project\github\javavscode\netbeans\java\java.lsp.server\build\test\unit\work\o.n.m.j.l.s.p.S\gttd\Test.java@fd6098da:1bce18d0, class path owner: C:\Project\github\javavscode\netbeans\java\java.lsp.server\build\test\unit\work\o.n.m.j.l.s.p.S\gttd (class org.netbeans.modules.java.lsp.server.protocol.ServerTest$TestProjectFactory$4) original sourcePath: C:\Project\github\javavscode\netbeans\java\java.lsp.server\build\test\unit\work\o.n.m.j.l.s.p.S\gttd new sourcePath: C:\Project\github\javavscode\netbeans\java\java.lsp.server\build\test\unit\work\o.n.m.j.l.s.p.S\gttd
Apr 09, 2024 7:07:51 PM org.netbeans.modules.java.source.usages.BinaryAnalyser$ArchiveProcessor executeImpl
WARNING: Invalid class file format: file:/C:/Project/github/javavscode/netbeans/nbbuild/netbeans/java/modules/ext/fakeJdkClasses.zip!/java/lang/AssertionError.class
Apr 09, 2024 7:07:51 PM org.netbeans.modules.java.source.usages.BinaryAnalyser$ArchiveProcessor executeImpl
INFO: Class File Exception Details
org.netbeans.modules.classfile.InvalidClassFormatException
	at org.netbeans.modules.classfile.ClassFile.load(ClassFile.java:174)
	at org.netbeans.modules.classfile.ClassFile.<init>(ClassFile.java:126)
	at org.netbeans.modules.classfile.ClassFile.<init>(ClassFile.java:73)
	at org.netbeans.modules.java.source.usages.BinaryAnalyser.analyse(BinaryAnalyser.java:670)
	at org.netbeans.modules.java.source.usages.BinaryAnalyser.access$800(BinaryAnalyser.java:119)
	at org.netbeans.modules.java.source.usages.BinaryAnalyser$ArchiveProcessor.executeImpl(BinaryAnalyser.java:1297)
	at org.netbeans.modules.java.source.usages.BinaryAnalyser$RootProcessor.execute(BinaryAnalyser.java:1187)
	at org.netbeans.modules.java.source.usages.BinaryAnalyser.analyse(BinaryAnalyser.java:376)
	at org.netbeans.modules.java.source.usages.BinaryAnalyser.analyse(BinaryAnalyser.java:360)
	at org.netbeans.modules.java.source.indexing.JavaBinaryIndexer.doIndex(JavaBinaryIndexer.java:101)
	at org.netbeans.modules.java.source.indexing.JavaBinaryIndexer.index(JavaBinaryIndexer.java:86)
	at org.netbeans.modules.parsing.spi.indexing.Indexable$MyAccessor$1.run(Indexable.java:126)
	at org.netbeans.modules.parsing.impl.indexing.RepositoryUpdater.runIndexer(RepositoryUpdater.java:274)
	at org.netbeans.modules.parsing.spi.indexing.Indexable$MyAccessor.index(Indexable.java:124)
	at org.netbeans.modules.parsing.impl.indexing.RepositoryUpdater$Work.indexBinary(RepositoryUpdater.java:3099)
	at org.netbeans.modules.parsing.impl.indexing.RepositoryUpdater$AbstractRootsWork.lambda$scanBinary$2(RepositoryUpdater.java:5363)
	at org.netbeans.modules.parsing.impl.indexing.RepositoryUpdater.lambda$runInContext$4(RepositoryUpdater.java:2119)
	at org.openide.util.lookup.Lookups.executeWith(Lookups.java:288)
	at org.netbeans.modules.parsing.impl.indexing.RepositoryUpdater.runInContext(RepositoryUpdater.java:2117)
	at org.netbeans.modules.parsing.impl.indexing.RepositoryUpdater.runInContext(RepositoryUpdater.java:2106)
	at org.netbeans.modules.parsing.impl.indexing.RepositoryUpdater.access$1900(RepositoryUpdater.java:135)
	at org.netbeans.modules.parsing.impl.indexing.RepositoryUpdater$AbstractRootsWork.scanBinary(RepositoryUpdater.java:5391)
	at org.netbeans.modules.parsing.impl.indexing.RepositoryUpdater$AbstractRootsWork.lambda$scanBinaries$0(RepositoryUpdater.java:5308)
	at org.netbeans.modules.parsing.impl.indexing.IndexBinaryWorkPool$SequentialStrategy.execute(IndexBinaryWorkPool.java:99)
	at org.netbeans.modules.parsing.impl.indexing.IndexBinaryWorkPool.execute(IndexBinaryWorkPool.java:67)
	at org.netbeans.modules.parsing.impl.indexing.RepositoryUpdater$AbstractRootsWork.scanBinaries(RepositoryUpdater.java:5315)
	at org.netbeans.modules.parsing.impl.indexing.RepositoryUpdater$RootsWork.getDone(RepositoryUpdater.java:5073)
	at org.netbeans.modules.parsing.impl.indexing.RepositoryUpdater$Work.doTheWork(RepositoryUpdater.java:3452)
	at org.netbeans.modules.parsing.impl.indexing.RepositoryUpdater$Task._run(RepositoryUpdater.java:6197)
	at org.netbeans.modules.parsing.impl.indexing.RepositoryUpdater$Task.access$3400(RepositoryUpdater.java:5855)
	at org.netbeans.modules.parsing.impl.indexing.RepositoryUpdater$Task$2.lambda$call$0(RepositoryUpdater.java:6116)
	at org.netbeans.modules.openide.util.GlobalLookup.execute(GlobalLookup.java:45)
	at org.openide.util.lookup.Lookups.executeWith(Lookups.java:287)
	at org.netbeans.modules.parsing.impl.RunWhenScanFinishedSupport.performScan(RunWhenScanFinishedSupport.java:83)
	at org.netbeans.modules.parsing.impl.indexing.RepositoryUpdater$Task$2.call(RepositoryUpdater.java:6116)
	at org.netbeans.modules.parsing.impl.indexing.RepositoryUpdater$Task$2.call(RepositoryUpdater.java:6112)
	at org.netbeans.modules.masterfs.filebasedfs.utils.FileChangedManager.priorityIO(FileChangedManager.java:153)
	at org.netbeans.modules.masterfs.providers.ProvidedExtensions.priorityIO(ProvidedExtensions.java:335)
	at org.netbeans.modules.parsing.nb.DataObjectEnvFactory.runPriorityIO(DataObjectEnvFactory.java:118)
	at org.netbeans.modules.parsing.impl.Utilities.runPriorityIO(Utilities.java:67)
	at org.netbeans.modules.parsing.impl.indexing.RepositoryUpdater$Task.run(RepositoryUpdater.java:6112)
	at java.base/java.util.concurrent.Executors$RunnableAdapter.call(Executors.java:539)
	at java.base/java.util.concurrent.FutureTask.run(FutureTask.java:264)
	at org.openide.util.RequestProcessor$Task.run(RequestProcessor.java:1420)
	at org.netbeans.modules.openide.util.GlobalLookup.execute(GlobalLookup.java:45)
	at org.openide.util.lookup.Lookups.executeWith(Lookups.java:287)
	at org.openide.util.RequestProcessor$Processor.run(RequestProcessor.java:2035)
Caused by: java.io.EOFException
	at java.base/java.io.DataInputStream.readInt(DataInputStream.java:398)
	at org.netbeans.modules.classfile.ClassFile.loadClassHeader(ClassFile.java:183)
	at org.netbeans.modules.classfile.ClassFile.load(ClassFile.java:168)
	... 46 more

Apr 09, 2024 7:07:51 PM org.netbeans.modules.java.source.usages.BinaryAnalyser$ArchiveProcessor executeImpl
WARNING: Invalid class file format: file:/C:/Project/github/javavscode/netbeans/nbbuild/netbeans/java/modules/ext/fakeJdkClasses.zip!/java/lang/AutoCloseable.class
Apr 09, 2024 7:07:51 PM org.netbeans.modules.java.source.usages.BinaryAnalyser$ArchiveProcessor executeImpl
INFO: Class File Exception Details
org.netbeans.modules.classfile.InvalidClassFormatException
	at org.netbeans.modules.classfile.ClassFile.load(ClassFile.java:174)
	at org.netbeans.modules.classfile.ClassFile.<init>(ClassFile.java:126)
	at org.netbeans.modules.classfile.ClassFile.<init>(ClassFile.java:73)
	at org.netbeans.modules.java.source.usages.BinaryAnalyser.analyse(BinaryAnalyser.java:670)
	at org.netbeans.modules.java.source.usages.BinaryAnalyser.access$800(BinaryAnalyser.java:119)
	at org.netbeans.modules.java.source.usages.BinaryAnalyser$ArchiveProcessor.executeImpl(BinaryAnalyser.java:1297)
	at org.netbeans.modules.java.source.usages.BinaryAnalyser$RootProcessor.execute(BinaryAnalyser.java:1187)
	at org.netbeans.modules.java.source.usages.BinaryAnalyser.analyse(BinaryAnalyser.java:376)
	at org.netbeans.modules.java.source.usages.BinaryAnalyser.analyse(BinaryAnalyser.java:360)
	at org.netbeans.modules.java.source.indexing.JavaBinaryIndexer.doIndex(JavaBinaryIndexer.java:101)
	at org.netbeans.modules.java.source.indexing.JavaBinaryIndexer.index(JavaBinaryIndexer.java:86)
	at org.netbeans.modules.parsing.spi.indexing.Indexable$MyAccessor$1.run(Indexable.java:126)
	at org.netbeans.modules.parsing.impl.indexing.RepositoryUpdater.runIndexer(RepositoryUpdater.java:274)
	at org.netbeans.modules.parsing.spi.indexing.Indexable$MyAccessor.index(Indexable.java:124)
	at org.netbeans.modules.parsing.impl.indexing.RepositoryUpdater$Work.indexBinary(RepositoryUpdater.java:3099)
	at org.netbeans.modules.parsing.impl.indexing.RepositoryUpdater$AbstractRootsWork.lambda$scanBinary$2(RepositoryUpdater.java:5363)
	at org.netbeans.modules.parsing.impl.indexing.RepositoryUpdater.lambda$runInContext$4(RepositoryUpdater.java:2119)
	at org.openide.util.lookup.Lookups.executeWith(Lookups.java:288)
	at org.netbeans.modules.parsing.impl.indexing.RepositoryUpdater.runInContext(RepositoryUpdater.java:2117)
	at org.netbeans.modules.parsing.impl.indexing.RepositoryUpdater.runInContext(RepositoryUpdater.java:2106)
	at org.netbeans.modules.parsing.impl.indexing.RepositoryUpdater.access$1900(RepositoryUpdater.java:135)
	at org.netbeans.modules.parsing.impl.indexing.RepositoryUpdater$AbstractRootsWork.scanBinary(RepositoryUpdater.java:5391)
	at org.netbeans.modules.parsing.impl.indexing.RepositoryUpdater$AbstractRootsWork.lambda$scanBinaries$0(RepositoryUpdater.java:5308)
	at org.netbeans.modules.parsing.impl.indexing.IndexBinaryWorkPool$SequentialStrategy.execute(IndexBinaryWorkPool.java:99)
	at org.netbeans.modules.parsing.impl.indexing.IndexBinaryWorkPool.execute(IndexBinaryWorkPool.java:67)
	at org.netbeans.modules.parsing.impl.indexing.RepositoryUpdater$AbstractRootsWork.scanBinaries(RepositoryUpdater.java:5315)
	at org.netbeans.modules.parsing.impl.indexing.RepositoryUpdater$RootsWork.getDone(RepositoryUpdater.java:5073)
	at org.netbeans.modules.parsing.impl.indexing.RepositoryUpdater$Work.doTheWork(RepositoryUpdater.java:3452)
	at org.netbeans.modules.parsing.impl.indexing.RepositoryUpdater$Task._run(RepositoryUpdater.java:6197)
	at org.netbeans.modules.parsing.impl.indexing.RepositoryUpdater$Task.access$3400(RepositoryUpdater.java:5855)
	at org.netbeans.modules.parsing.impl.indexing.RepositoryUpdater$Task$2.lambda$call$0(RepositoryUpdater.java:6116)
	at org.netbeans.modules.openide.util.GlobalLookup.execute(GlobalLookup.java:45)
	at org.openide.util.lookup.Lookups.executeWith(Lookups.java:287)
	at org.netbeans.modules.parsing.impl.RunWhenScanFinishedSupport.performScan(RunWhenScanFinishedSupport.java:83)
	at org.netbeans.modules.parsing.impl.indexing.RepositoryUpdater$Task$2.call(RepositoryUpdater.java:6116)
	at org.netbeans.modules.parsing.impl.indexing.RepositoryUpdater$Task$2.call(RepositoryUpdater.java:6112)
	at org.netbeans.modules.masterfs.filebasedfs.utils.FileChangedManager.priorityIO(FileChangedManager.java:153)
	at org.netbeans.modules.masterfs.providers.ProvidedExtensions.priorityIO(ProvidedExtensions.java:335)
	at org.netbeans.modules.parsing.nb.DataObjectEnvFactory.runPriorityIO(DataObjectEnvFactory.java:118)
	at org.netbeans.modules.parsing.impl.Utilities.runPriorityIO(Utilities.java:67)
	at org.netbeans.modules.parsing.impl.indexing.RepositoryUpdater$Task.run(RepositoryUpdater.java:6112)
	at java.base/java.util.concurrent.Executors$RunnableAdapter.call(Executors.java:539)
	at java.base/java.util.concurrent.FutureTask.run(FutureTask.java:264)
	at org.openide.util.RequestProcessor$Task.run(RequestProcessor.java:1420)
	at org.netbeans.modules.openide.util.GlobalLookup.execute(GlobalLookup.java:45)
	at org.openide.util.lookup.Lookups.executeWith(Lookups.java:287)
	at org.openide.util.RequestProcessor$Processor.run(RequestProcessor.java:2035)
Caused by: java.io.EOFException
	at java.base/java.io.DataInputStream.readInt(DataInputStream.java:398)
	at org.netbeans.modules.classfile.ClassFile.loadClassHeader(ClassFile.java:183)
	at org.netbeans.modules.classfile.ClassFile.load(ClassFile.java:168)
	... 46 more

Apr 09, 2024 7:07:51 PM org.netbeans.modules.java.source.usages.BinaryAnalyser$ArchiveProcessor executeImpl
WARNING: Invalid class file format: file:/C:/Project/github/javavscode/netbeans/nbbuild/netbeans/java/modules/ext/fakeJdkClasses.zip!/java/lang/StringBuilder.class
Apr 09, 2024 7:07:51 PM org.netbeans.modules.java.source.usages.BinaryAnalyser$ArchiveProcessor executeImpl
INFO: Class File Exception Details
org.netbeans.modules.classfile.InvalidClassFormatException
	at org.netbeans.modules.classfile.ClassFile.load(ClassFile.java:174)
	at org.netbeans.modules.classfile.ClassFile.<init>(ClassFile.java:126)
	at org.netbeans.modules.classfile.ClassFile.<init>(ClassFile.java:73)
	at org.netbeans.modules.java.source.usages.BinaryAnalyser.analyse(BinaryAnalyser.java:670)
	at org.netbeans.modules.java.source.usages.BinaryAnalyser.access$800(BinaryAnalyser.java:119)
	at org.netbeans.modules.java.source.usages.BinaryAnalyser$ArchiveProcessor.executeImpl(BinaryAnalyser.java:1297)
	at org.netbeans.modules.java.source.usages.BinaryAnalyser$RootProcessor.execute(BinaryAnalyser.java:1187)
	at org.netbeans.modules.java.source.usages.BinaryAnalyser.analyse(BinaryAnalyser.java:376)
	at org.netbeans.modules.java.source.usages.BinaryAnalyser.analyse(BinaryAnalyser.java:360)
	at org.netbeans.modules.java.source.indexing.JavaBinaryIndexer.doIndex(JavaBinaryIndexer.java:101)
	at org.netbeans.modules.java.source.indexing.JavaBinaryIndexer.index(JavaBinaryIndexer.java:86)
	at org.netbeans.modules.parsing.spi.indexing.Indexable$MyAccessor$1.run(Indexable.java:126)
	at org.netbeans.modules.parsing.impl.indexing.RepositoryUpdater.runIndexer(RepositoryUpdater.java:274)
	at org.netbeans.modules.parsing.spi.indexing.Indexable$MyAccessor.index(Indexable.java:124)
	at org.netbeans.modules.parsing.impl.indexing.RepositoryUpdater$Work.indexBinary(RepositoryUpdater.java:3099)
	at org.netbeans.modules.parsing.impl.indexing.RepositoryUpdater$AbstractRootsWork.lambda$scanBinary$2(RepositoryUpdater.java:5363)
	at org.netbeans.modules.parsing.impl.indexing.RepositoryUpdater.lambda$runInContext$4(RepositoryUpdater.java:2119)
	at org.openide.util.lookup.Lookups.executeWith(Lookups.java:288)
	at org.netbeans.modules.parsing.impl.indexing.RepositoryUpdater.runInContext(RepositoryUpdater.java:2117)
	at org.netbeans.modules.parsing.impl.indexing.RepositoryUpdater.runInContext(RepositoryUpdater.java:2106)
	at org.netbeans.modules.parsing.impl.indexing.RepositoryUpdater.access$1900(RepositoryUpdater.java:135)
	at org.netbeans.modules.parsing.impl.indexing.RepositoryUpdater$AbstractRootsWork.scanBinary(RepositoryUpdater.java:5391)
	at org.netbeans.modules.parsing.impl.indexing.RepositoryUpdater$AbstractRootsWork.lambda$scanBinaries$0(RepositoryUpdater.java:5308)
	at org.netbeans.modules.parsing.impl.indexing.IndexBinaryWorkPool$SequentialStrategy.execute(IndexBinaryWorkPool.java:99)
	at org.netbeans.modules.parsing.impl.indexing.IndexBinaryWorkPool.execute(IndexBinaryWorkPool.java:67)
	at org.netbeans.modules.parsing.impl.indexing.RepositoryUpdater$AbstractRootsWork.scanBinaries(RepositoryUpdater.java:5315)
	at org.netbeans.modules.parsing.impl.indexing.RepositoryUpdater$RootsWork.getDone(RepositoryUpdater.java:5073)
	at org.netbeans.modules.parsing.impl.indexing.RepositoryUpdater$Work.doTheWork(RepositoryUpdater.java:3452)
	at org.netbeans.modules.parsing.impl.indexing.RepositoryUpdater$Task._run(RepositoryUpdater.java:6197)
	at org.netbeans.modules.parsing.impl.indexing.RepositoryUpdater$Task.access$3400(RepositoryUpdater.java:5855)
	at org.netbeans.modules.parsing.impl.indexing.RepositoryUpdater$Task$2.lambda$call$0(RepositoryUpdater.java:6116)
	at org.netbeans.modules.openide.util.GlobalLookup.execute(GlobalLookup.java:45)
	at org.openide.util.lookup.Lookups.executeWith(Lookups.java:287)
	at org.netbeans.modules.parsing.impl.RunWhenScanFinishedSupport.performScan(RunWhenScanFinishedSupport.java:83)
	at org.netbeans.modules.parsing.impl.indexing.RepositoryUpdater$Task$2.call(RepositoryUpdater.java:6116)
	at org.netbeans.modules.parsing.impl.indexing.RepositoryUpdater$Task$2.call(RepositoryUpdater.java:6112)
	at org.netbeans.modules.masterfs.filebasedfs.utils.FileChangedManager.priorityIO(FileChangedManager.java:153)
	at org.netbeans.modules.masterfs.providers.ProvidedExtensions.priorityIO(ProvidedExtensions.java:335)
	at org.netbeans.modules.parsing.nb.DataObjectEnvFactory.runPriorityIO(DataObjectEnvFactory.java:118)
	at org.netbeans.modules.parsing.impl.Utilities.runPriorityIO(Utilities.java:67)
	at org.netbeans.modules.parsing.impl.indexing.RepositoryUpdater$Task.run(RepositoryUpdater.java:6112)
	at java.base/java.util.concurrent.Executors$RunnableAdapter.call(Executors.java:539)
	at java.base/java.util.concurrent.FutureTask.run(FutureTask.java:264)
	at org.openide.util.RequestProcessor$Task.run(RequestProcessor.java:1420)
	at org.netbeans.modules.openide.util.GlobalLookup.execute(GlobalLookup.java:45)
	at org.openide.util.lookup.Lookups.executeWith(Lookups.java:287)
	at org.openide.util.RequestProcessor$Processor.run(RequestProcessor.java:2035)
Caused by: java.io.EOFException
	at java.base/java.io.DataInputStream.readInt(DataInputStream.java:398)
	at org.netbeans.modules.classfile.ClassFile.loadClassHeader(ClassFile.java:183)
	at org.netbeans.modules.classfile.ClassFile.load(ClassFile.java:168)
	... 46 more

Apr 09, 2024 7:07:51 PM org.netbeans.modules.java.source.usages.BinaryAnalyser$ArchiveProcessor executeImpl
WARNING: Invalid class file format: file:/C:/Project/github/javavscode/netbeans/nbbuild/netbeans/java/modules/ext/fakeJdkClasses.zip!/java/lang/invoke/LambdaMetafactory.class
Apr 09, 2024 7:07:51 PM org.netbeans.modules.java.source.usages.BinaryAnalyser$ArchiveProcessor executeImpl
INFO: Class File Exception Details
org.netbeans.modules.classfile.InvalidClassFormatException
	at org.netbeans.modules.classfile.ClassFile.load(ClassFile.java:174)
	at org.netbeans.modules.classfile.ClassFile.<init>(ClassFile.java:126)
	at org.netbeans.modules.classfile.ClassFile.<init>(ClassFile.java:73)
	at org.netbeans.modules.java.source.usages.BinaryAnalyser.analyse(BinaryAnalyser.java:670)
	at org.netbeans.modules.java.source.usages.BinaryAnalyser.access$800(BinaryAnalyser.java:119)
	at org.netbeans.modules.java.source.usages.BinaryAnalyser$ArchiveProcessor.executeImpl(BinaryAnalyser.java:1297)
	at org.netbeans.modules.java.source.usages.BinaryAnalyser$RootProcessor.execute(BinaryAnalyser.java:1187)
	at org.netbeans.modules.java.source.usages.BinaryAnalyser.analyse(BinaryAnalyser.java:376)
	at org.netbeans.modules.java.source.usages.BinaryAnalyser.analyse(BinaryAnalyser.java:360)
	at org.netbeans.modules.java.source.indexing.JavaBinaryIndexer.doIndex(JavaBinaryIndexer.java:101)
	at org.netbeans.modules.java.source.indexing.JavaBinaryIndexer.index(JavaBinaryIndexer.java:86)
	at org.netbeans.modules.parsing.spi.indexing.Indexable$MyAccessor$1.run(Indexable.java:126)
	at org.netbeans.modules.parsing.impl.indexing.RepositoryUpdater.runIndexer(RepositoryUpdater.java:274)
	at org.netbeans.modules.parsing.spi.indexing.Indexable$MyAccessor.index(Indexable.java:124)
	at org.netbeans.modules.parsing.impl.indexing.RepositoryUpdater$Work.indexBinary(RepositoryUpdater.java:3099)
	at org.netbeans.modules.parsing.impl.indexing.RepositoryUpdater$AbstractRootsWork.lambda$scanBinary$2(RepositoryUpdater.java:5363)
	at org.netbeans.modules.parsing.impl.indexing.RepositoryUpdater.lambda$runInContext$4(RepositoryUpdater.java:2119)
	at org.openide.util.lookup.Lookups.executeWith(Lookups.java:288)
	at org.netbeans.modules.parsing.impl.indexing.RepositoryUpdater.runInContext(RepositoryUpdater.java:2117)
	at org.netbeans.modules.parsing.impl.indexing.RepositoryUpdater.runInContext(RepositoryUpdater.java:2106)
	at org.netbeans.modules.parsing.impl.indexing.RepositoryUpdater.access$1900(RepositoryUpdater.java:135)
	at org.netbeans.modules.parsing.impl.indexing.RepositoryUpdater$AbstractRootsWork.scanBinary(RepositoryUpdater.java:5391)
	at org.netbeans.modules.parsing.impl.indexing.RepositoryUpdater$AbstractRootsWork.lambda$scanBinaries$0(RepositoryUpdater.java:5308)
	at org.netbeans.modules.parsing.impl.indexing.IndexBinaryWorkPool$SequentialStrategy.execute(IndexBinaryWorkPool.java:99)
	at org.netbeans.modules.parsing.impl.indexing.IndexBinaryWorkPool.execute(IndexBinaryWorkPool.java:67)
	at org.netbeans.modules.parsing.impl.indexing.RepositoryUpdater$AbstractRootsWork.scanBinaries(RepositoryUpdater.java:5315)
	at org.netbeans.modules.parsing.impl.indexing.RepositoryUpdater$RootsWork.getDone(RepositoryUpdater.java:5073)
	at org.netbeans.modules.parsing.impl.indexing.RepositoryUpdater$Work.doTheWork(RepositoryUpdater.java:3452)
	at org.netbeans.modules.parsing.impl.indexing.RepositoryUpdater$Task._run(RepositoryUpdater.java:6197)
	at org.netbeans.modules.parsing.impl.indexing.RepositoryUpdater$Task.access$3400(RepositoryUpdater.java:5855)
	at org.netbeans.modules.parsing.impl.indexing.RepositoryUpdater$Task$2.lambda$call$0(RepositoryUpdater.java:6116)
	at org.netbeans.modules.openide.util.GlobalLookup.execute(GlobalLookup.java:45)
	at org.openide.util.lookup.Lookups.executeWith(Lookups.java:287)
	at org.netbeans.modules.parsing.impl.RunWhenScanFinishedSupport.performScan(RunWhenScanFinishedSupport.java:83)
	at org.netbeans.modules.parsing.impl.indexing.RepositoryUpdater$Task$2.call(RepositoryUpdater.java:6116)
	at org.netbeans.modules.parsing.impl.indexing.RepositoryUpdater$Task$2.call(RepositoryUpdater.java:6112)
	at org.netbeans.modules.masterfs.filebasedfs.utils.FileChangedManager.priorityIO(FileChangedManager.java:153)
	at org.netbeans.modules.masterfs.providers.ProvidedExtensions.priorityIO(ProvidedExtensions.java:335)
	at org.netbeans.modules.parsing.nb.DataObjectEnvFactory.runPriorityIO(DataObjectEnvFactory.java:118)
	at org.netbeans.modules.parsing.impl.Utilities.runPriorityIO(Utilities.java:67)
	at org.netbeans.modules.parsing.impl.indexing.RepositoryUpdater$Task.run(RepositoryUpdater.java:6112)
	at java.base/java.util.concurrent.Executors$RunnableAdapter.call(Executors.java:539)
	at java.base/java.util.concurrent.FutureTask.run(FutureTask.java:264)
	at org.openide.util.RequestProcessor$Task.run(RequestProcessor.java:1420)
	at org.netbeans.modules.openide.util.GlobalLookup.execute(GlobalLookup.java:45)
	at org.openide.util.lookup.Lookups.executeWith(Lookups.java:287)
	at org.openide.util.RequestProcessor$Processor.run(RequestProcessor.java:2035)
Caused by: java.io.EOFException
	at java.base/java.io.DataInputStream.readInt(DataInputStream.java:398)
	at org.netbeans.modules.classfile.ClassFile.loadClassHeader(ClassFile.java:183)
	at org.netbeans.modules.classfile.ClassFile.load(ClassFile.java:168)
	... 46 more

Apr 09, 2024 7:07:51 PM org.netbeans.modules.java.source.parsing.JavacParser init
WARNING: ClassPath identity changed for C:\Project\github\javavscode\netbeans\java\java.lsp.server\build\test\unit\work\o.n.m.j.l.s.p.S\sal\Test.java@47563825:5e6be917, class path owner: null original sourcePath: C:\Project\github\javavscode\netbeans\java\java.lsp.server\build\test\unit\work\o.n.m.j.l.s.p.S\sal new sourcePath: C:\Project\github\javavscode\netbeans\java\java.lsp.server\build\test\unit\work\o.n.m.j.l.s.p.S\sal
Apr 09, 2024 7:07:51 PM org.netbeans.modules.java.source.usages.BinaryAnalyser$ArchiveProcessor executeImpl
WARNING: Invalid class file format: file:/C:/Project/github/javavscode/netbeans/nbbuild/netbeans/java/modules/ext/fakeJdkClasses.zip!/java/util/stream/Streams.class
Apr 09, 2024 7:07:51 PM org.netbeans.modules.java.source.usages.BinaryAnalyser$ArchiveProcessor executeImpl
INFO: Class File Exception Details
org.netbeans.modules.classfile.InvalidClassFormatException
	at org.netbeans.modules.classfile.ClassFile.load(ClassFile.java:174)
	at org.netbeans.modules.classfile.ClassFile.<init>(ClassFile.java:126)
	at org.netbeans.modules.classfile.ClassFile.<init>(ClassFile.java:73)
	at org.netbeans.modules.java.source.usages.BinaryAnalyser.analyse(BinaryAnalyser.java:670)
	at org.netbeans.modules.java.source.usages.BinaryAnalyser.access$800(BinaryAnalyser.java:119)
	at org.netbeans.modules.java.source.usages.BinaryAnalyser$ArchiveProcessor.executeImpl(BinaryAnalyser.java:1297)
	at org.netbeans.modules.java.source.usages.BinaryAnalyser$RootProcessor.execute(BinaryAnalyser.java:1187)
	at org.netbeans.modules.java.source.usages.BinaryAnalyser.analyse(BinaryAnalyser.java:376)
	at org.netbeans.modules.java.source.usages.BinaryAnalyser.analyse(BinaryAnalyser.java:360)
	at org.netbeans.modules.java.source.indexing.JavaBinaryIndexer.doIndex(JavaBinaryIndexer.java:101)
	at org.netbeans.modules.java.source.indexing.JavaBinaryIndexer.index(JavaBinaryIndexer.java:86)
	at org.netbeans.modules.parsing.spi.indexing.Indexable$MyAccessor$1.run(Indexable.java:126)
	at org.netbeans.modules.parsing.impl.indexing.RepositoryUpdater.runIndexer(RepositoryUpdater.java:274)
	at org.netbeans.modules.parsing.spi.indexing.Indexable$MyAccessor.index(Indexable.java:124)
	at org.netbeans.modules.parsing.impl.indexing.RepositoryUpdater$Work.indexBinary(RepositoryUpdater.java:3099)
	at org.netbeans.modules.parsing.impl.indexing.RepositoryUpdater$AbstractRootsWork.lambda$scanBinary$2(RepositoryUpdater.java:5363)
	at org.netbeans.modules.parsing.impl.indexing.RepositoryUpdater.lambda$runInContext$4(RepositoryUpdater.java:2119)
	at org.openide.util.lookup.Lookups.executeWith(Lookups.java:288)
	at org.netbeans.modules.parsing.impl.indexing.RepositoryUpdater.runInContext(RepositoryUpdater.java:2117)
	at org.netbeans.modules.parsing.impl.indexing.RepositoryUpdater.runInContext(RepositoryUpdater.java:2106)
	at org.netbeans.modules.parsing.impl.indexing.RepositoryUpdater.access$1900(RepositoryUpdater.java:135)
	at org.netbeans.modules.parsing.impl.indexing.RepositoryUpdater$AbstractRootsWork.scanBinary(RepositoryUpdater.java:5391)
	at org.netbeans.modules.parsing.impl.indexing.RepositoryUpdater$AbstractRootsWork.lambda$scanBinaries$0(RepositoryUpdater.java:5308)
	at org.netbeans.modules.parsing.impl.indexing.IndexBinaryWorkPool$SequentialStrategy.execute(IndexBinaryWorkPool.java:99)
	at org.netbeans.modules.parsing.impl.indexing.IndexBinaryWorkPool.execute(IndexBinaryWorkPool.java:67)
	at org.netbeans.modules.parsing.impl.indexing.RepositoryUpdater$AbstractRootsWork.scanBinaries(RepositoryUpdater.java:5315)
	at org.netbeans.modules.parsing.impl.indexing.RepositoryUpdater$RootsWork.getDone(RepositoryUpdater.java:5073)
	at org.netbeans.modules.parsing.impl.indexing.RepositoryUpdater$Work.doTheWork(RepositoryUpdater.java:3452)
	at org.netbeans.modules.parsing.impl.indexing.RepositoryUpdater$Task._run(RepositoryUpdater.java:6197)
	at org.netbeans.modules.parsing.impl.indexing.RepositoryUpdater$Task.access$3400(RepositoryUpdater.java:5855)
	at org.netbeans.modules.parsing.impl.indexing.RepositoryUpdater$Task$2.lambda$call$0(RepositoryUpdater.java:6116)
	at org.netbeans.modules.openide.util.GlobalLookup.execute(GlobalLookup.java:45)
	at org.openide.util.lookup.Lookups.executeWith(Lookups.java:287)
	at org.netbeans.modules.parsing.impl.RunWhenScanFinishedSupport.performScan(RunWhenScanFinishedSupport.java:83)
	at org.netbeans.modules.parsing.impl.indexing.RepositoryUpdater$Task$2.call(RepositoryUpdater.java:6116)
	at org.netbeans.modules.parsing.impl.indexing.RepositoryUpdater$Task$2.call(RepositoryUpdater.java:6112)
	at org.netbeans.modules.masterfs.filebasedfs.utils.FileChangedManager.priorityIO(FileChangedManager.java:153)
	at org.netbeans.modules.masterfs.providers.ProvidedExtensions.priorityIO(ProvidedExtensions.java:335)
	at org.netbeans.modules.parsing.nb.DataObjectEnvFactory.runPriorityIO(DataObjectEnvFactory.java:118)
	at org.netbeans.modules.parsing.impl.Utilities.runPriorityIO(Utilities.java:67)
	at org.netbeans.modules.parsing.impl.indexing.RepositoryUpdater$Task.run(RepositoryUpdater.java:6112)
	at java.base/java.util.concurrent.Executors$RunnableAdapter.call(Executors.java:539)
	at java.base/java.util.concurrent.FutureTask.run(FutureTask.java:264)
	at org.openide.util.RequestProcessor$Task.run(RequestProcessor.java:1420)
	at org.netbeans.modules.openide.util.GlobalLookup.execute(GlobalLookup.java:45)
	at org.openide.util.lookup.Lookups.executeWith(Lookups.java:287)
	at org.openide.util.RequestProcessor$Processor.run(RequestProcessor.java:2035)
Caused by: java.io.EOFException
	at java.base/java.io.DataInputStream.readInt(DataInputStream.java:398)
	at org.netbeans.modules.classfile.ClassFile.loadClassHeader(ClassFile.java:183)
	at org.netbeans.modules.classfile.ClassFile.load(ClassFile.java:168)
	... 46 more

Apr 09, 2024 7:07:51 PM org.netbeans.modules.java.source.usages.BinaryAnalyser$ArchiveProcessor executeImpl
WARNING: Invalid class file format: file:/C:/Project/github/javavscode/netbeans/nbbuild/netbeans/java/modules/ext/fakeJdkClasses.zip!/java/util/zip/CRC32C.class
Apr 09, 2024 7:07:51 PM org.netbeans.modules.java.source.usages.BinaryAnalyser$ArchiveProcessor executeImpl
INFO: Class File Exception Details
org.netbeans.modules.classfile.InvalidClassFormatException
	at org.netbeans.modules.classfile.ClassFile.load(ClassFile.java:174)
	at org.netbeans.modules.classfile.ClassFile.<init>(ClassFile.java:126)
	at org.netbeans.modules.classfile.ClassFile.<init>(ClassFile.java:73)
	at org.netbeans.modules.java.source.usages.BinaryAnalyser.analyse(BinaryAnalyser.java:670)
	at org.netbeans.modules.java.source.usages.BinaryAnalyser.access$800(BinaryAnalyser.java:119)
	at org.netbeans.modules.java.source.usages.BinaryAnalyser$ArchiveProcessor.executeImpl(BinaryAnalyser.java:1297)
	at org.netbeans.modules.java.source.usages.BinaryAnalyser$RootProcessor.execute(BinaryAnalyser.java:1187)
	at org.netbeans.modules.java.source.usages.BinaryAnalyser.analyse(BinaryAnalyser.java:376)
	at org.netbeans.modules.java.source.usages.BinaryAnalyser.analyse(BinaryAnalyser.java:360)
	at org.netbeans.modules.java.source.indexing.JavaBinaryIndexer.doIndex(JavaBinaryIndexer.java:101)
	at org.netbeans.modules.java.source.indexing.JavaBinaryIndexer.index(JavaBinaryIndexer.java:86)
	at org.netbeans.modules.parsing.spi.indexing.Indexable$MyAccessor$1.run(Indexable.java:126)
	at org.netbeans.modules.parsing.impl.indexing.RepositoryUpdater.runIndexer(RepositoryUpdater.java:274)
	at org.netbeans.modules.parsing.spi.indexing.Indexable$MyAccessor.index(Indexable.java:124)
	at org.netbeans.modules.parsing.impl.indexing.RepositoryUpdater$Work.indexBinary(RepositoryUpdater.java:3099)
	at org.netbeans.modules.parsing.impl.indexing.RepositoryUpdater$AbstractRootsWork.lambda$scanBinary$2(RepositoryUpdater.java:5363)
	at org.netbeans.modules.parsing.impl.indexing.RepositoryUpdater.lambda$runInContext$4(RepositoryUpdater.java:2119)
	at org.openide.util.lookup.Lookups.executeWith(Lookups.java:288)
	at org.netbeans.modules.parsing.impl.indexing.RepositoryUpdater.runInContext(RepositoryUpdater.java:2117)
	at org.netbeans.modules.parsing.impl.indexing.RepositoryUpdater.runInContext(RepositoryUpdater.java:2106)
	at org.netbeans.modules.parsing.impl.indexing.RepositoryUpdater.access$1900(RepositoryUpdater.java:135)
	at org.netbeans.modules.parsing.impl.indexing.RepositoryUpdater$AbstractRootsWork.scanBinary(RepositoryUpdater.java:5391)
	at org.netbeans.modules.parsing.impl.indexing.RepositoryUpdater$AbstractRootsWork.lambda$scanBinaries$0(RepositoryUpdater.java:5308)
	at org.netbeans.modules.parsing.impl.indexing.IndexBinaryWorkPool$SequentialStrategy.execute(IndexBinaryWorkPool.java:99)
	at org.netbeans.modules.parsing.impl.indexing.IndexBinaryWorkPool.execute(IndexBinaryWorkPool.java:67)
	at org.netbeans.modules.parsing.impl.indexing.RepositoryUpdater$AbstractRootsWork.scanBinaries(RepositoryUpdater.java:5315)
	at org.netbeans.modules.parsing.impl.indexing.RepositoryUpdater$RootsWork.getDone(RepositoryUpdater.java:5073)
	at org.netbeans.modules.parsing.impl.indexing.RepositoryUpdater$Work.doTheWork(RepositoryUpdater.java:3452)
	at org.netbeans.modules.parsing.impl.indexing.RepositoryUpdater$Task._run(RepositoryUpdater.java:6197)
	at org.netbeans.modules.parsing.impl.indexing.RepositoryUpdater$Task.access$3400(RepositoryUpdater.java:5855)
	at org.netbeans.modules.parsing.impl.indexing.RepositoryUpdater$Task$2.lambda$call$0(RepositoryUpdater.java:6116)
	at org.netbeans.modules.openide.util.GlobalLookup.execute(GlobalLookup.java:45)
	at org.openide.util.lookup.Lookups.executeWith(Lookups.java:287)
	at org.netbeans.modules.parsing.impl.RunWhenScanFinishedSupport.performScan(RunWhenScanFinishedSupport.java:83)
	at org.netbeans.modules.parsing.impl.indexing.RepositoryUpdater$Task$2.call(RepositoryUpdater.java:6116)
	at org.netbeans.modules.parsing.impl.indexing.RepositoryUpdater$Task$2.call(RepositoryUpdater.java:6112)
	at org.netbeans.modules.masterfs.filebasedfs.utils.FileChangedManager.priorityIO(FileChangedManager.java:153)
	at org.netbeans.modules.masterfs.providers.ProvidedExtensions.priorityIO(ProvidedExtensions.java:335)
	at org.netbeans.modules.parsing.nb.DataObjectEnvFactory.runPriorityIO(DataObjectEnvFactory.java:118)
	at org.netbeans.modules.parsing.impl.Utilities.runPriorityIO(Utilities.java:67)
	at org.netbeans.modules.parsing.impl.indexing.RepositoryUpdater$Task.run(RepositoryUpdater.java:6112)
	at java.base/java.util.concurrent.Executors$RunnableAdapter.call(Executors.java:539)
	at java.base/java.util.concurrent.FutureTask.run(FutureTask.java:264)
	at org.openide.util.RequestProcessor$Task.run(RequestProcessor.java:1420)
	at org.netbeans.modules.openide.util.GlobalLookup.execute(GlobalLookup.java:45)
	at org.openide.util.lookup.Lookups.executeWith(Lookups.java:287)
	at org.openide.util.RequestProcessor$Processor.run(RequestProcessor.java:2035)
Caused by: java.io.EOFException
	at java.base/java.io.DataInputStream.readInt(DataInputStream.java:398)
	at org.netbeans.modules.classfile.ClassFile.loadClassHeader(ClassFile.java:183)
	at org.netbeans.modules.classfile.ClassFile.load(ClassFile.java:168)
	... 46 more

Apr 09, 2024 7:07:51 PM org.netbeans.modules.java.source.parsing.JavacParser init
WARNING: ClassPath identity changed for C:\Project\github\javavscode\netbeans\java\java.lsp.server\build\test\unit\work\o.n.m.j.l.s.p.S\sh-2\Test.java@2ed17e39:17482c08, class path owner: null original sourcePath: C:\Project\github\javavscode\netbeans\java\java.lsp.server\build\test\unit\work\o.n.m.j.l.s.p.S\sh-2 new sourcePath: C:\Project\github\javavscode\netbeans\java\java.lsp.server\build\test\unit\work\o.n.m.j.l.s.p.S\sh-2
Apr 09, 2024 7:07:51 PM org.netbeans.modules.parsing.impl.indexing.RepositoryUpdater$AbstractRootsWork scanBinaries
INFO: Complete indexing of 1 binary roots took: 1,227 ms
Apr 09, 2024 7:07:51 PM org.netbeans.modules.parsing.impl.indexing.RepositoryUpdater$AbstractRootsWork scanSources
INFO: Indexing of: C:\Project\github\javavscode\netbeans\java\java.lsp.server\build\test\unit\work\o.n.m.j.l.s.p.S\opojdk\jdk\src\java.base\no-such-key\classes took: 3 ms (New or modified files: 0, Deleted files: 0) [Adding listeners took: 0 ms]
Apr 09, 2024 7:07:51 PM org.netbeans.modules.parsing.impl.indexing.RepositoryUpdater$AbstractRootsWork scanSources
INFO: Indexing of: C:\Project\github\javavscode\netbeans\java\java.lsp.server\build\test\unit\work\o.n.m.j.l.s.p.S\opojdk\closed\src\java.base\windows\classes took: 3 ms (New or modified files: 0, Deleted files: 0) [Adding listeners took: 0 ms]
Apr 09, 2024 7:07:51 PM org.netbeans.modules.parsing.impl.indexing.RepositoryUpdater$AbstractRootsWork scanSources
INFO: Indexing of: C:\Project\github\javavscode\netbeans\java\java.lsp.server\build\test\unit\work\o.n.m.j.l.s.p.S\opojdk\jdk\src\closed\java.base\no-such-key\classes took: 2 ms (New or modified files: 0, Deleted files: 0) [Adding listeners took: 0 ms]
Apr 09, 2024 7:07:51 PM org.netbeans.modules.parsing.impl.indexing.RepositoryUpdater$AbstractRootsWork scanSources
INFO: Indexing of: C:\Project\github\javavscode\netbeans\java\java.lsp.server\build\test\unit\work\o.n.m.j.l.s.p.S\opojdk\closed\src\java.base\share\classes took: 2 ms (New or modified files: 0, Deleted files: 0) [Adding listeners took: 0 ms]
Apr 09, 2024 7:07:51 PM org.netbeans.modules.parsing.impl.indexing.RepositoryUpdater$AbstractRootsWork scanSources
INFO: Indexing of: C:\Project\github\javavscode\netbeans\java\java.lsp.server\build\test\unit\work\o.n.m.j.l.s.p.S\opojdk\closed\src\java.base\no-such-key\classes took: 2 ms (New or modified files: 0, Deleted files: 0) [Adding listeners took: 0 ms]
Apr 09, 2024 7:07:51 PM org.netbeans.modules.java.source.parsing.JavacParser init
WARNING: ClassPath identity changed for C:\Project\github\javavscode\netbeans\java\java.lsp.server\build\test\unit\work\o.n.m.j.l.s.p.S\rdccnro\Test.java@3b5ee87e:396e43e8, class path owner: C:\Project\github\javavscode\netbeans\java\java.lsp.server\build\test\unit\work\o.n.m.j.l.s.p.S\rdccnro (class org.netbeans.modules.java.lsp.server.protocol.ServerTest$TestProjectFactory$4) original sourcePath: C:\Project\github\javavscode\netbeans\java\java.lsp.server\build\test\unit\work\o.n.m.j.l.s.p.S\rdccnro new sourcePath: C:\Project\github\javavscode\netbeans\java\java.lsp.server\build\test\unit\work\o.n.m.j.l.s.p.S\rdccnro
Apr 09, 2024 7:07:52 PM org.netbeans.modules.java.source.parsing.JavacParser init
WARNING: ClassPath identity changed for C:\Project\github\javavscode\netbeans\java\java.lsp.server\build\test\unit\work\o.n.m.j.l.s.p.S\rdccnro\Test2.java@31d7fe0e:30dfc22a, class path owner: C:\Project\github\javavscode\netbeans\java\java.lsp.server\build\test\unit\work\o.n.m.j.l.s.p.S\rdccnro (class org.netbeans.modules.java.lsp.server.protocol.ServerTest$TestProjectFactory$4) original sourcePath: C:\Project\github\javavscode\netbeans\java\java.lsp.server\build\test\unit\work\o.n.m.j.l.s.p.S\rdccnro new sourcePath: C:\Project\github\javavscode\netbeans\java\java.lsp.server\build\test\unit\work\o.n.m.j.l.s.p.S\rdccnro
Apr 09, 2024 7:07:52 PM org.netbeans.modules.java.source.parsing.JavacParser init
WARNING: ClassPath identity changed for C:\Project\github\javavscode\netbeans\java\java.lsp.server\build\test\unit\work\o.n.m.j.l.s.p.S\m\Test.java@d6eadd12:4ca89157, class path owner: null original sourcePath: C:\Project\github\javavscode\netbeans\java\java.lsp.server\build\test\unit\work\o.n.m.j.l.s.p.S\m new sourcePath: C:\Project\github\javavscode\netbeans\java\java.lsp.server\build\test\unit\work\o.n.m.j.l.s.p.S\m
Apr 09, 2024 7:07:52 PM org.netbeans.modules.java.source.parsing.JavacParser init
WARNING: ClassPath identity changed for C:\Project\github\javavscode\netbeans\java\java.lsp.server\build\test\unit\work\o.n.m.j.l.s.p.S\fd\Test.java@d377063d:aa719f3, class path owner: null original sourcePath: C:\Project\github\javavscode\netbeans\java\java.lsp.server\build\test\unit\work\o.n.m.j.l.s.p.S\fd new sourcePath: C:\Project\github\javavscode\netbeans\java\java.lsp.server\build\test\unit\work\o.n.m.j.l.s.p.S\fd
Apr 09, 2024 7:07:53 PM org.netbeans.modules.java.source.parsing.JavacParser init
WARNING: ClassPath identity changed for C:\Project\github\javavscode\netbeans\java\java.lsp.server\build\test\unit\work\o.n.m.j.l.s.p.S\snuf\Test.java@2e52710b:7cb85615, class path owner: null original sourcePath: C:\Project\github\javavscode\netbeans\java\java.lsp.server\build\test\unit\work\o.n.m.j.l.s.p.S\snuf new sourcePath: C:\Project\github\javavscode\netbeans\java\java.lsp.server\build\test\unit\work\o.n.m.j.l.s.p.S\snuf
Apr 09, 2024 7:07:54 PM org.netbeans.modules.java.source.parsing.JavacParser init
WARNING: ClassPath identity changed for C:\Project\github\javavscode\netbeans\java\java.lsp.server\build\test\unit\work\o.n.m.j.l.s.p.S\sats\Test.java@99966bea:2a3e4e30, class path owner: null original sourcePath: C:\Project\github\javavscode\netbeans\java\java.lsp.server\build\test\unit\work\o.n.m.j.l.s.p.S\sats new sourcePath: C:\Project\github\javavscode\netbeans\java\java.lsp.server\build\test\unit\work\o.n.m.j.l.s.p.S\sats
Apr 09, 2024 7:07:54 PM org.netbeans.modules.java.source.parsing.JavacParser init
WARNING: ClassPath identity changed for C:\Project\github\javavscode\netbeans\java\java.lsp.server\build\test\unit\work\o.n.m.j.l.s.p.S\cagc-1\Test.java@a81f445d:193654e9, class path owner: null original sourcePath: C:\Project\github\javavscode\netbeans\java\java.lsp.server\build\test\unit\work\o.n.m.j.l.s.p.S\cagc-1 new sourcePath: C:\Project\github\javavscode\netbeans\java\java.lsp.server\build\test\unit\work\o.n.m.j.l.s.p.S\cagc-1
Apr 09, 2024 7:07:54 PM org.netbeans.modules.java.source.parsing.JavacParser init
WARNING: ClassPath identity changed for C:\Project\github\javavscode\netbeans\java\java.lsp.server\build\test\unit\work\o.n.m.j.l.s.p.S\sags\Test.java@356d8d39:5a679c35, class path owner: null original sourcePath: C:\Project\github\javavscode\netbeans\java\java.lsp.server\build\test\unit\work\o.n.m.j.l.s.p.S\sags new sourcePath: C:\Project\github\javavscode\netbeans\java\java.lsp.server\build\test\unit\work\o.n.m.j.l.s.p.S\sags
Apr 09, 2024 7:07:54 PM org.netbeans.modules.java.source.parsing.JavacParser init
WARNING: ClassPath identity changed for C:\Project\github\javavscode\netbeans\java\java.lsp.server\build\test\unit\work\o.n.m.j.l.s.p.S\rdccro\Test.java@87eb52ec:219d62cb, class path owner: C:\Project\github\javavscode\netbeans\java\java.lsp.server\build\test\unit\work\o.n.m.j.l.s.p.S\rdccro (class org.netbeans.modules.java.lsp.server.protocol.ServerTest$TestProjectFactory$4) original sourcePath: C:\Project\github\javavscode\netbeans\java\java.lsp.server\build\test\unit\work\o.n.m.j.l.s.p.S\rdccro new sourcePath: C:\Project\github\javavscode\netbeans\java\java.lsp.server\build\test\unit\work\o.n.m.j.l.s.p.S\rdccro
Apr 09, 2024 7:07:55 PM org.netbeans.modules.java.source.parsing.JavacParser init
WARNING: ClassPath identity changed for C:\Project\github\javavscode\netbeans\java\java.lsp.server\build\test\unit\work\o.n.m.j.l.s.p.S\rdccro\Test2.java@7ad3c640:75bf3a3c, class path owner: C:\Project\github\javavscode\netbeans\java\java.lsp.server\build\test\unit\work\o.n.m.j.l.s.p.S\rdccro (class org.netbeans.modules.java.lsp.server.protocol.ServerTest$TestProjectFactory$4) original sourcePath: C:\Project\github\javavscode\netbeans\java\java.lsp.server\build\test\unit\work\o.n.m.j.l.s.p.S\rdccro new sourcePath: C:\Project\github\javavscode\netbeans\java\java.lsp.server\build\test\unit\work\o.n.m.j.l.s.p.S\rdccro
Apr 09, 2024 7:07:55 PM org.netbeans.modules.java.source.parsing.JavacParser init
WARNING: ClassPath identity changed for C:\Project\github\javavscode\netbeans\java\java.lsp.server\build\test\unit\work\o.n.m.j.l.s.p.S\sadm\Test.java@a11ced94:7656bf94, class path owner: null original sourcePath: C:\Project\github\javavscode\netbeans\java\java.lsp.server\build\test\unit\work\o.n.m.j.l.s.p.S\sadm new sourcePath: C:\Project\github\javavscode\netbeans\java\java.lsp.server\build\test\unit\work\o.n.m.j.l.s.p.S\sadm
Apr 09, 2024 7:07:55 PM org.netbeans.modules.java.source.parsing.JavacParser init
WARNING: ClassPath identity changed for C:\Project\github\javavscode\netbeans\java\java.lsp.server\build\test\unit\work\o.n.m.j.l.s.p.S\pu\a\Test.java@657904a9:8469411, class path owner: C:\Project\github\javavscode\netbeans\java\java.lsp.server\build\test\unit\work\o.n.m.j.l.s.p.S\pu (class org.netbeans.modules.java.lsp.server.protocol.ServerTest$TestProjectFactory$4) original sourcePath: C:\Project\github\javavscode\netbeans\java\java.lsp.server\build\test\unit\work\o.n.m.j.l.s.p.S\pu new sourcePath: C:\Project\github\javavscode\netbeans\java\java.lsp.server\build\test\unit\work\o.n.m.j.l.s.p.S\pu
Apr 09, 2024 7:07:55 PM org.netbeans.modules.parsing.impl.indexing.RepositoryUpdater$AbstractRootsWork scanSources
INFO: Indexing of: C:\Project\github\javavscode\netbeans\java\java.lsp.server\build\test\unit\work\o.n.m.j.l.s.p.S\opojdk\jdk\src\java.base\share\classes took: 3,948 ms (New or modified files: 3, Deleted files: 0) [Adding listeners took: 0 ms]
Apr 09, 2024 7:07:55 PM org.netbeans.modules.parsing.impl.indexing.RepositoryUpdater$AbstractRootsWork scanSources
INFO: Indexing of: C:\Project\github\javavscode\netbeans\java\java.lsp.server\build\test\unit\work\o.n.m.j.l.s.p.S\opojdk\jdk\src\closed\java.base\windows\classes took: 4 ms (New or modified files: 0, Deleted files: 0) [Adding listeners took: 0 ms]
Apr 09, 2024 7:07:55 PM org.netbeans.modules.parsing.impl.indexing.RepositoryUpdater$AbstractRootsWork scanSources
INFO: Indexing of: C:\Project\github\javavscode\netbeans\java\java.lsp.server\build\test\unit\work\o.n.m.j.l.s.p.S\opojdk\jdk\src\closed\java.base\share\classes took: 3 ms (New or modified files: 0, Deleted files: 0) [Adding listeners took: 0 ms]
Apr 09, 2024 7:07:55 PM org.netbeans.modules.parsing.impl.indexing.RepositoryUpdater$AbstractRootsWork scanSources
INFO: Indexing of: C:\Project\github\javavscode\netbeans\java\java.lsp.server\build\test\unit\work\o.n.m.j.l.s.p.S\opojdk\jdk\langtools\src\java.base\share\classes took: 3 ms (New or modified files: 0, Deleted files: 0) [Adding listeners took: 0 ms]
Apr 09, 2024 7:07:55 PM org.netbeans.modules.parsing.impl.indexing.RepositoryUpdater$AbstractRootsWork scanSources
INFO: Indexing of: C:\non-existing\support\gensrc\java.base took: 0 ms (New or modified files: 0, Deleted files: 0) [Adding listeners took: 0 ms]
Apr 09, 2024 7:07:55 PM org.netbeans.modules.parsing.impl.indexing.RepositoryUpdater$AbstractRootsWork scanSources
INFO: Indexing of: C:\Project\github\javavscode\netbeans\java\java.lsp.server\build\test\unit\work\o.n.m.j.l.s.p.S\opojdk\jdk\src\java.base\windows\classes took: 4 ms (New or modified files: 0, Deleted files: 0) [Adding listeners took: 0 ms]
Apr 09, 2024 7:07:55 PM org.netbeans.modules.parsing.impl.indexing.RepositoryUpdater$AbstractRootsWork scanSources
INFO: Indexing of: C:\non-existing\jdk\gensrc\java.base took: 0 ms (New or modified files: 0, Deleted files: 0) [Adding listeners took: 0 ms]
Apr 09, 2024 7:07:55 PM org.netbeans.modules.parsing.impl.indexing.RepositoryUpdater$AbstractRootsWork scanSources
INFO: Complete indexing of 12 source roots took: 3,974 ms (New or modified files: 3, Deleted files: 0) [Adding listeners took: 0 ms]
Apr 09, 2024 7:07:55 PM org.netbeans.modules.parsing.impl.indexing.RepositoryUpdater$Work reportIndexerStatistics
INFO: Indexing finished, indexing took 6,097 ms.
Apr 09, 2024 7:07:56 PM org.netbeans.modules.java.source.parsing.JavacParser init
WARNING: ClassPath identity changed for C:\Project\github\javavscode\netbeans\java\java.lsp.server\build\test\unit\work\o.n.m.j.l.s.p.S\gttd\Test.java@fd6098da:1bce18d0, class path owner: C:\Project\github\javavscode\netbeans\java\java.lsp.server\build\test\unit\work\o.n.m.j.l.s.p.S\gttd (class org.netbeans.modules.java.lsp.server.protocol.ServerTest$TestProjectFactory$4) original sourcePath: C:\Project\github\javavscode\netbeans\java\java.lsp.server\build\test\unit\work\o.n.m.j.l.s.p.S\gttd new sourcePath: C:\Project\github\javavscode\netbeans\java\java.lsp.server\build\test\unit\work\o.n.m.j.l.s.p.S\gttd
Apr 09, 2024 7:07:56 PM org.netbeans.modules.java.source.parsing.JavacParser init
WARNING: ClassPath identity changed for C:\Project\github\javavscode\netbeans\java\java.lsp.server\build\test\unit\work\o.n.m.j.l.s.p.S\caiv\Test.java@e5a6f428:2fdd4c9b, class path owner: null original sourcePath: C:\Project\github\javavscode\netbeans\java\java.lsp.server\build\test\unit\work\o.n.m.j.l.s.p.S\caiv new sourcePath: C:\Project\github\javavscode\netbeans\java\java.lsp.server\build\test\unit\work\o.n.m.j.l.s.p.S\caiv
Apr 09, 2024 7:07:56 PM org.netbeans.modules.java.source.parsing.JavacParser init
WARNING: ClassPath identity changed for C:\Project\github\javavscode\netbeans\java\java.lsp.server\build\test\unit\work\o.n.m.j.l.s.p.S\ac\Test.java@181a3381:56a1cd94, class path owner: C:\Project\github\javavscode\netbeans\java\java.lsp.server\build\test\unit\work\o.n.m.j.l.s.p.S\ac (class org.netbeans.modules.java.lsp.server.protocol.ServerTest$TestProjectFactory$4) original sourcePath: C:\Project\github\javavscode\netbeans\java\java.lsp.server\build\test\unit\work\o.n.m.j.l.s.p.S\ac new sourcePath: C:\Project\github\javavscode\netbeans\java\java.lsp.server\build\test\unit\work\o.n.m.j.l.s.p.S\ac
Apr 09, 2024 7:07:57 PM org.netbeans.modules.java.source.parsing.JavacParser init
WARNING: ClassPath identity changed for C:\Project\github\javavscode\netbeans\java\java.lsp.server\build\test\unit\work\o.n.m.j.l.s.p.S\sal\Test.java@47563825:5e6be917, class path owner: null original sourcePath: C:\Project\github\javavscode\netbeans\java\java.lsp.server\build\test\unit\work\o.n.m.j.l.s.p.S\sal new sourcePath: C:\Project\github\javavscode\netbeans\java\java.lsp.server\build\test\unit\work\o.n.m.j.l.s.p.S\sal
Apr 09, 2024 7:07:57 PM org.netbeans.modules.java.source.parsing.JavacParser init
WARNING: ClassPath identity changed for C:\Project\github\javavscode\netbeans\java\java.lsp.server\build\test\unit\work\o.n.m.j.l.s.p.S\sh-2\Test.java@2ed17e39:17482c08, class path owner: null original sourcePath: C:\Project\github\javavscode\netbeans\java\java.lsp.server\build\test\unit\work\o.n.m.j.l.s.p.S\sh-2 new sourcePath: C:\Project\github\javavscode\netbeans\java\java.lsp.server\build\test\unit\work\o.n.m.j.l.s.p.S\sh-2
Apr 09, 2024 7:07:57 PM org.netbeans.modules.java.source.parsing.JavacParser init
WARNING: ClassPath identity changed for C:\Project\github\javavscode\netbeans\java\java.lsp.server\build\test\unit\work\o.n.m.j.l.s.p.S\rdccnro\Test.java@3b5ee87e:396e43e8, class path owner: C:\Project\github\javavscode\netbeans\java\java.lsp.server\build\test\unit\work\o.n.m.j.l.s.p.S\rdccnro (class org.netbeans.modules.java.lsp.server.protocol.ServerTest$TestProjectFactory$4) original sourcePath: C:\Project\github\javavscode\netbeans\java\java.lsp.server\build\test\unit\work\o.n.m.j.l.s.p.S\rdccnro new sourcePath: C:\Project\github\javavscode\netbeans\java\java.lsp.server\build\test\unit\work\o.n.m.j.l.s.p.S\rdccnro
Apr 09, 2024 7:07:57 PM org.netbeans.modules.java.source.parsing.JavacParser init
WARNING: ClassPath identity changed for C:\Project\github\javavscode\netbeans\java\java.lsp.server\build\test\unit\work\o.n.m.j.l.s.p.S\rdccnro\Test2.java@31d7fe0e:30dfc22a, class path owner: C:\Project\github\javavscode\netbeans\java\java.lsp.server\build\test\unit\work\o.n.m.j.l.s.p.S\rdccnro (class org.netbeans.modules.java.lsp.server.protocol.ServerTest$TestProjectFactory$4) original sourcePath: C:\Project\github\javavscode\netbeans\java\java.lsp.server\build\test\unit\work\o.n.m.j.l.s.p.S\rdccnro new sourcePath: C:\Project\github\javavscode\netbeans\java\java.lsp.server\build\test\unit\work\o.n.m.j.l.s.p.S\rdccnro
Apr 09, 2024 7:07:57 PM org.netbeans.modules.java.source.parsing.JavacParser init
WARNING: ClassPath identity changed for C:\Project\github\javavscode\netbeans\java\java.lsp.server\build\test\unit\work\o.n.m.j.l.s.p.S\m\Test.java@d6eadd12:4ca89157, class path owner: null original sourcePath: C:\Project\github\javavscode\netbeans\java\java.lsp.server\build\test\unit\work\o.n.m.j.l.s.p.S\m new sourcePath: C:\Project\github\javavscode\netbeans\java\java.lsp.server\build\test\unit\work\o.n.m.j.l.s.p.S\m
Apr 09, 2024 7:07:57 PM org.netbeans.modules.java.source.parsing.JavacParser init
WARNING: ClassPath identity changed for C:\Project\github\javavscode\netbeans\java\java.lsp.server\build\test\unit\work\o.n.m.j.l.s.p.S\fd\Test.java@d377063d:aa719f3, class path owner: null original sourcePath: C:\Project\github\javavscode\netbeans\java\java.lsp.server\build\test\unit\work\o.n.m.j.l.s.p.S\fd new sourcePath: C:\Project\github\javavscode\netbeans\java\java.lsp.server\build\test\unit\work\o.n.m.j.l.s.p.S\fd
Apr 09, 2024 7:07:58 PM org.netbeans.modules.java.source.parsing.JavacParser init
WARNING: ClassPath identity changed for C:\Project\github\javavscode\netbeans\java\java.lsp.server\build\test\unit\work\o.n.m.j.l.s.p.S\snuf\Test.java@2e52710b:7cb85615, class path owner: null original sourcePath: C:\Project\github\javavscode\netbeans\java\java.lsp.server\build\test\unit\work\o.n.m.j.l.s.p.S\snuf new sourcePath: C:\Project\github\javavscode\netbeans\java\java.lsp.server\build\test\unit\work\o.n.m.j.l.s.p.S\snuf
Apr 09, 2024 7:07:58 PM org.netbeans.modules.java.source.parsing.JavacParser init
WARNING: ClassPath identity changed for C:\Project\github\javavscode\netbeans\java\java.lsp.server\build\test\unit\work\o.n.m.j.l.s.p.S\sats\Test.java@99966bea:2a3e4e30, class path owner: null original sourcePath: C:\Project\github\javavscode\netbeans\java\java.lsp.server\build\test\unit\work\o.n.m.j.l.s.p.S\sats new sourcePath: C:\Project\github\javavscode\netbeans\java\java.lsp.server\build\test\unit\work\o.n.m.j.l.s.p.S\sats
Apr 09, 2024 7:07:59 PM org.netbeans.modules.java.source.parsing.JavacParser init
WARNING: ClassPath identity changed for C:\Project\github\javavscode\netbeans\java\java.lsp.server\build\test\unit\work\o.n.m.j.l.s.p.S\cagc-1\Test.java@a81f445d:193654e9, class path owner: null original sourcePath: C:\Project\github\javavscode\netbeans\java\java.lsp.server\build\test\unit\work\o.n.m.j.l.s.p.S\cagc-1 new sourcePath: C:\Project\github\javavscode\netbeans\java\java.lsp.server\build\test\unit\work\o.n.m.j.l.s.p.S\cagc-1
Apr 09, 2024 7:07:59 PM org.netbeans.modules.java.source.parsing.JavacParser init
WARNING: ClassPath identity changed for C:\Project\github\javavscode\netbeans\java\java.lsp.server\build\test\unit\work\o.n.m.j.l.s.p.S\sags\Test.java@356d8d39:5a679c35, class path owner: null original sourcePath: C:\Project\github\javavscode\netbeans\java\java.lsp.server\build\test\unit\work\o.n.m.j.l.s.p.S\sags new sourcePath: C:\Project\github\javavscode\netbeans\java\java.lsp.server\build\test\unit\work\o.n.m.j.l.s.p.S\sags
Apr 09, 2024 7:07:59 PM org.netbeans.modules.java.source.parsing.JavacParser init
WARNING: ClassPath identity changed for C:\Project\github\javavscode\netbeans\java\java.lsp.server\build\test\unit\work\o.n.m.j.l.s.p.S\rdccro\Test.java@87eb52ec:219d62cb, class path owner: C:\Project\github\javavscode\netbeans\java\java.lsp.server\build\test\unit\work\o.n.m.j.l.s.p.S\rdccro (class org.netbeans.modules.java.lsp.server.protocol.ServerTest$TestProjectFactory$4) original sourcePath: C:\Project\github\javavscode\netbeans\java\java.lsp.server\build\test\unit\work\o.n.m.j.l.s.p.S\rdccro new sourcePath: C:\Project\github\javavscode\netbeans\java\java.lsp.server\build\test\unit\work\o.n.m.j.l.s.p.S\rdccro
Apr 09, 2024 7:07:59 PM org.netbeans.modules.java.source.parsing.JavacParser init
WARNING: ClassPath identity changed for C:\Project\github\javavscode\netbeans\java\java.lsp.server\build\test\unit\work\o.n.m.j.l.s.p.S\rdccro\Test2.java@7ad3c640:75bf3a3c, class path owner: C:\Project\github\javavscode\netbeans\java\java.lsp.server\build\test\unit\work\o.n.m.j.l.s.p.S\rdccro (class org.netbeans.modules.java.lsp.server.protocol.ServerTest$TestProjectFactory$4) original sourcePath: C:\Project\github\javavscode\netbeans\java\java.lsp.server\build\test\unit\work\o.n.m.j.l.s.p.S\rdccro new sourcePath: C:\Project\github\javavscode\netbeans\java\java.lsp.server\build\test\unit\work\o.n.m.j.l.s.p.S\rdccro
Apr 09, 2024 7:07:59 PM org.netbeans.modules.java.source.parsing.JavacParser init
WARNING: ClassPath identity changed for C:\Project\github\javavscode\netbeans\java\java.lsp.server\build\test\unit\work\o.n.m.j.l.s.p.S\sadm\Test.java@a11ced94:7656bf94, class path owner: null original sourcePath: C:\Project\github\javavscode\netbeans\java\java.lsp.server\build\test\unit\work\o.n.m.j.l.s.p.S\sadm new sourcePath: C:\Project\github\javavscode\netbeans\java\java.lsp.server\build\test\unit\work\o.n.m.j.l.s.p.S\sadm
Apr 09, 2024 7:07:59 PM org.netbeans.modules.java.source.parsing.JavacParser init
WARNING: ClassPath identity changed for C:\Project\github\javavscode\netbeans\java\java.lsp.server\build\test\unit\work\o.n.m.j.l.s.p.S\pu\a\Test.java@657904a9:8469411, class path owner: C:\Project\github\javavscode\netbeans\java\java.lsp.server\build\test\unit\work\o.n.m.j.l.s.p.S\pu (class org.netbeans.modules.java.lsp.server.protocol.ServerTest$TestProjectFactory$4) original sourcePath: C:\Project\github\javavscode\netbeans\java\java.lsp.server\build\test\unit\work\o.n.m.j.l.s.p.S\pu new sourcePath: C:\Project\github\javavscode\netbeans\java\java.lsp.server\build\test\unit\work\o.n.m.j.l.s.p.S\pu
Apr 09, 2024 7:08:00 PM org.netbeans.modules.java.source.parsing.JavacParser init
WARNING: ClassPath identity changed for C:\Project\github\javavscode\netbeans\java\java.lsp.server\build\test\unit\work\o.n.m.j.l.s.p.S\fs\Test.java@8cde996a:7892c08, class path owner: null original sourcePath: C:\Project\github\javavscode\netbeans\java\java.lsp.server\build\test\unit\work\o.n.m.j.l.s.p.S\fs new sourcePath: C:\Project\github\javavscode\netbeans\java\java.lsp.server\build\test\unit\work\o.n.m.j.l.s.p.S\fs
Apr 09, 2024 7:08:00 PM org.netbeans.modules.java.source.parsing.JavacParser init
WARNING: ClassPath identity changed for C:\Project\github\javavscode\netbeans\java\java.lsp.server\build\test\unit\work\o.n.m.j.l.s.p.S\cmp\a\Test.java@6758f670:7825634b, class path owner: C:\Project\github\javavscode\netbeans\java\java.lsp.server\build\test\unit\work\o.n.m.j.l.s.p.S\cmp (class org.netbeans.modules.java.lsp.server.protocol.ServerTest$TestProjectFactory$4) original sourcePath: C:\Project\github\javavscode\netbeans\java\java.lsp.server\build\test\unit\work\o.n.m.j.l.s.p.S\cmp new sourcePath: C:\Project\github\javavscode\netbeans\java\java.lsp.server\build\test\unit\work\o.n.m.j.l.s.p.S\cmp
Apr 09, 2024 7:08:01 PM org.netbeans.modules.java.source.parsing.JavacParser init
WARNING: ClassPath identity changed for C:\Project\github\javavscode\netbeans\java\java.lsp.server\build\test\unit\work\o.n.m.j.l.s.p.S\caiaamic\Test.java@6aafb03b:7e10de76, class path owner: null original sourcePath: C:\Project\github\javavscode\netbeans\java\java.lsp.server\build\test\unit\work\o.n.m.j.l.s.p.S\caiaamic new sourcePath: C:\Project\github\javavscode\netbeans\java\java.lsp.server\build\test\unit\work\o.n.m.j.l.s.p.S\caiaamic
Apr 09, 2024 7:08:01 PM org.netbeans.modules.java.source.parsing.JavacParser init
WARNING: ClassPath identity changed for C:\Project\github\javavscode\netbeans\java\java.lsp.server\build\test\unit\work\o.n.m.j.l.s.p.S\caiaamie\Test.java@94941ebd:2994612d, class path owner: null original sourcePath: C:\Project\github\javavscode\netbeans\java\java.lsp.server\build\test\unit\work\o.n.m.j.l.s.p.S\caiaamie new sourcePath: C:\Project\github\javavscode\netbeans\java\java.lsp.server\build\test\unit\work\o.n.m.j.l.s.p.S\caiaamie
Apr 09, 2024 7:08:01 PM org.netbeans.modules.java.source.parsing.JavacParser init
WARNING: ClassPath identity changed for C:\Project\github\javavscode\netbeans\java\java.lsp.server\build\test\unit\work\o.n.m.j.l.s.p.S\es\a\Test.java@d3cccff0:6cb3c558, class path owner: C:\Project\github\javavscode\netbeans\java\java.lsp.server\build\test\unit\work\o.n.m.j.l.s.p.S\es (class org.netbeans.modules.java.lsp.server.protocol.ServerTest$TestProjectFactory$4) original sourcePath: C:\Project\github\javavscode\netbeans\java\java.lsp.server\build\test\unit\work\o.n.m.j.l.s.p.S\es new sourcePath: C:\Project\github\javavscode\netbeans\java\java.lsp.server\build\test\unit\work\o.n.m.j.l.s.p.S\es
Apr 09, 2024 7:08:01 PM org.netbeans.modules.java.source.parsing.JavacParser init
WARNING: ClassPath identity changed for C:\Project\github\javavscode\netbeans\java\java.lsp.server\build\test\unit\work\o.n.m.j.l.s.p.S\saom\Test.java@f5a2868b:26db57a8, class path owner: null original sourcePath: C:\Project\github\javavscode\netbeans\java\java.lsp.server\build\test\unit\work\o.n.m.j.l.s.p.S\saom new sourcePath: C:\Project\github\javavscode\netbeans\java\java.lsp.server\build\test\unit\work\o.n.m.j.l.s.p.S\saom
Apr 09, 2024 7:08:01 PM org.netbeans.modules.java.source.parsing.JavacParser init
WARNING: ClassPath identity changed for C:\Project\github\javavscode\netbeans\java\java.lsp.server\build\test\unit\work\o.n.m.j.l.s.p.S\gtd\Test.java@4389a3c:585917dc, class path owner: C:\Project\github\javavscode\netbeans\java\java.lsp.server\build\test\unit\work\o.n.m.j.l.s.p.S\gtd (class org.netbeans.modules.java.lsp.server.protocol.ServerTest$TestProjectFactory$4) original sourcePath: C:\Project\github\javavscode\netbeans\java\java.lsp.server\build\test\unit\work\o.n.m.j.l.s.p.S\gtd new sourcePath: C:\Project\github\javavscode\netbeans\java\java.lsp.server\build\test\unit\work\o.n.m.j.l.s.p.S\gtd
Apr 09, 2024 7:08:02 PM org.netbeans.modules.java.source.parsing.JavacParser init
WARNING: ClassPath identity changed for C:\Project\github\javavscode\netbeans\java\java.lsp.server\build\test\unit\work\o.n.m.j.l.s.p.S\ei\a\Test.java@82ad0cc6:656130a3, class path owner: C:\Project\github\javavscode\netbeans\java\java.lsp.server\build\test\unit\work\o.n.m.j.l.s.p.S\ei (class org.netbeans.modules.java.lsp.server.protocol.ServerTest$TestProjectFactory$4) original sourcePath: C:\Project\github\javavscode\netbeans\java\java.lsp.server\build\test\unit\work\o.n.m.j.l.s.p.S\ei new sourcePath: C:\Project\github\javavscode\netbeans\java\java.lsp.server\build\test\unit\work\o.n.m.j.l.s.p.S\ei
Apr 09, 2024 7:08:02 PM org.netbeans.modules.java.source.parsing.JavacParser init
WARNING: ClassPath identity changed for C:\Project\github\javavscode\netbeans\java\java.lsp.server\build\test\unit\work\o.n.m.j.l.s.p.S\fi\Test.java@bbcf84e0:227203f0, class path owner: C:\Project\github\javavscode\netbeans\java\java.lsp.server\build\test\unit\work\o.n.m.j.l.s.p.S\fi (class org.netbeans.modules.java.lsp.server.protocol.ServerTest$TestProjectFactory$4) original sourcePath: C:\Project\github\javavscode\netbeans\java\java.lsp.server\build\test\unit\work\o.n.m.j.l.s.p.S\fi new sourcePath: C:\Project\github\javavscode\netbeans\java\java.lsp.server\build\test\unit\work\o.n.m.j.l.s.p.S\fi
Apr 09, 2024 7:08:02 PM org.netbeans.modules.java.source.parsing.JavacParser init
WARNING: ClassPath identity changed for C:\Project\github\javavscode\netbeans\java\java.lsp.server\build\test\unit\work\o.n.m.j.l.s.p.S\fmd\Test.java@dfd91602:3eb32bd4, class path owner: null original sourcePath: C:\Project\github\javavscode\netbeans\java\java.lsp.server\build\test\unit\work\o.n.m.j.l.s.p.S\fmd new sourcePath: C:\Project\github\javavscode\netbeans\java\java.lsp.server\build\test\unit\work\o.n.m.j.l.s.p.S\fmd
Apr 09, 2024 7:08:03 PM org.netbeans.modules.java.source.parsing.JavacParser init
WARNING: ClassPath identity changed for C:\Project\github\javavscode\netbeans\java\java.lsp.server\build\test\unit\work\o.n.m.j.l.s.p.S\ac-1\Test.java@fa57ea5:269f56f5, class path owner: null original sourcePath: C:\Project\github\javavscode\netbeans\java\java.lsp.server\build\test\unit\work\o.n.m.j.l.s.p.S\ac-1 new sourcePath: C:\Project\github\javavscode\netbeans\java\java.lsp.server\build\test\unit\work\o.n.m.j.l.s.p.S\ac-1
Apr 09, 2024 7:08:03 PM org.netbeans.modules.java.source.parsing.JavacParser init
WARNING: ClassPath identity changed for C:\Project\github\javavscode\netbeans\java\java.lsp.server\build\test\unit\work\o.n.m.j.l.s.p.S\h\Test.java@ee925f2f:747f0d70, class path owner: null original sourcePath: C:\Project\github\javavscode\netbeans\java\java.lsp.server\build\test\unit\work\o.n.m.j.l.s.p.S\h new sourcePath: C:\Project\github\javavscode\netbeans\java\java.lsp.server\build\test\unit\work\o.n.m.j.l.s.p.S\h
Apr 09, 2024 7:08:03 PM org.netbeans.modules.java.source.parsing.JavacParser init
WARNING: ClassPath identity changed for C:\Project\github\javavscode\netbeans\java\java.lsp.server\build\test\unit\work\o.n.m.j.l.s.p.S\dopl\Test3.java@c2bd17e9:5e69a7b5, class path owner: null original sourcePath: C:\Project\github\javavscode\netbeans\java\java.lsp.server\build\test\unit\work\o.n.m.j.l.s.p.S\dopl new sourcePath: C:\Project\github\javavscode\netbeans\java\java.lsp.server\build\test\unit\work\o.n.m.j.l.s.p.S\dopl
Apr 09, 2024 7:08:04 PM org.netbeans.modules.java.source.parsing.JavacParser init
WARNING: ClassPath identity changed for C:\Project\github\javavscode\netbeans\java\java.lsp.server\build\test\unit\work\o.n.m.j.l.s.p.S\cagvfop\Test.java@112f0521:3e9d007a, class path owner: null original sourcePath: C:\Project\github\javavscode\netbeans\java\java.lsp.server\build\test\unit\work\o.n.m.j.l.s.p.S\cagvfop new sourcePath: C:\Project\github\javavscode\netbeans\java\java.lsp.server\build\test\unit\work\o.n.m.j.l.s.p.S\cagvfop
Apr 09, 2024 7:08:04 PM org.netbeans.modules.java.source.parsing.JavacParser init
WARNING: ClassPath identity changed for C:\Project\github\javavscode\netbeans\java\java.lsp.server\build\test\unit\work\o.n.m.j.l.s.p.S\cawr\Test.java@fdcab476:ee82eb0, class path owner: null original sourcePath: C:\Project\github\javavscode\netbeans\java\java.lsp.server\build\test\unit\work\o.n.m.j.l.s.p.S\cawr new sourcePath: C:\Project\github\javavscode\netbeans\java\java.lsp.server\build\test\unit\work\o.n.m.j.l.s.p.S\cawr
Apr 09, 2024 7:08:04 PM org.netbeans.modules.java.source.parsing.JavacParser init
WARNING: ClassPath identity changed for C:\Project\github\javavscode\netbeans\java\java.lsp.server\build\test\unit\work\o.n.m.j.l.s.p.S\caiaamiac\Test.java@49cd76ee:7dbf3adb, class path owner: null original sourcePath: C:\Project\github\javavscode\netbeans\java\java.lsp.server\build\test\unit\work\o.n.m.j.l.s.p.S\caiaamiac new sourcePath: C:\Project\github\javavscode\netbeans\java\java.lsp.server\build\test\unit\work\o.n.m.j.l.s.p.S\caiaamiac
Apr 09, 2024 7:08:04 PM org.netbeans.modules.java.source.parsing.JavacParser init
WARNING: ClassPath identity changed for C:\Project\github\javavscode\netbeans\java\java.lsp.server\build\test\unit\work\o.n.m.j.l.s.p.S\neahf\Other.java@483b2a71:121b1ca8, class path owner: null original sourcePath: C:\Project\github\javavscode\netbeans\java\java.lsp.server\build\test\unit\work\o.n.m.j.l.s.p.S\neahf new sourcePath: C:\Project\github\javavscode\netbeans\java\java.lsp.server\build\test\unit\work\o.n.m.j.l.s.p.S\neahf
Apr 09, 2024 7:08:05 PM org.netbeans.modules.java.source.parsing.JavacParser init
WARNING: ClassPath identity changed for C:\Project\github\javavscode\netbeans\java\java.lsp.server\build\test\unit\work\o.n.m.j.l.s.p.S\aioc\Test.java@b7538bfb:38faa7c9, class path owner: C:\Project\github\javavscode\netbeans\java\java.lsp.server\build\test\unit\work\o.n.m.j.l.s.p.S\aioc (class org.netbeans.modules.java.lsp.server.protocol.ServerTest$TestProjectFactory$4) original sourcePath: C:\Project\github\javavscode\netbeans\java\java.lsp.server\build\test\unit\work\o.n.m.j.l.s.p.S\aioc new sourcePath: C:\Project\github\javavscode\netbeans\java\java.lsp.server\build\test\unit\work\o.n.m.j.l.s.p.S\aioc
Apr 09, 2024 7:08:06 PM org.netbeans.modules.project.ui.OpenProjectList log
INFO: USG_PROJECT_CLOSE
Creating a client for testcase: testMoveClass
Apr 09, 2024 7:08:06 PM org.netbeans.modules.project.ui.OpenProjectList log
INFO: USG_PROJECT_OPEN
Apr 09, 2024 7:08:06 PM org.netbeans.modules.java.lsp.server.protocol.Server$LanguageServerImpl lambda$asyncOpenSelectedProjects1$9
INFO: 1 projects opened in 6ms
Apr 09, 2024 7:08:06 PM org.netbeans.modules.java.source.parsing.JavacParser init
WARNING: ClassPath identity changed for C:\Project\github\javavscode\netbeans\java\java.lsp.server\build\test\unit\work\o.n.m.j.l.s.p.S\caiv\Test.java@e5a6f428:2fdd4c9b, class path owner: null original sourcePath: C:\Project\github\javavscode\netbeans\java\java.lsp.server\build\test\unit\work\o.n.m.j.l.s.p.S\caiv new sourcePath: C:\Project\github\javavscode\netbeans\java\java.lsp.server\build\test\unit\work\o.n.m.j.l.s.p.S\caiv
Apr 09, 2024 7:08:06 PM org.netbeans.modules.parsing.impl.indexing.RepositoryUpdater$Work reportIndexingStart
INFO: Indexing started, time from last indexing 11,016 ms.
Apr 09, 2024 7:08:07 PM org.netbeans.modules.parsing.impl.indexing.RepositoryUpdater$RootsWork getDone
INFO: Resolving dependencies took: 432 ms
Apr 09, 2024 7:08:07 PM org.netbeans.modules.java.source.parsing.JavacParser init
WARNING: ClassPath identity changed for C:\Project\github\javavscode\netbeans\java\java.lsp.server\build\test\unit\work\o.n.m.j.l.s.p.S\ac\Test.java@181a3381:56a1cd94, class path owner: C:\Project\github\javavscode\netbeans\java\java.lsp.server\build\test\unit\work\o.n.m.j.l.s.p.S\ac (class org.netbeans.modules.java.lsp.server.protocol.ServerTest$TestProjectFactory$4) original sourcePath: C:\Project\github\javavscode\netbeans\java\java.lsp.server\build\test\unit\work\o.n.m.j.l.s.p.S\ac new sourcePath: C:\Project\github\javavscode\netbeans\java\java.lsp.server\build\test\unit\work\o.n.m.j.l.s.p.S\ac
Apr 09, 2024 7:08:07 PM org.netbeans.modules.java.source.parsing.JavacParser init
WARNING: ClassPath identity changed for C:\Project\github\javavscode\netbeans\java\java.lsp.server\build\test\unit\work\o.n.m.j.l.s.p.S\gttd\Test.java@fd6098da:1bce18d0, class path owner: C:\Project\github\javavscode\netbeans\java\java.lsp.server\build\test\unit\work\o.n.m.j.l.s.p.S\gttd (class org.netbeans.modules.java.lsp.server.protocol.ServerTest$TestProjectFactory$4) original sourcePath: C:\Project\github\javavscode\netbeans\java\java.lsp.server\build\test\unit\work\o.n.m.j.l.s.p.S\gttd new sourcePath: C:\Project\github\javavscode\netbeans\java\java.lsp.server\build\test\unit\work\o.n.m.j.l.s.p.S\gttd
Apr 09, 2024 7:08:08 PM org.netbeans.modules.java.source.parsing.JavacParser init
WARNING: ClassPath identity changed for C:\Project\github\javavscode\netbeans\java\java.lsp.server\build\test\unit\work\o.n.m.j.l.s.p.S\sal\Test.java@47563825:5e6be917, class path owner: null original sourcePath: C:\Project\github\javavscode\netbeans\java\java.lsp.server\build\test\unit\work\o.n.m.j.l.s.p.S\sal new sourcePath: C:\Project\github\javavscode\netbeans\java\java.lsp.server\build\test\unit\work\o.n.m.j.l.s.p.S\sal
Apr 09, 2024 7:08:08 PM org.netbeans.modules.java.source.parsing.JavacParser init
WARNING: ClassPath identity changed for C:\Project\github\javavscode\netbeans\java\java.lsp.server\build\test\unit\work\o.n.m.j.l.s.p.S\sh-2\Test.java@2ed17e39:17482c08, class path owner: null original sourcePath: C:\Project\github\javavscode\netbeans\java\java.lsp.server\build\test\unit\work\o.n.m.j.l.s.p.S\sh-2 new sourcePath: C:\Project\github\javavscode\netbeans\java\java.lsp.server\build\test\unit\work\o.n.m.j.l.s.p.S\sh-2
Apr 09, 2024 7:08:08 PM org.netbeans.modules.java.source.parsing.JavacParser init
WARNING: ClassPath identity changed for C:\Project\github\javavscode\netbeans\java\java.lsp.server\build\test\unit\work\o.n.m.j.l.s.p.S\rdccnro\Test.java@3b5ee87e:396e43e8, class path owner: C:\Project\github\javavscode\netbeans\java\java.lsp.server\build\test\unit\work\o.n.m.j.l.s.p.S\rdccnro (class org.netbeans.modules.java.lsp.server.protocol.ServerTest$TestProjectFactory$4) original sourcePath: C:\Project\github\javavscode\netbeans\java\java.lsp.server\build\test\unit\work\o.n.m.j.l.s.p.S\rdccnro new sourcePath: C:\Project\github\javavscode\netbeans\java\java.lsp.server\build\test\unit\work\o.n.m.j.l.s.p.S\rdccnro
Apr 09, 2024 7:08:08 PM org.netbeans.modules.java.source.parsing.JavacParser init
WARNING: ClassPath identity changed for C:\Project\github\javavscode\netbeans\java\java.lsp.server\build\test\unit\work\o.n.m.j.l.s.p.S\rdccnro\Test2.java@31d7fe0e:30dfc22a, class path owner: C:\Project\github\javavscode\netbeans\java\java.lsp.server\build\test\unit\work\o.n.m.j.l.s.p.S\rdccnro (class org.netbeans.modules.java.lsp.server.protocol.ServerTest$TestProjectFactory$4) original sourcePath: C:\Project\github\javavscode\netbeans\java\java.lsp.server\build\test\unit\work\o.n.m.j.l.s.p.S\rdccnro new sourcePath: C:\Project\github\javavscode\netbeans\java\java.lsp.server\build\test\unit\work\o.n.m.j.l.s.p.S\rdccnro
Apr 09, 2024 7:08:09 PM org.netbeans.modules.java.source.parsing.JavacParser init
WARNING: ClassPath identity changed for C:\Project\github\javavscode\netbeans\java\java.lsp.server\build\test\unit\work\o.n.m.j.l.s.p.S\m\Test.java@d6eadd12:4ca89157, class path owner: null original sourcePath: C:\Project\github\javavscode\netbeans\java\java.lsp.server\build\test\unit\work\o.n.m.j.l.s.p.S\m new sourcePath: C:\Project\github\javavscode\netbeans\java\java.lsp.server\build\test\unit\work\o.n.m.j.l.s.p.S\m
Apr 09, 2024 7:08:09 PM org.netbeans.modules.java.source.parsing.JavacParser init
WARNING: ClassPath identity changed for C:\Project\github\javavscode\netbeans\java\java.lsp.server\build\test\unit\work\o.n.m.j.l.s.p.S\fd\Test.java@d377063d:aa719f3, class path owner: null original sourcePath: C:\Project\github\javavscode\netbeans\java\java.lsp.server\build\test\unit\work\o.n.m.j.l.s.p.S\fd new sourcePath: C:\Project\github\javavscode\netbeans\java\java.lsp.server\build\test\unit\work\o.n.m.j.l.s.p.S\fd
Apr 09, 2024 7:08:09 PM org.netbeans.modules.java.source.parsing.JavacParser init
WARNING: ClassPath identity changed for C:\Project\github\javavscode\netbeans\java\java.lsp.server\build\test\unit\work\o.n.m.j.l.s.p.S\snuf\Test.java@2e52710b:7cb85615, class path owner: null original sourcePath: C:\Project\github\javavscode\netbeans\java\java.lsp.server\build\test\unit\work\o.n.m.j.l.s.p.S\snuf new sourcePath: C:\Project\github\javavscode\netbeans\java\java.lsp.server\build\test\unit\work\o.n.m.j.l.s.p.S\snuf
Apr 09, 2024 7:08:10 PM org.netbeans.modules.java.source.parsing.JavacParser init
WARNING: ClassPath identity changed for C:\Project\github\javavscode\netbeans\java\java.lsp.server\build\test\unit\work\o.n.m.j.l.s.p.S\sats\Test.java@99966bea:2a3e4e30, class path owner: null original sourcePath: C:\Project\github\javavscode\netbeans\java\java.lsp.server\build\test\unit\work\o.n.m.j.l.s.p.S\sats new sourcePath: C:\Project\github\javavscode\netbeans\java\java.lsp.server\build\test\unit\work\o.n.m.j.l.s.p.S\sats
Apr 09, 2024 7:08:10 PM org.netbeans.modules.java.source.parsing.JavacParser init
WARNING: ClassPath identity changed for C:\Project\github\javavscode\netbeans\java\java.lsp.server\build\test\unit\work\o.n.m.j.l.s.p.S\cagc-1\Test.java@a81f445d:193654e9, class path owner: null original sourcePath: C:\Project\github\javavscode\netbeans\java\java.lsp.server\build\test\unit\work\o.n.m.j.l.s.p.S\cagc-1 new sourcePath: C:\Project\github\javavscode\netbeans\java\java.lsp.server\build\test\unit\work\o.n.m.j.l.s.p.S\cagc-1
Apr 09, 2024 7:08:10 PM org.netbeans.modules.java.source.parsing.JavacParser init
WARNING: ClassPath identity changed for C:\Project\github\javavscode\netbeans\java\java.lsp.server\build\test\unit\work\o.n.m.j.l.s.p.S\sags\Test.java@356d8d39:5a679c35, class path owner: null original sourcePath: C:\Project\github\javavscode\netbeans\java\java.lsp.server\build\test\unit\work\o.n.m.j.l.s.p.S\sags new sourcePath: C:\Project\github\javavscode\netbeans\java\java.lsp.server\build\test\unit\work\o.n.m.j.l.s.p.S\sags
Apr 09, 2024 7:08:10 PM org.netbeans.modules.java.source.parsing.JavacParser init
WARNING: ClassPath identity changed for C:\Project\github\javavscode\netbeans\java\java.lsp.server\build\test\unit\work\o.n.m.j.l.s.p.S\rdccro\Test.java@87eb52ec:219d62cb, class path owner: C:\Project\github\javavscode\netbeans\java\java.lsp.server\build\test\unit\work\o.n.m.j.l.s.p.S\rdccro (class org.netbeans.modules.java.lsp.server.protocol.ServerTest$TestProjectFactory$4) original sourcePath: C:\Project\github\javavscode\netbeans\java\java.lsp.server\build\test\unit\work\o.n.m.j.l.s.p.S\rdccro new sourcePath: C:\Project\github\javavscode\netbeans\java\java.lsp.server\build\test\unit\work\o.n.m.j.l.s.p.S\rdccro
Apr 09, 2024 7:08:10 PM org.netbeans.modules.java.source.parsing.JavacParser init
WARNING: ClassPath identity changed for C:\Project\github\javavscode\netbeans\java\java.lsp.server\build\test\unit\work\o.n.m.j.l.s.p.S\rdccro\Test2.java@7ad3c640:75bf3a3c, class path owner: C:\Project\github\javavscode\netbeans\java\java.lsp.server\build\test\unit\work\o.n.m.j.l.s.p.S\rdccro (class org.netbeans.modules.java.lsp.server.protocol.ServerTest$TestProjectFactory$4) original sourcePath: C:\Project\github\javavscode\netbeans\java\java.lsp.server\build\test\unit\work\o.n.m.j.l.s.p.S\rdccro new sourcePath: C:\Project\github\javavscode\netbeans\java\java.lsp.server\build\test\unit\work\o.n.m.j.l.s.p.S\rdccro
Apr 09, 2024 7:08:10 PM org.netbeans.modules.java.source.parsing.JavacParser init
WARNING: ClassPath identity changed for C:\Project\github\javavscode\netbeans\java\java.lsp.server\build\test\unit\work\o.n.m.j.l.s.p.S\sadm\Test.java@a11ced94:7656bf94, class path owner: null original sourcePath: C:\Project\github\javavscode\netbeans\java\java.lsp.server\build\test\unit\work\o.n.m.j.l.s.p.S\sadm new sourcePath: C:\Project\github\javavscode\netbeans\java\java.lsp.server\build\test\unit\work\o.n.m.j.l.s.p.S\sadm
Apr 09, 2024 7:08:11 PM org.netbeans.modules.java.source.parsing.JavacParser init
WARNING: ClassPath identity changed for C:\Project\github\javavscode\netbeans\java\java.lsp.server\build\test\unit\work\o.n.m.j.l.s.p.S\pu\a\Test.java@657904a9:8469411, class path owner: C:\Project\github\javavscode\netbeans\java\java.lsp.server\build\test\unit\work\o.n.m.j.l.s.p.S\pu (class org.netbeans.modules.java.lsp.server.protocol.ServerTest$TestProjectFactory$4) original sourcePath: C:\Project\github\javavscode\netbeans\java\java.lsp.server\build\test\unit\work\o.n.m.j.l.s.p.S\pu new sourcePath: C:\Project\github\javavscode\netbeans\java\java.lsp.server\build\test\unit\work\o.n.m.j.l.s.p.S\pu
Apr 09, 2024 7:08:11 PM org.netbeans.modules.java.source.parsing.JavacParser init
WARNING: ClassPath identity changed for C:\Project\github\javavscode\netbeans\java\java.lsp.server\build\test\unit\work\o.n.m.j.l.s.p.S\fs\Test.java@8cde996a:7892c08, class path owner: null original sourcePath: C:\Project\github\javavscode\netbeans\java\java.lsp.server\build\test\unit\work\o.n.m.j.l.s.p.S\fs new sourcePath: C:\Project\github\javavscode\netbeans\java\java.lsp.server\build\test\unit\work\o.n.m.j.l.s.p.S\fs
Apr 09, 2024 7:08:11 PM org.netbeans.modules.java.source.parsing.JavacParser init
WARNING: ClassPath identity changed for C:\Project\github\javavscode\netbeans\java\java.lsp.server\build\test\unit\work\o.n.m.j.l.s.p.S\cmp\a\Test.java@6758f670:7825634b, class path owner: C:\Project\github\javavscode\netbeans\java\java.lsp.server\build\test\unit\work\o.n.m.j.l.s.p.S\cmp (class org.netbeans.modules.java.lsp.server.protocol.ServerTest$TestProjectFactory$4) original sourcePath: C:\Project\github\javavscode\netbeans\java\java.lsp.server\build\test\unit\work\o.n.m.j.l.s.p.S\cmp new sourcePath: C:\Project\github\javavscode\netbeans\java\java.lsp.server\build\test\unit\work\o.n.m.j.l.s.p.S\cmp
Apr 09, 2024 7:08:11 PM org.netbeans.modules.java.source.parsing.JavacParser init
WARNING: ClassPath identity changed for C:\Project\github\javavscode\netbeans\java\java.lsp.server\build\test\unit\work\o.n.m.j.l.s.p.S\caiaamic\Test.java@6aafb03b:7e10de76, class path owner: null original sourcePath: C:\Project\github\javavscode\netbeans\java\java.lsp.server\build\test\unit\work\o.n.m.j.l.s.p.S\caiaamic new sourcePath: C:\Project\github\javavscode\netbeans\java\java.lsp.server\build\test\unit\work\o.n.m.j.l.s.p.S\caiaamic
Apr 09, 2024 7:08:11 PM org.netbeans.modules.java.source.parsing.JavacParser init
WARNING: ClassPath identity changed for C:\Project\github\javavscode\netbeans\java\java.lsp.server\build\test\unit\work\o.n.m.j.l.s.p.S\caiaamie\Test.java@94941ebd:2994612d, class path owner: null original sourcePath: C:\Project\github\javavscode\netbeans\java\java.lsp.server\build\test\unit\work\o.n.m.j.l.s.p.S\caiaamie new sourcePath: C:\Project\github\javavscode\netbeans\java\java.lsp.server\build\test\unit\work\o.n.m.j.l.s.p.S\caiaamie
Apr 09, 2024 7:08:12 PM org.netbeans.modules.java.source.parsing.JavacParser init
WARNING: ClassPath identity changed for C:\Project\github\javavscode\netbeans\java\java.lsp.server\build\test\unit\work\o.n.m.j.l.s.p.S\es\a\Test.java@d3cccff0:6cb3c558, class path owner: C:\Project\github\javavscode\netbeans\java\java.lsp.server\build\test\unit\work\o.n.m.j.l.s.p.S\es (class org.netbeans.modules.java.lsp.server.protocol.ServerTest$TestProjectFactory$4) original sourcePath: C:\Project\github\javavscode\netbeans\java\java.lsp.server\build\test\unit\work\o.n.m.j.l.s.p.S\es new sourcePath: C:\Project\github\javavscode\netbeans\java\java.lsp.server\build\test\unit\work\o.n.m.j.l.s.p.S\es
Apr 09, 2024 7:08:12 PM org.netbeans.modules.java.source.parsing.JavacParser init
WARNING: ClassPath identity changed for C:\Project\github\javavscode\netbeans\java\java.lsp.server\build\test\unit\work\o.n.m.j.l.s.p.S\saom\Test.java@f5a2868b:26db57a8, class path owner: null original sourcePath: C:\Project\github\javavscode\netbeans\java\java.lsp.server\build\test\unit\work\o.n.m.j.l.s.p.S\saom new sourcePath: C:\Project\github\javavscode\netbeans\java\java.lsp.server\build\test\unit\work\o.n.m.j.l.s.p.S\saom
Apr 09, 2024 7:08:12 PM org.netbeans.modules.java.source.parsing.JavacParser init
WARNING: ClassPath identity changed for C:\Project\github\javavscode\netbeans\java\java.lsp.server\build\test\unit\work\o.n.m.j.l.s.p.S\gtd\Test.java@4389a3c:585917dc, class path owner: C:\Project\github\javavscode\netbeans\java\java.lsp.server\build\test\unit\work\o.n.m.j.l.s.p.S\gtd (class org.netbeans.modules.java.lsp.server.protocol.ServerTest$TestProjectFactory$4) original sourcePath: C:\Project\github\javavscode\netbeans\java\java.lsp.server\build\test\unit\work\o.n.m.j.l.s.p.S\gtd new sourcePath: C:\Project\github\javavscode\netbeans\java\java.lsp.server\build\test\unit\work\o.n.m.j.l.s.p.S\gtd
Apr 09, 2024 7:08:12 PM org.netbeans.modules.java.source.parsing.JavacParser init
WARNING: ClassPath identity changed for C:\Project\github\javavscode\netbeans\java\java.lsp.server\build\test\unit\work\o.n.m.j.l.s.p.S\ei\a\Test.java@82ad0cc6:656130a3, class path owner: C:\Project\github\javavscode\netbeans\java\java.lsp.server\build\test\unit\work\o.n.m.j.l.s.p.S\ei (class org.netbeans.modules.java.lsp.server.protocol.ServerTest$TestProjectFactory$4) original sourcePath: C:\Project\github\javavscode\netbeans\java\java.lsp.server\build\test\unit\work\o.n.m.j.l.s.p.S\ei new sourcePath: C:\Project\github\javavscode\netbeans\java\java.lsp.server\build\test\unit\work\o.n.m.j.l.s.p.S\ei
Apr 09, 2024 7:08:13 PM org.netbeans.modules.java.source.parsing.JavacParser init
WARNING: ClassPath identity changed for C:\Project\github\javavscode\netbeans\java\java.lsp.server\build\test\unit\work\o.n.m.j.l.s.p.S\gtsi\Test.java@de2af020:12d5292c, class path owner: null original sourcePath: C:\Project\github\javavscode\netbeans\java\java.lsp.server\build\test\unit\work\o.n.m.j.l.s.p.S\gtsi new sourcePath: C:\Project\github\javavscode\netbeans\java\java.lsp.server\build\test\unit\work\o.n.m.j.l.s.p.S\gtsi
Apr 09, 2024 7:08:13 PM org.netbeans.modules.java.source.parsing.JavacParser init
WARNING: ClassPath identity changed for C:\Project\github\javavscode\netbeans\java\java.lsp.server\build\test\unit\work\o.n.m.j.l.s.p.S\fi\Test.java@bbcf84e0:227203f0, class path owner: C:\Project\github\javavscode\netbeans\java\java.lsp.server\build\test\unit\work\o.n.m.j.l.s.p.S\fi (class org.netbeans.modules.java.lsp.server.protocol.ServerTest$TestProjectFactory$4) original sourcePath: C:\Project\github\javavscode\netbeans\java\java.lsp.server\build\test\unit\work\o.n.m.j.l.s.p.S\fi new sourcePath: C:\Project\github\javavscode\netbeans\java\java.lsp.server\build\test\unit\work\o.n.m.j.l.s.p.S\fi
Apr 09, 2024 7:08:14 PM org.netbeans.modules.parsing.impl.indexing.RepositoryUpdater$AbstractRootsWork scanBinaries
INFO: Complete indexing of 71 binary roots took: 6,728 ms
Apr 09, 2024 7:08:14 PM org.netbeans.modules.java.source.parsing.JavacParser init
WARNING: ClassPath identity changed for C:\Project\github\javavscode\netbeans\java\java.lsp.server\build\test\unit\work\o.n.m.j.l.s.p.S\fmd\Test.java@dfd91602:3eb32bd4, class path owner: null original sourcePath: C:\Project\github\javavscode\netbeans\java\java.lsp.server\build\test\unit\work\o.n.m.j.l.s.p.S\fmd new sourcePath: C:\Project\github\javavscode\netbeans\java\java.lsp.server\build\test\unit\work\o.n.m.j.l.s.p.S\fmd
Apr 09, 2024 7:08:15 PM org.netbeans.modules.java.source.parsing.JavacParser init
WARNING: ClassPath identity changed for C:\Project\github\javavscode\netbeans\java\java.lsp.server\build\test\unit\work\o.n.m.j.l.s.p.S\ac-1\Test.java@fa57ea5:269f56f5, class path owner: null original sourcePath: C:\Project\github\javavscode\netbeans\java\java.lsp.server\build\test\unit\work\o.n.m.j.l.s.p.S\ac-1 new sourcePath: C:\Project\github\javavscode\netbeans\java\java.lsp.server\build\test\unit\work\o.n.m.j.l.s.p.S\ac-1
Apr 09, 2024 7:08:15 PM org.netbeans.modules.java.source.parsing.JavacParser init
WARNING: ClassPath identity changed for C:\Project\github\javavscode\netbeans\java\java.lsp.server\build\test\unit\work\o.n.m.j.l.s.p.S\h\Test.java@ee925f2f:747f0d70, class path owner: null original sourcePath: C:\Project\github\javavscode\netbeans\java\java.lsp.server\build\test\unit\work\o.n.m.j.l.s.p.S\h new sourcePath: C:\Project\github\javavscode\netbeans\java\java.lsp.server\build\test\unit\work\o.n.m.j.l.s.p.S\h
Apr 09, 2024 7:08:16 PM org.netbeans.modules.java.source.parsing.JavacParser init
WARNING: ClassPath identity changed for C:\Project\github\javavscode\netbeans\java\java.lsp.server\build\test\unit\work\o.n.m.j.l.s.p.S\dopl\Test3.java@c2bd17e9:5e69a7b5, class path owner: null original sourcePath: C:\Project\github\javavscode\netbeans\java\java.lsp.server\build\test\unit\work\o.n.m.j.l.s.p.S\dopl new sourcePath: C:\Project\github\javavscode\netbeans\java\java.lsp.server\build\test\unit\work\o.n.m.j.l.s.p.S\dopl
Apr 09, 2024 7:08:16 PM org.netbeans.modules.java.source.parsing.JavacParser init
WARNING: ClassPath identity changed for C:\Project\github\javavscode\netbeans\java\java.lsp.server\build\test\unit\work\o.n.m.j.l.s.p.S\cagvfop\Test.java@112f0521:3e9d007a, class path owner: null original sourcePath: C:\Project\github\javavscode\netbeans\java\java.lsp.server\build\test\unit\work\o.n.m.j.l.s.p.S\cagvfop new sourcePath: C:\Project\github\javavscode\netbeans\java\java.lsp.server\build\test\unit\work\o.n.m.j.l.s.p.S\cagvfop
Apr 09, 2024 7:08:17 PM org.netbeans.modules.parsing.impl.indexing.RepositoryUpdater$AbstractRootsWork scanSources
INFO: Indexing of: C:\Project\github\javavscode\netbeans\java\java.lsp.server\build\test\unit\work\o.n.m.j.l.s.p.S\mc took: 2,956 ms (New or modified files: 3, Deleted files: 0) [Adding listeners took: 0 ms]
Apr 09, 2024 7:08:17 PM org.netbeans.modules.parsing.impl.indexing.RepositoryUpdater$AbstractRootsWork scanSources
INFO: Complete indexing of 1 source roots took: 2,956 ms (New or modified files: 3, Deleted files: 0) [Adding listeners took: 0 ms]
Apr 09, 2024 7:08:17 PM org.netbeans.modules.parsing.impl.indexing.RepositoryUpdater$Work reportIndexerStatistics
INFO: Indexing finished, indexing took 10,277 ms.
Apr 09, 2024 7:08:17 PM org.netbeans.modules.java.source.parsing.JavacParser init
WARNING: ClassPath identity changed for C:\Project\github\javavscode\netbeans\java\java.lsp.server\build\test\unit\work\o.n.m.j.l.s.p.S\cawr\Test.java@fdcab476:ee82eb0, class path owner: null original sourcePath: C:\Project\github\javavscode\netbeans\java\java.lsp.server\build\test\unit\work\o.n.m.j.l.s.p.S\cawr new sourcePath: C:\Project\github\javavscode\netbeans\java\java.lsp.server\build\test\unit\work\o.n.m.j.l.s.p.S\cawr
Apr 09, 2024 7:08:18 PM org.netbeans.modules.java.source.parsing.JavacParser init
WARNING: ClassPath identity changed for C:\Project\github\javavscode\netbeans\java\java.lsp.server\build\test\unit\work\o.n.m.j.l.s.p.S\caiaamiac\Test.java@49cd76ee:7dbf3adb, class path owner: null original sourcePath: C:\Project\github\javavscode\netbeans\java\java.lsp.server\build\test\unit\work\o.n.m.j.l.s.p.S\caiaamiac new sourcePath: C:\Project\github\javavscode\netbeans\java\java.lsp.server\build\test\unit\work\o.n.m.j.l.s.p.S\caiaamiac
Apr 09, 2024 7:08:18 PM org.netbeans.modules.java.source.parsing.JavacParser init
WARNING: ClassPath identity changed for C:\Project\github\javavscode\netbeans\java\java.lsp.server\build\test\unit\work\o.n.m.j.l.s.p.S\neahf\Other.java@483b2a71:121b1ca8, class path owner: null original sourcePath: C:\Project\github\javavscode\netbeans\java\java.lsp.server\build\test\unit\work\o.n.m.j.l.s.p.S\neahf new sourcePath: C:\Project\github\javavscode\netbeans\java\java.lsp.server\build\test\unit\work\o.n.m.j.l.s.p.S\neahf
Apr 09, 2024 7:08:19 PM org.netbeans.modules.java.source.parsing.JavacParser init
WARNING: ClassPath identity changed for C:\Project\github\javavscode\netbeans\java\java.lsp.server\build\test\unit\work\o.n.m.j.l.s.p.S\aioc\Test.java@b7538bfb:38faa7c9, class path owner: C:\Project\github\javavscode\netbeans\java\java.lsp.server\build\test\unit\work\o.n.m.j.l.s.p.S\aioc (class org.netbeans.modules.java.lsp.server.protocol.ServerTest$TestProjectFactory$4) original sourcePath: C:\Project\github\javavscode\netbeans\java\java.lsp.server\build\test\unit\work\o.n.m.j.l.s.p.S\aioc new sourcePath: C:\Project\github\javavscode\netbeans\java\java.lsp.server\build\test\unit\work\o.n.m.j.l.s.p.S\aioc
Apr 09, 2024 7:08:19 PM org.netbeans.modules.java.source.parsing.JavacParser init
WARNING: ClassPath identity changed for C:\Project\github\javavscode\netbeans\java\java.lsp.server\build\test\unit\work\o.n.m.j.l.s.p.S\caiv\Test.java@e5a6f428:2fdd4c9b, class path owner: null original sourcePath: C:\Project\github\javavscode\netbeans\java\java.lsp.server\build\test\unit\work\o.n.m.j.l.s.p.S\caiv new sourcePath: C:\Project\github\javavscode\netbeans\java\java.lsp.server\build\test\unit\work\o.n.m.j.l.s.p.S\caiv
Apr 09, 2024 7:08:19 PM org.netbeans.modules.java.source.parsing.JavacParser init
WARNING: ClassPath identity changed for C:\Project\github\javavscode\netbeans\java\java.lsp.server\build\test\unit\work\o.n.m.j.l.s.p.S\ac\Test.java@181a3381:56a1cd94, class path owner: C:\Project\github\javavscode\netbeans\java\java.lsp.server\build\test\unit\work\o.n.m.j.l.s.p.S\ac (class org.netbeans.modules.java.lsp.server.protocol.ServerTest$TestProjectFactory$4) original sourcePath: C:\Project\github\javavscode\netbeans\java\java.lsp.server\build\test\unit\work\o.n.m.j.l.s.p.S\ac new sourcePath: C:\Project\github\javavscode\netbeans\java\java.lsp.server\build\test\unit\work\o.n.m.j.l.s.p.S\ac
Apr 09, 2024 7:08:19 PM org.netbeans.modules.java.source.parsing.JavacParser init
WARNING: ClassPath identity changed for C:\Project\github\javavscode\netbeans\java\java.lsp.server\build\test\unit\work\o.n.m.j.l.s.p.S\gttd\Test.java@fd6098da:1bce18d0, class path owner: C:\Project\github\javavscode\netbeans\java\java.lsp.server\build\test\unit\work\o.n.m.j.l.s.p.S\gttd (class org.netbeans.modules.java.lsp.server.protocol.ServerTest$TestProjectFactory$4) original sourcePath: C:\Project\github\javavscode\netbeans\java\java.lsp.server\build\test\unit\work\o.n.m.j.l.s.p.S\gttd new sourcePath: C:\Project\github\javavscode\netbeans\java\java.lsp.server\build\test\unit\work\o.n.m.j.l.s.p.S\gttd
Apr 09, 2024 7:08:20 PM org.netbeans.modules.java.source.parsing.JavacParser init
WARNING: ClassPath identity changed for C:\Project\github\javavscode\netbeans\java\java.lsp.server\build\test\unit\work\o.n.m.j.l.s.p.S\sal\Test.java@47563825:5e6be917, class path owner: null original sourcePath: C:\Project\github\javavscode\netbeans\java\java.lsp.server\build\test\unit\work\o.n.m.j.l.s.p.S\sal new sourcePath: C:\Project\github\javavscode\netbeans\java\java.lsp.server\build\test\unit\work\o.n.m.j.l.s.p.S\sal
Apr 09, 2024 7:08:20 PM org.netbeans.modules.java.source.parsing.JavacParser init
WARNING: ClassPath identity changed for C:\Project\github\javavscode\netbeans\java\java.lsp.server\build\test\unit\work\o.n.m.j.l.s.p.S\sh-2\Test.java@2ed17e39:17482c08, class path owner: null original sourcePath: C:\Project\github\javavscode\netbeans\java\java.lsp.server\build\test\unit\work\o.n.m.j.l.s.p.S\sh-2 new sourcePath: C:\Project\github\javavscode\netbeans\java\java.lsp.server\build\test\unit\work\o.n.m.j.l.s.p.S\sh-2
Apr 09, 2024 7:08:20 PM org.netbeans.modules.java.source.parsing.JavacParser init
WARNING: ClassPath identity changed for C:\Project\github\javavscode\netbeans\java\java.lsp.server\build\test\unit\work\o.n.m.j.l.s.p.S\rdccnro\Test.java@3b5ee87e:396e43e8, class path owner: C:\Project\github\javavscode\netbeans\java\java.lsp.server\build\test\unit\work\o.n.m.j.l.s.p.S\rdccnro (class org.netbeans.modules.java.lsp.server.protocol.ServerTest$TestProjectFactory$4) original sourcePath: C:\Project\github\javavscode\netbeans\java\java.lsp.server\build\test\unit\work\o.n.m.j.l.s.p.S\rdccnro new sourcePath: C:\Project\github\javavscode\netbeans\java\java.lsp.server\build\test\unit\work\o.n.m.j.l.s.p.S\rdccnro
Apr 09, 2024 7:08:20 PM org.netbeans.modules.java.source.parsing.JavacParser init
WARNING: ClassPath identity changed for C:\Project\github\javavscode\netbeans\java\java.lsp.server\build\test\unit\work\o.n.m.j.l.s.p.S\rdccnro\Test2.java@31d7fe0e:30dfc22a, class path owner: C:\Project\github\javavscode\netbeans\java\java.lsp.server\build\test\unit\work\o.n.m.j.l.s.p.S\rdccnro (class org.netbeans.modules.java.lsp.server.protocol.ServerTest$TestProjectFactory$4) original sourcePath: C:\Project\github\javavscode\netbeans\java\java.lsp.server\build\test\unit\work\o.n.m.j.l.s.p.S\rdccnro new sourcePath: C:\Project\github\javavscode\netbeans\java\java.lsp.server\build\test\unit\work\o.n.m.j.l.s.p.S\rdccnro
Apr 09, 2024 7:08:20 PM org.netbeans.modules.java.source.parsing.JavacParser init
WARNING: ClassPath identity changed for C:\Project\github\javavscode\netbeans\java\java.lsp.server\build\test\unit\work\o.n.m.j.l.s.p.S\m\Test.java@d6eadd12:4ca89157, class path owner: null original sourcePath: C:\Project\github\javavscode\netbeans\java\java.lsp.server\build\test\unit\work\o.n.m.j.l.s.p.S\m new sourcePath: C:\Project\github\javavscode\netbeans\java\java.lsp.server\build\test\unit\work\o.n.m.j.l.s.p.S\m
Apr 09, 2024 7:08:20 PM org.netbeans.modules.java.source.parsing.JavacParser init
WARNING: ClassPath identity changed for C:\Project\github\javavscode\netbeans\java\java.lsp.server\build\test\unit\work\o.n.m.j.l.s.p.S\fd\Test.java@d377063d:aa719f3, class path owner: null original sourcePath: C:\Project\github\javavscode\netbeans\java\java.lsp.server\build\test\unit\work\o.n.m.j.l.s.p.S\fd new sourcePath: C:\Project\github\javavscode\netbeans\java\java.lsp.server\build\test\unit\work\o.n.m.j.l.s.p.S\fd
Apr 09, 2024 7:08:21 PM org.netbeans.modules.java.source.parsing.JavacParser init
WARNING: ClassPath identity changed for C:\Project\github\javavscode\netbeans\java\java.lsp.server\build\test\unit\work\o.n.m.j.l.s.p.S\snuf\Test.java@2e52710b:7cb85615, class path owner: null original sourcePath: C:\Project\github\javavscode\netbeans\java\java.lsp.server\build\test\unit\work\o.n.m.j.l.s.p.S\snuf new sourcePath: C:\Project\github\javavscode\netbeans\java\java.lsp.server\build\test\unit\work\o.n.m.j.l.s.p.S\snuf
Apr 09, 2024 7:08:21 PM org.netbeans.modules.java.source.parsing.JavacParser init
WARNING: ClassPath identity changed for C:\Project\github\javavscode\netbeans\java\java.lsp.server\build\test\unit\work\o.n.m.j.l.s.p.S\sats\Test.java@99966bea:2a3e4e30, class path owner: null original sourcePath: C:\Project\github\javavscode\netbeans\java\java.lsp.server\build\test\unit\work\o.n.m.j.l.s.p.S\sats new sourcePath: C:\Project\github\javavscode\netbeans\java\java.lsp.server\build\test\unit\work\o.n.m.j.l.s.p.S\sats
Apr 09, 2024 7:08:21 PM org.netbeans.modules.java.source.parsing.JavacParser init
WARNING: ClassPath identity changed for C:\Project\github\javavscode\netbeans\java\java.lsp.server\build\test\unit\work\o.n.m.j.l.s.p.S\cagc-1\Test.java@a81f445d:193654e9, class path owner: null original sourcePath: C:\Project\github\javavscode\netbeans\java\java.lsp.server\build\test\unit\work\o.n.m.j.l.s.p.S\cagc-1 new sourcePath: C:\Project\github\javavscode\netbeans\java\java.lsp.server\build\test\unit\work\o.n.m.j.l.s.p.S\cagc-1
Apr 09, 2024 7:08:21 PM org.netbeans.modules.java.source.parsing.JavacParser init
WARNING: ClassPath identity changed for C:\Project\github\javavscode\netbeans\java\java.lsp.server\build\test\unit\work\o.n.m.j.l.s.p.S\sags\Test.java@356d8d39:5a679c35, class path owner: null original sourcePath: C:\Project\github\javavscode\netbeans\java\java.lsp.server\build\test\unit\work\o.n.m.j.l.s.p.S\sags new sourcePath: C:\Project\github\javavscode\netbeans\java\java.lsp.server\build\test\unit\work\o.n.m.j.l.s.p.S\sags
Apr 09, 2024 7:08:21 PM org.netbeans.modules.java.source.parsing.JavacParser init
WARNING: ClassPath identity changed for C:\Project\github\javavscode\netbeans\java\java.lsp.server\build\test\unit\work\o.n.m.j.l.s.p.S\rdccro\Test.java@87eb52ec:219d62cb, class path owner: C:\Project\github\javavscode\netbeans\java\java.lsp.server\build\test\unit\work\o.n.m.j.l.s.p.S\rdccro (class org.netbeans.modules.java.lsp.server.protocol.ServerTest$TestProjectFactory$4) original sourcePath: C:\Project\github\javavscode\netbeans\java\java.lsp.server\build\test\unit\work\o.n.m.j.l.s.p.S\rdccro new sourcePath: C:\Project\github\javavscode\netbeans\java\java.lsp.server\build\test\unit\work\o.n.m.j.l.s.p.S\rdccro
Apr 09, 2024 7:08:22 PM org.netbeans.modules.java.source.parsing.JavacParser init
WARNING: ClassPath identity changed for C:\Project\github\javavscode\netbeans\java\java.lsp.server\build\test\unit\work\o.n.m.j.l.s.p.S\rdccro\Test2.java@7ad3c640:75bf3a3c, class path owner: C:\Project\github\javavscode\netbeans\java\java.lsp.server\build\test\unit\work\o.n.m.j.l.s.p.S\rdccro (class org.netbeans.modules.java.lsp.server.protocol.ServerTest$TestProjectFactory$4) original sourcePath: C:\Project\github\javavscode\netbeans\java\java.lsp.server\build\test\unit\work\o.n.m.j.l.s.p.S\rdccro new sourcePath: C:\Project\github\javavscode\netbeans\java\java.lsp.server\build\test\unit\work\o.n.m.j.l.s.p.S\rdccro
Apr 09, 2024 7:08:22 PM org.netbeans.modules.java.source.parsing.JavacParser init
WARNING: ClassPath identity changed for C:\Project\github\javavscode\netbeans\java\java.lsp.server\build\test\unit\work\o.n.m.j.l.s.p.S\sadm\Test.java@a11ced94:7656bf94, class path owner: null original sourcePath: C:\Project\github\javavscode\netbeans\java\java.lsp.server\build\test\unit\work\o.n.m.j.l.s.p.S\sadm new sourcePath: C:\Project\github\javavscode\netbeans\java\java.lsp.server\build\test\unit\work\o.n.m.j.l.s.p.S\sadm
Apr 09, 2024 7:08:22 PM org.netbeans.modules.java.source.parsing.JavacParser init
WARNING: ClassPath identity changed for C:\Project\github\javavscode\netbeans\java\java.lsp.server\build\test\unit\work\o.n.m.j.l.s.p.S\pu\a\Test.java@657904a9:8469411, class path owner: C:\Project\github\javavscode\netbeans\java\java.lsp.server\build\test\unit\work\o.n.m.j.l.s.p.S\pu (class org.netbeans.modules.java.lsp.server.protocol.ServerTest$TestProjectFactory$4) original sourcePath: C:\Project\github\javavscode\netbeans\java\java.lsp.server\build\test\unit\work\o.n.m.j.l.s.p.S\pu new sourcePath: C:\Project\github\javavscode\netbeans\java\java.lsp.server\build\test\unit\work\o.n.m.j.l.s.p.S\pu
Apr 09, 2024 7:08:22 PM org.netbeans.modules.java.source.parsing.JavacParser init
WARNING: ClassPath identity changed for C:\Project\github\javavscode\netbeans\java\java.lsp.server\build\test\unit\work\o.n.m.j.l.s.p.S\fs\Test.java@8cde996a:7892c08, class path owner: null original sourcePath: C:\Project\github\javavscode\netbeans\java\java.lsp.server\build\test\unit\work\o.n.m.j.l.s.p.S\fs new sourcePath: C:\Project\github\javavscode\netbeans\java\java.lsp.server\build\test\unit\work\o.n.m.j.l.s.p.S\fs
Apr 09, 2024 7:08:22 PM org.netbeans.modules.java.source.parsing.JavacParser init
WARNING: ClassPath identity changed for C:\Project\github\javavscode\netbeans\java\java.lsp.server\build\test\unit\work\o.n.m.j.l.s.p.S\cmp\a\Test.java@6758f670:7825634b, class path owner: C:\Project\github\javavscode\netbeans\java\java.lsp.server\build\test\unit\work\o.n.m.j.l.s.p.S\cmp (class org.netbeans.modules.java.lsp.server.protocol.ServerTest$TestProjectFactory$4) original sourcePath: C:\Project\github\javavscode\netbeans\java\java.lsp.server\build\test\unit\work\o.n.m.j.l.s.p.S\cmp new sourcePath: C:\Project\github\javavscode\netbeans\java\java.lsp.server\build\test\unit\work\o.n.m.j.l.s.p.S\cmp
Apr 09, 2024 7:08:22 PM org.netbeans.modules.java.source.parsing.JavacParser init
WARNING: ClassPath identity changed for C:\Project\github\javavscode\netbeans\java\java.lsp.server\build\test\unit\work\o.n.m.j.l.s.p.S\caiaamic\Test.java@6aafb03b:7e10de76, class path owner: null original sourcePath: C:\Project\github\javavscode\netbeans\java\java.lsp.server\build\test\unit\work\o.n.m.j.l.s.p.S\caiaamic new sourcePath: C:\Project\github\javavscode\netbeans\java\java.lsp.server\build\test\unit\work\o.n.m.j.l.s.p.S\caiaamic
Apr 09, 2024 7:08:22 PM org.netbeans.modules.java.source.parsing.JavacParser init
WARNING: ClassPath identity changed for C:\Project\github\javavscode\netbeans\java\java.lsp.server\build\test\unit\work\o.n.m.j.l.s.p.S\caiaamie\Test.java@94941ebd:2994612d, class path owner: null original sourcePath: C:\Project\github\javavscode\netbeans\java\java.lsp.server\build\test\unit\work\o.n.m.j.l.s.p.S\caiaamie new sourcePath: C:\Project\github\javavscode\netbeans\java\java.lsp.server\build\test\unit\work\o.n.m.j.l.s.p.S\caiaamie
Apr 09, 2024 7:08:22 PM org.netbeans.modules.java.source.parsing.JavacParser init
WARNING: ClassPath identity changed for C:\Project\github\javavscode\netbeans\java\java.lsp.server\build\test\unit\work\o.n.m.j.l.s.p.S\es\a\Test.java@d3cccff0:6cb3c558, class path owner: C:\Project\github\javavscode\netbeans\java\java.lsp.server\build\test\unit\work\o.n.m.j.l.s.p.S\es (class org.netbeans.modules.java.lsp.server.protocol.ServerTest$TestProjectFactory$4) original sourcePath: C:\Project\github\javavscode\netbeans\java\java.lsp.server\build\test\unit\work\o.n.m.j.l.s.p.S\es new sourcePath: C:\Project\github\javavscode\netbeans\java\java.lsp.server\build\test\unit\work\o.n.m.j.l.s.p.S\es
Apr 09, 2024 7:08:23 PM org.netbeans.modules.java.source.parsing.JavacParser init
WARNING: ClassPath identity changed for C:\Project\github\javavscode\netbeans\java\java.lsp.server\build\test\unit\work\o.n.m.j.l.s.p.S\saom\Test.java@f5a2868b:26db57a8, class path owner: null original sourcePath: C:\Project\github\javavscode\netbeans\java\java.lsp.server\build\test\unit\work\o.n.m.j.l.s.p.S\saom new sourcePath: C:\Project\github\javavscode\netbeans\java\java.lsp.server\build\test\unit\work\o.n.m.j.l.s.p.S\saom
Apr 09, 2024 7:08:23 PM org.netbeans.modules.java.source.parsing.JavacParser init
WARNING: ClassPath identity changed for C:\Project\github\javavscode\netbeans\java\java.lsp.server\build\test\unit\work\o.n.m.j.l.s.p.S\gtd\Test.java@4389a3c:585917dc, class path owner: C:\Project\github\javavscode\netbeans\java\java.lsp.server\build\test\unit\work\o.n.m.j.l.s.p.S\gtd (class org.netbeans.modules.java.lsp.server.protocol.ServerTest$TestProjectFactory$4) original sourcePath: C:\Project\github\javavscode\netbeans\java\java.lsp.server\build\test\unit\work\o.n.m.j.l.s.p.S\gtd new sourcePath: C:\Project\github\javavscode\netbeans\java\java.lsp.server\build\test\unit\work\o.n.m.j.l.s.p.S\gtd
Apr 09, 2024 7:08:23 PM org.netbeans.modules.java.source.parsing.JavacParser init
WARNING: ClassPath identity changed for C:\Project\github\javavscode\netbeans\java\java.lsp.server\build\test\unit\work\o.n.m.j.l.s.p.S\ei\a\Test.java@82ad0cc6:656130a3, class path owner: C:\Project\github\javavscode\netbeans\java\java.lsp.server\build\test\unit\work\o.n.m.j.l.s.p.S\ei (class org.netbeans.modules.java.lsp.server.protocol.ServerTest$TestProjectFactory$4) original sourcePath: C:\Project\github\javavscode\netbeans\java\java.lsp.server\build\test\unit\work\o.n.m.j.l.s.p.S\ei new sourcePath: C:\Project\github\javavscode\netbeans\java\java.lsp.server\build\test\unit\work\o.n.m.j.l.s.p.S\ei
Apr 09, 2024 7:08:23 PM org.netbeans.modules.java.source.parsing.JavacParser init
WARNING: ClassPath identity changed for C:\Project\github\javavscode\netbeans\java\java.lsp.server\build\test\unit\work\o.n.m.j.l.s.p.S\gtsi\Test.java@de2af020:12d5292c, class path owner: null original sourcePath: C:\Project\github\javavscode\netbeans\java\java.lsp.server\build\test\unit\work\o.n.m.j.l.s.p.S\gtsi new sourcePath: C:\Project\github\javavscode\netbeans\java\java.lsp.server\build\test\unit\work\o.n.m.j.l.s.p.S\gtsi
Apr 09, 2024 7:08:24 PM org.netbeans.modules.java.source.parsing.JavacParser init
WARNING: ClassPath identity changed for C:\Project\github\javavscode\netbeans\java\java.lsp.server\build\test\unit\work\o.n.m.j.l.s.p.S\fi\Test.java@bbcf84e0:227203f0, class path owner: C:\Project\github\javavscode\netbeans\java\java.lsp.server\build\test\unit\work\o.n.m.j.l.s.p.S\fi (class org.netbeans.modules.java.lsp.server.protocol.ServerTest$TestProjectFactory$4) original sourcePath: C:\Project\github\javavscode\netbeans\java\java.lsp.server\build\test\unit\work\o.n.m.j.l.s.p.S\fi new sourcePath: C:\Project\github\javavscode\netbeans\java\java.lsp.server\build\test\unit\work\o.n.m.j.l.s.p.S\fi
Apr 09, 2024 7:08:24 PM org.netbeans.modules.java.source.parsing.JavacParser init
WARNING: ClassPath identity changed for C:\Project\github\javavscode\netbeans\java\java.lsp.server\build\test\unit\work\o.n.m.j.l.s.p.S\fmd\Test.java@dfd91602:3eb32bd4, class path owner: null original sourcePath: C:\Project\github\javavscode\netbeans\java\java.lsp.server\build\test\unit\work\o.n.m.j.l.s.p.S\fmd new sourcePath: C:\Project\github\javavscode\netbeans\java\java.lsp.server\build\test\unit\work\o.n.m.j.l.s.p.S\fmd
Apr 09, 2024 7:08:24 PM org.netbeans.modules.java.source.parsing.JavacParser init
WARNING: ClassPath identity changed for C:\Project\github\javavscode\netbeans\java\java.lsp.server\build\test\unit\work\o.n.m.j.l.s.p.S\ac-1\Test.java@fa57ea5:269f56f5, class path owner: null original sourcePath: C:\Project\github\javavscode\netbeans\java\java.lsp.server\build\test\unit\work\o.n.m.j.l.s.p.S\ac-1 new sourcePath: C:\Project\github\javavscode\netbeans\java\java.lsp.server\build\test\unit\work\o.n.m.j.l.s.p.S\ac-1
Apr 09, 2024 7:08:24 PM org.netbeans.modules.java.source.parsing.JavacParser init
WARNING: ClassPath identity changed for C:\Project\github\javavscode\netbeans\java\java.lsp.server\build\test\unit\work\o.n.m.j.l.s.p.S\h\Test.java@ee925f2f:747f0d70, class path owner: null original sourcePath: C:\Project\github\javavscode\netbeans\java\java.lsp.server\build\test\unit\work\o.n.m.j.l.s.p.S\h new sourcePath: C:\Project\github\javavscode\netbeans\java\java.lsp.server\build\test\unit\work\o.n.m.j.l.s.p.S\h
Apr 09, 2024 7:08:25 PM org.netbeans.modules.java.source.parsing.JavacParser init
WARNING: ClassPath identity changed for C:\Project\github\javavscode\netbeans\java\java.lsp.server\build\test\unit\work\o.n.m.j.l.s.p.S\dopl\Test3.java@c2bd17e9:5e69a7b5, class path owner: null original sourcePath: C:\Project\github\javavscode\netbeans\java\java.lsp.server\build\test\unit\work\o.n.m.j.l.s.p.S\dopl new sourcePath: C:\Project\github\javavscode\netbeans\java\java.lsp.server\build\test\unit\work\o.n.m.j.l.s.p.S\dopl
Apr 09, 2024 7:08:25 PM org.netbeans.modules.java.source.parsing.JavacParser init
WARNING: ClassPath identity changed for C:\Project\github\javavscode\netbeans\java\java.lsp.server\build\test\unit\work\o.n.m.j.l.s.p.S\cagvfop\Test.java@112f0521:3e9d007a, class path owner: null original sourcePath: C:\Project\github\javavscode\netbeans\java\java.lsp.server\build\test\unit\work\o.n.m.j.l.s.p.S\cagvfop new sourcePath: C:\Project\github\javavscode\netbeans\java\java.lsp.server\build\test\unit\work\o.n.m.j.l.s.p.S\cagvfop
Apr 09, 2024 7:08:28 PM org.netbeans.modules.project.ui.OpenProjectList log
INFO: USG_PROJECT_CLOSE
Apr 09, 2024 7:08:28 PM org.netbeans.modules.java.source.parsing.JavacParser init
WARNING: ClassPath identity changed for C:\Project\github\javavscode\netbeans\java\java.lsp.server\build\test\unit\work\o.n.m.j.l.s.p.S\es\a\Test.java@d3cccff0:6cb3c558, class path owner: C:\Project\github\javavscode\netbeans\java\java.lsp.server\build\test\unit\work\o.n.m.j.l.s.p.S\es (class org.netbeans.modules.java.lsp.server.protocol.ServerTest$TestProjectFactory$4) original sourcePath: C:\Project\github\javavscode\netbeans\java\java.lsp.server\build\test\unit\work\o.n.m.j.l.s.p.S\es new sourcePath: C:\Project\github\javavscode\netbeans\java\java.lsp.server\build\test\unit\work\o.n.m.j.l.s.p.S\es
Creating a client for testcase: testMoveMethod
Apr 09, 2024 7:08:28 PM org.netbeans.modules.project.ui.OpenProjectList log
INFO: USG_PROJECT_OPEN
Apr 09, 2024 7:08:28 PM org.netbeans.modules.java.lsp.server.protocol.Server$LanguageServerImpl lambda$asyncOpenSelectedProjects1$9
INFO: 1 projects opened in 5ms
Apr 09, 2024 7:08:29 PM org.netbeans.modules.java.source.parsing.JavacParser init
WARNING: ClassPath identity changed for C:\Project\github\javavscode\netbeans\java\java.lsp.server\build\test\unit\work\o.n.m.j.l.s.p.S\saom\Test.java@f5a2868b:26db57a8, class path owner: null original sourcePath: C:\Project\github\javavscode\netbeans\java\java.lsp.server\build\test\unit\work\o.n.m.j.l.s.p.S\saom new sourcePath: C:\Project\github\javavscode\netbeans\java\java.lsp.server\build\test\unit\work\o.n.m.j.l.s.p.S\saom
Apr 09, 2024 7:08:29 PM org.netbeans.modules.parsing.impl.indexing.RepositoryUpdater$Work reportIndexingStart
INFO: Indexing started, time from last indexing 12,169 ms.
Apr 09, 2024 7:08:30 PM org.netbeans.modules.java.source.parsing.JavacParser init
WARNING: ClassPath identity changed for C:\Project\github\javavscode\netbeans\java\java.lsp.server\build\test\unit\work\o.n.m.j.l.s.p.S\gtd\Test.java@4389a3c:585917dc, class path owner: C:\Project\github\javavscode\netbeans\java\java.lsp.server\build\test\unit\work\o.n.m.j.l.s.p.S\gtd (class org.netbeans.modules.java.lsp.server.protocol.ServerTest$TestProjectFactory$4) original sourcePath: C:\Project\github\javavscode\netbeans\java\java.lsp.server\build\test\unit\work\o.n.m.j.l.s.p.S\gtd new sourcePath: C:\Project\github\javavscode\netbeans\java\java.lsp.server\build\test\unit\work\o.n.m.j.l.s.p.S\gtd
Apr 09, 2024 7:08:30 PM org.netbeans.modules.parsing.impl.indexing.RepositoryUpdater$RootsWork getDone
INFO: Resolving dependencies took: 833 ms
Apr 09, 2024 7:08:30 PM org.netbeans.modules.parsing.impl.indexing.RepositoryUpdater$AbstractRootsWork scanBinaries
INFO: Complete indexing of 0 binary roots took: 0 ms
Apr 09, 2024 7:08:31 PM org.netbeans.modules.java.source.parsing.JavacParser init
WARNING: ClassPath identity changed for C:\Project\github\javavscode\netbeans\java\java.lsp.server\build\test\unit\work\o.n.m.j.l.s.p.S\ei\a\Test.java@82ad0cc6:656130a3, class path owner: C:\Project\github\javavscode\netbeans\java\java.lsp.server\build\test\unit\work\o.n.m.j.l.s.p.S\ei (class org.netbeans.modules.java.lsp.server.protocol.ServerTest$TestProjectFactory$4) original sourcePath: C:\Project\github\javavscode\netbeans\java\java.lsp.server\build\test\unit\work\o.n.m.j.l.s.p.S\ei new sourcePath: C:\Project\github\javavscode\netbeans\java\java.lsp.server\build\test\unit\work\o.n.m.j.l.s.p.S\ei
Apr 09, 2024 7:08:32 PM org.netbeans.modules.java.source.parsing.JavacParser init
WARNING: ClassPath identity changed for C:\Project\github\javavscode\netbeans\java\java.lsp.server\build\test\unit\work\o.n.m.j.l.s.p.S\gtsi\Test.java@de2af020:12d5292c, class path owner: null original sourcePath: C:\Project\github\javavscode\netbeans\java\java.lsp.server\build\test\unit\work\o.n.m.j.l.s.p.S\gtsi new sourcePath: C:\Project\github\javavscode\netbeans\java\java.lsp.server\build\test\unit\work\o.n.m.j.l.s.p.S\gtsi
Apr 09, 2024 7:08:34 PM org.netbeans.modules.java.source.parsing.JavacParser init
WARNING: ClassPath identity changed for C:\Project\github\javavscode\netbeans\java\java.lsp.server\build\test\unit\work\o.n.m.j.l.s.p.S\fi\Test.java@bbcf84e0:227203f0, class path owner: C:\Project\github\javavscode\netbeans\java\java.lsp.server\build\test\unit\work\o.n.m.j.l.s.p.S\fi (class org.netbeans.modules.java.lsp.server.protocol.ServerTest$TestProjectFactory$4) original sourcePath: C:\Project\github\javavscode\netbeans\java\java.lsp.server\build\test\unit\work\o.n.m.j.l.s.p.S\fi new sourcePath: C:\Project\github\javavscode\netbeans\java\java.lsp.server\build\test\unit\work\o.n.m.j.l.s.p.S\fi
Apr 09, 2024 7:08:34 PM org.netbeans.modules.java.source.parsing.JavacParser init
WARNING: ClassPath identity changed for C:\Project\github\javavscode\netbeans\java\java.lsp.server\build\test\unit\work\o.n.m.j.l.s.p.S\fmd\Test.java@dfd91602:3eb32bd4, class path owner: null original sourcePath: C:\Project\github\javavscode\netbeans\java\java.lsp.server\build\test\unit\work\o.n.m.j.l.s.p.S\fmd new sourcePath: C:\Project\github\javavscode\netbeans\java\java.lsp.server\build\test\unit\work\o.n.m.j.l.s.p.S\fmd
Apr 09, 2024 7:08:34 PM org.netbeans.modules.java.source.parsing.JavacParser init
WARNING: ClassPath identity changed for C:\Project\github\javavscode\netbeans\java\java.lsp.server\build\test\unit\work\o.n.m.j.l.s.p.S\pd\b\Base.java@fdbd3718:b7bf7bf, class path owner: C:\Project\github\javavscode\netbeans\java\java.lsp.server\build\test\unit\work\o.n.m.j.l.s.p.S\pd (class org.netbeans.modules.java.lsp.server.protocol.ServerTest$TestProjectFactory$4) original sourcePath: C:\Project\github\javavscode\netbeans\java\java.lsp.server\build\test\unit\work\o.n.m.j.l.s.p.S\pd new sourcePath: C:\Project\github\javavscode\netbeans\java\java.lsp.server\build\test\unit\work\o.n.m.j.l.s.p.S\pd
Apr 09, 2024 7:08:35 PM org.netbeans.modules.java.source.parsing.JavacParser init
WARNING: ClassPath identity changed for C:\Project\github\javavscode\netbeans\java\java.lsp.server\build\test\unit\work\o.n.m.j.l.s.p.S\ac-1\Test.java@fa57ea5:269f56f5, class path owner: null original sourcePath: C:\Project\github\javavscode\netbeans\java\java.lsp.server\build\test\unit\work\o.n.m.j.l.s.p.S\ac-1 new sourcePath: C:\Project\github\javavscode\netbeans\java\java.lsp.server\build\test\unit\work\o.n.m.j.l.s.p.S\ac-1
Apr 09, 2024 7:08:36 PM org.netbeans.modules.java.source.parsing.JavacParser init
WARNING: ClassPath identity changed for C:\Project\github\javavscode\netbeans\java\java.lsp.server\build\test\unit\work\o.n.m.j.l.s.p.S\h\Test.java@ee925f2f:747f0d70, class path owner: null original sourcePath: C:\Project\github\javavscode\netbeans\java\java.lsp.server\build\test\unit\work\o.n.m.j.l.s.p.S\h new sourcePath: C:\Project\github\javavscode\netbeans\java\java.lsp.server\build\test\unit\work\o.n.m.j.l.s.p.S\h
Apr 09, 2024 7:08:36 PM org.netbeans.modules.parsing.impl.indexing.RepositoryUpdater$AbstractRootsWork scanSources
INFO: Indexing of: C:\Project\github\javavscode\netbeans\java\java.lsp.server\build\test\unit\work\o.n.m.j.l.s.p.S\mm took: 6,071 ms (New or modified files: 3, Deleted files: 0) [Adding listeners took: 1 ms]
Apr 09, 2024 7:08:36 PM org.netbeans.modules.parsing.impl.indexing.RepositoryUpdater$AbstractRootsWork scanSources
INFO: Complete indexing of 1 source roots took: 6,071 ms (New or modified files: 3, Deleted files: 0) [Adding listeners took: 1 ms]
Apr 09, 2024 7:08:36 PM org.netbeans.modules.parsing.impl.indexing.RepositoryUpdater$Work reportIndexerStatistics
INFO: Indexing finished, indexing took 6,919 ms.
Apr 09, 2024 7:08:36 PM org.netbeans.modules.parsing.impl.indexing.RepositoryUpdater$Work reportIndexingStart
INFO: Indexing started, time from last indexing 0 ms.
Apr 09, 2024 7:08:37 PM org.netbeans.modules.java.source.parsing.JavacParser init
WARNING: ClassPath identity changed for C:\Project\github\javavscode\netbeans\java\java.lsp.server\build\test\unit\work\o.n.m.j.l.s.p.S\dopl\Test3.java@c2bd17e9:5e69a7b5, class path owner: null original sourcePath: C:\Project\github\javavscode\netbeans\java\java.lsp.server\build\test\unit\work\o.n.m.j.l.s.p.S\dopl new sourcePath: C:\Project\github\javavscode\netbeans\java\java.lsp.server\build\test\unit\work\o.n.m.j.l.s.p.S\dopl
Apr 09, 2024 7:08:37 PM org.netbeans.modules.parsing.impl.indexing.RepositoryUpdater$Work doIndex
INFO: Refresh of custom indexer ([text/x-java, application/x-class-file]) for root: file:/C:/Project/github/javavscode/netbeans/java/java.lsp.server/build/test/unit/work/o.n.m.j.l.s.p.S/opojdk/jdk/src/java.base/share/classes/ forced by: org.netbeans.modules.java.source.indexing.JavaCustomIndexer$Factory@31aa22
Apr 09, 2024 7:08:37 PM org.netbeans.modules.java.source.parsing.JavacParser init
WARNING: ClassPath identity changed for C:\Project\github\javavscode\netbeans\java\java.lsp.server\build\test\unit\work\o.n.m.j.l.s.p.S\cagvfop\Test.java@112f0521:3e9d007a, class path owner: null original sourcePath: C:\Project\github\javavscode\netbeans\java\java.lsp.server\build\test\unit\work\o.n.m.j.l.s.p.S\cagvfop new sourcePath: C:\Project\github\javavscode\netbeans\java\java.lsp.server\build\test\unit\work\o.n.m.j.l.s.p.S\cagvfop
Apr 09, 2024 7:08:37 PM org.netbeans.modules.java.source.indexing.JavaCustomIndexer index
WARNING: Ignoring root with no ClassPath: C:\Project\github\javavscode\netbeans\java\java.lsp.server\build\test\unit\work\o.n.m.j.l.s.p.S\opojdk\jdk\src\java.base\share\classes
Apr 09, 2024 7:08:38 PM org.netbeans.modules.java.source.parsing.JavacParser init
WARNING: ClassPath identity changed for C:\Project\github\javavscode\netbeans\java\java.lsp.server\build\test\unit\work\o.n.m.j.l.s.p.S\caic\Test.java@d8a808f7:5042886a, class path owner: null original sourcePath: C:\Project\github\javavscode\netbeans\java\java.lsp.server\build\test\unit\work\o.n.m.j.l.s.p.S\caic new sourcePath: C:\Project\github\javavscode\netbeans\java\java.lsp.server\build\test\unit\work\o.n.m.j.l.s.p.S\caic
Apr 09, 2024 7:08:38 PM org.netbeans.modules.java.source.parsing.JavacParser init
WARNING: ClassPath identity changed for C:\Project\github\javavscode\netbeans\java\java.lsp.server\build\test\unit\work\o.n.m.j.l.s.p.S\cawr\Test.java@fdcab476:ee82eb0, class path owner: null original sourcePath: C:\Project\github\javavscode\netbeans\java\java.lsp.server\build\test\unit\work\o.n.m.j.l.s.p.S\cawr new sourcePath: C:\Project\github\javavscode\netbeans\java\java.lsp.server\build\test\unit\work\o.n.m.j.l.s.p.S\cawr
Apr 09, 2024 7:08:38 PM org.netbeans.modules.parsing.impl.indexing.RepositoryUpdater$Work reportIndexerStatistics
INFO: Indexing finished, indexing took 2,184 ms.
Apr 09, 2024 7:08:38 PM org.netbeans.modules.java.source.parsing.JavacParser init
WARNING: ClassPath identity changed for C:\Project\github\javavscode\netbeans\java\java.lsp.server\build\test\unit\work\o.n.m.j.l.s.p.S\caiaamiac\Test.java@49cd76ee:7dbf3adb, class path owner: null original sourcePath: C:\Project\github\javavscode\netbeans\java\java.lsp.server\build\test\unit\work\o.n.m.j.l.s.p.S\caiaamiac new sourcePath: C:\Project\github\javavscode\netbeans\java\java.lsp.server\build\test\unit\work\o.n.m.j.l.s.p.S\caiaamiac
Apr 09, 2024 7:08:38 PM org.netbeans.modules.java.source.parsing.JavacParser init
WARNING: ClassPath identity changed for C:\Project\github\javavscode\netbeans\java\java.lsp.server\build\test\unit\work\o.n.m.j.l.s.p.S\neahf\Other.java@483b2a71:121b1ca8, class path owner: null original sourcePath: C:\Project\github\javavscode\netbeans\java\java.lsp.server\build\test\unit\work\o.n.m.j.l.s.p.S\neahf new sourcePath: C:\Project\github\javavscode\netbeans\java\java.lsp.server\build\test\unit\work\o.n.m.j.l.s.p.S\neahf
Apr 09, 2024 7:08:39 PM org.netbeans.modules.java.source.parsing.JavacParser init
WARNING: ClassPath identity changed for C:\Project\github\javavscode\netbeans\java\java.lsp.server\build\test\unit\work\o.n.m.j.l.s.p.S\aioc\Test.java@b7538bfb:38faa7c9, class path owner: C:\Project\github\javavscode\netbeans\java\java.lsp.server\build\test\unit\work\o.n.m.j.l.s.p.S\aioc (class org.netbeans.modules.java.lsp.server.protocol.ServerTest$TestProjectFactory$4) original sourcePath: C:\Project\github\javavscode\netbeans\java\java.lsp.server\build\test\unit\work\o.n.m.j.l.s.p.S\aioc new sourcePath: C:\Project\github\javavscode\netbeans\java\java.lsp.server\build\test\unit\work\o.n.m.j.l.s.p.S\aioc
Apr 09, 2024 7:08:40 PM org.netbeans.modules.java.source.parsing.JavacParser init
WARNING: ClassPath identity changed for C:\Project\github\javavscode\netbeans\java\java.lsp.server\build\test\unit\work\o.n.m.j.l.s.p.S\mc\a\Test.java@fa892ad8:269b7e6d, class path owner: C:\Project\github\javavscode\netbeans\java\java.lsp.server\build\test\unit\work\o.n.m.j.l.s.p.S\mc (class org.netbeans.modules.java.lsp.server.protocol.ServerTest$TestProjectFactory$4) original sourcePath: C:\Project\github\javavscode\netbeans\java\java.lsp.server\build\test\unit\work\o.n.m.j.l.s.p.S\mc new sourcePath: C:\Project\github\javavscode\netbeans\java\java.lsp.server\build\test\unit\work\o.n.m.j.l.s.p.S\mc
Apr 09, 2024 7:08:40 PM org.netbeans.modules.java.source.parsing.JavacParser init
WARNING: ClassPath identity changed for C:\Project\github\javavscode\netbeans\java\java.lsp.server\build\test\unit\work\o.n.m.j.l.s.p.S\caiv\Test.java@e5a6f428:2fdd4c9b, class path owner: null original sourcePath: C:\Project\github\javavscode\netbeans\java\java.lsp.server\build\test\unit\work\o.n.m.j.l.s.p.S\caiv new sourcePath: C:\Project\github\javavscode\netbeans\java\java.lsp.server\build\test\unit\work\o.n.m.j.l.s.p.S\caiv
Apr 09, 2024 7:08:40 PM org.netbeans.modules.java.source.parsing.JavacParser init
WARNING: ClassPath identity changed for C:\Project\github\javavscode\netbeans\java\java.lsp.server\build\test\unit\work\o.n.m.j.l.s.p.S\ac\Test.java@181a3381:56a1cd94, class path owner: C:\Project\github\javavscode\netbeans\java\java.lsp.server\build\test\unit\work\o.n.m.j.l.s.p.S\ac (class org.netbeans.modules.java.lsp.server.protocol.ServerTest$TestProjectFactory$4) original sourcePath: C:\Project\github\javavscode\netbeans\java\java.lsp.server\build\test\unit\work\o.n.m.j.l.s.p.S\ac new sourcePath: C:\Project\github\javavscode\netbeans\java\java.lsp.server\build\test\unit\work\o.n.m.j.l.s.p.S\ac
Apr 09, 2024 7:08:40 PM org.netbeans.modules.java.source.parsing.JavacParser init
WARNING: ClassPath identity changed for C:\Project\github\javavscode\netbeans\java\java.lsp.server\build\test\unit\work\o.n.m.j.l.s.p.S\gttd\Test.java@fd6098da:1bce18d0, class path owner: C:\Project\github\javavscode\netbeans\java\java.lsp.server\build\test\unit\work\o.n.m.j.l.s.p.S\gttd (class org.netbeans.modules.java.lsp.server.protocol.ServerTest$TestProjectFactory$4) original sourcePath: C:\Project\github\javavscode\netbeans\java\java.lsp.server\build\test\unit\work\o.n.m.j.l.s.p.S\gttd new sourcePath: C:\Project\github\javavscode\netbeans\java\java.lsp.server\build\test\unit\work\o.n.m.j.l.s.p.S\gttd
Apr 09, 2024 7:08:40 PM org.netbeans.modules.java.source.parsing.JavacParser init
WARNING: ClassPath identity changed for C:\Project\github\javavscode\netbeans\java\java.lsp.server\build\test\unit\work\o.n.m.j.l.s.p.S\sal\Test.java@47563825:5e6be917, class path owner: null original sourcePath: C:\Project\github\javavscode\netbeans\java\java.lsp.server\build\test\unit\work\o.n.m.j.l.s.p.S\sal new sourcePath: C:\Project\github\javavscode\netbeans\java\java.lsp.server\build\test\unit\work\o.n.m.j.l.s.p.S\sal
Apr 09, 2024 7:08:41 PM org.netbeans.modules.java.source.parsing.JavacParser init
WARNING: ClassPath identity changed for C:\Project\github\javavscode\netbeans\java\java.lsp.server\build\test\unit\work\o.n.m.j.l.s.p.S\sh-2\Test.java@2ed17e39:17482c08, class path owner: null original sourcePath: C:\Project\github\javavscode\netbeans\java\java.lsp.server\build\test\unit\work\o.n.m.j.l.s.p.S\sh-2 new sourcePath: C:\Project\github\javavscode\netbeans\java\java.lsp.server\build\test\unit\work\o.n.m.j.l.s.p.S\sh-2
Apr 09, 2024 7:08:41 PM org.netbeans.modules.java.source.parsing.JavacParser init
WARNING: ClassPath identity changed for C:\Project\github\javavscode\netbeans\java\java.lsp.server\build\test\unit\work\o.n.m.j.l.s.p.S\rdccnro\Test.java@3b5ee87e:396e43e8, class path owner: C:\Project\github\javavscode\netbeans\java\java.lsp.server\build\test\unit\work\o.n.m.j.l.s.p.S\rdccnro (class org.netbeans.modules.java.lsp.server.protocol.ServerTest$TestProjectFactory$4) original sourcePath: C:\Project\github\javavscode\netbeans\java\java.lsp.server\build\test\unit\work\o.n.m.j.l.s.p.S\rdccnro new sourcePath: C:\Project\github\javavscode\netbeans\java\java.lsp.server\build\test\unit\work\o.n.m.j.l.s.p.S\rdccnro
Apr 09, 2024 7:08:41 PM org.netbeans.modules.java.source.parsing.JavacParser init
WARNING: ClassPath identity changed for C:\Project\github\javavscode\netbeans\java\java.lsp.server\build\test\unit\work\o.n.m.j.l.s.p.S\rdccnro\Test2.java@31d7fe0e:30dfc22a, class path owner: C:\Project\github\javavscode\netbeans\java\java.lsp.server\build\test\unit\work\o.n.m.j.l.s.p.S\rdccnro (class org.netbeans.modules.java.lsp.server.protocol.ServerTest$TestProjectFactory$4) original sourcePath: C:\Project\github\javavscode\netbeans\java\java.lsp.server\build\test\unit\work\o.n.m.j.l.s.p.S\rdccnro new sourcePath: C:\Project\github\javavscode\netbeans\java\java.lsp.server\build\test\unit\work\o.n.m.j.l.s.p.S\rdccnro
Apr 09, 2024 7:08:41 PM org.netbeans.modules.java.source.parsing.JavacParser init
WARNING: ClassPath identity changed for C:\Project\github\javavscode\netbeans\java\java.lsp.server\build\test\unit\work\o.n.m.j.l.s.p.S\m\Test.java@d6eadd12:4ca89157, class path owner: null original sourcePath: C:\Project\github\javavscode\netbeans\java\java.lsp.server\build\test\unit\work\o.n.m.j.l.s.p.S\m new sourcePath: C:\Project\github\javavscode\netbeans\java\java.lsp.server\build\test\unit\work\o.n.m.j.l.s.p.S\m
Apr 09, 2024 7:08:41 PM org.netbeans.modules.java.source.parsing.JavacParser init
WARNING: ClassPath identity changed for C:\Project\github\javavscode\netbeans\java\java.lsp.server\build\test\unit\work\o.n.m.j.l.s.p.S\fd\Test.java@d377063d:aa719f3, class path owner: null original sourcePath: C:\Project\github\javavscode\netbeans\java\java.lsp.server\build\test\unit\work\o.n.m.j.l.s.p.S\fd new sourcePath: C:\Project\github\javavscode\netbeans\java\java.lsp.server\build\test\unit\work\o.n.m.j.l.s.p.S\fd
Apr 09, 2024 7:08:42 PM org.netbeans.modules.java.source.parsing.JavacParser init
WARNING: ClassPath identity changed for C:\Project\github\javavscode\netbeans\java\java.lsp.server\build\test\unit\work\o.n.m.j.l.s.p.S\snuf\Test.java@2e52710b:7cb85615, class path owner: null original sourcePath: C:\Project\github\javavscode\netbeans\java\java.lsp.server\build\test\unit\work\o.n.m.j.l.s.p.S\snuf new sourcePath: C:\Project\github\javavscode\netbeans\java\java.lsp.server\build\test\unit\work\o.n.m.j.l.s.p.S\snuf
Apr 09, 2024 7:08:42 PM org.netbeans.modules.java.source.parsing.JavacParser init
WARNING: ClassPath identity changed for C:\Project\github\javavscode\netbeans\java\java.lsp.server\build\test\unit\work\o.n.m.j.l.s.p.S\sats\Test.java@99966bea:2a3e4e30, class path owner: null original sourcePath: C:\Project\github\javavscode\netbeans\java\java.lsp.server\build\test\unit\work\o.n.m.j.l.s.p.S\sats new sourcePath: C:\Project\github\javavscode\netbeans\java\java.lsp.server\build\test\unit\work\o.n.m.j.l.s.p.S\sats
Apr 09, 2024 7:08:42 PM org.netbeans.modules.java.source.parsing.JavacParser init
WARNING: ClassPath identity changed for C:\Project\github\javavscode\netbeans\java\java.lsp.server\build\test\unit\work\o.n.m.j.l.s.p.S\cagc-1\Test.java@a81f445d:193654e9, class path owner: null original sourcePath: C:\Project\github\javavscode\netbeans\java\java.lsp.server\build\test\unit\work\o.n.m.j.l.s.p.S\cagc-1 new sourcePath: C:\Project\github\javavscode\netbeans\java\java.lsp.server\build\test\unit\work\o.n.m.j.l.s.p.S\cagc-1
Apr 09, 2024 7:08:42 PM org.netbeans.modules.java.source.parsing.JavacParser init
WARNING: ClassPath identity changed for C:\Project\github\javavscode\netbeans\java\java.lsp.server\build\test\unit\work\o.n.m.j.l.s.p.S\sags\Test.java@356d8d39:5a679c35, class path owner: null original sourcePath: C:\Project\github\javavscode\netbeans\java\java.lsp.server\build\test\unit\work\o.n.m.j.l.s.p.S\sags new sourcePath: C:\Project\github\javavscode\netbeans\java\java.lsp.server\build\test\unit\work\o.n.m.j.l.s.p.S\sags
Apr 09, 2024 7:08:42 PM org.netbeans.modules.java.source.parsing.JavacParser init
WARNING: ClassPath identity changed for C:\Project\github\javavscode\netbeans\java\java.lsp.server\build\test\unit\work\o.n.m.j.l.s.p.S\rdccro\Test.java@87eb52ec:219d62cb, class path owner: C:\Project\github\javavscode\netbeans\java\java.lsp.server\build\test\unit\work\o.n.m.j.l.s.p.S\rdccro (class org.netbeans.modules.java.lsp.server.protocol.ServerTest$TestProjectFactory$4) original sourcePath: C:\Project\github\javavscode\netbeans\java\java.lsp.server\build\test\unit\work\o.n.m.j.l.s.p.S\rdccro new sourcePath: C:\Project\github\javavscode\netbeans\java\java.lsp.server\build\test\unit\work\o.n.m.j.l.s.p.S\rdccro
Apr 09, 2024 7:08:42 PM org.netbeans.modules.java.source.parsing.JavacParser init
WARNING: ClassPath identity changed for C:\Project\github\javavscode\netbeans\java\java.lsp.server\build\test\unit\work\o.n.m.j.l.s.p.S\rdccro\Test2.java@7ad3c640:75bf3a3c, class path owner: C:\Project\github\javavscode\netbeans\java\java.lsp.server\build\test\unit\work\o.n.m.j.l.s.p.S\rdccro (class org.netbeans.modules.java.lsp.server.protocol.ServerTest$TestProjectFactory$4) original sourcePath: C:\Project\github\javavscode\netbeans\java\java.lsp.server\build\test\unit\work\o.n.m.j.l.s.p.S\rdccro new sourcePath: C:\Project\github\javavscode\netbeans\java\java.lsp.server\build\test\unit\work\o.n.m.j.l.s.p.S\rdccro
Apr 09, 2024 7:08:42 PM org.netbeans.modules.java.source.parsing.JavacParser init
WARNING: ClassPath identity changed for C:\Project\github\javavscode\netbeans\java\java.lsp.server\build\test\unit\work\o.n.m.j.l.s.p.S\sadm\Test.java@a11ced94:7656bf94, class path owner: null original sourcePath: C:\Project\github\javavscode\netbeans\java\java.lsp.server\build\test\unit\work\o.n.m.j.l.s.p.S\sadm new sourcePath: C:\Project\github\javavscode\netbeans\java\java.lsp.server\build\test\unit\work\o.n.m.j.l.s.p.S\sadm
Apr 09, 2024 7:08:43 PM org.netbeans.modules.java.source.parsing.JavacParser init
WARNING: ClassPath identity changed for C:\Project\github\javavscode\netbeans\java\java.lsp.server\build\test\unit\work\o.n.m.j.l.s.p.S\pu\a\Test.java@657904a9:8469411, class path owner: C:\Project\github\javavscode\netbeans\java\java.lsp.server\build\test\unit\work\o.n.m.j.l.s.p.S\pu (class org.netbeans.modules.java.lsp.server.protocol.ServerTest$TestProjectFactory$4) original sourcePath: C:\Project\github\javavscode\netbeans\java\java.lsp.server\build\test\unit\work\o.n.m.j.l.s.p.S\pu new sourcePath: C:\Project\github\javavscode\netbeans\java\java.lsp.server\build\test\unit\work\o.n.m.j.l.s.p.S\pu
Apr 09, 2024 7:08:43 PM org.netbeans.modules.java.source.parsing.JavacParser init
WARNING: ClassPath identity changed for C:\Project\github\javavscode\netbeans\java\java.lsp.server\build\test\unit\work\o.n.m.j.l.s.p.S\fs\Test.java@8cde996a:7892c08, class path owner: null original sourcePath: C:\Project\github\javavscode\netbeans\java\java.lsp.server\build\test\unit\work\o.n.m.j.l.s.p.S\fs new sourcePath: C:\Project\github\javavscode\netbeans\java\java.lsp.server\build\test\unit\work\o.n.m.j.l.s.p.S\fs
Apr 09, 2024 7:08:43 PM org.netbeans.modules.java.source.parsing.JavacParser init
WARNING: ClassPath identity changed for C:\Project\github\javavscode\netbeans\java\java.lsp.server\build\test\unit\work\o.n.m.j.l.s.p.S\cmp\a\Test.java@6758f670:7825634b, class path owner: C:\Project\github\javavscode\netbeans\java\java.lsp.server\build\test\unit\work\o.n.m.j.l.s.p.S\cmp (class org.netbeans.modules.java.lsp.server.protocol.ServerTest$TestProjectFactory$4) original sourcePath: C:\Project\github\javavscode\netbeans\java\java.lsp.server\build\test\unit\work\o.n.m.j.l.s.p.S\cmp new sourcePath: C:\Project\github\javavscode\netbeans\java\java.lsp.server\build\test\unit\work\o.n.m.j.l.s.p.S\cmp
Apr 09, 2024 7:08:43 PM org.netbeans.modules.java.source.parsing.JavacParser init
WARNING: ClassPath identity changed for C:\Project\github\javavscode\netbeans\java\java.lsp.server\build\test\unit\work\o.n.m.j.l.s.p.S\caiaamic\Test.java@6aafb03b:7e10de76, class path owner: null original sourcePath: C:\Project\github\javavscode\netbeans\java\java.lsp.server\build\test\unit\work\o.n.m.j.l.s.p.S\caiaamic new sourcePath: C:\Project\github\javavscode\netbeans\java\java.lsp.server\build\test\unit\work\o.n.m.j.l.s.p.S\caiaamic
Apr 09, 2024 7:08:43 PM org.netbeans.modules.java.source.parsing.JavacParser init
WARNING: ClassPath identity changed for C:\Project\github\javavscode\netbeans\java\java.lsp.server\build\test\unit\work\o.n.m.j.l.s.p.S\caiaamie\Test.java@94941ebd:2994612d, class path owner: null original sourcePath: C:\Project\github\javavscode\netbeans\java\java.lsp.server\build\test\unit\work\o.n.m.j.l.s.p.S\caiaamie new sourcePath: C:\Project\github\javavscode\netbeans\java\java.lsp.server\build\test\unit\work\o.n.m.j.l.s.p.S\caiaamie
Apr 09, 2024 7:08:43 PM org.netbeans.modules.java.source.parsing.JavacParser init
WARNING: ClassPath identity changed for C:\Project\github\javavscode\netbeans\java\java.lsp.server\build\test\unit\work\o.n.m.j.l.s.p.S\es\a\Test.java@d3cccff0:6cb3c558, class path owner: C:\Project\github\javavscode\netbeans\java\java.lsp.server\build\test\unit\work\o.n.m.j.l.s.p.S\es (class org.netbeans.modules.java.lsp.server.protocol.ServerTest$TestProjectFactory$4) original sourcePath: C:\Project\github\javavscode\netbeans\java\java.lsp.server\build\test\unit\work\o.n.m.j.l.s.p.S\es new sourcePath: C:\Project\github\javavscode\netbeans\java\java.lsp.server\build\test\unit\work\o.n.m.j.l.s.p.S\es
Apr 09, 2024 7:08:43 PM org.netbeans.modules.java.source.parsing.JavacParser init
WARNING: ClassPath identity changed for C:\Project\github\javavscode\netbeans\java\java.lsp.server\build\test\unit\work\o.n.m.j.l.s.p.S\n\Test.java@6bce6ed5:49127868, class path owner: null original sourcePath: C:\Project\github\javavscode\netbeans\java\java.lsp.server\build\test\unit\work\o.n.m.j.l.s.p.S\n new sourcePath: C:\Project\github\javavscode\netbeans\java\java.lsp.server\build\test\unit\work\o.n.m.j.l.s.p.S\n
Apr 09, 2024 7:08:43 PM org.netbeans.modules.java.source.parsing.JavacParser init
WARNING: ClassPath identity changed for C:\Project\github\javavscode\netbeans\java\java.lsp.server\build\test\unit\work\o.n.m.j.l.s.p.S\saom\Test.java@f5a2868b:26db57a8, class path owner: null original sourcePath: C:\Project\github\javavscode\netbeans\java\java.lsp.server\build\test\unit\work\o.n.m.j.l.s.p.S\saom new sourcePath: C:\Project\github\javavscode\netbeans\java\java.lsp.server\build\test\unit\work\o.n.m.j.l.s.p.S\saom
Apr 09, 2024 7:08:44 PM org.netbeans.modules.java.source.parsing.JavacParser init
WARNING: ClassPath identity changed for C:\Project\github\javavscode\netbeans\java\java.lsp.server\build\test\unit\work\o.n.m.j.l.s.p.S\gtd\Test.java@4389a3c:585917dc, class path owner: C:\Project\github\javavscode\netbeans\java\java.lsp.server\build\test\unit\work\o.n.m.j.l.s.p.S\gtd (class org.netbeans.modules.java.lsp.server.protocol.ServerTest$TestProjectFactory$4) original sourcePath: C:\Project\github\javavscode\netbeans\java\java.lsp.server\build\test\unit\work\o.n.m.j.l.s.p.S\gtd new sourcePath: C:\Project\github\javavscode\netbeans\java\java.lsp.server\build\test\unit\work\o.n.m.j.l.s.p.S\gtd
Apr 09, 2024 7:08:44 PM org.netbeans.modules.java.source.parsing.JavacParser init
WARNING: ClassPath identity changed for C:\Project\github\javavscode\netbeans\java\java.lsp.server\build\test\unit\work\o.n.m.j.l.s.p.S\ei\a\Test.java@82ad0cc6:656130a3, class path owner: C:\Project\github\javavscode\netbeans\java\java.lsp.server\build\test\unit\work\o.n.m.j.l.s.p.S\ei (class org.netbeans.modules.java.lsp.server.protocol.ServerTest$TestProjectFactory$4) original sourcePath: C:\Project\github\javavscode\netbeans\java\java.lsp.server\build\test\unit\work\o.n.m.j.l.s.p.S\ei new sourcePath: C:\Project\github\javavscode\netbeans\java\java.lsp.server\build\test\unit\work\o.n.m.j.l.s.p.S\ei
Apr 09, 2024 7:08:44 PM org.netbeans.modules.java.source.parsing.JavacParser init
WARNING: ClassPath identity changed for C:\Project\github\javavscode\netbeans\java\java.lsp.server\build\test\unit\work\o.n.m.j.l.s.p.S\gtsi\Test.java@de2af020:12d5292c, class path owner: null original sourcePath: C:\Project\github\javavscode\netbeans\java\java.lsp.server\build\test\unit\work\o.n.m.j.l.s.p.S\gtsi new sourcePath: C:\Project\github\javavscode\netbeans\java\java.lsp.server\build\test\unit\work\o.n.m.j.l.s.p.S\gtsi
Apr 09, 2024 7:08:44 PM org.netbeans.modules.java.source.parsing.JavacParser init
WARNING: ClassPath identity changed for C:\Project\github\javavscode\netbeans\java\java.lsp.server\build\test\unit\work\o.n.m.j.l.s.p.S\cags\Test.java@17b06b29:7f50b290, class path owner: null original sourcePath: C:\Project\github\javavscode\netbeans\java\java.lsp.server\build\test\unit\work\o.n.m.j.l.s.p.S\cags new sourcePath: C:\Project\github\javavscode\netbeans\java\java.lsp.server\build\test\unit\work\o.n.m.j.l.s.p.S\cags
Apr 09, 2024 7:08:44 PM org.netbeans.modules.java.source.parsing.JavacParser init
WARNING: ClassPath identity changed for C:\Project\github\javavscode\netbeans\java\java.lsp.server\build\test\unit\work\o.n.m.j.l.s.p.S\fi\Test.java@bbcf84e0:227203f0, class path owner: C:\Project\github\javavscode\netbeans\java\java.lsp.server\build\test\unit\work\o.n.m.j.l.s.p.S\fi (class org.netbeans.modules.java.lsp.server.protocol.ServerTest$TestProjectFactory$4) original sourcePath: C:\Project\github\javavscode\netbeans\java\java.lsp.server\build\test\unit\work\o.n.m.j.l.s.p.S\fi new sourcePath: C:\Project\github\javavscode\netbeans\java\java.lsp.server\build\test\unit\work\o.n.m.j.l.s.p.S\fi
Apr 09, 2024 7:08:45 PM org.netbeans.modules.java.source.parsing.JavacParser init
WARNING: ClassPath identity changed for C:\Project\github\javavscode\netbeans\java\java.lsp.server\build\test\unit\work\o.n.m.j.l.s.p.S\fmd\Test.java@dfd91602:3eb32bd4, class path owner: null original sourcePath: C:\Project\github\javavscode\netbeans\java\java.lsp.server\build\test\unit\work\o.n.m.j.l.s.p.S\fmd new sourcePath: C:\Project\github\javavscode\netbeans\java\java.lsp.server\build\test\unit\work\o.n.m.j.l.s.p.S\fmd
Apr 09, 2024 7:08:45 PM org.netbeans.modules.java.source.parsing.JavacParser init
WARNING: ClassPath identity changed for C:\Project\github\javavscode\netbeans\java\java.lsp.server\build\test\unit\work\o.n.m.j.l.s.p.S\pd\b\Base.java@fdbd3718:b7bf7bf, class path owner: C:\Project\github\javavscode\netbeans\java\java.lsp.server\build\test\unit\work\o.n.m.j.l.s.p.S\pd (class org.netbeans.modules.java.lsp.server.protocol.ServerTest$TestProjectFactory$4) original sourcePath: C:\Project\github\javavscode\netbeans\java\java.lsp.server\build\test\unit\work\o.n.m.j.l.s.p.S\pd new sourcePath: C:\Project\github\javavscode\netbeans\java\java.lsp.server\build\test\unit\work\o.n.m.j.l.s.p.S\pd
Apr 09, 2024 7:08:45 PM org.netbeans.modules.java.source.parsing.JavacParser init
WARNING: ClassPath identity changed for C:\Project\github\javavscode\netbeans\java\java.lsp.server\build\test\unit\work\o.n.m.j.l.s.p.S\ac-1\Test.java@fa57ea5:269f56f5, class path owner: null original sourcePath: C:\Project\github\javavscode\netbeans\java\java.lsp.server\build\test\unit\work\o.n.m.j.l.s.p.S\ac-1 new sourcePath: C:\Project\github\javavscode\netbeans\java\java.lsp.server\build\test\unit\work\o.n.m.j.l.s.p.S\ac-1
Apr 09, 2024 7:08:45 PM org.netbeans.modules.java.source.parsing.JavacParser init
WARNING: ClassPath identity changed for C:\Project\github\javavscode\netbeans\java\java.lsp.server\build\test\unit\work\o.n.m.j.l.s.p.S\h\Test.java@ee925f2f:747f0d70, class path owner: null original sourcePath: C:\Project\github\javavscode\netbeans\java\java.lsp.server\build\test\unit\work\o.n.m.j.l.s.p.S\h new sourcePath: C:\Project\github\javavscode\netbeans\java\java.lsp.server\build\test\unit\work\o.n.m.j.l.s.p.S\h
Apr 09, 2024 7:08:45 PM org.netbeans.modules.java.source.parsing.JavacParser init
WARNING: ClassPath identity changed for C:\Project\github\javavscode\netbeans\java\java.lsp.server\build\test\unit\work\o.n.m.j.l.s.p.S\dopl\Test3.java@c2bd17e9:5e69a7b5, class path owner: null original sourcePath: C:\Project\github\javavscode\netbeans\java\java.lsp.server\build\test\unit\work\o.n.m.j.l.s.p.S\dopl new sourcePath: C:\Project\github\javavscode\netbeans\java\java.lsp.server\build\test\unit\work\o.n.m.j.l.s.p.S\dopl
Apr 09, 2024 7:08:46 PM org.netbeans.modules.java.source.parsing.JavacParser init
WARNING: ClassPath identity changed for C:\Project\github\javavscode\netbeans\java\java.lsp.server\build\test\unit\work\o.n.m.j.l.s.p.S\cagvfop\Test.java@112f0521:3e9d007a, class path owner: null original sourcePath: C:\Project\github\javavscode\netbeans\java\java.lsp.server\build\test\unit\work\o.n.m.j.l.s.p.S\cagvfop new sourcePath: C:\Project\github\javavscode\netbeans\java\java.lsp.server\build\test\unit\work\o.n.m.j.l.s.p.S\cagvfop
Apr 09, 2024 7:08:46 PM org.netbeans.modules.java.source.parsing.JavacParser init
WARNING: ClassPath identity changed for C:\Project\github\javavscode\netbeans\java\java.lsp.server\build\test\unit\work\o.n.m.j.l.s.p.S\caic\Test.java@d8a808f7:5042886a, class path owner: null original sourcePath: C:\Project\github\javavscode\netbeans\java\java.lsp.server\build\test\unit\work\o.n.m.j.l.s.p.S\caic new sourcePath: C:\Project\github\javavscode\netbeans\java\java.lsp.server\build\test\unit\work\o.n.m.j.l.s.p.S\caic
Apr 09, 2024 7:08:46 PM org.netbeans.modules.java.source.parsing.JavacParser init
WARNING: ClassPath identity changed for C:\Project\github\javavscode\netbeans\java\java.lsp.server\build\test\unit\work\o.n.m.j.l.s.p.S\cawr\Test.java@fdcab476:ee82eb0, class path owner: null original sourcePath: C:\Project\github\javavscode\netbeans\java\java.lsp.server\build\test\unit\work\o.n.m.j.l.s.p.S\cawr new sourcePath: C:\Project\github\javavscode\netbeans\java\java.lsp.server\build\test\unit\work\o.n.m.j.l.s.p.S\cawr
Apr 09, 2024 7:08:54 PM org.netbeans.modules.project.ui.OpenProjectList log
INFO: USG_PROJECT_CLOSE
Creating a client for testcase: testFindDebugAttachConfigurations
Apr 09, 2024 7:08:54 PM org.netbeans.modules.java.lsp.server.protocol.Server$LanguageServerImpl lambda$asyncOpenSelectedProjects1$9
INFO: 0 projects opened in 0ms
Working directory: C:\Project\github\javavscode\netbeans\java\java.lsp.server\build\test\unit\work\o.n.m.j.l.s.p.S\fdac
Creating a client for testcase: testSourceActionConstructor
Apr 09, 2024 7:08:54 PM org.netbeans.modules.java.lsp.server.protocol.Server$LanguageServerImpl lambda$asyncOpenSelectedProjects1$9
INFO: 0 projects opened in 0ms
Apr 09, 2024 7:08:55 PM org.netbeans.modules.parsing.impl.indexing.RepositoryUpdater$Work reportIndexingStart
INFO: Indexing started, time from last indexing 16,864 ms.
Apr 09, 2024 7:08:55 PM org.netbeans.modules.parsing.impl.indexing.RepositoryUpdater$RootsWork getDone
INFO: Resolving dependencies took: 0 ms
Apr 09, 2024 7:08:55 PM org.netbeans.modules.parsing.impl.indexing.RepositoryUpdater$AbstractRootsWork scanBinaries
INFO: Complete indexing of 0 binary roots took: 0 ms
Apr 09, 2024 7:08:55 PM org.netbeans.modules.parsing.impl.indexing.RepositoryUpdater$AbstractRootsWork scanSources
INFO: Complete indexing of 0 source roots took: 0 ms (New or modified files: 0, Deleted files: 0) [Adding listeners took: 0 ms]
Apr 09, 2024 7:08:55 PM org.netbeans.modules.parsing.impl.indexing.RepositoryUpdater$Work reportIndexerStatistics
INFO: Indexing finished, indexing took 45 ms.
Apr 09, 2024 7:08:57 PM org.netbeans.modules.java.source.parsing.JavacParser init
WARNING: ClassPath identity changed for C:\Project\github\javavscode\netbeans\java\java.lsp.server\build\test\unit\work\o.n.m.j.l.s.p.S\aioc\Test.java@b7538bfb:38faa7c9, class path owner: C:\Project\github\javavscode\netbeans\java\java.lsp.server\build\test\unit\work\o.n.m.j.l.s.p.S\aioc (class org.netbeans.modules.java.lsp.server.protocol.ServerTest$TestProjectFactory$4) original sourcePath: C:\Project\github\javavscode\netbeans\java\java.lsp.server\build\test\unit\work\o.n.m.j.l.s.p.S\aioc new sourcePath: C:\Project\github\javavscode\netbeans\java\java.lsp.server\build\test\unit\work\o.n.m.j.l.s.p.S\aioc
Apr 09, 2024 7:08:57 PM org.netbeans.modules.java.source.parsing.JavacParser init
WARNING: ClassPath identity changed for C:\Project\github\javavscode\netbeans\java\java.lsp.server\build\test\unit\work\o.n.m.j.l.s.p.S\mm\a\Test.java@4ba895c2:3ec0874e, class path owner: C:\Project\github\javavscode\netbeans\java\java.lsp.server\build\test\unit\work\o.n.m.j.l.s.p.S\mm (class org.netbeans.modules.java.lsp.server.protocol.ServerTest$TestProjectFactory$4) original sourcePath: C:\Project\github\javavscode\netbeans\java\java.lsp.server\build\test\unit\work\o.n.m.j.l.s.p.S\mm new sourcePath: C:\Project\github\javavscode\netbeans\java\java.lsp.server\build\test\unit\work\o.n.m.j.l.s.p.S\mm
Apr 09, 2024 7:08:58 PM org.netbeans.modules.java.source.parsing.JavacParser init
WARNING: ClassPath identity changed for C:\Project\github\javavscode\netbeans\java\java.lsp.server\build\test\unit\work\o.n.m.j.l.s.p.S\caiv\Test.java@e5a6f428:2fdd4c9b, class path owner: null original sourcePath: C:\Project\github\javavscode\netbeans\java\java.lsp.server\build\test\unit\work\o.n.m.j.l.s.p.S\caiv new sourcePath: C:\Project\github\javavscode\netbeans\java\java.lsp.server\build\test\unit\work\o.n.m.j.l.s.p.S\caiv
Apr 09, 2024 7:08:58 PM org.netbeans.modules.java.source.parsing.JavacParser init
WARNING: ClassPath identity changed for C:\Project\github\javavscode\netbeans\java\java.lsp.server\build\test\unit\work\o.n.m.j.l.s.p.S\cagc\Test.java@c9454739:10982a93, class path owner: null original sourcePath: C:\Project\github\javavscode\netbeans\java\java.lsp.server\build\test\unit\work\o.n.m.j.l.s.p.S\cagc new sourcePath: C:\Project\github\javavscode\netbeans\java\java.lsp.server\build\test\unit\work\o.n.m.j.l.s.p.S\cagc
Apr 09, 2024 7:08:58 PM org.netbeans.modules.java.source.parsing.JavacParser init
WARNING: ClassPath identity changed for C:\Project\github\javavscode\netbeans\java\java.lsp.server\build\test\unit\work\o.n.m.j.l.s.p.S\ac\Test.java@181a3381:56a1cd94, class path owner: C:\Project\github\javavscode\netbeans\java\java.lsp.server\build\test\unit\work\o.n.m.j.l.s.p.S\ac (class org.netbeans.modules.java.lsp.server.protocol.ServerTest$TestProjectFactory$4) original sourcePath: C:\Project\github\javavscode\netbeans\java\java.lsp.server\build\test\unit\work\o.n.m.j.l.s.p.S\ac new sourcePath: C:\Project\github\javavscode\netbeans\java\java.lsp.server\build\test\unit\work\o.n.m.j.l.s.p.S\ac
Apr 09, 2024 7:08:59 PM org.netbeans.modules.java.source.parsing.JavacParser init
WARNING: ClassPath identity changed for C:\Project\github\javavscode\netbeans\java\java.lsp.server\build\test\unit\work\o.n.m.j.l.s.p.S\gttd\Test.java@fd6098da:1bce18d0, class path owner: C:\Project\github\javavscode\netbeans\java\java.lsp.server\build\test\unit\work\o.n.m.j.l.s.p.S\gttd (class org.netbeans.modules.java.lsp.server.protocol.ServerTest$TestProjectFactory$4) original sourcePath: C:\Project\github\javavscode\netbeans\java\java.lsp.server\build\test\unit\work\o.n.m.j.l.s.p.S\gttd new sourcePath: C:\Project\github\javavscode\netbeans\java\java.lsp.server\build\test\unit\work\o.n.m.j.l.s.p.S\gttd
Apr 09, 2024 7:08:59 PM org.netbeans.modules.java.source.parsing.JavacParser init
WARNING: ClassPath identity changed for C:\Project\github\javavscode\netbeans\java\java.lsp.server\build\test\unit\work\o.n.m.j.l.s.p.S\sal\Test.java@47563825:5e6be917, class path owner: null original sourcePath: C:\Project\github\javavscode\netbeans\java\java.lsp.server\build\test\unit\work\o.n.m.j.l.s.p.S\sal new sourcePath: C:\Project\github\javavscode\netbeans\java\java.lsp.server\build\test\unit\work\o.n.m.j.l.s.p.S\sal
Apr 09, 2024 7:08:59 PM org.netbeans.modules.java.source.parsing.JavacParser init
WARNING: ClassPath identity changed for C:\Project\github\javavscode\netbeans\java\java.lsp.server\build\test\unit\work\o.n.m.j.l.s.p.S\sh-2\Test.java@2ed17e39:17482c08, class path owner: null original sourcePath: C:\Project\github\javavscode\netbeans\java\java.lsp.server\build\test\unit\work\o.n.m.j.l.s.p.S\sh-2 new sourcePath: C:\Project\github\javavscode\netbeans\java\java.lsp.server\build\test\unit\work\o.n.m.j.l.s.p.S\sh-2
Apr 09, 2024 7:08:59 PM org.netbeans.modules.java.source.parsing.JavacParser init
WARNING: ClassPath identity changed for C:\Project\github\javavscode\netbeans\java\java.lsp.server\build\test\unit\work\o.n.m.j.l.s.p.S\rdccnro\Test.java@3b5ee87e:396e43e8, class path owner: C:\Project\github\javavscode\netbeans\java\java.lsp.server\build\test\unit\work\o.n.m.j.l.s.p.S\rdccnro (class org.netbeans.modules.java.lsp.server.protocol.ServerTest$TestProjectFactory$4) original sourcePath: C:\Project\github\javavscode\netbeans\java\java.lsp.server\build\test\unit\work\o.n.m.j.l.s.p.S\rdccnro new sourcePath: C:\Project\github\javavscode\netbeans\java\java.lsp.server\build\test\unit\work\o.n.m.j.l.s.p.S\rdccnro
Apr 09, 2024 7:08:59 PM org.netbeans.modules.java.source.parsing.JavacParser init
WARNING: ClassPath identity changed for C:\Project\github\javavscode\netbeans\java\java.lsp.server\build\test\unit\work\o.n.m.j.l.s.p.S\rdccnro\Test2.java@31d7fe0e:30dfc22a, class path owner: C:\Project\github\javavscode\netbeans\java\java.lsp.server\build\test\unit\work\o.n.m.j.l.s.p.S\rdccnro (class org.netbeans.modules.java.lsp.server.protocol.ServerTest$TestProjectFactory$4) original sourcePath: C:\Project\github\javavscode\netbeans\java\java.lsp.server\build\test\unit\work\o.n.m.j.l.s.p.S\rdccnro new sourcePath: C:\Project\github\javavscode\netbeans\java\java.lsp.server\build\test\unit\work\o.n.m.j.l.s.p.S\rdccnro
Apr 09, 2024 7:08:59 PM org.netbeans.modules.java.source.parsing.JavacParser init
WARNING: ClassPath identity changed for C:\Project\github\javavscode\netbeans\java\java.lsp.server\build\test\unit\work\o.n.m.j.l.s.p.S\m\Test.java@d6eadd12:4ca89157, class path owner: null original sourcePath: C:\Project\github\javavscode\netbeans\java\java.lsp.server\build\test\unit\work\o.n.m.j.l.s.p.S\m new sourcePath: C:\Project\github\javavscode\netbeans\java\java.lsp.server\build\test\unit\work\o.n.m.j.l.s.p.S\m
Apr 09, 2024 7:09:00 PM org.netbeans.modules.java.source.parsing.JavacParser init
WARNING: ClassPath identity changed for C:\Project\github\javavscode\netbeans\java\java.lsp.server\build\test\unit\work\o.n.m.j.l.s.p.S\fd\Test.java@d377063d:aa719f3, class path owner: null original sourcePath: C:\Project\github\javavscode\netbeans\java\java.lsp.server\build\test\unit\work\o.n.m.j.l.s.p.S\fd new sourcePath: C:\Project\github\javavscode\netbeans\java\java.lsp.server\build\test\unit\work\o.n.m.j.l.s.p.S\fd
Apr 09, 2024 7:09:00 PM org.netbeans.modules.java.source.parsing.JavacParser init
WARNING: ClassPath identity changed for C:\Project\github\javavscode\netbeans\java\java.lsp.server\build\test\unit\work\o.n.m.j.l.s.p.S\snuf\Test.java@2e52710b:7cb85615, class path owner: null original sourcePath: C:\Project\github\javavscode\netbeans\java\java.lsp.server\build\test\unit\work\o.n.m.j.l.s.p.S\snuf new sourcePath: C:\Project\github\javavscode\netbeans\java\java.lsp.server\build\test\unit\work\o.n.m.j.l.s.p.S\snuf
Apr 09, 2024 7:09:01 PM org.netbeans.modules.java.source.parsing.JavacParser init
WARNING: ClassPath identity changed for C:\Project\github\javavscode\netbeans\java\java.lsp.server\build\test\unit\work\o.n.m.j.l.s.p.S\sats\Test.java@99966bea:2a3e4e30, class path owner: null original sourcePath: C:\Project\github\javavscode\netbeans\java\java.lsp.server\build\test\unit\work\o.n.m.j.l.s.p.S\sats new sourcePath: C:\Project\github\javavscode\netbeans\java\java.lsp.server\build\test\unit\work\o.n.m.j.l.s.p.S\sats
Apr 09, 2024 7:09:01 PM org.netbeans.modules.java.source.parsing.JavacParser init
WARNING: ClassPath identity changed for C:\Project\github\javavscode\netbeans\java\java.lsp.server\build\test\unit\work\o.n.m.j.l.s.p.S\cagc-1\Test.java@a81f445d:193654e9, class path owner: null original sourcePath: C:\Project\github\javavscode\netbeans\java\java.lsp.server\build\test\unit\work\o.n.m.j.l.s.p.S\cagc-1 new sourcePath: C:\Project\github\javavscode\netbeans\java\java.lsp.server\build\test\unit\work\o.n.m.j.l.s.p.S\cagc-1
Apr 09, 2024 7:09:01 PM org.netbeans.modules.java.source.parsing.JavacParser init
WARNING: ClassPath identity changed for C:\Project\github\javavscode\netbeans\java\java.lsp.server\build\test\unit\work\o.n.m.j.l.s.p.S\sags\Test.java@356d8d39:5a679c35, class path owner: null original sourcePath: C:\Project\github\javavscode\netbeans\java\java.lsp.server\build\test\unit\work\o.n.m.j.l.s.p.S\sags new sourcePath: C:\Project\github\javavscode\netbeans\java\java.lsp.server\build\test\unit\work\o.n.m.j.l.s.p.S\sags
Apr 09, 2024 7:09:01 PM org.netbeans.modules.java.source.parsing.JavacParser init
WARNING: ClassPath identity changed for C:\Project\github\javavscode\netbeans\java\java.lsp.server\build\test\unit\work\o.n.m.j.l.s.p.S\rdccro\Test.java@87eb52ec:219d62cb, class path owner: C:\Project\github\javavscode\netbeans\java\java.lsp.server\build\test\unit\work\o.n.m.j.l.s.p.S\rdccro (class org.netbeans.modules.java.lsp.server.protocol.ServerTest$TestProjectFactory$4) original sourcePath: C:\Project\github\javavscode\netbeans\java\java.lsp.server\build\test\unit\work\o.n.m.j.l.s.p.S\rdccro new sourcePath: C:\Project\github\javavscode\netbeans\java\java.lsp.server\build\test\unit\work\o.n.m.j.l.s.p.S\rdccro
Apr 09, 2024 7:09:01 PM org.netbeans.modules.java.source.parsing.JavacParser init
WARNING: ClassPath identity changed for C:\Project\github\javavscode\netbeans\java\java.lsp.server\build\test\unit\work\o.n.m.j.l.s.p.S\rdccro\Test2.java@7ad3c640:75bf3a3c, class path owner: C:\Project\github\javavscode\netbeans\java\java.lsp.server\build\test\unit\work\o.n.m.j.l.s.p.S\rdccro (class org.netbeans.modules.java.lsp.server.protocol.ServerTest$TestProjectFactory$4) original sourcePath: C:\Project\github\javavscode\netbeans\java\java.lsp.server\build\test\unit\work\o.n.m.j.l.s.p.S\rdccro new sourcePath: C:\Project\github\javavscode\netbeans\java\java.lsp.server\build\test\unit\work\o.n.m.j.l.s.p.S\rdccro
Apr 09, 2024 7:09:01 PM org.netbeans.modules.java.source.parsing.JavacParser init
WARNING: ClassPath identity changed for C:\Project\github\javavscode\netbeans\java\java.lsp.server\build\test\unit\work\o.n.m.j.l.s.p.S\sadm\Test.java@a11ced94:7656bf94, class path owner: null original sourcePath: C:\Project\github\javavscode\netbeans\java\java.lsp.server\build\test\unit\work\o.n.m.j.l.s.p.S\sadm new sourcePath: C:\Project\github\javavscode\netbeans\java\java.lsp.server\build\test\unit\work\o.n.m.j.l.s.p.S\sadm
Apr 09, 2024 7:09:02 PM org.netbeans.modules.java.source.parsing.JavacParser init
WARNING: ClassPath identity changed for C:\Project\github\javavscode\netbeans\java\java.lsp.server\build\test\unit\work\o.n.m.j.l.s.p.S\pu\a\Test.java@657904a9:8469411, class path owner: C:\Project\github\javavscode\netbeans\java\java.lsp.server\build\test\unit\work\o.n.m.j.l.s.p.S\pu (class org.netbeans.modules.java.lsp.server.protocol.ServerTest$TestProjectFactory$4) original sourcePath: C:\Project\github\javavscode\netbeans\java\java.lsp.server\build\test\unit\work\o.n.m.j.l.s.p.S\pu new sourcePath: C:\Project\github\javavscode\netbeans\java\java.lsp.server\build\test\unit\work\o.n.m.j.l.s.p.S\pu
Apr 09, 2024 7:09:02 PM org.netbeans.modules.java.source.parsing.JavacParser init
WARNING: ClassPath identity changed for C:\Project\github\javavscode\netbeans\java\java.lsp.server\build\test\unit\work\o.n.m.j.l.s.p.S\mc\a\Test.java@fa892ad8:269b7e6d, class path owner: C:\Project\github\javavscode\netbeans\java\java.lsp.server\build\test\unit\work\o.n.m.j.l.s.p.S\mc (class org.netbeans.modules.java.lsp.server.protocol.ServerTest$TestProjectFactory$4) original sourcePath: C:\Project\github\javavscode\netbeans\java\java.lsp.server\build\test\unit\work\o.n.m.j.l.s.p.S\mc new sourcePath: C:\Project\github\javavscode\netbeans\java\java.lsp.server\build\test\unit\work\o.n.m.j.l.s.p.S\mc
Apr 09, 2024 7:09:02 PM org.netbeans.modules.java.source.parsing.JavacParser init
WARNING: ClassPath identity changed for C:\Project\github\javavscode\netbeans\java\java.lsp.server\build\test\unit\work\o.n.m.j.l.s.p.S\fs\Test.java@8cde996a:7892c08, class path owner: null original sourcePath: C:\Project\github\javavscode\netbeans\java\java.lsp.server\build\test\unit\work\o.n.m.j.l.s.p.S\fs new sourcePath: C:\Project\github\javavscode\netbeans\java\java.lsp.server\build\test\unit\work\o.n.m.j.l.s.p.S\fs
Apr 09, 2024 7:09:02 PM org.netbeans.modules.java.source.parsing.JavacParser init
WARNING: ClassPath identity changed for C:\Project\github\javavscode\netbeans\java\java.lsp.server\build\test\unit\work\o.n.m.j.l.s.p.S\cmp\a\Test.java@6758f670:7825634b, class path owner: C:\Project\github\javavscode\netbeans\java\java.lsp.server\build\test\unit\work\o.n.m.j.l.s.p.S\cmp (class org.netbeans.modules.java.lsp.server.protocol.ServerTest$TestProjectFactory$4) original sourcePath: C:\Project\github\javavscode\netbeans\java\java.lsp.server\build\test\unit\work\o.n.m.j.l.s.p.S\cmp new sourcePath: C:\Project\github\javavscode\netbeans\java\java.lsp.server\build\test\unit\work\o.n.m.j.l.s.p.S\cmp
Apr 09, 2024 7:09:02 PM org.netbeans.modules.java.source.parsing.JavacParser init
WARNING: ClassPath identity changed for C:\Project\github\javavscode\netbeans\java\java.lsp.server\build\test\unit\work\o.n.m.j.l.s.p.S\caiaamic\Test.java@6aafb03b:7e10de76, class path owner: null original sourcePath: C:\Project\github\javavscode\netbeans\java\java.lsp.server\build\test\unit\work\o.n.m.j.l.s.p.S\caiaamic new sourcePath: C:\Project\github\javavscode\netbeans\java\java.lsp.server\build\test\unit\work\o.n.m.j.l.s.p.S\caiaamic
Apr 09, 2024 7:09:02 PM org.netbeans.modules.java.source.parsing.JavacParser init
WARNING: ClassPath identity changed for C:\Project\github\javavscode\netbeans\java\java.lsp.server\build\test\unit\work\o.n.m.j.l.s.p.S\caiaamie\Test.java@94941ebd:2994612d, class path owner: null original sourcePath: C:\Project\github\javavscode\netbeans\java\java.lsp.server\build\test\unit\work\o.n.m.j.l.s.p.S\caiaamie new sourcePath: C:\Project\github\javavscode\netbeans\java\java.lsp.server\build\test\unit\work\o.n.m.j.l.s.p.S\caiaamie
Apr 09, 2024 7:09:03 PM org.netbeans.modules.java.source.parsing.JavacParser init
WARNING: ClassPath identity changed for C:\Project\github\javavscode\netbeans\java\java.lsp.server\build\test\unit\work\o.n.m.j.l.s.p.S\es\a\Test.java@d3cccff0:6cb3c558, class path owner: C:\Project\github\javavscode\netbeans\java\java.lsp.server\build\test\unit\work\o.n.m.j.l.s.p.S\es (class org.netbeans.modules.java.lsp.server.protocol.ServerTest$TestProjectFactory$4) original sourcePath: C:\Project\github\javavscode\netbeans\java\java.lsp.server\build\test\unit\work\o.n.m.j.l.s.p.S\es new sourcePath: C:\Project\github\javavscode\netbeans\java\java.lsp.server\build\test\unit\work\o.n.m.j.l.s.p.S\es
Apr 09, 2024 7:09:03 PM org.netbeans.modules.java.source.parsing.JavacParser init
WARNING: ClassPath identity changed for C:\Project\github\javavscode\netbeans\java\java.lsp.server\build\test\unit\work\o.n.m.j.l.s.p.S\n\Test.java@6bce6ed5:49127868, class path owner: null original sourcePath: C:\Project\github\javavscode\netbeans\java\java.lsp.server\build\test\unit\work\o.n.m.j.l.s.p.S\n new sourcePath: C:\Project\github\javavscode\netbeans\java\java.lsp.server\build\test\unit\work\o.n.m.j.l.s.p.S\n
Apr 09, 2024 7:09:03 PM org.netbeans.modules.java.source.parsing.JavacParser init
WARNING: ClassPath identity changed for C:\Project\github\javavscode\netbeans\java\java.lsp.server\build\test\unit\work\o.n.m.j.l.s.p.S\saom\Test.java@f5a2868b:26db57a8, class path owner: null original sourcePath: C:\Project\github\javavscode\netbeans\java\java.lsp.server\build\test\unit\work\o.n.m.j.l.s.p.S\saom new sourcePath: C:\Project\github\javavscode\netbeans\java\java.lsp.server\build\test\unit\work\o.n.m.j.l.s.p.S\saom
Apr 09, 2024 7:09:03 PM org.netbeans.modules.java.source.parsing.JavacParser init
WARNING: ClassPath identity changed for C:\Project\github\javavscode\netbeans\java\java.lsp.server\build\test\unit\work\o.n.m.j.l.s.p.S\gtd\Test.java@4389a3c:585917dc, class path owner: C:\Project\github\javavscode\netbeans\java\java.lsp.server\build\test\unit\work\o.n.m.j.l.s.p.S\gtd (class org.netbeans.modules.java.lsp.server.protocol.ServerTest$TestProjectFactory$4) original sourcePath: C:\Project\github\javavscode\netbeans\java\java.lsp.server\build\test\unit\work\o.n.m.j.l.s.p.S\gtd new sourcePath: C:\Project\github\javavscode\netbeans\java\java.lsp.server\build\test\unit\work\o.n.m.j.l.s.p.S\gtd
Apr 09, 2024 7:09:03 PM org.netbeans.modules.java.source.parsing.JavacParser init
WARNING: ClassPath identity changed for C:\Project\github\javavscode\netbeans\java\java.lsp.server\build\test\unit\work\o.n.m.j.l.s.p.S\ei\a\Test.java@82ad0cc6:656130a3, class path owner: C:\Project\github\javavscode\netbeans\java\java.lsp.server\build\test\unit\work\o.n.m.j.l.s.p.S\ei (class org.netbeans.modules.java.lsp.server.protocol.ServerTest$TestProjectFactory$4) original sourcePath: C:\Project\github\javavscode\netbeans\java\java.lsp.server\build\test\unit\work\o.n.m.j.l.s.p.S\ei new sourcePath: C:\Project\github\javavscode\netbeans\java\java.lsp.server\build\test\unit\work\o.n.m.j.l.s.p.S\ei
Apr 09, 2024 7:09:04 PM org.netbeans.modules.java.source.parsing.JavacParser init
WARNING: ClassPath identity changed for C:\Project\github\javavscode\netbeans\java\java.lsp.server\build\test\unit\work\o.n.m.j.l.s.p.S\gtsi\Test.java@de2af020:12d5292c, class path owner: null original sourcePath: C:\Project\github\javavscode\netbeans\java\java.lsp.server\build\test\unit\work\o.n.m.j.l.s.p.S\gtsi new sourcePath: C:\Project\github\javavscode\netbeans\java\java.lsp.server\build\test\unit\work\o.n.m.j.l.s.p.S\gtsi
Apr 09, 2024 7:09:04 PM org.netbeans.modules.java.source.parsing.JavacParser init
WARNING: ClassPath identity changed for C:\Project\github\javavscode\netbeans\java\java.lsp.server\build\test\unit\work\o.n.m.j.l.s.p.S\cags\Test.java@17b06b29:7f50b290, class path owner: null original sourcePath: C:\Project\github\javavscode\netbeans\java\java.lsp.server\build\test\unit\work\o.n.m.j.l.s.p.S\cags new sourcePath: C:\Project\github\javavscode\netbeans\java\java.lsp.server\build\test\unit\work\o.n.m.j.l.s.p.S\cags
Apr 09, 2024 7:09:04 PM org.netbeans.modules.java.source.parsing.JavacParser init
WARNING: ClassPath identity changed for C:\Project\github\javavscode\netbeans\java\java.lsp.server\build\test\unit\work\o.n.m.j.l.s.p.S\fi\Test.java@bbcf84e0:227203f0, class path owner: C:\Project\github\javavscode\netbeans\java\java.lsp.server\build\test\unit\work\o.n.m.j.l.s.p.S\fi (class org.netbeans.modules.java.lsp.server.protocol.ServerTest$TestProjectFactory$4) original sourcePath: C:\Project\github\javavscode\netbeans\java\java.lsp.server\build\test\unit\work\o.n.m.j.l.s.p.S\fi new sourcePath: C:\Project\github\javavscode\netbeans\java\java.lsp.server\build\test\unit\work\o.n.m.j.l.s.p.S\fi
Apr 09, 2024 7:09:04 PM org.netbeans.modules.java.source.parsing.JavacParser init
WARNING: ClassPath identity changed for C:\Project\github\javavscode\netbeans\java\java.lsp.server\build\test\unit\work\o.n.m.j.l.s.p.S\fmd\Test.java@dfd91602:3eb32bd4, class path owner: null original sourcePath: C:\Project\github\javavscode\netbeans\java\java.lsp.server\build\test\unit\work\o.n.m.j.l.s.p.S\fmd new sourcePath: C:\Project\github\javavscode\netbeans\java\java.lsp.server\build\test\unit\work\o.n.m.j.l.s.p.S\fmd
Apr 09, 2024 7:09:04 PM org.netbeans.modules.java.source.parsing.JavacParser init
WARNING: ClassPath identity changed for C:\Project\github\javavscode\netbeans\java\java.lsp.server\build\test\unit\work\o.n.m.j.l.s.p.S\pd\b\Base.java@fdbd3718:b7bf7bf, class path owner: C:\Project\github\javavscode\netbeans\java\java.lsp.server\build\test\unit\work\o.n.m.j.l.s.p.S\pd (class org.netbeans.modules.java.lsp.server.protocol.ServerTest$TestProjectFactory$4) original sourcePath: C:\Project\github\javavscode\netbeans\java\java.lsp.server\build\test\unit\work\o.n.m.j.l.s.p.S\pd new sourcePath: C:\Project\github\javavscode\netbeans\java\java.lsp.server\build\test\unit\work\o.n.m.j.l.s.p.S\pd
Apr 09, 2024 7:09:05 PM org.netbeans.modules.java.source.parsing.JavacParser init
WARNING: ClassPath identity changed for C:\Project\github\javavscode\netbeans\java\java.lsp.server\build\test\unit\work\o.n.m.j.l.s.p.S\ac-1\Test.java@fa57ea5:269f56f5, class path owner: null original sourcePath: C:\Project\github\javavscode\netbeans\java\java.lsp.server\build\test\unit\work\o.n.m.j.l.s.p.S\ac-1 new sourcePath: C:\Project\github\javavscode\netbeans\java\java.lsp.server\build\test\unit\work\o.n.m.j.l.s.p.S\ac-1
Apr 09, 2024 7:09:05 PM org.netbeans.modules.java.source.parsing.JavacParser init
WARNING: ClassPath identity changed for C:\Project\github\javavscode\netbeans\java\java.lsp.server\build\test\unit\work\o.n.m.j.l.s.p.S\h\Test.java@ee925f2f:747f0d70, class path owner: null original sourcePath: C:\Project\github\javavscode\netbeans\java\java.lsp.server\build\test\unit\work\o.n.m.j.l.s.p.S\h new sourcePath: C:\Project\github\javavscode\netbeans\java\java.lsp.server\build\test\unit\work\o.n.m.j.l.s.p.S\h
Apr 09, 2024 7:09:06 PM org.netbeans.modules.java.source.parsing.JavacParser init
WARNING: ClassPath identity changed for C:\Project\github\javavscode\netbeans\java\java.lsp.server\build\test\unit\work\o.n.m.j.l.s.p.S\dopl\Test3.java@c2bd17e9:5e69a7b5, class path owner: null original sourcePath: C:\Project\github\javavscode\netbeans\java\java.lsp.server\build\test\unit\work\o.n.m.j.l.s.p.S\dopl new sourcePath: C:\Project\github\javavscode\netbeans\java\java.lsp.server\build\test\unit\work\o.n.m.j.l.s.p.S\dopl
Apr 09, 2024 7:09:06 PM org.netbeans.modules.java.source.parsing.JavacParser init
WARNING: ClassPath identity changed for C:\Project\github\javavscode\netbeans\java\java.lsp.server\build\test\unit\work\o.n.m.j.l.s.p.S\cagvfop\Test.java@112f0521:3e9d007a, class path owner: null original sourcePath: C:\Project\github\javavscode\netbeans\java\java.lsp.server\build\test\unit\work\o.n.m.j.l.s.p.S\cagvfop new sourcePath: C:\Project\github\javavscode\netbeans\java\java.lsp.server\build\test\unit\work\o.n.m.j.l.s.p.S\cagvfop
Apr 09, 2024 7:09:07 PM org.netbeans.modules.java.source.parsing.JavacParser init
WARNING: ClassPath identity changed for C:\Project\github\javavscode\netbeans\java\java.lsp.server\build\test\unit\work\o.n.m.j.l.s.p.S\caic\Test.java@d8a808f7:5042886a, class path owner: null original sourcePath: C:\Project\github\javavscode\netbeans\java\java.lsp.server\build\test\unit\work\o.n.m.j.l.s.p.S\caic new sourcePath: C:\Project\github\javavscode\netbeans\java\java.lsp.server\build\test\unit\work\o.n.m.j.l.s.p.S\caic
Apr 09, 2024 7:09:07 PM org.netbeans.modules.java.source.parsing.JavacParser init
WARNING: ClassPath identity changed for C:\Project\github\javavscode\netbeans\java\java.lsp.server\build\test\unit\work\o.n.m.j.l.s.p.S\cawr\Test.java@fdcab476:ee82eb0, class path owner: null original sourcePath: C:\Project\github\javavscode\netbeans\java\java.lsp.server\build\test\unit\work\o.n.m.j.l.s.p.S\cawr new sourcePath: C:\Project\github\javavscode\netbeans\java\java.lsp.server\build\test\unit\work\o.n.m.j.l.s.p.S\cawr
Apr 09, 2024 7:09:07 PM org.netbeans.modules.java.source.parsing.JavacParser init
WARNING: ClassPath identity changed for C:\Project\github\javavscode\netbeans\java\java.lsp.server\build\test\unit\work\o.n.m.j.l.s.p.S\caiaamiac\Test.java@49cd76ee:7dbf3adb, class path owner: null original sourcePath: C:\Project\github\javavscode\netbeans\java\java.lsp.server\build\test\unit\work\o.n.m.j.l.s.p.S\caiaamiac new sourcePath: C:\Project\github\javavscode\netbeans\java\java.lsp.server\build\test\unit\work\o.n.m.j.l.s.p.S\caiaamiac
Apr 09, 2024 7:09:07 PM org.netbeans.modules.java.source.parsing.JavacParser init
WARNING: ClassPath identity changed for C:\Project\github\javavscode\netbeans\java\java.lsp.server\build\test\unit\work\o.n.m.j.l.s.p.S\neahf\Other.java@483b2a71:121b1ca8, class path owner: null original sourcePath: C:\Project\github\javavscode\netbeans\java\java.lsp.server\build\test\unit\work\o.n.m.j.l.s.p.S\neahf new sourcePath: C:\Project\github\javavscode\netbeans\java\java.lsp.server\build\test\unit\work\o.n.m.j.l.s.p.S\neahf
Creating a client for testcase: testCodeFolding
Apr 09, 2024 7:09:23 PM org.netbeans.modules.java.lsp.server.protocol.Server$LanguageServerImpl lambda$asyncOpenSelectedProjects1$9
INFO: 0 projects opened in 1ms
]]></system-err>
</testsuite>
